ptd-server 2023-02-27 23:03:55,727 [INFO] Got command from the client 'time'
ptd-server 2023-02-27 23:03:55,728 [INFO] Sending reply to client '1677539035.7279704'
ptd-server 2023-02-27 23:03:55,731 [INFO] Got command from the client 'new,,d4df2baf-87cc-4c8a-a3e3-9ff04749beba'
ptd-server 2023-02-27 23:03:55,732 [INFO] Sending reply to client 'OK 2023-02-27_23-03-55,015f8ce4-586d-4803-96cc-006fe8085b3b'
ptd-server 2023-02-27 23:03:55,754 [INFO] Got command from the client 'time'
ptd-server 2023-02-27 23:03:55,754 [INFO] Sending reply to client '1677539035.7545352'
ptd-server 2023-02-27 23:03:55,758 [INFO] Got command from the client 'session,2023-02-27_23-03-55,start,ranging'
ptd-server 2023-02-27 23:03:55,758 [INFO] Running PTDaemon: ['/media/arjun/T7_Touch/hp-envy/CM/repos/local/cache/9b3695ca8255492a/power/inference_v1.0/ptd-linux-x86', '-l', '/tmp/tmpti64566v/ptd_logfile.txt', '-p', '8888', '49', '/dev/usbtmc0']
ptd-server 2023-02-27 23:04:12,867 [INFO] Sending to ptd: 'Hello'
ptd-server 2023-02-27 23:04:12,868 [INFO] Reply from ptd: 'Hello, PTDaemon here!'
ptd-server 2023-02-27 23:04:12,868 [INFO] Sending to ptd: 'Identify'
ptd-server 2023-02-27 23:04:12,869 [INFO] Reply from ptd: 'YokogawaWT310E,1000,1,1,1,1,0,1,1,version=1.10.0-ed9a21d2-20220817,OS=Linux 5.15.0-56-generic #62-Ubuntu SMP Tue Nov 22 19:54:14 UTC 2022 x86_64,mode=power,1,1,1,0,0,no_cal_date,YOKOGAWA;WT310E;C3YD21068E;F1.04'
ptd-server 2023-02-27 23:04:12,869 [INFO] Connected to PTDaemon
ptd-server 2023-02-27 23:04:12,870 [INFO] Sending to ptd: 'RR'
ptd-server 2023-02-27 23:04:12,870 [INFO] Reply from ptd: 'Ranges,0,0.100000,0,600.000000'
ptd-server 2023-02-27 23:04:12,871 [INFO] Initial range for Amps is 0.100000 for Volts is 600.000000
ptd-server 2023-02-27 23:04:12,871 [INFO] Sending to ptd: 'SR,V,Auto'
ptd-server 2023-02-27 23:04:13,375 [INFO] Reply from ptd: 'Range V changed'
ptd-server 2023-02-27 23:04:13,375 [INFO] Sending to ptd: 'SR,A,Auto'
ptd-server 2023-02-27 23:04:13,879 [INFO] Reply from ptd: 'Range A changed'
ptd-server 2023-02-27 23:04:23,890 [INFO] Starting ranging mode
ptd-server 2023-02-27 23:04:23,891 [INFO] Sending to ptd: 'Go,1000,0,2023-02-27_23-03-55_ranging'
ptd-server 2023-02-27 23:04:23,891 [INFO] Reply from ptd: 'Starting untimed measurement, maximum 500000 samples at 1000ms with 0 rampup samples'
ptd-server 2023-02-27 23:04:23,891 [INFO] Sending reply to client 'OK'
ptd-server 2023-02-27 23:18:39,791 [INFO] Got command from the client 'session,2023-02-27_23-03-55,stop,ranging'
ptd-server 2023-02-27 23:18:49,793 [INFO] Sending to ptd: 'Stop'
ptd-server 2023-02-27 23:18:49,794 [INFO] Reply from ptd: 'Stopping untimed measurement'
ptd-server 2023-02-27 23:18:50,096 [INFO] Sending reply to client 'OK'
ptd-server 2023-02-27 23:18:50,164 [INFO] Got command from the client 'time'
ptd-server 2023-02-27 23:18:50,164 [INFO] Sending reply to client '1677539930.164636'
ptd-server 2023-02-27 23:18:50,168 [INFO] Got command from the client 'session,2023-02-27_23-03-55,start,testing'
ptd-server 2023-02-27 23:18:50,168 [INFO] Sending to ptd: 'SR,V,247.730000'
ptd-server 2023-02-27 23:18:51,670 [INFO] Reply from ptd: 'Range V changed'
ptd-server 2023-02-27 23:18:51,671 [INFO] Sending to ptd: 'SR,A,0.239800'
ptd-server 2023-02-27 23:18:53,173 [INFO] Reply from ptd: 'Range A changed'
ptd-server 2023-02-27 23:19:03,184 [INFO] Starting testing mode
ptd-server 2023-02-27 23:19:03,184 [INFO] Sending to ptd: 'Go,1000,0,2023-02-27_23-03-55_testing'
ptd-server 2023-02-27 23:19:03,185 [INFO] Reply from ptd: 'Starting untimed measurement, maximum 500000 samples at 1000ms with 0 rampup samples'
ptd-server 2023-02-27 23:19:03,186 [INFO] Sending reply to client 'OK'
ptd-server 2023-02-27 23:33:16,071 [INFO] Got command from the client 'session,2023-02-27_23-03-55,stop,testing'
ptd-server 2023-02-27 23:33:26,082 [INFO] Sending to ptd: 'Stop'
ptd-server 2023-02-27 23:33:26,083 [INFO] Reply from ptd: 'Stopping untimed measurement'
ptd-server 2023-02-27 23:33:26,238 [INFO] Sending reply to client 'OK'
ptd-server 2023-02-27 23:33:26,255 [INFO] Got command from the client 'session,2023-02-27_23-03-55,done'
ptd-server 2023-02-27 23:33:26,255 [INFO] Sending to ptd: 'Stop'
ptd-server 2023-02-27 23:33:26,255 [INFO] Reply from ptd: 'Error: no measurement to stop'
ptd-server 2023-02-27 23:33:26,255 [INFO] Sending to ptd: 'SR,V,600.000000'
ptd-server 2023-02-27 23:33:27,759 [INFO] Reply from ptd: 'Range V changed'
ptd-server 2023-02-27 23:33:27,759 [INFO] Sending to ptd: 'SR,A,0.100000'
ptd-server 2023-02-27 23:33:29,262 [INFO] Reply from ptd: 'Range A changed'
ptd-server 2023-02-27 23:33:29,263 [INFO] Set initial values for Amps 0.100000 and Volts 600.000000
ptd-server 2023-02-27 23:33:29,263 [INFO] Stopping ptd...
