ptd-server 2023-02-22 00:44:53,982 [INFO] Got command from the client 'time'
ptd-server 2023-02-22 00:44:53,983 [INFO] Sending reply to client '1677026693.9830031'
ptd-server 2023-02-22 00:44:53,984 [INFO] Got command from the client 'new,,22bead66-e018-4ecd-b187-c372d207d71c'
ptd-server 2023-02-22 00:44:53,984 [INFO] Sending reply to client 'OK 2023-02-22_00-44-53,db746061-e30f-4e19-89fd-c2f2b860d967'
ptd-server 2023-02-22 00:44:54,007 [INFO] Got command from the client 'time'
ptd-server 2023-02-22 00:44:54,008 [INFO] Sending reply to client '1677026694.0080638'
ptd-server 2023-02-22 00:44:54,008 [INFO] Got command from the client 'session,2023-02-22_00-44-53,start,ranging'
ptd-server 2023-02-22 00:44:54,009 [INFO] Running PTDaemon: ['/home/anton/projects/mlperf/power/inference_v1.0/ptd-linux-x86', '-l', '/tmp/tmp4yl1neqp/ptd_logfile.txt', '-p', '8888', '49', '/dev/usbtmc0']
ptd-server 2023-02-22 00:45:11,082 [INFO] Sending to ptd: 'Hello'
ptd-server 2023-02-22 00:45:11,082 [INFO] Reply from ptd: 'Hello, PTDaemon here!'
ptd-server 2023-02-22 00:45:11,083 [INFO] Sending to ptd: 'Identify'
ptd-server 2023-02-22 00:45:11,083 [INFO] Reply from ptd: 'YokogawaWT310E,1000,1,1,1,1,0,1,1,version=1.10.0-ed9a21d2-20220817,OS=Linux 5.15.0-60-generic #66~20.04.1-Ubuntu SMP Wed Jan 25 09:41:30 UTC 2023 x86_64,mode=power,1,1,1,0,0,no_cal_date,YOKOGAWA;WT310E;C3XA04010E;F1.04'
ptd-server 2023-02-22 00:45:11,083 [INFO] Connected to PTDaemon
ptd-server 2023-02-22 00:45:11,083 [INFO] Sending to ptd: 'RR'
ptd-server 2023-02-22 00:45:11,084 [INFO] Reply from ptd: 'Ranges,1,0.100000,1,300.000000'
ptd-server 2023-02-22 00:45:11,084 [INFO] Initial range for Amps is Auto for Volts is Auto
ptd-server 2023-02-22 00:45:11,084 [INFO] Sending to ptd: 'SR,V,Auto'
ptd-server 2023-02-22 00:45:11,586 [INFO] Reply from ptd: 'Range V changed'
ptd-server 2023-02-22 00:45:11,586 [INFO] Sending to ptd: 'SR,A,Auto'
ptd-server 2023-02-22 00:45:12,089 [INFO] Reply from ptd: 'Range A changed'
ptd-server 2023-02-22 00:45:22,099 [INFO] Starting ranging mode
ptd-server 2023-02-22 00:45:22,099 [INFO] Sending to ptd: 'Go,1000,0,2023-02-22_00-44-53_ranging'
ptd-server 2023-02-22 00:45:22,100 [INFO] Reply from ptd: 'Starting untimed measurement, maximum 500000 samples at 1000ms with 0 rampup samples'
ptd-server 2023-02-22 00:45:22,100 [INFO] Sending reply to client 'OK'
ptd-server 2023-02-22 00:55:41,961 [INFO] Got command from the client 'session,2023-02-22_00-44-53,stop,ranging'
ptd-server 2023-02-22 00:55:51,972 [INFO] Sending to ptd: 'Stop'
ptd-server 2023-02-22 00:55:51,972 [INFO] Reply from ptd: 'Stopping untimed measurement'
ptd-server 2023-02-22 00:55:52,350 [INFO] Sending reply to client 'OK'
ptd-server 2023-02-22 00:55:52,442 [INFO] Got command from the client 'time'
ptd-server 2023-02-22 00:55:52,442 [INFO] Sending reply to client '1677027352.442801'
ptd-server 2023-02-22 00:55:52,443 [INFO] Got command from the client 'session,2023-02-22_00-44-53,start,testing'
ptd-server 2023-02-22 00:55:52,443 [INFO] Sending to ptd: 'SR,V,250.630000'
ptd-server 2023-02-22 00:55:53,945 [INFO] Reply from ptd: 'Range V changed'
ptd-server 2023-02-22 00:55:53,945 [INFO] Sending to ptd: 'SR,A,0.048500'
ptd-server 2023-02-22 00:55:55,446 [INFO] Reply from ptd: 'Range A changed'
ptd-server 2023-02-22 00:56:05,457 [INFO] Starting testing mode
ptd-server 2023-02-22 00:56:05,457 [INFO] Sending to ptd: 'Go,1000,0,2023-02-22_00-44-53_testing'
ptd-server 2023-02-22 00:56:05,457 [INFO] Reply from ptd: 'Starting untimed measurement, maximum 500000 samples at 1000ms with 0 rampup samples'
ptd-server 2023-02-22 00:56:05,457 [INFO] Sending reply to client 'OK'
ptd-server 2023-02-22 01:06:25,306 [INFO] Got command from the client 'session,2023-02-22_00-44-53,stop,testing'
ptd-server 2023-02-22 01:06:35,316 [INFO] Sending to ptd: 'Stop'
ptd-server 2023-02-22 01:06:35,316 [INFO] Reply from ptd: 'Stopping untimed measurement'
ptd-server 2023-02-22 01:06:35,509 [INFO] Sending reply to client 'OK'
ptd-server 2023-02-22 01:06:35,516 [INFO] Got command from the client 'session,2023-02-22_00-44-53,done'
ptd-server 2023-02-22 01:06:35,517 [INFO] Sending to ptd: 'Stop'
ptd-server 2023-02-22 01:06:35,517 [INFO] Reply from ptd: 'Error: no measurement to stop'
ptd-server 2023-02-22 01:06:35,517 [INFO] Sending to ptd: 'SR,V,Auto'
ptd-server 2023-02-22 01:06:36,019 [INFO] Reply from ptd: 'Range V changed'
ptd-server 2023-02-22 01:06:36,019 [INFO] Sending to ptd: 'SR,A,Auto'
ptd-server 2023-02-22 01:06:36,522 [INFO] Reply from ptd: 'Range A changed'
ptd-server 2023-02-22 01:06:36,522 [INFO] Set initial values for Amps Auto and Volts Auto
ptd-server 2023-02-22 01:06:36,522 [INFO] Stopping ptd...
