ptd-server 2023-02-28 08:47:13,393 [INFO] Got command from the client 'stop'
ptd-server 2023-02-28 08:47:13,394 [INFO] The server will be stopped after processing this client
ptd-server 2023-02-28 08:47:13,394 [INFO] Sending reply to client 'OK'
ptd-server 2023-02-28 08:47:13,399 [INFO] Got command from the client 'time'
ptd-server 2023-02-28 08:47:13,400 [INFO] Sending reply to client '1677574033.4004476'
ptd-server 2023-02-28 08:47:13,400 [INFO] Got command from the client 'new,,09cb86b1-3616-46f6-a9df-a58e08331e25'
ptd-server 2023-02-28 08:47:13,405 [INFO] Sending reply to client 'OK 2023-02-28_08-47-13,0ae661a0-1f62-489f-bdfa-d34c4eba7a52'
ptd-server 2023-02-28 08:47:13,409 [INFO] Got command from the client 'time'
ptd-server 2023-02-28 08:47:13,409 [INFO] Sending reply to client '1677574033.4095693'
ptd-server 2023-02-28 08:47:13,410 [INFO] Got command from the client 'session,2023-02-28_08-47-13,start,ranging'
ptd-server 2023-02-28 08:47:13,513 [INFO] Running PTDaemon: ['C:\\power-dev\\ptd_client_server\\ptd-windows-x86.exe', '-l', 'C:\\Users\\root\\AppData\\Local\\Temp\\tmp3wqmth_n\\ptd_logfile.txt', '-p', '8888', '-c', '1', '-g', '8', '1']
ptd-server 2023-02-28 08:47:26,471 [INFO] Sending to ptd: 'Hello'
ptd-server 2023-02-28 08:47:26,473 [INFO] Reply from ptd: 'Hello, PTDaemon here!'
ptd-server 2023-02-28 08:47:26,474 [INFO] Sending to ptd: 'Identify'
ptd-server 2023-02-28 08:47:26,474 [INFO] Reply from ptd: 'YokogawaWT210,1000,1,1,1,1,0,0,1,version=1.10.0-82175bac-20220817,OS=Windows 8 / Server 2012,mode=power,1,1,1,0,0,no_cal_date,YOKOGAWA;760401;0;F1.12'
ptd-server 2023-02-28 08:47:26,475 [INFO] Connected to PTDaemon
ptd-server 2023-02-28 08:47:26,476 [INFO] Sending to ptd: 'RR'
ptd-server 2023-02-28 08:47:26,477 [INFO] Reply from ptd: 'Ranges,1,1.000000,1,300.000000'
ptd-server 2023-02-28 08:47:26,478 [INFO] Initial range for Amps is Auto for Volts is Auto
ptd-server 2023-02-28 08:47:26,478 [INFO] Sending to ptd: 'SR,V,Auto'
ptd-server 2023-02-28 08:47:27,006 [INFO] Reply from ptd: 'Range V changed'
ptd-server 2023-02-28 08:47:27,007 [INFO] Sending to ptd: 'SR,A,Auto'
ptd-server 2023-02-28 08:47:27,536 [INFO] Reply from ptd: 'Range A changed'
ptd-server 2023-02-28 08:47:37,550 [INFO] Starting ranging mode
ptd-server 2023-02-28 08:47:37,551 [INFO] Sending to ptd: 'Go,1000,0,2023-02-28_08-47-13_ranging'
ptd-server 2023-02-28 08:47:37,551 [INFO] Reply from ptd: 'Starting untimed measurement, maximum 500000 samples at 1000ms with 0 rampup samples'
ptd-server 2023-02-28 08:47:37,552 [INFO] Sending reply to client 'OK'
ptd-server 2023-02-28 08:57:44,918 [INFO] Got command from the client 'session,2023-02-28_08-47-13,stop,ranging'
ptd-server 2023-02-28 08:57:54,921 [INFO] Sending to ptd: 'Stop'
ptd-server 2023-02-28 08:57:54,922 [INFO] Reply from ptd: 'Stopping untimed measurement'
ptd-server 2023-02-28 08:57:54,957 [INFO] Sending reply to client 'OK'
ptd-server 2023-02-28 08:57:54,972 [INFO] Got command from the client 'time'
ptd-server 2023-02-28 08:57:54,972 [INFO] Sending reply to client '1677574674.9725282'
ptd-server 2023-02-28 08:57:54,973 [INFO] Got command from the client 'session,2023-02-28_08-47-13,start,testing'
ptd-server 2023-02-28 08:57:54,974 [INFO] Sending to ptd: 'SR,V,213.060000'
ptd-server 2023-02-28 08:57:57,099 [INFO] Reply from ptd: 'Range V changed'
ptd-server 2023-02-28 08:57:57,100 [INFO] Sending to ptd: 'SR,A,1.084000'
ptd-server 2023-02-28 08:57:58,634 [INFO] Reply from ptd: 'Range A changed'
ptd-server 2023-02-28 08:58:08,635 [INFO] Starting testing mode
ptd-server 2023-02-28 08:58:08,636 [INFO] Sending to ptd: 'Go,1000,0,2023-02-28_08-47-13_testing'
ptd-server 2023-02-28 08:58:08,636 [INFO] Reply from ptd: 'Starting untimed measurement, maximum 500000 samples at 1000ms with 0 rampup samples'
ptd-server 2023-02-28 08:58:08,638 [INFO] Sending reply to client 'OK'
ptd-server 2023-02-28 09:08:15,515 [INFO] Got command from the client 'session,2023-02-28_08-47-13,stop,testing'
ptd-server 2023-02-28 09:08:25,528 [INFO] Sending to ptd: 'Stop'
ptd-server 2023-02-28 09:08:25,529 [INFO] Reply from ptd: 'Stopping untimed measurement'
ptd-server 2023-02-28 09:08:25,536 [INFO] Sending reply to client 'OK'
ptd-server 2023-02-28 09:08:25,544 [INFO] Got command from the client 'session,2023-02-28_08-47-13,done'
ptd-server 2023-02-28 09:08:25,545 [INFO] Sending to ptd: 'Stop'
ptd-server 2023-02-28 09:08:25,639 [INFO] Reply from ptd: 'Error: no measurement to stop'
ptd-server 2023-02-28 09:08:25,640 [INFO] Sending to ptd: 'SR,V,Auto'
ptd-server 2023-02-28 09:08:26,171 [INFO] Reply from ptd: 'Range V changed'
ptd-server 2023-02-28 09:08:26,172 [INFO] Sending to ptd: 'SR,A,Auto'
ptd-server 2023-02-28 09:08:26,687 [INFO] Reply from ptd: 'Range A changed'
ptd-server 2023-02-28 09:08:26,688 [INFO] Set initial values for Amps Auto and Volts Auto
ptd-server 2023-02-28 09:08:26,688 [INFO] Stopping ptd...
