ptd-server 2023-03-02 09:35:14,347 [INFO] Got command from the client 'time'
ptd-server 2023-03-02 09:35:14,347 [INFO] Sending reply to client '1677749714.347495'
ptd-server 2023-03-02 09:35:14,352 [INFO] Got command from the client 'new,,e7e8f167-0def-44bb-b062-4efffa38febc'
ptd-server 2023-03-02 09:35:14,353 [INFO] Sending reply to client 'OK 2023-03-02_09-35-14,9779db2f-a412-48f4-92c0-a214a6ff3a7f'
ptd-server 2023-03-02 09:35:14,373 [INFO] Got command from the client 'time'
ptd-server 2023-03-02 09:35:14,374 [INFO] Sending reply to client '1677749714.3743138'
ptd-server 2023-03-02 09:35:14,376 [INFO] Got command from the client 'session,2023-03-02_09-35-14,start,ranging'
ptd-server 2023-03-02 09:35:14,377 [INFO] Running PTDaemon: ['/media/arjun/T7_Touch/hp-envy/CM/repos/local/cache/9b3695ca8255492a/power/inference_v1.0/ptd-linux-x86', '-l', '/tmp/tmpti64566v/ptd_logfile.txt', '-p', '8888', '49', '/dev/usbtmc0']
ptd-server 2023-03-02 09:35:31,481 [INFO] Sending to ptd: 'Hello'
ptd-server 2023-03-02 09:35:31,482 [INFO] Reply from ptd: 'Hello, PTDaemon here!'
ptd-server 2023-03-02 09:35:31,483 [INFO] Sending to ptd: 'Identify'
ptd-server 2023-03-02 09:35:31,484 [INFO] Reply from ptd: 'YokogawaWT310E,1000,1,1,1,1,0,1,1,version=1.10.0-ed9a21d2-20220817,OS=Linux 5.15.0-56-generic #62-Ubuntu SMP Tue Nov 22 19:54:14 UTC 2022 x86_64,mode=power,1,1,1,0,0,no_cal_date,YOKOGAWA;WT310E;C3YD21068E;F1.04'
ptd-server 2023-03-02 09:35:31,484 [INFO] Connected to PTDaemon
ptd-server 2023-03-02 09:35:31,485 [INFO] Sending to ptd: 'RR'
ptd-server 2023-03-02 09:35:31,485 [INFO] Reply from ptd: 'Ranges,1,1.000000,0,600.000000'
ptd-server 2023-03-02 09:35:31,486 [INFO] Initial range for Amps is Auto for Volts is 600.000000
ptd-server 2023-03-02 09:35:31,486 [INFO] Sending to ptd: 'SR,V,Auto'
ptd-server 2023-03-02 09:35:31,989 [INFO] Reply from ptd: 'Range V changed'
ptd-server 2023-03-02 09:35:31,990 [INFO] Sending to ptd: 'SR,A,Auto'
ptd-server 2023-03-02 09:35:32,494 [INFO] Reply from ptd: 'Range A changed'
ptd-server 2023-03-02 09:35:42,505 [INFO] Starting ranging mode
ptd-server 2023-03-02 09:35:42,505 [INFO] Sending to ptd: 'Go,1000,0,2023-03-02_09-35-14_ranging'
ptd-server 2023-03-02 09:35:42,506 [INFO] Reply from ptd: 'Starting untimed measurement, maximum 500000 samples at 1000ms with 0 rampup samples'
ptd-server 2023-03-02 09:35:42,507 [INFO] Sending reply to client 'OK'
ptd-server 2023-03-02 09:45:53,706 [INFO] Got command from the client 'session,2023-03-02_09-35-14,stop,ranging'
ptd-server 2023-03-02 09:46:03,717 [INFO] Sending to ptd: 'Stop'
ptd-server 2023-03-02 09:46:03,718 [INFO] Reply from ptd: 'Stopping untimed measurement'
ptd-server 2023-03-02 09:46:04,060 [INFO] Sending reply to client 'OK'
ptd-server 2023-03-02 09:46:04,083 [INFO] Got command from the client 'time'
ptd-server 2023-03-02 09:46:04,083 [INFO] Sending reply to client '1677750364.0834024'
ptd-server 2023-03-02 09:46:04,085 [INFO] Got command from the client 'session,2023-03-02_09-35-14,start,testing'
ptd-server 2023-03-02 09:46:04,085 [INFO] Sending to ptd: 'SR,V,247.030000'
ptd-server 2023-03-02 09:46:06,009 [INFO] Reply from ptd: 'Range V changed'
ptd-server 2023-03-02 09:46:06,010 [INFO] Sending to ptd: 'SR,A,1.928300'
ptd-server 2023-03-02 09:46:07,513 [INFO] Reply from ptd: 'Range A changed'
ptd-server 2023-03-02 09:46:17,524 [INFO] Starting testing mode
ptd-server 2023-03-02 09:46:17,525 [INFO] Sending to ptd: 'Go,1000,0,2023-03-02_09-35-14_testing'
ptd-server 2023-03-02 09:46:17,526 [INFO] Reply from ptd: 'Starting untimed measurement, maximum 500000 samples at 1000ms with 0 rampup samples'
ptd-server 2023-03-02 09:46:17,526 [INFO] Sending reply to client 'OK'
ptd-server 2023-03-02 09:56:28,589 [INFO] Got command from the client 'session,2023-03-02_09-35-14,stop,testing'
ptd-server 2023-03-02 09:56:38,597 [INFO] Sending to ptd: 'Stop'
ptd-server 2023-03-02 09:56:38,598 [INFO] Reply from ptd: 'Stopping untimed measurement'
ptd-server 2023-03-02 09:56:38,774 [INFO] Sending reply to client 'OK'
ptd-server 2023-03-02 09:56:38,781 [INFO] Got command from the client 'session,2023-03-02_09-35-14,done'
ptd-server 2023-03-02 09:56:38,782 [INFO] Sending to ptd: 'Stop'
ptd-server 2023-03-02 09:56:39,527 [INFO] Reply from ptd: 'Error: no measurement to stop'
ptd-server 2023-03-02 09:56:39,528 [INFO] Sending to ptd: 'SR,V,600.000000'
ptd-server 2023-03-02 09:56:41,031 [INFO] Reply from ptd: 'Range V changed'
ptd-server 2023-03-02 09:56:41,032 [INFO] Sending to ptd: 'SR,A,Auto'
ptd-server 2023-03-02 09:56:41,536 [INFO] Reply from ptd: 'Range A changed'
ptd-server 2023-03-02 09:56:41,536 [INFO] Set initial values for Amps Auto and Volts 600.000000
ptd-server 2023-03-02 09:56:41,537 [INFO] Stopping ptd...
