ptd-server 2023-02-23 06:07:07,800 [INFO] Got command from the client 'time'
ptd-server 2023-02-23 06:07:07,800 [INFO] Sending reply to client '1677132427.8003702'
ptd-server 2023-02-23 06:07:07,801 [INFO] Got command from the client 'new,,1286f6b0-05d1-4029-a1e5-4cca1142367a'
ptd-server 2023-02-23 06:07:07,801 [INFO] Sending reply to client 'OK 2023-02-23_06-07-07,0ec190fd-d4f4-4d6d-bdff-495062b27c27'
ptd-server 2023-02-23 06:07:07,822 [INFO] Got command from the client 'time'
ptd-server 2023-02-23 06:07:07,822 [INFO] Sending reply to client '1677132427.8222709'
ptd-server 2023-02-23 06:07:07,823 [INFO] Got command from the client 'session,2023-02-23_06-07-07,start,ranging'
ptd-server 2023-02-23 06:07:07,823 [INFO] Running PTDaemon: ['/home/anton/projects/mlperf/power/inference_v1.0/ptd-linux-x86', '-l', '/tmp/tmp4yl1neqp/ptd_logfile.txt', '-p', '8888', '49', '/dev/usbtmc0']
ptd-server 2023-02-23 06:07:24,897 [INFO] Sending to ptd: 'Hello'
ptd-server 2023-02-23 06:07:24,898 [INFO] Reply from ptd: 'Hello, PTDaemon here!'
ptd-server 2023-02-23 06:07:24,898 [INFO] Sending to ptd: 'Identify'
ptd-server 2023-02-23 06:07:24,898 [INFO] Reply from ptd: 'YokogawaWT310E,1000,1,1,1,1,0,1,1,version=1.10.0-ed9a21d2-20220817,OS=Linux 5.15.0-60-generic #66~20.04.1-Ubuntu SMP Wed Jan 25 09:41:30 UTC 2023 x86_64,mode=power,1,1,1,0,0,no_cal_date,YOKOGAWA;WT310E;C3XA04010E;F1.04'
ptd-server 2023-02-23 06:07:24,899 [INFO] Connected to PTDaemon
ptd-server 2023-02-23 06:07:24,899 [INFO] Sending to ptd: 'RR'
ptd-server 2023-02-23 06:07:24,899 [INFO] Reply from ptd: 'Ranges,1,0.100000,1,300.000000'
ptd-server 2023-02-23 06:07:24,899 [INFO] Initial range for Amps is Auto for Volts is Auto
ptd-server 2023-02-23 06:07:24,899 [INFO] Sending to ptd: 'SR,V,Auto'
ptd-server 2023-02-23 06:07:25,402 [INFO] Reply from ptd: 'Range V changed'
ptd-server 2023-02-23 06:07:25,402 [INFO] Sending to ptd: 'SR,A,Auto'
ptd-server 2023-02-23 06:07:25,904 [INFO] Reply from ptd: 'Range A changed'
ptd-server 2023-02-23 06:07:35,915 [INFO] Starting ranging mode
ptd-server 2023-02-23 06:07:35,915 [INFO] Sending to ptd: 'Go,1000,0,2023-02-23_06-07-07_ranging'
ptd-server 2023-02-23 06:07:35,915 [INFO] Reply from ptd: 'Starting untimed measurement, maximum 500000 samples at 1000ms with 0 rampup samples'
ptd-server 2023-02-23 06:07:35,916 [INFO] Sending reply to client 'OK'
ptd-server 2023-02-23 06:17:59,378 [INFO] Got command from the client 'session,2023-02-23_06-07-07,stop,ranging'
ptd-server 2023-02-23 06:18:09,389 [INFO] Sending to ptd: 'Stop'
ptd-server 2023-02-23 06:18:09,389 [INFO] Reply from ptd: 'Stopping untimed measurement'
ptd-server 2023-02-23 06:18:09,902 [INFO] Sending reply to client 'OK'
ptd-server 2023-02-23 06:18:09,933 [INFO] Got command from the client 'time'
ptd-server 2023-02-23 06:18:09,933 [INFO] Sending reply to client '1677133089.9332356'
ptd-server 2023-02-23 06:18:09,934 [INFO] Got command from the client 'session,2023-02-23_06-07-07,start,testing'
ptd-server 2023-02-23 06:18:09,934 [INFO] Sending to ptd: 'SR,V,252.340000'
ptd-server 2023-02-23 06:18:11,435 [INFO] Reply from ptd: 'Range V changed'
ptd-server 2023-02-23 06:18:11,435 [INFO] Sending to ptd: 'SR,A,0.051010'
ptd-server 2023-02-23 06:18:12,937 [INFO] Reply from ptd: 'Range A changed'
ptd-server 2023-02-23 06:18:22,947 [INFO] Starting testing mode
ptd-server 2023-02-23 06:18:22,947 [INFO] Sending to ptd: 'Go,1000,0,2023-02-23_06-07-07_testing'
ptd-server 2023-02-23 06:18:22,948 [INFO] Reply from ptd: 'Starting untimed measurement, maximum 500000 samples at 1000ms with 0 rampup samples'
ptd-server 2023-02-23 06:18:22,948 [INFO] Sending reply to client 'OK'
ptd-server 2023-02-23 06:28:46,442 [INFO] Got command from the client 'session,2023-02-23_06-07-07,stop,testing'
ptd-server 2023-02-23 06:28:56,452 [INFO] Sending to ptd: 'Stop'
ptd-server 2023-02-23 06:28:56,453 [INFO] Reply from ptd: 'Stopping untimed measurement'
ptd-server 2023-02-23 06:28:56,718 [INFO] Sending reply to client 'OK'
ptd-server 2023-02-23 06:28:56,726 [INFO] Got command from the client 'session,2023-02-23_06-07-07,done'
ptd-server 2023-02-23 06:28:56,726 [INFO] Sending to ptd: 'Stop'
ptd-server 2023-02-23 06:28:56,948 [INFO] Reply from ptd: 'Error: no measurement to stop'
ptd-server 2023-02-23 06:28:56,948 [INFO] Sending to ptd: 'SR,V,Auto'
ptd-server 2023-02-23 06:28:57,451 [INFO] Reply from ptd: 'Range V changed'
ptd-server 2023-02-23 06:28:57,451 [INFO] Sending to ptd: 'SR,A,Auto'
ptd-server 2023-02-23 06:28:57,954 [INFO] Reply from ptd: 'Range A changed'
ptd-server 2023-02-23 06:28:57,954 [INFO] Set initial values for Amps Auto and Volts Auto
ptd-server 2023-02-23 06:28:57,954 [INFO] Stopping ptd...
