ptd-server 2023-02-27 13:59:13,345 [INFO] Got command from the client 'time'
ptd-server 2023-02-27 13:59:13,346 [INFO] Sending reply to client '1677506353.3461046'
ptd-server 2023-02-27 13:59:13,349 [INFO] Got command from the client 'new,,68b86e92-b25b-4b36-8fe8-8e0b6e06279f'
ptd-server 2023-02-27 13:59:13,351 [INFO] Sending reply to client 'OK 2023-02-27_13-59-13,e5b2d2ff-f7a0-4851-a0d3-678fed94a420'
ptd-server 2023-02-27 13:59:13,371 [INFO] Got command from the client 'time'
ptd-server 2023-02-27 13:59:13,372 [INFO] Sending reply to client '1677506353.371999'
ptd-server 2023-02-27 13:59:13,375 [INFO] Got command from the client 'session,2023-02-27_13-59-13,start,ranging'
ptd-server 2023-02-27 13:59:13,375 [INFO] Running PTDaemon: ['/media/arjun/T7_Touch/hp-envy/CM/repos/local/cache/9b3695ca8255492a/power/inference_v1.0/ptd-linux-x86', '-l', '/tmp/tmpti64566v/ptd_logfile.txt', '-p', '8888', '49', '/dev/usbtmc0']
ptd-server 2023-02-27 13:59:30,477 [INFO] Sending to ptd: 'Hello'
ptd-server 2023-02-27 13:59:30,478 [INFO] Reply from ptd: 'Hello, PTDaemon here!'
ptd-server 2023-02-27 13:59:30,478 [INFO] Sending to ptd: 'Identify'
ptd-server 2023-02-27 13:59:30,479 [INFO] Reply from ptd: 'YokogawaWT310E,1000,1,1,1,1,0,1,1,version=1.10.0-ed9a21d2-20220817,OS=Linux 5.15.0-56-generic #62-Ubuntu SMP Tue Nov 22 19:54:14 UTC 2022 x86_64,mode=power,1,1,1,0,0,no_cal_date,YOKOGAWA;WT310E;C3YD21068E;F1.04'
ptd-server 2023-02-27 13:59:30,480 [INFO] Connected to PTDaemon
ptd-server 2023-02-27 13:59:30,480 [INFO] Sending to ptd: 'RR'
ptd-server 2023-02-27 13:59:30,481 [INFO] Reply from ptd: 'Ranges,0,0.100000,0,600.000000'
ptd-server 2023-02-27 13:59:30,481 [INFO] Initial range for Amps is 0.100000 for Volts is 600.000000
ptd-server 2023-02-27 13:59:30,482 [INFO] Sending to ptd: 'SR,V,Auto'
ptd-server 2023-02-27 13:59:30,985 [INFO] Reply from ptd: 'Range V changed'
ptd-server 2023-02-27 13:59:30,986 [INFO] Sending to ptd: 'SR,A,Auto'
ptd-server 2023-02-27 13:59:31,490 [INFO] Reply from ptd: 'Range A changed'
ptd-server 2023-02-27 13:59:41,501 [INFO] Starting ranging mode
ptd-server 2023-02-27 13:59:41,501 [INFO] Sending to ptd: 'Go,1000,0,2023-02-27_13-59-13_ranging'
ptd-server 2023-02-27 13:59:41,502 [INFO] Reply from ptd: 'Starting untimed measurement, maximum 500000 samples at 1000ms with 0 rampup samples'
ptd-server 2023-02-27 13:59:41,503 [INFO] Sending reply to client 'OK'
ptd-server 2023-02-27 14:14:57,226 [INFO] Got command from the client 'session,2023-02-27_13-59-13,stop,ranging'
ptd-server 2023-02-27 14:15:07,237 [INFO] Sending to ptd: 'Stop'
ptd-server 2023-02-27 14:15:07,238 [INFO] Reply from ptd: 'Stopping untimed measurement'
ptd-server 2023-02-27 14:15:07,496 [INFO] Sending reply to client 'OK'
ptd-server 2023-02-27 14:15:07,532 [INFO] Got command from the client 'time'
ptd-server 2023-02-27 14:15:07,532 [INFO] Sending reply to client '1677507307.5321958'
ptd-server 2023-02-27 14:15:07,536 [INFO] Got command from the client 'session,2023-02-27_13-59-13,start,testing'
ptd-server 2023-02-27 14:15:07,536 [INFO] Sending to ptd: 'SR,V,248.260000'
ptd-server 2023-02-27 14:15:09,039 [INFO] Reply from ptd: 'Range V changed'
ptd-server 2023-02-27 14:15:09,039 [INFO] Sending to ptd: 'SR,A,0.194950'
ptd-server 2023-02-27 14:15:10,542 [INFO] Reply from ptd: 'Range A changed'
ptd-server 2023-02-27 14:15:20,554 [INFO] Starting testing mode
ptd-server 2023-02-27 14:15:20,554 [INFO] Sending to ptd: 'Go,1000,0,2023-02-27_13-59-13_testing'
ptd-server 2023-02-27 14:15:20,554 [INFO] Reply from ptd: 'Starting untimed measurement, maximum 500000 samples at 1000ms with 0 rampup samples'
ptd-server 2023-02-27 14:15:20,554 [INFO] Sending reply to client 'OK'
ptd-server 2023-02-27 14:30:36,033 [INFO] Got command from the client 'session,2023-02-27_13-59-13,stop,testing'
ptd-server 2023-02-27 14:30:46,045 [INFO] Sending to ptd: 'Stop'
ptd-server 2023-02-27 14:30:46,046 [INFO] Reply from ptd: 'Stopping untimed measurement'
ptd-server 2023-02-27 14:30:46,213 [INFO] Sending reply to client 'OK'
ptd-server 2023-02-27 14:30:46,224 [INFO] Got command from the client 'session,2023-02-27_13-59-13,done'
ptd-server 2023-02-27 14:30:46,225 [INFO] Sending to ptd: 'Stop'
ptd-server 2023-02-27 14:30:46,555 [INFO] Reply from ptd: 'Error: no measurement to stop'
ptd-server 2023-02-27 14:30:46,556 [INFO] Sending to ptd: 'SR,V,600.000000'
ptd-server 2023-02-27 14:30:48,059 [INFO] Reply from ptd: 'Range V changed'
ptd-server 2023-02-27 14:30:48,059 [INFO] Sending to ptd: 'SR,A,0.100000'
ptd-server 2023-02-27 14:30:49,561 [INFO] Reply from ptd: 'Range A changed'
ptd-server 2023-02-27 14:30:49,562 [INFO] Set initial values for Amps 0.100000 and Volts 600.000000
ptd-server 2023-02-27 14:30:49,562 [INFO] Stopping ptd...
