ptd-server 2023-02-28 07:25:47,338 [INFO] Got command from the client 'time'
ptd-server 2023-02-28 07:25:47,338 [INFO] Sending reply to client '1677569147.3389442'
ptd-server 2023-02-28 07:25:47,340 [INFO] Got command from the client 'new,,8d258a59-0743-4d73-b3eb-313c763d3da3'
ptd-server 2023-02-28 07:25:47,341 [INFO] Sending reply to client 'OK 2023-02-28_07-25-47,198b728c-4374-4865-be27-72995647ed24'
ptd-server 2023-02-28 07:25:47,364 [INFO] Got command from the client 'time'
ptd-server 2023-02-28 07:25:47,364 [INFO] Sending reply to client '1677569147.3643441'
ptd-server 2023-02-28 07:25:47,366 [INFO] Got command from the client 'session,2023-02-28_07-25-47,start,ranging'
ptd-server 2023-02-28 07:25:47,366 [INFO] Running PTDaemon: ['/home/anton/projects/mlperf/power/inference_v1.0/ptd-linux-x86', '-l', '/tmp/tmpu4v721n6/ptd_logfile.txt', '-p', '8888', '49', '/dev/usbtmc0']
ptd-server 2023-02-28 07:26:04,454 [INFO] Sending to ptd: 'Hello'
ptd-server 2023-02-28 07:26:04,455 [INFO] Reply from ptd: 'Hello, PTDaemon here!'
ptd-server 2023-02-28 07:26:04,455 [INFO] Sending to ptd: 'Identify'
ptd-server 2023-02-28 07:26:04,455 [INFO] Reply from ptd: 'YokogawaWT310E,1000,1,1,1,1,0,1,1,version=1.10.0-ed9a21d2-20220817,OS=Linux 5.15.0-60-generic #66~20.04.1-Ubuntu SMP Wed Jan 25 09:41:30 UTC 2023 x86_64,mode=power,1,1,1,0,0,no_cal_date,YOKOGAWA;WT310E;C3XA04010E;F1.04'
ptd-server 2023-02-28 07:26:04,455 [INFO] Connected to PTDaemon
ptd-server 2023-02-28 07:26:04,455 [INFO] Sending to ptd: 'RR'
ptd-server 2023-02-28 07:26:04,456 [INFO] Reply from ptd: 'Ranges,0,0.100000,0,300.000000'
ptd-server 2023-02-28 07:26:04,456 [INFO] Initial range for Amps is 0.100000 for Volts is 300.000000
ptd-server 2023-02-28 07:26:04,456 [INFO] Sending to ptd: 'SR,V,Auto'
ptd-server 2023-02-28 07:26:04,958 [INFO] Reply from ptd: 'Range V changed'
ptd-server 2023-02-28 07:26:04,959 [INFO] Sending to ptd: 'SR,A,Auto'
ptd-server 2023-02-28 07:26:05,461 [INFO] Reply from ptd: 'Range A changed'
ptd-server 2023-02-28 07:26:15,471 [INFO] Starting ranging mode
ptd-server 2023-02-28 07:26:15,472 [INFO] Sending to ptd: 'Go,1000,0,2023-02-28_07-25-47_ranging'
ptd-server 2023-02-28 07:26:15,472 [INFO] Reply from ptd: 'Starting untimed measurement, maximum 500000 samples at 1000ms with 0 rampup samples'
ptd-server 2023-02-28 07:26:15,472 [INFO] Sending reply to client 'OK'
ptd-server 2023-02-28 07:36:44,965 [INFO] Got command from the client 'session,2023-02-28_07-25-47,stop,ranging'
ptd-server 2023-02-28 07:36:54,975 [INFO] Sending to ptd: 'Stop'
ptd-server 2023-02-28 07:36:54,975 [INFO] Reply from ptd: 'Stopping untimed measurement'
ptd-server 2023-02-28 07:36:55,427 [INFO] Sending reply to client 'OK'
ptd-server 2023-02-28 07:36:55,473 [INFO] Got command from the client 'time'
ptd-server 2023-02-28 07:36:55,474 [INFO] Sending reply to client '1677569815.474013'
ptd-server 2023-02-28 07:36:55,477 [INFO] Got command from the client 'session,2023-02-28_07-25-47,start,testing'
ptd-server 2023-02-28 07:36:55,477 [INFO] Sending to ptd: 'SR,V,250.980000'
ptd-server 2023-02-28 07:36:56,978 [INFO] Reply from ptd: 'Range V changed'
ptd-server 2023-02-28 07:36:56,978 [INFO] Sending to ptd: 'SR,A,0.055400'
ptd-server 2023-02-28 07:36:58,480 [INFO] Reply from ptd: 'Range A changed'
ptd-server 2023-02-28 07:37:08,490 [INFO] Starting testing mode
ptd-server 2023-02-28 07:37:08,490 [INFO] Sending to ptd: 'Go,1000,0,2023-02-28_07-25-47_testing'
ptd-server 2023-02-28 07:37:08,491 [INFO] Reply from ptd: 'Starting untimed measurement, maximum 500000 samples at 1000ms with 0 rampup samples'
ptd-server 2023-02-28 07:37:08,491 [INFO] Sending reply to client 'OK'
ptd-server 2023-02-28 07:47:37,594 [INFO] Got command from the client 'session,2023-02-28_07-25-47,stop,testing'
ptd-server 2023-02-28 07:47:47,604 [INFO] Sending to ptd: 'Stop'
ptd-server 2023-02-28 07:47:47,604 [INFO] Reply from ptd: 'Stopping untimed measurement'
ptd-server 2023-02-28 07:47:47,841 [INFO] Sending reply to client 'OK'
ptd-server 2023-02-28 07:47:47,862 [INFO] Got command from the client 'session,2023-02-28_07-25-47,done'
ptd-server 2023-02-28 07:47:47,862 [INFO] Sending to ptd: 'Stop'
ptd-server 2023-02-28 07:47:48,491 [INFO] Reply from ptd: 'Error: no measurement to stop'
ptd-server 2023-02-28 07:47:48,491 [INFO] Sending to ptd: 'SR,V,300.000000'
ptd-server 2023-02-28 07:47:49,993 [INFO] Reply from ptd: 'Range V changed'
ptd-server 2023-02-28 07:47:49,993 [INFO] Sending to ptd: 'SR,A,0.100000'
ptd-server 2023-02-28 07:47:51,494 [INFO] Reply from ptd: 'Range A changed'
ptd-server 2023-02-28 07:47:51,494 [INFO] Set initial values for Amps 0.100000 and Volts 300.000000
ptd-server 2023-02-28 07:47:51,495 [INFO] Stopping ptd...
