ptd-server 2023-02-26 17:29:58,656 [INFO] Got command from the client 'time'
ptd-server 2023-02-26 17:29:58,657 [INFO] Sending reply to client '1677432598.6569595'
ptd-server 2023-02-26 17:29:58,659 [INFO] Got command from the client 'new,,262cd1de-212a-4390-b5e9-131ba3955f64'
ptd-server 2023-02-26 17:29:58,660 [INFO] Sending reply to client 'OK 2023-02-26_17-29-58,93b47aee-0c16-461b-abd5-d8cbe9848406'
ptd-server 2023-02-26 17:29:58,683 [INFO] Got command from the client 'time'
ptd-server 2023-02-26 17:29:58,683 [INFO] Sending reply to client '1677432598.6837037'
ptd-server 2023-02-26 17:29:58,689 [INFO] Got command from the client 'session,2023-02-26_17-29-58,start,ranging'
ptd-server 2023-02-26 17:29:58,690 [INFO] Running PTDaemon: ['/media/arjun/T7_Touch/hp-envy/CM/repos/local/cache/9b3695ca8255492a/power/inference_v1.0/ptd-linux-x86', '-l', '/tmp/tmpti64566v/ptd_logfile.txt', '-p', '8888', '49', '/dev/usbtmc0']
ptd-server 2023-02-26 17:30:15,796 [INFO] Sending to ptd: 'Hello'
ptd-server 2023-02-26 17:30:15,797 [INFO] Reply from ptd: 'Hello, PTDaemon here!'
ptd-server 2023-02-26 17:30:15,798 [INFO] Sending to ptd: 'Identify'
ptd-server 2023-02-26 17:30:15,798 [INFO] Reply from ptd: 'YokogawaWT310E,1000,1,1,1,1,0,1,1,version=1.10.0-ed9a21d2-20220817,OS=Linux 5.15.0-56-generic #62-Ubuntu SMP Tue Nov 22 19:54:14 UTC 2022 x86_64,mode=power,1,1,1,0,0,no_cal_date,YOKOGAWA;WT310E;C3YD21068E;F1.04'
ptd-server 2023-02-26 17:30:15,799 [INFO] Connected to PTDaemon
ptd-server 2023-02-26 17:30:15,799 [INFO] Sending to ptd: 'RR'
ptd-server 2023-02-26 17:30:15,800 [INFO] Reply from ptd: 'Ranges,0,0.100000,0,600.000000'
ptd-server 2023-02-26 17:30:15,800 [INFO] Initial range for Amps is 0.100000 for Volts is 600.000000
ptd-server 2023-02-26 17:30:15,800 [INFO] Sending to ptd: 'SR,V,Auto'
ptd-server 2023-02-26 17:30:16,304 [INFO] Reply from ptd: 'Range V changed'
ptd-server 2023-02-26 17:30:16,305 [INFO] Sending to ptd: 'SR,A,Auto'
ptd-server 2023-02-26 17:30:16,808 [INFO] Reply from ptd: 'Range A changed'
ptd-server 2023-02-26 17:30:26,819 [INFO] Starting ranging mode
ptd-server 2023-02-26 17:30:26,820 [INFO] Sending to ptd: 'Go,1000,0,2023-02-26_17-29-58_ranging'
ptd-server 2023-02-26 17:30:26,821 [INFO] Reply from ptd: 'Starting untimed measurement, maximum 500000 samples at 1000ms with 0 rampup samples'
ptd-server 2023-02-26 17:30:26,821 [INFO] Sending reply to client 'OK'
ptd-server 2023-02-26 17:40:39,747 [INFO] Got command from the client 'session,2023-02-26_17-29-58,stop,ranging'
ptd-server 2023-02-26 17:40:49,758 [INFO] Sending to ptd: 'Stop'
ptd-server 2023-02-26 17:40:49,759 [INFO] Reply from ptd: 'Stopping untimed measurement'
ptd-server 2023-02-26 17:40:49,977 [INFO] Sending reply to client 'OK'
ptd-server 2023-02-26 17:40:50,024 [INFO] Got command from the client 'time'
ptd-server 2023-02-26 17:40:50,024 [INFO] Sending reply to client '1677433250.0246527'
ptd-server 2023-02-26 17:40:50,028 [INFO] Got command from the client 'session,2023-02-26_17-29-58,start,testing'
ptd-server 2023-02-26 17:40:50,029 [INFO] Sending to ptd: 'SR,V,245.840000'
ptd-server 2023-02-26 17:40:51,532 [INFO] Reply from ptd: 'Range V changed'
ptd-server 2023-02-26 17:40:51,533 [INFO] Sending to ptd: 'SR,A,0.207260'
ptd-server 2023-02-26 17:40:53,036 [INFO] Reply from ptd: 'Range A changed'
ptd-server 2023-02-26 17:41:03,044 [INFO] Starting testing mode
ptd-server 2023-02-26 17:41:03,045 [INFO] Sending to ptd: 'Go,1000,0,2023-02-26_17-29-58_testing'
ptd-server 2023-02-26 17:41:03,046 [INFO] Reply from ptd: 'Starting untimed measurement, maximum 500000 samples at 1000ms with 0 rampup samples'
ptd-server 2023-02-26 17:41:03,046 [INFO] Sending reply to client 'OK'
ptd-server 2023-02-26 17:51:13,300 [INFO] Got command from the client 'session,2023-02-26_17-29-58,stop,testing'
ptd-server 2023-02-26 17:51:23,311 [INFO] Sending to ptd: 'Stop'
ptd-server 2023-02-26 17:51:23,312 [INFO] Reply from ptd: 'Stopping untimed measurement'
ptd-server 2023-02-26 17:51:23,421 [INFO] Sending reply to client 'OK'
ptd-server 2023-02-26 17:51:23,438 [INFO] Got command from the client 'session,2023-02-26_17-29-58,done'
ptd-server 2023-02-26 17:51:23,438 [INFO] Sending to ptd: 'Stop'
ptd-server 2023-02-26 17:51:24,047 [INFO] Reply from ptd: 'Error: no measurement to stop'
ptd-server 2023-02-26 17:51:24,048 [INFO] Sending to ptd: 'SR,V,600.000000'
ptd-server 2023-02-26 17:51:25,551 [INFO] Reply from ptd: 'Range V changed'
ptd-server 2023-02-26 17:51:25,551 [INFO] Sending to ptd: 'SR,A,0.100000'
ptd-server 2023-02-26 17:51:27,055 [INFO] Reply from ptd: 'Range A changed'
ptd-server 2023-02-26 17:51:27,055 [INFO] Set initial values for Amps 0.100000 and Volts 600.000000
ptd-server 2023-02-26 17:51:27,055 [INFO] Stopping ptd...
