ptd-server 2023-02-20 03:54:36,722 [INFO] Got command from the client 'time'
ptd-server 2023-02-20 03:54:36,722 [INFO] Sending reply to client '1676865276.7222'
ptd-server 2023-02-20 03:54:36,723 [INFO] Got command from the client 'new,,7ac7b2a4-1c8c-4480-b36b-48144c4f1d41'
ptd-server 2023-02-20 03:54:36,723 [INFO] Sending reply to client 'OK 2023-02-20_03-54-36,cc29a221-95de-40d8-8a79-31ea7d35e4e0'
ptd-server 2023-02-20 03:54:36,743 [INFO] Got command from the client 'time'
ptd-server 2023-02-20 03:54:36,743 [INFO] Sending reply to client '1676865276.7438905'
ptd-server 2023-02-20 03:54:36,744 [INFO] Got command from the client 'session,2023-02-20_03-54-36,start,ranging'
ptd-server 2023-02-20 03:54:36,745 [INFO] Running PTDaemon: ['/home/anton/projects/mlperf/power/inference_v1.0/ptd-linux-x86', '-l', '/tmp/tmp4yl1neqp/ptd_logfile.txt', '-p', '8888', '49', '/dev/usbtmc0']
ptd-server 2023-02-20 03:54:53,818 [INFO] Sending to ptd: 'Hello'
ptd-server 2023-02-20 03:54:53,818 [INFO] Reply from ptd: 'Hello, PTDaemon here!'
ptd-server 2023-02-20 03:54:53,819 [INFO] Sending to ptd: 'Identify'
ptd-server 2023-02-20 03:54:53,819 [INFO] Reply from ptd: 'YokogawaWT310E,1000,1,1,1,1,0,1,1,version=1.10.0-ed9a21d2-20220817,OS=Linux 5.15.0-60-generic #66~20.04.1-Ubuntu SMP Wed Jan 25 09:41:30 UTC 2023 x86_64,mode=power,1,1,1,0,0,no_cal_date,YOKOGAWA;WT310E;C3XA04010E;F1.04'
ptd-server 2023-02-20 03:54:53,819 [INFO] Connected to PTDaemon
ptd-server 2023-02-20 03:54:53,819 [INFO] Sending to ptd: 'RR'
ptd-server 2023-02-20 03:54:53,820 [INFO] Reply from ptd: 'Ranges,0,0.500000,1,300.000000'
ptd-server 2023-02-20 03:54:53,820 [INFO] Initial range for Amps is 0.500000 for Volts is Auto
ptd-server 2023-02-20 03:54:53,820 [INFO] Sending to ptd: 'SR,V,Auto'
ptd-server 2023-02-20 03:54:54,322 [INFO] Reply from ptd: 'Range V changed'
ptd-server 2023-02-20 03:54:54,323 [INFO] Sending to ptd: 'SR,A,Auto'
ptd-server 2023-02-20 03:54:54,825 [INFO] Reply from ptd: 'Range A changed'
ptd-server 2023-02-20 03:55:04,835 [INFO] Starting ranging mode
ptd-server 2023-02-20 03:55:04,835 [INFO] Sending to ptd: 'Go,1000,0,2023-02-20_03-54-36_ranging'
ptd-server 2023-02-20 03:55:04,836 [INFO] Reply from ptd: 'Starting untimed measurement, maximum 500000 samples at 1000ms with 0 rampup samples'
ptd-server 2023-02-20 03:55:04,836 [INFO] Sending reply to client 'OK'
ptd-server 2023-02-20 04:05:32,090 [INFO] Got command from the client 'session,2023-02-20_03-54-36,stop,ranging'
ptd-server 2023-02-20 04:05:42,101 [INFO] Sending to ptd: 'Stop'
ptd-server 2023-02-20 04:05:42,101 [INFO] Reply from ptd: 'Stopping untimed measurement'
ptd-server 2023-02-20 04:05:42,243 [INFO] Sending reply to client 'OK'
ptd-server 2023-02-20 04:05:42,277 [INFO] Got command from the client 'time'
ptd-server 2023-02-20 04:05:42,278 [INFO] Sending reply to client '1676865942.2779903'
ptd-server 2023-02-20 04:05:42,279 [INFO] Got command from the client 'session,2023-02-20_03-54-36,start,testing'
ptd-server 2023-02-20 04:05:42,279 [INFO] Sending to ptd: 'SR,V,250.130000'
ptd-server 2023-02-20 04:05:44,338 [INFO] Reply from ptd: 'Range V changed'
ptd-server 2023-02-20 04:05:44,338 [INFO] Sending to ptd: 'SR,A,0.067270'
ptd-server 2023-02-20 04:05:45,839 [INFO] Reply from ptd: 'Range A changed'
ptd-server 2023-02-20 04:05:55,850 [INFO] Starting testing mode
ptd-server 2023-02-20 04:05:55,850 [INFO] Sending to ptd: 'Go,1000,0,2023-02-20_03-54-36_testing'
ptd-server 2023-02-20 04:05:55,850 [INFO] Reply from ptd: 'Starting untimed measurement, maximum 500000 samples at 1000ms with 0 rampup samples'
ptd-server 2023-02-20 04:05:55,850 [INFO] Sending reply to client 'OK'
ptd-server 2023-02-20 04:16:23,001 [INFO] Got command from the client 'session,2023-02-20_03-54-36,stop,testing'
ptd-server 2023-02-20 04:16:33,012 [INFO] Sending to ptd: 'Stop'
ptd-server 2023-02-20 04:16:33,012 [INFO] Reply from ptd: 'Stopping untimed measurement'
ptd-server 2023-02-20 04:16:33,090 [INFO] Sending reply to client 'OK'
ptd-server 2023-02-20 04:16:33,098 [INFO] Got command from the client 'session,2023-02-20_03-54-36,done'
ptd-server 2023-02-20 04:16:33,098 [INFO] Sending to ptd: 'Stop'
ptd-server 2023-02-20 04:16:33,850 [INFO] Reply from ptd: 'Error: no measurement to stop'
ptd-server 2023-02-20 04:16:33,850 [INFO] Sending to ptd: 'SR,V,Auto'
ptd-server 2023-02-20 04:16:34,353 [INFO] Reply from ptd: 'Range V changed'
ptd-server 2023-02-20 04:16:34,353 [INFO] Sending to ptd: 'SR,A,0.500000'
ptd-server 2023-02-20 04:16:35,855 [INFO] Reply from ptd: 'Range A changed'
ptd-server 2023-02-20 04:16:35,855 [INFO] Set initial values for Amps 0.500000 and Volts Auto
ptd-server 2023-02-20 04:16:35,855 [INFO] Stopping ptd...
