ptd-server 2023-02-24 02:34:40,984 [INFO] Got command from the client 'time'
ptd-server 2023-02-24 02:34:40,985 [INFO] Sending reply to client '1677206080.9852376'
ptd-server 2023-02-24 02:34:40,988 [INFO] Got command from the client 'new,,f94b3148-58e1-48c4-9843-c6a30ab64873'
ptd-server 2023-02-24 02:34:40,990 [INFO] Sending reply to client 'OK 2023-02-24_02-34-40,614f9c56-8fcc-4771-968a-8de61f144af6'
ptd-server 2023-02-24 02:34:41,010 [INFO] Got command from the client 'time'
ptd-server 2023-02-24 02:34:41,010 [INFO] Sending reply to client '1677206081.010609'
ptd-server 2023-02-24 02:34:41,013 [INFO] Got command from the client 'session,2023-02-24_02-34-40,start,ranging'
ptd-server 2023-02-24 02:34:41,014 [INFO] Running PTDaemon: ['/media/arjun/T7_Touch/hp-envy/CM/repos/local/cache/9b3695ca8255492a/power/inference_v1.0/ptd-linux-x86', '-l', '/tmp/tmpti64566v/ptd_logfile.txt', '-p', '8888', '49', '/dev/usbtmc0']
ptd-server 2023-02-24 02:34:58,111 [INFO] Sending to ptd: 'Hello'
ptd-server 2023-02-24 02:34:58,112 [INFO] Reply from ptd: 'Hello, PTDaemon here!'
ptd-server 2023-02-24 02:34:58,112 [INFO] Sending to ptd: 'Identify'
ptd-server 2023-02-24 02:34:58,113 [INFO] Reply from ptd: 'YokogawaWT310E,1000,1,1,1,1,0,1,1,version=1.10.0-ed9a21d2-20220817,OS=Linux 5.15.0-56-generic #62-Ubuntu SMP Tue Nov 22 19:54:14 UTC 2022 x86_64,mode=power,1,1,1,0,0,no_cal_date,YOKOGAWA;WT310E;C3YD21068E;F1.04'
ptd-server 2023-02-24 02:34:58,113 [INFO] Connected to PTDaemon
ptd-server 2023-02-24 02:34:58,114 [INFO] Sending to ptd: 'RR'
ptd-server 2023-02-24 02:34:58,114 [INFO] Reply from ptd: 'Ranges,0,0.100000,0,600.000000'
ptd-server 2023-02-24 02:34:58,114 [INFO] Initial range for Amps is 0.100000 for Volts is 600.000000
ptd-server 2023-02-24 02:34:58,115 [INFO] Sending to ptd: 'SR,V,Auto'
ptd-server 2023-02-24 02:34:58,618 [INFO] Reply from ptd: 'Range V changed'
ptd-server 2023-02-24 02:34:58,618 [INFO] Sending to ptd: 'SR,A,Auto'
ptd-server 2023-02-24 02:34:59,122 [INFO] Reply from ptd: 'Range A changed'
ptd-server 2023-02-24 02:35:09,133 [INFO] Starting ranging mode
ptd-server 2023-02-24 02:35:09,134 [INFO] Sending to ptd: 'Go,1000,0,2023-02-24_02-34-40_ranging'
ptd-server 2023-02-24 02:35:09,134 [INFO] Reply from ptd: 'Starting untimed measurement, maximum 500000 samples at 1000ms with 0 rampup samples'
ptd-server 2023-02-24 02:35:09,135 [INFO] Sending reply to client 'OK'
ptd-server 2023-02-24 02:46:05,274 [INFO] Got command from the client 'session,2023-02-24_02-34-40,stop,ranging'
ptd-server 2023-02-24 02:46:15,285 [INFO] Sending to ptd: 'Stop'
ptd-server 2023-02-24 02:46:15,286 [INFO] Reply from ptd: 'Stopping untimed measurement'
ptd-server 2023-02-24 02:46:15,351 [INFO] Sending reply to client 'OK'
ptd-server 2023-02-24 02:46:15,398 [INFO] Got command from the client 'time'
ptd-server 2023-02-24 02:46:15,398 [INFO] Sending reply to client '1677206775.3982756'
ptd-server 2023-02-24 02:46:15,402 [INFO] Got command from the client 'session,2023-02-24_02-34-40,start,testing'
ptd-server 2023-02-24 02:46:15,403 [INFO] Sending to ptd: 'SR,V,250.090000'
ptd-server 2023-02-24 02:46:17,638 [INFO] Reply from ptd: 'Range V changed'
ptd-server 2023-02-24 02:46:17,639 [INFO] Sending to ptd: 'SR,A,0.172210'
ptd-server 2023-02-24 02:46:19,142 [INFO] Reply from ptd: 'Range A changed'
ptd-server 2023-02-24 02:46:29,153 [INFO] Starting testing mode
ptd-server 2023-02-24 02:46:29,154 [INFO] Sending to ptd: 'Go,1000,0,2023-02-24_02-34-40_testing'
ptd-server 2023-02-24 02:46:29,154 [INFO] Reply from ptd: 'Starting untimed measurement, maximum 500000 samples at 1000ms with 0 rampup samples'
ptd-server 2023-02-24 02:46:29,155 [INFO] Sending reply to client 'OK'
ptd-server 2023-02-24 02:57:24,446 [INFO] Got command from the client 'session,2023-02-24_02-34-40,stop,testing'
ptd-server 2023-02-24 02:57:34,457 [INFO] Sending to ptd: 'Stop'
ptd-server 2023-02-24 02:57:34,457 [INFO] Reply from ptd: 'Stopping untimed measurement'
ptd-server 2023-02-24 02:57:34,498 [INFO] Sending reply to client 'OK'
ptd-server 2023-02-24 02:57:34,513 [INFO] Got command from the client 'session,2023-02-24_02-34-40,done'
ptd-server 2023-02-24 02:57:34,513 [INFO] Sending to ptd: 'Stop'
ptd-server 2023-02-24 02:57:35,154 [INFO] Reply from ptd: 'Error: no measurement to stop'
ptd-server 2023-02-24 02:57:35,154 [INFO] Sending to ptd: 'SR,V,600.000000'
ptd-server 2023-02-24 02:57:36,656 [INFO] Reply from ptd: 'Range V changed'
ptd-server 2023-02-24 02:57:36,656 [INFO] Sending to ptd: 'SR,A,0.100000'
ptd-server 2023-02-24 02:57:38,157 [INFO] Reply from ptd: 'Range A changed'
ptd-server 2023-02-24 02:57:38,157 [INFO] Set initial values for Amps 0.100000 and Volts 600.000000
ptd-server 2023-02-24 02:57:38,157 [INFO] Stopping ptd...
