ptd-server 2023-02-12 12:48:24,472 [INFO] Got command from the client 'time'
ptd-server 2023-02-12 12:48:24,473 [INFO] Sending reply to client '1676206104.4730916'
ptd-server 2023-02-12 12:48:24,476 [INFO] Got command from the client 'new,,0fc18c83-adfa-4f31-958f-8014327d1d3f'
ptd-server 2023-02-12 12:48:24,478 [INFO] Sending reply to client 'OK 2023-02-12_12-48-24,d4a76b09-09fe-44d4-a455-ad36c66f6873'
ptd-server 2023-02-12 12:48:24,500 [INFO] Got command from the client 'time'
ptd-server 2023-02-12 12:48:24,501 [INFO] Sending reply to client '1676206104.5011528'
ptd-server 2023-02-12 12:48:24,505 [INFO] Got command from the client 'session,2023-02-12_12-48-24,start,ranging'
ptd-server 2023-02-12 12:48:24,505 [INFO] Running PTDaemon: ['/media/arjun/T7_Touch/hp-envy/CM/repos/local/cache/9b3695ca8255492a/power/inference_v1.0/ptd-linux-x86', '-l', '/tmp/tmp6_9o2crq/ptd_logfile.txt', '-p', '8888', '49', '/dev/usbtmc0']
ptd-server 2023-02-12 12:48:41,599 [INFO] Sending to ptd: 'Hello'
ptd-server 2023-02-12 12:48:41,600 [INFO] Reply from ptd: 'Hello, PTDaemon here!'
ptd-server 2023-02-12 12:48:41,601 [INFO] Sending to ptd: 'Identify'
ptd-server 2023-02-12 12:48:41,601 [INFO] Reply from ptd: 'YokogawaWT310E,1000,1,1,1,1,0,1,1,version=1.10.0-ed9a21d2-20220817,OS=Linux 5.15.0-56-generic #62-Ubuntu SMP Tue Nov 22 19:54:14 UTC 2022 x86_64,mode=power,1,1,1,0,0,no_cal_date,YOKOGAWA;WT310E;C3YD21068E;F1.04'
ptd-server 2023-02-12 12:48:41,602 [INFO] Connected to PTDaemon
ptd-server 2023-02-12 12:48:41,602 [INFO] Sending to ptd: 'RR'
ptd-server 2023-02-12 12:48:41,603 [INFO] Reply from ptd: 'Ranges,0,0.100000,0,600.000000'
ptd-server 2023-02-12 12:48:41,603 [INFO] Initial range for Amps is 0.100000 for Volts is 600.000000
ptd-server 2023-02-12 12:48:41,603 [INFO] Sending to ptd: 'SR,V,Auto'
ptd-server 2023-02-12 12:48:42,107 [INFO] Reply from ptd: 'Range V changed'
ptd-server 2023-02-12 12:48:42,107 [INFO] Sending to ptd: 'SR,A,Auto'
ptd-server 2023-02-12 12:48:42,611 [INFO] Reply from ptd: 'Range A changed'
ptd-server 2023-02-12 12:48:52,622 [INFO] Starting ranging mode
ptd-server 2023-02-12 12:48:52,622 [INFO] Sending to ptd: 'Go,1000,0,2023-02-12_12-48-24_ranging'
ptd-server 2023-02-12 12:48:52,623 [INFO] Reply from ptd: 'Starting untimed measurement, maximum 500000 samples at 1000ms with 0 rampup samples'
ptd-server 2023-02-12 12:48:52,624 [INFO] Sending reply to client 'OK'
ptd-server 2023-02-12 12:58:55,244 [INFO] Got command from the client 'session,2023-02-12_12-48-24,stop,ranging'
ptd-server 2023-02-12 12:59:05,255 [INFO] Sending to ptd: 'Stop'
ptd-server 2023-02-12 12:59:05,256 [INFO] Reply from ptd: 'Stopping untimed measurement'
ptd-server 2023-02-12 12:59:05,306 [INFO] Sending reply to client 'OK'
ptd-server 2023-02-12 12:59:05,452 [INFO] Got command from the client 'time'
ptd-server 2023-02-12 12:59:05,452 [INFO] Sending reply to client '1676206745.4525363'
ptd-server 2023-02-12 12:59:05,458 [INFO] Got command from the client 'session,2023-02-12_12-48-24,start,testing'
ptd-server 2023-02-12 12:59:05,458 [INFO] Sending to ptd: 'SR,V,247.170000'
ptd-server 2023-02-12 12:59:07,126 [INFO] Reply from ptd: 'Range V changed'
ptd-server 2023-02-12 12:59:07,127 [INFO] Sending to ptd: 'SR,A,0.192140'
ptd-server 2023-02-12 12:59:08,630 [INFO] Reply from ptd: 'Range A changed'
ptd-server 2023-02-12 12:59:18,641 [INFO] Starting testing mode
ptd-server 2023-02-12 12:59:18,641 [INFO] Sending to ptd: 'Go,1000,0,2023-02-12_12-48-24_testing'
ptd-server 2023-02-12 12:59:18,642 [INFO] Reply from ptd: 'Starting untimed measurement, maximum 500000 samples at 1000ms with 0 rampup samples'
ptd-server 2023-02-12 12:59:18,643 [INFO] Sending reply to client 'OK'
ptd-server 2023-02-12 13:09:20,161 [INFO] Got command from the client 'session,2023-02-12_12-48-24,stop,testing'
ptd-server 2023-02-12 13:09:30,172 [INFO] Sending to ptd: 'Stop'
ptd-server 2023-02-12 13:09:30,173 [INFO] Reply from ptd: 'Stopping untimed measurement'
ptd-server 2023-02-12 13:09:30,200 [INFO] Sending reply to client 'OK'
ptd-server 2023-02-12 13:09:30,217 [INFO] Got command from the client 'session,2023-02-12_12-48-24,done'
ptd-server 2023-02-12 13:09:30,217 [INFO] Sending to ptd: 'Stop'
ptd-server 2023-02-12 13:09:30,643 [INFO] Reply from ptd: 'Error: no measurement to stop'
ptd-server 2023-02-12 13:09:30,644 [INFO] Sending to ptd: 'SR,V,600.000000'
ptd-server 2023-02-12 13:09:32,147 [INFO] Reply from ptd: 'Range V changed'
ptd-server 2023-02-12 13:09:32,148 [INFO] Sending to ptd: 'SR,A,0.100000'
ptd-server 2023-02-12 13:09:33,651 [INFO] Reply from ptd: 'Range A changed'
ptd-server 2023-02-12 13:09:33,651 [INFO] Set initial values for Amps 0.100000 and Volts 600.000000
ptd-server 2023-02-12 13:09:33,652 [INFO] Stopping ptd...
