ptd-server 2023-02-24 11:44:49,397 [INFO] Got command from the client 'time'
ptd-server 2023-02-24 11:44:49,397 [INFO] Sending reply to client '1677239089.397958'
ptd-server 2023-02-24 11:44:49,398 [INFO] Got command from the client 'new,,912271c9-ab0e-47f3-8f47-cb96cf470314'
ptd-server 2023-02-24 11:44:49,399 [INFO] Sending reply to client 'OK 2023-02-24_11-44-49,5457d5d0-0604-401c-aa4d-e4b47d886f86'
ptd-server 2023-02-24 11:44:49,506 [INFO] Got command from the client 'time'
ptd-server 2023-02-24 11:44:49,506 [INFO] Sending reply to client '1677239089.5064824'
ptd-server 2023-02-24 11:44:49,507 [INFO] Got command from the client 'session,2023-02-24_11-44-49,start,ranging'
ptd-server 2023-02-24 11:44:49,507 [INFO] Running PTDaemon: ['/home/anton/projects/mlperf/power/inference_v1.0/ptd-linux-x86', '-l', '/tmp/tmp4yl1neqp/ptd_logfile.txt', '-p', '8888', '49', '/dev/usbtmc0']
ptd-server 2023-02-24 11:45:06,582 [INFO] Sending to ptd: 'Hello'
ptd-server 2023-02-24 11:45:06,582 [INFO] Reply from ptd: 'Hello, PTDaemon here!'
ptd-server 2023-02-24 11:45:06,582 [INFO] Sending to ptd: 'Identify'
ptd-server 2023-02-24 11:45:06,583 [INFO] Reply from ptd: 'YokogawaWT310E,1000,1,1,1,1,0,1,1,version=1.10.0-ed9a21d2-20220817,OS=Linux 5.15.0-60-generic #66~20.04.1-Ubuntu SMP Wed Jan 25 09:41:30 UTC 2023 x86_64,mode=power,1,1,1,0,0,no_cal_date,YOKOGAWA;WT310E;C3XA04010E;F1.04'
ptd-server 2023-02-24 11:45:06,583 [INFO] Connected to PTDaemon
ptd-server 2023-02-24 11:45:06,583 [INFO] Sending to ptd: 'RR'
ptd-server 2023-02-24 11:45:06,583 [INFO] Reply from ptd: 'Ranges,1,0.100000,1,300.000000'
ptd-server 2023-02-24 11:45:06,584 [INFO] Initial range for Amps is Auto for Volts is Auto
ptd-server 2023-02-24 11:45:06,584 [INFO] Sending to ptd: 'SR,V,Auto'
ptd-server 2023-02-24 11:45:07,086 [INFO] Reply from ptd: 'Range V changed'
ptd-server 2023-02-24 11:45:07,086 [INFO] Sending to ptd: 'SR,A,Auto'
ptd-server 2023-02-24 11:45:07,589 [INFO] Reply from ptd: 'Range A changed'
ptd-server 2023-02-24 11:45:17,599 [INFO] Starting ranging mode
ptd-server 2023-02-24 11:45:17,599 [INFO] Sending to ptd: 'Go,1000,0,2023-02-24_11-44-49_ranging'
ptd-server 2023-02-24 11:45:17,600 [INFO] Reply from ptd: 'Starting untimed measurement, maximum 500000 samples at 1000ms with 0 rampup samples'
ptd-server 2023-02-24 11:45:17,600 [INFO] Sending reply to client 'OK'
ptd-server 2023-02-24 11:55:33,913 [INFO] Got command from the client 'session,2023-02-24_11-44-49,stop,ranging'
ptd-server 2023-02-24 11:55:43,923 [INFO] Sending to ptd: 'Stop'
ptd-server 2023-02-24 11:55:43,924 [INFO] Reply from ptd: 'Stopping untimed measurement'
ptd-server 2023-02-24 11:55:44,558 [INFO] Sending reply to client 'OK'
ptd-server 2023-02-24 11:55:44,826 [INFO] Got command from the client 'time'
ptd-server 2023-02-24 11:55:44,826 [INFO] Sending reply to client '1677239744.8262174'
ptd-server 2023-02-24 11:55:44,827 [INFO] Got command from the client 'session,2023-02-24_11-44-49,start,testing'
ptd-server 2023-02-24 11:55:44,827 [INFO] Sending to ptd: 'SR,V,252.480000'
ptd-server 2023-02-24 11:55:46,328 [INFO] Reply from ptd: 'Range V changed'
ptd-server 2023-02-24 11:55:46,329 [INFO] Sending to ptd: 'SR,A,0.059540'
ptd-server 2023-02-24 11:55:47,830 [INFO] Reply from ptd: 'Range A changed'
ptd-server 2023-02-24 11:55:57,840 [INFO] Starting testing mode
ptd-server 2023-02-24 11:55:57,840 [INFO] Sending to ptd: 'Go,1000,0,2023-02-24_11-44-49_testing'
ptd-server 2023-02-24 11:55:57,841 [INFO] Reply from ptd: 'Starting untimed measurement, maximum 500000 samples at 1000ms with 0 rampup samples'
ptd-server 2023-02-24 11:55:57,841 [INFO] Sending reply to client 'OK'
ptd-server 2023-02-24 12:06:14,079 [INFO] Got command from the client 'session,2023-02-24_11-44-49,stop,testing'
ptd-server 2023-02-24 12:06:24,089 [INFO] Sending to ptd: 'Stop'
ptd-server 2023-02-24 12:06:24,089 [INFO] Reply from ptd: 'Stopping untimed measurement'
ptd-server 2023-02-24 12:06:24,425 [INFO] Sending reply to client 'OK'
ptd-server 2023-02-24 12:06:24,433 [INFO] Got command from the client 'session,2023-02-24_11-44-49,done'
ptd-server 2023-02-24 12:06:24,433 [INFO] Sending to ptd: 'Stop'
ptd-server 2023-02-24 12:06:24,842 [INFO] Reply from ptd: 'Error: no measurement to stop'
ptd-server 2023-02-24 12:06:24,842 [INFO] Sending to ptd: 'SR,V,Auto'
ptd-server 2023-02-24 12:06:25,345 [INFO] Reply from ptd: 'Range V changed'
ptd-server 2023-02-24 12:06:25,345 [INFO] Sending to ptd: 'SR,A,Auto'
ptd-server 2023-02-24 12:06:25,847 [INFO] Reply from ptd: 'Range A changed'
ptd-server 2023-02-24 12:06:25,847 [INFO] Set initial values for Amps Auto and Volts Auto
ptd-server 2023-02-24 12:06:25,848 [INFO] Stopping ptd...
