ptd-server 2023-02-25 08:15:54,946 [INFO] Got command from the client 'time'
ptd-server 2023-02-25 08:15:54,946 [INFO] Sending reply to client '1677312954.9467094'
ptd-server 2023-02-25 08:15:54,951 [INFO] Got command from the client 'new,,0bcadf0e-14ee-4ce6-96c7-e5cc8b217849'
ptd-server 2023-02-25 08:15:54,952 [INFO] Sending reply to client 'OK 2023-02-25_08-15-54,1804f9b0-021c-4b44-be32-dc3bf16da353'
ptd-server 2023-02-25 08:15:54,973 [INFO] Got command from the client 'time'
ptd-server 2023-02-25 08:15:54,973 [INFO] Sending reply to client '1677312954.973934'
ptd-server 2023-02-25 08:15:54,978 [INFO] Got command from the client 'session,2023-02-25_08-15-54,start,ranging'
ptd-server 2023-02-25 08:15:54,979 [INFO] Running PTDaemon: ['/media/arjun/T7_Touch/hp-envy/CM/repos/local/cache/9b3695ca8255492a/power/inference_v1.0/ptd-linux-x86', '-l', '/tmp/tmpti64566v/ptd_logfile.txt', '-p', '8888', '49', '/dev/usbtmc0']
ptd-server 2023-02-25 08:16:12,083 [INFO] Sending to ptd: 'Hello'
ptd-server 2023-02-25 08:16:12,084 [INFO] Reply from ptd: 'Hello, PTDaemon here!'
ptd-server 2023-02-25 08:16:12,085 [INFO] Sending to ptd: 'Identify'
ptd-server 2023-02-25 08:16:12,086 [INFO] Reply from ptd: 'YokogawaWT310E,1000,1,1,1,1,0,1,1,version=1.10.0-ed9a21d2-20220817,OS=Linux 5.15.0-56-generic #62-Ubuntu SMP Tue Nov 22 19:54:14 UTC 2022 x86_64,mode=power,1,1,1,0,0,no_cal_date,YOKOGAWA;WT310E;C3YD21068E;F1.04'
ptd-server 2023-02-25 08:16:12,086 [INFO] Connected to PTDaemon
ptd-server 2023-02-25 08:16:12,086 [INFO] Sending to ptd: 'RR'
ptd-server 2023-02-25 08:16:12,087 [INFO] Reply from ptd: 'Ranges,0,0.100000,0,600.000000'
ptd-server 2023-02-25 08:16:12,087 [INFO] Initial range for Amps is 0.100000 for Volts is 600.000000
ptd-server 2023-02-25 08:16:12,088 [INFO] Sending to ptd: 'SR,V,Auto'
ptd-server 2023-02-25 08:16:12,591 [INFO] Reply from ptd: 'Range V changed'
ptd-server 2023-02-25 08:16:12,592 [INFO] Sending to ptd: 'SR,A,Auto'
ptd-server 2023-02-25 08:16:13,095 [INFO] Reply from ptd: 'Range A changed'
ptd-server 2023-02-25 08:16:23,106 [INFO] Starting ranging mode
ptd-server 2023-02-25 08:16:23,106 [INFO] Sending to ptd: 'Go,1000,0,2023-02-25_08-15-54_ranging'
ptd-server 2023-02-25 08:16:23,107 [INFO] Reply from ptd: 'Starting untimed measurement, maximum 500000 samples at 1000ms with 0 rampup samples'
ptd-server 2023-02-25 08:16:23,108 [INFO] Sending reply to client 'OK'
ptd-server 2023-02-25 08:27:31,389 [INFO] Got command from the client 'session,2023-02-25_08-15-54,stop,ranging'
ptd-server 2023-02-25 08:27:41,399 [INFO] Sending to ptd: 'Stop'
ptd-server 2023-02-25 08:27:41,400 [INFO] Reply from ptd: 'Stopping untimed measurement'
ptd-server 2023-02-25 08:27:41,540 [INFO] Sending reply to client 'OK'
ptd-server 2023-02-25 08:27:41,587 [INFO] Got command from the client 'time'
ptd-server 2023-02-25 08:27:41,588 [INFO] Sending reply to client '1677313661.5880911'
ptd-server 2023-02-25 08:27:41,592 [INFO] Got command from the client 'session,2023-02-25_08-15-54,start,testing'
ptd-server 2023-02-25 08:27:41,592 [INFO] Sending to ptd: 'SR,V,246.440000'
ptd-server 2023-02-25 08:27:43,610 [INFO] Reply from ptd: 'Range V changed'
ptd-server 2023-02-25 08:27:43,611 [INFO] Sending to ptd: 'SR,A,0.173400'
ptd-server 2023-02-25 08:27:45,113 [INFO] Reply from ptd: 'Range A changed'
ptd-server 2023-02-25 08:27:55,124 [INFO] Starting testing mode
ptd-server 2023-02-25 08:27:55,125 [INFO] Sending to ptd: 'Go,1000,0,2023-02-25_08-15-54_testing'
ptd-server 2023-02-25 08:27:55,126 [INFO] Reply from ptd: 'Starting untimed measurement, maximum 500000 samples at 1000ms with 0 rampup samples'
ptd-server 2023-02-25 08:27:55,126 [INFO] Sending reply to client 'OK'
ptd-server 2023-02-25 08:38:55,697 [INFO] Got command from the client 'session,2023-02-25_08-15-54,stop,testing'
ptd-server 2023-02-25 08:39:05,698 [INFO] Sending to ptd: 'Stop'
ptd-server 2023-02-25 08:39:05,698 [INFO] Reply from ptd: 'Stopping untimed measurement'
ptd-server 2023-02-25 08:39:05,775 [INFO] Sending reply to client 'OK'
ptd-server 2023-02-25 08:39:05,791 [INFO] Got command from the client 'session,2023-02-25_08-15-54,done'
ptd-server 2023-02-25 08:39:05,791 [INFO] Sending to ptd: 'Stop'
ptd-server 2023-02-25 08:39:06,127 [INFO] Reply from ptd: 'Error: no measurement to stop'
ptd-server 2023-02-25 08:39:06,127 [INFO] Sending to ptd: 'SR,V,600.000000'
ptd-server 2023-02-25 08:39:07,631 [INFO] Reply from ptd: 'Range V changed'
ptd-server 2023-02-25 08:39:07,631 [INFO] Sending to ptd: 'SR,A,0.100000'
ptd-server 2023-02-25 08:39:09,134 [INFO] Reply from ptd: 'Range A changed'
ptd-server 2023-02-25 08:39:09,134 [INFO] Set initial values for Amps 0.100000 and Volts 600.000000
ptd-server 2023-02-25 08:39:09,134 [INFO] Stopping ptd...
