ptd-server 2023-03-02 10:23:18,018 [INFO] Got command from the client 'time'
ptd-server 2023-03-02 10:23:18,019 [INFO] Sending reply to client '1677752598.0190809'
ptd-server 2023-03-02 10:23:18,020 [INFO] Got command from the client 'new,,3d8562b0-0b8c-4cf3-b93c-beec1859ef11'
ptd-server 2023-03-02 10:23:18,020 [INFO] Sending reply to client 'OK 2023-03-02_10-23-18,6d676cd4-a4d5-4230-85b3-26f7b4476775'
ptd-server 2023-03-02 10:23:18,045 [INFO] Got command from the client 'time'
ptd-server 2023-03-02 10:23:18,045 [INFO] Sending reply to client '1677752598.0453374'
ptd-server 2023-03-02 10:23:18,048 [INFO] Got command from the client 'session,2023-03-02_10-23-18,start,ranging'
ptd-server 2023-03-02 10:23:18,049 [INFO] Running PTDaemon: ['/home/anton/projects/mlperf/power/inference_v1.0/ptd-linux-x86', '-l', '/tmp/tmpjo7pgaee/ptd_logfile.txt', '-p', '8888', '49', '/dev/usbtmc0']
ptd-server 2023-03-02 10:23:35,136 [INFO] Sending to ptd: 'Hello'
ptd-server 2023-03-02 10:23:35,136 [INFO] Reply from ptd: 'Hello, PTDaemon here!'
ptd-server 2023-03-02 10:23:35,136 [INFO] Sending to ptd: 'Identify'
ptd-server 2023-03-02 10:23:35,137 [INFO] Reply from ptd: 'YokogawaWT310E,1000,1,1,1,1,0,1,1,version=1.10.0-ed9a21d2-20220817,OS=Linux 5.15.0-60-generic #66~20.04.1-Ubuntu SMP Wed Jan 25 09:41:30 UTC 2023 x86_64,mode=power,1,1,1,0,0,no_cal_date,YOKOGAWA;WT310E;C3XA04010E;F1.04'
ptd-server 2023-03-02 10:23:35,137 [INFO] Connected to PTDaemon
ptd-server 2023-03-02 10:23:35,137 [INFO] Sending to ptd: 'RR'
ptd-server 2023-03-02 10:23:35,137 [INFO] Reply from ptd: 'Ranges,1,0.100000,1,300.000000'
ptd-server 2023-03-02 10:23:35,137 [INFO] Initial range for Amps is Auto for Volts is Auto
ptd-server 2023-03-02 10:23:35,137 [INFO] Sending to ptd: 'SR,V,Auto'
ptd-server 2023-03-02 10:23:35,640 [INFO] Reply from ptd: 'Range V changed'
ptd-server 2023-03-02 10:23:35,640 [INFO] Sending to ptd: 'SR,A,Auto'
ptd-server 2023-03-02 10:23:36,142 [INFO] Reply from ptd: 'Range A changed'
ptd-server 2023-03-02 10:23:46,152 [INFO] Starting ranging mode
ptd-server 2023-03-02 10:23:46,152 [INFO] Sending to ptd: 'Go,1000,0,2023-03-02_10-23-18_ranging'
ptd-server 2023-03-02 10:23:46,152 [INFO] Reply from ptd: 'Starting untimed measurement, maximum 500000 samples at 1000ms with 0 rampup samples'
ptd-server 2023-03-02 10:23:46,153 [INFO] Sending reply to client 'OK'
ptd-server 2023-03-02 10:34:10,618 [INFO] Got command from the client 'session,2023-03-02_10-23-18,stop,ranging'
ptd-server 2023-03-02 10:34:20,628 [INFO] Sending to ptd: 'Stop'
ptd-server 2023-03-02 10:34:20,628 [INFO] Reply from ptd: 'Stopping untimed measurement'
ptd-server 2023-03-02 10:34:20,711 [INFO] Sending reply to client 'OK'
ptd-server 2023-03-02 10:34:20,806 [INFO] Got command from the client 'time'
ptd-server 2023-03-02 10:34:20,806 [INFO] Sending reply to client '1677753260.8065906'
ptd-server 2023-03-02 10:34:20,809 [INFO] Got command from the client 'session,2023-03-02_10-23-18,start,testing'
ptd-server 2023-03-02 10:34:20,810 [INFO] Sending to ptd: 'SR,V,252.450000'
ptd-server 2023-03-02 10:34:22,655 [INFO] Reply from ptd: 'Range V changed'
ptd-server 2023-03-02 10:34:22,655 [INFO] Sending to ptd: 'SR,A,0.076330'
ptd-server 2023-03-02 10:34:24,156 [INFO] Reply from ptd: 'Range A changed'
ptd-server 2023-03-02 10:34:34,164 [INFO] Starting testing mode
ptd-server 2023-03-02 10:34:34,164 [INFO] Sending to ptd: 'Go,1000,0,2023-03-02_10-23-18_testing'
ptd-server 2023-03-02 10:34:34,164 [INFO] Reply from ptd: 'Starting untimed measurement, maximum 500000 samples at 1000ms with 0 rampup samples'
ptd-server 2023-03-02 10:34:34,165 [INFO] Sending reply to client 'OK'
ptd-server 2023-03-02 10:44:58,537 [INFO] Got command from the client 'session,2023-03-02_10-23-18,stop,testing'
ptd-server 2023-03-02 10:45:08,548 [INFO] Sending to ptd: 'Stop'
ptd-server 2023-03-02 10:45:08,548 [INFO] Reply from ptd: 'Stopping untimed measurement'
ptd-server 2023-03-02 10:45:08,589 [INFO] Sending reply to client 'OK'
ptd-server 2023-03-02 10:45:08,610 [INFO] Got command from the client 'session,2023-03-02_10-23-18,done'
ptd-server 2023-03-02 10:45:08,610 [INFO] Sending to ptd: 'Stop'
ptd-server 2023-03-02 10:45:09,164 [INFO] Reply from ptd: 'Error: no measurement to stop'
ptd-server 2023-03-02 10:45:09,165 [INFO] Sending to ptd: 'SR,V,Auto'
ptd-server 2023-03-02 10:45:09,667 [INFO] Reply from ptd: 'Range V changed'
ptd-server 2023-03-02 10:45:09,667 [INFO] Sending to ptd: 'SR,A,Auto'
ptd-server 2023-03-02 10:45:10,170 [INFO] Reply from ptd: 'Range A changed'
ptd-server 2023-03-02 10:45:10,170 [INFO] Set initial values for Amps Auto and Volts Auto
ptd-server 2023-03-02 10:45:10,170 [INFO] Stopping ptd...
