ptd-server 2023-02-27 13:51:06,733 [INFO] Got command from the client 'time'
ptd-server 2023-02-27 13:51:06,734 [INFO] Sending reply to client '1677505866.734166'
ptd-server 2023-02-27 13:51:06,735 [INFO] Got command from the client 'new,,50cbe1b6-7352-481e-9b8e-e9eaf3707223'
ptd-server 2023-02-27 13:51:06,736 [INFO] Sending reply to client 'OK 2023-02-27_13-51-06,93ce96ae-3846-48b6-8ec5-f5fc9a4c550d'
ptd-server 2023-02-27 13:51:06,758 [INFO] Got command from the client 'time'
ptd-server 2023-02-27 13:51:06,758 [INFO] Sending reply to client '1677505866.7584558'
ptd-server 2023-02-27 13:51:06,760 [INFO] Got command from the client 'session,2023-02-27_13-51-06,start,ranging'
ptd-server 2023-02-27 13:51:06,760 [INFO] Running PTDaemon: ['/home/anton/projects/mlperf/power/inference_v1.0/ptd-linux-x86', '-l', '/tmp/tmpu4v721n6/ptd_logfile.txt', '-p', '8888', '49', '/dev/usbtmc0']
ptd-server 2023-02-27 13:51:23,847 [INFO] Sending to ptd: 'Hello'
ptd-server 2023-02-27 13:51:23,848 [INFO] Reply from ptd: 'Hello, PTDaemon here!'
ptd-server 2023-02-27 13:51:23,848 [INFO] Sending to ptd: 'Identify'
ptd-server 2023-02-27 13:51:23,848 [INFO] Reply from ptd: 'YokogawaWT310E,1000,1,1,1,1,0,1,1,version=1.10.0-ed9a21d2-20220817,OS=Linux 5.15.0-60-generic #66~20.04.1-Ubuntu SMP Wed Jan 25 09:41:30 UTC 2023 x86_64,mode=power,1,1,1,0,0,no_cal_date,YOKOGAWA;WT310E;C3XA04010E;F1.04'
ptd-server 2023-02-27 13:51:23,848 [INFO] Connected to PTDaemon
ptd-server 2023-02-27 13:51:23,849 [INFO] Sending to ptd: 'RR'
ptd-server 2023-02-27 13:51:23,849 [INFO] Reply from ptd: 'Ranges,0,0.100000,0,300.000000'
ptd-server 2023-02-27 13:51:23,849 [INFO] Initial range for Amps is 0.100000 for Volts is 300.000000
ptd-server 2023-02-27 13:51:23,849 [INFO] Sending to ptd: 'SR,V,Auto'
ptd-server 2023-02-27 13:51:24,352 [INFO] Reply from ptd: 'Range V changed'
ptd-server 2023-02-27 13:51:24,352 [INFO] Sending to ptd: 'SR,A,Auto'
ptd-server 2023-02-27 13:51:24,854 [INFO] Reply from ptd: 'Range A changed'
ptd-server 2023-02-27 13:51:34,864 [INFO] Starting ranging mode
ptd-server 2023-02-27 13:51:34,865 [INFO] Sending to ptd: 'Go,1000,0,2023-02-27_13-51-06_ranging'
ptd-server 2023-02-27 13:51:34,865 [INFO] Reply from ptd: 'Starting untimed measurement, maximum 500000 samples at 1000ms with 0 rampup samples'
ptd-server 2023-02-27 13:51:34,865 [INFO] Sending reply to client 'OK'
ptd-server 2023-02-27 14:02:11,064 [INFO] Got command from the client 'session,2023-02-27_13-51-06,stop,ranging'
ptd-server 2023-02-27 14:02:21,074 [INFO] Sending to ptd: 'Stop'
ptd-server 2023-02-27 14:02:21,075 [INFO] Reply from ptd: 'Stopping untimed measurement'
ptd-server 2023-02-27 14:02:21,410 [INFO] Sending reply to client 'OK'
ptd-server 2023-02-27 14:02:21,503 [INFO] Got command from the client 'time'
ptd-server 2023-02-27 14:02:21,504 [INFO] Sending reply to client '1677506541.504'
ptd-server 2023-02-27 14:02:21,505 [INFO] Got command from the client 'session,2023-02-27_13-51-06,start,testing'
ptd-server 2023-02-27 14:02:21,505 [INFO] Sending to ptd: 'SR,V,252.500000'
ptd-server 2023-02-27 14:02:23,366 [INFO] Reply from ptd: 'Range V changed'
ptd-server 2023-02-27 14:02:23,367 [INFO] Sending to ptd: 'SR,A,0.054170'
ptd-server 2023-02-27 14:02:24,868 [INFO] Reply from ptd: 'Range A changed'
ptd-server 2023-02-27 14:02:34,876 [INFO] Starting testing mode
ptd-server 2023-02-27 14:02:34,876 [INFO] Sending to ptd: 'Go,1000,0,2023-02-27_13-51-06_testing'
ptd-server 2023-02-27 14:02:34,876 [INFO] Reply from ptd: 'Starting untimed measurement, maximum 500000 samples at 1000ms with 0 rampup samples'
ptd-server 2023-02-27 14:02:34,877 [INFO] Sending reply to client 'OK'
ptd-server 2023-02-27 14:13:10,471 [INFO] Got command from the client 'session,2023-02-27_13-51-06,stop,testing'
ptd-server 2023-02-27 14:13:20,480 [INFO] Sending to ptd: 'Stop'
ptd-server 2023-02-27 14:13:20,480 [INFO] Reply from ptd: 'Stopping untimed measurement'
ptd-server 2023-02-27 14:13:20,662 [INFO] Sending reply to client 'OK'
ptd-server 2023-02-27 14:13:20,681 [INFO] Got command from the client 'session,2023-02-27_13-51-06,done'
ptd-server 2023-02-27 14:13:20,681 [INFO] Sending to ptd: 'Stop'
ptd-server 2023-02-27 14:13:20,876 [INFO] Reply from ptd: 'Error: no measurement to stop'
ptd-server 2023-02-27 14:13:20,877 [INFO] Sending to ptd: 'SR,V,300.000000'
ptd-server 2023-02-27 14:13:22,378 [INFO] Reply from ptd: 'Range V changed'
ptd-server 2023-02-27 14:13:22,378 [INFO] Sending to ptd: 'SR,A,0.100000'
ptd-server 2023-02-27 14:13:23,879 [INFO] Reply from ptd: 'Range A changed'
ptd-server 2023-02-27 14:13:23,880 [INFO] Set initial values for Amps 0.100000 and Volts 300.000000
ptd-server 2023-02-27 14:13:23,880 [INFO] Stopping ptd...
