ptd-server 2023-02-22 10:52:02,117 [INFO] Got command from the client 'time'
ptd-server 2023-02-22 10:52:02,117 [INFO] Sending reply to client '1677063122.1173604'
ptd-server 2023-02-22 10:52:02,118 [INFO] Got command from the client 'new,,49c8d9ee-8c4f-4940-b1ca-ea476b8d38b5'
ptd-server 2023-02-22 10:52:02,119 [INFO] Sending reply to client 'OK 2023-02-22_10-52-02,75e07314-5bf9-4f5e-92f2-aeb27ae4d92c'
ptd-server 2023-02-22 10:52:02,141 [INFO] Got command from the client 'time'
ptd-server 2023-02-22 10:52:02,141 [INFO] Sending reply to client '1677063122.141806'
ptd-server 2023-02-22 10:52:02,142 [INFO] Got command from the client 'session,2023-02-22_10-52-02,start,ranging'
ptd-server 2023-02-22 10:52:02,143 [INFO] Running PTDaemon: ['/home/anton/projects/mlperf/power/inference_v1.0/ptd-linux-x86', '-l', '/tmp/tmp4yl1neqp/ptd_logfile.txt', '-p', '8888', '49', '/dev/usbtmc0']
ptd-server 2023-02-22 10:52:19,217 [INFO] Sending to ptd: 'Hello'
ptd-server 2023-02-22 10:52:19,218 [INFO] Reply from ptd: 'Hello, PTDaemon here!'
ptd-server 2023-02-22 10:52:19,218 [INFO] Sending to ptd: 'Identify'
ptd-server 2023-02-22 10:52:19,218 [INFO] Reply from ptd: 'YokogawaWT310E,1000,1,1,1,1,0,1,1,version=1.10.0-ed9a21d2-20220817,OS=Linux 5.15.0-60-generic #66~20.04.1-Ubuntu SMP Wed Jan 25 09:41:30 UTC 2023 x86_64,mode=power,1,1,1,0,0,no_cal_date,YOKOGAWA;WT310E;C3XA04010E;F1.04'
ptd-server 2023-02-22 10:52:19,218 [INFO] Connected to PTDaemon
ptd-server 2023-02-22 10:52:19,218 [INFO] Sending to ptd: 'RR'
ptd-server 2023-02-22 10:52:19,219 [INFO] Reply from ptd: 'Ranges,1,0.100000,1,300.000000'
ptd-server 2023-02-22 10:52:19,219 [INFO] Initial range for Amps is Auto for Volts is Auto
ptd-server 2023-02-22 10:52:19,219 [INFO] Sending to ptd: 'SR,V,Auto'
ptd-server 2023-02-22 10:52:19,721 [INFO] Reply from ptd: 'Range V changed'
ptd-server 2023-02-22 10:52:19,722 [INFO] Sending to ptd: 'SR,A,Auto'
ptd-server 2023-02-22 10:52:20,224 [INFO] Reply from ptd: 'Range A changed'
ptd-server 2023-02-22 10:52:30,234 [INFO] Starting ranging mode
ptd-server 2023-02-22 10:52:30,235 [INFO] Sending to ptd: 'Go,1000,0,2023-02-22_10-52-02_ranging'
ptd-server 2023-02-22 10:52:30,235 [INFO] Reply from ptd: 'Starting untimed measurement, maximum 500000 samples at 1000ms with 0 rampup samples'
ptd-server 2023-02-22 10:52:30,235 [INFO] Sending reply to client 'OK'
ptd-server 2023-02-22 11:02:50,423 [INFO] Got command from the client 'session,2023-02-22_10-52-02,stop,ranging'
ptd-server 2023-02-22 11:03:00,433 [INFO] Sending to ptd: 'Stop'
ptd-server 2023-02-22 11:03:00,434 [INFO] Reply from ptd: 'Stopping untimed measurement'
ptd-server 2023-02-22 11:03:00,861 [INFO] Sending reply to client 'OK'
ptd-server 2023-02-22 11:03:00,894 [INFO] Got command from the client 'time'
ptd-server 2023-02-22 11:03:00,894 [INFO] Sending reply to client '1677063780.894199'
ptd-server 2023-02-22 11:03:00,895 [INFO] Got command from the client 'session,2023-02-22_10-52-02,start,testing'
ptd-server 2023-02-22 11:03:00,895 [INFO] Sending to ptd: 'SR,V,253.260000'
ptd-server 2023-02-22 11:03:02,736 [INFO] Reply from ptd: 'Range V changed'
ptd-server 2023-02-22 11:03:02,736 [INFO] Sending to ptd: 'SR,A,0.050690'
ptd-server 2023-02-22 11:03:04,237 [INFO] Reply from ptd: 'Range A changed'
ptd-server 2023-02-22 11:03:14,248 [INFO] Starting testing mode
ptd-server 2023-02-22 11:03:14,248 [INFO] Sending to ptd: 'Go,1000,0,2023-02-22_10-52-02_testing'
ptd-server 2023-02-22 11:03:14,248 [INFO] Reply from ptd: 'Starting untimed measurement, maximum 500000 samples at 1000ms with 0 rampup samples'
ptd-server 2023-02-22 11:03:14,249 [INFO] Sending reply to client 'OK'
ptd-server 2023-02-22 11:13:34,314 [INFO] Got command from the client 'session,2023-02-22_10-52-02,stop,testing'
ptd-server 2023-02-22 11:13:44,325 [INFO] Sending to ptd: 'Stop'
ptd-server 2023-02-22 11:13:44,325 [INFO] Reply from ptd: 'Stopping untimed measurement'
ptd-server 2023-02-22 11:13:44,552 [INFO] Sending reply to client 'OK'
ptd-server 2023-02-22 11:13:44,560 [INFO] Got command from the client 'session,2023-02-22_10-52-02,done'
ptd-server 2023-02-22 11:13:44,560 [INFO] Sending to ptd: 'Stop'
ptd-server 2023-02-22 11:13:45,248 [INFO] Reply from ptd: 'Error: no measurement to stop'
ptd-server 2023-02-22 11:13:45,248 [INFO] Sending to ptd: 'SR,V,Auto'
ptd-server 2023-02-22 11:13:45,751 [INFO] Reply from ptd: 'Range V changed'
ptd-server 2023-02-22 11:13:45,751 [INFO] Sending to ptd: 'SR,A,Auto'
ptd-server 2023-02-22 11:13:46,254 [INFO] Reply from ptd: 'Range A changed'
ptd-server 2023-02-22 11:13:46,254 [INFO] Set initial values for Amps Auto and Volts Auto
ptd-server 2023-02-22 11:13:46,254 [INFO] Stopping ptd...
