ptd-server 2023-02-26 03:53:51,831 [INFO] Got command from the client 'time'
ptd-server 2023-02-26 03:53:51,832 [INFO] Sending reply to client '1677383631.832066'
ptd-server 2023-02-26 03:53:51,833 [INFO] Got command from the client 'new,,3f92e3ed-71a7-4868-9ee2-1392a4b5489a'
ptd-server 2023-02-26 03:53:51,834 [INFO] Sending reply to client 'OK 2023-02-26_03-53-51,781cadbc-5bb5-4cc1-8070-d5332ebe05a6'
ptd-server 2023-02-26 03:53:51,858 [INFO] Got command from the client 'time'
ptd-server 2023-02-26 03:53:51,858 [INFO] Sending reply to client '1677383631.8581727'
ptd-server 2023-02-26 03:53:51,862 [INFO] Got command from the client 'session,2023-02-26_03-53-51,start,ranging'
ptd-server 2023-02-26 03:53:51,862 [INFO] Running PTDaemon: ['/home/anton/projects/mlperf/power/inference_v1.0/ptd-linux-x86', '-l', '/tmp/tmpu4v721n6/ptd_logfile.txt', '-p', '8888', '49', '/dev/usbtmc0']
ptd-server 2023-02-26 03:54:08,950 [INFO] Sending to ptd: 'Hello'
ptd-server 2023-02-26 03:54:08,951 [INFO] Reply from ptd: 'Hello, PTDaemon here!'
ptd-server 2023-02-26 03:54:08,951 [INFO] Sending to ptd: 'Identify'
ptd-server 2023-02-26 03:54:08,951 [INFO] Reply from ptd: 'YokogawaWT310E,1000,1,1,1,1,0,1,1,version=1.10.0-ed9a21d2-20220817,OS=Linux 5.15.0-60-generic #66~20.04.1-Ubuntu SMP Wed Jan 25 09:41:30 UTC 2023 x86_64,mode=power,1,1,1,0,0,no_cal_date,YOKOGAWA;WT310E;C3XA04010E;F1.04'
ptd-server 2023-02-26 03:54:08,952 [INFO] Connected to PTDaemon
ptd-server 2023-02-26 03:54:08,952 [INFO] Sending to ptd: 'RR'
ptd-server 2023-02-26 03:54:08,952 [INFO] Reply from ptd: 'Ranges,0,0.100000,0,300.000000'
ptd-server 2023-02-26 03:54:08,952 [INFO] Initial range for Amps is 0.100000 for Volts is 300.000000
ptd-server 2023-02-26 03:54:08,952 [INFO] Sending to ptd: 'SR,V,Auto'
ptd-server 2023-02-26 03:54:09,455 [INFO] Reply from ptd: 'Range V changed'
ptd-server 2023-02-26 03:54:09,455 [INFO] Sending to ptd: 'SR,A,Auto'
ptd-server 2023-02-26 03:54:09,957 [INFO] Reply from ptd: 'Range A changed'
ptd-server 2023-02-26 03:54:19,964 [INFO] Starting ranging mode
ptd-server 2023-02-26 03:54:19,964 [INFO] Sending to ptd: 'Go,1000,0,2023-02-26_03-53-51_ranging'
ptd-server 2023-02-26 03:54:19,964 [INFO] Reply from ptd: 'Starting untimed measurement, maximum 500000 samples at 1000ms with 0 rampup samples'
ptd-server 2023-02-26 03:54:19,965 [INFO] Sending reply to client 'OK'
ptd-server 2023-02-26 04:04:34,988 [INFO] Got command from the client 'session,2023-02-26_03-53-51,stop,ranging'
ptd-server 2023-02-26 04:04:44,996 [INFO] Sending to ptd: 'Stop'
ptd-server 2023-02-26 04:04:44,996 [INFO] Reply from ptd: 'Stopping untimed measurement'
ptd-server 2023-02-26 04:04:45,188 [INFO] Sending reply to client 'OK'
ptd-server 2023-02-26 04:04:45,277 [INFO] Got command from the client 'time'
ptd-server 2023-02-26 04:04:45,277 [INFO] Sending reply to client '1677384285.2772524'
ptd-server 2023-02-26 04:04:45,279 [INFO] Got command from the client 'session,2023-02-26_03-53-51,start,testing'
ptd-server 2023-02-26 04:04:45,280 [INFO] Sending to ptd: 'SR,V,252.270000'
ptd-server 2023-02-26 04:04:47,466 [INFO] Reply from ptd: 'Range V changed'
ptd-server 2023-02-26 04:04:47,467 [INFO] Sending to ptd: 'SR,A,0.043330'
ptd-server 2023-02-26 04:04:48,968 [INFO] Reply from ptd: 'Range A changed'
ptd-server 2023-02-26 04:04:58,978 [INFO] Starting testing mode
ptd-server 2023-02-26 04:04:58,979 [INFO] Sending to ptd: 'Go,1000,0,2023-02-26_03-53-51_testing'
ptd-server 2023-02-26 04:04:58,979 [INFO] Reply from ptd: 'Starting untimed measurement, maximum 500000 samples at 1000ms with 0 rampup samples'
ptd-server 2023-02-26 04:04:58,979 [INFO] Sending reply to client 'OK'
ptd-server 2023-02-26 04:15:14,051 [INFO] Got command from the client 'session,2023-02-26_03-53-51,stop,testing'
ptd-server 2023-02-26 04:15:24,060 [INFO] Sending to ptd: 'Stop'
ptd-server 2023-02-26 04:15:24,060 [INFO] Reply from ptd: 'Stopping untimed measurement'
ptd-server 2023-02-26 04:15:24,161 [INFO] Sending reply to client 'OK'
ptd-server 2023-02-26 04:15:24,179 [INFO] Got command from the client 'session,2023-02-26_03-53-51,done'
ptd-server 2023-02-26 04:15:24,180 [INFO] Sending to ptd: 'Stop'
ptd-server 2023-02-26 04:15:24,979 [INFO] Reply from ptd: 'Error: no measurement to stop'
ptd-server 2023-02-26 04:15:24,979 [INFO] Sending to ptd: 'SR,V,300.000000'
ptd-server 2023-02-26 04:15:26,481 [INFO] Reply from ptd: 'Range V changed'
ptd-server 2023-02-26 04:15:26,481 [INFO] Sending to ptd: 'SR,A,0.100000'
ptd-server 2023-02-26 04:15:27,982 [INFO] Reply from ptd: 'Range A changed'
ptd-server 2023-02-26 04:15:27,983 [INFO] Set initial values for Amps 0.100000 and Volts 300.000000
ptd-server 2023-02-26 04:15:27,983 [INFO] Stopping ptd...
