client 2023-02-18 17:24:53,355 [INFO] Sending command to the server: 'mlcommons/power client v3'
client 2023-02-18 17:24:53,356 [INFO] Got response: 'mlcommons/power server v3'
client 2023-02-18 17:24:53,356 [INFO] Sending command to the server: 'stop'
client 2023-02-18 17:24:53,357 [INFO] Got response: 'OK'
client 2023-02-18 17:24:53,357 [INFO] Synchronizing with the server and with ib-01.dc4-in.nvidia.com...
client 2023-02-18 17:24:53,586 [INFO] NTP:offset = -0.001 s, delay = 0.218 s 
client 2023-02-18 17:24:53,586 [INFO] Sending command to the server: 'time'
client 2023-02-18 17:24:53,588 [INFO] Got response: '1676741093.5901635'
client 2023-02-18 17:24:53,588 [INFO] The time difference between the client and the server is within range -3.263 ms..-1.849 ms
client 2023-02-18 17:24:53,588 [INFO] Sending command to the server: 'new,,712981e7-f9a3-4161-a1c6-3f70dbc4e54a'
client 2023-02-18 17:24:53,589 [INFO] Got response: 'OK 2023-02-18_09-24-53,44ece82d-d68c-43e0-ace6-02e106e64816'
client 2023-02-18 17:24:53,589 [INFO] Session id is '2023-02-18_09-24-53'
client 2023-02-18 17:24:53,590 [INFO] Sources: {"sources": {"__init__.py": "da39a3ee5e6b4b0d3255bfef95601890afd80709", "client.py": "33ca4f26368777ac06e01f9567b714a4b8063886", "lib/__init__.py": "da39a3ee5e6b4b0d3255bfef95601890afd80709", "lib/client.py": "4c2b78fb4849a7e5b584ef792d82aaed20b17f57", "lib/common.py": "624d0c0acc7c39aaff3674f0b99d6a09da53d1dc", "lib/external/__init__.py": "da39a3ee5e6b4b0d3255bfef95601890afd80709", "lib/external/ntplib.py": "4da8f970656505a40483206ef2b5d3dd5e81711d", "lib/server.py": "cda0cdfaee9bfa1249c64a7dd4f89b7bf1b279f0", "lib/source_hashes.py": "60a2e02193209e8d392803326208d5466342da18", "lib/summary.py": "aa92f0a3f975eecd44d3c0cd0236342ccc9f941d", "lib/time_sync.py": "3210db56eb0ff0df57bf4293dc4d4b03fffd46f1", "server.py": "c3f90f2f7eeb4db30727556d0c815ebc89b3d28b", "tests/unit/__init__.py": "da39a3ee5e6b4b0d3255bfef95601890afd80709", "tests/unit/test_server.py": "99ae15aef722f2000ee6ed1ae1523637bf1ae42b", "tests/unit/test_source_hashes.py": "00468a2907583c593e6574a1f6b404e4651c221a"}, "modules": {"ptd_client_server.lib.client": "lib/client.py", "ptd_client_server.lib.common": "lib/common.py", "ptd_client_server.lib.external.ntplib": "lib/external/ntplib.py", "ptd_client_server.lib.source_hashes": "lib/source_hashes.py", "ptd_client_server.lib.summary": "lib/summary.py", "ptd_client_server.lib.time_sync": "lib/time_sync.py"}}
client 2023-02-18 17:24:53,592 [INFO] Running workload in ranging mode
client 2023-02-18 17:24:53,592 [INFO] Synchronizing with the server and with ib-01.dc4-in.nvidia.com...
client 2023-02-18 17:24:53,812 [INFO] NTP:offset = -0.000 s, delay = 0.217 s 
client 2023-02-18 17:24:53,812 [INFO] Sending command to the server: 'time'
client 2023-02-18 17:24:53,813 [INFO] Got response: '1676741093.8158321'
client 2023-02-18 17:24:53,814 [INFO] The time difference between the client and the server is within range -3.097 ms..-1.762 ms
client 2023-02-18 17:24:53,814 [INFO] Sending command to the server: 'session,2023-02-18_09-24-53,start,ranging'
client 2023-02-18 17:25:21,917 [INFO] Got response: 'OK'
client 2023-02-18 17:25:21,917 [INFO] Running the workload 'LOG_DIR=/work/build/power_logs_temp python3 -m code.main --benchmarks=bert --scenarios=SingleStream --test_mode=PerformanceOnly --config_ver=maxq --action="run_harness" \\\n\t\t2>&1 | tee -a /work/build/power_logs/2023.02.18-17.24.36/stdout.txt \\\n\t\t&& if [ ! -d /work/build/power_logs/2023.02.18-17.24.36/ranging_tmp ]; \\\n\t\t\tthen mkdir /work/build/power_logs/2023.02.18-17.24.36/ranging_tmp \\\n\t\t\t\t&& mv /work/build/power_logs_temp/* /work/build/power_logs/2023.02.18-17.24.36/ranging_tmp/ \\\n\t\t\t\t&& cp -v /work/build/power_logs/2023.02.18-17.24.36/ranging_tmp/*/*/*/mlperf_log_detail.txt /work/build/power_logs_temp/ \\\n\t\t\t\t&& cp -v /work/build/power_logs/2023.02.18-17.24.36/ranging_tmp/*/*/*/mlperf_log_summary.txt /work/build/power_logs_temp/; \\\n\t\t\telse mkdir /work/build/power_logs/2023.02.18-17.24.36/testing_tmp \\\n\t\t\t\t&& mv /work/build/power_logs_temp/* /work/build/power_logs/2023.02.18-17.24.36/testing_tmp/ \\\n\t\t\t\t&& cp -v /work/build/power_logs/2023.02.18-17.24.36/testing_tmp/*/*/*/mlperf_log_detail.txt /work/build/power_logs_temp/ \\\n\t\t\t\t&& cp -v /work/build/power_logs/2023.02.18-17.24.36/testing_tmp/*/*/*/mlperf_log_summary.txt /work/build/power_logs_temp/; fi'
client 2023-02-18 17:35:46,532 [INFO] Sending command to the server: 'session,2023-02-18_09-24-53,stop,ranging'
client 2023-02-18 17:35:56,559 [INFO] Got response: 'OK'
client 2023-02-18 17:35:56,593 [INFO] Copying loadgen logs from '/work/build/power_logs_temp' to '/work/build/power_logs/2023.02.18-17.24.36/2023-02-18_09-24-53/ranging'
client 2023-02-18 17:35:56,608 [INFO] Running workload in testing mode
client 2023-02-18 17:35:56,608 [INFO] Synchronizing with the server and with ib-01.dc4-in.nvidia.com...
client 2023-02-18 17:35:56,831 [INFO] NTP:offset = 0.001 s, delay = 0.216 s 
client 2023-02-18 17:35:56,831 [INFO] Sending command to the server: 'time'
client 2023-02-18 17:35:56,832 [INFO] Got response: '1676741756.8355968'
client 2023-02-18 17:35:56,832 [INFO] The time difference between the client and the server is within range -4.214 ms..-2.732 ms
client 2023-02-18 17:35:56,833 [INFO] Sending command to the server: 'session,2023-02-18_09-24-53,start,testing'
client 2023-02-18 17:36:09,932 [INFO] Got response: 'OK'
client 2023-02-18 17:36:09,932 [INFO] Running the workload 'LOG_DIR=/work/build/power_logs_temp python3 -m code.main --benchmarks=bert --scenarios=SingleStream --test_mode=PerformanceOnly --config_ver=maxq --action="run_harness" \\\n\t\t2>&1 | tee -a /work/build/power_logs/2023.02.18-17.24.36/stdout.txt \\\n\t\t&& if [ ! -d /work/build/power_logs/2023.02.18-17.24.36/ranging_tmp ]; \\\n\t\t\tthen mkdir /work/build/power_logs/2023.02.18-17.24.36/ranging_tmp \\\n\t\t\t\t&& mv /work/build/power_logs_temp/* /work/build/power_logs/2023.02.18-17.24.36/ranging_tmp/ \\\n\t\t\t\t&& cp -v /work/build/power_logs/2023.02.18-17.24.36/ranging_tmp/*/*/*/mlperf_log_detail.txt /work/build/power_logs_temp/ \\\n\t\t\t\t&& cp -v /work/build/power_logs/2023.02.18-17.24.36/ranging_tmp/*/*/*/mlperf_log_summary.txt /work/build/power_logs_temp/; \\\n\t\t\telse mkdir /work/build/power_logs/2023.02.18-17.24.36/testing_tmp \\\n\t\t\t\t&& mv /work/build/power_logs_temp/* /work/build/power_logs/2023.02.18-17.24.36/testing_tmp/ \\\n\t\t\t\t&& cp -v /work/build/power_logs/2023.02.18-17.24.36/testing_tmp/*/*/*/mlperf_log_detail.txt /work/build/power_logs_temp/ \\\n\t\t\t\t&& cp -v /work/build/power_logs/2023.02.18-17.24.36/testing_tmp/*/*/*/mlperf_log_summary.txt /work/build/power_logs_temp/; fi'
client 2023-02-18 17:46:22,830 [INFO] Sending command to the server: 'session,2023-02-18_09-24-53,stop,testing'
client 2023-02-18 17:46:32,846 [INFO] Got response: 'OK'
client 2023-02-18 17:46:32,857 [INFO] Copying loadgen logs from '/work/build/power_logs_temp' to '/work/build/power_logs/2023.02.18-17.24.36/2023-02-18_09-24-53/run_1'
client 2023-02-18 17:46:32,873 [INFO] Done runs
