ptd-server 2023-02-18 09:24:53,359 [INFO] Got command from the client 'stop'
ptd-server 2023-02-18 09:24:53,359 [INFO] The server will be stopped after processing this client
ptd-server 2023-02-18 09:24:53,359 [INFO] Sending reply to client 'OK'
ptd-server 2023-02-18 09:24:53,589 [INFO] Got command from the client 'time'
ptd-server 2023-02-18 09:24:53,590 [INFO] Sending reply to client '1676741093.5901635'
ptd-server 2023-02-18 09:24:53,591 [INFO] Got command from the client 'new,,712981e7-f9a3-4161-a1c6-3f70dbc4e54a'
ptd-server 2023-02-18 09:24:53,591 [INFO] Sending reply to client 'OK 2023-02-18_09-24-53,44ece82d-d68c-43e0-ace6-02e106e64816'
ptd-server 2023-02-18 09:24:53,815 [INFO] Got command from the client 'time'
ptd-server 2023-02-18 09:24:53,815 [INFO] Sending reply to client '1676741093.8158321'
ptd-server 2023-02-18 09:24:53,817 [INFO] Got command from the client 'session,2023-02-18_09-24-53,start,ranging'
ptd-server 2023-02-18 09:24:53,817 [INFO] Running PTDaemon: ['/usr/bin/ptd-linux-x86', '-l', '/tmp/tmp54p8859l/ptd_logfile.txt', '-p', '8888', '-c', '1', '-y', '52', '10.116.21.204']
ptd-server 2023-02-18 09:25:10,894 [INFO] Sending to ptd: 'Hello'
ptd-server 2023-02-18 09:25:10,895 [INFO] Reply from ptd: 'Hello, PTDaemon here!'
ptd-server 2023-02-18 09:25:10,895 [INFO] Sending to ptd: 'Identify'
ptd-server 2023-02-18 09:25:10,895 [INFO] Reply from ptd: 'YokogawaWT330E,1000,1,1,1,1,0,0,1,version=1.10.0-ed9a21d2-20220817,OS=Linux 5.15.0-60-generic #66~20.04.1-Ubuntu SMP Wed Jan 25 09:41:30 UTC 2023 x86_64,mode=power,1,1,1,0,0,no_cal_date,YOKOGAWA;WT333E;C2VL22012V;F1.04'
ptd-server 2023-02-18 09:25:10,895 [INFO] Connected to PTDaemon
ptd-server 2023-02-18 09:25:10,895 [INFO] Sending to ptd: 'RR'
ptd-server 2023-02-18 09:25:10,895 [INFO] Reply from ptd: 'Ranges,1,0.500000,1,300.000000'
ptd-server 2023-02-18 09:25:10,895 [INFO] Initial range for Amps is Auto for Volts is Auto
ptd-server 2023-02-18 09:25:10,895 [INFO] Sending to ptd: 'SR,V,Auto'
ptd-server 2023-02-18 09:25:11,400 [INFO] Reply from ptd: 'Range V changed'
ptd-server 2023-02-18 09:25:11,401 [INFO] Sending to ptd: 'SR,A,Auto'
ptd-server 2023-02-18 09:25:11,906 [INFO] Reply from ptd: 'Range A changed'
ptd-server 2023-02-18 09:25:21,916 [INFO] Starting ranging mode
ptd-server 2023-02-18 09:25:21,917 [INFO] Sending to ptd: 'Go,1000,0,2023-02-18_09-24-53_ranging'
ptd-server 2023-02-18 09:25:21,917 [INFO] Reply from ptd: 'Starting untimed measurement, maximum 500000 samples at 1000ms with 0 rampup samples'
ptd-server 2023-02-18 09:25:21,917 [INFO] Sending reply to client 'OK'
ptd-server 2023-02-18 09:35:46,536 [INFO] Got command from the client 'session,2023-02-18_09-24-53,stop,ranging'
ptd-server 2023-02-18 09:35:56,547 [INFO] Sending to ptd: 'Stop'
ptd-server 2023-02-18 09:35:56,547 [INFO] Reply from ptd: 'Stopping untimed measurement'
ptd-server 2023-02-18 09:35:56,561 [INFO] Sending reply to client 'OK'
ptd-server 2023-02-18 09:35:56,835 [INFO] Got command from the client 'time'
ptd-server 2023-02-18 09:35:56,835 [INFO] Sending reply to client '1676741756.8355968'
ptd-server 2023-02-18 09:35:56,836 [INFO] Got command from the client 'session,2023-02-18_09-24-53,start,testing'
ptd-server 2023-02-18 09:35:56,837 [INFO] Sending to ptd: 'SR,V,207.100000'
ptd-server 2023-02-18 09:35:58,422 [INFO] Reply from ptd: 'Range V changed'
ptd-server 2023-02-18 09:35:58,422 [INFO] Sending to ptd: 'SR,A,0.440300'
ptd-server 2023-02-18 09:35:59,927 [INFO] Reply from ptd: 'Range A changed'
ptd-server 2023-02-18 09:36:09,933 [INFO] Starting testing mode
ptd-server 2023-02-18 09:36:09,933 [INFO] Sending to ptd: 'Go,1000,0,2023-02-18_09-24-53_testing'
ptd-server 2023-02-18 09:36:09,934 [INFO] Reply from ptd: 'Starting untimed measurement, maximum 500000 samples at 1000ms with 0 rampup samples'
ptd-server 2023-02-18 09:36:09,934 [INFO] Sending reply to client 'OK'
ptd-server 2023-02-18 09:46:22,835 [INFO] Got command from the client 'session,2023-02-18_09-24-53,stop,testing'
ptd-server 2023-02-18 09:46:32,845 [INFO] Sending to ptd: 'Stop'
ptd-server 2023-02-18 09:46:32,846 [INFO] Reply from ptd: 'Stopping untimed measurement'
ptd-server 2023-02-18 09:46:32,849 [INFO] Sending reply to client 'OK'
ptd-server 2023-02-18 09:46:32,896 [INFO] Got command from the client 'session,2023-02-18_09-24-53,done'
ptd-server 2023-02-18 09:46:32,896 [INFO] Sending to ptd: 'Stop'
ptd-server 2023-02-18 09:46:32,935 [INFO] Reply from ptd: 'Error: no measurement to stop'
ptd-server 2023-02-18 09:46:32,935 [INFO] Sending to ptd: 'SR,V,Auto'
ptd-server 2023-02-18 09:46:33,441 [INFO] Reply from ptd: 'Range V changed'
ptd-server 2023-02-18 09:46:33,441 [INFO] Sending to ptd: 'SR,A,Auto'
ptd-server 2023-02-18 09:46:33,947 [INFO] Reply from ptd: 'Range A changed'
ptd-server 2023-02-18 09:46:33,947 [INFO] Set initial values for Amps Auto and Volts Auto
ptd-server 2023-02-18 09:46:33,947 [INFO] Stopping ptd...
