ptd-server 2023-03-02 07:56:21,790 [INFO] Got command from the client 'time'
ptd-server 2023-03-02 07:56:21,791 [INFO] Sending reply to client '1677743781.791095'
ptd-server 2023-03-02 07:56:21,792 [INFO] Got command from the client 'new,,d58eb1e1-75e0-4b83-b3c0-da07264a738c'
ptd-server 2023-03-02 07:56:21,794 [INFO] Sending reply to client 'OK 2023-03-02_07-56-21,102e10af-f2b1-4116-b824-22a8486a28ef'
ptd-server 2023-03-02 07:56:21,831 [INFO] Got command from the client 'time'
ptd-server 2023-03-02 07:56:21,832 [INFO] Sending reply to client '1677743781.8322854'
ptd-server 2023-03-02 07:56:21,834 [INFO] Got command from the client 'session,2023-03-02_07-56-21,start,ranging'
ptd-server 2023-03-02 07:56:21,835 [INFO] Running PTDaemon: ['/media/arjun/T7_Touch/hp-envy/CM/repos/local/cache/9b3695ca8255492a/power/inference_v1.0/ptd-linux-x86', '-l', '/tmp/tmpti64566v/ptd_logfile.txt', '-p', '8888', '49', '/dev/usbtmc0']
ptd-server 2023-03-02 07:56:38,931 [INFO] Sending to ptd: 'Hello'
ptd-server 2023-03-02 07:56:38,932 [INFO] Reply from ptd: 'Hello, PTDaemon here!'
ptd-server 2023-03-02 07:56:38,932 [INFO] Sending to ptd: 'Identify'
ptd-server 2023-03-02 07:56:38,933 [INFO] Reply from ptd: 'YokogawaWT310E,1000,1,1,1,1,0,1,1,version=1.10.0-ed9a21d2-20220817,OS=Linux 5.15.0-56-generic #62-Ubuntu SMP Tue Nov 22 19:54:14 UTC 2022 x86_64,mode=power,1,1,1,0,0,no_cal_date,YOKOGAWA;WT310E;C3YD21068E;F1.04'
ptd-server 2023-03-02 07:56:38,933 [INFO] Connected to PTDaemon
ptd-server 2023-03-02 07:56:38,933 [INFO] Sending to ptd: 'RR'
ptd-server 2023-03-02 07:56:38,934 [INFO] Reply from ptd: 'Ranges,1,1.000000,0,600.000000'
ptd-server 2023-03-02 07:56:38,934 [INFO] Initial range for Amps is Auto for Volts is 600.000000
ptd-server 2023-03-02 07:56:38,934 [INFO] Sending to ptd: 'SR,V,Auto'
ptd-server 2023-03-02 07:56:39,438 [INFO] Reply from ptd: 'Range V changed'
ptd-server 2023-03-02 07:56:39,438 [INFO] Sending to ptd: 'SR,A,Auto'
ptd-server 2023-03-02 07:56:39,941 [INFO] Reply from ptd: 'Range A changed'
ptd-server 2023-03-02 07:56:49,952 [INFO] Starting ranging mode
ptd-server 2023-03-02 07:56:49,953 [INFO] Sending to ptd: 'Go,1000,0,2023-03-02_07-56-21_ranging'
ptd-server 2023-03-02 07:56:49,954 [INFO] Reply from ptd: 'Starting untimed measurement, maximum 500000 samples at 1000ms with 0 rampup samples'
ptd-server 2023-03-02 07:56:49,954 [INFO] Sending reply to client 'OK'
ptd-server 2023-03-02 08:07:01,888 [INFO] Got command from the client 'session,2023-03-02_07-56-21,stop,ranging'
ptd-server 2023-03-02 08:07:11,899 [INFO] Sending to ptd: 'Stop'
ptd-server 2023-03-02 08:07:11,900 [INFO] Reply from ptd: 'Stopping untimed measurement'
ptd-server 2023-03-02 08:07:12,238 [INFO] Sending reply to client 'OK'
ptd-server 2023-03-02 08:07:12,266 [INFO] Got command from the client 'time'
ptd-server 2023-03-02 08:07:12,267 [INFO] Sending reply to client '1677744432.2670033'
ptd-server 2023-03-02 08:07:12,268 [INFO] Got command from the client 'session,2023-03-02_07-56-21,start,testing'
ptd-server 2023-03-02 08:07:12,268 [INFO] Sending to ptd: 'SR,V,244.990000'
ptd-server 2023-03-02 08:07:13,771 [INFO] Reply from ptd: 'Range V changed'
ptd-server 2023-03-02 08:07:13,772 [INFO] Sending to ptd: 'SR,A,2.597500'
ptd-server 2023-03-02 08:07:15,274 [INFO] Reply from ptd: 'Range A changed'
ptd-server 2023-03-02 08:07:25,285 [INFO] Starting testing mode
ptd-server 2023-03-02 08:07:25,286 [INFO] Sending to ptd: 'Go,1000,0,2023-03-02_07-56-21_testing'
ptd-server 2023-03-02 08:07:25,287 [INFO] Reply from ptd: 'Starting untimed measurement, maximum 500000 samples at 1000ms with 0 rampup samples'
ptd-server 2023-03-02 08:07:25,287 [INFO] Sending reply to client 'OK'
ptd-server 2023-03-02 08:17:34,796 [INFO] Got command from the client 'session,2023-03-02_07-56-21,stop,testing'
ptd-server 2023-03-02 08:17:44,801 [INFO] Sending to ptd: 'Stop'
ptd-server 2023-03-02 08:17:44,802 [INFO] Reply from ptd: 'Stopping untimed measurement'
ptd-server 2023-03-02 08:17:44,974 [INFO] Sending reply to client 'OK'
ptd-server 2023-03-02 08:17:44,978 [INFO] Got command from the client 'session,2023-03-02_07-56-21,done'
ptd-server 2023-03-02 08:17:44,978 [INFO] Sending to ptd: 'Stop'
ptd-server 2023-03-02 08:17:45,289 [INFO] Reply from ptd: 'Error: no measurement to stop'
ptd-server 2023-03-02 08:17:45,289 [INFO] Sending to ptd: 'SR,V,600.000000'
ptd-server 2023-03-02 08:17:46,792 [INFO] Reply from ptd: 'Range V changed'
ptd-server 2023-03-02 08:17:46,793 [INFO] Sending to ptd: 'SR,A,Auto'
ptd-server 2023-03-02 08:17:47,297 [INFO] Reply from ptd: 'Range A changed'
ptd-server 2023-03-02 08:17:47,297 [INFO] Set initial values for Amps Auto and Volts 600.000000
ptd-server 2023-03-02 08:17:47,297 [INFO] Stopping ptd...
