ptd-server 2023-02-22 15:45:43,381 [INFO] Got command from the client 'time'
ptd-server 2023-02-22 15:45:43,381 [INFO] Sending reply to client '1677080743.381744'
ptd-server 2023-02-22 15:45:43,382 [INFO] Got command from the client 'new,,df055a90-e0e0-4392-8ed7-b96c90147f48'
ptd-server 2023-02-22 15:45:43,383 [INFO] Sending reply to client 'OK 2023-02-22_15-45-43,321468f0-e48f-4126-a378-a1eab06d62b4'
ptd-server 2023-02-22 15:45:43,473 [INFO] Got command from the client 'time'
ptd-server 2023-02-22 15:45:43,473 [INFO] Sending reply to client '1677080743.473141'
ptd-server 2023-02-22 15:45:43,474 [INFO] Got command from the client 'session,2023-02-22_15-45-43,start,ranging'
ptd-server 2023-02-22 15:45:43,474 [INFO] Running PTDaemon: ['/home/anton/projects/mlperf/power/inference_v1.0/ptd-linux-x86', '-l', '/tmp/tmp4yl1neqp/ptd_logfile.txt', '-p', '8888', '49', '/dev/usbtmc0']
ptd-server 2023-02-22 15:46:00,548 [INFO] Sending to ptd: 'Hello'
ptd-server 2023-02-22 15:46:00,549 [INFO] Reply from ptd: 'Hello, PTDaemon here!'
ptd-server 2023-02-22 15:46:00,549 [INFO] Sending to ptd: 'Identify'
ptd-server 2023-02-22 15:46:00,549 [INFO] Reply from ptd: 'YokogawaWT310E,1000,1,1,1,1,0,1,1,version=1.10.0-ed9a21d2-20220817,OS=Linux 5.15.0-60-generic #66~20.04.1-Ubuntu SMP Wed Jan 25 09:41:30 UTC 2023 x86_64,mode=power,1,1,1,0,0,no_cal_date,YOKOGAWA;WT310E;C3XA04010E;F1.04'
ptd-server 2023-02-22 15:46:00,549 [INFO] Connected to PTDaemon
ptd-server 2023-02-22 15:46:00,549 [INFO] Sending to ptd: 'RR'
ptd-server 2023-02-22 15:46:00,550 [INFO] Reply from ptd: 'Ranges,1,0.100000,1,300.000000'
ptd-server 2023-02-22 15:46:00,550 [INFO] Initial range for Amps is Auto for Volts is Auto
ptd-server 2023-02-22 15:46:00,550 [INFO] Sending to ptd: 'SR,V,Auto'
ptd-server 2023-02-22 15:46:01,053 [INFO] Reply from ptd: 'Range V changed'
ptd-server 2023-02-22 15:46:01,053 [INFO] Sending to ptd: 'SR,A,Auto'
ptd-server 2023-02-22 15:46:01,555 [INFO] Reply from ptd: 'Range A changed'
ptd-server 2023-02-22 15:46:11,566 [INFO] Starting ranging mode
ptd-server 2023-02-22 15:46:11,566 [INFO] Sending to ptd: 'Go,1000,0,2023-02-22_15-45-43_ranging'
ptd-server 2023-02-22 15:46:11,566 [INFO] Reply from ptd: 'Starting untimed measurement, maximum 500000 samples at 1000ms with 0 rampup samples'
ptd-server 2023-02-22 15:46:11,567 [INFO] Sending reply to client 'OK'
ptd-server 2023-02-22 15:56:28,058 [INFO] Got command from the client 'session,2023-02-22_15-45-43,stop,ranging'
ptd-server 2023-02-22 15:56:38,068 [INFO] Sending to ptd: 'Stop'
ptd-server 2023-02-22 15:56:38,069 [INFO] Reply from ptd: 'Stopping untimed measurement'
ptd-server 2023-02-22 15:56:38,515 [INFO] Sending reply to client 'OK'
ptd-server 2023-02-22 15:56:38,691 [INFO] Got command from the client 'time'
ptd-server 2023-02-22 15:56:38,691 [INFO] Sending reply to client '1677081398.6917803'
ptd-server 2023-02-22 15:56:38,693 [INFO] Got command from the client 'session,2023-02-22_15-45-43,start,testing'
ptd-server 2023-02-22 15:56:38,693 [INFO] Sending to ptd: 'SR,V,251.330000'
ptd-server 2023-02-22 15:56:40,194 [INFO] Reply from ptd: 'Range V changed'
ptd-server 2023-02-22 15:56:40,194 [INFO] Sending to ptd: 'SR,A,0.059760'
ptd-server 2023-02-22 15:56:41,696 [INFO] Reply from ptd: 'Range A changed'
ptd-server 2023-02-22 15:56:51,706 [INFO] Starting testing mode
ptd-server 2023-02-22 15:56:51,706 [INFO] Sending to ptd: 'Go,1000,0,2023-02-22_15-45-43_testing'
ptd-server 2023-02-22 15:56:51,707 [INFO] Reply from ptd: 'Starting untimed measurement, maximum 500000 samples at 1000ms with 0 rampup samples'
ptd-server 2023-02-22 15:56:51,707 [INFO] Sending reply to client 'OK'
ptd-server 2023-02-22 16:07:08,123 [INFO] Got command from the client 'session,2023-02-22_15-45-43,stop,testing'
ptd-server 2023-02-22 16:07:18,133 [INFO] Sending to ptd: 'Stop'
ptd-server 2023-02-22 16:07:18,134 [INFO] Reply from ptd: 'Stopping untimed measurement'
ptd-server 2023-02-22 16:07:18,368 [INFO] Sending reply to client 'OK'
ptd-server 2023-02-22 16:07:18,376 [INFO] Got command from the client 'session,2023-02-22_15-45-43,done'
ptd-server 2023-02-22 16:07:18,377 [INFO] Sending to ptd: 'Stop'
ptd-server 2023-02-22 16:07:18,707 [INFO] Reply from ptd: 'Error: no measurement to stop'
ptd-server 2023-02-22 16:07:18,707 [INFO] Sending to ptd: 'SR,V,Auto'
ptd-server 2023-02-22 16:07:19,210 [INFO] Reply from ptd: 'Range V changed'
ptd-server 2023-02-22 16:07:19,210 [INFO] Sending to ptd: 'SR,A,Auto'
ptd-server 2023-02-22 16:07:19,712 [INFO] Reply from ptd: 'Range A changed'
ptd-server 2023-02-22 16:07:19,713 [INFO] Set initial values for Amps Auto and Volts Auto
ptd-server 2023-02-22 16:07:19,713 [INFO] Stopping ptd...
