ptd-server 2023-02-19 22:27:08,115 [INFO] Got command from the client 'time'
ptd-server 2023-02-19 22:27:08,116 [INFO] Sending reply to client '1676845628.1160557'
ptd-server 2023-02-19 22:27:08,117 [INFO] Got command from the client 'new,,147f1873-4d5e-4735-8882-94fda81345a4'
ptd-server 2023-02-19 22:27:08,117 [INFO] Sending reply to client 'OK 2023-02-19_22-27-08,17e2a180-0eb6-42cb-b10f-2ff7f974436f'
ptd-server 2023-02-19 22:27:08,175 [INFO] Got command from the client 'time'
ptd-server 2023-02-19 22:27:08,175 [INFO] Sending reply to client '1676845628.1757793'
ptd-server 2023-02-19 22:27:08,176 [INFO] Got command from the client 'session,2023-02-19_22-27-08,start,ranging'
ptd-server 2023-02-19 22:27:08,177 [INFO] Running PTDaemon: ['/home/anton/projects/mlperf/power/inference_v1.0/ptd-linux-x86', '-l', '/tmp/tmp4yl1neqp/ptd_logfile.txt', '-p', '8888', '49', '/dev/usbtmc0']
ptd-server 2023-02-19 22:27:25,251 [INFO] Sending to ptd: 'Hello'
ptd-server 2023-02-19 22:27:25,251 [INFO] Reply from ptd: 'Hello, PTDaemon here!'
ptd-server 2023-02-19 22:27:25,252 [INFO] Sending to ptd: 'Identify'
ptd-server 2023-02-19 22:27:25,252 [INFO] Reply from ptd: 'YokogawaWT310E,1000,1,1,1,1,0,1,1,version=1.10.0-ed9a21d2-20220817,OS=Linux 5.15.0-60-generic #66~20.04.1-Ubuntu SMP Wed Jan 25 09:41:30 UTC 2023 x86_64,mode=power,1,1,1,0,0,no_cal_date,YOKOGAWA;WT310E;C3XA04010E;F1.04'
ptd-server 2023-02-19 22:27:25,252 [INFO] Connected to PTDaemon
ptd-server 2023-02-19 22:27:25,252 [INFO] Sending to ptd: 'RR'
ptd-server 2023-02-19 22:27:25,253 [INFO] Reply from ptd: 'Ranges,0,0.500000,1,300.000000'
ptd-server 2023-02-19 22:27:25,253 [INFO] Initial range for Amps is 0.500000 for Volts is Auto
ptd-server 2023-02-19 22:27:25,253 [INFO] Sending to ptd: 'SR,V,Auto'
ptd-server 2023-02-19 22:27:25,756 [INFO] Reply from ptd: 'Range V changed'
ptd-server 2023-02-19 22:27:25,756 [INFO] Sending to ptd: 'SR,A,Auto'
ptd-server 2023-02-19 22:27:26,258 [INFO] Reply from ptd: 'Range A changed'
ptd-server 2023-02-19 22:27:36,269 [INFO] Starting ranging mode
ptd-server 2023-02-19 22:27:36,269 [INFO] Sending to ptd: 'Go,1000,0,2023-02-19_22-27-08_ranging'
ptd-server 2023-02-19 22:27:36,269 [INFO] Reply from ptd: 'Starting untimed measurement, maximum 500000 samples at 1000ms with 0 rampup samples'
ptd-server 2023-02-19 22:27:36,270 [INFO] Sending reply to client 'OK'
ptd-server 2023-02-19 22:38:03,632 [INFO] Got command from the client 'session,2023-02-19_22-27-08,stop,ranging'
ptd-server 2023-02-19 22:38:13,642 [INFO] Sending to ptd: 'Stop'
ptd-server 2023-02-19 22:38:13,643 [INFO] Reply from ptd: 'Stopping untimed measurement'
ptd-server 2023-02-19 22:38:13,762 [INFO] Sending reply to client 'OK'
ptd-server 2023-02-19 22:38:13,836 [INFO] Got command from the client 'time'
ptd-server 2023-02-19 22:38:13,836 [INFO] Sending reply to client '1676846293.8363607'
ptd-server 2023-02-19 22:38:13,837 [INFO] Got command from the client 'session,2023-02-19_22-27-08,start,testing'
ptd-server 2023-02-19 22:38:13,837 [INFO] Sending to ptd: 'SR,V,253.800000'
ptd-server 2023-02-19 22:38:15,772 [INFO] Reply from ptd: 'Range V changed'
ptd-server 2023-02-19 22:38:15,772 [INFO] Sending to ptd: 'SR,A,0.080660'
ptd-server 2023-02-19 22:38:17,273 [INFO] Reply from ptd: 'Range A changed'
ptd-server 2023-02-19 22:38:27,284 [INFO] Starting testing mode
ptd-server 2023-02-19 22:38:27,284 [INFO] Sending to ptd: 'Go,1000,0,2023-02-19_22-27-08_testing'
ptd-server 2023-02-19 22:38:27,284 [INFO] Reply from ptd: 'Starting untimed measurement, maximum 500000 samples at 1000ms with 0 rampup samples'
ptd-server 2023-02-19 22:38:27,284 [INFO] Sending reply to client 'OK'
ptd-server 2023-02-19 22:48:54,658 [INFO] Got command from the client 'session,2023-02-19_22-27-08,stop,testing'
ptd-server 2023-02-19 22:49:04,669 [INFO] Sending to ptd: 'Stop'
ptd-server 2023-02-19 22:49:04,669 [INFO] Reply from ptd: 'Stopping untimed measurement'
ptd-server 2023-02-19 22:49:04,733 [INFO] Sending reply to client 'OK'
ptd-server 2023-02-19 22:49:04,741 [INFO] Got command from the client 'session,2023-02-19_22-27-08,done'
ptd-server 2023-02-19 22:49:04,741 [INFO] Sending to ptd: 'Stop'
ptd-server 2023-02-19 22:49:05,284 [INFO] Reply from ptd: 'Error: no measurement to stop'
ptd-server 2023-02-19 22:49:05,284 [INFO] Sending to ptd: 'SR,V,Auto'
ptd-server 2023-02-19 22:49:05,787 [INFO] Reply from ptd: 'Range V changed'
ptd-server 2023-02-19 22:49:05,787 [INFO] Sending to ptd: 'SR,A,0.500000'
ptd-server 2023-02-19 22:49:07,288 [INFO] Reply from ptd: 'Range A changed'
ptd-server 2023-02-19 22:49:07,289 [INFO] Set initial values for Amps 0.500000 and Volts Auto
ptd-server 2023-02-19 22:49:07,289 [INFO] Stopping ptd...
