ptd-server 2023-02-21 17:53:12,122 [INFO] Got command from the client 'time'
ptd-server 2023-02-21 17:53:12,122 [INFO] Sending reply to client '1677001992.1228776'
ptd-server 2023-02-21 17:53:12,123 [INFO] Got command from the client 'new,,5fe11ca5-0dce-47d0-a733-7a86a535959e'
ptd-server 2023-02-21 17:53:12,124 [INFO] Sending reply to client 'OK 2023-02-21_17-53-12,1d5e1354-708d-480c-80ce-afa8d00567c7'
ptd-server 2023-02-21 17:53:12,147 [INFO] Got command from the client 'time'
ptd-server 2023-02-21 17:53:12,148 [INFO] Sending reply to client '1677001992.148009'
ptd-server 2023-02-21 17:53:12,148 [INFO] Got command from the client 'session,2023-02-21_17-53-12,start,ranging'
ptd-server 2023-02-21 17:53:12,149 [INFO] Running PTDaemon: ['/home/anton/projects/mlperf/power/inference_v1.0/ptd-linux-x86', '-l', '/tmp/tmp4yl1neqp/ptd_logfile.txt', '-p', '8888', '49', '/dev/usbtmc0']
ptd-server 2023-02-21 17:53:29,222 [INFO] Sending to ptd: 'Hello'
ptd-server 2023-02-21 17:53:29,223 [INFO] Reply from ptd: 'Hello, PTDaemon here!'
ptd-server 2023-02-21 17:53:29,223 [INFO] Sending to ptd: 'Identify'
ptd-server 2023-02-21 17:53:29,223 [INFO] Reply from ptd: 'YokogawaWT310E,1000,1,1,1,1,0,1,1,version=1.10.0-ed9a21d2-20220817,OS=Linux 5.15.0-60-generic #66~20.04.1-Ubuntu SMP Wed Jan 25 09:41:30 UTC 2023 x86_64,mode=power,1,1,1,0,0,no_cal_date,YOKOGAWA;WT310E;C3XA04010E;F1.04'
ptd-server 2023-02-21 17:53:29,224 [INFO] Connected to PTDaemon
ptd-server 2023-02-21 17:53:29,224 [INFO] Sending to ptd: 'RR'
ptd-server 2023-02-21 17:53:29,224 [INFO] Reply from ptd: 'Ranges,1,0.100000,1,300.000000'
ptd-server 2023-02-21 17:53:29,224 [INFO] Initial range for Amps is Auto for Volts is Auto
ptd-server 2023-02-21 17:53:29,224 [INFO] Sending to ptd: 'SR,V,Auto'
ptd-server 2023-02-21 17:53:29,727 [INFO] Reply from ptd: 'Range V changed'
ptd-server 2023-02-21 17:53:29,727 [INFO] Sending to ptd: 'SR,A,Auto'
ptd-server 2023-02-21 17:53:30,229 [INFO] Reply from ptd: 'Range A changed'
ptd-server 2023-02-21 17:53:40,240 [INFO] Starting ranging mode
ptd-server 2023-02-21 17:53:40,240 [INFO] Sending to ptd: 'Go,1000,0,2023-02-21_17-53-12_ranging'
ptd-server 2023-02-21 17:53:40,240 [INFO] Reply from ptd: 'Starting untimed measurement, maximum 500000 samples at 1000ms with 0 rampup samples'
ptd-server 2023-02-21 17:53:40,240 [INFO] Sending reply to client 'OK'
ptd-server 2023-02-21 18:04:00,296 [INFO] Got command from the client 'session,2023-02-21_17-53-12,stop,ranging'
ptd-server 2023-02-21 18:04:10,307 [INFO] Sending to ptd: 'Stop'
ptd-server 2023-02-21 18:04:10,307 [INFO] Reply from ptd: 'Stopping untimed measurement'
ptd-server 2023-02-21 18:04:10,638 [INFO] Sending reply to client 'OK'
ptd-server 2023-02-21 18:04:10,755 [INFO] Got command from the client 'time'
ptd-server 2023-02-21 18:04:10,755 [INFO] Sending reply to client '1677002650.755186'
ptd-server 2023-02-21 18:04:10,756 [INFO] Got command from the client 'session,2023-02-21_17-53-12,start,testing'
ptd-server 2023-02-21 18:04:10,756 [INFO] Sending to ptd: 'SR,V,249.580000'
ptd-server 2023-02-21 18:04:12,741 [INFO] Reply from ptd: 'Range V changed'
ptd-server 2023-02-21 18:04:12,741 [INFO] Sending to ptd: 'SR,A,0.050610'
ptd-server 2023-02-21 18:04:14,243 [INFO] Reply from ptd: 'Range A changed'
ptd-server 2023-02-21 18:04:24,253 [INFO] Starting testing mode
ptd-server 2023-02-21 18:04:24,253 [INFO] Sending to ptd: 'Go,1000,0,2023-02-21_17-53-12_testing'
ptd-server 2023-02-21 18:04:24,254 [INFO] Reply from ptd: 'Starting untimed measurement, maximum 500000 samples at 1000ms with 0 rampup samples'
ptd-server 2023-02-21 18:04:24,254 [INFO] Sending reply to client 'OK'
ptd-server 2023-02-21 18:14:44,280 [INFO] Got command from the client 'session,2023-02-21_17-53-12,stop,testing'
ptd-server 2023-02-21 18:14:54,291 [INFO] Sending to ptd: 'Stop'
ptd-server 2023-02-21 18:14:54,291 [INFO] Reply from ptd: 'Stopping untimed measurement'
ptd-server 2023-02-21 18:14:54,467 [INFO] Sending reply to client 'OK'
ptd-server 2023-02-21 18:14:54,475 [INFO] Got command from the client 'session,2023-02-21_17-53-12,done'
ptd-server 2023-02-21 18:14:54,475 [INFO] Sending to ptd: 'Stop'
ptd-server 2023-02-21 18:14:55,255 [INFO] Reply from ptd: 'Error: no measurement to stop'
ptd-server 2023-02-21 18:14:55,255 [INFO] Sending to ptd: 'SR,V,Auto'
ptd-server 2023-02-21 18:14:55,758 [INFO] Reply from ptd: 'Range V changed'
ptd-server 2023-02-21 18:14:55,758 [INFO] Sending to ptd: 'SR,A,Auto'
ptd-server 2023-02-21 18:14:56,260 [INFO] Reply from ptd: 'Range A changed'
ptd-server 2023-02-21 18:14:56,261 [INFO] Set initial values for Amps Auto and Volts Auto
ptd-server 2023-02-21 18:14:56,261 [INFO] Stopping ptd...
