ptd-server 2023-03-03 11:51:29,296 [INFO] Got command from the client 'time'
ptd-server 2023-03-03 11:51:29,296 [INFO] Sending reply to client '1677865889.2962492'
ptd-server 2023-03-03 11:51:29,297 [INFO] Got command from the client 'new,,d82adcef-a4e5-4532-a117-4a267bd51c4e'
ptd-server 2023-03-03 11:51:29,298 [INFO] Sending reply to client 'OK 2023-03-03_11-51-29,23a64c82-f905-48dc-8817-f22e45de3cf1'
ptd-server 2023-03-03 11:51:29,378 [INFO] Got command from the client 'time'
ptd-server 2023-03-03 11:51:29,378 [INFO] Sending reply to client '1677865889.3785431'
ptd-server 2023-03-03 11:51:29,379 [INFO] Got command from the client 'session,2023-03-03_11-51-29,start,ranging'
ptd-server 2023-03-03 11:51:29,380 [INFO] Running PTDaemon: ['/local/mnt/workspace/mlcommons/power-main/inference_v1.0/ptd-linux-x86', '-l', '/tmp/tmpqwe09ni1/ptd_logfile.txt', '-p', '8888', '49', '/dev/usbtmc0']
ptd-server 2023-03-03 11:51:46,402 [INFO] Sending to ptd: 'Hello'
ptd-server 2023-03-03 11:51:46,403 [INFO] Reply from ptd: 'Hello, PTDaemon here!'
ptd-server 2023-03-03 11:51:46,403 [INFO] Sending to ptd: 'Identify'
ptd-server 2023-03-03 11:51:46,404 [INFO] Reply from ptd: 'YokogawaWT310E,1000,1,1,1,1,0,1,1,version=1.10.0-ed9a21d2-20220817,OS=Linux 4.15.0-188-generic #199-Ubuntu SMP Wed Jun 15 20:42:56 UTC 2022 x86_64,mode=power,1,1,1,0,0,no_cal_date,YOKOGAWA;WT310E;C2XF16028V;F1.04'
ptd-server 2023-03-03 11:51:46,404 [INFO] Connected to PTDaemon
ptd-server 2023-03-03 11:51:46,404 [INFO] Sending to ptd: 'RR'
ptd-server 2023-03-03 11:51:46,405 [INFO] Reply from ptd: 'Ranges,1,5.000000,1,150.000000'
ptd-server 2023-03-03 11:51:46,405 [INFO] Initial range for Amps is Auto for Volts is Auto
ptd-server 2023-03-03 11:51:46,405 [INFO] Sending to ptd: 'SR,V,Auto'
ptd-server 2023-03-03 11:51:46,908 [INFO] Reply from ptd: 'Range V changed'
ptd-server 2023-03-03 11:51:46,908 [INFO] Sending to ptd: 'SR,A,Auto'
ptd-server 2023-03-03 11:51:47,411 [INFO] Reply from ptd: 'Range A changed'
ptd-server 2023-03-03 11:51:57,422 [INFO] Starting ranging mode
ptd-server 2023-03-03 11:51:57,422 [INFO] Sending to ptd: 'Go,1000,0,2023-03-03_11-51-29_ranging'
ptd-server 2023-03-03 11:51:57,423 [INFO] Reply from ptd: 'Starting untimed measurement, maximum 500000 samples at 1000ms with 0 rampup samples'
ptd-server 2023-03-03 11:51:57,423 [INFO] Sending reply to client 'OK'
ptd-server 2023-03-03 12:05:15,593 [INFO] Got command from the client 'session,2023-03-03_11-51-29,stop,ranging'
ptd-server 2023-03-03 12:05:25,603 [INFO] Sending to ptd: 'Stop'
ptd-server 2023-03-03 12:05:25,604 [INFO] Reply from ptd: 'Stopping untimed measurement'
ptd-server 2023-03-03 12:05:25,705 [INFO] Sending reply to client 'OK'
ptd-server 2023-03-03 12:05:25,812 [INFO] Got command from the client 'time'
ptd-server 2023-03-03 12:05:25,813 [INFO] Sending reply to client '1677866725.8131537'
ptd-server 2023-03-03 12:05:25,814 [INFO] Got command from the client 'session,2023-03-03_11-51-29,start,testing'
ptd-server 2023-03-03 12:05:25,814 [INFO] Sending to ptd: 'SR,V,120.280000'
ptd-server 2023-03-03 12:05:27,926 [INFO] Reply from ptd: 'Range V changed'
ptd-server 2023-03-03 12:05:27,926 [INFO] Sending to ptd: 'SR,A,6.056900'
ptd-server 2023-03-03 12:05:29,428 [INFO] Reply from ptd: 'Range A changed'
ptd-server 2023-03-03 12:05:39,438 [INFO] Starting testing mode
ptd-server 2023-03-03 12:05:39,439 [INFO] Sending to ptd: 'Go,1000,0,2023-03-03_11-51-29_testing'
ptd-server 2023-03-03 12:05:39,439 [INFO] Reply from ptd: 'Starting untimed measurement, maximum 500000 samples at 1000ms with 0 rampup samples'
ptd-server 2023-03-03 12:05:39,440 [INFO] Sending reply to client 'OK'
ptd-server 2023-03-03 12:18:56,008 [INFO] Got command from the client 'session,2023-03-03_11-51-29,stop,testing'
ptd-server 2023-03-03 12:19:06,008 [INFO] Sending to ptd: 'Stop'
ptd-server 2023-03-03 12:19:06,009 [INFO] Reply from ptd: 'Stopping untimed measurement'
ptd-server 2023-03-03 12:19:06,068 [INFO] Sending reply to client 'OK'
ptd-server 2023-03-03 12:19:06,074 [INFO] Got command from the client 'session,2023-03-03_11-51-29,done'
ptd-server 2023-03-03 12:19:06,074 [INFO] Sending to ptd: 'Stop'
ptd-server 2023-03-03 12:19:06,440 [INFO] Reply from ptd: 'Error: no measurement to stop'
ptd-server 2023-03-03 12:19:06,441 [INFO] Sending to ptd: 'SR,V,Auto'
ptd-server 2023-03-03 12:19:06,944 [INFO] Reply from ptd: 'Range V changed'
ptd-server 2023-03-03 12:19:06,944 [INFO] Sending to ptd: 'SR,A,Auto'
ptd-server 2023-03-03 12:19:07,447 [INFO] Reply from ptd: 'Range A changed'
ptd-server 2023-03-03 12:19:07,447 [INFO] Set initial values for Amps Auto and Volts Auto
ptd-server 2023-03-03 12:19:07,447 [INFO] Stopping ptd...
