ptd-server 2023-02-20 16:43:15,421 [INFO] Got command from the client 'time'
ptd-server 2023-02-20 16:43:15,421 [INFO] Sending reply to client '1676911395.421576'
ptd-server 2023-02-20 16:43:15,422 [INFO] Got command from the client 'new,,3d4a7cb4-4567-4686-a298-6129c75d08ba'
ptd-server 2023-02-20 16:43:15,423 [INFO] Sending reply to client 'OK 2023-02-20_16-43-15,2c768374-7f88-46da-b17f-16073fa87d86'
ptd-server 2023-02-20 16:43:15,546 [INFO] Got command from the client 'time'
ptd-server 2023-02-20 16:43:15,546 [INFO] Sending reply to client '1676911395.5462058'
ptd-server 2023-02-20 16:43:15,547 [INFO] Got command from the client 'session,2023-02-20_16-43-15,start,ranging'
ptd-server 2023-02-20 16:43:15,547 [INFO] Running PTDaemon: ['/home/anton/projects/mlperf/power/inference_v1.0/ptd-linux-x86', '-l', '/tmp/tmp4yl1neqp/ptd_logfile.txt', '-p', '8888', '49', '/dev/usbtmc0']
ptd-server 2023-02-20 16:43:32,621 [INFO] Sending to ptd: 'Hello'
ptd-server 2023-02-20 16:43:32,621 [INFO] Reply from ptd: 'Hello, PTDaemon here!'
ptd-server 2023-02-20 16:43:32,621 [INFO] Sending to ptd: 'Identify'
ptd-server 2023-02-20 16:43:32,622 [INFO] Reply from ptd: 'YokogawaWT310E,1000,1,1,1,1,0,1,1,version=1.10.0-ed9a21d2-20220817,OS=Linux 5.15.0-60-generic #66~20.04.1-Ubuntu SMP Wed Jan 25 09:41:30 UTC 2023 x86_64,mode=power,1,1,1,0,0,no_cal_date,YOKOGAWA;WT310E;C3XA04010E;F1.04'
ptd-server 2023-02-20 16:43:32,622 [INFO] Connected to PTDaemon
ptd-server 2023-02-20 16:43:32,622 [INFO] Sending to ptd: 'RR'
ptd-server 2023-02-20 16:43:32,622 [INFO] Reply from ptd: 'Ranges,1,0.100000,1,300.000000'
ptd-server 2023-02-20 16:43:32,622 [INFO] Initial range for Amps is Auto for Volts is Auto
ptd-server 2023-02-20 16:43:32,623 [INFO] Sending to ptd: 'SR,V,Auto'
ptd-server 2023-02-20 16:43:33,125 [INFO] Reply from ptd: 'Range V changed'
ptd-server 2023-02-20 16:43:33,125 [INFO] Sending to ptd: 'SR,A,Auto'
ptd-server 2023-02-20 16:43:33,628 [INFO] Reply from ptd: 'Range A changed'
ptd-server 2023-02-20 16:43:43,638 [INFO] Starting ranging mode
ptd-server 2023-02-20 16:43:43,638 [INFO] Sending to ptd: 'Go,1000,0,2023-02-20_16-43-15_ranging'
ptd-server 2023-02-20 16:43:43,639 [INFO] Reply from ptd: 'Starting untimed measurement, maximum 500000 samples at 1000ms with 0 rampup samples'
ptd-server 2023-02-20 16:43:43,639 [INFO] Sending reply to client 'OK'
ptd-server 2023-02-20 16:54:13,104 [INFO] Got command from the client 'session,2023-02-20_16-43-15,stop,ranging'
ptd-server 2023-02-20 16:54:23,114 [INFO] Sending to ptd: 'Stop'
ptd-server 2023-02-20 16:54:23,115 [INFO] Reply from ptd: 'Stopping untimed measurement'
ptd-server 2023-02-20 16:54:23,328 [INFO] Sending reply to client 'OK'
ptd-server 2023-02-20 16:54:23,362 [INFO] Got command from the client 'time'
ptd-server 2023-02-20 16:54:23,363 [INFO] Sending reply to client '1676912063.3630855'
ptd-server 2023-02-20 16:54:23,363 [INFO] Got command from the client 'session,2023-02-20_16-43-15,start,testing'
ptd-server 2023-02-20 16:54:23,364 [INFO] Sending to ptd: 'SR,V,251.180000'
ptd-server 2023-02-20 16:54:25,140 [INFO] Reply from ptd: 'Range V changed'
ptd-server 2023-02-20 16:54:25,140 [INFO] Sending to ptd: 'SR,A,0.072140'
ptd-server 2023-02-20 16:54:26,642 [INFO] Reply from ptd: 'Range A changed'
ptd-server 2023-02-20 16:54:36,652 [INFO] Starting testing mode
ptd-server 2023-02-20 16:54:36,652 [INFO] Sending to ptd: 'Go,1000,0,2023-02-20_16-43-15_testing'
ptd-server 2023-02-20 16:54:36,653 [INFO] Reply from ptd: 'Starting untimed measurement, maximum 500000 samples at 1000ms with 0 rampup samples'
ptd-server 2023-02-20 16:54:36,653 [INFO] Sending reply to client 'OK'
ptd-server 2023-02-20 17:05:03,665 [INFO] Got command from the client 'session,2023-02-20_16-43-15,stop,testing'
ptd-server 2023-02-20 17:05:13,675 [INFO] Sending to ptd: 'Stop'
ptd-server 2023-02-20 17:05:13,675 [INFO] Reply from ptd: 'Stopping untimed measurement'
ptd-server 2023-02-20 17:05:13,790 [INFO] Sending reply to client 'OK'
ptd-server 2023-02-20 17:05:13,798 [INFO] Got command from the client 'session,2023-02-20_16-43-15,done'
ptd-server 2023-02-20 17:05:13,798 [INFO] Sending to ptd: 'Stop'
ptd-server 2023-02-20 17:05:14,653 [INFO] Reply from ptd: 'Error: no measurement to stop'
ptd-server 2023-02-20 17:05:14,654 [INFO] Sending to ptd: 'SR,V,Auto'
ptd-server 2023-02-20 17:05:15,156 [INFO] Reply from ptd: 'Range V changed'
ptd-server 2023-02-20 17:05:15,156 [INFO] Sending to ptd: 'SR,A,Auto'
ptd-server 2023-02-20 17:05:15,659 [INFO] Reply from ptd: 'Range A changed'
ptd-server 2023-02-20 17:05:15,659 [INFO] Set initial values for Amps Auto and Volts Auto
ptd-server 2023-02-20 17:05:15,659 [INFO] Stopping ptd...
