ptd-server 2023-03-02 03:07:02,268 [INFO] Got command from the client 'time'
ptd-server 2023-03-02 03:07:02,268 [INFO] Sending reply to client '1677748022.2688708'
ptd-server 2023-03-02 03:07:02,270 [INFO] Got command from the client 'new,,7a35db65-2c23-4776-9471-293c729e757f'
ptd-server 2023-03-02 03:07:02,270 [INFO] Sending reply to client 'OK 2023-03-02_03-07-02,270b04c6-0cb0-4d56-b92f-eb76bdc8ca63'
ptd-server 2023-03-02 03:07:02,350 [INFO] Got command from the client 'time'
ptd-server 2023-03-02 03:07:02,350 [INFO] Sending reply to client '1677748022.3506005'
ptd-server 2023-03-02 03:07:02,352 [INFO] Got command from the client 'session,2023-03-02_03-07-02,start,ranging'
ptd-server 2023-03-02 03:07:02,352 [INFO] Running PTDaemon: ['/local/mnt/workspace/mlcommons/power-main/inference_v1.0/ptd-linux-x86', '-l', '/tmp/tmpqwe09ni1/ptd_logfile.txt', '-p', '8888', '49', '/dev/usbtmc0']
ptd-server 2023-03-02 03:07:19,375 [INFO] Sending to ptd: 'Hello'
ptd-server 2023-03-02 03:07:19,376 [INFO] Reply from ptd: 'Hello, PTDaemon here!'
ptd-server 2023-03-02 03:07:19,376 [INFO] Sending to ptd: 'Identify'
ptd-server 2023-03-02 03:07:19,377 [INFO] Reply from ptd: 'YokogawaWT310E,1000,1,1,1,1,0,1,1,version=1.10.0-ed9a21d2-20220817,OS=Linux 4.15.0-188-generic #199-Ubuntu SMP Wed Jun 15 20:42:56 UTC 2022 x86_64,mode=power,1,1,1,0,0,no_cal_date,YOKOGAWA;WT310E;C2XF16028V;F1.04'
ptd-server 2023-03-02 03:07:19,377 [INFO] Connected to PTDaemon
ptd-server 2023-03-02 03:07:19,377 [INFO] Sending to ptd: 'RR'
ptd-server 2023-03-02 03:07:19,378 [INFO] Reply from ptd: 'Ranges,1,5.000000,1,150.000000'
ptd-server 2023-03-02 03:07:19,378 [INFO] Initial range for Amps is Auto for Volts is Auto
ptd-server 2023-03-02 03:07:19,378 [INFO] Sending to ptd: 'SR,V,Auto'
ptd-server 2023-03-02 03:07:19,881 [INFO] Reply from ptd: 'Range V changed'
ptd-server 2023-03-02 03:07:19,881 [INFO] Sending to ptd: 'SR,A,Auto'
ptd-server 2023-03-02 03:07:20,384 [INFO] Reply from ptd: 'Range A changed'
ptd-server 2023-03-02 03:07:30,395 [INFO] Starting ranging mode
ptd-server 2023-03-02 03:07:30,395 [INFO] Sending to ptd: 'Go,1000,0,2023-03-02_03-07-02_ranging'
ptd-server 2023-03-02 03:07:30,396 [INFO] Reply from ptd: 'Starting untimed measurement, maximum 500000 samples at 1000ms with 0 rampup samples'
ptd-server 2023-03-02 03:07:30,396 [INFO] Sending reply to client 'OK'
ptd-server 2023-03-02 03:21:33,091 [INFO] Got command from the client 'session,2023-03-02_03-07-02,stop,ranging'
ptd-server 2023-03-02 03:21:43,102 [INFO] Sending to ptd: 'Stop'
ptd-server 2023-03-02 03:21:43,102 [INFO] Reply from ptd: 'Stopping untimed measurement'
ptd-server 2023-03-02 03:21:43,171 [INFO] Sending reply to client 'OK'
ptd-server 2023-03-02 03:21:43,259 [INFO] Got command from the client 'time'
ptd-server 2023-03-02 03:21:43,259 [INFO] Sending reply to client '1677748903.259636'
ptd-server 2023-03-02 03:21:43,260 [INFO] Got command from the client 'session,2023-03-02_03-07-02,start,testing'
ptd-server 2023-03-02 03:21:43,261 [INFO] Sending to ptd: 'SR,V,122.480000'
ptd-server 2023-03-02 03:21:44,898 [INFO] Reply from ptd: 'Range V changed'
ptd-server 2023-03-02 03:21:44,898 [INFO] Sending to ptd: 'SR,A,5.068900'
ptd-server 2023-03-02 03:21:46,400 [INFO] Reply from ptd: 'Range A changed'
ptd-server 2023-03-02 03:21:56,408 [INFO] Starting testing mode
ptd-server 2023-03-02 03:21:56,408 [INFO] Sending to ptd: 'Go,1000,0,2023-03-02_03-07-02_testing'
ptd-server 2023-03-02 03:21:56,409 [INFO] Reply from ptd: 'Starting untimed measurement, maximum 500000 samples at 1000ms with 0 rampup samples'
ptd-server 2023-03-02 03:21:56,409 [INFO] Sending reply to client 'OK'
ptd-server 2023-03-02 03:35:58,930 [INFO] Got command from the client 'session,2023-03-02_03-07-02,stop,testing'
ptd-server 2023-03-02 03:36:08,941 [INFO] Sending to ptd: 'Stop'
ptd-server 2023-03-02 03:36:08,942 [INFO] Reply from ptd: 'Stopping untimed measurement'
ptd-server 2023-03-02 03:36:08,981 [INFO] Sending reply to client 'OK'
ptd-server 2023-03-02 03:36:08,987 [INFO] Got command from the client 'session,2023-03-02_03-07-02,done'
ptd-server 2023-03-02 03:36:08,987 [INFO] Sending to ptd: 'Stop'
ptd-server 2023-03-02 03:36:09,409 [INFO] Reply from ptd: 'Error: no measurement to stop'
ptd-server 2023-03-02 03:36:09,409 [INFO] Sending to ptd: 'SR,V,Auto'
ptd-server 2023-03-02 03:36:09,913 [INFO] Reply from ptd: 'Range V changed'
ptd-server 2023-03-02 03:36:09,913 [INFO] Sending to ptd: 'SR,A,Auto'
ptd-server 2023-03-02 03:36:10,416 [INFO] Reply from ptd: 'Range A changed'
ptd-server 2023-03-02 03:36:10,416 [INFO] Set initial values for Amps Auto and Volts Auto
ptd-server 2023-03-02 03:36:10,416 [INFO] Stopping ptd...
