client 2023-02-24 20:30:42,674 [INFO] Creating output directory '/home/arjun/mobilenet_results/valid_results/arjun_orin-tflite_cpp-cpu-tflite-vmaster-default_config/efficientnet-fp32-lite0/singlestream/performance/tmp_power'
client 2023-02-24 20:30:42,677 [INFO] Sending command to the server: 'mlcommons/power client v3'
client 2023-02-24 20:30:42,681 [INFO] Got response: 'mlcommons/power server v3'
client 2023-02-24 20:30:42,681 [INFO] Synchronizing with the server and with time.google.com...
client 2023-02-24 20:30:42,721 [INFO] NTP:offset = -0.000 s, delay = 0.016 s 
client 2023-02-24 20:30:42,721 [INFO] Sending command to the server: 'time'
client 2023-02-24 20:30:42,725 [INFO] Got response: '1677270642.722861'
client 2023-02-24 20:30:42,725 [INFO] The time difference between the client and the server is within range -1.350 ms..2.540 ms
client 2023-02-24 20:30:42,725 [INFO] Sending command to the server: 'new,,84e4fe5a-32a4-4b92-be2d-88a466fb5db1'
client 2023-02-24 20:30:42,728 [INFO] Got response: 'OK 2023-02-24_20-30-42,3aa1241e-9763-481b-b20d-b50d279fb406'
client 2023-02-24 20:30:42,728 [INFO] Session id is '2023-02-24_20-30-42'
client 2023-02-24 20:30:42,729 [INFO] Sources: {"sources": {"__init__.py": "da39a3ee5e6b4b0d3255bfef95601890afd80709", "client.py": "33ca4f26368777ac06e01f9567b714a4b8063886", "lib/__init__.py": "da39a3ee5e6b4b0d3255bfef95601890afd80709", "lib/client.py": "4c2b78fb4849a7e5b584ef792d82aaed20b17f57", "lib/common.py": "624d0c0acc7c39aaff3674f0b99d6a09da53d1dc", "lib/external/__init__.py": "da39a3ee5e6b4b0d3255bfef95601890afd80709", "lib/external/ntplib.py": "4da8f970656505a40483206ef2b5d3dd5e81711d", "lib/server.py": "cda0cdfaee9bfa1249c64a7dd4f89b7bf1b279f0", "lib/source_hashes.py": "60a2e02193209e8d392803326208d5466342da18", "lib/summary.py": "aa92f0a3f975eecd44d3c0cd0236342ccc9f941d", "lib/time_sync.py": "3210db56eb0ff0df57bf4293dc4d4b03fffd46f1", "server.py": "c3f90f2f7eeb4db30727556d0c815ebc89b3d28b", "tests/unit/__init__.py": "da39a3ee5e6b4b0d3255bfef95601890afd80709", "tests/unit/test_server.py": "99ae15aef722f2000ee6ed1ae1523637bf1ae42b", "tests/unit/test_source_hashes.py": "00468a2907583c593e6574a1f6b404e4651c221a"}, "modules": {"ptd_client_server.lib.client": "lib/client.py", "ptd_client_server.lib.common": "lib/common.py", "ptd_client_server.lib.external.ntplib": "lib/external/ntplib.py", "ptd_client_server.lib.source_hashes": "lib/source_hashes.py", "ptd_client_server.lib.summary": "lib/summary.py", "ptd_client_server.lib.time_sync": "lib/time_sync.py"}}
client 2023-02-24 20:30:42,729 [INFO] Running workload in ranging mode
client 2023-02-24 20:30:42,729 [INFO] Synchronizing with the server and with time.google.com...
client 2023-02-24 20:30:42,743 [INFO] NTP:offset = -0.000 s, delay = 0.013 s 
client 2023-02-24 20:30:42,743 [INFO] Sending command to the server: 'time'
client 2023-02-24 20:30:42,746 [INFO] Got response: '1677270642.7445645'
client 2023-02-24 20:30:42,746 [INFO] The time difference between the client and the server is within range -1.234 ms..1.774 ms
client 2023-02-24 20:30:42,746 [INFO] Sending command to the server: 'session,2023-02-24_20-30-42,start,ranging'
client 2023-02-24 20:31:10,869 [INFO] Got response: 'OK'
client 2023-02-24 20:31:10,870 [INFO] Running the workload '/home/arjun/run.out'
client 2023-02-24 20:42:12,967 [INFO] Sending command to the server: 'session,2023-02-24_20-30-42,stop,ranging'
client 2023-02-24 20:42:23,242 [INFO] Got response: 'OK'
client 2023-02-24 20:42:23,263 [INFO] Copying loadgen logs from '/home/arjun/mobilenet_results/valid_results/arjun_orin-tflite_cpp-cpu-tflite-vmaster-default_config/efficientnet-fp32-lite0/singlestream/performance/run_1' to '/home/arjun/mobilenet_results/valid_results/arjun_orin-tflite_cpp-cpu-tflite-vmaster-default_config/efficientnet-fp32-lite0/singlestream/performance/tmp_power/ranging'
client 2023-02-24 20:42:23,266 [INFO] Running workload in testing mode
client 2023-02-24 20:42:23,266 [INFO] Synchronizing with the server and with time.google.com...
client 2023-02-24 20:42:23,286 [INFO] NTP:offset = -0.001 s, delay = 0.015 s 
client 2023-02-24 20:42:23,286 [INFO] Sending command to the server: 'time'
client 2023-02-24 20:42:23,290 [INFO] Got response: '1677271343.289299'
client 2023-02-24 20:42:23,290 [INFO] The time difference between the client and the server is within range -2.643 ms..1.390 ms
client 2023-02-24 20:42:23,290 [INFO] Sending command to the server: 'session,2023-02-24_20-30-42,start,testing'
client 2023-02-24 20:42:36,886 [INFO] Got response: 'OK'
client 2023-02-24 20:42:36,887 [INFO] Running the workload '/home/arjun/run.out'
client 2023-02-24 20:53:38,121 [INFO] Sending command to the server: 'session,2023-02-24_20-30-42,stop,testing'
client 2023-02-24 20:53:48,210 [INFO] Got response: 'OK'
client 2023-02-24 20:53:48,213 [INFO] Copying loadgen logs from '/home/arjun/mobilenet_results/valid_results/arjun_orin-tflite_cpp-cpu-tflite-vmaster-default_config/efficientnet-fp32-lite0/singlestream/performance/run_1' to '/home/arjun/mobilenet_results/valid_results/arjun_orin-tflite_cpp-cpu-tflite-vmaster-default_config/efficientnet-fp32-lite0/singlestream/performance/tmp_power/run_1'
client 2023-02-24 20:53:48,214 [INFO] Done runs
