ptd-server 2023-02-28 05:57:43,557 [INFO] Got command from the client 'time'
ptd-server 2023-02-28 05:57:43,557 [INFO] Sending reply to client '1677563863.5576758'
ptd-server 2023-02-28 05:57:43,559 [INFO] Got command from the client 'new,,13946aef-0e7e-4f91-a3ac-e321e0b4987a'
ptd-server 2023-02-28 05:57:43,559 [INFO] Sending reply to client 'OK 2023-02-28_05-57-43,3c8266cd-2db8-4f84-a787-9bebe26fd832'
ptd-server 2023-02-28 05:57:43,587 [INFO] Got command from the client 'time'
ptd-server 2023-02-28 05:57:43,587 [INFO] Sending reply to client '1677563863.587283'
ptd-server 2023-02-28 05:57:43,588 [INFO] Got command from the client 'session,2023-02-28_05-57-43,start,ranging'
ptd-server 2023-02-28 05:57:43,588 [INFO] Running PTDaemon: ['/home/anton/projects/mlperf/power/inference_v1.0/ptd-linux-x86', '-l', '/tmp/tmpu4v721n6/ptd_logfile.txt', '-p', '8888', '49', '/dev/usbtmc0']
ptd-server 2023-02-28 05:58:00,674 [INFO] Sending to ptd: 'Hello'
ptd-server 2023-02-28 05:58:00,675 [INFO] Reply from ptd: 'Hello, PTDaemon here!'
ptd-server 2023-02-28 05:58:00,675 [INFO] Sending to ptd: 'Identify'
ptd-server 2023-02-28 05:58:00,675 [INFO] Reply from ptd: 'YokogawaWT310E,1000,1,1,1,1,0,1,1,version=1.10.0-ed9a21d2-20220817,OS=Linux 5.15.0-60-generic #66~20.04.1-Ubuntu SMP Wed Jan 25 09:41:30 UTC 2023 x86_64,mode=power,1,1,1,0,0,no_cal_date,YOKOGAWA;WT310E;C3XA04010E;F1.04'
ptd-server 2023-02-28 05:58:00,675 [INFO] Connected to PTDaemon
ptd-server 2023-02-28 05:58:00,675 [INFO] Sending to ptd: 'RR'
ptd-server 2023-02-28 05:58:00,676 [INFO] Reply from ptd: 'Ranges,0,0.100000,0,300.000000'
ptd-server 2023-02-28 05:58:00,676 [INFO] Initial range for Amps is 0.100000 for Volts is 300.000000
ptd-server 2023-02-28 05:58:00,676 [INFO] Sending to ptd: 'SR,V,Auto'
ptd-server 2023-02-28 05:58:01,179 [INFO] Reply from ptd: 'Range V changed'
ptd-server 2023-02-28 05:58:01,179 [INFO] Sending to ptd: 'SR,A,Auto'
ptd-server 2023-02-28 05:58:01,681 [INFO] Reply from ptd: 'Range A changed'
ptd-server 2023-02-28 05:58:11,691 [INFO] Starting ranging mode
ptd-server 2023-02-28 05:58:11,692 [INFO] Sending to ptd: 'Go,1000,0,2023-02-28_05-57-43_ranging'
ptd-server 2023-02-28 05:58:11,692 [INFO] Reply from ptd: 'Starting untimed measurement, maximum 500000 samples at 1000ms with 0 rampup samples'
ptd-server 2023-02-28 05:58:11,692 [INFO] Sending reply to client 'OK'
ptd-server 2023-02-28 06:08:41,284 [INFO] Got command from the client 'session,2023-02-28_05-57-43,stop,ranging'
ptd-server 2023-02-28 06:08:51,295 [INFO] Sending to ptd: 'Stop'
ptd-server 2023-02-28 06:08:51,295 [INFO] Reply from ptd: 'Stopping untimed measurement'
ptd-server 2023-02-28 06:08:51,718 [INFO] Sending reply to client 'OK'
ptd-server 2023-02-28 06:08:51,768 [INFO] Got command from the client 'time'
ptd-server 2023-02-28 06:08:51,768 [INFO] Sending reply to client '1677564531.76828'
ptd-server 2023-02-28 06:08:51,771 [INFO] Got command from the client 'session,2023-02-28_05-57-43,start,testing'
ptd-server 2023-02-28 06:08:51,771 [INFO] Sending to ptd: 'SR,V,253.930000'
ptd-server 2023-02-28 06:08:53,272 [INFO] Reply from ptd: 'Range V changed'
ptd-server 2023-02-28 06:08:53,272 [INFO] Sending to ptd: 'SR,A,0.055220'
ptd-server 2023-02-28 06:08:54,774 [INFO] Reply from ptd: 'Range A changed'
ptd-server 2023-02-28 06:09:04,784 [INFO] Starting testing mode
ptd-server 2023-02-28 06:09:04,784 [INFO] Sending to ptd: 'Go,1000,0,2023-02-28_05-57-43_testing'
ptd-server 2023-02-28 06:09:04,785 [INFO] Reply from ptd: 'Starting untimed measurement, maximum 500000 samples at 1000ms with 0 rampup samples'
ptd-server 2023-02-28 06:09:04,785 [INFO] Sending reply to client 'OK'
ptd-server 2023-02-28 06:19:34,192 [INFO] Got command from the client 'session,2023-02-28_05-57-43,stop,testing'
ptd-server 2023-02-28 06:19:44,200 [INFO] Sending to ptd: 'Stop'
ptd-server 2023-02-28 06:19:44,200 [INFO] Reply from ptd: 'Stopping untimed measurement'
ptd-server 2023-02-28 06:19:44,427 [INFO] Sending reply to client 'OK'
ptd-server 2023-02-28 06:19:44,448 [INFO] Got command from the client 'session,2023-02-28_05-57-43,done'
ptd-server 2023-02-28 06:19:44,448 [INFO] Sending to ptd: 'Stop'
ptd-server 2023-02-28 06:19:44,785 [INFO] Reply from ptd: 'Error: no measurement to stop'
ptd-server 2023-02-28 06:19:44,785 [INFO] Sending to ptd: 'SR,V,300.000000'
ptd-server 2023-02-28 06:19:46,287 [INFO] Reply from ptd: 'Range V changed'
ptd-server 2023-02-28 06:19:46,287 [INFO] Sending to ptd: 'SR,A,0.100000'
ptd-server 2023-02-28 06:19:47,788 [INFO] Reply from ptd: 'Range A changed'
ptd-server 2023-02-28 06:19:47,789 [INFO] Set initial values for Amps 0.100000 and Volts 300.000000
ptd-server 2023-02-28 06:19:47,789 [INFO] Stopping ptd...
