ptd-server 2023-02-27 18:45:03,536 [INFO] Got command from the client 'time'
ptd-server 2023-02-27 18:45:03,537 [INFO] Sending reply to client '1677523503.537275'
ptd-server 2023-02-27 18:45:03,540 [INFO] Got command from the client 'new,,b34995c5-509a-4b3e-b4d9-fa31cd1e621c'
ptd-server 2023-02-27 18:45:03,541 [INFO] Sending reply to client 'OK 2023-02-27_18-45-03,f1f5a3ec-70d7-4e5f-baea-b44884f1582d'
ptd-server 2023-02-27 18:45:03,562 [INFO] Got command from the client 'time'
ptd-server 2023-02-27 18:45:03,563 [INFO] Sending reply to client '1677523503.5632858'
ptd-server 2023-02-27 18:45:03,566 [INFO] Got command from the client 'session,2023-02-27_18-45-03,start,ranging'
ptd-server 2023-02-27 18:45:03,567 [INFO] Running PTDaemon: ['/media/arjun/T7_Touch/hp-envy/CM/repos/local/cache/9b3695ca8255492a/power/inference_v1.0/ptd-linux-x86', '-l', '/tmp/tmpti64566v/ptd_logfile.txt', '-p', '8888', '49', '/dev/usbtmc0']
ptd-server 2023-02-27 18:45:20,658 [INFO] Sending to ptd: 'Hello'
ptd-server 2023-02-27 18:45:20,659 [INFO] Reply from ptd: 'Hello, PTDaemon here!'
ptd-server 2023-02-27 18:45:20,659 [INFO] Sending to ptd: 'Identify'
ptd-server 2023-02-27 18:45:20,660 [INFO] Reply from ptd: 'YokogawaWT310E,1000,1,1,1,1,0,1,1,version=1.10.0-ed9a21d2-20220817,OS=Linux 5.15.0-56-generic #62-Ubuntu SMP Tue Nov 22 19:54:14 UTC 2022 x86_64,mode=power,1,1,1,0,0,no_cal_date,YOKOGAWA;WT310E;C3YD21068E;F1.04'
ptd-server 2023-02-27 18:45:20,660 [INFO] Connected to PTDaemon
ptd-server 2023-02-27 18:45:20,660 [INFO] Sending to ptd: 'RR'
ptd-server 2023-02-27 18:45:20,661 [INFO] Reply from ptd: 'Ranges,0,0.100000,0,600.000000'
ptd-server 2023-02-27 18:45:20,661 [INFO] Initial range for Amps is 0.100000 for Volts is 600.000000
ptd-server 2023-02-27 18:45:20,662 [INFO] Sending to ptd: 'SR,V,Auto'
ptd-server 2023-02-27 18:45:21,165 [INFO] Reply from ptd: 'Range V changed'
ptd-server 2023-02-27 18:45:21,165 [INFO] Sending to ptd: 'SR,A,Auto'
ptd-server 2023-02-27 18:45:21,668 [INFO] Reply from ptd: 'Range A changed'
ptd-server 2023-02-27 18:45:31,676 [INFO] Starting ranging mode
ptd-server 2023-02-27 18:45:31,676 [INFO] Sending to ptd: 'Go,1000,0,2023-02-27_18-45-03_ranging'
ptd-server 2023-02-27 18:45:31,677 [INFO] Reply from ptd: 'Starting untimed measurement, maximum 500000 samples at 1000ms with 0 rampup samples'
ptd-server 2023-02-27 18:45:31,677 [INFO] Sending reply to client 'OK'
ptd-server 2023-02-27 18:58:42,025 [INFO] Got command from the client 'session,2023-02-27_18-45-03,stop,ranging'
ptd-server 2023-02-27 18:58:52,036 [INFO] Sending to ptd: 'Stop'
ptd-server 2023-02-27 18:58:52,037 [INFO] Reply from ptd: 'Stopping untimed measurement'
ptd-server 2023-02-27 18:58:52,311 [INFO] Sending reply to client 'OK'
ptd-server 2023-02-27 18:58:52,365 [INFO] Got command from the client 'time'
ptd-server 2023-02-27 18:58:52,365 [INFO] Sending reply to client '1677524332.3655837'
ptd-server 2023-02-27 18:58:52,370 [INFO] Got command from the client 'session,2023-02-27_18-45-03,start,testing'
ptd-server 2023-02-27 18:58:52,370 [INFO] Sending to ptd: 'SR,V,246.390000'
ptd-server 2023-02-27 18:58:54,181 [INFO] Reply from ptd: 'Range V changed'
ptd-server 2023-02-27 18:58:54,181 [INFO] Sending to ptd: 'SR,A,0.257950'
ptd-server 2023-02-27 18:58:55,684 [INFO] Reply from ptd: 'Range A changed'
ptd-server 2023-02-27 18:59:05,692 [INFO] Starting testing mode
ptd-server 2023-02-27 18:59:05,693 [INFO] Sending to ptd: 'Go,1000,0,2023-02-27_18-45-03_testing'
ptd-server 2023-02-27 18:59:05,694 [INFO] Reply from ptd: 'Starting untimed measurement, maximum 500000 samples at 1000ms with 0 rampup samples'
ptd-server 2023-02-27 18:59:05,694 [INFO] Sending reply to client 'OK'
ptd-server 2023-02-27 19:12:28,812 [INFO] Got command from the client 'session,2023-02-27_18-45-03,stop,testing'
ptd-server 2023-02-27 19:12:38,817 [INFO] Sending to ptd: 'Stop'
ptd-server 2023-02-27 19:12:38,818 [INFO] Reply from ptd: 'Stopping untimed measurement'
ptd-server 2023-02-27 19:12:38,957 [INFO] Sending reply to client 'OK'
ptd-server 2023-02-27 19:12:38,976 [INFO] Got command from the client 'session,2023-02-27_18-45-03,done'
ptd-server 2023-02-27 19:12:38,976 [INFO] Sending to ptd: 'Stop'
ptd-server 2023-02-27 19:12:39,695 [INFO] Reply from ptd: 'Error: no measurement to stop'
ptd-server 2023-02-27 19:12:39,695 [INFO] Sending to ptd: 'SR,V,600.000000'
ptd-server 2023-02-27 19:12:41,198 [INFO] Reply from ptd: 'Range V changed'
ptd-server 2023-02-27 19:12:41,198 [INFO] Sending to ptd: 'SR,A,0.100000'
ptd-server 2023-02-27 19:12:42,701 [INFO] Reply from ptd: 'Range A changed'
ptd-server 2023-02-27 19:12:42,701 [INFO] Set initial values for Amps 0.100000 and Volts 600.000000
ptd-server 2023-02-27 19:12:42,702 [INFO] Stopping ptd...
