client 2023-02-26 19:04:40,047 [INFO] Sending command to the server: 'mlcommons/power client v3'
client 2023-02-26 19:04:40,048 [INFO] Got response: 'mlcommons/power server v3'
client 2023-02-26 19:04:40,048 [INFO] Synchronizing with the server and with time.google.com...
client 2023-02-26 19:04:40,074 [INFO] NTP:offset = 0.002 s, delay = 0.016 s 
client 2023-02-26 19:04:40,075 [INFO] Sending command to the server: 'time'
client 2023-02-26 19:04:40,076 [INFO] Got response: '1677438280.0782378'
client 2023-02-26 19:04:40,076 [INFO] The time difference between the client and the server is within range -3.215 ms..-1.326 ms
client 2023-02-26 19:04:40,077 [INFO] Sending command to the server: 'new,,c0f5d765-b078-4e69-99bd-0856669759e2'
client 2023-02-26 19:04:40,078 [INFO] Got response: 'OK 2023-02-26_19-04-40,78923ac5-9edd-4757-b51d-cedfb385cb00'
client 2023-02-26 19:04:40,078 [INFO] Session id is '2023-02-26_19-04-40'
client 2023-02-26 19:04:40,079 [INFO] Sources: {"sources": {"__init__.py": "da39a3ee5e6b4b0d3255bfef95601890afd80709", "client.py": "33ca4f26368777ac06e01f9567b714a4b8063886", "lib/__init__.py": "da39a3ee5e6b4b0d3255bfef95601890afd80709", "lib/client.py": "4c2b78fb4849a7e5b584ef792d82aaed20b17f57", "lib/common.py": "624d0c0acc7c39aaff3674f0b99d6a09da53d1dc", "lib/external/__init__.py": "da39a3ee5e6b4b0d3255bfef95601890afd80709", "lib/external/ntplib.py": "4da8f970656505a40483206ef2b5d3dd5e81711d", "lib/server.py": "cda0cdfaee9bfa1249c64a7dd4f89b7bf1b279f0", "lib/source_hashes.py": "60a2e02193209e8d392803326208d5466342da18", "lib/summary.py": "aa92f0a3f975eecd44d3c0cd0236342ccc9f941d", "lib/time_sync.py": "3210db56eb0ff0df57bf4293dc4d4b03fffd46f1", "server.py": "c3f90f2f7eeb4db30727556d0c815ebc89b3d28b", "tests/unit/__init__.py": "da39a3ee5e6b4b0d3255bfef95601890afd80709", "tests/unit/test_server.py": "99ae15aef722f2000ee6ed1ae1523637bf1ae42b", "tests/unit/test_source_hashes.py": "00468a2907583c593e6574a1f6b404e4651c221a"}, "modules": {"ptd_client_server.lib.client": "lib/client.py", "ptd_client_server.lib.common": "lib/common.py", "ptd_client_server.lib.external.ntplib": "lib/external/ntplib.py", "ptd_client_server.lib.source_hashes": "lib/source_hashes.py", "ptd_client_server.lib.summary": "lib/summary.py", "ptd_client_server.lib.time_sync": "lib/time_sync.py"}}
client 2023-02-26 19:04:40,079 [INFO] Running workload in ranging mode
client 2023-02-26 19:04:40,080 [INFO] Synchronizing with the server and with time.google.com...
client 2023-02-26 19:04:40,108 [INFO] NTP:offset = 0.002 s, delay = 0.012 s 
client 2023-02-26 19:04:40,109 [INFO] Sending command to the server: 'time'
client 2023-02-26 19:04:40,110 [INFO] Got response: '1677438280.1122067'
client 2023-02-26 19:04:40,110 [INFO] The time difference between the client and the server is within range -3.236 ms..-1.353 ms
client 2023-02-26 19:04:40,111 [INFO] Sending command to the server: 'session,2023-02-26_19-04-40,start,ranging'
client 2023-02-26 19:05:08,216 [INFO] Got response: 'OK'
client 2023-02-26 19:05:08,217 [INFO] Running the workload 'ck benchmark program:image-classification-armnn-tflite-loadgen --env.CK_SILENT_MODE=YES --skip_print_timers --dep_add_tags.compiler=gcc,v9 --dep_add_tags.python=v3 --dep_add_tags.mlperf-inference-src=r3.0 --dep_add_tags.weights=resnet50 --dep_add_tags.images=crop.875,preprocessed,using-opencv --dep_add_tags.library=armnn,rel.22.11,opencl --env.CK_LOADGEN_DATASET_SIZE=1024 --env.USE_NEON=0 --env.USE_OPENCL=1 --env.CK_LOADGEN_SCENARIO=SingleStream --env.CK_LOADGEN_MODE=PerformanceOnly --env.CK_LOADGEN_TARGET_LATENCY=82 --skip_stat_analysis --process_multi_keys --repetitions=1 --record --record_repo=local --record_uoa=mlperf_v3.0-closed-firefly-armnn-v22.11-opencl-resnet50-singlestream-performance-target_latency.82-power.workload --tags=mlperf,round.v3.0,division.closed,task.image-classification,platform.firefly,scenario.singlestream,mode.performance,workload.resnet50,preprocessed_using.opencv,inference_engine.armnn,inference_engine_version.v22.11,inference_engine_backend.opencl,target_latency.82,power.workload "@@@{\'meta\': {\'ck_benchmark_program\': \'ck benchmark program:image-classification-armnn-tflite-loadgen --env.CK_SILENT_MODE=YES --skip_print_timers --dep_add_tags.compiler=gcc,v9 --dep_add_tags.python=v3 --dep_add_tags.mlperf-inference-src=r3.0 --dep_add_tags.weights=resnet50 --dep_add_tags.images=crop.875,preprocessed,using-opencv --dep_add_tags.library=armnn,rel.22.11,opencl --env.CK_LOADGEN_DATASET_SIZE=1024 --env.USE_NEON=0 --env.USE_OPENCL=1 --env.CK_LOADGEN_SCENARIO=SingleStream --env.CK_LOADGEN_MODE=PerformanceOnly --env.CK_LOADGEN_TARGET_LATENCY=82 --skip_stat_analysis --process_multi_keys --repetitions=1 --record --record_repo=local --record_uoa=mlperf_v3.0-closed-firefly-armnn-v22.11-opencl-resnet50-singlestream-performance-target_latency.82-power.workload --tags=mlperf,round.v3.0,division.closed,task.image-classification,platform.firefly,scenario.singlestream,mode.performance,workload.resnet50,preprocessed_using.opencv,inference_engine.armnn,inference_engine_version.v22.11,inference_engine_backend.opencl,target_latency.82,power.workload\'}}" && cat `ck find program:image-classification-armnn-tflite-loadgen`/tmp/mlperf_log_summary.txt && mkdir -p "$CK_MLPERF_POWER_CLIENT_LOADGEN_LOGS" && cp "$CK_MLPERF_POWER_CLIENT_LOADGEN_LOGS"/../mlperf_log_* "$CK_MLPERF_POWER_CLIENT_LOADGEN_LOGS"/'
client 2023-02-26 19:15:28,492 [INFO] Sending command to the server: 'session,2023-02-26_19-04-40,stop,ranging'
client 2023-02-26 19:15:38,753 [INFO] Got response: 'OK'
client 2023-02-26 19:15:38,776 [INFO] Copying loadgen logs from '/home/firefly/CK/ck-mlperf/program/image-classification-armnn-tflite-loadgen/tmp/loadgen_logs' to '/home/firefly/CK/ck-mlperf/program/mlperf-power-client/tmp/2023-02-26_19-04-40/ranging'
client 2023-02-26 19:15:38,778 [INFO] Running workload in testing mode
client 2023-02-26 19:15:38,779 [INFO] Synchronizing with the server and with time.google.com...
client 2023-02-26 19:15:38,803 [INFO] NTP:offset = 0.004 s, delay = 0.015 s 
client 2023-02-26 19:15:38,803 [INFO] Sending command to the server: 'time'
client 2023-02-26 19:15:38,805 [INFO] Got response: '1677438938.808263'
client 2023-02-26 19:15:38,805 [INFO] The time difference between the client and the server is within range -4.562 ms..-2.482 ms
client 2023-02-26 19:15:38,806 [INFO] Sending command to the server: 'session,2023-02-26_19-04-40,start,testing'
client 2023-02-26 19:15:52,229 [INFO] Got response: 'OK'
client 2023-02-26 19:15:52,230 [INFO] Running the workload 'ck benchmark program:image-classification-armnn-tflite-loadgen --env.CK_SILENT_MODE=YES --skip_print_timers --dep_add_tags.compiler=gcc,v9 --dep_add_tags.python=v3 --dep_add_tags.mlperf-inference-src=r3.0 --dep_add_tags.weights=resnet50 --dep_add_tags.images=crop.875,preprocessed,using-opencv --dep_add_tags.library=armnn,rel.22.11,opencl --env.CK_LOADGEN_DATASET_SIZE=1024 --env.USE_NEON=0 --env.USE_OPENCL=1 --env.CK_LOADGEN_SCENARIO=SingleStream --env.CK_LOADGEN_MODE=PerformanceOnly --env.CK_LOADGEN_TARGET_LATENCY=82 --skip_stat_analysis --process_multi_keys --repetitions=1 --record --record_repo=local --record_uoa=mlperf_v3.0-closed-firefly-armnn-v22.11-opencl-resnet50-singlestream-performance-target_latency.82-power.workload --tags=mlperf,round.v3.0,division.closed,task.image-classification,platform.firefly,scenario.singlestream,mode.performance,workload.resnet50,preprocessed_using.opencv,inference_engine.armnn,inference_engine_version.v22.11,inference_engine_backend.opencl,target_latency.82,power.workload "@@@{\'meta\': {\'ck_benchmark_program\': \'ck benchmark program:image-classification-armnn-tflite-loadgen --env.CK_SILENT_MODE=YES --skip_print_timers --dep_add_tags.compiler=gcc,v9 --dep_add_tags.python=v3 --dep_add_tags.mlperf-inference-src=r3.0 --dep_add_tags.weights=resnet50 --dep_add_tags.images=crop.875,preprocessed,using-opencv --dep_add_tags.library=armnn,rel.22.11,opencl --env.CK_LOADGEN_DATASET_SIZE=1024 --env.USE_NEON=0 --env.USE_OPENCL=1 --env.CK_LOADGEN_SCENARIO=SingleStream --env.CK_LOADGEN_MODE=PerformanceOnly --env.CK_LOADGEN_TARGET_LATENCY=82 --skip_stat_analysis --process_multi_keys --repetitions=1 --record --record_repo=local --record_uoa=mlperf_v3.0-closed-firefly-armnn-v22.11-opencl-resnet50-singlestream-performance-target_latency.82-power.workload --tags=mlperf,round.v3.0,division.closed,task.image-classification,platform.firefly,scenario.singlestream,mode.performance,workload.resnet50,preprocessed_using.opencv,inference_engine.armnn,inference_engine_version.v22.11,inference_engine_backend.opencl,target_latency.82,power.workload\'}}" && cat `ck find program:image-classification-armnn-tflite-loadgen`/tmp/mlperf_log_summary.txt && mkdir -p "$CK_MLPERF_POWER_CLIENT_LOADGEN_LOGS" && cp "$CK_MLPERF_POWER_CLIENT_LOADGEN_LOGS"/../mlperf_log_* "$CK_MLPERF_POWER_CLIENT_LOADGEN_LOGS"/'
client 2023-02-26 19:26:12,653 [INFO] Sending command to the server: 'session,2023-02-26_19-04-40,stop,testing'
client 2023-02-26 19:26:22,800 [INFO] Got response: 'OK'
client 2023-02-26 19:26:22,804 [INFO] Copying loadgen logs from '/home/firefly/CK/ck-mlperf/program/image-classification-armnn-tflite-loadgen/tmp/loadgen_logs' to '/home/firefly/CK/ck-mlperf/program/mlperf-power-client/tmp/2023-02-26_19-04-40/run_1'
client 2023-02-26 19:26:22,806 [INFO] Done runs
