client 2023-02-24 15:07:28,345 [INFO] Creating output directory '/home/arjun/mobilenet_results/valid_results/arjun_orin-tflite_cpp-cpu-tflite-vmaster-default_config/mobilenet-v2-precision_uint8-0.35-160/singlestream/performance/tmp_power'
client 2023-02-24 15:07:28,402 [INFO] Sending command to the server: 'mlcommons/power client v3'
client 2023-02-24 15:07:28,405 [INFO] Got response: 'mlcommons/power server v3'
client 2023-02-24 15:07:28,405 [INFO] Synchronizing with the server and with time.google.com...
client 2023-02-24 15:07:28,445 [INFO] NTP:offset = -0.002 s, delay = 0.018 s 
client 2023-02-24 15:07:28,445 [INFO] Sending command to the server: 'time'
client 2023-02-24 15:07:28,449 [INFO] Got response: '1677251248.4482696'
client 2023-02-24 15:07:28,449 [INFO] The time difference between the client and the server is within range -2.702 ms..1.156 ms
client 2023-02-24 15:07:28,449 [INFO] Sending command to the server: 'new,,dd0d92e1-9212-4eef-9261-1ef471284dd6'
client 2023-02-24 15:07:28,458 [INFO] Got response: 'OK 2023-02-24_15-07-28,21f36f2b-c603-4af7-8829-4c920532c66b'
client 2023-02-24 15:07:28,458 [INFO] Session id is '2023-02-24_15-07-28'
client 2023-02-24 15:07:28,458 [INFO] Sources: {"sources": {"__init__.py": "da39a3ee5e6b4b0d3255bfef95601890afd80709", "client.py": "33ca4f26368777ac06e01f9567b714a4b8063886", "lib/__init__.py": "da39a3ee5e6b4b0d3255bfef95601890afd80709", "lib/client.py": "4c2b78fb4849a7e5b584ef792d82aaed20b17f57", "lib/common.py": "624d0c0acc7c39aaff3674f0b99d6a09da53d1dc", "lib/external/__init__.py": "da39a3ee5e6b4b0d3255bfef95601890afd80709", "lib/external/ntplib.py": "4da8f970656505a40483206ef2b5d3dd5e81711d", "lib/server.py": "cda0cdfaee9bfa1249c64a7dd4f89b7bf1b279f0", "lib/source_hashes.py": "60a2e02193209e8d392803326208d5466342da18", "lib/summary.py": "aa92f0a3f975eecd44d3c0cd0236342ccc9f941d", "lib/time_sync.py": "3210db56eb0ff0df57bf4293dc4d4b03fffd46f1", "server.py": "c3f90f2f7eeb4db30727556d0c815ebc89b3d28b", "tests/unit/__init__.py": "da39a3ee5e6b4b0d3255bfef95601890afd80709", "tests/unit/test_server.py": "99ae15aef722f2000ee6ed1ae1523637bf1ae42b", "tests/unit/test_source_hashes.py": "00468a2907583c593e6574a1f6b404e4651c221a"}, "modules": {"ptd_client_server.lib.client": "lib/client.py", "ptd_client_server.lib.common": "lib/common.py", "ptd_client_server.lib.external.ntplib": "lib/external/ntplib.py", "ptd_client_server.lib.source_hashes": "lib/source_hashes.py", "ptd_client_server.lib.summary": "lib/summary.py", "ptd_client_server.lib.time_sync": "lib/time_sync.py"}}
client 2023-02-24 15:07:28,459 [INFO] Running workload in ranging mode
client 2023-02-24 15:07:28,459 [INFO] Synchronizing with the server and with time.google.com...
client 2023-02-24 15:07:28,477 [INFO] NTP:offset = -0.000 s, delay = 0.016 s 
client 2023-02-24 15:07:28,478 [INFO] Sending command to the server: 'time'
client 2023-02-24 15:07:28,482 [INFO] Got response: '1677251248.4807255'
client 2023-02-24 15:07:28,482 [INFO] The time difference between the client and the server is within range -2.601 ms..1.844 ms
client 2023-02-24 15:07:28,482 [INFO] Sending command to the server: 'session,2023-02-24_15-07-28,start,ranging'
client 2023-02-24 15:07:56,608 [INFO] Got response: 'OK'
client 2023-02-24 15:07:56,609 [INFO] Running the workload '/home/arjun/run.out'
client 2023-02-24 15:18:42,052 [INFO] Sending command to the server: 'session,2023-02-24_15-07-28,stop,ranging'
client 2023-02-24 15:18:52,209 [INFO] Got response: 'OK'
client 2023-02-24 15:18:52,230 [INFO] Copying loadgen logs from '/home/arjun/mobilenet_results/valid_results/arjun_orin-tflite_cpp-cpu-tflite-vmaster-default_config/mobilenet-v2-precision_uint8-0.35-160/singlestream/performance/run_1' to '/home/arjun/mobilenet_results/valid_results/arjun_orin-tflite_cpp-cpu-tflite-vmaster-default_config/mobilenet-v2-precision_uint8-0.35-160/singlestream/performance/tmp_power/ranging'
client 2023-02-24 15:18:52,232 [INFO] Running workload in testing mode
client 2023-02-24 15:18:52,232 [INFO] Synchronizing with the server and with time.google.com...
client 2023-02-24 15:18:52,252 [INFO] NTP:offset = -0.001 s, delay = 0.015 s 
client 2023-02-24 15:18:52,252 [INFO] Sending command to the server: 'time'
client 2023-02-24 15:18:52,257 [INFO] Got response: '1677251932.255745'
client 2023-02-24 15:18:52,257 [INFO] The time difference between the client and the server is within range -2.907 ms..1.728 ms
client 2023-02-24 15:18:52,257 [INFO] Sending command to the server: 'session,2023-02-24_15-07-28,start,testing'
client 2023-02-24 15:19:05,631 [INFO] Got response: 'OK'
client 2023-02-24 15:19:05,632 [INFO] Running the workload '/home/arjun/run.out'
client 2023-02-24 15:29:55,863 [INFO] Sending command to the server: 'session,2023-02-24_15-07-28,stop,testing'
client 2023-02-24 15:30:06,160 [INFO] Got response: 'OK'
client 2023-02-24 15:30:06,165 [INFO] Copying loadgen logs from '/home/arjun/mobilenet_results/valid_results/arjun_orin-tflite_cpp-cpu-tflite-vmaster-default_config/mobilenet-v2-precision_uint8-0.35-160/singlestream/performance/run_1' to '/home/arjun/mobilenet_results/valid_results/arjun_orin-tflite_cpp-cpu-tflite-vmaster-default_config/mobilenet-v2-precision_uint8-0.35-160/singlestream/performance/tmp_power/run_1'
client 2023-02-24 15:30:06,167 [INFO] Done runs
