ptd-server 2023-02-20 00:13:22,307 [INFO] Got command from the client 'time'
ptd-server 2023-02-20 00:13:22,307 [INFO] Sending reply to client '1676852002.307279'
ptd-server 2023-02-20 00:13:22,308 [INFO] Got command from the client 'new,,04ff4396-3f02-4e41-9cee-ca9fca833e90'
ptd-server 2023-02-20 00:13:22,309 [INFO] Sending reply to client 'OK 2023-02-20_00-13-22,8d410edc-f161-4949-85e4-6a41fc336cf2'
ptd-server 2023-02-20 00:13:22,329 [INFO] Got command from the client 'time'
ptd-server 2023-02-20 00:13:22,329 [INFO] Sending reply to client '1676852002.3292582'
ptd-server 2023-02-20 00:13:22,330 [INFO] Got command from the client 'session,2023-02-20_00-13-22,start,ranging'
ptd-server 2023-02-20 00:13:22,330 [INFO] Running PTDaemon: ['/home/anton/projects/mlperf/power/inference_v1.0/ptd-linux-x86', '-l', '/tmp/tmp4yl1neqp/ptd_logfile.txt', '-p', '8888', '49', '/dev/usbtmc0']
ptd-server 2023-02-20 00:13:39,405 [INFO] Sending to ptd: 'Hello'
ptd-server 2023-02-20 00:13:39,406 [INFO] Reply from ptd: 'Hello, PTDaemon here!'
ptd-server 2023-02-20 00:13:39,406 [INFO] Sending to ptd: 'Identify'
ptd-server 2023-02-20 00:13:39,406 [INFO] Reply from ptd: 'YokogawaWT310E,1000,1,1,1,1,0,1,1,version=1.10.0-ed9a21d2-20220817,OS=Linux 5.15.0-60-generic #66~20.04.1-Ubuntu SMP Wed Jan 25 09:41:30 UTC 2023 x86_64,mode=power,1,1,1,0,0,no_cal_date,YOKOGAWA;WT310E;C3XA04010E;F1.04'
ptd-server 2023-02-20 00:13:39,406 [INFO] Connected to PTDaemon
ptd-server 2023-02-20 00:13:39,407 [INFO] Sending to ptd: 'RR'
ptd-server 2023-02-20 00:13:39,407 [INFO] Reply from ptd: 'Ranges,0,0.500000,1,300.000000'
ptd-server 2023-02-20 00:13:39,407 [INFO] Initial range for Amps is 0.500000 for Volts is Auto
ptd-server 2023-02-20 00:13:39,407 [INFO] Sending to ptd: 'SR,V,Auto'
ptd-server 2023-02-20 00:13:39,910 [INFO] Reply from ptd: 'Range V changed'
ptd-server 2023-02-20 00:13:39,910 [INFO] Sending to ptd: 'SR,A,Auto'
ptd-server 2023-02-20 00:13:40,413 [INFO] Reply from ptd: 'Range A changed'
ptd-server 2023-02-20 00:13:50,416 [INFO] Starting ranging mode
ptd-server 2023-02-20 00:13:50,416 [INFO] Sending to ptd: 'Go,1000,0,2023-02-20_00-13-22_ranging'
ptd-server 2023-02-20 00:13:50,417 [INFO] Reply from ptd: 'Starting untimed measurement, maximum 500000 samples at 1000ms with 0 rampup samples'
ptd-server 2023-02-20 00:13:50,417 [INFO] Sending reply to client 'OK'
ptd-server 2023-02-20 00:24:18,944 [INFO] Got command from the client 'session,2023-02-20_00-13-22,stop,ranging'
ptd-server 2023-02-20 00:24:28,955 [INFO] Sending to ptd: 'Stop'
ptd-server 2023-02-20 00:24:28,955 [INFO] Reply from ptd: 'Stopping untimed measurement'
ptd-server 2023-02-20 00:24:29,085 [INFO] Sending reply to client 'OK'
ptd-server 2023-02-20 00:24:29,116 [INFO] Got command from the client 'time'
ptd-server 2023-02-20 00:24:29,117 [INFO] Sending reply to client '1676852669.1170468'
ptd-server 2023-02-20 00:24:29,118 [INFO] Got command from the client 'session,2023-02-20_00-13-22,start,testing'
ptd-server 2023-02-20 00:24:29,118 [INFO] Sending to ptd: 'SR,V,251.320000'
ptd-server 2023-02-20 00:24:30,918 [INFO] Reply from ptd: 'Range V changed'
ptd-server 2023-02-20 00:24:30,918 [INFO] Sending to ptd: 'SR,A,0.070510'
ptd-server 2023-02-20 00:24:32,420 [INFO] Reply from ptd: 'Range A changed'
ptd-server 2023-02-20 00:24:42,430 [INFO] Starting testing mode
ptd-server 2023-02-20 00:24:42,430 [INFO] Sending to ptd: 'Go,1000,0,2023-02-20_00-13-22_testing'
ptd-server 2023-02-20 00:24:42,430 [INFO] Reply from ptd: 'Starting untimed measurement, maximum 500000 samples at 1000ms with 0 rampup samples'
ptd-server 2023-02-20 00:24:42,431 [INFO] Sending reply to client 'OK'
ptd-server 2023-02-20 00:35:09,297 [INFO] Got command from the client 'session,2023-02-20_00-13-22,stop,testing'
ptd-server 2023-02-20 00:35:19,307 [INFO] Sending to ptd: 'Stop'
ptd-server 2023-02-20 00:35:19,308 [INFO] Reply from ptd: 'Stopping untimed measurement'
ptd-server 2023-02-20 00:35:19,372 [INFO] Sending reply to client 'OK'
ptd-server 2023-02-20 00:35:19,380 [INFO] Got command from the client 'session,2023-02-20_00-13-22,done'
ptd-server 2023-02-20 00:35:19,380 [INFO] Sending to ptd: 'Stop'
ptd-server 2023-02-20 00:35:19,431 [INFO] Reply from ptd: 'Error: no measurement to stop'
ptd-server 2023-02-20 00:35:19,431 [INFO] Sending to ptd: 'SR,V,Auto'
ptd-server 2023-02-20 00:35:19,933 [INFO] Reply from ptd: 'Range V changed'
ptd-server 2023-02-20 00:35:19,934 [INFO] Sending to ptd: 'SR,A,0.500000'
ptd-server 2023-02-20 00:35:21,435 [INFO] Reply from ptd: 'Range A changed'
ptd-server 2023-02-20 00:35:21,435 [INFO] Set initial values for Amps 0.500000 and Volts Auto
ptd-server 2023-02-20 00:35:21,436 [INFO] Stopping ptd...
