client 2023-02-28 14:20:25,986 [INFO] Sending command to the server: 'mlcommons/power client v3'
client 2023-02-28 14:20:25,987 [INFO] Got response: 'mlcommons/power server v3'
client 2023-02-28 14:20:25,987 [INFO] Sending command to the server: 'stop'
client 2023-02-28 14:20:25,988 [INFO] Got response: 'OK'
client 2023-02-28 14:20:25,988 [INFO] Synchronizing with the server and with ib-01.dc4-in.nvidia.com...
client 2023-02-28 14:20:26,201 [INFO] NTP:offset = 0.001 s, delay = 0.208 s 
client 2023-02-28 14:20:26,201 [INFO] Sending command to the server: 'time'
client 2023-02-28 14:20:26,202 [INFO] Got response: '1677594026.2027028'
client 2023-02-28 14:20:26,202 [INFO] The time difference between the client and the server is within range -0.936 ms..0.241 ms
client 2023-02-28 14:20:26,203 [INFO] Sending command to the server: 'new,,2a315186-a361-4038-bbe4-1da4a7d23af4'
client 2023-02-28 14:20:26,204 [INFO] Got response: 'OK 2023-02-28_06-20-26,37fd0596-34b8-4907-ae9c-aeaf2832aa90'
client 2023-02-28 14:20:26,204 [INFO] Session id is '2023-02-28_06-20-26'
client 2023-02-28 14:20:26,204 [INFO] Sources: {"sources": {"__init__.py": "da39a3ee5e6b4b0d3255bfef95601890afd80709", "client.py": "33ca4f26368777ac06e01f9567b714a4b8063886", "lib/__init__.py": "da39a3ee5e6b4b0d3255bfef95601890afd80709", "lib/client.py": "4c2b78fb4849a7e5b584ef792d82aaed20b17f57", "lib/common.py": "624d0c0acc7c39aaff3674f0b99d6a09da53d1dc", "lib/external/__init__.py": "da39a3ee5e6b4b0d3255bfef95601890afd80709", "lib/external/ntplib.py": "4da8f970656505a40483206ef2b5d3dd5e81711d", "lib/server.py": "cda0cdfaee9bfa1249c64a7dd4f89b7bf1b279f0", "lib/source_hashes.py": "60a2e02193209e8d392803326208d5466342da18", "lib/summary.py": "aa92f0a3f975eecd44d3c0cd0236342ccc9f941d", "lib/time_sync.py": "3210db56eb0ff0df57bf4293dc4d4b03fffd46f1", "server.py": "c3f90f2f7eeb4db30727556d0c815ebc89b3d28b", "tests/unit/__init__.py": "da39a3ee5e6b4b0d3255bfef95601890afd80709", "tests/unit/test_server.py": "99ae15aef722f2000ee6ed1ae1523637bf1ae42b", "tests/unit/test_source_hashes.py": "00468a2907583c593e6574a1f6b404e4651c221a"}, "modules": {"ptd_client_server.lib.client": "lib/client.py", "ptd_client_server.lib.common": "lib/common.py", "ptd_client_server.lib.external.ntplib": "lib/external/ntplib.py", "ptd_client_server.lib.source_hashes": "lib/source_hashes.py", "ptd_client_server.lib.summary": "lib/summary.py", "ptd_client_server.lib.time_sync": "lib/time_sync.py"}}
client 2023-02-28 14:20:26,208 [INFO] Running workload in ranging mode
client 2023-02-28 14:20:26,208 [INFO] Synchronizing with the server and with ib-01.dc4-in.nvidia.com...
client 2023-02-28 14:20:26,424 [INFO] NTP:offset = 0.004 s, delay = 0.213 s 
client 2023-02-28 14:20:26,424 [INFO] Sending command to the server: 'time'
client 2023-02-28 14:20:26,425 [INFO] Got response: '1677594026.4256966'
client 2023-02-28 14:20:26,425 [INFO] The time difference between the client and the server is within range -0.952 ms..0.283 ms
client 2023-02-28 14:20:26,426 [INFO] Sending command to the server: 'session,2023-02-28_06-20-26,start,ranging'
client 2023-02-28 14:21:06,338 [INFO] Got response: 'OK'
client 2023-02-28 14:21:06,338 [INFO] Running the workload 'LOG_DIR=/work/build/power_logs_temp python3 -m code.main --benchmarks=retinanet --scenarios=Offline --config_ver=maxq --test_mode=PerformanceOnly --action="run_harness" \\\n\t\t2>&1 | tee -a /work/build/power_logs/2023.02.28-14.20.03/stdout.txt \\\n\t\t&& if [ ! -d /work/build/power_logs/2023.02.28-14.20.03/ranging_tmp ]; \\\n\t\t\tthen mkdir /work/build/power_logs/2023.02.28-14.20.03/ranging_tmp \\\n\t\t\t\t&& mv /work/build/power_logs_temp/* /work/build/power_logs/2023.02.28-14.20.03/ranging_tmp/ \\\n\t\t\t\t&& cp -v /work/build/power_logs/2023.02.28-14.20.03/ranging_tmp/*/*/*/mlperf_log_detail.txt /work/build/power_logs_temp/ \\\n\t\t\t\t&& cp -v /work/build/power_logs/2023.02.28-14.20.03/ranging_tmp/*/*/*/mlperf_log_summary.txt /work/build/power_logs_temp/; \\\n\t\t\telse mkdir /work/build/power_logs/2023.02.28-14.20.03/testing_tmp \\\n\t\t\t\t&& mv /work/build/power_logs_temp/* /work/build/power_logs/2023.02.28-14.20.03/testing_tmp/ \\\n\t\t\t\t&& cp -v /work/build/power_logs/2023.02.28-14.20.03/testing_tmp/*/*/*/mlperf_log_detail.txt /work/build/power_logs_temp/ \\\n\t\t\t\t&& cp -v /work/build/power_logs/2023.02.28-14.20.03/testing_tmp/*/*/*/mlperf_log_summary.txt /work/build/power_logs_temp/; fi'
client 2023-02-28 14:32:32,854 [INFO] Sending command to the server: 'session,2023-02-28_06-20-26,stop,ranging'
client 2023-02-28 14:32:42,895 [INFO] Got response: 'OK'
client 2023-02-28 14:32:42,907 [INFO] Copying loadgen logs from '/work/build/power_logs_temp' to '/work/build/power_logs/2023.02.28-14.20.03/2023-02-28_06-20-26/ranging'
client 2023-02-28 14:32:42,926 [INFO] Running workload in testing mode
client 2023-02-28 14:32:42,927 [INFO] Synchronizing with the server and with ib-01.dc4-in.nvidia.com...
client 2023-02-28 14:32:43,139 [INFO] NTP:offset = 0.001 s, delay = 0.210 s 
client 2023-02-28 14:32:43,139 [INFO] Sending command to the server: 'time'
client 2023-02-28 14:32:43,140 [INFO] Got response: '1677594763.1409113'
client 2023-02-28 14:32:43,140 [INFO] The time difference between the client and the server is within range -1.015 ms..0.039 ms
client 2023-02-28 14:32:43,141 [INFO] Sending command to the server: 'session,2023-02-28_06-20-26,start,testing'
client 2023-02-28 14:33:04,959 [INFO] Got response: 'OK'
client 2023-02-28 14:33:04,959 [INFO] Running the workload 'LOG_DIR=/work/build/power_logs_temp python3 -m code.main --benchmarks=retinanet --scenarios=Offline --config_ver=maxq --test_mode=PerformanceOnly --action="run_harness" \\\n\t\t2>&1 | tee -a /work/build/power_logs/2023.02.28-14.20.03/stdout.txt \\\n\t\t&& if [ ! -d /work/build/power_logs/2023.02.28-14.20.03/ranging_tmp ]; \\\n\t\t\tthen mkdir /work/build/power_logs/2023.02.28-14.20.03/ranging_tmp \\\n\t\t\t\t&& mv /work/build/power_logs_temp/* /work/build/power_logs/2023.02.28-14.20.03/ranging_tmp/ \\\n\t\t\t\t&& cp -v /work/build/power_logs/2023.02.28-14.20.03/ranging_tmp/*/*/*/mlperf_log_detail.txt /work/build/power_logs_temp/ \\\n\t\t\t\t&& cp -v /work/build/power_logs/2023.02.28-14.20.03/ranging_tmp/*/*/*/mlperf_log_summary.txt /work/build/power_logs_temp/; \\\n\t\t\telse mkdir /work/build/power_logs/2023.02.28-14.20.03/testing_tmp \\\n\t\t\t\t&& mv /work/build/power_logs_temp/* /work/build/power_logs/2023.02.28-14.20.03/testing_tmp/ \\\n\t\t\t\t&& cp -v /work/build/power_logs/2023.02.28-14.20.03/testing_tmp/*/*/*/mlperf_log_detail.txt /work/build/power_logs_temp/ \\\n\t\t\t\t&& cp -v /work/build/power_logs/2023.02.28-14.20.03/testing_tmp/*/*/*/mlperf_log_summary.txt /work/build/power_logs_temp/; fi'
client 2023-02-28 14:44:29,783 [INFO] Sending command to the server: 'session,2023-02-28_06-20-26,stop,testing'
client 2023-02-28 14:44:39,800 [INFO] Got response: 'OK'
client 2023-02-28 14:44:39,807 [INFO] Copying loadgen logs from '/work/build/power_logs_temp' to '/work/build/power_logs/2023.02.28-14.20.03/2023-02-28_06-20-26/run_1'
client 2023-02-28 14:44:39,821 [INFO] Done runs
