ptd-server 2023-02-28 06:20:25,988 [INFO] Got command from the client 'stop'
ptd-server 2023-02-28 06:20:25,988 [INFO] The server will be stopped after processing this client
ptd-server 2023-02-28 06:20:25,988 [INFO] Sending reply to client 'OK'
ptd-server 2023-02-28 06:20:26,202 [INFO] Got command from the client 'time'
ptd-server 2023-02-28 06:20:26,202 [INFO] Sending reply to client '1677594026.2027028'
ptd-server 2023-02-28 06:20:26,203 [INFO] Got command from the client 'new,,2a315186-a361-4038-bbe4-1da4a7d23af4'
ptd-server 2023-02-28 06:20:26,204 [INFO] Sending reply to client 'OK 2023-02-28_06-20-26,37fd0596-34b8-4907-ae9c-aeaf2832aa90'
ptd-server 2023-02-28 06:20:26,425 [INFO] Got command from the client 'time'
ptd-server 2023-02-28 06:20:26,425 [INFO] Sending reply to client '1677594026.4256966'
ptd-server 2023-02-28 06:20:26,426 [INFO] Got command from the client 'session,2023-02-28_06-20-26,start,ranging'
ptd-server 2023-02-28 06:20:26,427 [INFO] Running PTDaemon: ['/usr/bin/ptd-linux-x86', '-l', '/tmp/tmp9kc_0fdz/ptd_logfile.txt', '-p', '8888', '-c', '1,3', '-y', '77', '10.117.41.199']
ptd-server 2023-02-28 06:20:46,214 [INFO] Sending to ptd: 'Hello'
ptd-server 2023-02-28 06:20:46,215 [INFO] Reply from ptd: 'Hello, PTDaemon here!'
ptd-server 2023-02-28 06:20:46,215 [INFO] Sending to ptd: 'Identify'
ptd-server 2023-02-28 06:20:46,215 [INFO] Reply from ptd: 'YokogawaWT330_multichannel,1000,1,1,1,1,0,0,1,version=1.10.0-ed9a21d2-20220817,OS=Linux 5.15.0-60-generic #66~20.04.1-Ubuntu SMP Wed Jan 25 09:41:30 UTC 2023 x86_64,mode=power,1,1,3,0,0,no_cal_date,YOKOGAWA;WT333E;C2WL21011V;F1.04'
ptd-server 2023-02-28 06:20:46,215 [INFO] Connected to PTDaemon
ptd-server 2023-02-28 06:20:46,215 [INFO] Sending to ptd: 'RR'
ptd-server 2023-02-28 06:20:46,215 [INFO] Reply from ptd: 'Ranges,1,5.000000,1,300.000000'
ptd-server 2023-02-28 06:20:46,215 [INFO] Initial range for Amps is Auto for Volts is Auto
ptd-server 2023-02-28 06:20:46,215 [INFO] Sending to ptd: 'SR,V,Auto'
ptd-server 2023-02-28 06:20:51,271 [INFO] Reply from ptd: 'Range V changed'
ptd-server 2023-02-28 06:20:51,271 [INFO] Sending to ptd: 'SR,A,Auto'
ptd-server 2023-02-28 06:20:56,326 [INFO] Reply from ptd: 'Range A changed'
ptd-server 2023-02-28 06:21:06,337 [INFO] Starting ranging mode
ptd-server 2023-02-28 06:21:06,337 [INFO] Sending to ptd: 'Go,1000,0,2023-02-28_06-20-26_ranging'
ptd-server 2023-02-28 06:21:06,338 [INFO] Reply from ptd: 'Starting untimed measurement, maximum 500000 samples at 1000ms with 0 rampup samples'
ptd-server 2023-02-28 06:21:06,338 [INFO] Sending reply to client 'OK'
ptd-server 2023-02-28 06:32:32,855 [INFO] Got command from the client 'session,2023-02-28_06-20-26,stop,ranging'
ptd-server 2023-02-28 06:32:42,865 [INFO] Sending to ptd: 'Stop'
ptd-server 2023-02-28 06:32:42,866 [INFO] Reply from ptd: 'Stopping untimed measurement'
ptd-server 2023-02-28 06:32:42,895 [INFO] Sending reply to client 'OK'
ptd-server 2023-02-28 06:32:43,140 [INFO] Got command from the client 'time'
ptd-server 2023-02-28 06:32:43,140 [INFO] Sending reply to client '1677594763.1409113'
ptd-server 2023-02-28 06:32:43,141 [INFO] Got command from the client 'session,2023-02-28_06-20-26,start,testing'
ptd-server 2023-02-28 06:32:43,142 [INFO] Sending to ptd: 'SR,V,206.030000'
ptd-server 2023-02-28 06:32:49,393 [INFO] Reply from ptd: 'Range V changed'
ptd-server 2023-02-28 06:32:49,393 [INFO] Sending to ptd: 'SR,A,4.528200'
ptd-server 2023-02-28 06:32:54,948 [INFO] Reply from ptd: 'Range A changed'
ptd-server 2023-02-28 06:33:04,958 [INFO] Starting testing mode
ptd-server 2023-02-28 06:33:04,958 [INFO] Sending to ptd: 'Go,1000,0,2023-02-28_06-20-26_testing'
ptd-server 2023-02-28 06:33:04,959 [INFO] Reply from ptd: 'Starting untimed measurement, maximum 500000 samples at 1000ms with 0 rampup samples'
ptd-server 2023-02-28 06:33:04,959 [INFO] Sending reply to client 'OK'
ptd-server 2023-02-28 06:44:29,786 [INFO] Got command from the client 'session,2023-02-28_06-20-26,stop,testing'
ptd-server 2023-02-28 06:44:39,796 [INFO] Sending to ptd: 'Stop'
ptd-server 2023-02-28 06:44:39,797 [INFO] Reply from ptd: 'Stopping untimed measurement'
ptd-server 2023-02-28 06:44:39,802 [INFO] Sending reply to client 'OK'
ptd-server 2023-02-28 06:44:39,848 [INFO] Got command from the client 'session,2023-02-28_06-20-26,done'
ptd-server 2023-02-28 06:44:39,848 [INFO] Sending to ptd: 'Stop'
ptd-server 2023-02-28 06:44:39,959 [INFO] Reply from ptd: 'Error: no measurement to stop'
ptd-server 2023-02-28 06:44:39,959 [INFO] Sending to ptd: 'SR,V,Auto'
ptd-server 2023-02-28 06:44:45,014 [INFO] Reply from ptd: 'Range V changed'
ptd-server 2023-02-28 06:44:45,015 [INFO] Sending to ptd: 'SR,A,Auto'
ptd-server 2023-02-28 06:44:50,070 [INFO] Reply from ptd: 'Range A changed'
ptd-server 2023-02-28 06:44:50,070 [INFO] Set initial values for Amps Auto and Volts Auto
ptd-server 2023-02-28 06:44:50,070 [INFO] Stopping ptd...
