ptd-server 2023-02-21 09:35:28,966 [INFO] Got command from the client 'time'
ptd-server 2023-02-21 09:35:28,967 [INFO] Sending reply to client '1676972128.9670448'
ptd-server 2023-02-21 09:35:28,968 [INFO] Got command from the client 'new,,655981ac-f13b-44da-8e2c-53b7dbb91dab'
ptd-server 2023-02-21 09:35:28,968 [INFO] Sending reply to client 'OK 2023-02-21_09-35-28,d1c726d8-6dc2-4adc-9529-f76db9bd79da'
ptd-server 2023-02-21 09:35:28,990 [INFO] Got command from the client 'time'
ptd-server 2023-02-21 09:35:28,991 [INFO] Sending reply to client '1676972128.990998'
ptd-server 2023-02-21 09:35:28,992 [INFO] Got command from the client 'session,2023-02-21_09-35-28,start,ranging'
ptd-server 2023-02-21 09:35:28,992 [INFO] Running PTDaemon: ['/home/anton/projects/mlperf/power/inference_v1.0/ptd-linux-x86', '-l', '/tmp/tmp4yl1neqp/ptd_logfile.txt', '-p', '8888', '49', '/dev/usbtmc0']
ptd-server 2023-02-21 09:35:46,065 [INFO] Sending to ptd: 'Hello'
ptd-server 2023-02-21 09:35:46,066 [INFO] Reply from ptd: 'Hello, PTDaemon here!'
ptd-server 2023-02-21 09:35:46,066 [INFO] Sending to ptd: 'Identify'
ptd-server 2023-02-21 09:35:46,067 [INFO] Reply from ptd: 'YokogawaWT310E,1000,1,1,1,1,0,1,1,version=1.10.0-ed9a21d2-20220817,OS=Linux 5.15.0-60-generic #66~20.04.1-Ubuntu SMP Wed Jan 25 09:41:30 UTC 2023 x86_64,mode=power,1,1,1,0,0,no_cal_date,YOKOGAWA;WT310E;C3XA04010E;F1.04'
ptd-server 2023-02-21 09:35:46,067 [INFO] Connected to PTDaemon
ptd-server 2023-02-21 09:35:46,067 [INFO] Sending to ptd: 'RR'
ptd-server 2023-02-21 09:35:46,067 [INFO] Reply from ptd: 'Ranges,1,0.100000,1,300.000000'
ptd-server 2023-02-21 09:35:46,067 [INFO] Initial range for Amps is Auto for Volts is Auto
ptd-server 2023-02-21 09:35:46,068 [INFO] Sending to ptd: 'SR,V,Auto'
ptd-server 2023-02-21 09:35:46,570 [INFO] Reply from ptd: 'Range V changed'
ptd-server 2023-02-21 09:35:46,570 [INFO] Sending to ptd: 'SR,A,Auto'
ptd-server 2023-02-21 09:35:47,073 [INFO] Reply from ptd: 'Range A changed'
ptd-server 2023-02-21 09:35:57,083 [INFO] Starting ranging mode
ptd-server 2023-02-21 09:35:57,083 [INFO] Sending to ptd: 'Go,1000,0,2023-02-21_09-35-28_ranging'
ptd-server 2023-02-21 09:35:57,084 [INFO] Reply from ptd: 'Starting untimed measurement, maximum 500000 samples at 1000ms with 0 rampup samples'
ptd-server 2023-02-21 09:35:57,084 [INFO] Sending reply to client 'OK'
ptd-server 2023-02-21 09:46:24,259 [INFO] Got command from the client 'session,2023-02-21_09-35-28,stop,ranging'
ptd-server 2023-02-21 09:46:34,269 [INFO] Sending to ptd: 'Stop'
ptd-server 2023-02-21 09:46:34,269 [INFO] Reply from ptd: 'Stopping untimed measurement'
ptd-server 2023-02-21 09:46:34,605 [INFO] Sending reply to client 'OK'
ptd-server 2023-02-21 09:46:34,676 [INFO] Got command from the client 'time'
ptd-server 2023-02-21 09:46:34,676 [INFO] Sending reply to client '1676972794.6767702'
ptd-server 2023-02-21 09:46:34,677 [INFO] Got command from the client 'session,2023-02-21_09-35-28,start,testing'
ptd-server 2023-02-21 09:46:34,677 [INFO] Sending to ptd: 'SR,V,250.780000'
ptd-server 2023-02-21 09:46:36,586 [INFO] Reply from ptd: 'Range V changed'
ptd-server 2023-02-21 09:46:36,586 [INFO] Sending to ptd: 'SR,A,0.070830'
ptd-server 2023-02-21 09:46:38,087 [INFO] Reply from ptd: 'Range A changed'
ptd-server 2023-02-21 09:46:48,098 [INFO] Starting testing mode
ptd-server 2023-02-21 09:46:48,098 [INFO] Sending to ptd: 'Go,1000,0,2023-02-21_09-35-28_testing'
ptd-server 2023-02-21 09:46:48,098 [INFO] Reply from ptd: 'Starting untimed measurement, maximum 500000 samples at 1000ms with 0 rampup samples'
ptd-server 2023-02-21 09:46:48,098 [INFO] Sending reply to client 'OK'
ptd-server 2023-02-21 09:57:15,228 [INFO] Got command from the client 'session,2023-02-21_09-35-28,stop,testing'
ptd-server 2023-02-21 09:57:25,238 [INFO] Sending to ptd: 'Stop'
ptd-server 2023-02-21 09:57:25,239 [INFO] Reply from ptd: 'Stopping untimed measurement'
ptd-server 2023-02-21 09:57:25,396 [INFO] Sending reply to client 'OK'
ptd-server 2023-02-21 09:57:25,404 [INFO] Got command from the client 'session,2023-02-21_09-35-28,done'
ptd-server 2023-02-21 09:57:25,404 [INFO] Sending to ptd: 'Stop'
ptd-server 2023-02-21 09:57:26,099 [INFO] Reply from ptd: 'Error: no measurement to stop'
ptd-server 2023-02-21 09:57:26,099 [INFO] Sending to ptd: 'SR,V,Auto'
ptd-server 2023-02-21 09:57:26,601 [INFO] Reply from ptd: 'Range V changed'
ptd-server 2023-02-21 09:57:26,602 [INFO] Sending to ptd: 'SR,A,Auto'
ptd-server 2023-02-21 09:57:27,104 [INFO] Reply from ptd: 'Range A changed'
ptd-server 2023-02-21 09:57:27,104 [INFO] Set initial values for Amps Auto and Volts Auto
ptd-server 2023-02-21 09:57:27,104 [INFO] Stopping ptd...
