ptd-server 2023-02-25 01:29:25,090 [INFO] Got command from the client 'time'
ptd-server 2023-02-25 01:29:25,090 [INFO] Sending reply to client '1677288565.090767'
ptd-server 2023-02-25 01:29:25,091 [INFO] Got command from the client 'new,,b5f958f3-9872-42aa-adb9-ac659b0b9e87'
ptd-server 2023-02-25 01:29:25,092 [INFO] Sending reply to client 'OK 2023-02-25_01-29-25,6d4ed931-6e3a-45ce-af0d-ee47b04dba81'
ptd-server 2023-02-25 01:29:25,112 [INFO] Got command from the client 'time'
ptd-server 2023-02-25 01:29:25,112 [INFO] Sending reply to client '1677288565.1122234'
ptd-server 2023-02-25 01:29:25,113 [INFO] Got command from the client 'session,2023-02-25_01-29-25,start,ranging'
ptd-server 2023-02-25 01:29:25,113 [INFO] Running PTDaemon: ['/home/anton/projects/mlperf/power/inference_v1.0/ptd-linux-x86', '-l', '/tmp/tmpu4v721n6/ptd_logfile.txt', '-p', '8888', '49', '/dev/usbtmc0']
ptd-server 2023-02-25 01:29:42,199 [INFO] Sending to ptd: 'Hello'
ptd-server 2023-02-25 01:29:42,200 [INFO] Reply from ptd: 'Hello, PTDaemon here!'
ptd-server 2023-02-25 01:29:42,200 [INFO] Sending to ptd: 'Identify'
ptd-server 2023-02-25 01:29:42,200 [INFO] Reply from ptd: 'YokogawaWT310E,1000,1,1,1,1,0,1,1,version=1.10.0-ed9a21d2-20220817,OS=Linux 5.15.0-60-generic #66~20.04.1-Ubuntu SMP Wed Jan 25 09:41:30 UTC 2023 x86_64,mode=power,1,1,1,0,0,no_cal_date,YOKOGAWA;WT310E;C3XA04010E;F1.04'
ptd-server 2023-02-25 01:29:42,201 [INFO] Connected to PTDaemon
ptd-server 2023-02-25 01:29:42,201 [INFO] Sending to ptd: 'RR'
ptd-server 2023-02-25 01:29:42,201 [INFO] Reply from ptd: 'Ranges,0,0.100000,0,300.000000'
ptd-server 2023-02-25 01:29:42,201 [INFO] Initial range for Amps is 0.100000 for Volts is 300.000000
ptd-server 2023-02-25 01:29:42,201 [INFO] Sending to ptd: 'SR,V,Auto'
ptd-server 2023-02-25 01:29:42,704 [INFO] Reply from ptd: 'Range V changed'
ptd-server 2023-02-25 01:29:42,704 [INFO] Sending to ptd: 'SR,A,Auto'
ptd-server 2023-02-25 01:29:43,206 [INFO] Reply from ptd: 'Range A changed'
ptd-server 2023-02-25 01:29:53,216 [INFO] Starting ranging mode
ptd-server 2023-02-25 01:29:53,216 [INFO] Sending to ptd: 'Go,1000,0,2023-02-25_01-29-25_ranging'
ptd-server 2023-02-25 01:29:53,216 [INFO] Reply from ptd: 'Starting untimed measurement, maximum 500000 samples at 1000ms with 0 rampup samples'
ptd-server 2023-02-25 01:29:53,217 [INFO] Sending reply to client 'OK'
ptd-server 2023-02-25 01:40:09,769 [INFO] Got command from the client 'session,2023-02-25_01-29-25,stop,ranging'
ptd-server 2023-02-25 01:40:19,779 [INFO] Sending to ptd: 'Stop'
ptd-server 2023-02-25 01:40:19,780 [INFO] Reply from ptd: 'Stopping untimed measurement'
ptd-server 2023-02-25 01:40:19,804 [INFO] Sending reply to client 'OK'
ptd-server 2023-02-25 01:40:19,838 [INFO] Got command from the client 'time'
ptd-server 2023-02-25 01:40:19,838 [INFO] Sending reply to client '1677289219.8389266'
ptd-server 2023-02-25 01:40:19,840 [INFO] Got command from the client 'session,2023-02-25_01-29-25,start,testing'
ptd-server 2023-02-25 01:40:19,840 [INFO] Sending to ptd: 'SR,V,252.550000'
ptd-server 2023-02-25 01:40:21,719 [INFO] Reply from ptd: 'Range V changed'
ptd-server 2023-02-25 01:40:21,719 [INFO] Sending to ptd: 'SR,A,0.059100'
ptd-server 2023-02-25 01:40:23,220 [INFO] Reply from ptd: 'Range A changed'
ptd-server 2023-02-25 01:40:33,230 [INFO] Starting testing mode
ptd-server 2023-02-25 01:40:33,231 [INFO] Sending to ptd: 'Go,1000,0,2023-02-25_01-29-25_testing'
ptd-server 2023-02-25 01:40:33,231 [INFO] Reply from ptd: 'Starting untimed measurement, maximum 500000 samples at 1000ms with 0 rampup samples'
ptd-server 2023-02-25 01:40:33,231 [INFO] Sending reply to client 'OK'
ptd-server 2023-02-25 01:50:49,705 [INFO] Got command from the client 'session,2023-02-25_01-29-25,stop,testing'
ptd-server 2023-02-25 01:50:59,716 [INFO] Sending to ptd: 'Stop'
ptd-server 2023-02-25 01:50:59,716 [INFO] Reply from ptd: 'Stopping untimed measurement'
ptd-server 2023-02-25 01:50:59,727 [INFO] Sending reply to client 'OK'
ptd-server 2023-02-25 01:50:59,735 [INFO] Got command from the client 'session,2023-02-25_01-29-25,done'
ptd-server 2023-02-25 01:50:59,735 [INFO] Sending to ptd: 'Stop'
ptd-server 2023-02-25 01:51:00,231 [INFO] Reply from ptd: 'Error: no measurement to stop'
ptd-server 2023-02-25 01:51:00,232 [INFO] Sending to ptd: 'SR,V,300.000000'
ptd-server 2023-02-25 01:51:01,733 [INFO] Reply from ptd: 'Range V changed'
ptd-server 2023-02-25 01:51:01,733 [INFO] Sending to ptd: 'SR,A,0.100000'
ptd-server 2023-02-25 01:51:03,234 [INFO] Reply from ptd: 'Range A changed'
ptd-server 2023-02-25 01:51:03,234 [INFO] Set initial values for Amps 0.100000 and Volts 300.000000
ptd-server 2023-02-25 01:51:03,235 [INFO] Stopping ptd...
