ptd-server 2023-02-24 12:43:32,406 [INFO] Got command from the client 'stop'
ptd-server 2023-02-24 12:43:32,406 [INFO] The server will be stopped after processing this client
ptd-server 2023-02-24 12:43:32,406 [INFO] Sending reply to client 'OK'
ptd-server 2023-02-24 12:43:32,703 [INFO] Got command from the client 'time'
ptd-server 2023-02-24 12:43:32,703 [INFO] Sending reply to client '1677271412.7037027'
ptd-server 2023-02-24 12:43:32,703 [INFO] Got command from the client 'new,,86c7c340-9af3-45ed-b0be-44743823b01e'
ptd-server 2023-02-24 12:43:32,703 [INFO] Sending reply to client 'OK 2023-02-24_12-43-32,dfbb6c05-d9d3-42ba-9e46-86e625b87a5b'
ptd-server 2023-02-24 12:43:32,969 [INFO] Got command from the client 'time'
ptd-server 2023-02-24 12:43:32,969 [INFO] Sending reply to client '1677271412.9692538'
ptd-server 2023-02-24 12:43:32,984 [INFO] Got command from the client 'session,2023-02-24_12-43-32,start,ranging'
ptd-server 2023-02-24 12:43:33,094 [INFO] Running PTDaemon: ['C:\\PTD\\ptd-windows-x86.exe', '-l', 'C:\\Users\\lab\\AppData\\Local\\Temp\\tmpdhpznfvq\\ptd_logfile.txt', '-p', '8888', '-c', '1', '-y', '52', '10.116.21.204']
ptd-server 2023-02-24 12:43:51,292 [INFO] Sending to ptd: 'Hello'
ptd-server 2023-02-24 12:43:51,292 [INFO] Reply from ptd: 'Hello, PTDaemon here!'
ptd-server 2023-02-24 12:43:51,292 [INFO] Sending to ptd: 'Identify'
ptd-server 2023-02-24 12:43:51,292 [INFO] Reply from ptd: 'YokogawaWT330E,1000,1,1,1,1,0,0,1,version=1.10.0-82175bac-20220817,OS=Windows 8 / Server 2012,mode=power,1,1,1,0,0,no_cal_date,YOKOGAWA;WT333E;C2VL22012V;F1.04'
ptd-server 2023-02-24 12:43:51,292 [INFO] Connected to PTDaemon
ptd-server 2023-02-24 12:43:51,292 [INFO] Sending to ptd: 'RR'
ptd-server 2023-02-24 12:43:51,292 [INFO] Reply from ptd: 'Ranges,1,0.500000,1,300.000000'
ptd-server 2023-02-24 12:43:51,292 [INFO] Initial range for Amps is Auto for Volts is Auto
ptd-server 2023-02-24 12:43:51,292 [INFO] Sending to ptd: 'SR,V,Auto'
ptd-server 2023-02-24 12:43:51,807 [INFO] Reply from ptd: 'Range V changed'
ptd-server 2023-02-24 12:43:51,807 [INFO] Sending to ptd: 'SR,A,Auto'
ptd-server 2023-02-24 12:43:52,323 [INFO] Reply from ptd: 'Range A changed'
ptd-server 2023-02-24 12:44:02,336 [INFO] Starting ranging mode
ptd-server 2023-02-24 12:44:02,336 [INFO] Sending to ptd: 'Go,1000,0,2023-02-24_12-43-32_ranging'
ptd-server 2023-02-24 12:44:02,336 [INFO] Reply from ptd: 'Starting untimed measurement, maximum 500000 samples at 1000ms with 0 rampup samples'
ptd-server 2023-02-24 12:44:02,336 [INFO] Sending reply to client 'OK'
ptd-server 2023-02-24 13:06:09,584 [INFO] Got command from the client 'session,2023-02-24_12-43-32,stop,ranging'
ptd-server 2023-02-24 13:06:19,597 [INFO] Sending to ptd: 'Stop'
ptd-server 2023-02-24 13:06:19,597 [INFO] Reply from ptd: 'Stopping untimed measurement'
ptd-server 2023-02-24 13:06:19,628 [INFO] Sending reply to client 'OK'
ptd-server 2023-02-24 13:06:20,034 [INFO] Got command from the client 'time'
ptd-server 2023-02-24 13:06:20,034 [INFO] Sending reply to client '1677272780.0349703'
ptd-server 2023-02-24 13:06:20,034 [INFO] Got command from the client 'session,2023-02-24_12-43-32,start,testing'
ptd-server 2023-02-24 13:06:20,034 [INFO] Sending to ptd: 'SR,V,206.970000'
ptd-server 2023-02-24 13:06:21,878 [INFO] Reply from ptd: 'Range V changed'
ptd-server 2023-02-24 13:06:21,878 [INFO] Sending to ptd: 'SR,A,0.278000'
ptd-server 2023-02-24 13:06:23,409 [INFO] Reply from ptd: 'Range A changed'
ptd-server 2023-02-24 13:06:33,422 [INFO] Starting testing mode
ptd-server 2023-02-24 13:06:33,422 [INFO] Sending to ptd: 'Go,1000,0,2023-02-24_12-43-32_testing'
ptd-server 2023-02-24 13:06:33,422 [INFO] Reply from ptd: 'Starting untimed measurement, maximum 500000 samples at 1000ms with 0 rampup samples'
ptd-server 2023-02-24 13:06:33,422 [INFO] Sending reply to client 'OK'
ptd-server 2023-02-24 13:28:25,006 [INFO] Got command from the client 'session,2023-02-24_12-43-32,stop,testing'
ptd-server 2023-02-24 13:28:35,019 [INFO] Sending to ptd: 'Stop'
ptd-server 2023-02-24 13:28:35,019 [INFO] Reply from ptd: 'Stopping untimed measurement'
ptd-server 2023-02-24 13:28:35,035 [INFO] Sending reply to client 'OK'
ptd-server 2023-02-24 13:28:35,269 [INFO] Got command from the client 'session,2023-02-24_12-43-32,done'
ptd-server 2023-02-24 13:28:35,269 [INFO] Sending to ptd: 'Stop'
ptd-server 2023-02-24 13:28:35,425 [INFO] Reply from ptd: 'Error: no measurement to stop'
ptd-server 2023-02-24 13:28:35,425 [INFO] Sending to ptd: 'SR,V,Auto'
ptd-server 2023-02-24 13:28:35,941 [INFO] Reply from ptd: 'Range V changed'
ptd-server 2023-02-24 13:28:35,941 [INFO] Sending to ptd: 'SR,A,Auto'
ptd-server 2023-02-24 13:28:36,456 [INFO] Reply from ptd: 'Range A changed'
ptd-server 2023-02-24 13:28:36,456 [INFO] Set initial values for Amps Auto and Volts Auto
ptd-server 2023-02-24 13:28:36,456 [INFO] Stopping ptd...
