ptd-server 2023-02-22 01:28:58,672 [INFO] Got command from the client 'time'
ptd-server 2023-02-22 01:28:58,672 [INFO] Sending reply to client '1677029338.672499'
ptd-server 2023-02-22 01:28:58,673 [INFO] Got command from the client 'new,,d37245cc-3f75-4842-9e56-0df5adf33d77'
ptd-server 2023-02-22 01:28:58,674 [INFO] Sending reply to client 'OK 2023-02-22_01-28-58,ea7826d7-0f54-4da8-9b7b-cb0e12821af8'
ptd-server 2023-02-22 01:28:58,695 [INFO] Got command from the client 'time'
ptd-server 2023-02-22 01:28:58,695 [INFO] Sending reply to client '1677029338.6956704'
ptd-server 2023-02-22 01:28:58,696 [INFO] Got command from the client 'session,2023-02-22_01-28-58,start,ranging'
ptd-server 2023-02-22 01:28:58,697 [INFO] Running PTDaemon: ['/home/anton/projects/mlperf/power/inference_v1.0/ptd-linux-x86', '-l', '/tmp/tmp4yl1neqp/ptd_logfile.txt', '-p', '8888', '49', '/dev/usbtmc0']
ptd-server 2023-02-22 01:29:15,770 [INFO] Sending to ptd: 'Hello'
ptd-server 2023-02-22 01:29:15,771 [INFO] Reply from ptd: 'Hello, PTDaemon here!'
ptd-server 2023-02-22 01:29:15,771 [INFO] Sending to ptd: 'Identify'
ptd-server 2023-02-22 01:29:15,771 [INFO] Reply from ptd: 'YokogawaWT310E,1000,1,1,1,1,0,1,1,version=1.10.0-ed9a21d2-20220817,OS=Linux 5.15.0-60-generic #66~20.04.1-Ubuntu SMP Wed Jan 25 09:41:30 UTC 2023 x86_64,mode=power,1,1,1,0,0,no_cal_date,YOKOGAWA;WT310E;C3XA04010E;F1.04'
ptd-server 2023-02-22 01:29:15,771 [INFO] Connected to PTDaemon
ptd-server 2023-02-22 01:29:15,772 [INFO] Sending to ptd: 'RR'
ptd-server 2023-02-22 01:29:15,772 [INFO] Reply from ptd: 'Ranges,1,0.100000,1,300.000000'
ptd-server 2023-02-22 01:29:15,772 [INFO] Initial range for Amps is Auto for Volts is Auto
ptd-server 2023-02-22 01:29:15,772 [INFO] Sending to ptd: 'SR,V,Auto'
ptd-server 2023-02-22 01:29:16,275 [INFO] Reply from ptd: 'Range V changed'
ptd-server 2023-02-22 01:29:16,275 [INFO] Sending to ptd: 'SR,A,Auto'
ptd-server 2023-02-22 01:29:16,777 [INFO] Reply from ptd: 'Range A changed'
ptd-server 2023-02-22 01:29:26,788 [INFO] Starting ranging mode
ptd-server 2023-02-22 01:29:26,788 [INFO] Sending to ptd: 'Go,1000,0,2023-02-22_01-28-58_ranging'
ptd-server 2023-02-22 01:29:26,788 [INFO] Reply from ptd: 'Starting untimed measurement, maximum 500000 samples at 1000ms with 0 rampup samples'
ptd-server 2023-02-22 01:29:26,789 [INFO] Sending reply to client 'OK'
ptd-server 2023-02-22 01:39:46,386 [INFO] Got command from the client 'session,2023-02-22_01-28-58,stop,ranging'
ptd-server 2023-02-22 01:39:56,396 [INFO] Sending to ptd: 'Stop'
ptd-server 2023-02-22 01:39:56,397 [INFO] Reply from ptd: 'Stopping untimed measurement'
ptd-server 2023-02-22 01:39:56,778 [INFO] Sending reply to client 'OK'
ptd-server 2023-02-22 01:39:56,809 [INFO] Got command from the client 'time'
ptd-server 2023-02-22 01:39:56,809 [INFO] Sending reply to client '1677029996.8094761'
ptd-server 2023-02-22 01:39:56,810 [INFO] Got command from the client 'session,2023-02-22_01-28-58,start,testing'
ptd-server 2023-02-22 01:39:56,810 [INFO] Sending to ptd: 'SR,V,251.830000'
ptd-server 2023-02-22 01:39:58,312 [INFO] Reply from ptd: 'Range V changed'
ptd-server 2023-02-22 01:39:58,312 [INFO] Sending to ptd: 'SR,A,0.047190'
ptd-server 2023-02-22 01:39:59,813 [INFO] Reply from ptd: 'Range A changed'
ptd-server 2023-02-22 01:40:09,824 [INFO] Starting testing mode
ptd-server 2023-02-22 01:40:09,824 [INFO] Sending to ptd: 'Go,1000,0,2023-02-22_01-28-58_testing'
ptd-server 2023-02-22 01:40:09,824 [INFO] Reply from ptd: 'Starting untimed measurement, maximum 500000 samples at 1000ms with 0 rampup samples'
ptd-server 2023-02-22 01:40:09,824 [INFO] Sending reply to client 'OK'
ptd-server 2023-02-22 01:50:29,383 [INFO] Got command from the client 'session,2023-02-22_01-28-58,stop,testing'
ptd-server 2023-02-22 01:50:39,393 [INFO] Sending to ptd: 'Stop'
ptd-server 2023-02-22 01:50:39,394 [INFO] Reply from ptd: 'Stopping untimed measurement'
ptd-server 2023-02-22 01:50:39,596 [INFO] Sending reply to client 'OK'
ptd-server 2023-02-22 01:50:39,604 [INFO] Got command from the client 'session,2023-02-22_01-28-58,done'
ptd-server 2023-02-22 01:50:39,604 [INFO] Sending to ptd: 'Stop'
ptd-server 2023-02-22 01:50:39,825 [INFO] Reply from ptd: 'Error: no measurement to stop'
ptd-server 2023-02-22 01:50:39,825 [INFO] Sending to ptd: 'SR,V,Auto'
ptd-server 2023-02-22 01:50:40,327 [INFO] Reply from ptd: 'Range V changed'
ptd-server 2023-02-22 01:50:40,328 [INFO] Sending to ptd: 'SR,A,Auto'
ptd-server 2023-02-22 01:50:40,830 [INFO] Reply from ptd: 'Range A changed'
ptd-server 2023-02-22 01:50:40,830 [INFO] Set initial values for Amps Auto and Volts Auto
ptd-server 2023-02-22 01:50:40,830 [INFO] Stopping ptd...
