ptd-server 2023-02-24 04:52:22,375 [INFO] Got command from the client 'time'
ptd-server 2023-02-24 04:52:22,375 [INFO] Sending reply to client '1677235942.3755138'
ptd-server 2023-02-24 04:52:22,376 [INFO] Got command from the client 'new,,c4bb52e0-9ab5-4be0-8484-388acaf61682'
ptd-server 2023-02-24 04:52:22,377 [INFO] Sending reply to client 'OK 2023-02-24_04-52-22,1e3fd36e-171b-4a39-acc1-1ecfb5cac14b'
ptd-server 2023-02-24 04:52:22,458 [INFO] Got command from the client 'time'
ptd-server 2023-02-24 04:52:22,458 [INFO] Sending reply to client '1677235942.458713'
ptd-server 2023-02-24 04:52:22,459 [INFO] Got command from the client 'session,2023-02-24_04-52-22,start,ranging'
ptd-server 2023-02-24 04:52:22,460 [INFO] Running PTDaemon: ['/local/mnt/workspace/mlcommons/power-main/inference_v1.0/ptd-linux-x86', '-l', '/tmp/tmpqybqiqrs/ptd_logfile.txt', '-p', '8888', '-c', '1,2', '77', '/dev/usbtmc0']
ptd-server 2023-02-24 04:52:40,993 [INFO] Sending to ptd: 'Hello'
ptd-server 2023-02-24 04:52:40,994 [INFO] Reply from ptd: 'Hello, PTDaemon here!'
ptd-server 2023-02-24 04:52:40,994 [INFO] Sending to ptd: 'Identify'
ptd-server 2023-02-24 04:52:40,995 [INFO] Reply from ptd: 'YokogawaWT330_multichannel,1000,1,1,1,1,0,0,1,version=1.10.0-ed9a21d2-20220817,OS=Linux 5.4.0-120-generic #136~18.04.1-Ubuntu SMP Fri Jun 10 18:00:44 UTC 2022 x86_64,mode=power,1,1,2,0,0,no_cal_date,YOKOGAWA;WT333E;C2XC17004V;F1.04'
ptd-server 2023-02-24 04:52:40,995 [INFO] Connected to PTDaemon
ptd-server 2023-02-24 04:52:40,995 [INFO] Sending to ptd: 'RR'
ptd-server 2023-02-24 04:52:40,996 [INFO] Reply from ptd: 'Ranges,1,2.000000,1,300.000000'
ptd-server 2023-02-24 04:52:40,996 [INFO] Initial range for Amps is Auto for Volts is Auto
ptd-server 2023-02-24 04:52:40,996 [INFO] Sending to ptd: 'SR,V,Auto'
ptd-server 2023-02-24 04:52:46,049 [INFO] Reply from ptd: 'Range V changed'
ptd-server 2023-02-24 04:52:46,050 [INFO] Sending to ptd: 'SR,A,Auto'
ptd-server 2023-02-24 04:52:51,103 [INFO] Reply from ptd: 'Range A changed'
ptd-server 2023-02-24 04:53:01,114 [INFO] Starting ranging mode
ptd-server 2023-02-24 04:53:01,114 [INFO] Sending to ptd: 'Go,1000,0,2023-02-24_04-52-22_ranging'
ptd-server 2023-02-24 04:53:01,115 [INFO] Reply from ptd: 'Starting untimed measurement, maximum 500000 samples at 1000ms with 0 rampup samples'
ptd-server 2023-02-24 04:53:01,115 [INFO] Sending reply to client 'OK'
ptd-server 2023-02-24 05:07:35,886 [INFO] Got command from the client 'session,2023-02-24_04-52-22,stop,ranging'
ptd-server 2023-02-24 05:07:45,895 [INFO] Sending to ptd: 'Stop'
ptd-server 2023-02-24 05:07:45,895 [INFO] Reply from ptd: 'Stopping untimed measurement'
ptd-server 2023-02-24 05:07:45,942 [INFO] Sending reply to client 'OK'
ptd-server 2023-02-24 05:07:46,048 [INFO] Got command from the client 'time'
ptd-server 2023-02-24 05:07:46,048 [INFO] Sending reply to client '1677236866.0487468'
ptd-server 2023-02-24 05:07:46,050 [INFO] Got command from the client 'session,2023-02-24_04-52-22,start,testing'
ptd-server 2023-02-24 05:07:46,051 [INFO] Sending to ptd: 'SR,V,210.380000'
ptd-server 2023-02-24 05:07:52,167 [INFO] Reply from ptd: 'Range V changed'
ptd-server 2023-02-24 05:07:52,168 [INFO] Sending to ptd: 'SR,A,3.186000'
ptd-server 2023-02-24 05:07:57,720 [INFO] Reply from ptd: 'Range A changed'
ptd-server 2023-02-24 05:08:07,730 [INFO] Starting testing mode
ptd-server 2023-02-24 05:08:07,731 [INFO] Sending to ptd: 'Go,1000,0,2023-02-24_04-52-22_testing'
ptd-server 2023-02-24 05:08:07,731 [INFO] Reply from ptd: 'Starting untimed measurement, maximum 500000 samples at 1000ms with 0 rampup samples'
ptd-server 2023-02-24 05:08:07,732 [INFO] Sending reply to client 'OK'
ptd-server 2023-02-24 05:22:44,737 [INFO] Got command from the client 'session,2023-02-24_04-52-22,stop,testing'
ptd-server 2023-02-24 05:22:54,743 [INFO] Sending to ptd: 'Stop'
ptd-server 2023-02-24 05:22:54,743 [INFO] Reply from ptd: 'Stopping untimed measurement'
ptd-server 2023-02-24 05:22:54,762 [INFO] Sending reply to client 'OK'
ptd-server 2023-02-24 05:22:54,777 [INFO] Got command from the client 'session,2023-02-24_04-52-22,done'
ptd-server 2023-02-24 05:22:54,777 [INFO] Sending to ptd: 'Stop'
ptd-server 2023-02-24 05:22:55,732 [INFO] Reply from ptd: 'Error: no measurement to stop'
ptd-server 2023-02-24 05:22:55,732 [INFO] Sending to ptd: 'SR,V,Auto'
ptd-server 2023-02-24 05:23:00,786 [INFO] Reply from ptd: 'Range V changed'
ptd-server 2023-02-24 05:23:00,786 [INFO] Sending to ptd: 'SR,A,Auto'
ptd-server 2023-02-24 05:23:05,840 [INFO] Reply from ptd: 'Range A changed'
ptd-server 2023-02-24 05:23:05,840 [INFO] Set initial values for Amps Auto and Volts Auto
ptd-server 2023-02-24 05:23:05,840 [INFO] Stopping ptd...
