ptd-server 2023-02-22 18:39:39,560 [INFO] Got command from the client 'time'
ptd-server 2023-02-22 18:39:39,560 [INFO] Sending reply to client '1677091179.56085'
ptd-server 2023-02-22 18:39:39,561 [INFO] Got command from the client 'new,,0813e2a8-7b53-4b78-b6a1-fda0522dcc40'
ptd-server 2023-02-22 18:39:39,562 [INFO] Sending reply to client 'OK 2023-02-22_18-39-39,e3504164-c7c2-488b-af7b-effbe2c872c2'
ptd-server 2023-02-22 18:39:39,580 [INFO] Got command from the client 'time'
ptd-server 2023-02-22 18:39:39,581 [INFO] Sending reply to client '1677091179.5810375'
ptd-server 2023-02-22 18:39:39,582 [INFO] Got command from the client 'session,2023-02-22_18-39-39,start,ranging'
ptd-server 2023-02-22 18:39:39,582 [INFO] Running PTDaemon: ['/home/anton/projects/mlperf/power/inference_v1.0/ptd-linux-x86', '-l', '/tmp/tmp4yl1neqp/ptd_logfile.txt', '-p', '8888', '49', '/dev/usbtmc0']
ptd-server 2023-02-22 18:39:56,650 [INFO] Sending to ptd: 'Hello'
ptd-server 2023-02-22 18:39:56,650 [INFO] Reply from ptd: 'Hello, PTDaemon here!'
ptd-server 2023-02-22 18:39:56,651 [INFO] Sending to ptd: 'Identify'
ptd-server 2023-02-22 18:39:56,651 [INFO] Reply from ptd: 'YokogawaWT310E,1000,1,1,1,1,0,1,1,version=1.10.0-ed9a21d2-20220817,OS=Linux 5.15.0-60-generic #66~20.04.1-Ubuntu SMP Wed Jan 25 09:41:30 UTC 2023 x86_64,mode=power,1,1,1,0,0,no_cal_date,YOKOGAWA;WT310E;C3XA04010E;F1.04'
ptd-server 2023-02-22 18:39:56,651 [INFO] Connected to PTDaemon
ptd-server 2023-02-22 18:39:56,651 [INFO] Sending to ptd: 'RR'
ptd-server 2023-02-22 18:39:56,651 [INFO] Reply from ptd: 'Ranges,1,0.100000,1,300.000000'
ptd-server 2023-02-22 18:39:56,651 [INFO] Initial range for Amps is Auto for Volts is Auto
ptd-server 2023-02-22 18:39:56,651 [INFO] Sending to ptd: 'SR,V,Auto'
ptd-server 2023-02-22 18:39:57,154 [INFO] Reply from ptd: 'Range V changed'
ptd-server 2023-02-22 18:39:57,154 [INFO] Sending to ptd: 'SR,A,Auto'
ptd-server 2023-02-22 18:39:57,657 [INFO] Reply from ptd: 'Range A changed'
ptd-server 2023-02-22 18:40:07,667 [INFO] Starting ranging mode
ptd-server 2023-02-22 18:40:07,667 [INFO] Sending to ptd: 'Go,1000,0,2023-02-22_18-39-39_ranging'
ptd-server 2023-02-22 18:40:07,667 [INFO] Reply from ptd: 'Starting untimed measurement, maximum 500000 samples at 1000ms with 0 rampup samples'
ptd-server 2023-02-22 18:40:07,668 [INFO] Sending reply to client 'OK'
ptd-server 2023-02-22 18:50:24,754 [INFO] Got command from the client 'session,2023-02-22_18-39-39,stop,ranging'
ptd-server 2023-02-22 18:50:34,764 [INFO] Sending to ptd: 'Stop'
ptd-server 2023-02-22 18:50:34,765 [INFO] Reply from ptd: 'Stopping untimed measurement'
ptd-server 2023-02-22 18:50:35,236 [INFO] Sending reply to client 'OK'
ptd-server 2023-02-22 18:50:35,267 [INFO] Got command from the client 'time'
ptd-server 2023-02-22 18:50:35,268 [INFO] Sending reply to client '1677091835.2680037'
ptd-server 2023-02-22 18:50:35,268 [INFO] Got command from the client 'session,2023-02-22_18-39-39,start,testing'
ptd-server 2023-02-22 18:50:35,269 [INFO] Sending to ptd: 'SR,V,250.410000'
ptd-server 2023-02-22 18:50:37,170 [INFO] Reply from ptd: 'Range V changed'
ptd-server 2023-02-22 18:50:37,170 [INFO] Sending to ptd: 'SR,A,0.064150'
ptd-server 2023-02-22 18:50:38,671 [INFO] Reply from ptd: 'Range A changed'
ptd-server 2023-02-22 18:50:48,682 [INFO] Starting testing mode
ptd-server 2023-02-22 18:50:48,682 [INFO] Sending to ptd: 'Go,1000,0,2023-02-22_18-39-39_testing'
ptd-server 2023-02-22 18:50:48,682 [INFO] Reply from ptd: 'Starting untimed measurement, maximum 500000 samples at 1000ms with 0 rampup samples'
ptd-server 2023-02-22 18:50:48,682 [INFO] Sending reply to client 'OK'
ptd-server 2023-02-22 19:01:05,597 [INFO] Got command from the client 'session,2023-02-22_18-39-39,stop,testing'
ptd-server 2023-02-22 19:01:15,607 [INFO] Sending to ptd: 'Stop'
ptd-server 2023-02-22 19:01:15,608 [INFO] Reply from ptd: 'Stopping untimed measurement'
ptd-server 2023-02-22 19:01:15,865 [INFO] Sending reply to client 'OK'
ptd-server 2023-02-22 19:01:15,873 [INFO] Got command from the client 'session,2023-02-22_18-39-39,done'
ptd-server 2023-02-22 19:01:15,873 [INFO] Sending to ptd: 'Stop'
ptd-server 2023-02-22 19:01:15,874 [INFO] Reply from ptd: 'Error: no measurement to stop'
ptd-server 2023-02-22 19:01:15,874 [INFO] Sending to ptd: 'SR,V,Auto'
ptd-server 2023-02-22 19:01:16,376 [INFO] Reply from ptd: 'Range V changed'
ptd-server 2023-02-22 19:01:16,376 [INFO] Sending to ptd: 'SR,A,Auto'
ptd-server 2023-02-22 19:01:16,879 [INFO] Reply from ptd: 'Range A changed'
ptd-server 2023-02-22 19:01:16,879 [INFO] Set initial values for Amps Auto and Volts Auto
ptd-server 2023-02-22 19:01:16,879 [INFO] Stopping ptd...
