ptd-server 2023-02-26 14:52:35,042 [INFO] Got command from the client 'time'
ptd-server 2023-02-26 14:52:35,043 [INFO] Sending reply to client '1677423155.0430827'
ptd-server 2023-02-26 14:52:35,044 [INFO] Got command from the client 'new,,89c18a69-cf18-4625-8a18-f6c958809315'
ptd-server 2023-02-26 14:52:35,045 [INFO] Sending reply to client 'OK 2023-02-26_14-52-35,4c3caa1b-fe91-408d-8eb3-9af9bfe51989'
ptd-server 2023-02-26 14:52:35,067 [INFO] Got command from the client 'time'
ptd-server 2023-02-26 14:52:35,067 [INFO] Sending reply to client '1677423155.067712'
ptd-server 2023-02-26 14:52:35,069 [INFO] Got command from the client 'session,2023-02-26_14-52-35,start,ranging'
ptd-server 2023-02-26 14:52:35,069 [INFO] Running PTDaemon: ['/home/anton/projects/mlperf/power/inference_v1.0/ptd-linux-x86', '-l', '/tmp/tmpu4v721n6/ptd_logfile.txt', '-p', '8888', '49', '/dev/usbtmc0']
ptd-server 2023-02-26 14:52:52,156 [INFO] Sending to ptd: 'Hello'
ptd-server 2023-02-26 14:52:52,156 [INFO] Reply from ptd: 'Hello, PTDaemon here!'
ptd-server 2023-02-26 14:52:52,157 [INFO] Sending to ptd: 'Identify'
ptd-server 2023-02-26 14:52:52,157 [INFO] Reply from ptd: 'YokogawaWT310E,1000,1,1,1,1,0,1,1,version=1.10.0-ed9a21d2-20220817,OS=Linux 5.15.0-60-generic #66~20.04.1-Ubuntu SMP Wed Jan 25 09:41:30 UTC 2023 x86_64,mode=power,1,1,1,0,0,no_cal_date,YOKOGAWA;WT310E;C3XA04010E;F1.04'
ptd-server 2023-02-26 14:52:52,157 [INFO] Connected to PTDaemon
ptd-server 2023-02-26 14:52:52,157 [INFO] Sending to ptd: 'RR'
ptd-server 2023-02-26 14:52:52,157 [INFO] Reply from ptd: 'Ranges,0,0.100000,0,300.000000'
ptd-server 2023-02-26 14:52:52,157 [INFO] Initial range for Amps is 0.100000 for Volts is 300.000000
ptd-server 2023-02-26 14:52:52,158 [INFO] Sending to ptd: 'SR,V,Auto'
ptd-server 2023-02-26 14:52:52,660 [INFO] Reply from ptd: 'Range V changed'
ptd-server 2023-02-26 14:52:52,660 [INFO] Sending to ptd: 'SR,A,Auto'
ptd-server 2023-02-26 14:52:53,163 [INFO] Reply from ptd: 'Range A changed'
ptd-server 2023-02-26 14:53:03,173 [INFO] Starting ranging mode
ptd-server 2023-02-26 14:53:03,173 [INFO] Sending to ptd: 'Go,1000,0,2023-02-26_14-52-35_ranging'
ptd-server 2023-02-26 14:53:03,174 [INFO] Reply from ptd: 'Starting untimed measurement, maximum 500000 samples at 1000ms with 0 rampup samples'
ptd-server 2023-02-26 14:53:03,174 [INFO] Sending reply to client 'OK'
ptd-server 2023-02-26 15:03:18,590 [INFO] Got command from the client 'session,2023-02-26_14-52-35,stop,ranging'
ptd-server 2023-02-26 15:03:28,600 [INFO] Sending to ptd: 'Stop'
ptd-server 2023-02-26 15:03:28,600 [INFO] Reply from ptd: 'Stopping untimed measurement'
ptd-server 2023-02-26 15:03:28,857 [INFO] Sending reply to client 'OK'
ptd-server 2023-02-26 15:03:28,897 [INFO] Got command from the client 'time'
ptd-server 2023-02-26 15:03:28,897 [INFO] Sending reply to client '1677423808.8977067'
ptd-server 2023-02-26 15:03:28,899 [INFO] Got command from the client 'session,2023-02-26_14-52-35,start,testing'
ptd-server 2023-02-26 15:03:28,899 [INFO] Sending to ptd: 'SR,V,252.360000'
ptd-server 2023-02-26 15:03:30,675 [INFO] Reply from ptd: 'Range V changed'
ptd-server 2023-02-26 15:03:30,675 [INFO] Sending to ptd: 'SR,A,0.055350'
ptd-server 2023-02-26 15:03:32,177 [INFO] Reply from ptd: 'Range A changed'
ptd-server 2023-02-26 15:03:42,187 [INFO] Starting testing mode
ptd-server 2023-02-26 15:03:42,187 [INFO] Sending to ptd: 'Go,1000,0,2023-02-26_14-52-35_testing'
ptd-server 2023-02-26 15:03:42,187 [INFO] Reply from ptd: 'Starting untimed measurement, maximum 500000 samples at 1000ms with 0 rampup samples'
ptd-server 2023-02-26 15:03:42,188 [INFO] Sending reply to client 'OK'
ptd-server 2023-02-26 15:13:57,291 [INFO] Got command from the client 'session,2023-02-26_14-52-35,stop,testing'
ptd-server 2023-02-26 15:14:07,300 [INFO] Sending to ptd: 'Stop'
ptd-server 2023-02-26 15:14:07,300 [INFO] Reply from ptd: 'Stopping untimed measurement'
ptd-server 2023-02-26 15:14:07,430 [INFO] Sending reply to client 'OK'
ptd-server 2023-02-26 15:14:07,451 [INFO] Got command from the client 'session,2023-02-26_14-52-35,done'
ptd-server 2023-02-26 15:14:07,451 [INFO] Sending to ptd: 'Stop'
ptd-server 2023-02-26 15:14:08,189 [INFO] Reply from ptd: 'Error: no measurement to stop'
ptd-server 2023-02-26 15:14:08,189 [INFO] Sending to ptd: 'SR,V,300.000000'
ptd-server 2023-02-26 15:14:09,690 [INFO] Reply from ptd: 'Range V changed'
ptd-server 2023-02-26 15:14:09,691 [INFO] Sending to ptd: 'SR,A,0.100000'
ptd-server 2023-02-26 15:14:11,192 [INFO] Reply from ptd: 'Range A changed'
ptd-server 2023-02-26 15:14:11,192 [INFO] Set initial values for Amps 0.100000 and Volts 300.000000
ptd-server 2023-02-26 15:14:11,192 [INFO] Stopping ptd...
