ptd-server 2023-02-23 22:16:50,411 [INFO] Got command from the client 'stop'
ptd-server 2023-02-23 22:16:50,411 [INFO] The server will be stopped after processing this client
ptd-server 2023-02-23 22:16:50,412 [INFO] Sending reply to client 'OK'
ptd-server 2023-02-23 22:16:50,414 [INFO] Got command from the client 'time'
ptd-server 2023-02-23 22:16:50,414 [INFO] Sending reply to client '1677190610.414642'
ptd-server 2023-02-23 22:16:50,415 [INFO] Got command from the client 'new,,7fc04a20-b72e-498e-8cb6-0794a037b43f'
ptd-server 2023-02-23 22:16:50,415 [INFO] Sending reply to client 'OK 2023-02-23_22-16-50,1f3696ff-818d-4ff7-a409-211bc120b48a'
ptd-server 2023-02-23 22:16:50,417 [INFO] Got command from the client 'time'
ptd-server 2023-02-23 22:16:50,417 [INFO] Sending reply to client '1677190610.4174092'
ptd-server 2023-02-23 22:16:50,417 [INFO] Got command from the client 'session,2023-02-23_22-16-50,start,ranging'
ptd-server 2023-02-23 22:16:50,527 [INFO] Running PTDaemon: ['C:\\PTD\\ptd-windows-x86.exe', '-l', 'C:\\Users\\pa\\AppData\\Local\\Temp\\tmpfvq4eb02\\ptd_logfile.txt', '-p', '8888', '-c', '1,2', '-y', '77', 'C2WL21005V']
ptd-server 2023-02-23 22:17:09,806 [INFO] Sending to ptd: 'Hello'
ptd-server 2023-02-23 22:17:09,807 [INFO] Reply from ptd: 'Hello, PTDaemon here!'
ptd-server 2023-02-23 22:17:09,807 [INFO] Sending to ptd: 'Identify'
ptd-server 2023-02-23 22:17:09,807 [INFO] Reply from ptd: 'YokogawaWT330_multichannel,1000,1,1,1,1,0,0,1,version=1.10.0-82175bac-20220817,OS=Windows 8 / Server 2012,mode=power,1,1,2,0,0,no_cal_date,YOKOGAWA;WT333;C2WL21005V;F1.04EM'
ptd-server 2023-02-23 22:17:09,808 [INFO] Connected to PTDaemon
ptd-server 2023-02-23 22:17:09,808 [INFO] Sending to ptd: 'RR'
ptd-server 2023-02-23 22:17:09,808 [INFO] Reply from ptd: 'Ranges,1,5.000000,1,150.000000'
ptd-server 2023-02-23 22:17:09,809 [INFO] Initial range for Amps is Auto for Volts is Auto
ptd-server 2023-02-23 22:17:09,809 [INFO] Sending to ptd: 'SR,V,Auto'
ptd-server 2023-02-23 22:17:14,881 [INFO] Reply from ptd: 'Range V changed'
ptd-server 2023-02-23 22:17:14,882 [INFO] Sending to ptd: 'SR,A,Auto'
ptd-server 2023-02-23 22:17:19,959 [INFO] Reply from ptd: 'Range A changed'
ptd-server 2023-02-23 22:17:29,973 [INFO] Starting ranging mode
ptd-server 2023-02-23 22:17:29,973 [INFO] Sending to ptd: 'Go,1000,0,2023-02-23_22-16-50_ranging'
ptd-server 2023-02-23 22:17:29,973 [INFO] Reply from ptd: 'Starting untimed measurement, maximum 500000 samples at 1000ms with 0 rampup samples'
ptd-server 2023-02-23 22:17:29,974 [INFO] Sending reply to client 'OK'
ptd-server 2023-02-23 22:28:28,949 [INFO] Got command from the client 'session,2023-02-23_22-16-50,stop,ranging'
ptd-server 2023-02-23 22:28:38,950 [INFO] Sending to ptd: 'Stop'
ptd-server 2023-02-23 22:28:38,950 [INFO] Reply from ptd: 'Stopping untimed measurement'
ptd-server 2023-02-23 22:28:38,977 [INFO] Sending reply to client 'OK'
ptd-server 2023-02-23 22:28:38,986 [INFO] Got command from the client 'time'
ptd-server 2023-02-23 22:28:38,986 [INFO] Sending reply to client '1677191318.9869726'
ptd-server 2023-02-23 22:28:38,987 [INFO] Got command from the client 'session,2023-02-23_22-16-50,start,testing'
ptd-server 2023-02-23 22:28:38,987 [INFO] Sending to ptd: 'SR,V,120.860000'
ptd-server 2023-02-23 22:28:45,066 [INFO] Reply from ptd: 'Range V changed'
ptd-server 2023-02-23 22:28:45,067 [INFO] Sending to ptd: 'SR,A,3.401800'
ptd-server 2023-02-23 22:28:50,648 [INFO] Reply from ptd: 'Range A changed'
ptd-server 2023-02-23 22:29:00,662 [INFO] Starting testing mode
ptd-server 2023-02-23 22:29:00,662 [INFO] Sending to ptd: 'Go,1000,0,2023-02-23_22-16-50_testing'
ptd-server 2023-02-23 22:29:00,662 [INFO] Reply from ptd: 'Starting untimed measurement, maximum 500000 samples at 1000ms with 0 rampup samples'
ptd-server 2023-02-23 22:29:00,663 [INFO] Sending reply to client 'OK'
ptd-server 2023-02-23 22:40:01,736 [INFO] Got command from the client 'session,2023-02-23_22-16-50,stop,testing'
ptd-server 2023-02-23 22:40:11,744 [INFO] Sending to ptd: 'Stop'
ptd-server 2023-02-23 22:40:11,744 [INFO] Reply from ptd: 'Stopping untimed measurement'
ptd-server 2023-02-23 22:40:11,758 [INFO] Sending reply to client 'OK'
ptd-server 2023-02-23 22:40:11,768 [INFO] Got command from the client 'session,2023-02-23_22-16-50,done'
ptd-server 2023-02-23 22:40:11,768 [INFO] Sending to ptd: 'Stop'
ptd-server 2023-02-23 22:40:12,677 [INFO] Reply from ptd: 'Error: no measurement to stop'
ptd-server 2023-02-23 22:40:12,677 [INFO] Sending to ptd: 'SR,V,Auto'
ptd-server 2023-02-23 22:40:17,746 [INFO] Reply from ptd: 'Range V changed'
ptd-server 2023-02-23 22:40:17,746 [INFO] Sending to ptd: 'SR,A,Auto'
ptd-server 2023-02-23 22:40:22,818 [INFO] Reply from ptd: 'Range A changed'
ptd-server 2023-02-23 22:40:22,818 [INFO] Set initial values for Amps Auto and Volts Auto
ptd-server 2023-02-23 22:40:22,819 [INFO] Stopping ptd...
