ptd-server 2023-02-24 00:52:41,031 [INFO] Got command from the client 'time'
ptd-server 2023-02-24 00:52:41,031 [INFO] Sending reply to client '1677199961.0319414'
ptd-server 2023-02-24 00:52:41,033 [INFO] Got command from the client 'new,,9eb46c96-fa5c-4c42-9b71-40686cd5a10f'
ptd-server 2023-02-24 00:52:41,033 [INFO] Sending reply to client 'OK 2023-02-24_00-52-41,25a46ac6-4df7-4b45-829a-a1af3eec97d5'
ptd-server 2023-02-24 00:52:41,053 [INFO] Got command from the client 'time'
ptd-server 2023-02-24 00:52:41,053 [INFO] Sending reply to client '1677199961.053883'
ptd-server 2023-02-24 00:52:41,054 [INFO] Got command from the client 'session,2023-02-24_00-52-41,start,ranging'
ptd-server 2023-02-24 00:52:41,055 [INFO] Running PTDaemon: ['/home/anton/projects/mlperf/power/inference_v1.0/ptd-linux-x86', '-l', '/tmp/tmp4yl1neqp/ptd_logfile.txt', '-p', '8888', '49', '/dev/usbtmc0']
ptd-server 2023-02-24 00:52:58,130 [INFO] Sending to ptd: 'Hello'
ptd-server 2023-02-24 00:52:58,130 [INFO] Reply from ptd: 'Hello, PTDaemon here!'
ptd-server 2023-02-24 00:52:58,130 [INFO] Sending to ptd: 'Identify'
ptd-server 2023-02-24 00:52:58,131 [INFO] Reply from ptd: 'YokogawaWT310E,1000,1,1,1,1,0,1,1,version=1.10.0-ed9a21d2-20220817,OS=Linux 5.15.0-60-generic #66~20.04.1-Ubuntu SMP Wed Jan 25 09:41:30 UTC 2023 x86_64,mode=power,1,1,1,0,0,no_cal_date,YOKOGAWA;WT310E;C3XA04010E;F1.04'
ptd-server 2023-02-24 00:52:58,131 [INFO] Connected to PTDaemon
ptd-server 2023-02-24 00:52:58,131 [INFO] Sending to ptd: 'RR'
ptd-server 2023-02-24 00:52:58,131 [INFO] Reply from ptd: 'Ranges,1,0.100000,1,300.000000'
ptd-server 2023-02-24 00:52:58,132 [INFO] Initial range for Amps is Auto for Volts is Auto
ptd-server 2023-02-24 00:52:58,132 [INFO] Sending to ptd: 'SR,V,Auto'
ptd-server 2023-02-24 00:52:58,634 [INFO] Reply from ptd: 'Range V changed'
ptd-server 2023-02-24 00:52:58,634 [INFO] Sending to ptd: 'SR,A,Auto'
ptd-server 2023-02-24 00:52:59,137 [INFO] Reply from ptd: 'Range A changed'
ptd-server 2023-02-24 00:53:09,147 [INFO] Starting ranging mode
ptd-server 2023-02-24 00:53:09,147 [INFO] Sending to ptd: 'Go,1000,0,2023-02-24_00-52-41_ranging'
ptd-server 2023-02-24 00:53:09,148 [INFO] Reply from ptd: 'Starting untimed measurement, maximum 500000 samples at 1000ms with 0 rampup samples'
ptd-server 2023-02-24 00:53:09,148 [INFO] Sending reply to client 'OK'
ptd-server 2023-02-24 01:03:25,511 [INFO] Got command from the client 'session,2023-02-24_00-52-41,stop,ranging'
ptd-server 2023-02-24 01:03:35,521 [INFO] Sending to ptd: 'Stop'
ptd-server 2023-02-24 01:03:35,522 [INFO] Reply from ptd: 'Stopping untimed measurement'
ptd-server 2023-02-24 01:03:36,110 [INFO] Sending reply to client 'OK'
ptd-server 2023-02-24 01:03:36,142 [INFO] Got command from the client 'time'
ptd-server 2023-02-24 01:03:36,142 [INFO] Sending reply to client '1677200616.142212'
ptd-server 2023-02-24 01:03:36,143 [INFO] Got command from the client 'session,2023-02-24_00-52-41,start,testing'
ptd-server 2023-02-24 01:03:36,143 [INFO] Sending to ptd: 'SR,V,252.470000'
ptd-server 2023-02-24 01:03:37,649 [INFO] Reply from ptd: 'Range V changed'
ptd-server 2023-02-24 01:03:37,649 [INFO] Sending to ptd: 'SR,A,0.056470'
ptd-server 2023-02-24 01:03:39,151 [INFO] Reply from ptd: 'Range A changed'
ptd-server 2023-02-24 01:03:49,161 [INFO] Starting testing mode
ptd-server 2023-02-24 01:03:49,161 [INFO] Sending to ptd: 'Go,1000,0,2023-02-24_00-52-41_testing'
ptd-server 2023-02-24 01:03:49,162 [INFO] Reply from ptd: 'Starting untimed measurement, maximum 500000 samples at 1000ms with 0 rampup samples'
ptd-server 2023-02-24 01:03:49,162 [INFO] Sending reply to client 'OK'
ptd-server 2023-02-24 01:14:05,446 [INFO] Got command from the client 'session,2023-02-24_00-52-41,stop,testing'
ptd-server 2023-02-24 01:14:15,456 [INFO] Sending to ptd: 'Stop'
ptd-server 2023-02-24 01:14:15,457 [INFO] Reply from ptd: 'Stopping untimed measurement'
ptd-server 2023-02-24 01:14:15,763 [INFO] Sending reply to client 'OK'
ptd-server 2023-02-24 01:14:15,770 [INFO] Got command from the client 'session,2023-02-24_00-52-41,done'
ptd-server 2023-02-24 01:14:15,770 [INFO] Sending to ptd: 'Stop'
ptd-server 2023-02-24 01:14:16,163 [INFO] Reply from ptd: 'Error: no measurement to stop'
ptd-server 2023-02-24 01:14:16,163 [INFO] Sending to ptd: 'SR,V,Auto'
ptd-server 2023-02-24 01:14:16,666 [INFO] Reply from ptd: 'Range V changed'
ptd-server 2023-02-24 01:14:16,666 [INFO] Sending to ptd: 'SR,A,Auto'
ptd-server 2023-02-24 01:14:17,168 [INFO] Reply from ptd: 'Range A changed'
ptd-server 2023-02-24 01:14:17,168 [INFO] Set initial values for Amps Auto and Volts Auto
ptd-server 2023-02-24 01:14:17,169 [INFO] Stopping ptd...
