ptd-server 2023-03-02 11:07:16,643 [INFO] Got command from the client 'time'
ptd-server 2023-03-02 11:07:16,643 [INFO] Sending reply to client '1677755236.6435955'
ptd-server 2023-03-02 11:07:16,645 [INFO] Got command from the client 'new,,910a6820-9227-4755-8d3b-9839521bdf8d'
ptd-server 2023-03-02 11:07:16,646 [INFO] Sending reply to client 'OK 2023-03-02_11-07-16,a87bb826-d27a-493e-840f-ff1094cc4653'
ptd-server 2023-03-02 11:07:16,670 [INFO] Got command from the client 'time'
ptd-server 2023-03-02 11:07:16,670 [INFO] Sending reply to client '1677755236.6709096'
ptd-server 2023-03-02 11:07:16,673 [INFO] Got command from the client 'session,2023-03-02_11-07-16,start,ranging'
ptd-server 2023-03-02 11:07:16,674 [INFO] Running PTDaemon: ['/home/anton/projects/mlperf/power/inference_v1.0/ptd-linux-x86', '-l', '/tmp/tmpjo7pgaee/ptd_logfile.txt', '-p', '8888', '49', '/dev/usbtmc0']
ptd-server 2023-03-02 11:07:33,760 [INFO] Sending to ptd: 'Hello'
ptd-server 2023-03-02 11:07:33,760 [INFO] Reply from ptd: 'Hello, PTDaemon here!'
ptd-server 2023-03-02 11:07:33,760 [INFO] Sending to ptd: 'Identify'
ptd-server 2023-03-02 11:07:33,761 [INFO] Reply from ptd: 'YokogawaWT310E,1000,1,1,1,1,0,1,1,version=1.10.0-ed9a21d2-20220817,OS=Linux 5.15.0-60-generic #66~20.04.1-Ubuntu SMP Wed Jan 25 09:41:30 UTC 2023 x86_64,mode=power,1,1,1,0,0,no_cal_date,YOKOGAWA;WT310E;C3XA04010E;F1.04'
ptd-server 2023-03-02 11:07:33,761 [INFO] Connected to PTDaemon
ptd-server 2023-03-02 11:07:33,761 [INFO] Sending to ptd: 'RR'
ptd-server 2023-03-02 11:07:33,761 [INFO] Reply from ptd: 'Ranges,1,0.100000,1,300.000000'
ptd-server 2023-03-02 11:07:33,761 [INFO] Initial range for Amps is Auto for Volts is Auto
ptd-server 2023-03-02 11:07:33,761 [INFO] Sending to ptd: 'SR,V,Auto'
ptd-server 2023-03-02 11:07:34,264 [INFO] Reply from ptd: 'Range V changed'
ptd-server 2023-03-02 11:07:34,264 [INFO] Sending to ptd: 'SR,A,Auto'
ptd-server 2023-03-02 11:07:34,766 [INFO] Reply from ptd: 'Range A changed'
ptd-server 2023-03-02 11:07:44,776 [INFO] Starting ranging mode
ptd-server 2023-03-02 11:07:44,776 [INFO] Sending to ptd: 'Go,1000,0,2023-03-02_11-07-16_ranging'
ptd-server 2023-03-02 11:07:44,776 [INFO] Reply from ptd: 'Starting untimed measurement, maximum 500000 samples at 1000ms with 0 rampup samples'
ptd-server 2023-03-02 11:07:44,777 [INFO] Sending reply to client 'OK'
ptd-server 2023-03-02 11:18:09,495 [INFO] Got command from the client 'session,2023-03-02_11-07-16,stop,ranging'
ptd-server 2023-03-02 11:18:19,505 [INFO] Sending to ptd: 'Stop'
ptd-server 2023-03-02 11:18:19,506 [INFO] Reply from ptd: 'Stopping untimed measurement'
ptd-server 2023-03-02 11:18:19,594 [INFO] Sending reply to client 'OK'
ptd-server 2023-03-02 11:18:19,683 [INFO] Got command from the client 'time'
ptd-server 2023-03-02 11:18:19,683 [INFO] Sending reply to client '1677755899.6837091'
ptd-server 2023-03-02 11:18:19,687 [INFO] Got command from the client 'session,2023-03-02_11-07-16,start,testing'
ptd-server 2023-03-02 11:18:19,687 [INFO] Sending to ptd: 'SR,V,253.670000'
ptd-server 2023-03-02 11:18:21,277 [INFO] Reply from ptd: 'Range V changed'
ptd-server 2023-03-02 11:18:21,278 [INFO] Sending to ptd: 'SR,A,0.076780'
ptd-server 2023-03-02 11:18:22,779 [INFO] Reply from ptd: 'Range A changed'
ptd-server 2023-03-02 11:18:32,789 [INFO] Starting testing mode
ptd-server 2023-03-02 11:18:32,789 [INFO] Sending to ptd: 'Go,1000,0,2023-03-02_11-07-16_testing'
ptd-server 2023-03-02 11:18:32,790 [INFO] Reply from ptd: 'Starting untimed measurement, maximum 500000 samples at 1000ms with 0 rampup samples'
ptd-server 2023-03-02 11:18:32,790 [INFO] Sending reply to client 'OK'
ptd-server 2023-03-02 11:28:57,610 [INFO] Got command from the client 'session,2023-03-02_11-07-16,stop,testing'
ptd-server 2023-03-02 11:29:07,620 [INFO] Sending to ptd: 'Stop'
ptd-server 2023-03-02 11:29:07,621 [INFO] Reply from ptd: 'Stopping untimed measurement'
ptd-server 2023-03-02 11:29:07,666 [INFO] Sending reply to client 'OK'
ptd-server 2023-03-02 11:29:07,685 [INFO] Got command from the client 'session,2023-03-02_11-07-16,done'
ptd-server 2023-03-02 11:29:07,686 [INFO] Sending to ptd: 'Stop'
ptd-server 2023-03-02 11:29:07,791 [INFO] Reply from ptd: 'Error: no measurement to stop'
ptd-server 2023-03-02 11:29:07,791 [INFO] Sending to ptd: 'SR,V,Auto'
ptd-server 2023-03-02 11:29:08,294 [INFO] Reply from ptd: 'Range V changed'
ptd-server 2023-03-02 11:29:08,294 [INFO] Sending to ptd: 'SR,A,Auto'
ptd-server 2023-03-02 11:29:08,796 [INFO] Reply from ptd: 'Range A changed'
ptd-server 2023-03-02 11:29:08,797 [INFO] Set initial values for Amps Auto and Volts Auto
ptd-server 2023-03-02 11:29:08,797 [INFO] Stopping ptd...
