:::MLLOG {"namespace": "", "time_ms": 1677523167238, "event_type": "POINT_IN_TIME", "key": "weights_initialization", "value": null, "metadata": {"file": "model/feature_pyramid_network.py", "lineno": 195, "tensor": "module.backbone.fpn.extra_blocks.p6.weight"}}
:::MLLOG {"namespace": "", "time_ms": 1677523167290, "event_type": "POINT_IN_TIME", "key": "weights_initialization", "value": null, "metadata": {"file": "model/feature_pyramid_network.py", "lineno": 197, "tensor": "module.backbone.fpn.extra_blocks.p6.bias"}}
:::MLLOG {"namespace": "", "time_ms": 1677523167290, "event_type": "POINT_IN_TIME", "key": "weights_initialization", "value": null, "metadata": {"file": "model/feature_pyramid_network.py", "lineno": 195, "tensor": "module.backbone.fpn.extra_blocks.p7.weight"}}
:::MLLOG {"namespace": "", "time_ms": 1677523167293, "event_type": "POINT_IN_TIME", "key": "weights_initialization", "value": null, "metadata": {"file": "model/feature_pyramid_network.py", "lineno": 197, "tensor": "module.backbone.fpn.extra_blocks.p7.bias"}}
:::MLLOG {"namespace": "", "time_ms": 1677523167424, "event_type": "POINT_IN_TIME", "key": "weights_initialization", "value": null, "metadata": {"file": "model/resnet.py", "lineno": 187, "tensor": "module.backbone.body.conv1.weight"}}
:::MLLOG {"namespace": "", "time_ms": 1677523167424, "event_type": "POINT_IN_TIME", "key": "weights_initialization", "value": null, "metadata": {"file": "model/resnet.py", "lineno": 187, "tensor": "module.backbone.body.layer1.0.conv1.weight"}}
:::MLLOG {"namespace": "", "time_ms": 1677523167425, "event_type": "POINT_IN_TIME", "key": "weights_initialization", "value": null, "metadata": {"file": "model/resnet.py", "lineno": 187, "tensor": "module.backbone.body.layer1.0.conv2.weight"}}
:::MLLOG {"namespace": "", "time_ms": 1677523167425, "event_type": "POINT_IN_TIME", "key": "weights_initialization", "value": null, "metadata": {"file": "model/resnet.py", "lineno": 187, "tensor": "module.backbone.body.layer1.0.conv3.weight"}}
:::MLLOG {"namespace": "", "time_ms": 1677523167425, "event_type": "POINT_IN_TIME", "key": "weights_initialization", "value": null, "metadata": {"file": "model/resnet.py", "lineno": 187, "tensor": "module.backbone.body.layer1.0.downsample.0.weight"}}
:::MLLOG {"namespace": "", "time_ms": 1677523167426, "event_type": "POINT_IN_TIME", "key": "weights_initialization", "value": null, "metadata": {"file": "model/resnet.py", "lineno": 187, "tensor": "module.backbone.body.layer1.1.conv1.weight"}}
:::MLLOG {"namespace": "", "time_ms": 1677523167426, "event_type": "POINT_IN_TIME", "key": "weights_initialization", "value": null, "metadata": {"file": "model/resnet.py", "lineno": 187, "tensor": "module.backbone.body.layer1.1.conv2.weight"}}
:::MLLOG {"namespace": "", "time_ms": 1677523167426, "event_type": "POINT_IN_TIME", "key": "weights_initialization", "value": null, "metadata": {"file": "model/resnet.py", "lineno": 187, "tensor": "module.backbone.body.layer1.1.conv3.weight"}}
:::MLLOG {"namespace": "", "time_ms": 1677523167426, "event_type": "POINT_IN_TIME", "key": "weights_initialization", "value": null, "metadata": {"file": "model/resnet.py", "lineno": 187, "tensor": "module.backbone.body.layer1.2.conv1.weight"}}
:::MLLOG {"namespace": "", "time_ms": 1677523167427, "event_type": "POINT_IN_TIME", "key": "weights_initialization", "value": null, "metadata": {"file": "model/resnet.py", "lineno": 187, "tensor": "module.backbone.body.layer1.2.conv2.weight"}}
:::MLLOG {"namespace": "", "time_ms": 1677523167427, "event_type": "POINT_IN_TIME", "key": "weights_initialization", "value": null, "metadata": {"file": "model/resnet.py", "lineno": 187, "tensor": "module.backbone.body.layer1.2.conv3.weight"}}
:::MLLOG {"namespace": "", "time_ms": 1677523167427, "event_type": "POINT_IN_TIME", "key": "weights_initialization", "value": null, "metadata": {"file": "model/resnet.py", "lineno": 187, "tensor": "module.backbone.body.layer2.0.conv1.weight"}}
:::MLLOG {"namespace": "", "time_ms": 1677523167428, "event_type": "POINT_IN_TIME", "key": "weights_initialization", "value": null, "metadata": {"file": "model/resnet.py", "lineno": 187, "tensor": "module.backbone.body.layer2.0.conv2.weight"}}
:::MLLOG {"namespace": "", "time_ms": 1677523167428, "event_type": "POINT_IN_TIME", "key": "weights_initialization", "value": null, "metadata": {"file": "model/resnet.py", "lineno": 187, "tensor": "module.backbone.body.layer2.0.conv3.weight"}}
:::MLLOG {"namespace": "", "time_ms": 1677523167429, "event_type": "POINT_IN_TIME", "key": "weights_initialization", "value": null, "metadata": {"file": "model/resnet.py", "lineno": 187, "tensor": "module.backbone.body.layer2.0.downsample.0.weight"}}
:::MLLOG {"namespace": "", "time_ms": 1677523167429, "event_type": "POINT_IN_TIME", "key": "weights_initialization", "value": null, "metadata": {"file": "model/resnet.py", "lineno": 187, "tensor": "module.backbone.body.layer2.1.conv1.weight"}}
:::MLLOG {"namespace": "", "time_ms": 1677523167430, "event_type": "POINT_IN_TIME", "key": "weights_initialization", "value": null, "metadata": {"file": "model/resnet.py", "lineno": 187, "tensor": "module.backbone.body.layer2.1.conv2.weight"}}
:::MLLOG {"namespace": "", "time_ms": 1677523167430, "event_type": "POINT_IN_TIME", "key": "weights_initialization", "value": null, "metadata": {"file": "model/resnet.py", "lineno": 187, "tensor": "module.backbone.body.layer2.1.conv3.weight"}}
:::MLLOG {"namespace": "", "time_ms": 1677523167431, "event_type": "POINT_IN_TIME", "key": "weights_initialization", "value": null, "metadata": {"file": "model/resnet.py", "lineno": 187, "tensor": "module.backbone.body.layer2.2.conv1.weight"}}
:::MLLOG {"namespace": "", "time_ms": 1677523167432, "event_type": "POINT_IN_TIME", "key": "weights_initialization", "value": null, "metadata": {"file": "model/resnet.py", "lineno": 187, "tensor": "module.backbone.body.layer2.2.conv2.weight"}}
:::MLLOG {"namespace": "", "time_ms": 1677523167432, "event_type": "POINT_IN_TIME", "key": "weights_initialization", "value": null, "metadata": {"file": "model/resnet.py", "lineno": 187, "tensor": "module.backbone.body.layer2.2.conv3.weight"}}
:::MLLOG {"namespace": "", "time_ms": 1677523167433, "event_type": "POINT_IN_TIME", "key": "weights_initialization", "value": null, "metadata": {"file": "model/resnet.py", "lineno": 187, "tensor": "module.backbone.body.layer2.3.conv1.weight"}}
:::MLLOG {"namespace": "", "time_ms": 1677523167434, "event_type": "POINT_IN_TIME", "key": "weights_initialization", "value": null, "metadata": {"file": "model/resnet.py", "lineno": 187, "tensor": "module.backbone.body.layer2.3.conv2.weight"}}
:::MLLOG {"namespace": "", "time_ms": 1677523167434, "event_type": "POINT_IN_TIME", "key": "weights_initialization", "value": null, "metadata": {"file": "model/resnet.py", "lineno": 187, "tensor": "module.backbone.body.layer2.3.conv3.weight"}}
:::MLLOG {"namespace": "", "time_ms": 1677523167435, "event_type": "POINT_IN_TIME", "key": "weights_initialization", "value": null, "metadata": {"file": "model/resnet.py", "lineno": 187, "tensor": "module.backbone.body.layer3.0.conv1.weight"}}
:::MLLOG {"namespace": "", "time_ms": 1677523167436, "event_type": "POINT_IN_TIME", "key": "weights_initialization", "value": null, "metadata": {"file": "model/resnet.py", "lineno": 187, "tensor": "module.backbone.body.layer3.0.conv2.weight"}}
:::MLLOG {"namespace": "", "time_ms": 1677523167437, "event_type": "POINT_IN_TIME", "key": "weights_initialization", "value": null, "metadata": {"file": "model/resnet.py", "lineno": 187, "tensor": "module.backbone.body.layer3.0.conv3.weight"}}
:::MLLOG {"namespace": "", "time_ms": 1677523167439, "event_type": "POINT_IN_TIME", "key": "weights_initialization", "value": null, "metadata": {"file": "model/resnet.py", "lineno": 187, "tensor": "module.backbone.body.layer3.0.downsample.0.weight"}}
:::MLLOG {"namespace": "", "time_ms": 1677523167442, "event_type": "POINT_IN_TIME", "key": "weights_initialization", "value": null, "metadata": {"file": "model/resnet.py", "lineno": 187, "tensor": "module.backbone.body.layer3.1.conv1.weight"}}
:::MLLOG {"namespace": "", "time_ms": 1677523167444, "event_type": "POINT_IN_TIME", "key": "weights_initialization", "value": null, "metadata": {"file": "model/resnet.py", "lineno": 187, "tensor": "module.backbone.body.layer3.1.conv2.weight"}}
:::MLLOG {"namespace": "", "time_ms": 1677523167445, "event_type": "POINT_IN_TIME", "key": "weights_initialization", "value": null, "metadata": {"file": "model/resnet.py", "lineno": 187, "tensor": "module.backbone.body.layer3.1.conv3.weight"}}
:::MLLOG {"namespace": "", "time_ms": 1677523167448, "event_type": "POINT_IN_TIME", "key": "weights_initialization", "value": null, "metadata": {"file": "model/resnet.py", "lineno": 187, "tensor": "module.backbone.body.layer3.2.conv1.weight"}}
:::MLLOG {"namespace": "", "time_ms": 1677523167450, "event_type": "POINT_IN_TIME", "key": "weights_initialization", "value": null, "metadata": {"file": "model/resnet.py", "lineno": 187, "tensor": "module.backbone.body.layer3.2.conv2.weight"}}
:::MLLOG {"namespace": "", "time_ms": 1677523167451, "event_type": "POINT_IN_TIME", "key": "weights_initialization", "value": null, "metadata": {"file": "model/resnet.py", "lineno": 187, "tensor": "module.backbone.body.layer3.2.conv3.weight"}}
:::MLLOG {"namespace": "", "time_ms": 1677523167453, "event_type": "POINT_IN_TIME", "key": "weights_initialization", "value": null, "metadata": {"file": "model/resnet.py", "lineno": 187, "tensor": "module.backbone.body.layer3.3.conv1.weight"}}
:::MLLOG {"namespace": "", "time_ms": 1677523167456, "event_type": "POINT_IN_TIME", "key": "weights_initialization", "value": null, "metadata": {"file": "model/resnet.py", "lineno": 187, "tensor": "module.backbone.body.layer3.3.conv2.weight"}}
:::MLLOG {"namespace": "", "time_ms": 1677523167456, "event_type": "POINT_IN_TIME", "key": "weights_initialization", "value": null, "metadata": {"file": "model/resnet.py", "lineno": 187, "tensor": "module.backbone.body.layer3.3.conv3.weight"}}
:::MLLOG {"namespace": "", "time_ms": 1677523167459, "event_type": "POINT_IN_TIME", "key": "weights_initialization", "value": null, "metadata": {"file": "model/resnet.py", "lineno": 187, "tensor": "module.backbone.body.layer3.4.conv1.weight"}}
:::MLLOG {"namespace": "", "time_ms": 1677523167461, "event_type": "POINT_IN_TIME", "key": "weights_initialization", "value": null, "metadata": {"file": "model/resnet.py", "lineno": 187, "tensor": "module.backbone.body.layer3.4.conv2.weight"}}
:::MLLOG {"namespace": "", "time_ms": 1677523167462, "event_type": "POINT_IN_TIME", "key": "weights_initialization", "value": null, "metadata": {"file": "model/resnet.py", "lineno": 187, "tensor": "module.backbone.body.layer3.4.conv3.weight"}}
:::MLLOG {"namespace": "", "time_ms": 1677523167465, "event_type": "POINT_IN_TIME", "key": "weights_initialization", "value": null, "metadata": {"file": "model/resnet.py", "lineno": 187, "tensor": "module.backbone.body.layer3.5.conv1.weight"}}
:::MLLOG {"namespace": "", "time_ms": 1677523167467, "event_type": "POINT_IN_TIME", "key": "weights_initialization", "value": null, "metadata": {"file": "model/resnet.py", "lineno": 187, "tensor": "module.backbone.body.layer3.5.conv2.weight"}}
:::MLLOG {"namespace": "", "time_ms": 1677523167468, "event_type": "POINT_IN_TIME", "key": "weights_initialization", "value": null, "metadata": {"file": "model/resnet.py", "lineno": 187, "tensor": "module.backbone.body.layer3.5.conv3.weight"}}
:::MLLOG {"namespace": "", "time_ms": 1677523167470, "event_type": "POINT_IN_TIME", "key": "weights_initialization", "value": null, "metadata": {"file": "model/resnet.py", "lineno": 187, "tensor": "module.backbone.body.layer4.0.conv1.weight"}}
:::MLLOG {"namespace": "", "time_ms": 1677523167475, "event_type": "POINT_IN_TIME", "key": "weights_initialization", "value": null, "metadata": {"file": "model/resnet.py", "lineno": 187, "tensor": "module.backbone.body.layer4.0.conv2.weight"}}
:::MLLOG {"namespace": "", "time_ms": 1677523167477, "event_type": "POINT_IN_TIME", "key": "weights_initialization", "value": null, "metadata": {"file": "model/resnet.py", "lineno": 187, "tensor": "module.backbone.body.layer4.0.conv3.weight"}}
:::MLLOG {"namespace": "", "time_ms": 1677523167487, "event_type": "POINT_IN_TIME", "key": "weights_initialization", "value": null, "metadata": {"file": "model/resnet.py", "lineno": 187, "tensor": "module.backbone.body.layer4.0.downsample.0.weight"}}
:::MLLOG {"namespace": "", "time_ms": 1677523167496, "event_type": "POINT_IN_TIME", "key": "weights_initialization", "value": null, "metadata": {"file": "model/resnet.py", "lineno": 187, "tensor": "module.backbone.body.layer4.1.conv1.weight"}}
:::MLLOG {"namespace": "", "time_ms": 1677523167506, "event_type": "POINT_IN_TIME", "key": "weights_initialization", "value": null, "metadata": {"file": "model/resnet.py", "lineno": 187, "tensor": "module.backbone.body.layer4.1.conv2.weight"}}
:::MLLOG {"namespace": "", "time_ms": 1677523167508, "event_type": "POINT_IN_TIME", "key": "weights_initialization", "value": null, "metadata": {"file": "model/resnet.py", "lineno": 187, "tensor": "module.backbone.body.layer4.1.conv3.weight"}}
:::MLLOG {"namespace": "", "time_ms": 1677523167518, "event_type": "POINT_IN_TIME", "key": "weights_initialization", "value": null, "metadata": {"file": "model/resnet.py", "lineno": 187, "tensor": "module.backbone.body.layer4.2.conv1.weight"}}
:::MLLOG {"namespace": "", "time_ms": 1677523167527, "event_type": "POINT_IN_TIME", "key": "weights_initialization", "value": null, "metadata": {"file": "model/resnet.py", "lineno": 187, "tensor": "module.backbone.body.layer4.2.conv2.weight"}}
:::MLLOG {"namespace": "", "time_ms": 1677523167529, "event_type": "POINT_IN_TIME", "key": "weights_initialization", "value": null, "metadata": {"file": "model/resnet.py", "lineno": 187, "tensor": "module.backbone.body.layer4.2.conv3.weight"}}
:::MLLOG {"namespace": "", "time_ms": 1677523168241, "event_type": "POINT_IN_TIME", "key": "weights_initialization", "value": null, "metadata": {"file": "model/feature_pyramid_network.py", "lineno": 94, "tensor": "module.backbone.fpn.inner_blocks.0.weight"}}
:::MLLOG {"namespace": "", "time_ms": 1677523168243, "event_type": "POINT_IN_TIME", "key": "weights_initialization", "value": null, "metadata": {"file": "model/feature_pyramid_network.py", "lineno": 96, "tensor": "module.backbone.fpn.inner_blocks.0.bias"}}
:::MLLOG {"namespace": "", "time_ms": 1677523168243, "event_type": "POINT_IN_TIME", "key": "weights_initialization", "value": null, "metadata": {"file": "model/feature_pyramid_network.py", "lineno": 94, "tensor": "module.backbone.fpn.inner_blocks.1.weight"}}
:::MLLOG {"namespace": "", "time_ms": 1677523168244, "event_type": "POINT_IN_TIME", "key": "weights_initialization", "value": null, "metadata": {"file": "model/feature_pyramid_network.py", "lineno": 96, "tensor": "module.backbone.fpn.inner_blocks.1.bias"}}
:::MLLOG {"namespace": "", "time_ms": 1677523168244, "event_type": "POINT_IN_TIME", "key": "weights_initialization", "value": null, "metadata": {"file": "model/feature_pyramid_network.py", "lineno": 94, "tensor": "module.backbone.fpn.inner_blocks.2.weight"}}
:::MLLOG {"namespace": "", "time_ms": 1677523168247, "event_type": "POINT_IN_TIME", "key": "weights_initialization", "value": null, "metadata": {"file": "model/feature_pyramid_network.py", "lineno": 96, "tensor": "module.backbone.fpn.inner_blocks.2.bias"}}
:::MLLOG {"namespace": "", "time_ms": 1677523168247, "event_type": "POINT_IN_TIME", "key": "weights_initialization", "value": null, "metadata": {"file": "model/feature_pyramid_network.py", "lineno": 94, "tensor": "module.backbone.fpn.layer_blocks.0.weight"}}
:::MLLOG {"namespace": "", "time_ms": 1677523168250, "event_type": "POINT_IN_TIME", "key": "weights_initialization", "value": null, "metadata": {"file": "model/feature_pyramid_network.py", "lineno": 96, "tensor": "module.backbone.fpn.layer_blocks.0.bias"}}
:::MLLOG {"namespace": "", "time_ms": 1677523168250, "event_type": "POINT_IN_TIME", "key": "weights_initialization", "value": null, "metadata": {"file": "model/feature_pyramid_network.py", "lineno": 94, "tensor": "module.backbone.fpn.layer_blocks.1.weight"}}
:::MLLOG {"namespace": "", "time_ms": 1677523168252, "event_type": "POINT_IN_TIME", "key": "weights_initialization", "value": null, "metadata": {"file": "model/feature_pyramid_network.py", "lineno": 96, "tensor": "module.backbone.fpn.layer_blocks.1.bias"}}
:::MLLOG {"namespace": "", "time_ms": 1677523168253, "event_type": "POINT_IN_TIME", "key": "weights_initialization", "value": null, "metadata": {"file": "model/feature_pyramid_network.py", "lineno": 94, "tensor": "module.backbone.fpn.layer_blocks.2.weight"}}
:::MLLOG {"namespace": "", "time_ms": 1677523168255, "event_type": "POINT_IN_TIME", "key": "weights_initialization", "value": null, "metadata": {"file": "model/feature_pyramid_network.py", "lineno": 96, "tensor": "module.backbone.fpn.layer_blocks.2.bias"}}
:::MLLOG {"namespace": "", "time_ms": 1677523168270, "event_type": "POINT_IN_TIME", "key": "weights_initialization", "value": null, "metadata": {"file": "model/retinanet.py", "lineno": 90, "tensor": "module.head.classification_head.conv.0.weight"}}
:::MLLOG {"namespace": "", "time_ms": 1677523168273, "event_type": "POINT_IN_TIME", "key": "weights_initialization", "value": null, "metadata": {"file": "model/retinanet.py", "lineno": 92, "tensor": "module.head.classification_head.conv.0.bias"}}
:::MLLOG {"namespace": "", "time_ms": 1677523168274, "event_type": "POINT_IN_TIME", "key": "weights_initialization", "value": null, "metadata": {"file": "model/retinanet.py", "lineno": 90, "tensor": "module.head.classification_head.conv.2.weight"}}
:::MLLOG {"namespace": "", "time_ms": 1677523168276, "event_type": "POINT_IN_TIME", "key": "weights_initialization", "value": null, "metadata": {"file": "model/retinanet.py", "lineno": 92, "tensor": "module.head.classification_head.conv.2.bias"}}
:::MLLOG {"namespace": "", "time_ms": 1677523168276, "event_type": "POINT_IN_TIME", "key": "weights_initialization", "value": null, "metadata": {"file": "model/retinanet.py", "lineno": 90, "tensor": "module.head.classification_head.conv.4.weight"}}
:::MLLOG {"namespace": "", "time_ms": 1677523168279, "event_type": "POINT_IN_TIME", "key": "weights_initialization", "value": null, "metadata": {"file": "model/retinanet.py", "lineno": 92, "tensor": "module.head.classification_head.conv.4.bias"}}
:::MLLOG {"namespace": "", "time_ms": 1677523168279, "event_type": "POINT_IN_TIME", "key": "weights_initialization", "value": null, "metadata": {"file": "model/retinanet.py", "lineno": 90, "tensor": "module.head.classification_head.conv.6.weight"}}
:::MLLOG {"namespace": "", "time_ms": 1677523168282, "event_type": "POINT_IN_TIME", "key": "weights_initialization", "value": null, "metadata": {"file": "model/retinanet.py", "lineno": 92, "tensor": "module.head.classification_head.conv.6.bias"}}
:::MLLOG {"namespace": "", "time_ms": 1677523168310, "event_type": "POINT_IN_TIME", "key": "weights_initialization", "value": null, "metadata": {"file": "model/retinanet.py", "lineno": 96, "tensor": "module.head.classification_head.cls_logits.weight"}}
:::MLLOG {"namespace": "", "time_ms": 1677523168336, "event_type": "POINT_IN_TIME", "key": "weights_initialization", "value": null, "metadata": {"file": "model/retinanet.py", "lineno": 98, "tensor": "module.head.classification_head.cls_logits.bias"}}
:::MLLOG {"namespace": "", "time_ms": 1677523168349, "event_type": "POINT_IN_TIME", "key": "weights_initialization", "value": null, "metadata": {"file": "model/retinanet.py", "lineno": 180, "tensor": "module.head.regression_head.bbox_reg.weight"}}
:::MLLOG {"namespace": "", "time_ms": 1677523168349, "event_type": "POINT_IN_TIME", "key": "weights_initialization", "value": null, "metadata": {"file": "model/retinanet.py", "lineno": 182, "tensor": "module.head.regression_head.bbox_reg.bias"}}
:::MLLOG {"namespace": "", "time_ms": 1677523168350, "event_type": "POINT_IN_TIME", "key": "weights_initialization", "value": null, "metadata": {"file": "model/retinanet.py", "lineno": 187, "tensor": "module.head.regression_head.conv.0.weight"}}
:::MLLOG {"namespace": "", "time_ms": 1677523168352, "event_type": "POINT_IN_TIME", "key": "weights_initialization", "value": null, "metadata": {"file": "model/retinanet.py", "lineno": 189, "tensor": "module.head.regression_head.conv.0.bias"}}
:::MLLOG {"namespace": "", "time_ms": 1677523168352, "event_type": "POINT_IN_TIME", "key": "weights_initialization", "value": null, "metadata": {"file": "model/retinanet.py", "lineno": 187, "tensor": "module.head.regression_head.conv.2.weight"}}
:::MLLOG {"namespace": "", "time_ms": 1677523168355, "event_type": "POINT_IN_TIME", "key": "weights_initialization", "value": null, "metadata": {"file": "model/retinanet.py", "lineno": 189, "tensor": "module.head.regression_head.conv.2.bias"}}
:::MLLOG {"namespace": "", "time_ms": 1677523168355, "event_type": "POINT_IN_TIME", "key": "weights_initialization", "value": null, "metadata": {"file": "model/retinanet.py", "lineno": 187, "tensor": "module.head.regression_head.conv.4.weight"}}
:::MLLOG {"namespace": "", "time_ms": 1677523168358, "event_type": "POINT_IN_TIME", "key": "weights_initialization", "value": null, "metadata": {"file": "model/retinanet.py", "lineno": 189, "tensor": "module.head.regression_head.conv.4.bias"}}
:::MLLOG {"namespace": "", "time_ms": 1677523168358, "event_type": "POINT_IN_TIME", "key": "weights_initialization", "value": null, "metadata": {"file": "model/retinanet.py", "lineno": 187, "tensor": "module.head.regression_head.conv.6.weight"}}
:::MLLOG {"namespace": "", "time_ms": 1677523168361, "event_type": "POINT_IN_TIME", "key": "weights_initialization", "value": null, "metadata": {"file": "model/retinanet.py", "lineno": 189, "tensor": "module.head.regression_head.conv.6.bias"}}
