ptd-server 2023-03-01 08:21:43,226 [INFO] Got command from the client 'time'
ptd-server 2023-03-01 08:21:43,227 [INFO] Sending reply to client '1677658903.2270465'
ptd-server 2023-03-01 08:21:43,228 [INFO] Got command from the client 'new,,4068f9b7-dd43-4282-96ee-7ddec882087e'
ptd-server 2023-03-01 08:21:43,229 [INFO] Sending reply to client 'OK 2023-03-01_08-21-43,6eab6079-98f8-4f90-8a2b-282a9537fb63'
ptd-server 2023-03-01 08:21:43,252 [INFO] Got command from the client 'time'
ptd-server 2023-03-01 08:21:43,252 [INFO] Sending reply to client '1677658903.2525847'
ptd-server 2023-03-01 08:21:43,254 [INFO] Got command from the client 'session,2023-03-01_08-21-43,start,ranging'
ptd-server 2023-03-01 08:21:43,255 [INFO] Running PTDaemon: ['/home/anton/projects/mlperf/power/inference_v1.0/ptd-linux-x86', '-l', '/tmp/tmpu4v721n6/ptd_logfile.txt', '-p', '8888', '49', '/dev/usbtmc0']
ptd-server 2023-03-01 08:22:00,343 [INFO] Sending to ptd: 'Hello'
ptd-server 2023-03-01 08:22:00,343 [INFO] Reply from ptd: 'Hello, PTDaemon here!'
ptd-server 2023-03-01 08:22:00,343 [INFO] Sending to ptd: 'Identify'
ptd-server 2023-03-01 08:22:00,344 [INFO] Reply from ptd: 'YokogawaWT310E,1000,1,1,1,1,0,1,1,version=1.10.0-ed9a21d2-20220817,OS=Linux 5.15.0-60-generic #66~20.04.1-Ubuntu SMP Wed Jan 25 09:41:30 UTC 2023 x86_64,mode=power,1,1,1,0,0,no_cal_date,YOKOGAWA;WT310E;C3XA04010E;F1.04'
ptd-server 2023-03-01 08:22:00,344 [INFO] Connected to PTDaemon
ptd-server 2023-03-01 08:22:00,344 [INFO] Sending to ptd: 'RR'
ptd-server 2023-03-01 08:22:00,344 [INFO] Reply from ptd: 'Ranges,0,0.100000,0,300.000000'
ptd-server 2023-03-01 08:22:00,344 [INFO] Initial range for Amps is 0.100000 for Volts is 300.000000
ptd-server 2023-03-01 08:22:00,344 [INFO] Sending to ptd: 'SR,V,Auto'
ptd-server 2023-03-01 08:22:00,847 [INFO] Reply from ptd: 'Range V changed'
ptd-server 2023-03-01 08:22:00,847 [INFO] Sending to ptd: 'SR,A,Auto'
ptd-server 2023-03-01 08:22:01,350 [INFO] Reply from ptd: 'Range A changed'
ptd-server 2023-03-01 08:22:11,360 [INFO] Starting ranging mode
ptd-server 2023-03-01 08:22:11,360 [INFO] Sending to ptd: 'Go,1000,0,2023-03-01_08-21-43_ranging'
ptd-server 2023-03-01 08:22:11,360 [INFO] Reply from ptd: 'Starting untimed measurement, maximum 500000 samples at 1000ms with 0 rampup samples'
ptd-server 2023-03-01 08:22:11,361 [INFO] Sending reply to client 'OK'
ptd-server 2023-03-01 08:32:35,112 [INFO] Got command from the client 'session,2023-03-01_08-21-43,stop,ranging'
ptd-server 2023-03-01 08:32:45,120 [INFO] Sending to ptd: 'Stop'
ptd-server 2023-03-01 08:32:45,120 [INFO] Reply from ptd: 'Stopping untimed measurement'
ptd-server 2023-03-01 08:32:45,701 [INFO] Sending reply to client 'OK'
ptd-server 2023-03-01 08:32:45,796 [INFO] Got command from the client 'time'
ptd-server 2023-03-01 08:32:45,796 [INFO] Sending reply to client '1677659565.796578'
ptd-server 2023-03-01 08:32:45,801 [INFO] Got command from the client 'session,2023-03-01_08-21-43,start,testing'
ptd-server 2023-03-01 08:32:45,801 [INFO] Sending to ptd: 'SR,V,252.530000'
ptd-server 2023-03-01 08:32:47,302 [INFO] Reply from ptd: 'Range V changed'
ptd-server 2023-03-01 08:32:47,303 [INFO] Sending to ptd: 'SR,A,0.078250'
ptd-server 2023-03-01 08:32:48,804 [INFO] Reply from ptd: 'Range A changed'
ptd-server 2023-03-01 08:32:58,814 [INFO] Starting testing mode
ptd-server 2023-03-01 08:32:58,815 [INFO] Sending to ptd: 'Go,1000,0,2023-03-01_08-21-43_testing'
ptd-server 2023-03-01 08:32:58,815 [INFO] Reply from ptd: 'Starting untimed measurement, maximum 500000 samples at 1000ms with 0 rampup samples'
ptd-server 2023-03-01 08:32:58,815 [INFO] Sending reply to client 'OK'
ptd-server 2023-03-01 08:43:22,965 [INFO] Got command from the client 'session,2023-03-01_08-21-43,stop,testing'
ptd-server 2023-03-01 08:43:32,972 [INFO] Sending to ptd: 'Stop'
ptd-server 2023-03-01 08:43:32,972 [INFO] Reply from ptd: 'Stopping untimed measurement'
ptd-server 2023-03-01 08:43:33,271 [INFO] Sending reply to client 'OK'
ptd-server 2023-03-01 08:43:33,292 [INFO] Got command from the client 'session,2023-03-01_08-21-43,done'
ptd-server 2023-03-01 08:43:33,293 [INFO] Sending to ptd: 'Stop'
ptd-server 2023-03-01 08:43:33,816 [INFO] Reply from ptd: 'Error: no measurement to stop'
ptd-server 2023-03-01 08:43:33,816 [INFO] Sending to ptd: 'SR,V,300.000000'
ptd-server 2023-03-01 08:43:35,317 [INFO] Reply from ptd: 'Range V changed'
ptd-server 2023-03-01 08:43:35,318 [INFO] Sending to ptd: 'SR,A,0.100000'
ptd-server 2023-03-01 08:43:36,819 [INFO] Reply from ptd: 'Range A changed'
ptd-server 2023-03-01 08:43:36,819 [INFO] Set initial values for Amps 0.100000 and Volts 300.000000
ptd-server 2023-03-01 08:43:36,819 [INFO] Stopping ptd...
