ptd-server 2023-02-28 23:11:08,522 [INFO] Got command from the client 'time'
ptd-server 2023-02-28 23:11:08,523 [INFO] Sending reply to client '1677625868.523025'
ptd-server 2023-02-28 23:11:08,524 [INFO] Got command from the client 'new,,51e63f01-a645-437c-8fe5-17e1b44e4f7d'
ptd-server 2023-02-28 23:11:08,525 [INFO] Sending reply to client 'OK 2023-02-28_23-11-08,d47ccecb-e4b4-4bc6-9220-daa5f88877fa'
ptd-server 2023-02-28 23:11:08,547 [INFO] Got command from the client 'time'
ptd-server 2023-02-28 23:11:08,547 [INFO] Sending reply to client '1677625868.5476298'
ptd-server 2023-02-28 23:11:08,549 [INFO] Got command from the client 'session,2023-02-28_23-11-08,start,ranging'
ptd-server 2023-02-28 23:11:08,549 [INFO] Running PTDaemon: ['/home/anton/projects/mlperf/power/inference_v1.0/ptd-linux-x86', '-l', '/tmp/tmpu4v721n6/ptd_logfile.txt', '-p', '8888', '49', '/dev/usbtmc0']
ptd-server 2023-02-28 23:11:25,636 [INFO] Sending to ptd: 'Hello'
ptd-server 2023-02-28 23:11:25,637 [INFO] Reply from ptd: 'Hello, PTDaemon here!'
ptd-server 2023-02-28 23:11:25,637 [INFO] Sending to ptd: 'Identify'
ptd-server 2023-02-28 23:11:25,637 [INFO] Reply from ptd: 'YokogawaWT310E,1000,1,1,1,1,0,1,1,version=1.10.0-ed9a21d2-20220817,OS=Linux 5.15.0-60-generic #66~20.04.1-Ubuntu SMP Wed Jan 25 09:41:30 UTC 2023 x86_64,mode=power,1,1,1,0,0,no_cal_date,YOKOGAWA;WT310E;C3XA04010E;F1.04'
ptd-server 2023-02-28 23:11:25,637 [INFO] Connected to PTDaemon
ptd-server 2023-02-28 23:11:25,637 [INFO] Sending to ptd: 'RR'
ptd-server 2023-02-28 23:11:25,637 [INFO] Reply from ptd: 'Ranges,0,0.100000,0,300.000000'
ptd-server 2023-02-28 23:11:25,638 [INFO] Initial range for Amps is 0.100000 for Volts is 300.000000
ptd-server 2023-02-28 23:11:25,638 [INFO] Sending to ptd: 'SR,V,Auto'
ptd-server 2023-02-28 23:11:26,140 [INFO] Reply from ptd: 'Range V changed'
ptd-server 2023-02-28 23:11:26,140 [INFO] Sending to ptd: 'SR,A,Auto'
ptd-server 2023-02-28 23:11:26,643 [INFO] Reply from ptd: 'Range A changed'
ptd-server 2023-02-28 23:11:36,653 [INFO] Starting ranging mode
ptd-server 2023-02-28 23:11:36,653 [INFO] Sending to ptd: 'Go,1000,0,2023-02-28_23-11-08_ranging'
ptd-server 2023-02-28 23:11:36,654 [INFO] Reply from ptd: 'Starting untimed measurement, maximum 500000 samples at 1000ms with 0 rampup samples'
ptd-server 2023-02-28 23:11:36,654 [INFO] Sending reply to client 'OK'
ptd-server 2023-02-28 23:22:00,520 [INFO] Got command from the client 'session,2023-02-28_23-11-08,stop,ranging'
ptd-server 2023-02-28 23:22:10,530 [INFO] Sending to ptd: 'Stop'
ptd-server 2023-02-28 23:22:10,531 [INFO] Reply from ptd: 'Stopping untimed measurement'
ptd-server 2023-02-28 23:22:11,048 [INFO] Sending reply to client 'OK'
ptd-server 2023-02-28 23:22:11,095 [INFO] Got command from the client 'time'
ptd-server 2023-02-28 23:22:11,095 [INFO] Sending reply to client '1677626531.0954182'
ptd-server 2023-02-28 23:22:11,097 [INFO] Got command from the client 'session,2023-02-28_23-11-08,start,testing'
ptd-server 2023-02-28 23:22:11,098 [INFO] Sending to ptd: 'SR,V,254.260000'
ptd-server 2023-02-28 23:22:12,599 [INFO] Reply from ptd: 'Range V changed'
ptd-server 2023-02-28 23:22:12,599 [INFO] Sending to ptd: 'SR,A,0.077470'
ptd-server 2023-02-28 23:22:14,101 [INFO] Reply from ptd: 'Range A changed'
ptd-server 2023-02-28 23:22:24,111 [INFO] Starting testing mode
ptd-server 2023-02-28 23:22:24,111 [INFO] Sending to ptd: 'Go,1000,0,2023-02-28_23-11-08_testing'
ptd-server 2023-02-28 23:22:24,111 [INFO] Reply from ptd: 'Starting untimed measurement, maximum 500000 samples at 1000ms with 0 rampup samples'
ptd-server 2023-02-28 23:22:24,112 [INFO] Sending reply to client 'OK'
ptd-server 2023-02-28 23:32:48,077 [INFO] Got command from the client 'session,2023-02-28_23-11-08,stop,testing'
ptd-server 2023-02-28 23:32:58,084 [INFO] Sending to ptd: 'Stop'
ptd-server 2023-02-28 23:32:58,084 [INFO] Reply from ptd: 'Stopping untimed measurement'
ptd-server 2023-02-28 23:32:58,368 [INFO] Sending reply to client 'OK'
ptd-server 2023-02-28 23:32:58,388 [INFO] Got command from the client 'session,2023-02-28_23-11-08,done'
ptd-server 2023-02-28 23:32:58,388 [INFO] Sending to ptd: 'Stop'
ptd-server 2023-02-28 23:32:58,388 [INFO] Reply from ptd: 'Error: no measurement to stop'
ptd-server 2023-02-28 23:32:58,388 [INFO] Sending to ptd: 'SR,V,300.000000'
ptd-server 2023-02-28 23:32:59,890 [INFO] Reply from ptd: 'Range V changed'
ptd-server 2023-02-28 23:32:59,890 [INFO] Sending to ptd: 'SR,A,0.100000'
ptd-server 2023-02-28 23:33:01,392 [INFO] Reply from ptd: 'Range A changed'
ptd-server 2023-02-28 23:33:01,392 [INFO] Set initial values for Amps 0.100000 and Volts 300.000000
ptd-server 2023-02-28 23:33:01,392 [INFO] Stopping ptd...
