ptd-server 2023-02-20 01:41:49,564 [INFO] Got command from the client 'time'
ptd-server 2023-02-20 01:41:49,564 [INFO] Sending reply to client '1676857309.564207'
ptd-server 2023-02-20 01:41:49,565 [INFO] Got command from the client 'new,,190a2a54-b4f3-419e-91ff-997c22643fb0'
ptd-server 2023-02-20 01:41:49,565 [INFO] Sending reply to client 'OK 2023-02-20_01-41-49,25593a50-0e15-4ef2-b4bb-8f9e05cd4e1a'
ptd-server 2023-02-20 01:41:49,587 [INFO] Got command from the client 'time'
ptd-server 2023-02-20 01:41:49,587 [INFO] Sending reply to client '1676857309.5875542'
ptd-server 2023-02-20 01:41:49,588 [INFO] Got command from the client 'session,2023-02-20_01-41-49,start,ranging'
ptd-server 2023-02-20 01:41:49,588 [INFO] Running PTDaemon: ['/home/anton/projects/mlperf/power/inference_v1.0/ptd-linux-x86', '-l', '/tmp/tmp4yl1neqp/ptd_logfile.txt', '-p', '8888', '49', '/dev/usbtmc0']
ptd-server 2023-02-20 01:42:06,662 [INFO] Sending to ptd: 'Hello'
ptd-server 2023-02-20 01:42:06,662 [INFO] Reply from ptd: 'Hello, PTDaemon here!'
ptd-server 2023-02-20 01:42:06,663 [INFO] Sending to ptd: 'Identify'
ptd-server 2023-02-20 01:42:06,663 [INFO] Reply from ptd: 'YokogawaWT310E,1000,1,1,1,1,0,1,1,version=1.10.0-ed9a21d2-20220817,OS=Linux 5.15.0-60-generic #66~20.04.1-Ubuntu SMP Wed Jan 25 09:41:30 UTC 2023 x86_64,mode=power,1,1,1,0,0,no_cal_date,YOKOGAWA;WT310E;C3XA04010E;F1.04'
ptd-server 2023-02-20 01:42:06,663 [INFO] Connected to PTDaemon
ptd-server 2023-02-20 01:42:06,663 [INFO] Sending to ptd: 'RR'
ptd-server 2023-02-20 01:42:06,664 [INFO] Reply from ptd: 'Ranges,0,0.500000,1,300.000000'
ptd-server 2023-02-20 01:42:06,664 [INFO] Initial range for Amps is 0.500000 for Volts is Auto
ptd-server 2023-02-20 01:42:06,664 [INFO] Sending to ptd: 'SR,V,Auto'
ptd-server 2023-02-20 01:42:07,166 [INFO] Reply from ptd: 'Range V changed'
ptd-server 2023-02-20 01:42:07,167 [INFO] Sending to ptd: 'SR,A,Auto'
ptd-server 2023-02-20 01:42:07,669 [INFO] Reply from ptd: 'Range A changed'
ptd-server 2023-02-20 01:42:17,679 [INFO] Starting ranging mode
ptd-server 2023-02-20 01:42:17,679 [INFO] Sending to ptd: 'Go,1000,0,2023-02-20_01-41-49_ranging'
ptd-server 2023-02-20 01:42:17,680 [INFO] Reply from ptd: 'Starting untimed measurement, maximum 500000 samples at 1000ms with 0 rampup samples'
ptd-server 2023-02-20 01:42:17,680 [INFO] Sending reply to client 'OK'
ptd-server 2023-02-20 01:52:45,961 [INFO] Got command from the client 'session,2023-02-20_01-41-49,stop,ranging'
ptd-server 2023-02-20 01:52:55,971 [INFO] Sending to ptd: 'Stop'
ptd-server 2023-02-20 01:52:55,972 [INFO] Reply from ptd: 'Stopping untimed measurement'
ptd-server 2023-02-20 01:52:56,099 [INFO] Sending reply to client 'OK'
ptd-server 2023-02-20 01:52:56,131 [INFO] Got command from the client 'time'
ptd-server 2023-02-20 01:52:56,131 [INFO] Sending reply to client '1676857976.1313725'
ptd-server 2023-02-20 01:52:56,132 [INFO] Got command from the client 'session,2023-02-20_01-41-49,start,testing'
ptd-server 2023-02-20 01:52:56,132 [INFO] Sending to ptd: 'SR,V,252.730000'
ptd-server 2023-02-20 01:52:58,182 [INFO] Reply from ptd: 'Range V changed'
ptd-server 2023-02-20 01:52:58,182 [INFO] Sending to ptd: 'SR,A,0.068540'
ptd-server 2023-02-20 01:52:59,683 [INFO] Reply from ptd: 'Range A changed'
ptd-server 2023-02-20 01:53:09,694 [INFO] Starting testing mode
ptd-server 2023-02-20 01:53:09,694 [INFO] Sending to ptd: 'Go,1000,0,2023-02-20_01-41-49_testing'
ptd-server 2023-02-20 01:53:09,694 [INFO] Reply from ptd: 'Starting untimed measurement, maximum 500000 samples at 1000ms with 0 rampup samples'
ptd-server 2023-02-20 01:53:09,695 [INFO] Sending reply to client 'OK'
ptd-server 2023-02-20 02:03:36,796 [INFO] Got command from the client 'session,2023-02-20_01-41-49,stop,testing'
ptd-server 2023-02-20 02:03:46,806 [INFO] Sending to ptd: 'Stop'
ptd-server 2023-02-20 02:03:46,807 [INFO] Reply from ptd: 'Stopping untimed measurement'
ptd-server 2023-02-20 02:03:46,876 [INFO] Sending reply to client 'OK'
ptd-server 2023-02-20 02:03:46,884 [INFO] Got command from the client 'session,2023-02-20_01-41-49,done'
ptd-server 2023-02-20 02:03:46,884 [INFO] Sending to ptd: 'Stop'
ptd-server 2023-02-20 02:03:47,694 [INFO] Reply from ptd: 'Error: no measurement to stop'
ptd-server 2023-02-20 02:03:47,695 [INFO] Sending to ptd: 'SR,V,Auto'
ptd-server 2023-02-20 02:03:48,197 [INFO] Reply from ptd: 'Range V changed'
ptd-server 2023-02-20 02:03:48,197 [INFO] Sending to ptd: 'SR,A,0.500000'
ptd-server 2023-02-20 02:03:49,699 [INFO] Reply from ptd: 'Range A changed'
ptd-server 2023-02-20 02:03:49,699 [INFO] Set initial values for Amps 0.500000 and Volts Auto
ptd-server 2023-02-20 02:03:49,699 [INFO] Stopping ptd...
