ptd-server 2023-02-25 22:17:00,118 [INFO] Got command from the client 'time'
ptd-server 2023-02-25 22:17:00,118 [INFO] Sending reply to client '1677363420.118804'
ptd-server 2023-02-25 22:17:00,119 [INFO] Got command from the client 'new,,9e7314c4-6327-4b31-aeeb-d056fd154370'
ptd-server 2023-02-25 22:17:00,120 [INFO] Sending reply to client 'OK 2023-02-25_22-17-00,417fcebf-d5f6-476a-9ece-712a21814691'
ptd-server 2023-02-25 22:17:00,143 [INFO] Got command from the client 'time'
ptd-server 2023-02-25 22:17:00,143 [INFO] Sending reply to client '1677363420.1439471'
ptd-server 2023-02-25 22:17:00,145 [INFO] Got command from the client 'session,2023-02-25_22-17-00,start,ranging'
ptd-server 2023-02-25 22:17:00,145 [INFO] Running PTDaemon: ['/home/anton/projects/mlperf/power/inference_v1.0/ptd-linux-x86', '-l', '/tmp/tmpu4v721n6/ptd_logfile.txt', '-p', '8888', '49', '/dev/usbtmc0']
ptd-server 2023-02-25 22:17:17,233 [INFO] Sending to ptd: 'Hello'
ptd-server 2023-02-25 22:17:17,234 [INFO] Reply from ptd: 'Hello, PTDaemon here!'
ptd-server 2023-02-25 22:17:17,234 [INFO] Sending to ptd: 'Identify'
ptd-server 2023-02-25 22:17:17,234 [INFO] Reply from ptd: 'YokogawaWT310E,1000,1,1,1,1,0,1,1,version=1.10.0-ed9a21d2-20220817,OS=Linux 5.15.0-60-generic #66~20.04.1-Ubuntu SMP Wed Jan 25 09:41:30 UTC 2023 x86_64,mode=power,1,1,1,0,0,no_cal_date,YOKOGAWA;WT310E;C3XA04010E;F1.04'
ptd-server 2023-02-25 22:17:17,234 [INFO] Connected to PTDaemon
ptd-server 2023-02-25 22:17:17,234 [INFO] Sending to ptd: 'RR'
ptd-server 2023-02-25 22:17:17,234 [INFO] Reply from ptd: 'Ranges,0,0.100000,0,300.000000'
ptd-server 2023-02-25 22:17:17,235 [INFO] Initial range for Amps is 0.100000 for Volts is 300.000000
ptd-server 2023-02-25 22:17:17,235 [INFO] Sending to ptd: 'SR,V,Auto'
ptd-server 2023-02-25 22:17:17,737 [INFO] Reply from ptd: 'Range V changed'
ptd-server 2023-02-25 22:17:17,738 [INFO] Sending to ptd: 'SR,A,Auto'
ptd-server 2023-02-25 22:17:18,240 [INFO] Reply from ptd: 'Range A changed'
ptd-server 2023-02-25 22:17:28,250 [INFO] Starting ranging mode
ptd-server 2023-02-25 22:17:28,251 [INFO] Sending to ptd: 'Go,1000,0,2023-02-25_22-17-00_ranging'
ptd-server 2023-02-25 22:17:28,251 [INFO] Reply from ptd: 'Starting untimed measurement, maximum 500000 samples at 1000ms with 0 rampup samples'
ptd-server 2023-02-25 22:17:28,251 [INFO] Sending reply to client 'OK'
ptd-server 2023-02-25 22:27:43,489 [INFO] Got command from the client 'session,2023-02-25_22-17-00,stop,ranging'
ptd-server 2023-02-25 22:27:53,499 [INFO] Sending to ptd: 'Stop'
ptd-server 2023-02-25 22:27:53,500 [INFO] Reply from ptd: 'Stopping untimed measurement'
ptd-server 2023-02-25 22:27:53,654 [INFO] Sending reply to client 'OK'
ptd-server 2023-02-25 22:27:53,747 [INFO] Got command from the client 'time'
ptd-server 2023-02-25 22:27:53,747 [INFO] Sending reply to client '1677364073.747491'
ptd-server 2023-02-25 22:27:53,752 [INFO] Got command from the client 'session,2023-02-25_22-17-00,start,testing'
ptd-server 2023-02-25 22:27:53,752 [INFO] Sending to ptd: 'SR,V,251.140000'
ptd-server 2023-02-25 22:27:55,753 [INFO] Reply from ptd: 'Range V changed'
ptd-server 2023-02-25 22:27:55,753 [INFO] Sending to ptd: 'SR,A,0.045170'
ptd-server 2023-02-25 22:27:57,255 [INFO] Reply from ptd: 'Range A changed'
ptd-server 2023-02-25 22:28:07,265 [INFO] Starting testing mode
ptd-server 2023-02-25 22:28:07,265 [INFO] Sending to ptd: 'Go,1000,0,2023-02-25_22-17-00_testing'
ptd-server 2023-02-25 22:28:07,265 [INFO] Reply from ptd: 'Starting untimed measurement, maximum 500000 samples at 1000ms with 0 rampup samples'
ptd-server 2023-02-25 22:28:07,266 [INFO] Sending reply to client 'OK'
ptd-server 2023-02-25 22:38:22,631 [INFO] Got command from the client 'session,2023-02-25_22-17-00,stop,testing'
ptd-server 2023-02-25 22:38:32,641 [INFO] Sending to ptd: 'Stop'
ptd-server 2023-02-25 22:38:32,642 [INFO] Reply from ptd: 'Stopping untimed measurement'
ptd-server 2023-02-25 22:38:32,725 [INFO] Sending reply to client 'OK'
ptd-server 2023-02-25 22:38:32,746 [INFO] Got command from the client 'session,2023-02-25_22-17-00,done'
ptd-server 2023-02-25 22:38:32,746 [INFO] Sending to ptd: 'Stop'
ptd-server 2023-02-25 22:38:33,265 [INFO] Reply from ptd: 'Error: no measurement to stop'
ptd-server 2023-02-25 22:38:33,266 [INFO] Sending to ptd: 'SR,V,300.000000'
ptd-server 2023-02-25 22:38:34,767 [INFO] Reply from ptd: 'Range V changed'
ptd-server 2023-02-25 22:38:34,767 [INFO] Sending to ptd: 'SR,A,0.100000'
ptd-server 2023-02-25 22:38:36,268 [INFO] Reply from ptd: 'Range A changed'
ptd-server 2023-02-25 22:38:36,269 [INFO] Set initial values for Amps 0.100000 and Volts 300.000000
ptd-server 2023-02-25 22:38:36,269 [INFO] Stopping ptd...
