ptd-server 2023-02-25 17:41:05,379 [INFO] Got command from the client 'time'
ptd-server 2023-02-25 17:41:05,380 [INFO] Sending reply to client '1677368465.3801885'
ptd-server 2023-02-25 17:41:05,381 [INFO] Got command from the client 'new,,d2b78811-f9af-4dac-86c6-8c536067bfe3'
ptd-server 2023-02-25 17:41:05,382 [INFO] Sending reply to client 'OK 2023-02-25_17-41-05,b00aed78-cd41-4e82-930d-1a664b42f111'
ptd-server 2023-02-25 17:41:05,483 [INFO] Got command from the client 'time'
ptd-server 2023-02-25 17:41:05,484 [INFO] Sending reply to client '1677368465.4841955'
ptd-server 2023-02-25 17:41:05,485 [INFO] Got command from the client 'session,2023-02-25_17-41-05,start,ranging'
ptd-server 2023-02-25 17:41:05,485 [INFO] Running PTDaemon: ['/local/mnt/workspace/mlcommons/power-main/inference_v1.0/ptd-linux-x86', '-l', '/tmp/tmpqybqiqrs/ptd_logfile.txt', '-p', '8888', '-c', '1,2', '77', '/dev/usbtmc0']
ptd-server 2023-02-25 17:41:24,017 [INFO] Sending to ptd: 'Hello'
ptd-server 2023-02-25 17:41:24,018 [INFO] Reply from ptd: 'Hello, PTDaemon here!'
ptd-server 2023-02-25 17:41:24,018 [INFO] Sending to ptd: 'Identify'
ptd-server 2023-02-25 17:41:24,019 [INFO] Reply from ptd: 'YokogawaWT330_multichannel,1000,1,1,1,1,0,0,1,version=1.10.0-ed9a21d2-20220817,OS=Linux 5.4.0-120-generic #136~18.04.1-Ubuntu SMP Fri Jun 10 18:00:44 UTC 2022 x86_64,mode=power,1,1,2,0,0,no_cal_date,YOKOGAWA;WT333E;C2XC17004V;F1.04'
ptd-server 2023-02-25 17:41:24,019 [INFO] Connected to PTDaemon
ptd-server 2023-02-25 17:41:24,019 [INFO] Sending to ptd: 'RR'
ptd-server 2023-02-25 17:41:24,020 [INFO] Reply from ptd: 'Ranges,1,5.000000,1,300.000000'
ptd-server 2023-02-25 17:41:24,020 [INFO] Initial range for Amps is Auto for Volts is Auto
ptd-server 2023-02-25 17:41:24,020 [INFO] Sending to ptd: 'SR,V,Auto'
ptd-server 2023-02-25 17:41:29,074 [INFO] Reply from ptd: 'Range V changed'
ptd-server 2023-02-25 17:41:29,074 [INFO] Sending to ptd: 'SR,A,Auto'
ptd-server 2023-02-25 17:41:34,127 [INFO] Reply from ptd: 'Range A changed'
ptd-server 2023-02-25 17:41:44,133 [INFO] Starting ranging mode
ptd-server 2023-02-25 17:41:44,133 [INFO] Sending to ptd: 'Go,1000,0,2023-02-25_17-41-05_ranging'
ptd-server 2023-02-25 17:41:44,134 [INFO] Reply from ptd: 'Starting untimed measurement, maximum 500000 samples at 1000ms with 0 rampup samples'
ptd-server 2023-02-25 17:41:44,134 [INFO] Sending reply to client 'OK'
ptd-server 2023-02-25 18:00:13,276 [INFO] Got command from the client 'session,2023-02-25_17-41-05,stop,ranging'
ptd-server 2023-02-25 18:00:23,287 [INFO] Sending to ptd: 'Stop'
ptd-server 2023-02-25 18:00:23,287 [INFO] Reply from ptd: 'Stopping untimed measurement'
ptd-server 2023-02-25 18:00:23,372 [INFO] Sending reply to client 'OK'
ptd-server 2023-02-25 18:00:23,479 [INFO] Got command from the client 'time'
ptd-server 2023-02-25 18:00:23,479 [INFO] Sending reply to client '1677369623.479722'
ptd-server 2023-02-25 18:00:23,481 [INFO] Got command from the client 'session,2023-02-25_17-41-05,start,testing'
ptd-server 2023-02-25 18:00:23,481 [INFO] Sending to ptd: 'SR,V,210.860000'
ptd-server 2023-02-25 18:00:30,187 [INFO] Reply from ptd: 'Range V changed'
ptd-server 2023-02-25 18:00:30,188 [INFO] Sending to ptd: 'SR,A,3.406400'
ptd-server 2023-02-25 18:00:35,740 [INFO] Reply from ptd: 'Range A changed'
ptd-server 2023-02-25 18:00:45,750 [INFO] Starting testing mode
ptd-server 2023-02-25 18:00:45,751 [INFO] Sending to ptd: 'Go,1000,0,2023-02-25_17-41-05_testing'
ptd-server 2023-02-25 18:00:45,751 [INFO] Reply from ptd: 'Starting untimed measurement, maximum 500000 samples at 1000ms with 0 rampup samples'
ptd-server 2023-02-25 18:00:45,752 [INFO] Sending reply to client 'OK'
ptd-server 2023-02-25 18:19:13,922 [INFO] Got command from the client 'session,2023-02-25_17-41-05,stop,testing'
ptd-server 2023-02-25 18:19:23,931 [INFO] Sending to ptd: 'Stop'
ptd-server 2023-02-25 18:19:23,931 [INFO] Reply from ptd: 'Stopping untimed measurement'
ptd-server 2023-02-25 18:19:23,987 [INFO] Sending reply to client 'OK'
ptd-server 2023-02-25 18:19:23,992 [INFO] Got command from the client 'session,2023-02-25_17-41-05,done'
ptd-server 2023-02-25 18:19:23,992 [INFO] Sending to ptd: 'Stop'
ptd-server 2023-02-25 18:19:24,751 [INFO] Reply from ptd: 'Error: no measurement to stop'
ptd-server 2023-02-25 18:19:24,751 [INFO] Sending to ptd: 'SR,V,Auto'
ptd-server 2023-02-25 18:19:29,805 [INFO] Reply from ptd: 'Range V changed'
ptd-server 2023-02-25 18:19:29,805 [INFO] Sending to ptd: 'SR,A,Auto'
ptd-server 2023-02-25 18:19:34,858 [INFO] Reply from ptd: 'Range A changed'
ptd-server 2023-02-25 18:19:34,859 [INFO] Set initial values for Amps Auto and Volts Auto
ptd-server 2023-02-25 18:19:34,859 [INFO] Stopping ptd...
