ptd-server 2023-02-23 10:24:23,761 [INFO] Got command from the client 'time'
ptd-server 2023-02-23 10:24:23,761 [INFO] Sending reply to client '1677147863.7617364'
ptd-server 2023-02-23 10:24:23,764 [INFO] Got command from the client 'new,,dde1d6d0-721a-418b-aa47-f8ca35118caf'
ptd-server 2023-02-23 10:24:23,765 [INFO] Sending reply to client 'OK 2023-02-23_10-24-23,67b55fd8-f2e3-4ec3-bde9-e4300642c129'
ptd-server 2023-02-23 10:24:23,787 [INFO] Got command from the client 'time'
ptd-server 2023-02-23 10:24:23,787 [INFO] Sending reply to client '1677147863.7879262'
ptd-server 2023-02-23 10:24:23,791 [INFO] Got command from the client 'session,2023-02-23_10-24-23,start,ranging'
ptd-server 2023-02-23 10:24:23,792 [INFO] Running PTDaemon: ['/media/arjun/T7_Touch/hp-envy/CM/repos/local/cache/9b3695ca8255492a/power/inference_v1.0/ptd-linux-x86', '-l', '/tmp/tmpti64566v/ptd_logfile.txt', '-p', '8888', '49', '/dev/usbtmc0']
ptd-server 2023-02-23 10:24:40,891 [INFO] Sending to ptd: 'Hello'
ptd-server 2023-02-23 10:24:40,892 [INFO] Reply from ptd: 'Hello, PTDaemon here!'
ptd-server 2023-02-23 10:24:40,893 [INFO] Sending to ptd: 'Identify'
ptd-server 2023-02-23 10:24:40,894 [INFO] Reply from ptd: 'YokogawaWT310E,1000,1,1,1,1,0,1,1,version=1.10.0-ed9a21d2-20220817,OS=Linux 5.15.0-56-generic #62-Ubuntu SMP Tue Nov 22 19:54:14 UTC 2022 x86_64,mode=power,1,1,1,0,0,no_cal_date,YOKOGAWA;WT310E;C3YD21068E;F1.04'
ptd-server 2023-02-23 10:24:40,894 [INFO] Connected to PTDaemon
ptd-server 2023-02-23 10:24:40,894 [INFO] Sending to ptd: 'RR'
ptd-server 2023-02-23 10:24:40,895 [INFO] Reply from ptd: 'Ranges,0,0.100000,0,600.000000'
ptd-server 2023-02-23 10:24:40,896 [INFO] Initial range for Amps is 0.100000 for Volts is 600.000000
ptd-server 2023-02-23 10:24:40,896 [INFO] Sending to ptd: 'SR,V,Auto'
ptd-server 2023-02-23 10:24:41,399 [INFO] Reply from ptd: 'Range V changed'
ptd-server 2023-02-23 10:24:41,400 [INFO] Sending to ptd: 'SR,A,Auto'
ptd-server 2023-02-23 10:24:41,904 [INFO] Reply from ptd: 'Range A changed'
ptd-server 2023-02-23 10:24:51,915 [INFO] Starting ranging mode
ptd-server 2023-02-23 10:24:51,915 [INFO] Sending to ptd: 'Go,1000,0,2023-02-23_10-24-23_ranging'
ptd-server 2023-02-23 10:24:51,916 [INFO] Reply from ptd: 'Starting untimed measurement, maximum 500000 samples at 1000ms with 0 rampup samples'
ptd-server 2023-02-23 10:24:51,916 [INFO] Sending reply to client 'OK'
ptd-server 2023-02-23 10:35:53,294 [INFO] Got command from the client 'session,2023-02-23_10-24-23,stop,ranging'
ptd-server 2023-02-23 10:36:03,305 [INFO] Sending to ptd: 'Stop'
ptd-server 2023-02-23 10:36:03,306 [INFO] Reply from ptd: 'Stopping untimed measurement'
ptd-server 2023-02-23 10:36:03,321 [INFO] Sending reply to client 'OK'
ptd-server 2023-02-23 10:36:03,397 [INFO] Got command from the client 'time'
ptd-server 2023-02-23 10:36:03,397 [INFO] Sending reply to client '1677148563.3978047'
ptd-server 2023-02-23 10:36:03,401 [INFO] Got command from the client 'session,2023-02-23_10-24-23,start,testing'
ptd-server 2023-02-23 10:36:03,401 [INFO] Sending to ptd: 'SR,V,248.060000'
ptd-server 2023-02-23 10:36:05,418 [INFO] Reply from ptd: 'Range V changed'
ptd-server 2023-02-23 10:36:05,418 [INFO] Sending to ptd: 'SR,A,0.169340'
ptd-server 2023-02-23 10:36:06,921 [INFO] Reply from ptd: 'Range A changed'
ptd-server 2023-02-23 10:36:16,923 [INFO] Starting testing mode
ptd-server 2023-02-23 10:36:16,923 [INFO] Sending to ptd: 'Go,1000,0,2023-02-23_10-24-23_testing'
ptd-server 2023-02-23 10:36:16,924 [INFO] Reply from ptd: 'Starting untimed measurement, maximum 500000 samples at 1000ms with 0 rampup samples'
ptd-server 2023-02-23 10:36:16,925 [INFO] Sending reply to client 'OK'
ptd-server 2023-02-23 10:47:18,276 [INFO] Got command from the client 'session,2023-02-23_10-24-23,stop,testing'
ptd-server 2023-02-23 10:47:28,287 [INFO] Sending to ptd: 'Stop'
ptd-server 2023-02-23 10:47:28,288 [INFO] Reply from ptd: 'Stopping untimed measurement'
ptd-server 2023-02-23 10:47:28,297 [INFO] Sending reply to client 'OK'
ptd-server 2023-02-23 10:47:28,315 [INFO] Got command from the client 'session,2023-02-23_10-24-23,done'
ptd-server 2023-02-23 10:47:28,315 [INFO] Sending to ptd: 'Stop'
ptd-server 2023-02-23 10:47:28,926 [INFO] Reply from ptd: 'Error: no measurement to stop'
ptd-server 2023-02-23 10:47:28,926 [INFO] Sending to ptd: 'SR,V,600.000000'
ptd-server 2023-02-23 10:47:30,429 [INFO] Reply from ptd: 'Range V changed'
ptd-server 2023-02-23 10:47:30,429 [INFO] Sending to ptd: 'SR,A,0.100000'
ptd-server 2023-02-23 10:47:31,933 [INFO] Reply from ptd: 'Range A changed'
ptd-server 2023-02-23 10:47:31,933 [INFO] Set initial values for Amps 0.100000 and Volts 600.000000
ptd-server 2023-02-23 10:47:31,934 [INFO] Stopping ptd...
