ptd-server 2023-02-25 12:22:17,789 [INFO] Got command from the client 'time'
ptd-server 2023-02-25 12:22:17,789 [INFO] Sending reply to client '1677327737.7899597'
ptd-server 2023-02-25 12:22:17,791 [INFO] Got command from the client 'new,,5f533ed6-5cef-4189-8a14-00698c203f89'
ptd-server 2023-02-25 12:22:17,791 [INFO] Sending reply to client 'OK 2023-02-25_12-22-17,fbbb692c-e93b-40b2-b0de-15c69c85bea1'
ptd-server 2023-02-25 12:22:17,814 [INFO] Got command from the client 'time'
ptd-server 2023-02-25 12:22:17,815 [INFO] Sending reply to client '1677327737.8150127'
ptd-server 2023-02-25 12:22:17,816 [INFO] Got command from the client 'session,2023-02-25_12-22-17,start,ranging'
ptd-server 2023-02-25 12:22:17,817 [INFO] Running PTDaemon: ['/home/anton/projects/mlperf/power/inference_v1.0/ptd-linux-x86', '-l', '/tmp/tmpu4v721n6/ptd_logfile.txt', '-p', '8888', '49', '/dev/usbtmc0']
ptd-server 2023-02-25 12:22:34,902 [INFO] Sending to ptd: 'Hello'
ptd-server 2023-02-25 12:22:34,903 [INFO] Reply from ptd: 'Hello, PTDaemon here!'
ptd-server 2023-02-25 12:22:34,903 [INFO] Sending to ptd: 'Identify'
ptd-server 2023-02-25 12:22:34,903 [INFO] Reply from ptd: 'YokogawaWT310E,1000,1,1,1,1,0,1,1,version=1.10.0-ed9a21d2-20220817,OS=Linux 5.15.0-60-generic #66~20.04.1-Ubuntu SMP Wed Jan 25 09:41:30 UTC 2023 x86_64,mode=power,1,1,1,0,0,no_cal_date,YOKOGAWA;WT310E;C3XA04010E;F1.04'
ptd-server 2023-02-25 12:22:34,904 [INFO] Connected to PTDaemon
ptd-server 2023-02-25 12:22:34,904 [INFO] Sending to ptd: 'RR'
ptd-server 2023-02-25 12:22:34,904 [INFO] Reply from ptd: 'Ranges,0,0.100000,0,300.000000'
ptd-server 2023-02-25 12:22:34,904 [INFO] Initial range for Amps is 0.100000 for Volts is 300.000000
ptd-server 2023-02-25 12:22:34,904 [INFO] Sending to ptd: 'SR,V,Auto'
ptd-server 2023-02-25 12:22:35,407 [INFO] Reply from ptd: 'Range V changed'
ptd-server 2023-02-25 12:22:35,407 [INFO] Sending to ptd: 'SR,A,Auto'
ptd-server 2023-02-25 12:22:35,909 [INFO] Reply from ptd: 'Range A changed'
ptd-server 2023-02-25 12:22:45,920 [INFO] Starting ranging mode
ptd-server 2023-02-25 12:22:45,920 [INFO] Sending to ptd: 'Go,1000,0,2023-02-25_12-22-17_ranging'
ptd-server 2023-02-25 12:22:45,920 [INFO] Reply from ptd: 'Starting untimed measurement, maximum 500000 samples at 1000ms with 0 rampup samples'
ptd-server 2023-02-25 12:22:45,920 [INFO] Sending reply to client 'OK'
ptd-server 2023-02-25 12:33:00,947 [INFO] Got command from the client 'session,2023-02-25_12-22-17,stop,ranging'
ptd-server 2023-02-25 12:33:10,956 [INFO] Sending to ptd: 'Stop'
ptd-server 2023-02-25 12:33:10,956 [INFO] Reply from ptd: 'Stopping untimed measurement'
ptd-server 2023-02-25 12:33:11,047 [INFO] Sending reply to client 'OK'
ptd-server 2023-02-25 12:33:11,151 [INFO] Got command from the client 'time'
ptd-server 2023-02-25 12:33:11,151 [INFO] Sending reply to client '1677328391.1514618'
ptd-server 2023-02-25 12:33:11,154 [INFO] Got command from the client 'session,2023-02-25_12-22-17,start,testing'
ptd-server 2023-02-25 12:33:11,154 [INFO] Sending to ptd: 'SR,V,251.700000'
ptd-server 2023-02-25 12:33:13,421 [INFO] Reply from ptd: 'Range V changed'
ptd-server 2023-02-25 12:33:13,422 [INFO] Sending to ptd: 'SR,A,0.056950'
ptd-server 2023-02-25 12:33:14,923 [INFO] Reply from ptd: 'Range A changed'
ptd-server 2023-02-25 12:33:24,933 [INFO] Starting testing mode
ptd-server 2023-02-25 12:33:24,933 [INFO] Sending to ptd: 'Go,1000,0,2023-02-25_12-22-17_testing'
ptd-server 2023-02-25 12:33:24,934 [INFO] Reply from ptd: 'Starting untimed measurement, maximum 500000 samples at 1000ms with 0 rampup samples'
ptd-server 2023-02-25 12:33:24,934 [INFO] Sending reply to client 'OK'
ptd-server 2023-02-25 12:43:40,013 [INFO] Got command from the client 'session,2023-02-25_12-22-17,stop,testing'
ptd-server 2023-02-25 12:43:50,023 [INFO] Sending to ptd: 'Stop'
ptd-server 2023-02-25 12:43:50,024 [INFO] Reply from ptd: 'Stopping untimed measurement'
ptd-server 2023-02-25 12:43:50,070 [INFO] Sending reply to client 'OK'
ptd-server 2023-02-25 12:43:50,089 [INFO] Got command from the client 'session,2023-02-25_12-22-17,done'
ptd-server 2023-02-25 12:43:50,090 [INFO] Sending to ptd: 'Stop'
ptd-server 2023-02-25 12:43:50,935 [INFO] Reply from ptd: 'Error: no measurement to stop'
ptd-server 2023-02-25 12:43:50,935 [INFO] Sending to ptd: 'SR,V,300.000000'
ptd-server 2023-02-25 12:43:52,436 [INFO] Reply from ptd: 'Range V changed'
ptd-server 2023-02-25 12:43:52,437 [INFO] Sending to ptd: 'SR,A,0.100000'
ptd-server 2023-02-25 12:43:53,938 [INFO] Reply from ptd: 'Range A changed'
ptd-server 2023-02-25 12:43:53,938 [INFO] Set initial values for Amps 0.100000 and Volts 300.000000
ptd-server 2023-02-25 12:43:53,938 [INFO] Stopping ptd...
