ptd-server 2023-02-23 09:57:20,580 [INFO] Got command from the client 'time'
ptd-server 2023-02-23 09:57:20,580 [INFO] Sending reply to client '1677146240.5806534'
ptd-server 2023-02-23 09:57:20,585 [INFO] Got command from the client 'new,,1d7ff689-46aa-4437-9dae-1f8df3de6b47'
ptd-server 2023-02-23 09:57:20,586 [INFO] Sending reply to client 'OK 2023-02-23_09-57-20,379c92fe-4376-4819-987b-c62077935a46'
ptd-server 2023-02-23 09:57:20,610 [INFO] Got command from the client 'time'
ptd-server 2023-02-23 09:57:20,610 [INFO] Sending reply to client '1677146240.6107748'
ptd-server 2023-02-23 09:57:20,614 [INFO] Got command from the client 'session,2023-02-23_09-57-20,start,ranging'
ptd-server 2023-02-23 09:57:20,615 [INFO] Running PTDaemon: ['/media/arjun/T7_Touch/hp-envy/CM/repos/local/cache/9b3695ca8255492a/power/inference_v1.0/ptd-linux-x86', '-l', '/tmp/tmpti64566v/ptd_logfile.txt', '-p', '8888', '49', '/dev/usbtmc0']
ptd-server 2023-02-23 09:57:37,710 [INFO] Sending to ptd: 'Hello'
ptd-server 2023-02-23 09:57:37,711 [INFO] Reply from ptd: 'Hello, PTDaemon here!'
ptd-server 2023-02-23 09:57:37,711 [INFO] Sending to ptd: 'Identify'
ptd-server 2023-02-23 09:57:37,711 [INFO] Reply from ptd: 'YokogawaWT310E,1000,1,1,1,1,0,1,1,version=1.10.0-ed9a21d2-20220817,OS=Linux 5.15.0-56-generic #62-Ubuntu SMP Tue Nov 22 19:54:14 UTC 2022 x86_64,mode=power,1,1,1,0,0,no_cal_date,YOKOGAWA;WT310E;C3YD21068E;F1.04'
ptd-server 2023-02-23 09:57:37,712 [INFO] Connected to PTDaemon
ptd-server 2023-02-23 09:57:37,712 [INFO] Sending to ptd: 'RR'
ptd-server 2023-02-23 09:57:37,712 [INFO] Reply from ptd: 'Ranges,0,0.100000,0,600.000000'
ptd-server 2023-02-23 09:57:37,713 [INFO] Initial range for Amps is 0.100000 for Volts is 600.000000
ptd-server 2023-02-23 09:57:37,713 [INFO] Sending to ptd: 'SR,V,Auto'
ptd-server 2023-02-23 09:57:38,217 [INFO] Reply from ptd: 'Range V changed'
ptd-server 2023-02-23 09:57:38,217 [INFO] Sending to ptd: 'SR,A,Auto'
ptd-server 2023-02-23 09:57:38,721 [INFO] Reply from ptd: 'Range A changed'
ptd-server 2023-02-23 09:57:48,725 [INFO] Starting ranging mode
ptd-server 2023-02-23 09:57:48,725 [INFO] Sending to ptd: 'Go,1000,0,2023-02-23_09-57-20_ranging'
ptd-server 2023-02-23 09:57:48,726 [INFO] Reply from ptd: 'Starting untimed measurement, maximum 500000 samples at 1000ms with 0 rampup samples'
ptd-server 2023-02-23 09:57:48,727 [INFO] Sending reply to client 'OK'
ptd-server 2023-02-23 10:09:09,852 [INFO] Got command from the client 'session,2023-02-23_09-57-20,stop,ranging'
ptd-server 2023-02-23 10:09:19,856 [INFO] Sending to ptd: 'Stop'
ptd-server 2023-02-23 10:09:19,857 [INFO] Reply from ptd: 'Stopping untimed measurement'
ptd-server 2023-02-23 10:09:19,867 [INFO] Sending reply to client 'OK'
ptd-server 2023-02-23 10:09:19,930 [INFO] Got command from the client 'time'
ptd-server 2023-02-23 10:09:19,930 [INFO] Sending reply to client '1677146959.9308126'
ptd-server 2023-02-23 10:09:19,936 [INFO] Got command from the client 'session,2023-02-23_09-57-20,start,testing'
ptd-server 2023-02-23 10:09:19,936 [INFO] Sending to ptd: 'SR,V,248.060000'
ptd-server 2023-02-23 10:09:22,229 [INFO] Reply from ptd: 'Range V changed'
ptd-server 2023-02-23 10:09:22,229 [INFO] Sending to ptd: 'SR,A,0.263260'
ptd-server 2023-02-23 10:09:23,732 [INFO] Reply from ptd: 'Range A changed'
ptd-server 2023-02-23 10:09:33,743 [INFO] Starting testing mode
ptd-server 2023-02-23 10:09:33,743 [INFO] Sending to ptd: 'Go,1000,0,2023-02-23_09-57-20_testing'
ptd-server 2023-02-23 10:09:33,743 [INFO] Reply from ptd: 'Starting untimed measurement, maximum 500000 samples at 1000ms with 0 rampup samples'
ptd-server 2023-02-23 10:09:33,744 [INFO] Sending reply to client 'OK'
ptd-server 2023-02-23 10:20:48,222 [INFO] Got command from the client 'session,2023-02-23_09-57-20,stop,testing'
ptd-server 2023-02-23 10:20:58,233 [INFO] Sending to ptd: 'Stop'
ptd-server 2023-02-23 10:20:58,234 [INFO] Reply from ptd: 'Stopping untimed measurement'
ptd-server 2023-02-23 10:20:58,241 [INFO] Sending reply to client 'OK'
ptd-server 2023-02-23 10:20:58,257 [INFO] Got command from the client 'session,2023-02-23_09-57-20,done'
ptd-server 2023-02-23 10:20:58,257 [INFO] Sending to ptd: 'Stop'
ptd-server 2023-02-23 10:20:58,744 [INFO] Reply from ptd: 'Error: no measurement to stop'
ptd-server 2023-02-23 10:20:58,744 [INFO] Sending to ptd: 'SR,V,600.000000'
ptd-server 2023-02-23 10:21:00,248 [INFO] Reply from ptd: 'Range V changed'
ptd-server 2023-02-23 10:21:00,248 [INFO] Sending to ptd: 'SR,A,0.100000'
ptd-server 2023-02-23 10:21:01,752 [INFO] Reply from ptd: 'Range A changed'
ptd-server 2023-02-23 10:21:01,752 [INFO] Set initial values for Amps 0.100000 and Volts 600.000000
ptd-server 2023-02-23 10:21:01,752 [INFO] Stopping ptd...
