ptd-server 2023-02-27 19:41:57,847 [INFO] Got command from the client 'time'
ptd-server 2023-02-27 19:41:57,847 [INFO] Sending reply to client '1677526917.847353'
ptd-server 2023-02-27 19:41:57,849 [INFO] Got command from the client 'new,,38e8f1e2-c9d4-4beb-acaf-dc76b20959ba'
ptd-server 2023-02-27 19:41:57,850 [INFO] Sending reply to client 'OK 2023-02-27_19-41-57,57206d7c-c130-4cc4-8286-83c6bc76961e'
ptd-server 2023-02-27 19:41:57,873 [INFO] Got command from the client 'time'
ptd-server 2023-02-27 19:41:57,873 [INFO] Sending reply to client '1677526917.8737133'
ptd-server 2023-02-27 19:41:57,875 [INFO] Got command from the client 'session,2023-02-27_19-41-57,start,ranging'
ptd-server 2023-02-27 19:41:57,875 [INFO] Running PTDaemon: ['/home/anton/projects/mlperf/power/inference_v1.0/ptd-linux-x86', '-l', '/tmp/tmpu4v721n6/ptd_logfile.txt', '-p', '8888', '49', '/dev/usbtmc0']
ptd-server 2023-02-27 19:42:14,963 [INFO] Sending to ptd: 'Hello'
ptd-server 2023-02-27 19:42:14,964 [INFO] Reply from ptd: 'Hello, PTDaemon here!'
ptd-server 2023-02-27 19:42:14,964 [INFO] Sending to ptd: 'Identify'
ptd-server 2023-02-27 19:42:14,964 [INFO] Reply from ptd: 'YokogawaWT310E,1000,1,1,1,1,0,1,1,version=1.10.0-ed9a21d2-20220817,OS=Linux 5.15.0-60-generic #66~20.04.1-Ubuntu SMP Wed Jan 25 09:41:30 UTC 2023 x86_64,mode=power,1,1,1,0,0,no_cal_date,YOKOGAWA;WT310E;C3XA04010E;F1.04'
ptd-server 2023-02-27 19:42:14,964 [INFO] Connected to PTDaemon
ptd-server 2023-02-27 19:42:14,964 [INFO] Sending to ptd: 'RR'
ptd-server 2023-02-27 19:42:14,965 [INFO] Reply from ptd: 'Ranges,0,0.100000,0,300.000000'
ptd-server 2023-02-27 19:42:14,965 [INFO] Initial range for Amps is 0.100000 for Volts is 300.000000
ptd-server 2023-02-27 19:42:14,965 [INFO] Sending to ptd: 'SR,V,Auto'
ptd-server 2023-02-27 19:42:15,467 [INFO] Reply from ptd: 'Range V changed'
ptd-server 2023-02-27 19:42:15,467 [INFO] Sending to ptd: 'SR,A,Auto'
ptd-server 2023-02-27 19:42:15,970 [INFO] Reply from ptd: 'Range A changed'
ptd-server 2023-02-27 19:42:25,980 [INFO] Starting ranging mode
ptd-server 2023-02-27 19:42:25,980 [INFO] Sending to ptd: 'Go,1000,0,2023-02-27_19-41-57_ranging'
ptd-server 2023-02-27 19:42:25,981 [INFO] Reply from ptd: 'Starting untimed measurement, maximum 500000 samples at 1000ms with 0 rampup samples'
ptd-server 2023-02-27 19:42:25,981 [INFO] Sending reply to client 'OK'
ptd-server 2023-02-27 19:52:45,873 [INFO] Got command from the client 'session,2023-02-27_19-41-57,stop,ranging'
ptd-server 2023-02-27 19:52:55,884 [INFO] Sending to ptd: 'Stop'
ptd-server 2023-02-27 19:52:55,884 [INFO] Reply from ptd: 'Stopping untimed measurement'
ptd-server 2023-02-27 19:52:56,261 [INFO] Sending reply to client 'OK'
ptd-server 2023-02-27 19:52:56,315 [INFO] Got command from the client 'time'
ptd-server 2023-02-27 19:52:56,315 [INFO] Sending reply to client '1677527576.3154025'
ptd-server 2023-02-27 19:52:56,318 [INFO] Got command from the client 'session,2023-02-27_19-41-57,start,testing'
ptd-server 2023-02-27 19:52:56,318 [INFO] Sending to ptd: 'SR,V,250.780000'
ptd-server 2023-02-27 19:52:57,819 [INFO] Reply from ptd: 'Range V changed'
ptd-server 2023-02-27 19:52:57,820 [INFO] Sending to ptd: 'SR,A,0.052720'
ptd-server 2023-02-27 19:52:59,321 [INFO] Reply from ptd: 'Range A changed'
ptd-server 2023-02-27 19:53:09,331 [INFO] Starting testing mode
ptd-server 2023-02-27 19:53:09,332 [INFO] Sending to ptd: 'Go,1000,0,2023-02-27_19-41-57_testing'
ptd-server 2023-02-27 19:53:09,332 [INFO] Reply from ptd: 'Starting untimed measurement, maximum 500000 samples at 1000ms with 0 rampup samples'
ptd-server 2023-02-27 19:53:09,332 [INFO] Sending reply to client 'OK'
ptd-server 2023-02-27 20:03:26,876 [INFO] Got command from the client 'session,2023-02-27_19-41-57,stop,testing'
ptd-server 2023-02-27 20:03:36,887 [INFO] Sending to ptd: 'Stop'
ptd-server 2023-02-27 20:03:36,887 [INFO] Reply from ptd: 'Stopping untimed measurement'
ptd-server 2023-02-27 20:03:37,075 [INFO] Sending reply to client 'OK'
ptd-server 2023-02-27 20:03:37,094 [INFO] Got command from the client 'session,2023-02-27_19-41-57,done'
ptd-server 2023-02-27 20:03:37,094 [INFO] Sending to ptd: 'Stop'
ptd-server 2023-02-27 20:03:37,332 [INFO] Reply from ptd: 'Error: no measurement to stop'
ptd-server 2023-02-27 20:03:37,332 [INFO] Sending to ptd: 'SR,V,300.000000'
ptd-server 2023-02-27 20:03:38,834 [INFO] Reply from ptd: 'Range V changed'
ptd-server 2023-02-27 20:03:38,834 [INFO] Sending to ptd: 'SR,A,0.100000'
ptd-server 2023-02-27 20:03:40,335 [INFO] Reply from ptd: 'Range A changed'
ptd-server 2023-02-27 20:03:40,335 [INFO] Set initial values for Amps 0.100000 and Volts 300.000000
ptd-server 2023-02-27 20:03:40,335 [INFO] Stopping ptd...
