ptd-server 2023-02-20 14:22:04,519 [INFO] Got command from the client 'time'
ptd-server 2023-02-20 14:22:04,519 [INFO] Sending reply to client '1676924524.5199199'
ptd-server 2023-02-20 14:22:04,521 [INFO] Got command from the client 'new,,1a03ceb7-1c33-4f2d-a104-50d05b79798b'
ptd-server 2023-02-20 14:22:04,521 [INFO] Sending reply to client 'OK 2023-02-20_14-22-04,30fdc5cb-926a-4a2a-b887-481743466757'
ptd-server 2023-02-20 14:22:04,602 [INFO] Got command from the client 'time'
ptd-server 2023-02-20 14:22:04,602 [INFO] Sending reply to client '1676924524.602201'
ptd-server 2023-02-20 14:22:04,602 [INFO] Got command from the client 'session,2023-02-20_14-22-04,start,ranging'
ptd-server 2023-02-20 14:22:04,603 [INFO] Running PTDaemon: ['/local/mnt/workspace/mlcommons/power-main/inference_v1.0/ptd-linux-x86', '-l', '/tmp/tmpqybqiqrs/ptd_logfile.txt', '-p', '8888', '-c', '1,2', '77', '/dev/usbtmc0']
ptd-server 2023-02-20 14:22:23,133 [INFO] Sending to ptd: 'Hello'
ptd-server 2023-02-20 14:22:23,134 [INFO] Reply from ptd: 'Hello, PTDaemon here!'
ptd-server 2023-02-20 14:22:23,134 [INFO] Sending to ptd: 'Identify'
ptd-server 2023-02-20 14:22:23,135 [INFO] Reply from ptd: 'YokogawaWT330_multichannel,1000,1,1,1,1,0,0,1,version=1.10.0-ed9a21d2-20220817,OS=Linux 5.4.0-120-generic #136~18.04.1-Ubuntu SMP Fri Jun 10 18:00:44 UTC 2022 x86_64,mode=power,1,1,2,0,0,no_cal_date,YOKOGAWA;WT333E;C2XC17004V;F1.04'
ptd-server 2023-02-20 14:22:23,135 [INFO] Connected to PTDaemon
ptd-server 2023-02-20 14:22:23,135 [INFO] Sending to ptd: 'RR'
ptd-server 2023-02-20 14:22:23,136 [INFO] Reply from ptd: 'Ranges,1,5.000000,1,300.000000'
ptd-server 2023-02-20 14:22:23,136 [INFO] Initial range for Amps is Auto for Volts is Auto
ptd-server 2023-02-20 14:22:23,136 [INFO] Sending to ptd: 'SR,V,Auto'
ptd-server 2023-02-20 14:22:28,190 [INFO] Reply from ptd: 'Range V changed'
ptd-server 2023-02-20 14:22:28,190 [INFO] Sending to ptd: 'SR,A,Auto'
ptd-server 2023-02-20 14:22:33,243 [INFO] Reply from ptd: 'Range A changed'
ptd-server 2023-02-20 14:22:43,254 [INFO] Starting ranging mode
ptd-server 2023-02-20 14:22:43,254 [INFO] Sending to ptd: 'Go,1000,0,2023-02-20_14-22-04_ranging'
ptd-server 2023-02-20 14:22:43,255 [INFO] Reply from ptd: 'Starting untimed measurement, maximum 500000 samples at 1000ms with 0 rampup samples'
ptd-server 2023-02-20 14:22:43,255 [INFO] Sending reply to client 'OK'
ptd-server 2023-02-20 14:37:46,650 [INFO] Got command from the client 'session,2023-02-20_14-22-04,stop,ranging'
ptd-server 2023-02-20 14:37:56,651 [INFO] Sending to ptd: 'Stop'
ptd-server 2023-02-20 14:37:56,652 [INFO] Reply from ptd: 'Stopping untimed measurement'
ptd-server 2023-02-20 14:37:56,682 [INFO] Sending reply to client 'OK'
ptd-server 2023-02-20 14:37:56,790 [INFO] Got command from the client 'time'
ptd-server 2023-02-20 14:37:56,791 [INFO] Sending reply to client '1676925476.7912288'
ptd-server 2023-02-20 14:37:56,792 [INFO] Got command from the client 'session,2023-02-20_14-22-04,start,testing'
ptd-server 2023-02-20 14:37:56,792 [INFO] Sending to ptd: 'SR,V,211.040000'
ptd-server 2023-02-20 14:38:03,307 [INFO] Reply from ptd: 'Range V changed'
ptd-server 2023-02-20 14:38:03,307 [INFO] Sending to ptd: 'SR,A,4.194700'
ptd-server 2023-02-20 14:38:08,860 [INFO] Reply from ptd: 'Range A changed'
ptd-server 2023-02-20 14:38:18,870 [INFO] Starting testing mode
ptd-server 2023-02-20 14:38:18,871 [INFO] Sending to ptd: 'Go,1000,0,2023-02-20_14-22-04_testing'
ptd-server 2023-02-20 14:38:18,871 [INFO] Reply from ptd: 'Starting untimed measurement, maximum 500000 samples at 1000ms with 0 rampup samples'
ptd-server 2023-02-20 14:38:18,872 [INFO] Sending reply to client 'OK'
ptd-server 2023-02-20 14:53:19,631 [INFO] Got command from the client 'session,2023-02-20_14-22-04,stop,testing'
ptd-server 2023-02-20 14:53:29,642 [INFO] Sending to ptd: 'Stop'
ptd-server 2023-02-20 14:53:29,643 [INFO] Reply from ptd: 'Stopping untimed measurement'
ptd-server 2023-02-20 14:53:29,653 [INFO] Sending reply to client 'OK'
ptd-server 2023-02-20 14:53:29,658 [INFO] Got command from the client 'session,2023-02-20_14-22-04,done'
ptd-server 2023-02-20 14:53:29,658 [INFO] Sending to ptd: 'Stop'
ptd-server 2023-02-20 14:53:29,872 [INFO] Reply from ptd: 'Error: no measurement to stop'
ptd-server 2023-02-20 14:53:29,872 [INFO] Sending to ptd: 'SR,V,Auto'
ptd-server 2023-02-20 14:53:34,926 [INFO] Reply from ptd: 'Range V changed'
ptd-server 2023-02-20 14:53:34,926 [INFO] Sending to ptd: 'SR,A,Auto'
ptd-server 2023-02-20 14:53:39,980 [INFO] Reply from ptd: 'Range A changed'
ptd-server 2023-02-20 14:53:39,980 [INFO] Set initial values for Amps Auto and Volts Auto
ptd-server 2023-02-20 14:53:39,980 [INFO] Stopping ptd...
