client 2023-02-24 08:49:59,384 [INFO] Creating output directory '/home/arjun/mobilenet_results/valid_results/arjun_orin-tflite_cpp-cpu-tflite-vmaster-default_config/mobilenet-v2-precision_float-0.5-224/singlestream/performance/tmp_power'
client 2023-02-24 08:49:59,593 [INFO] Sending command to the server: 'mlcommons/power client v3'
client 2023-02-24 08:49:59,598 [INFO] Got response: 'mlcommons/power server v3'
client 2023-02-24 08:49:59,599 [INFO] Synchronizing with the server and with time.google.com...
client 2023-02-24 08:49:59,695 [INFO] NTP:offset = -0.025 s, delay = 0.067 s 
client 2023-02-24 08:49:59,695 [INFO] Sending command to the server: 'time'
client 2023-02-24 08:49:59,698 [INFO] Got response: '1677228599.6998096'
client 2023-02-24 08:49:59,698 [INFO] The time difference between the client and the server is within range -4.443 ms..-0.970 ms
client 2023-02-24 08:49:59,699 [INFO] Sending command to the server: 'new,,26176981-3030-463c-98a1-2f004653b42f'
client 2023-02-24 08:49:59,703 [INFO] Got response: 'OK 2023-02-24_08-49-59,f086c6f0-218a-4589-bd83-4f6099c647d5'
client 2023-02-24 08:49:59,703 [INFO] Session id is '2023-02-24_08-49-59'
client 2023-02-24 08:49:59,704 [INFO] Sources: {"sources": {"__init__.py": "da39a3ee5e6b4b0d3255bfef95601890afd80709", "client.py": "33ca4f26368777ac06e01f9567b714a4b8063886", "lib/__init__.py": "da39a3ee5e6b4b0d3255bfef95601890afd80709", "lib/client.py": "4c2b78fb4849a7e5b584ef792d82aaed20b17f57", "lib/common.py": "624d0c0acc7c39aaff3674f0b99d6a09da53d1dc", "lib/external/__init__.py": "da39a3ee5e6b4b0d3255bfef95601890afd80709", "lib/external/ntplib.py": "4da8f970656505a40483206ef2b5d3dd5e81711d", "lib/server.py": "cda0cdfaee9bfa1249c64a7dd4f89b7bf1b279f0", "lib/source_hashes.py": "60a2e02193209e8d392803326208d5466342da18", "lib/summary.py": "aa92f0a3f975eecd44d3c0cd0236342ccc9f941d", "lib/time_sync.py": "3210db56eb0ff0df57bf4293dc4d4b03fffd46f1", "server.py": "c3f90f2f7eeb4db30727556d0c815ebc89b3d28b", "tests/unit/__init__.py": "da39a3ee5e6b4b0d3255bfef95601890afd80709", "tests/unit/test_server.py": "99ae15aef722f2000ee6ed1ae1523637bf1ae42b", "tests/unit/test_source_hashes.py": "00468a2907583c593e6574a1f6b404e4651c221a"}, "modules": {"ptd_client_server.lib.client": "lib/client.py", "ptd_client_server.lib.common": "lib/common.py", "ptd_client_server.lib.external.ntplib": "lib/external/ntplib.py", "ptd_client_server.lib.source_hashes": "lib/source_hashes.py", "ptd_client_server.lib.summary": "lib/summary.py", "ptd_client_server.lib.time_sync": "lib/time_sync.py"}}
client 2023-02-24 08:49:59,704 [INFO] Running workload in ranging mode
client 2023-02-24 08:49:59,705 [INFO] Synchronizing with the server and with time.google.com...
client 2023-02-24 08:49:59,722 [INFO] NTP:offset = 0.000 s, delay = 0.015 s 
client 2023-02-24 08:49:59,722 [INFO] Sending command to the server: 'time'
client 2023-02-24 08:49:59,726 [INFO] Got response: '1677228599.7271612'
client 2023-02-24 08:49:59,726 [INFO] The time difference between the client and the server is within range -4.207 ms..-0.326 ms
client 2023-02-24 08:49:59,727 [INFO] Sending command to the server: 'session,2023-02-24_08-49-59,start,ranging'
client 2023-02-24 08:50:27,854 [INFO] Got response: 'OK'
client 2023-02-24 08:50:27,855 [INFO] Running the workload '/home/arjun/run.out'
client 2023-02-24 09:01:27,779 [INFO] Sending command to the server: 'session,2023-02-24_08-49-59,stop,ranging'
client 2023-02-24 09:01:37,882 [INFO] Got response: 'OK'
client 2023-02-24 09:01:37,899 [INFO] Copying loadgen logs from '/home/arjun/mobilenet_results/valid_results/arjun_orin-tflite_cpp-cpu-tflite-vmaster-default_config/mobilenet-v2-precision_float-0.5-224/singlestream/performance/run_1' to '/home/arjun/mobilenet_results/valid_results/arjun_orin-tflite_cpp-cpu-tflite-vmaster-default_config/mobilenet-v2-precision_float-0.5-224/singlestream/performance/tmp_power/ranging'
client 2023-02-24 09:01:37,900 [INFO] Running workload in testing mode
client 2023-02-24 09:01:37,901 [INFO] Synchronizing with the server and with time.google.com...
client 2023-02-24 09:01:37,917 [INFO] NTP:offset = -0.001 s, delay = 0.014 s 
client 2023-02-24 09:01:37,917 [INFO] Sending command to the server: 'time'
client 2023-02-24 09:01:37,921 [INFO] Got response: '1677229297.9206612'
client 2023-02-24 09:01:37,921 [INFO] The time difference between the client and the server is within range -3.102 ms..1.093 ms
client 2023-02-24 09:01:37,921 [INFO] Sending command to the server: 'session,2023-02-24_08-49-59,start,testing'
client 2023-02-24 09:01:50,944 [INFO] Got response: 'OK'
client 2023-02-24 09:01:50,945 [INFO] Running the workload '/home/arjun/run.out'
client 2023-02-24 09:12:52,520 [INFO] Sending command to the server: 'session,2023-02-24_08-49-59,stop,testing'
client 2023-02-24 09:13:02,790 [INFO] Got response: 'OK'
client 2023-02-24 09:13:02,795 [INFO] Copying loadgen logs from '/home/arjun/mobilenet_results/valid_results/arjun_orin-tflite_cpp-cpu-tflite-vmaster-default_config/mobilenet-v2-precision_float-0.5-224/singlestream/performance/run_1' to '/home/arjun/mobilenet_results/valid_results/arjun_orin-tflite_cpp-cpu-tflite-vmaster-default_config/mobilenet-v2-precision_float-0.5-224/singlestream/performance/tmp_power/run_1'
client 2023-02-24 09:13:02,797 [INFO] Done runs
