ptd-server 2023-02-24 08:49:59,699 [INFO] Got command from the client 'time'
ptd-server 2023-02-24 08:49:59,699 [INFO] Sending reply to client '1677228599.6998096'
ptd-server 2023-02-24 08:49:59,703 [INFO] Got command from the client 'new,,26176981-3030-463c-98a1-2f004653b42f'
ptd-server 2023-02-24 08:49:59,704 [INFO] Sending reply to client 'OK 2023-02-24_08-49-59,f086c6f0-218a-4589-bd83-4f6099c647d5'
ptd-server 2023-02-24 08:49:59,726 [INFO] Got command from the client 'time'
ptd-server 2023-02-24 08:49:59,727 [INFO] Sending reply to client '1677228599.7271612'
ptd-server 2023-02-24 08:49:59,731 [INFO] Got command from the client 'session,2023-02-24_08-49-59,start,ranging'
ptd-server 2023-02-24 08:49:59,732 [INFO] Running PTDaemon: ['/media/arjun/T7_Touch/hp-envy/CM/repos/local/cache/9b3695ca8255492a/power/inference_v1.0/ptd-linux-x86', '-l', '/tmp/tmpti64566v/ptd_logfile.txt', '-p', '8888', '49', '/dev/usbtmc0']
ptd-server 2023-02-24 08:50:16,829 [INFO] Sending to ptd: 'Hello'
ptd-server 2023-02-24 08:50:16,830 [INFO] Reply from ptd: 'Hello, PTDaemon here!'
ptd-server 2023-02-24 08:50:16,830 [INFO] Sending to ptd: 'Identify'
ptd-server 2023-02-24 08:50:16,831 [INFO] Reply from ptd: 'YokogawaWT310E,1000,1,1,1,1,0,1,1,version=1.10.0-ed9a21d2-20220817,OS=Linux 5.15.0-56-generic #62-Ubuntu SMP Tue Nov 22 19:54:14 UTC 2022 x86_64,mode=power,1,1,1,0,0,no_cal_date,YOKOGAWA;WT310E;C3YD21068E;F1.04'
ptd-server 2023-02-24 08:50:16,831 [INFO] Connected to PTDaemon
ptd-server 2023-02-24 08:50:16,831 [INFO] Sending to ptd: 'RR'
ptd-server 2023-02-24 08:50:16,832 [INFO] Reply from ptd: 'Ranges,0,0.100000,0,600.000000'
ptd-server 2023-02-24 08:50:16,832 [INFO] Initial range for Amps is 0.100000 for Volts is 600.000000
ptd-server 2023-02-24 08:50:16,833 [INFO] Sending to ptd: 'SR,V,Auto'
ptd-server 2023-02-24 08:50:17,337 [INFO] Reply from ptd: 'Range V changed'
ptd-server 2023-02-24 08:50:17,337 [INFO] Sending to ptd: 'SR,A,Auto'
ptd-server 2023-02-24 08:50:17,841 [INFO] Reply from ptd: 'Range A changed'
ptd-server 2023-02-24 08:50:27,852 [INFO] Starting ranging mode
ptd-server 2023-02-24 08:50:27,852 [INFO] Sending to ptd: 'Go,1000,0,2023-02-24_08-49-59_ranging'
ptd-server 2023-02-24 08:50:27,853 [INFO] Reply from ptd: 'Starting untimed measurement, maximum 500000 samples at 1000ms with 0 rampup samples'
ptd-server 2023-02-24 08:50:27,854 [INFO] Sending reply to client 'OK'
ptd-server 2023-02-24 09:01:27,782 [INFO] Got command from the client 'session,2023-02-24_08-49-59,stop,ranging'
ptd-server 2023-02-24 09:01:37,793 [INFO] Sending to ptd: 'Stop'
ptd-server 2023-02-24 09:01:37,794 [INFO] Reply from ptd: 'Stopping untimed measurement'
ptd-server 2023-02-24 09:01:37,883 [INFO] Sending reply to client 'OK'
ptd-server 2023-02-24 09:01:37,920 [INFO] Got command from the client 'time'
ptd-server 2023-02-24 09:01:37,920 [INFO] Sending reply to client '1677229297.9206612'
ptd-server 2023-02-24 09:01:37,925 [INFO] Got command from the client 'session,2023-02-24_08-49-59,start,testing'
ptd-server 2023-02-24 09:01:37,925 [INFO] Sending to ptd: 'SR,V,249.220000'
ptd-server 2023-02-24 09:01:39,427 [INFO] Reply from ptd: 'Range V changed'
ptd-server 2023-02-24 09:01:39,428 [INFO] Sending to ptd: 'SR,A,0.169620'
ptd-server 2023-02-24 09:01:40,930 [INFO] Reply from ptd: 'Range A changed'
ptd-server 2023-02-24 09:01:50,941 [INFO] Starting testing mode
ptd-server 2023-02-24 09:01:50,942 [INFO] Sending to ptd: 'Go,1000,0,2023-02-24_08-49-59_testing'
ptd-server 2023-02-24 09:01:50,943 [INFO] Reply from ptd: 'Starting untimed measurement, maximum 500000 samples at 1000ms with 0 rampup samples'
ptd-server 2023-02-24 09:01:50,943 [INFO] Sending reply to client 'OK'
ptd-server 2023-02-24 09:12:52,734 [INFO] Got command from the client 'session,2023-02-24_08-49-59,stop,testing'
ptd-server 2023-02-24 09:13:02,741 [INFO] Sending to ptd: 'Stop'
ptd-server 2023-02-24 09:13:02,742 [INFO] Reply from ptd: 'Stopping untimed measurement'
ptd-server 2023-02-24 09:13:02,787 [INFO] Sending reply to client 'OK'
ptd-server 2023-02-24 09:13:02,803 [INFO] Got command from the client 'session,2023-02-24_08-49-59,done'
ptd-server 2023-02-24 09:13:02,804 [INFO] Sending to ptd: 'Stop'
ptd-server 2023-02-24 09:13:02,944 [INFO] Reply from ptd: 'Error: no measurement to stop'
ptd-server 2023-02-24 09:13:02,944 [INFO] Sending to ptd: 'SR,V,600.000000'
ptd-server 2023-02-24 09:13:04,447 [INFO] Reply from ptd: 'Range V changed'
ptd-server 2023-02-24 09:13:04,447 [INFO] Sending to ptd: 'SR,A,0.100000'
ptd-server 2023-02-24 09:13:05,950 [INFO] Reply from ptd: 'Range A changed'
ptd-server 2023-02-24 09:13:05,950 [INFO] Set initial values for Amps 0.100000 and Volts 600.000000
ptd-server 2023-02-24 09:13:05,951 [INFO] Stopping ptd...
