ptd-server 2023-02-27 12:02:09,830 [INFO] Got command from the client 'time'
ptd-server 2023-02-27 12:02:09,830 [INFO] Sending reply to client '1677499329.8305075'
ptd-server 2023-02-27 12:02:09,834 [INFO] Got command from the client 'new,,6c41507c-ed13-4455-961e-87cd953ea9b8'
ptd-server 2023-02-27 12:02:09,835 [INFO] Sending reply to client 'OK 2023-02-27_12-02-09,d702b6d0-eb2b-4d1c-b0d3-18b69ac5ab82'
ptd-server 2023-02-27 12:02:09,862 [INFO] Got command from the client 'time'
ptd-server 2023-02-27 12:02:09,862 [INFO] Sending reply to client '1677499329.8626623'
ptd-server 2023-02-27 12:02:09,866 [INFO] Got command from the client 'session,2023-02-27_12-02-09,start,ranging'
ptd-server 2023-02-27 12:02:09,867 [INFO] Running PTDaemon: ['/media/arjun/T7_Touch/hp-envy/CM/repos/local/cache/9b3695ca8255492a/power/inference_v1.0/ptd-linux-x86', '-l', '/tmp/tmpti64566v/ptd_logfile.txt', '-p', '8888', '49', '/dev/usbtmc0']
ptd-server 2023-02-27 12:02:26,969 [INFO] Sending to ptd: 'Hello'
ptd-server 2023-02-27 12:02:26,970 [INFO] Reply from ptd: 'Hello, PTDaemon here!'
ptd-server 2023-02-27 12:02:26,970 [INFO] Sending to ptd: 'Identify'
ptd-server 2023-02-27 12:02:26,971 [INFO] Reply from ptd: 'YokogawaWT310E,1000,1,1,1,1,0,1,1,version=1.10.0-ed9a21d2-20220817,OS=Linux 5.15.0-56-generic #62-Ubuntu SMP Tue Nov 22 19:54:14 UTC 2022 x86_64,mode=power,1,1,1,0,0,no_cal_date,YOKOGAWA;WT310E;C3YD21068E;F1.04'
ptd-server 2023-02-27 12:02:26,971 [INFO] Connected to PTDaemon
ptd-server 2023-02-27 12:02:26,971 [INFO] Sending to ptd: 'RR'
ptd-server 2023-02-27 12:02:26,972 [INFO] Reply from ptd: 'Ranges,0,0.100000,0,600.000000'
ptd-server 2023-02-27 12:02:26,972 [INFO] Initial range for Amps is 0.100000 for Volts is 600.000000
ptd-server 2023-02-27 12:02:26,973 [INFO] Sending to ptd: 'SR,V,Auto'
ptd-server 2023-02-27 12:02:27,477 [INFO] Reply from ptd: 'Range V changed'
ptd-server 2023-02-27 12:02:27,478 [INFO] Sending to ptd: 'SR,A,Auto'
ptd-server 2023-02-27 12:02:27,981 [INFO] Reply from ptd: 'Range A changed'
ptd-server 2023-02-27 12:02:37,993 [INFO] Starting ranging mode
ptd-server 2023-02-27 12:02:37,993 [INFO] Sending to ptd: 'Go,1000,0,2023-02-27_12-02-09_ranging'
ptd-server 2023-02-27 12:02:37,994 [INFO] Reply from ptd: 'Starting untimed measurement, maximum 500000 samples at 1000ms with 0 rampup samples'
ptd-server 2023-02-27 12:02:37,995 [INFO] Sending reply to client 'OK'
ptd-server 2023-02-27 12:16:06,019 [INFO] Got command from the client 'session,2023-02-27_12-02-09,stop,ranging'
ptd-server 2023-02-27 12:16:16,030 [INFO] Sending to ptd: 'Stop'
ptd-server 2023-02-27 12:16:16,031 [INFO] Reply from ptd: 'Stopping untimed measurement'
ptd-server 2023-02-27 12:16:16,280 [INFO] Sending reply to client 'OK'
ptd-server 2023-02-27 12:16:16,333 [INFO] Got command from the client 'time'
ptd-server 2023-02-27 12:16:16,333 [INFO] Sending reply to client '1677500176.333445'
ptd-server 2023-02-27 12:16:16,335 [INFO] Got command from the client 'session,2023-02-27_12-02-09,start,testing'
ptd-server 2023-02-27 12:16:16,335 [INFO] Sending to ptd: 'SR,V,245.860000'
ptd-server 2023-02-27 12:16:18,498 [INFO] Reply from ptd: 'Range V changed'
ptd-server 2023-02-27 12:16:18,499 [INFO] Sending to ptd: 'SR,A,0.213230'
ptd-server 2023-02-27 12:16:20,002 [INFO] Reply from ptd: 'Range A changed'
ptd-server 2023-02-27 12:16:30,013 [INFO] Starting testing mode
ptd-server 2023-02-27 12:16:30,013 [INFO] Sending to ptd: 'Go,1000,0,2023-02-27_12-02-09_testing'
ptd-server 2023-02-27 12:16:30,014 [INFO] Reply from ptd: 'Starting untimed measurement, maximum 500000 samples at 1000ms with 0 rampup samples'
ptd-server 2023-02-27 12:16:30,015 [INFO] Sending reply to client 'OK'
ptd-server 2023-02-27 12:29:53,599 [INFO] Got command from the client 'session,2023-02-27_12-02-09,stop,testing'
ptd-server 2023-02-27 12:30:03,610 [INFO] Sending to ptd: 'Stop'
ptd-server 2023-02-27 12:30:03,611 [INFO] Reply from ptd: 'Stopping untimed measurement'
ptd-server 2023-02-27 12:30:03,738 [INFO] Sending reply to client 'OK'
ptd-server 2023-02-27 12:30:03,754 [INFO] Got command from the client 'session,2023-02-27_12-02-09,done'
ptd-server 2023-02-27 12:30:03,754 [INFO] Sending to ptd: 'Stop'
ptd-server 2023-02-27 12:30:04,016 [INFO] Reply from ptd: 'Error: no measurement to stop'
ptd-server 2023-02-27 12:30:04,016 [INFO] Sending to ptd: 'SR,V,600.000000'
ptd-server 2023-02-27 12:30:05,519 [INFO] Reply from ptd: 'Range V changed'
ptd-server 2023-02-27 12:30:05,520 [INFO] Sending to ptd: 'SR,A,0.100000'
ptd-server 2023-02-27 12:30:07,023 [INFO] Reply from ptd: 'Range A changed'
ptd-server 2023-02-27 12:30:07,023 [INFO] Set initial values for Amps 0.100000 and Volts 600.000000
ptd-server 2023-02-27 12:30:07,023 [INFO] Stopping ptd...
