client 2023-02-23 18:12:23,786 [INFO] Creating output directory '/home/arjun/mobilenet_results/valid_results/arjun_orin-tflite_cpp-cpu-tflite-vmaster-default_config/mobilenet-v1-precision_uint8-0.5-192/singlestream/performance/tmp_power'
client 2023-02-23 18:12:24,004 [INFO] Sending command to the server: 'mlcommons/power client v3'
client 2023-02-23 18:12:24,008 [INFO] Got response: 'mlcommons/power server v3'
client 2023-02-23 18:12:24,008 [INFO] Synchronizing with the server and with time.google.com...
client 2023-02-23 18:12:24,076 [INFO] NTP:offset = -0.003 s, delay = 0.022 s 
client 2023-02-23 18:12:24,076 [INFO] Sending command to the server: 'time'
client 2023-02-23 18:12:24,081 [INFO] Got response: '1677175944.0786984'
client 2023-02-23 18:12:24,081 [INFO] The time difference between the client and the server is within range -2.123 ms..2.877 ms
client 2023-02-23 18:12:24,081 [INFO] Sending command to the server: 'new,,cb68f632-9f96-48b9-9e9c-1305e896aff8'
client 2023-02-23 18:12:24,087 [INFO] Got response: 'OK 2023-02-23_18-12-24,9a273b98-993d-4081-a764-48085d45e3d5'
client 2023-02-23 18:12:24,087 [INFO] Session id is '2023-02-23_18-12-24'
client 2023-02-23 18:12:24,088 [INFO] Sources: {"sources": {"__init__.py": "da39a3ee5e6b4b0d3255bfef95601890afd80709", "client.py": "33ca4f26368777ac06e01f9567b714a4b8063886", "lib/__init__.py": "da39a3ee5e6b4b0d3255bfef95601890afd80709", "lib/client.py": "4c2b78fb4849a7e5b584ef792d82aaed20b17f57", "lib/common.py": "624d0c0acc7c39aaff3674f0b99d6a09da53d1dc", "lib/external/__init__.py": "da39a3ee5e6b4b0d3255bfef95601890afd80709", "lib/external/ntplib.py": "4da8f970656505a40483206ef2b5d3dd5e81711d", "lib/server.py": "cda0cdfaee9bfa1249c64a7dd4f89b7bf1b279f0", "lib/source_hashes.py": "60a2e02193209e8d392803326208d5466342da18", "lib/summary.py": "aa92f0a3f975eecd44d3c0cd0236342ccc9f941d", "lib/time_sync.py": "3210db56eb0ff0df57bf4293dc4d4b03fffd46f1", "server.py": "c3f90f2f7eeb4db30727556d0c815ebc89b3d28b", "tests/unit/__init__.py": "da39a3ee5e6b4b0d3255bfef95601890afd80709", "tests/unit/test_server.py": "99ae15aef722f2000ee6ed1ae1523637bf1ae42b", "tests/unit/test_source_hashes.py": "00468a2907583c593e6574a1f6b404e4651c221a"}, "modules": {"ptd_client_server.lib.client": "lib/client.py", "ptd_client_server.lib.common": "lib/common.py", "ptd_client_server.lib.external.ntplib": "lib/external/ntplib.py", "ptd_client_server.lib.source_hashes": "lib/source_hashes.py", "ptd_client_server.lib.summary": "lib/summary.py", "ptd_client_server.lib.time_sync": "lib/time_sync.py"}}
client 2023-02-23 18:12:24,088 [INFO] Running workload in ranging mode
client 2023-02-23 18:12:24,089 [INFO] Synchronizing with the server and with time.google.com...
client 2023-02-23 18:12:24,109 [INFO] NTP:offset = -0.003 s, delay = 0.018 s 
client 2023-02-23 18:12:24,109 [INFO] Sending command to the server: 'time'
client 2023-02-23 18:12:24,113 [INFO] Got response: '1677175944.110918'
client 2023-02-23 18:12:24,114 [INFO] The time difference between the client and the server is within range -1.023 ms..3.073 ms
client 2023-02-23 18:12:24,114 [INFO] Sending command to the server: 'session,2023-02-23_18-12-24,start,ranging'
client 2023-02-23 18:12:52,234 [INFO] Got response: 'OK'
client 2023-02-23 18:12:52,235 [INFO] Running the workload '/home/arjun/run.out'
client 2023-02-23 18:24:23,526 [INFO] Sending command to the server: 'session,2023-02-23_18-12-24,stop,ranging'
client 2023-02-23 18:24:33,592 [INFO] Got response: 'OK'
client 2023-02-23 18:24:33,628 [INFO] Copying loadgen logs from '/home/arjun/mobilenet_results/valid_results/arjun_orin-tflite_cpp-cpu-tflite-vmaster-default_config/mobilenet-v1-precision_uint8-0.5-192/singlestream/performance/run_1' to '/home/arjun/mobilenet_results/valid_results/arjun_orin-tflite_cpp-cpu-tflite-vmaster-default_config/mobilenet-v1-precision_uint8-0.5-192/singlestream/performance/tmp_power/ranging'
client 2023-02-23 18:24:33,630 [INFO] Running workload in testing mode
client 2023-02-23 18:24:33,630 [INFO] Synchronizing with the server and with time.google.com...
client 2023-02-23 18:24:33,663 [INFO] NTP:offset = -0.005 s, delay = 0.027 s 
client 2023-02-23 18:24:33,663 [INFO] Sending command to the server: 'time'
client 2023-02-23 18:24:33,666 [INFO] Got response: '1677176673.6648517'
client 2023-02-23 18:24:33,666 [INFO] The time difference between the client and the server is within range -1.566 ms..1.787 ms
client 2023-02-23 18:24:33,666 [INFO] Sending command to the server: 'session,2023-02-23_18-12-24,start,testing'
client 2023-02-23 18:24:47,253 [INFO] Got response: 'OK'
client 2023-02-23 18:24:47,254 [INFO] Running the workload '/home/arjun/run.out'
client 2023-02-23 18:36:11,507 [INFO] Sending command to the server: 'session,2023-02-23_18-12-24,stop,testing'
client 2023-02-23 18:36:21,798 [INFO] Got response: 'OK'
client 2023-02-23 18:36:21,802 [INFO] Copying loadgen logs from '/home/arjun/mobilenet_results/valid_results/arjun_orin-tflite_cpp-cpu-tflite-vmaster-default_config/mobilenet-v1-precision_uint8-0.5-192/singlestream/performance/run_1' to '/home/arjun/mobilenet_results/valid_results/arjun_orin-tflite_cpp-cpu-tflite-vmaster-default_config/mobilenet-v1-precision_uint8-0.5-192/singlestream/performance/tmp_power/run_1'
client 2023-02-23 18:36:21,805 [INFO] Done runs
