ptd-server 2023-02-28 18:25:51,606 [INFO] Got command from the client 'time'
ptd-server 2023-02-28 18:25:51,606 [INFO] Sending reply to client '1677608751.6069243'
ptd-server 2023-02-28 18:25:51,608 [INFO] Got command from the client 'new,,f45fb1e4-847b-4c9a-bb05-b1182787c32d'
ptd-server 2023-02-28 18:25:51,609 [INFO] Sending reply to client 'OK 2023-02-28_18-25-51,74f9ce84-91e4-4b41-82b0-0c7a83705c23'
ptd-server 2023-02-28 18:25:51,631 [INFO] Got command from the client 'time'
ptd-server 2023-02-28 18:25:51,631 [INFO] Sending reply to client '1677608751.6318657'
ptd-server 2023-02-28 18:25:51,633 [INFO] Got command from the client 'session,2023-02-28_18-25-51,start,ranging'
ptd-server 2023-02-28 18:25:51,633 [INFO] Running PTDaemon: ['/home/anton/projects/mlperf/power/inference_v1.0/ptd-linux-x86', '-l', '/tmp/tmpu4v721n6/ptd_logfile.txt', '-p', '8888', '49', '/dev/usbtmc0']
ptd-server 2023-02-28 18:26:08,719 [INFO] Sending to ptd: 'Hello'
ptd-server 2023-02-28 18:26:08,720 [INFO] Reply from ptd: 'Hello, PTDaemon here!'
ptd-server 2023-02-28 18:26:08,720 [INFO] Sending to ptd: 'Identify'
ptd-server 2023-02-28 18:26:08,720 [INFO] Reply from ptd: 'YokogawaWT310E,1000,1,1,1,1,0,1,1,version=1.10.0-ed9a21d2-20220817,OS=Linux 5.15.0-60-generic #66~20.04.1-Ubuntu SMP Wed Jan 25 09:41:30 UTC 2023 x86_64,mode=power,1,1,1,0,0,no_cal_date,YOKOGAWA;WT310E;C3XA04010E;F1.04'
ptd-server 2023-02-28 18:26:08,720 [INFO] Connected to PTDaemon
ptd-server 2023-02-28 18:26:08,720 [INFO] Sending to ptd: 'RR'
ptd-server 2023-02-28 18:26:08,721 [INFO] Reply from ptd: 'Ranges,0,0.100000,0,300.000000'
ptd-server 2023-02-28 18:26:08,721 [INFO] Initial range for Amps is 0.100000 for Volts is 300.000000
ptd-server 2023-02-28 18:26:08,721 [INFO] Sending to ptd: 'SR,V,Auto'
ptd-server 2023-02-28 18:26:09,223 [INFO] Reply from ptd: 'Range V changed'
ptd-server 2023-02-28 18:26:09,223 [INFO] Sending to ptd: 'SR,A,Auto'
ptd-server 2023-02-28 18:26:09,726 [INFO] Reply from ptd: 'Range A changed'
ptd-server 2023-02-28 18:26:19,736 [INFO] Starting ranging mode
ptd-server 2023-02-28 18:26:19,736 [INFO] Sending to ptd: 'Go,1000,0,2023-02-28_18-25-51_ranging'
ptd-server 2023-02-28 18:26:19,736 [INFO] Reply from ptd: 'Starting untimed measurement, maximum 500000 samples at 1000ms with 0 rampup samples'
ptd-server 2023-02-28 18:26:19,737 [INFO] Sending reply to client 'OK'
ptd-server 2023-02-28 18:36:43,788 [INFO] Got command from the client 'session,2023-02-28_18-25-51,stop,ranging'
ptd-server 2023-02-28 18:36:53,799 [INFO] Sending to ptd: 'Stop'
ptd-server 2023-02-28 18:36:53,799 [INFO] Reply from ptd: 'Stopping untimed measurement'
ptd-server 2023-02-28 18:36:54,321 [INFO] Sending reply to client 'OK'
ptd-server 2023-02-28 18:36:54,364 [INFO] Got command from the client 'time'
ptd-server 2023-02-28 18:36:54,365 [INFO] Sending reply to client '1677609414.3650324'
ptd-server 2023-02-28 18:36:54,367 [INFO] Got command from the client 'session,2023-02-28_18-25-51,start,testing'
ptd-server 2023-02-28 18:36:54,367 [INFO] Sending to ptd: 'SR,V,251.120000'
ptd-server 2023-02-28 18:36:56,238 [INFO] Reply from ptd: 'Range V changed'
ptd-server 2023-02-28 18:36:56,238 [INFO] Sending to ptd: 'SR,A,0.080620'
ptd-server 2023-02-28 18:36:57,739 [INFO] Reply from ptd: 'Range A changed'
ptd-server 2023-02-28 18:37:07,748 [INFO] Starting testing mode
ptd-server 2023-02-28 18:37:07,748 [INFO] Sending to ptd: 'Go,1000,0,2023-02-28_18-25-51_testing'
ptd-server 2023-02-28 18:37:07,748 [INFO] Reply from ptd: 'Starting untimed measurement, maximum 500000 samples at 1000ms with 0 rampup samples'
ptd-server 2023-02-28 18:37:07,749 [INFO] Sending reply to client 'OK'
ptd-server 2023-02-28 18:47:31,693 [INFO] Got command from the client 'session,2023-02-28_18-25-51,stop,testing'
ptd-server 2023-02-28 18:47:41,704 [INFO] Sending to ptd: 'Stop'
ptd-server 2023-02-28 18:47:41,704 [INFO] Reply from ptd: 'Stopping untimed measurement'
ptd-server 2023-02-28 18:47:41,960 [INFO] Sending reply to client 'OK'
ptd-server 2023-02-28 18:47:41,982 [INFO] Got command from the client 'session,2023-02-28_18-25-51,done'
ptd-server 2023-02-28 18:47:41,982 [INFO] Sending to ptd: 'Stop'
ptd-server 2023-02-28 18:47:41,982 [INFO] Reply from ptd: 'Error: no measurement to stop'
ptd-server 2023-02-28 18:47:41,982 [INFO] Sending to ptd: 'SR,V,300.000000'
ptd-server 2023-02-28 18:47:43,483 [INFO] Reply from ptd: 'Range V changed'
ptd-server 2023-02-28 18:47:43,483 [INFO] Sending to ptd: 'SR,A,0.100000'
ptd-server 2023-02-28 18:47:44,985 [INFO] Reply from ptd: 'Range A changed'
ptd-server 2023-02-28 18:47:44,985 [INFO] Set initial values for Amps 0.100000 and Volts 300.000000
ptd-server 2023-02-28 18:47:44,985 [INFO] Stopping ptd...
