ptd-server 2023-03-01 10:40:54,395 [INFO] Got command from the client 'time'
ptd-server 2023-03-01 10:40:54,396 [INFO] Sending reply to client '1677688854.3961222'
ptd-server 2023-03-01 10:40:54,397 [INFO] Got command from the client 'new,,b85c85c2-da47-49a1-bce5-3973ed66a838'
ptd-server 2023-03-01 10:40:54,397 [INFO] Sending reply to client 'OK 2023-03-01_10-40-54,c8cdcbc1-8b81-451f-a661-d6a4bace34f6'
ptd-server 2023-03-01 10:40:54,499 [INFO] Got command from the client 'time'
ptd-server 2023-03-01 10:40:54,499 [INFO] Sending reply to client '1677688854.4996634'
ptd-server 2023-03-01 10:40:54,500 [INFO] Got command from the client 'session,2023-03-01_10-40-54,start,ranging'
ptd-server 2023-03-01 10:40:54,501 [INFO] Running PTDaemon: ['/local/mnt/workspace/mlcommons/power-main/inference_v1.0/ptd-linux-x86', '-l', '/tmp/tmpqwe09ni1/ptd_logfile.txt', '-p', '8888', '49', '/dev/usbtmc0']
ptd-server 2023-03-01 10:41:11,521 [INFO] Sending to ptd: 'Hello'
ptd-server 2023-03-01 10:41:11,521 [INFO] Reply from ptd: 'Hello, PTDaemon here!'
ptd-server 2023-03-01 10:41:11,522 [INFO] Sending to ptd: 'Identify'
ptd-server 2023-03-01 10:41:11,522 [INFO] Reply from ptd: 'YokogawaWT310E,1000,1,1,1,1,0,1,1,version=1.10.0-ed9a21d2-20220817,OS=Linux 4.15.0-188-generic #199-Ubuntu SMP Wed Jun 15 20:42:56 UTC 2022 x86_64,mode=power,1,1,1,0,0,no_cal_date,YOKOGAWA;WT310E;C2XF16028V;F1.04'
ptd-server 2023-03-01 10:41:11,522 [INFO] Connected to PTDaemon
ptd-server 2023-03-01 10:41:11,522 [INFO] Sending to ptd: 'RR'
ptd-server 2023-03-01 10:41:11,523 [INFO] Reply from ptd: 'Ranges,1,5.000000,1,150.000000'
ptd-server 2023-03-01 10:41:11,523 [INFO] Initial range for Amps is Auto for Volts is Auto
ptd-server 2023-03-01 10:41:11,523 [INFO] Sending to ptd: 'SR,V,Auto'
ptd-server 2023-03-01 10:41:12,028 [INFO] Reply from ptd: 'Range V changed'
ptd-server 2023-03-01 10:41:12,029 [INFO] Sending to ptd: 'SR,A,Auto'
ptd-server 2023-03-01 10:41:12,531 [INFO] Reply from ptd: 'Range A changed'
ptd-server 2023-03-01 10:41:22,542 [INFO] Starting ranging mode
ptd-server 2023-03-01 10:41:22,542 [INFO] Sending to ptd: 'Go,1000,0,2023-03-01_10-40-54_ranging'
ptd-server 2023-03-01 10:41:22,543 [INFO] Reply from ptd: 'Starting untimed measurement, maximum 500000 samples at 1000ms with 0 rampup samples'
ptd-server 2023-03-01 10:41:22,543 [INFO] Sending reply to client 'OK'
ptd-server 2023-03-01 10:55:10,211 [INFO] Got command from the client 'session,2023-03-01_10-40-54,stop,ranging'
ptd-server 2023-03-01 10:55:20,222 [INFO] Sending to ptd: 'Stop'
ptd-server 2023-03-01 10:55:20,222 [INFO] Reply from ptd: 'Stopping untimed measurement'
ptd-server 2023-03-01 10:55:20,289 [INFO] Sending reply to client 'OK'
ptd-server 2023-03-01 10:55:20,375 [INFO] Got command from the client 'time'
ptd-server 2023-03-01 10:55:20,375 [INFO] Sending reply to client '1677689720.375817'
ptd-server 2023-03-01 10:55:20,377 [INFO] Got command from the client 'session,2023-03-01_10-40-54,start,testing'
ptd-server 2023-03-01 10:55:20,377 [INFO] Sending to ptd: 'SR,V,119.390000'
ptd-server 2023-03-01 10:55:22,046 [INFO] Reply from ptd: 'Range V changed'
ptd-server 2023-03-01 10:55:22,046 [INFO] Sending to ptd: 'SR,A,4.355600'
ptd-server 2023-03-01 10:55:23,548 [INFO] Reply from ptd: 'Range A changed'
ptd-server 2023-03-01 10:55:33,559 [INFO] Starting testing mode
ptd-server 2023-03-01 10:55:33,559 [INFO] Sending to ptd: 'Go,1000,0,2023-03-01_10-40-54_testing'
ptd-server 2023-03-01 10:55:33,559 [INFO] Reply from ptd: 'Starting untimed measurement, maximum 500000 samples at 1000ms with 0 rampup samples'
ptd-server 2023-03-01 10:55:33,560 [INFO] Sending reply to client 'OK'
ptd-server 2023-03-01 11:09:20,526 [INFO] Got command from the client 'session,2023-03-01_10-40-54,stop,testing'
ptd-server 2023-03-01 11:09:30,536 [INFO] Sending to ptd: 'Stop'
ptd-server 2023-03-01 11:09:30,537 [INFO] Reply from ptd: 'Stopping untimed measurement'
ptd-server 2023-03-01 11:09:30,574 [INFO] Sending reply to client 'OK'
ptd-server 2023-03-01 11:09:30,579 [INFO] Got command from the client 'session,2023-03-01_10-40-54,done'
ptd-server 2023-03-01 11:09:30,579 [INFO] Sending to ptd: 'Stop'
ptd-server 2023-03-01 11:09:30,579 [INFO] Reply from ptd: 'Error: no measurement to stop'
ptd-server 2023-03-01 11:09:30,579 [INFO] Sending to ptd: 'SR,V,Auto'
ptd-server 2023-03-01 11:09:31,082 [INFO] Reply from ptd: 'Range V changed'
ptd-server 2023-03-01 11:09:31,083 [INFO] Sending to ptd: 'SR,A,Auto'
ptd-server 2023-03-01 11:09:31,586 [INFO] Reply from ptd: 'Range A changed'
ptd-server 2023-03-01 11:09:31,586 [INFO] Set initial values for Amps Auto and Volts Auto
ptd-server 2023-03-01 11:09:31,586 [INFO] Stopping ptd...
