ptd-server 2023-02-23 08:39:01,377 [INFO] Got command from the client 'time'
ptd-server 2023-02-23 08:39:01,378 [INFO] Sending reply to client '1677141541.378219'
ptd-server 2023-02-23 08:39:01,401 [INFO] Got command from the client 'new,,1e083748-278d-405e-b994-6893dff05445'
ptd-server 2023-02-23 08:39:01,402 [INFO] Sending reply to client 'OK 2023-02-23_08-39-01,9051cf72-bfbe-4868-b54f-baf228d76888'
ptd-server 2023-02-23 08:39:01,563 [INFO] Got command from the client 'time'
ptd-server 2023-02-23 08:39:01,563 [INFO] Sending reply to client '1677141541.563548'
ptd-server 2023-02-23 08:39:01,565 [INFO] Got command from the client 'session,2023-02-23_08-39-01,start,ranging'
ptd-server 2023-02-23 08:39:01,566 [INFO] Running PTDaemon: ['/media/arjun/T7_Touch/hp-envy/CM/repos/local/cache/9b3695ca8255492a/power/inference_v1.0/ptd-linux-x86', '-l', '/tmp/tmpti64566v/ptd_logfile.txt', '-p', '8888', '49', '/dev/usbtmc0']
ptd-server 2023-02-23 08:39:18,662 [INFO] Sending to ptd: 'Hello'
ptd-server 2023-02-23 08:39:18,663 [INFO] Reply from ptd: 'Hello, PTDaemon here!'
ptd-server 2023-02-23 08:39:18,664 [INFO] Sending to ptd: 'Identify'
ptd-server 2023-02-23 08:39:18,665 [INFO] Reply from ptd: 'YokogawaWT310E,1000,1,1,1,1,0,1,1,version=1.10.0-ed9a21d2-20220817,OS=Linux 5.15.0-56-generic #62-Ubuntu SMP Tue Nov 22 19:54:14 UTC 2022 x86_64,mode=power,1,1,1,0,0,no_cal_date,YOKOGAWA;WT310E;C3YD21068E;F1.04'
ptd-server 2023-02-23 08:39:18,665 [INFO] Connected to PTDaemon
ptd-server 2023-02-23 08:39:18,665 [INFO] Sending to ptd: 'RR'
ptd-server 2023-02-23 08:39:18,666 [INFO] Reply from ptd: 'Ranges,0,0.100000,0,600.000000'
ptd-server 2023-02-23 08:39:18,666 [INFO] Initial range for Amps is 0.100000 for Volts is 600.000000
ptd-server 2023-02-23 08:39:18,667 [INFO] Sending to ptd: 'SR,V,Auto'
ptd-server 2023-02-23 08:39:19,172 [INFO] Reply from ptd: 'Range V changed'
ptd-server 2023-02-23 08:39:19,172 [INFO] Sending to ptd: 'SR,A,Auto'
ptd-server 2023-02-23 08:39:19,676 [INFO] Reply from ptd: 'Range A changed'
ptd-server 2023-02-23 08:39:29,686 [INFO] Starting ranging mode
ptd-server 2023-02-23 08:39:29,687 [INFO] Sending to ptd: 'Go,1000,0,2023-02-23_08-39-01_ranging'
ptd-server 2023-02-23 08:39:29,688 [INFO] Reply from ptd: 'Starting untimed measurement, maximum 500000 samples at 1000ms with 0 rampup samples'
ptd-server 2023-02-23 08:39:29,688 [INFO] Sending reply to client 'OK'
ptd-server 2023-02-23 08:50:37,896 [INFO] Got command from the client 'session,2023-02-23_08-39-01,stop,ranging'
ptd-server 2023-02-23 08:50:47,907 [INFO] Sending to ptd: 'Stop'
ptd-server 2023-02-23 08:50:47,908 [INFO] Reply from ptd: 'Stopping untimed measurement'
ptd-server 2023-02-23 08:50:47,933 [INFO] Sending reply to client 'OK'
ptd-server 2023-02-23 08:50:47,986 [INFO] Got command from the client 'time'
ptd-server 2023-02-23 08:50:47,986 [INFO] Sending reply to client '1677142247.9868243'
ptd-server 2023-02-23 08:50:47,989 [INFO] Got command from the client 'session,2023-02-23_08-39-01,start,testing'
ptd-server 2023-02-23 08:50:47,990 [INFO] Sending to ptd: 'SR,V,248.820000'
ptd-server 2023-02-23 08:50:50,191 [INFO] Reply from ptd: 'Range V changed'
ptd-server 2023-02-23 08:50:50,191 [INFO] Sending to ptd: 'SR,A,0.283100'
ptd-server 2023-02-23 08:50:51,694 [INFO] Reply from ptd: 'Range A changed'
ptd-server 2023-02-23 08:51:01,702 [INFO] Starting testing mode
ptd-server 2023-02-23 08:51:01,703 [INFO] Sending to ptd: 'Go,1000,0,2023-02-23_08-39-01_testing'
ptd-server 2023-02-23 08:51:01,704 [INFO] Reply from ptd: 'Starting untimed measurement, maximum 500000 samples at 1000ms with 0 rampup samples'
ptd-server 2023-02-23 08:51:01,704 [INFO] Sending reply to client 'OK'
ptd-server 2023-02-23 09:02:09,572 [INFO] Got command from the client 'session,2023-02-23_08-39-01,stop,testing'
ptd-server 2023-02-23 09:02:19,583 [INFO] Sending to ptd: 'Stop'
ptd-server 2023-02-23 09:02:19,584 [INFO] Reply from ptd: 'Stopping untimed measurement'
ptd-server 2023-02-23 09:02:19,590 [INFO] Sending reply to client 'OK'
ptd-server 2023-02-23 09:02:19,607 [INFO] Got command from the client 'session,2023-02-23_08-39-01,done'
ptd-server 2023-02-23 09:02:19,608 [INFO] Sending to ptd: 'Stop'
ptd-server 2023-02-23 09:02:19,704 [INFO] Reply from ptd: 'Error: no measurement to stop'
ptd-server 2023-02-23 09:02:19,705 [INFO] Sending to ptd: 'SR,V,600.000000'
ptd-server 2023-02-23 09:02:21,208 [INFO] Reply from ptd: 'Range V changed'
ptd-server 2023-02-23 09:02:21,208 [INFO] Sending to ptd: 'SR,A,0.100000'
ptd-server 2023-02-23 09:02:22,712 [INFO] Reply from ptd: 'Range A changed'
ptd-server 2023-02-23 09:02:22,712 [INFO] Set initial values for Amps 0.100000 and Volts 600.000000
ptd-server 2023-02-23 09:02:22,713 [INFO] Stopping ptd...
