ptd-server 2023-02-22 19:01:24,789 [INFO] Got command from the client 'time'
ptd-server 2023-02-22 19:01:24,789 [INFO] Sending reply to client '1677092484.7899427'
ptd-server 2023-02-22 19:01:24,790 [INFO] Got command from the client 'new,,37376a24-0d69-49d1-b661-41c5db095fbe'
ptd-server 2023-02-22 19:01:24,791 [INFO] Sending reply to client 'OK 2023-02-22_19-01-24,fd17fa71-b858-4eb4-a01f-ddb8d4a04fe5'
ptd-server 2023-02-22 19:01:24,817 [INFO] Got command from the client 'time'
ptd-server 2023-02-22 19:01:24,817 [INFO] Sending reply to client '1677092484.8174314'
ptd-server 2023-02-22 19:01:24,818 [INFO] Got command from the client 'session,2023-02-22_19-01-24,start,ranging'
ptd-server 2023-02-22 19:01:24,818 [INFO] Running PTDaemon: ['/home/anton/projects/mlperf/power/inference_v1.0/ptd-linux-x86', '-l', '/tmp/tmp4yl1neqp/ptd_logfile.txt', '-p', '8888', '49', '/dev/usbtmc0']
ptd-server 2023-02-22 19:01:41,884 [INFO] Sending to ptd: 'Hello'
ptd-server 2023-02-22 19:01:41,885 [INFO] Reply from ptd: 'Hello, PTDaemon here!'
ptd-server 2023-02-22 19:01:41,885 [INFO] Sending to ptd: 'Identify'
ptd-server 2023-02-22 19:01:41,886 [INFO] Reply from ptd: 'YokogawaWT310E,1000,1,1,1,1,0,1,1,version=1.10.0-ed9a21d2-20220817,OS=Linux 5.15.0-60-generic #66~20.04.1-Ubuntu SMP Wed Jan 25 09:41:30 UTC 2023 x86_64,mode=power,1,1,1,0,0,no_cal_date,YOKOGAWA;WT310E;C3XA04010E;F1.04'
ptd-server 2023-02-22 19:01:41,886 [INFO] Connected to PTDaemon
ptd-server 2023-02-22 19:01:41,886 [INFO] Sending to ptd: 'RR'
ptd-server 2023-02-22 19:01:41,886 [INFO] Reply from ptd: 'Ranges,1,0.100000,1,300.000000'
ptd-server 2023-02-22 19:01:41,886 [INFO] Initial range for Amps is Auto for Volts is Auto
ptd-server 2023-02-22 19:01:41,886 [INFO] Sending to ptd: 'SR,V,Auto'
ptd-server 2023-02-22 19:01:42,389 [INFO] Reply from ptd: 'Range V changed'
ptd-server 2023-02-22 19:01:42,389 [INFO] Sending to ptd: 'SR,A,Auto'
ptd-server 2023-02-22 19:01:42,892 [INFO] Reply from ptd: 'Range A changed'
ptd-server 2023-02-22 19:01:52,902 [INFO] Starting ranging mode
ptd-server 2023-02-22 19:01:52,902 [INFO] Sending to ptd: 'Go,1000,0,2023-02-22_19-01-24_ranging'
ptd-server 2023-02-22 19:01:52,903 [INFO] Reply from ptd: 'Starting untimed measurement, maximum 500000 samples at 1000ms with 0 rampup samples'
ptd-server 2023-02-22 19:01:52,903 [INFO] Sending reply to client 'OK'
ptd-server 2023-02-22 19:12:09,534 [INFO] Got command from the client 'session,2023-02-22_19-01-24,stop,ranging'
ptd-server 2023-02-22 19:12:19,545 [INFO] Sending to ptd: 'Stop'
ptd-server 2023-02-22 19:12:19,545 [INFO] Reply from ptd: 'Stopping untimed measurement'
ptd-server 2023-02-22 19:12:20,042 [INFO] Sending reply to client 'OK'
ptd-server 2023-02-22 19:12:20,123 [INFO] Got command from the client 'time'
ptd-server 2023-02-22 19:12:20,124 [INFO] Sending reply to client '1677093140.1240542'
ptd-server 2023-02-22 19:12:20,125 [INFO] Got command from the client 'session,2023-02-22_19-01-24,start,testing'
ptd-server 2023-02-22 19:12:20,125 [INFO] Sending to ptd: 'SR,V,251.660000'
ptd-server 2023-02-22 19:12:21,626 [INFO] Reply from ptd: 'Range V changed'
ptd-server 2023-02-22 19:12:21,626 [INFO] Sending to ptd: 'SR,A,0.063200'
ptd-server 2023-02-22 19:12:23,128 [INFO] Reply from ptd: 'Range A changed'
ptd-server 2023-02-22 19:12:33,138 [INFO] Starting testing mode
ptd-server 2023-02-22 19:12:33,138 [INFO] Sending to ptd: 'Go,1000,0,2023-02-22_19-01-24_testing'
ptd-server 2023-02-22 19:12:33,139 [INFO] Reply from ptd: 'Starting untimed measurement, maximum 500000 samples at 1000ms with 0 rampup samples'
ptd-server 2023-02-22 19:12:33,139 [INFO] Sending reply to client 'OK'
ptd-server 2023-02-22 19:22:49,704 [INFO] Got command from the client 'session,2023-02-22_19-01-24,stop,testing'
ptd-server 2023-02-22 19:22:59,715 [INFO] Sending to ptd: 'Stop'
ptd-server 2023-02-22 19:22:59,715 [INFO] Reply from ptd: 'Stopping untimed measurement'
ptd-server 2023-02-22 19:22:59,959 [INFO] Sending reply to client 'OK'
ptd-server 2023-02-22 19:22:59,967 [INFO] Got command from the client 'session,2023-02-22_19-01-24,done'
ptd-server 2023-02-22 19:22:59,967 [INFO] Sending to ptd: 'Stop'
ptd-server 2023-02-22 19:23:00,139 [INFO] Reply from ptd: 'Error: no measurement to stop'
ptd-server 2023-02-22 19:23:00,139 [INFO] Sending to ptd: 'SR,V,Auto'
ptd-server 2023-02-22 19:23:00,642 [INFO] Reply from ptd: 'Range V changed'
ptd-server 2023-02-22 19:23:00,642 [INFO] Sending to ptd: 'SR,A,Auto'
ptd-server 2023-02-22 19:23:01,144 [INFO] Reply from ptd: 'Range A changed'
ptd-server 2023-02-22 19:23:01,145 [INFO] Set initial values for Amps Auto and Volts Auto
ptd-server 2023-02-22 19:23:01,145 [INFO] Stopping ptd...
