ptd-server 2023-02-22 03:41:11,571 [INFO] Got command from the client 'time'
ptd-server 2023-02-22 03:41:11,571 [INFO] Sending reply to client '1677037271.5719385'
ptd-server 2023-02-22 03:41:11,573 [INFO] Got command from the client 'new,,f6d8dc08-327e-4b03-bcc0-1b987f1ebf77'
ptd-server 2023-02-22 03:41:11,573 [INFO] Sending reply to client 'OK 2023-02-22_03-41-11,24d0d7fc-8a05-47ac-9a67-e1a48dfaf449'
ptd-server 2023-02-22 03:41:11,596 [INFO] Got command from the client 'time'
ptd-server 2023-02-22 03:41:11,596 [INFO] Sending reply to client '1677037271.5969012'
ptd-server 2023-02-22 03:41:11,597 [INFO] Got command from the client 'session,2023-02-22_03-41-11,start,ranging'
ptd-server 2023-02-22 03:41:11,598 [INFO] Running PTDaemon: ['/home/anton/projects/mlperf/power/inference_v1.0/ptd-linux-x86', '-l', '/tmp/tmp4yl1neqp/ptd_logfile.txt', '-p', '8888', '49', '/dev/usbtmc0']
ptd-server 2023-02-22 03:41:28,672 [INFO] Sending to ptd: 'Hello'
ptd-server 2023-02-22 03:41:28,672 [INFO] Reply from ptd: 'Hello, PTDaemon here!'
ptd-server 2023-02-22 03:41:28,672 [INFO] Sending to ptd: 'Identify'
ptd-server 2023-02-22 03:41:28,673 [INFO] Reply from ptd: 'YokogawaWT310E,1000,1,1,1,1,0,1,1,version=1.10.0-ed9a21d2-20220817,OS=Linux 5.15.0-60-generic #66~20.04.1-Ubuntu SMP Wed Jan 25 09:41:30 UTC 2023 x86_64,mode=power,1,1,1,0,0,no_cal_date,YOKOGAWA;WT310E;C3XA04010E;F1.04'
ptd-server 2023-02-22 03:41:28,673 [INFO] Connected to PTDaemon
ptd-server 2023-02-22 03:41:28,673 [INFO] Sending to ptd: 'RR'
ptd-server 2023-02-22 03:41:28,673 [INFO] Reply from ptd: 'Ranges,1,0.100000,1,300.000000'
ptd-server 2023-02-22 03:41:28,674 [INFO] Initial range for Amps is Auto for Volts is Auto
ptd-server 2023-02-22 03:41:28,674 [INFO] Sending to ptd: 'SR,V,Auto'
ptd-server 2023-02-22 03:41:29,176 [INFO] Reply from ptd: 'Range V changed'
ptd-server 2023-02-22 03:41:29,176 [INFO] Sending to ptd: 'SR,A,Auto'
ptd-server 2023-02-22 03:41:29,679 [INFO] Reply from ptd: 'Range A changed'
ptd-server 2023-02-22 03:41:39,689 [INFO] Starting ranging mode
ptd-server 2023-02-22 03:41:39,689 [INFO] Sending to ptd: 'Go,1000,0,2023-02-22_03-41-11_ranging'
ptd-server 2023-02-22 03:41:39,690 [INFO] Reply from ptd: 'Starting untimed measurement, maximum 500000 samples at 1000ms with 0 rampup samples'
ptd-server 2023-02-22 03:41:39,690 [INFO] Sending reply to client 'OK'
ptd-server 2023-02-22 03:51:59,241 [INFO] Got command from the client 'session,2023-02-22_03-41-11,stop,ranging'
ptd-server 2023-02-22 03:52:09,251 [INFO] Sending to ptd: 'Stop'
ptd-server 2023-02-22 03:52:09,252 [INFO] Reply from ptd: 'Stopping untimed measurement'
ptd-server 2023-02-22 03:52:09,630 [INFO] Sending reply to client 'OK'
ptd-server 2023-02-22 03:52:09,708 [INFO] Got command from the client 'time'
ptd-server 2023-02-22 03:52:09,708 [INFO] Sending reply to client '1677037929.7085052'
ptd-server 2023-02-22 03:52:09,709 [INFO] Got command from the client 'session,2023-02-22_03-41-11,start,testing'
ptd-server 2023-02-22 03:52:09,709 [INFO] Sending to ptd: 'SR,V,251.810000'
ptd-server 2023-02-22 03:52:11,211 [INFO] Reply from ptd: 'Range V changed'
ptd-server 2023-02-22 03:52:11,211 [INFO] Sending to ptd: 'SR,A,0.049380'
ptd-server 2023-02-22 03:52:12,712 [INFO] Reply from ptd: 'Range A changed'
ptd-server 2023-02-22 03:52:22,723 [INFO] Starting testing mode
ptd-server 2023-02-22 03:52:22,723 [INFO] Sending to ptd: 'Go,1000,0,2023-02-22_03-41-11_testing'
ptd-server 2023-02-22 03:52:22,723 [INFO] Reply from ptd: 'Starting untimed measurement, maximum 500000 samples at 1000ms with 0 rampup samples'
ptd-server 2023-02-22 03:52:22,723 [INFO] Sending reply to client 'OK'
ptd-server 2023-02-22 04:02:42,271 [INFO] Got command from the client 'session,2023-02-22_03-41-11,stop,testing'
ptd-server 2023-02-22 04:02:52,282 [INFO] Sending to ptd: 'Stop'
ptd-server 2023-02-22 04:02:52,282 [INFO] Reply from ptd: 'Stopping untimed measurement'
ptd-server 2023-02-22 04:02:52,494 [INFO] Sending reply to client 'OK'
ptd-server 2023-02-22 04:02:52,502 [INFO] Got command from the client 'session,2023-02-22_03-41-11,done'
ptd-server 2023-02-22 04:02:52,502 [INFO] Sending to ptd: 'Stop'
ptd-server 2023-02-22 04:02:52,724 [INFO] Reply from ptd: 'Error: no measurement to stop'
ptd-server 2023-02-22 04:02:52,724 [INFO] Sending to ptd: 'SR,V,Auto'
ptd-server 2023-02-22 04:02:53,227 [INFO] Reply from ptd: 'Range V changed'
ptd-server 2023-02-22 04:02:53,227 [INFO] Sending to ptd: 'SR,A,Auto'
ptd-server 2023-02-22 04:02:53,729 [INFO] Reply from ptd: 'Range A changed'
ptd-server 2023-02-22 04:02:53,729 [INFO] Set initial values for Amps Auto and Volts Auto
ptd-server 2023-02-22 04:02:53,730 [INFO] Stopping ptd...
