client 2023-02-23 11:06:14,578 [INFO] Creating output directory '/home/arjun/mobilenet_results/valid_results/arjun_orin-tflite_cpp-cpu-tflite-vmaster-default_config/mobilenet-v1-precision_uint8-1.0-160/singlestream/performance/tmp_power'
client 2023-02-23 11:06:14,734 [INFO] Sending command to the server: 'mlcommons/power client v3'
client 2023-02-23 11:06:14,741 [INFO] Got response: 'mlcommons/power server v3'
client 2023-02-23 11:06:14,741 [INFO] Synchronizing with the server and with time.google.com...
client 2023-02-23 11:06:14,779 [INFO] NTP:offset = -0.004 s, delay = 0.013 s 
client 2023-02-23 11:06:14,779 [INFO] Sending command to the server: 'time'
client 2023-02-23 11:06:14,783 [INFO] Got response: '1677150374.778597'
client 2023-02-23 11:06:14,783 [INFO] The time difference between the client and the server is within range 0.852 ms..5.195 ms
client 2023-02-23 11:06:14,784 [INFO] Sending command to the server: 'new,,241e55ad-ae08-4e22-88e3-d6dc44f4201e'
client 2023-02-23 11:06:14,789 [INFO] Got response: 'OK 2023-02-23_11-06-14,8c49b95b-0780-4429-8367-67dfc555910e'
client 2023-02-23 11:06:14,789 [INFO] Session id is '2023-02-23_11-06-14'
client 2023-02-23 11:06:14,790 [INFO] Sources: {"sources": {"__init__.py": "da39a3ee5e6b4b0d3255bfef95601890afd80709", "client.py": "33ca4f26368777ac06e01f9567b714a4b8063886", "lib/__init__.py": "da39a3ee5e6b4b0d3255bfef95601890afd80709", "lib/client.py": "4c2b78fb4849a7e5b584ef792d82aaed20b17f57", "lib/common.py": "624d0c0acc7c39aaff3674f0b99d6a09da53d1dc", "lib/external/__init__.py": "da39a3ee5e6b4b0d3255bfef95601890afd80709", "lib/external/ntplib.py": "4da8f970656505a40483206ef2b5d3dd5e81711d", "lib/server.py": "cda0cdfaee9bfa1249c64a7dd4f89b7bf1b279f0", "lib/source_hashes.py": "60a2e02193209e8d392803326208d5466342da18", "lib/summary.py": "aa92f0a3f975eecd44d3c0cd0236342ccc9f941d", "lib/time_sync.py": "3210db56eb0ff0df57bf4293dc4d4b03fffd46f1", "server.py": "c3f90f2f7eeb4db30727556d0c815ebc89b3d28b", "tests/unit/__init__.py": "da39a3ee5e6b4b0d3255bfef95601890afd80709", "tests/unit/test_server.py": "99ae15aef722f2000ee6ed1ae1523637bf1ae42b", "tests/unit/test_source_hashes.py": "00468a2907583c593e6574a1f6b404e4651c221a"}, "modules": {"ptd_client_server.lib.client": "lib/client.py", "ptd_client_server.lib.common": "lib/common.py", "ptd_client_server.lib.external.ntplib": "lib/external/ntplib.py", "ptd_client_server.lib.source_hashes": "lib/source_hashes.py", "ptd_client_server.lib.summary": "lib/summary.py", "ptd_client_server.lib.time_sync": "lib/time_sync.py"}}
client 2023-02-23 11:06:14,790 [INFO] Running workload in ranging mode
client 2023-02-23 11:06:14,790 [INFO] Synchronizing with the server and with time.google.com...
client 2023-02-23 11:06:14,841 [INFO] NTP:offset = -0.004 s, delay = 0.048 s 
client 2023-02-23 11:06:14,841 [INFO] Sending command to the server: 'time'
client 2023-02-23 11:06:14,845 [INFO] Got response: '1677150374.8404515'
client 2023-02-23 11:06:14,845 [INFO] The time difference between the client and the server is within range 0.893 ms..5.406 ms
client 2023-02-23 11:06:14,846 [INFO] Sending command to the server: 'session,2023-02-23_11-06-14,start,ranging'
client 2023-02-23 11:06:42,971 [INFO] Got response: 'OK'
client 2023-02-23 11:06:42,971 [INFO] Running the workload '/home/arjun/run.out'
client 2023-02-23 11:17:51,152 [INFO] Sending command to the server: 'session,2023-02-23_11-06-14,stop,ranging'
client 2023-02-23 11:18:01,195 [INFO] Got response: 'OK'
client 2023-02-23 11:18:01,227 [INFO] Copying loadgen logs from '/home/arjun/mobilenet_results/valid_results/arjun_orin-tflite_cpp-cpu-tflite-vmaster-default_config/mobilenet-v1-precision_uint8-1.0-160/singlestream/performance/run_1' to '/home/arjun/mobilenet_results/valid_results/arjun_orin-tflite_cpp-cpu-tflite-vmaster-default_config/mobilenet-v1-precision_uint8-1.0-160/singlestream/performance/tmp_power/ranging'
client 2023-02-23 11:18:01,229 [INFO] Running workload in testing mode
client 2023-02-23 11:18:01,230 [INFO] Synchronizing with the server and with time.google.com...
client 2023-02-23 11:18:01,284 [INFO] NTP:offset = -0.001 s, delay = 0.049 s 
client 2023-02-23 11:18:01,284 [INFO] Sending command to the server: 'time'
client 2023-02-23 11:18:01,288 [INFO] Got response: '1677151081.2871478'
client 2023-02-23 11:18:01,288 [INFO] The time difference between the client and the server is within range -2.588 ms..1.433 ms
client 2023-02-23 11:18:01,288 [INFO] Sending command to the server: 'session,2023-02-23_11-06-14,start,testing'
client 2023-02-23 11:18:14,986 [INFO] Got response: 'OK'
client 2023-02-23 11:18:14,987 [INFO] Running the workload '/home/arjun/run.out'
client 2023-02-23 11:29:23,547 [INFO] Sending command to the server: 'session,2023-02-23_11-06-14,stop,testing'
client 2023-02-23 11:29:33,810 [INFO] Got response: 'OK'
client 2023-02-23 11:29:33,815 [INFO] Copying loadgen logs from '/home/arjun/mobilenet_results/valid_results/arjun_orin-tflite_cpp-cpu-tflite-vmaster-default_config/mobilenet-v1-precision_uint8-1.0-160/singlestream/performance/run_1' to '/home/arjun/mobilenet_results/valid_results/arjun_orin-tflite_cpp-cpu-tflite-vmaster-default_config/mobilenet-v1-precision_uint8-1.0-160/singlestream/performance/tmp_power/run_1'
client 2023-02-23 11:29:33,817 [INFO] Done runs
