ptd-server 2023-02-23 03:55:48,452 [INFO] Got command from the client 'time'
ptd-server 2023-02-23 03:55:48,452 [INFO] Sending reply to client '1677124548.4529088'
ptd-server 2023-02-23 03:55:48,453 [INFO] Got command from the client 'new,,b97eed40-69af-430d-8691-f05bc4f813b2'
ptd-server 2023-02-23 03:55:48,454 [INFO] Sending reply to client 'OK 2023-02-23_03-55-48,ee36ffc9-eb00-4954-accb-6164b7f40f63'
ptd-server 2023-02-23 03:55:48,476 [INFO] Got command from the client 'time'
ptd-server 2023-02-23 03:55:48,477 [INFO] Sending reply to client '1677124548.4770937'
ptd-server 2023-02-23 03:55:48,478 [INFO] Got command from the client 'session,2023-02-23_03-55-48,start,ranging'
ptd-server 2023-02-23 03:55:48,478 [INFO] Running PTDaemon: ['/home/anton/projects/mlperf/power/inference_v1.0/ptd-linux-x86', '-l', '/tmp/tmp4yl1neqp/ptd_logfile.txt', '-p', '8888', '49', '/dev/usbtmc0']
ptd-server 2023-02-23 03:56:05,552 [INFO] Sending to ptd: 'Hello'
ptd-server 2023-02-23 03:56:05,553 [INFO] Reply from ptd: 'Hello, PTDaemon here!'
ptd-server 2023-02-23 03:56:05,553 [INFO] Sending to ptd: 'Identify'
ptd-server 2023-02-23 03:56:05,553 [INFO] Reply from ptd: 'YokogawaWT310E,1000,1,1,1,1,0,1,1,version=1.10.0-ed9a21d2-20220817,OS=Linux 5.15.0-60-generic #66~20.04.1-Ubuntu SMP Wed Jan 25 09:41:30 UTC 2023 x86_64,mode=power,1,1,1,0,0,no_cal_date,YOKOGAWA;WT310E;C3XA04010E;F1.04'
ptd-server 2023-02-23 03:56:05,554 [INFO] Connected to PTDaemon
ptd-server 2023-02-23 03:56:05,554 [INFO] Sending to ptd: 'RR'
ptd-server 2023-02-23 03:56:05,554 [INFO] Reply from ptd: 'Ranges,1,0.100000,1,300.000000'
ptd-server 2023-02-23 03:56:05,554 [INFO] Initial range for Amps is Auto for Volts is Auto
ptd-server 2023-02-23 03:56:05,554 [INFO] Sending to ptd: 'SR,V,Auto'
ptd-server 2023-02-23 03:56:06,057 [INFO] Reply from ptd: 'Range V changed'
ptd-server 2023-02-23 03:56:06,057 [INFO] Sending to ptd: 'SR,A,Auto'
ptd-server 2023-02-23 03:56:06,559 [INFO] Reply from ptd: 'Range A changed'
ptd-server 2023-02-23 03:56:16,570 [INFO] Starting ranging mode
ptd-server 2023-02-23 03:56:16,570 [INFO] Sending to ptd: 'Go,1000,0,2023-02-23_03-55-48_ranging'
ptd-server 2023-02-23 03:56:16,570 [INFO] Reply from ptd: 'Starting untimed measurement, maximum 500000 samples at 1000ms with 0 rampup samples'
ptd-server 2023-02-23 03:56:16,570 [INFO] Sending reply to client 'OK'
ptd-server 2023-02-23 04:06:40,224 [INFO] Got command from the client 'session,2023-02-23_03-55-48,stop,ranging'
ptd-server 2023-02-23 04:06:50,234 [INFO] Sending to ptd: 'Stop'
ptd-server 2023-02-23 04:06:50,235 [INFO] Reply from ptd: 'Stopping untimed measurement'
ptd-server 2023-02-23 04:06:50,724 [INFO] Sending reply to client 'OK'
ptd-server 2023-02-23 04:06:50,794 [INFO] Got command from the client 'time'
ptd-server 2023-02-23 04:06:50,794 [INFO] Sending reply to client '1677125210.794602'
ptd-server 2023-02-23 04:06:50,795 [INFO] Got command from the client 'session,2023-02-23_03-55-48,start,testing'
ptd-server 2023-02-23 04:06:50,795 [INFO] Sending to ptd: 'SR,V,251.670000'
ptd-server 2023-02-23 04:06:52,296 [INFO] Reply from ptd: 'Range V changed'
ptd-server 2023-02-23 04:06:52,297 [INFO] Sending to ptd: 'SR,A,0.049180'
ptd-server 2023-02-23 04:06:53,798 [INFO] Reply from ptd: 'Range A changed'
ptd-server 2023-02-23 04:07:03,808 [INFO] Starting testing mode
ptd-server 2023-02-23 04:07:03,808 [INFO] Sending to ptd: 'Go,1000,0,2023-02-23_03-55-48_testing'
ptd-server 2023-02-23 04:07:03,809 [INFO] Reply from ptd: 'Starting untimed measurement, maximum 500000 samples at 1000ms with 0 rampup samples'
ptd-server 2023-02-23 04:07:03,809 [INFO] Sending reply to client 'OK'
ptd-server 2023-02-23 04:17:27,443 [INFO] Got command from the client 'session,2023-02-23_03-55-48,stop,testing'
ptd-server 2023-02-23 04:17:37,453 [INFO] Sending to ptd: 'Stop'
ptd-server 2023-02-23 04:17:37,453 [INFO] Reply from ptd: 'Stopping untimed measurement'
ptd-server 2023-02-23 04:17:37,712 [INFO] Sending reply to client 'OK'
ptd-server 2023-02-23 04:17:37,720 [INFO] Got command from the client 'session,2023-02-23_03-55-48,done'
ptd-server 2023-02-23 04:17:37,720 [INFO] Sending to ptd: 'Stop'
ptd-server 2023-02-23 04:17:37,810 [INFO] Reply from ptd: 'Error: no measurement to stop'
ptd-server 2023-02-23 04:17:37,810 [INFO] Sending to ptd: 'SR,V,Auto'
ptd-server 2023-02-23 04:17:38,313 [INFO] Reply from ptd: 'Range V changed'
ptd-server 2023-02-23 04:17:38,313 [INFO] Sending to ptd: 'SR,A,Auto'
ptd-server 2023-02-23 04:17:38,815 [INFO] Reply from ptd: 'Range A changed'
ptd-server 2023-02-23 04:17:38,815 [INFO] Set initial values for Amps Auto and Volts Auto
ptd-server 2023-02-23 04:17:38,816 [INFO] Stopping ptd...
