ptd-server 2023-02-25 14:10:59,031 [INFO] Got command from the client 'time'
ptd-server 2023-02-25 14:10:59,031 [INFO] Sending reply to client '1677334259.0312998'
ptd-server 2023-02-25 14:10:59,033 [INFO] Got command from the client 'new,,b073f2c5-4415-422d-9b42-fe56b7bd546f'
ptd-server 2023-02-25 14:10:59,033 [INFO] Sending reply to client 'OK 2023-02-25_14-10-59,8b3fcb40-3060-461e-9636-e3ef8c57cb10'
ptd-server 2023-02-25 14:10:59,062 [INFO] Got command from the client 'time'
ptd-server 2023-02-25 14:10:59,062 [INFO] Sending reply to client '1677334259.0628853'
ptd-server 2023-02-25 14:10:59,064 [INFO] Got command from the client 'session,2023-02-25_14-10-59,start,ranging'
ptd-server 2023-02-25 14:10:59,065 [INFO] Running PTDaemon: ['/home/anton/projects/mlperf/power/inference_v1.0/ptd-linux-x86', '-l', '/tmp/tmpu4v721n6/ptd_logfile.txt', '-p', '8888', '49', '/dev/usbtmc0']
ptd-server 2023-02-25 14:11:16,151 [INFO] Sending to ptd: 'Hello'
ptd-server 2023-02-25 14:11:16,151 [INFO] Reply from ptd: 'Hello, PTDaemon here!'
ptd-server 2023-02-25 14:11:16,151 [INFO] Sending to ptd: 'Identify'
ptd-server 2023-02-25 14:11:16,152 [INFO] Reply from ptd: 'YokogawaWT310E,1000,1,1,1,1,0,1,1,version=1.10.0-ed9a21d2-20220817,OS=Linux 5.15.0-60-generic #66~20.04.1-Ubuntu SMP Wed Jan 25 09:41:30 UTC 2023 x86_64,mode=power,1,1,1,0,0,no_cal_date,YOKOGAWA;WT310E;C3XA04010E;F1.04'
ptd-server 2023-02-25 14:11:16,152 [INFO] Connected to PTDaemon
ptd-server 2023-02-25 14:11:16,152 [INFO] Sending to ptd: 'RR'
ptd-server 2023-02-25 14:11:16,152 [INFO] Reply from ptd: 'Ranges,0,0.100000,0,300.000000'
ptd-server 2023-02-25 14:11:16,152 [INFO] Initial range for Amps is 0.100000 for Volts is 300.000000
ptd-server 2023-02-25 14:11:16,152 [INFO] Sending to ptd: 'SR,V,Auto'
ptd-server 2023-02-25 14:11:16,655 [INFO] Reply from ptd: 'Range V changed'
ptd-server 2023-02-25 14:11:16,655 [INFO] Sending to ptd: 'SR,A,Auto'
ptd-server 2023-02-25 14:11:17,158 [INFO] Reply from ptd: 'Range A changed'
ptd-server 2023-02-25 14:11:27,168 [INFO] Starting ranging mode
ptd-server 2023-02-25 14:11:27,168 [INFO] Sending to ptd: 'Go,1000,0,2023-02-25_14-10-59_ranging'
ptd-server 2023-02-25 14:11:27,168 [INFO] Reply from ptd: 'Starting untimed measurement, maximum 500000 samples at 1000ms with 0 rampup samples'
ptd-server 2023-02-25 14:11:27,169 [INFO] Sending reply to client 'OK'
ptd-server 2023-02-25 14:21:42,496 [INFO] Got command from the client 'session,2023-02-25_14-10-59,stop,ranging'
ptd-server 2023-02-25 14:21:52,507 [INFO] Sending to ptd: 'Stop'
ptd-server 2023-02-25 14:21:52,507 [INFO] Reply from ptd: 'Stopping untimed measurement'
ptd-server 2023-02-25 14:21:52,611 [INFO] Sending reply to client 'OK'
ptd-server 2023-02-25 14:21:52,704 [INFO] Got command from the client 'time'
ptd-server 2023-02-25 14:21:52,704 [INFO] Sending reply to client '1677334912.7048995'
ptd-server 2023-02-25 14:21:52,708 [INFO] Got command from the client 'session,2023-02-25_14-10-59,start,testing'
ptd-server 2023-02-25 14:21:52,708 [INFO] Sending to ptd: 'SR,V,251.900000'
ptd-server 2023-02-25 14:21:54,670 [INFO] Reply from ptd: 'Range V changed'
ptd-server 2023-02-25 14:21:54,671 [INFO] Sending to ptd: 'SR,A,0.058670'
ptd-server 2023-02-25 14:21:56,172 [INFO] Reply from ptd: 'Range A changed'
ptd-server 2023-02-25 14:22:06,182 [INFO] Starting testing mode
ptd-server 2023-02-25 14:22:06,182 [INFO] Sending to ptd: 'Go,1000,0,2023-02-25_14-10-59_testing'
ptd-server 2023-02-25 14:22:06,183 [INFO] Reply from ptd: 'Starting untimed measurement, maximum 500000 samples at 1000ms with 0 rampup samples'
ptd-server 2023-02-25 14:22:06,183 [INFO] Sending reply to client 'OK'
ptd-server 2023-02-25 14:32:21,272 [INFO] Got command from the client 'session,2023-02-25_14-10-59,stop,testing'
ptd-server 2023-02-25 14:32:31,282 [INFO] Sending to ptd: 'Stop'
ptd-server 2023-02-25 14:32:31,283 [INFO] Reply from ptd: 'Stopping untimed measurement'
ptd-server 2023-02-25 14:32:31,336 [INFO] Sending reply to client 'OK'
ptd-server 2023-02-25 14:32:31,356 [INFO] Got command from the client 'session,2023-02-25_14-10-59,done'
ptd-server 2023-02-25 14:32:31,356 [INFO] Sending to ptd: 'Stop'
ptd-server 2023-02-25 14:32:32,183 [INFO] Reply from ptd: 'Error: no measurement to stop'
ptd-server 2023-02-25 14:32:32,183 [INFO] Sending to ptd: 'SR,V,300.000000'
ptd-server 2023-02-25 14:32:33,685 [INFO] Reply from ptd: 'Range V changed'
ptd-server 2023-02-25 14:32:33,685 [INFO] Sending to ptd: 'SR,A,0.100000'
ptd-server 2023-02-25 14:32:35,186 [INFO] Reply from ptd: 'Range A changed'
ptd-server 2023-02-25 14:32:35,186 [INFO] Set initial values for Amps 0.100000 and Volts 300.000000
ptd-server 2023-02-25 14:32:35,186 [INFO] Stopping ptd...
