ptd-server 2023-02-27 20:26:00,740 [INFO] Got command from the client 'time'
ptd-server 2023-02-27 20:26:00,741 [INFO] Sending reply to client '1677529560.741018'
ptd-server 2023-02-27 20:26:00,742 [INFO] Got command from the client 'new,,2a531447-ce45-4e42-af79-6c2bf5fb8140'
ptd-server 2023-02-27 20:26:00,743 [INFO] Sending reply to client 'OK 2023-02-27_20-26-00,662939d5-6272-4473-94ca-76c381f2289f'
ptd-server 2023-02-27 20:26:00,768 [INFO] Got command from the client 'time'
ptd-server 2023-02-27 20:26:00,768 [INFO] Sending reply to client '1677529560.7685752'
ptd-server 2023-02-27 20:26:00,771 [INFO] Got command from the client 'session,2023-02-27_20-26-00,start,ranging'
ptd-server 2023-02-27 20:26:00,772 [INFO] Running PTDaemon: ['/home/anton/projects/mlperf/power/inference_v1.0/ptd-linux-x86', '-l', '/tmp/tmpu4v721n6/ptd_logfile.txt', '-p', '8888', '49', '/dev/usbtmc0']
ptd-server 2023-02-27 20:26:17,859 [INFO] Sending to ptd: 'Hello'
ptd-server 2023-02-27 20:26:17,860 [INFO] Reply from ptd: 'Hello, PTDaemon here!'
ptd-server 2023-02-27 20:26:17,860 [INFO] Sending to ptd: 'Identify'
ptd-server 2023-02-27 20:26:17,860 [INFO] Reply from ptd: 'YokogawaWT310E,1000,1,1,1,1,0,1,1,version=1.10.0-ed9a21d2-20220817,OS=Linux 5.15.0-60-generic #66~20.04.1-Ubuntu SMP Wed Jan 25 09:41:30 UTC 2023 x86_64,mode=power,1,1,1,0,0,no_cal_date,YOKOGAWA;WT310E;C3XA04010E;F1.04'
ptd-server 2023-02-27 20:26:17,861 [INFO] Connected to PTDaemon
ptd-server 2023-02-27 20:26:17,861 [INFO] Sending to ptd: 'RR'
ptd-server 2023-02-27 20:26:17,861 [INFO] Reply from ptd: 'Ranges,0,0.100000,0,300.000000'
ptd-server 2023-02-27 20:26:17,861 [INFO] Initial range for Amps is 0.100000 for Volts is 300.000000
ptd-server 2023-02-27 20:26:17,861 [INFO] Sending to ptd: 'SR,V,Auto'
ptd-server 2023-02-27 20:26:18,363 [INFO] Reply from ptd: 'Range V changed'
ptd-server 2023-02-27 20:26:18,364 [INFO] Sending to ptd: 'SR,A,Auto'
ptd-server 2023-02-27 20:26:18,866 [INFO] Reply from ptd: 'Range A changed'
ptd-server 2023-02-27 20:26:28,872 [INFO] Starting ranging mode
ptd-server 2023-02-27 20:26:28,872 [INFO] Sending to ptd: 'Go,1000,0,2023-02-27_20-26-00_ranging'
ptd-server 2023-02-27 20:26:28,872 [INFO] Reply from ptd: 'Starting untimed measurement, maximum 500000 samples at 1000ms with 0 rampup samples'
ptd-server 2023-02-27 20:26:28,872 [INFO] Sending reply to client 'OK'
ptd-server 2023-02-27 20:36:46,367 [INFO] Got command from the client 'session,2023-02-27_20-26-00,stop,ranging'
ptd-server 2023-02-27 20:36:56,377 [INFO] Sending to ptd: 'Stop'
ptd-server 2023-02-27 20:36:56,378 [INFO] Reply from ptd: 'Stopping untimed measurement'
ptd-server 2023-02-27 20:36:56,743 [INFO] Sending reply to client 'OK'
ptd-server 2023-02-27 20:36:56,786 [INFO] Got command from the client 'time'
ptd-server 2023-02-27 20:36:56,787 [INFO] Sending reply to client '1677530216.787043'
ptd-server 2023-02-27 20:36:56,789 [INFO] Got command from the client 'session,2023-02-27_20-26-00,start,testing'
ptd-server 2023-02-27 20:36:56,790 [INFO] Sending to ptd: 'SR,V,251.340000'
ptd-server 2023-02-27 20:36:58,374 [INFO] Reply from ptd: 'Range V changed'
ptd-server 2023-02-27 20:36:58,374 [INFO] Sending to ptd: 'SR,A,0.052600'
ptd-server 2023-02-27 20:36:59,875 [INFO] Reply from ptd: 'Range A changed'
ptd-server 2023-02-27 20:37:09,885 [INFO] Starting testing mode
ptd-server 2023-02-27 20:37:09,886 [INFO] Sending to ptd: 'Go,1000,0,2023-02-27_20-26-00_testing'
ptd-server 2023-02-27 20:37:09,886 [INFO] Reply from ptd: 'Starting untimed measurement, maximum 500000 samples at 1000ms with 0 rampup samples'
ptd-server 2023-02-27 20:37:09,886 [INFO] Sending reply to client 'OK'
ptd-server 2023-02-27 20:47:27,568 [INFO] Got command from the client 'session,2023-02-27_20-26-00,stop,testing'
ptd-server 2023-02-27 20:47:37,579 [INFO] Sending to ptd: 'Stop'
ptd-server 2023-02-27 20:47:37,579 [INFO] Reply from ptd: 'Stopping untimed measurement'
ptd-server 2023-02-27 20:47:37,777 [INFO] Sending reply to client 'OK'
ptd-server 2023-02-27 20:47:37,794 [INFO] Got command from the client 'session,2023-02-27_20-26-00,done'
ptd-server 2023-02-27 20:47:37,794 [INFO] Sending to ptd: 'Stop'
ptd-server 2023-02-27 20:47:37,887 [INFO] Reply from ptd: 'Error: no measurement to stop'
ptd-server 2023-02-27 20:47:37,887 [INFO] Sending to ptd: 'SR,V,300.000000'
ptd-server 2023-02-27 20:47:39,388 [INFO] Reply from ptd: 'Range V changed'
ptd-server 2023-02-27 20:47:39,389 [INFO] Sending to ptd: 'SR,A,0.100000'
ptd-server 2023-02-27 20:47:40,890 [INFO] Reply from ptd: 'Range A changed'
ptd-server 2023-02-27 20:47:40,890 [INFO] Set initial values for Amps 0.100000 and Volts 300.000000
ptd-server 2023-02-27 20:47:40,890 [INFO] Stopping ptd...
