ptd-server 2023-03-02 08:33:19,853 [INFO] Got command from the client 'time'
ptd-server 2023-03-02 08:33:19,853 [INFO] Sending reply to client '1677745999.8537884'
ptd-server 2023-03-02 08:33:19,856 [INFO] Got command from the client 'new,,81ef7f52-e64c-44b2-96e8-6e597e6107e8'
ptd-server 2023-03-02 08:33:19,856 [INFO] Sending reply to client 'OK 2023-03-02_08-33-19,cc623a48-2236-4b2d-b5da-425a22f0ca88'
ptd-server 2023-03-02 08:33:19,880 [INFO] Got command from the client 'time'
ptd-server 2023-03-02 08:33:19,880 [INFO] Sending reply to client '1677745999.8808503'
ptd-server 2023-03-02 08:33:19,883 [INFO] Got command from the client 'session,2023-03-02_08-33-19,start,ranging'
ptd-server 2023-03-02 08:33:19,883 [INFO] Running PTDaemon: ['/home/anton/projects/mlperf/power/inference_v1.0/ptd-linux-x86', '-l', '/tmp/tmpjo7pgaee/ptd_logfile.txt', '-p', '8888', '49', '/dev/usbtmc0']
ptd-server 2023-03-02 08:33:36,971 [INFO] Sending to ptd: 'Hello'
ptd-server 2023-03-02 08:33:36,972 [INFO] Reply from ptd: 'Hello, PTDaemon here!'
ptd-server 2023-03-02 08:33:36,972 [INFO] Sending to ptd: 'Identify'
ptd-server 2023-03-02 08:33:36,972 [INFO] Reply from ptd: 'YokogawaWT310E,1000,1,1,1,1,0,1,1,version=1.10.0-ed9a21d2-20220817,OS=Linux 5.15.0-60-generic #66~20.04.1-Ubuntu SMP Wed Jan 25 09:41:30 UTC 2023 x86_64,mode=power,1,1,1,0,0,no_cal_date,YOKOGAWA;WT310E;C3XA04010E;F1.04'
ptd-server 2023-03-02 08:33:36,972 [INFO] Connected to PTDaemon
ptd-server 2023-03-02 08:33:36,972 [INFO] Sending to ptd: 'RR'
ptd-server 2023-03-02 08:33:36,972 [INFO] Reply from ptd: 'Ranges,1,0.100000,1,300.000000'
ptd-server 2023-03-02 08:33:36,973 [INFO] Initial range for Amps is Auto for Volts is Auto
ptd-server 2023-03-02 08:33:36,973 [INFO] Sending to ptd: 'SR,V,Auto'
ptd-server 2023-03-02 08:33:37,475 [INFO] Reply from ptd: 'Range V changed'
ptd-server 2023-03-02 08:33:37,475 [INFO] Sending to ptd: 'SR,A,Auto'
ptd-server 2023-03-02 08:33:37,978 [INFO] Reply from ptd: 'Range A changed'
ptd-server 2023-03-02 08:33:47,988 [INFO] Starting ranging mode
ptd-server 2023-03-02 08:33:47,988 [INFO] Sending to ptd: 'Go,1000,0,2023-03-02_08-33-19_ranging'
ptd-server 2023-03-02 08:33:47,989 [INFO] Reply from ptd: 'Starting untimed measurement, maximum 500000 samples at 1000ms with 0 rampup samples'
ptd-server 2023-03-02 08:33:47,989 [INFO] Sending reply to client 'OK'
ptd-server 2023-03-02 08:44:12,748 [INFO] Got command from the client 'session,2023-03-02_08-33-19,stop,ranging'
ptd-server 2023-03-02 08:44:22,756 [INFO] Sending to ptd: 'Stop'
ptd-server 2023-03-02 08:44:22,756 [INFO] Reply from ptd: 'Stopping untimed measurement'
ptd-server 2023-03-02 08:44:22,825 [INFO] Sending reply to client 'OK'
ptd-server 2023-03-02 08:44:22,877 [INFO] Got command from the client 'time'
ptd-server 2023-03-02 08:44:22,878 [INFO] Sending reply to client '1677746662.8781817'
ptd-server 2023-03-02 08:44:22,881 [INFO] Got command from the client 'session,2023-03-02_08-33-19,start,testing'
ptd-server 2023-03-02 08:44:22,881 [INFO] Sending to ptd: 'SR,V,251.590000'
ptd-server 2023-03-02 08:44:24,491 [INFO] Reply from ptd: 'Range V changed'
ptd-server 2023-03-02 08:44:24,491 [INFO] Sending to ptd: 'SR,A,0.079900'
ptd-server 2023-03-02 08:44:25,992 [INFO] Reply from ptd: 'Range A changed'
ptd-server 2023-03-02 08:44:36,000 [INFO] Starting testing mode
ptd-server 2023-03-02 08:44:36,000 [INFO] Sending to ptd: 'Go,1000,0,2023-03-02_08-33-19_testing'
ptd-server 2023-03-02 08:44:36,000 [INFO] Reply from ptd: 'Starting untimed measurement, maximum 500000 samples at 1000ms with 0 rampup samples'
ptd-server 2023-03-02 08:44:36,001 [INFO] Sending reply to client 'OK'
ptd-server 2023-03-02 08:55:01,041 [INFO] Got command from the client 'session,2023-03-02_08-33-19,stop,testing'
ptd-server 2023-03-02 08:55:11,048 [INFO] Sending to ptd: 'Stop'
ptd-server 2023-03-02 08:55:11,048 [INFO] Reply from ptd: 'Stopping untimed measurement'
ptd-server 2023-03-02 08:55:11,083 [INFO] Sending reply to client 'OK'
ptd-server 2023-03-02 08:55:11,103 [INFO] Got command from the client 'session,2023-03-02_08-33-19,done'
ptd-server 2023-03-02 08:55:11,103 [INFO] Sending to ptd: 'Stop'
ptd-server 2023-03-02 08:55:12,000 [INFO] Reply from ptd: 'Error: no measurement to stop'
ptd-server 2023-03-02 08:55:12,000 [INFO] Sending to ptd: 'SR,V,Auto'
ptd-server 2023-03-02 08:55:12,503 [INFO] Reply from ptd: 'Range V changed'
ptd-server 2023-03-02 08:55:12,503 [INFO] Sending to ptd: 'SR,A,Auto'
ptd-server 2023-03-02 08:55:13,005 [INFO] Reply from ptd: 'Range A changed'
ptd-server 2023-03-02 08:55:13,006 [INFO] Set initial values for Amps Auto and Volts Auto
ptd-server 2023-03-02 08:55:13,006 [INFO] Stopping ptd...
