ptd-server 2023-03-02 03:03:26,547 [INFO] Got command from the client 'time'
ptd-server 2023-03-02 03:03:26,547 [INFO] Sending reply to client '1677726206.5474727'
ptd-server 2023-03-02 03:03:26,548 [INFO] Got command from the client 'new,,b46565e2-f219-40d4-9035-a20ea6d0d233'
ptd-server 2023-03-02 03:03:26,549 [INFO] Sending reply to client 'OK 2023-03-02_03-03-26,dba74e3d-537c-4c23-90f7-27e9741ca5ca'
ptd-server 2023-03-02 03:03:26,571 [INFO] Got command from the client 'time'
ptd-server 2023-03-02 03:03:26,571 [INFO] Sending reply to client '1677726206.571685'
ptd-server 2023-03-02 03:03:26,573 [INFO] Got command from the client 'session,2023-03-02_03-03-26,start,ranging'
ptd-server 2023-03-02 03:03:26,573 [INFO] Running PTDaemon: ['/home/anton/projects/mlperf/power/inference_v1.0/ptd-linux-x86', '-l', '/tmp/tmpjo7pgaee/ptd_logfile.txt', '-p', '8888', '49', '/dev/usbtmc0']
ptd-server 2023-03-02 03:03:43,660 [INFO] Sending to ptd: 'Hello'
ptd-server 2023-03-02 03:03:43,661 [INFO] Reply from ptd: 'Hello, PTDaemon here!'
ptd-server 2023-03-02 03:03:43,661 [INFO] Sending to ptd: 'Identify'
ptd-server 2023-03-02 03:03:43,661 [INFO] Reply from ptd: 'YokogawaWT310E,1000,1,1,1,1,0,1,1,version=1.10.0-ed9a21d2-20220817,OS=Linux 5.15.0-60-generic #66~20.04.1-Ubuntu SMP Wed Jan 25 09:41:30 UTC 2023 x86_64,mode=power,1,1,1,0,0,no_cal_date,YOKOGAWA;WT310E;C3XA04010E;F1.04'
ptd-server 2023-03-02 03:03:43,661 [INFO] Connected to PTDaemon
ptd-server 2023-03-02 03:03:43,661 [INFO] Sending to ptd: 'RR'
ptd-server 2023-03-02 03:03:43,662 [INFO] Reply from ptd: 'Ranges,1,0.100000,1,300.000000'
ptd-server 2023-03-02 03:03:43,662 [INFO] Initial range for Amps is Auto for Volts is Auto
ptd-server 2023-03-02 03:03:43,662 [INFO] Sending to ptd: 'SR,V,Auto'
ptd-server 2023-03-02 03:03:44,164 [INFO] Reply from ptd: 'Range V changed'
ptd-server 2023-03-02 03:03:44,165 [INFO] Sending to ptd: 'SR,A,Auto'
ptd-server 2023-03-02 03:03:44,667 [INFO] Reply from ptd: 'Range A changed'
ptd-server 2023-03-02 03:03:54,677 [INFO] Starting ranging mode
ptd-server 2023-03-02 03:03:54,678 [INFO] Sending to ptd: 'Go,1000,0,2023-03-02_03-03-26_ranging'
ptd-server 2023-03-02 03:03:54,678 [INFO] Reply from ptd: 'Starting untimed measurement, maximum 500000 samples at 1000ms with 0 rampup samples'
ptd-server 2023-03-02 03:03:54,678 [INFO] Sending reply to client 'OK'
ptd-server 2023-03-02 03:14:18,201 [INFO] Got command from the client 'session,2023-03-02_03-03-26,stop,ranging'
ptd-server 2023-03-02 03:14:28,211 [INFO] Sending to ptd: 'Stop'
ptd-server 2023-03-02 03:14:28,212 [INFO] Reply from ptd: 'Stopping untimed measurement'
ptd-server 2023-03-02 03:14:28,242 [INFO] Sending reply to client 'OK'
ptd-server 2023-03-02 03:14:28,335 [INFO] Got command from the client 'time'
ptd-server 2023-03-02 03:14:28,335 [INFO] Sending reply to client '1677726868.335456'
ptd-server 2023-03-02 03:14:28,338 [INFO] Got command from the client 'session,2023-03-02_03-03-26,start,testing'
ptd-server 2023-03-02 03:14:28,338 [INFO] Sending to ptd: 'SR,V,250.720000'
ptd-server 2023-03-02 03:14:30,179 [INFO] Reply from ptd: 'Range V changed'
ptd-server 2023-03-02 03:14:30,179 [INFO] Sending to ptd: 'SR,A,0.087420'
ptd-server 2023-03-02 03:14:31,681 [INFO] Reply from ptd: 'Range A changed'
ptd-server 2023-03-02 03:14:41,691 [INFO] Starting testing mode
ptd-server 2023-03-02 03:14:41,691 [INFO] Sending to ptd: 'Go,1000,0,2023-03-02_03-03-26_testing'
ptd-server 2023-03-02 03:14:41,692 [INFO] Reply from ptd: 'Starting untimed measurement, maximum 500000 samples at 1000ms with 0 rampup samples'
ptd-server 2023-03-02 03:14:41,692 [INFO] Sending reply to client 'OK'
ptd-server 2023-03-02 03:25:05,326 [INFO] Got command from the client 'session,2023-03-02_03-03-26,stop,testing'
ptd-server 2023-03-02 03:25:15,336 [INFO] Sending to ptd: 'Stop'
ptd-server 2023-03-02 03:25:15,336 [INFO] Reply from ptd: 'Stopping untimed measurement'
ptd-server 2023-03-02 03:25:15,351 [INFO] Sending reply to client 'OK'
ptd-server 2023-03-02 03:25:15,366 [INFO] Got command from the client 'session,2023-03-02_03-03-26,done'
ptd-server 2023-03-02 03:25:15,367 [INFO] Sending to ptd: 'Stop'
ptd-server 2023-03-02 03:25:15,693 [INFO] Reply from ptd: 'Error: no measurement to stop'
ptd-server 2023-03-02 03:25:15,693 [INFO] Sending to ptd: 'SR,V,Auto'
ptd-server 2023-03-02 03:25:16,195 [INFO] Reply from ptd: 'Range V changed'
ptd-server 2023-03-02 03:25:16,196 [INFO] Sending to ptd: 'SR,A,Auto'
ptd-server 2023-03-02 03:25:16,698 [INFO] Reply from ptd: 'Range A changed'
ptd-server 2023-03-02 03:25:16,698 [INFO] Set initial values for Amps Auto and Volts Auto
ptd-server 2023-03-02 03:25:16,698 [INFO] Stopping ptd...
