ptd-server 2023-02-21 19:14:06,870 [INFO] Got command from the client 'time'
ptd-server 2023-02-21 19:14:06,870 [INFO] Sending reply to client '1677006846.8704276'
ptd-server 2023-02-21 19:14:06,871 [INFO] Got command from the client 'new,,2ba2106b-7faa-4e8d-87a5-6dcd041a0b9c'
ptd-server 2023-02-21 19:14:06,871 [INFO] Sending reply to client 'OK 2023-02-21_19-14-06,83b83020-d76f-432c-a893-82c1c966d7ce'
ptd-server 2023-02-21 19:14:06,996 [INFO] Got command from the client 'time'
ptd-server 2023-02-21 19:14:06,996 [INFO] Sending reply to client '1677006846.9969187'
ptd-server 2023-02-21 19:14:06,997 [INFO] Got command from the client 'session,2023-02-21_19-14-06,start,ranging'
ptd-server 2023-02-21 19:14:06,998 [INFO] Running PTDaemon: ['/home/anton/projects/mlperf/power/inference_v1.0/ptd-linux-x86', '-l', '/tmp/tmp4yl1neqp/ptd_logfile.txt', '-p', '8888', '49', '/dev/usbtmc0']
ptd-server 2023-02-21 19:14:24,071 [INFO] Sending to ptd: 'Hello'
ptd-server 2023-02-21 19:14:24,072 [INFO] Reply from ptd: 'Hello, PTDaemon here!'
ptd-server 2023-02-21 19:14:24,072 [INFO] Sending to ptd: 'Identify'
ptd-server 2023-02-21 19:14:24,073 [INFO] Reply from ptd: 'YokogawaWT310E,1000,1,1,1,1,0,1,1,version=1.10.0-ed9a21d2-20220817,OS=Linux 5.15.0-60-generic #66~20.04.1-Ubuntu SMP Wed Jan 25 09:41:30 UTC 2023 x86_64,mode=power,1,1,1,0,0,no_cal_date,YOKOGAWA;WT310E;C3XA04010E;F1.04'
ptd-server 2023-02-21 19:14:24,073 [INFO] Connected to PTDaemon
ptd-server 2023-02-21 19:14:24,073 [INFO] Sending to ptd: 'RR'
ptd-server 2023-02-21 19:14:24,073 [INFO] Reply from ptd: 'Ranges,1,0.100000,1,300.000000'
ptd-server 2023-02-21 19:14:24,073 [INFO] Initial range for Amps is Auto for Volts is Auto
ptd-server 2023-02-21 19:14:24,073 [INFO] Sending to ptd: 'SR,V,Auto'
ptd-server 2023-02-21 19:14:24,576 [INFO] Reply from ptd: 'Range V changed'
ptd-server 2023-02-21 19:14:24,576 [INFO] Sending to ptd: 'SR,A,Auto'
ptd-server 2023-02-21 19:14:25,079 [INFO] Reply from ptd: 'Range A changed'
ptd-server 2023-02-21 19:14:35,089 [INFO] Starting ranging mode
ptd-server 2023-02-21 19:14:35,089 [INFO] Sending to ptd: 'Go,1000,0,2023-02-21_19-14-06_ranging'
ptd-server 2023-02-21 19:14:35,089 [INFO] Reply from ptd: 'Starting untimed measurement, maximum 500000 samples at 1000ms with 0 rampup samples'
ptd-server 2023-02-21 19:14:35,090 [INFO] Sending reply to client 'OK'
ptd-server 2023-02-21 19:25:06,714 [INFO] Got command from the client 'session,2023-02-21_19-14-06,stop,ranging'
ptd-server 2023-02-21 19:25:16,725 [INFO] Sending to ptd: 'Stop'
ptd-server 2023-02-21 19:25:16,725 [INFO] Reply from ptd: 'Stopping untimed measurement'
ptd-server 2023-02-21 19:25:17,066 [INFO] Sending reply to client 'OK'
ptd-server 2023-02-21 19:25:17,203 [INFO] Got command from the client 'time'
ptd-server 2023-02-21 19:25:17,203 [INFO] Sending reply to client '1677007517.2038007'
ptd-server 2023-02-21 19:25:17,204 [INFO] Got command from the client 'session,2023-02-21_19-14-06,start,testing'
ptd-server 2023-02-21 19:25:17,204 [INFO] Sending to ptd: 'SR,V,251.050000'
ptd-server 2023-02-21 19:25:18,706 [INFO] Reply from ptd: 'Range V changed'
ptd-server 2023-02-21 19:25:18,706 [INFO] Sending to ptd: 'SR,A,0.050750'
ptd-server 2023-02-21 19:25:20,207 [INFO] Reply from ptd: 'Range A changed'
ptd-server 2023-02-21 19:25:30,218 [INFO] Starting testing mode
ptd-server 2023-02-21 19:25:30,218 [INFO] Sending to ptd: 'Go,1000,0,2023-02-21_19-14-06_testing'
ptd-server 2023-02-21 19:25:30,218 [INFO] Reply from ptd: 'Starting untimed measurement, maximum 500000 samples at 1000ms with 0 rampup samples'
ptd-server 2023-02-21 19:25:30,218 [INFO] Sending reply to client 'OK'
ptd-server 2023-02-21 19:36:01,878 [INFO] Got command from the client 'session,2023-02-21_19-14-06,stop,testing'
ptd-server 2023-02-21 19:36:11,888 [INFO] Sending to ptd: 'Stop'
ptd-server 2023-02-21 19:36:11,889 [INFO] Reply from ptd: 'Stopping untimed measurement'
ptd-server 2023-02-21 19:36:12,079 [INFO] Sending reply to client 'OK'
ptd-server 2023-02-21 19:36:12,087 [INFO] Got command from the client 'session,2023-02-21_19-14-06,done'
ptd-server 2023-02-21 19:36:12,087 [INFO] Sending to ptd: 'Stop'
ptd-server 2023-02-21 19:36:12,219 [INFO] Reply from ptd: 'Error: no measurement to stop'
ptd-server 2023-02-21 19:36:12,219 [INFO] Sending to ptd: 'SR,V,Auto'
ptd-server 2023-02-21 19:36:12,722 [INFO] Reply from ptd: 'Range V changed'
ptd-server 2023-02-21 19:36:12,722 [INFO] Sending to ptd: 'SR,A,Auto'
ptd-server 2023-02-21 19:36:13,224 [INFO] Reply from ptd: 'Range A changed'
ptd-server 2023-02-21 19:36:13,224 [INFO] Set initial values for Amps Auto and Volts Auto
ptd-server 2023-02-21 19:36:13,225 [INFO] Stopping ptd...
