ptd-server 2023-02-21 13:05:09,557 [INFO] Got command from the client 'time'
ptd-server 2023-02-21 13:05:09,557 [INFO] Sending reply to client '1676984709.5576465'
ptd-server 2023-02-21 13:05:09,558 [INFO] Got command from the client 'new,,eecefdc4-8bae-4f4e-82d8-f4028f0f1e0c'
ptd-server 2023-02-21 13:05:09,559 [INFO] Sending reply to client 'OK 2023-02-21_13-05-09,26c4fea8-5add-43a8-90af-c2d3889ee791'
ptd-server 2023-02-21 13:05:09,579 [INFO] Got command from the client 'time'
ptd-server 2023-02-21 13:05:09,579 [INFO] Sending reply to client '1676984709.5796537'
ptd-server 2023-02-21 13:05:09,580 [INFO] Got command from the client 'session,2023-02-21_13-05-09,start,ranging'
ptd-server 2023-02-21 13:05:09,580 [INFO] Running PTDaemon: ['/home/anton/projects/mlperf/power/inference_v1.0/ptd-linux-x86', '-l', '/tmp/tmp4yl1neqp/ptd_logfile.txt', '-p', '8888', '49', '/dev/usbtmc0']
ptd-server 2023-02-21 13:05:26,651 [INFO] Sending to ptd: 'Hello'
ptd-server 2023-02-21 13:05:26,652 [INFO] Reply from ptd: 'Hello, PTDaemon here!'
ptd-server 2023-02-21 13:05:26,652 [INFO] Sending to ptd: 'Identify'
ptd-server 2023-02-21 13:05:26,652 [INFO] Reply from ptd: 'YokogawaWT310E,1000,1,1,1,1,0,1,1,version=1.10.0-ed9a21d2-20220817,OS=Linux 5.15.0-60-generic #66~20.04.1-Ubuntu SMP Wed Jan 25 09:41:30 UTC 2023 x86_64,mode=power,1,1,1,0,0,no_cal_date,YOKOGAWA;WT310E;C3XA04010E;F1.04'
ptd-server 2023-02-21 13:05:26,652 [INFO] Connected to PTDaemon
ptd-server 2023-02-21 13:05:26,652 [INFO] Sending to ptd: 'RR'
ptd-server 2023-02-21 13:05:26,653 [INFO] Reply from ptd: 'Ranges,1,0.100000,1,300.000000'
ptd-server 2023-02-21 13:05:26,653 [INFO] Initial range for Amps is Auto for Volts is Auto
ptd-server 2023-02-21 13:05:26,653 [INFO] Sending to ptd: 'SR,V,Auto'
ptd-server 2023-02-21 13:05:27,155 [INFO] Reply from ptd: 'Range V changed'
ptd-server 2023-02-21 13:05:27,155 [INFO] Sending to ptd: 'SR,A,Auto'
ptd-server 2023-02-21 13:05:27,658 [INFO] Reply from ptd: 'Range A changed'
ptd-server 2023-02-21 13:05:37,668 [INFO] Starting ranging mode
ptd-server 2023-02-21 13:05:37,668 [INFO] Sending to ptd: 'Go,1000,0,2023-02-21_13-05-09_ranging'
ptd-server 2023-02-21 13:05:37,668 [INFO] Reply from ptd: 'Starting untimed measurement, maximum 500000 samples at 1000ms with 0 rampup samples'
ptd-server 2023-02-21 13:05:37,669 [INFO] Sending reply to client 'OK'
ptd-server 2023-02-21 13:16:04,919 [INFO] Got command from the client 'session,2023-02-21_13-05-09,stop,ranging'
ptd-server 2023-02-21 13:16:14,929 [INFO] Sending to ptd: 'Stop'
ptd-server 2023-02-21 13:16:14,929 [INFO] Reply from ptd: 'Stopping untimed measurement'
ptd-server 2023-02-21 13:16:15,262 [INFO] Sending reply to client 'OK'
ptd-server 2023-02-21 13:16:15,336 [INFO] Got command from the client 'time'
ptd-server 2023-02-21 13:16:15,336 [INFO] Sending reply to client '1676985375.3368645'
ptd-server 2023-02-21 13:16:15,337 [INFO] Got command from the client 'session,2023-02-21_13-05-09,start,testing'
ptd-server 2023-02-21 13:16:15,337 [INFO] Sending to ptd: 'SR,V,254.290000'
ptd-server 2023-02-21 13:16:17,169 [INFO] Reply from ptd: 'Range V changed'
ptd-server 2023-02-21 13:16:17,169 [INFO] Sending to ptd: 'SR,A,0.065460'
ptd-server 2023-02-21 13:16:18,670 [INFO] Reply from ptd: 'Range A changed'
ptd-server 2023-02-21 13:16:28,681 [INFO] Starting testing mode
ptd-server 2023-02-21 13:16:28,681 [INFO] Sending to ptd: 'Go,1000,0,2023-02-21_13-05-09_testing'
ptd-server 2023-02-21 13:16:28,681 [INFO] Reply from ptd: 'Starting untimed measurement, maximum 500000 samples at 1000ms with 0 rampup samples'
ptd-server 2023-02-21 13:16:28,681 [INFO] Sending reply to client 'OK'
ptd-server 2023-02-21 13:26:55,762 [INFO] Got command from the client 'session,2023-02-21_13-05-09,stop,testing'
ptd-server 2023-02-21 13:27:05,772 [INFO] Sending to ptd: 'Stop'
ptd-server 2023-02-21 13:27:05,773 [INFO] Reply from ptd: 'Stopping untimed measurement'
ptd-server 2023-02-21 13:27:05,943 [INFO] Sending reply to client 'OK'
ptd-server 2023-02-21 13:27:05,951 [INFO] Got command from the client 'session,2023-02-21_13-05-09,done'
ptd-server 2023-02-21 13:27:05,951 [INFO] Sending to ptd: 'Stop'
ptd-server 2023-02-21 13:27:06,682 [INFO] Reply from ptd: 'Error: no measurement to stop'
ptd-server 2023-02-21 13:27:06,682 [INFO] Sending to ptd: 'SR,V,Auto'
ptd-server 2023-02-21 13:27:07,184 [INFO] Reply from ptd: 'Range V changed'
ptd-server 2023-02-21 13:27:07,184 [INFO] Sending to ptd: 'SR,A,Auto'
ptd-server 2023-02-21 13:27:07,687 [INFO] Reply from ptd: 'Range A changed'
ptd-server 2023-02-21 13:27:07,687 [INFO] Set initial values for Amps Auto and Volts Auto
ptd-server 2023-02-21 13:27:07,688 [INFO] Stopping ptd...
