client 2023-02-26 18:30:24,583 [INFO] Creating output directory '/home/arjun/mobilenet_results/valid_results/arjun_orin-tflite_armnn_cpp-cpu-armnn_tflite-v22.11-using_neon/efficientnet-fp32-lite1/singlestream/performance/tmp_power'
client 2023-02-26 18:30:24,825 [INFO] Sending command to the server: 'mlcommons/power client v3'
client 2023-02-26 18:30:24,830 [INFO] Got response: 'mlcommons/power server v3'
client 2023-02-26 18:30:24,831 [INFO] Synchronizing with the server and with time.google.com...
client 2023-02-26 18:30:24,856 [INFO] NTP:offset = -0.002 s, delay = 0.016 s 
client 2023-02-26 18:30:24,856 [INFO] Sending command to the server: 'time'
client 2023-02-26 18:30:24,860 [INFO] Got response: '1677436224.8572757'
client 2023-02-26 18:30:24,860 [INFO] The time difference between the client and the server is within range -1.011 ms..2.954 ms
client 2023-02-26 18:30:24,860 [INFO] Sending command to the server: 'new,,11dd78d2-c28d-4806-b324-a8552b49c115'
client 2023-02-26 18:30:24,865 [INFO] Got response: 'OK 2023-02-26_18-30-24,b85facc6-2797-4502-b52a-ac2fde2f0f6a'
client 2023-02-26 18:30:24,865 [INFO] Session id is '2023-02-26_18-30-24'
client 2023-02-26 18:30:24,865 [INFO] Sources: {"sources": {"__init__.py": "da39a3ee5e6b4b0d3255bfef95601890afd80709", "client.py": "33ca4f26368777ac06e01f9567b714a4b8063886", "lib/__init__.py": "da39a3ee5e6b4b0d3255bfef95601890afd80709", "lib/client.py": "4c2b78fb4849a7e5b584ef792d82aaed20b17f57", "lib/common.py": "624d0c0acc7c39aaff3674f0b99d6a09da53d1dc", "lib/external/__init__.py": "da39a3ee5e6b4b0d3255bfef95601890afd80709", "lib/external/ntplib.py": "4da8f970656505a40483206ef2b5d3dd5e81711d", "lib/server.py": "cda0cdfaee9bfa1249c64a7dd4f89b7bf1b279f0", "lib/source_hashes.py": "60a2e02193209e8d392803326208d5466342da18", "lib/summary.py": "aa92f0a3f975eecd44d3c0cd0236342ccc9f941d", "lib/time_sync.py": "3210db56eb0ff0df57bf4293dc4d4b03fffd46f1", "server.py": "c3f90f2f7eeb4db30727556d0c815ebc89b3d28b", "tests/unit/__init__.py": "da39a3ee5e6b4b0d3255bfef95601890afd80709", "tests/unit/test_server.py": "99ae15aef722f2000ee6ed1ae1523637bf1ae42b", "tests/unit/test_source_hashes.py": "00468a2907583c593e6574a1f6b404e4651c221a"}, "modules": {"ptd_client_server.lib.client": "lib/client.py", "ptd_client_server.lib.common": "lib/common.py", "ptd_client_server.lib.external.ntplib": "lib/external/ntplib.py", "ptd_client_server.lib.source_hashes": "lib/source_hashes.py", "ptd_client_server.lib.summary": "lib/summary.py", "ptd_client_server.lib.time_sync": "lib/time_sync.py"}}
client 2023-02-26 18:30:24,866 [INFO] Running workload in ranging mode
client 2023-02-26 18:30:24,866 [INFO] Synchronizing with the server and with time.google.com...
client 2023-02-26 18:30:24,885 [INFO] NTP:offset = -0.002 s, delay = 0.016 s 
client 2023-02-26 18:30:24,885 [INFO] Sending command to the server: 'time'
client 2023-02-26 18:30:24,890 [INFO] Got response: '1677436224.8865526'
client 2023-02-26 18:30:24,890 [INFO] The time difference between the client and the server is within range -1.320 ms..4.166 ms
client 2023-02-26 18:30:24,890 [INFO] Sending command to the server: 'session,2023-02-26_18-30-24,start,ranging'
client 2023-02-26 18:30:53,030 [INFO] Got response: 'OK'
client 2023-02-26 18:30:53,030 [INFO] Running the workload '/home/arjun/run.out'
client 2023-02-26 18:41:26,568 [INFO] Sending command to the server: 'session,2023-02-26_18-30-24,stop,ranging'
client 2023-02-26 18:41:36,955 [INFO] Got response: 'OK'
client 2023-02-26 18:41:36,972 [INFO] Copying loadgen logs from '/home/arjun/mobilenet_results/valid_results/arjun_orin-tflite_armnn_cpp-cpu-armnn_tflite-v22.11-using_neon/efficientnet-fp32-lite1/singlestream/performance/run_1' to '/home/arjun/mobilenet_results/valid_results/arjun_orin-tflite_armnn_cpp-cpu-armnn_tflite-v22.11-using_neon/efficientnet-fp32-lite1/singlestream/performance/tmp_power/ranging'
client 2023-02-26 18:41:36,974 [INFO] Running workload in testing mode
client 2023-02-26 18:41:36,974 [INFO] Synchronizing with the server and with time.google.com...
client 2023-02-26 18:41:37,007 [INFO] NTP:offset = -0.001 s, delay = 0.018 s 
client 2023-02-26 18:41:37,007 [INFO] Sending command to the server: 'time'
client 2023-02-26 18:41:37,010 [INFO] Got response: '1677436897.0095983'
client 2023-02-26 18:41:37,011 [INFO] The time difference between the client and the server is within range -2.079 ms..1.519 ms
client 2023-02-26 18:41:37,011 [INFO] Sending command to the server: 'session,2023-02-26_18-30-24,start,testing'
client 2023-02-26 18:41:50,044 [INFO] Got response: 'OK'
client 2023-02-26 18:41:50,045 [INFO] Running the workload '/home/arjun/run.out'
client 2023-02-26 18:52:17,765 [INFO] Sending command to the server: 'session,2023-02-26_18-30-24,stop,testing'
client 2023-02-26 18:52:27,887 [INFO] Got response: 'OK'
client 2023-02-26 18:52:27,888 [INFO] Copying loadgen logs from '/home/arjun/mobilenet_results/valid_results/arjun_orin-tflite_armnn_cpp-cpu-armnn_tflite-v22.11-using_neon/efficientnet-fp32-lite1/singlestream/performance/run_1' to '/home/arjun/mobilenet_results/valid_results/arjun_orin-tflite_armnn_cpp-cpu-armnn_tflite-v22.11-using_neon/efficientnet-fp32-lite1/singlestream/performance/tmp_power/run_1'
client 2023-02-26 18:52:27,889 [INFO] Done runs
