ptd-server 2023-02-28 11:54:08,556 [INFO] Got command from the client 'time'
ptd-server 2023-02-28 11:54:08,556 [INFO] Sending reply to client '1677585248.5567784'
ptd-server 2023-02-28 11:54:08,558 [INFO] Got command from the client 'new,,be7673ff-24e8-4cf5-963b-791e9e8d6891'
ptd-server 2023-02-28 11:54:08,558 [INFO] Sending reply to client 'OK 2023-02-28_11-54-08,8562c944-8791-43f2-a478-2fab540b3817'
ptd-server 2023-02-28 11:54:08,592 [INFO] Got command from the client 'time'
ptd-server 2023-02-28 11:54:08,593 [INFO] Sending reply to client '1677585248.5930307'
ptd-server 2023-02-28 11:54:08,594 [INFO] Got command from the client 'session,2023-02-28_11-54-08,start,ranging'
ptd-server 2023-02-28 11:54:08,595 [INFO] Running PTDaemon: ['/home/anton/projects/mlperf/power/inference_v1.0/ptd-linux-x86', '-l', '/tmp/tmpu4v721n6/ptd_logfile.txt', '-p', '8888', '49', '/dev/usbtmc0']
ptd-server 2023-02-28 11:54:25,682 [INFO] Sending to ptd: 'Hello'
ptd-server 2023-02-28 11:54:25,683 [INFO] Reply from ptd: 'Hello, PTDaemon here!'
ptd-server 2023-02-28 11:54:25,683 [INFO] Sending to ptd: 'Identify'
ptd-server 2023-02-28 11:54:25,683 [INFO] Reply from ptd: 'YokogawaWT310E,1000,1,1,1,1,0,1,1,version=1.10.0-ed9a21d2-20220817,OS=Linux 5.15.0-60-generic #66~20.04.1-Ubuntu SMP Wed Jan 25 09:41:30 UTC 2023 x86_64,mode=power,1,1,1,0,0,no_cal_date,YOKOGAWA;WT310E;C3XA04010E;F1.04'
ptd-server 2023-02-28 11:54:25,684 [INFO] Connected to PTDaemon
ptd-server 2023-02-28 11:54:25,684 [INFO] Sending to ptd: 'RR'
ptd-server 2023-02-28 11:54:25,684 [INFO] Reply from ptd: 'Ranges,0,0.100000,0,300.000000'
ptd-server 2023-02-28 11:54:25,684 [INFO] Initial range for Amps is 0.100000 for Volts is 300.000000
ptd-server 2023-02-28 11:54:25,684 [INFO] Sending to ptd: 'SR,V,Auto'
ptd-server 2023-02-28 11:54:26,187 [INFO] Reply from ptd: 'Range V changed'
ptd-server 2023-02-28 11:54:26,187 [INFO] Sending to ptd: 'SR,A,Auto'
ptd-server 2023-02-28 11:54:26,689 [INFO] Reply from ptd: 'Range A changed'
ptd-server 2023-02-28 11:54:36,699 [INFO] Starting ranging mode
ptd-server 2023-02-28 11:54:36,700 [INFO] Sending to ptd: 'Go,1000,0,2023-02-28_11-54-08_ranging'
ptd-server 2023-02-28 11:54:36,700 [INFO] Reply from ptd: 'Starting untimed measurement, maximum 500000 samples at 1000ms with 0 rampup samples'
ptd-server 2023-02-28 11:54:36,700 [INFO] Sending reply to client 'OK'
ptd-server 2023-02-28 12:05:10,851 [INFO] Got command from the client 'session,2023-02-28_11-54-08,stop,ranging'
ptd-server 2023-02-28 12:05:20,861 [INFO] Sending to ptd: 'Stop'
ptd-server 2023-02-28 12:05:20,861 [INFO] Reply from ptd: 'Stopping untimed measurement'
ptd-server 2023-02-28 12:05:21,343 [INFO] Sending reply to client 'OK'
ptd-server 2023-02-28 12:05:21,433 [INFO] Got command from the client 'time'
ptd-server 2023-02-28 12:05:21,433 [INFO] Sending reply to client '1677585921.4334087'
ptd-server 2023-02-28 12:05:21,435 [INFO] Got command from the client 'session,2023-02-28_11-54-08,start,testing'
ptd-server 2023-02-28 12:05:21,435 [INFO] Sending to ptd: 'SR,V,250.470000'
ptd-server 2023-02-28 12:05:23,201 [INFO] Reply from ptd: 'Range V changed'
ptd-server 2023-02-28 12:05:23,202 [INFO] Sending to ptd: 'SR,A,0.060670'
ptd-server 2023-02-28 12:05:24,703 [INFO] Reply from ptd: 'Range A changed'
ptd-server 2023-02-28 12:05:34,713 [INFO] Starting testing mode
ptd-server 2023-02-28 12:05:34,713 [INFO] Sending to ptd: 'Go,1000,0,2023-02-28_11-54-08_testing'
ptd-server 2023-02-28 12:05:34,714 [INFO] Reply from ptd: 'Starting untimed measurement, maximum 500000 samples at 1000ms with 0 rampup samples'
ptd-server 2023-02-28 12:05:34,714 [INFO] Sending reply to client 'OK'
ptd-server 2023-02-28 12:16:09,006 [INFO] Got command from the client 'session,2023-02-28_11-54-08,stop,testing'
ptd-server 2023-02-28 12:16:19,016 [INFO] Sending to ptd: 'Stop'
ptd-server 2023-02-28 12:16:19,016 [INFO] Reply from ptd: 'Stopping untimed measurement'
ptd-server 2023-02-28 12:16:19,265 [INFO] Sending reply to client 'OK'
ptd-server 2023-02-28 12:16:19,285 [INFO] Got command from the client 'session,2023-02-28_11-54-08,done'
ptd-server 2023-02-28 12:16:19,285 [INFO] Sending to ptd: 'Stop'
ptd-server 2023-02-28 12:16:19,715 [INFO] Reply from ptd: 'Error: no measurement to stop'
ptd-server 2023-02-28 12:16:19,715 [INFO] Sending to ptd: 'SR,V,300.000000'
ptd-server 2023-02-28 12:16:21,217 [INFO] Reply from ptd: 'Range V changed'
ptd-server 2023-02-28 12:16:21,217 [INFO] Sending to ptd: 'SR,A,0.100000'
ptd-server 2023-02-28 12:16:22,718 [INFO] Reply from ptd: 'Range A changed'
ptd-server 2023-02-28 12:16:22,718 [INFO] Set initial values for Amps 0.100000 and Volts 300.000000
ptd-server 2023-02-28 12:16:22,719 [INFO] Stopping ptd...
