client 2023-02-24 23:55:44,671 [INFO] Creating output directory '/home/arjun/mobilenet_results/valid_results/arjun_orin-tflite_cpp-cpu-tflite-vmaster-default_config/efficientnet-fp32-lite2/singlestream/performance/tmp_power'
client 2023-02-24 23:55:44,794 [INFO] Sending command to the server: 'mlcommons/power client v3'
client 2023-02-24 23:55:44,798 [INFO] Got response: 'mlcommons/power server v3'
client 2023-02-24 23:55:44,799 [INFO] Synchronizing with the server and with time.google.com...
client 2023-02-24 23:55:44,844 [INFO] NTP:offset = 0.001 s, delay = 0.015 s 
client 2023-02-24 23:55:44,844 [INFO] Sending command to the server: 'time'
client 2023-02-24 23:55:44,849 [INFO] Got response: '1677282944.8487248'
client 2023-02-24 23:55:44,849 [INFO] The time difference between the client and the server is within range -4.131 ms..0.691 ms
client 2023-02-24 23:55:44,849 [INFO] Sending command to the server: 'new,,107ee648-a3bf-451e-bbe0-6f8bbc456bbc'
client 2023-02-24 23:55:44,854 [INFO] Got response: 'OK 2023-02-24_23-55-44,60589964-6896-46c0-9d0c-7cdca2b7d887'
client 2023-02-24 23:55:44,855 [INFO] Session id is '2023-02-24_23-55-44'
client 2023-02-24 23:55:44,855 [INFO] Sources: {"sources": {"__init__.py": "da39a3ee5e6b4b0d3255bfef95601890afd80709", "client.py": "33ca4f26368777ac06e01f9567b714a4b8063886", "lib/__init__.py": "da39a3ee5e6b4b0d3255bfef95601890afd80709", "lib/client.py": "4c2b78fb4849a7e5b584ef792d82aaed20b17f57", "lib/common.py": "624d0c0acc7c39aaff3674f0b99d6a09da53d1dc", "lib/external/__init__.py": "da39a3ee5e6b4b0d3255bfef95601890afd80709", "lib/external/ntplib.py": "4da8f970656505a40483206ef2b5d3dd5e81711d", "lib/server.py": "cda0cdfaee9bfa1249c64a7dd4f89b7bf1b279f0", "lib/source_hashes.py": "60a2e02193209e8d392803326208d5466342da18", "lib/summary.py": "aa92f0a3f975eecd44d3c0cd0236342ccc9f941d", "lib/time_sync.py": "3210db56eb0ff0df57bf4293dc4d4b03fffd46f1", "server.py": "c3f90f2f7eeb4db30727556d0c815ebc89b3d28b", "tests/unit/__init__.py": "da39a3ee5e6b4b0d3255bfef95601890afd80709", "tests/unit/test_server.py": "99ae15aef722f2000ee6ed1ae1523637bf1ae42b", "tests/unit/test_source_hashes.py": "00468a2907583c593e6574a1f6b404e4651c221a"}, "modules": {"ptd_client_server.lib.client": "lib/client.py", "ptd_client_server.lib.common": "lib/common.py", "ptd_client_server.lib.external.ntplib": "lib/external/ntplib.py", "ptd_client_server.lib.source_hashes": "lib/source_hashes.py", "ptd_client_server.lib.summary": "lib/summary.py", "ptd_client_server.lib.time_sync": "lib/time_sync.py"}}
client 2023-02-24 23:55:44,856 [INFO] Running workload in ranging mode
client 2023-02-24 23:55:44,856 [INFO] Synchronizing with the server and with time.google.com...
client 2023-02-24 23:55:44,876 [INFO] NTP:offset = 0.001 s, delay = 0.017 s 
client 2023-02-24 23:55:44,876 [INFO] Sending command to the server: 'time'
client 2023-02-24 23:55:44,880 [INFO] Got response: '1677282944.880798'
client 2023-02-24 23:55:44,880 [INFO] The time difference between the client and the server is within range -4.288 ms..-0.337 ms
client 2023-02-24 23:55:44,880 [INFO] Sending command to the server: 'session,2023-02-24_23-55-44,start,ranging'
client 2023-02-24 23:56:13,015 [INFO] Got response: 'OK'
client 2023-02-24 23:56:13,016 [INFO] Running the workload '/home/arjun/run.out'
client 2023-02-25 00:07:16,862 [INFO] Sending command to the server: 'session,2023-02-24_23-55-44,stop,ranging'
client 2023-02-25 00:07:27,161 [INFO] Got response: 'OK'
client 2023-02-25 00:07:27,198 [INFO] Copying loadgen logs from '/home/arjun/mobilenet_results/valid_results/arjun_orin-tflite_cpp-cpu-tflite-vmaster-default_config/efficientnet-fp32-lite2/singlestream/performance/run_1' to '/home/arjun/mobilenet_results/valid_results/arjun_orin-tflite_cpp-cpu-tflite-vmaster-default_config/efficientnet-fp32-lite2/singlestream/performance/tmp_power/ranging'
client 2023-02-25 00:07:27,200 [INFO] Running workload in testing mode
client 2023-02-25 00:07:27,200 [INFO] Synchronizing with the server and with time.google.com...
client 2023-02-25 00:07:27,224 [INFO] NTP:offset = 0.004 s, delay = 0.020 s 
client 2023-02-25 00:07:27,225 [INFO] Sending command to the server: 'time'
client 2023-02-25 00:07:27,228 [INFO] Got response: '1677283647.2290094'
client 2023-02-25 00:07:27,228 [INFO] The time difference between the client and the server is within range -3.892 ms..-0.508 ms
client 2023-02-25 00:07:27,228 [INFO] Sending command to the server: 'session,2023-02-24_23-55-44,start,testing'
client 2023-02-25 00:07:41,036 [INFO] Got response: 'OK'
client 2023-02-25 00:07:41,037 [INFO] Running the workload '/home/arjun/run.out'
client 2023-02-25 00:18:41,027 [INFO] Sending command to the server: 'session,2023-02-24_23-55-44,stop,testing'
client 2023-02-25 00:18:51,167 [INFO] Got response: 'OK'
client 2023-02-25 00:18:51,171 [INFO] Copying loadgen logs from '/home/arjun/mobilenet_results/valid_results/arjun_orin-tflite_cpp-cpu-tflite-vmaster-default_config/efficientnet-fp32-lite2/singlestream/performance/run_1' to '/home/arjun/mobilenet_results/valid_results/arjun_orin-tflite_cpp-cpu-tflite-vmaster-default_config/efficientnet-fp32-lite2/singlestream/performance/tmp_power/run_1'
client 2023-02-25 00:18:51,174 [INFO] Done runs
