ptd-server 2023-02-27 12:49:23,436 [INFO] Got command from the client 'time'
ptd-server 2023-02-27 12:49:23,436 [INFO] Sending reply to client '1677523763.4366755'
ptd-server 2023-02-27 12:49:23,439 [INFO] Got command from the client 'new,,f60e4532-fe82-4a7b-a0c5-5792c340b527'
ptd-server 2023-02-27 12:49:23,439 [INFO] Sending reply to client 'OK 2023-02-27_12-49-23,8ba39ccd-ca13-4d91-8a11-b72aa8a09c4c'
ptd-server 2023-02-27 12:49:23,531 [INFO] Got command from the client 'time'
ptd-server 2023-02-27 12:49:23,531 [INFO] Sending reply to client '1677523763.5317745'
ptd-server 2023-02-27 12:49:23,534 [INFO] Got command from the client 'session,2023-02-27_12-49-23,start,ranging'
ptd-server 2023-02-27 12:49:23,534 [INFO] Running PTDaemon: ['/local/mnt/workspace/mlcommons/power-main/inference_v1.0/ptd-linux-x86', '-l', '/tmp/tmpjxnnhn9w/ptd_logfile.txt', '-p', '8888', '-c', '1', '52', '/dev/usbtmc0']
ptd-server 2023-02-27 12:49:40,640 [INFO] Sending to ptd: 'Hello'
ptd-server 2023-02-27 12:49:40,641 [INFO] Reply from ptd: 'Hello, PTDaemon here!'
ptd-server 2023-02-27 12:49:40,641 [INFO] Sending to ptd: 'Identify'
ptd-server 2023-02-27 12:49:40,641 [INFO] Reply from ptd: 'YokogawaWT330,1000,1,1,1,1,0,0,1,version=1.10.0-ed9a21d2-20220817,OS=Linux 5.4.0-120-generic #136~18.04.1-Ubuntu SMP Fri Jun 10 18:00:44 UTC 2022 x86_64,mode=power,1,1,1,0,0,no_cal_date,YOKOGAWA;WT333;C2QH26002V;F1.06'
ptd-server 2023-02-27 12:49:40,642 [INFO] Connected to PTDaemon
ptd-server 2023-02-27 12:49:40,642 [INFO] Sending to ptd: 'RR'
ptd-server 2023-02-27 12:49:40,642 [INFO] Reply from ptd: 'Ranges,1,0.500000,1,150.000000'
ptd-server 2023-02-27 12:49:40,642 [INFO] Initial range for Amps is Auto for Volts is Auto
ptd-server 2023-02-27 12:49:40,642 [INFO] Sending to ptd: 'SR,V,Auto'
ptd-server 2023-02-27 12:49:41,146 [INFO] Reply from ptd: 'Range V changed'
ptd-server 2023-02-27 12:49:41,146 [INFO] Sending to ptd: 'SR,A,Auto'
ptd-server 2023-02-27 12:49:41,649 [INFO] Reply from ptd: 'Range A changed'
ptd-server 2023-02-27 12:49:51,660 [INFO] Starting ranging mode
ptd-server 2023-02-27 12:49:51,660 [INFO] Sending to ptd: 'Go,1000,0,2023-02-27_12-49-23_ranging'
ptd-server 2023-02-27 12:49:51,661 [INFO] Reply from ptd: 'Starting untimed measurement, maximum 500000 samples at 1000ms with 0 rampup samples'
ptd-server 2023-02-27 12:49:51,661 [INFO] Sending reply to client 'OK'
ptd-server 2023-02-27 13:04:39,325 [INFO] Got command from the client 'session,2023-02-27_12-49-23,stop,ranging'
ptd-server 2023-02-27 13:04:49,336 [INFO] Sending to ptd: 'Stop'
ptd-server 2023-02-27 13:04:49,336 [INFO] Reply from ptd: 'Stopping untimed measurement'
ptd-server 2023-02-27 13:04:49,371 [INFO] Sending reply to client 'OK'
ptd-server 2023-02-27 13:04:49,502 [INFO] Got command from the client 'time'
ptd-server 2023-02-27 13:04:49,502 [INFO] Sending reply to client '1677524689.5024118'
ptd-server 2023-02-27 13:04:49,506 [INFO] Got command from the client 'session,2023-02-27_12-49-23,start,testing'
ptd-server 2023-02-27 13:04:49,506 [INFO] Sending to ptd: 'SR,V,120.790000'
ptd-server 2023-02-27 13:04:51,163 [INFO] Reply from ptd: 'Range V changed'
ptd-server 2023-02-27 13:04:51,163 [INFO] Sending to ptd: 'SR,A,0.229030'
ptd-server 2023-02-27 13:04:52,666 [INFO] Reply from ptd: 'Range A changed'
ptd-server 2023-02-27 13:05:02,676 [INFO] Starting testing mode
ptd-server 2023-02-27 13:05:02,677 [INFO] Sending to ptd: 'Go,1000,0,2023-02-27_12-49-23_testing'
ptd-server 2023-02-27 13:05:02,677 [INFO] Reply from ptd: 'Starting untimed measurement, maximum 500000 samples at 1000ms with 0 rampup samples'
ptd-server 2023-02-27 13:05:02,678 [INFO] Sending reply to client 'OK'
ptd-server 2023-02-27 13:18:45,313 [INFO] Got command from the client 'session,2023-02-27_12-49-23,stop,testing'
ptd-server 2023-02-27 13:18:55,324 [INFO] Sending to ptd: 'Stop'
ptd-server 2023-02-27 13:18:55,324 [INFO] Reply from ptd: 'Stopping untimed measurement'
ptd-server 2023-02-27 13:18:55,341 [INFO] Sending reply to client 'OK'
ptd-server 2023-02-27 13:18:55,371 [INFO] Got command from the client 'session,2023-02-27_12-49-23,done'
ptd-server 2023-02-27 13:18:55,371 [INFO] Sending to ptd: 'Stop'
ptd-server 2023-02-27 13:18:55,677 [INFO] Reply from ptd: 'Error: no measurement to stop'
ptd-server 2023-02-27 13:18:55,678 [INFO] Sending to ptd: 'SR,V,Auto'
ptd-server 2023-02-27 13:18:56,181 [INFO] Reply from ptd: 'Range V changed'
ptd-server 2023-02-27 13:18:56,181 [INFO] Sending to ptd: 'SR,A,Auto'
ptd-server 2023-02-27 13:18:56,684 [INFO] Reply from ptd: 'Range A changed'
ptd-server 2023-02-27 13:18:56,685 [INFO] Set initial values for Amps Auto and Volts Auto
ptd-server 2023-02-27 13:18:56,685 [INFO] Stopping ptd...
