ptd-server 2023-02-27 03:04:00,602 [INFO] Got command from the client 'time'
ptd-server 2023-02-27 03:04:00,602 [INFO] Sending reply to client '1677467040.60244'
ptd-server 2023-02-27 03:04:00,604 [INFO] Got command from the client 'new,,2b3d9969-969f-4e3f-b39c-f97a855b474b'
ptd-server 2023-02-27 03:04:00,605 [INFO] Sending reply to client 'OK 2023-02-27_03-04-00,ec9a7d33-11d2-497b-a3e2-e4146d1c8898'
ptd-server 2023-02-27 03:04:00,633 [INFO] Got command from the client 'time'
ptd-server 2023-02-27 03:04:00,634 [INFO] Sending reply to client '1677467040.6340861'
ptd-server 2023-02-27 03:04:00,636 [INFO] Got command from the client 'session,2023-02-27_03-04-00,start,ranging'
ptd-server 2023-02-27 03:04:00,636 [INFO] Running PTDaemon: ['/home/anton/projects/mlperf/power/inference_v1.0/ptd-linux-x86', '-l', '/tmp/tmpu4v721n6/ptd_logfile.txt', '-p', '8888', '49', '/dev/usbtmc0']
ptd-server 2023-02-27 03:04:17,723 [INFO] Sending to ptd: 'Hello'
ptd-server 2023-02-27 03:04:17,723 [INFO] Reply from ptd: 'Hello, PTDaemon here!'
ptd-server 2023-02-27 03:04:17,723 [INFO] Sending to ptd: 'Identify'
ptd-server 2023-02-27 03:04:17,724 [INFO] Reply from ptd: 'YokogawaWT310E,1000,1,1,1,1,0,1,1,version=1.10.0-ed9a21d2-20220817,OS=Linux 5.15.0-60-generic #66~20.04.1-Ubuntu SMP Wed Jan 25 09:41:30 UTC 2023 x86_64,mode=power,1,1,1,0,0,no_cal_date,YOKOGAWA;WT310E;C3XA04010E;F1.04'
ptd-server 2023-02-27 03:04:17,724 [INFO] Connected to PTDaemon
ptd-server 2023-02-27 03:04:17,724 [INFO] Sending to ptd: 'RR'
ptd-server 2023-02-27 03:04:17,724 [INFO] Reply from ptd: 'Ranges,0,0.100000,0,300.000000'
ptd-server 2023-02-27 03:04:17,724 [INFO] Initial range for Amps is 0.100000 for Volts is 300.000000
ptd-server 2023-02-27 03:04:17,724 [INFO] Sending to ptd: 'SR,V,Auto'
ptd-server 2023-02-27 03:04:18,227 [INFO] Reply from ptd: 'Range V changed'
ptd-server 2023-02-27 03:04:18,227 [INFO] Sending to ptd: 'SR,A,Auto'
ptd-server 2023-02-27 03:04:18,730 [INFO] Reply from ptd: 'Range A changed'
ptd-server 2023-02-27 03:04:28,740 [INFO] Starting ranging mode
ptd-server 2023-02-27 03:04:28,740 [INFO] Sending to ptd: 'Go,1000,0,2023-02-27_03-04-00_ranging'
ptd-server 2023-02-27 03:04:28,740 [INFO] Reply from ptd: 'Starting untimed measurement, maximum 500000 samples at 1000ms with 0 rampup samples'
ptd-server 2023-02-27 03:04:28,741 [INFO] Sending reply to client 'OK'
ptd-server 2023-02-27 03:14:50,755 [INFO] Got command from the client 'session,2023-02-27_03-04-00,stop,ranging'
ptd-server 2023-02-27 03:15:00,756 [INFO] Sending to ptd: 'Stop'
ptd-server 2023-02-27 03:15:00,756 [INFO] Reply from ptd: 'Stopping untimed measurement'
ptd-server 2023-02-27 03:15:01,040 [INFO] Sending reply to client 'OK'
ptd-server 2023-02-27 03:15:01,139 [INFO] Got command from the client 'time'
ptd-server 2023-02-27 03:15:01,139 [INFO] Sending reply to client '1677467701.1393688'
ptd-server 2023-02-27 03:15:01,142 [INFO] Got command from the client 'session,2023-02-27_03-04-00,start,testing'
ptd-server 2023-02-27 03:15:01,142 [INFO] Sending to ptd: 'SR,V,251.440000'
ptd-server 2023-02-27 03:15:03,242 [INFO] Reply from ptd: 'Range V changed'
ptd-server 2023-02-27 03:15:03,242 [INFO] Sending to ptd: 'SR,A,0.062600'
ptd-server 2023-02-27 03:15:04,744 [INFO] Reply from ptd: 'Range A changed'
ptd-server 2023-02-27 03:15:14,754 [INFO] Starting testing mode
ptd-server 2023-02-27 03:15:14,754 [INFO] Sending to ptd: 'Go,1000,0,2023-02-27_03-04-00_testing'
ptd-server 2023-02-27 03:15:14,755 [INFO] Reply from ptd: 'Starting untimed measurement, maximum 500000 samples at 1000ms with 0 rampup samples'
ptd-server 2023-02-27 03:15:14,755 [INFO] Sending reply to client 'OK'
ptd-server 2023-02-27 03:25:31,713 [INFO] Got command from the client 'session,2023-02-27_03-04-00,stop,testing'
ptd-server 2023-02-27 03:25:41,720 [INFO] Sending to ptd: 'Stop'
ptd-server 2023-02-27 03:25:41,720 [INFO] Reply from ptd: 'Stopping untimed measurement'
ptd-server 2023-02-27 03:25:41,872 [INFO] Sending reply to client 'OK'
ptd-server 2023-02-27 03:25:41,891 [INFO] Got command from the client 'session,2023-02-27_03-04-00,done'
ptd-server 2023-02-27 03:25:41,891 [INFO] Sending to ptd: 'Stop'
ptd-server 2023-02-27 03:25:41,891 [INFO] Reply from ptd: 'Error: no measurement to stop'
ptd-server 2023-02-27 03:25:41,892 [INFO] Sending to ptd: 'SR,V,300.000000'
ptd-server 2023-02-27 03:25:43,393 [INFO] Reply from ptd: 'Range V changed'
ptd-server 2023-02-27 03:25:43,393 [INFO] Sending to ptd: 'SR,A,0.100000'
ptd-server 2023-02-27 03:25:44,894 [INFO] Reply from ptd: 'Range A changed'
ptd-server 2023-02-27 03:25:44,895 [INFO] Set initial values for Amps 0.100000 and Volts 300.000000
ptd-server 2023-02-27 03:25:44,895 [INFO] Stopping ptd...
