ptd-server 2023-02-12 18:41:38,070 [INFO] Got command from the client 'time'
ptd-server 2023-02-12 18:41:38,071 [INFO] Sending reply to client '1676227298.0710628'
ptd-server 2023-02-12 18:41:38,071 [INFO] Got command from the client 'new,,98ac0c03-31df-40e5-a56b-69707e9a18fb'
ptd-server 2023-02-12 18:41:38,072 [INFO] Sending reply to client 'OK 2023-02-12_18-41-38,a5cedba7-0355-418a-a669-0a36ac382555'
ptd-server 2023-02-12 18:41:38,086 [INFO] Got command from the client 'time'
ptd-server 2023-02-12 18:41:38,086 [INFO] Sending reply to client '1676227298.0861871'
ptd-server 2023-02-12 18:41:38,087 [INFO] Got command from the client 'session,2023-02-12_18-41-38,start,ranging'
ptd-server 2023-02-12 18:41:38,087 [INFO] Running PTDaemon: ['/home/anton/projects/mlperf/power/inference_v1.0/ptd-linux-x86', '-l', '/tmp/tmp4yl1neqp/ptd_logfile.txt', '-p', '8888', '49', '/dev/usbtmc0']
ptd-server 2023-02-12 18:41:55,161 [INFO] Sending to ptd: 'Hello'
ptd-server 2023-02-12 18:41:55,162 [INFO] Reply from ptd: 'Hello, PTDaemon here!'
ptd-server 2023-02-12 18:41:55,162 [INFO] Sending to ptd: 'Identify'
ptd-server 2023-02-12 18:41:55,162 [INFO] Reply from ptd: 'YokogawaWT310E,1000,1,1,1,1,0,1,1,version=1.10.0-ed9a21d2-20220817,OS=Linux 5.15.0-60-generic #66~20.04.1-Ubuntu SMP Wed Jan 25 09:41:30 UTC 2023 x86_64,mode=power,1,1,1,0,0,no_cal_date,YOKOGAWA;WT310E;C3XA04010E;F1.04'
ptd-server 2023-02-12 18:41:55,162 [INFO] Connected to PTDaemon
ptd-server 2023-02-12 18:41:55,162 [INFO] Sending to ptd: 'RR'
ptd-server 2023-02-12 18:41:55,163 [INFO] Reply from ptd: 'Ranges,1,0.200000,1,300.000000'
ptd-server 2023-02-12 18:41:55,163 [INFO] Initial range for Amps is Auto for Volts is Auto
ptd-server 2023-02-12 18:41:55,163 [INFO] Sending to ptd: 'SR,V,Auto'
ptd-server 2023-02-12 18:41:55,665 [INFO] Reply from ptd: 'Range V changed'
ptd-server 2023-02-12 18:41:55,666 [INFO] Sending to ptd: 'SR,A,Auto'
ptd-server 2023-02-12 18:41:56,168 [INFO] Reply from ptd: 'Range A changed'
ptd-server 2023-02-12 18:42:06,178 [INFO] Starting ranging mode
ptd-server 2023-02-12 18:42:06,179 [INFO] Sending to ptd: 'Go,1000,0,2023-02-12_18-41-38_ranging'
ptd-server 2023-02-12 18:42:06,179 [INFO] Reply from ptd: 'Starting untimed measurement, maximum 500000 samples at 1000ms with 0 rampup samples'
ptd-server 2023-02-12 18:42:06,179 [INFO] Sending reply to client 'OK'
ptd-server 2023-02-12 18:52:24,282 [INFO] Got command from the client 'session,2023-02-12_18-41-38,stop,ranging'
ptd-server 2023-02-12 18:52:34,292 [INFO] Sending to ptd: 'Stop'
ptd-server 2023-02-12 18:52:34,293 [INFO] Reply from ptd: 'Stopping untimed measurement'
ptd-server 2023-02-12 18:52:34,317 [INFO] Sending reply to client 'OK'
ptd-server 2023-02-12 18:52:34,392 [INFO] Got command from the client 'time'
ptd-server 2023-02-12 18:52:34,393 [INFO] Sending reply to client '1676227954.393091'
ptd-server 2023-02-12 18:52:34,394 [INFO] Got command from the client 'session,2023-02-12_18-41-38,start,testing'
ptd-server 2023-02-12 18:52:34,394 [INFO] Sending to ptd: 'SR,V,250.410000'
ptd-server 2023-02-12 18:52:36,680 [INFO] Reply from ptd: 'Range V changed'
ptd-server 2023-02-12 18:52:36,680 [INFO] Sending to ptd: 'SR,A,0.193780'
ptd-server 2023-02-12 18:52:38,181 [INFO] Reply from ptd: 'Range A changed'
ptd-server 2023-02-12 18:52:48,192 [INFO] Starting testing mode
ptd-server 2023-02-12 18:52:48,192 [INFO] Sending to ptd: 'Go,1000,0,2023-02-12_18-41-38_testing'
ptd-server 2023-02-12 18:52:48,192 [INFO] Reply from ptd: 'Starting untimed measurement, maximum 500000 samples at 1000ms with 0 rampup samples'
ptd-server 2023-02-12 18:52:48,192 [INFO] Sending reply to client 'OK'
ptd-server 2023-02-12 19:03:07,213 [INFO] Got command from the client 'session,2023-02-12_18-41-38,stop,testing'
ptd-server 2023-02-12 19:03:17,223 [INFO] Sending to ptd: 'Stop'
ptd-server 2023-02-12 19:03:17,223 [INFO] Reply from ptd: 'Stopping untimed measurement'
ptd-server 2023-02-12 19:03:17,235 [INFO] Sending reply to client 'OK'
ptd-server 2023-02-12 19:03:17,244 [INFO] Got command from the client 'session,2023-02-12_18-41-38,done'
ptd-server 2023-02-12 19:03:17,244 [INFO] Sending to ptd: 'Stop'
ptd-server 2023-02-12 19:03:18,192 [INFO] Reply from ptd: 'Error: no measurement to stop'
ptd-server 2023-02-12 19:03:18,192 [INFO] Sending to ptd: 'SR,V,Auto'
ptd-server 2023-02-12 19:03:18,695 [INFO] Reply from ptd: 'Range V changed'
ptd-server 2023-02-12 19:03:18,695 [INFO] Sending to ptd: 'SR,A,Auto'
ptd-server 2023-02-12 19:03:19,197 [INFO] Reply from ptd: 'Range A changed'
ptd-server 2023-02-12 19:03:19,197 [INFO] Set initial values for Amps Auto and Volts Auto
ptd-server 2023-02-12 19:03:19,198 [INFO] Stopping ptd...
