ptd-server 2023-02-21 16:25:04,695 [INFO] Got command from the client 'time'
ptd-server 2023-02-21 16:25:04,695 [INFO] Sending reply to client '1676996704.6952205'
ptd-server 2023-02-21 16:25:04,696 [INFO] Got command from the client 'new,,0e898b1e-b0f6-4a09-9636-45f4fcdbbc0d'
ptd-server 2023-02-21 16:25:04,697 [INFO] Sending reply to client 'OK 2023-02-21_16-25-04,4cea5121-2b72-447f-9ca9-57e94133b20c'
ptd-server 2023-02-21 16:25:04,754 [INFO] Got command from the client 'time'
ptd-server 2023-02-21 16:25:04,754 [INFO] Sending reply to client '1676996704.7543175'
ptd-server 2023-02-21 16:25:04,755 [INFO] Got command from the client 'session,2023-02-21_16-25-04,start,ranging'
ptd-server 2023-02-21 16:25:04,755 [INFO] Running PTDaemon: ['/home/anton/projects/mlperf/power/inference_v1.0/ptd-linux-x86', '-l', '/tmp/tmp4yl1neqp/ptd_logfile.txt', '-p', '8888', '49', '/dev/usbtmc0']
ptd-server 2023-02-21 16:25:21,829 [INFO] Sending to ptd: 'Hello'
ptd-server 2023-02-21 16:25:21,830 [INFO] Reply from ptd: 'Hello, PTDaemon here!'
ptd-server 2023-02-21 16:25:21,830 [INFO] Sending to ptd: 'Identify'
ptd-server 2023-02-21 16:25:21,830 [INFO] Reply from ptd: 'YokogawaWT310E,1000,1,1,1,1,0,1,1,version=1.10.0-ed9a21d2-20220817,OS=Linux 5.15.0-60-generic #66~20.04.1-Ubuntu SMP Wed Jan 25 09:41:30 UTC 2023 x86_64,mode=power,1,1,1,0,0,no_cal_date,YOKOGAWA;WT310E;C3XA04010E;F1.04'
ptd-server 2023-02-21 16:25:21,830 [INFO] Connected to PTDaemon
ptd-server 2023-02-21 16:25:21,830 [INFO] Sending to ptd: 'RR'
ptd-server 2023-02-21 16:25:21,831 [INFO] Reply from ptd: 'Ranges,1,0.100000,1,300.000000'
ptd-server 2023-02-21 16:25:21,831 [INFO] Initial range for Amps is Auto for Volts is Auto
ptd-server 2023-02-21 16:25:21,831 [INFO] Sending to ptd: 'SR,V,Auto'
ptd-server 2023-02-21 16:25:22,333 [INFO] Reply from ptd: 'Range V changed'
ptd-server 2023-02-21 16:25:22,334 [INFO] Sending to ptd: 'SR,A,Auto'
ptd-server 2023-02-21 16:25:22,836 [INFO] Reply from ptd: 'Range A changed'
ptd-server 2023-02-21 16:25:32,846 [INFO] Starting ranging mode
ptd-server 2023-02-21 16:25:32,847 [INFO] Sending to ptd: 'Go,1000,0,2023-02-21_16-25-04_ranging'
ptd-server 2023-02-21 16:25:32,847 [INFO] Reply from ptd: 'Starting untimed measurement, maximum 500000 samples at 1000ms with 0 rampup samples'
ptd-server 2023-02-21 16:25:32,847 [INFO] Sending reply to client 'OK'
ptd-server 2023-02-21 16:35:54,445 [INFO] Got command from the client 'session,2023-02-21_16-25-04,stop,ranging'
ptd-server 2023-02-21 16:36:04,455 [INFO] Sending to ptd: 'Stop'
ptd-server 2023-02-21 16:36:04,456 [INFO] Reply from ptd: 'Stopping untimed measurement'
ptd-server 2023-02-21 16:36:04,775 [INFO] Sending reply to client 'OK'
ptd-server 2023-02-21 16:36:04,881 [INFO] Got command from the client 'time'
ptd-server 2023-02-21 16:36:04,881 [INFO] Sending reply to client '1676997364.8815172'
ptd-server 2023-02-21 16:36:04,882 [INFO] Got command from the client 'session,2023-02-21_16-25-04,start,testing'
ptd-server 2023-02-21 16:36:04,882 [INFO] Sending to ptd: 'SR,V,252.670000'
ptd-server 2023-02-21 16:36:06,384 [INFO] Reply from ptd: 'Range V changed'
ptd-server 2023-02-21 16:36:06,384 [INFO] Sending to ptd: 'SR,A,0.050700'
ptd-server 2023-02-21 16:36:07,885 [INFO] Reply from ptd: 'Range A changed'
ptd-server 2023-02-21 16:36:17,895 [INFO] Starting testing mode
ptd-server 2023-02-21 16:36:17,896 [INFO] Sending to ptd: 'Go,1000,0,2023-02-21_16-25-04_testing'
ptd-server 2023-02-21 16:36:17,896 [INFO] Reply from ptd: 'Starting untimed measurement, maximum 500000 samples at 1000ms with 0 rampup samples'
ptd-server 2023-02-21 16:36:17,896 [INFO] Sending reply to client 'OK'
ptd-server 2023-02-21 16:46:39,441 [INFO] Got command from the client 'session,2023-02-21_16-25-04,stop,testing'
ptd-server 2023-02-21 16:46:49,452 [INFO] Sending to ptd: 'Stop'
ptd-server 2023-02-21 16:46:49,452 [INFO] Reply from ptd: 'Stopping untimed measurement'
ptd-server 2023-02-21 16:46:49,633 [INFO] Sending reply to client 'OK'
ptd-server 2023-02-21 16:46:49,641 [INFO] Got command from the client 'session,2023-02-21_16-25-04,done'
ptd-server 2023-02-21 16:46:49,642 [INFO] Sending to ptd: 'Stop'
ptd-server 2023-02-21 16:46:49,897 [INFO] Reply from ptd: 'Error: no measurement to stop'
ptd-server 2023-02-21 16:46:49,897 [INFO] Sending to ptd: 'SR,V,Auto'
ptd-server 2023-02-21 16:46:50,399 [INFO] Reply from ptd: 'Range V changed'
ptd-server 2023-02-21 16:46:50,400 [INFO] Sending to ptd: 'SR,A,Auto'
ptd-server 2023-02-21 16:46:50,902 [INFO] Reply from ptd: 'Range A changed'
ptd-server 2023-02-21 16:46:50,902 [INFO] Set initial values for Amps Auto and Volts Auto
ptd-server 2023-02-21 16:46:50,902 [INFO] Stopping ptd...
