ptd-server 2023-02-24 04:48:05,079 [INFO] Got command from the client 'time'
ptd-server 2023-02-24 04:48:05,079 [INFO] Sending reply to client '1677235685.0793633'
ptd-server 2023-02-24 04:48:05,080 [INFO] Got command from the client 'new,,f9eb4cb9-c059-4cf0-9f65-73e575d9dd04'
ptd-server 2023-02-24 04:48:05,081 [INFO] Sending reply to client 'OK 2023-02-24_04-48-05,01235ad7-78b0-426f-8508-880a3db1f625'
ptd-server 2023-02-24 04:48:05,185 [INFO] Got command from the client 'time'
ptd-server 2023-02-24 04:48:05,185 [INFO] Sending reply to client '1677235685.185517'
ptd-server 2023-02-24 04:48:05,187 [INFO] Got command from the client 'session,2023-02-24_04-48-05,start,ranging'
ptd-server 2023-02-24 04:48:05,187 [INFO] Running PTDaemon: ['/local/mnt/workspace/mlcommons/power-main/inference_v1.0/ptd-linux-x86', '-l', '/tmp/tmprs1r_car/ptd_logfile.txt', '-p', '8888', '-c', '1', '52', '/dev/usbtmc0']
ptd-server 2023-02-24 04:48:22,209 [INFO] Sending to ptd: 'Hello'
ptd-server 2023-02-24 04:48:22,210 [INFO] Reply from ptd: 'Hello, PTDaemon here!'
ptd-server 2023-02-24 04:48:22,210 [INFO] Sending to ptd: 'Identify'
ptd-server 2023-02-24 04:48:22,211 [INFO] Reply from ptd: 'YokogawaWT330,1000,1,1,1,1,0,0,1,version=1.10.0-ed9a21d2-20220817,OS=Linux 5.4.0-120-generic #136~18.04.1-Ubuntu SMP Fri Jun 10 18:00:44 UTC 2022 x86_64,mode=power,1,1,1,0,0,no_cal_date,YOKOGAWA;WT333;C2SF14011V;F1.01EM'
ptd-server 2023-02-24 04:48:22,211 [INFO] Connected to PTDaemon
ptd-server 2023-02-24 04:48:22,212 [INFO] Sending to ptd: 'RR'
ptd-server 2023-02-24 04:48:22,212 [INFO] Reply from ptd: 'Ranges,0,5.000000,0,150.000000'
ptd-server 2023-02-24 04:48:22,212 [INFO] Initial range for Amps is 5.000000 for Volts is 150.000000
ptd-server 2023-02-24 04:48:22,213 [INFO] Sending to ptd: 'SR,V,Auto'
ptd-server 2023-02-24 04:48:22,753 [INFO] Reply from ptd: 'Range V changed'
ptd-server 2023-02-24 04:48:22,753 [INFO] Sending to ptd: 'SR,A,20'
ptd-server 2023-02-24 04:48:24,256 [INFO] Reply from ptd: 'Range A changed'
ptd-server 2023-02-24 04:48:34,266 [INFO] Starting ranging mode
ptd-server 2023-02-24 04:48:34,267 [INFO] Sending to ptd: 'Go,1000,0,2023-02-24_04-48-05_ranging'
ptd-server 2023-02-24 04:48:34,267 [INFO] Reply from ptd: 'Starting untimed measurement, maximum 500000 samples at 1000ms with 0 rampup samples'
ptd-server 2023-02-24 04:48:34,268 [INFO] Sending reply to client 'OK'
ptd-server 2023-02-24 05:01:44,899 [INFO] Got command from the client 'session,2023-02-24_04-48-05,stop,ranging'
ptd-server 2023-02-24 05:01:54,910 [INFO] Sending to ptd: 'Stop'
ptd-server 2023-02-24 05:01:54,911 [INFO] Reply from ptd: 'Stopping untimed measurement'
ptd-server 2023-02-24 05:01:54,985 [INFO] Sending reply to client 'OK'
ptd-server 2023-02-24 05:01:55,078 [INFO] Got command from the client 'time'
ptd-server 2023-02-24 05:01:55,078 [INFO] Sending reply to client '1677236515.0786214'
ptd-server 2023-02-24 05:01:55,079 [INFO] Got command from the client 'session,2023-02-24_04-48-05,start,testing'
ptd-server 2023-02-24 05:01:55,080 [INFO] Sending to ptd: 'SR,V,122.630000'
ptd-server 2023-02-24 05:01:56,769 [INFO] Reply from ptd: 'Range V changed'
ptd-server 2023-02-24 05:01:56,770 [INFO] Sending to ptd: 'SR,A,2.687000'
ptd-server 2023-02-24 05:01:58,272 [INFO] Reply from ptd: 'Range A changed'
ptd-server 2023-02-24 05:02:08,275 [INFO] Starting testing mode
ptd-server 2023-02-24 05:02:08,275 [INFO] Sending to ptd: 'Go,1000,0,2023-02-24_04-48-05_testing'
ptd-server 2023-02-24 05:02:08,276 [INFO] Reply from ptd: 'Starting untimed measurement, maximum 500000 samples at 1000ms with 0 rampup samples'
ptd-server 2023-02-24 05:02:08,276 [INFO] Sending reply to client 'OK'
ptd-server 2023-02-24 05:15:18,126 [INFO] Got command from the client 'session,2023-02-24_04-48-05,stop,testing'
ptd-server 2023-02-24 05:15:28,136 [INFO] Sending to ptd: 'Stop'
ptd-server 2023-02-24 05:15:28,137 [INFO] Reply from ptd: 'Stopping untimed measurement'
ptd-server 2023-02-24 05:15:28,179 [INFO] Sending reply to client 'OK'
ptd-server 2023-02-24 05:15:28,187 [INFO] Got command from the client 'session,2023-02-24_04-48-05,done'
ptd-server 2023-02-24 05:15:28,187 [INFO] Sending to ptd: 'Stop'
ptd-server 2023-02-24 05:15:28,277 [INFO] Reply from ptd: 'Error: no measurement to stop'
ptd-server 2023-02-24 05:15:28,277 [INFO] Sending to ptd: 'SR,V,150.000000'
ptd-server 2023-02-24 05:15:29,779 [INFO] Reply from ptd: 'Range V changed'
ptd-server 2023-02-24 05:15:29,779 [INFO] Sending to ptd: 'SR,A,5.000000'
ptd-server 2023-02-24 05:15:31,282 [INFO] Reply from ptd: 'Range A changed'
ptd-server 2023-02-24 05:15:31,282 [INFO] Set initial values for Amps 5.000000 and Volts 150.000000
ptd-server 2023-02-24 05:15:31,282 [INFO] Stopping ptd...
