ptd-server 2023-02-26 04:59:04,763 [INFO] Got command from the client 'time'
ptd-server 2023-02-26 04:59:04,763 [INFO] Sending reply to client '1677387544.7633626'
ptd-server 2023-02-26 04:59:04,765 [INFO] Got command from the client 'new,,f9ad6d07-7c1f-4fcb-8962-86a6d6808da1'
ptd-server 2023-02-26 04:59:04,765 [INFO] Sending reply to client 'OK 2023-02-26_04-59-04,1ce4682f-5aae-47c2-9bef-c1d86b74431d'
ptd-server 2023-02-26 04:59:04,794 [INFO] Got command from the client 'time'
ptd-server 2023-02-26 04:59:04,794 [INFO] Sending reply to client '1677387544.7948592'
ptd-server 2023-02-26 04:59:04,798 [INFO] Got command from the client 'session,2023-02-26_04-59-04,start,ranging'
ptd-server 2023-02-26 04:59:04,798 [INFO] Running PTDaemon: ['/home/anton/projects/mlperf/power/inference_v1.0/ptd-linux-x86', '-l', '/tmp/tmpu4v721n6/ptd_logfile.txt', '-p', '8888', '49', '/dev/usbtmc0']
ptd-server 2023-02-26 04:59:21,885 [INFO] Sending to ptd: 'Hello'
ptd-server 2023-02-26 04:59:21,885 [INFO] Reply from ptd: 'Hello, PTDaemon here!'
ptd-server 2023-02-26 04:59:21,886 [INFO] Sending to ptd: 'Identify'
ptd-server 2023-02-26 04:59:21,886 [INFO] Reply from ptd: 'YokogawaWT310E,1000,1,1,1,1,0,1,1,version=1.10.0-ed9a21d2-20220817,OS=Linux 5.15.0-60-generic #66~20.04.1-Ubuntu SMP Wed Jan 25 09:41:30 UTC 2023 x86_64,mode=power,1,1,1,0,0,no_cal_date,YOKOGAWA;WT310E;C3XA04010E;F1.04'
ptd-server 2023-02-26 04:59:21,886 [INFO] Connected to PTDaemon
ptd-server 2023-02-26 04:59:21,886 [INFO] Sending to ptd: 'RR'
ptd-server 2023-02-26 04:59:21,886 [INFO] Reply from ptd: 'Ranges,0,0.100000,0,300.000000'
ptd-server 2023-02-26 04:59:21,886 [INFO] Initial range for Amps is 0.100000 for Volts is 300.000000
ptd-server 2023-02-26 04:59:21,887 [INFO] Sending to ptd: 'SR,V,Auto'
ptd-server 2023-02-26 04:59:22,389 [INFO] Reply from ptd: 'Range V changed'
ptd-server 2023-02-26 04:59:22,389 [INFO] Sending to ptd: 'SR,A,Auto'
ptd-server 2023-02-26 04:59:22,892 [INFO] Reply from ptd: 'Range A changed'
ptd-server 2023-02-26 04:59:32,902 [INFO] Starting ranging mode
ptd-server 2023-02-26 04:59:32,902 [INFO] Sending to ptd: 'Go,1000,0,2023-02-26_04-59-04_ranging'
ptd-server 2023-02-26 04:59:32,903 [INFO] Reply from ptd: 'Starting untimed measurement, maximum 500000 samples at 1000ms with 0 rampup samples'
ptd-server 2023-02-26 04:59:32,903 [INFO] Sending reply to client 'OK'
ptd-server 2023-02-26 05:09:48,612 [INFO] Got command from the client 'session,2023-02-26_04-59-04,stop,ranging'
ptd-server 2023-02-26 05:09:58,622 [INFO] Sending to ptd: 'Stop'
ptd-server 2023-02-26 05:09:58,622 [INFO] Reply from ptd: 'Stopping untimed measurement'
ptd-server 2023-02-26 05:09:58,819 [INFO] Sending reply to client 'OK'
ptd-server 2023-02-26 05:09:58,862 [INFO] Got command from the client 'time'
ptd-server 2023-02-26 05:09:58,862 [INFO] Sending reply to client '1677388198.862791'
ptd-server 2023-02-26 05:09:58,865 [INFO] Got command from the client 'session,2023-02-26_04-59-04,start,testing'
ptd-server 2023-02-26 05:09:58,865 [INFO] Sending to ptd: 'SR,V,252.640000'
ptd-server 2023-02-26 05:10:00,405 [INFO] Reply from ptd: 'Range V changed'
ptd-server 2023-02-26 05:10:00,405 [INFO] Sending to ptd: 'SR,A,0.043000'
ptd-server 2023-02-26 05:10:01,906 [INFO] Reply from ptd: 'Range A changed'
ptd-server 2023-02-26 05:10:11,913 [INFO] Starting testing mode
ptd-server 2023-02-26 05:10:11,913 [INFO] Sending to ptd: 'Go,1000,0,2023-02-26_04-59-04_testing'
ptd-server 2023-02-26 05:10:11,913 [INFO] Reply from ptd: 'Starting untimed measurement, maximum 500000 samples at 1000ms with 0 rampup samples'
ptd-server 2023-02-26 05:10:11,914 [INFO] Sending reply to client 'OK'
ptd-server 2023-02-26 05:20:27,613 [INFO] Got command from the client 'session,2023-02-26_04-59-04,stop,testing'
ptd-server 2023-02-26 05:20:37,622 [INFO] Sending to ptd: 'Stop'
ptd-server 2023-02-26 05:20:37,622 [INFO] Reply from ptd: 'Stopping untimed measurement'
ptd-server 2023-02-26 05:20:37,726 [INFO] Sending reply to client 'OK'
ptd-server 2023-02-26 05:20:37,747 [INFO] Got command from the client 'session,2023-02-26_04-59-04,done'
ptd-server 2023-02-26 05:20:37,747 [INFO] Sending to ptd: 'Stop'
ptd-server 2023-02-26 05:20:37,914 [INFO] Reply from ptd: 'Error: no measurement to stop'
ptd-server 2023-02-26 05:20:37,914 [INFO] Sending to ptd: 'SR,V,300.000000'
ptd-server 2023-02-26 05:20:39,415 [INFO] Reply from ptd: 'Range V changed'
ptd-server 2023-02-26 05:20:39,415 [INFO] Sending to ptd: 'SR,A,0.100000'
ptd-server 2023-02-26 05:20:40,917 [INFO] Reply from ptd: 'Range A changed'
ptd-server 2023-02-26 05:20:40,917 [INFO] Set initial values for Amps 0.100000 and Volts 300.000000
ptd-server 2023-02-26 05:20:40,917 [INFO] Stopping ptd...
