ptd-server 2023-02-28 07:03:07,137 [INFO] Got command from the client 'stop'
ptd-server 2023-02-28 07:03:07,138 [INFO] The server will be stopped after processing this client
ptd-server 2023-02-28 07:03:07,138 [INFO] Sending reply to client 'OK'
ptd-server 2023-02-28 07:03:07,142 [INFO] Got command from the client 'time'
ptd-server 2023-02-28 07:03:07,142 [INFO] Sending reply to client '1677567787.1428843'
ptd-server 2023-02-28 07:03:07,143 [INFO] Got command from the client 'new,,b7a22600-b82b-4d90-9121-6785935dfcb7'
ptd-server 2023-02-28 07:03:07,149 [INFO] Sending reply to client 'OK 2023-02-28_07-03-07,7d9f6d72-1f8b-41ea-89b5-9c1cddc97348'
ptd-server 2023-02-28 07:03:07,152 [INFO] Got command from the client 'time'
ptd-server 2023-02-28 07:03:07,153 [INFO] Sending reply to client '1677567787.1530364'
ptd-server 2023-02-28 07:03:07,154 [INFO] Got command from the client 'session,2023-02-28_07-03-07,start,ranging'
ptd-server 2023-02-28 07:03:07,264 [INFO] Running PTDaemon: ['C:\\power-dev\\ptd_client_server\\ptd-windows-x86.exe', '-l', 'C:\\Users\\root\\AppData\\Local\\Temp\\tmpq4lr73gr\\ptd_logfile.txt', '-p', '8888', '-c', '1', '-g', '8', '1']
ptd-server 2023-02-28 07:03:20,176 [INFO] Sending to ptd: 'Hello'
ptd-server 2023-02-28 07:03:20,178 [INFO] Reply from ptd: 'Hello, PTDaemon here!'
ptd-server 2023-02-28 07:03:20,179 [INFO] Sending to ptd: 'Identify'
ptd-server 2023-02-28 07:03:20,179 [INFO] Reply from ptd: 'YokogawaWT210,1000,1,1,1,1,0,0,1,version=1.10.0-82175bac-20220817,OS=Windows 8 / Server 2012,mode=power,1,1,1,0,0,no_cal_date,YOKOGAWA;760401;0;F1.12'
ptd-server 2023-02-28 07:03:20,180 [INFO] Connected to PTDaemon
ptd-server 2023-02-28 07:03:20,181 [INFO] Sending to ptd: 'RR'
ptd-server 2023-02-28 07:03:20,181 [INFO] Reply from ptd: 'Ranges,1,1.000000,1,300.000000'
ptd-server 2023-02-28 07:03:20,182 [INFO] Initial range for Amps is Auto for Volts is Auto
ptd-server 2023-02-28 07:03:20,182 [INFO] Sending to ptd: 'SR,V,Auto'
ptd-server 2023-02-28 07:03:20,713 [INFO] Reply from ptd: 'Range V changed'
ptd-server 2023-02-28 07:03:20,714 [INFO] Sending to ptd: 'SR,A,Auto'
ptd-server 2023-02-28 07:03:21,230 [INFO] Reply from ptd: 'Range A changed'
ptd-server 2023-02-28 07:03:31,234 [INFO] Starting ranging mode
ptd-server 2023-02-28 07:03:31,235 [INFO] Sending to ptd: 'Go,1000,0,2023-02-28_07-03-07_ranging'
ptd-server 2023-02-28 07:03:31,236 [INFO] Reply from ptd: 'Starting untimed measurement, maximum 500000 samples at 1000ms with 0 rampup samples'
ptd-server 2023-02-28 07:03:31,237 [INFO] Sending reply to client 'OK'
ptd-server 2023-02-28 07:15:49,241 [INFO] Got command from the client 'session,2023-02-28_07-03-07,stop,ranging'
ptd-server 2023-02-28 07:15:59,244 [INFO] Sending to ptd: 'Stop'
ptd-server 2023-02-28 07:15:59,245 [INFO] Reply from ptd: 'Stopping untimed measurement'
ptd-server 2023-02-28 07:15:59,285 [INFO] Sending reply to client 'OK'
ptd-server 2023-02-28 07:15:59,300 [INFO] Got command from the client 'time'
ptd-server 2023-02-28 07:15:59,300 [INFO] Sending reply to client '1677568559.300658'
ptd-server 2023-02-28 07:15:59,301 [INFO] Got command from the client 'session,2023-02-28_07-03-07,start,testing'
ptd-server 2023-02-28 07:15:59,302 [INFO] Sending to ptd: 'SR,V,212.970000'
ptd-server 2023-02-28 07:16:01,780 [INFO] Reply from ptd: 'Range V changed'
ptd-server 2023-02-28 07:16:01,782 [INFO] Sending to ptd: 'SR,A,0.980200'
ptd-server 2023-02-28 07:16:03,297 [INFO] Reply from ptd: 'Range A changed'
ptd-server 2023-02-28 07:16:13,308 [INFO] Starting testing mode
ptd-server 2023-02-28 07:16:13,309 [INFO] Sending to ptd: 'Go,1000,0,2023-02-28_07-03-07_testing'
ptd-server 2023-02-28 07:16:13,309 [INFO] Reply from ptd: 'Starting untimed measurement, maximum 500000 samples at 1000ms with 0 rampup samples'
ptd-server 2023-02-28 07:16:13,311 [INFO] Sending reply to client 'OK'
ptd-server 2023-02-28 07:28:24,080 [INFO] Got command from the client 'session,2023-02-28_07-03-07,stop,testing'
ptd-server 2023-02-28 07:28:34,092 [INFO] Sending to ptd: 'Stop'
ptd-server 2023-02-28 07:28:34,093 [INFO] Reply from ptd: 'Stopping untimed measurement'
ptd-server 2023-02-28 07:28:34,100 [INFO] Sending reply to client 'OK'
ptd-server 2023-02-28 07:28:34,107 [INFO] Got command from the client 'session,2023-02-28_07-03-07,done'
ptd-server 2023-02-28 07:28:34,108 [INFO] Sending to ptd: 'Stop'
ptd-server 2023-02-28 07:28:34,324 [INFO] Reply from ptd: 'Error: no measurement to stop'
ptd-server 2023-02-28 07:28:34,326 [INFO] Sending to ptd: 'SR,V,Auto'
ptd-server 2023-02-28 07:28:34,841 [INFO] Reply from ptd: 'Range V changed'
ptd-server 2023-02-28 07:28:34,842 [INFO] Sending to ptd: 'SR,A,Auto'
ptd-server 2023-02-28 07:28:35,372 [INFO] Reply from ptd: 'Range A changed'
ptd-server 2023-02-28 07:28:35,373 [INFO] Set initial values for Amps Auto and Volts Auto
ptd-server 2023-02-28 07:28:35,373 [INFO] Stopping ptd...
