client 2023-02-23 21:01:16,911 [INFO] Creating output directory '/home/arjun/mobilenet_results/valid_results/arjun_orin-tflite_cpp-cpu-tflite-vmaster-default_config/mobilenet-v1-precision_uint8-0.25-224/singlestream/performance/tmp_power'
client 2023-02-23 21:01:16,914 [INFO] Sending command to the server: 'mlcommons/power client v3'
client 2023-02-23 21:01:16,917 [INFO] Got response: 'mlcommons/power server v3'
client 2023-02-23 21:01:16,917 [INFO] Synchronizing with the server and with time.google.com...
client 2023-02-23 21:01:16,961 [INFO] NTP:offset = -0.002 s, delay = 0.018 s 
client 2023-02-23 21:01:16,962 [INFO] Sending command to the server: 'time'
client 2023-02-23 21:01:16,964 [INFO] Got response: '1677186076.9636426'
client 2023-02-23 21:01:16,964 [INFO] The time difference between the client and the server is within range -1.652 ms..1.271 ms
client 2023-02-23 21:01:16,965 [INFO] Sending command to the server: 'new,,41b7fd3e-2d42-4afa-8937-13258ef65f89'
client 2023-02-23 21:01:16,970 [INFO] Got response: 'OK 2023-02-23_21-01-16,b6877f0e-3e28-4202-9104-7989f49a5757'
client 2023-02-23 21:01:16,970 [INFO] Session id is '2023-02-23_21-01-16'
client 2023-02-23 21:01:16,971 [INFO] Sources: {"sources": {"__init__.py": "da39a3ee5e6b4b0d3255bfef95601890afd80709", "client.py": "33ca4f26368777ac06e01f9567b714a4b8063886", "lib/__init__.py": "da39a3ee5e6b4b0d3255bfef95601890afd80709", "lib/client.py": "4c2b78fb4849a7e5b584ef792d82aaed20b17f57", "lib/common.py": "624d0c0acc7c39aaff3674f0b99d6a09da53d1dc", "lib/external/__init__.py": "da39a3ee5e6b4b0d3255bfef95601890afd80709", "lib/external/ntplib.py": "4da8f970656505a40483206ef2b5d3dd5e81711d", "lib/server.py": "cda0cdfaee9bfa1249c64a7dd4f89b7bf1b279f0", "lib/source_hashes.py": "60a2e02193209e8d392803326208d5466342da18", "lib/summary.py": "aa92f0a3f975eecd44d3c0cd0236342ccc9f941d", "lib/time_sync.py": "3210db56eb0ff0df57bf4293dc4d4b03fffd46f1", "server.py": "c3f90f2f7eeb4db30727556d0c815ebc89b3d28b", "tests/unit/__init__.py": "da39a3ee5e6b4b0d3255bfef95601890afd80709", "tests/unit/test_server.py": "99ae15aef722f2000ee6ed1ae1523637bf1ae42b", "tests/unit/test_source_hashes.py": "00468a2907583c593e6574a1f6b404e4651c221a"}, "modules": {"ptd_client_server.lib.client": "lib/client.py", "ptd_client_server.lib.common": "lib/common.py", "ptd_client_server.lib.external.ntplib": "lib/external/ntplib.py", "ptd_client_server.lib.source_hashes": "lib/source_hashes.py", "ptd_client_server.lib.summary": "lib/summary.py", "ptd_client_server.lib.time_sync": "lib/time_sync.py"}}
client 2023-02-23 21:01:16,971 [INFO] Running workload in ranging mode
client 2023-02-23 21:01:16,971 [INFO] Synchronizing with the server and with time.google.com...
client 2023-02-23 21:01:16,988 [INFO] NTP:offset = -0.000 s, delay = 0.015 s 
client 2023-02-23 21:01:16,988 [INFO] Sending command to the server: 'time'
client 2023-02-23 21:01:16,991 [INFO] Got response: '1677186076.990346'
client 2023-02-23 21:01:16,991 [INFO] The time difference between the client and the server is within range -1.748 ms..1.354 ms
client 2023-02-23 21:01:16,991 [INFO] Sending command to the server: 'session,2023-02-23_21-01-16,start,ranging'
client 2023-02-23 21:01:45,177 [INFO] Got response: 'OK'
client 2023-02-23 21:01:45,178 [INFO] Running the workload '/home/arjun/run.out'
client 2023-02-23 21:13:17,835 [INFO] Sending command to the server: 'session,2023-02-23_21-01-16,stop,ranging'
client 2023-02-23 21:13:28,154 [INFO] Got response: 'OK'
client 2023-02-23 21:13:28,177 [INFO] Copying loadgen logs from '/home/arjun/mobilenet_results/valid_results/arjun_orin-tflite_cpp-cpu-tflite-vmaster-default_config/mobilenet-v1-precision_uint8-0.25-224/singlestream/performance/run_1' to '/home/arjun/mobilenet_results/valid_results/arjun_orin-tflite_cpp-cpu-tflite-vmaster-default_config/mobilenet-v1-precision_uint8-0.25-224/singlestream/performance/tmp_power/ranging'
client 2023-02-23 21:13:28,179 [INFO] Running workload in testing mode
client 2023-02-23 21:13:28,179 [INFO] Synchronizing with the server and with time.google.com...
client 2023-02-23 21:13:28,257 [INFO] NTP:offset = -0.031 s, delay = 0.075 s 
client 2023-02-23 21:13:28,258 [INFO] Sending command to the server: 'time'
client 2023-02-23 21:13:28,264 [INFO] Got response: '1677186808.2615318'
client 2023-02-23 21:13:28,265 [INFO] The time difference between the client and the server is within range -3.469 ms..3.424 ms
client 2023-02-23 21:13:28,265 [INFO] Sending command to the server: 'session,2023-02-23_21-01-16,start,testing'
client 2023-02-23 21:13:41,288 [INFO] Got response: 'OK'
client 2023-02-23 21:13:41,289 [INFO] Running the workload '/home/arjun/run.out'
client 2023-02-23 21:25:02,560 [INFO] Sending command to the server: 'session,2023-02-23_21-01-16,stop,testing'
client 2023-02-23 21:25:12,680 [INFO] Got response: 'OK'
client 2023-02-23 21:25:12,685 [INFO] Copying loadgen logs from '/home/arjun/mobilenet_results/valid_results/arjun_orin-tflite_cpp-cpu-tflite-vmaster-default_config/mobilenet-v1-precision_uint8-0.25-224/singlestream/performance/run_1' to '/home/arjun/mobilenet_results/valid_results/arjun_orin-tflite_cpp-cpu-tflite-vmaster-default_config/mobilenet-v1-precision_uint8-0.25-224/singlestream/performance/tmp_power/run_1'
client 2023-02-23 21:25:12,687 [INFO] Done runs
