ptd-server 2023-02-25 11:17:06,106 [INFO] Got command from the client 'time'
ptd-server 2023-02-25 11:17:06,107 [INFO] Sending reply to client '1677323826.1070888'
ptd-server 2023-02-25 11:17:06,108 [INFO] Got command from the client 'new,,85e4f9fd-bba3-47fa-8736-9400727f169b'
ptd-server 2023-02-25 11:17:06,109 [INFO] Sending reply to client 'OK 2023-02-25_11-17-06,1267422a-775f-4e3e-bec2-cdf24cb7db9f'
ptd-server 2023-02-25 11:17:06,135 [INFO] Got command from the client 'time'
ptd-server 2023-02-25 11:17:06,135 [INFO] Sending reply to client '1677323826.1358426'
ptd-server 2023-02-25 11:17:06,140 [INFO] Got command from the client 'session,2023-02-25_11-17-06,start,ranging'
ptd-server 2023-02-25 11:17:06,140 [INFO] Running PTDaemon: ['/home/anton/projects/mlperf/power/inference_v1.0/ptd-linux-x86', '-l', '/tmp/tmpu4v721n6/ptd_logfile.txt', '-p', '8888', '49', '/dev/usbtmc0']
ptd-server 2023-02-25 11:17:23,228 [INFO] Sending to ptd: 'Hello'
ptd-server 2023-02-25 11:17:23,229 [INFO] Reply from ptd: 'Hello, PTDaemon here!'
ptd-server 2023-02-25 11:17:23,229 [INFO] Sending to ptd: 'Identify'
ptd-server 2023-02-25 11:17:23,229 [INFO] Reply from ptd: 'YokogawaWT310E,1000,1,1,1,1,0,1,1,version=1.10.0-ed9a21d2-20220817,OS=Linux 5.15.0-60-generic #66~20.04.1-Ubuntu SMP Wed Jan 25 09:41:30 UTC 2023 x86_64,mode=power,1,1,1,0,0,no_cal_date,YOKOGAWA;WT310E;C3XA04010E;F1.04'
ptd-server 2023-02-25 11:17:23,229 [INFO] Connected to PTDaemon
ptd-server 2023-02-25 11:17:23,229 [INFO] Sending to ptd: 'RR'
ptd-server 2023-02-25 11:17:23,230 [INFO] Reply from ptd: 'Ranges,0,0.100000,0,300.000000'
ptd-server 2023-02-25 11:17:23,230 [INFO] Initial range for Amps is 0.100000 for Volts is 300.000000
ptd-server 2023-02-25 11:17:23,230 [INFO] Sending to ptd: 'SR,V,Auto'
ptd-server 2023-02-25 11:17:23,732 [INFO] Reply from ptd: 'Range V changed'
ptd-server 2023-02-25 11:17:23,733 [INFO] Sending to ptd: 'SR,A,Auto'
ptd-server 2023-02-25 11:17:24,235 [INFO] Reply from ptd: 'Range A changed'
ptd-server 2023-02-25 11:17:34,244 [INFO] Starting ranging mode
ptd-server 2023-02-25 11:17:34,245 [INFO] Sending to ptd: 'Go,1000,0,2023-02-25_11-17-06_ranging'
ptd-server 2023-02-25 11:17:34,245 [INFO] Reply from ptd: 'Starting untimed measurement, maximum 500000 samples at 1000ms with 0 rampup samples'
ptd-server 2023-02-25 11:17:34,245 [INFO] Sending reply to client 'OK'
ptd-server 2023-02-25 11:27:49,480 [INFO] Got command from the client 'session,2023-02-25_11-17-06,stop,ranging'
ptd-server 2023-02-25 11:27:59,488 [INFO] Sending to ptd: 'Stop'
ptd-server 2023-02-25 11:27:59,488 [INFO] Reply from ptd: 'Stopping untimed measurement'
ptd-server 2023-02-25 11:27:59,572 [INFO] Sending reply to client 'OK'
ptd-server 2023-02-25 11:27:59,614 [INFO] Got command from the client 'time'
ptd-server 2023-02-25 11:27:59,614 [INFO] Sending reply to client '1677324479.614925'
ptd-server 2023-02-25 11:27:59,617 [INFO] Got command from the client 'session,2023-02-25_11-17-06,start,testing'
ptd-server 2023-02-25 11:27:59,617 [INFO] Sending to ptd: 'SR,V,251.300000'
ptd-server 2023-02-25 11:28:01,747 [INFO] Reply from ptd: 'Range V changed'
ptd-server 2023-02-25 11:28:01,747 [INFO] Sending to ptd: 'SR,A,0.057810'
ptd-server 2023-02-25 11:28:03,248 [INFO] Reply from ptd: 'Range A changed'
ptd-server 2023-02-25 11:28:13,258 [INFO] Starting testing mode
ptd-server 2023-02-25 11:28:13,259 [INFO] Sending to ptd: 'Go,1000,0,2023-02-25_11-17-06_testing'
ptd-server 2023-02-25 11:28:13,259 [INFO] Reply from ptd: 'Starting untimed measurement, maximum 500000 samples at 1000ms with 0 rampup samples'
ptd-server 2023-02-25 11:28:13,259 [INFO] Sending reply to client 'OK'
ptd-server 2023-02-25 11:38:28,346 [INFO] Got command from the client 'session,2023-02-25_11-17-06,stop,testing'
ptd-server 2023-02-25 11:38:38,356 [INFO] Sending to ptd: 'Stop'
ptd-server 2023-02-25 11:38:38,356 [INFO] Reply from ptd: 'Stopping untimed measurement'
ptd-server 2023-02-25 11:38:38,398 [INFO] Sending reply to client 'OK'
ptd-server 2023-02-25 11:38:38,420 [INFO] Got command from the client 'session,2023-02-25_11-17-06,done'
ptd-server 2023-02-25 11:38:38,420 [INFO] Sending to ptd: 'Stop'
ptd-server 2023-02-25 11:38:39,259 [INFO] Reply from ptd: 'Error: no measurement to stop'
ptd-server 2023-02-25 11:38:39,259 [INFO] Sending to ptd: 'SR,V,300.000000'
ptd-server 2023-02-25 11:38:40,761 [INFO] Reply from ptd: 'Range V changed'
ptd-server 2023-02-25 11:38:40,761 [INFO] Sending to ptd: 'SR,A,0.100000'
ptd-server 2023-02-25 11:38:42,262 [INFO] Reply from ptd: 'Range A changed'
ptd-server 2023-02-25 11:38:42,263 [INFO] Set initial values for Amps 0.100000 and Volts 300.000000
ptd-server 2023-02-25 11:38:42,263 [INFO] Stopping ptd...
