ptd-server 2023-02-24 11:19:42,061 [INFO] Got command from the client 'stop'
ptd-server 2023-02-24 11:19:42,061 [INFO] The server will be stopped after processing this client
ptd-server 2023-02-24 11:19:42,061 [INFO] Sending reply to client 'OK'
ptd-server 2023-02-24 11:19:42,282 [INFO] Got command from the client 'time'
ptd-server 2023-02-24 11:19:42,282 [INFO] Sending reply to client '1677266382.2824862'
ptd-server 2023-02-24 11:19:42,283 [INFO] Got command from the client 'new,,267836bb-6a42-48e5-acc2-af3b8e370bfd'
ptd-server 2023-02-24 11:19:42,284 [INFO] Sending reply to client 'OK 2023-02-24_11-19-42,42ebb4b3-fd97-47cd-bff9-a527f05d333a'
ptd-server 2023-02-24 11:19:42,502 [INFO] Got command from the client 'time'
ptd-server 2023-02-24 11:19:42,502 [INFO] Sending reply to client '1677266382.5029376'
ptd-server 2023-02-24 11:19:42,504 [INFO] Got command from the client 'session,2023-02-24_11-19-42,start,ranging'
ptd-server 2023-02-24 11:19:42,504 [INFO] Running PTDaemon: ['/usr/bin/ptd-linux-x86', '-l', '/tmp/tmptft4qh_7/ptd_logfile.txt', '-p', '8888', '-c', '1,3', '-y', '77', '10.117.68.101']
ptd-server 2023-02-24 11:20:02,290 [INFO] Sending to ptd: 'Hello'
ptd-server 2023-02-24 11:20:02,291 [INFO] Reply from ptd: 'Hello, PTDaemon here!'
ptd-server 2023-02-24 11:20:02,291 [INFO] Sending to ptd: 'Identify'
ptd-server 2023-02-24 11:20:02,291 [INFO] Reply from ptd: 'YokogawaWT330_multichannel,1000,1,1,1,1,0,0,1,version=1.10.0-ed9a21d2-20220817,OS=Linux 5.15.0-60-generic #66~20.04.1-Ubuntu SMP Wed Jan 25 09:41:30 UTC 2023 x86_64,mode=power,1,1,3,0,0,no_cal_date,YOKOGAWA;WT333E;C2XL24034V;F1.04'
ptd-server 2023-02-24 11:20:02,291 [INFO] Connected to PTDaemon
ptd-server 2023-02-24 11:20:02,291 [INFO] Sending to ptd: 'RR'
ptd-server 2023-02-24 11:20:02,291 [INFO] Reply from ptd: 'Ranges,1,2.000000,1,300.000000'
ptd-server 2023-02-24 11:20:02,292 [INFO] Initial range for Amps is Auto for Volts is Auto
ptd-server 2023-02-24 11:20:02,292 [INFO] Sending to ptd: 'SR,V,Auto'
ptd-server 2023-02-24 11:20:07,347 [INFO] Reply from ptd: 'Range V changed'
ptd-server 2023-02-24 11:20:07,347 [INFO] Sending to ptd: 'SR,A,Auto'
ptd-server 2023-02-24 11:20:12,403 [INFO] Reply from ptd: 'Range A changed'
ptd-server 2023-02-24 11:20:22,413 [INFO] Starting ranging mode
ptd-server 2023-02-24 11:20:22,413 [INFO] Sending to ptd: 'Go,1000,0,2023-02-24_11-19-42_ranging'
ptd-server 2023-02-24 11:20:22,414 [INFO] Reply from ptd: 'Starting untimed measurement, maximum 500000 samples at 1000ms with 0 rampup samples'
ptd-server 2023-02-24 11:20:22,414 [INFO] Sending reply to client 'OK'
ptd-server 2023-02-24 11:33:03,703 [INFO] Got command from the client 'session,2023-02-24_11-19-42,stop,ranging'
ptd-server 2023-02-24 11:33:13,713 [INFO] Sending to ptd: 'Stop'
ptd-server 2023-02-24 11:33:13,714 [INFO] Reply from ptd: 'Stopping untimed measurement'
ptd-server 2023-02-24 11:33:13,745 [INFO] Sending reply to client 'OK'
ptd-server 2023-02-24 11:33:14,005 [INFO] Got command from the client 'time'
ptd-server 2023-02-24 11:33:14,006 [INFO] Sending reply to client '1677267194.006109'
ptd-server 2023-02-24 11:33:14,007 [INFO] Got command from the client 'session,2023-02-24_11-19-42,start,testing'
ptd-server 2023-02-24 11:33:14,007 [INFO] Sending to ptd: 'SR,V,206.560000'
ptd-server 2023-02-24 11:33:20,468 [INFO] Reply from ptd: 'Range V changed'
ptd-server 2023-02-24 11:33:20,469 [INFO] Sending to ptd: 'SR,A,3.979200'
ptd-server 2023-02-24 11:33:26,023 [INFO] Reply from ptd: 'Range A changed'
ptd-server 2023-02-24 11:33:36,033 [INFO] Starting testing mode
ptd-server 2023-02-24 11:33:36,034 [INFO] Sending to ptd: 'Go,1000,0,2023-02-24_11-19-42_testing'
ptd-server 2023-02-24 11:33:36,034 [INFO] Reply from ptd: 'Starting untimed measurement, maximum 500000 samples at 1000ms with 0 rampup samples'
ptd-server 2023-02-24 11:33:36,034 [INFO] Sending reply to client 'OK'
ptd-server 2023-02-24 11:46:07,396 [INFO] Got command from the client 'session,2023-02-24_11-19-42,stop,testing'
ptd-server 2023-02-24 11:46:17,406 [INFO] Sending to ptd: 'Stop'
ptd-server 2023-02-24 11:46:17,407 [INFO] Reply from ptd: 'Stopping untimed measurement'
ptd-server 2023-02-24 11:46:17,412 [INFO] Sending reply to client 'OK'
ptd-server 2023-02-24 11:46:17,468 [INFO] Got command from the client 'session,2023-02-24_11-19-42,done'
ptd-server 2023-02-24 11:46:17,468 [INFO] Sending to ptd: 'Stop'
ptd-server 2023-02-24 11:46:18,034 [INFO] Reply from ptd: 'Error: no measurement to stop'
ptd-server 2023-02-24 11:46:18,034 [INFO] Sending to ptd: 'SR,V,Auto'
ptd-server 2023-02-24 11:46:23,089 [INFO] Reply from ptd: 'Range V changed'
ptd-server 2023-02-24 11:46:23,090 [INFO] Sending to ptd: 'SR,A,Auto'
ptd-server 2023-02-24 11:46:28,145 [INFO] Reply from ptd: 'Range A changed'
ptd-server 2023-02-24 11:46:28,145 [INFO] Set initial values for Amps Auto and Volts Auto
ptd-server 2023-02-24 11:46:28,145 [INFO] Stopping ptd...
