ptd-server 2023-02-24 11:23:04,720 [INFO] Got command from the client 'time'
ptd-server 2023-02-24 11:23:04,720 [INFO] Sending reply to client '1677237784.7209172'
ptd-server 2023-02-24 11:23:04,721 [INFO] Got command from the client 'new,,e41a3ad3-d96a-4ed6-822d-b4b342d8d05e'
ptd-server 2023-02-24 11:23:04,722 [INFO] Sending reply to client 'OK 2023-02-24_11-23-04,c201bcea-7c37-4d80-a8f1-d8f747883e8f'
ptd-server 2023-02-24 11:23:04,843 [INFO] Got command from the client 'time'
ptd-server 2023-02-24 11:23:04,843 [INFO] Sending reply to client '1677237784.8435714'
ptd-server 2023-02-24 11:23:04,844 [INFO] Got command from the client 'session,2023-02-24_11-23-04,start,ranging'
ptd-server 2023-02-24 11:23:04,844 [INFO] Running PTDaemon: ['/home/anton/projects/mlperf/power/inference_v1.0/ptd-linux-x86', '-l', '/tmp/tmp4yl1neqp/ptd_logfile.txt', '-p', '8888', '49', '/dev/usbtmc0']
ptd-server 2023-02-24 11:23:21,918 [INFO] Sending to ptd: 'Hello'
ptd-server 2023-02-24 11:23:21,918 [INFO] Reply from ptd: 'Hello, PTDaemon here!'
ptd-server 2023-02-24 11:23:21,919 [INFO] Sending to ptd: 'Identify'
ptd-server 2023-02-24 11:23:21,919 [INFO] Reply from ptd: 'YokogawaWT310E,1000,1,1,1,1,0,1,1,version=1.10.0-ed9a21d2-20220817,OS=Linux 5.15.0-60-generic #66~20.04.1-Ubuntu SMP Wed Jan 25 09:41:30 UTC 2023 x86_64,mode=power,1,1,1,0,0,no_cal_date,YOKOGAWA;WT310E;C3XA04010E;F1.04'
ptd-server 2023-02-24 11:23:21,919 [INFO] Connected to PTDaemon
ptd-server 2023-02-24 11:23:21,919 [INFO] Sending to ptd: 'RR'
ptd-server 2023-02-24 11:23:21,919 [INFO] Reply from ptd: 'Ranges,1,0.100000,1,300.000000'
ptd-server 2023-02-24 11:23:21,920 [INFO] Initial range for Amps is Auto for Volts is Auto
ptd-server 2023-02-24 11:23:21,920 [INFO] Sending to ptd: 'SR,V,Auto'
ptd-server 2023-02-24 11:23:22,422 [INFO] Reply from ptd: 'Range V changed'
ptd-server 2023-02-24 11:23:22,422 [INFO] Sending to ptd: 'SR,A,Auto'
ptd-server 2023-02-24 11:23:22,925 [INFO] Reply from ptd: 'Range A changed'
ptd-server 2023-02-24 11:23:32,932 [INFO] Starting ranging mode
ptd-server 2023-02-24 11:23:32,932 [INFO] Sending to ptd: 'Go,1000,0,2023-02-24_11-23-04_ranging'
ptd-server 2023-02-24 11:23:32,933 [INFO] Reply from ptd: 'Starting untimed measurement, maximum 500000 samples at 1000ms with 0 rampup samples'
ptd-server 2023-02-24 11:23:32,933 [INFO] Sending reply to client 'OK'
ptd-server 2023-02-24 11:33:49,414 [INFO] Got command from the client 'session,2023-02-24_11-23-04,stop,ranging'
ptd-server 2023-02-24 11:33:59,424 [INFO] Sending to ptd: 'Stop'
ptd-server 2023-02-24 11:33:59,425 [INFO] Reply from ptd: 'Stopping untimed measurement'
ptd-server 2023-02-24 11:34:00,118 [INFO] Sending reply to client 'OK'
ptd-server 2023-02-24 11:34:00,290 [INFO] Got command from the client 'time'
ptd-server 2023-02-24 11:34:00,290 [INFO] Sending reply to client '1677238440.2907932'
ptd-server 2023-02-24 11:34:00,291 [INFO] Got command from the client 'session,2023-02-24_11-23-04,start,testing'
ptd-server 2023-02-24 11:34:00,292 [INFO] Sending to ptd: 'SR,V,252.260000'
ptd-server 2023-02-24 11:34:01,793 [INFO] Reply from ptd: 'Range V changed'
ptd-server 2023-02-24 11:34:01,793 [INFO] Sending to ptd: 'SR,A,0.059480'
ptd-server 2023-02-24 11:34:03,294 [INFO] Reply from ptd: 'Range A changed'
ptd-server 2023-02-24 11:34:13,305 [INFO] Starting testing mode
ptd-server 2023-02-24 11:34:13,305 [INFO] Sending to ptd: 'Go,1000,0,2023-02-24_11-23-04_testing'
ptd-server 2023-02-24 11:34:13,305 [INFO] Reply from ptd: 'Starting untimed measurement, maximum 500000 samples at 1000ms with 0 rampup samples'
ptd-server 2023-02-24 11:34:13,306 [INFO] Sending reply to client 'OK'
ptd-server 2023-02-24 11:44:29,700 [INFO] Got command from the client 'session,2023-02-24_11-23-04,stop,testing'
ptd-server 2023-02-24 11:44:39,708 [INFO] Sending to ptd: 'Stop'
ptd-server 2023-02-24 11:44:39,708 [INFO] Reply from ptd: 'Stopping untimed measurement'
ptd-server 2023-02-24 11:44:40,043 [INFO] Sending reply to client 'OK'
ptd-server 2023-02-24 11:44:40,051 [INFO] Got command from the client 'session,2023-02-24_11-23-04,done'
ptd-server 2023-02-24 11:44:40,051 [INFO] Sending to ptd: 'Stop'
ptd-server 2023-02-24 11:44:40,305 [INFO] Reply from ptd: 'Error: no measurement to stop'
ptd-server 2023-02-24 11:44:40,305 [INFO] Sending to ptd: 'SR,V,Auto'
ptd-server 2023-02-24 11:44:40,808 [INFO] Reply from ptd: 'Range V changed'
ptd-server 2023-02-24 11:44:40,808 [INFO] Sending to ptd: 'SR,A,Auto'
ptd-server 2023-02-24 11:44:41,311 [INFO] Reply from ptd: 'Range A changed'
ptd-server 2023-02-24 11:44:41,311 [INFO] Set initial values for Amps Auto and Volts Auto
ptd-server 2023-02-24 11:44:41,311 [INFO] Stopping ptd...
