ptd-server 2023-03-03 10:20:39,667 [INFO] Got command from the client 'time'
ptd-server 2023-03-03 10:20:39,667 [INFO] Sending reply to client '1677860439.6677818'
ptd-server 2023-03-03 10:20:39,668 [INFO] Got command from the client 'new,,a31b8118-0ba2-4229-b93a-2927fe8edfcc'
ptd-server 2023-03-03 10:20:39,669 [INFO] Sending reply to client 'OK 2023-03-03_10-20-39,d0f5d6ad-fb05-41ef-a67d-79a609fa285a'
ptd-server 2023-03-03 10:20:39,770 [INFO] Got command from the client 'time'
ptd-server 2023-03-03 10:20:39,771 [INFO] Sending reply to client '1677860439.7711983'
ptd-server 2023-03-03 10:20:39,772 [INFO] Got command from the client 'session,2023-03-03_10-20-39,start,ranging'
ptd-server 2023-03-03 10:20:39,772 [INFO] Running PTDaemon: ['/local/mnt/workspace/mlcommons/power-main/inference_v1.0/ptd-linux-x86', '-l', '/tmp/tmpqwe09ni1/ptd_logfile.txt', '-p', '8888', '49', '/dev/usbtmc0']
ptd-server 2023-03-03 10:20:56,796 [INFO] Sending to ptd: 'Hello'
ptd-server 2023-03-03 10:20:56,797 [INFO] Reply from ptd: 'Hello, PTDaemon here!'
ptd-server 2023-03-03 10:20:56,798 [INFO] Sending to ptd: 'Identify'
ptd-server 2023-03-03 10:20:56,798 [INFO] Reply from ptd: 'YokogawaWT310E,1000,1,1,1,1,0,1,1,version=1.10.0-ed9a21d2-20220817,OS=Linux 4.15.0-188-generic #199-Ubuntu SMP Wed Jun 15 20:42:56 UTC 2022 x86_64,mode=power,1,1,1,0,0,no_cal_date,YOKOGAWA;WT310E;C2XF16028V;F1.04'
ptd-server 2023-03-03 10:20:56,799 [INFO] Connected to PTDaemon
ptd-server 2023-03-03 10:20:56,799 [INFO] Sending to ptd: 'RR'
ptd-server 2023-03-03 10:20:56,799 [INFO] Reply from ptd: 'Ranges,1,5.000000,1,150.000000'
ptd-server 2023-03-03 10:20:56,799 [INFO] Initial range for Amps is Auto for Volts is Auto
ptd-server 2023-03-03 10:20:56,800 [INFO] Sending to ptd: 'SR,V,Auto'
ptd-server 2023-03-03 10:20:57,303 [INFO] Reply from ptd: 'Range V changed'
ptd-server 2023-03-03 10:20:57,303 [INFO] Sending to ptd: 'SR,A,Auto'
ptd-server 2023-03-03 10:20:57,806 [INFO] Reply from ptd: 'Range A changed'
ptd-server 2023-03-03 10:21:07,807 [INFO] Starting ranging mode
ptd-server 2023-03-03 10:21:07,808 [INFO] Sending to ptd: 'Go,1000,0,2023-03-03_10-20-39_ranging'
ptd-server 2023-03-03 10:21:07,808 [INFO] Reply from ptd: 'Starting untimed measurement, maximum 500000 samples at 1000ms with 0 rampup samples'
ptd-server 2023-03-03 10:21:07,808 [INFO] Sending reply to client 'OK'
ptd-server 2023-03-03 10:34:14,523 [INFO] Got command from the client 'session,2023-03-03_10-20-39,stop,ranging'
ptd-server 2023-03-03 10:34:24,531 [INFO] Sending to ptd: 'Stop'
ptd-server 2023-03-03 10:34:24,532 [INFO] Reply from ptd: 'Stopping untimed measurement'
ptd-server 2023-03-03 10:34:24,630 [INFO] Sending reply to client 'OK'
ptd-server 2023-03-03 10:34:24,719 [INFO] Got command from the client 'time'
ptd-server 2023-03-03 10:34:24,719 [INFO] Sending reply to client '1677861264.7191849'
ptd-server 2023-03-03 10:34:24,720 [INFO] Got command from the client 'session,2023-03-03_10-20-39,start,testing'
ptd-server 2023-03-03 10:34:24,720 [INFO] Sending to ptd: 'SR,V,119.880000'
ptd-server 2023-03-03 10:34:26,310 [INFO] Reply from ptd: 'Range V changed'
ptd-server 2023-03-03 10:34:26,310 [INFO] Sending to ptd: 'SR,A,4.800000'
ptd-server 2023-03-03 10:34:27,813 [INFO] Reply from ptd: 'Range A changed'
ptd-server 2023-03-03 10:34:37,823 [INFO] Starting testing mode
ptd-server 2023-03-03 10:34:37,823 [INFO] Sending to ptd: 'Go,1000,0,2023-03-03_10-20-39_testing'
ptd-server 2023-03-03 10:34:37,824 [INFO] Reply from ptd: 'Starting untimed measurement, maximum 500000 samples at 1000ms with 0 rampup samples'
ptd-server 2023-03-03 10:34:37,824 [INFO] Sending reply to client 'OK'
ptd-server 2023-03-03 10:47:43,826 [INFO] Got command from the client 'session,2023-03-03_10-20-39,stop,testing'
ptd-server 2023-03-03 10:47:53,836 [INFO] Sending to ptd: 'Stop'
ptd-server 2023-03-03 10:47:53,837 [INFO] Reply from ptd: 'Stopping untimed measurement'
ptd-server 2023-03-03 10:47:53,893 [INFO] Sending reply to client 'OK'
ptd-server 2023-03-03 10:47:53,899 [INFO] Got command from the client 'session,2023-03-03_10-20-39,done'
ptd-server 2023-03-03 10:47:53,899 [INFO] Sending to ptd: 'Stop'
ptd-server 2023-03-03 10:47:54,825 [INFO] Reply from ptd: 'Error: no measurement to stop'
ptd-server 2023-03-03 10:47:54,825 [INFO] Sending to ptd: 'SR,V,Auto'
ptd-server 2023-03-03 10:47:55,328 [INFO] Reply from ptd: 'Range V changed'
ptd-server 2023-03-03 10:47:55,328 [INFO] Sending to ptd: 'SR,A,Auto'
ptd-server 2023-03-03 10:47:55,831 [INFO] Reply from ptd: 'Range A changed'
ptd-server 2023-03-03 10:47:55,832 [INFO] Set initial values for Amps Auto and Volts Auto
ptd-server 2023-03-03 10:47:55,832 [INFO] Stopping ptd...
