ptd-server 2023-03-02 13:00:28,706 [INFO] Got command from the client 'time'
ptd-server 2023-03-02 13:00:28,706 [INFO] Sending reply to client '1677762028.7062962'
ptd-server 2023-03-02 13:00:28,707 [INFO] Got command from the client 'new,,4deef4d2-aaf0-4395-b6ac-a752d1a8a847'
ptd-server 2023-03-02 13:00:28,708 [INFO] Sending reply to client 'OK 2023-03-02_13-00-28,cb166064-662a-4a39-990a-31c068552004'
ptd-server 2023-03-02 13:00:28,721 [INFO] Got command from the client 'time'
ptd-server 2023-03-02 13:00:28,721 [INFO] Sending reply to client '1677762028.7212393'
ptd-server 2023-03-02 13:00:28,722 [INFO] Got command from the client 'session,2023-03-02_13-00-28,start,ranging'
ptd-server 2023-03-02 13:00:28,722 [INFO] Running PTDaemon: ['/home/anton/projects/mlperf/power/inference_v1.0/ptd-linux-x86', '-l', '/tmp/tmpjo7pgaee/ptd_logfile.txt', '-p', '8888', '49', '/dev/usbtmc0']
ptd-server 2023-03-02 13:00:45,807 [INFO] Sending to ptd: 'Hello'
ptd-server 2023-03-02 13:00:45,808 [INFO] Reply from ptd: 'Hello, PTDaemon here!'
ptd-server 2023-03-02 13:00:45,808 [INFO] Sending to ptd: 'Identify'
ptd-server 2023-03-02 13:00:45,808 [INFO] Reply from ptd: 'YokogawaWT310E,1000,1,1,1,1,0,1,1,version=1.10.0-ed9a21d2-20220817,OS=Linux 5.15.0-60-generic #66~20.04.1-Ubuntu SMP Wed Jan 25 09:41:30 UTC 2023 x86_64,mode=power,1,1,1,0,0,no_cal_date,YOKOGAWA;WT310E;C3XA04010E;F1.04'
ptd-server 2023-03-02 13:00:45,808 [INFO] Connected to PTDaemon
ptd-server 2023-03-02 13:00:45,808 [INFO] Sending to ptd: 'RR'
ptd-server 2023-03-02 13:00:45,809 [INFO] Reply from ptd: 'Ranges,1,0.200000,1,300.000000'
ptd-server 2023-03-02 13:00:45,809 [INFO] Initial range for Amps is Auto for Volts is Auto
ptd-server 2023-03-02 13:00:45,809 [INFO] Sending to ptd: 'SR,V,Auto'
ptd-server 2023-03-02 13:00:46,311 [INFO] Reply from ptd: 'Range V changed'
ptd-server 2023-03-02 13:00:46,312 [INFO] Sending to ptd: 'SR,A,Auto'
ptd-server 2023-03-02 13:00:46,814 [INFO] Reply from ptd: 'Range A changed'
ptd-server 2023-03-02 13:00:56,824 [INFO] Starting ranging mode
ptd-server 2023-03-02 13:00:56,824 [INFO] Sending to ptd: 'Go,1000,0,2023-03-02_13-00-28_ranging'
ptd-server 2023-03-02 13:00:56,824 [INFO] Reply from ptd: 'Starting untimed measurement, maximum 500000 samples at 1000ms with 0 rampup samples'
ptd-server 2023-03-02 13:00:56,825 [INFO] Sending reply to client 'OK'
ptd-server 2023-03-02 13:11:08,437 [INFO] Got command from the client 'session,2023-03-02_13-00-28,stop,ranging'
ptd-server 2023-03-02 13:11:18,448 [INFO] Sending to ptd: 'Stop'
ptd-server 2023-03-02 13:11:18,448 [INFO] Reply from ptd: 'Stopping untimed measurement'
ptd-server 2023-03-02 13:11:18,544 [INFO] Sending reply to client 'OK'
ptd-server 2023-03-02 13:11:18,711 [INFO] Got command from the client 'time'
ptd-server 2023-03-02 13:11:18,712 [INFO] Sending reply to client '1677762678.7121053'
ptd-server 2023-03-02 13:11:18,712 [INFO] Got command from the client 'session,2023-03-02_13-00-28,start,testing'
ptd-server 2023-03-02 13:11:18,712 [INFO] Sending to ptd: 'SR,V,252.840000'
ptd-server 2023-03-02 13:11:20,327 [INFO] Reply from ptd: 'Range V changed'
ptd-server 2023-03-02 13:11:20,327 [INFO] Sending to ptd: 'SR,A,0.261550'
ptd-server 2023-03-02 13:11:21,828 [INFO] Reply from ptd: 'Range A changed'
ptd-server 2023-03-02 13:11:31,839 [INFO] Starting testing mode
ptd-server 2023-03-02 13:11:31,839 [INFO] Sending to ptd: 'Go,1000,0,2023-03-02_13-00-28_testing'
ptd-server 2023-03-02 13:11:31,839 [INFO] Reply from ptd: 'Starting untimed measurement, maximum 500000 samples at 1000ms with 0 rampup samples'
ptd-server 2023-03-02 13:11:31,839 [INFO] Sending reply to client 'OK'
ptd-server 2023-03-02 13:21:43,535 [INFO] Got command from the client 'session,2023-03-02_13-00-28,stop,testing'
ptd-server 2023-03-02 13:21:53,546 [INFO] Sending to ptd: 'Stop'
ptd-server 2023-03-02 13:21:53,546 [INFO] Reply from ptd: 'Stopping untimed measurement'
ptd-server 2023-03-02 13:21:53,594 [INFO] Sending reply to client 'OK'
ptd-server 2023-03-02 13:21:53,598 [INFO] Got command from the client 'session,2023-03-02_13-00-28,done'
ptd-server 2023-03-02 13:21:53,598 [INFO] Sending to ptd: 'Stop'
ptd-server 2023-03-02 13:21:53,839 [INFO] Reply from ptd: 'Error: no measurement to stop'
ptd-server 2023-03-02 13:21:53,840 [INFO] Sending to ptd: 'SR,V,Auto'
ptd-server 2023-03-02 13:21:54,342 [INFO] Reply from ptd: 'Range V changed'
ptd-server 2023-03-02 13:21:54,342 [INFO] Sending to ptd: 'SR,A,Auto'
ptd-server 2023-03-02 13:21:54,844 [INFO] Reply from ptd: 'Range A changed'
ptd-server 2023-03-02 13:21:54,845 [INFO] Set initial values for Amps Auto and Volts Auto
ptd-server 2023-03-02 13:21:54,845 [INFO] Stopping ptd...
