ptd-server 2023-02-25 07:53:02,066 [INFO] Got command from the client 'time'
ptd-server 2023-02-25 07:53:02,066 [INFO] Sending reply to client '1677333182.0668664'
ptd-server 2023-02-25 07:53:02,069 [INFO] Got command from the client 'new,,f60cbabe-3d63-4630-a099-7ed0112fdccf'
ptd-server 2023-02-25 07:53:02,069 [INFO] Sending reply to client 'OK 2023-02-25_07-53-02,7740939e-e1c5-43c9-bd01-97c0144a175d'
ptd-server 2023-02-25 07:53:02,153 [INFO] Got command from the client 'time'
ptd-server 2023-02-25 07:53:02,153 [INFO] Sending reply to client '1677333182.1535184'
ptd-server 2023-02-25 07:53:02,155 [INFO] Got command from the client 'session,2023-02-25_07-53-02,start,ranging'
ptd-server 2023-02-25 07:53:02,156 [INFO] Running PTDaemon: ['/local/mnt/workspace/mlcommons/power-main/inference_v1.0/ptd-linux-x86', '-l', '/tmp/tmpjxnnhn9w/ptd_logfile.txt', '-p', '8888', '-c', '1', '52', '/dev/usbtmc0']
ptd-server 2023-02-25 07:53:19,177 [INFO] Sending to ptd: 'Hello'
ptd-server 2023-02-25 07:53:19,178 [INFO] Reply from ptd: 'Hello, PTDaemon here!'
ptd-server 2023-02-25 07:53:19,178 [INFO] Sending to ptd: 'Identify'
ptd-server 2023-02-25 07:53:19,179 [INFO] Reply from ptd: 'YokogawaWT330,1000,1,1,1,1,0,0,1,version=1.10.0-ed9a21d2-20220817,OS=Linux 5.4.0-120-generic #136~18.04.1-Ubuntu SMP Fri Jun 10 18:00:44 UTC 2022 x86_64,mode=power,1,1,1,0,0,no_cal_date,YOKOGAWA;WT333;C2QH26002V;F1.06'
ptd-server 2023-02-25 07:53:19,179 [INFO] Connected to PTDaemon
ptd-server 2023-02-25 07:53:19,179 [INFO] Sending to ptd: 'RR'
ptd-server 2023-02-25 07:53:19,179 [INFO] Reply from ptd: 'Ranges,1,0.500000,1,150.000000'
ptd-server 2023-02-25 07:53:19,180 [INFO] Initial range for Amps is Auto for Volts is Auto
ptd-server 2023-02-25 07:53:19,180 [INFO] Sending to ptd: 'SR,V,Auto'
ptd-server 2023-02-25 07:53:19,720 [INFO] Reply from ptd: 'Range V changed'
ptd-server 2023-02-25 07:53:19,721 [INFO] Sending to ptd: 'SR,A,Auto'
ptd-server 2023-02-25 07:53:20,224 [INFO] Reply from ptd: 'Range A changed'
ptd-server 2023-02-25 07:53:30,234 [INFO] Starting ranging mode
ptd-server 2023-02-25 07:53:30,235 [INFO] Sending to ptd: 'Go,1000,0,2023-02-25_07-53-02_ranging'
ptd-server 2023-02-25 07:53:30,235 [INFO] Reply from ptd: 'Starting untimed measurement, maximum 500000 samples at 1000ms with 0 rampup samples'
ptd-server 2023-02-25 07:53:30,235 [INFO] Sending reply to client 'OK'
ptd-server 2023-02-25 08:07:11,327 [INFO] Got command from the client 'session,2023-02-25_07-53-02,stop,ranging'
ptd-server 2023-02-25 08:07:21,336 [INFO] Sending to ptd: 'Stop'
ptd-server 2023-02-25 08:07:21,337 [INFO] Reply from ptd: 'Stopping untimed measurement'
ptd-server 2023-02-25 08:07:21,364 [INFO] Sending reply to client 'OK'
ptd-server 2023-02-25 08:07:21,559 [INFO] Got command from the client 'time'
ptd-server 2023-02-25 08:07:21,559 [INFO] Sending reply to client '1677334041.5597184'
ptd-server 2023-02-25 08:07:21,563 [INFO] Got command from the client 'session,2023-02-25_07-53-02,start,testing'
ptd-server 2023-02-25 08:07:21,563 [INFO] Sending to ptd: 'SR,V,120.070000'
ptd-server 2023-02-25 08:07:23,737 [INFO] Reply from ptd: 'Range V changed'
ptd-server 2023-02-25 08:07:23,738 [INFO] Sending to ptd: 'SR,A,0.225090'
ptd-server 2023-02-25 08:07:25,240 [INFO] Reply from ptd: 'Range A changed'
ptd-server 2023-02-25 08:07:35,250 [INFO] Starting testing mode
ptd-server 2023-02-25 08:07:35,251 [INFO] Sending to ptd: 'Go,1000,0,2023-02-25_07-53-02_testing'
ptd-server 2023-02-25 08:07:35,251 [INFO] Reply from ptd: 'Starting untimed measurement, maximum 500000 samples at 1000ms with 0 rampup samples'
ptd-server 2023-02-25 08:07:35,251 [INFO] Sending reply to client 'OK'
ptd-server 2023-02-25 08:21:15,077 [INFO] Got command from the client 'session,2023-02-25_07-53-02,stop,testing'
ptd-server 2023-02-25 08:21:25,088 [INFO] Sending to ptd: 'Stop'
ptd-server 2023-02-25 08:21:25,088 [INFO] Reply from ptd: 'Stopping untimed measurement'
ptd-server 2023-02-25 08:21:25,101 [INFO] Sending reply to client 'OK'
ptd-server 2023-02-25 08:21:25,135 [INFO] Got command from the client 'session,2023-02-25_07-53-02,done'
ptd-server 2023-02-25 08:21:25,136 [INFO] Sending to ptd: 'Stop'
ptd-server 2023-02-25 08:21:25,251 [INFO] Reply from ptd: 'Error: no measurement to stop'
ptd-server 2023-02-25 08:21:25,252 [INFO] Sending to ptd: 'SR,V,Auto'
ptd-server 2023-02-25 08:21:25,755 [INFO] Reply from ptd: 'Range V changed'
ptd-server 2023-02-25 08:21:25,755 [INFO] Sending to ptd: 'SR,A,Auto'
ptd-server 2023-02-25 08:21:26,258 [INFO] Reply from ptd: 'Range A changed'
ptd-server 2023-02-25 08:21:26,258 [INFO] Set initial values for Amps Auto and Volts Auto
ptd-server 2023-02-25 08:21:26,258 [INFO] Stopping ptd...
