ptd-server 2023-02-20 03:10:21,623 [INFO] Got command from the client 'time'
ptd-server 2023-02-20 03:10:21,623 [INFO] Sending reply to client '1676862621.6232395'
ptd-server 2023-02-20 03:10:21,624 [INFO] Got command from the client 'new,,31accd4b-0494-403f-9a35-1ec8782f4907'
ptd-server 2023-02-20 03:10:21,624 [INFO] Sending reply to client 'OK 2023-02-20_03-10-21,3782305c-9fdb-4595-92f0-dc9bc3b0970b'
ptd-server 2023-02-20 03:10:21,645 [INFO] Got command from the client 'time'
ptd-server 2023-02-20 03:10:21,645 [INFO] Sending reply to client '1676862621.6456053'
ptd-server 2023-02-20 03:10:21,646 [INFO] Got command from the client 'session,2023-02-20_03-10-21,start,ranging'
ptd-server 2023-02-20 03:10:21,646 [INFO] Running PTDaemon: ['/home/anton/projects/mlperf/power/inference_v1.0/ptd-linux-x86', '-l', '/tmp/tmp4yl1neqp/ptd_logfile.txt', '-p', '8888', '49', '/dev/usbtmc0']
ptd-server 2023-02-20 03:10:38,720 [INFO] Sending to ptd: 'Hello'
ptd-server 2023-02-20 03:10:38,721 [INFO] Reply from ptd: 'Hello, PTDaemon here!'
ptd-server 2023-02-20 03:10:38,721 [INFO] Sending to ptd: 'Identify'
ptd-server 2023-02-20 03:10:38,722 [INFO] Reply from ptd: 'YokogawaWT310E,1000,1,1,1,1,0,1,1,version=1.10.0-ed9a21d2-20220817,OS=Linux 5.15.0-60-generic #66~20.04.1-Ubuntu SMP Wed Jan 25 09:41:30 UTC 2023 x86_64,mode=power,1,1,1,0,0,no_cal_date,YOKOGAWA;WT310E;C3XA04010E;F1.04'
ptd-server 2023-02-20 03:10:38,722 [INFO] Connected to PTDaemon
ptd-server 2023-02-20 03:10:38,722 [INFO] Sending to ptd: 'RR'
ptd-server 2023-02-20 03:10:38,722 [INFO] Reply from ptd: 'Ranges,0,0.500000,1,300.000000'
ptd-server 2023-02-20 03:10:38,722 [INFO] Initial range for Amps is 0.500000 for Volts is Auto
ptd-server 2023-02-20 03:10:38,722 [INFO] Sending to ptd: 'SR,V,Auto'
ptd-server 2023-02-20 03:10:39,225 [INFO] Reply from ptd: 'Range V changed'
ptd-server 2023-02-20 03:10:39,225 [INFO] Sending to ptd: 'SR,A,Auto'
ptd-server 2023-02-20 03:10:39,728 [INFO] Reply from ptd: 'Range A changed'
ptd-server 2023-02-20 03:10:49,738 [INFO] Starting ranging mode
ptd-server 2023-02-20 03:10:49,738 [INFO] Sending to ptd: 'Go,1000,0,2023-02-20_03-10-21_ranging'
ptd-server 2023-02-20 03:10:49,739 [INFO] Reply from ptd: 'Starting untimed measurement, maximum 500000 samples at 1000ms with 0 rampup samples'
ptd-server 2023-02-20 03:10:49,739 [INFO] Sending reply to client 'OK'
ptd-server 2023-02-20 03:21:16,803 [INFO] Got command from the client 'session,2023-02-20_03-10-21,stop,ranging'
ptd-server 2023-02-20 03:21:26,813 [INFO] Sending to ptd: 'Stop'
ptd-server 2023-02-20 03:21:26,814 [INFO] Reply from ptd: 'Stopping untimed measurement'
ptd-server 2023-02-20 03:21:26,952 [INFO] Sending reply to client 'OK'
ptd-server 2023-02-20 03:21:26,983 [INFO] Got command from the client 'time'
ptd-server 2023-02-20 03:21:26,983 [INFO] Sending reply to client '1676863286.9837985'
ptd-server 2023-02-20 03:21:26,985 [INFO] Got command from the client 'session,2023-02-20_03-10-21,start,testing'
ptd-server 2023-02-20 03:21:26,985 [INFO] Sending to ptd: 'SR,V,252.720000'
ptd-server 2023-02-20 03:21:29,241 [INFO] Reply from ptd: 'Range V changed'
ptd-server 2023-02-20 03:21:29,241 [INFO] Sending to ptd: 'SR,A,0.063050'
ptd-server 2023-02-20 03:21:30,742 [INFO] Reply from ptd: 'Range A changed'
ptd-server 2023-02-20 03:21:40,753 [INFO] Starting testing mode
ptd-server 2023-02-20 03:21:40,753 [INFO] Sending to ptd: 'Go,1000,0,2023-02-20_03-10-21_testing'
ptd-server 2023-02-20 03:21:40,753 [INFO] Reply from ptd: 'Starting untimed measurement, maximum 500000 samples at 1000ms with 0 rampup samples'
ptd-server 2023-02-20 03:21:40,753 [INFO] Sending reply to client 'OK'
ptd-server 2023-02-20 03:32:07,736 [INFO] Got command from the client 'session,2023-02-20_03-10-21,stop,testing'
ptd-server 2023-02-20 03:32:17,746 [INFO] Sending to ptd: 'Stop'
ptd-server 2023-02-20 03:32:17,747 [INFO] Reply from ptd: 'Stopping untimed measurement'
ptd-server 2023-02-20 03:32:17,821 [INFO] Sending reply to client 'OK'
ptd-server 2023-02-20 03:32:17,829 [INFO] Got command from the client 'session,2023-02-20_03-10-21,done'
ptd-server 2023-02-20 03:32:17,829 [INFO] Sending to ptd: 'Stop'
ptd-server 2023-02-20 03:32:17,829 [INFO] Reply from ptd: 'Error: no measurement to stop'
ptd-server 2023-02-20 03:32:17,830 [INFO] Sending to ptd: 'SR,V,Auto'
ptd-server 2023-02-20 03:32:18,332 [INFO] Reply from ptd: 'Range V changed'
ptd-server 2023-02-20 03:32:18,332 [INFO] Sending to ptd: 'SR,A,0.500000'
ptd-server 2023-02-20 03:32:19,834 [INFO] Reply from ptd: 'Range A changed'
ptd-server 2023-02-20 03:32:19,834 [INFO] Set initial values for Amps 0.500000 and Volts Auto
ptd-server 2023-02-20 03:32:19,834 [INFO] Stopping ptd...
