ptd-server 2023-02-22 06:59:19,491 [INFO] Got command from the client 'time'
ptd-server 2023-02-22 06:59:19,492 [INFO] Sending reply to client '1677049159.4921093'
ptd-server 2023-02-22 06:59:19,493 [INFO] Got command from the client 'new,,ff5504f0-ab33-40e0-aaf6-761daede1e73'
ptd-server 2023-02-22 06:59:19,493 [INFO] Sending reply to client 'OK 2023-02-22_06-59-19,27bc2d55-7299-4635-9762-c11578ccb90e'
ptd-server 2023-02-22 06:59:19,514 [INFO] Got command from the client 'time'
ptd-server 2023-02-22 06:59:19,514 [INFO] Sending reply to client '1677049159.51496'
ptd-server 2023-02-22 06:59:19,515 [INFO] Got command from the client 'session,2023-02-22_06-59-19,start,ranging'
ptd-server 2023-02-22 06:59:19,516 [INFO] Running PTDaemon: ['/home/anton/projects/mlperf/power/inference_v1.0/ptd-linux-x86', '-l', '/tmp/tmp4yl1neqp/ptd_logfile.txt', '-p', '8888', '49', '/dev/usbtmc0']
ptd-server 2023-02-22 06:59:36,590 [INFO] Sending to ptd: 'Hello'
ptd-server 2023-02-22 06:59:36,591 [INFO] Reply from ptd: 'Hello, PTDaemon here!'
ptd-server 2023-02-22 06:59:36,591 [INFO] Sending to ptd: 'Identify'
ptd-server 2023-02-22 06:59:36,591 [INFO] Reply from ptd: 'YokogawaWT310E,1000,1,1,1,1,0,1,1,version=1.10.0-ed9a21d2-20220817,OS=Linux 5.15.0-60-generic #66~20.04.1-Ubuntu SMP Wed Jan 25 09:41:30 UTC 2023 x86_64,mode=power,1,1,1,0,0,no_cal_date,YOKOGAWA;WT310E;C3XA04010E;F1.04'
ptd-server 2023-02-22 06:59:36,591 [INFO] Connected to PTDaemon
ptd-server 2023-02-22 06:59:36,591 [INFO] Sending to ptd: 'RR'
ptd-server 2023-02-22 06:59:36,592 [INFO] Reply from ptd: 'Ranges,1,0.100000,1,300.000000'
ptd-server 2023-02-22 06:59:36,592 [INFO] Initial range for Amps is Auto for Volts is Auto
ptd-server 2023-02-22 06:59:36,592 [INFO] Sending to ptd: 'SR,V,Auto'
ptd-server 2023-02-22 06:59:37,094 [INFO] Reply from ptd: 'Range V changed'
ptd-server 2023-02-22 06:59:37,095 [INFO] Sending to ptd: 'SR,A,Auto'
ptd-server 2023-02-22 06:59:37,597 [INFO] Reply from ptd: 'Range A changed'
ptd-server 2023-02-22 06:59:47,607 [INFO] Starting ranging mode
ptd-server 2023-02-22 06:59:47,607 [INFO] Sending to ptd: 'Go,1000,0,2023-02-22_06-59-19_ranging'
ptd-server 2023-02-22 06:59:47,608 [INFO] Reply from ptd: 'Starting untimed measurement, maximum 500000 samples at 1000ms with 0 rampup samples'
ptd-server 2023-02-22 06:59:47,608 [INFO] Sending reply to client 'OK'
ptd-server 2023-02-22 07:10:19,467 [INFO] Got command from the client 'session,2023-02-22_06-59-19,stop,ranging'
ptd-server 2023-02-22 07:10:29,478 [INFO] Sending to ptd: 'Stop'
ptd-server 2023-02-22 07:10:29,478 [INFO] Reply from ptd: 'Stopping untimed measurement'
ptd-server 2023-02-22 07:10:29,886 [INFO] Sending reply to client 'OK'
ptd-server 2023-02-22 07:10:29,918 [INFO] Got command from the client 'time'
ptd-server 2023-02-22 07:10:29,919 [INFO] Sending reply to client '1677049829.9190755'
ptd-server 2023-02-22 07:10:29,919 [INFO] Got command from the client 'session,2023-02-22_06-59-19,start,testing'
ptd-server 2023-02-22 07:10:29,920 [INFO] Sending to ptd: 'SR,V,251.880000'
ptd-server 2023-02-22 07:10:31,421 [INFO] Reply from ptd: 'Range V changed'
ptd-server 2023-02-22 07:10:31,421 [INFO] Sending to ptd: 'SR,A,0.052940'
ptd-server 2023-02-22 07:10:32,923 [INFO] Reply from ptd: 'Range A changed'
ptd-server 2023-02-22 07:10:42,933 [INFO] Starting testing mode
ptd-server 2023-02-22 07:10:42,933 [INFO] Sending to ptd: 'Go,1000,0,2023-02-22_06-59-19_testing'
ptd-server 2023-02-22 07:10:42,933 [INFO] Reply from ptd: 'Starting untimed measurement, maximum 500000 samples at 1000ms with 0 rampup samples'
ptd-server 2023-02-22 07:10:42,934 [INFO] Sending reply to client 'OK'
ptd-server 2023-02-22 07:21:14,648 [INFO] Got command from the client 'session,2023-02-22_06-59-19,stop,testing'
ptd-server 2023-02-22 07:21:24,659 [INFO] Sending to ptd: 'Stop'
ptd-server 2023-02-22 07:21:24,659 [INFO] Reply from ptd: 'Stopping untimed measurement'
ptd-server 2023-02-22 07:21:24,871 [INFO] Sending reply to client 'OK'
ptd-server 2023-02-22 07:21:24,878 [INFO] Got command from the client 'session,2023-02-22_06-59-19,done'
ptd-server 2023-02-22 07:21:24,878 [INFO] Sending to ptd: 'Stop'
ptd-server 2023-02-22 07:21:24,934 [INFO] Reply from ptd: 'Error: no measurement to stop'
ptd-server 2023-02-22 07:21:24,934 [INFO] Sending to ptd: 'SR,V,Auto'
ptd-server 2023-02-22 07:21:25,437 [INFO] Reply from ptd: 'Range V changed'
ptd-server 2023-02-22 07:21:25,437 [INFO] Sending to ptd: 'SR,A,Auto'
ptd-server 2023-02-22 07:21:25,939 [INFO] Reply from ptd: 'Range A changed'
ptd-server 2023-02-22 07:21:25,939 [INFO] Set initial values for Amps Auto and Volts Auto
ptd-server 2023-02-22 07:21:25,940 [INFO] Stopping ptd...
