ptd-server 2023-02-23 20:04:38,280 [INFO] Got command from the client 'time'
ptd-server 2023-02-23 20:04:38,280 [INFO] Sending reply to client '1677182678.2804277'
ptd-server 2023-02-23 20:04:38,284 [INFO] Got command from the client 'new,,78b3aaee-0476-4099-9ca0-338465f69cac'
ptd-server 2023-02-23 20:04:38,286 [INFO] Sending reply to client 'OK 2023-02-23_20-04-38,9bd78c18-a290-4ff2-9ffe-133f13d6e0c6'
ptd-server 2023-02-23 20:04:38,309 [INFO] Got command from the client 'time'
ptd-server 2023-02-23 20:04:38,309 [INFO] Sending reply to client '1677182678.309757'
ptd-server 2023-02-23 20:04:38,312 [INFO] Got command from the client 'session,2023-02-23_20-04-38,start,ranging'
ptd-server 2023-02-23 20:04:38,313 [INFO] Running PTDaemon: ['/media/arjun/T7_Touch/hp-envy/CM/repos/local/cache/9b3695ca8255492a/power/inference_v1.0/ptd-linux-x86', '-l', '/tmp/tmpti64566v/ptd_logfile.txt', '-p', '8888', '49', '/dev/usbtmc0']
ptd-server 2023-02-23 20:04:55,408 [INFO] Sending to ptd: 'Hello'
ptd-server 2023-02-23 20:04:55,409 [INFO] Reply from ptd: 'Hello, PTDaemon here!'
ptd-server 2023-02-23 20:04:55,410 [INFO] Sending to ptd: 'Identify'
ptd-server 2023-02-23 20:04:55,410 [INFO] Reply from ptd: 'YokogawaWT310E,1000,1,1,1,1,0,1,1,version=1.10.0-ed9a21d2-20220817,OS=Linux 5.15.0-56-generic #62-Ubuntu SMP Tue Nov 22 19:54:14 UTC 2022 x86_64,mode=power,1,1,1,0,0,no_cal_date,YOKOGAWA;WT310E;C3YD21068E;F1.04'
ptd-server 2023-02-23 20:04:55,411 [INFO] Connected to PTDaemon
ptd-server 2023-02-23 20:04:55,411 [INFO] Sending to ptd: 'RR'
ptd-server 2023-02-23 20:04:55,412 [INFO] Reply from ptd: 'Ranges,0,0.100000,0,600.000000'
ptd-server 2023-02-23 20:04:55,412 [INFO] Initial range for Amps is 0.100000 for Volts is 600.000000
ptd-server 2023-02-23 20:04:55,412 [INFO] Sending to ptd: 'SR,V,Auto'
ptd-server 2023-02-23 20:04:55,916 [INFO] Reply from ptd: 'Range V changed'
ptd-server 2023-02-23 20:04:55,917 [INFO] Sending to ptd: 'SR,A,Auto'
ptd-server 2023-02-23 20:04:56,420 [INFO] Reply from ptd: 'Range A changed'
ptd-server 2023-02-23 20:05:06,423 [INFO] Starting ranging mode
ptd-server 2023-02-23 20:05:06,423 [INFO] Sending to ptd: 'Go,1000,0,2023-02-23_20-04-38_ranging'
ptd-server 2023-02-23 20:05:06,424 [INFO] Reply from ptd: 'Starting untimed measurement, maximum 500000 samples at 1000ms with 0 rampup samples'
ptd-server 2023-02-23 20:05:06,425 [INFO] Sending reply to client 'OK'
ptd-server 2023-02-23 20:16:16,231 [INFO] Got command from the client 'session,2023-02-23_20-04-38,stop,ranging'
ptd-server 2023-02-23 20:16:26,242 [INFO] Sending to ptd: 'Stop'
ptd-server 2023-02-23 20:16:26,243 [INFO] Reply from ptd: 'Stopping untimed measurement'
ptd-server 2023-02-23 20:16:26,291 [INFO] Sending reply to client 'OK'
ptd-server 2023-02-23 20:16:26,326 [INFO] Got command from the client 'time'
ptd-server 2023-02-23 20:16:26,326 [INFO] Sending reply to client '1677183386.3262296'
ptd-server 2023-02-23 20:16:26,329 [INFO] Got command from the client 'session,2023-02-23_20-04-38,start,testing'
ptd-server 2023-02-23 20:16:26,329 [INFO] Sending to ptd: 'SR,V,249.600000'
ptd-server 2023-02-23 20:16:27,927 [INFO] Reply from ptd: 'Range V changed'
ptd-server 2023-02-23 20:16:27,927 [INFO] Sending to ptd: 'SR,A,0.246730'
ptd-server 2023-02-23 20:16:29,430 [INFO] Reply from ptd: 'Range A changed'
ptd-server 2023-02-23 20:16:39,441 [INFO] Starting testing mode
ptd-server 2023-02-23 20:16:39,441 [INFO] Sending to ptd: 'Go,1000,0,2023-02-23_20-04-38_testing'
ptd-server 2023-02-23 20:16:39,442 [INFO] Reply from ptd: 'Starting untimed measurement, maximum 500000 samples at 1000ms with 0 rampup samples'
ptd-server 2023-02-23 20:16:39,442 [INFO] Sending reply to client 'OK'
ptd-server 2023-02-23 20:27:58,167 [INFO] Got command from the client 'session,2023-02-23_20-04-38,stop,testing'
ptd-server 2023-02-23 20:28:08,178 [INFO] Sending to ptd: 'Stop'
ptd-server 2023-02-23 20:28:08,179 [INFO] Reply from ptd: 'Stopping untimed measurement'
ptd-server 2023-02-23 20:28:08,202 [INFO] Sending reply to client 'OK'
ptd-server 2023-02-23 20:28:08,212 [INFO] Got command from the client 'session,2023-02-23_20-04-38,done'
ptd-server 2023-02-23 20:28:08,213 [INFO] Sending to ptd: 'Stop'
ptd-server 2023-02-23 20:28:08,444 [INFO] Reply from ptd: 'Error: no measurement to stop'
ptd-server 2023-02-23 20:28:08,444 [INFO] Sending to ptd: 'SR,V,600.000000'
ptd-server 2023-02-23 20:28:09,947 [INFO] Reply from ptd: 'Range V changed'
ptd-server 2023-02-23 20:28:09,947 [INFO] Sending to ptd: 'SR,A,0.100000'
ptd-server 2023-02-23 20:28:11,451 [INFO] Reply from ptd: 'Range A changed'
ptd-server 2023-02-23 20:28:11,451 [INFO] Set initial values for Amps 0.100000 and Volts 600.000000
ptd-server 2023-02-23 20:28:11,451 [INFO] Stopping ptd...
