ptd-server 2023-02-24 03:03:05,619 [INFO] Got command from the client 'time'
ptd-server 2023-02-24 03:03:05,619 [INFO] Sending reply to client '1677207785.6198857'
ptd-server 2023-02-24 03:03:05,621 [INFO] Got command from the client 'new,,e18b7f56-c8f6-402e-a453-ea43dee72132'
ptd-server 2023-02-24 03:03:05,621 [INFO] Sending reply to client 'OK 2023-02-24_03-03-05,812b8e35-acd7-41db-8b40-903280080526'
ptd-server 2023-02-24 03:03:05,645 [INFO] Got command from the client 'time'
ptd-server 2023-02-24 03:03:05,645 [INFO] Sending reply to client '1677207785.6454332'
ptd-server 2023-02-24 03:03:05,646 [INFO] Got command from the client 'session,2023-02-24_03-03-05,start,ranging'
ptd-server 2023-02-24 03:03:05,646 [INFO] Running PTDaemon: ['/home/anton/projects/mlperf/power/inference_v1.0/ptd-linux-x86', '-l', '/tmp/tmp4yl1neqp/ptd_logfile.txt', '-p', '8888', '49', '/dev/usbtmc0']
ptd-server 2023-02-24 03:03:22,720 [INFO] Sending to ptd: 'Hello'
ptd-server 2023-02-24 03:03:22,721 [INFO] Reply from ptd: 'Hello, PTDaemon here!'
ptd-server 2023-02-24 03:03:22,721 [INFO] Sending to ptd: 'Identify'
ptd-server 2023-02-24 03:03:22,721 [INFO] Reply from ptd: 'YokogawaWT310E,1000,1,1,1,1,0,1,1,version=1.10.0-ed9a21d2-20220817,OS=Linux 5.15.0-60-generic #66~20.04.1-Ubuntu SMP Wed Jan 25 09:41:30 UTC 2023 x86_64,mode=power,1,1,1,0,0,no_cal_date,YOKOGAWA;WT310E;C3XA04010E;F1.04'
ptd-server 2023-02-24 03:03:22,721 [INFO] Connected to PTDaemon
ptd-server 2023-02-24 03:03:22,722 [INFO] Sending to ptd: 'RR'
ptd-server 2023-02-24 03:03:22,722 [INFO] Reply from ptd: 'Ranges,1,0.100000,1,300.000000'
ptd-server 2023-02-24 03:03:22,722 [INFO] Initial range for Amps is Auto for Volts is Auto
ptd-server 2023-02-24 03:03:22,722 [INFO] Sending to ptd: 'SR,V,Auto'
ptd-server 2023-02-24 03:03:23,225 [INFO] Reply from ptd: 'Range V changed'
ptd-server 2023-02-24 03:03:23,225 [INFO] Sending to ptd: 'SR,A,Auto'
ptd-server 2023-02-24 03:03:23,727 [INFO] Reply from ptd: 'Range A changed'
ptd-server 2023-02-24 03:03:33,738 [INFO] Starting ranging mode
ptd-server 2023-02-24 03:03:33,738 [INFO] Sending to ptd: 'Go,1000,0,2023-02-24_03-03-05_ranging'
ptd-server 2023-02-24 03:03:33,738 [INFO] Reply from ptd: 'Starting untimed measurement, maximum 500000 samples at 1000ms with 0 rampup samples'
ptd-server 2023-02-24 03:03:33,738 [INFO] Sending reply to client 'OK'
ptd-server 2023-02-24 03:13:50,356 [INFO] Got command from the client 'session,2023-02-24_03-03-05,stop,ranging'
ptd-server 2023-02-24 03:14:00,366 [INFO] Sending to ptd: 'Stop'
ptd-server 2023-02-24 03:14:00,367 [INFO] Reply from ptd: 'Stopping untimed measurement'
ptd-server 2023-02-24 03:14:00,960 [INFO] Sending reply to client 'OK'
ptd-server 2023-02-24 03:14:01,034 [INFO] Got command from the client 'time'
ptd-server 2023-02-24 03:14:01,034 [INFO] Sending reply to client '1677208441.034931'
ptd-server 2023-02-24 03:14:01,035 [INFO] Got command from the client 'session,2023-02-24_03-03-05,start,testing'
ptd-server 2023-02-24 03:14:01,035 [INFO] Sending to ptd: 'SR,V,249.980000'
ptd-server 2023-02-24 03:14:02,537 [INFO] Reply from ptd: 'Range V changed'
ptd-server 2023-02-24 03:14:02,537 [INFO] Sending to ptd: 'SR,A,0.061690'
ptd-server 2023-02-24 03:14:04,038 [INFO] Reply from ptd: 'Range A changed'
ptd-server 2023-02-24 03:14:14,048 [INFO] Starting testing mode
ptd-server 2023-02-24 03:14:14,049 [INFO] Sending to ptd: 'Go,1000,0,2023-02-24_03-03-05_testing'
ptd-server 2023-02-24 03:14:14,049 [INFO] Reply from ptd: 'Starting untimed measurement, maximum 500000 samples at 1000ms with 0 rampup samples'
ptd-server 2023-02-24 03:14:14,049 [INFO] Sending reply to client 'OK'
ptd-server 2023-02-24 03:24:30,604 [INFO] Got command from the client 'session,2023-02-24_03-03-05,stop,testing'
ptd-server 2023-02-24 03:24:40,614 [INFO] Sending to ptd: 'Stop'
ptd-server 2023-02-24 03:24:40,614 [INFO] Reply from ptd: 'Stopping untimed measurement'
ptd-server 2023-02-24 03:24:40,923 [INFO] Sending reply to client 'OK'
ptd-server 2023-02-24 03:24:40,931 [INFO] Got command from the client 'session,2023-02-24_03-03-05,done'
ptd-server 2023-02-24 03:24:40,931 [INFO] Sending to ptd: 'Stop'
ptd-server 2023-02-24 03:24:41,049 [INFO] Reply from ptd: 'Error: no measurement to stop'
ptd-server 2023-02-24 03:24:41,049 [INFO] Sending to ptd: 'SR,V,Auto'
ptd-server 2023-02-24 03:24:41,552 [INFO] Reply from ptd: 'Range V changed'
ptd-server 2023-02-24 03:24:41,552 [INFO] Sending to ptd: 'SR,A,Auto'
ptd-server 2023-02-24 03:24:42,055 [INFO] Reply from ptd: 'Range A changed'
ptd-server 2023-02-24 03:24:42,055 [INFO] Set initial values for Amps Auto and Volts Auto
ptd-server 2023-02-24 03:24:42,055 [INFO] Stopping ptd...
