ptd-server 2023-02-25 00:45:52,732 [INFO] Got command from the client 'time'
ptd-server 2023-02-25 00:45:52,732 [INFO] Sending reply to client '1677285952.7323706'
ptd-server 2023-02-25 00:45:52,733 [INFO] Got command from the client 'new,,d88d3c95-112d-432c-a3a3-a9c8a0a762c7'
ptd-server 2023-02-25 00:45:52,734 [INFO] Sending reply to client 'OK 2023-02-25_00-45-52,f5a5c3db-8edf-4327-afac-5754aa8418ea'
ptd-server 2023-02-25 00:45:52,754 [INFO] Got command from the client 'time'
ptd-server 2023-02-25 00:45:52,754 [INFO] Sending reply to client '1677285952.7548563'
ptd-server 2023-02-25 00:45:52,755 [INFO] Got command from the client 'session,2023-02-25_00-45-52,start,ranging'
ptd-server 2023-02-25 00:45:52,756 [INFO] Running PTDaemon: ['/home/anton/projects/mlperf/power/inference_v1.0/ptd-linux-x86', '-l', '/tmp/tmpu4v721n6/ptd_logfile.txt', '-p', '8888', '49', '/dev/usbtmc0']
ptd-server 2023-02-25 00:46:09,844 [INFO] Sending to ptd: 'Hello'
ptd-server 2023-02-25 00:46:09,844 [INFO] Reply from ptd: 'Hello, PTDaemon here!'
ptd-server 2023-02-25 00:46:09,844 [INFO] Sending to ptd: 'Identify'
ptd-server 2023-02-25 00:46:09,845 [INFO] Reply from ptd: 'YokogawaWT310E,1000,1,1,1,1,0,1,1,version=1.10.0-ed9a21d2-20220817,OS=Linux 5.15.0-60-generic #66~20.04.1-Ubuntu SMP Wed Jan 25 09:41:30 UTC 2023 x86_64,mode=power,1,1,1,0,0,no_cal_date,YOKOGAWA;WT310E;C3XA04010E;F1.04'
ptd-server 2023-02-25 00:46:09,845 [INFO] Connected to PTDaemon
ptd-server 2023-02-25 00:46:09,845 [INFO] Sending to ptd: 'RR'
ptd-server 2023-02-25 00:46:09,845 [INFO] Reply from ptd: 'Ranges,0,0.100000,0,300.000000'
ptd-server 2023-02-25 00:46:09,845 [INFO] Initial range for Amps is 0.100000 for Volts is 300.000000
ptd-server 2023-02-25 00:46:09,845 [INFO] Sending to ptd: 'SR,V,Auto'
ptd-server 2023-02-25 00:46:10,348 [INFO] Reply from ptd: 'Range V changed'
ptd-server 2023-02-25 00:46:10,348 [INFO] Sending to ptd: 'SR,A,Auto'
ptd-server 2023-02-25 00:46:10,851 [INFO] Reply from ptd: 'Range A changed'
ptd-server 2023-02-25 00:46:20,860 [INFO] Starting ranging mode
ptd-server 2023-02-25 00:46:20,860 [INFO] Sending to ptd: 'Go,1000,0,2023-02-25_00-45-52_ranging'
ptd-server 2023-02-25 00:46:20,860 [INFO] Reply from ptd: 'Starting untimed measurement, maximum 500000 samples at 1000ms with 0 rampup samples'
ptd-server 2023-02-25 00:46:20,861 [INFO] Sending reply to client 'OK'
ptd-server 2023-02-25 00:56:37,243 [INFO] Got command from the client 'session,2023-02-25_00-45-52,stop,ranging'
ptd-server 2023-02-25 00:56:47,253 [INFO] Sending to ptd: 'Stop'
ptd-server 2023-02-25 00:56:47,253 [INFO] Reply from ptd: 'Stopping untimed measurement'
ptd-server 2023-02-25 00:56:47,271 [INFO] Sending reply to client 'OK'
ptd-server 2023-02-25 00:56:47,346 [INFO] Got command from the client 'time'
ptd-server 2023-02-25 00:56:47,346 [INFO] Sending reply to client '1677286607.3467557'
ptd-server 2023-02-25 00:56:47,347 [INFO] Got command from the client 'session,2023-02-25_00-45-52,start,testing'
ptd-server 2023-02-25 00:56:47,348 [INFO] Sending to ptd: 'SR,V,250.200000'
ptd-server 2023-02-25 00:56:49,362 [INFO] Reply from ptd: 'Range V changed'
ptd-server 2023-02-25 00:56:49,363 [INFO] Sending to ptd: 'SR,A,0.048970'
ptd-server 2023-02-25 00:56:50,864 [INFO] Reply from ptd: 'Range A changed'
ptd-server 2023-02-25 00:57:00,874 [INFO] Starting testing mode
ptd-server 2023-02-25 00:57:00,874 [INFO] Sending to ptd: 'Go,1000,0,2023-02-25_00-45-52_testing'
ptd-server 2023-02-25 00:57:00,875 [INFO] Reply from ptd: 'Starting untimed measurement, maximum 500000 samples at 1000ms with 0 rampup samples'
ptd-server 2023-02-25 00:57:00,875 [INFO] Sending reply to client 'OK'
ptd-server 2023-02-25 01:07:17,256 [INFO] Got command from the client 'session,2023-02-25_00-45-52,stop,testing'
ptd-server 2023-02-25 01:07:27,264 [INFO] Sending to ptd: 'Stop'
ptd-server 2023-02-25 01:07:27,264 [INFO] Reply from ptd: 'Stopping untimed measurement'
ptd-server 2023-02-25 01:07:27,273 [INFO] Sending reply to client 'OK'
ptd-server 2023-02-25 01:07:27,281 [INFO] Got command from the client 'session,2023-02-25_00-45-52,done'
ptd-server 2023-02-25 01:07:27,281 [INFO] Sending to ptd: 'Stop'
ptd-server 2023-02-25 01:07:27,875 [INFO] Reply from ptd: 'Error: no measurement to stop'
ptd-server 2023-02-25 01:07:27,876 [INFO] Sending to ptd: 'SR,V,300.000000'
ptd-server 2023-02-25 01:07:29,377 [INFO] Reply from ptd: 'Range V changed'
ptd-server 2023-02-25 01:07:29,377 [INFO] Sending to ptd: 'SR,A,0.100000'
ptd-server 2023-02-25 01:07:30,878 [INFO] Reply from ptd: 'Range A changed'
ptd-server 2023-02-25 01:07:30,879 [INFO] Set initial values for Amps 0.100000 and Volts 300.000000
ptd-server 2023-02-25 01:07:30,879 [INFO] Stopping ptd...
