ptd-server 2023-03-02 11:51:13,291 [INFO] Got command from the client 'time'
ptd-server 2023-03-02 11:51:13,291 [INFO] Sending reply to client '1677757873.2916563'
ptd-server 2023-03-02 11:51:13,293 [INFO] Got command from the client 'new,,d0d508ff-688a-454a-a8e5-58591da38440'
ptd-server 2023-03-02 11:51:13,295 [INFO] Sending reply to client 'OK 2023-03-02_11-51-13,66f1eb94-d517-49df-9020-89d75b578e7b'
ptd-server 2023-03-02 11:51:13,316 [INFO] Got command from the client 'time'
ptd-server 2023-03-02 11:51:13,317 [INFO] Sending reply to client '1677757873.3172638'
ptd-server 2023-03-02 11:51:13,319 [INFO] Got command from the client 'session,2023-03-02_11-51-13,start,ranging'
ptd-server 2023-03-02 11:51:13,320 [INFO] Running PTDaemon: ['/media/arjun/T7_Touch/hp-envy/CM/repos/local/cache/9b3695ca8255492a/power/inference_v1.0/ptd-linux-x86', '-l', '/tmp/tmpti64566v/ptd_logfile.txt', '-p', '8888', '49', '/dev/usbtmc0']
ptd-server 2023-03-02 11:51:30,422 [INFO] Sending to ptd: 'Hello'
ptd-server 2023-03-02 11:51:30,423 [INFO] Reply from ptd: 'Hello, PTDaemon here!'
ptd-server 2023-03-02 11:51:30,423 [INFO] Sending to ptd: 'Identify'
ptd-server 2023-03-02 11:51:30,424 [INFO] Reply from ptd: 'YokogawaWT310E,1000,1,1,1,1,0,1,1,version=1.10.0-ed9a21d2-20220817,OS=Linux 5.15.0-56-generic #62-Ubuntu SMP Tue Nov 22 19:54:14 UTC 2022 x86_64,mode=power,1,1,1,0,0,no_cal_date,YOKOGAWA;WT310E;C3YD21068E;F1.04'
ptd-server 2023-03-02 11:51:30,424 [INFO] Connected to PTDaemon
ptd-server 2023-03-02 11:51:30,425 [INFO] Sending to ptd: 'RR'
ptd-server 2023-03-02 11:51:30,425 [INFO] Reply from ptd: 'Ranges,1,1.000000,0,600.000000'
ptd-server 2023-03-02 11:51:30,426 [INFO] Initial range for Amps is Auto for Volts is 600.000000
ptd-server 2023-03-02 11:51:30,426 [INFO] Sending to ptd: 'SR,V,Auto'
ptd-server 2023-03-02 11:51:30,929 [INFO] Reply from ptd: 'Range V changed'
ptd-server 2023-03-02 11:51:30,930 [INFO] Sending to ptd: 'SR,A,Auto'
ptd-server 2023-03-02 11:51:31,433 [INFO] Reply from ptd: 'Range A changed'
ptd-server 2023-03-02 11:51:41,441 [INFO] Starting ranging mode
ptd-server 2023-03-02 11:51:41,441 [INFO] Sending to ptd: 'Go,1000,0,2023-03-02_11-51-13_ranging'
ptd-server 2023-03-02 11:51:41,441 [INFO] Reply from ptd: 'Starting untimed measurement, maximum 500000 samples at 1000ms with 0 rampup samples'
ptd-server 2023-03-02 11:51:41,441 [INFO] Sending reply to client 'OK'
ptd-server 2023-03-02 12:04:11,514 [INFO] Got command from the client 'session,2023-03-02_11-51-13,stop,ranging'
ptd-server 2023-03-02 12:04:21,525 [INFO] Sending to ptd: 'Stop'
ptd-server 2023-03-02 12:04:21,526 [INFO] Reply from ptd: 'Stopping untimed measurement'
ptd-server 2023-03-02 12:04:21,876 [INFO] Sending reply to client 'OK'
ptd-server 2023-03-02 12:04:21,896 [INFO] Got command from the client 'time'
ptd-server 2023-03-02 12:04:21,896 [INFO] Sending reply to client '1677758661.896797'
ptd-server 2023-03-02 12:04:21,899 [INFO] Got command from the client 'session,2023-03-02_11-51-13,start,testing'
ptd-server 2023-03-02 12:04:21,899 [INFO] Sending to ptd: 'SR,V,248.590000'
ptd-server 2023-03-02 12:04:23,944 [INFO] Reply from ptd: 'Range V changed'
ptd-server 2023-03-02 12:04:23,945 [INFO] Sending to ptd: 'SR,A,1.230400'
ptd-server 2023-03-02 12:04:25,448 [INFO] Reply from ptd: 'Range A changed'
ptd-server 2023-03-02 12:04:35,459 [INFO] Starting testing mode
ptd-server 2023-03-02 12:04:35,459 [INFO] Sending to ptd: 'Go,1000,0,2023-03-02_11-51-13_testing'
ptd-server 2023-03-02 12:04:35,460 [INFO] Reply from ptd: 'Starting untimed measurement, maximum 500000 samples at 1000ms with 0 rampup samples'
ptd-server 2023-03-02 12:04:35,460 [INFO] Sending reply to client 'OK'
ptd-server 2023-03-02 12:17:04,209 [INFO] Got command from the client 'session,2023-03-02_11-51-13,stop,testing'
ptd-server 2023-03-02 12:17:14,219 [INFO] Sending to ptd: 'Stop'
ptd-server 2023-03-02 12:17:14,220 [INFO] Reply from ptd: 'Stopping untimed measurement'
ptd-server 2023-03-02 12:17:14,395 [INFO] Sending reply to client 'OK'
ptd-server 2023-03-02 12:17:14,399 [INFO] Got command from the client 'session,2023-03-02_11-51-13,done'
ptd-server 2023-03-02 12:17:14,399 [INFO] Sending to ptd: 'Stop'
ptd-server 2023-03-02 12:17:14,461 [INFO] Reply from ptd: 'Error: no measurement to stop'
ptd-server 2023-03-02 12:17:14,461 [INFO] Sending to ptd: 'SR,V,600.000000'
ptd-server 2023-03-02 12:17:15,964 [INFO] Reply from ptd: 'Range V changed'
ptd-server 2023-03-02 12:17:15,964 [INFO] Sending to ptd: 'SR,A,Auto'
ptd-server 2023-03-02 12:17:16,468 [INFO] Reply from ptd: 'Range A changed'
ptd-server 2023-03-02 12:17:16,469 [INFO] Set initial values for Amps Auto and Volts 600.000000
ptd-server 2023-03-02 12:17:16,469 [INFO] Stopping ptd...
