ptd-server 2023-02-24 09:54:14,007 [INFO] Got command from the client 'time'
ptd-server 2023-02-24 09:54:14,007 [INFO] Sending reply to client '1677232454.007741'
ptd-server 2023-02-24 09:54:14,011 [INFO] Got command from the client 'new,,b68ad874-dcf8-4e97-8682-3f6a5adcadf4'
ptd-server 2023-02-24 09:54:14,013 [INFO] Sending reply to client 'OK 2023-02-24_09-54-14,e7f9748b-0104-47f1-a773-693d5770922d'
ptd-server 2023-02-24 09:54:14,037 [INFO] Got command from the client 'time'
ptd-server 2023-02-24 09:54:14,038 [INFO] Sending reply to client '1677232454.038325'
ptd-server 2023-02-24 09:54:14,042 [INFO] Got command from the client 'session,2023-02-24_09-54-14,start,ranging'
ptd-server 2023-02-24 09:54:14,043 [INFO] Running PTDaemon: ['/media/arjun/T7_Touch/hp-envy/CM/repos/local/cache/9b3695ca8255492a/power/inference_v1.0/ptd-linux-x86', '-l', '/tmp/tmpti64566v/ptd_logfile.txt', '-p', '8888', '49', '/dev/usbtmc0']
ptd-server 2023-02-24 09:54:31,144 [INFO] Sending to ptd: 'Hello'
ptd-server 2023-02-24 09:54:31,146 [INFO] Reply from ptd: 'Hello, PTDaemon here!'
ptd-server 2023-02-24 09:54:31,146 [INFO] Sending to ptd: 'Identify'
ptd-server 2023-02-24 09:54:31,147 [INFO] Reply from ptd: 'YokogawaWT310E,1000,1,1,1,1,0,1,1,version=1.10.0-ed9a21d2-20220817,OS=Linux 5.15.0-56-generic #62-Ubuntu SMP Tue Nov 22 19:54:14 UTC 2022 x86_64,mode=power,1,1,1,0,0,no_cal_date,YOKOGAWA;WT310E;C3YD21068E;F1.04'
ptd-server 2023-02-24 09:54:31,148 [INFO] Connected to PTDaemon
ptd-server 2023-02-24 09:54:31,148 [INFO] Sending to ptd: 'RR'
ptd-server 2023-02-24 09:54:31,149 [INFO] Reply from ptd: 'Ranges,0,0.100000,0,600.000000'
ptd-server 2023-02-24 09:54:31,149 [INFO] Initial range for Amps is 0.100000 for Volts is 600.000000
ptd-server 2023-02-24 09:54:31,150 [INFO] Sending to ptd: 'SR,V,Auto'
ptd-server 2023-02-24 09:54:31,653 [INFO] Reply from ptd: 'Range V changed'
ptd-server 2023-02-24 09:54:31,654 [INFO] Sending to ptd: 'SR,A,Auto'
ptd-server 2023-02-24 09:54:32,157 [INFO] Reply from ptd: 'Range A changed'
ptd-server 2023-02-24 09:54:42,168 [INFO] Starting ranging mode
ptd-server 2023-02-24 09:54:42,169 [INFO] Sending to ptd: 'Go,1000,0,2023-02-24_09-54-14_ranging'
ptd-server 2023-02-24 09:54:42,170 [INFO] Reply from ptd: 'Starting untimed measurement, maximum 500000 samples at 1000ms with 0 rampup samples'
ptd-server 2023-02-24 09:54:42,170 [INFO] Sending reply to client 'OK'
ptd-server 2023-02-24 10:05:40,727 [INFO] Got command from the client 'session,2023-02-24_09-54-14,stop,ranging'
ptd-server 2023-02-24 10:05:50,738 [INFO] Sending to ptd: 'Stop'
ptd-server 2023-02-24 10:05:50,738 [INFO] Reply from ptd: 'Stopping untimed measurement'
ptd-server 2023-02-24 10:05:50,825 [INFO] Sending reply to client 'OK'
ptd-server 2023-02-24 10:05:50,879 [INFO] Got command from the client 'time'
ptd-server 2023-02-24 10:05:50,879 [INFO] Sending reply to client '1677233150.8792698'
ptd-server 2023-02-24 10:05:50,883 [INFO] Got command from the client 'session,2023-02-24_09-54-14,start,testing'
ptd-server 2023-02-24 10:05:50,883 [INFO] Sending to ptd: 'SR,V,246.030000'
ptd-server 2023-02-24 10:05:52,674 [INFO] Reply from ptd: 'Range V changed'
ptd-server 2023-02-24 10:05:52,674 [INFO] Sending to ptd: 'SR,A,0.171730'
ptd-server 2023-02-24 10:05:54,177 [INFO] Reply from ptd: 'Range A changed'
ptd-server 2023-02-24 10:06:04,186 [INFO] Starting testing mode
ptd-server 2023-02-24 10:06:04,186 [INFO] Sending to ptd: 'Go,1000,0,2023-02-24_09-54-14_testing'
ptd-server 2023-02-24 10:06:04,187 [INFO] Reply from ptd: 'Starting untimed measurement, maximum 500000 samples at 1000ms with 0 rampup samples'
ptd-server 2023-02-24 10:06:04,188 [INFO] Sending reply to client 'OK'
ptd-server 2023-02-24 10:17:02,832 [INFO] Got command from the client 'session,2023-02-24_09-54-14,stop,testing'
ptd-server 2023-02-24 10:17:12,843 [INFO] Sending to ptd: 'Stop'
ptd-server 2023-02-24 10:17:12,844 [INFO] Reply from ptd: 'Stopping untimed measurement'
ptd-server 2023-02-24 10:17:12,889 [INFO] Sending reply to client 'OK'
ptd-server 2023-02-24 10:17:12,904 [INFO] Got command from the client 'session,2023-02-24_09-54-14,done'
ptd-server 2023-02-24 10:17:12,904 [INFO] Sending to ptd: 'Stop'
ptd-server 2023-02-24 10:17:13,188 [INFO] Reply from ptd: 'Error: no measurement to stop'
ptd-server 2023-02-24 10:17:13,189 [INFO] Sending to ptd: 'SR,V,600.000000'
ptd-server 2023-02-24 10:17:14,691 [INFO] Reply from ptd: 'Range V changed'
ptd-server 2023-02-24 10:17:14,692 [INFO] Sending to ptd: 'SR,A,0.100000'
ptd-server 2023-02-24 10:17:16,194 [INFO] Reply from ptd: 'Range A changed'
ptd-server 2023-02-24 10:17:16,195 [INFO] Set initial values for Amps 0.100000 and Volts 600.000000
ptd-server 2023-02-24 10:17:16,195 [INFO] Stopping ptd...
