client 2023-03-02 09:56:55,401 [INFO] Creating output directory '/home/arjun/phoenix_results_closed/valid_results/phoenix_Amd_Am5-nvidia_original-gpu-tensorrt-vdefault-default_config/resnet50/offline/performance/tmp_power'
client 2023-03-02 09:56:55,630 [INFO] Sending command to the server: 'mlcommons/power client v3'
client 2023-03-02 09:56:55,632 [INFO] Got response: 'mlcommons/power server v3'
client 2023-03-02 09:56:55,632 [INFO] Synchronizing with the server and with time.google.com...
client 2023-03-02 09:56:55,659 [INFO] NTP:offset = -0.003 s, delay = 0.014 s 
client 2023-03-02 09:56:55,659 [INFO] Sending command to the server: 'time'
client 2023-03-02 09:56:55,661 [INFO] Got response: '1677751015.6578841'
client 2023-03-02 09:56:55,661 [INFO] The time difference between the client and the server is within range 1.614 ms..3.549 ms
client 2023-03-02 09:56:55,661 [INFO] Sending command to the server: 'new,,7b485200-f2c5-4161-aceb-be27cafbb04e'
client 2023-03-02 09:56:55,663 [INFO] Got response: 'OK 2023-03-02_09-56-55,2cc30bd5-b87a-415b-90f4-a4e24422c380'
client 2023-03-02 09:56:55,663 [INFO] Session id is '2023-03-02_09-56-55'
client 2023-03-02 09:56:55,663 [INFO] Sources: {"sources": {"__init__.py": "da39a3ee5e6b4b0d3255bfef95601890afd80709", "client.py": "33ca4f26368777ac06e01f9567b714a4b8063886", "lib/__init__.py": "da39a3ee5e6b4b0d3255bfef95601890afd80709", "lib/client.py": "4c2b78fb4849a7e5b584ef792d82aaed20b17f57", "lib/common.py": "624d0c0acc7c39aaff3674f0b99d6a09da53d1dc", "lib/external/__init__.py": "da39a3ee5e6b4b0d3255bfef95601890afd80709", "lib/external/ntplib.py": "4da8f970656505a40483206ef2b5d3dd5e81711d", "lib/server.py": "cda0cdfaee9bfa1249c64a7dd4f89b7bf1b279f0", "lib/source_hashes.py": "60a2e02193209e8d392803326208d5466342da18", "lib/summary.py": "aa92f0a3f975eecd44d3c0cd0236342ccc9f941d", "lib/time_sync.py": "3210db56eb0ff0df57bf4293dc4d4b03fffd46f1", "server.py": "c3f90f2f7eeb4db30727556d0c815ebc89b3d28b", "tests/unit/__init__.py": "da39a3ee5e6b4b0d3255bfef95601890afd80709", "tests/unit/test_server.py": "99ae15aef722f2000ee6ed1ae1523637bf1ae42b", "tests/unit/test_source_hashes.py": "00468a2907583c593e6574a1f6b404e4651c221a"}, "modules": {"ptd_client_server.lib.client": "lib/client.py", "ptd_client_server.lib.common": "lib/common.py", "ptd_client_server.lib.external.ntplib": "lib/external/ntplib.py", "ptd_client_server.lib.source_hashes": "lib/source_hashes.py", "ptd_client_server.lib.summary": "lib/summary.py", "ptd_client_server.lib.time_sync": "lib/time_sync.py"}}
client 2023-03-02 09:56:55,663 [INFO] Running workload in ranging mode
client 2023-03-02 09:56:55,663 [INFO] Synchronizing with the server and with time.google.com...
client 2023-03-02 09:56:55,677 [INFO] NTP:offset = -0.004 s, delay = 0.013 s 
client 2023-03-02 09:56:55,677 [INFO] Sending command to the server: 'time'
client 2023-03-02 09:56:55,680 [INFO] Got response: '1677751015.6771336'
client 2023-03-02 09:56:55,680 [INFO] The time difference between the client and the server is within range 0.067 ms..3.060 ms
client 2023-03-02 09:56:55,680 [INFO] Sending command to the server: 'session,2023-03-02_09-56-55,start,ranging'
client 2023-03-02 09:57:23,807 [INFO] Got response: 'OK'
client 2023-03-02 09:57:23,807 [INFO] Running the workload 'make preprocess_data BENCHMARKS="resnet50" && make run_harness RUN_ARGS=" --benchmarks=resnet50 --scenarios=offline --test_mode=PerformanceOnly --offline_expected_qps=37000 --single_stream_expected_latency_ns=300000"'
client 2023-03-02 10:08:44,727 [INFO] Sending command to the server: 'session,2023-03-02_09-56-55,stop,ranging'
client 2023-03-02 10:08:55,108 [INFO] Got response: 'OK'
client 2023-03-02 10:08:55,110 [INFO] Copying loadgen logs from '/home/arjun/phoenix_results_closed/valid_results/phoenix_Amd_Am5-nvidia_original-gpu-tensorrt-vdefault-default_config/resnet50/offline/performance/run_1' to '/home/arjun/phoenix_results_closed/valid_results/phoenix_Amd_Am5-nvidia_original-gpu-tensorrt-vdefault-default_config/resnet50/offline/performance/tmp_power/ranging'
client 2023-03-02 10:08:55,111 [INFO] Running workload in testing mode
client 2023-03-02 10:08:55,111 [INFO] Synchronizing with the server and with time.google.com...
client 2023-03-02 10:08:55,136 [INFO] NTP:offset = -0.001 s, delay = 0.014 s 
client 2023-03-02 10:08:55,136 [INFO] Sending command to the server: 'time'
client 2023-03-02 10:08:55,138 [INFO] Got response: '1677751735.1365192'
client 2023-03-02 10:08:55,138 [INFO] The time difference between the client and the server is within range 0.153 ms..2.078 ms
client 2023-03-02 10:08:55,138 [INFO] Sending command to the server: 'session,2023-03-02_09-56-55,start,testing'
client 2023-03-02 10:09:08,161 [INFO] Got response: 'OK'
client 2023-03-02 10:09:08,161 [INFO] Running the workload 'make preprocess_data BENCHMARKS="resnet50" && make run_harness RUN_ARGS=" --benchmarks=resnet50 --scenarios=offline --test_mode=PerformanceOnly --offline_expected_qps=37000 --single_stream_expected_latency_ns=300000"'
client 2023-03-02 10:20:29,442 [INFO] Sending command to the server: 'session,2023-03-02_09-56-55,stop,testing'
client 2023-03-02 10:20:39,767 [INFO] Got response: 'OK'
client 2023-03-02 10:20:39,767 [INFO] Copying loadgen logs from '/home/arjun/phoenix_results_closed/valid_results/phoenix_Amd_Am5-nvidia_original-gpu-tensorrt-vdefault-default_config/resnet50/offline/performance/run_1' to '/home/arjun/phoenix_results_closed/valid_results/phoenix_Amd_Am5-nvidia_original-gpu-tensorrt-vdefault-default_config/resnet50/offline/performance/tmp_power/run_1'
client 2023-03-02 10:20:39,767 [INFO] Done runs
