ptd-server 2023-03-02 09:56:55,657 [INFO] Got command from the client 'time'
ptd-server 2023-03-02 09:56:55,657 [INFO] Sending reply to client '1677751015.6578841'
ptd-server 2023-03-02 09:56:55,659 [INFO] Got command from the client 'new,,7b485200-f2c5-4161-aceb-be27cafbb04e'
ptd-server 2023-03-02 09:56:55,660 [INFO] Sending reply to client 'OK 2023-03-02_09-56-55,2cc30bd5-b87a-415b-90f4-a4e24422c380'
ptd-server 2023-03-02 09:56:55,677 [INFO] Got command from the client 'time'
ptd-server 2023-03-02 09:56:55,677 [INFO] Sending reply to client '1677751015.6771336'
ptd-server 2023-03-02 09:56:55,678 [INFO] Got command from the client 'session,2023-03-02_09-56-55,start,ranging'
ptd-server 2023-03-02 09:56:55,678 [INFO] Running PTDaemon: ['/media/arjun/T7_Touch/hp-envy/CM/repos/local/cache/9b3695ca8255492a/power/inference_v1.0/ptd-linux-x86', '-l', '/tmp/tmpti64566v/ptd_logfile.txt', '-p', '8888', '49', '/dev/usbtmc0']
ptd-server 2023-03-02 09:57:12,779 [INFO] Sending to ptd: 'Hello'
ptd-server 2023-03-02 09:57:12,780 [INFO] Reply from ptd: 'Hello, PTDaemon here!'
ptd-server 2023-03-02 09:57:12,780 [INFO] Sending to ptd: 'Identify'
ptd-server 2023-03-02 09:57:12,781 [INFO] Reply from ptd: 'YokogawaWT310E,1000,1,1,1,1,0,1,1,version=1.10.0-ed9a21d2-20220817,OS=Linux 5.15.0-56-generic #62-Ubuntu SMP Tue Nov 22 19:54:14 UTC 2022 x86_64,mode=power,1,1,1,0,0,no_cal_date,YOKOGAWA;WT310E;C3YD21068E;F1.04'
ptd-server 2023-03-02 09:57:12,782 [INFO] Connected to PTDaemon
ptd-server 2023-03-02 09:57:12,782 [INFO] Sending to ptd: 'RR'
ptd-server 2023-03-02 09:57:12,783 [INFO] Reply from ptd: 'Ranges,1,1.000000,0,600.000000'
ptd-server 2023-03-02 09:57:12,783 [INFO] Initial range for Amps is Auto for Volts is 600.000000
ptd-server 2023-03-02 09:57:12,783 [INFO] Sending to ptd: 'SR,V,Auto'
ptd-server 2023-03-02 09:57:13,287 [INFO] Reply from ptd: 'Range V changed'
ptd-server 2023-03-02 09:57:13,288 [INFO] Sending to ptd: 'SR,A,Auto'
ptd-server 2023-03-02 09:57:13,791 [INFO] Reply from ptd: 'Range A changed'
ptd-server 2023-03-02 09:57:23,802 [INFO] Starting ranging mode
ptd-server 2023-03-02 09:57:23,803 [INFO] Sending to ptd: 'Go,1000,0,2023-03-02_09-56-55_ranging'
ptd-server 2023-03-02 09:57:23,803 [INFO] Reply from ptd: 'Starting untimed measurement, maximum 500000 samples at 1000ms with 0 rampup samples'
ptd-server 2023-03-02 09:57:23,803 [INFO] Sending reply to client 'OK'
ptd-server 2023-03-02 10:08:44,750 [INFO] Got command from the client 'session,2023-03-02_09-56-55,stop,ranging'
ptd-server 2023-03-02 10:08:54,755 [INFO] Sending to ptd: 'Stop'
ptd-server 2023-03-02 10:08:54,756 [INFO] Reply from ptd: 'Stopping untimed measurement'
ptd-server 2023-03-02 10:08:55,105 [INFO] Sending reply to client 'OK'
ptd-server 2023-03-02 10:08:55,136 [INFO] Got command from the client 'time'
ptd-server 2023-03-02 10:08:55,136 [INFO] Sending reply to client '1677751735.1365192'
ptd-server 2023-03-02 10:08:55,139 [INFO] Got command from the client 'session,2023-03-02_09-56-55,start,testing'
ptd-server 2023-03-02 10:08:55,139 [INFO] Sending to ptd: 'SR,V,247.770000'
ptd-server 2023-03-02 10:08:56,642 [INFO] Reply from ptd: 'Range V changed'
ptd-server 2023-03-02 10:08:56,642 [INFO] Sending to ptd: 'SR,A,2.557800'
ptd-server 2023-03-02 10:08:58,145 [INFO] Reply from ptd: 'Range A changed'
ptd-server 2023-03-02 10:09:08,156 [INFO] Starting testing mode
ptd-server 2023-03-02 10:09:08,157 [INFO] Sending to ptd: 'Go,1000,0,2023-03-02_09-56-55_testing'
ptd-server 2023-03-02 10:09:08,157 [INFO] Reply from ptd: 'Starting untimed measurement, maximum 500000 samples at 1000ms with 0 rampup samples'
ptd-server 2023-03-02 10:09:08,158 [INFO] Sending reply to client 'OK'
ptd-server 2023-03-02 10:20:29,567 [INFO] Got command from the client 'session,2023-03-02_09-56-55,stop,testing'
ptd-server 2023-03-02 10:20:39,578 [INFO] Sending to ptd: 'Stop'
ptd-server 2023-03-02 10:20:39,579 [INFO] Reply from ptd: 'Stopping untimed measurement'
ptd-server 2023-03-02 10:20:39,767 [INFO] Sending reply to client 'OK'
ptd-server 2023-03-02 10:20:39,770 [INFO] Got command from the client 'session,2023-03-02_09-56-55,done'
ptd-server 2023-03-02 10:20:39,770 [INFO] Sending to ptd: 'Stop'
ptd-server 2023-03-02 10:20:40,158 [INFO] Reply from ptd: 'Error: no measurement to stop'
ptd-server 2023-03-02 10:20:40,158 [INFO] Sending to ptd: 'SR,V,600.000000'
ptd-server 2023-03-02 10:20:41,662 [INFO] Reply from ptd: 'Range V changed'
ptd-server 2023-03-02 10:20:41,662 [INFO] Sending to ptd: 'SR,A,Auto'
ptd-server 2023-03-02 10:20:42,166 [INFO] Reply from ptd: 'Range A changed'
ptd-server 2023-03-02 10:20:42,166 [INFO] Set initial values for Amps Auto and Volts 600.000000
ptd-server 2023-03-02 10:20:42,167 [INFO] Stopping ptd...
