ptd-server 2023-02-22 02:13:02,905 [INFO] Got command from the client 'time'
ptd-server 2023-02-22 02:13:02,905 [INFO] Sending reply to client '1677031982.9053636'
ptd-server 2023-02-22 02:13:02,906 [INFO] Got command from the client 'new,,fd563810-f10d-401a-ad84-1ba666c1ce79'
ptd-server 2023-02-22 02:13:02,906 [INFO] Sending reply to client 'OK 2023-02-22_02-13-02,290d3b72-0ad7-4d75-8e43-078f156ecf9a'
ptd-server 2023-02-22 02:13:02,928 [INFO] Got command from the client 'time'
ptd-server 2023-02-22 02:13:02,928 [INFO] Sending reply to client '1677031982.9285176'
ptd-server 2023-02-22 02:13:02,929 [INFO] Got command from the client 'session,2023-02-22_02-13-02,start,ranging'
ptd-server 2023-02-22 02:13:02,929 [INFO] Running PTDaemon: ['/home/anton/projects/mlperf/power/inference_v1.0/ptd-linux-x86', '-l', '/tmp/tmp4yl1neqp/ptd_logfile.txt', '-p', '8888', '49', '/dev/usbtmc0']
ptd-server 2023-02-22 02:13:20,004 [INFO] Sending to ptd: 'Hello'
ptd-server 2023-02-22 02:13:20,004 [INFO] Reply from ptd: 'Hello, PTDaemon here!'
ptd-server 2023-02-22 02:13:20,004 [INFO] Sending to ptd: 'Identify'
ptd-server 2023-02-22 02:13:20,005 [INFO] Reply from ptd: 'YokogawaWT310E,1000,1,1,1,1,0,1,1,version=1.10.0-ed9a21d2-20220817,OS=Linux 5.15.0-60-generic #66~20.04.1-Ubuntu SMP Wed Jan 25 09:41:30 UTC 2023 x86_64,mode=power,1,1,1,0,0,no_cal_date,YOKOGAWA;WT310E;C3XA04010E;F1.04'
ptd-server 2023-02-22 02:13:20,005 [INFO] Connected to PTDaemon
ptd-server 2023-02-22 02:13:20,005 [INFO] Sending to ptd: 'RR'
ptd-server 2023-02-22 02:13:20,005 [INFO] Reply from ptd: 'Ranges,1,0.100000,1,300.000000'
ptd-server 2023-02-22 02:13:20,006 [INFO] Initial range for Amps is Auto for Volts is Auto
ptd-server 2023-02-22 02:13:20,006 [INFO] Sending to ptd: 'SR,V,Auto'
ptd-server 2023-02-22 02:13:20,508 [INFO] Reply from ptd: 'Range V changed'
ptd-server 2023-02-22 02:13:20,508 [INFO] Sending to ptd: 'SR,A,Auto'
ptd-server 2023-02-22 02:13:21,011 [INFO] Reply from ptd: 'Range A changed'
ptd-server 2023-02-22 02:13:31,021 [INFO] Starting ranging mode
ptd-server 2023-02-22 02:13:31,021 [INFO] Sending to ptd: 'Go,1000,0,2023-02-22_02-13-02_ranging'
ptd-server 2023-02-22 02:13:31,022 [INFO] Reply from ptd: 'Starting untimed measurement, maximum 500000 samples at 1000ms with 0 rampup samples'
ptd-server 2023-02-22 02:13:31,022 [INFO] Sending reply to client 'OK'
ptd-server 2023-02-22 02:23:50,651 [INFO] Got command from the client 'session,2023-02-22_02-13-02,stop,ranging'
ptd-server 2023-02-22 02:24:00,661 [INFO] Sending to ptd: 'Stop'
ptd-server 2023-02-22 02:24:00,662 [INFO] Reply from ptd: 'Stopping untimed measurement'
ptd-server 2023-02-22 02:24:01,049 [INFO] Sending reply to client 'OK'
ptd-server 2023-02-22 02:24:01,118 [INFO] Got command from the client 'time'
ptd-server 2023-02-22 02:24:01,118 [INFO] Sending reply to client '1677032641.11887'
ptd-server 2023-02-22 02:24:01,120 [INFO] Got command from the client 'session,2023-02-22_02-13-02,start,testing'
ptd-server 2023-02-22 02:24:01,120 [INFO] Sending to ptd: 'SR,V,252.140000'
ptd-server 2023-02-22 02:24:02,621 [INFO] Reply from ptd: 'Range V changed'
ptd-server 2023-02-22 02:24:02,621 [INFO] Sending to ptd: 'SR,A,0.050090'
ptd-server 2023-02-22 02:24:04,123 [INFO] Reply from ptd: 'Range A changed'
ptd-server 2023-02-22 02:24:14,133 [INFO] Starting testing mode
ptd-server 2023-02-22 02:24:14,133 [INFO] Sending to ptd: 'Go,1000,0,2023-02-22_02-13-02_testing'
ptd-server 2023-02-22 02:24:14,134 [INFO] Reply from ptd: 'Starting untimed measurement, maximum 500000 samples at 1000ms with 0 rampup samples'
ptd-server 2023-02-22 02:24:14,134 [INFO] Sending reply to client 'OK'
ptd-server 2023-02-22 02:34:33,715 [INFO] Got command from the client 'session,2023-02-22_02-13-02,stop,testing'
ptd-server 2023-02-22 02:34:43,725 [INFO] Sending to ptd: 'Stop'
ptd-server 2023-02-22 02:34:43,726 [INFO] Reply from ptd: 'Stopping untimed measurement'
ptd-server 2023-02-22 02:34:43,928 [INFO] Sending reply to client 'OK'
ptd-server 2023-02-22 02:34:43,936 [INFO] Got command from the client 'session,2023-02-22_02-13-02,done'
ptd-server 2023-02-22 02:34:43,936 [INFO] Sending to ptd: 'Stop'
ptd-server 2023-02-22 02:34:44,134 [INFO] Reply from ptd: 'Error: no measurement to stop'
ptd-server 2023-02-22 02:34:44,134 [INFO] Sending to ptd: 'SR,V,Auto'
ptd-server 2023-02-22 02:34:44,637 [INFO] Reply from ptd: 'Range V changed'
ptd-server 2023-02-22 02:34:44,637 [INFO] Sending to ptd: 'SR,A,Auto'
ptd-server 2023-02-22 02:34:45,139 [INFO] Reply from ptd: 'Range A changed'
ptd-server 2023-02-22 02:34:45,140 [INFO] Set initial values for Amps Auto and Volts Auto
ptd-server 2023-02-22 02:34:45,140 [INFO] Stopping ptd...
