ptd-server 2023-02-24 00:09:12,909 [INFO] Got command from the client 'time'
ptd-server 2023-02-24 00:09:12,909 [INFO] Sending reply to client '1677197352.9095576'
ptd-server 2023-02-24 00:09:12,910 [INFO] Got command from the client 'new,,1daa6351-99a5-4fa1-9681-6e1023cfc77e'
ptd-server 2023-02-24 00:09:12,911 [INFO] Sending reply to client 'OK 2023-02-24_00-09-12,03004334-6dba-480b-9c72-948d2813c86a'
ptd-server 2023-02-24 00:09:12,931 [INFO] Got command from the client 'time'
ptd-server 2023-02-24 00:09:12,931 [INFO] Sending reply to client '1677197352.93118'
ptd-server 2023-02-24 00:09:12,932 [INFO] Got command from the client 'session,2023-02-24_00-09-12,start,ranging'
ptd-server 2023-02-24 00:09:12,932 [INFO] Running PTDaemon: ['/home/anton/projects/mlperf/power/inference_v1.0/ptd-linux-x86', '-l', '/tmp/tmp4yl1neqp/ptd_logfile.txt', '-p', '8888', '49', '/dev/usbtmc0']
ptd-server 2023-02-24 00:09:30,006 [INFO] Sending to ptd: 'Hello'
ptd-server 2023-02-24 00:09:30,007 [INFO] Reply from ptd: 'Hello, PTDaemon here!'
ptd-server 2023-02-24 00:09:30,007 [INFO] Sending to ptd: 'Identify'
ptd-server 2023-02-24 00:09:30,007 [INFO] Reply from ptd: 'YokogawaWT310E,1000,1,1,1,1,0,1,1,version=1.10.0-ed9a21d2-20220817,OS=Linux 5.15.0-60-generic #66~20.04.1-Ubuntu SMP Wed Jan 25 09:41:30 UTC 2023 x86_64,mode=power,1,1,1,0,0,no_cal_date,YOKOGAWA;WT310E;C3XA04010E;F1.04'
ptd-server 2023-02-24 00:09:30,007 [INFO] Connected to PTDaemon
ptd-server 2023-02-24 00:09:30,008 [INFO] Sending to ptd: 'RR'
ptd-server 2023-02-24 00:09:30,008 [INFO] Reply from ptd: 'Ranges,1,0.100000,1,300.000000'
ptd-server 2023-02-24 00:09:30,008 [INFO] Initial range for Amps is Auto for Volts is Auto
ptd-server 2023-02-24 00:09:30,008 [INFO] Sending to ptd: 'SR,V,Auto'
ptd-server 2023-02-24 00:09:30,511 [INFO] Reply from ptd: 'Range V changed'
ptd-server 2023-02-24 00:09:30,511 [INFO] Sending to ptd: 'SR,A,Auto'
ptd-server 2023-02-24 00:09:31,013 [INFO] Reply from ptd: 'Range A changed'
ptd-server 2023-02-24 00:09:41,024 [INFO] Starting ranging mode
ptd-server 2023-02-24 00:09:41,024 [INFO] Sending to ptd: 'Go,1000,0,2023-02-24_00-09-12_ranging'
ptd-server 2023-02-24 00:09:41,024 [INFO] Reply from ptd: 'Starting untimed measurement, maximum 500000 samples at 1000ms with 0 rampup samples'
ptd-server 2023-02-24 00:09:41,024 [INFO] Sending reply to client 'OK'
ptd-server 2023-02-24 00:19:57,491 [INFO] Got command from the client 'session,2023-02-24_00-09-12,stop,ranging'
ptd-server 2023-02-24 00:20:07,501 [INFO] Sending to ptd: 'Stop'
ptd-server 2023-02-24 00:20:07,502 [INFO] Reply from ptd: 'Stopping untimed measurement'
ptd-server 2023-02-24 00:20:08,083 [INFO] Sending reply to client 'OK'
ptd-server 2023-02-24 00:20:08,135 [INFO] Got command from the client 'time'
ptd-server 2023-02-24 00:20:08,135 [INFO] Sending reply to client '1677198008.1356823'
ptd-server 2023-02-24 00:20:08,136 [INFO] Got command from the client 'session,2023-02-24_00-09-12,start,testing'
ptd-server 2023-02-24 00:20:08,137 [INFO] Sending to ptd: 'SR,V,253.070000'
ptd-server 2023-02-24 00:20:09,638 [INFO] Reply from ptd: 'Range V changed'
ptd-server 2023-02-24 00:20:09,638 [INFO] Sending to ptd: 'SR,A,0.046660'
ptd-server 2023-02-24 00:20:11,139 [INFO] Reply from ptd: 'Range A changed'
ptd-server 2023-02-24 00:20:21,150 [INFO] Starting testing mode
ptd-server 2023-02-24 00:20:21,150 [INFO] Sending to ptd: 'Go,1000,0,2023-02-24_00-09-12_testing'
ptd-server 2023-02-24 00:20:21,150 [INFO] Reply from ptd: 'Starting untimed measurement, maximum 500000 samples at 1000ms with 0 rampup samples'
ptd-server 2023-02-24 00:20:21,151 [INFO] Sending reply to client 'OK'
ptd-server 2023-02-24 00:30:37,563 [INFO] Got command from the client 'session,2023-02-24_00-09-12,stop,testing'
ptd-server 2023-02-24 00:30:47,573 [INFO] Sending to ptd: 'Stop'
ptd-server 2023-02-24 00:30:47,574 [INFO] Reply from ptd: 'Stopping untimed measurement'
ptd-server 2023-02-24 00:30:47,883 [INFO] Sending reply to client 'OK'
ptd-server 2023-02-24 00:30:47,891 [INFO] Got command from the client 'session,2023-02-24_00-09-12,done'
ptd-server 2023-02-24 00:30:47,891 [INFO] Sending to ptd: 'Stop'
ptd-server 2023-02-24 00:30:48,150 [INFO] Reply from ptd: 'Error: no measurement to stop'
ptd-server 2023-02-24 00:30:48,150 [INFO] Sending to ptd: 'SR,V,Auto'
ptd-server 2023-02-24 00:30:48,653 [INFO] Reply from ptd: 'Range V changed'
ptd-server 2023-02-24 00:30:48,653 [INFO] Sending to ptd: 'SR,A,Auto'
ptd-server 2023-02-24 00:30:49,156 [INFO] Reply from ptd: 'Range A changed'
ptd-server 2023-02-24 00:30:49,156 [INFO] Set initial values for Amps Auto and Volts Auto
ptd-server 2023-02-24 00:30:49,156 [INFO] Stopping ptd...
