ptd-server 2023-02-14 17:05:22,321 [INFO] Got command from the client 'time'
ptd-server 2023-02-14 17:05:22,321 [INFO] Sending reply to client '1676394322.3215709'
ptd-server 2023-02-14 17:05:22,323 [INFO] Got command from the client 'new,,1893d99c-94cd-43db-aeca-c1f7c8501457'
ptd-server 2023-02-14 17:05:22,324 [INFO] Sending reply to client 'OK 2023-02-14_17-05-22,b3fa7883-edba-419d-aac6-dbb7d0e4a839'
ptd-server 2023-02-14 17:05:22,369 [INFO] Got command from the client 'time'
ptd-server 2023-02-14 17:05:22,369 [INFO] Sending reply to client '1676394322.3691885'
ptd-server 2023-02-14 17:05:22,370 [INFO] Got command from the client 'session,2023-02-14_17-05-22,start,ranging'
ptd-server 2023-02-14 17:05:22,370 [INFO] Running PTDaemon: ['/home/anton/projects/mlperf/power/inference_v1.0/ptd-linux-x86', '-l', '/tmp/tmp4yl1neqp/ptd_logfile.txt', '-p', '8888', '49', '/dev/usbtmc0']
ptd-server 2023-02-14 17:05:39,445 [INFO] Sending to ptd: 'Hello'
ptd-server 2023-02-14 17:05:39,445 [INFO] Reply from ptd: 'Hello, PTDaemon here!'
ptd-server 2023-02-14 17:05:39,446 [INFO] Sending to ptd: 'Identify'
ptd-server 2023-02-14 17:05:39,446 [INFO] Reply from ptd: 'YokogawaWT310E,1000,1,1,1,1,0,1,1,version=1.10.0-ed9a21d2-20220817,OS=Linux 5.15.0-60-generic #66~20.04.1-Ubuntu SMP Wed Jan 25 09:41:30 UTC 2023 x86_64,mode=power,1,1,1,0,0,no_cal_date,YOKOGAWA;WT310E;C3XA04010E;F1.04'
ptd-server 2023-02-14 17:05:39,446 [INFO] Connected to PTDaemon
ptd-server 2023-02-14 17:05:39,446 [INFO] Sending to ptd: 'RR'
ptd-server 2023-02-14 17:05:39,446 [INFO] Reply from ptd: 'Ranges,0,0.500000,1,300.000000'
ptd-server 2023-02-14 17:05:39,446 [INFO] Initial range for Amps is 0.500000 for Volts is Auto
ptd-server 2023-02-14 17:05:39,446 [INFO] Sending to ptd: 'SR,V,Auto'
ptd-server 2023-02-14 17:05:39,949 [INFO] Reply from ptd: 'Range V changed'
ptd-server 2023-02-14 17:05:39,949 [INFO] Sending to ptd: 'SR,A,Auto'
ptd-server 2023-02-14 17:05:40,452 [INFO] Reply from ptd: 'Range A changed'
ptd-server 2023-02-14 17:05:50,460 [INFO] Starting ranging mode
ptd-server 2023-02-14 17:05:50,460 [INFO] Sending to ptd: 'Go,1000,0,2023-02-14_17-05-22_ranging'
ptd-server 2023-02-14 17:05:50,460 [INFO] Reply from ptd: 'Starting untimed measurement, maximum 500000 samples at 1000ms with 0 rampup samples'
ptd-server 2023-02-14 17:05:50,461 [INFO] Sending reply to client 'OK'
ptd-server 2023-02-14 17:19:10,744 [INFO] Got command from the client 'session,2023-02-14_17-05-22,stop,ranging'
ptd-server 2023-02-14 17:19:20,755 [INFO] Sending to ptd: 'Stop'
ptd-server 2023-02-14 17:19:20,755 [INFO] Reply from ptd: 'Stopping untimed measurement'
ptd-server 2023-02-14 17:19:20,850 [INFO] Sending reply to client 'OK'
ptd-server 2023-02-14 17:19:20,947 [INFO] Got command from the client 'time'
ptd-server 2023-02-14 17:19:20,947 [INFO] Sending reply to client '1676395160.9477394'
ptd-server 2023-02-14 17:19:20,949 [INFO] Got command from the client 'session,2023-02-14_17-05-22,start,testing'
ptd-server 2023-02-14 17:19:20,949 [INFO] Sending to ptd: 'SR,V,250.630000'
ptd-server 2023-02-14 17:19:22,962 [INFO] Reply from ptd: 'Range V changed'
ptd-server 2023-02-14 17:19:22,963 [INFO] Sending to ptd: 'SR,A,0.209950'
ptd-server 2023-02-14 17:19:24,464 [INFO] Reply from ptd: 'Range A changed'
ptd-server 2023-02-14 17:19:34,474 [INFO] Starting testing mode
ptd-server 2023-02-14 17:19:34,474 [INFO] Sending to ptd: 'Go,1000,0,2023-02-14_17-05-22_testing'
ptd-server 2023-02-14 17:19:34,475 [INFO] Reply from ptd: 'Starting untimed measurement, maximum 500000 samples at 1000ms with 0 rampup samples'
ptd-server 2023-02-14 17:19:34,475 [INFO] Sending reply to client 'OK'
ptd-server 2023-02-14 17:32:53,210 [INFO] Got command from the client 'session,2023-02-14_17-05-22,stop,testing'
ptd-server 2023-02-14 17:33:03,220 [INFO] Sending to ptd: 'Stop'
ptd-server 2023-02-14 17:33:03,220 [INFO] Reply from ptd: 'Stopping untimed measurement'
ptd-server 2023-02-14 17:33:03,271 [INFO] Sending reply to client 'OK'
ptd-server 2023-02-14 17:33:03,301 [INFO] Got command from the client 'session,2023-02-14_17-05-22,done'
ptd-server 2023-02-14 17:33:03,301 [INFO] Sending to ptd: 'Stop'
ptd-server 2023-02-14 17:33:03,476 [INFO] Reply from ptd: 'Error: no measurement to stop'
ptd-server 2023-02-14 17:33:03,476 [INFO] Sending to ptd: 'SR,V,Auto'
ptd-server 2023-02-14 17:33:03,978 [INFO] Reply from ptd: 'Range V changed'
ptd-server 2023-02-14 17:33:03,979 [INFO] Sending to ptd: 'SR,A,0.500000'
ptd-server 2023-02-14 17:33:05,480 [INFO] Reply from ptd: 'Range A changed'
ptd-server 2023-02-14 17:33:05,480 [INFO] Set initial values for Amps 0.500000 and Volts Auto
ptd-server 2023-02-14 17:33:05,480 [INFO] Stopping ptd...
