ptd-server 2023-02-24 13:11:47,258 [INFO] Got command from the client 'time'
ptd-server 2023-02-24 13:11:47,258 [INFO] Sending reply to client '1677244307.258355'
ptd-server 2023-02-24 13:11:47,259 [INFO] Got command from the client 'new,,b292beeb-3052-455e-ba1b-137435895479'
ptd-server 2023-02-24 13:11:47,260 [INFO] Sending reply to client 'OK 2023-02-24_13-11-47,991b77d9-c9d4-4ad6-b430-be2bb853a09a'
ptd-server 2023-02-24 13:11:47,393 [INFO] Got command from the client 'time'
ptd-server 2023-02-24 13:11:47,393 [INFO] Sending reply to client '1677244307.393724'
ptd-server 2023-02-24 13:11:47,394 [INFO] Got command from the client 'session,2023-02-24_13-11-47,start,ranging'
ptd-server 2023-02-24 13:11:47,395 [INFO] Running PTDaemon: ['/home/anton/projects/mlperf/power/inference_v1.0/ptd-linux-x86', '-l', '/tmp/tmp4yl1neqp/ptd_logfile.txt', '-p', '8888', '49', '/dev/usbtmc0']
ptd-server 2023-02-24 13:12:04,470 [INFO] Sending to ptd: 'Hello'
ptd-server 2023-02-24 13:12:04,470 [INFO] Reply from ptd: 'Hello, PTDaemon here!'
ptd-server 2023-02-24 13:12:04,470 [INFO] Sending to ptd: 'Identify'
ptd-server 2023-02-24 13:12:04,471 [INFO] Reply from ptd: 'YokogawaWT310E,1000,1,1,1,1,0,1,1,version=1.10.0-ed9a21d2-20220817,OS=Linux 5.15.0-60-generic #66~20.04.1-Ubuntu SMP Wed Jan 25 09:41:30 UTC 2023 x86_64,mode=power,1,1,1,0,0,no_cal_date,YOKOGAWA;WT310E;C3XA04010E;F1.04'
ptd-server 2023-02-24 13:12:04,471 [INFO] Connected to PTDaemon
ptd-server 2023-02-24 13:12:04,471 [INFO] Sending to ptd: 'RR'
ptd-server 2023-02-24 13:12:04,471 [INFO] Reply from ptd: 'Ranges,1,0.100000,1,300.000000'
ptd-server 2023-02-24 13:12:04,471 [INFO] Initial range for Amps is Auto for Volts is Auto
ptd-server 2023-02-24 13:12:04,471 [INFO] Sending to ptd: 'SR,V,Auto'
ptd-server 2023-02-24 13:12:04,974 [INFO] Reply from ptd: 'Range V changed'
ptd-server 2023-02-24 13:12:04,974 [INFO] Sending to ptd: 'SR,A,Auto'
ptd-server 2023-02-24 13:12:05,477 [INFO] Reply from ptd: 'Range A changed'
ptd-server 2023-02-24 13:12:15,484 [INFO] Starting ranging mode
ptd-server 2023-02-24 13:12:15,484 [INFO] Sending to ptd: 'Go,1000,0,2023-02-24_13-11-47_ranging'
ptd-server 2023-02-24 13:12:15,484 [INFO] Reply from ptd: 'Starting untimed measurement, maximum 500000 samples at 1000ms with 0 rampup samples'
ptd-server 2023-02-24 13:12:15,485 [INFO] Sending reply to client 'OK'
ptd-server 2023-02-24 13:22:31,939 [INFO] Got command from the client 'session,2023-02-24_13-11-47,stop,ranging'
ptd-server 2023-02-24 13:22:41,949 [INFO] Sending to ptd: 'Stop'
ptd-server 2023-02-24 13:22:41,950 [INFO] Reply from ptd: 'Stopping untimed measurement'
ptd-server 2023-02-24 13:22:42,598 [INFO] Sending reply to client 'OK'
ptd-server 2023-02-24 13:22:43,942 [INFO] Got command from the client 'time'
ptd-server 2023-02-24 13:22:43,942 [INFO] Sending reply to client '1677244963.942481'
ptd-server 2023-02-24 13:22:43,943 [INFO] Got command from the client 'session,2023-02-24_13-11-47,start,testing'
ptd-server 2023-02-24 13:22:43,943 [INFO] Sending to ptd: 'SR,V,253.200000'
ptd-server 2023-02-24 13:22:45,445 [INFO] Reply from ptd: 'Range V changed'
ptd-server 2023-02-24 13:22:45,445 [INFO] Sending to ptd: 'SR,A,0.056880'
ptd-server 2023-02-24 13:22:46,946 [INFO] Reply from ptd: 'Range A changed'
ptd-server 2023-02-24 13:22:56,956 [INFO] Starting testing mode
ptd-server 2023-02-24 13:22:56,957 [INFO] Sending to ptd: 'Go,1000,0,2023-02-24_13-11-47_testing'
ptd-server 2023-02-24 13:22:56,957 [INFO] Reply from ptd: 'Starting untimed measurement, maximum 500000 samples at 1000ms with 0 rampup samples'
ptd-server 2023-02-24 13:22:56,957 [INFO] Sending reply to client 'OK'
ptd-server 2023-02-24 13:33:13,427 [INFO] Got command from the client 'session,2023-02-24_13-11-47,stop,testing'
ptd-server 2023-02-24 13:33:23,438 [INFO] Sending to ptd: 'Stop'
ptd-server 2023-02-24 13:33:23,438 [INFO] Reply from ptd: 'Stopping untimed measurement'
ptd-server 2023-02-24 13:33:23,776 [INFO] Sending reply to client 'OK'
ptd-server 2023-02-24 13:33:23,785 [INFO] Got command from the client 'session,2023-02-24_13-11-47,done'
ptd-server 2023-02-24 13:33:23,785 [INFO] Sending to ptd: 'Stop'
ptd-server 2023-02-24 13:33:23,958 [INFO] Reply from ptd: 'Error: no measurement to stop'
ptd-server 2023-02-24 13:33:23,958 [INFO] Sending to ptd: 'SR,V,Auto'
ptd-server 2023-02-24 13:33:24,460 [INFO] Reply from ptd: 'Range V changed'
ptd-server 2023-02-24 13:33:24,461 [INFO] Sending to ptd: 'SR,A,Auto'
ptd-server 2023-02-24 13:33:24,963 [INFO] Reply from ptd: 'Range A changed'
ptd-server 2023-02-24 13:33:24,963 [INFO] Set initial values for Amps Auto and Volts Auto
ptd-server 2023-02-24 13:33:24,963 [INFO] Stopping ptd...
