client 2023-02-26 21:17:26,792 [INFO] Sending command to the server: 'mlcommons/power client v3'
client 2023-02-26 21:17:26,793 [INFO] Got response: 'mlcommons/power server v3'
client 2023-02-26 21:17:26,793 [INFO] Sending command to the server: 'stop'
client 2023-02-26 21:17:26,793 [INFO] Got response: 'OK'
client 2023-02-26 21:17:26,793 [INFO] Synchronizing with the server and with 192.168.123.123...
client 2023-02-26 21:17:26,795 [INFO] NTP:offset = 0.000 s, delay = 0.000 s 
client 2023-02-26 21:17:26,795 [INFO] Sending command to the server: 'time'
client 2023-02-26 21:17:26,796 [INFO] Got response: '1677446246.794961'
client 2023-02-26 21:17:26,796 [INFO] The time difference between the client and the server is within range 0.855 ms..1.497 ms
client 2023-02-26 21:17:26,796 [INFO] Sending command to the server: 'new,,959a72f7-80c3-4f66-ba36-6201d8bb8ec2'
client 2023-02-26 21:17:26,797 [INFO] Got response: 'OK 2023-02-26_21-17-26,e0f2f907-872e-4563-ac01-4514115ca993'
client 2023-02-26 21:17:26,797 [INFO] Session id is '2023-02-26_21-17-26'
client 2023-02-26 21:17:26,797 [INFO] Sources: {"sources": {"__init__.py": "da39a3ee5e6b4b0d3255bfef95601890afd80709", "client.py": "33ca4f26368777ac06e01f9567b714a4b8063886", "lib/__init__.py": "da39a3ee5e6b4b0d3255bfef95601890afd80709", "lib/client.py": "4c2b78fb4849a7e5b584ef792d82aaed20b17f57", "lib/common.py": "624d0c0acc7c39aaff3674f0b99d6a09da53d1dc", "lib/external/__init__.py": "da39a3ee5e6b4b0d3255bfef95601890afd80709", "lib/external/ntplib.py": "4da8f970656505a40483206ef2b5d3dd5e81711d", "lib/server.py": "cda0cdfaee9bfa1249c64a7dd4f89b7bf1b279f0", "lib/source_hashes.py": "60a2e02193209e8d392803326208d5466342da18", "lib/summary.py": "aa92f0a3f975eecd44d3c0cd0236342ccc9f941d", "lib/time_sync.py": "3210db56eb0ff0df57bf4293dc4d4b03fffd46f1", "server.py": "c3f90f2f7eeb4db30727556d0c815ebc89b3d28b", "tests/unit/__init__.py": "da39a3ee5e6b4b0d3255bfef95601890afd80709", "tests/unit/test_server.py": "99ae15aef722f2000ee6ed1ae1523637bf1ae42b", "tests/unit/test_source_hashes.py": "00468a2907583c593e6574a1f6b404e4651c221a"}, "modules": {"ptd_client_server.lib.client": "lib/client.py", "ptd_client_server.lib.common": "lib/common.py", "ptd_client_server.lib.external.ntplib": "lib/external/ntplib.py", "ptd_client_server.lib.source_hashes": "lib/source_hashes.py", "ptd_client_server.lib.summary": "lib/summary.py", "ptd_client_server.lib.time_sync": "lib/time_sync.py"}}
client 2023-02-26 21:17:26,798 [INFO] Running workload in ranging mode
client 2023-02-26 21:17:26,798 [INFO] Synchronizing with the server and with 192.168.123.123...
client 2023-02-26 21:17:26,798 [INFO] NTP:offset = 0.000 s, delay = 0.000 s 
client 2023-02-26 21:17:26,798 [INFO] Sending command to the server: 'time'
client 2023-02-26 21:17:26,799 [INFO] Got response: '1677446246.797785'
client 2023-02-26 21:17:26,799 [INFO] The time difference between the client and the server is within range 0.870 ms..1.396 ms
client 2023-02-26 21:17:26,799 [INFO] Sending command to the server: 'session,2023-02-26_21-17-26,start,ranging'
client 2023-02-26 21:18:06,176 [INFO] Got response: 'OK'
client 2023-02-26 21:18:06,176 [INFO] Running the workload 'LOG_DIR=/work/build/power_logs_temp python3 -m code.main --benchmarks=3d-unet --scenarios=offline --config_ver=maxq_high_accuracy --action="run_harness" \\\n\t\t2>&1 | tee -a /work/build/power_logs/2023.02.26-21.17.03/stdout.txt \\\n\t\t&& if [ ! -d /work/build/power_logs/2023.02.26-21.17.03/ranging_tmp ]; \\\n\t\t\tthen mkdir /work/build/power_logs/2023.02.26-21.17.03/ranging_tmp \\\n\t\t\t\t&& mv /work/build/power_logs_temp/* /work/build/power_logs/2023.02.26-21.17.03/ranging_tmp/ \\\n\t\t\t\t&& cp -v /work/build/power_logs/2023.02.26-21.17.03/ranging_tmp/*/*/*/mlperf_log_detail.txt /work/build/power_logs_temp/ \\\n\t\t\t\t&& cp -v /work/build/power_logs/2023.02.26-21.17.03/ranging_tmp/*/*/*/mlperf_log_summary.txt /work/build/power_logs_temp/; \\\n\t\t\telse mkdir /work/build/power_logs/2023.02.26-21.17.03/testing_tmp \\\n\t\t\t\t&& mv /work/build/power_logs_temp/* /work/build/power_logs/2023.02.26-21.17.03/testing_tmp/ \\\n\t\t\t\t&& cp -v /work/build/power_logs/2023.02.26-21.17.03/testing_tmp/*/*/*/mlperf_log_detail.txt /work/build/power_logs_temp/ \\\n\t\t\t\t&& cp -v /work/build/power_logs/2023.02.26-21.17.03/testing_tmp/*/*/*/mlperf_log_summary.txt /work/build/power_logs_temp/; fi'
client 2023-02-27 03:41:16,347 [INFO] Sending command to the server: 'session,2023-02-26_21-17-26,stop,ranging'
client 2023-02-27 03:41:26,970 [INFO] Got response: 'OK'
client 2023-02-27 03:41:26,974 [INFO] Copying loadgen logs from '/work/build/power_logs_temp' to '/work/build/power_logs/2023.02.26-21.17.03/2023-02-26_21-17-26/ranging'
client 2023-02-27 03:41:26,976 [INFO] Running workload in testing mode
client 2023-02-27 03:41:26,977 [INFO] Synchronizing with the server and with 192.168.123.123...
client 2023-02-27 03:41:26,977 [INFO] NTP:offset = -0.000 s, delay = 0.000 s 
client 2023-02-27 03:41:26,977 [INFO] Sending command to the server: 'time'
client 2023-02-27 03:41:26,978 [INFO] Got response: '1677469286.1224968'
client 2023-02-27 03:41:26,978 [INFO] The time difference between the client and the server is within range 855.143 ms..855.757 ms
client 2023-02-27 03:41:26,978 [WARNING] The time difference between the client and the server is more than 200 ms
client 2023-02-27 03:41:26,978 [INFO] Sending command to the server: 'set_ntp'
client 2023-02-27 03:41:27,982 [INFO] Got response: 'OK'
client 2023-02-27 03:41:27,982 [INFO] Synchronizing with 192.168.123.123 time using NTP...
client 2023-02-27 03:41:35,088 [INFO] Set system time at 2023-02-27 03:41:35.088197
client 2023-02-27 03:41:35,089 [INFO] NTP:offset = 0.000 s, delay = 0.000 s 
client 2023-02-27 03:41:35,089 [INFO] Sending command to the server: 'time'
client 2023-02-27 03:41:35,089 [INFO] Got response: '1677469295.0885522'
client 2023-02-27 03:41:35,089 [INFO] The time difference between the client and the server is within range 0.494 ms..1.194 ms
client 2023-02-27 03:41:35,089 [INFO] Sending command to the server: 'session,2023-02-26_21-17-26,start,testing'
client 2023-02-27 03:41:56,755 [INFO] Got response: 'OK'
client 2023-02-27 03:41:56,755 [INFO] Running the workload 'LOG_DIR=/work/build/power_logs_temp python3 -m code.main --benchmarks=3d-unet --scenarios=offline --config_ver=maxq_high_accuracy --action="run_harness" \\\n\t\t2>&1 | tee -a /work/build/power_logs/2023.02.26-21.17.03/stdout.txt \\\n\t\t&& if [ ! -d /work/build/power_logs/2023.02.26-21.17.03/ranging_tmp ]; \\\n\t\t\tthen mkdir /work/build/power_logs/2023.02.26-21.17.03/ranging_tmp \\\n\t\t\t\t&& mv /work/build/power_logs_temp/* /work/build/power_logs/2023.02.26-21.17.03/ranging_tmp/ \\\n\t\t\t\t&& cp -v /work/build/power_logs/2023.02.26-21.17.03/ranging_tmp/*/*/*/mlperf_log_detail.txt /work/build/power_logs_temp/ \\\n\t\t\t\t&& cp -v /work/build/power_logs/2023.02.26-21.17.03/ranging_tmp/*/*/*/mlperf_log_summary.txt /work/build/power_logs_temp/; \\\n\t\t\telse mkdir /work/build/power_logs/2023.02.26-21.17.03/testing_tmp \\\n\t\t\t\t&& mv /work/build/power_logs_temp/* /work/build/power_logs/2023.02.26-21.17.03/testing_tmp/ \\\n\t\t\t\t&& cp -v /work/build/power_logs/2023.02.26-21.17.03/testing_tmp/*/*/*/mlperf_log_detail.txt /work/build/power_logs_temp/ \\\n\t\t\t\t&& cp -v /work/build/power_logs/2023.02.26-21.17.03/testing_tmp/*/*/*/mlperf_log_summary.txt /work/build/power_logs_temp/; fi'
client 2023-02-27 10:06:55,114 [INFO] Sending command to the server: 'session,2023-02-26_21-17-26,stop,testing'
client 2023-02-27 10:07:05,265 [INFO] Got response: 'OK'
client 2023-02-27 10:07:05,266 [INFO] Copying loadgen logs from '/work/build/power_logs_temp' to '/work/build/power_logs/2023.02.26-21.17.03/2023-02-26_21-17-26/run_1'
client 2023-02-27 10:07:05,269 [INFO] Done runs
