ptd-server 2023-02-27 22:38:00,262 [INFO] Got command from the client 'time'
ptd-server 2023-02-27 22:38:00,262 [INFO] Sending reply to client '1677537480.2629066'
ptd-server 2023-02-27 22:38:00,264 [INFO] Got command from the client 'new,,139c3a6f-74f0-4f6d-b086-a021ca9d28a5'
ptd-server 2023-02-27 22:38:00,264 [INFO] Sending reply to client 'OK 2023-02-27_22-38-00,119ad4c5-27c8-4ecf-be84-6d075a8c004c'
ptd-server 2023-02-27 22:38:00,288 [INFO] Got command from the client 'time'
ptd-server 2023-02-27 22:38:00,288 [INFO] Sending reply to client '1677537480.288765'
ptd-server 2023-02-27 22:38:00,290 [INFO] Got command from the client 'session,2023-02-27_22-38-00,start,ranging'
ptd-server 2023-02-27 22:38:00,291 [INFO] Running PTDaemon: ['/home/anton/projects/mlperf/power/inference_v1.0/ptd-linux-x86', '-l', '/tmp/tmpu4v721n6/ptd_logfile.txt', '-p', '8888', '49', '/dev/usbtmc0']
ptd-server 2023-02-27 22:38:17,378 [INFO] Sending to ptd: 'Hello'
ptd-server 2023-02-27 22:38:17,378 [INFO] Reply from ptd: 'Hello, PTDaemon here!'
ptd-server 2023-02-27 22:38:17,379 [INFO] Sending to ptd: 'Identify'
ptd-server 2023-02-27 22:38:17,379 [INFO] Reply from ptd: 'YokogawaWT310E,1000,1,1,1,1,0,1,1,version=1.10.0-ed9a21d2-20220817,OS=Linux 5.15.0-60-generic #66~20.04.1-Ubuntu SMP Wed Jan 25 09:41:30 UTC 2023 x86_64,mode=power,1,1,1,0,0,no_cal_date,YOKOGAWA;WT310E;C3XA04010E;F1.04'
ptd-server 2023-02-27 22:38:17,379 [INFO] Connected to PTDaemon
ptd-server 2023-02-27 22:38:17,379 [INFO] Sending to ptd: 'RR'
ptd-server 2023-02-27 22:38:17,379 [INFO] Reply from ptd: 'Ranges,0,0.100000,0,300.000000'
ptd-server 2023-02-27 22:38:17,379 [INFO] Initial range for Amps is 0.100000 for Volts is 300.000000
ptd-server 2023-02-27 22:38:17,380 [INFO] Sending to ptd: 'SR,V,Auto'
ptd-server 2023-02-27 22:38:17,882 [INFO] Reply from ptd: 'Range V changed'
ptd-server 2023-02-27 22:38:17,882 [INFO] Sending to ptd: 'SR,A,Auto'
ptd-server 2023-02-27 22:38:18,385 [INFO] Reply from ptd: 'Range A changed'
ptd-server 2023-02-27 22:38:28,395 [INFO] Starting ranging mode
ptd-server 2023-02-27 22:38:28,395 [INFO] Sending to ptd: 'Go,1000,0,2023-02-27_22-38-00_ranging'
ptd-server 2023-02-27 22:38:28,396 [INFO] Reply from ptd: 'Starting untimed measurement, maximum 500000 samples at 1000ms with 0 rampup samples'
ptd-server 2023-02-27 22:38:28,396 [INFO] Sending reply to client 'OK'
ptd-server 2023-02-27 22:48:46,235 [INFO] Got command from the client 'session,2023-02-27_22-38-00,stop,ranging'
ptd-server 2023-02-27 22:48:56,245 [INFO] Sending to ptd: 'Stop'
ptd-server 2023-02-27 22:48:56,246 [INFO] Reply from ptd: 'Stopping untimed measurement'
ptd-server 2023-02-27 22:48:56,642 [INFO] Sending reply to client 'OK'
ptd-server 2023-02-27 22:48:56,729 [INFO] Got command from the client 'time'
ptd-server 2023-02-27 22:48:56,729 [INFO] Sending reply to client '1677538136.729257'
ptd-server 2023-02-27 22:48:56,731 [INFO] Got command from the client 'session,2023-02-27_22-38-00,start,testing'
ptd-server 2023-02-27 22:48:56,731 [INFO] Sending to ptd: 'SR,V,249.980000'
ptd-server 2023-02-27 22:48:58,233 [INFO] Reply from ptd: 'Range V changed'
ptd-server 2023-02-27 22:48:58,233 [INFO] Sending to ptd: 'SR,A,0.054760'
ptd-server 2023-02-27 22:48:59,734 [INFO] Reply from ptd: 'Range A changed'
ptd-server 2023-02-27 22:49:09,744 [INFO] Starting testing mode
ptd-server 2023-02-27 22:49:09,745 [INFO] Sending to ptd: 'Go,1000,0,2023-02-27_22-38-00_testing'
ptd-server 2023-02-27 22:49:09,745 [INFO] Reply from ptd: 'Starting untimed measurement, maximum 500000 samples at 1000ms with 0 rampup samples'
ptd-server 2023-02-27 22:49:09,745 [INFO] Sending reply to client 'OK'
ptd-server 2023-02-27 22:59:27,387 [INFO] Got command from the client 'session,2023-02-27_22-38-00,stop,testing'
ptd-server 2023-02-27 22:59:37,397 [INFO] Sending to ptd: 'Stop'
ptd-server 2023-02-27 22:59:37,398 [INFO] Reply from ptd: 'Stopping untimed measurement'
ptd-server 2023-02-27 22:59:37,597 [INFO] Sending reply to client 'OK'
ptd-server 2023-02-27 22:59:37,613 [INFO] Got command from the client 'session,2023-02-27_22-38-00,done'
ptd-server 2023-02-27 22:59:37,614 [INFO] Sending to ptd: 'Stop'
ptd-server 2023-02-27 22:59:37,746 [INFO] Reply from ptd: 'Error: no measurement to stop'
ptd-server 2023-02-27 22:59:37,746 [INFO] Sending to ptd: 'SR,V,300.000000'
ptd-server 2023-02-27 22:59:39,247 [INFO] Reply from ptd: 'Range V changed'
ptd-server 2023-02-27 22:59:39,247 [INFO] Sending to ptd: 'SR,A,0.100000'
ptd-server 2023-02-27 22:59:40,749 [INFO] Reply from ptd: 'Range A changed'
ptd-server 2023-02-27 22:59:40,750 [INFO] Set initial values for Amps 0.100000 and Volts 300.000000
ptd-server 2023-02-27 22:59:40,750 [INFO] Stopping ptd...
