client 2023-02-24 23:19:05,418 [INFO] Sending command to the server: 'mlcommons/power client v3'
client 2023-02-24 23:19:05,419 [INFO] Got response: 'mlcommons/power server v3'
client 2023-02-24 23:19:05,419 [INFO] Sending command to the server: 'stop'
client 2023-02-24 23:19:05,420 [INFO] Got response: 'OK'
client 2023-02-24 23:19:05,420 [INFO] Synchronizing with the server and with ib-01.dc4-in.nvidia.com...
client 2023-02-24 23:19:05,770 [INFO] NTP:offset = 0.000 s, delay = 0.212 s 
client 2023-02-24 23:19:05,770 [INFO] Sending command to the server: 'time'
client 2023-02-24 23:19:05,772 [INFO] Got response: '1677280745.7734601'
client 2023-02-24 23:19:05,772 [INFO] The time difference between the client and the server is within range -2.637 ms..-1.352 ms
client 2023-02-24 23:19:05,772 [INFO] Sending command to the server: 'new,,1b9be5fa-83e2-4856-b7b2-0ea1fedfa68b'
client 2023-02-24 23:19:05,773 [INFO] Got response: 'OK 2023-02-24_15-19-05,6a77c4ab-6c56-47e0-b461-d97359a1442c'
client 2023-02-24 23:19:05,773 [INFO] Session id is '2023-02-24_15-19-05'
client 2023-02-24 23:19:05,774 [INFO] Sources: {"sources": {"__init__.py": "da39a3ee5e6b4b0d3255bfef95601890afd80709", "client.py": "33ca4f26368777ac06e01f9567b714a4b8063886", "lib/__init__.py": "da39a3ee5e6b4b0d3255bfef95601890afd80709", "lib/client.py": "4c2b78fb4849a7e5b584ef792d82aaed20b17f57", "lib/common.py": "624d0c0acc7c39aaff3674f0b99d6a09da53d1dc", "lib/external/__init__.py": "da39a3ee5e6b4b0d3255bfef95601890afd80709", "lib/external/ntplib.py": "4da8f970656505a40483206ef2b5d3dd5e81711d", "lib/server.py": "cda0cdfaee9bfa1249c64a7dd4f89b7bf1b279f0", "lib/source_hashes.py": "60a2e02193209e8d392803326208d5466342da18", "lib/summary.py": "aa92f0a3f975eecd44d3c0cd0236342ccc9f941d", "lib/time_sync.py": "3210db56eb0ff0df57bf4293dc4d4b03fffd46f1", "server.py": "c3f90f2f7eeb4db30727556d0c815ebc89b3d28b", "tests/unit/__init__.py": "da39a3ee5e6b4b0d3255bfef95601890afd80709", "tests/unit/test_server.py": "99ae15aef722f2000ee6ed1ae1523637bf1ae42b", "tests/unit/test_source_hashes.py": "00468a2907583c593e6574a1f6b404e4651c221a"}, "modules": {"ptd_client_server.lib.client": "lib/client.py", "ptd_client_server.lib.common": "lib/common.py", "ptd_client_server.lib.external.ntplib": "lib/external/ntplib.py", "ptd_client_server.lib.source_hashes": "lib/source_hashes.py", "ptd_client_server.lib.summary": "lib/summary.py", "ptd_client_server.lib.time_sync": "lib/time_sync.py"}}
client 2023-02-24 23:19:05,776 [INFO] Running workload in ranging mode
client 2023-02-24 23:19:05,776 [INFO] Synchronizing with the server and with ib-01.dc4-in.nvidia.com...
client 2023-02-24 23:19:05,990 [INFO] NTP:offset = 0.000 s, delay = 0.212 s 
client 2023-02-24 23:19:05,990 [INFO] Sending command to the server: 'time'
client 2023-02-24 23:19:05,992 [INFO] Got response: '1677280745.9933183'
client 2023-02-24 23:19:05,992 [INFO] The time difference between the client and the server is within range -2.498 ms..-1.228 ms
client 2023-02-24 23:19:05,992 [INFO] Sending command to the server: 'session,2023-02-24_15-19-05,start,ranging'
client 2023-02-24 23:19:45,906 [INFO] Got response: 'OK'
client 2023-02-24 23:19:45,906 [INFO] Running the workload 'LOG_DIR=/work/build/power_logs_temp python3 -m code.main --benchmarks=dlrm --scenarios=Offline --config_ver=maxq_high_accuracy --test_mode=PerformanceOnly --action="run_harness" \\\n\t\t2>&1 | tee -a /work/build/power_logs/2023.02.24-23.18.47/stdout.txt \\\n\t\t&& if [ ! -d /work/build/power_logs/2023.02.24-23.18.47/ranging_tmp ]; \\\n\t\t\tthen mkdir /work/build/power_logs/2023.02.24-23.18.47/ranging_tmp \\\n\t\t\t\t&& mv /work/build/power_logs_temp/* /work/build/power_logs/2023.02.24-23.18.47/ranging_tmp/ \\\n\t\t\t\t&& cp -v /work/build/power_logs/2023.02.24-23.18.47/ranging_tmp/*/*/*/mlperf_log_detail.txt /work/build/power_logs_temp/ \\\n\t\t\t\t&& cp -v /work/build/power_logs/2023.02.24-23.18.47/ranging_tmp/*/*/*/mlperf_log_summary.txt /work/build/power_logs_temp/; \\\n\t\t\telse mkdir /work/build/power_logs/2023.02.24-23.18.47/testing_tmp \\\n\t\t\t\t&& mv /work/build/power_logs_temp/* /work/build/power_logs/2023.02.24-23.18.47/testing_tmp/ \\\n\t\t\t\t&& cp -v /work/build/power_logs/2023.02.24-23.18.47/testing_tmp/*/*/*/mlperf_log_detail.txt /work/build/power_logs_temp/ \\\n\t\t\t\t&& cp -v /work/build/power_logs/2023.02.24-23.18.47/testing_tmp/*/*/*/mlperf_log_summary.txt /work/build/power_logs_temp/; fi'
client 2023-02-24 23:47:31,020 [INFO] Sending command to the server: 'session,2023-02-24_15-19-05,stop,ranging'
client 2023-02-24 23:47:41,080 [INFO] Got response: 'OK'
client 2023-02-24 23:47:41,146 [INFO] Copying loadgen logs from '/work/build/power_logs_temp' to '/work/build/power_logs/2023.02.24-23.18.47/2023-02-24_15-19-05/ranging'
client 2023-02-24 23:47:41,169 [INFO] Running workload in testing mode
client 2023-02-24 23:47:41,169 [INFO] Synchronizing with the server and with ib-01.dc4-in.nvidia.com...
client 2023-02-24 23:47:41,383 [INFO] NTP:offset = -0.000 s, delay = 0.212 s 
client 2023-02-24 23:47:41,383 [INFO] Sending command to the server: 'time'
client 2023-02-24 23:47:41,385 [INFO] Got response: '1677282461.3871975'
client 2023-02-24 23:47:41,385 [INFO] The time difference between the client and the server is within range -3.228 ms..-2.038 ms
client 2023-02-24 23:47:41,385 [INFO] Sending command to the server: 'session,2023-02-24_15-19-05,start,testing'
client 2023-02-24 23:48:03,528 [INFO] Got response: 'OK'
client 2023-02-24 23:48:03,528 [INFO] Running the workload 'LOG_DIR=/work/build/power_logs_temp python3 -m code.main --benchmarks=dlrm --scenarios=Offline --config_ver=maxq_high_accuracy --test_mode=PerformanceOnly --action="run_harness" \\\n\t\t2>&1 | tee -a /work/build/power_logs/2023.02.24-23.18.47/stdout.txt \\\n\t\t&& if [ ! -d /work/build/power_logs/2023.02.24-23.18.47/ranging_tmp ]; \\\n\t\t\tthen mkdir /work/build/power_logs/2023.02.24-23.18.47/ranging_tmp \\\n\t\t\t\t&& mv /work/build/power_logs_temp/* /work/build/power_logs/2023.02.24-23.18.47/ranging_tmp/ \\\n\t\t\t\t&& cp -v /work/build/power_logs/2023.02.24-23.18.47/ranging_tmp/*/*/*/mlperf_log_detail.txt /work/build/power_logs_temp/ \\\n\t\t\t\t&& cp -v /work/build/power_logs/2023.02.24-23.18.47/ranging_tmp/*/*/*/mlperf_log_summary.txt /work/build/power_logs_temp/; \\\n\t\t\telse mkdir /work/build/power_logs/2023.02.24-23.18.47/testing_tmp \\\n\t\t\t\t&& mv /work/build/power_logs_temp/* /work/build/power_logs/2023.02.24-23.18.47/testing_tmp/ \\\n\t\t\t\t&& cp -v /work/build/power_logs/2023.02.24-23.18.47/testing_tmp/*/*/*/mlperf_log_detail.txt /work/build/power_logs_temp/ \\\n\t\t\t\t&& cp -v /work/build/power_logs/2023.02.24-23.18.47/testing_tmp/*/*/*/mlperf_log_summary.txt /work/build/power_logs_temp/; fi'
client 2023-02-25 00:11:15,501 [INFO] Sending command to the server: 'session,2023-02-24_15-19-05,stop,testing'
client 2023-02-25 00:11:25,523 [INFO] Got response: 'OK'
client 2023-02-25 00:11:25,565 [INFO] Copying loadgen logs from '/work/build/power_logs_temp' to '/work/build/power_logs/2023.02.24-23.18.47/2023-02-24_15-19-05/run_1'
client 2023-02-25 00:11:25,597 [INFO] Done runs
