ptd-server 2023-02-24 15:19:05,421 [INFO] Got command from the client 'stop'
ptd-server 2023-02-24 15:19:05,421 [INFO] The server will be stopped after processing this client
ptd-server 2023-02-24 15:19:05,421 [INFO] Sending reply to client 'OK'
ptd-server 2023-02-24 15:19:05,773 [INFO] Got command from the client 'time'
ptd-server 2023-02-24 15:19:05,773 [INFO] Sending reply to client '1677280745.7734601'
ptd-server 2023-02-24 15:19:05,774 [INFO] Got command from the client 'new,,1b9be5fa-83e2-4856-b7b2-0ea1fedfa68b'
ptd-server 2023-02-24 15:19:05,775 [INFO] Sending reply to client 'OK 2023-02-24_15-19-05,6a77c4ab-6c56-47e0-b461-d97359a1442c'
ptd-server 2023-02-24 15:19:05,993 [INFO] Got command from the client 'time'
ptd-server 2023-02-24 15:19:05,993 [INFO] Sending reply to client '1677280745.9933183'
ptd-server 2023-02-24 15:19:05,994 [INFO] Got command from the client 'session,2023-02-24_15-19-05,start,ranging'
ptd-server 2023-02-24 15:19:05,994 [INFO] Running PTDaemon: ['/usr/bin/ptd-linux-x86', '-l', '/tmp/tmp7izj_9jd/ptd_logfile.txt', '-p', '8888', '-c', '1,3', '-y', '77', '10.117.68.101']
ptd-server 2023-02-24 15:19:25,782 [INFO] Sending to ptd: 'Hello'
ptd-server 2023-02-24 15:19:25,782 [INFO] Reply from ptd: 'Hello, PTDaemon here!'
ptd-server 2023-02-24 15:19:25,783 [INFO] Sending to ptd: 'Identify'
ptd-server 2023-02-24 15:19:25,783 [INFO] Reply from ptd: 'YokogawaWT330_multichannel,1000,1,1,1,1,0,0,1,version=1.10.0-ed9a21d2-20220817,OS=Linux 5.15.0-60-generic #66~20.04.1-Ubuntu SMP Wed Jan 25 09:41:30 UTC 2023 x86_64,mode=power,1,1,3,0,0,no_cal_date,YOKOGAWA;WT333E;C2XL24034V;F1.04'
ptd-server 2023-02-24 15:19:25,783 [INFO] Connected to PTDaemon
ptd-server 2023-02-24 15:19:25,783 [INFO] Sending to ptd: 'RR'
ptd-server 2023-02-24 15:19:25,783 [INFO] Reply from ptd: 'Ranges,1,2.000000,1,300.000000'
ptd-server 2023-02-24 15:19:25,783 [INFO] Initial range for Amps is Auto for Volts is Auto
ptd-server 2023-02-24 15:19:25,783 [INFO] Sending to ptd: 'SR,V,Auto'
ptd-server 2023-02-24 15:19:30,839 [INFO] Reply from ptd: 'Range V changed'
ptd-server 2023-02-24 15:19:30,840 [INFO] Sending to ptd: 'SR,A,Auto'
ptd-server 2023-02-24 15:19:35,896 [INFO] Reply from ptd: 'Range A changed'
ptd-server 2023-02-24 15:19:45,906 [INFO] Starting ranging mode
ptd-server 2023-02-24 15:19:45,906 [INFO] Sending to ptd: 'Go,1000,0,2023-02-24_15-19-05_ranging'
ptd-server 2023-02-24 15:19:45,907 [INFO] Reply from ptd: 'Starting untimed measurement, maximum 500000 samples at 1000ms with 0 rampup samples'
ptd-server 2023-02-24 15:19:45,907 [INFO] Sending reply to client 'OK'
ptd-server 2023-02-24 15:47:31,023 [INFO] Got command from the client 'session,2023-02-24_15-19-05,stop,ranging'
ptd-server 2023-02-24 15:47:41,033 [INFO] Sending to ptd: 'Stop'
ptd-server 2023-02-24 15:47:41,034 [INFO] Reply from ptd: 'Stopping untimed measurement'
ptd-server 2023-02-24 15:47:41,082 [INFO] Sending reply to client 'OK'
ptd-server 2023-02-24 15:47:41,387 [INFO] Got command from the client 'time'
ptd-server 2023-02-24 15:47:41,387 [INFO] Sending reply to client '1677282461.3871975'
ptd-server 2023-02-24 15:47:41,388 [INFO] Got command from the client 'session,2023-02-24_15-19-05,start,testing'
ptd-server 2023-02-24 15:47:41,388 [INFO] Sending to ptd: 'SR,V,206.590000'
ptd-server 2023-02-24 15:47:47,963 [INFO] Reply from ptd: 'Range V changed'
ptd-server 2023-02-24 15:47:47,963 [INFO] Sending to ptd: 'SR,A,5.141300'
ptd-server 2023-02-24 15:47:53,519 [INFO] Reply from ptd: 'Range A changed'
ptd-server 2023-02-24 15:48:03,530 [INFO] Starting testing mode
ptd-server 2023-02-24 15:48:03,530 [INFO] Sending to ptd: 'Go,1000,0,2023-02-24_15-19-05_testing'
ptd-server 2023-02-24 15:48:03,530 [INFO] Reply from ptd: 'Starting untimed measurement, maximum 500000 samples at 1000ms with 0 rampup samples'
ptd-server 2023-02-24 15:48:03,530 [INFO] Sending reply to client 'OK'
ptd-server 2023-02-24 16:11:15,505 [INFO] Got command from the client 'session,2023-02-24_15-19-05,stop,testing'
ptd-server 2023-02-24 16:11:25,515 [INFO] Sending to ptd: 'Stop'
ptd-server 2023-02-24 16:11:25,516 [INFO] Reply from ptd: 'Stopping untimed measurement'
ptd-server 2023-02-24 16:11:25,526 [INFO] Sending reply to client 'OK'
ptd-server 2023-02-24 16:11:25,738 [INFO] Got command from the client 'session,2023-02-24_15-19-05,done'
ptd-server 2023-02-24 16:11:25,739 [INFO] Sending to ptd: 'Stop'
ptd-server 2023-02-24 16:11:25,739 [INFO] Reply from ptd: 'Error: no measurement to stop'
ptd-server 2023-02-24 16:11:25,739 [INFO] Sending to ptd: 'SR,V,Auto'
ptd-server 2023-02-24 16:11:30,795 [INFO] Reply from ptd: 'Range V changed'
ptd-server 2023-02-24 16:11:30,795 [INFO] Sending to ptd: 'SR,A,Auto'
ptd-server 2023-02-24 16:11:35,851 [INFO] Reply from ptd: 'Range A changed'
ptd-server 2023-02-24 16:11:35,851 [INFO] Set initial values for Amps Auto and Volts Auto
ptd-server 2023-02-24 16:11:35,852 [INFO] Stopping ptd...
