ptd-server 2023-02-27 08:54:13,431 [INFO] Got command from the client 'time'
ptd-server 2023-02-27 08:54:13,431 [INFO] Sending reply to client '1677488053.4318852'
ptd-server 2023-02-27 08:54:13,433 [INFO] Got command from the client 'new,,ccd20307-0704-4c99-bba7-85d90084bc72'
ptd-server 2023-02-27 08:54:13,434 [INFO] Sending reply to client 'OK 2023-02-27_08-54-13,8e157de4-8154-498e-819c-c0546361b57d'
ptd-server 2023-02-27 08:54:13,458 [INFO] Got command from the client 'time'
ptd-server 2023-02-27 08:54:13,458 [INFO] Sending reply to client '1677488053.4585316'
ptd-server 2023-02-27 08:54:13,461 [INFO] Got command from the client 'session,2023-02-27_08-54-13,start,ranging'
ptd-server 2023-02-27 08:54:13,461 [INFO] Running PTDaemon: ['/home/anton/projects/mlperf/power/inference_v1.0/ptd-linux-x86', '-l', '/tmp/tmpu4v721n6/ptd_logfile.txt', '-p', '8888', '49', '/dev/usbtmc0']
ptd-server 2023-02-27 08:54:30,550 [INFO] Sending to ptd: 'Hello'
ptd-server 2023-02-27 08:54:30,550 [INFO] Reply from ptd: 'Hello, PTDaemon here!'
ptd-server 2023-02-27 08:54:30,550 [INFO] Sending to ptd: 'Identify'
ptd-server 2023-02-27 08:54:30,551 [INFO] Reply from ptd: 'YokogawaWT310E,1000,1,1,1,1,0,1,1,version=1.10.0-ed9a21d2-20220817,OS=Linux 5.15.0-60-generic #66~20.04.1-Ubuntu SMP Wed Jan 25 09:41:30 UTC 2023 x86_64,mode=power,1,1,1,0,0,no_cal_date,YOKOGAWA;WT310E;C3XA04010E;F1.04'
ptd-server 2023-02-27 08:54:30,551 [INFO] Connected to PTDaemon
ptd-server 2023-02-27 08:54:30,551 [INFO] Sending to ptd: 'RR'
ptd-server 2023-02-27 08:54:30,551 [INFO] Reply from ptd: 'Ranges,0,0.100000,0,300.000000'
ptd-server 2023-02-27 08:54:30,551 [INFO] Initial range for Amps is 0.100000 for Volts is 300.000000
ptd-server 2023-02-27 08:54:30,551 [INFO] Sending to ptd: 'SR,V,Auto'
ptd-server 2023-02-27 08:54:31,054 [INFO] Reply from ptd: 'Range V changed'
ptd-server 2023-02-27 08:54:31,054 [INFO] Sending to ptd: 'SR,A,Auto'
ptd-server 2023-02-27 08:54:31,556 [INFO] Reply from ptd: 'Range A changed'
ptd-server 2023-02-27 08:54:41,564 [INFO] Starting ranging mode
ptd-server 2023-02-27 08:54:41,564 [INFO] Sending to ptd: 'Go,1000,0,2023-02-27_08-54-13_ranging'
ptd-server 2023-02-27 08:54:41,564 [INFO] Reply from ptd: 'Starting untimed measurement, maximum 500000 samples at 1000ms with 0 rampup samples'
ptd-server 2023-02-27 08:54:41,565 [INFO] Sending reply to client 'OK'
ptd-server 2023-02-27 09:04:58,593 [INFO] Got command from the client 'session,2023-02-27_08-54-13,stop,ranging'
ptd-server 2023-02-27 09:05:08,603 [INFO] Sending to ptd: 'Stop'
ptd-server 2023-02-27 09:05:08,604 [INFO] Reply from ptd: 'Stopping untimed measurement'
ptd-server 2023-02-27 09:05:08,919 [INFO] Sending reply to client 'OK'
ptd-server 2023-02-27 09:05:08,966 [INFO] Got command from the client 'time'
ptd-server 2023-02-27 09:05:08,966 [INFO] Sending reply to client '1677488708.9669535'
ptd-server 2023-02-27 09:05:08,968 [INFO] Got command from the client 'session,2023-02-27_08-54-13,start,testing'
ptd-server 2023-02-27 09:05:08,969 [INFO] Sending to ptd: 'SR,V,250.270000'
ptd-server 2023-02-27 09:05:11,067 [INFO] Reply from ptd: 'Range V changed'
ptd-server 2023-02-27 09:05:11,067 [INFO] Sending to ptd: 'SR,A,0.057990'
ptd-server 2023-02-27 09:05:12,568 [INFO] Reply from ptd: 'Range A changed'
ptd-server 2023-02-27 09:05:22,578 [INFO] Starting testing mode
ptd-server 2023-02-27 09:05:22,579 [INFO] Sending to ptd: 'Go,1000,0,2023-02-27_08-54-13_testing'
ptd-server 2023-02-27 09:05:22,579 [INFO] Reply from ptd: 'Starting untimed measurement, maximum 500000 samples at 1000ms with 0 rampup samples'
ptd-server 2023-02-27 09:05:22,579 [INFO] Sending reply to client 'OK'
ptd-server 2023-02-27 09:15:39,542 [INFO] Got command from the client 'session,2023-02-27_08-54-13,stop,testing'
ptd-server 2023-02-27 09:15:49,552 [INFO] Sending to ptd: 'Stop'
ptd-server 2023-02-27 09:15:49,552 [INFO] Reply from ptd: 'Stopping untimed measurement'
ptd-server 2023-02-27 09:15:49,718 [INFO] Sending reply to client 'OK'
ptd-server 2023-02-27 09:15:49,736 [INFO] Got command from the client 'session,2023-02-27_08-54-13,done'
ptd-server 2023-02-27 09:15:49,737 [INFO] Sending to ptd: 'Stop'
ptd-server 2023-02-27 09:15:49,737 [INFO] Reply from ptd: 'Error: no measurement to stop'
ptd-server 2023-02-27 09:15:49,737 [INFO] Sending to ptd: 'SR,V,300.000000'
ptd-server 2023-02-27 09:15:51,239 [INFO] Reply from ptd: 'Range V changed'
ptd-server 2023-02-27 09:15:51,239 [INFO] Sending to ptd: 'SR,A,0.100000'
ptd-server 2023-02-27 09:15:52,740 [INFO] Reply from ptd: 'Range A changed'
ptd-server 2023-02-27 09:15:52,740 [INFO] Set initial values for Amps 0.100000 and Volts 300.000000
ptd-server 2023-02-27 09:15:52,740 [INFO] Stopping ptd...
