ptd-server 2023-02-28 15:58:07,197 [INFO] Got command from the client 'time'
ptd-server 2023-02-28 15:58:07,198 [INFO] Sending reply to client '1677599887.198028'
ptd-server 2023-02-28 15:58:07,199 [INFO] Got command from the client 'new,,a9e90218-1c08-4e0c-91cb-516f87db1c8d'
ptd-server 2023-02-28 15:58:07,200 [INFO] Sending reply to client 'OK 2023-02-28_15-58-07,12669a2f-9300-4430-b593-b25cfb416dc9'
ptd-server 2023-02-28 15:58:07,224 [INFO] Got command from the client 'time'
ptd-server 2023-02-28 15:58:07,224 [INFO] Sending reply to client '1677599887.224304'
ptd-server 2023-02-28 15:58:07,227 [INFO] Got command from the client 'session,2023-02-28_15-58-07,start,ranging'
ptd-server 2023-02-28 15:58:07,227 [INFO] Running PTDaemon: ['/home/anton/projects/mlperf/power/inference_v1.0/ptd-linux-x86', '-l', '/tmp/tmpu4v721n6/ptd_logfile.txt', '-p', '8888', '49', '/dev/usbtmc0']
ptd-server 2023-02-28 15:58:24,313 [INFO] Sending to ptd: 'Hello'
ptd-server 2023-02-28 15:58:24,314 [INFO] Reply from ptd: 'Hello, PTDaemon here!'
ptd-server 2023-02-28 15:58:24,314 [INFO] Sending to ptd: 'Identify'
ptd-server 2023-02-28 15:58:24,314 [INFO] Reply from ptd: 'YokogawaWT310E,1000,1,1,1,1,0,1,1,version=1.10.0-ed9a21d2-20220817,OS=Linux 5.15.0-60-generic #66~20.04.1-Ubuntu SMP Wed Jan 25 09:41:30 UTC 2023 x86_64,mode=power,1,1,1,0,0,no_cal_date,YOKOGAWA;WT310E;C3XA04010E;F1.04'
ptd-server 2023-02-28 15:58:24,314 [INFO] Connected to PTDaemon
ptd-server 2023-02-28 15:58:24,314 [INFO] Sending to ptd: 'RR'
ptd-server 2023-02-28 15:58:24,315 [INFO] Reply from ptd: 'Ranges,0,0.100000,0,300.000000'
ptd-server 2023-02-28 15:58:24,315 [INFO] Initial range for Amps is 0.100000 for Volts is 300.000000
ptd-server 2023-02-28 15:58:24,315 [INFO] Sending to ptd: 'SR,V,Auto'
ptd-server 2023-02-28 15:58:24,817 [INFO] Reply from ptd: 'Range V changed'
ptd-server 2023-02-28 15:58:24,818 [INFO] Sending to ptd: 'SR,A,Auto'
ptd-server 2023-02-28 15:58:25,320 [INFO] Reply from ptd: 'Range A changed'
ptd-server 2023-02-28 15:58:35,328 [INFO] Starting ranging mode
ptd-server 2023-02-28 15:58:35,328 [INFO] Sending to ptd: 'Go,1000,0,2023-02-28_15-58-07_ranging'
ptd-server 2023-02-28 15:58:35,328 [INFO] Reply from ptd: 'Starting untimed measurement, maximum 500000 samples at 1000ms with 0 rampup samples'
ptd-server 2023-02-28 15:58:35,329 [INFO] Sending reply to client 'OK'
ptd-server 2023-02-28 16:08:58,898 [INFO] Got command from the client 'session,2023-02-28_15-58-07,stop,ranging'
ptd-server 2023-02-28 16:09:08,908 [INFO] Sending to ptd: 'Stop'
ptd-server 2023-02-28 16:09:08,909 [INFO] Reply from ptd: 'Stopping untimed measurement'
ptd-server 2023-02-28 16:09:09,493 [INFO] Sending reply to client 'OK'
ptd-server 2023-02-28 16:09:09,580 [INFO] Got command from the client 'time'
ptd-server 2023-02-28 16:09:09,580 [INFO] Sending reply to client '1677600549.580347'
ptd-server 2023-02-28 16:09:09,581 [INFO] Got command from the client 'session,2023-02-28_15-58-07,start,testing'
ptd-server 2023-02-28 16:09:09,581 [INFO] Sending to ptd: 'SR,V,250.450000'
ptd-server 2023-02-28 16:09:11,083 [INFO] Reply from ptd: 'Range V changed'
ptd-server 2023-02-28 16:09:11,083 [INFO] Sending to ptd: 'SR,A,0.077990'
ptd-server 2023-02-28 16:09:12,584 [INFO] Reply from ptd: 'Range A changed'
ptd-server 2023-02-28 16:09:22,594 [INFO] Starting testing mode
ptd-server 2023-02-28 16:09:22,594 [INFO] Sending to ptd: 'Go,1000,0,2023-02-28_15-58-07_testing'
ptd-server 2023-02-28 16:09:22,595 [INFO] Reply from ptd: 'Starting untimed measurement, maximum 500000 samples at 1000ms with 0 rampup samples'
ptd-server 2023-02-28 16:09:22,595 [INFO] Sending reply to client 'OK'
ptd-server 2023-02-28 16:19:45,959 [INFO] Got command from the client 'session,2023-02-28_15-58-07,stop,testing'
ptd-server 2023-02-28 16:19:55,970 [INFO] Sending to ptd: 'Stop'
ptd-server 2023-02-28 16:19:55,970 [INFO] Reply from ptd: 'Stopping untimed measurement'
ptd-server 2023-02-28 16:19:56,243 [INFO] Sending reply to client 'OK'
ptd-server 2023-02-28 16:19:56,262 [INFO] Got command from the client 'session,2023-02-28_15-58-07,done'
ptd-server 2023-02-28 16:19:56,262 [INFO] Sending to ptd: 'Stop'
ptd-server 2023-02-28 16:19:56,596 [INFO] Reply from ptd: 'Error: no measurement to stop'
ptd-server 2023-02-28 16:19:56,596 [INFO] Sending to ptd: 'SR,V,300.000000'
ptd-server 2023-02-28 16:19:58,097 [INFO] Reply from ptd: 'Range V changed'
ptd-server 2023-02-28 16:19:58,097 [INFO] Sending to ptd: 'SR,A,0.100000'
ptd-server 2023-02-28 16:19:59,599 [INFO] Reply from ptd: 'Range A changed'
ptd-server 2023-02-28 16:19:59,599 [INFO] Set initial values for Amps 0.100000 and Volts 300.000000
ptd-server 2023-02-28 16:19:59,599 [INFO] Stopping ptd...
