client 2023-02-27 17:04:21,208 [INFO] Creating output directory '/home/arjun/mobilenet_results/valid_results/arjun_orin-tflite_armnn_cpp-cpu-armnn_tflite-v22.11-using_neon/mobilenet-v2-precision_uint8-0.35-160/singlestream/performance/tmp_power'
client 2023-02-27 17:04:21,287 [INFO] Sending command to the server: 'mlcommons/power client v3'
client 2023-02-27 17:04:21,290 [INFO] Got response: 'mlcommons/power server v3'
client 2023-02-27 17:04:21,290 [INFO] Synchronizing with the server and with time.google.com...
client 2023-02-27 17:04:21,314 [INFO] NTP:offset = 0.000 s, delay = 0.014 s 
client 2023-02-27 17:04:21,314 [INFO] Sending command to the server: 'time'
client 2023-02-27 17:04:21,318 [INFO] Got response: '1677517461.318146'
client 2023-02-27 17:04:21,318 [INFO] The time difference between the client and the server is within range -3.659 ms..0.225 ms
client 2023-02-27 17:04:21,318 [INFO] Sending command to the server: 'new,,d8f279b2-b17a-4392-844f-82ac45a2803e'
client 2023-02-27 17:04:21,323 [INFO] Got response: 'OK 2023-02-27_17-04-21,33858b1a-538d-4251-97f8-5937a4dbd217'
client 2023-02-27 17:04:21,323 [INFO] Session id is '2023-02-27_17-04-21'
client 2023-02-27 17:04:21,324 [INFO] Sources: {"sources": {"__init__.py": "da39a3ee5e6b4b0d3255bfef95601890afd80709", "client.py": "33ca4f26368777ac06e01f9567b714a4b8063886", "lib/__init__.py": "da39a3ee5e6b4b0d3255bfef95601890afd80709", "lib/client.py": "4c2b78fb4849a7e5b584ef792d82aaed20b17f57", "lib/common.py": "624d0c0acc7c39aaff3674f0b99d6a09da53d1dc", "lib/external/__init__.py": "da39a3ee5e6b4b0d3255bfef95601890afd80709", "lib/external/ntplib.py": "4da8f970656505a40483206ef2b5d3dd5e81711d", "lib/server.py": "cda0cdfaee9bfa1249c64a7dd4f89b7bf1b279f0", "lib/source_hashes.py": "60a2e02193209e8d392803326208d5466342da18", "lib/summary.py": "aa92f0a3f975eecd44d3c0cd0236342ccc9f941d", "lib/time_sync.py": "3210db56eb0ff0df57bf4293dc4d4b03fffd46f1", "server.py": "c3f90f2f7eeb4db30727556d0c815ebc89b3d28b", "tests/unit/__init__.py": "da39a3ee5e6b4b0d3255bfef95601890afd80709", "tests/unit/test_server.py": "99ae15aef722f2000ee6ed1ae1523637bf1ae42b", "tests/unit/test_source_hashes.py": "00468a2907583c593e6574a1f6b404e4651c221a"}, "modules": {"ptd_client_server.lib.client": "lib/client.py", "ptd_client_server.lib.common": "lib/common.py", "ptd_client_server.lib.external.ntplib": "lib/external/ntplib.py", "ptd_client_server.lib.source_hashes": "lib/source_hashes.py", "ptd_client_server.lib.summary": "lib/summary.py", "ptd_client_server.lib.time_sync": "lib/time_sync.py"}}
client 2023-02-27 17:04:21,324 [INFO] Running workload in ranging mode
client 2023-02-27 17:04:21,325 [INFO] Synchronizing with the server and with time.google.com...
client 2023-02-27 17:04:21,343 [INFO] NTP:offset = 0.001 s, delay = 0.016 s 
client 2023-02-27 17:04:21,343 [INFO] Sending command to the server: 'time'
client 2023-02-27 17:04:21,347 [INFO] Got response: '1677517461.347639'
client 2023-02-27 17:04:21,347 [INFO] The time difference between the client and the server is within range -3.670 ms..0.181 ms
client 2023-02-27 17:04:21,348 [INFO] Sending command to the server: 'session,2023-02-27_17-04-21,start,ranging'
client 2023-02-27 17:04:49,475 [INFO] Got response: 'OK'
client 2023-02-27 17:04:49,476 [INFO] Running the workload '/home/arjun/run.out'
client 2023-02-27 17:17:50,880 [INFO] Sending command to the server: 'session,2023-02-27_17-04-21,stop,ranging'
client 2023-02-27 17:18:01,166 [INFO] Got response: 'OK'
client 2023-02-27 17:18:01,199 [INFO] Copying loadgen logs from '/home/arjun/mobilenet_results/valid_results/arjun_orin-tflite_armnn_cpp-cpu-armnn_tflite-v22.11-using_neon/mobilenet-v2-precision_uint8-0.35-160/singlestream/performance/run_1' to '/home/arjun/mobilenet_results/valid_results/arjun_orin-tflite_armnn_cpp-cpu-armnn_tflite-v22.11-using_neon/mobilenet-v2-precision_uint8-0.35-160/singlestream/performance/tmp_power/ranging'
client 2023-02-27 17:18:01,201 [INFO] Running workload in testing mode
client 2023-02-27 17:18:01,201 [INFO] Synchronizing with the server and with time.google.com...
client 2023-02-27 17:18:01,222 [INFO] NTP:offset = 0.001 s, delay = 0.016 s 
client 2023-02-27 17:18:01,222 [INFO] Sending command to the server: 'time'
client 2023-02-27 17:18:01,226 [INFO] Got response: '1677518281.2352939'
client 2023-02-27 17:18:01,226 [INFO] The time difference between the client and the server is within range -12.461 ms..-8.594 ms
client 2023-02-27 17:18:01,226 [INFO] Sending command to the server: 'session,2023-02-27_17-04-21,start,testing'
client 2023-02-27 17:18:14,487 [INFO] Got response: 'OK'
client 2023-02-27 17:18:14,488 [INFO] Running the workload '/home/arjun/run.out'
client 2023-02-27 17:31:18,771 [INFO] Sending command to the server: 'session,2023-02-27_17-04-21,stop,testing'
client 2023-02-27 17:31:29,150 [INFO] Got response: 'OK'
client 2023-02-27 17:31:29,155 [INFO] Copying loadgen logs from '/home/arjun/mobilenet_results/valid_results/arjun_orin-tflite_armnn_cpp-cpu-armnn_tflite-v22.11-using_neon/mobilenet-v2-precision_uint8-0.35-160/singlestream/performance/run_1' to '/home/arjun/mobilenet_results/valid_results/arjun_orin-tflite_armnn_cpp-cpu-armnn_tflite-v22.11-using_neon/mobilenet-v2-precision_uint8-0.35-160/singlestream/performance/tmp_power/run_1'
client 2023-02-27 17:31:29,157 [INFO] Done runs
