ptd-server 2023-02-27 17:04:21,317 [INFO] Got command from the client 'time'
ptd-server 2023-02-27 17:04:21,318 [INFO] Sending reply to client '1677517461.318146'
ptd-server 2023-02-27 17:04:21,321 [INFO] Got command from the client 'new,,d8f279b2-b17a-4392-844f-82ac45a2803e'
ptd-server 2023-02-27 17:04:21,322 [INFO] Sending reply to client 'OK 2023-02-27_17-04-21,33858b1a-538d-4251-97f8-5937a4dbd217'
ptd-server 2023-02-27 17:04:21,347 [INFO] Got command from the client 'time'
ptd-server 2023-02-27 17:04:21,347 [INFO] Sending reply to client '1677517461.347639'
ptd-server 2023-02-27 17:04:21,351 [INFO] Got command from the client 'session,2023-02-27_17-04-21,start,ranging'
ptd-server 2023-02-27 17:04:21,351 [INFO] Running PTDaemon: ['/media/arjun/T7_Touch/hp-envy/CM/repos/local/cache/9b3695ca8255492a/power/inference_v1.0/ptd-linux-x86', '-l', '/tmp/tmpti64566v/ptd_logfile.txt', '-p', '8888', '49', '/dev/usbtmc0']
ptd-server 2023-02-27 17:04:38,449 [INFO] Sending to ptd: 'Hello'
ptd-server 2023-02-27 17:04:38,450 [INFO] Reply from ptd: 'Hello, PTDaemon here!'
ptd-server 2023-02-27 17:04:38,451 [INFO] Sending to ptd: 'Identify'
ptd-server 2023-02-27 17:04:38,451 [INFO] Reply from ptd: 'YokogawaWT310E,1000,1,1,1,1,0,1,1,version=1.10.0-ed9a21d2-20220817,OS=Linux 5.15.0-56-generic #62-Ubuntu SMP Tue Nov 22 19:54:14 UTC 2022 x86_64,mode=power,1,1,1,0,0,no_cal_date,YOKOGAWA;WT310E;C3YD21068E;F1.04'
ptd-server 2023-02-27 17:04:38,452 [INFO] Connected to PTDaemon
ptd-server 2023-02-27 17:04:38,452 [INFO] Sending to ptd: 'RR'
ptd-server 2023-02-27 17:04:38,453 [INFO] Reply from ptd: 'Ranges,0,0.100000,0,600.000000'
ptd-server 2023-02-27 17:04:38,453 [INFO] Initial range for Amps is 0.100000 for Volts is 600.000000
ptd-server 2023-02-27 17:04:38,453 [INFO] Sending to ptd: 'SR,V,Auto'
ptd-server 2023-02-27 17:04:38,957 [INFO] Reply from ptd: 'Range V changed'
ptd-server 2023-02-27 17:04:38,958 [INFO] Sending to ptd: 'SR,A,Auto'
ptd-server 2023-02-27 17:04:39,461 [INFO] Reply from ptd: 'Range A changed'
ptd-server 2023-02-27 17:04:49,472 [INFO] Starting ranging mode
ptd-server 2023-02-27 17:04:49,473 [INFO] Sending to ptd: 'Go,1000,0,2023-02-27_17-04-21_ranging'
ptd-server 2023-02-27 17:04:49,473 [INFO] Reply from ptd: 'Starting untimed measurement, maximum 500000 samples at 1000ms with 0 rampup samples'
ptd-server 2023-02-27 17:04:49,474 [INFO] Sending reply to client 'OK'
ptd-server 2023-02-27 17:17:50,893 [INFO] Got command from the client 'session,2023-02-27_17-04-21,stop,ranging'
ptd-server 2023-02-27 17:18:00,904 [INFO] Sending to ptd: 'Stop'
ptd-server 2023-02-27 17:18:00,905 [INFO] Reply from ptd: 'Stopping untimed measurement'
ptd-server 2023-02-27 17:18:01,174 [INFO] Sending reply to client 'OK'
ptd-server 2023-02-27 17:18:01,235 [INFO] Got command from the client 'time'
ptd-server 2023-02-27 17:18:01,235 [INFO] Sending reply to client '1677518281.2352939'
ptd-server 2023-02-27 17:18:01,239 [INFO] Got command from the client 'session,2023-02-27_17-04-21,start,testing'
ptd-server 2023-02-27 17:18:01,239 [INFO] Sending to ptd: 'SR,V,247.570000'
ptd-server 2023-02-27 17:18:02,978 [INFO] Reply from ptd: 'Range V changed'
ptd-server 2023-02-27 17:18:02,978 [INFO] Sending to ptd: 'SR,A,0.190610'
ptd-server 2023-02-27 17:18:04,481 [INFO] Reply from ptd: 'Range A changed'
ptd-server 2023-02-27 17:18:14,492 [INFO] Starting testing mode
ptd-server 2023-02-27 17:18:14,493 [INFO] Sending to ptd: 'Go,1000,0,2023-02-27_17-04-21_testing'
ptd-server 2023-02-27 17:18:14,494 [INFO] Reply from ptd: 'Starting untimed measurement, maximum 500000 samples at 1000ms with 0 rampup samples'
ptd-server 2023-02-27 17:18:14,494 [INFO] Sending reply to client 'OK'
ptd-server 2023-02-27 17:31:19,020 [INFO] Got command from the client 'session,2023-02-27_17-04-21,stop,testing'
ptd-server 2023-02-27 17:31:29,031 [INFO] Sending to ptd: 'Stop'
ptd-server 2023-02-27 17:31:29,032 [INFO] Reply from ptd: 'Stopping untimed measurement'
ptd-server 2023-02-27 17:31:29,167 [INFO] Sending reply to client 'OK'
ptd-server 2023-02-27 17:31:29,183 [INFO] Got command from the client 'session,2023-02-27_17-04-21,done'
ptd-server 2023-02-27 17:31:29,183 [INFO] Sending to ptd: 'Stop'
ptd-server 2023-02-27 17:31:29,496 [INFO] Reply from ptd: 'Error: no measurement to stop'
ptd-server 2023-02-27 17:31:29,496 [INFO] Sending to ptd: 'SR,V,600.000000'
ptd-server 2023-02-27 17:31:30,999 [INFO] Reply from ptd: 'Range V changed'
ptd-server 2023-02-27 17:31:30,999 [INFO] Sending to ptd: 'SR,A,0.100000'
ptd-server 2023-02-27 17:31:32,502 [INFO] Reply from ptd: 'Range A changed'
ptd-server 2023-02-27 17:31:32,503 [INFO] Set initial values for Amps 0.100000 and Volts 600.000000
ptd-server 2023-02-27 17:31:32,503 [INFO] Stopping ptd...
