ptd-server 2023-03-02 08:11:19,560 [INFO] Got command from the client 'time'
ptd-server 2023-03-02 08:11:19,560 [INFO] Sending reply to client '1677744679.560193'
ptd-server 2023-03-02 08:11:19,561 [INFO] Got command from the client 'new,,21fb6317-b872-43d7-8289-ac48c947f6e8'
ptd-server 2023-03-02 08:11:19,562 [INFO] Sending reply to client 'OK 2023-03-02_08-11-19,764d61b5-1c0f-437a-b339-67c1a310d254'
ptd-server 2023-03-02 08:11:19,583 [INFO] Got command from the client 'time'
ptd-server 2023-03-02 08:11:19,583 [INFO] Sending reply to client '1677744679.5835304'
ptd-server 2023-03-02 08:11:19,585 [INFO] Got command from the client 'session,2023-03-02_08-11-19,start,ranging'
ptd-server 2023-03-02 08:11:19,585 [INFO] Running PTDaemon: ['/home/anton/projects/mlperf/power/inference_v1.0/ptd-linux-x86', '-l', '/tmp/tmpjo7pgaee/ptd_logfile.txt', '-p', '8888', '49', '/dev/usbtmc0']
ptd-server 2023-03-02 08:11:36,672 [INFO] Sending to ptd: 'Hello'
ptd-server 2023-03-02 08:11:36,672 [INFO] Reply from ptd: 'Hello, PTDaemon here!'
ptd-server 2023-03-02 08:11:36,673 [INFO] Sending to ptd: 'Identify'
ptd-server 2023-03-02 08:11:36,673 [INFO] Reply from ptd: 'YokogawaWT310E,1000,1,1,1,1,0,1,1,version=1.10.0-ed9a21d2-20220817,OS=Linux 5.15.0-60-generic #66~20.04.1-Ubuntu SMP Wed Jan 25 09:41:30 UTC 2023 x86_64,mode=power,1,1,1,0,0,no_cal_date,YOKOGAWA;WT310E;C3XA04010E;F1.04'
ptd-server 2023-03-02 08:11:36,673 [INFO] Connected to PTDaemon
ptd-server 2023-03-02 08:11:36,673 [INFO] Sending to ptd: 'RR'
ptd-server 2023-03-02 08:11:36,673 [INFO] Reply from ptd: 'Ranges,1,0.100000,1,300.000000'
ptd-server 2023-03-02 08:11:36,673 [INFO] Initial range for Amps is Auto for Volts is Auto
ptd-server 2023-03-02 08:11:36,674 [INFO] Sending to ptd: 'SR,V,Auto'
ptd-server 2023-03-02 08:11:37,176 [INFO] Reply from ptd: 'Range V changed'
ptd-server 2023-03-02 08:11:37,176 [INFO] Sending to ptd: 'SR,A,Auto'
ptd-server 2023-03-02 08:11:37,678 [INFO] Reply from ptd: 'Range A changed'
ptd-server 2023-03-02 08:11:47,689 [INFO] Starting ranging mode
ptd-server 2023-03-02 08:11:47,689 [INFO] Sending to ptd: 'Go,1000,0,2023-03-02_08-11-19_ranging'
ptd-server 2023-03-02 08:11:47,689 [INFO] Reply from ptd: 'Starting untimed measurement, maximum 500000 samples at 1000ms with 0 rampup samples'
ptd-server 2023-03-02 08:11:47,690 [INFO] Sending reply to client 'OK'
ptd-server 2023-03-02 08:22:11,968 [INFO] Got command from the client 'session,2023-03-02_08-11-19,stop,ranging'
ptd-server 2023-03-02 08:22:21,979 [INFO] Sending to ptd: 'Stop'
ptd-server 2023-03-02 08:22:21,979 [INFO] Reply from ptd: 'Stopping untimed measurement'
ptd-server 2023-03-02 08:22:22,039 [INFO] Sending reply to client 'OK'
ptd-server 2023-03-02 08:22:22,138 [INFO] Got command from the client 'time'
ptd-server 2023-03-02 08:22:22,139 [INFO] Sending reply to client '1677745342.138992'
ptd-server 2023-03-02 08:22:22,140 [INFO] Got command from the client 'session,2023-03-02_08-11-19,start,testing'
ptd-server 2023-03-02 08:22:22,140 [INFO] Sending to ptd: 'SR,V,251.000000'
ptd-server 2023-03-02 08:22:24,191 [INFO] Reply from ptd: 'Range V changed'
ptd-server 2023-03-02 08:22:24,191 [INFO] Sending to ptd: 'SR,A,0.084920'
ptd-server 2023-03-02 08:22:25,692 [INFO] Reply from ptd: 'Range A changed'
ptd-server 2023-03-02 08:22:35,703 [INFO] Starting testing mode
ptd-server 2023-03-02 08:22:35,703 [INFO] Sending to ptd: 'Go,1000,0,2023-03-02_08-11-19_testing'
ptd-server 2023-03-02 08:22:35,703 [INFO] Reply from ptd: 'Starting untimed measurement, maximum 500000 samples at 1000ms with 0 rampup samples'
ptd-server 2023-03-02 08:22:35,703 [INFO] Sending reply to client 'OK'
ptd-server 2023-03-02 08:32:59,889 [INFO] Got command from the client 'session,2023-03-02_08-11-19,stop,testing'
ptd-server 2023-03-02 08:33:09,896 [INFO] Sending to ptd: 'Stop'
ptd-server 2023-03-02 08:33:09,896 [INFO] Reply from ptd: 'Stopping untimed measurement'
ptd-server 2023-03-02 08:33:09,929 [INFO] Sending reply to client 'OK'
ptd-server 2023-03-02 08:33:09,951 [INFO] Got command from the client 'session,2023-03-02_08-11-19,done'
ptd-server 2023-03-02 08:33:09,951 [INFO] Sending to ptd: 'Stop'
ptd-server 2023-03-02 08:33:10,704 [INFO] Reply from ptd: 'Error: no measurement to stop'
ptd-server 2023-03-02 08:33:10,704 [INFO] Sending to ptd: 'SR,V,Auto'
ptd-server 2023-03-02 08:33:11,206 [INFO] Reply from ptd: 'Range V changed'
ptd-server 2023-03-02 08:33:11,207 [INFO] Sending to ptd: 'SR,A,Auto'
ptd-server 2023-03-02 08:33:11,709 [INFO] Reply from ptd: 'Range A changed'
ptd-server 2023-03-02 08:33:11,709 [INFO] Set initial values for Amps Auto and Volts Auto
ptd-server 2023-03-02 08:33:11,709 [INFO] Stopping ptd...
