ptd-server 2023-02-12 13:13:11,646 [INFO] Got command from the client 'time'
ptd-server 2023-02-12 13:13:11,646 [INFO] Sending reply to client '1676207591.6463933'
ptd-server 2023-02-12 13:13:11,651 [INFO] Got command from the client 'new,,53920a21-3440-4127-846a-ce6edb6fba58'
ptd-server 2023-02-12 13:13:11,651 [INFO] Sending reply to client 'OK 2023-02-12_13-13-11,bc39ceef-86c4-4bc0-bc28-540d64d7abb4'
ptd-server 2023-02-12 13:13:11,669 [INFO] Got command from the client 'time'
ptd-server 2023-02-12 13:13:11,670 [INFO] Sending reply to client '1676207591.6701188'
ptd-server 2023-02-12 13:13:11,672 [INFO] Got command from the client 'session,2023-02-12_13-13-11,start,ranging'
ptd-server 2023-02-12 13:13:11,673 [INFO] Running PTDaemon: ['/media/arjun/T7_Touch/hp-envy/CM/repos/local/cache/9b3695ca8255492a/power/inference_v1.0/ptd-linux-x86', '-l', '/tmp/tmp6_9o2crq/ptd_logfile.txt', '-p', '8888', '49', '/dev/usbtmc0']
ptd-server 2023-02-12 13:13:28,770 [INFO] Sending to ptd: 'Hello'
ptd-server 2023-02-12 13:13:28,770 [INFO] Reply from ptd: 'Hello, PTDaemon here!'
ptd-server 2023-02-12 13:13:28,770 [INFO] Sending to ptd: 'Identify'
ptd-server 2023-02-12 13:13:28,771 [INFO] Reply from ptd: 'YokogawaWT310E,1000,1,1,1,1,0,1,1,version=1.10.0-ed9a21d2-20220817,OS=Linux 5.15.0-56-generic #62-Ubuntu SMP Tue Nov 22 19:54:14 UTC 2022 x86_64,mode=power,1,1,1,0,0,no_cal_date,YOKOGAWA;WT310E;C3YD21068E;F1.04'
ptd-server 2023-02-12 13:13:28,771 [INFO] Connected to PTDaemon
ptd-server 2023-02-12 13:13:28,771 [INFO] Sending to ptd: 'RR'
ptd-server 2023-02-12 13:13:28,771 [INFO] Reply from ptd: 'Ranges,0,0.100000,0,600.000000'
ptd-server 2023-02-12 13:13:28,771 [INFO] Initial range for Amps is 0.100000 for Volts is 600.000000
ptd-server 2023-02-12 13:13:28,771 [INFO] Sending to ptd: 'SR,V,Auto'
ptd-server 2023-02-12 13:13:29,274 [INFO] Reply from ptd: 'Range V changed'
ptd-server 2023-02-12 13:13:29,275 [INFO] Sending to ptd: 'SR,A,Auto'
ptd-server 2023-02-12 13:13:29,779 [INFO] Reply from ptd: 'Range A changed'
ptd-server 2023-02-12 13:13:39,789 [INFO] Starting ranging mode
ptd-server 2023-02-12 13:13:39,789 [INFO] Sending to ptd: 'Go,1000,0,2023-02-12_13-13-11_ranging'
ptd-server 2023-02-12 13:13:39,789 [INFO] Reply from ptd: 'Starting untimed measurement, maximum 500000 samples at 1000ms with 0 rampup samples'
ptd-server 2023-02-12 13:13:39,789 [INFO] Sending reply to client 'OK'
ptd-server 2023-02-12 13:23:41,450 [INFO] Got command from the client 'session,2023-02-12_13-13-11,stop,ranging'
ptd-server 2023-02-12 13:23:51,461 [INFO] Sending to ptd: 'Stop'
ptd-server 2023-02-12 13:23:51,462 [INFO] Reply from ptd: 'Stopping untimed measurement'
ptd-server 2023-02-12 13:23:51,514 [INFO] Sending reply to client 'OK'
ptd-server 2023-02-12 13:23:51,593 [INFO] Got command from the client 'time'
ptd-server 2023-02-12 13:23:51,593 [INFO] Sending reply to client '1676208231.593874'
ptd-server 2023-02-12 13:23:51,598 [INFO] Got command from the client 'session,2023-02-12_13-13-11,start,testing'
ptd-server 2023-02-12 13:23:51,598 [INFO] Sending to ptd: 'SR,V,248.130000'
ptd-server 2023-02-12 13:23:53,292 [INFO] Reply from ptd: 'Range V changed'
ptd-server 2023-02-12 13:23:53,292 [INFO] Sending to ptd: 'SR,A,0.190900'
ptd-server 2023-02-12 13:23:54,795 [INFO] Reply from ptd: 'Range A changed'
ptd-server 2023-02-12 13:24:04,807 [INFO] Starting testing mode
ptd-server 2023-02-12 13:24:04,807 [INFO] Sending to ptd: 'Go,1000,0,2023-02-12_13-13-11_testing'
ptd-server 2023-02-12 13:24:04,808 [INFO] Reply from ptd: 'Starting untimed measurement, maximum 500000 samples at 1000ms with 0 rampup samples'
ptd-server 2023-02-12 13:24:04,808 [INFO] Sending reply to client 'OK'
ptd-server 2023-02-12 13:34:06,399 [INFO] Got command from the client 'session,2023-02-12_13-13-11,stop,testing'
ptd-server 2023-02-12 13:34:16,410 [INFO] Sending to ptd: 'Stop'
ptd-server 2023-02-12 13:34:16,411 [INFO] Reply from ptd: 'Stopping untimed measurement'
ptd-server 2023-02-12 13:34:16,439 [INFO] Sending reply to client 'OK'
ptd-server 2023-02-12 13:34:16,455 [INFO] Got command from the client 'session,2023-02-12_13-13-11,done'
ptd-server 2023-02-12 13:34:16,455 [INFO] Sending to ptd: 'Stop'
ptd-server 2023-02-12 13:34:16,810 [INFO] Reply from ptd: 'Error: no measurement to stop'
ptd-server 2023-02-12 13:34:16,810 [INFO] Sending to ptd: 'SR,V,600.000000'
ptd-server 2023-02-12 13:34:18,313 [INFO] Reply from ptd: 'Range V changed'
ptd-server 2023-02-12 13:34:18,314 [INFO] Sending to ptd: 'SR,A,0.100000'
ptd-server 2023-02-12 13:34:19,816 [INFO] Reply from ptd: 'Range A changed'
ptd-server 2023-02-12 13:34:19,816 [INFO] Set initial values for Amps 0.100000 and Volts 600.000000
ptd-server 2023-02-12 13:34:19,817 [INFO] Stopping ptd...
