ptd-server 2023-02-23 11:32:40,020 [INFO] Got command from the client 'time'
ptd-server 2023-02-23 11:32:40,021 [INFO] Sending reply to client '1677151960.021'
ptd-server 2023-02-23 11:32:40,025 [INFO] Got command from the client 'new,,e3625340-ba9e-497b-b7c6-49182fff3881'
ptd-server 2023-02-23 11:32:40,026 [INFO] Sending reply to client 'OK 2023-02-23_11-32-40,4fa81df7-6c82-4ab7-8fb4-ba834cf7714a'
ptd-server 2023-02-23 11:32:40,088 [INFO] Got command from the client 'time'
ptd-server 2023-02-23 11:32:40,089 [INFO] Sending reply to client '1677151960.0890207'
ptd-server 2023-02-23 11:32:40,096 [INFO] Got command from the client 'session,2023-02-23_11-32-40,start,ranging'
ptd-server 2023-02-23 11:32:40,097 [INFO] Running PTDaemon: ['/media/arjun/T7_Touch/hp-envy/CM/repos/local/cache/9b3695ca8255492a/power/inference_v1.0/ptd-linux-x86', '-l', '/tmp/tmpti64566v/ptd_logfile.txt', '-p', '8888', '49', '/dev/usbtmc0']
ptd-server 2023-02-23 11:32:57,194 [INFO] Sending to ptd: 'Hello'
ptd-server 2023-02-23 11:32:57,195 [INFO] Reply from ptd: 'Hello, PTDaemon here!'
ptd-server 2023-02-23 11:32:57,195 [INFO] Sending to ptd: 'Identify'
ptd-server 2023-02-23 11:32:57,196 [INFO] Reply from ptd: 'YokogawaWT310E,1000,1,1,1,1,0,1,1,version=1.10.0-ed9a21d2-20220817,OS=Linux 5.15.0-56-generic #62-Ubuntu SMP Tue Nov 22 19:54:14 UTC 2022 x86_64,mode=power,1,1,1,0,0,no_cal_date,YOKOGAWA;WT310E;C3YD21068E;F1.04'
ptd-server 2023-02-23 11:32:57,196 [INFO] Connected to PTDaemon
ptd-server 2023-02-23 11:32:57,196 [INFO] Sending to ptd: 'RR'
ptd-server 2023-02-23 11:32:57,197 [INFO] Reply from ptd: 'Ranges,0,0.100000,0,600.000000'
ptd-server 2023-02-23 11:32:57,197 [INFO] Initial range for Amps is 0.100000 for Volts is 600.000000
ptd-server 2023-02-23 11:32:57,198 [INFO] Sending to ptd: 'SR,V,Auto'
ptd-server 2023-02-23 11:32:57,701 [INFO] Reply from ptd: 'Range V changed'
ptd-server 2023-02-23 11:32:57,702 [INFO] Sending to ptd: 'SR,A,Auto'
ptd-server 2023-02-23 11:32:58,205 [INFO] Reply from ptd: 'Range A changed'
ptd-server 2023-02-23 11:33:08,216 [INFO] Starting ranging mode
ptd-server 2023-02-23 11:33:08,217 [INFO] Sending to ptd: 'Go,1000,0,2023-02-23_11-32-40_ranging'
ptd-server 2023-02-23 11:33:08,218 [INFO] Reply from ptd: 'Starting untimed measurement, maximum 500000 samples at 1000ms with 0 rampup samples'
ptd-server 2023-02-23 11:33:08,218 [INFO] Sending reply to client 'OK'
ptd-server 2023-02-23 11:44:10,047 [INFO] Got command from the client 'session,2023-02-23_11-32-40,stop,ranging'
ptd-server 2023-02-23 11:44:20,058 [INFO] Sending to ptd: 'Stop'
ptd-server 2023-02-23 11:44:20,059 [INFO] Reply from ptd: 'Stopping untimed measurement'
ptd-server 2023-02-23 11:44:20,110 [INFO] Sending reply to client 'OK'
ptd-server 2023-02-23 11:44:20,191 [INFO] Got command from the client 'time'
ptd-server 2023-02-23 11:44:20,191 [INFO] Sending reply to client '1677152660.1919029'
ptd-server 2023-02-23 11:44:20,195 [INFO] Got command from the client 'session,2023-02-23_11-32-40,start,testing'
ptd-server 2023-02-23 11:44:20,196 [INFO] Sending to ptd: 'SR,V,247.700000'
ptd-server 2023-02-23 11:44:21,722 [INFO] Reply from ptd: 'Range V changed'
ptd-server 2023-02-23 11:44:21,722 [INFO] Sending to ptd: 'SR,A,0.167680'
ptd-server 2023-02-23 11:44:23,225 [INFO] Reply from ptd: 'Range A changed'
ptd-server 2023-02-23 11:44:33,236 [INFO] Starting testing mode
ptd-server 2023-02-23 11:44:33,237 [INFO] Sending to ptd: 'Go,1000,0,2023-02-23_11-32-40_testing'
ptd-server 2023-02-23 11:44:33,238 [INFO] Reply from ptd: 'Starting untimed measurement, maximum 500000 samples at 1000ms with 0 rampup samples'
ptd-server 2023-02-23 11:44:33,238 [INFO] Sending reply to client 'OK'
ptd-server 2023-02-23 11:55:30,720 [INFO] Got command from the client 'session,2023-02-23_11-32-40,stop,testing'
ptd-server 2023-02-23 11:55:40,725 [INFO] Sending to ptd: 'Stop'
ptd-server 2023-02-23 11:55:40,726 [INFO] Reply from ptd: 'Stopping untimed measurement'
ptd-server 2023-02-23 11:55:40,736 [INFO] Sending reply to client 'OK'
ptd-server 2023-02-23 11:55:40,752 [INFO] Got command from the client 'session,2023-02-23_11-32-40,done'
ptd-server 2023-02-23 11:55:40,752 [INFO] Sending to ptd: 'Stop'
ptd-server 2023-02-23 11:55:41,239 [INFO] Reply from ptd: 'Error: no measurement to stop'
ptd-server 2023-02-23 11:55:41,239 [INFO] Sending to ptd: 'SR,V,600.000000'
ptd-server 2023-02-23 11:55:42,742 [INFO] Reply from ptd: 'Range V changed'
ptd-server 2023-02-23 11:55:42,743 [INFO] Sending to ptd: 'SR,A,0.100000'
ptd-server 2023-02-23 11:55:44,246 [INFO] Reply from ptd: 'Range A changed'
ptd-server 2023-02-23 11:55:44,246 [INFO] Set initial values for Amps 0.100000 and Volts 600.000000
ptd-server 2023-02-23 11:55:44,247 [INFO] Stopping ptd...
