ptd-server 2023-02-28 11:32:19,470 [INFO] Got command from the client 'time'
ptd-server 2023-02-28 11:32:19,470 [INFO] Sending reply to client '1677583939.470813'
ptd-server 2023-02-28 11:32:19,472 [INFO] Got command from the client 'new,,c6237b73-7b45-4d56-bc33-439a54350e11'
ptd-server 2023-02-28 11:32:19,473 [INFO] Sending reply to client 'OK 2023-02-28_11-32-19,e927248d-fd3c-47fc-bdaa-9f3ee8bd9a69'
ptd-server 2023-02-28 11:32:19,497 [INFO] Got command from the client 'time'
ptd-server 2023-02-28 11:32:19,497 [INFO] Sending reply to client '1677583939.4975736'
ptd-server 2023-02-28 11:32:19,501 [INFO] Got command from the client 'session,2023-02-28_11-32-19,start,ranging'
ptd-server 2023-02-28 11:32:19,501 [INFO] Running PTDaemon: ['/home/anton/projects/mlperf/power/inference_v1.0/ptd-linux-x86', '-l', '/tmp/tmpu4v721n6/ptd_logfile.txt', '-p', '8888', '49', '/dev/usbtmc0']
ptd-server 2023-02-28 11:32:36,589 [INFO] Sending to ptd: 'Hello'
ptd-server 2023-02-28 11:32:36,590 [INFO] Reply from ptd: 'Hello, PTDaemon here!'
ptd-server 2023-02-28 11:32:36,590 [INFO] Sending to ptd: 'Identify'
ptd-server 2023-02-28 11:32:36,590 [INFO] Reply from ptd: 'YokogawaWT310E,1000,1,1,1,1,0,1,1,version=1.10.0-ed9a21d2-20220817,OS=Linux 5.15.0-60-generic #66~20.04.1-Ubuntu SMP Wed Jan 25 09:41:30 UTC 2023 x86_64,mode=power,1,1,1,0,0,no_cal_date,YOKOGAWA;WT310E;C3XA04010E;F1.04'
ptd-server 2023-02-28 11:32:36,590 [INFO] Connected to PTDaemon
ptd-server 2023-02-28 11:32:36,590 [INFO] Sending to ptd: 'RR'
ptd-server 2023-02-28 11:32:36,591 [INFO] Reply from ptd: 'Ranges,0,0.100000,0,300.000000'
ptd-server 2023-02-28 11:32:36,591 [INFO] Initial range for Amps is 0.100000 for Volts is 300.000000
ptd-server 2023-02-28 11:32:36,591 [INFO] Sending to ptd: 'SR,V,Auto'
ptd-server 2023-02-28 11:32:37,094 [INFO] Reply from ptd: 'Range V changed'
ptd-server 2023-02-28 11:32:37,094 [INFO] Sending to ptd: 'SR,A,Auto'
ptd-server 2023-02-28 11:32:37,596 [INFO] Reply from ptd: 'Range A changed'
ptd-server 2023-02-28 11:32:47,607 [INFO] Starting ranging mode
ptd-server 2023-02-28 11:32:47,607 [INFO] Sending to ptd: 'Go,1000,0,2023-02-28_11-32-19_ranging'
ptd-server 2023-02-28 11:32:47,607 [INFO] Reply from ptd: 'Starting untimed measurement, maximum 500000 samples at 1000ms with 0 rampup samples'
ptd-server 2023-02-28 11:32:47,607 [INFO] Sending reply to client 'OK'
ptd-server 2023-02-28 11:43:05,444 [INFO] Got command from the client 'session,2023-02-28_11-32-19,stop,ranging'
ptd-server 2023-02-28 11:43:15,455 [INFO] Sending to ptd: 'Stop'
ptd-server 2023-02-28 11:43:15,455 [INFO] Reply from ptd: 'Stopping untimed measurement'
ptd-server 2023-02-28 11:43:16,228 [INFO] Sending reply to client 'OK'
ptd-server 2023-02-28 11:43:16,319 [INFO] Got command from the client 'time'
ptd-server 2023-02-28 11:43:16,320 [INFO] Sending reply to client '1677584596.32012'
ptd-server 2023-02-28 11:43:16,321 [INFO] Got command from the client 'session,2023-02-28_11-32-19,start,testing'
ptd-server 2023-02-28 11:43:16,321 [INFO] Sending to ptd: 'SR,V,250.730000'
ptd-server 2023-02-28 11:43:17,822 [INFO] Reply from ptd: 'Range V changed'
ptd-server 2023-02-28 11:43:17,822 [INFO] Sending to ptd: 'SR,A,0.062980'
ptd-server 2023-02-28 11:43:19,324 [INFO] Reply from ptd: 'Range A changed'
ptd-server 2023-02-28 11:43:29,334 [INFO] Starting testing mode
ptd-server 2023-02-28 11:43:29,334 [INFO] Sending to ptd: 'Go,1000,0,2023-02-28_11-32-19_testing'
ptd-server 2023-02-28 11:43:29,334 [INFO] Reply from ptd: 'Starting untimed measurement, maximum 500000 samples at 1000ms with 0 rampup samples'
ptd-server 2023-02-28 11:43:29,335 [INFO] Sending reply to client 'OK'
ptd-server 2023-02-28 11:53:47,190 [INFO] Got command from the client 'session,2023-02-28_11-32-19,stop,testing'
ptd-server 2023-02-28 11:53:57,200 [INFO] Sending to ptd: 'Stop'
ptd-server 2023-02-28 11:53:57,200 [INFO] Reply from ptd: 'Stopping untimed measurement'
ptd-server 2023-02-28 11:53:57,449 [INFO] Sending reply to client 'OK'
ptd-server 2023-02-28 11:53:57,467 [INFO] Got command from the client 'session,2023-02-28_11-32-19,done'
ptd-server 2023-02-28 11:53:57,468 [INFO] Sending to ptd: 'Stop'
ptd-server 2023-02-28 11:53:57,468 [INFO] Reply from ptd: 'Error: no measurement to stop'
ptd-server 2023-02-28 11:53:57,468 [INFO] Sending to ptd: 'SR,V,300.000000'
ptd-server 2023-02-28 11:53:58,969 [INFO] Reply from ptd: 'Range V changed'
ptd-server 2023-02-28 11:53:58,970 [INFO] Sending to ptd: 'SR,A,0.100000'
ptd-server 2023-02-28 11:54:00,471 [INFO] Reply from ptd: 'Range A changed'
ptd-server 2023-02-28 11:54:00,471 [INFO] Set initial values for Amps 0.100000 and Volts 300.000000
ptd-server 2023-02-28 11:54:00,471 [INFO] Stopping ptd...
