ptd-server 2023-02-24 10:44:39,386 [INFO] Got command from the client 'time'
ptd-server 2023-02-24 10:44:39,386 [INFO] Sending reply to client '1677257079.3862393'
ptd-server 2023-02-24 10:44:39,389 [INFO] Got command from the client 'new,,a2e52477-696e-45c9-8d8d-8a9c134c6dd0'
ptd-server 2023-02-24 10:44:39,389 [INFO] Sending reply to client 'OK 2023-02-24_10-44-39,6b50c689-885b-4542-a724-499d2a0fa2e8'
ptd-server 2023-02-24 10:44:39,498 [INFO] Got command from the client 'time'
ptd-server 2023-02-24 10:44:39,498 [INFO] Sending reply to client '1677257079.4985068'
ptd-server 2023-02-24 10:44:39,501 [INFO] Got command from the client 'session,2023-02-24_10-44-39,start,ranging'
ptd-server 2023-02-24 10:44:39,502 [INFO] Running PTDaemon: ['/local/mnt/workspace/mlcommons/power-main/inference_v1.0/ptd-linux-x86', '-l', '/tmp/tmpgrsgboht/ptd_logfile.txt', '-p', '8888', '-c', '2', '52', '/dev/usbtmc0']
ptd-server 2023-02-24 10:44:56,524 [INFO] Sending to ptd: 'Hello'
ptd-server 2023-02-24 10:44:56,525 [INFO] Reply from ptd: 'Hello, PTDaemon here!'
ptd-server 2023-02-24 10:44:56,525 [INFO] Sending to ptd: 'Identify'
ptd-server 2023-02-24 10:44:56,525 [INFO] Reply from ptd: 'YokogawaWT330,1000,1,1,1,1,0,0,1,version=1.10.0-ed9a21d2-20220817,OS=Linux 5.4.0-120-generic #136~18.04.1-Ubuntu SMP Fri Jun 10 18:00:44 UTC 2022 x86_64,mode=power,1,1,1,0,0,no_cal_date,YOKOGAWA;WT333;C2QH26002V;F1.06'
ptd-server 2023-02-24 10:44:56,526 [INFO] Connected to PTDaemon
ptd-server 2023-02-24 10:44:56,526 [INFO] Sending to ptd: 'RR'
ptd-server 2023-02-24 10:44:56,526 [INFO] Reply from ptd: 'Ranges,1,0.500000,1,150.000000'
ptd-server 2023-02-24 10:44:56,527 [INFO] Initial range for Amps is Auto for Volts is Auto
ptd-server 2023-02-24 10:44:56,527 [INFO] Sending to ptd: 'SR,V,Auto'
ptd-server 2023-02-24 10:44:57,067 [INFO] Reply from ptd: 'Range V changed'
ptd-server 2023-02-24 10:44:57,067 [INFO] Sending to ptd: 'SR,A,Auto'
ptd-server 2023-02-24 10:44:57,570 [INFO] Reply from ptd: 'Range A changed'
ptd-server 2023-02-24 10:45:07,581 [INFO] Starting ranging mode
ptd-server 2023-02-24 10:45:07,581 [INFO] Sending to ptd: 'Go,1000,0,2023-02-24_10-44-39_ranging'
ptd-server 2023-02-24 10:45:07,582 [INFO] Reply from ptd: 'Starting untimed measurement, maximum 500000 samples at 1000ms with 0 rampup samples'
ptd-server 2023-02-24 10:45:07,582 [INFO] Sending reply to client 'OK'
ptd-server 2023-02-24 10:58:34,501 [INFO] Got command from the client 'session,2023-02-24_10-44-39,stop,ranging'
ptd-server 2023-02-24 10:58:44,509 [INFO] Sending to ptd: 'Stop'
ptd-server 2023-02-24 10:58:44,509 [INFO] Reply from ptd: 'Stopping untimed measurement'
ptd-server 2023-02-24 10:58:44,533 [INFO] Sending reply to client 'OK'
ptd-server 2023-02-24 10:58:44,745 [INFO] Got command from the client 'time'
ptd-server 2023-02-24 10:58:44,745 [INFO] Sending reply to client '1677257924.7452264'
ptd-server 2023-02-24 10:58:44,747 [INFO] Got command from the client 'session,2023-02-24_10-44-39,start,testing'
ptd-server 2023-02-24 10:58:44,748 [INFO] Sending to ptd: 'SR,V,119.940000'
ptd-server 2023-02-24 10:58:46,250 [INFO] Reply from ptd: 'Range V changed'
ptd-server 2023-02-24 10:58:46,250 [INFO] Sending to ptd: 'SR,A,0.281970'
ptd-server 2023-02-24 10:58:47,752 [INFO] Reply from ptd: 'Range A changed'
ptd-server 2023-02-24 10:58:57,761 [INFO] Starting testing mode
ptd-server 2023-02-24 10:58:57,761 [INFO] Sending to ptd: 'Go,1000,0,2023-02-24_10-44-39_testing'
ptd-server 2023-02-24 10:58:57,762 [INFO] Reply from ptd: 'Starting untimed measurement, maximum 500000 samples at 1000ms with 0 rampup samples'
ptd-server 2023-02-24 10:58:57,762 [INFO] Sending reply to client 'OK'
ptd-server 2023-02-24 11:12:25,774 [INFO] Got command from the client 'session,2023-02-24_10-44-39,stop,testing'
ptd-server 2023-02-24 11:12:35,785 [INFO] Sending to ptd: 'Stop'
ptd-server 2023-02-24 11:12:35,786 [INFO] Reply from ptd: 'Stopping untimed measurement'
ptd-server 2023-02-24 11:12:35,797 [INFO] Sending reply to client 'OK'
ptd-server 2023-02-24 11:12:35,828 [INFO] Got command from the client 'session,2023-02-24_10-44-39,done'
ptd-server 2023-02-24 11:12:35,828 [INFO] Sending to ptd: 'Stop'
ptd-server 2023-02-24 11:12:36,762 [INFO] Reply from ptd: 'Error: no measurement to stop'
ptd-server 2023-02-24 11:12:36,762 [INFO] Sending to ptd: 'SR,V,Auto'
ptd-server 2023-02-24 11:12:37,265 [INFO] Reply from ptd: 'Range V changed'
ptd-server 2023-02-24 11:12:37,265 [INFO] Sending to ptd: 'SR,A,Auto'
ptd-server 2023-02-24 11:12:37,769 [INFO] Reply from ptd: 'Range A changed'
ptd-server 2023-02-24 11:12:37,769 [INFO] Set initial values for Amps Auto and Volts Auto
ptd-server 2023-02-24 11:12:37,769 [INFO] Stopping ptd...
