client 2023-02-24 15:33:06,079 [INFO] Creating output directory '/home/arjun/mobilenet_results/valid_results/arjun_orin-tflite_cpp-cpu-tflite-vmaster-default_config/mobilenet-v2-precision_float-0.35-128/singlestream/performance/tmp_power'
client 2023-02-24 15:33:06,353 [INFO] Sending command to the server: 'mlcommons/power client v3'
client 2023-02-24 15:33:06,355 [INFO] Got response: 'mlcommons/power server v3'
client 2023-02-24 15:33:06,356 [INFO] Synchronizing with the server and with time.google.com...
client 2023-02-24 15:33:06,385 [INFO] NTP:offset = 0.001 s, delay = 0.017 s 
client 2023-02-24 15:33:06,385 [INFO] Sending command to the server: 'time'
client 2023-02-24 15:33:06,389 [INFO] Got response: '1677252786.3896616'
client 2023-02-24 15:33:06,390 [INFO] The time difference between the client and the server is within range -3.986 ms..0.300 ms
client 2023-02-24 15:33:06,390 [INFO] Sending command to the server: 'new,,ad250d44-8a66-44f1-8154-3798c5cc6c80'
client 2023-02-24 15:33:06,396 [INFO] Got response: 'OK 2023-02-24_15-33-06,d8d695aa-2e02-4a96-be21-1e2267cc6b45'
client 2023-02-24 15:33:06,396 [INFO] Session id is '2023-02-24_15-33-06'
client 2023-02-24 15:33:06,397 [INFO] Sources: {"sources": {"__init__.py": "da39a3ee5e6b4b0d3255bfef95601890afd80709", "client.py": "33ca4f26368777ac06e01f9567b714a4b8063886", "lib/__init__.py": "da39a3ee5e6b4b0d3255bfef95601890afd80709", "lib/client.py": "4c2b78fb4849a7e5b584ef792d82aaed20b17f57", "lib/common.py": "624d0c0acc7c39aaff3674f0b99d6a09da53d1dc", "lib/external/__init__.py": "da39a3ee5e6b4b0d3255bfef95601890afd80709", "lib/external/ntplib.py": "4da8f970656505a40483206ef2b5d3dd5e81711d", "lib/server.py": "cda0cdfaee9bfa1249c64a7dd4f89b7bf1b279f0", "lib/source_hashes.py": "60a2e02193209e8d392803326208d5466342da18", "lib/summary.py": "aa92f0a3f975eecd44d3c0cd0236342ccc9f941d", "lib/time_sync.py": "3210db56eb0ff0df57bf4293dc4d4b03fffd46f1", "server.py": "c3f90f2f7eeb4db30727556d0c815ebc89b3d28b", "tests/unit/__init__.py": "da39a3ee5e6b4b0d3255bfef95601890afd80709", "tests/unit/test_server.py": "99ae15aef722f2000ee6ed1ae1523637bf1ae42b", "tests/unit/test_source_hashes.py": "00468a2907583c593e6574a1f6b404e4651c221a"}, "modules": {"ptd_client_server.lib.client": "lib/client.py", "ptd_client_server.lib.common": "lib/common.py", "ptd_client_server.lib.external.ntplib": "lib/external/ntplib.py", "ptd_client_server.lib.source_hashes": "lib/source_hashes.py", "ptd_client_server.lib.summary": "lib/summary.py", "ptd_client_server.lib.time_sync": "lib/time_sync.py"}}
client 2023-02-24 15:33:06,397 [INFO] Running workload in ranging mode
client 2023-02-24 15:33:06,397 [INFO] Synchronizing with the server and with time.google.com...
client 2023-02-24 15:33:06,419 [INFO] NTP:offset = 0.001 s, delay = 0.020 s 
client 2023-02-24 15:33:06,420 [INFO] Sending command to the server: 'time'
client 2023-02-24 15:33:06,423 [INFO] Got response: '1677252786.4236143'
client 2023-02-24 15:33:06,423 [INFO] The time difference between the client and the server is within range -3.465 ms..0.180 ms
client 2023-02-24 15:33:06,423 [INFO] Sending command to the server: 'session,2023-02-24_15-33-06,start,ranging'
client 2023-02-24 15:33:34,542 [INFO] Got response: 'OK'
client 2023-02-24 15:33:34,543 [INFO] Running the workload '/home/arjun/run.out'
client 2023-02-24 15:44:30,870 [INFO] Sending command to the server: 'session,2023-02-24_15-33-06,stop,ranging'
client 2023-02-24 15:44:40,992 [INFO] Got response: 'OK'
client 2023-02-24 15:44:41,014 [INFO] Copying loadgen logs from '/home/arjun/mobilenet_results/valid_results/arjun_orin-tflite_cpp-cpu-tflite-vmaster-default_config/mobilenet-v2-precision_float-0.35-128/singlestream/performance/run_1' to '/home/arjun/mobilenet_results/valid_results/arjun_orin-tflite_cpp-cpu-tflite-vmaster-default_config/mobilenet-v2-precision_float-0.35-128/singlestream/performance/tmp_power/ranging'
client 2023-02-24 15:44:41,016 [INFO] Running workload in testing mode
client 2023-02-24 15:44:41,016 [INFO] Synchronizing with the server and with time.google.com...
client 2023-02-24 15:44:41,034 [INFO] NTP:offset = -0.000 s, delay = 0.013 s 
client 2023-02-24 15:44:41,035 [INFO] Sending command to the server: 'time'
client 2023-02-24 15:44:41,038 [INFO] Got response: '1677253481.0380528'
client 2023-02-24 15:44:41,039 [INFO] The time difference between the client and the server is within range -2.856 ms..0.960 ms
client 2023-02-24 15:44:41,039 [INFO] Sending command to the server: 'session,2023-02-24_15-33-06,start,testing'
client 2023-02-24 15:44:54,562 [INFO] Got response: 'OK'
client 2023-02-24 15:44:54,563 [INFO] Running the workload '/home/arjun/run.out'
client 2023-02-24 15:55:50,020 [INFO] Sending command to the server: 'session,2023-02-24_15-33-06,stop,testing'
client 2023-02-24 15:56:00,183 [INFO] Got response: 'OK'
client 2023-02-24 15:56:00,188 [INFO] Copying loadgen logs from '/home/arjun/mobilenet_results/valid_results/arjun_orin-tflite_cpp-cpu-tflite-vmaster-default_config/mobilenet-v2-precision_float-0.35-128/singlestream/performance/run_1' to '/home/arjun/mobilenet_results/valid_results/arjun_orin-tflite_cpp-cpu-tflite-vmaster-default_config/mobilenet-v2-precision_float-0.35-128/singlestream/performance/tmp_power/run_1'
client 2023-02-24 15:56:00,190 [INFO] Done runs
