ptd-server 2023-02-28 13:22:59,029 [INFO] Got command from the client 'time'
ptd-server 2023-02-28 13:22:59,029 [INFO] Sending reply to client '1677590579.0295959'
ptd-server 2023-02-28 13:22:59,031 [INFO] Got command from the client 'new,,130a9ae8-57b7-4e64-b8b0-26c11d3723cb'
ptd-server 2023-02-28 13:22:59,032 [INFO] Sending reply to client 'OK 2023-02-28_13-22-59,0f342660-f1de-4a3b-a67a-35c120992225'
ptd-server 2023-02-28 13:22:59,058 [INFO] Got command from the client 'time'
ptd-server 2023-02-28 13:22:59,058 [INFO] Sending reply to client '1677590579.0586095'
ptd-server 2023-02-28 13:22:59,062 [INFO] Got command from the client 'session,2023-02-28_13-22-59,start,ranging'
ptd-server 2023-02-28 13:22:59,062 [INFO] Running PTDaemon: ['/home/anton/projects/mlperf/power/inference_v1.0/ptd-linux-x86', '-l', '/tmp/tmpu4v721n6/ptd_logfile.txt', '-p', '8888', '49', '/dev/usbtmc0']
ptd-server 2023-02-28 13:23:16,149 [INFO] Sending to ptd: 'Hello'
ptd-server 2023-02-28 13:23:16,149 [INFO] Reply from ptd: 'Hello, PTDaemon here!'
ptd-server 2023-02-28 13:23:16,149 [INFO] Sending to ptd: 'Identify'
ptd-server 2023-02-28 13:23:16,150 [INFO] Reply from ptd: 'YokogawaWT310E,1000,1,1,1,1,0,1,1,version=1.10.0-ed9a21d2-20220817,OS=Linux 5.15.0-60-generic #66~20.04.1-Ubuntu SMP Wed Jan 25 09:41:30 UTC 2023 x86_64,mode=power,1,1,1,0,0,no_cal_date,YOKOGAWA;WT310E;C3XA04010E;F1.04'
ptd-server 2023-02-28 13:23:16,150 [INFO] Connected to PTDaemon
ptd-server 2023-02-28 13:23:16,150 [INFO] Sending to ptd: 'RR'
ptd-server 2023-02-28 13:23:16,150 [INFO] Reply from ptd: 'Ranges,0,0.100000,0,300.000000'
ptd-server 2023-02-28 13:23:16,150 [INFO] Initial range for Amps is 0.100000 for Volts is 300.000000
ptd-server 2023-02-28 13:23:16,151 [INFO] Sending to ptd: 'SR,V,Auto'
ptd-server 2023-02-28 13:23:16,653 [INFO] Reply from ptd: 'Range V changed'
ptd-server 2023-02-28 13:23:16,653 [INFO] Sending to ptd: 'SR,A,Auto'
ptd-server 2023-02-28 13:23:17,156 [INFO] Reply from ptd: 'Range A changed'
ptd-server 2023-02-28 13:23:27,158 [INFO] Starting ranging mode
ptd-server 2023-02-28 13:23:27,159 [INFO] Sending to ptd: 'Go,1000,0,2023-02-28_13-22-59_ranging'
ptd-server 2023-02-28 13:23:27,159 [INFO] Reply from ptd: 'Starting untimed measurement, maximum 500000 samples at 1000ms with 0 rampup samples'
ptd-server 2023-02-28 13:23:27,159 [INFO] Sending reply to client 'OK'
ptd-server 2023-02-28 13:34:15,265 [INFO] Got command from the client 'session,2023-02-28_13-22-59,stop,ranging'
ptd-server 2023-02-28 13:34:25,276 [INFO] Sending to ptd: 'Stop'
ptd-server 2023-02-28 13:34:25,276 [INFO] Reply from ptd: 'Stopping untimed measurement'
ptd-server 2023-02-28 13:34:25,761 [INFO] Sending reply to client 'OK'
ptd-server 2023-02-28 13:34:25,848 [INFO] Got command from the client 'time'
ptd-server 2023-02-28 13:34:25,848 [INFO] Sending reply to client '1677591265.8489354'
ptd-server 2023-02-28 13:34:25,852 [INFO] Got command from the client 'session,2023-02-28_13-22-59,start,testing'
ptd-server 2023-02-28 13:34:25,852 [INFO] Sending to ptd: 'SR,V,250.310000'
ptd-server 2023-02-28 13:34:27,661 [INFO] Reply from ptd: 'Range V changed'
ptd-server 2023-02-28 13:34:27,661 [INFO] Sending to ptd: 'SR,A,0.061930'
ptd-server 2023-02-28 13:34:29,162 [INFO] Reply from ptd: 'Range A changed'
ptd-server 2023-02-28 13:34:39,172 [INFO] Starting testing mode
ptd-server 2023-02-28 13:34:39,173 [INFO] Sending to ptd: 'Go,1000,0,2023-02-28_13-22-59_testing'
ptd-server 2023-02-28 13:34:39,173 [INFO] Reply from ptd: 'Starting untimed measurement, maximum 500000 samples at 1000ms with 0 rampup samples'
ptd-server 2023-02-28 13:34:39,173 [INFO] Sending reply to client 'OK'
ptd-server 2023-02-28 13:45:26,787 [INFO] Got command from the client 'session,2023-02-28_13-22-59,stop,testing'
ptd-server 2023-02-28 13:45:36,797 [INFO] Sending to ptd: 'Stop'
ptd-server 2023-02-28 13:45:36,798 [INFO] Reply from ptd: 'Stopping untimed measurement'
ptd-server 2023-02-28 13:45:37,039 [INFO] Sending reply to client 'OK'
ptd-server 2023-02-28 13:45:37,059 [INFO] Got command from the client 'session,2023-02-28_13-22-59,done'
ptd-server 2023-02-28 13:45:37,059 [INFO] Sending to ptd: 'Stop'
ptd-server 2023-02-28 13:45:37,173 [INFO] Reply from ptd: 'Error: no measurement to stop'
ptd-server 2023-02-28 13:45:37,173 [INFO] Sending to ptd: 'SR,V,300.000000'
ptd-server 2023-02-28 13:45:38,675 [INFO] Reply from ptd: 'Range V changed'
ptd-server 2023-02-28 13:45:38,675 [INFO] Sending to ptd: 'SR,A,0.100000'
ptd-server 2023-02-28 13:45:40,176 [INFO] Reply from ptd: 'Range A changed'
ptd-server 2023-02-28 13:45:40,176 [INFO] Set initial values for Amps 0.100000 and Volts 300.000000
ptd-server 2023-02-28 13:45:40,176 [INFO] Stopping ptd...
