ptd-server 2023-02-23 00:16:56,124 [INFO] Got command from the client 'time'
ptd-server 2023-02-23 00:16:56,124 [INFO] Sending reply to client '1677111416.124618'
ptd-server 2023-02-23 00:16:56,125 [INFO] Got command from the client 'new,,6a67ae79-8220-4ff0-a3b6-a2137ca29b5e'
ptd-server 2023-02-23 00:16:56,126 [INFO] Sending reply to client 'OK 2023-02-23_00-16-56,4b11f084-ab03-4473-ad46-68910bbacfb4'
ptd-server 2023-02-23 00:16:56,148 [INFO] Got command from the client 'time'
ptd-server 2023-02-23 00:16:56,148 [INFO] Sending reply to client '1677111416.1482434'
ptd-server 2023-02-23 00:16:56,149 [INFO] Got command from the client 'session,2023-02-23_00-16-56,start,ranging'
ptd-server 2023-02-23 00:16:56,149 [INFO] Running PTDaemon: ['/home/anton/projects/mlperf/power/inference_v1.0/ptd-linux-x86', '-l', '/tmp/tmp4yl1neqp/ptd_logfile.txt', '-p', '8888', '49', '/dev/usbtmc0']
ptd-server 2023-02-23 00:17:13,322 [INFO] Sending to ptd: 'Hello'
ptd-server 2023-02-23 00:17:13,323 [INFO] Reply from ptd: 'Hello, PTDaemon here!'
ptd-server 2023-02-23 00:17:13,323 [INFO] Sending to ptd: 'Identify'
ptd-server 2023-02-23 00:17:13,324 [INFO] Reply from ptd: 'YokogawaWT310E,1000,1,1,1,1,0,1,1,version=1.10.0-ed9a21d2-20220817,OS=Linux 5.15.0-60-generic #66~20.04.1-Ubuntu SMP Wed Jan 25 09:41:30 UTC 2023 x86_64,mode=power,1,1,1,0,0,no_cal_date,YOKOGAWA;WT310E;C3XA04010E;F1.04'
ptd-server 2023-02-23 00:17:13,324 [INFO] Connected to PTDaemon
ptd-server 2023-02-23 00:17:13,324 [INFO] Sending to ptd: 'RR'
ptd-server 2023-02-23 00:17:13,324 [INFO] Reply from ptd: 'Ranges,1,0.100000,1,300.000000'
ptd-server 2023-02-23 00:17:13,324 [INFO] Initial range for Amps is Auto for Volts is Auto
ptd-server 2023-02-23 00:17:13,324 [INFO] Sending to ptd: 'SR,V,Auto'
ptd-server 2023-02-23 00:17:13,827 [INFO] Reply from ptd: 'Range V changed'
ptd-server 2023-02-23 00:17:13,827 [INFO] Sending to ptd: 'SR,A,Auto'
ptd-server 2023-02-23 00:17:14,329 [INFO] Reply from ptd: 'Range A changed'
ptd-server 2023-02-23 00:17:24,340 [INFO] Starting ranging mode
ptd-server 2023-02-23 00:17:24,340 [INFO] Sending to ptd: 'Go,1000,0,2023-02-23_00-16-56_ranging'
ptd-server 2023-02-23 00:17:24,340 [INFO] Reply from ptd: 'Starting untimed measurement, maximum 500000 samples at 1000ms with 0 rampup samples'
ptd-server 2023-02-23 00:17:24,340 [INFO] Sending reply to client 'OK'
ptd-server 2023-02-23 00:27:48,197 [INFO] Got command from the client 'session,2023-02-23_00-16-56,stop,ranging'
ptd-server 2023-02-23 00:27:58,208 [INFO] Sending to ptd: 'Stop'
ptd-server 2023-02-23 00:27:58,208 [INFO] Reply from ptd: 'Stopping untimed measurement'
ptd-server 2023-02-23 00:27:58,702 [INFO] Sending reply to client 'OK'
ptd-server 2023-02-23 00:27:58,734 [INFO] Got command from the client 'time'
ptd-server 2023-02-23 00:27:58,735 [INFO] Sending reply to client '1677112078.7350943'
ptd-server 2023-02-23 00:27:58,736 [INFO] Got command from the client 'session,2023-02-23_00-16-56,start,testing'
ptd-server 2023-02-23 00:27:58,736 [INFO] Sending to ptd: 'SR,V,251.200000'
ptd-server 2023-02-23 00:28:00,237 [INFO] Reply from ptd: 'Range V changed'
ptd-server 2023-02-23 00:28:00,237 [INFO] Sending to ptd: 'SR,A,0.049260'
ptd-server 2023-02-23 00:28:01,739 [INFO] Reply from ptd: 'Range A changed'
ptd-server 2023-02-23 00:28:11,749 [INFO] Starting testing mode
ptd-server 2023-02-23 00:28:11,749 [INFO] Sending to ptd: 'Go,1000,0,2023-02-23_00-16-56_testing'
ptd-server 2023-02-23 00:28:11,749 [INFO] Reply from ptd: 'Starting untimed measurement, maximum 500000 samples at 1000ms with 0 rampup samples'
ptd-server 2023-02-23 00:28:11,750 [INFO] Sending reply to client 'OK'
ptd-server 2023-02-23 00:38:35,613 [INFO] Got command from the client 'session,2023-02-23_00-16-56,stop,testing'
ptd-server 2023-02-23 00:38:45,624 [INFO] Sending to ptd: 'Stop'
ptd-server 2023-02-23 00:38:45,624 [INFO] Reply from ptd: 'Stopping untimed measurement'
ptd-server 2023-02-23 00:38:45,883 [INFO] Sending reply to client 'OK'
ptd-server 2023-02-23 00:38:45,890 [INFO] Got command from the client 'session,2023-02-23_00-16-56,done'
ptd-server 2023-02-23 00:38:45,890 [INFO] Sending to ptd: 'Stop'
ptd-server 2023-02-23 00:38:45,891 [INFO] Reply from ptd: 'Error: no measurement to stop'
ptd-server 2023-02-23 00:38:45,891 [INFO] Sending to ptd: 'SR,V,Auto'
ptd-server 2023-02-23 00:38:46,393 [INFO] Reply from ptd: 'Range V changed'
ptd-server 2023-02-23 00:38:46,393 [INFO] Sending to ptd: 'SR,A,Auto'
ptd-server 2023-02-23 00:38:46,896 [INFO] Reply from ptd: 'Range A changed'
ptd-server 2023-02-23 00:38:46,896 [INFO] Set initial values for Amps Auto and Volts Auto
ptd-server 2023-02-23 00:38:46,896 [INFO] Stopping ptd...
