ptd-server 2023-03-01 03:35:23,750 [INFO] Got command from the client 'time'
ptd-server 2023-03-01 03:35:23,751 [INFO] Sending reply to client '1677641723.7509983'
ptd-server 2023-03-01 03:35:23,753 [INFO] Got command from the client 'new,,7a505cff-28c1-4ced-b254-cf13b5341605'
ptd-server 2023-03-01 03:35:23,753 [INFO] Sending reply to client 'OK 2023-03-01_03-35-23,d3fcf3e2-9310-4189-86da-7edc82c10116'
ptd-server 2023-03-01 03:35:23,778 [INFO] Got command from the client 'time'
ptd-server 2023-03-01 03:35:23,778 [INFO] Sending reply to client '1677641723.7787917'
ptd-server 2023-03-01 03:35:23,782 [INFO] Got command from the client 'session,2023-03-01_03-35-23,start,ranging'
ptd-server 2023-03-01 03:35:23,782 [INFO] Running PTDaemon: ['/home/anton/projects/mlperf/power/inference_v1.0/ptd-linux-x86', '-l', '/tmp/tmpu4v721n6/ptd_logfile.txt', '-p', '8888', '49', '/dev/usbtmc0']
ptd-server 2023-03-01 03:35:40,870 [INFO] Sending to ptd: 'Hello'
ptd-server 2023-03-01 03:35:40,870 [INFO] Reply from ptd: 'Hello, PTDaemon here!'
ptd-server 2023-03-01 03:35:40,870 [INFO] Sending to ptd: 'Identify'
ptd-server 2023-03-01 03:35:40,871 [INFO] Reply from ptd: 'YokogawaWT310E,1000,1,1,1,1,0,1,1,version=1.10.0-ed9a21d2-20220817,OS=Linux 5.15.0-60-generic #66~20.04.1-Ubuntu SMP Wed Jan 25 09:41:30 UTC 2023 x86_64,mode=power,1,1,1,0,0,no_cal_date,YOKOGAWA;WT310E;C3XA04010E;F1.04'
ptd-server 2023-03-01 03:35:40,871 [INFO] Connected to PTDaemon
ptd-server 2023-03-01 03:35:40,871 [INFO] Sending to ptd: 'RR'
ptd-server 2023-03-01 03:35:40,871 [INFO] Reply from ptd: 'Ranges,0,0.100000,0,300.000000'
ptd-server 2023-03-01 03:35:40,871 [INFO] Initial range for Amps is 0.100000 for Volts is 300.000000
ptd-server 2023-03-01 03:35:40,871 [INFO] Sending to ptd: 'SR,V,Auto'
ptd-server 2023-03-01 03:35:41,374 [INFO] Reply from ptd: 'Range V changed'
ptd-server 2023-03-01 03:35:41,374 [INFO] Sending to ptd: 'SR,A,Auto'
ptd-server 2023-03-01 03:35:41,877 [INFO] Reply from ptd: 'Range A changed'
ptd-server 2023-03-01 03:35:51,887 [INFO] Starting ranging mode
ptd-server 2023-03-01 03:35:51,887 [INFO] Sending to ptd: 'Go,1000,0,2023-03-01_03-35-23_ranging'
ptd-server 2023-03-01 03:35:51,887 [INFO] Reply from ptd: 'Starting untimed measurement, maximum 500000 samples at 1000ms with 0 rampup samples'
ptd-server 2023-03-01 03:35:51,888 [INFO] Sending reply to client 'OK'
ptd-server 2023-03-01 03:46:15,962 [INFO] Got command from the client 'session,2023-03-01_03-35-23,stop,ranging'
ptd-server 2023-03-01 03:46:25,973 [INFO] Sending to ptd: 'Stop'
ptd-server 2023-03-01 03:46:25,973 [INFO] Reply from ptd: 'Stopping untimed measurement'
ptd-server 2023-03-01 03:46:26,532 [INFO] Sending reply to client 'OK'
ptd-server 2023-03-01 03:46:26,614 [INFO] Got command from the client 'time'
ptd-server 2023-03-01 03:46:26,615 [INFO] Sending reply to client '1677642386.615008'
ptd-server 2023-03-01 03:46:26,617 [INFO] Got command from the client 'session,2023-03-01_03-35-23,start,testing'
ptd-server 2023-03-01 03:46:26,617 [INFO] Sending to ptd: 'SR,V,250.660000'
ptd-server 2023-03-01 03:46:28,390 [INFO] Reply from ptd: 'Range V changed'
ptd-server 2023-03-01 03:46:28,390 [INFO] Sending to ptd: 'SR,A,0.078550'
ptd-server 2023-03-01 03:46:29,891 [INFO] Reply from ptd: 'Range A changed'
ptd-server 2023-03-01 03:46:39,900 [INFO] Starting testing mode
ptd-server 2023-03-01 03:46:39,900 [INFO] Sending to ptd: 'Go,1000,0,2023-03-01_03-35-23_testing'
ptd-server 2023-03-01 03:46:39,900 [INFO] Reply from ptd: 'Starting untimed measurement, maximum 500000 samples at 1000ms with 0 rampup samples'
ptd-server 2023-03-01 03:46:39,901 [INFO] Sending reply to client 'OK'
ptd-server 2023-03-01 03:57:03,757 [INFO] Got command from the client 'session,2023-03-01_03-35-23,stop,testing'
ptd-server 2023-03-01 03:57:13,768 [INFO] Sending to ptd: 'Stop'
ptd-server 2023-03-01 03:57:13,768 [INFO] Reply from ptd: 'Stopping untimed measurement'
ptd-server 2023-03-01 03:57:14,054 [INFO] Sending reply to client 'OK'
ptd-server 2023-03-01 03:57:14,068 [INFO] Got command from the client 'session,2023-03-01_03-35-23,done'
ptd-server 2023-03-01 03:57:14,068 [INFO] Sending to ptd: 'Stop'
ptd-server 2023-03-01 03:57:14,068 [INFO] Reply from ptd: 'Error: no measurement to stop'
ptd-server 2023-03-01 03:57:14,068 [INFO] Sending to ptd: 'SR,V,300.000000'
ptd-server 2023-03-01 03:57:15,570 [INFO] Reply from ptd: 'Range V changed'
ptd-server 2023-03-01 03:57:15,570 [INFO] Sending to ptd: 'SR,A,0.100000'
ptd-server 2023-03-01 03:57:17,071 [INFO] Reply from ptd: 'Range A changed'
ptd-server 2023-03-01 03:57:17,072 [INFO] Set initial values for Amps 0.100000 and Volts 300.000000
ptd-server 2023-03-01 03:57:17,072 [INFO] Stopping ptd...
