ptd-server 2023-02-24 13:06:28,366 [INFO] Got command from the client 'stop'
ptd-server 2023-02-24 13:06:28,366 [INFO] The server will be stopped after processing this client
ptd-server 2023-02-24 13:06:28,366 [INFO] Sending reply to client 'OK'
ptd-server 2023-02-24 13:06:28,643 [INFO] Got command from the client 'time'
ptd-server 2023-02-24 13:06:28,643 [INFO] Sending reply to client '1677272788.6438057'
ptd-server 2023-02-24 13:06:28,644 [INFO] Got command from the client 'new,,a00d50b0-3b57-411a-aa23-0ed746322677'
ptd-server 2023-02-24 13:06:28,645 [INFO] Sending reply to client 'OK 2023-02-24_13-06-28,cab8d5c1-b9d1-4544-be1e-7c32d683aca6'
ptd-server 2023-02-24 13:06:28,887 [INFO] Got command from the client 'time'
ptd-server 2023-02-24 13:06:28,887 [INFO] Sending reply to client '1677272788.8874767'
ptd-server 2023-02-24 13:06:28,888 [INFO] Got command from the client 'session,2023-02-24_13-06-28,start,ranging'
ptd-server 2023-02-24 13:06:28,888 [INFO] Running PTDaemon: ['/usr/bin/ptd-linux-x86', '-l', '/tmp/tmpe49ts9d3/ptd_logfile.txt', '-p', '8888', '-c', '1,3', '-y', '77', '10.117.68.101']
ptd-server 2023-02-24 13:06:48,675 [INFO] Sending to ptd: 'Hello'
ptd-server 2023-02-24 13:06:48,676 [INFO] Reply from ptd: 'Hello, PTDaemon here!'
ptd-server 2023-02-24 13:06:48,676 [INFO] Sending to ptd: 'Identify'
ptd-server 2023-02-24 13:06:48,677 [INFO] Reply from ptd: 'YokogawaWT330_multichannel,1000,1,1,1,1,0,0,1,version=1.10.0-ed9a21d2-20220817,OS=Linux 5.15.0-60-generic #66~20.04.1-Ubuntu SMP Wed Jan 25 09:41:30 UTC 2023 x86_64,mode=power,1,1,3,0,0,no_cal_date,YOKOGAWA;WT333E;C2XL24034V;F1.04'
ptd-server 2023-02-24 13:06:48,677 [INFO] Connected to PTDaemon
ptd-server 2023-02-24 13:06:48,677 [INFO] Sending to ptd: 'RR'
ptd-server 2023-02-24 13:06:48,677 [INFO] Reply from ptd: 'Ranges,1,2.000000,1,300.000000'
ptd-server 2023-02-24 13:06:48,677 [INFO] Initial range for Amps is Auto for Volts is Auto
ptd-server 2023-02-24 13:06:48,677 [INFO] Sending to ptd: 'SR,V,Auto'
ptd-server 2023-02-24 13:06:53,733 [INFO] Reply from ptd: 'Range V changed'
ptd-server 2023-02-24 13:06:53,733 [INFO] Sending to ptd: 'SR,A,Auto'
ptd-server 2023-02-24 13:06:58,789 [INFO] Reply from ptd: 'Range A changed'
ptd-server 2023-02-24 13:07:08,800 [INFO] Starting ranging mode
ptd-server 2023-02-24 13:07:08,800 [INFO] Sending to ptd: 'Go,1000,0,2023-02-24_13-06-28_ranging'
ptd-server 2023-02-24 13:07:08,801 [INFO] Reply from ptd: 'Starting untimed measurement, maximum 500000 samples at 1000ms with 0 rampup samples'
ptd-server 2023-02-24 13:07:08,801 [INFO] Sending reply to client 'OK'
ptd-server 2023-02-24 13:19:22,472 [INFO] Got command from the client 'session,2023-02-24_13-06-28,stop,ranging'
ptd-server 2023-02-24 13:19:32,482 [INFO] Sending to ptd: 'Stop'
ptd-server 2023-02-24 13:19:32,482 [INFO] Reply from ptd: 'Stopping untimed measurement'
ptd-server 2023-02-24 13:19:32,515 [INFO] Sending reply to client 'OK'
ptd-server 2023-02-24 13:19:32,758 [INFO] Got command from the client 'time'
ptd-server 2023-02-24 13:19:32,758 [INFO] Sending reply to client '1677273572.758274'
ptd-server 2023-02-24 13:19:32,759 [INFO] Got command from the client 'session,2023-02-24_13-06-28,start,testing'
ptd-server 2023-02-24 13:19:32,759 [INFO] Sending to ptd: 'SR,V,206.570000'
ptd-server 2023-02-24 13:19:38,856 [INFO] Reply from ptd: 'Range V changed'
ptd-server 2023-02-24 13:19:38,857 [INFO] Sending to ptd: 'SR,A,3.960900'
ptd-server 2023-02-24 13:19:44,412 [INFO] Reply from ptd: 'Range A changed'
ptd-server 2023-02-24 13:19:54,423 [INFO] Starting testing mode
ptd-server 2023-02-24 13:19:54,423 [INFO] Sending to ptd: 'Go,1000,0,2023-02-24_13-06-28_testing'
ptd-server 2023-02-24 13:19:54,424 [INFO] Reply from ptd: 'Starting untimed measurement, maximum 500000 samples at 1000ms with 0 rampup samples'
ptd-server 2023-02-24 13:19:54,424 [INFO] Sending reply to client 'OK'
ptd-server 2023-02-24 13:31:45,621 [INFO] Got command from the client 'session,2023-02-24_13-06-28,stop,testing'
ptd-server 2023-02-24 13:31:55,631 [INFO] Sending to ptd: 'Stop'
ptd-server 2023-02-24 13:31:55,632 [INFO] Reply from ptd: 'Stopping untimed measurement'
ptd-server 2023-02-24 13:31:55,637 [INFO] Sending reply to client 'OK'
ptd-server 2023-02-24 13:31:55,728 [INFO] Got command from the client 'session,2023-02-24_13-06-28,done'
ptd-server 2023-02-24 13:31:55,728 [INFO] Sending to ptd: 'Stop'
ptd-server 2023-02-24 13:31:56,425 [INFO] Reply from ptd: 'Error: no measurement to stop'
ptd-server 2023-02-24 13:31:56,425 [INFO] Sending to ptd: 'SR,V,Auto'
ptd-server 2023-02-24 13:32:01,481 [INFO] Reply from ptd: 'Range V changed'
ptd-server 2023-02-24 13:32:01,481 [INFO] Sending to ptd: 'SR,A,Auto'
ptd-server 2023-02-24 13:32:06,537 [INFO] Reply from ptd: 'Range A changed'
ptd-server 2023-02-24 13:32:06,538 [INFO] Set initial values for Amps Auto and Volts Auto
ptd-server 2023-02-24 13:32:06,538 [INFO] Stopping ptd...
