ptd-server 2023-02-23 15:39:56,519 [INFO] Got command from the client 'time'
ptd-server 2023-02-23 15:39:56,519 [INFO] Sending reply to client '1677166796.519704'
ptd-server 2023-02-23 15:39:56,520 [INFO] Got command from the client 'new,,59be58bf-5cbe-4f78-9d83-87c9981dbab9'
ptd-server 2023-02-23 15:39:56,521 [INFO] Sending reply to client 'OK 2023-02-23_15-39-56,a71150e3-7fc1-49fa-afa9-2cc74e1bc0d0'
ptd-server 2023-02-23 15:39:56,548 [INFO] Got command from the client 'time'
ptd-server 2023-02-23 15:39:56,548 [INFO] Sending reply to client '1677166796.5484183'
ptd-server 2023-02-23 15:39:56,549 [INFO] Got command from the client 'session,2023-02-23_15-39-56,start,ranging'
ptd-server 2023-02-23 15:39:56,549 [INFO] Running PTDaemon: ['/home/anton/projects/mlperf/power/inference_v1.0/ptd-linux-x86', '-l', '/tmp/tmp4yl1neqp/ptd_logfile.txt', '-p', '8888', '49', '/dev/usbtmc0']
ptd-server 2023-02-23 15:40:13,624 [INFO] Sending to ptd: 'Hello'
ptd-server 2023-02-23 15:40:13,624 [INFO] Reply from ptd: 'Hello, PTDaemon here!'
ptd-server 2023-02-23 15:40:13,625 [INFO] Sending to ptd: 'Identify'
ptd-server 2023-02-23 15:40:13,625 [INFO] Reply from ptd: 'YokogawaWT310E,1000,1,1,1,1,0,1,1,version=1.10.0-ed9a21d2-20220817,OS=Linux 5.15.0-60-generic #66~20.04.1-Ubuntu SMP Wed Jan 25 09:41:30 UTC 2023 x86_64,mode=power,1,1,1,0,0,no_cal_date,YOKOGAWA;WT310E;C3XA04010E;F1.04'
ptd-server 2023-02-23 15:40:13,625 [INFO] Connected to PTDaemon
ptd-server 2023-02-23 15:40:13,625 [INFO] Sending to ptd: 'RR'
ptd-server 2023-02-23 15:40:13,626 [INFO] Reply from ptd: 'Ranges,1,0.100000,1,300.000000'
ptd-server 2023-02-23 15:40:13,626 [INFO] Initial range for Amps is Auto for Volts is Auto
ptd-server 2023-02-23 15:40:13,626 [INFO] Sending to ptd: 'SR,V,Auto'
ptd-server 2023-02-23 15:40:14,129 [INFO] Reply from ptd: 'Range V changed'
ptd-server 2023-02-23 15:40:14,129 [INFO] Sending to ptd: 'SR,A,Auto'
ptd-server 2023-02-23 15:40:14,631 [INFO] Reply from ptd: 'Range A changed'
ptd-server 2023-02-23 15:40:24,642 [INFO] Starting ranging mode
ptd-server 2023-02-23 15:40:24,642 [INFO] Sending to ptd: 'Go,1000,0,2023-02-23_15-39-56_ranging'
ptd-server 2023-02-23 15:40:24,642 [INFO] Reply from ptd: 'Starting untimed measurement, maximum 500000 samples at 1000ms with 0 rampup samples'
ptd-server 2023-02-23 15:40:24,643 [INFO] Sending reply to client 'OK'
ptd-server 2023-02-23 15:50:40,971 [INFO] Got command from the client 'session,2023-02-23_15-39-56,stop,ranging'
ptd-server 2023-02-23 15:50:50,982 [INFO] Sending to ptd: 'Stop'
ptd-server 2023-02-23 15:50:50,982 [INFO] Reply from ptd: 'Stopping untimed measurement'
ptd-server 2023-02-23 15:50:51,523 [INFO] Sending reply to client 'OK'
ptd-server 2023-02-23 15:50:51,596 [INFO] Got command from the client 'time'
ptd-server 2023-02-23 15:50:51,596 [INFO] Sending reply to client '1677167451.5961285'
ptd-server 2023-02-23 15:50:51,597 [INFO] Got command from the client 'session,2023-02-23_15-39-56,start,testing'
ptd-server 2023-02-23 15:50:51,597 [INFO] Sending to ptd: 'SR,V,252.380000'
ptd-server 2023-02-23 15:50:53,143 [INFO] Reply from ptd: 'Range V changed'
ptd-server 2023-02-23 15:50:53,144 [INFO] Sending to ptd: 'SR,A,0.049300'
ptd-server 2023-02-23 15:50:54,645 [INFO] Reply from ptd: 'Range A changed'
ptd-server 2023-02-23 15:51:04,655 [INFO] Starting testing mode
ptd-server 2023-02-23 15:51:04,655 [INFO] Sending to ptd: 'Go,1000,0,2023-02-23_15-39-56_testing'
ptd-server 2023-02-23 15:51:04,656 [INFO] Reply from ptd: 'Starting untimed measurement, maximum 500000 samples at 1000ms with 0 rampup samples'
ptd-server 2023-02-23 15:51:04,656 [INFO] Sending reply to client 'OK'
ptd-server 2023-02-23 16:01:20,997 [INFO] Got command from the client 'session,2023-02-23_15-39-56,stop,testing'
ptd-server 2023-02-23 16:01:31,007 [INFO] Sending to ptd: 'Stop'
ptd-server 2023-02-23 16:01:31,008 [INFO] Reply from ptd: 'Stopping untimed measurement'
ptd-server 2023-02-23 16:01:31,302 [INFO] Sending reply to client 'OK'
ptd-server 2023-02-23 16:01:31,310 [INFO] Got command from the client 'session,2023-02-23_15-39-56,done'
ptd-server 2023-02-23 16:01:31,310 [INFO] Sending to ptd: 'Stop'
ptd-server 2023-02-23 16:01:31,657 [INFO] Reply from ptd: 'Error: no measurement to stop'
ptd-server 2023-02-23 16:01:31,657 [INFO] Sending to ptd: 'SR,V,Auto'
ptd-server 2023-02-23 16:01:32,159 [INFO] Reply from ptd: 'Range V changed'
ptd-server 2023-02-23 16:01:32,159 [INFO] Sending to ptd: 'SR,A,Auto'
ptd-server 2023-02-23 16:01:32,662 [INFO] Reply from ptd: 'Range A changed'
ptd-server 2023-02-23 16:01:32,662 [INFO] Set initial values for Amps Auto and Volts Auto
ptd-server 2023-02-23 16:01:32,662 [INFO] Stopping ptd...
