ptd-server 2023-02-20 03:32:27,684 [INFO] Got command from the client 'time'
ptd-server 2023-02-20 03:32:27,684 [INFO] Sending reply to client '1676863947.684449'
ptd-server 2023-02-20 03:32:27,685 [INFO] Got command from the client 'new,,1cb8b449-681c-4cd6-83e8-111a53142840'
ptd-server 2023-02-20 03:32:27,686 [INFO] Sending reply to client 'OK 2023-02-20_03-32-27,c90266ac-c2a0-4c10-a613-159313ead550'
ptd-server 2023-02-20 03:32:27,709 [INFO] Got command from the client 'time'
ptd-server 2023-02-20 03:32:27,709 [INFO] Sending reply to client '1676863947.7094433'
ptd-server 2023-02-20 03:32:27,710 [INFO] Got command from the client 'session,2023-02-20_03-32-27,start,ranging'
ptd-server 2023-02-20 03:32:27,710 [INFO] Running PTDaemon: ['/home/anton/projects/mlperf/power/inference_v1.0/ptd-linux-x86', '-l', '/tmp/tmp4yl1neqp/ptd_logfile.txt', '-p', '8888', '49', '/dev/usbtmc0']
ptd-server 2023-02-20 03:32:44,783 [INFO] Sending to ptd: 'Hello'
ptd-server 2023-02-20 03:32:44,784 [INFO] Reply from ptd: 'Hello, PTDaemon here!'
ptd-server 2023-02-20 03:32:44,784 [INFO] Sending to ptd: 'Identify'
ptd-server 2023-02-20 03:32:44,785 [INFO] Reply from ptd: 'YokogawaWT310E,1000,1,1,1,1,0,1,1,version=1.10.0-ed9a21d2-20220817,OS=Linux 5.15.0-60-generic #66~20.04.1-Ubuntu SMP Wed Jan 25 09:41:30 UTC 2023 x86_64,mode=power,1,1,1,0,0,no_cal_date,YOKOGAWA;WT310E;C3XA04010E;F1.04'
ptd-server 2023-02-20 03:32:44,785 [INFO] Connected to PTDaemon
ptd-server 2023-02-20 03:32:44,785 [INFO] Sending to ptd: 'RR'
ptd-server 2023-02-20 03:32:44,785 [INFO] Reply from ptd: 'Ranges,0,0.500000,1,300.000000'
ptd-server 2023-02-20 03:32:44,785 [INFO] Initial range for Amps is 0.500000 for Volts is Auto
ptd-server 2023-02-20 03:32:44,785 [INFO] Sending to ptd: 'SR,V,Auto'
ptd-server 2023-02-20 03:32:45,288 [INFO] Reply from ptd: 'Range V changed'
ptd-server 2023-02-20 03:32:45,288 [INFO] Sending to ptd: 'SR,A,Auto'
ptd-server 2023-02-20 03:32:45,790 [INFO] Reply from ptd: 'Range A changed'
ptd-server 2023-02-20 03:32:55,801 [INFO] Starting ranging mode
ptd-server 2023-02-20 03:32:55,801 [INFO] Sending to ptd: 'Go,1000,0,2023-02-20_03-32-27_ranging'
ptd-server 2023-02-20 03:32:55,801 [INFO] Reply from ptd: 'Starting untimed measurement, maximum 500000 samples at 1000ms with 0 rampup samples'
ptd-server 2023-02-20 03:32:55,801 [INFO] Sending reply to client 'OK'
ptd-server 2023-02-20 03:43:25,497 [INFO] Got command from the client 'session,2023-02-20_03-32-27,stop,ranging'
ptd-server 2023-02-20 03:43:35,507 [INFO] Sending to ptd: 'Stop'
ptd-server 2023-02-20 03:43:35,508 [INFO] Reply from ptd: 'Stopping untimed measurement'
ptd-server 2023-02-20 03:43:35,642 [INFO] Sending reply to client 'OK'
ptd-server 2023-02-20 03:43:35,734 [INFO] Got command from the client 'time'
ptd-server 2023-02-20 03:43:35,734 [INFO] Sending reply to client '1676864615.7345889'
ptd-server 2023-02-20 03:43:35,735 [INFO] Got command from the client 'session,2023-02-20_03-32-27,start,testing'
ptd-server 2023-02-20 03:43:35,736 [INFO] Sending to ptd: 'SR,V,253.650000'
ptd-server 2023-02-20 03:43:37,302 [INFO] Reply from ptd: 'Range V changed'
ptd-server 2023-02-20 03:43:37,302 [INFO] Sending to ptd: 'SR,A,0.068760'
ptd-server 2023-02-20 03:43:38,804 [INFO] Reply from ptd: 'Range A changed'
ptd-server 2023-02-20 03:43:48,814 [INFO] Starting testing mode
ptd-server 2023-02-20 03:43:48,814 [INFO] Sending to ptd: 'Go,1000,0,2023-02-20_03-32-27_testing'
ptd-server 2023-02-20 03:43:48,815 [INFO] Reply from ptd: 'Starting untimed measurement, maximum 500000 samples at 1000ms with 0 rampup samples'
ptd-server 2023-02-20 03:43:48,815 [INFO] Sending reply to client 'OK'
ptd-server 2023-02-20 03:54:15,988 [INFO] Got command from the client 'session,2023-02-20_03-32-27,stop,testing'
ptd-server 2023-02-20 03:54:25,998 [INFO] Sending to ptd: 'Stop'
ptd-server 2023-02-20 03:54:25,999 [INFO] Reply from ptd: 'Stopping untimed measurement'
ptd-server 2023-02-20 03:54:26,074 [INFO] Sending reply to client 'OK'
ptd-server 2023-02-20 03:54:26,082 [INFO] Got command from the client 'session,2023-02-20_03-32-27,done'
ptd-server 2023-02-20 03:54:26,082 [INFO] Sending to ptd: 'Stop'
ptd-server 2023-02-20 03:54:26,815 [INFO] Reply from ptd: 'Error: no measurement to stop'
ptd-server 2023-02-20 03:54:26,816 [INFO] Sending to ptd: 'SR,V,Auto'
ptd-server 2023-02-20 03:54:27,318 [INFO] Reply from ptd: 'Range V changed'
ptd-server 2023-02-20 03:54:27,318 [INFO] Sending to ptd: 'SR,A,0.500000'
ptd-server 2023-02-20 03:54:28,820 [INFO] Reply from ptd: 'Range A changed'
ptd-server 2023-02-20 03:54:28,820 [INFO] Set initial values for Amps 0.500000 and Volts Auto
ptd-server 2023-02-20 03:54:28,820 [INFO] Stopping ptd...
