ptd-server 2023-02-26 00:59:57,836 [INFO] Got command from the client 'time'
ptd-server 2023-02-26 00:59:57,836 [INFO] Sending reply to client '1677373197.8367212'
ptd-server 2023-02-26 00:59:57,839 [INFO] Got command from the client 'new,,696fb8f3-2a4b-4e74-9c18-44955c0a077a'
ptd-server 2023-02-26 00:59:57,839 [INFO] Sending reply to client 'OK 2023-02-26_00-59-57,22bdd506-a854-40f1-a728-f15773356049'
ptd-server 2023-02-26 00:59:57,865 [INFO] Got command from the client 'time'
ptd-server 2023-02-26 00:59:57,865 [INFO] Sending reply to client '1677373197.865698'
ptd-server 2023-02-26 00:59:57,866 [INFO] Got command from the client 'session,2023-02-26_00-59-57,start,ranging'
ptd-server 2023-02-26 00:59:57,867 [INFO] Running PTDaemon: ['/home/anton/projects/mlperf/power/inference_v1.0/ptd-linux-x86', '-l', '/tmp/tmpu4v721n6/ptd_logfile.txt', '-p', '8888', '49', '/dev/usbtmc0']
ptd-server 2023-02-26 01:00:14,954 [INFO] Sending to ptd: 'Hello'
ptd-server 2023-02-26 01:00:14,955 [INFO] Reply from ptd: 'Hello, PTDaemon here!'
ptd-server 2023-02-26 01:00:14,955 [INFO] Sending to ptd: 'Identify'
ptd-server 2023-02-26 01:00:14,955 [INFO] Reply from ptd: 'YokogawaWT310E,1000,1,1,1,1,0,1,1,version=1.10.0-ed9a21d2-20220817,OS=Linux 5.15.0-60-generic #66~20.04.1-Ubuntu SMP Wed Jan 25 09:41:30 UTC 2023 x86_64,mode=power,1,1,1,0,0,no_cal_date,YOKOGAWA;WT310E;C3XA04010E;F1.04'
ptd-server 2023-02-26 01:00:14,955 [INFO] Connected to PTDaemon
ptd-server 2023-02-26 01:00:14,955 [INFO] Sending to ptd: 'RR'
ptd-server 2023-02-26 01:00:14,955 [INFO] Reply from ptd: 'Ranges,0,0.100000,0,300.000000'
ptd-server 2023-02-26 01:00:14,956 [INFO] Initial range for Amps is 0.100000 for Volts is 300.000000
ptd-server 2023-02-26 01:00:14,956 [INFO] Sending to ptd: 'SR,V,Auto'
ptd-server 2023-02-26 01:00:15,458 [INFO] Reply from ptd: 'Range V changed'
ptd-server 2023-02-26 01:00:15,458 [INFO] Sending to ptd: 'SR,A,Auto'
ptd-server 2023-02-26 01:00:15,961 [INFO] Reply from ptd: 'Range A changed'
ptd-server 2023-02-26 01:00:25,971 [INFO] Starting ranging mode
ptd-server 2023-02-26 01:00:25,971 [INFO] Sending to ptd: 'Go,1000,0,2023-02-26_00-59-57_ranging'
ptd-server 2023-02-26 01:00:25,972 [INFO] Reply from ptd: 'Starting untimed measurement, maximum 500000 samples at 1000ms with 0 rampup samples'
ptd-server 2023-02-26 01:00:25,972 [INFO] Sending reply to client 'OK'
ptd-server 2023-02-26 01:10:41,042 [INFO] Got command from the client 'session,2023-02-26_00-59-57,stop,ranging'
ptd-server 2023-02-26 01:10:51,052 [INFO] Sending to ptd: 'Stop'
ptd-server 2023-02-26 01:10:51,052 [INFO] Reply from ptd: 'Stopping untimed measurement'
ptd-server 2023-02-26 01:10:51,221 [INFO] Sending reply to client 'OK'
ptd-server 2023-02-26 01:10:51,275 [INFO] Got command from the client 'time'
ptd-server 2023-02-26 01:10:51,276 [INFO] Sending reply to client '1677373851.2760098'
ptd-server 2023-02-26 01:10:51,281 [INFO] Got command from the client 'session,2023-02-26_00-59-57,start,testing'
ptd-server 2023-02-26 01:10:51,281 [INFO] Sending to ptd: 'SR,V,251.110000'
ptd-server 2023-02-26 01:10:53,473 [INFO] Reply from ptd: 'Range V changed'
ptd-server 2023-02-26 01:10:53,474 [INFO] Sending to ptd: 'SR,A,0.056190'
ptd-server 2023-02-26 01:10:54,975 [INFO] Reply from ptd: 'Range A changed'
ptd-server 2023-02-26 01:11:04,983 [INFO] Starting testing mode
ptd-server 2023-02-26 01:11:04,984 [INFO] Sending to ptd: 'Go,1000,0,2023-02-26_00-59-57_testing'
ptd-server 2023-02-26 01:11:04,984 [INFO] Reply from ptd: 'Starting untimed measurement, maximum 500000 samples at 1000ms with 0 rampup samples'
ptd-server 2023-02-26 01:11:04,984 [INFO] Sending reply to client 'OK'
ptd-server 2023-02-26 01:21:20,026 [INFO] Got command from the client 'session,2023-02-26_00-59-57,stop,testing'
ptd-server 2023-02-26 01:21:30,036 [INFO] Sending to ptd: 'Stop'
ptd-server 2023-02-26 01:21:30,037 [INFO] Reply from ptd: 'Stopping untimed measurement'
ptd-server 2023-02-26 01:21:30,128 [INFO] Sending reply to client 'OK'
ptd-server 2023-02-26 01:21:30,151 [INFO] Got command from the client 'session,2023-02-26_00-59-57,done'
ptd-server 2023-02-26 01:21:30,151 [INFO] Sending to ptd: 'Stop'
ptd-server 2023-02-26 01:21:30,985 [INFO] Reply from ptd: 'Error: no measurement to stop'
ptd-server 2023-02-26 01:21:30,985 [INFO] Sending to ptd: 'SR,V,300.000000'
ptd-server 2023-02-26 01:21:32,486 [INFO] Reply from ptd: 'Range V changed'
ptd-server 2023-02-26 01:21:32,486 [INFO] Sending to ptd: 'SR,A,0.100000'
ptd-server 2023-02-26 01:21:33,988 [INFO] Reply from ptd: 'Range A changed'
ptd-server 2023-02-26 01:21:33,988 [INFO] Set initial values for Amps 0.100000 and Volts 300.000000
ptd-server 2023-02-26 01:21:33,988 [INFO] Stopping ptd...
