ptd-server 2023-02-22 12:42:48,001 [INFO] Got command from the client 'time'
ptd-server 2023-02-22 12:42:48,001 [INFO] Sending reply to client '1677069768.0011423'
ptd-server 2023-02-22 12:42:48,002 [INFO] Got command from the client 'new,,1e994724-522d-4dfe-a7df-dc87a72a68fe'
ptd-server 2023-02-22 12:42:48,002 [INFO] Sending reply to client 'OK 2023-02-22_12-42-48,ad2157f3-01c0-41e6-a126-131fa881d7ed'
ptd-server 2023-02-22 12:42:48,023 [INFO] Got command from the client 'time'
ptd-server 2023-02-22 12:42:48,023 [INFO] Sending reply to client '1677069768.0233777'
ptd-server 2023-02-22 12:42:48,024 [INFO] Got command from the client 'session,2023-02-22_12-42-48,start,ranging'
ptd-server 2023-02-22 12:42:48,024 [INFO] Running PTDaemon: ['/home/anton/projects/mlperf/power/inference_v1.0/ptd-linux-x86', '-l', '/tmp/tmp4yl1neqp/ptd_logfile.txt', '-p', '8888', '49', '/dev/usbtmc0']
ptd-server 2023-02-22 12:43:05,098 [INFO] Sending to ptd: 'Hello'
ptd-server 2023-02-22 12:43:05,099 [INFO] Reply from ptd: 'Hello, PTDaemon here!'
ptd-server 2023-02-22 12:43:05,099 [INFO] Sending to ptd: 'Identify'
ptd-server 2023-02-22 12:43:05,099 [INFO] Reply from ptd: 'YokogawaWT310E,1000,1,1,1,1,0,1,1,version=1.10.0-ed9a21d2-20220817,OS=Linux 5.15.0-60-generic #66~20.04.1-Ubuntu SMP Wed Jan 25 09:41:30 UTC 2023 x86_64,mode=power,1,1,1,0,0,no_cal_date,YOKOGAWA;WT310E;C3XA04010E;F1.04'
ptd-server 2023-02-22 12:43:05,099 [INFO] Connected to PTDaemon
ptd-server 2023-02-22 12:43:05,099 [INFO] Sending to ptd: 'RR'
ptd-server 2023-02-22 12:43:05,100 [INFO] Reply from ptd: 'Ranges,1,0.100000,1,300.000000'
ptd-server 2023-02-22 12:43:05,100 [INFO] Initial range for Amps is Auto for Volts is Auto
ptd-server 2023-02-22 12:43:05,100 [INFO] Sending to ptd: 'SR,V,Auto'
ptd-server 2023-02-22 12:43:05,603 [INFO] Reply from ptd: 'Range V changed'
ptd-server 2023-02-22 12:43:05,603 [INFO] Sending to ptd: 'SR,A,Auto'
ptd-server 2023-02-22 12:43:06,105 [INFO] Reply from ptd: 'Range A changed'
ptd-server 2023-02-22 12:43:16,115 [INFO] Starting ranging mode
ptd-server 2023-02-22 12:43:16,116 [INFO] Sending to ptd: 'Go,1000,0,2023-02-22_12-42-48_ranging'
ptd-server 2023-02-22 12:43:16,116 [INFO] Reply from ptd: 'Starting untimed measurement, maximum 500000 samples at 1000ms with 0 rampup samples'
ptd-server 2023-02-22 12:43:16,116 [INFO] Sending reply to client 'OK'
ptd-server 2023-02-22 12:53:54,787 [INFO] Got command from the client 'session,2023-02-22_12-42-48,stop,ranging'
ptd-server 2023-02-22 12:54:04,797 [INFO] Sending to ptd: 'Stop'
ptd-server 2023-02-22 12:54:04,798 [INFO] Reply from ptd: 'Stopping untimed measurement'
ptd-server 2023-02-22 12:54:05,232 [INFO] Sending reply to client 'OK'
ptd-server 2023-02-22 12:54:05,370 [INFO] Got command from the client 'time'
ptd-server 2023-02-22 12:54:05,370 [INFO] Sending reply to client '1677070445.3703647'
ptd-server 2023-02-22 12:54:05,371 [INFO] Got command from the client 'session,2023-02-22_12-42-48,start,testing'
ptd-server 2023-02-22 12:54:05,371 [INFO] Sending to ptd: 'SR,V,252.350000'
ptd-server 2023-02-22 12:54:06,872 [INFO] Reply from ptd: 'Range V changed'
ptd-server 2023-02-22 12:54:06,872 [INFO] Sending to ptd: 'SR,A,0.049700'
ptd-server 2023-02-22 12:54:08,374 [INFO] Reply from ptd: 'Range A changed'
ptd-server 2023-02-22 12:54:18,384 [INFO] Starting testing mode
ptd-server 2023-02-22 12:54:18,384 [INFO] Sending to ptd: 'Go,1000,0,2023-02-22_12-42-48_testing'
ptd-server 2023-02-22 12:54:18,385 [INFO] Reply from ptd: 'Starting untimed measurement, maximum 500000 samples at 1000ms with 0 rampup samples'
ptd-server 2023-02-22 12:54:18,385 [INFO] Sending reply to client 'OK'
ptd-server 2023-02-22 13:04:56,946 [INFO] Got command from the client 'session,2023-02-22_12-42-48,stop,testing'
ptd-server 2023-02-22 13:05:06,956 [INFO] Sending to ptd: 'Stop'
ptd-server 2023-02-22 13:05:06,957 [INFO] Reply from ptd: 'Stopping untimed measurement'
ptd-server 2023-02-22 13:05:07,189 [INFO] Sending reply to client 'OK'
ptd-server 2023-02-22 13:05:07,197 [INFO] Got command from the client 'session,2023-02-22_12-42-48,done'
ptd-server 2023-02-22 13:05:07,197 [INFO] Sending to ptd: 'Stop'
ptd-server 2023-02-22 13:05:07,386 [INFO] Reply from ptd: 'Error: no measurement to stop'
ptd-server 2023-02-22 13:05:07,386 [INFO] Sending to ptd: 'SR,V,Auto'
ptd-server 2023-02-22 13:05:07,889 [INFO] Reply from ptd: 'Range V changed'
ptd-server 2023-02-22 13:05:07,889 [INFO] Sending to ptd: 'SR,A,Auto'
ptd-server 2023-02-22 13:05:08,391 [INFO] Reply from ptd: 'Range A changed'
ptd-server 2023-02-22 13:05:08,391 [INFO] Set initial values for Amps Auto and Volts Auto
ptd-server 2023-02-22 13:05:08,392 [INFO] Stopping ptd...
