ptd-server 2023-02-22 10:17:51,762 [INFO] Got command from the client 'time'
ptd-server 2023-02-22 10:17:51,763 [INFO] Sending reply to client '1677061071.7629817'
ptd-server 2023-02-22 10:17:51,764 [INFO] Got command from the client 'new,,4a7c0b7e-604c-4c4f-a06e-a1cef2a35b3f'
ptd-server 2023-02-22 10:17:51,764 [INFO] Sending reply to client 'OK 2023-02-22_10-17-51,e63fbbf6-3e7f-4197-bb08-5528d591bbb6'
ptd-server 2023-02-22 10:17:51,785 [INFO] Got command from the client 'time'
ptd-server 2023-02-22 10:17:51,785 [INFO] Sending reply to client '1677061071.7857316'
ptd-server 2023-02-22 10:17:51,786 [INFO] Got command from the client 'session,2023-02-22_10-17-51,start,ranging'
ptd-server 2023-02-22 10:17:51,787 [INFO] Running PTDaemon: ['/home/anton/projects/mlperf/power/inference_v1.0/ptd-linux-x86', '-l', '/tmp/tmp4yl1neqp/ptd_logfile.txt', '-p', '8888', '49', '/dev/usbtmc0']
ptd-server 2023-02-22 10:18:08,861 [INFO] Sending to ptd: 'Hello'
ptd-server 2023-02-22 10:18:08,862 [INFO] Reply from ptd: 'Hello, PTDaemon here!'
ptd-server 2023-02-22 10:18:08,862 [INFO] Sending to ptd: 'Identify'
ptd-server 2023-02-22 10:18:08,862 [INFO] Reply from ptd: 'YokogawaWT310E,1000,1,1,1,1,0,1,1,version=1.10.0-ed9a21d2-20220817,OS=Linux 5.15.0-60-generic #66~20.04.1-Ubuntu SMP Wed Jan 25 09:41:30 UTC 2023 x86_64,mode=power,1,1,1,0,0,no_cal_date,YOKOGAWA;WT310E;C3XA04010E;F1.04'
ptd-server 2023-02-22 10:18:08,862 [INFO] Connected to PTDaemon
ptd-server 2023-02-22 10:18:08,862 [INFO] Sending to ptd: 'RR'
ptd-server 2023-02-22 10:18:08,863 [INFO] Reply from ptd: 'Ranges,1,0.100000,1,300.000000'
ptd-server 2023-02-22 10:18:08,863 [INFO] Initial range for Amps is Auto for Volts is Auto
ptd-server 2023-02-22 10:18:08,863 [INFO] Sending to ptd: 'SR,V,Auto'
ptd-server 2023-02-22 10:18:09,366 [INFO] Reply from ptd: 'Range V changed'
ptd-server 2023-02-22 10:18:09,366 [INFO] Sending to ptd: 'SR,A,Auto'
ptd-server 2023-02-22 10:18:09,868 [INFO] Reply from ptd: 'Range A changed'
ptd-server 2023-02-22 10:18:19,872 [INFO] Starting ranging mode
ptd-server 2023-02-22 10:18:19,872 [INFO] Sending to ptd: 'Go,1000,0,2023-02-22_10-17-51_ranging'
ptd-server 2023-02-22 10:18:19,873 [INFO] Reply from ptd: 'Starting untimed measurement, maximum 500000 samples at 1000ms with 0 rampup samples'
ptd-server 2023-02-22 10:18:19,873 [INFO] Sending reply to client 'OK'
ptd-server 2023-02-22 10:28:39,698 [INFO] Got command from the client 'session,2023-02-22_10-17-51,stop,ranging'
ptd-server 2023-02-22 10:28:49,708 [INFO] Sending to ptd: 'Stop'
ptd-server 2023-02-22 10:28:49,708 [INFO] Reply from ptd: 'Stopping untimed measurement'
ptd-server 2023-02-22 10:28:50,137 [INFO] Sending reply to client 'OK'
ptd-server 2023-02-22 10:28:50,212 [INFO] Got command from the client 'time'
ptd-server 2023-02-22 10:28:50,212 [INFO] Sending reply to client '1677061730.212534'
ptd-server 2023-02-22 10:28:50,213 [INFO] Got command from the client 'session,2023-02-22_10-17-51,start,testing'
ptd-server 2023-02-22 10:28:50,213 [INFO] Sending to ptd: 'SR,V,252.570000'
ptd-server 2023-02-22 10:28:51,714 [INFO] Reply from ptd: 'Range V changed'
ptd-server 2023-02-22 10:28:51,715 [INFO] Sending to ptd: 'SR,A,0.050210'
ptd-server 2023-02-22 10:28:53,216 [INFO] Reply from ptd: 'Range A changed'
ptd-server 2023-02-22 10:29:03,226 [INFO] Starting testing mode
ptd-server 2023-02-22 10:29:03,226 [INFO] Sending to ptd: 'Go,1000,0,2023-02-22_10-17-51_testing'
ptd-server 2023-02-22 10:29:03,227 [INFO] Reply from ptd: 'Starting untimed measurement, maximum 500000 samples at 1000ms with 0 rampup samples'
ptd-server 2023-02-22 10:29:03,227 [INFO] Sending reply to client 'OK'
ptd-server 2023-02-22 10:39:22,959 [INFO] Got command from the client 'session,2023-02-22_10-17-51,stop,testing'
ptd-server 2023-02-22 10:39:32,969 [INFO] Sending to ptd: 'Stop'
ptd-server 2023-02-22 10:39:32,970 [INFO] Reply from ptd: 'Stopping untimed measurement'
ptd-server 2023-02-22 10:39:33,196 [INFO] Sending reply to client 'OK'
ptd-server 2023-02-22 10:39:33,204 [INFO] Got command from the client 'session,2023-02-22_10-17-51,done'
ptd-server 2023-02-22 10:39:33,204 [INFO] Sending to ptd: 'Stop'
ptd-server 2023-02-22 10:39:33,227 [INFO] Reply from ptd: 'Error: no measurement to stop'
ptd-server 2023-02-22 10:39:33,227 [INFO] Sending to ptd: 'SR,V,Auto'
ptd-server 2023-02-22 10:39:33,730 [INFO] Reply from ptd: 'Range V changed'
ptd-server 2023-02-22 10:39:33,730 [INFO] Sending to ptd: 'SR,A,Auto'
ptd-server 2023-02-22 10:39:34,233 [INFO] Reply from ptd: 'Range A changed'
ptd-server 2023-02-22 10:39:34,233 [INFO] Set initial values for Amps Auto and Volts Auto
ptd-server 2023-02-22 10:39:34,233 [INFO] Stopping ptd...
