ptd-server 2023-02-28 07:47:59,641 [INFO] Got command from the client 'time'
ptd-server 2023-02-28 07:47:59,642 [INFO] Sending reply to client '1677570479.642052'
ptd-server 2023-02-28 07:47:59,644 [INFO] Got command from the client 'new,,d260aa74-1350-4fbb-af63-b629911617cd'
ptd-server 2023-02-28 07:47:59,644 [INFO] Sending reply to client 'OK 2023-02-28_07-47-59,6958ea20-afc1-4db5-b00e-1df5aba2e2a6'
ptd-server 2023-02-28 07:47:59,670 [INFO] Got command from the client 'time'
ptd-server 2023-02-28 07:47:59,670 [INFO] Sending reply to client '1677570479.6704504'
ptd-server 2023-02-28 07:47:59,672 [INFO] Got command from the client 'session,2023-02-28_07-47-59,start,ranging'
ptd-server 2023-02-28 07:47:59,673 [INFO] Running PTDaemon: ['/home/anton/projects/mlperf/power/inference_v1.0/ptd-linux-x86', '-l', '/tmp/tmpu4v721n6/ptd_logfile.txt', '-p', '8888', '49', '/dev/usbtmc0']
ptd-server 2023-02-28 07:48:16,761 [INFO] Sending to ptd: 'Hello'
ptd-server 2023-02-28 07:48:16,761 [INFO] Reply from ptd: 'Hello, PTDaemon here!'
ptd-server 2023-02-28 07:48:16,761 [INFO] Sending to ptd: 'Identify'
ptd-server 2023-02-28 07:48:16,762 [INFO] Reply from ptd: 'YokogawaWT310E,1000,1,1,1,1,0,1,1,version=1.10.0-ed9a21d2-20220817,OS=Linux 5.15.0-60-generic #66~20.04.1-Ubuntu SMP Wed Jan 25 09:41:30 UTC 2023 x86_64,mode=power,1,1,1,0,0,no_cal_date,YOKOGAWA;WT310E;C3XA04010E;F1.04'
ptd-server 2023-02-28 07:48:16,762 [INFO] Connected to PTDaemon
ptd-server 2023-02-28 07:48:16,762 [INFO] Sending to ptd: 'RR'
ptd-server 2023-02-28 07:48:16,762 [INFO] Reply from ptd: 'Ranges,0,0.100000,0,300.000000'
ptd-server 2023-02-28 07:48:16,762 [INFO] Initial range for Amps is 0.100000 for Volts is 300.000000
ptd-server 2023-02-28 07:48:16,762 [INFO] Sending to ptd: 'SR,V,Auto'
ptd-server 2023-02-28 07:48:17,265 [INFO] Reply from ptd: 'Range V changed'
ptd-server 2023-02-28 07:48:17,265 [INFO] Sending to ptd: 'SR,A,Auto'
ptd-server 2023-02-28 07:48:17,767 [INFO] Reply from ptd: 'Range A changed'
ptd-server 2023-02-28 07:48:27,776 [INFO] Starting ranging mode
ptd-server 2023-02-28 07:48:27,776 [INFO] Sending to ptd: 'Go,1000,0,2023-02-28_07-47-59_ranging'
ptd-server 2023-02-28 07:48:27,776 [INFO] Reply from ptd: 'Starting untimed measurement, maximum 500000 samples at 1000ms with 0 rampup samples'
ptd-server 2023-02-28 07:48:27,777 [INFO] Sending reply to client 'OK'
ptd-server 2023-02-28 07:58:45,358 [INFO] Got command from the client 'session,2023-02-28_07-47-59,stop,ranging'
ptd-server 2023-02-28 07:58:55,368 [INFO] Sending to ptd: 'Stop'
ptd-server 2023-02-28 07:58:55,369 [INFO] Reply from ptd: 'Stopping untimed measurement'
ptd-server 2023-02-28 07:58:55,829 [INFO] Sending reply to client 'OK'
ptd-server 2023-02-28 07:58:55,915 [INFO] Got command from the client 'time'
ptd-server 2023-02-28 07:58:55,915 [INFO] Sending reply to client '1677571135.9158533'
ptd-server 2023-02-28 07:58:55,917 [INFO] Got command from the client 'session,2023-02-28_07-47-59,start,testing'
ptd-server 2023-02-28 07:58:55,918 [INFO] Sending to ptd: 'SR,V,250.520000'
ptd-server 2023-02-28 07:58:57,419 [INFO] Reply from ptd: 'Range V changed'
ptd-server 2023-02-28 07:58:57,419 [INFO] Sending to ptd: 'SR,A,0.065920'
ptd-server 2023-02-28 07:58:58,921 [INFO] Reply from ptd: 'Range A changed'
ptd-server 2023-02-28 07:59:08,931 [INFO] Starting testing mode
ptd-server 2023-02-28 07:59:08,931 [INFO] Sending to ptd: 'Go,1000,0,2023-02-28_07-47-59_testing'
ptd-server 2023-02-28 07:59:08,932 [INFO] Reply from ptd: 'Starting untimed measurement, maximum 500000 samples at 1000ms with 0 rampup samples'
ptd-server 2023-02-28 07:59:08,932 [INFO] Sending reply to client 'OK'
ptd-server 2023-02-28 08:09:26,593 [INFO] Got command from the client 'session,2023-02-28_07-47-59,stop,testing'
ptd-server 2023-02-28 08:09:36,604 [INFO] Sending to ptd: 'Stop'
ptd-server 2023-02-28 08:09:36,604 [INFO] Reply from ptd: 'Stopping untimed measurement'
ptd-server 2023-02-28 08:09:36,834 [INFO] Sending reply to client 'OK'
ptd-server 2023-02-28 08:09:36,853 [INFO] Got command from the client 'session,2023-02-28_07-47-59,done'
ptd-server 2023-02-28 08:09:36,853 [INFO] Sending to ptd: 'Stop'
ptd-server 2023-02-28 08:09:36,933 [INFO] Reply from ptd: 'Error: no measurement to stop'
ptd-server 2023-02-28 08:09:36,933 [INFO] Sending to ptd: 'SR,V,300.000000'
ptd-server 2023-02-28 08:09:38,434 [INFO] Reply from ptd: 'Range V changed'
ptd-server 2023-02-28 08:09:38,434 [INFO] Sending to ptd: 'SR,A,0.100000'
ptd-server 2023-02-28 08:09:39,936 [INFO] Reply from ptd: 'Range A changed'
ptd-server 2023-02-28 08:09:39,936 [INFO] Set initial values for Amps 0.100000 and Volts 300.000000
ptd-server 2023-02-28 08:09:39,936 [INFO] Stopping ptd...
