ptd-server 2023-02-24 02:19:37,488 [INFO] Got command from the client 'time'
ptd-server 2023-02-24 02:19:37,488 [INFO] Sending reply to client '1677205177.4889512'
ptd-server 2023-02-24 02:19:37,490 [INFO] Got command from the client 'new,,d432df74-9928-423b-bac6-4b600b5e4abf'
ptd-server 2023-02-24 02:19:37,490 [INFO] Sending reply to client 'OK 2023-02-24_02-19-37,13e7ae3c-e094-45b7-bb0f-a6e97e4312b2'
ptd-server 2023-02-24 02:19:37,535 [INFO] Got command from the client 'time'
ptd-server 2023-02-24 02:19:37,535 [INFO] Sending reply to client '1677205177.5355837'
ptd-server 2023-02-24 02:19:37,536 [INFO] Got command from the client 'session,2023-02-24_02-19-37,start,ranging'
ptd-server 2023-02-24 02:19:37,536 [INFO] Running PTDaemon: ['/home/anton/projects/mlperf/power/inference_v1.0/ptd-linux-x86', '-l', '/tmp/tmp4yl1neqp/ptd_logfile.txt', '-p', '8888', '49', '/dev/usbtmc0']
ptd-server 2023-02-24 02:19:54,610 [INFO] Sending to ptd: 'Hello'
ptd-server 2023-02-24 02:19:54,611 [INFO] Reply from ptd: 'Hello, PTDaemon here!'
ptd-server 2023-02-24 02:19:54,611 [INFO] Sending to ptd: 'Identify'
ptd-server 2023-02-24 02:19:54,611 [INFO] Reply from ptd: 'YokogawaWT310E,1000,1,1,1,1,0,1,1,version=1.10.0-ed9a21d2-20220817,OS=Linux 5.15.0-60-generic #66~20.04.1-Ubuntu SMP Wed Jan 25 09:41:30 UTC 2023 x86_64,mode=power,1,1,1,0,0,no_cal_date,YOKOGAWA;WT310E;C3XA04010E;F1.04'
ptd-server 2023-02-24 02:19:54,611 [INFO] Connected to PTDaemon
ptd-server 2023-02-24 02:19:54,612 [INFO] Sending to ptd: 'RR'
ptd-server 2023-02-24 02:19:54,612 [INFO] Reply from ptd: 'Ranges,1,0.100000,1,300.000000'
ptd-server 2023-02-24 02:19:54,612 [INFO] Initial range for Amps is Auto for Volts is Auto
ptd-server 2023-02-24 02:19:54,612 [INFO] Sending to ptd: 'SR,V,Auto'
ptd-server 2023-02-24 02:19:55,115 [INFO] Reply from ptd: 'Range V changed'
ptd-server 2023-02-24 02:19:55,115 [INFO] Sending to ptd: 'SR,A,Auto'
ptd-server 2023-02-24 02:19:55,617 [INFO] Reply from ptd: 'Range A changed'
ptd-server 2023-02-24 02:20:05,628 [INFO] Starting ranging mode
ptd-server 2023-02-24 02:20:05,628 [INFO] Sending to ptd: 'Go,1000,0,2023-02-24_02-19-37_ranging'
ptd-server 2023-02-24 02:20:05,628 [INFO] Reply from ptd: 'Starting untimed measurement, maximum 500000 samples at 1000ms with 0 rampup samples'
ptd-server 2023-02-24 02:20:05,628 [INFO] Sending reply to client 'OK'
ptd-server 2023-02-24 02:30:21,878 [INFO] Got command from the client 'session,2023-02-24_02-19-37,stop,ranging'
ptd-server 2023-02-24 02:30:31,889 [INFO] Sending to ptd: 'Stop'
ptd-server 2023-02-24 02:30:31,889 [INFO] Reply from ptd: 'Stopping untimed measurement'
ptd-server 2023-02-24 02:30:32,503 [INFO] Sending reply to client 'OK'
ptd-server 2023-02-24 02:30:32,634 [INFO] Got command from the client 'time'
ptd-server 2023-02-24 02:30:32,634 [INFO] Sending reply to client '1677205832.6341727'
ptd-server 2023-02-24 02:30:32,635 [INFO] Got command from the client 'session,2023-02-24_02-19-37,start,testing'
ptd-server 2023-02-24 02:30:32,635 [INFO] Sending to ptd: 'SR,V,251.170000'
ptd-server 2023-02-24 02:30:34,136 [INFO] Reply from ptd: 'Range V changed'
ptd-server 2023-02-24 02:30:34,136 [INFO] Sending to ptd: 'SR,A,0.054810'
ptd-server 2023-02-24 02:30:35,638 [INFO] Reply from ptd: 'Range A changed'
ptd-server 2023-02-24 02:30:45,648 [INFO] Starting testing mode
ptd-server 2023-02-24 02:30:45,648 [INFO] Sending to ptd: 'Go,1000,0,2023-02-24_02-19-37_testing'
ptd-server 2023-02-24 02:30:45,649 [INFO] Reply from ptd: 'Starting untimed measurement, maximum 500000 samples at 1000ms with 0 rampup samples'
ptd-server 2023-02-24 02:30:45,649 [INFO] Sending reply to client 'OK'
ptd-server 2023-02-24 02:41:01,837 [INFO] Got command from the client 'session,2023-02-24_02-19-37,stop,testing'
ptd-server 2023-02-24 02:41:11,847 [INFO] Sending to ptd: 'Stop'
ptd-server 2023-02-24 02:41:11,848 [INFO] Reply from ptd: 'Stopping untimed measurement'
ptd-server 2023-02-24 02:41:12,152 [INFO] Sending reply to client 'OK'
ptd-server 2023-02-24 02:41:12,160 [INFO] Got command from the client 'session,2023-02-24_02-19-37,done'
ptd-server 2023-02-24 02:41:12,161 [INFO] Sending to ptd: 'Stop'
ptd-server 2023-02-24 02:41:12,650 [INFO] Reply from ptd: 'Error: no measurement to stop'
ptd-server 2023-02-24 02:41:12,650 [INFO] Sending to ptd: 'SR,V,Auto'
ptd-server 2023-02-24 02:41:13,152 [INFO] Reply from ptd: 'Range V changed'
ptd-server 2023-02-24 02:41:13,153 [INFO] Sending to ptd: 'SR,A,Auto'
ptd-server 2023-02-24 02:41:13,655 [INFO] Reply from ptd: 'Range A changed'
ptd-server 2023-02-24 02:41:13,655 [INFO] Set initial values for Amps Auto and Volts Auto
ptd-server 2023-02-24 02:41:13,656 [INFO] Stopping ptd...
