ptd-server 2023-02-24 16:27:30,762 [INFO] Got command from the client 'time'
ptd-server 2023-02-24 16:27:30,762 [INFO] Sending reply to client '1677256050.762947'
ptd-server 2023-02-24 16:27:30,764 [INFO] Got command from the client 'new,,eda3e909-fcc3-4ce1-85bf-016e0cf436c6'
ptd-server 2023-02-24 16:27:30,764 [INFO] Sending reply to client 'OK 2023-02-24_16-27-30,256b8a44-9a4f-48de-9515-fe5b8a15c59c'
ptd-server 2023-02-24 16:27:30,880 [INFO] Got command from the client 'time'
ptd-server 2023-02-24 16:27:30,880 [INFO] Sending reply to client '1677256050.880389'
ptd-server 2023-02-24 16:27:30,881 [INFO] Got command from the client 'session,2023-02-24_16-27-30,start,ranging'
ptd-server 2023-02-24 16:27:30,881 [INFO] Running PTDaemon: ['/home/anton/projects/mlperf/power/inference_v1.0/ptd-linux-x86', '-l', '/tmp/tmp4yl1neqp/ptd_logfile.txt', '-p', '8888', '49', '/dev/usbtmc0']
ptd-server 2023-02-24 16:27:47,960 [INFO] Sending to ptd: 'Hello'
ptd-server 2023-02-24 16:27:47,960 [INFO] Reply from ptd: 'Hello, PTDaemon here!'
ptd-server 2023-02-24 16:27:47,961 [INFO] Sending to ptd: 'Identify'
ptd-server 2023-02-24 16:27:47,961 [INFO] Reply from ptd: 'YokogawaWT310E,1000,1,1,1,1,0,1,1,version=1.10.0-ed9a21d2-20220817,OS=Linux 5.15.0-60-generic #66~20.04.1-Ubuntu SMP Wed Jan 25 09:41:30 UTC 2023 x86_64,mode=power,1,1,1,0,0,no_cal_date,YOKOGAWA;WT310E;C3XA04010E;F1.04'
ptd-server 2023-02-24 16:27:47,961 [INFO] Connected to PTDaemon
ptd-server 2023-02-24 16:27:47,961 [INFO] Sending to ptd: 'RR'
ptd-server 2023-02-24 16:27:47,962 [INFO] Reply from ptd: 'Ranges,1,0.100000,1,300.000000'
ptd-server 2023-02-24 16:27:47,962 [INFO] Initial range for Amps is Auto for Volts is Auto
ptd-server 2023-02-24 16:27:47,962 [INFO] Sending to ptd: 'SR,V,Auto'
ptd-server 2023-02-24 16:27:48,464 [INFO] Reply from ptd: 'Range V changed'
ptd-server 2023-02-24 16:27:48,465 [INFO] Sending to ptd: 'SR,A,Auto'
ptd-server 2023-02-24 16:27:48,967 [INFO] Reply from ptd: 'Range A changed'
ptd-server 2023-02-24 16:27:58,978 [INFO] Starting ranging mode
ptd-server 2023-02-24 16:27:58,978 [INFO] Sending to ptd: 'Go,1000,0,2023-02-24_16-27-30_ranging'
ptd-server 2023-02-24 16:27:58,978 [INFO] Reply from ptd: 'Starting untimed measurement, maximum 500000 samples at 1000ms with 0 rampup samples'
ptd-server 2023-02-24 16:27:58,979 [INFO] Sending reply to client 'OK'
ptd-server 2023-02-24 16:38:15,379 [INFO] Got command from the client 'session,2023-02-24_16-27-30,stop,ranging'
ptd-server 2023-02-24 16:38:25,389 [INFO] Sending to ptd: 'Stop'
ptd-server 2023-02-24 16:38:25,390 [INFO] Reply from ptd: 'Stopping untimed measurement'
ptd-server 2023-02-24 16:38:26,056 [INFO] Sending reply to client 'OK'
ptd-server 2023-02-24 16:38:26,201 [INFO] Got command from the client 'time'
ptd-server 2023-02-24 16:38:26,201 [INFO] Sending reply to client '1677256706.2013955'
ptd-server 2023-02-24 16:38:26,202 [INFO] Got command from the client 'session,2023-02-24_16-27-30,start,testing'
ptd-server 2023-02-24 16:38:26,202 [INFO] Sending to ptd: 'SR,V,252.160000'
ptd-server 2023-02-24 16:38:27,703 [INFO] Reply from ptd: 'Range V changed'
ptd-server 2023-02-24 16:38:27,704 [INFO] Sending to ptd: 'SR,A,0.059070'
ptd-server 2023-02-24 16:38:29,205 [INFO] Reply from ptd: 'Range A changed'
ptd-server 2023-02-24 16:38:39,213 [INFO] Starting testing mode
ptd-server 2023-02-24 16:38:39,213 [INFO] Sending to ptd: 'Go,1000,0,2023-02-24_16-27-30_testing'
ptd-server 2023-02-24 16:38:39,214 [INFO] Reply from ptd: 'Starting untimed measurement, maximum 500000 samples at 1000ms with 0 rampup samples'
ptd-server 2023-02-24 16:38:39,214 [INFO] Sending reply to client 'OK'
ptd-server 2023-02-24 16:48:55,556 [INFO] Got command from the client 'session,2023-02-24_16-27-30,stop,testing'
ptd-server 2023-02-24 16:49:05,566 [INFO] Sending to ptd: 'Stop'
ptd-server 2023-02-24 16:49:05,567 [INFO] Reply from ptd: 'Stopping untimed measurement'
ptd-server 2023-02-24 16:49:05,913 [INFO] Sending reply to client 'OK'
ptd-server 2023-02-24 16:49:05,921 [INFO] Got command from the client 'session,2023-02-24_16-27-30,done'
ptd-server 2023-02-24 16:49:05,921 [INFO] Sending to ptd: 'Stop'
ptd-server 2023-02-24 16:49:06,214 [INFO] Reply from ptd: 'Error: no measurement to stop'
ptd-server 2023-02-24 16:49:06,214 [INFO] Sending to ptd: 'SR,V,Auto'
ptd-server 2023-02-24 16:49:06,717 [INFO] Reply from ptd: 'Range V changed'
ptd-server 2023-02-24 16:49:06,717 [INFO] Sending to ptd: 'SR,A,Auto'
ptd-server 2023-02-24 16:49:07,219 [INFO] Reply from ptd: 'Range A changed'
ptd-server 2023-02-24 16:49:07,220 [INFO] Set initial values for Amps Auto and Volts Auto
ptd-server 2023-02-24 16:49:07,220 [INFO] Stopping ptd...
