ptd-server 2023-02-20 18:56:04,916 [INFO] Got command from the client 'time'
ptd-server 2023-02-20 18:56:04,917 [INFO] Sending reply to client '1676919364.9169898'
ptd-server 2023-02-20 18:56:04,918 [INFO] Got command from the client 'new,,14cbd3f3-dba2-47fc-8b97-4bdc6b6f2b61'
ptd-server 2023-02-20 18:56:04,918 [INFO] Sending reply to client 'OK 2023-02-20_18-56-04,2d1e16ce-fcef-411f-81c7-a19f322a7881'
ptd-server 2023-02-20 18:56:04,940 [INFO] Got command from the client 'time'
ptd-server 2023-02-20 18:56:04,940 [INFO] Sending reply to client '1676919364.9406157'
ptd-server 2023-02-20 18:56:04,941 [INFO] Got command from the client 'session,2023-02-20_18-56-04,start,ranging'
ptd-server 2023-02-20 18:56:04,942 [INFO] Running PTDaemon: ['/home/anton/projects/mlperf/power/inference_v1.0/ptd-linux-x86', '-l', '/tmp/tmp4yl1neqp/ptd_logfile.txt', '-p', '8888', '49', '/dev/usbtmc0']
ptd-server 2023-02-20 18:56:22,015 [INFO] Sending to ptd: 'Hello'
ptd-server 2023-02-20 18:56:22,015 [INFO] Reply from ptd: 'Hello, PTDaemon here!'
ptd-server 2023-02-20 18:56:22,015 [INFO] Sending to ptd: 'Identify'
ptd-server 2023-02-20 18:56:22,016 [INFO] Reply from ptd: 'YokogawaWT310E,1000,1,1,1,1,0,1,1,version=1.10.0-ed9a21d2-20220817,OS=Linux 5.15.0-60-generic #66~20.04.1-Ubuntu SMP Wed Jan 25 09:41:30 UTC 2023 x86_64,mode=power,1,1,1,0,0,no_cal_date,YOKOGAWA;WT310E;C3XA04010E;F1.04'
ptd-server 2023-02-20 18:56:22,016 [INFO] Connected to PTDaemon
ptd-server 2023-02-20 18:56:22,016 [INFO] Sending to ptd: 'RR'
ptd-server 2023-02-20 18:56:22,016 [INFO] Reply from ptd: 'Ranges,1,0.100000,1,300.000000'
ptd-server 2023-02-20 18:56:22,017 [INFO] Initial range for Amps is Auto for Volts is Auto
ptd-server 2023-02-20 18:56:22,017 [INFO] Sending to ptd: 'SR,V,Auto'
ptd-server 2023-02-20 18:56:22,519 [INFO] Reply from ptd: 'Range V changed'
ptd-server 2023-02-20 18:56:22,519 [INFO] Sending to ptd: 'SR,A,Auto'
ptd-server 2023-02-20 18:56:23,022 [INFO] Reply from ptd: 'Range A changed'
ptd-server 2023-02-20 18:56:33,032 [INFO] Starting ranging mode
ptd-server 2023-02-20 18:56:33,032 [INFO] Sending to ptd: 'Go,1000,0,2023-02-20_18-56-04_ranging'
ptd-server 2023-02-20 18:56:33,033 [INFO] Reply from ptd: 'Starting untimed measurement, maximum 500000 samples at 1000ms with 0 rampup samples'
ptd-server 2023-02-20 18:56:33,033 [INFO] Sending reply to client 'OK'
ptd-server 2023-02-20 19:07:05,357 [INFO] Got command from the client 'session,2023-02-20_18-56-04,stop,ranging'
ptd-server 2023-02-20 19:07:15,367 [INFO] Sending to ptd: 'Stop'
ptd-server 2023-02-20 19:07:15,368 [INFO] Reply from ptd: 'Stopping untimed measurement'
ptd-server 2023-02-20 19:07:15,598 [INFO] Sending reply to client 'OK'
ptd-server 2023-02-20 19:07:15,714 [INFO] Got command from the client 'time'
ptd-server 2023-02-20 19:07:15,714 [INFO] Sending reply to client '1676920035.714703'
ptd-server 2023-02-20 19:07:15,715 [INFO] Got command from the client 'session,2023-02-20_18-56-04,start,testing'
ptd-server 2023-02-20 19:07:15,715 [INFO] Sending to ptd: 'SR,V,251.540000'
ptd-server 2023-02-20 19:07:17,534 [INFO] Reply from ptd: 'Range V changed'
ptd-server 2023-02-20 19:07:17,534 [INFO] Sending to ptd: 'SR,A,0.079310'
ptd-server 2023-02-20 19:07:19,036 [INFO] Reply from ptd: 'Range A changed'
ptd-server 2023-02-20 19:07:29,046 [INFO] Starting testing mode
ptd-server 2023-02-20 19:07:29,046 [INFO] Sending to ptd: 'Go,1000,0,2023-02-20_18-56-04_testing'
ptd-server 2023-02-20 19:07:29,047 [INFO] Reply from ptd: 'Starting untimed measurement, maximum 500000 samples at 1000ms with 0 rampup samples'
ptd-server 2023-02-20 19:07:29,047 [INFO] Sending reply to client 'OK'
ptd-server 2023-02-20 19:17:56,426 [INFO] Got command from the client 'session,2023-02-20_18-56-04,stop,testing'
ptd-server 2023-02-20 19:18:06,436 [INFO] Sending to ptd: 'Stop'
ptd-server 2023-02-20 19:18:06,437 [INFO] Reply from ptd: 'Stopping untimed measurement'
ptd-server 2023-02-20 19:18:06,564 [INFO] Sending reply to client 'OK'
ptd-server 2023-02-20 19:18:06,572 [INFO] Got command from the client 'session,2023-02-20_18-56-04,done'
ptd-server 2023-02-20 19:18:06,573 [INFO] Sending to ptd: 'Stop'
ptd-server 2023-02-20 19:18:07,048 [INFO] Reply from ptd: 'Error: no measurement to stop'
ptd-server 2023-02-20 19:18:07,048 [INFO] Sending to ptd: 'SR,V,Auto'
ptd-server 2023-02-20 19:18:07,550 [INFO] Reply from ptd: 'Range V changed'
ptd-server 2023-02-20 19:18:07,551 [INFO] Sending to ptd: 'SR,A,Auto'
ptd-server 2023-02-20 19:18:08,053 [INFO] Reply from ptd: 'Range A changed'
ptd-server 2023-02-20 19:18:08,053 [INFO] Set initial values for Amps Auto and Volts Auto
ptd-server 2023-02-20 19:18:08,053 [INFO] Stopping ptd...
