ptd-server 2023-02-28 00:27:52,034 [INFO] Got command from the client 'time'
ptd-server 2023-02-28 00:27:52,034 [INFO] Sending reply to client '1677544072.0348887'
ptd-server 2023-02-28 00:27:52,036 [INFO] Got command from the client 'new,,dea813a0-0fd8-4e4a-b1a8-9bb35f366b45'
ptd-server 2023-02-28 00:27:52,036 [INFO] Sending reply to client 'OK 2023-02-28_00-27-52,6486251f-6db4-4700-a189-fa3935f63636'
ptd-server 2023-02-28 00:27:52,064 [INFO] Got command from the client 'time'
ptd-server 2023-02-28 00:27:52,064 [INFO] Sending reply to client '1677544072.0645468'
ptd-server 2023-02-28 00:27:52,065 [INFO] Got command from the client 'session,2023-02-28_00-27-52,start,ranging'
ptd-server 2023-02-28 00:27:52,066 [INFO] Running PTDaemon: ['/home/anton/projects/mlperf/power/inference_v1.0/ptd-linux-x86', '-l', '/tmp/tmpu4v721n6/ptd_logfile.txt', '-p', '8888', '49', '/dev/usbtmc0']
ptd-server 2023-02-28 00:28:09,154 [INFO] Sending to ptd: 'Hello'
ptd-server 2023-02-28 00:28:09,155 [INFO] Reply from ptd: 'Hello, PTDaemon here!'
ptd-server 2023-02-28 00:28:09,155 [INFO] Sending to ptd: 'Identify'
ptd-server 2023-02-28 00:28:09,155 [INFO] Reply from ptd: 'YokogawaWT310E,1000,1,1,1,1,0,1,1,version=1.10.0-ed9a21d2-20220817,OS=Linux 5.15.0-60-generic #66~20.04.1-Ubuntu SMP Wed Jan 25 09:41:30 UTC 2023 x86_64,mode=power,1,1,1,0,0,no_cal_date,YOKOGAWA;WT310E;C3XA04010E;F1.04'
ptd-server 2023-02-28 00:28:09,155 [INFO] Connected to PTDaemon
ptd-server 2023-02-28 00:28:09,155 [INFO] Sending to ptd: 'RR'
ptd-server 2023-02-28 00:28:09,156 [INFO] Reply from ptd: 'Ranges,0,0.100000,0,300.000000'
ptd-server 2023-02-28 00:28:09,156 [INFO] Initial range for Amps is 0.100000 for Volts is 300.000000
ptd-server 2023-02-28 00:28:09,156 [INFO] Sending to ptd: 'SR,V,Auto'
ptd-server 2023-02-28 00:28:09,658 [INFO] Reply from ptd: 'Range V changed'
ptd-server 2023-02-28 00:28:09,659 [INFO] Sending to ptd: 'SR,A,Auto'
ptd-server 2023-02-28 00:28:10,161 [INFO] Reply from ptd: 'Range A changed'
ptd-server 2023-02-28 00:28:20,168 [INFO] Starting ranging mode
ptd-server 2023-02-28 00:28:20,168 [INFO] Sending to ptd: 'Go,1000,0,2023-02-28_00-27-52_ranging'
ptd-server 2023-02-28 00:28:20,168 [INFO] Reply from ptd: 'Starting untimed measurement, maximum 500000 samples at 1000ms with 0 rampup samples'
ptd-server 2023-02-28 00:28:20,169 [INFO] Sending reply to client 'OK'
ptd-server 2023-02-28 00:38:37,895 [INFO] Got command from the client 'session,2023-02-28_00-27-52,stop,ranging'
ptd-server 2023-02-28 00:38:47,905 [INFO] Sending to ptd: 'Stop'
ptd-server 2023-02-28 00:38:47,906 [INFO] Reply from ptd: 'Stopping untimed measurement'
ptd-server 2023-02-28 00:38:48,297 [INFO] Sending reply to client 'OK'
ptd-server 2023-02-28 00:38:48,342 [INFO] Got command from the client 'time'
ptd-server 2023-02-28 00:38:48,342 [INFO] Sending reply to client '1677544728.3427315'
ptd-server 2023-02-28 00:38:48,345 [INFO] Got command from the client 'session,2023-02-28_00-27-52,start,testing'
ptd-server 2023-02-28 00:38:48,345 [INFO] Sending to ptd: 'SR,V,251.650000'
ptd-server 2023-02-28 00:38:49,847 [INFO] Reply from ptd: 'Range V changed'
ptd-server 2023-02-28 00:38:49,847 [INFO] Sending to ptd: 'SR,A,0.058000'
ptd-server 2023-02-28 00:38:51,348 [INFO] Reply from ptd: 'Range A changed'
ptd-server 2023-02-28 00:39:01,356 [INFO] Starting testing mode
ptd-server 2023-02-28 00:39:01,356 [INFO] Sending to ptd: 'Go,1000,0,2023-02-28_00-27-52_testing'
ptd-server 2023-02-28 00:39:01,356 [INFO] Reply from ptd: 'Starting untimed measurement, maximum 500000 samples at 1000ms with 0 rampup samples'
ptd-server 2023-02-28 00:39:01,357 [INFO] Sending reply to client 'OK'
ptd-server 2023-02-28 00:49:19,084 [INFO] Got command from the client 'session,2023-02-28_00-27-52,stop,testing'
ptd-server 2023-02-28 00:49:29,095 [INFO] Sending to ptd: 'Stop'
ptd-server 2023-02-28 00:49:29,095 [INFO] Reply from ptd: 'Stopping untimed measurement'
ptd-server 2023-02-28 00:49:29,305 [INFO] Sending reply to client 'OK'
ptd-server 2023-02-28 00:49:29,331 [INFO] Got command from the client 'session,2023-02-28_00-27-52,done'
ptd-server 2023-02-28 00:49:29,331 [INFO] Sending to ptd: 'Stop'
ptd-server 2023-02-28 00:49:29,357 [INFO] Reply from ptd: 'Error: no measurement to stop'
ptd-server 2023-02-28 00:49:29,357 [INFO] Sending to ptd: 'SR,V,300.000000'
ptd-server 2023-02-28 00:49:30,858 [INFO] Reply from ptd: 'Range V changed'
ptd-server 2023-02-28 00:49:30,859 [INFO] Sending to ptd: 'SR,A,0.100000'
ptd-server 2023-02-28 00:49:32,360 [INFO] Reply from ptd: 'Range A changed'
ptd-server 2023-02-28 00:49:32,360 [INFO] Set initial values for Amps 0.100000 and Volts 300.000000
ptd-server 2023-02-28 00:49:32,360 [INFO] Stopping ptd...
