ptd-server 2023-02-22 15:32:52,054 [INFO] Got command from the client 'time'
ptd-server 2023-02-22 15:32:52,054 [INFO] Sending reply to client '1677079972.0548952'
ptd-server 2023-02-22 15:32:52,060 [INFO] Got command from the client 'new,,49208cbf-1691-4bf9-b7e0-52abad106223'
ptd-server 2023-02-22 15:32:52,061 [INFO] Sending reply to client 'OK 2023-02-22_15-32-52,55f3ddc7-a167-4165-a3da-4ff404142795'
ptd-server 2023-02-22 15:32:52,084 [INFO] Got command from the client 'time'
ptd-server 2023-02-22 15:32:52,084 [INFO] Sending reply to client '1677079972.0847847'
ptd-server 2023-02-22 15:32:52,088 [INFO] Got command from the client 'session,2023-02-22_15-32-52,start,ranging'
ptd-server 2023-02-22 15:32:52,088 [INFO] Running PTDaemon: ['/media/arjun/T7_Touch/hp-envy/CM/repos/local/cache/9b3695ca8255492a/power/inference_v1.0/ptd-linux-x86', '-l', '/tmp/tmp4rr_3znp/ptd_logfile.txt', '-p', '8888', '49', '/dev/usbtmc0']
ptd-server 2023-02-22 15:33:09,188 [INFO] Sending to ptd: 'Hello'
ptd-server 2023-02-22 15:33:09,189 [INFO] Reply from ptd: 'Hello, PTDaemon here!'
ptd-server 2023-02-22 15:33:09,189 [INFO] Sending to ptd: 'Identify'
ptd-server 2023-02-22 15:33:09,190 [INFO] Reply from ptd: 'YokogawaWT310E,1000,1,1,1,1,0,1,1,version=1.10.0-ed9a21d2-20220817,OS=Linux 5.15.0-56-generic #62-Ubuntu SMP Tue Nov 22 19:54:14 UTC 2022 x86_64,mode=power,1,1,1,0,0,no_cal_date,YOKOGAWA;WT310E;C3YD21068E;F1.04'
ptd-server 2023-02-22 15:33:09,190 [INFO] Connected to PTDaemon
ptd-server 2023-02-22 15:33:09,191 [INFO] Sending to ptd: 'RR'
ptd-server 2023-02-22 15:33:09,191 [INFO] Reply from ptd: 'Ranges,0,0.100000,0,600.000000'
ptd-server 2023-02-22 15:33:09,192 [INFO] Initial range for Amps is 0.100000 for Volts is 600.000000
ptd-server 2023-02-22 15:33:09,192 [INFO] Sending to ptd: 'SR,V,Auto'
ptd-server 2023-02-22 15:33:09,696 [INFO] Reply from ptd: 'Range V changed'
ptd-server 2023-02-22 15:33:09,696 [INFO] Sending to ptd: 'SR,A,Auto'
ptd-server 2023-02-22 15:33:10,200 [INFO] Reply from ptd: 'Range A changed'
ptd-server 2023-02-22 15:33:20,211 [INFO] Starting ranging mode
ptd-server 2023-02-22 15:33:20,211 [INFO] Sending to ptd: 'Go,1000,0,2023-02-22_15-32-52_ranging'
ptd-server 2023-02-22 15:33:20,212 [INFO] Reply from ptd: 'Starting untimed measurement, maximum 500000 samples at 1000ms with 0 rampup samples'
ptd-server 2023-02-22 15:33:20,213 [INFO] Sending reply to client 'OK'
ptd-server 2023-02-22 15:44:02,551 [INFO] Got command from the client 'session,2023-02-22_15-32-52,stop,ranging'
ptd-server 2023-02-22 15:44:12,562 [INFO] Sending to ptd: 'Stop'
ptd-server 2023-02-22 15:44:12,563 [INFO] Reply from ptd: 'Stopping untimed measurement'
ptd-server 2023-02-22 15:44:12,637 [INFO] Sending reply to client 'OK'
ptd-server 2023-02-22 15:44:12,705 [INFO] Got command from the client 'time'
ptd-server 2023-02-22 15:44:12,705 [INFO] Sending reply to client '1677080652.7059305'
ptd-server 2023-02-22 15:44:12,711 [INFO] Got command from the client 'session,2023-02-22_15-32-52,start,testing'
ptd-server 2023-02-22 15:44:12,711 [INFO] Sending to ptd: 'SR,V,247.550000'
ptd-server 2023-02-22 15:44:14,715 [INFO] Reply from ptd: 'Range V changed'
ptd-server 2023-02-22 15:44:14,715 [INFO] Sending to ptd: 'SR,A,0.232260'
ptd-server 2023-02-22 15:44:16,218 [INFO] Reply from ptd: 'Range A changed'
ptd-server 2023-02-22 15:44:26,230 [INFO] Starting testing mode
ptd-server 2023-02-22 15:44:26,230 [INFO] Sending to ptd: 'Go,1000,0,2023-02-22_15-32-52_testing'
ptd-server 2023-02-22 15:44:26,231 [INFO] Reply from ptd: 'Starting untimed measurement, maximum 500000 samples at 1000ms with 0 rampup samples'
ptd-server 2023-02-22 15:44:26,231 [INFO] Sending reply to client 'OK'
ptd-server 2023-02-22 15:55:08,262 [INFO] Got command from the client 'session,2023-02-22_15-32-52,stop,testing'
ptd-server 2023-02-22 15:55:18,273 [INFO] Sending to ptd: 'Stop'
ptd-server 2023-02-22 15:55:18,274 [INFO] Reply from ptd: 'Stopping untimed measurement'
ptd-server 2023-02-22 15:55:18,312 [INFO] Sending reply to client 'OK'
ptd-server 2023-02-22 15:55:18,329 [INFO] Got command from the client 'session,2023-02-22_15-32-52,done'
ptd-server 2023-02-22 15:55:18,329 [INFO] Sending to ptd: 'Stop'
ptd-server 2023-02-22 15:55:19,232 [INFO] Reply from ptd: 'Error: no measurement to stop'
ptd-server 2023-02-22 15:55:19,232 [INFO] Sending to ptd: 'SR,V,600.000000'
ptd-server 2023-02-22 15:55:20,734 [INFO] Reply from ptd: 'Range V changed'
ptd-server 2023-02-22 15:55:20,735 [INFO] Sending to ptd: 'SR,A,0.100000'
ptd-server 2023-02-22 15:55:22,237 [INFO] Reply from ptd: 'Range A changed'
ptd-server 2023-02-22 15:55:22,238 [INFO] Set initial values for Amps 0.100000 and Volts 600.000000
ptd-server 2023-02-22 15:55:22,238 [INFO] Stopping ptd...
