ptd-server 2023-02-26 16:19:45,265 [INFO] Got command from the client 'time'
ptd-server 2023-02-26 16:19:45,265 [INFO] Sending reply to client '1677428385.2654116'
ptd-server 2023-02-26 16:19:45,267 [INFO] Got command from the client 'new,,f58a0c89-7d8c-40ba-959b-2f486a826f01'
ptd-server 2023-02-26 16:19:45,267 [INFO] Sending reply to client 'OK 2023-02-26_16-19-45,99e14859-6a8a-4cab-b5ad-cdcef028af48'
ptd-server 2023-02-26 16:19:45,293 [INFO] Got command from the client 'time'
ptd-server 2023-02-26 16:19:45,293 [INFO] Sending reply to client '1677428385.2937477'
ptd-server 2023-02-26 16:19:45,295 [INFO] Got command from the client 'session,2023-02-26_16-19-45,start,ranging'
ptd-server 2023-02-26 16:19:45,296 [INFO] Running PTDaemon: ['/home/anton/projects/mlperf/power/inference_v1.0/ptd-linux-x86', '-l', '/tmp/tmpu4v721n6/ptd_logfile.txt', '-p', '8888', '49', '/dev/usbtmc0']
ptd-server 2023-02-26 16:20:02,383 [INFO] Sending to ptd: 'Hello'
ptd-server 2023-02-26 16:20:02,384 [INFO] Reply from ptd: 'Hello, PTDaemon here!'
ptd-server 2023-02-26 16:20:02,384 [INFO] Sending to ptd: 'Identify'
ptd-server 2023-02-26 16:20:02,384 [INFO] Reply from ptd: 'YokogawaWT310E,1000,1,1,1,1,0,1,1,version=1.10.0-ed9a21d2-20220817,OS=Linux 5.15.0-60-generic #66~20.04.1-Ubuntu SMP Wed Jan 25 09:41:30 UTC 2023 x86_64,mode=power,1,1,1,0,0,no_cal_date,YOKOGAWA;WT310E;C3XA04010E;F1.04'
ptd-server 2023-02-26 16:20:02,384 [INFO] Connected to PTDaemon
ptd-server 2023-02-26 16:20:02,384 [INFO] Sending to ptd: 'RR'
ptd-server 2023-02-26 16:20:02,385 [INFO] Reply from ptd: 'Ranges,0,0.100000,0,300.000000'
ptd-server 2023-02-26 16:20:02,385 [INFO] Initial range for Amps is 0.100000 for Volts is 300.000000
ptd-server 2023-02-26 16:20:02,385 [INFO] Sending to ptd: 'SR,V,Auto'
ptd-server 2023-02-26 16:20:02,887 [INFO] Reply from ptd: 'Range V changed'
ptd-server 2023-02-26 16:20:02,887 [INFO] Sending to ptd: 'SR,A,Auto'
ptd-server 2023-02-26 16:20:03,390 [INFO] Reply from ptd: 'Range A changed'
ptd-server 2023-02-26 16:20:13,400 [INFO] Starting ranging mode
ptd-server 2023-02-26 16:20:13,400 [INFO] Sending to ptd: 'Go,1000,0,2023-02-26_16-19-45_ranging'
ptd-server 2023-02-26 16:20:13,400 [INFO] Reply from ptd: 'Starting untimed measurement, maximum 500000 samples at 1000ms with 0 rampup samples'
ptd-server 2023-02-26 16:20:13,401 [INFO] Sending reply to client 'OK'
ptd-server 2023-02-26 16:30:28,787 [INFO] Got command from the client 'session,2023-02-26_16-19-45,stop,ranging'
ptd-server 2023-02-26 16:30:38,796 [INFO] Sending to ptd: 'Stop'
ptd-server 2023-02-26 16:30:38,796 [INFO] Reply from ptd: 'Stopping untimed measurement'
ptd-server 2023-02-26 16:30:39,047 [INFO] Sending reply to client 'OK'
ptd-server 2023-02-26 16:30:39,100 [INFO] Got command from the client 'time'
ptd-server 2023-02-26 16:30:39,100 [INFO] Sending reply to client '1677429039.1005046'
ptd-server 2023-02-26 16:30:39,102 [INFO] Got command from the client 'session,2023-02-26_16-19-45,start,testing'
ptd-server 2023-02-26 16:30:39,102 [INFO] Sending to ptd: 'SR,V,249.440000'
ptd-server 2023-02-26 16:30:40,902 [INFO] Reply from ptd: 'Range V changed'
ptd-server 2023-02-26 16:30:40,902 [INFO] Sending to ptd: 'SR,A,0.058620'
ptd-server 2023-02-26 16:30:42,404 [INFO] Reply from ptd: 'Range A changed'
ptd-server 2023-02-26 16:30:52,412 [INFO] Starting testing mode
ptd-server 2023-02-26 16:30:52,412 [INFO] Sending to ptd: 'Go,1000,0,2023-02-26_16-19-45_testing'
ptd-server 2023-02-26 16:30:52,412 [INFO] Reply from ptd: 'Starting untimed measurement, maximum 500000 samples at 1000ms with 0 rampup samples'
ptd-server 2023-02-26 16:30:52,413 [INFO] Sending reply to client 'OK'
ptd-server 2023-02-26 16:41:07,705 [INFO] Got command from the client 'session,2023-02-26_16-19-45,stop,testing'
ptd-server 2023-02-26 16:41:17,715 [INFO] Sending to ptd: 'Stop'
ptd-server 2023-02-26 16:41:17,716 [INFO] Reply from ptd: 'Stopping untimed measurement'
ptd-server 2023-02-26 16:41:17,848 [INFO] Sending reply to client 'OK'
ptd-server 2023-02-26 16:41:17,865 [INFO] Got command from the client 'session,2023-02-26_16-19-45,done'
ptd-server 2023-02-26 16:41:17,866 [INFO] Sending to ptd: 'Stop'
ptd-server 2023-02-26 16:41:18,413 [INFO] Reply from ptd: 'Error: no measurement to stop'
ptd-server 2023-02-26 16:41:18,413 [INFO] Sending to ptd: 'SR,V,300.000000'
ptd-server 2023-02-26 16:41:19,914 [INFO] Reply from ptd: 'Range V changed'
ptd-server 2023-02-26 16:41:19,915 [INFO] Sending to ptd: 'SR,A,0.100000'
ptd-server 2023-02-26 16:41:21,416 [INFO] Reply from ptd: 'Range A changed'
ptd-server 2023-02-26 16:41:21,416 [INFO] Set initial values for Amps 0.100000 and Volts 300.000000
ptd-server 2023-02-26 16:41:21,416 [INFO] Stopping ptd...
