ptd-server 2023-02-25 10:11:54,148 [INFO] Got command from the client 'time'
ptd-server 2023-02-25 10:11:54,148 [INFO] Sending reply to client '1677319914.1482203'
ptd-server 2023-02-25 10:11:54,150 [INFO] Got command from the client 'new,,0dce2689-b2d6-49d4-af8f-40ef743cf7c6'
ptd-server 2023-02-25 10:11:54,150 [INFO] Sending reply to client 'OK 2023-02-25_10-11-54,78838033-e30d-4452-9d5b-470097017e0a'
ptd-server 2023-02-25 10:11:54,173 [INFO] Got command from the client 'time'
ptd-server 2023-02-25 10:11:54,174 [INFO] Sending reply to client '1677319914.1740549'
ptd-server 2023-02-25 10:11:54,175 [INFO] Got command from the client 'session,2023-02-25_10-11-54,start,ranging'
ptd-server 2023-02-25 10:11:54,175 [INFO] Running PTDaemon: ['/home/anton/projects/mlperf/power/inference_v1.0/ptd-linux-x86', '-l', '/tmp/tmpu4v721n6/ptd_logfile.txt', '-p', '8888', '49', '/dev/usbtmc0']
ptd-server 2023-02-25 10:12:11,262 [INFO] Sending to ptd: 'Hello'
ptd-server 2023-02-25 10:12:11,263 [INFO] Reply from ptd: 'Hello, PTDaemon here!'
ptd-server 2023-02-25 10:12:11,263 [INFO] Sending to ptd: 'Identify'
ptd-server 2023-02-25 10:12:11,264 [INFO] Reply from ptd: 'YokogawaWT310E,1000,1,1,1,1,0,1,1,version=1.10.0-ed9a21d2-20220817,OS=Linux 5.15.0-60-generic #66~20.04.1-Ubuntu SMP Wed Jan 25 09:41:30 UTC 2023 x86_64,mode=power,1,1,1,0,0,no_cal_date,YOKOGAWA;WT310E;C3XA04010E;F1.04'
ptd-server 2023-02-25 10:12:11,264 [INFO] Connected to PTDaemon
ptd-server 2023-02-25 10:12:11,264 [INFO] Sending to ptd: 'RR'
ptd-server 2023-02-25 10:12:11,264 [INFO] Reply from ptd: 'Ranges,0,0.100000,0,300.000000'
ptd-server 2023-02-25 10:12:11,264 [INFO] Initial range for Amps is 0.100000 for Volts is 300.000000
ptd-server 2023-02-25 10:12:11,264 [INFO] Sending to ptd: 'SR,V,Auto'
ptd-server 2023-02-25 10:12:11,767 [INFO] Reply from ptd: 'Range V changed'
ptd-server 2023-02-25 10:12:11,767 [INFO] Sending to ptd: 'SR,A,Auto'
ptd-server 2023-02-25 10:12:12,269 [INFO] Reply from ptd: 'Range A changed'
ptd-server 2023-02-25 10:12:22,280 [INFO] Starting ranging mode
ptd-server 2023-02-25 10:12:22,280 [INFO] Sending to ptd: 'Go,1000,0,2023-02-25_10-11-54_ranging'
ptd-server 2023-02-25 10:12:22,280 [INFO] Reply from ptd: 'Starting untimed measurement, maximum 500000 samples at 1000ms with 0 rampup samples'
ptd-server 2023-02-25 10:12:22,281 [INFO] Sending reply to client 'OK'
ptd-server 2023-02-25 10:22:37,758 [INFO] Got command from the client 'session,2023-02-25_10-11-54,stop,ranging'
ptd-server 2023-02-25 10:22:47,769 [INFO] Sending to ptd: 'Stop'
ptd-server 2023-02-25 10:22:47,769 [INFO] Reply from ptd: 'Stopping untimed measurement'
ptd-server 2023-02-25 10:22:47,846 [INFO] Sending reply to client 'OK'
ptd-server 2023-02-25 10:22:48,059 [INFO] Got command from the client 'time'
ptd-server 2023-02-25 10:22:48,060 [INFO] Sending reply to client '1677320568.0600395'
ptd-server 2023-02-25 10:22:48,061 [INFO] Got command from the client 'session,2023-02-25_10-11-54,start,testing'
ptd-server 2023-02-25 10:22:48,061 [INFO] Sending to ptd: 'SR,V,253.470000'
ptd-server 2023-02-25 10:22:49,781 [INFO] Reply from ptd: 'Range V changed'
ptd-server 2023-02-25 10:22:49,782 [INFO] Sending to ptd: 'SR,A,0.066530'
ptd-server 2023-02-25 10:22:51,283 [INFO] Reply from ptd: 'Range A changed'
ptd-server 2023-02-25 10:23:01,293 [INFO] Starting testing mode
ptd-server 2023-02-25 10:23:01,293 [INFO] Sending to ptd: 'Go,1000,0,2023-02-25_10-11-54_testing'
ptd-server 2023-02-25 10:23:01,294 [INFO] Reply from ptd: 'Starting untimed measurement, maximum 500000 samples at 1000ms with 0 rampup samples'
ptd-server 2023-02-25 10:23:01,294 [INFO] Sending reply to client 'OK'
ptd-server 2023-02-25 10:33:16,754 [INFO] Got command from the client 'session,2023-02-25_10-11-54,stop,testing'
ptd-server 2023-02-25 10:33:26,764 [INFO] Sending to ptd: 'Stop'
ptd-server 2023-02-25 10:33:26,764 [INFO] Reply from ptd: 'Stopping untimed measurement'
ptd-server 2023-02-25 10:33:26,804 [INFO] Sending reply to client 'OK'
ptd-server 2023-02-25 10:33:26,824 [INFO] Got command from the client 'session,2023-02-25_10-11-54,done'
ptd-server 2023-02-25 10:33:26,824 [INFO] Sending to ptd: 'Stop'
ptd-server 2023-02-25 10:33:27,295 [INFO] Reply from ptd: 'Error: no measurement to stop'
ptd-server 2023-02-25 10:33:27,295 [INFO] Sending to ptd: 'SR,V,300.000000'
ptd-server 2023-02-25 10:33:28,796 [INFO] Reply from ptd: 'Range V changed'
ptd-server 2023-02-25 10:33:28,796 [INFO] Sending to ptd: 'SR,A,0.100000'
ptd-server 2023-02-25 10:33:30,298 [INFO] Reply from ptd: 'Range A changed'
ptd-server 2023-02-25 10:33:30,298 [INFO] Set initial values for Amps 0.100000 and Volts 300.000000
ptd-server 2023-02-25 10:33:30,298 [INFO] Stopping ptd...
