ptd-server 2023-02-23 22:51:32,339 [INFO] Got command from the client 'time'
ptd-server 2023-02-23 22:51:32,339 [INFO] Sending reply to client '1677192692.3395827'
ptd-server 2023-02-23 22:51:32,343 [INFO] Got command from the client 'new,,5a3ec21b-d559-46a2-8a23-e6542d34c561'
ptd-server 2023-02-23 22:51:32,344 [INFO] Sending reply to client 'OK 2023-02-23_22-51-32,7f607053-89d5-4593-bbbb-7a1e1c9c5ce9'
ptd-server 2023-02-23 22:51:32,366 [INFO] Got command from the client 'time'
ptd-server 2023-02-23 22:51:32,366 [INFO] Sending reply to client '1677192692.3668432'
ptd-server 2023-02-23 22:51:32,369 [INFO] Got command from the client 'session,2023-02-23_22-51-32,start,ranging'
ptd-server 2023-02-23 22:51:32,370 [INFO] Running PTDaemon: ['/media/arjun/T7_Touch/hp-envy/CM/repos/local/cache/9b3695ca8255492a/power/inference_v1.0/ptd-linux-x86', '-l', '/tmp/tmpti64566v/ptd_logfile.txt', '-p', '8888', '49', '/dev/usbtmc0']
ptd-server 2023-02-23 22:51:49,466 [INFO] Sending to ptd: 'Hello'
ptd-server 2023-02-23 22:51:49,466 [INFO] Reply from ptd: 'Hello, PTDaemon here!'
ptd-server 2023-02-23 22:51:49,467 [INFO] Sending to ptd: 'Identify'
ptd-server 2023-02-23 22:51:49,467 [INFO] Reply from ptd: 'YokogawaWT310E,1000,1,1,1,1,0,1,1,version=1.10.0-ed9a21d2-20220817,OS=Linux 5.15.0-56-generic #62-Ubuntu SMP Tue Nov 22 19:54:14 UTC 2022 x86_64,mode=power,1,1,1,0,0,no_cal_date,YOKOGAWA;WT310E;C3YD21068E;F1.04'
ptd-server 2023-02-23 22:51:49,467 [INFO] Connected to PTDaemon
ptd-server 2023-02-23 22:51:49,467 [INFO] Sending to ptd: 'RR'
ptd-server 2023-02-23 22:51:49,467 [INFO] Reply from ptd: 'Ranges,0,0.100000,0,600.000000'
ptd-server 2023-02-23 22:51:49,467 [INFO] Initial range for Amps is 0.100000 for Volts is 600.000000
ptd-server 2023-02-23 22:51:49,467 [INFO] Sending to ptd: 'SR,V,Auto'
ptd-server 2023-02-23 22:51:49,971 [INFO] Reply from ptd: 'Range V changed'
ptd-server 2023-02-23 22:51:49,971 [INFO] Sending to ptd: 'SR,A,Auto'
ptd-server 2023-02-23 22:51:50,475 [INFO] Reply from ptd: 'Range A changed'
ptd-server 2023-02-23 22:52:00,486 [INFO] Starting ranging mode
ptd-server 2023-02-23 22:52:00,486 [INFO] Sending to ptd: 'Go,1000,0,2023-02-23_22-51-32_ranging'
ptd-server 2023-02-23 22:52:00,487 [INFO] Reply from ptd: 'Starting untimed measurement, maximum 500000 samples at 1000ms with 0 rampup samples'
ptd-server 2023-02-23 22:52:00,488 [INFO] Sending reply to client 'OK'
ptd-server 2023-02-23 23:03:23,111 [INFO] Got command from the client 'session,2023-02-23_22-51-32,stop,ranging'
ptd-server 2023-02-23 23:03:33,122 [INFO] Sending to ptd: 'Stop'
ptd-server 2023-02-23 23:03:33,123 [INFO] Reply from ptd: 'Stopping untimed measurement'
ptd-server 2023-02-23 23:03:33,176 [INFO] Sending reply to client 'OK'
ptd-server 2023-02-23 23:03:33,247 [INFO] Got command from the client 'time'
ptd-server 2023-02-23 23:03:33,247 [INFO] Sending reply to client '1677193413.2473633'
ptd-server 2023-02-23 23:03:33,251 [INFO] Got command from the client 'session,2023-02-23_22-51-32,start,testing'
ptd-server 2023-02-23 23:03:33,251 [INFO] Sending to ptd: 'SR,V,250.470000'
ptd-server 2023-02-23 23:03:34,992 [INFO] Reply from ptd: 'Range V changed'
ptd-server 2023-02-23 23:03:34,992 [INFO] Sending to ptd: 'SR,A,0.245540'
ptd-server 2023-02-23 23:03:36,495 [INFO] Reply from ptd: 'Range A changed'
ptd-server 2023-02-23 23:03:46,506 [INFO] Starting testing mode
ptd-server 2023-02-23 23:03:46,507 [INFO] Sending to ptd: 'Go,1000,0,2023-02-23_22-51-32_testing'
ptd-server 2023-02-23 23:03:46,507 [INFO] Reply from ptd: 'Starting untimed measurement, maximum 500000 samples at 1000ms with 0 rampup samples'
ptd-server 2023-02-23 23:03:46,508 [INFO] Sending reply to client 'OK'
ptd-server 2023-02-23 23:15:18,039 [INFO] Got command from the client 'session,2023-02-23_22-51-32,stop,testing'
ptd-server 2023-02-23 23:15:28,050 [INFO] Sending to ptd: 'Stop'
ptd-server 2023-02-23 23:15:28,050 [INFO] Reply from ptd: 'Stopping untimed measurement'
ptd-server 2023-02-23 23:15:28,086 [INFO] Sending reply to client 'OK'
ptd-server 2023-02-23 23:15:28,102 [INFO] Got command from the client 'session,2023-02-23_22-51-32,done'
ptd-server 2023-02-23 23:15:28,102 [INFO] Sending to ptd: 'Stop'
ptd-server 2023-02-23 23:15:28,509 [INFO] Reply from ptd: 'Error: no measurement to stop'
ptd-server 2023-02-23 23:15:28,509 [INFO] Sending to ptd: 'SR,V,600.000000'
ptd-server 2023-02-23 23:15:30,012 [INFO] Reply from ptd: 'Range V changed'
ptd-server 2023-02-23 23:15:30,013 [INFO] Sending to ptd: 'SR,A,0.100000'
ptd-server 2023-02-23 23:15:31,516 [INFO] Reply from ptd: 'Range A changed'
ptd-server 2023-02-23 23:15:31,516 [INFO] Set initial values for Amps 0.100000 and Volts 600.000000
ptd-server 2023-02-23 23:15:31,517 [INFO] Stopping ptd...
