ptd-server 2023-02-24 06:30:55,157 [INFO] Got command from the client 'time'
ptd-server 2023-02-24 06:30:55,157 [INFO] Sending reply to client '1677241855.1576464'
ptd-server 2023-02-24 06:30:55,160 [INFO] Got command from the client 'new,,bd012586-eeb7-484d-b65d-f04e50f24afc'
ptd-server 2023-02-24 06:30:55,161 [INFO] Sending reply to client 'OK 2023-02-24_06-30-55,aa4b376d-b702-41d0-a2fd-db9f4e843a3c'
ptd-server 2023-02-24 06:30:55,266 [INFO] Got command from the client 'time'
ptd-server 2023-02-24 06:30:55,266 [INFO] Sending reply to client '1677241855.2667887'
ptd-server 2023-02-24 06:30:55,269 [INFO] Got command from the client 'session,2023-02-24_06-30-55,start,ranging'
ptd-server 2023-02-24 06:30:55,269 [INFO] Running PTDaemon: ['/local/mnt/workspace/mlcommons/power-main/inference_v1.0/ptd-linux-x86', '-l', '/tmp/tmpgrsgboht/ptd_logfile.txt', '-p', '8888', '-c', '2', '52', '/dev/usbtmc0']
ptd-server 2023-02-24 06:31:12,290 [INFO] Sending to ptd: 'Hello'
ptd-server 2023-02-24 06:31:12,291 [INFO] Reply from ptd: 'Hello, PTDaemon here!'
ptd-server 2023-02-24 06:31:12,292 [INFO] Sending to ptd: 'Identify'
ptd-server 2023-02-24 06:31:12,292 [INFO] Reply from ptd: 'YokogawaWT330,1000,1,1,1,1,0,0,1,version=1.10.0-ed9a21d2-20220817,OS=Linux 5.4.0-120-generic #136~18.04.1-Ubuntu SMP Fri Jun 10 18:00:44 UTC 2022 x86_64,mode=power,1,1,1,0,0,no_cal_date,YOKOGAWA;WT333;C2QH26002V;F1.06'
ptd-server 2023-02-24 06:31:12,292 [INFO] Connected to PTDaemon
ptd-server 2023-02-24 06:31:12,292 [INFO] Sending to ptd: 'RR'
ptd-server 2023-02-24 06:31:12,293 [INFO] Reply from ptd: 'Ranges,1,0.500000,1,150.000000'
ptd-server 2023-02-24 06:31:12,293 [INFO] Initial range for Amps is Auto for Volts is Auto
ptd-server 2023-02-24 06:31:12,293 [INFO] Sending to ptd: 'SR,V,Auto'
ptd-server 2023-02-24 06:31:12,835 [INFO] Reply from ptd: 'Range V changed'
ptd-server 2023-02-24 06:31:12,835 [INFO] Sending to ptd: 'SR,A,Auto'
ptd-server 2023-02-24 06:31:13,338 [INFO] Reply from ptd: 'Range A changed'
ptd-server 2023-02-24 06:31:23,349 [INFO] Starting ranging mode
ptd-server 2023-02-24 06:31:23,349 [INFO] Sending to ptd: 'Go,1000,0,2023-02-24_06-30-55_ranging'
ptd-server 2023-02-24 06:31:23,350 [INFO] Reply from ptd: 'Starting untimed measurement, maximum 500000 samples at 1000ms with 0 rampup samples'
ptd-server 2023-02-24 06:31:23,350 [INFO] Sending reply to client 'OK'
ptd-server 2023-02-24 06:44:34,102 [INFO] Got command from the client 'session,2023-02-24_06-30-55,stop,ranging'
ptd-server 2023-02-24 06:44:44,112 [INFO] Sending to ptd: 'Stop'
ptd-server 2023-02-24 06:44:44,113 [INFO] Reply from ptd: 'Stopping untimed measurement'
ptd-server 2023-02-24 06:44:44,125 [INFO] Sending reply to client 'OK'
ptd-server 2023-02-24 06:44:44,349 [INFO] Got command from the client 'time'
ptd-server 2023-02-24 06:44:44,349 [INFO] Sending reply to client '1677242684.3492563'
ptd-server 2023-02-24 06:44:44,352 [INFO] Got command from the client 'session,2023-02-24_06-30-55,start,testing'
ptd-server 2023-02-24 06:44:44,352 [INFO] Sending to ptd: 'SR,V,120.520000'
ptd-server 2023-02-24 06:44:45,854 [INFO] Reply from ptd: 'Range V changed'
ptd-server 2023-02-24 06:44:45,854 [INFO] Sending to ptd: 'SR,A,0.285000'
ptd-server 2023-02-24 06:44:47,357 [INFO] Reply from ptd: 'Range A changed'
ptd-server 2023-02-24 06:44:57,367 [INFO] Starting testing mode
ptd-server 2023-02-24 06:44:57,368 [INFO] Sending to ptd: 'Go,1000,0,2023-02-24_06-30-55_testing'
ptd-server 2023-02-24 06:44:57,368 [INFO] Reply from ptd: 'Starting untimed measurement, maximum 500000 samples at 1000ms with 0 rampup samples'
ptd-server 2023-02-24 06:44:57,368 [INFO] Sending reply to client 'OK'
ptd-server 2023-02-24 06:58:05,501 [INFO] Got command from the client 'session,2023-02-24_06-30-55,stop,testing'
ptd-server 2023-02-24 06:58:15,511 [INFO] Sending to ptd: 'Stop'
ptd-server 2023-02-24 06:58:15,512 [INFO] Reply from ptd: 'Stopping untimed measurement'
ptd-server 2023-02-24 06:58:15,517 [INFO] Sending reply to client 'OK'
ptd-server 2023-02-24 06:58:15,550 [INFO] Got command from the client 'session,2023-02-24_06-30-55,done'
ptd-server 2023-02-24 06:58:15,551 [INFO] Sending to ptd: 'Stop'
ptd-server 2023-02-24 06:58:16,369 [INFO] Reply from ptd: 'Error: no measurement to stop'
ptd-server 2023-02-24 06:58:16,369 [INFO] Sending to ptd: 'SR,V,Auto'
ptd-server 2023-02-24 06:58:16,873 [INFO] Reply from ptd: 'Range V changed'
ptd-server 2023-02-24 06:58:16,873 [INFO] Sending to ptd: 'SR,A,Auto'
ptd-server 2023-02-24 06:58:17,376 [INFO] Reply from ptd: 'Range A changed'
ptd-server 2023-02-24 06:58:17,376 [INFO] Set initial values for Amps Auto and Volts Auto
ptd-server 2023-02-24 06:58:17,377 [INFO] Stopping ptd...
