ptd-server 2023-02-25 04:02:12,563 [INFO] Got command from the client 'time'
ptd-server 2023-02-25 04:02:12,563 [INFO] Sending reply to client '1677297732.563759'
ptd-server 2023-02-25 04:02:12,565 [INFO] Got command from the client 'new,,408e2cdd-f22a-44aa-ac5d-0becf82f2dd2'
ptd-server 2023-02-25 04:02:12,566 [INFO] Sending reply to client 'OK 2023-02-25_04-02-12,1d068f4a-6e36-4e5c-a9aa-5d5dc4f4f623'
ptd-server 2023-02-25 04:02:12,593 [INFO] Got command from the client 'time'
ptd-server 2023-02-25 04:02:12,593 [INFO] Sending reply to client '1677297732.5933945'
ptd-server 2023-02-25 04:02:12,595 [INFO] Got command from the client 'session,2023-02-25_04-02-12,start,ranging'
ptd-server 2023-02-25 04:02:12,595 [INFO] Running PTDaemon: ['/home/anton/projects/mlperf/power/inference_v1.0/ptd-linux-x86', '-l', '/tmp/tmpu4v721n6/ptd_logfile.txt', '-p', '8888', '49', '/dev/usbtmc0']
ptd-server 2023-02-25 04:02:29,682 [INFO] Sending to ptd: 'Hello'
ptd-server 2023-02-25 04:02:29,683 [INFO] Reply from ptd: 'Hello, PTDaemon here!'
ptd-server 2023-02-25 04:02:29,683 [INFO] Sending to ptd: 'Identify'
ptd-server 2023-02-25 04:02:29,683 [INFO] Reply from ptd: 'YokogawaWT310E,1000,1,1,1,1,0,1,1,version=1.10.0-ed9a21d2-20220817,OS=Linux 5.15.0-60-generic #66~20.04.1-Ubuntu SMP Wed Jan 25 09:41:30 UTC 2023 x86_64,mode=power,1,1,1,0,0,no_cal_date,YOKOGAWA;WT310E;C3XA04010E;F1.04'
ptd-server 2023-02-25 04:02:29,683 [INFO] Connected to PTDaemon
ptd-server 2023-02-25 04:02:29,684 [INFO] Sending to ptd: 'RR'
ptd-server 2023-02-25 04:02:29,684 [INFO] Reply from ptd: 'Ranges,0,0.100000,0,300.000000'
ptd-server 2023-02-25 04:02:29,684 [INFO] Initial range for Amps is 0.100000 for Volts is 300.000000
ptd-server 2023-02-25 04:02:29,684 [INFO] Sending to ptd: 'SR,V,Auto'
ptd-server 2023-02-25 04:02:30,187 [INFO] Reply from ptd: 'Range V changed'
ptd-server 2023-02-25 04:02:30,187 [INFO] Sending to ptd: 'SR,A,Auto'
ptd-server 2023-02-25 04:02:30,689 [INFO] Reply from ptd: 'Range A changed'
ptd-server 2023-02-25 04:02:40,700 [INFO] Starting ranging mode
ptd-server 2023-02-25 04:02:40,700 [INFO] Sending to ptd: 'Go,1000,0,2023-02-25_04-02-12_ranging'
ptd-server 2023-02-25 04:02:40,700 [INFO] Reply from ptd: 'Starting untimed measurement, maximum 500000 samples at 1000ms with 0 rampup samples'
ptd-server 2023-02-25 04:02:40,700 [INFO] Sending reply to client 'OK'
ptd-server 2023-02-25 04:12:55,779 [INFO] Got command from the client 'session,2023-02-25_04-02-12,stop,ranging'
ptd-server 2023-02-25 04:13:05,788 [INFO] Sending to ptd: 'Stop'
ptd-server 2023-02-25 04:13:05,788 [INFO] Reply from ptd: 'Stopping untimed measurement'
ptd-server 2023-02-25 04:13:05,821 [INFO] Sending reply to client 'OK'
ptd-server 2023-02-25 04:13:05,867 [INFO] Got command from the client 'time'
ptd-server 2023-02-25 04:13:05,867 [INFO] Sending reply to client '1677298385.8678792'
ptd-server 2023-02-25 04:13:05,870 [INFO] Got command from the client 'session,2023-02-25_04-02-12,start,testing'
ptd-server 2023-02-25 04:13:05,871 [INFO] Sending to ptd: 'SR,V,251.870000'
ptd-server 2023-02-25 04:13:08,201 [INFO] Reply from ptd: 'Range V changed'
ptd-server 2023-02-25 04:13:08,201 [INFO] Sending to ptd: 'SR,A,0.055410'
ptd-server 2023-02-25 04:13:09,703 [INFO] Reply from ptd: 'Range A changed'
ptd-server 2023-02-25 04:13:19,712 [INFO] Starting testing mode
ptd-server 2023-02-25 04:13:19,712 [INFO] Sending to ptd: 'Go,1000,0,2023-02-25_04-02-12_testing'
ptd-server 2023-02-25 04:13:19,712 [INFO] Reply from ptd: 'Starting untimed measurement, maximum 500000 samples at 1000ms with 0 rampup samples'
ptd-server 2023-02-25 04:13:19,713 [INFO] Sending reply to client 'OK'
ptd-server 2023-02-25 04:23:34,790 [INFO] Got command from the client 'session,2023-02-25_04-02-12,stop,testing'
ptd-server 2023-02-25 04:23:44,801 [INFO] Sending to ptd: 'Stop'
ptd-server 2023-02-25 04:23:44,801 [INFO] Reply from ptd: 'Stopping untimed measurement'
ptd-server 2023-02-25 04:23:44,819 [INFO] Sending reply to client 'OK'
ptd-server 2023-02-25 04:23:44,835 [INFO] Got command from the client 'session,2023-02-25_04-02-12,done'
ptd-server 2023-02-25 04:23:44,835 [INFO] Sending to ptd: 'Stop'
ptd-server 2023-02-25 04:23:45,713 [INFO] Reply from ptd: 'Error: no measurement to stop'
ptd-server 2023-02-25 04:23:45,713 [INFO] Sending to ptd: 'SR,V,300.000000'
ptd-server 2023-02-25 04:23:47,214 [INFO] Reply from ptd: 'Range V changed'
ptd-server 2023-02-25 04:23:47,215 [INFO] Sending to ptd: 'SR,A,0.100000'
ptd-server 2023-02-25 04:23:48,716 [INFO] Reply from ptd: 'Range A changed'
ptd-server 2023-02-25 04:23:48,716 [INFO] Set initial values for Amps 0.100000 and Volts 300.000000
ptd-server 2023-02-25 04:23:48,716 [INFO] Stopping ptd...
