ptd-server 2023-03-01 12:37:58,594 [INFO] Got command from the client 'time'
ptd-server 2023-03-01 12:37:58,595 [INFO] Sending reply to client '1677674278.595032'
ptd-server 2023-03-01 12:37:58,596 [INFO] Got command from the client 'new,,279ecb2b-fd1b-4871-8909-8e2d48206086'
ptd-server 2023-03-01 12:37:58,597 [INFO] Sending reply to client 'OK 2023-03-01_12-37-58,22f9916d-7e48-4590-b141-9a16979c85f0'
ptd-server 2023-03-01 12:37:58,630 [INFO] Got command from the client 'time'
ptd-server 2023-03-01 12:37:58,630 [INFO] Sending reply to client '1677674278.6304762'
ptd-server 2023-03-01 12:37:58,632 [INFO] Got command from the client 'session,2023-03-01_12-37-58,start,ranging'
ptd-server 2023-03-01 12:37:58,632 [INFO] Running PTDaemon: ['/home/anton/projects/mlperf/power/inference_v1.0/ptd-linux-x86', '-l', '/tmp/tmpu4v721n6/ptd_logfile.txt', '-p', '8888', '49', '/dev/usbtmc0']
ptd-server 2023-03-01 12:38:15,717 [INFO] Sending to ptd: 'Hello'
ptd-server 2023-03-01 12:38:15,717 [INFO] Reply from ptd: 'Hello, PTDaemon here!'
ptd-server 2023-03-01 12:38:15,717 [INFO] Sending to ptd: 'Identify'
ptd-server 2023-03-01 12:38:15,718 [INFO] Reply from ptd: 'YokogawaWT310E,1000,1,1,1,1,0,1,1,version=1.10.0-ed9a21d2-20220817,OS=Linux 5.15.0-60-generic #66~20.04.1-Ubuntu SMP Wed Jan 25 09:41:30 UTC 2023 x86_64,mode=power,1,1,1,0,0,no_cal_date,YOKOGAWA;WT310E;C3XA04010E;F1.04'
ptd-server 2023-03-01 12:38:15,718 [INFO] Connected to PTDaemon
ptd-server 2023-03-01 12:38:15,718 [INFO] Sending to ptd: 'RR'
ptd-server 2023-03-01 12:38:15,718 [INFO] Reply from ptd: 'Ranges,0,0.100000,0,300.000000'
ptd-server 2023-03-01 12:38:15,718 [INFO] Initial range for Amps is 0.100000 for Volts is 300.000000
ptd-server 2023-03-01 12:38:15,718 [INFO] Sending to ptd: 'SR,V,Auto'
ptd-server 2023-03-01 12:38:16,221 [INFO] Reply from ptd: 'Range V changed'
ptd-server 2023-03-01 12:38:16,221 [INFO] Sending to ptd: 'SR,A,Auto'
ptd-server 2023-03-01 12:38:16,724 [INFO] Reply from ptd: 'Range A changed'
ptd-server 2023-03-01 12:38:26,732 [INFO] Starting ranging mode
ptd-server 2023-03-01 12:38:26,732 [INFO] Sending to ptd: 'Go,1000,0,2023-03-01_12-37-58_ranging'
ptd-server 2023-03-01 12:38:26,732 [INFO] Reply from ptd: 'Starting untimed measurement, maximum 500000 samples at 1000ms with 0 rampup samples'
ptd-server 2023-03-01 12:38:26,733 [INFO] Sending reply to client 'OK'
ptd-server 2023-03-01 12:48:50,931 [INFO] Got command from the client 'session,2023-03-01_12-37-58,stop,ranging'
ptd-server 2023-03-01 12:49:00,940 [INFO] Sending to ptd: 'Stop'
ptd-server 2023-03-01 12:49:00,940 [INFO] Reply from ptd: 'Stopping untimed measurement'
ptd-server 2023-03-01 12:49:01,549 [INFO] Sending reply to client 'OK'
ptd-server 2023-03-01 12:49:02,009 [INFO] Got command from the client 'time'
ptd-server 2023-03-01 12:49:02,009 [INFO] Sending reply to client '1677674942.0098546'
ptd-server 2023-03-01 12:49:02,011 [INFO] Got command from the client 'session,2023-03-01_12-37-58,start,testing'
ptd-server 2023-03-01 12:49:02,011 [INFO] Sending to ptd: 'SR,V,252.420000'
ptd-server 2023-03-01 12:49:03,512 [INFO] Reply from ptd: 'Range V changed'
ptd-server 2023-03-01 12:49:03,513 [INFO] Sending to ptd: 'SR,A,0.074200'
ptd-server 2023-03-01 12:49:05,014 [INFO] Reply from ptd: 'Range A changed'
ptd-server 2023-03-01 12:49:15,024 [INFO] Starting testing mode
ptd-server 2023-03-01 12:49:15,024 [INFO] Sending to ptd: 'Go,1000,0,2023-03-01_12-37-58_testing'
ptd-server 2023-03-01 12:49:15,024 [INFO] Reply from ptd: 'Starting untimed measurement, maximum 500000 samples at 1000ms with 0 rampup samples'
ptd-server 2023-03-01 12:49:15,025 [INFO] Sending reply to client 'OK'
ptd-server 2023-03-01 12:59:39,090 [INFO] Got command from the client 'session,2023-03-01_12-37-58,stop,testing'
ptd-server 2023-03-01 12:59:49,101 [INFO] Sending to ptd: 'Stop'
ptd-server 2023-03-01 12:59:49,101 [INFO] Reply from ptd: 'Stopping untimed measurement'
ptd-server 2023-03-01 12:59:49,411 [INFO] Sending reply to client 'OK'
ptd-server 2023-03-01 12:59:49,429 [INFO] Got command from the client 'session,2023-03-01_12-37-58,done'
ptd-server 2023-03-01 12:59:49,429 [INFO] Sending to ptd: 'Stop'
ptd-server 2023-03-01 12:59:50,024 [INFO] Reply from ptd: 'Error: no measurement to stop'
ptd-server 2023-03-01 12:59:50,025 [INFO] Sending to ptd: 'SR,V,300.000000'
ptd-server 2023-03-01 12:59:51,526 [INFO] Reply from ptd: 'Range V changed'
ptd-server 2023-03-01 12:59:51,526 [INFO] Sending to ptd: 'SR,A,0.100000'
ptd-server 2023-03-01 12:59:53,028 [INFO] Reply from ptd: 'Range A changed'
ptd-server 2023-03-01 12:59:53,028 [INFO] Set initial values for Amps 0.100000 and Volts 300.000000
ptd-server 2023-03-01 12:59:53,028 [INFO] Stopping ptd...
