ptd-server 2023-02-15 03:53:00,212 [INFO] Got command from the client 'time'
ptd-server 2023-02-15 03:53:00,212 [INFO] Sending reply to client '1676454780.2122695'
ptd-server 2023-02-15 03:53:00,213 [INFO] Got command from the client 'new,,9d793c8f-9d03-40c8-935c-1e5cfe9b2d39'
ptd-server 2023-02-15 03:53:00,214 [INFO] Sending reply to client 'OK 2023-02-15_03-53-00,0349be8c-a131-488d-b28f-0658db919bc4'
ptd-server 2023-02-15 03:53:00,293 [INFO] Got command from the client 'time'
ptd-server 2023-02-15 03:53:00,294 [INFO] Sending reply to client '1676454780.2941103'
ptd-server 2023-02-15 03:53:00,295 [INFO] Got command from the client 'session,2023-02-15_03-53-00,start,ranging'
ptd-server 2023-02-15 03:53:00,295 [INFO] Running PTDaemon: ['/local/mnt/workspace/mlcommons/power-main/inference_v1.0/ptd-linux-x86', '-l', '/tmp/tmp9e4egqlt/ptd_logfile.txt', '-p', '8888', '49', '/dev/usbtmc0']
ptd-server 2023-02-15 03:53:17,318 [INFO] Sending to ptd: 'Hello'
ptd-server 2023-02-15 03:53:17,319 [INFO] Reply from ptd: 'Hello, PTDaemon here!'
ptd-server 2023-02-15 03:53:17,319 [INFO] Sending to ptd: 'Identify'
ptd-server 2023-02-15 03:53:17,320 [INFO] Reply from ptd: 'YokogawaWT310E,1000,1,1,1,1,0,1,1,version=1.10.0-ed9a21d2-20220817,OS=Linux 5.4.0-120-generic #136~18.04.1-Ubuntu SMP Fri Jun 10 18:00:44 UTC 2022 x86_64,mode=power,1,1,1,0,0,no_cal_date,YOKOGAWA;WT310E;C2XF16030V;F1.04'
ptd-server 2023-02-15 03:53:17,320 [INFO] Connected to PTDaemon
ptd-server 2023-02-15 03:53:17,320 [INFO] Sending to ptd: 'RR'
ptd-server 2023-02-15 03:53:17,321 [INFO] Reply from ptd: 'Ranges,1,2.000000,1,150.000000'
ptd-server 2023-02-15 03:53:17,321 [INFO] Initial range for Amps is Auto for Volts is Auto
ptd-server 2023-02-15 03:53:17,321 [INFO] Sending to ptd: 'SR,V,Auto'
ptd-server 2023-02-15 03:53:17,826 [INFO] Reply from ptd: 'Range V changed'
ptd-server 2023-02-15 03:53:17,826 [INFO] Sending to ptd: 'SR,A,Auto'
ptd-server 2023-02-15 03:53:18,329 [INFO] Reply from ptd: 'Range A changed'
ptd-server 2023-02-15 03:53:28,333 [INFO] Starting ranging mode
ptd-server 2023-02-15 03:53:28,334 [INFO] Sending to ptd: 'Go,1000,0,2023-02-15_03-53-00_ranging'
ptd-server 2023-02-15 03:53:28,334 [INFO] Reply from ptd: 'Starting untimed measurement, maximum 500000 samples at 1000ms with 0 rampup samples'
ptd-server 2023-02-15 03:53:28,335 [INFO] Sending reply to client 'OK'
ptd-server 2023-02-15 04:07:01,673 [INFO] Got command from the client 'session,2023-02-15_03-53-00,stop,ranging'
ptd-server 2023-02-15 04:07:11,684 [INFO] Sending to ptd: 'Stop'
ptd-server 2023-02-15 04:07:11,684 [INFO] Reply from ptd: 'Stopping untimed measurement'
ptd-server 2023-02-15 04:07:11,714 [INFO] Sending reply to client 'OK'
ptd-server 2023-02-15 04:07:11,800 [INFO] Got command from the client 'time'
ptd-server 2023-02-15 04:07:11,800 [INFO] Sending reply to client '1676455631.8008878'
ptd-server 2023-02-15 04:07:11,802 [INFO] Got command from the client 'session,2023-02-15_03-53-00,start,testing'
ptd-server 2023-02-15 04:07:11,802 [INFO] Sending to ptd: 'SR,V,120.570000'
ptd-server 2023-02-15 04:07:13,836 [INFO] Reply from ptd: 'Range V changed'
ptd-server 2023-02-15 04:07:13,836 [INFO] Sending to ptd: 'SR,A,3.208200'
ptd-server 2023-02-15 04:07:15,339 [INFO] Reply from ptd: 'Range A changed'
ptd-server 2023-02-15 04:07:25,349 [INFO] Starting testing mode
ptd-server 2023-02-15 04:07:25,350 [INFO] Sending to ptd: 'Go,1000,0,2023-02-15_03-53-00_testing'
ptd-server 2023-02-15 04:07:25,350 [INFO] Reply from ptd: 'Starting untimed measurement, maximum 500000 samples at 1000ms with 0 rampup samples'
ptd-server 2023-02-15 04:07:25,350 [INFO] Sending reply to client 'OK'
ptd-server 2023-02-15 04:20:58,820 [INFO] Got command from the client 'session,2023-02-15_03-53-00,stop,testing'
ptd-server 2023-02-15 04:21:08,830 [INFO] Sending to ptd: 'Stop'
ptd-server 2023-02-15 04:21:08,831 [INFO] Reply from ptd: 'Stopping untimed measurement'
ptd-server 2023-02-15 04:21:08,845 [INFO] Sending reply to client 'OK'
ptd-server 2023-02-15 04:21:08,850 [INFO] Got command from the client 'session,2023-02-15_03-53-00,done'
ptd-server 2023-02-15 04:21:08,850 [INFO] Sending to ptd: 'Stop'
ptd-server 2023-02-15 04:21:09,351 [INFO] Reply from ptd: 'Error: no measurement to stop'
ptd-server 2023-02-15 04:21:09,351 [INFO] Sending to ptd: 'SR,V,Auto'
ptd-server 2023-02-15 04:21:09,854 [INFO] Reply from ptd: 'Range V changed'
ptd-server 2023-02-15 04:21:09,854 [INFO] Sending to ptd: 'SR,A,Auto'
ptd-server 2023-02-15 04:21:10,358 [INFO] Reply from ptd: 'Range A changed'
ptd-server 2023-02-15 04:21:10,358 [INFO] Set initial values for Amps Auto and Volts Auto
ptd-server 2023-02-15 04:21:10,358 [INFO] Stopping ptd...
