client 2023-02-27 11:10:56,425 [INFO] Creating output directory '/home/arjun/mobilenet_results/valid_results/arjun_orin-tflite_armnn_cpp-cpu-armnn_tflite-v22.11-using_neon/mobilenet-v2-precision_uint8-1.0-160/singlestream/performance/tmp_power'
client 2023-02-27 11:10:56,729 [INFO] Sending command to the server: 'mlcommons/power client v3'
client 2023-02-27 11:10:56,732 [INFO] Got response: 'mlcommons/power server v3'
client 2023-02-27 11:10:56,732 [INFO] Synchronizing with the server and with time.google.com...
client 2023-02-27 11:10:56,753 [INFO] NTP:offset = -0.001 s, delay = 0.011 s 
client 2023-02-27 11:10:56,754 [INFO] Sending command to the server: 'time'
client 2023-02-27 11:10:56,757 [INFO] Got response: '1677496256.7560983'
client 2023-02-27 11:10:56,757 [INFO] The time difference between the client and the server is within range -2.002 ms..1.863 ms
client 2023-02-27 11:10:56,758 [INFO] Sending command to the server: 'new,,34955354-f8e3-4458-9173-5fba154150f9'
client 2023-02-27 11:10:56,765 [INFO] Got response: 'OK 2023-02-27_11-10-56,0216cec4-ac5b-441f-b507-f038732c2d89'
client 2023-02-27 11:10:56,765 [INFO] Session id is '2023-02-27_11-10-56'
client 2023-02-27 11:10:56,765 [INFO] Sources: {"sources": {"__init__.py": "da39a3ee5e6b4b0d3255bfef95601890afd80709", "client.py": "33ca4f26368777ac06e01f9567b714a4b8063886", "lib/__init__.py": "da39a3ee5e6b4b0d3255bfef95601890afd80709", "lib/client.py": "4c2b78fb4849a7e5b584ef792d82aaed20b17f57", "lib/common.py": "624d0c0acc7c39aaff3674f0b99d6a09da53d1dc", "lib/external/__init__.py": "da39a3ee5e6b4b0d3255bfef95601890afd80709", "lib/external/ntplib.py": "4da8f970656505a40483206ef2b5d3dd5e81711d", "lib/server.py": "cda0cdfaee9bfa1249c64a7dd4f89b7bf1b279f0", "lib/source_hashes.py": "60a2e02193209e8d392803326208d5466342da18", "lib/summary.py": "aa92f0a3f975eecd44d3c0cd0236342ccc9f941d", "lib/time_sync.py": "3210db56eb0ff0df57bf4293dc4d4b03fffd46f1", "server.py": "c3f90f2f7eeb4db30727556d0c815ebc89b3d28b", "tests/unit/__init__.py": "da39a3ee5e6b4b0d3255bfef95601890afd80709", "tests/unit/test_server.py": "99ae15aef722f2000ee6ed1ae1523637bf1ae42b", "tests/unit/test_source_hashes.py": "00468a2907583c593e6574a1f6b404e4651c221a"}, "modules": {"ptd_client_server.lib.client": "lib/client.py", "ptd_client_server.lib.common": "lib/common.py", "ptd_client_server.lib.external.ntplib": "lib/external/ntplib.py", "ptd_client_server.lib.source_hashes": "lib/source_hashes.py", "ptd_client_server.lib.summary": "lib/summary.py", "ptd_client_server.lib.time_sync": "lib/time_sync.py"}}
client 2023-02-27 11:10:56,766 [INFO] Running workload in ranging mode
client 2023-02-27 11:10:56,766 [INFO] Synchronizing with the server and with time.google.com...
client 2023-02-27 11:10:56,783 [INFO] NTP:offset = -0.001 s, delay = 0.015 s 
client 2023-02-27 11:10:56,783 [INFO] Sending command to the server: 'time'
client 2023-02-27 11:10:56,786 [INFO] Got response: '1677496256.7853832'
client 2023-02-27 11:10:56,786 [INFO] The time difference between the client and the server is within range -1.856 ms..1.251 ms
client 2023-02-27 11:10:56,786 [INFO] Sending command to the server: 'session,2023-02-27_11-10-56,start,ranging'
client 2023-02-27 11:11:24,921 [INFO] Got response: 'OK'
client 2023-02-27 11:11:24,922 [INFO] Running the workload '/home/arjun/run.out'
client 2023-02-27 11:24:05,353 [INFO] Sending command to the server: 'session,2023-02-27_11-10-56,stop,ranging'
client 2023-02-27 11:24:15,677 [INFO] Got response: 'OK'
client 2023-02-27 11:24:15,700 [INFO] Copying loadgen logs from '/home/arjun/mobilenet_results/valid_results/arjun_orin-tflite_armnn_cpp-cpu-armnn_tflite-v22.11-using_neon/mobilenet-v2-precision_uint8-1.0-160/singlestream/performance/run_1' to '/home/arjun/mobilenet_results/valid_results/arjun_orin-tflite_armnn_cpp-cpu-armnn_tflite-v22.11-using_neon/mobilenet-v2-precision_uint8-1.0-160/singlestream/performance/tmp_power/ranging'
client 2023-02-27 11:24:15,702 [INFO] Running workload in testing mode
client 2023-02-27 11:24:15,702 [INFO] Synchronizing with the server and with time.google.com...
client 2023-02-27 11:24:15,723 [INFO] NTP:offset = 0.000 s, delay = 0.016 s 
client 2023-02-27 11:24:15,723 [INFO] Sending command to the server: 'time'
client 2023-02-27 11:24:15,726 [INFO] Got response: '1677497055.7253213'
client 2023-02-27 11:24:15,726 [INFO] The time difference between the client and the server is within range -1.371 ms..1.243 ms
client 2023-02-27 11:24:15,726 [INFO] Sending command to the server: 'session,2023-02-27_11-10-56,start,testing'
client 2023-02-27 11:24:28,936 [INFO] Got response: 'OK'
client 2023-02-27 11:24:28,937 [INFO] Running the workload '/home/arjun/run.out'
client 2023-02-27 11:37:12,537 [INFO] Sending command to the server: 'session,2023-02-27_11-10-56,stop,testing'
client 2023-02-27 11:37:22,807 [INFO] Got response: 'OK'
client 2023-02-27 11:37:22,811 [INFO] Copying loadgen logs from '/home/arjun/mobilenet_results/valid_results/arjun_orin-tflite_armnn_cpp-cpu-armnn_tflite-v22.11-using_neon/mobilenet-v2-precision_uint8-1.0-160/singlestream/performance/run_1' to '/home/arjun/mobilenet_results/valid_results/arjun_orin-tflite_armnn_cpp-cpu-armnn_tflite-v22.11-using_neon/mobilenet-v2-precision_uint8-1.0-160/singlestream/performance/tmp_power/run_1'
client 2023-02-27 11:37:22,814 [INFO] Done runs
