ptd-server 2023-02-12 17:20:31,680 [INFO] Got command from the client 'time'
ptd-server 2023-02-12 17:20:31,680 [INFO] Sending reply to client '1676222431.68072'
ptd-server 2023-02-12 17:20:31,684 [INFO] Got command from the client 'new,,299236aa-abb2-4d4b-a375-fa68949af0ed'
ptd-server 2023-02-12 17:20:31,685 [INFO] Sending reply to client 'OK 2023-02-12_17-20-31,582fb388-5485-48c7-9ce3-8f397f75301f'
ptd-server 2023-02-12 17:20:31,708 [INFO] Got command from the client 'time'
ptd-server 2023-02-12 17:20:31,709 [INFO] Sending reply to client '1676222431.709017'
ptd-server 2023-02-12 17:20:31,711 [INFO] Got command from the client 'session,2023-02-12_17-20-31,start,ranging'
ptd-server 2023-02-12 17:20:31,712 [INFO] Running PTDaemon: ['/media/arjun/T7_Touch/hp-envy/CM/repos/local/cache/9b3695ca8255492a/power/inference_v1.0/ptd-linux-x86', '-l', '/tmp/tmp6_9o2crq/ptd_logfile.txt', '-p', '8888', '49', '/dev/usbtmc0']
ptd-server 2023-02-12 17:20:48,801 [INFO] Sending to ptd: 'Hello'
ptd-server 2023-02-12 17:20:48,801 [INFO] Reply from ptd: 'Hello, PTDaemon here!'
ptd-server 2023-02-12 17:20:48,802 [INFO] Sending to ptd: 'Identify'
ptd-server 2023-02-12 17:20:48,802 [INFO] Reply from ptd: 'YokogawaWT310E,1000,1,1,1,1,0,1,1,version=1.10.0-ed9a21d2-20220817,OS=Linux 5.15.0-56-generic #62-Ubuntu SMP Tue Nov 22 19:54:14 UTC 2022 x86_64,mode=power,1,1,1,0,0,no_cal_date,YOKOGAWA;WT310E;C3YD21068E;F1.04'
ptd-server 2023-02-12 17:20:48,802 [INFO] Connected to PTDaemon
ptd-server 2023-02-12 17:20:48,803 [INFO] Sending to ptd: 'RR'
ptd-server 2023-02-12 17:20:48,803 [INFO] Reply from ptd: 'Ranges,0,0.100000,0,600.000000'
ptd-server 2023-02-12 17:20:48,803 [INFO] Initial range for Amps is 0.100000 for Volts is 600.000000
ptd-server 2023-02-12 17:20:48,803 [INFO] Sending to ptd: 'SR,V,Auto'
ptd-server 2023-02-12 17:20:49,307 [INFO] Reply from ptd: 'Range V changed'
ptd-server 2023-02-12 17:20:49,308 [INFO] Sending to ptd: 'SR,A,Auto'
ptd-server 2023-02-12 17:20:49,811 [INFO] Reply from ptd: 'Range A changed'
ptd-server 2023-02-12 17:20:59,822 [INFO] Starting ranging mode
ptd-server 2023-02-12 17:20:59,822 [INFO] Sending to ptd: 'Go,1000,0,2023-02-12_17-20-31_ranging'
ptd-server 2023-02-12 17:20:59,822 [INFO] Reply from ptd: 'Starting untimed measurement, maximum 500000 samples at 1000ms with 0 rampup samples'
ptd-server 2023-02-12 17:20:59,822 [INFO] Sending reply to client 'OK'
ptd-server 2023-02-12 17:31:02,923 [INFO] Got command from the client 'session,2023-02-12_17-20-31,stop,ranging'
ptd-server 2023-02-12 17:31:12,933 [INFO] Sending to ptd: 'Stop'
ptd-server 2023-02-12 17:31:12,934 [INFO] Reply from ptd: 'Stopping untimed measurement'
ptd-server 2023-02-12 17:31:13,031 [INFO] Sending reply to client 'OK'
ptd-server 2023-02-12 17:31:13,093 [INFO] Got command from the client 'time'
ptd-server 2023-02-12 17:31:13,093 [INFO] Sending reply to client '1676223073.0933695'
ptd-server 2023-02-12 17:31:13,097 [INFO] Got command from the client 'session,2023-02-12_17-20-31,start,testing'
ptd-server 2023-02-12 17:31:13,098 [INFO] Sending to ptd: 'SR,V,247.950000'
ptd-server 2023-02-12 17:31:15,326 [INFO] Reply from ptd: 'Range V changed'
ptd-server 2023-02-12 17:31:15,326 [INFO] Sending to ptd: 'SR,A,0.229300'
ptd-server 2023-02-12 17:31:16,829 [INFO] Reply from ptd: 'Range A changed'
ptd-server 2023-02-12 17:31:26,840 [INFO] Starting testing mode
ptd-server 2023-02-12 17:31:26,840 [INFO] Sending to ptd: 'Go,1000,0,2023-02-12_17-20-31_testing'
ptd-server 2023-02-12 17:31:26,841 [INFO] Reply from ptd: 'Starting untimed measurement, maximum 500000 samples at 1000ms with 0 rampup samples'
ptd-server 2023-02-12 17:31:26,842 [INFO] Sending reply to client 'OK'
ptd-server 2023-02-12 17:41:27,589 [INFO] Got command from the client 'session,2023-02-12_17-20-31,stop,testing'
ptd-server 2023-02-12 17:41:37,600 [INFO] Sending to ptd: 'Stop'
ptd-server 2023-02-12 17:41:37,601 [INFO] Reply from ptd: 'Stopping untimed measurement'
ptd-server 2023-02-12 17:41:37,631 [INFO] Sending reply to client 'OK'
ptd-server 2023-02-12 17:41:37,646 [INFO] Got command from the client 'session,2023-02-12_17-20-31,done'
ptd-server 2023-02-12 17:41:37,646 [INFO] Sending to ptd: 'Stop'
ptd-server 2023-02-12 17:41:37,842 [INFO] Reply from ptd: 'Error: no measurement to stop'
ptd-server 2023-02-12 17:41:37,842 [INFO] Sending to ptd: 'SR,V,600.000000'
ptd-server 2023-02-12 17:41:39,344 [INFO] Reply from ptd: 'Range V changed'
ptd-server 2023-02-12 17:41:39,345 [INFO] Sending to ptd: 'SR,A,0.100000'
ptd-server 2023-02-12 17:41:40,847 [INFO] Reply from ptd: 'Range A changed'
ptd-server 2023-02-12 17:41:40,847 [INFO] Set initial values for Amps 0.100000 and Volts 600.000000
ptd-server 2023-02-12 17:41:40,848 [INFO] Stopping ptd...
