ptd-server 2023-02-25 12:00:33,660 [INFO] Got command from the client 'time'
ptd-server 2023-02-25 12:00:33,660 [INFO] Sending reply to client '1677326433.6606047'
ptd-server 2023-02-25 12:00:33,662 [INFO] Got command from the client 'new,,473279d7-9583-446a-8bb0-3e2d62aed11b'
ptd-server 2023-02-25 12:00:33,662 [INFO] Sending reply to client 'OK 2023-02-25_12-00-33,4d8e6a8f-8241-468b-adbd-f716d6efdbca'
ptd-server 2023-02-25 12:00:33,686 [INFO] Got command from the client 'time'
ptd-server 2023-02-25 12:00:33,687 [INFO] Sending reply to client '1677326433.6871617'
ptd-server 2023-02-25 12:00:33,689 [INFO] Got command from the client 'session,2023-02-25_12-00-33,start,ranging'
ptd-server 2023-02-25 12:00:33,690 [INFO] Running PTDaemon: ['/home/anton/projects/mlperf/power/inference_v1.0/ptd-linux-x86', '-l', '/tmp/tmpu4v721n6/ptd_logfile.txt', '-p', '8888', '49', '/dev/usbtmc0']
ptd-server 2023-02-25 12:00:50,777 [INFO] Sending to ptd: 'Hello'
ptd-server 2023-02-25 12:00:50,778 [INFO] Reply from ptd: 'Hello, PTDaemon here!'
ptd-server 2023-02-25 12:00:50,778 [INFO] Sending to ptd: 'Identify'
ptd-server 2023-02-25 12:00:50,778 [INFO] Reply from ptd: 'YokogawaWT310E,1000,1,1,1,1,0,1,1,version=1.10.0-ed9a21d2-20220817,OS=Linux 5.15.0-60-generic #66~20.04.1-Ubuntu SMP Wed Jan 25 09:41:30 UTC 2023 x86_64,mode=power,1,1,1,0,0,no_cal_date,YOKOGAWA;WT310E;C3XA04010E;F1.04'
ptd-server 2023-02-25 12:00:50,778 [INFO] Connected to PTDaemon
ptd-server 2023-02-25 12:00:50,778 [INFO] Sending to ptd: 'RR'
ptd-server 2023-02-25 12:00:50,779 [INFO] Reply from ptd: 'Ranges,0,0.100000,0,300.000000'
ptd-server 2023-02-25 12:00:50,779 [INFO] Initial range for Amps is 0.100000 for Volts is 300.000000
ptd-server 2023-02-25 12:00:50,779 [INFO] Sending to ptd: 'SR,V,Auto'
ptd-server 2023-02-25 12:00:51,281 [INFO] Reply from ptd: 'Range V changed'
ptd-server 2023-02-25 12:00:51,282 [INFO] Sending to ptd: 'SR,A,Auto'
ptd-server 2023-02-25 12:00:51,784 [INFO] Reply from ptd: 'Range A changed'
ptd-server 2023-02-25 12:01:01,794 [INFO] Starting ranging mode
ptd-server 2023-02-25 12:01:01,795 [INFO] Sending to ptd: 'Go,1000,0,2023-02-25_12-00-33_ranging'
ptd-server 2023-02-25 12:01:01,795 [INFO] Reply from ptd: 'Starting untimed measurement, maximum 500000 samples at 1000ms with 0 rampup samples'
ptd-server 2023-02-25 12:01:01,795 [INFO] Sending reply to client 'OK'
ptd-server 2023-02-25 12:11:17,113 [INFO] Got command from the client 'session,2023-02-25_12-00-33,stop,ranging'
ptd-server 2023-02-25 12:11:27,123 [INFO] Sending to ptd: 'Stop'
ptd-server 2023-02-25 12:11:27,124 [INFO] Reply from ptd: 'Stopping untimed measurement'
ptd-server 2023-02-25 12:11:27,212 [INFO] Sending reply to client 'OK'
ptd-server 2023-02-25 12:11:27,257 [INFO] Got command from the client 'time'
ptd-server 2023-02-25 12:11:27,257 [INFO] Sending reply to client '1677327087.2574086'
ptd-server 2023-02-25 12:11:27,259 [INFO] Got command from the client 'session,2023-02-25_12-00-33,start,testing'
ptd-server 2023-02-25 12:11:27,259 [INFO] Sending to ptd: 'SR,V,252.580000'
ptd-server 2023-02-25 12:11:29,297 [INFO] Reply from ptd: 'Range V changed'
ptd-server 2023-02-25 12:11:29,297 [INFO] Sending to ptd: 'SR,A,0.061910'
ptd-server 2023-02-25 12:11:30,798 [INFO] Reply from ptd: 'Range A changed'
ptd-server 2023-02-25 12:11:40,809 [INFO] Starting testing mode
ptd-server 2023-02-25 12:11:40,809 [INFO] Sending to ptd: 'Go,1000,0,2023-02-25_12-00-33_testing'
ptd-server 2023-02-25 12:11:40,809 [INFO] Reply from ptd: 'Starting untimed measurement, maximum 500000 samples at 1000ms with 0 rampup samples'
ptd-server 2023-02-25 12:11:40,809 [INFO] Sending reply to client 'OK'
ptd-server 2023-02-25 12:21:56,096 [INFO] Got command from the client 'session,2023-02-25_12-00-33,stop,testing'
ptd-server 2023-02-25 12:22:06,104 [INFO] Sending to ptd: 'Stop'
ptd-server 2023-02-25 12:22:06,104 [INFO] Reply from ptd: 'Stopping untimed measurement'
ptd-server 2023-02-25 12:22:06,149 [INFO] Sending reply to client 'OK'
ptd-server 2023-02-25 12:22:06,171 [INFO] Got command from the client 'session,2023-02-25_12-00-33,done'
ptd-server 2023-02-25 12:22:06,171 [INFO] Sending to ptd: 'Stop'
ptd-server 2023-02-25 12:22:06,809 [INFO] Reply from ptd: 'Error: no measurement to stop'
ptd-server 2023-02-25 12:22:06,810 [INFO] Sending to ptd: 'SR,V,300.000000'
ptd-server 2023-02-25 12:22:08,311 [INFO] Reply from ptd: 'Range V changed'
ptd-server 2023-02-25 12:22:08,311 [INFO] Sending to ptd: 'SR,A,0.100000'
ptd-server 2023-02-25 12:22:09,812 [INFO] Reply from ptd: 'Range A changed'
ptd-server 2023-02-25 12:22:09,813 [INFO] Set initial values for Amps 0.100000 and Volts 300.000000
ptd-server 2023-02-25 12:22:09,813 [INFO] Stopping ptd...
