client 2023-02-21 15:49:31,447 [INFO] Sending command to the server: 'mlcommons/power client v3'
client 2023-02-21 15:49:31,447 [INFO] Got response: 'mlcommons/power server v3'
client 2023-02-21 15:49:31,448 [INFO] Sending command to the server: 'stop'
client 2023-02-21 15:49:31,448 [INFO] Got response: 'OK'
client 2023-02-21 15:49:31,448 [INFO] Synchronizing with the server and with ntp.aliyun.com...
client 2023-02-21 15:49:31,583 [INFO] NTP:offset = -0.000 s, delay = 0.045 s 
client 2023-02-21 15:49:31,583 [INFO] Sending command to the server: 'time'
client 2023-02-21 15:49:31,584 [INFO] Got response: '1676965771.5797417'
client 2023-02-21 15:49:31,584 [INFO] The time difference between the client and the server is within range 3.409 ms..4.364 ms
client 2023-02-21 15:49:31,584 [INFO] Sending command to the server: 'new,singlestream,51f6b7d5-1b80-4f7a-9aee-49f5ed2f21d1'
client 2023-02-21 15:49:31,585 [INFO] Got response: 'OK 2023-02-21_07-49-31_singlestream,ac626954-18e5-4455-a795-b73a3b04295e'
client 2023-02-21 15:49:31,585 [INFO] Session id is '2023-02-21_07-49-31_singlestream'
client 2023-02-21 15:49:31,585 [INFO] Sources: {"sources": {"__init__.py": "da39a3ee5e6b4b0d3255bfef95601890afd80709", "client.py": "33ca4f26368777ac06e01f9567b714a4b8063886", "lib/__init__.py": "da39a3ee5e6b4b0d3255bfef95601890afd80709", "lib/client.py": "4c2b78fb4849a7e5b584ef792d82aaed20b17f57", "lib/common.py": "624d0c0acc7c39aaff3674f0b99d6a09da53d1dc", "lib/external/__init__.py": "da39a3ee5e6b4b0d3255bfef95601890afd80709", "lib/external/ntplib.py": "4da8f970656505a40483206ef2b5d3dd5e81711d", "lib/server.py": "cda0cdfaee9bfa1249c64a7dd4f89b7bf1b279f0", "lib/source_hashes.py": "60a2e02193209e8d392803326208d5466342da18", "lib/summary.py": "aa92f0a3f975eecd44d3c0cd0236342ccc9f941d", "lib/time_sync.py": "3210db56eb0ff0df57bf4293dc4d4b03fffd46f1", "server.py": "c3f90f2f7eeb4db30727556d0c815ebc89b3d28b", "tests/unit/__init__.py": "da39a3ee5e6b4b0d3255bfef95601890afd80709", "tests/unit/test_server.py": "99ae15aef722f2000ee6ed1ae1523637bf1ae42b", "tests/unit/test_source_hashes.py": "00468a2907583c593e6574a1f6b404e4651c221a"}, "modules": {"ptd_client_server.lib.client": "lib/client.py", "ptd_client_server.lib.common": "lib/common.py", "ptd_client_server.lib.external.ntplib": "lib/external/ntplib.py", "ptd_client_server.lib.source_hashes": "lib/source_hashes.py", "ptd_client_server.lib.summary": "lib/summary.py", "ptd_client_server.lib.time_sync": "lib/time_sync.py"}}
client 2023-02-21 15:49:31,586 [INFO] Running workload in ranging mode
client 2023-02-21 15:49:31,586 [INFO] Synchronizing with the server and with ntp.aliyun.com...
client 2023-02-21 15:49:31,698 [INFO] NTP:offset = -0.004 s, delay = 0.049 s 
client 2023-02-21 15:49:31,698 [INFO] Sending command to the server: 'time'
client 2023-02-21 15:49:31,699 [INFO] Got response: '1676965771.6954012'
client 2023-02-21 15:49:31,699 [INFO] The time difference between the client and the server is within range 3.208 ms..4.437 ms
client 2023-02-21 15:49:31,700 [INFO] Sending command to the server: 'session,2023-02-21_07-49-31_singlestream,start,ranging'
client 2023-02-21 15:49:59,809 [INFO] Got response: 'OK'
client 2023-02-21 15:49:59,810 [INFO] Running the workload 'bash ./run_local_singlestream.sh'
client 2023-02-21 16:00:34,988 [INFO] Sending command to the server: 'session,2023-02-21_07-49-31_singlestream,stop,ranging'
client 2023-02-21 16:00:45,022 [INFO] Got response: 'OK'
client 2023-02-21 16:00:45,038 [INFO] Copying loadgen logs from '/host/open/Alibaba/code/output_logs' to 'client-output-directory/2023-02-21_07-49-31_singlestream/ranging'
client 2023-02-21 16:00:45,045 [INFO] Running workload in testing mode
client 2023-02-21 16:00:45,046 [INFO] Synchronizing with the server and with ntp.aliyun.com...
client 2023-02-21 16:00:45,157 [INFO] NTP:offset = -0.003 s, delay = 0.051 s 
client 2023-02-21 16:00:45,158 [INFO] Sending command to the server: 'time'
client 2023-02-21 16:00:45,159 [INFO] Got response: '1676966445.1549325'
client 2023-02-21 16:00:45,159 [INFO] The time difference between the client and the server is within range 3.031 ms..4.825 ms
client 2023-02-21 16:00:45,160 [INFO] Sending command to the server: 'session,2023-02-21_07-49-31_singlestream,start,testing'
client 2023-02-21 16:00:58,823 [INFO] Got response: 'OK'
client 2023-02-21 16:00:58,823 [INFO] Running the workload 'bash ./run_local_singlestream.sh'
client 2023-02-21 16:11:33,992 [INFO] Sending command to the server: 'session,2023-02-21_07-49-31_singlestream,stop,testing'
client 2023-02-21 16:11:44,010 [INFO] Got response: 'OK'
client 2023-02-21 16:11:44,014 [INFO] Copying loadgen logs from '/host/open/Alibaba/code/output_logs' to 'client-output-directory/2023-02-21_07-49-31_singlestream/run_1'
client 2023-02-21 16:11:44,016 [INFO] Done runs
