ptd-server 2023-02-21 07:49:31,444 [INFO] Got command from the client 'stop'
ptd-server 2023-02-21 07:49:31,444 [INFO] The server will be stopped after processing this client
ptd-server 2023-02-21 07:49:31,444 [INFO] Sending reply to client 'OK'
ptd-server 2023-02-21 07:49:31,579 [INFO] Got command from the client 'time'
ptd-server 2023-02-21 07:49:31,579 [INFO] Sending reply to client '1676965771.5797417'
ptd-server 2023-02-21 07:49:31,580 [INFO] Got command from the client 'new,singlestream,51f6b7d5-1b80-4f7a-9aee-49f5ed2f21d1'
ptd-server 2023-02-21 07:49:31,581 [INFO] Sending reply to client 'OK 2023-02-21_07-49-31_singlestream,ac626954-18e5-4455-a795-b73a3b04295e'
ptd-server 2023-02-21 07:49:31,695 [INFO] Got command from the client 'time'
ptd-server 2023-02-21 07:49:31,695 [INFO] Sending reply to client '1676965771.6954012'
ptd-server 2023-02-21 07:49:31,696 [INFO] Got command from the client 'session,2023-02-21_07-49-31_singlestream,start,ranging'
ptd-server 2023-02-21 07:49:31,697 [INFO] Running PTDaemon: ['/host/power/inference_v1.0/ptd-linux-x86-1.10', '-l', '/tmp/tmp6xh_mps_/ptd_logfile.txt', '-p', '8888', '49', '/dev/ttyS0']
ptd-server 2023-02-21 07:49:48,789 [INFO] Sending to ptd: 'Hello'
ptd-server 2023-02-21 07:49:48,790 [INFO] Reply from ptd: 'Hello, PTDaemon here!'
ptd-server 2023-02-21 07:49:48,791 [INFO] Sending to ptd: 'Identify'
ptd-server 2023-02-21 07:49:48,791 [INFO] Reply from ptd: 'YokogawaWT310E,1000,1,1,1,1,0,1,1,version=1.10.0-ed9a21d2-20220817,OS=Linux 4.15.0-202-generic #213-Ubuntu SMP Thu Jan 5 19:19:12 UTC 2023 x86_64,mode=power,1,1,1,0,0,no_cal_date,YOKOGAWA;WT310E;C3TD11052E;F1.02'
ptd-server 2023-02-21 07:49:48,791 [INFO] Connected to PTDaemon
ptd-server 2023-02-21 07:49:48,791 [INFO] Sending to ptd: 'RR'
ptd-server 2023-02-21 07:49:48,792 [INFO] Reply from ptd: 'Ranges,1,0.100000,1,300.000000'
ptd-server 2023-02-21 07:49:48,792 [INFO] Initial range for Amps is Auto for Volts is Auto
ptd-server 2023-02-21 07:49:48,792 [INFO] Sending to ptd: 'SR,V,Auto'
ptd-server 2023-02-21 07:49:49,293 [INFO] Reply from ptd: 'Range V changed'
ptd-server 2023-02-21 07:49:49,293 [INFO] Sending to ptd: 'SR,A,Auto'
ptd-server 2023-02-21 07:49:49,793 [INFO] Reply from ptd: 'Range A changed'
ptd-server 2023-02-21 07:49:59,804 [INFO] Starting ranging mode
ptd-server 2023-02-21 07:49:59,804 [INFO] Sending to ptd: 'Go,1000,0,2023-02-21_07-49-31_singlestream_ranging'
ptd-server 2023-02-21 07:49:59,805 [INFO] Reply from ptd: 'Starting untimed measurement, maximum 500000 samples at 1000ms with 0 rampup samples'
ptd-server 2023-02-21 07:49:59,805 [INFO] Sending reply to client 'OK'
ptd-server 2023-02-21 08:00:34,985 [INFO] Got command from the client 'session,2023-02-21_07-49-31_singlestream,stop,ranging'
ptd-server 2023-02-21 08:00:44,996 [INFO] Sending to ptd: 'Stop'
ptd-server 2023-02-21 08:00:44,996 [INFO] Reply from ptd: 'Stopping untimed measurement'
ptd-server 2023-02-21 08:00:45,018 [INFO] Sending reply to client 'OK'
ptd-server 2023-02-21 08:00:45,154 [INFO] Got command from the client 'time'
ptd-server 2023-02-21 08:00:45,154 [INFO] Sending reply to client '1676966445.1549325'
ptd-server 2023-02-21 08:00:45,156 [INFO] Got command from the client 'session,2023-02-21_07-49-31_singlestream,start,testing'
ptd-server 2023-02-21 08:00:45,157 [INFO] Sending to ptd: 'SR,V,236.430000'
ptd-server 2023-02-21 08:00:47,306 [INFO] Reply from ptd: 'Range V changed'
ptd-server 2023-02-21 08:00:47,306 [INFO] Sending to ptd: 'SR,A,0.054810'
ptd-server 2023-02-21 08:00:48,807 [INFO] Reply from ptd: 'Range A changed'
ptd-server 2023-02-21 08:00:58,818 [INFO] Starting testing mode
ptd-server 2023-02-21 08:00:58,818 [INFO] Sending to ptd: 'Go,1000,0,2023-02-21_07-49-31_singlestream_testing'
ptd-server 2023-02-21 08:00:58,818 [INFO] Reply from ptd: 'Starting untimed measurement, maximum 500000 samples at 1000ms with 0 rampup samples'
ptd-server 2023-02-21 08:00:58,818 [INFO] Sending reply to client 'OK'
ptd-server 2023-02-21 08:11:33,989 [INFO] Got command from the client 'session,2023-02-21_07-49-31_singlestream,stop,testing'
ptd-server 2023-02-21 08:11:44,000 [INFO] Sending to ptd: 'Stop'
ptd-server 2023-02-21 08:11:44,001 [INFO] Reply from ptd: 'Stopping untimed measurement'
ptd-server 2023-02-21 08:11:44,006 [INFO] Sending reply to client 'OK'
ptd-server 2023-02-21 08:11:44,023 [INFO] Got command from the client 'session,2023-02-21_07-49-31_singlestream,done'
ptd-server 2023-02-21 08:11:44,023 [INFO] Sending to ptd: 'Stop'
ptd-server 2023-02-21 08:11:44,818 [INFO] Reply from ptd: 'Error: no measurement to stop'
ptd-server 2023-02-21 08:11:44,818 [INFO] Sending to ptd: 'SR,V,Auto'
ptd-server 2023-02-21 08:11:45,319 [INFO] Reply from ptd: 'Range V changed'
ptd-server 2023-02-21 08:11:45,319 [INFO] Sending to ptd: 'SR,A,Auto'
ptd-server 2023-02-21 08:11:45,820 [INFO] Reply from ptd: 'Range A changed'
ptd-server 2023-02-21 08:11:45,821 [INFO] Set initial values for Amps Auto and Volts Auto
ptd-server 2023-02-21 08:11:45,821 [INFO] Stopping ptd...
