ptd-server 2023-02-24 07:24:18,258 [INFO] Got command from the client 'time'
ptd-server 2023-02-24 07:24:18,258 [INFO] Sending reply to client '1677245058.2587833'
ptd-server 2023-02-24 07:24:18,261 [INFO] Got command from the client 'new,,1c008e82-4629-4b10-a2e2-49e2662b4153'
ptd-server 2023-02-24 07:24:18,262 [INFO] Sending reply to client 'OK 2023-02-24_07-24-18,c23ff4e3-28fb-412e-adca-5c0738d265d5'
ptd-server 2023-02-24 07:24:18,605 [INFO] Got command from the client 'time'
ptd-server 2023-02-24 07:24:18,606 [INFO] Sending reply to client '1677245058.6060572'
ptd-server 2023-02-24 07:24:18,608 [INFO] Got command from the client 'session,2023-02-24_07-24-18,start,ranging'
ptd-server 2023-02-24 07:24:18,609 [INFO] Running PTDaemon: ['/local/mnt/workspace/mlcommons/power-main/inference_v1.0/ptd-linux-x86', '-l', '/tmp/tmpgrsgboht/ptd_logfile.txt', '-p', '8888', '-c', '2', '52', '/dev/usbtmc0']
ptd-server 2023-02-24 07:24:35,731 [INFO] Sending to ptd: 'Hello'
ptd-server 2023-02-24 07:24:35,732 [INFO] Reply from ptd: 'Hello, PTDaemon here!'
ptd-server 2023-02-24 07:24:35,732 [INFO] Sending to ptd: 'Identify'
ptd-server 2023-02-24 07:24:35,733 [INFO] Reply from ptd: 'YokogawaWT330,1000,1,1,1,1,0,0,1,version=1.10.0-ed9a21d2-20220817,OS=Linux 5.4.0-120-generic #136~18.04.1-Ubuntu SMP Fri Jun 10 18:00:44 UTC 2022 x86_64,mode=power,1,1,1,0,0,no_cal_date,YOKOGAWA;WT333;C2QH26002V;F1.06'
ptd-server 2023-02-24 07:24:35,733 [INFO] Connected to PTDaemon
ptd-server 2023-02-24 07:24:35,733 [INFO] Sending to ptd: 'RR'
ptd-server 2023-02-24 07:24:35,734 [INFO] Reply from ptd: 'Ranges,1,0.500000,1,150.000000'
ptd-server 2023-02-24 07:24:35,734 [INFO] Initial range for Amps is Auto for Volts is Auto
ptd-server 2023-02-24 07:24:35,734 [INFO] Sending to ptd: 'SR,V,Auto'
ptd-server 2023-02-24 07:24:36,237 [INFO] Reply from ptd: 'Range V changed'
ptd-server 2023-02-24 07:24:36,237 [INFO] Sending to ptd: 'SR,A,Auto'
ptd-server 2023-02-24 07:24:36,740 [INFO] Reply from ptd: 'Range A changed'
ptd-server 2023-02-24 07:24:46,751 [INFO] Starting ranging mode
ptd-server 2023-02-24 07:24:46,751 [INFO] Sending to ptd: 'Go,1000,0,2023-02-24_07-24-18_ranging'
ptd-server 2023-02-24 07:24:46,752 [INFO] Reply from ptd: 'Starting untimed measurement, maximum 500000 samples at 1000ms with 0 rampup samples'
ptd-server 2023-02-24 07:24:46,752 [INFO] Sending reply to client 'OK'
ptd-server 2023-02-24 07:37:11,874 [INFO] Got command from the client 'session,2023-02-24_07-24-18,stop,ranging'
ptd-server 2023-02-24 07:37:21,885 [INFO] Sending to ptd: 'Stop'
ptd-server 2023-02-24 07:37:21,886 [INFO] Reply from ptd: 'Stopping untimed measurement'
ptd-server 2023-02-24 07:37:21,901 [INFO] Sending reply to client 'OK'
ptd-server 2023-02-24 07:37:22,030 [INFO] Got command from the client 'time'
ptd-server 2023-02-24 07:37:22,030 [INFO] Sending reply to client '1677245842.0308795'
ptd-server 2023-02-24 07:37:22,033 [INFO] Got command from the client 'session,2023-02-24_07-24-18,start,testing'
ptd-server 2023-02-24 07:37:22,034 [INFO] Sending to ptd: 'SR,V,119.790000'
ptd-server 2023-02-24 07:37:24,254 [INFO] Reply from ptd: 'Range V changed'
ptd-server 2023-02-24 07:37:24,254 [INFO] Sending to ptd: 'SR,A,0.168030'
ptd-server 2023-02-24 07:37:25,756 [INFO] Reply from ptd: 'Range A changed'
ptd-server 2023-02-24 07:37:35,761 [INFO] Starting testing mode
ptd-server 2023-02-24 07:37:35,761 [INFO] Sending to ptd: 'Go,1000,0,2023-02-24_07-24-18_testing'
ptd-server 2023-02-24 07:37:35,762 [INFO] Reply from ptd: 'Starting untimed measurement, maximum 500000 samples at 1000ms with 0 rampup samples'
ptd-server 2023-02-24 07:37:35,762 [INFO] Sending reply to client 'OK'
ptd-server 2023-02-24 07:50:01,182 [INFO] Got command from the client 'session,2023-02-24_07-24-18,stop,testing'
ptd-server 2023-02-24 07:50:11,192 [INFO] Sending to ptd: 'Stop'
ptd-server 2023-02-24 07:50:11,193 [INFO] Reply from ptd: 'Stopping untimed measurement'
ptd-server 2023-02-24 07:50:11,201 [INFO] Sending reply to client 'OK'
ptd-server 2023-02-24 07:50:11,235 [INFO] Got command from the client 'session,2023-02-24_07-24-18,done'
ptd-server 2023-02-24 07:50:11,235 [INFO] Sending to ptd: 'Stop'
ptd-server 2023-02-24 07:50:11,761 [INFO] Reply from ptd: 'Error: no measurement to stop'
ptd-server 2023-02-24 07:50:11,761 [INFO] Sending to ptd: 'SR,V,Auto'
ptd-server 2023-02-24 07:50:12,265 [INFO] Reply from ptd: 'Range V changed'
ptd-server 2023-02-24 07:50:12,265 [INFO] Sending to ptd: 'SR,A,Auto'
ptd-server 2023-02-24 07:50:12,768 [INFO] Reply from ptd: 'Range A changed'
ptd-server 2023-02-24 07:50:12,768 [INFO] Set initial values for Amps Auto and Volts Auto
ptd-server 2023-02-24 07:50:12,769 [INFO] Stopping ptd...
