ptd-server 2023-02-27 21:34:54,885 [INFO] Got command from the client 'time'
ptd-server 2023-02-27 21:34:54,885 [INFO] Sending reply to client '1677533694.8856437'
ptd-server 2023-02-27 21:34:54,890 [INFO] Got command from the client 'new,,ef0078df-c3ed-436c-a816-c4c72e2b7721'
ptd-server 2023-02-27 21:34:54,892 [INFO] Sending reply to client 'OK 2023-02-27_21-34-54,a71bd393-96a2-4137-b257-62a5c522b754'
ptd-server 2023-02-27 21:34:54,913 [INFO] Got command from the client 'time'
ptd-server 2023-02-27 21:34:54,913 [INFO] Sending reply to client '1677533694.9133737'
ptd-server 2023-02-27 21:34:54,916 [INFO] Got command from the client 'session,2023-02-27_21-34-54,start,ranging'
ptd-server 2023-02-27 21:34:54,917 [INFO] Running PTDaemon: ['/media/arjun/T7_Touch/hp-envy/CM/repos/local/cache/9b3695ca8255492a/power/inference_v1.0/ptd-linux-x86', '-l', '/tmp/tmpti64566v/ptd_logfile.txt', '-p', '8888', '49', '/dev/usbtmc0']
ptd-server 2023-02-27 21:35:12,018 [INFO] Sending to ptd: 'Hello'
ptd-server 2023-02-27 21:35:12,019 [INFO] Reply from ptd: 'Hello, PTDaemon here!'
ptd-server 2023-02-27 21:35:12,020 [INFO] Sending to ptd: 'Identify'
ptd-server 2023-02-27 21:35:12,020 [INFO] Reply from ptd: 'YokogawaWT310E,1000,1,1,1,1,0,1,1,version=1.10.0-ed9a21d2-20220817,OS=Linux 5.15.0-56-generic #62-Ubuntu SMP Tue Nov 22 19:54:14 UTC 2022 x86_64,mode=power,1,1,1,0,0,no_cal_date,YOKOGAWA;WT310E;C3YD21068E;F1.04'
ptd-server 2023-02-27 21:35:12,021 [INFO] Connected to PTDaemon
ptd-server 2023-02-27 21:35:12,021 [INFO] Sending to ptd: 'RR'
ptd-server 2023-02-27 21:35:12,022 [INFO] Reply from ptd: 'Ranges,0,0.100000,0,600.000000'
ptd-server 2023-02-27 21:35:12,022 [INFO] Initial range for Amps is 0.100000 for Volts is 600.000000
ptd-server 2023-02-27 21:35:12,022 [INFO] Sending to ptd: 'SR,V,Auto'
ptd-server 2023-02-27 21:35:12,526 [INFO] Reply from ptd: 'Range V changed'
ptd-server 2023-02-27 21:35:12,527 [INFO] Sending to ptd: 'SR,A,Auto'
ptd-server 2023-02-27 21:35:13,030 [INFO] Reply from ptd: 'Range A changed'
ptd-server 2023-02-27 21:35:23,041 [INFO] Starting ranging mode
ptd-server 2023-02-27 21:35:23,042 [INFO] Sending to ptd: 'Go,1000,0,2023-02-27_21-34-54_ranging'
ptd-server 2023-02-27 21:35:23,043 [INFO] Reply from ptd: 'Starting untimed measurement, maximum 500000 samples at 1000ms with 0 rampup samples'
ptd-server 2023-02-27 21:35:23,043 [INFO] Sending reply to client 'OK'
ptd-server 2023-02-27 21:48:01,771 [INFO] Got command from the client 'session,2023-02-27_21-34-54,stop,ranging'
ptd-server 2023-02-27 21:48:11,782 [INFO] Sending to ptd: 'Stop'
ptd-server 2023-02-27 21:48:11,783 [INFO] Reply from ptd: 'Stopping untimed measurement'
ptd-server 2023-02-27 21:48:12,073 [INFO] Sending reply to client 'OK'
ptd-server 2023-02-27 21:48:12,153 [INFO] Got command from the client 'time'
ptd-server 2023-02-27 21:48:12,154 [INFO] Sending reply to client '1677534492.1541634'
ptd-server 2023-02-27 21:48:12,157 [INFO] Got command from the client 'session,2023-02-27_21-34-54,start,testing'
ptd-server 2023-02-27 21:48:12,157 [INFO] Sending to ptd: 'SR,V,248.130000'
ptd-server 2023-02-27 21:48:13,660 [INFO] Reply from ptd: 'Range V changed'
ptd-server 2023-02-27 21:48:13,661 [INFO] Sending to ptd: 'SR,A,0.210120'
ptd-server 2023-02-27 21:48:15,163 [INFO] Reply from ptd: 'Range A changed'
ptd-server 2023-02-27 21:48:25,174 [INFO] Starting testing mode
ptd-server 2023-02-27 21:48:25,175 [INFO] Sending to ptd: 'Go,1000,0,2023-02-27_21-34-54_testing'
ptd-server 2023-02-27 21:48:25,176 [INFO] Reply from ptd: 'Starting untimed measurement, maximum 500000 samples at 1000ms with 0 rampup samples'
ptd-server 2023-02-27 21:48:25,176 [INFO] Sending reply to client 'OK'
ptd-server 2023-02-27 22:00:58,260 [INFO] Got command from the client 'session,2023-02-27_21-34-54,stop,testing'
ptd-server 2023-02-27 22:01:08,271 [INFO] Sending to ptd: 'Stop'
ptd-server 2023-02-27 22:01:08,273 [INFO] Reply from ptd: 'Stopping untimed measurement'
ptd-server 2023-02-27 22:01:08,417 [INFO] Sending reply to client 'OK'
ptd-server 2023-02-27 22:01:08,433 [INFO] Got command from the client 'session,2023-02-27_21-34-54,done'
ptd-server 2023-02-27 22:01:08,433 [INFO] Sending to ptd: 'Stop'
ptd-server 2023-02-27 22:01:09,177 [INFO] Reply from ptd: 'Error: no measurement to stop'
ptd-server 2023-02-27 22:01:09,178 [INFO] Sending to ptd: 'SR,V,600.000000'
ptd-server 2023-02-27 22:01:10,680 [INFO] Reply from ptd: 'Range V changed'
ptd-server 2023-02-27 22:01:10,680 [INFO] Sending to ptd: 'SR,A,0.100000'
ptd-server 2023-02-27 22:01:12,182 [INFO] Reply from ptd: 'Range A changed'
ptd-server 2023-02-27 22:01:12,182 [INFO] Set initial values for Amps 0.100000 and Volts 600.000000
ptd-server 2023-02-27 22:01:12,183 [INFO] Stopping ptd...
