ptd-server 2023-03-02 04:32:59,877 [INFO] Got command from the client 'time'
ptd-server 2023-03-02 04:32:59,878 [INFO] Sending reply to client '1677753179.878128'
ptd-server 2023-03-02 04:32:59,879 [INFO] Got command from the client 'new,,32ac59db-e5df-4c9e-b2c2-3e5f38581d7d'
ptd-server 2023-03-02 04:32:59,879 [INFO] Sending reply to client 'OK 2023-03-02_04-32-59,1d4d315d-2934-4678-948f-f9d465ab7aae'
ptd-server 2023-03-02 04:32:59,982 [INFO] Got command from the client 'time'
ptd-server 2023-03-02 04:32:59,983 [INFO] Sending reply to client '1677753179.9830427'
ptd-server 2023-03-02 04:32:59,984 [INFO] Got command from the client 'session,2023-03-02_04-32-59,start,ranging'
ptd-server 2023-03-02 04:32:59,984 [INFO] Running PTDaemon: ['/local/mnt/workspace/mlcommons/power-main/inference_v1.0/ptd-linux-x86', '-l', '/tmp/tmpqwe09ni1/ptd_logfile.txt', '-p', '8888', '49', '/dev/usbtmc0']
ptd-server 2023-03-02 04:33:17,007 [INFO] Sending to ptd: 'Hello'
ptd-server 2023-03-02 04:33:17,008 [INFO] Reply from ptd: 'Hello, PTDaemon here!'
ptd-server 2023-03-02 04:33:17,008 [INFO] Sending to ptd: 'Identify'
ptd-server 2023-03-02 04:33:17,009 [INFO] Reply from ptd: 'YokogawaWT310E,1000,1,1,1,1,0,1,1,version=1.10.0-ed9a21d2-20220817,OS=Linux 4.15.0-188-generic #199-Ubuntu SMP Wed Jun 15 20:42:56 UTC 2022 x86_64,mode=power,1,1,1,0,0,no_cal_date,YOKOGAWA;WT310E;C2XF16028V;F1.04'
ptd-server 2023-03-02 04:33:17,009 [INFO] Connected to PTDaemon
ptd-server 2023-03-02 04:33:17,009 [INFO] Sending to ptd: 'RR'
ptd-server 2023-03-02 04:33:17,010 [INFO] Reply from ptd: 'Ranges,1,5.000000,1,150.000000'
ptd-server 2023-03-02 04:33:17,010 [INFO] Initial range for Amps is Auto for Volts is Auto
ptd-server 2023-03-02 04:33:17,010 [INFO] Sending to ptd: 'SR,V,Auto'
ptd-server 2023-03-02 04:33:17,513 [INFO] Reply from ptd: 'Range V changed'
ptd-server 2023-03-02 04:33:17,514 [INFO] Sending to ptd: 'SR,A,Auto'
ptd-server 2023-03-02 04:33:18,017 [INFO] Reply from ptd: 'Range A changed'
ptd-server 2023-03-02 04:33:28,027 [INFO] Starting ranging mode
ptd-server 2023-03-02 04:33:28,028 [INFO] Sending to ptd: 'Go,1000,0,2023-03-02_04-32-59_ranging'
ptd-server 2023-03-02 04:33:28,028 [INFO] Reply from ptd: 'Starting untimed measurement, maximum 500000 samples at 1000ms with 0 rampup samples'
ptd-server 2023-03-02 04:33:28,029 [INFO] Sending reply to client 'OK'
ptd-server 2023-03-02 04:48:28,021 [INFO] Got command from the client 'session,2023-03-02_04-32-59,stop,ranging'
ptd-server 2023-03-02 04:48:38,032 [INFO] Sending to ptd: 'Stop'
ptd-server 2023-03-02 04:48:38,033 [INFO] Reply from ptd: 'Stopping untimed measurement'
ptd-server 2023-03-02 04:48:38,107 [INFO] Sending reply to client 'OK'
ptd-server 2023-03-02 04:48:38,216 [INFO] Got command from the client 'time'
ptd-server 2023-03-02 04:48:38,216 [INFO] Sending reply to client '1677754118.216516'
ptd-server 2023-03-02 04:48:38,217 [INFO] Got command from the client 'session,2023-03-02_04-32-59,start,testing'
ptd-server 2023-03-02 04:48:38,218 [INFO] Sending to ptd: 'SR,V,122.050000'
ptd-server 2023-03-02 04:48:40,530 [INFO] Reply from ptd: 'Range V changed'
ptd-server 2023-03-02 04:48:40,531 [INFO] Sending to ptd: 'SR,A,5.494800'
ptd-server 2023-03-02 04:48:42,033 [INFO] Reply from ptd: 'Range A changed'
ptd-server 2023-03-02 04:48:52,043 [INFO] Starting testing mode
ptd-server 2023-03-02 04:48:52,044 [INFO] Sending to ptd: 'Go,1000,0,2023-03-02_04-32-59_testing'
ptd-server 2023-03-02 04:48:52,044 [INFO] Reply from ptd: 'Starting untimed measurement, maximum 500000 samples at 1000ms with 0 rampup samples'
ptd-server 2023-03-02 04:48:52,044 [INFO] Sending reply to client 'OK'
ptd-server 2023-03-02 05:03:46,846 [INFO] Got command from the client 'session,2023-03-02_04-32-59,stop,testing'
ptd-server 2023-03-02 05:03:56,857 [INFO] Sending to ptd: 'Stop'
ptd-server 2023-03-02 05:03:56,858 [INFO] Reply from ptd: 'Stopping untimed measurement'
ptd-server 2023-03-02 05:03:56,899 [INFO] Sending reply to client 'OK'
ptd-server 2023-03-02 05:03:56,905 [INFO] Got command from the client 'session,2023-03-02_04-32-59,done'
ptd-server 2023-03-02 05:03:56,905 [INFO] Sending to ptd: 'Stop'
ptd-server 2023-03-02 05:03:57,045 [INFO] Reply from ptd: 'Error: no measurement to stop'
ptd-server 2023-03-02 05:03:57,045 [INFO] Sending to ptd: 'SR,V,Auto'
ptd-server 2023-03-02 05:03:57,548 [INFO] Reply from ptd: 'Range V changed'
ptd-server 2023-03-02 05:03:57,548 [INFO] Sending to ptd: 'SR,A,Auto'
ptd-server 2023-03-02 05:03:58,052 [INFO] Reply from ptd: 'Range A changed'
ptd-server 2023-03-02 05:03:58,052 [INFO] Set initial values for Amps Auto and Volts Auto
ptd-server 2023-03-02 05:03:58,052 [INFO] Stopping ptd...
