ptd-server 2023-02-12 04:23:45,224 [INFO] Got command from the client 'time'
ptd-server 2023-02-12 04:23:45,224 [INFO] Sending reply to client '1676175825.224751'
ptd-server 2023-02-12 04:23:45,228 [INFO] Got command from the client 'new,,6609d8ca-7aa2-4779-997c-4a9f5789eb3a'
ptd-server 2023-02-12 04:23:45,229 [INFO] Sending reply to client 'OK 2023-02-12_04-23-45,5be2bac7-ecad-4efc-9275-dfa9a525e662'
ptd-server 2023-02-12 04:23:45,250 [INFO] Got command from the client 'time'
ptd-server 2023-02-12 04:23:45,250 [INFO] Sending reply to client '1676175825.2504804'
ptd-server 2023-02-12 04:23:45,253 [INFO] Got command from the client 'session,2023-02-12_04-23-45,start,ranging'
ptd-server 2023-02-12 04:23:45,254 [INFO] Running PTDaemon: ['/media/arjun/T7_Touch/hp-envy/CM/repos/local/cache/9b3695ca8255492a/power/inference_v1.0/ptd-linux-x86', '-l', '/tmp/tmp6_9o2crq/ptd_logfile.txt', '-p', '8888', '49', '/dev/usbtmc0']
ptd-server 2023-02-12 04:24:02,356 [INFO] Sending to ptd: 'Hello'
ptd-server 2023-02-12 04:24:02,357 [INFO] Reply from ptd: 'Hello, PTDaemon here!'
ptd-server 2023-02-12 04:24:02,358 [INFO] Sending to ptd: 'Identify'
ptd-server 2023-02-12 04:24:02,358 [INFO] Reply from ptd: 'YokogawaWT310E,1000,1,1,1,1,0,1,1,version=1.10.0-ed9a21d2-20220817,OS=Linux 5.15.0-56-generic #62-Ubuntu SMP Tue Nov 22 19:54:14 UTC 2022 x86_64,mode=power,1,1,1,0,0,no_cal_date,YOKOGAWA;WT310E;C3YD21068E;F1.04'
ptd-server 2023-02-12 04:24:02,359 [INFO] Connected to PTDaemon
ptd-server 2023-02-12 04:24:02,359 [INFO] Sending to ptd: 'RR'
ptd-server 2023-02-12 04:24:02,360 [INFO] Reply from ptd: 'Ranges,0,0.100000,0,600.000000'
ptd-server 2023-02-12 04:24:02,360 [INFO] Initial range for Amps is 0.100000 for Volts is 600.000000
ptd-server 2023-02-12 04:24:02,360 [INFO] Sending to ptd: 'SR,V,Auto'
ptd-server 2023-02-12 04:24:02,863 [INFO] Reply from ptd: 'Range V changed'
ptd-server 2023-02-12 04:24:02,864 [INFO] Sending to ptd: 'SR,A,Auto'
ptd-server 2023-02-12 04:24:03,367 [INFO] Reply from ptd: 'Range A changed'
ptd-server 2023-02-12 04:24:13,378 [INFO] Starting ranging mode
ptd-server 2023-02-12 04:24:13,379 [INFO] Sending to ptd: 'Go,1000,0,2023-02-12_04-23-45_ranging'
ptd-server 2023-02-12 04:24:13,380 [INFO] Reply from ptd: 'Starting untimed measurement, maximum 500000 samples at 1000ms with 0 rampup samples'
ptd-server 2023-02-12 04:24:13,380 [INFO] Sending reply to client 'OK'
ptd-server 2023-02-12 04:34:16,046 [INFO] Got command from the client 'session,2023-02-12_04-23-45,stop,ranging'
ptd-server 2023-02-12 04:34:26,057 [INFO] Sending to ptd: 'Stop'
ptd-server 2023-02-12 04:34:26,058 [INFO] Reply from ptd: 'Stopping untimed measurement'
ptd-server 2023-02-12 04:34:26,080 [INFO] Sending reply to client 'OK'
ptd-server 2023-02-12 04:34:26,140 [INFO] Got command from the client 'time'
ptd-server 2023-02-12 04:34:26,140 [INFO] Sending reply to client '1676176466.1402519'
ptd-server 2023-02-12 04:34:26,142 [INFO] Got command from the client 'session,2023-02-12_04-23-45,start,testing'
ptd-server 2023-02-12 04:34:26,143 [INFO] Sending to ptd: 'SR,V,248.460000'
ptd-server 2023-02-12 04:34:27,884 [INFO] Reply from ptd: 'Range V changed'
ptd-server 2023-02-12 04:34:27,884 [INFO] Sending to ptd: 'SR,A,0.266830'
ptd-server 2023-02-12 04:34:29,387 [INFO] Reply from ptd: 'Range A changed'
ptd-server 2023-02-12 04:34:39,398 [INFO] Starting testing mode
ptd-server 2023-02-12 04:34:39,398 [INFO] Sending to ptd: 'Go,1000,0,2023-02-12_04-23-45_testing'
ptd-server 2023-02-12 04:34:39,399 [INFO] Reply from ptd: 'Starting untimed measurement, maximum 500000 samples at 1000ms with 0 rampup samples'
ptd-server 2023-02-12 04:34:39,400 [INFO] Sending reply to client 'OK'
ptd-server 2023-02-12 04:44:40,075 [INFO] Got command from the client 'session,2023-02-12_04-23-45,stop,testing'
ptd-server 2023-02-12 04:44:50,086 [INFO] Sending to ptd: 'Stop'
ptd-server 2023-02-12 04:44:50,087 [INFO] Reply from ptd: 'Stopping untimed measurement'
ptd-server 2023-02-12 04:44:50,099 [INFO] Sending reply to client 'OK'
ptd-server 2023-02-12 04:44:50,114 [INFO] Got command from the client 'session,2023-02-12_04-23-45,done'
ptd-server 2023-02-12 04:44:50,114 [INFO] Sending to ptd: 'Stop'
ptd-server 2023-02-12 04:44:50,401 [INFO] Reply from ptd: 'Error: no measurement to stop'
ptd-server 2023-02-12 04:44:50,402 [INFO] Sending to ptd: 'SR,V,600.000000'
ptd-server 2023-02-12 04:44:51,905 [INFO] Reply from ptd: 'Range V changed'
ptd-server 2023-02-12 04:44:51,905 [INFO] Sending to ptd: 'SR,A,0.100000'
ptd-server 2023-02-12 04:44:53,408 [INFO] Reply from ptd: 'Range A changed'
ptd-server 2023-02-12 04:44:53,409 [INFO] Set initial values for Amps 0.100000 and Volts 600.000000
ptd-server 2023-02-12 04:44:53,409 [INFO] Stopping ptd...
