ptd-server 2023-02-26 07:52:58,739 [INFO] Got command from the client 'time'
ptd-server 2023-02-26 07:52:58,739 [INFO] Sending reply to client '1677397978.7397888'
ptd-server 2023-02-26 07:52:58,741 [INFO] Got command from the client 'new,,bac288e1-5b78-4eab-a36a-5a3dd3646cb3'
ptd-server 2023-02-26 07:52:58,742 [INFO] Sending reply to client 'OK 2023-02-26_07-52-58,038ef018-e54b-4d04-b1df-c3ba8ef0408b'
ptd-server 2023-02-26 07:52:58,788 [INFO] Got command from the client 'time'
ptd-server 2023-02-26 07:52:58,788 [INFO] Sending reply to client '1677397978.788367'
ptd-server 2023-02-26 07:52:58,789 [INFO] Got command from the client 'session,2023-02-26_07-52-58,start,ranging'
ptd-server 2023-02-26 07:52:58,790 [INFO] Running PTDaemon: ['/home/anton/projects/mlperf/power/inference_v1.0/ptd-linux-x86', '-l', '/tmp/tmpu4v721n6/ptd_logfile.txt', '-p', '8888', '49', '/dev/usbtmc0']
ptd-server 2023-02-26 07:53:15,876 [INFO] Sending to ptd: 'Hello'
ptd-server 2023-02-26 07:53:15,876 [INFO] Reply from ptd: 'Hello, PTDaemon here!'
ptd-server 2023-02-26 07:53:15,876 [INFO] Sending to ptd: 'Identify'
ptd-server 2023-02-26 07:53:15,877 [INFO] Reply from ptd: 'YokogawaWT310E,1000,1,1,1,1,0,1,1,version=1.10.0-ed9a21d2-20220817,OS=Linux 5.15.0-60-generic #66~20.04.1-Ubuntu SMP Wed Jan 25 09:41:30 UTC 2023 x86_64,mode=power,1,1,1,0,0,no_cal_date,YOKOGAWA;WT310E;C3XA04010E;F1.04'
ptd-server 2023-02-26 07:53:15,877 [INFO] Connected to PTDaemon
ptd-server 2023-02-26 07:53:15,877 [INFO] Sending to ptd: 'RR'
ptd-server 2023-02-26 07:53:15,877 [INFO] Reply from ptd: 'Ranges,0,0.100000,0,300.000000'
ptd-server 2023-02-26 07:53:15,877 [INFO] Initial range for Amps is 0.100000 for Volts is 300.000000
ptd-server 2023-02-26 07:53:15,877 [INFO] Sending to ptd: 'SR,V,Auto'
ptd-server 2023-02-26 07:53:16,380 [INFO] Reply from ptd: 'Range V changed'
ptd-server 2023-02-26 07:53:16,380 [INFO] Sending to ptd: 'SR,A,Auto'
ptd-server 2023-02-26 07:53:16,883 [INFO] Reply from ptd: 'Range A changed'
ptd-server 2023-02-26 07:53:26,893 [INFO] Starting ranging mode
ptd-server 2023-02-26 07:53:26,893 [INFO] Sending to ptd: 'Go,1000,0,2023-02-26_07-52-58_ranging'
ptd-server 2023-02-26 07:53:26,894 [INFO] Reply from ptd: 'Starting untimed measurement, maximum 500000 samples at 1000ms with 0 rampup samples'
ptd-server 2023-02-26 07:53:26,894 [INFO] Sending reply to client 'OK'
ptd-server 2023-02-26 08:03:42,406 [INFO] Got command from the client 'session,2023-02-26_07-52-58,stop,ranging'
ptd-server 2023-02-26 08:03:52,414 [INFO] Sending to ptd: 'Stop'
ptd-server 2023-02-26 08:03:52,414 [INFO] Reply from ptd: 'Stopping untimed measurement'
ptd-server 2023-02-26 08:03:52,630 [INFO] Sending reply to client 'OK'
ptd-server 2023-02-26 08:03:52,715 [INFO] Got command from the client 'time'
ptd-server 2023-02-26 08:03:52,715 [INFO] Sending reply to client '1677398632.7153742'
ptd-server 2023-02-26 08:03:52,717 [INFO] Got command from the client 'session,2023-02-26_07-52-58,start,testing'
ptd-server 2023-02-26 08:03:52,717 [INFO] Sending to ptd: 'SR,V,249.230000'
ptd-server 2023-02-26 08:03:54,396 [INFO] Reply from ptd: 'Range V changed'
ptd-server 2023-02-26 08:03:54,396 [INFO] Sending to ptd: 'SR,A,0.057690'
ptd-server 2023-02-26 08:03:55,897 [INFO] Reply from ptd: 'Range A changed'
ptd-server 2023-02-26 08:04:05,907 [INFO] Starting testing mode
ptd-server 2023-02-26 08:04:05,908 [INFO] Sending to ptd: 'Go,1000,0,2023-02-26_07-52-58_testing'
ptd-server 2023-02-26 08:04:05,908 [INFO] Reply from ptd: 'Starting untimed measurement, maximum 500000 samples at 1000ms with 0 rampup samples'
ptd-server 2023-02-26 08:04:05,908 [INFO] Sending reply to client 'OK'
ptd-server 2023-02-26 08:14:21,455 [INFO] Got command from the client 'session,2023-02-26_07-52-58,stop,testing'
ptd-server 2023-02-26 08:14:31,466 [INFO] Sending to ptd: 'Stop'
ptd-server 2023-02-26 08:14:31,466 [INFO] Reply from ptd: 'Stopping untimed measurement'
ptd-server 2023-02-26 08:14:31,579 [INFO] Sending reply to client 'OK'
ptd-server 2023-02-26 08:14:31,598 [INFO] Got command from the client 'session,2023-02-26_07-52-58,done'
ptd-server 2023-02-26 08:14:31,598 [INFO] Sending to ptd: 'Stop'
ptd-server 2023-02-26 08:14:31,908 [INFO] Reply from ptd: 'Error: no measurement to stop'
ptd-server 2023-02-26 08:14:31,909 [INFO] Sending to ptd: 'SR,V,300.000000'
ptd-server 2023-02-26 08:14:33,410 [INFO] Reply from ptd: 'Range V changed'
ptd-server 2023-02-26 08:14:33,410 [INFO] Sending to ptd: 'SR,A,0.100000'
ptd-server 2023-02-26 08:14:34,911 [INFO] Reply from ptd: 'Range A changed'
ptd-server 2023-02-26 08:14:34,912 [INFO] Set initial values for Amps 0.100000 and Volts 300.000000
ptd-server 2023-02-26 08:14:34,912 [INFO] Stopping ptd...
