ptd-server 2023-02-24 03:10:14,760 [INFO] Got command from the client 'time'
ptd-server 2023-02-24 03:10:14,760 [INFO] Sending reply to client '1677208214.760816'
ptd-server 2023-02-24 03:10:14,763 [INFO] Got command from the client 'new,,c1c1a8ca-58e3-4642-8fe7-fbc241d0c618'
ptd-server 2023-02-24 03:10:14,763 [INFO] Sending reply to client 'OK 2023-02-24_03-10-14,cd4967b4-b4ce-4bf7-a4a6-a245728a25d7'
ptd-server 2023-02-24 03:10:14,784 [INFO] Got command from the client 'time'
ptd-server 2023-02-24 03:10:14,784 [INFO] Sending reply to client '1677208214.7849624'
ptd-server 2023-02-24 03:10:14,786 [INFO] Got command from the client 'session,2023-02-24_03-10-14,start,ranging'
ptd-server 2023-02-24 03:10:14,787 [INFO] Running PTDaemon: ['/media/arjun/T7_Touch/hp-envy/CM/repos/local/cache/9b3695ca8255492a/power/inference_v1.0/ptd-linux-x86', '-l', '/tmp/tmpti64566v/ptd_logfile.txt', '-p', '8888', '49', '/dev/usbtmc0']
ptd-server 2023-02-24 03:10:31,851 [INFO] Sending to ptd: 'Hello'
ptd-server 2023-02-24 03:10:31,851 [INFO] Reply from ptd: 'Hello, PTDaemon here!'
ptd-server 2023-02-24 03:10:31,851 [INFO] Sending to ptd: 'Identify'
ptd-server 2023-02-24 03:10:31,851 [INFO] Reply from ptd: 'YokogawaWT310E,1000,1,1,1,1,0,1,1,version=1.10.0-ed9a21d2-20220817,OS=Linux 5.15.0-56-generic #62-Ubuntu SMP Tue Nov 22 19:54:14 UTC 2022 x86_64,mode=power,1,1,1,0,0,no_cal_date,YOKOGAWA;WT310E;C3YD21068E;F1.04'
ptd-server 2023-02-24 03:10:31,851 [INFO] Connected to PTDaemon
ptd-server 2023-02-24 03:10:31,851 [INFO] Sending to ptd: 'RR'
ptd-server 2023-02-24 03:10:31,851 [INFO] Reply from ptd: 'Ranges,0,0.100000,0,600.000000'
ptd-server 2023-02-24 03:10:31,852 [INFO] Initial range for Amps is 0.100000 for Volts is 600.000000
ptd-server 2023-02-24 03:10:31,852 [INFO] Sending to ptd: 'SR,V,Auto'
ptd-server 2023-02-24 03:10:32,354 [INFO] Reply from ptd: 'Range V changed'
ptd-server 2023-02-24 03:10:32,354 [INFO] Sending to ptd: 'SR,A,Auto'
ptd-server 2023-02-24 03:10:32,856 [INFO] Reply from ptd: 'Range A changed'
ptd-server 2023-02-24 03:10:42,860 [INFO] Starting ranging mode
ptd-server 2023-02-24 03:10:42,860 [INFO] Sending to ptd: 'Go,1000,0,2023-02-24_03-10-14_ranging'
ptd-server 2023-02-24 03:10:42,860 [INFO] Reply from ptd: 'Starting untimed measurement, maximum 500000 samples at 1000ms with 0 rampup samples'
ptd-server 2023-02-24 03:10:42,860 [INFO] Sending reply to client 'OK'
ptd-server 2023-02-24 03:21:48,167 [INFO] Got command from the client 'session,2023-02-24_03-10-14,stop,ranging'
ptd-server 2023-02-24 03:21:58,172 [INFO] Sending to ptd: 'Stop'
ptd-server 2023-02-24 03:21:58,174 [INFO] Reply from ptd: 'Stopping untimed measurement'
ptd-server 2023-02-24 03:21:58,240 [INFO] Sending reply to client 'OK'
ptd-server 2023-02-24 03:21:58,278 [INFO] Got command from the client 'time'
ptd-server 2023-02-24 03:21:58,278 [INFO] Sending reply to client '1677208918.278722'
ptd-server 2023-02-24 03:21:58,283 [INFO] Got command from the client 'session,2023-02-24_03-10-14,start,testing'
ptd-server 2023-02-24 03:21:58,283 [INFO] Sending to ptd: 'SR,V,245.170000'
ptd-server 2023-02-24 03:22:00,364 [INFO] Reply from ptd: 'Range V changed'
ptd-server 2023-02-24 03:22:00,364 [INFO] Sending to ptd: 'SR,A,0.268830'
ptd-server 2023-02-24 03:22:01,868 [INFO] Reply from ptd: 'Range A changed'
ptd-server 2023-02-24 03:22:11,879 [INFO] Starting testing mode
ptd-server 2023-02-24 03:22:11,879 [INFO] Sending to ptd: 'Go,1000,0,2023-02-24_03-10-14_testing'
ptd-server 2023-02-24 03:22:11,880 [INFO] Reply from ptd: 'Starting untimed measurement, maximum 500000 samples at 1000ms with 0 rampup samples'
ptd-server 2023-02-24 03:22:11,881 [INFO] Sending reply to client 'OK'
ptd-server 2023-02-24 03:33:17,230 [INFO] Got command from the client 'session,2023-02-24_03-10-14,stop,testing'
ptd-server 2023-02-24 03:33:27,238 [INFO] Sending to ptd: 'Stop'
ptd-server 2023-02-24 03:33:27,239 [INFO] Reply from ptd: 'Stopping untimed measurement'
ptd-server 2023-02-24 03:33:27,273 [INFO] Sending reply to client 'OK'
ptd-server 2023-02-24 03:33:27,284 [INFO] Got command from the client 'session,2023-02-24_03-10-14,done'
ptd-server 2023-02-24 03:33:27,284 [INFO] Sending to ptd: 'Stop'
ptd-server 2023-02-24 03:33:27,881 [INFO] Reply from ptd: 'Error: no measurement to stop'
ptd-server 2023-02-24 03:33:27,881 [INFO] Sending to ptd: 'SR,V,600.000000'
ptd-server 2023-02-24 03:33:29,385 [INFO] Reply from ptd: 'Range V changed'
ptd-server 2023-02-24 03:33:29,386 [INFO] Sending to ptd: 'SR,A,0.100000'
ptd-server 2023-02-24 03:33:30,889 [INFO] Reply from ptd: 'Range A changed'
ptd-server 2023-02-24 03:33:30,889 [INFO] Set initial values for Amps 0.100000 and Volts 600.000000
ptd-server 2023-02-24 03:33:30,889 [INFO] Stopping ptd...
