ptd-server 2023-02-12 13:37:06,761 [INFO] Got command from the client 'time'
ptd-server 2023-02-12 13:37:06,761 [INFO] Sending reply to client '1676209026.7616916'
ptd-server 2023-02-12 13:37:06,769 [INFO] Got command from the client 'new,,c2134170-eb1e-4f52-96ce-bd02dea3b7f2'
ptd-server 2023-02-12 13:37:06,770 [INFO] Sending reply to client 'OK 2023-02-12_13-37-06,cb4928f9-c699-4f1c-8ad1-056a513b730e'
ptd-server 2023-02-12 13:37:06,791 [INFO] Got command from the client 'time'
ptd-server 2023-02-12 13:37:06,792 [INFO] Sending reply to client '1676209026.7921302'
ptd-server 2023-02-12 13:37:06,796 [INFO] Got command from the client 'session,2023-02-12_13-37-06,start,ranging'
ptd-server 2023-02-12 13:37:06,797 [INFO] Running PTDaemon: ['/media/arjun/T7_Touch/hp-envy/CM/repos/local/cache/9b3695ca8255492a/power/inference_v1.0/ptd-linux-x86', '-l', '/tmp/tmp6_9o2crq/ptd_logfile.txt', '-p', '8888', '49', '/dev/usbtmc0']
ptd-server 2023-02-12 13:37:23,890 [INFO] Sending to ptd: 'Hello'
ptd-server 2023-02-12 13:37:23,891 [INFO] Reply from ptd: 'Hello, PTDaemon here!'
ptd-server 2023-02-12 13:37:23,892 [INFO] Sending to ptd: 'Identify'
ptd-server 2023-02-12 13:37:23,892 [INFO] Reply from ptd: 'YokogawaWT310E,1000,1,1,1,1,0,1,1,version=1.10.0-ed9a21d2-20220817,OS=Linux 5.15.0-56-generic #62-Ubuntu SMP Tue Nov 22 19:54:14 UTC 2022 x86_64,mode=power,1,1,1,0,0,no_cal_date,YOKOGAWA;WT310E;C3YD21068E;F1.04'
ptd-server 2023-02-12 13:37:23,893 [INFO] Connected to PTDaemon
ptd-server 2023-02-12 13:37:23,893 [INFO] Sending to ptd: 'RR'
ptd-server 2023-02-12 13:37:23,894 [INFO] Reply from ptd: 'Ranges,0,0.100000,0,600.000000'
ptd-server 2023-02-12 13:37:23,894 [INFO] Initial range for Amps is 0.100000 for Volts is 600.000000
ptd-server 2023-02-12 13:37:23,894 [INFO] Sending to ptd: 'SR,V,Auto'
ptd-server 2023-02-12 13:37:24,401 [INFO] Reply from ptd: 'Range V changed'
ptd-server 2023-02-12 13:37:24,401 [INFO] Sending to ptd: 'SR,A,Auto'
ptd-server 2023-02-12 13:37:24,905 [INFO] Reply from ptd: 'Range A changed'
ptd-server 2023-02-12 13:37:34,916 [INFO] Starting ranging mode
ptd-server 2023-02-12 13:37:34,916 [INFO] Sending to ptd: 'Go,1000,0,2023-02-12_13-37-06_ranging'
ptd-server 2023-02-12 13:37:34,917 [INFO] Reply from ptd: 'Starting untimed measurement, maximum 500000 samples at 1000ms with 0 rampup samples'
ptd-server 2023-02-12 13:37:34,917 [INFO] Sending reply to client 'OK'
ptd-server 2023-02-12 13:47:38,313 [INFO] Got command from the client 'session,2023-02-12_13-37-06,stop,ranging'
ptd-server 2023-02-12 13:47:48,324 [INFO] Sending to ptd: 'Stop'
ptd-server 2023-02-12 13:47:48,325 [INFO] Reply from ptd: 'Stopping untimed measurement'
ptd-server 2023-02-12 13:47:48,381 [INFO] Sending reply to client 'OK'
ptd-server 2023-02-12 13:47:48,525 [INFO] Got command from the client 'time'
ptd-server 2023-02-12 13:47:48,525 [INFO] Sending reply to client '1676209668.5254076'
ptd-server 2023-02-12 13:47:48,529 [INFO] Got command from the client 'session,2023-02-12_13-37-06,start,testing'
ptd-server 2023-02-12 13:47:48,529 [INFO] Sending to ptd: 'SR,V,248.710000'
ptd-server 2023-02-12 13:47:50,421 [INFO] Reply from ptd: 'Range V changed'
ptd-server 2023-02-12 13:47:50,421 [INFO] Sending to ptd: 'SR,A,0.249740'
ptd-server 2023-02-12 13:47:51,924 [INFO] Reply from ptd: 'Range A changed'
ptd-server 2023-02-12 13:48:01,930 [INFO] Starting testing mode
ptd-server 2023-02-12 13:48:01,930 [INFO] Sending to ptd: 'Go,1000,0,2023-02-12_13-37-06_testing'
ptd-server 2023-02-12 13:48:01,931 [INFO] Reply from ptd: 'Starting untimed measurement, maximum 500000 samples at 1000ms with 0 rampup samples'
ptd-server 2023-02-12 13:48:01,932 [INFO] Sending reply to client 'OK'
ptd-server 2023-02-12 13:58:02,742 [INFO] Got command from the client 'session,2023-02-12_13-37-06,stop,testing'
ptd-server 2023-02-12 13:58:12,753 [INFO] Sending to ptd: 'Stop'
ptd-server 2023-02-12 13:58:12,754 [INFO] Reply from ptd: 'Stopping untimed measurement'
ptd-server 2023-02-12 13:58:12,782 [INFO] Sending reply to client 'OK'
ptd-server 2023-02-12 13:58:12,797 [INFO] Got command from the client 'session,2023-02-12_13-37-06,done'
ptd-server 2023-02-12 13:58:12,798 [INFO] Sending to ptd: 'Stop'
ptd-server 2023-02-12 13:58:12,932 [INFO] Reply from ptd: 'Error: no measurement to stop'
ptd-server 2023-02-12 13:58:12,932 [INFO] Sending to ptd: 'SR,V,600.000000'
ptd-server 2023-02-12 13:58:14,435 [INFO] Reply from ptd: 'Range V changed'
ptd-server 2023-02-12 13:58:14,435 [INFO] Sending to ptd: 'SR,A,0.100000'
ptd-server 2023-02-12 13:58:15,938 [INFO] Reply from ptd: 'Range A changed'
ptd-server 2023-02-12 13:58:15,938 [INFO] Set initial values for Amps 0.100000 and Volts 600.000000
ptd-server 2023-02-12 13:58:15,939 [INFO] Stopping ptd...
