ptd-server 2023-02-25 09:18:48,973 [INFO] Got command from the client 'time'
ptd-server 2023-02-25 09:18:48,973 [INFO] Sending reply to client '1677338328.9738173'
ptd-server 2023-02-25 09:18:48,974 [INFO] Got command from the client 'new,,8960cc7d-c19b-44a9-85ac-711c3221def1'
ptd-server 2023-02-25 09:18:48,974 [INFO] Sending reply to client 'OK 2023-02-25_09-18-48,3b377447-4912-476f-a912-4f3aa476c310'
ptd-server 2023-02-25 09:18:49,008 [INFO] Got command from the client 'time'
ptd-server 2023-02-25 09:18:49,009 [INFO] Sending reply to client '1677338329.0091412'
ptd-server 2023-02-25 09:18:49,010 [INFO] Got command from the client 'session,2023-02-25_09-18-48,start,ranging'
ptd-server 2023-02-25 09:18:49,010 [INFO] Running PTDaemon: ['/home/dell/power-main/inference_v1.0/ptd-linux-x86', '-l', '/tmp/tmp6gkim7wr/ptd_logfile.txt', '-p', '8888', '-c', '3', '52', '/dev/usbtmc0']
ptd-server 2023-02-25 09:19:06,087 [INFO] Sending to ptd: 'Hello'
ptd-server 2023-02-25 09:19:06,088 [INFO] Reply from ptd: 'Hello, PTDaemon here!'
ptd-server 2023-02-25 09:19:06,088 [INFO] Sending to ptd: 'Identify'
ptd-server 2023-02-25 09:19:06,088 [INFO] Reply from ptd: 'YokogawaWT330E,1000,1,1,1,1,0,0,1,version=1.10.0-ed9a21d2-20220817,OS=Linux 5.4.0-139-generic #156-Ubuntu SMP Fri Jan 20 17:27:18 UTC 2023 x86_64,mode=power,1,1,1,0,0,no_cal_date,YOKOGAWA;WT333E;C2WB13023V;F1.04'
ptd-server 2023-02-25 09:19:06,089 [INFO] Connected to PTDaemon
ptd-server 2023-02-25 09:19:06,089 [INFO] Sending to ptd: 'RR'
ptd-server 2023-02-25 09:19:06,089 [INFO] Reply from ptd: 'Ranges,1,1.000000,1,300.000000'
ptd-server 2023-02-25 09:19:06,089 [INFO] Initial range for Amps is Auto for Volts is Auto
ptd-server 2023-02-25 09:19:06,089 [INFO] Sending to ptd: 'SR,V,Auto'
ptd-server 2023-02-25 09:19:06,593 [INFO] Reply from ptd: 'Range V changed'
ptd-server 2023-02-25 09:19:06,593 [INFO] Sending to ptd: 'SR,A,20'
ptd-server 2023-02-25 09:19:08,095 [INFO] Reply from ptd: 'Range A changed'
ptd-server 2023-02-25 09:19:18,105 [INFO] Starting ranging mode
ptd-server 2023-02-25 09:19:18,105 [INFO] Sending to ptd: 'Go,1000,0,2023-02-25_09-18-48_ranging'
ptd-server 2023-02-25 09:19:18,106 [INFO] Reply from ptd: 'Starting untimed measurement, maximum 500000 samples at 1000ms with 0 rampup samples'
ptd-server 2023-02-25 09:19:18,106 [INFO] Sending reply to client 'OK'
ptd-server 2023-02-25 09:31:37,977 [INFO] Got command from the client 'session,2023-02-25_09-18-48,stop,ranging'
ptd-server 2023-02-25 09:31:47,988 [INFO] Sending to ptd: 'Stop'
ptd-server 2023-02-25 09:31:47,988 [INFO] Reply from ptd: 'Stopping untimed measurement'
ptd-server 2023-02-25 09:31:48,034 [INFO] Sending reply to client 'OK'
ptd-server 2023-02-25 09:31:48,079 [INFO] Got command from the client 'time'
ptd-server 2023-02-25 09:31:48,080 [INFO] Sending reply to client '1677339108.0801198'
ptd-server 2023-02-25 09:31:48,081 [INFO] Got command from the client 'session,2023-02-25_09-18-48,start,testing'
ptd-server 2023-02-25 09:31:48,081 [INFO] Sending to ptd: 'SR,V,213.350000'
ptd-server 2023-02-25 09:31:49,607 [INFO] Reply from ptd: 'Range V changed'
ptd-server 2023-02-25 09:31:49,608 [INFO] Sending to ptd: 'SR,A,0.701000'
ptd-server 2023-02-25 09:31:51,109 [INFO] Reply from ptd: 'Range A changed'
ptd-server 2023-02-25 09:32:01,119 [INFO] Starting testing mode
ptd-server 2023-02-25 09:32:01,120 [INFO] Sending to ptd: 'Go,1000,0,2023-02-25_09-18-48_testing'
ptd-server 2023-02-25 09:32:01,120 [INFO] Reply from ptd: 'Starting untimed measurement, maximum 500000 samples at 1000ms with 0 rampup samples'
ptd-server 2023-02-25 09:32:01,120 [INFO] Sending reply to client 'OK'
ptd-server 2023-02-25 09:44:22,027 [INFO] Got command from the client 'session,2023-02-25_09-18-48,stop,testing'
ptd-server 2023-02-25 09:44:32,038 [INFO] Sending to ptd: 'Stop'
ptd-server 2023-02-25 09:44:32,038 [INFO] Reply from ptd: 'Stopping untimed measurement'
ptd-server 2023-02-25 09:44:32,064 [INFO] Sending reply to client 'OK'
ptd-server 2023-02-25 09:44:32,072 [INFO] Got command from the client 'session,2023-02-25_09-18-48,done'
ptd-server 2023-02-25 09:44:32,072 [INFO] Sending to ptd: 'Stop'
ptd-server 2023-02-25 09:44:32,121 [INFO] Reply from ptd: 'Error: no measurement to stop'
ptd-server 2023-02-25 09:44:32,121 [INFO] Sending to ptd: 'SR,V,Auto'
ptd-server 2023-02-25 09:44:32,623 [INFO] Reply from ptd: 'Range V changed'
ptd-server 2023-02-25 09:44:32,624 [INFO] Sending to ptd: 'SR,A,Auto'
ptd-server 2023-02-25 09:44:33,126 [INFO] Reply from ptd: 'Range A changed'
ptd-server 2023-02-25 09:44:33,126 [INFO] Set initial values for Amps Auto and Volts Auto
ptd-server 2023-02-25 09:44:33,126 [INFO] Stopping ptd...
