ptd-server 2023-03-03 07:35:46,007 [INFO] Got command from the client 'time'
ptd-server 2023-03-03 07:35:46,008 [INFO] Sending reply to client '1677828946.0079927'
ptd-server 2023-03-03 07:35:46,010 [INFO] Got command from the client 'new,,3002fb28-4f96-4218-a9c2-a33891bada1e'
ptd-server 2023-03-03 07:35:46,011 [INFO] Sending reply to client 'OK 2023-03-03_07-35-46,975e19ba-31c9-464c-b0b6-5a814e47ebdd'
ptd-server 2023-03-03 07:35:46,026 [INFO] Got command from the client 'time'
ptd-server 2023-03-03 07:35:46,026 [INFO] Sending reply to client '1677828946.0263207'
ptd-server 2023-03-03 07:35:46,027 [INFO] Got command from the client 'session,2023-03-03_07-35-46,start,ranging'
ptd-server 2023-03-03 07:35:46,028 [INFO] Running PTDaemon: ['/media/arjun/T7_Touch/hp-envy/CM/repos/local/cache/9b3695ca8255492a/power/inference_v1.0/ptd-linux-x86', '-l', '/tmp/tmpti64566v/ptd_logfile.txt', '-p', '8888', '49', '/dev/usbtmc0']
ptd-server 2023-03-03 07:36:03,132 [INFO] Sending to ptd: 'Hello'
ptd-server 2023-03-03 07:36:03,133 [INFO] Reply from ptd: 'Hello, PTDaemon here!'
ptd-server 2023-03-03 07:36:03,133 [INFO] Sending to ptd: 'Identify'
ptd-server 2023-03-03 07:36:03,134 [INFO] Reply from ptd: 'YokogawaWT310E,1000,1,1,1,1,0,1,1,version=1.10.0-ed9a21d2-20220817,OS=Linux 5.15.0-56-generic #62-Ubuntu SMP Tue Nov 22 19:54:14 UTC 2022 x86_64,mode=power,1,1,1,0,0,no_cal_date,YOKOGAWA;WT310E;C3YD21068E;F1.04'
ptd-server 2023-03-03 07:36:03,134 [INFO] Connected to PTDaemon
ptd-server 2023-03-03 07:36:03,135 [INFO] Sending to ptd: 'RR'
ptd-server 2023-03-03 07:36:03,135 [INFO] Reply from ptd: 'Ranges,1,2.000000,0,600.000000'
ptd-server 2023-03-03 07:36:03,136 [INFO] Initial range for Amps is Auto for Volts is 600.000000
ptd-server 2023-03-03 07:36:03,136 [INFO] Sending to ptd: 'SR,V,Auto'
ptd-server 2023-03-03 07:36:03,640 [INFO] Reply from ptd: 'Range V changed'
ptd-server 2023-03-03 07:36:03,640 [INFO] Sending to ptd: 'SR,A,Auto'
ptd-server 2023-03-03 07:36:04,144 [INFO] Reply from ptd: 'Range A changed'
ptd-server 2023-03-03 07:36:14,152 [INFO] Starting ranging mode
ptd-server 2023-03-03 07:36:14,153 [INFO] Sending to ptd: 'Go,1000,0,2023-03-03_07-35-46_ranging'
ptd-server 2023-03-03 07:36:14,154 [INFO] Reply from ptd: 'Starting untimed measurement, maximum 500000 samples at 1000ms with 0 rampup samples'
ptd-server 2023-03-03 07:36:14,154 [INFO] Sending reply to client 'OK'
ptd-server 2023-03-03 09:07:16,285 [INFO] Got command from the client 'session,2023-03-03_07-35-46,stop,ranging'
ptd-server 2023-03-03 09:07:26,296 [INFO] Sending to ptd: 'Stop'
ptd-server 2023-03-03 09:07:26,297 [INFO] Reply from ptd: 'Stopping untimed measurement'
ptd-server 2023-03-03 09:07:26,726 [INFO] Sending reply to client 'OK'
ptd-server 2023-03-03 09:07:26,777 [INFO] Got command from the client 'time'
ptd-server 2023-03-03 09:07:26,777 [INFO] Sending reply to client '1677834446.7772663'
ptd-server 2023-03-03 09:07:26,779 [INFO] Got command from the client 'session,2023-03-03_07-35-46,start,testing'
ptd-server 2023-03-03 09:07:26,780 [INFO] Sending to ptd: 'SR,V,247.130000'
ptd-server 2023-03-03 09:07:28,657 [INFO] Reply from ptd: 'Range V changed'
ptd-server 2023-03-03 09:07:28,658 [INFO] Sending to ptd: 'SR,A,2.524900'
ptd-server 2023-03-03 09:07:30,161 [INFO] Reply from ptd: 'Range A changed'
ptd-server 2023-03-03 09:07:40,172 [INFO] Starting testing mode
ptd-server 2023-03-03 09:07:40,172 [INFO] Sending to ptd: 'Go,1000,0,2023-03-03_07-35-46_testing'
ptd-server 2023-03-03 09:07:40,173 [INFO] Reply from ptd: 'Starting untimed measurement, maximum 500000 samples at 1000ms with 0 rampup samples'
ptd-server 2023-03-03 09:07:40,173 [INFO] Sending reply to client 'OK'
ptd-server 2023-03-03 10:38:49,143 [INFO] Got command from the client 'session,2023-03-03_07-35-46,stop,testing'
ptd-server 2023-03-03 10:38:59,154 [INFO] Sending to ptd: 'Stop'
ptd-server 2023-03-03 10:38:59,155 [INFO] Reply from ptd: 'Stopping untimed measurement'
ptd-server 2023-03-03 10:38:59,360 [INFO] Sending reply to client 'OK'
ptd-server 2023-03-03 10:38:59,372 [INFO] Got command from the client 'session,2023-03-03_07-35-46,done'
ptd-server 2023-03-03 10:38:59,372 [INFO] Sending to ptd: 'Stop'
ptd-server 2023-03-03 10:38:59,372 [INFO] Reply from ptd: 'Error: no measurement to stop'
ptd-server 2023-03-03 10:38:59,373 [INFO] Sending to ptd: 'SR,V,600.000000'
ptd-server 2023-03-03 10:39:00,875 [INFO] Reply from ptd: 'Range V changed'
ptd-server 2023-03-03 10:39:00,875 [INFO] Sending to ptd: 'SR,A,Auto'
ptd-server 2023-03-03 10:39:01,379 [INFO] Reply from ptd: 'Range A changed'
ptd-server 2023-03-03 10:39:01,379 [INFO] Set initial values for Amps Auto and Volts 600.000000
ptd-server 2023-03-03 10:39:01,379 [INFO] Stopping ptd...
