ptd-server 2023-02-24 03:59:34,484 [INFO] Got command from the client 'time'
ptd-server 2023-02-24 03:59:34,485 [INFO] Sending reply to client '1677232774.4851623'
ptd-server 2023-02-24 03:59:34,486 [INFO] Got command from the client 'new,,35e671dc-097a-4987-ada2-a34df274e586'
ptd-server 2023-02-24 03:59:34,487 [INFO] Sending reply to client 'OK 2023-02-24_03-59-34,58f8f73b-1765-40d5-88cd-5f59a1f5e180'
ptd-server 2023-02-24 03:59:34,568 [INFO] Got command from the client 'time'
ptd-server 2023-02-24 03:59:34,569 [INFO] Sending reply to client '1677232774.569182'
ptd-server 2023-02-24 03:59:34,570 [INFO] Got command from the client 'session,2023-02-24_03-59-34,start,ranging'
ptd-server 2023-02-24 03:59:34,571 [INFO] Running PTDaemon: ['/local/mnt/workspace/mlcommons/power-main/inference_v1.0/ptd-linux-x86', '-l', '/tmp/tmprs1r_car/ptd_logfile.txt', '-p', '8888', '-c', '1', '52', '/dev/usbtmc0']
ptd-server 2023-02-24 03:59:51,593 [INFO] Sending to ptd: 'Hello'
ptd-server 2023-02-24 03:59:51,595 [INFO] Reply from ptd: 'Hello, PTDaemon here!'
ptd-server 2023-02-24 03:59:51,595 [INFO] Sending to ptd: 'Identify'
ptd-server 2023-02-24 03:59:51,595 [INFO] Reply from ptd: 'YokogawaWT330,1000,1,1,1,1,0,0,1,version=1.10.0-ed9a21d2-20220817,OS=Linux 5.4.0-120-generic #136~18.04.1-Ubuntu SMP Fri Jun 10 18:00:44 UTC 2022 x86_64,mode=power,1,1,1,0,0,no_cal_date,YOKOGAWA;WT333;C2SF14011V;F1.01EM'
ptd-server 2023-02-24 03:59:51,596 [INFO] Connected to PTDaemon
ptd-server 2023-02-24 03:59:51,596 [INFO] Sending to ptd: 'RR'
ptd-server 2023-02-24 03:59:51,596 [INFO] Reply from ptd: 'Ranges,0,5.000000,0,150.000000'
ptd-server 2023-02-24 03:59:51,597 [INFO] Initial range for Amps is 5.000000 for Volts is 150.000000
ptd-server 2023-02-24 03:59:51,597 [INFO] Sending to ptd: 'SR,V,Auto'
ptd-server 2023-02-24 03:59:52,136 [INFO] Reply from ptd: 'Range V changed'
ptd-server 2023-02-24 03:59:52,136 [INFO] Sending to ptd: 'SR,A,20'
ptd-server 2023-02-24 03:59:53,639 [INFO] Reply from ptd: 'Range A changed'
ptd-server 2023-02-24 04:00:03,649 [INFO] Starting ranging mode
ptd-server 2023-02-24 04:00:03,650 [INFO] Sending to ptd: 'Go,1000,0,2023-02-24_03-59-34_ranging'
ptd-server 2023-02-24 04:00:03,650 [INFO] Reply from ptd: 'Starting untimed measurement, maximum 500000 samples at 1000ms with 0 rampup samples'
ptd-server 2023-02-24 04:00:03,651 [INFO] Sending reply to client 'OK'
ptd-server 2023-02-24 04:10:42,930 [INFO] Got command from the client 'session,2023-02-24_03-59-34,stop,ranging'
ptd-server 2023-02-24 04:10:52,941 [INFO] Sending to ptd: 'Stop'
ptd-server 2023-02-24 04:10:52,941 [INFO] Reply from ptd: 'Stopping untimed measurement'
ptd-server 2023-02-24 04:10:53,009 [INFO] Sending reply to client 'OK'
ptd-server 2023-02-24 04:10:53,102 [INFO] Got command from the client 'time'
ptd-server 2023-02-24 04:10:53,102 [INFO] Sending reply to client '1677233453.1026583'
ptd-server 2023-02-24 04:10:53,104 [INFO] Got command from the client 'session,2023-02-24_03-59-34,start,testing'
ptd-server 2023-02-24 04:10:53,104 [INFO] Sending to ptd: 'SR,V,123.840000'
ptd-server 2023-02-24 04:10:55,152 [INFO] Reply from ptd: 'Range V changed'
ptd-server 2023-02-24 04:10:55,153 [INFO] Sending to ptd: 'SR,A,2.021000'
ptd-server 2023-02-24 04:10:56,655 [INFO] Reply from ptd: 'Range A changed'
ptd-server 2023-02-24 04:11:06,665 [INFO] Starting testing mode
ptd-server 2023-02-24 04:11:06,666 [INFO] Sending to ptd: 'Go,1000,0,2023-02-24_03-59-34_testing'
ptd-server 2023-02-24 04:11:06,666 [INFO] Reply from ptd: 'Starting untimed measurement, maximum 500000 samples at 1000ms with 0 rampup samples'
ptd-server 2023-02-24 04:11:06,667 [INFO] Sending reply to client 'OK'
ptd-server 2023-02-24 04:21:45,794 [INFO] Got command from the client 'session,2023-02-24_03-59-34,stop,testing'
ptd-server 2023-02-24 04:21:55,805 [INFO] Sending to ptd: 'Stop'
ptd-server 2023-02-24 04:21:55,805 [INFO] Reply from ptd: 'Stopping untimed measurement'
ptd-server 2023-02-24 04:21:55,844 [INFO] Sending reply to client 'OK'
ptd-server 2023-02-24 04:21:55,852 [INFO] Got command from the client 'session,2023-02-24_03-59-34,done'
ptd-server 2023-02-24 04:21:55,852 [INFO] Sending to ptd: 'Stop'
ptd-server 2023-02-24 04:21:56,667 [INFO] Reply from ptd: 'Error: no measurement to stop'
ptd-server 2023-02-24 04:21:56,667 [INFO] Sending to ptd: 'SR,V,150.000000'
ptd-server 2023-02-24 04:21:58,169 [INFO] Reply from ptd: 'Range V changed'
ptd-server 2023-02-24 04:21:58,170 [INFO] Sending to ptd: 'SR,A,5.000000'
ptd-server 2023-02-24 04:21:59,672 [INFO] Reply from ptd: 'Range A changed'
ptd-server 2023-02-24 04:21:59,672 [INFO] Set initial values for Amps 5.000000 and Volts 150.000000
ptd-server 2023-02-24 04:21:59,672 [INFO] Stopping ptd...
