ptd-server 2023-02-22 04:03:01,560 [INFO] Got command from the client 'time'
ptd-server 2023-02-22 04:03:01,560 [INFO] Sending reply to client '1677038581.5603352'
ptd-server 2023-02-22 04:03:01,561 [INFO] Got command from the client 'new,,6d372eb7-be72-4e8b-9097-be6b7e731be0'
ptd-server 2023-02-22 04:03:01,561 [INFO] Sending reply to client 'OK 2023-02-22_04-03-01,4ecdc3ef-305e-4f63-b82a-7b703914b3ff'
ptd-server 2023-02-22 04:03:01,582 [INFO] Got command from the client 'time'
ptd-server 2023-02-22 04:03:01,582 [INFO] Sending reply to client '1677038581.582954'
ptd-server 2023-02-22 04:03:01,583 [INFO] Got command from the client 'session,2023-02-22_04-03-01,start,ranging'
ptd-server 2023-02-22 04:03:01,584 [INFO] Running PTDaemon: ['/home/anton/projects/mlperf/power/inference_v1.0/ptd-linux-x86', '-l', '/tmp/tmp4yl1neqp/ptd_logfile.txt', '-p', '8888', '49', '/dev/usbtmc0']
ptd-server 2023-02-22 04:03:18,659 [INFO] Sending to ptd: 'Hello'
ptd-server 2023-02-22 04:03:18,659 [INFO] Reply from ptd: 'Hello, PTDaemon here!'
ptd-server 2023-02-22 04:03:18,659 [INFO] Sending to ptd: 'Identify'
ptd-server 2023-02-22 04:03:18,660 [INFO] Reply from ptd: 'YokogawaWT310E,1000,1,1,1,1,0,1,1,version=1.10.0-ed9a21d2-20220817,OS=Linux 5.15.0-60-generic #66~20.04.1-Ubuntu SMP Wed Jan 25 09:41:30 UTC 2023 x86_64,mode=power,1,1,1,0,0,no_cal_date,YOKOGAWA;WT310E;C3XA04010E;F1.04'
ptd-server 2023-02-22 04:03:18,660 [INFO] Connected to PTDaemon
ptd-server 2023-02-22 04:03:18,660 [INFO] Sending to ptd: 'RR'
ptd-server 2023-02-22 04:03:18,660 [INFO] Reply from ptd: 'Ranges,1,0.100000,1,300.000000'
ptd-server 2023-02-22 04:03:18,661 [INFO] Initial range for Amps is Auto for Volts is Auto
ptd-server 2023-02-22 04:03:18,661 [INFO] Sending to ptd: 'SR,V,Auto'
ptd-server 2023-02-22 04:03:19,163 [INFO] Reply from ptd: 'Range V changed'
ptd-server 2023-02-22 04:03:19,163 [INFO] Sending to ptd: 'SR,A,Auto'
ptd-server 2023-02-22 04:03:19,666 [INFO] Reply from ptd: 'Range A changed'
ptd-server 2023-02-22 04:03:29,676 [INFO] Starting ranging mode
ptd-server 2023-02-22 04:03:29,676 [INFO] Sending to ptd: 'Go,1000,0,2023-02-22_04-03-01_ranging'
ptd-server 2023-02-22 04:03:29,677 [INFO] Reply from ptd: 'Starting untimed measurement, maximum 500000 samples at 1000ms with 0 rampup samples'
ptd-server 2023-02-22 04:03:29,677 [INFO] Sending reply to client 'OK'
ptd-server 2023-02-22 04:14:01,392 [INFO] Got command from the client 'session,2023-02-22_04-03-01,stop,ranging'
ptd-server 2023-02-22 04:14:11,402 [INFO] Sending to ptd: 'Stop'
ptd-server 2023-02-22 04:14:11,403 [INFO] Reply from ptd: 'Stopping untimed measurement'
ptd-server 2023-02-22 04:14:11,789 [INFO] Sending reply to client 'OK'
ptd-server 2023-02-22 04:14:11,858 [INFO] Got command from the client 'time'
ptd-server 2023-02-22 04:14:11,859 [INFO] Sending reply to client '1677039251.859013'
ptd-server 2023-02-22 04:14:11,859 [INFO] Got command from the client 'session,2023-02-22_04-03-01,start,testing'
ptd-server 2023-02-22 04:14:11,860 [INFO] Sending to ptd: 'SR,V,251.950000'
ptd-server 2023-02-22 04:14:13,361 [INFO] Reply from ptd: 'Range V changed'
ptd-server 2023-02-22 04:14:13,361 [INFO] Sending to ptd: 'SR,A,0.049630'
ptd-server 2023-02-22 04:14:14,862 [INFO] Reply from ptd: 'Range A changed'
ptd-server 2023-02-22 04:14:24,873 [INFO] Starting testing mode
ptd-server 2023-02-22 04:14:24,873 [INFO] Sending to ptd: 'Go,1000,0,2023-02-22_04-03-01_testing'
ptd-server 2023-02-22 04:14:24,873 [INFO] Reply from ptd: 'Starting untimed measurement, maximum 500000 samples at 1000ms with 0 rampup samples'
ptd-server 2023-02-22 04:14:24,874 [INFO] Sending reply to client 'OK'
ptd-server 2023-02-22 04:24:56,491 [INFO] Got command from the client 'session,2023-02-22_04-03-01,stop,testing'
ptd-server 2023-02-22 04:25:06,501 [INFO] Sending to ptd: 'Stop'
ptd-server 2023-02-22 04:25:06,501 [INFO] Reply from ptd: 'Stopping untimed measurement'
ptd-server 2023-02-22 04:25:06,709 [INFO] Sending reply to client 'OK'
ptd-server 2023-02-22 04:25:06,717 [INFO] Got command from the client 'session,2023-02-22_04-03-01,done'
ptd-server 2023-02-22 04:25:06,717 [INFO] Sending to ptd: 'Stop'
ptd-server 2023-02-22 04:25:06,873 [INFO] Reply from ptd: 'Error: no measurement to stop'
ptd-server 2023-02-22 04:25:06,873 [INFO] Sending to ptd: 'SR,V,Auto'
ptd-server 2023-02-22 04:25:07,376 [INFO] Reply from ptd: 'Range V changed'
ptd-server 2023-02-22 04:25:07,376 [INFO] Sending to ptd: 'SR,A,Auto'
ptd-server 2023-02-22 04:25:07,879 [INFO] Reply from ptd: 'Range A changed'
ptd-server 2023-02-22 04:25:07,879 [INFO] Set initial values for Amps Auto and Volts Auto
ptd-server 2023-02-22 04:25:07,879 [INFO] Stopping ptd...
