ptd-server 2023-02-27 18:15:32,666 [INFO] Got command from the client 'time'
ptd-server 2023-02-27 18:15:32,666 [INFO] Sending reply to client '1677521732.6667426'
ptd-server 2023-02-27 18:15:32,669 [INFO] Got command from the client 'new,,b3f1ab63-9c4d-4549-9398-4754d787cec6'
ptd-server 2023-02-27 18:15:32,670 [INFO] Sending reply to client 'OK 2023-02-27_18-15-32,84f64d40-6d00-4083-b92d-9c05860538c9'
ptd-server 2023-02-27 18:15:32,692 [INFO] Got command from the client 'time'
ptd-server 2023-02-27 18:15:32,692 [INFO] Sending reply to client '1677521732.6923687'
ptd-server 2023-02-27 18:15:32,696 [INFO] Got command from the client 'session,2023-02-27_18-15-32,start,ranging'
ptd-server 2023-02-27 18:15:32,697 [INFO] Running PTDaemon: ['/media/arjun/T7_Touch/hp-envy/CM/repos/local/cache/9b3695ca8255492a/power/inference_v1.0/ptd-linux-x86', '-l', '/tmp/tmpti64566v/ptd_logfile.txt', '-p', '8888', '49', '/dev/usbtmc0']
ptd-server 2023-02-27 18:15:49,802 [INFO] Sending to ptd: 'Hello'
ptd-server 2023-02-27 18:15:49,802 [INFO] Reply from ptd: 'Hello, PTDaemon here!'
ptd-server 2023-02-27 18:15:49,802 [INFO] Sending to ptd: 'Identify'
ptd-server 2023-02-27 18:15:49,802 [INFO] Reply from ptd: 'YokogawaWT310E,1000,1,1,1,1,0,1,1,version=1.10.0-ed9a21d2-20220817,OS=Linux 5.15.0-56-generic #62-Ubuntu SMP Tue Nov 22 19:54:14 UTC 2022 x86_64,mode=power,1,1,1,0,0,no_cal_date,YOKOGAWA;WT310E;C3YD21068E;F1.04'
ptd-server 2023-02-27 18:15:49,803 [INFO] Connected to PTDaemon
ptd-server 2023-02-27 18:15:49,803 [INFO] Sending to ptd: 'RR'
ptd-server 2023-02-27 18:15:49,803 [INFO] Reply from ptd: 'Ranges,0,0.100000,0,600.000000'
ptd-server 2023-02-27 18:15:49,803 [INFO] Initial range for Amps is 0.100000 for Volts is 600.000000
ptd-server 2023-02-27 18:15:49,803 [INFO] Sending to ptd: 'SR,V,Auto'
ptd-server 2023-02-27 18:15:50,306 [INFO] Reply from ptd: 'Range V changed'
ptd-server 2023-02-27 18:15:50,307 [INFO] Sending to ptd: 'SR,A,Auto'
ptd-server 2023-02-27 18:15:50,810 [INFO] Reply from ptd: 'Range A changed'
ptd-server 2023-02-27 18:16:00,821 [INFO] Starting ranging mode
ptd-server 2023-02-27 18:16:00,822 [INFO] Sending to ptd: 'Go,1000,0,2023-02-27_18-15-32_ranging'
ptd-server 2023-02-27 18:16:00,822 [INFO] Reply from ptd: 'Starting untimed measurement, maximum 500000 samples at 1000ms with 0 rampup samples'
ptd-server 2023-02-27 18:16:00,823 [INFO] Sending reply to client 'OK'
ptd-server 2023-02-27 18:29:46,936 [INFO] Got command from the client 'session,2023-02-27_18-15-32,stop,ranging'
ptd-server 2023-02-27 18:29:56,947 [INFO] Sending to ptd: 'Stop'
ptd-server 2023-02-27 18:29:56,948 [INFO] Reply from ptd: 'Stopping untimed measurement'
ptd-server 2023-02-27 18:29:57,224 [INFO] Sending reply to client 'OK'
ptd-server 2023-02-27 18:29:57,268 [INFO] Got command from the client 'time'
ptd-server 2023-02-27 18:29:57,268 [INFO] Sending reply to client '1677522597.2686148'
ptd-server 2023-02-27 18:29:57,270 [INFO] Got command from the client 'session,2023-02-27_18-15-32,start,testing'
ptd-server 2023-02-27 18:29:57,270 [INFO] Sending to ptd: 'SR,V,248.160000'
ptd-server 2023-02-27 18:29:59,326 [INFO] Reply from ptd: 'Range V changed'
ptd-server 2023-02-27 18:29:59,327 [INFO] Sending to ptd: 'SR,A,0.239290'
ptd-server 2023-02-27 18:30:00,830 [INFO] Reply from ptd: 'Range A changed'
ptd-server 2023-02-27 18:30:10,841 [INFO] Starting testing mode
ptd-server 2023-02-27 18:30:10,841 [INFO] Sending to ptd: 'Go,1000,0,2023-02-27_18-15-32_testing'
ptd-server 2023-02-27 18:30:10,842 [INFO] Reply from ptd: 'Starting untimed measurement, maximum 500000 samples at 1000ms with 0 rampup samples'
ptd-server 2023-02-27 18:30:10,842 [INFO] Sending reply to client 'OK'
ptd-server 2023-02-27 18:44:09,768 [INFO] Got command from the client 'session,2023-02-27_18-15-32,stop,testing'
ptd-server 2023-02-27 18:44:19,779 [INFO] Sending to ptd: 'Stop'
ptd-server 2023-02-27 18:44:19,780 [INFO] Reply from ptd: 'Stopping untimed measurement'
ptd-server 2023-02-27 18:44:19,922 [INFO] Sending reply to client 'OK'
ptd-server 2023-02-27 18:44:19,939 [INFO] Got command from the client 'session,2023-02-27_18-15-32,done'
ptd-server 2023-02-27 18:44:19,939 [INFO] Sending to ptd: 'Stop'
ptd-server 2023-02-27 18:44:19,940 [INFO] Reply from ptd: 'Error: no measurement to stop'
ptd-server 2023-02-27 18:44:19,940 [INFO] Sending to ptd: 'SR,V,600.000000'
ptd-server 2023-02-27 18:44:21,442 [INFO] Reply from ptd: 'Range V changed'
ptd-server 2023-02-27 18:44:21,442 [INFO] Sending to ptd: 'SR,A,0.100000'
ptd-server 2023-02-27 18:44:22,945 [INFO] Reply from ptd: 'Range A changed'
ptd-server 2023-02-27 18:44:22,946 [INFO] Set initial values for Amps 0.100000 and Volts 600.000000
ptd-server 2023-02-27 18:44:22,946 [INFO] Stopping ptd...
