client 2023-02-23 21:06:05,148 [INFO] Sending command to the server: 'mlcommons/power client v3'
client 2023-02-23 21:06:05,148 [INFO] Got response: 'mlcommons/power server v3'
client 2023-02-23 21:06:05,148 [INFO] Sending command to the server: 'stop'
client 2023-02-23 21:06:05,149 [INFO] Got response: 'OK'
client 2023-02-23 21:06:05,149 [INFO] Synchronizing with the server and with 192.168.123.123...
client 2023-02-23 21:06:05,151 [INFO] NTP:offset = 0.000 s, delay = 0.000 s 
client 2023-02-23 21:06:05,151 [INFO] Sending command to the server: 'time'
client 2023-02-23 21:06:05,152 [INFO] Got response: '1677186364.9622548'
client 2023-02-23 21:06:05,152 [INFO] The time difference between the client and the server is within range 189.445 ms..190.104 ms
client 2023-02-23 21:06:05,152 [INFO] Sending command to the server: 'new,,7c5b5c76-ad0c-4846-a846-cdc169da6c1f'
client 2023-02-23 21:06:05,153 [INFO] Got response: 'OK 2023-02-23_21-06-04,9fffddd8-340e-42c4-91e8-b86b3f13a12a'
client 2023-02-23 21:06:05,153 [INFO] Session id is '2023-02-23_21-06-04'
client 2023-02-23 21:06:05,153 [INFO] Sources: {"sources": {"__init__.py": "da39a3ee5e6b4b0d3255bfef95601890afd80709", "client.py": "33ca4f26368777ac06e01f9567b714a4b8063886", "lib/__init__.py": "da39a3ee5e6b4b0d3255bfef95601890afd80709", "lib/client.py": "4c2b78fb4849a7e5b584ef792d82aaed20b17f57", "lib/common.py": "624d0c0acc7c39aaff3674f0b99d6a09da53d1dc", "lib/external/__init__.py": "da39a3ee5e6b4b0d3255bfef95601890afd80709", "lib/external/ntplib.py": "4da8f970656505a40483206ef2b5d3dd5e81711d", "lib/server.py": "cda0cdfaee9bfa1249c64a7dd4f89b7bf1b279f0", "lib/source_hashes.py": "60a2e02193209e8d392803326208d5466342da18", "lib/summary.py": "aa92f0a3f975eecd44d3c0cd0236342ccc9f941d", "lib/time_sync.py": "3210db56eb0ff0df57bf4293dc4d4b03fffd46f1", "server.py": "c3f90f2f7eeb4db30727556d0c815ebc89b3d28b", "tests/unit/__init__.py": "da39a3ee5e6b4b0d3255bfef95601890afd80709", "tests/unit/test_server.py": "99ae15aef722f2000ee6ed1ae1523637bf1ae42b", "tests/unit/test_source_hashes.py": "00468a2907583c593e6574a1f6b404e4651c221a"}, "modules": {"ptd_client_server.lib.client": "lib/client.py", "ptd_client_server.lib.common": "lib/common.py", "ptd_client_server.lib.external.ntplib": "lib/external/ntplib.py", "ptd_client_server.lib.source_hashes": "lib/source_hashes.py", "ptd_client_server.lib.summary": "lib/summary.py", "ptd_client_server.lib.time_sync": "lib/time_sync.py"}}
client 2023-02-23 21:06:05,154 [INFO] Running workload in ranging mode
client 2023-02-23 21:06:05,154 [INFO] Synchronizing with the server and with 192.168.123.123...
client 2023-02-23 21:06:05,154 [INFO] NTP:offset = 0.000 s, delay = 0.000 s 
client 2023-02-23 21:06:05,154 [INFO] Sending command to the server: 'time'
client 2023-02-23 21:06:05,155 [INFO] Got response: '1677186364.9650002'
client 2023-02-23 21:06:05,155 [INFO] The time difference between the client and the server is within range 189.654 ms..190.174 ms
client 2023-02-23 21:06:05,155 [INFO] Sending command to the server: 'session,2023-02-23_21-06-04,start,ranging'
client 2023-02-23 21:06:44,709 [INFO] Got response: 'OK'
client 2023-02-23 21:06:44,709 [INFO] Running the workload 'LOG_DIR=/work/build/power_logs_temp python3 -m code.main --benchmarks=resnet50 --scenarios=Singlestream --config_ver=maxq --action="run_harness" \\\n\t\t2>&1 | tee -a /work/build/power_logs/2023.02.23-21.05.52/stdout.txt \\\n\t\t&& if [ ! -d /work/build/power_logs/2023.02.23-21.05.52/ranging_tmp ]; \\\n\t\t\tthen mkdir /work/build/power_logs/2023.02.23-21.05.52/ranging_tmp \\\n\t\t\t\t&& mv /work/build/power_logs_temp/* /work/build/power_logs/2023.02.23-21.05.52/ranging_tmp/ \\\n\t\t\t\t&& cp -v /work/build/power_logs/2023.02.23-21.05.52/ranging_tmp/*/*/*/mlperf_log_detail.txt /work/build/power_logs_temp/ \\\n\t\t\t\t&& cp -v /work/build/power_logs/2023.02.23-21.05.52/ranging_tmp/*/*/*/mlperf_log_summary.txt /work/build/power_logs_temp/; \\\n\t\t\telse mkdir /work/build/power_logs/2023.02.23-21.05.52/testing_tmp \\\n\t\t\t\t&& mv /work/build/power_logs_temp/* /work/build/power_logs/2023.02.23-21.05.52/testing_tmp/ \\\n\t\t\t\t&& cp -v /work/build/power_logs/2023.02.23-21.05.52/testing_tmp/*/*/*/mlperf_log_detail.txt /work/build/power_logs_temp/ \\\n\t\t\t\t&& cp -v /work/build/power_logs/2023.02.23-21.05.52/testing_tmp/*/*/*/mlperf_log_summary.txt /work/build/power_logs_temp/; fi'
client 2023-02-23 21:16:55,906 [INFO] Sending command to the server: 'session,2023-02-23_21-06-04,stop,ranging'
client 2023-02-23 21:17:05,945 [INFO] Got response: 'OK'
client 2023-02-23 21:17:05,949 [INFO] Copying loadgen logs from '/work/build/power_logs_temp' to '/work/build/power_logs/2023.02.23-21.05.52/2023-02-23_21-06-04/ranging'
client 2023-02-23 21:17:05,952 [INFO] Running workload in testing mode
client 2023-02-23 21:17:05,952 [INFO] Synchronizing with the server and with 192.168.123.123...
client 2023-02-23 21:17:05,953 [INFO] NTP:offset = -0.000 s, delay = 0.000 s 
client 2023-02-23 21:17:05,953 [INFO] Sending command to the server: 'time'
client 2023-02-23 21:17:05,953 [INFO] Got response: '1677187025.7392514'
client 2023-02-23 21:17:05,953 [INFO] The time difference between the client and the server is within range 214.042 ms..214.595 ms
client 2023-02-23 21:17:05,953 [WARNING] The time difference between the client and the server is more than 200 ms
client 2023-02-23 21:17:05,953 [INFO] Sending command to the server: 'set_ntp'
client 2023-02-23 21:17:06,971 [INFO] Got response: 'OK'
client 2023-02-23 21:17:06,971 [INFO] Synchronizing with 192.168.123.123 time using NTP...
client 2023-02-23 21:17:14,076 [INFO] Set system time at 2023-02-23 21:17:14.076919
client 2023-02-23 21:17:14,077 [INFO] NTP:offset = 0.000 s, delay = 0.000 s 
client 2023-02-23 21:17:14,077 [INFO] Sending command to the server: 'time'
client 2023-02-23 21:17:14,078 [INFO] Got response: '1677187034.0769367'
client 2023-02-23 21:17:14,078 [INFO] The time difference between the client and the server is within range 0.787 ms..1.459 ms
client 2023-02-23 21:17:14,078 [INFO] Sending command to the server: 'session,2023-02-23_21-06-04,start,testing'
client 2023-02-23 21:17:35,758 [INFO] Got response: 'OK'
client 2023-02-23 21:17:35,758 [INFO] Running the workload 'LOG_DIR=/work/build/power_logs_temp python3 -m code.main --benchmarks=resnet50 --scenarios=Singlestream --config_ver=maxq --action="run_harness" \\\n\t\t2>&1 | tee -a /work/build/power_logs/2023.02.23-21.05.52/stdout.txt \\\n\t\t&& if [ ! -d /work/build/power_logs/2023.02.23-21.05.52/ranging_tmp ]; \\\n\t\t\tthen mkdir /work/build/power_logs/2023.02.23-21.05.52/ranging_tmp \\\n\t\t\t\t&& mv /work/build/power_logs_temp/* /work/build/power_logs/2023.02.23-21.05.52/ranging_tmp/ \\\n\t\t\t\t&& cp -v /work/build/power_logs/2023.02.23-21.05.52/ranging_tmp/*/*/*/mlperf_log_detail.txt /work/build/power_logs_temp/ \\\n\t\t\t\t&& cp -v /work/build/power_logs/2023.02.23-21.05.52/ranging_tmp/*/*/*/mlperf_log_summary.txt /work/build/power_logs_temp/; \\\n\t\t\telse mkdir /work/build/power_logs/2023.02.23-21.05.52/testing_tmp \\\n\t\t\t\t&& mv /work/build/power_logs_temp/* /work/build/power_logs/2023.02.23-21.05.52/testing_tmp/ \\\n\t\t\t\t&& cp -v /work/build/power_logs/2023.02.23-21.05.52/testing_tmp/*/*/*/mlperf_log_detail.txt /work/build/power_logs_temp/ \\\n\t\t\t\t&& cp -v /work/build/power_logs/2023.02.23-21.05.52/testing_tmp/*/*/*/mlperf_log_summary.txt /work/build/power_logs_temp/; fi'
client 2023-02-23 21:27:46,660 [INFO] Sending command to the server: 'session,2023-02-23_21-06-04,stop,testing'
client 2023-02-23 21:27:56,686 [INFO] Got response: 'OK'
client 2023-02-23 21:27:56,688 [INFO] Copying loadgen logs from '/work/build/power_logs_temp' to '/work/build/power_logs/2023.02.23-21.05.52/2023-02-23_21-06-04/run_1'
client 2023-02-23 21:27:56,691 [INFO] Done runs
