ptd-server 2023-02-23 21:06:04,959 [INFO] Got command from the client 'stop'
ptd-server 2023-02-23 21:06:04,959 [INFO] The server will be stopped after processing this client
ptd-server 2023-02-23 21:06:04,959 [INFO] Sending reply to client 'OK'
ptd-server 2023-02-23 21:06:04,962 [INFO] Got command from the client 'time'
ptd-server 2023-02-23 21:06:04,962 [INFO] Sending reply to client '1677186364.9622548'
ptd-server 2023-02-23 21:06:04,962 [INFO] Got command from the client 'new,,7c5b5c76-ad0c-4846-a846-cdc169da6c1f'
ptd-server 2023-02-23 21:06:04,962 [INFO] Sending reply to client 'OK 2023-02-23_21-06-04,9fffddd8-340e-42c4-91e8-b86b3f13a12a'
ptd-server 2023-02-23 21:06:04,965 [INFO] Got command from the client 'time'
ptd-server 2023-02-23 21:06:04,965 [INFO] Sending reply to client '1677186364.9650002'
ptd-server 2023-02-23 21:06:04,965 [INFO] Got command from the client 'session,2023-02-23_21-06-04,start,ranging'
ptd-server 2023-02-23 21:06:05,074 [INFO] Running PTDaemon: ['C:\\PTD\\ptd-windows-x86.exe', '-l', 'C:\\Users\\pa\\AppData\\Local\\Temp\\tmp8rqwgzu6\\ptd_logfile.txt', '-p', '8888', '-c', '1,2', '-y', '77', 'C2WL21005V']
ptd-server 2023-02-23 21:06:24,361 [INFO] Sending to ptd: 'Hello'
ptd-server 2023-02-23 21:06:24,361 [INFO] Reply from ptd: 'Hello, PTDaemon here!'
ptd-server 2023-02-23 21:06:24,362 [INFO] Sending to ptd: 'Identify'
ptd-server 2023-02-23 21:06:24,362 [INFO] Reply from ptd: 'YokogawaWT330_multichannel,1000,1,1,1,1,0,0,1,version=1.10.0-82175bac-20220817,OS=Windows 8 / Server 2012,mode=power,1,1,2,0,0,no_cal_date,YOKOGAWA;WT333;C2WL21005V;F1.04EM'
ptd-server 2023-02-23 21:06:24,363 [INFO] Connected to PTDaemon
ptd-server 2023-02-23 21:06:24,363 [INFO] Sending to ptd: 'RR'
ptd-server 2023-02-23 21:06:24,363 [INFO] Reply from ptd: 'Ranges,1,5.000000,1,150.000000'
ptd-server 2023-02-23 21:06:24,363 [INFO] Initial range for Amps is Auto for Volts is Auto
ptd-server 2023-02-23 21:06:24,364 [INFO] Sending to ptd: 'SR,V,Auto'
ptd-server 2023-02-23 21:06:29,437 [INFO] Reply from ptd: 'Range V changed'
ptd-server 2023-02-23 21:06:29,438 [INFO] Sending to ptd: 'SR,A,Auto'
ptd-server 2023-02-23 21:06:34,512 [INFO] Reply from ptd: 'Range A changed'
ptd-server 2023-02-23 21:06:44,516 [INFO] Starting ranging mode
ptd-server 2023-02-23 21:06:44,517 [INFO] Sending to ptd: 'Go,1000,0,2023-02-23_21-06-04_ranging'
ptd-server 2023-02-23 21:06:44,517 [INFO] Reply from ptd: 'Starting untimed measurement, maximum 500000 samples at 1000ms with 0 rampup samples'
ptd-server 2023-02-23 21:06:44,517 [INFO] Sending reply to client 'OK'
ptd-server 2023-02-23 21:16:55,692 [INFO] Got command from the client 'session,2023-02-23_21-06-04,stop,ranging'
ptd-server 2023-02-23 21:17:05,705 [INFO] Sending to ptd: 'Stop'
ptd-server 2023-02-23 21:17:05,705 [INFO] Reply from ptd: 'Stopping untimed measurement'
ptd-server 2023-02-23 21:17:05,730 [INFO] Sending reply to client 'OK'
ptd-server 2023-02-23 21:17:05,739 [INFO] Got command from the client 'time'
ptd-server 2023-02-23 21:17:05,739 [INFO] Sending reply to client '1677187025.7392514'
ptd-server 2023-02-23 21:17:05,739 [INFO] Got command from the client 'set_ntp'
ptd-server 2023-02-23 21:17:05,739 [INFO] Synchronizing with 192.168.123.123 time using NTP...
ptd-server 2023-02-23 21:17:06,969 [INFO] Set system time at 2023-02-23 21:17:06.969998
ptd-server 2023-02-23 21:17:06,969 [INFO] Sending reply to client 'OK'
ptd-server 2023-02-23 21:17:14,076 [INFO] Got command from the client 'time'
ptd-server 2023-02-23 21:17:14,076 [INFO] Sending reply to client '1677187034.0769367'
ptd-server 2023-02-23 21:17:14,077 [INFO] Got command from the client 'session,2023-02-23_21-06-04,start,testing'
ptd-server 2023-02-23 21:17:14,077 [INFO] Sending to ptd: 'SR,V,120.520000'
ptd-server 2023-02-23 21:17:20,156 [INFO] Reply from ptd: 'Range V changed'
ptd-server 2023-02-23 21:17:20,157 [INFO] Sending to ptd: 'SR,A,3.344900'
ptd-server 2023-02-23 21:17:25,743 [INFO] Reply from ptd: 'Range A changed'
ptd-server 2023-02-23 21:17:35,755 [INFO] Starting testing mode
ptd-server 2023-02-23 21:17:35,755 [INFO] Sending to ptd: 'Go,1000,0,2023-02-23_21-06-04_testing'
ptd-server 2023-02-23 21:17:35,755 [INFO] Reply from ptd: 'Starting untimed measurement, maximum 500000 samples at 1000ms with 0 rampup samples'
ptd-server 2023-02-23 21:17:35,756 [INFO] Sending reply to client 'OK'
ptd-server 2023-02-23 21:27:46,635 [INFO] Got command from the client 'session,2023-02-23_21-06-04,stop,testing'
ptd-server 2023-02-23 21:27:56,648 [INFO] Sending to ptd: 'Stop'
ptd-server 2023-02-23 21:27:56,649 [INFO] Reply from ptd: 'Stopping untimed measurement'
ptd-server 2023-02-23 21:27:56,660 [INFO] Sending reply to client 'OK'
ptd-server 2023-02-23 21:27:56,670 [INFO] Got command from the client 'session,2023-02-23_21-06-04,done'
ptd-server 2023-02-23 21:27:56,671 [INFO] Sending to ptd: 'Stop'
ptd-server 2023-02-23 21:27:56,757 [INFO] Reply from ptd: 'Error: no measurement to stop'
ptd-server 2023-02-23 21:27:56,758 [INFO] Sending to ptd: 'SR,V,Auto'
ptd-server 2023-02-23 21:28:01,825 [INFO] Reply from ptd: 'Range V changed'
ptd-server 2023-02-23 21:28:01,826 [INFO] Sending to ptd: 'SR,A,Auto'
ptd-server 2023-02-23 21:28:06,896 [INFO] Reply from ptd: 'Range A changed'
ptd-server 2023-02-23 21:28:06,896 [INFO] Set initial values for Amps Auto and Volts Auto
ptd-server 2023-02-23 21:28:06,896 [INFO] Stopping ptd...
