ptd-server 2023-02-25 06:48:59,832 [INFO] Got command from the client 'time'
ptd-server 2023-02-25 06:48:59,832 [INFO] Sending reply to client '1677329339.8329382'
ptd-server 2023-02-25 06:48:59,835 [INFO] Got command from the client 'new,,b13b573b-c3b7-45e8-81de-e7ae932421ae'
ptd-server 2023-02-25 06:48:59,835 [INFO] Sending reply to client 'OK 2023-02-25_06-48-59,77da5a7e-20c5-4fa5-88ab-4adab02ecd4c'
ptd-server 2023-02-25 06:48:59,922 [INFO] Got command from the client 'time'
ptd-server 2023-02-25 06:48:59,922 [INFO] Sending reply to client '1677329339.9225707'
ptd-server 2023-02-25 06:48:59,925 [INFO] Got command from the client 'session,2023-02-25_06-48-59,start,ranging'
ptd-server 2023-02-25 06:48:59,926 [INFO] Running PTDaemon: ['/local/mnt/workspace/mlcommons/power-main/inference_v1.0/ptd-linux-x86', '-l', '/tmp/tmpjxnnhn9w/ptd_logfile.txt', '-p', '8888', '-c', '1', '52', '/dev/usbtmc0']
ptd-server 2023-02-25 06:49:16,947 [INFO] Sending to ptd: 'Hello'
ptd-server 2023-02-25 06:49:16,948 [INFO] Reply from ptd: 'Hello, PTDaemon here!'
ptd-server 2023-02-25 06:49:16,948 [INFO] Sending to ptd: 'Identify'
ptd-server 2023-02-25 06:49:16,948 [INFO] Reply from ptd: 'YokogawaWT330,1000,1,1,1,1,0,0,1,version=1.10.0-ed9a21d2-20220817,OS=Linux 5.4.0-120-generic #136~18.04.1-Ubuntu SMP Fri Jun 10 18:00:44 UTC 2022 x86_64,mode=power,1,1,1,0,0,no_cal_date,YOKOGAWA;WT333;C2QH26002V;F1.06'
ptd-server 2023-02-25 06:49:16,949 [INFO] Connected to PTDaemon
ptd-server 2023-02-25 06:49:16,949 [INFO] Sending to ptd: 'RR'
ptd-server 2023-02-25 06:49:16,949 [INFO] Reply from ptd: 'Ranges,1,0.500000,1,150.000000'
ptd-server 2023-02-25 06:49:16,949 [INFO] Initial range for Amps is Auto for Volts is Auto
ptd-server 2023-02-25 06:49:16,950 [INFO] Sending to ptd: 'SR,V,Auto'
ptd-server 2023-02-25 06:49:17,491 [INFO] Reply from ptd: 'Range V changed'
ptd-server 2023-02-25 06:49:17,492 [INFO] Sending to ptd: 'SR,A,Auto'
ptd-server 2023-02-25 06:49:17,995 [INFO] Reply from ptd: 'Range A changed'
ptd-server 2023-02-25 06:49:28,004 [INFO] Starting ranging mode
ptd-server 2023-02-25 06:49:28,005 [INFO] Sending to ptd: 'Go,1000,0,2023-02-25_06-48-59_ranging'
ptd-server 2023-02-25 06:49:28,005 [INFO] Reply from ptd: 'Starting untimed measurement, maximum 500000 samples at 1000ms with 0 rampup samples'
ptd-server 2023-02-25 06:49:28,005 [INFO] Sending reply to client 'OK'
ptd-server 2023-02-25 07:02:55,373 [INFO] Got command from the client 'session,2023-02-25_06-48-59,stop,ranging'
ptd-server 2023-02-25 07:03:05,384 [INFO] Sending to ptd: 'Stop'
ptd-server 2023-02-25 07:03:05,384 [INFO] Reply from ptd: 'Stopping untimed measurement'
ptd-server 2023-02-25 07:03:05,405 [INFO] Sending reply to client 'OK'
ptd-server 2023-02-25 07:03:05,549 [INFO] Got command from the client 'time'
ptd-server 2023-02-25 07:03:05,549 [INFO] Sending reply to client '1677330185.549483'
ptd-server 2023-02-25 07:03:05,553 [INFO] Got command from the client 'session,2023-02-25_06-48-59,start,testing'
ptd-server 2023-02-25 07:03:05,553 [INFO] Sending to ptd: 'SR,V,121.570000'
ptd-server 2023-02-25 07:03:07,507 [INFO] Reply from ptd: 'Range V changed'
ptd-server 2023-02-25 07:03:07,508 [INFO] Sending to ptd: 'SR,A,0.225690'
ptd-server 2023-02-25 07:03:09,010 [INFO] Reply from ptd: 'Range A changed'
ptd-server 2023-02-25 07:03:19,020 [INFO] Starting testing mode
ptd-server 2023-02-25 07:03:19,021 [INFO] Sending to ptd: 'Go,1000,0,2023-02-25_06-48-59_testing'
ptd-server 2023-02-25 07:03:19,021 [INFO] Reply from ptd: 'Starting untimed measurement, maximum 500000 samples at 1000ms with 0 rampup samples'
ptd-server 2023-02-25 07:03:19,021 [INFO] Sending reply to client 'OK'
ptd-server 2023-02-25 07:16:49,129 [INFO] Got command from the client 'session,2023-02-25_06-48-59,stop,testing'
ptd-server 2023-02-25 07:16:59,140 [INFO] Sending to ptd: 'Stop'
ptd-server 2023-02-25 07:16:59,141 [INFO] Reply from ptd: 'Stopping untimed measurement'
ptd-server 2023-02-25 07:16:59,150 [INFO] Sending reply to client 'OK'
ptd-server 2023-02-25 07:16:59,183 [INFO] Got command from the client 'session,2023-02-25_06-48-59,done'
ptd-server 2023-02-25 07:16:59,184 [INFO] Sending to ptd: 'Stop'
ptd-server 2023-02-25 07:17:00,022 [INFO] Reply from ptd: 'Error: no measurement to stop'
ptd-server 2023-02-25 07:17:00,022 [INFO] Sending to ptd: 'SR,V,Auto'
ptd-server 2023-02-25 07:17:00,526 [INFO] Reply from ptd: 'Range V changed'
ptd-server 2023-02-25 07:17:00,526 [INFO] Sending to ptd: 'SR,A,Auto'
ptd-server 2023-02-25 07:17:01,029 [INFO] Reply from ptd: 'Range A changed'
ptd-server 2023-02-25 07:17:01,029 [INFO] Set initial values for Amps Auto and Volts Auto
ptd-server 2023-02-25 07:17:01,029 [INFO] Stopping ptd...
