ptd-server 2023-02-23 20:53:35,558 [INFO] Got command from the client 'time'
ptd-server 2023-02-23 20:53:35,559 [INFO] Sending reply to client '1677185615.5590053'
ptd-server 2023-02-23 20:53:35,560 [INFO] Got command from the client 'new,,a882970c-25f2-4ca4-8f57-7bb1ad816bd2'
ptd-server 2023-02-23 20:53:35,560 [INFO] Sending reply to client 'OK 2023-02-23_20-53-35,5b4e71ef-308a-4966-9ce4-b555f7c09e7d'
ptd-server 2023-02-23 20:53:35,580 [INFO] Got command from the client 'time'
ptd-server 2023-02-23 20:53:35,580 [INFO] Sending reply to client '1677185615.5808563'
ptd-server 2023-02-23 20:53:35,581 [INFO] Got command from the client 'session,2023-02-23_20-53-35,start,ranging'
ptd-server 2023-02-23 20:53:35,582 [INFO] Running PTDaemon: ['/home/anton/projects/mlperf/power/inference_v1.0/ptd-linux-x86', '-l', '/tmp/tmp4yl1neqp/ptd_logfile.txt', '-p', '8888', '49', '/dev/usbtmc0']
ptd-server 2023-02-23 20:53:52,655 [INFO] Sending to ptd: 'Hello'
ptd-server 2023-02-23 20:53:52,656 [INFO] Reply from ptd: 'Hello, PTDaemon here!'
ptd-server 2023-02-23 20:53:52,656 [INFO] Sending to ptd: 'Identify'
ptd-server 2023-02-23 20:53:52,656 [INFO] Reply from ptd: 'YokogawaWT310E,1000,1,1,1,1,0,1,1,version=1.10.0-ed9a21d2-20220817,OS=Linux 5.15.0-60-generic #66~20.04.1-Ubuntu SMP Wed Jan 25 09:41:30 UTC 2023 x86_64,mode=power,1,1,1,0,0,no_cal_date,YOKOGAWA;WT310E;C3XA04010E;F1.04'
ptd-server 2023-02-23 20:53:52,656 [INFO] Connected to PTDaemon
ptd-server 2023-02-23 20:53:52,656 [INFO] Sending to ptd: 'RR'
ptd-server 2023-02-23 20:53:52,657 [INFO] Reply from ptd: 'Ranges,1,0.100000,1,300.000000'
ptd-server 2023-02-23 20:53:52,657 [INFO] Initial range for Amps is Auto for Volts is Auto
ptd-server 2023-02-23 20:53:52,657 [INFO] Sending to ptd: 'SR,V,Auto'
ptd-server 2023-02-23 20:53:53,159 [INFO] Reply from ptd: 'Range V changed'
ptd-server 2023-02-23 20:53:53,160 [INFO] Sending to ptd: 'SR,A,Auto'
ptd-server 2023-02-23 20:53:53,662 [INFO] Reply from ptd: 'Range A changed'
ptd-server 2023-02-23 20:54:03,672 [INFO] Starting ranging mode
ptd-server 2023-02-23 20:54:03,672 [INFO] Sending to ptd: 'Go,1000,0,2023-02-23_20-53-35_ranging'
ptd-server 2023-02-23 20:54:03,673 [INFO] Reply from ptd: 'Starting untimed measurement, maximum 500000 samples at 1000ms with 0 rampup samples'
ptd-server 2023-02-23 20:54:03,673 [INFO] Sending reply to client 'OK'
ptd-server 2023-02-23 21:04:20,071 [INFO] Got command from the client 'session,2023-02-23_20-53-35,stop,ranging'
ptd-server 2023-02-23 21:04:30,082 [INFO] Sending to ptd: 'Stop'
ptd-server 2023-02-23 21:04:30,082 [INFO] Reply from ptd: 'Stopping untimed measurement'
ptd-server 2023-02-23 21:04:30,645 [INFO] Sending reply to client 'OK'
ptd-server 2023-02-23 21:04:30,674 [INFO] Got command from the client 'time'
ptd-server 2023-02-23 21:04:30,674 [INFO] Sending reply to client '1677186270.6742423'
ptd-server 2023-02-23 21:04:30,675 [INFO] Got command from the client 'session,2023-02-23_20-53-35,start,testing'
ptd-server 2023-02-23 21:04:30,675 [INFO] Sending to ptd: 'SR,V,253.530000'
ptd-server 2023-02-23 21:04:32,176 [INFO] Reply from ptd: 'Range V changed'
ptd-server 2023-02-23 21:04:32,176 [INFO] Sending to ptd: 'SR,A,0.058310'
ptd-server 2023-02-23 21:04:33,678 [INFO] Reply from ptd: 'Range A changed'
ptd-server 2023-02-23 21:04:43,688 [INFO] Starting testing mode
ptd-server 2023-02-23 21:04:43,688 [INFO] Sending to ptd: 'Go,1000,0,2023-02-23_20-53-35_testing'
ptd-server 2023-02-23 21:04:43,689 [INFO] Reply from ptd: 'Starting untimed measurement, maximum 500000 samples at 1000ms with 0 rampup samples'
ptd-server 2023-02-23 21:04:43,689 [INFO] Sending reply to client 'OK'
ptd-server 2023-02-23 21:14:59,996 [INFO] Got command from the client 'session,2023-02-23_20-53-35,stop,testing'
ptd-server 2023-02-23 21:15:10,007 [INFO] Sending to ptd: 'Stop'
ptd-server 2023-02-23 21:15:10,007 [INFO] Reply from ptd: 'Stopping untimed measurement'
ptd-server 2023-02-23 21:15:10,299 [INFO] Sending reply to client 'OK'
ptd-server 2023-02-23 21:15:10,307 [INFO] Got command from the client 'session,2023-02-23_20-53-35,done'
ptd-server 2023-02-23 21:15:10,307 [INFO] Sending to ptd: 'Stop'
ptd-server 2023-02-23 21:15:10,690 [INFO] Reply from ptd: 'Error: no measurement to stop'
ptd-server 2023-02-23 21:15:10,690 [INFO] Sending to ptd: 'SR,V,Auto'
ptd-server 2023-02-23 21:15:11,193 [INFO] Reply from ptd: 'Range V changed'
ptd-server 2023-02-23 21:15:11,193 [INFO] Sending to ptd: 'SR,A,Auto'
ptd-server 2023-02-23 21:15:11,695 [INFO] Reply from ptd: 'Range A changed'
ptd-server 2023-02-23 21:15:11,696 [INFO] Set initial values for Amps Auto and Volts Auto
ptd-server 2023-02-23 21:15:11,696 [INFO] Stopping ptd...
