ptd-server 2023-02-25 23:11:16,472 [INFO] Got command from the client 'time'
ptd-server 2023-02-25 23:11:16,472 [INFO] Sending reply to client '1677366676.4724336'
ptd-server 2023-02-25 23:11:16,473 [INFO] Got command from the client 'new,,76993817-f58c-471d-85c5-bc93ca547ee6'
ptd-server 2023-02-25 23:11:16,474 [INFO] Sending reply to client 'OK 2023-02-25_23-11-16,7409649b-f048-4328-a629-ff93805868a7'
ptd-server 2023-02-25 23:11:16,510 [INFO] Got command from the client 'time'
ptd-server 2023-02-25 23:11:16,511 [INFO] Sending reply to client '1677366676.5109792'
ptd-server 2023-02-25 23:11:16,513 [INFO] Got command from the client 'session,2023-02-25_23-11-16,start,ranging'
ptd-server 2023-02-25 23:11:16,514 [INFO] Running PTDaemon: ['/home/anton/projects/mlperf/power/inference_v1.0/ptd-linux-x86', '-l', '/tmp/tmpu4v721n6/ptd_logfile.txt', '-p', '8888', '49', '/dev/usbtmc0']
ptd-server 2023-02-25 23:11:33,602 [INFO] Sending to ptd: 'Hello'
ptd-server 2023-02-25 23:11:33,602 [INFO] Reply from ptd: 'Hello, PTDaemon here!'
ptd-server 2023-02-25 23:11:33,602 [INFO] Sending to ptd: 'Identify'
ptd-server 2023-02-25 23:11:33,603 [INFO] Reply from ptd: 'YokogawaWT310E,1000,1,1,1,1,0,1,1,version=1.10.0-ed9a21d2-20220817,OS=Linux 5.15.0-60-generic #66~20.04.1-Ubuntu SMP Wed Jan 25 09:41:30 UTC 2023 x86_64,mode=power,1,1,1,0,0,no_cal_date,YOKOGAWA;WT310E;C3XA04010E;F1.04'
ptd-server 2023-02-25 23:11:33,603 [INFO] Connected to PTDaemon
ptd-server 2023-02-25 23:11:33,603 [INFO] Sending to ptd: 'RR'
ptd-server 2023-02-25 23:11:33,603 [INFO] Reply from ptd: 'Ranges,0,0.100000,0,300.000000'
ptd-server 2023-02-25 23:11:33,603 [INFO] Initial range for Amps is 0.100000 for Volts is 300.000000
ptd-server 2023-02-25 23:11:33,603 [INFO] Sending to ptd: 'SR,V,Auto'
ptd-server 2023-02-25 23:11:34,106 [INFO] Reply from ptd: 'Range V changed'
ptd-server 2023-02-25 23:11:34,106 [INFO] Sending to ptd: 'SR,A,Auto'
ptd-server 2023-02-25 23:11:34,608 [INFO] Reply from ptd: 'Range A changed'
ptd-server 2023-02-25 23:11:44,616 [INFO] Starting ranging mode
ptd-server 2023-02-25 23:11:44,616 [INFO] Sending to ptd: 'Go,1000,0,2023-02-25_23-11-16_ranging'
ptd-server 2023-02-25 23:11:44,617 [INFO] Reply from ptd: 'Starting untimed measurement, maximum 500000 samples at 1000ms with 0 rampup samples'
ptd-server 2023-02-25 23:11:44,617 [INFO] Sending reply to client 'OK'
ptd-server 2023-02-25 23:21:59,744 [INFO] Got command from the client 'session,2023-02-25_23-11-16,stop,ranging'
ptd-server 2023-02-25 23:22:09,755 [INFO] Sending to ptd: 'Stop'
ptd-server 2023-02-25 23:22:09,755 [INFO] Reply from ptd: 'Stopping untimed measurement'
ptd-server 2023-02-25 23:22:09,915 [INFO] Sending reply to client 'OK'
ptd-server 2023-02-25 23:22:09,961 [INFO] Got command from the client 'time'
ptd-server 2023-02-25 23:22:09,962 [INFO] Sending reply to client '1677367329.9620955'
ptd-server 2023-02-25 23:22:09,966 [INFO] Got command from the client 'session,2023-02-25_23-11-16,start,testing'
ptd-server 2023-02-25 23:22:09,966 [INFO] Sending to ptd: 'SR,V,252.920000'
ptd-server 2023-02-25 23:22:12,119 [INFO] Reply from ptd: 'Range V changed'
ptd-server 2023-02-25 23:22:12,119 [INFO] Sending to ptd: 'SR,A,0.041920'
ptd-server 2023-02-25 23:22:13,620 [INFO] Reply from ptd: 'Range A changed'
ptd-server 2023-02-25 23:22:23,631 [INFO] Starting testing mode
ptd-server 2023-02-25 23:22:23,631 [INFO] Sending to ptd: 'Go,1000,0,2023-02-25_23-11-16_testing'
ptd-server 2023-02-25 23:22:23,631 [INFO] Reply from ptd: 'Starting untimed measurement, maximum 500000 samples at 1000ms with 0 rampup samples'
ptd-server 2023-02-25 23:22:23,631 [INFO] Sending reply to client 'OK'
ptd-server 2023-02-25 23:32:38,766 [INFO] Got command from the client 'session,2023-02-25_23-11-16,stop,testing'
ptd-server 2023-02-25 23:32:48,776 [INFO] Sending to ptd: 'Stop'
ptd-server 2023-02-25 23:32:48,777 [INFO] Reply from ptd: 'Stopping untimed measurement'
ptd-server 2023-02-25 23:32:48,861 [INFO] Sending reply to client 'OK'
ptd-server 2023-02-25 23:32:48,881 [INFO] Got command from the client 'session,2023-02-25_23-11-16,done'
ptd-server 2023-02-25 23:32:48,882 [INFO] Sending to ptd: 'Stop'
ptd-server 2023-02-25 23:32:49,632 [INFO] Reply from ptd: 'Error: no measurement to stop'
ptd-server 2023-02-25 23:32:49,632 [INFO] Sending to ptd: 'SR,V,300.000000'
ptd-server 2023-02-25 23:32:51,133 [INFO] Reply from ptd: 'Range V changed'
ptd-server 2023-02-25 23:32:51,134 [INFO] Sending to ptd: 'SR,A,0.100000'
ptd-server 2023-02-25 23:32:52,635 [INFO] Reply from ptd: 'Range A changed'
ptd-server 2023-02-25 23:32:52,635 [INFO] Set initial values for Amps 0.100000 and Volts 300.000000
ptd-server 2023-02-25 23:32:52,635 [INFO] Stopping ptd...
