ptd-server 2023-02-27 22:59:48,900 [INFO] Got command from the client 'time'
ptd-server 2023-02-27 22:59:48,900 [INFO] Sending reply to client '1677538788.9007764'
ptd-server 2023-02-27 22:59:48,902 [INFO] Got command from the client 'new,,e823e00a-4158-4f6c-9fb2-b0f14627658c'
ptd-server 2023-02-27 22:59:48,902 [INFO] Sending reply to client 'OK 2023-02-27_22-59-48,94716002-cdb9-495d-8454-10efc4d8cba3'
ptd-server 2023-02-27 22:59:48,926 [INFO] Got command from the client 'time'
ptd-server 2023-02-27 22:59:48,926 [INFO] Sending reply to client '1677538788.9262202'
ptd-server 2023-02-27 22:59:48,927 [INFO] Got command from the client 'session,2023-02-27_22-59-48,start,ranging'
ptd-server 2023-02-27 22:59:48,927 [INFO] Running PTDaemon: ['/home/anton/projects/mlperf/power/inference_v1.0/ptd-linux-x86', '-l', '/tmp/tmpu4v721n6/ptd_logfile.txt', '-p', '8888', '49', '/dev/usbtmc0']
ptd-server 2023-02-27 23:00:06,014 [INFO] Sending to ptd: 'Hello'
ptd-server 2023-02-27 23:00:06,015 [INFO] Reply from ptd: 'Hello, PTDaemon here!'
ptd-server 2023-02-27 23:00:06,015 [INFO] Sending to ptd: 'Identify'
ptd-server 2023-02-27 23:00:06,015 [INFO] Reply from ptd: 'YokogawaWT310E,1000,1,1,1,1,0,1,1,version=1.10.0-ed9a21d2-20220817,OS=Linux 5.15.0-60-generic #66~20.04.1-Ubuntu SMP Wed Jan 25 09:41:30 UTC 2023 x86_64,mode=power,1,1,1,0,0,no_cal_date,YOKOGAWA;WT310E;C3XA04010E;F1.04'
ptd-server 2023-02-27 23:00:06,015 [INFO] Connected to PTDaemon
ptd-server 2023-02-27 23:00:06,015 [INFO] Sending to ptd: 'RR'
ptd-server 2023-02-27 23:00:06,016 [INFO] Reply from ptd: 'Ranges,0,0.100000,0,300.000000'
ptd-server 2023-02-27 23:00:06,016 [INFO] Initial range for Amps is 0.100000 for Volts is 300.000000
ptd-server 2023-02-27 23:00:06,016 [INFO] Sending to ptd: 'SR,V,Auto'
ptd-server 2023-02-27 23:00:06,518 [INFO] Reply from ptd: 'Range V changed'
ptd-server 2023-02-27 23:00:06,519 [INFO] Sending to ptd: 'SR,A,Auto'
ptd-server 2023-02-27 23:00:07,021 [INFO] Reply from ptd: 'Range A changed'
ptd-server 2023-02-27 23:00:17,031 [INFO] Starting ranging mode
ptd-server 2023-02-27 23:00:17,032 [INFO] Sending to ptd: 'Go,1000,0,2023-02-27_22-59-48_ranging'
ptd-server 2023-02-27 23:00:17,032 [INFO] Reply from ptd: 'Starting untimed measurement, maximum 500000 samples at 1000ms with 0 rampup samples'
ptd-server 2023-02-27 23:00:17,032 [INFO] Sending reply to client 'OK'
ptd-server 2023-02-27 23:10:46,272 [INFO] Got command from the client 'session,2023-02-27_22-59-48,stop,ranging'
ptd-server 2023-02-27 23:10:56,282 [INFO] Sending to ptd: 'Stop'
ptd-server 2023-02-27 23:10:56,283 [INFO] Reply from ptd: 'Stopping untimed measurement'
ptd-server 2023-02-27 23:10:56,663 [INFO] Sending reply to client 'OK'
ptd-server 2023-02-27 23:10:56,753 [INFO] Got command from the client 'time'
ptd-server 2023-02-27 23:10:56,754 [INFO] Sending reply to client '1677539456.7540414'
ptd-server 2023-02-27 23:10:56,756 [INFO] Got command from the client 'session,2023-02-27_22-59-48,start,testing'
ptd-server 2023-02-27 23:10:56,756 [INFO] Sending to ptd: 'SR,V,251.290000'
ptd-server 2023-02-27 23:10:58,533 [INFO] Reply from ptd: 'Range V changed'
ptd-server 2023-02-27 23:10:58,533 [INFO] Sending to ptd: 'SR,A,0.051660'
ptd-server 2023-02-27 23:11:00,035 [INFO] Reply from ptd: 'Range A changed'
ptd-server 2023-02-27 23:11:10,045 [INFO] Starting testing mode
ptd-server 2023-02-27 23:11:10,045 [INFO] Sending to ptd: 'Go,1000,0,2023-02-27_22-59-48_testing'
ptd-server 2023-02-27 23:11:10,046 [INFO] Reply from ptd: 'Starting untimed measurement, maximum 500000 samples at 1000ms with 0 rampup samples'
ptd-server 2023-02-27 23:11:10,046 [INFO] Sending reply to client 'OK'
ptd-server 2023-02-27 23:21:39,106 [INFO] Got command from the client 'session,2023-02-27_22-59-48,stop,testing'
ptd-server 2023-02-27 23:21:49,116 [INFO] Sending to ptd: 'Stop'
ptd-server 2023-02-27 23:21:49,117 [INFO] Reply from ptd: 'Stopping untimed measurement'
ptd-server 2023-02-27 23:21:49,319 [INFO] Sending reply to client 'OK'
ptd-server 2023-02-27 23:21:49,339 [INFO] Got command from the client 'session,2023-02-27_22-59-48,done'
ptd-server 2023-02-27 23:21:49,339 [INFO] Sending to ptd: 'Stop'
ptd-server 2023-02-27 23:21:50,046 [INFO] Reply from ptd: 'Error: no measurement to stop'
ptd-server 2023-02-27 23:21:50,046 [INFO] Sending to ptd: 'SR,V,300.000000'
ptd-server 2023-02-27 23:21:51,548 [INFO] Reply from ptd: 'Range V changed'
ptd-server 2023-02-27 23:21:51,548 [INFO] Sending to ptd: 'SR,A,0.100000'
ptd-server 2023-02-27 23:21:53,049 [INFO] Reply from ptd: 'Range A changed'
ptd-server 2023-02-27 23:21:53,049 [INFO] Set initial values for Amps 0.100000 and Volts 300.000000
ptd-server 2023-02-27 23:21:53,050 [INFO] Stopping ptd...
