ptd-server 2023-02-28 02:39:54,410 [INFO] Got command from the client 'time'
ptd-server 2023-02-28 02:39:54,410 [INFO] Sending reply to client '1677551994.4109313'
ptd-server 2023-02-28 02:39:54,412 [INFO] Got command from the client 'new,,ae692c84-dd94-405f-b46c-f51416d0b196'
ptd-server 2023-02-28 02:39:54,413 [INFO] Sending reply to client 'OK 2023-02-28_02-39-54,3cd2e437-10ae-463a-a7a4-5b48824b4799'
ptd-server 2023-02-28 02:39:54,440 [INFO] Got command from the client 'time'
ptd-server 2023-02-28 02:39:54,440 [INFO] Sending reply to client '1677551994.440462'
ptd-server 2023-02-28 02:39:54,442 [INFO] Got command from the client 'session,2023-02-28_02-39-54,start,ranging'
ptd-server 2023-02-28 02:39:54,442 [INFO] Running PTDaemon: ['/home/anton/projects/mlperf/power/inference_v1.0/ptd-linux-x86', '-l', '/tmp/tmpu4v721n6/ptd_logfile.txt', '-p', '8888', '49', '/dev/usbtmc0']
ptd-server 2023-02-28 02:40:11,529 [INFO] Sending to ptd: 'Hello'
ptd-server 2023-02-28 02:40:11,530 [INFO] Reply from ptd: 'Hello, PTDaemon here!'
ptd-server 2023-02-28 02:40:11,530 [INFO] Sending to ptd: 'Identify'
ptd-server 2023-02-28 02:40:11,530 [INFO] Reply from ptd: 'YokogawaWT310E,1000,1,1,1,1,0,1,1,version=1.10.0-ed9a21d2-20220817,OS=Linux 5.15.0-60-generic #66~20.04.1-Ubuntu SMP Wed Jan 25 09:41:30 UTC 2023 x86_64,mode=power,1,1,1,0,0,no_cal_date,YOKOGAWA;WT310E;C3XA04010E;F1.04'
ptd-server 2023-02-28 02:40:11,530 [INFO] Connected to PTDaemon
ptd-server 2023-02-28 02:40:11,531 [INFO] Sending to ptd: 'RR'
ptd-server 2023-02-28 02:40:11,531 [INFO] Reply from ptd: 'Ranges,0,0.100000,0,300.000000'
ptd-server 2023-02-28 02:40:11,531 [INFO] Initial range for Amps is 0.100000 for Volts is 300.000000
ptd-server 2023-02-28 02:40:11,531 [INFO] Sending to ptd: 'SR,V,Auto'
ptd-server 2023-02-28 02:40:12,034 [INFO] Reply from ptd: 'Range V changed'
ptd-server 2023-02-28 02:40:12,034 [INFO] Sending to ptd: 'SR,A,Auto'
ptd-server 2023-02-28 02:40:12,536 [INFO] Reply from ptd: 'Range A changed'
ptd-server 2023-02-28 02:40:22,546 [INFO] Starting ranging mode
ptd-server 2023-02-28 02:40:22,547 [INFO] Sending to ptd: 'Go,1000,0,2023-02-28_02-39-54_ranging'
ptd-server 2023-02-28 02:40:22,547 [INFO] Reply from ptd: 'Starting untimed measurement, maximum 500000 samples at 1000ms with 0 rampup samples'
ptd-server 2023-02-28 02:40:22,547 [INFO] Sending reply to client 'OK'
ptd-server 2023-02-28 02:50:40,147 [INFO] Got command from the client 'session,2023-02-28_02-39-54,stop,ranging'
ptd-server 2023-02-28 02:50:50,156 [INFO] Sending to ptd: 'Stop'
ptd-server 2023-02-28 02:50:50,156 [INFO] Reply from ptd: 'Stopping untimed measurement'
ptd-server 2023-02-28 02:50:50,562 [INFO] Sending reply to client 'OK'
ptd-server 2023-02-28 02:50:50,653 [INFO] Got command from the client 'time'
ptd-server 2023-02-28 02:50:50,653 [INFO] Sending reply to client '1677552650.653737'
ptd-server 2023-02-28 02:50:50,656 [INFO] Got command from the client 'session,2023-02-28_02-39-54,start,testing'
ptd-server 2023-02-28 02:50:50,656 [INFO] Sending to ptd: 'SR,V,250.990000'
ptd-server 2023-02-28 02:50:52,158 [INFO] Reply from ptd: 'Range V changed'
ptd-server 2023-02-28 02:50:52,158 [INFO] Sending to ptd: 'SR,A,0.055730'
ptd-server 2023-02-28 02:50:53,659 [INFO] Reply from ptd: 'Range A changed'
ptd-server 2023-02-28 02:51:03,670 [INFO] Starting testing mode
ptd-server 2023-02-28 02:51:03,670 [INFO] Sending to ptd: 'Go,1000,0,2023-02-28_02-39-54_testing'
ptd-server 2023-02-28 02:51:03,670 [INFO] Reply from ptd: 'Starting untimed measurement, maximum 500000 samples at 1000ms with 0 rampup samples'
ptd-server 2023-02-28 02:51:03,670 [INFO] Sending reply to client 'OK'
ptd-server 2023-02-28 03:01:21,285 [INFO] Got command from the client 'session,2023-02-28_02-39-54,stop,testing'
ptd-server 2023-02-28 03:01:31,288 [INFO] Sending to ptd: 'Stop'
ptd-server 2023-02-28 03:01:31,288 [INFO] Reply from ptd: 'Stopping untimed measurement'
ptd-server 2023-02-28 03:01:31,504 [INFO] Sending reply to client 'OK'
ptd-server 2023-02-28 03:01:31,525 [INFO] Got command from the client 'session,2023-02-28_02-39-54,done'
ptd-server 2023-02-28 03:01:31,525 [INFO] Sending to ptd: 'Stop'
ptd-server 2023-02-28 03:01:31,670 [INFO] Reply from ptd: 'Error: no measurement to stop'
ptd-server 2023-02-28 03:01:31,671 [INFO] Sending to ptd: 'SR,V,300.000000'
ptd-server 2023-02-28 03:01:33,172 [INFO] Reply from ptd: 'Range V changed'
ptd-server 2023-02-28 03:01:33,172 [INFO] Sending to ptd: 'SR,A,0.100000'
ptd-server 2023-02-28 03:01:34,673 [INFO] Reply from ptd: 'Range A changed'
ptd-server 2023-02-28 03:01:34,674 [INFO] Set initial values for Amps 0.100000 and Volts 300.000000
ptd-server 2023-02-28 03:01:34,674 [INFO] Stopping ptd...
