ptd-server 2023-02-25 17:26:36,020 [INFO] Got command from the client 'time'
ptd-server 2023-02-25 17:26:36,021 [INFO] Sending reply to client '1677345996.0210762'
ptd-server 2023-02-25 17:26:36,022 [INFO] Got command from the client 'new,,e5925192-97cf-4edd-a660-5bb57d4d0835'
ptd-server 2023-02-25 17:26:36,023 [INFO] Sending reply to client 'OK 2023-02-25_17-26-36,b453c254-6ab9-4932-ad04-95a226bb9745'
ptd-server 2023-02-25 17:26:36,052 [INFO] Got command from the client 'time'
ptd-server 2023-02-25 17:26:36,052 [INFO] Sending reply to client '1677345996.052259'
ptd-server 2023-02-25 17:26:36,054 [INFO] Got command from the client 'session,2023-02-25_17-26-36,start,ranging'
ptd-server 2023-02-25 17:26:36,054 [INFO] Running PTDaemon: ['/home/anton/projects/mlperf/power/inference_v1.0/ptd-linux-x86', '-l', '/tmp/tmpu4v721n6/ptd_logfile.txt', '-p', '8888', '49', '/dev/usbtmc0']
ptd-server 2023-02-25 17:26:53,141 [INFO] Sending to ptd: 'Hello'
ptd-server 2023-02-25 17:26:53,141 [INFO] Reply from ptd: 'Hello, PTDaemon here!'
ptd-server 2023-02-25 17:26:53,141 [INFO] Sending to ptd: 'Identify'
ptd-server 2023-02-25 17:26:53,142 [INFO] Reply from ptd: 'YokogawaWT310E,1000,1,1,1,1,0,1,1,version=1.10.0-ed9a21d2-20220817,OS=Linux 5.15.0-60-generic #66~20.04.1-Ubuntu SMP Wed Jan 25 09:41:30 UTC 2023 x86_64,mode=power,1,1,1,0,0,no_cal_date,YOKOGAWA;WT310E;C3XA04010E;F1.04'
ptd-server 2023-02-25 17:26:53,142 [INFO] Connected to PTDaemon
ptd-server 2023-02-25 17:26:53,142 [INFO] Sending to ptd: 'RR'
ptd-server 2023-02-25 17:26:53,142 [INFO] Reply from ptd: 'Ranges,0,0.100000,0,300.000000'
ptd-server 2023-02-25 17:26:53,142 [INFO] Initial range for Amps is 0.100000 for Volts is 300.000000
ptd-server 2023-02-25 17:26:53,142 [INFO] Sending to ptd: 'SR,V,Auto'
ptd-server 2023-02-25 17:26:53,645 [INFO] Reply from ptd: 'Range V changed'
ptd-server 2023-02-25 17:26:53,645 [INFO] Sending to ptd: 'SR,A,Auto'
ptd-server 2023-02-25 17:26:54,147 [INFO] Reply from ptd: 'Range A changed'
ptd-server 2023-02-25 17:27:04,156 [INFO] Starting ranging mode
ptd-server 2023-02-25 17:27:04,156 [INFO] Sending to ptd: 'Go,1000,0,2023-02-25_17-26-36_ranging'
ptd-server 2023-02-25 17:27:04,156 [INFO] Reply from ptd: 'Starting untimed measurement, maximum 500000 samples at 1000ms with 0 rampup samples'
ptd-server 2023-02-25 17:27:04,157 [INFO] Sending reply to client 'OK'
ptd-server 2023-02-25 17:37:19,305 [INFO] Got command from the client 'session,2023-02-25_17-26-36,stop,ranging'
ptd-server 2023-02-25 17:37:29,312 [INFO] Sending to ptd: 'Stop'
ptd-server 2023-02-25 17:37:29,312 [INFO] Reply from ptd: 'Stopping untimed measurement'
ptd-server 2023-02-25 17:37:29,435 [INFO] Sending reply to client 'OK'
ptd-server 2023-02-25 17:37:29,529 [INFO] Got command from the client 'time'
ptd-server 2023-02-25 17:37:29,529 [INFO] Sending reply to client '1677346649.5292814'
ptd-server 2023-02-25 17:37:29,532 [INFO] Got command from the client 'session,2023-02-25_17-26-36,start,testing'
ptd-server 2023-02-25 17:37:29,532 [INFO] Sending to ptd: 'SR,V,250.420000'
ptd-server 2023-02-25 17:37:31,659 [INFO] Reply from ptd: 'Range V changed'
ptd-server 2023-02-25 17:37:31,659 [INFO] Sending to ptd: 'SR,A,0.050680'
ptd-server 2023-02-25 17:37:33,160 [INFO] Reply from ptd: 'Range A changed'
ptd-server 2023-02-25 17:37:43,171 [INFO] Starting testing mode
ptd-server 2023-02-25 17:37:43,171 [INFO] Sending to ptd: 'Go,1000,0,2023-02-25_17-26-36_testing'
ptd-server 2023-02-25 17:37:43,171 [INFO] Reply from ptd: 'Starting untimed measurement, maximum 500000 samples at 1000ms with 0 rampup samples'
ptd-server 2023-02-25 17:37:43,171 [INFO] Sending reply to client 'OK'
ptd-server 2023-02-25 17:47:58,004 [INFO] Got command from the client 'session,2023-02-25_17-26-36,stop,testing'
ptd-server 2023-02-25 17:48:08,015 [INFO] Sending to ptd: 'Stop'
ptd-server 2023-02-25 17:48:08,015 [INFO] Reply from ptd: 'Stopping untimed measurement'
ptd-server 2023-02-25 17:48:08,079 [INFO] Sending reply to client 'OK'
ptd-server 2023-02-25 17:48:08,097 [INFO] Got command from the client 'session,2023-02-25_17-26-36,done'
ptd-server 2023-02-25 17:48:08,097 [INFO] Sending to ptd: 'Stop'
ptd-server 2023-02-25 17:48:08,172 [INFO] Reply from ptd: 'Error: no measurement to stop'
ptd-server 2023-02-25 17:48:08,172 [INFO] Sending to ptd: 'SR,V,300.000000'
ptd-server 2023-02-25 17:48:09,673 [INFO] Reply from ptd: 'Range V changed'
ptd-server 2023-02-25 17:48:09,674 [INFO] Sending to ptd: 'SR,A,0.100000'
ptd-server 2023-02-25 17:48:11,175 [INFO] Reply from ptd: 'Range A changed'
ptd-server 2023-02-25 17:48:11,175 [INFO] Set initial values for Amps 0.100000 and Volts 300.000000
ptd-server 2023-02-25 17:48:11,175 [INFO] Stopping ptd...
