client 2023-03-02 00:43:52,181 [INFO] Sending command to the server: 'mlcommons/power client v3'
client 2023-03-02 00:43:52,183 [INFO] Got response: 'mlcommons/power server v3'
client 2023-03-02 00:43:52,183 [INFO] Sending command to the server: 'stop'
client 2023-03-02 00:43:52,184 [INFO] Got response: 'OK'
client 2023-03-02 00:43:52,184 [INFO] Synchronizing with the server and with ib-01.dc4-in.nvidia.com...
client 2023-03-02 00:43:52,393 [INFO] NTP:offset = -0.001 s, delay = 0.203 s 
client 2023-03-02 00:43:52,394 [INFO] Sending command to the server: 'time'
client 2023-03-02 00:43:52,395 [INFO] Got response: '1677717832.395091'
client 2023-03-02 00:43:52,395 [INFO] The time difference between the client and the server is within range -1.014 ms..0.393 ms
client 2023-03-02 00:43:52,395 [INFO] Sending command to the server: 'new,,c1c625b1-3326-40c0-a3f6-6c8c632ce1f9'
client 2023-03-02 00:43:52,396 [INFO] Got response: 'OK 2023-03-01_16-43-52,e15e574e-3b85-4e3a-86f9-48648b02cdd9'
client 2023-03-02 00:43:52,396 [INFO] Session id is '2023-03-01_16-43-52'
client 2023-03-02 00:43:52,397 [INFO] Sources: {"sources": {"__init__.py": "da39a3ee5e6b4b0d3255bfef95601890afd80709", "client.py": "33ca4f26368777ac06e01f9567b714a4b8063886", "lib/__init__.py": "da39a3ee5e6b4b0d3255bfef95601890afd80709", "lib/client.py": "4c2b78fb4849a7e5b584ef792d82aaed20b17f57", "lib/common.py": "624d0c0acc7c39aaff3674f0b99d6a09da53d1dc", "lib/external/__init__.py": "da39a3ee5e6b4b0d3255bfef95601890afd80709", "lib/external/ntplib.py": "4da8f970656505a40483206ef2b5d3dd5e81711d", "lib/server.py": "cda0cdfaee9bfa1249c64a7dd4f89b7bf1b279f0", "lib/source_hashes.py": "60a2e02193209e8d392803326208d5466342da18", "lib/summary.py": "aa92f0a3f975eecd44d3c0cd0236342ccc9f941d", "lib/time_sync.py": "3210db56eb0ff0df57bf4293dc4d4b03fffd46f1", "server.py": "c3f90f2f7eeb4db30727556d0c815ebc89b3d28b", "tests/unit/__init__.py": "da39a3ee5e6b4b0d3255bfef95601890afd80709", "tests/unit/test_server.py": "99ae15aef722f2000ee6ed1ae1523637bf1ae42b", "tests/unit/test_source_hashes.py": "00468a2907583c593e6574a1f6b404e4651c221a"}, "modules": {"ptd_client_server.lib.client": "lib/client.py", "ptd_client_server.lib.common": "lib/common.py", "ptd_client_server.lib.external.ntplib": "lib/external/ntplib.py", "ptd_client_server.lib.source_hashes": "lib/source_hashes.py", "ptd_client_server.lib.summary": "lib/summary.py", "ptd_client_server.lib.time_sync": "lib/time_sync.py"}}
client 2023-03-02 00:43:52,400 [INFO] Running workload in ranging mode
client 2023-03-02 00:43:52,400 [INFO] Synchronizing with the server and with ib-01.dc4-in.nvidia.com...
client 2023-03-02 00:43:52,606 [INFO] NTP:offset = -0.000 s, delay = 0.204 s 
client 2023-03-02 00:43:52,606 [INFO] Sending command to the server: 'time'
client 2023-03-02 00:43:52,607 [INFO] Got response: '1677717832.607587'
client 2023-03-02 00:43:52,607 [INFO] The time difference between the client and the server is within range -0.862 ms..0.301 ms
client 2023-03-02 00:43:52,607 [INFO] Sending command to the server: 'session,2023-03-01_16-43-52,start,ranging'
client 2023-03-02 00:44:32,521 [INFO] Got response: 'OK'
client 2023-03-02 00:44:32,521 [INFO] Running the workload 'LOG_DIR=/work/build/power_logs_temp python3 -m code.main --benchmarks=dlrm --scenarios=Offline --config_ver=maxq_high_accuracy --test_mode=PerformanceOnly --action="run_harness" \\\n\t\t2>&1 | tee -a /work/build/power_logs/2023.03.02-00.43.30/stdout.txt \\\n\t\t&& if [ ! -d /work/build/power_logs/2023.03.02-00.43.30/ranging_tmp ]; \\\n\t\t\tthen mkdir /work/build/power_logs/2023.03.02-00.43.30/ranging_tmp \\\n\t\t\t\t&& mv /work/build/power_logs_temp/* /work/build/power_logs/2023.03.02-00.43.30/ranging_tmp/ \\\n\t\t\t\t&& cp -v /work/build/power_logs/2023.03.02-00.43.30/ranging_tmp/*/*/*/mlperf_log_detail.txt /work/build/power_logs_temp/ \\\n\t\t\t\t&& cp -v /work/build/power_logs/2023.03.02-00.43.30/ranging_tmp/*/*/*/mlperf_log_summary.txt /work/build/power_logs_temp/; \\\n\t\t\telse mkdir /work/build/power_logs/2023.03.02-00.43.30/testing_tmp \\\n\t\t\t\t&& mv /work/build/power_logs_temp/* /work/build/power_logs/2023.03.02-00.43.30/testing_tmp/ \\\n\t\t\t\t&& cp -v /work/build/power_logs/2023.03.02-00.43.30/testing_tmp/*/*/*/mlperf_log_detail.txt /work/build/power_logs_temp/ \\\n\t\t\t\t&& cp -v /work/build/power_logs/2023.03.02-00.43.30/testing_tmp/*/*/*/mlperf_log_summary.txt /work/build/power_logs_temp/; fi'
client 2023-03-02 01:10:50,785 [INFO] Sending command to the server: 'session,2023-03-01_16-43-52,stop,ranging'
client 2023-03-02 01:11:00,844 [INFO] Got response: 'OK'
client 2023-03-02 01:11:00,938 [INFO] Copying loadgen logs from '/work/build/power_logs_temp' to '/work/build/power_logs/2023.03.02-00.43.30/2023-03-01_16-43-52/ranging'
client 2023-03-02 01:11:00,968 [INFO] Running workload in testing mode
client 2023-03-02 01:11:00,968 [INFO] Synchronizing with the server and with ib-01.dc4-in.nvidia.com...
client 2023-03-02 01:11:01,174 [INFO] NTP:offset = -0.000 s, delay = 0.203 s 
client 2023-03-02 01:11:01,174 [INFO] Sending command to the server: 'time'
client 2023-03-02 01:11:01,175 [INFO] Got response: '1677719461.1763198'
client 2023-03-02 01:11:01,175 [INFO] The time difference between the client and the server is within range -1.632 ms..-0.559 ms
client 2023-03-02 01:11:01,175 [INFO] Sending command to the server: 'session,2023-03-01_16-43-52,start,testing'
client 2023-03-02 01:11:23,143 [INFO] Got response: 'OK'
client 2023-03-02 01:11:23,143 [INFO] Running the workload 'LOG_DIR=/work/build/power_logs_temp python3 -m code.main --benchmarks=dlrm --scenarios=Offline --config_ver=maxq_high_accuracy --test_mode=PerformanceOnly --action="run_harness" \\\n\t\t2>&1 | tee -a /work/build/power_logs/2023.03.02-00.43.30/stdout.txt \\\n\t\t&& if [ ! -d /work/build/power_logs/2023.03.02-00.43.30/ranging_tmp ]; \\\n\t\t\tthen mkdir /work/build/power_logs/2023.03.02-00.43.30/ranging_tmp \\\n\t\t\t\t&& mv /work/build/power_logs_temp/* /work/build/power_logs/2023.03.02-00.43.30/ranging_tmp/ \\\n\t\t\t\t&& cp -v /work/build/power_logs/2023.03.02-00.43.30/ranging_tmp/*/*/*/mlperf_log_detail.txt /work/build/power_logs_temp/ \\\n\t\t\t\t&& cp -v /work/build/power_logs/2023.03.02-00.43.30/ranging_tmp/*/*/*/mlperf_log_summary.txt /work/build/power_logs_temp/; \\\n\t\t\telse mkdir /work/build/power_logs/2023.03.02-00.43.30/testing_tmp \\\n\t\t\t\t&& mv /work/build/power_logs_temp/* /work/build/power_logs/2023.03.02-00.43.30/testing_tmp/ \\\n\t\t\t\t&& cp -v /work/build/power_logs/2023.03.02-00.43.30/testing_tmp/*/*/*/mlperf_log_detail.txt /work/build/power_logs_temp/ \\\n\t\t\t\t&& cp -v /work/build/power_logs/2023.03.02-00.43.30/testing_tmp/*/*/*/mlperf_log_summary.txt /work/build/power_logs_temp/; fi'
client 2023-03-02 01:37:37,046 [INFO] Sending command to the server: 'session,2023-03-01_16-43-52,stop,testing'
client 2023-03-02 01:37:47,069 [INFO] Got response: 'OK'
client 2023-03-02 01:37:47,092 [INFO] Copying loadgen logs from '/work/build/power_logs_temp' to '/work/build/power_logs/2023.03.02-00.43.30/2023-03-01_16-43-52/run_1'
client 2023-03-02 01:37:47,118 [INFO] Done runs
