ptd-server 2023-02-23 05:08:23,371 [INFO] Got command from the client 'time'
ptd-server 2023-02-23 05:08:23,371 [INFO] Sending reply to client '1677150503.3716004'
ptd-server 2023-02-23 05:08:23,373 [INFO] Got command from the client 'new,,add154e8-655f-4a81-94c1-ea9356d036e8'
ptd-server 2023-02-23 05:08:23,373 [INFO] Sending reply to client 'OK 2023-02-23_05-08-23,db5996aa-04d8-4fe1-98d9-1824e514748d'
ptd-server 2023-02-23 05:08:23,452 [INFO] Got command from the client 'time'
ptd-server 2023-02-23 05:08:23,453 [INFO] Sending reply to client '1677150503.4532332'
ptd-server 2023-02-23 05:08:23,454 [INFO] Got command from the client 'session,2023-02-23_05-08-23,start,ranging'
ptd-server 2023-02-23 05:08:23,455 [INFO] Running PTDaemon: ['/local/mnt/workspace/mlcommons/power-main/inference_v1.0/ptd-linux-x86', '-l', '/tmp/tmpqybqiqrs/ptd_logfile.txt', '-p', '8888', '-c', '1,2', '77', '/dev/usbtmc0']
ptd-server 2023-02-23 05:08:41,985 [INFO] Sending to ptd: 'Hello'
ptd-server 2023-02-23 05:08:41,986 [INFO] Reply from ptd: 'Hello, PTDaemon here!'
ptd-server 2023-02-23 05:08:41,986 [INFO] Sending to ptd: 'Identify'
ptd-server 2023-02-23 05:08:41,987 [INFO] Reply from ptd: 'YokogawaWT330_multichannel,1000,1,1,1,1,0,0,1,version=1.10.0-ed9a21d2-20220817,OS=Linux 5.4.0-120-generic #136~18.04.1-Ubuntu SMP Fri Jun 10 18:00:44 UTC 2022 x86_64,mode=power,1,1,2,0,0,no_cal_date,YOKOGAWA;WT333E;C2XC17004V;F1.04'
ptd-server 2023-02-23 05:08:41,987 [INFO] Connected to PTDaemon
ptd-server 2023-02-23 05:08:41,987 [INFO] Sending to ptd: 'RR'
ptd-server 2023-02-23 05:08:41,988 [INFO] Reply from ptd: 'Ranges,1,5.000000,1,300.000000'
ptd-server 2023-02-23 05:08:41,988 [INFO] Initial range for Amps is Auto for Volts is Auto
ptd-server 2023-02-23 05:08:41,988 [INFO] Sending to ptd: 'SR,V,Auto'
ptd-server 2023-02-23 05:08:47,042 [INFO] Reply from ptd: 'Range V changed'
ptd-server 2023-02-23 05:08:47,042 [INFO] Sending to ptd: 'SR,A,Auto'
ptd-server 2023-02-23 05:08:52,095 [INFO] Reply from ptd: 'Range A changed'
ptd-server 2023-02-23 05:09:02,106 [INFO] Starting ranging mode
ptd-server 2023-02-23 05:09:02,106 [INFO] Sending to ptd: 'Go,1000,0,2023-02-23_05-08-23_ranging'
ptd-server 2023-02-23 05:09:02,107 [INFO] Reply from ptd: 'Starting untimed measurement, maximum 500000 samples at 1000ms with 0 rampup samples'
ptd-server 2023-02-23 05:09:02,107 [INFO] Sending reply to client 'OK'
ptd-server 2023-02-23 05:22:54,145 [INFO] Got command from the client 'session,2023-02-23_05-08-23,stop,ranging'
ptd-server 2023-02-23 05:23:04,155 [INFO] Sending to ptd: 'Stop'
ptd-server 2023-02-23 05:23:04,155 [INFO] Reply from ptd: 'Stopping untimed measurement'
ptd-server 2023-02-23 05:23:04,199 [INFO] Sending reply to client 'OK'
ptd-server 2023-02-23 05:23:04,286 [INFO] Got command from the client 'time'
ptd-server 2023-02-23 05:23:04,286 [INFO] Sending reply to client '1677151384.286834'
ptd-server 2023-02-23 05:23:04,288 [INFO] Got command from the client 'session,2023-02-23_05-08-23,start,testing'
ptd-server 2023-02-23 05:23:04,288 [INFO] Sending to ptd: 'SR,V,208.410000'
ptd-server 2023-02-23 05:23:11,159 [INFO] Reply from ptd: 'Range V changed'
ptd-server 2023-02-23 05:23:11,160 [INFO] Sending to ptd: 'SR,A,3.593700'
ptd-server 2023-02-23 05:23:16,712 [INFO] Reply from ptd: 'Range A changed'
ptd-server 2023-02-23 05:23:26,723 [INFO] Starting testing mode
ptd-server 2023-02-23 05:23:26,723 [INFO] Sending to ptd: 'Go,1000,0,2023-02-23_05-08-23_testing'
ptd-server 2023-02-23 05:23:26,723 [INFO] Reply from ptd: 'Starting untimed measurement, maximum 500000 samples at 1000ms with 0 rampup samples'
ptd-server 2023-02-23 05:23:26,724 [INFO] Sending reply to client 'OK'
ptd-server 2023-02-23 05:37:33,165 [INFO] Got command from the client 'session,2023-02-23_05-08-23,stop,testing'
ptd-server 2023-02-23 05:37:43,175 [INFO] Sending to ptd: 'Stop'
ptd-server 2023-02-23 05:37:43,176 [INFO] Reply from ptd: 'Stopping untimed measurement'
ptd-server 2023-02-23 05:37:43,195 [INFO] Sending reply to client 'OK'
ptd-server 2023-02-23 05:37:43,200 [INFO] Got command from the client 'session,2023-02-23_05-08-23,done'
ptd-server 2023-02-23 05:37:43,200 [INFO] Sending to ptd: 'Stop'
ptd-server 2023-02-23 05:37:43,724 [INFO] Reply from ptd: 'Error: no measurement to stop'
ptd-server 2023-02-23 05:37:43,724 [INFO] Sending to ptd: 'SR,V,Auto'
ptd-server 2023-02-23 05:37:48,778 [INFO] Reply from ptd: 'Range V changed'
ptd-server 2023-02-23 05:37:48,778 [INFO] Sending to ptd: 'SR,A,Auto'
ptd-server 2023-02-23 05:37:53,831 [INFO] Reply from ptd: 'Range A changed'
ptd-server 2023-02-23 05:37:53,832 [INFO] Set initial values for Amps Auto and Volts Auto
ptd-server 2023-02-23 05:37:53,832 [INFO] Stopping ptd...
