ptd-server 2023-02-28 06:19:55,966 [INFO] Got command from the client 'time'
ptd-server 2023-02-28 06:19:55,966 [INFO] Sending reply to client '1677565195.9664621'
ptd-server 2023-02-28 06:19:55,968 [INFO] Got command from the client 'new,,058e099b-4728-452b-abcf-03c165b12196'
ptd-server 2023-02-28 06:19:55,968 [INFO] Sending reply to client 'OK 2023-02-28_06-19-55,a47e62e2-0a8d-4171-92ed-40eff626f3e5'
ptd-server 2023-02-28 06:19:55,992 [INFO] Got command from the client 'time'
ptd-server 2023-02-28 06:19:55,993 [INFO] Sending reply to client '1677565195.9931507'
ptd-server 2023-02-28 06:19:55,996 [INFO] Got command from the client 'session,2023-02-28_06-19-55,start,ranging'
ptd-server 2023-02-28 06:19:55,996 [INFO] Running PTDaemon: ['/home/anton/projects/mlperf/power/inference_v1.0/ptd-linux-x86', '-l', '/tmp/tmpu4v721n6/ptd_logfile.txt', '-p', '8888', '49', '/dev/usbtmc0']
ptd-server 2023-02-28 06:20:13,084 [INFO] Sending to ptd: 'Hello'
ptd-server 2023-02-28 06:20:13,084 [INFO] Reply from ptd: 'Hello, PTDaemon here!'
ptd-server 2023-02-28 06:20:13,084 [INFO] Sending to ptd: 'Identify'
ptd-server 2023-02-28 06:20:13,085 [INFO] Reply from ptd: 'YokogawaWT310E,1000,1,1,1,1,0,1,1,version=1.10.0-ed9a21d2-20220817,OS=Linux 5.15.0-60-generic #66~20.04.1-Ubuntu SMP Wed Jan 25 09:41:30 UTC 2023 x86_64,mode=power,1,1,1,0,0,no_cal_date,YOKOGAWA;WT310E;C3XA04010E;F1.04'
ptd-server 2023-02-28 06:20:13,085 [INFO] Connected to PTDaemon
ptd-server 2023-02-28 06:20:13,085 [INFO] Sending to ptd: 'RR'
ptd-server 2023-02-28 06:20:13,085 [INFO] Reply from ptd: 'Ranges,0,0.100000,0,300.000000'
ptd-server 2023-02-28 06:20:13,085 [INFO] Initial range for Amps is 0.100000 for Volts is 300.000000
ptd-server 2023-02-28 06:20:13,085 [INFO] Sending to ptd: 'SR,V,Auto'
ptd-server 2023-02-28 06:20:13,588 [INFO] Reply from ptd: 'Range V changed'
ptd-server 2023-02-28 06:20:13,588 [INFO] Sending to ptd: 'SR,A,Auto'
ptd-server 2023-02-28 06:20:14,091 [INFO] Reply from ptd: 'Range A changed'
ptd-server 2023-02-28 06:20:24,100 [INFO] Starting ranging mode
ptd-server 2023-02-28 06:20:24,100 [INFO] Sending to ptd: 'Go,1000,0,2023-02-28_06-19-55_ranging'
ptd-server 2023-02-28 06:20:24,100 [INFO] Reply from ptd: 'Starting untimed measurement, maximum 500000 samples at 1000ms with 0 rampup samples'
ptd-server 2023-02-28 06:20:24,101 [INFO] Sending reply to client 'OK'
ptd-server 2023-02-28 06:30:41,549 [INFO] Got command from the client 'session,2023-02-28_06-19-55,stop,ranging'
ptd-server 2023-02-28 06:30:51,560 [INFO] Sending to ptd: 'Stop'
ptd-server 2023-02-28 06:30:51,560 [INFO] Reply from ptd: 'Stopping untimed measurement'
ptd-server 2023-02-28 06:30:51,985 [INFO] Sending reply to client 'OK'
ptd-server 2023-02-28 06:30:52,079 [INFO] Got command from the client 'time'
ptd-server 2023-02-28 06:30:52,079 [INFO] Sending reply to client '1677565852.0797935'
ptd-server 2023-02-28 06:30:52,084 [INFO] Got command from the client 'session,2023-02-28_06-19-55,start,testing'
ptd-server 2023-02-28 06:30:52,084 [INFO] Sending to ptd: 'SR,V,252.190000'
ptd-server 2023-02-28 06:30:53,603 [INFO] Reply from ptd: 'Range V changed'
ptd-server 2023-02-28 06:30:53,603 [INFO] Sending to ptd: 'SR,A,0.061230'
ptd-server 2023-02-28 06:30:55,104 [INFO] Reply from ptd: 'Range A changed'
ptd-server 2023-02-28 06:31:05,115 [INFO] Starting testing mode
ptd-server 2023-02-28 06:31:05,115 [INFO] Sending to ptd: 'Go,1000,0,2023-02-28_06-19-55_testing'
ptd-server 2023-02-28 06:31:05,115 [INFO] Reply from ptd: 'Starting untimed measurement, maximum 500000 samples at 1000ms with 0 rampup samples'
ptd-server 2023-02-28 06:31:05,115 [INFO] Sending reply to client 'OK'
ptd-server 2023-02-28 06:41:22,654 [INFO] Got command from the client 'session,2023-02-28_06-19-55,stop,testing'
ptd-server 2023-02-28 06:41:32,664 [INFO] Sending to ptd: 'Stop'
ptd-server 2023-02-28 06:41:32,664 [INFO] Reply from ptd: 'Stopping untimed measurement'
ptd-server 2023-02-28 06:41:32,894 [INFO] Sending reply to client 'OK'
ptd-server 2023-02-28 06:41:32,914 [INFO] Got command from the client 'session,2023-02-28_06-19-55,done'
ptd-server 2023-02-28 06:41:32,914 [INFO] Sending to ptd: 'Stop'
ptd-server 2023-02-28 06:41:33,116 [INFO] Reply from ptd: 'Error: no measurement to stop'
ptd-server 2023-02-28 06:41:33,116 [INFO] Sending to ptd: 'SR,V,300.000000'
ptd-server 2023-02-28 06:41:34,617 [INFO] Reply from ptd: 'Range V changed'
ptd-server 2023-02-28 06:41:34,618 [INFO] Sending to ptd: 'SR,A,0.100000'
ptd-server 2023-02-28 06:41:36,119 [INFO] Reply from ptd: 'Range A changed'
ptd-server 2023-02-28 06:41:36,119 [INFO] Set initial values for Amps 0.100000 and Volts 300.000000
ptd-server 2023-02-28 06:41:36,119 [INFO] Stopping ptd...
