client 2023-02-24 11:21:38,525 [INFO] Creating output directory '/home/arjun/mobilenet_results/valid_results/arjun_orin-tflite_cpp-cpu-tflite-vmaster-default_config/mobilenet-v2-precision_uint8-0.5-160/singlestream/performance/tmp_power'
client 2023-02-24 11:21:38,794 [INFO] Sending command to the server: 'mlcommons/power client v3'
client 2023-02-24 11:21:38,797 [INFO] Got response: 'mlcommons/power server v3'
client 2023-02-24 11:21:38,797 [INFO] Synchronizing with the server and with time.google.com...
client 2023-02-24 11:21:38,822 [INFO] NTP:offset = -0.002 s, delay = 0.017 s 
client 2023-02-24 11:21:38,823 [INFO] Sending command to the server: 'time'
client 2023-02-24 11:21:38,825 [INFO] Got response: '1677237698.8245285'
client 2023-02-24 11:21:38,826 [INFO] The time difference between the client and the server is within range -1.451 ms..1.560 ms
client 2023-02-24 11:21:38,826 [INFO] Sending command to the server: 'new,,b3b091ab-bdcc-4446-b251-4b27afe067a5'
client 2023-02-24 11:21:38,832 [INFO] Got response: 'OK 2023-02-24_11-21-38,114fd1cc-6c32-4305-ab4f-0936ceb62a57'
client 2023-02-24 11:21:38,832 [INFO] Session id is '2023-02-24_11-21-38'
client 2023-02-24 11:21:38,832 [INFO] Sources: {"sources": {"__init__.py": "da39a3ee5e6b4b0d3255bfef95601890afd80709", "client.py": "33ca4f26368777ac06e01f9567b714a4b8063886", "lib/__init__.py": "da39a3ee5e6b4b0d3255bfef95601890afd80709", "lib/client.py": "4c2b78fb4849a7e5b584ef792d82aaed20b17f57", "lib/common.py": "624d0c0acc7c39aaff3674f0b99d6a09da53d1dc", "lib/external/__init__.py": "da39a3ee5e6b4b0d3255bfef95601890afd80709", "lib/external/ntplib.py": "4da8f970656505a40483206ef2b5d3dd5e81711d", "lib/server.py": "cda0cdfaee9bfa1249c64a7dd4f89b7bf1b279f0", "lib/source_hashes.py": "60a2e02193209e8d392803326208d5466342da18", "lib/summary.py": "aa92f0a3f975eecd44d3c0cd0236342ccc9f941d", "lib/time_sync.py": "3210db56eb0ff0df57bf4293dc4d4b03fffd46f1", "server.py": "c3f90f2f7eeb4db30727556d0c815ebc89b3d28b", "tests/unit/__init__.py": "da39a3ee5e6b4b0d3255bfef95601890afd80709", "tests/unit/test_server.py": "99ae15aef722f2000ee6ed1ae1523637bf1ae42b", "tests/unit/test_source_hashes.py": "00468a2907583c593e6574a1f6b404e4651c221a"}, "modules": {"ptd_client_server.lib.client": "lib/client.py", "ptd_client_server.lib.common": "lib/common.py", "ptd_client_server.lib.external.ntplib": "lib/external/ntplib.py", "ptd_client_server.lib.source_hashes": "lib/source_hashes.py", "ptd_client_server.lib.summary": "lib/summary.py", "ptd_client_server.lib.time_sync": "lib/time_sync.py"}}
client 2023-02-24 11:21:38,832 [INFO] Running workload in ranging mode
client 2023-02-24 11:21:38,832 [INFO] Synchronizing with the server and with time.google.com...
client 2023-02-24 11:21:38,849 [INFO] NTP:offset = -0.002 s, delay = 0.015 s 
client 2023-02-24 11:21:38,849 [INFO] Sending command to the server: 'time'
client 2023-02-24 11:21:38,852 [INFO] Got response: '1677237698.8508313'
client 2023-02-24 11:21:38,853 [INFO] The time difference between the client and the server is within range -1.498 ms..2.298 ms
client 2023-02-24 11:21:38,853 [INFO] Sending command to the server: 'session,2023-02-24_11-21-38,start,ranging'
client 2023-02-24 11:22:06,978 [INFO] Got response: 'OK'
client 2023-02-24 11:22:06,979 [INFO] Running the workload '/home/arjun/run.out'
client 2023-02-24 11:33:16,326 [INFO] Sending command to the server: 'session,2023-02-24_11-21-38,stop,ranging'
client 2023-02-24 11:33:26,437 [INFO] Got response: 'OK'
client 2023-02-24 11:33:26,466 [INFO] Copying loadgen logs from '/home/arjun/mobilenet_results/valid_results/arjun_orin-tflite_cpp-cpu-tflite-vmaster-default_config/mobilenet-v2-precision_uint8-0.5-160/singlestream/performance/run_1' to '/home/arjun/mobilenet_results/valid_results/arjun_orin-tflite_cpp-cpu-tflite-vmaster-default_config/mobilenet-v2-precision_uint8-0.5-160/singlestream/performance/tmp_power/ranging'
client 2023-02-24 11:33:26,469 [INFO] Running workload in testing mode
client 2023-02-24 11:33:26,469 [INFO] Synchronizing with the server and with time.google.com...
client 2023-02-24 11:33:26,487 [INFO] NTP:offset = 0.000 s, delay = 0.013 s 
client 2023-02-24 11:33:26,487 [INFO] Sending command to the server: 'time'
client 2023-02-24 11:33:26,490 [INFO] Got response: '1677238406.4904716'
client 2023-02-24 11:33:26,490 [INFO] The time difference between the client and the server is within range -2.800 ms..0.253 ms
client 2023-02-24 11:33:26,490 [INFO] Sending command to the server: 'session,2023-02-24_11-21-38,start,testing'
client 2023-02-24 11:33:39,996 [INFO] Got response: 'OK'
client 2023-02-24 11:33:39,997 [INFO] Running the workload '/home/arjun/run.out'
client 2023-02-24 11:44:46,247 [INFO] Sending command to the server: 'session,2023-02-24_11-21-38,stop,testing'
client 2023-02-24 11:44:56,370 [INFO] Got response: 'OK'
client 2023-02-24 11:44:56,375 [INFO] Copying loadgen logs from '/home/arjun/mobilenet_results/valid_results/arjun_orin-tflite_cpp-cpu-tflite-vmaster-default_config/mobilenet-v2-precision_uint8-0.5-160/singlestream/performance/run_1' to '/home/arjun/mobilenet_results/valid_results/arjun_orin-tflite_cpp-cpu-tflite-vmaster-default_config/mobilenet-v2-precision_uint8-0.5-160/singlestream/performance/tmp_power/run_1'
client 2023-02-24 11:44:56,377 [INFO] Done runs
