ptd-server 2023-02-24 11:21:38,824 [INFO] Got command from the client 'time'
ptd-server 2023-02-24 11:21:38,824 [INFO] Sending reply to client '1677237698.8245285'
ptd-server 2023-02-24 11:21:38,827 [INFO] Got command from the client 'new,,b3b091ab-bdcc-4446-b251-4b27afe067a5'
ptd-server 2023-02-24 11:21:38,828 [INFO] Sending reply to client 'OK 2023-02-24_11-21-38,114fd1cc-6c32-4305-ab4f-0936ceb62a57'
ptd-server 2023-02-24 11:21:38,850 [INFO] Got command from the client 'time'
ptd-server 2023-02-24 11:21:38,850 [INFO] Sending reply to client '1677237698.8508313'
ptd-server 2023-02-24 11:21:38,854 [INFO] Got command from the client 'session,2023-02-24_11-21-38,start,ranging'
ptd-server 2023-02-24 11:21:38,855 [INFO] Running PTDaemon: ['/media/arjun/T7_Touch/hp-envy/CM/repos/local/cache/9b3695ca8255492a/power/inference_v1.0/ptd-linux-x86', '-l', '/tmp/tmpti64566v/ptd_logfile.txt', '-p', '8888', '49', '/dev/usbtmc0']
ptd-server 2023-02-24 11:21:55,953 [INFO] Sending to ptd: 'Hello'
ptd-server 2023-02-24 11:21:55,954 [INFO] Reply from ptd: 'Hello, PTDaemon here!'
ptd-server 2023-02-24 11:21:55,954 [INFO] Sending to ptd: 'Identify'
ptd-server 2023-02-24 11:21:55,955 [INFO] Reply from ptd: 'YokogawaWT310E,1000,1,1,1,1,0,1,1,version=1.10.0-ed9a21d2-20220817,OS=Linux 5.15.0-56-generic #62-Ubuntu SMP Tue Nov 22 19:54:14 UTC 2022 x86_64,mode=power,1,1,1,0,0,no_cal_date,YOKOGAWA;WT310E;C3YD21068E;F1.04'
ptd-server 2023-02-24 11:21:55,956 [INFO] Connected to PTDaemon
ptd-server 2023-02-24 11:21:55,956 [INFO] Sending to ptd: 'RR'
ptd-server 2023-02-24 11:21:55,957 [INFO] Reply from ptd: 'Ranges,0,0.100000,0,600.000000'
ptd-server 2023-02-24 11:21:55,957 [INFO] Initial range for Amps is 0.100000 for Volts is 600.000000
ptd-server 2023-02-24 11:21:55,958 [INFO] Sending to ptd: 'SR,V,Auto'
ptd-server 2023-02-24 11:21:56,461 [INFO] Reply from ptd: 'Range V changed'
ptd-server 2023-02-24 11:21:56,462 [INFO] Sending to ptd: 'SR,A,Auto'
ptd-server 2023-02-24 11:21:56,965 [INFO] Reply from ptd: 'Range A changed'
ptd-server 2023-02-24 11:22:06,974 [INFO] Starting ranging mode
ptd-server 2023-02-24 11:22:06,974 [INFO] Sending to ptd: 'Go,1000,0,2023-02-24_11-21-38_ranging'
ptd-server 2023-02-24 11:22:06,975 [INFO] Reply from ptd: 'Starting untimed measurement, maximum 500000 samples at 1000ms with 0 rampup samples'
ptd-server 2023-02-24 11:22:06,975 [INFO] Sending reply to client 'OK'
ptd-server 2023-02-24 11:33:16,330 [INFO] Got command from the client 'session,2023-02-24_11-21-38,stop,ranging'
ptd-server 2023-02-24 11:33:26,341 [INFO] Sending to ptd: 'Stop'
ptd-server 2023-02-24 11:33:26,342 [INFO] Reply from ptd: 'Stopping untimed measurement'
ptd-server 2023-02-24 11:33:26,436 [INFO] Sending reply to client 'OK'
ptd-server 2023-02-24 11:33:26,490 [INFO] Got command from the client 'time'
ptd-server 2023-02-24 11:33:26,490 [INFO] Sending reply to client '1677238406.4904716'
ptd-server 2023-02-24 11:33:26,496 [INFO] Got command from the client 'session,2023-02-24_11-21-38,start,testing'
ptd-server 2023-02-24 11:33:26,497 [INFO] Sending to ptd: 'SR,V,246.260000'
ptd-server 2023-02-24 11:33:28,479 [INFO] Reply from ptd: 'Range V changed'
ptd-server 2023-02-24 11:33:28,479 [INFO] Sending to ptd: 'SR,A,0.242930'
ptd-server 2023-02-24 11:33:29,982 [INFO] Reply from ptd: 'Range A changed'
ptd-server 2023-02-24 11:33:39,993 [INFO] Starting testing mode
ptd-server 2023-02-24 11:33:39,994 [INFO] Sending to ptd: 'Go,1000,0,2023-02-24_11-21-38_testing'
ptd-server 2023-02-24 11:33:39,995 [INFO] Reply from ptd: 'Starting untimed measurement, maximum 500000 samples at 1000ms with 0 rampup samples'
ptd-server 2023-02-24 11:33:39,995 [INFO] Sending reply to client 'OK'
ptd-server 2023-02-24 11:44:46,311 [INFO] Got command from the client 'session,2023-02-24_11-21-38,stop,testing'
ptd-server 2023-02-24 11:44:56,322 [INFO] Sending to ptd: 'Stop'
ptd-server 2023-02-24 11:44:56,323 [INFO] Reply from ptd: 'Stopping untimed measurement'
ptd-server 2023-02-24 11:44:56,372 [INFO] Sending reply to client 'OK'
ptd-server 2023-02-24 11:44:56,387 [INFO] Got command from the client 'session,2023-02-24_11-21-38,done'
ptd-server 2023-02-24 11:44:56,387 [INFO] Sending to ptd: 'Stop'
ptd-server 2023-02-24 11:44:56,997 [INFO] Reply from ptd: 'Error: no measurement to stop'
ptd-server 2023-02-24 11:44:56,997 [INFO] Sending to ptd: 'SR,V,600.000000'
ptd-server 2023-02-24 11:44:58,500 [INFO] Reply from ptd: 'Range V changed'
ptd-server 2023-02-24 11:44:58,501 [INFO] Sending to ptd: 'SR,A,0.100000'
ptd-server 2023-02-24 11:45:00,003 [INFO] Reply from ptd: 'Range A changed'
ptd-server 2023-02-24 11:45:00,003 [INFO] Set initial values for Amps 0.100000 and Volts 600.000000
ptd-server 2023-02-24 11:45:00,004 [INFO] Stopping ptd...
