ptd-server 2023-03-01 06:09:34,738 [INFO] Got command from the client 'time'
ptd-server 2023-03-01 06:09:34,738 [INFO] Sending reply to client '1677650974.7388847'
ptd-server 2023-03-01 06:09:34,741 [INFO] Got command from the client 'new,,bb52ced5-a663-4c14-82df-9fa4f9c3616f'
ptd-server 2023-03-01 06:09:34,741 [INFO] Sending reply to client 'OK 2023-03-01_06-09-34,c6fd5a6d-0da7-453f-a2f9-0ece3c8e22a3'
ptd-server 2023-03-01 06:09:34,767 [INFO] Got command from the client 'time'
ptd-server 2023-03-01 06:09:34,767 [INFO] Sending reply to client '1677650974.7676344'
ptd-server 2023-03-01 06:09:34,771 [INFO] Got command from the client 'session,2023-03-01_06-09-34,start,ranging'
ptd-server 2023-03-01 06:09:34,772 [INFO] Running PTDaemon: ['/home/anton/projects/mlperf/power/inference_v1.0/ptd-linux-x86', '-l', '/tmp/tmpu4v721n6/ptd_logfile.txt', '-p', '8888', '49', '/dev/usbtmc0']
ptd-server 2023-03-01 06:09:51,858 [INFO] Sending to ptd: 'Hello'
ptd-server 2023-03-01 06:09:51,858 [INFO] Reply from ptd: 'Hello, PTDaemon here!'
ptd-server 2023-03-01 06:09:51,859 [INFO] Sending to ptd: 'Identify'
ptd-server 2023-03-01 06:09:51,859 [INFO] Reply from ptd: 'YokogawaWT310E,1000,1,1,1,1,0,1,1,version=1.10.0-ed9a21d2-20220817,OS=Linux 5.15.0-60-generic #66~20.04.1-Ubuntu SMP Wed Jan 25 09:41:30 UTC 2023 x86_64,mode=power,1,1,1,0,0,no_cal_date,YOKOGAWA;WT310E;C3XA04010E;F1.04'
ptd-server 2023-03-01 06:09:51,859 [INFO] Connected to PTDaemon
ptd-server 2023-03-01 06:09:51,859 [INFO] Sending to ptd: 'RR'
ptd-server 2023-03-01 06:09:51,859 [INFO] Reply from ptd: 'Ranges,0,0.100000,0,300.000000'
ptd-server 2023-03-01 06:09:51,860 [INFO] Initial range for Amps is 0.100000 for Volts is 300.000000
ptd-server 2023-03-01 06:09:51,860 [INFO] Sending to ptd: 'SR,V,Auto'
ptd-server 2023-03-01 06:09:52,362 [INFO] Reply from ptd: 'Range V changed'
ptd-server 2023-03-01 06:09:52,362 [INFO] Sending to ptd: 'SR,A,Auto'
ptd-server 2023-03-01 06:09:52,865 [INFO] Reply from ptd: 'Range A changed'
ptd-server 2023-03-01 06:10:02,872 [INFO] Starting ranging mode
ptd-server 2023-03-01 06:10:02,872 [INFO] Sending to ptd: 'Go,1000,0,2023-03-01_06-09-34_ranging'
ptd-server 2023-03-01 06:10:02,873 [INFO] Reply from ptd: 'Starting untimed measurement, maximum 500000 samples at 1000ms with 0 rampup samples'
ptd-server 2023-03-01 06:10:02,873 [INFO] Sending reply to client 'OK'
ptd-server 2023-03-01 06:20:27,255 [INFO] Got command from the client 'session,2023-03-01_06-09-34,stop,ranging'
ptd-server 2023-03-01 06:20:37,265 [INFO] Sending to ptd: 'Stop'
ptd-server 2023-03-01 06:20:37,266 [INFO] Reply from ptd: 'Stopping untimed measurement'
ptd-server 2023-03-01 06:20:37,825 [INFO] Sending reply to client 'OK'
ptd-server 2023-03-01 06:20:37,909 [INFO] Got command from the client 'time'
ptd-server 2023-03-01 06:20:37,910 [INFO] Sending reply to client '1677651637.9099786'
ptd-server 2023-03-01 06:20:37,911 [INFO] Got command from the client 'session,2023-03-01_06-09-34,start,testing'
ptd-server 2023-03-01 06:20:37,912 [INFO] Sending to ptd: 'SR,V,253.800000'
ptd-server 2023-03-01 06:20:39,413 [INFO] Reply from ptd: 'Range V changed'
ptd-server 2023-03-01 06:20:39,413 [INFO] Sending to ptd: 'SR,A,0.083650'
ptd-server 2023-03-01 06:20:40,914 [INFO] Reply from ptd: 'Range A changed'
ptd-server 2023-03-01 06:20:50,924 [INFO] Starting testing mode
ptd-server 2023-03-01 06:20:50,924 [INFO] Sending to ptd: 'Go,1000,0,2023-03-01_06-09-34_testing'
ptd-server 2023-03-01 06:20:50,924 [INFO] Reply from ptd: 'Starting untimed measurement, maximum 500000 samples at 1000ms with 0 rampup samples'
ptd-server 2023-03-01 06:20:50,925 [INFO] Sending reply to client 'OK'
ptd-server 2023-03-01 06:31:14,728 [INFO] Got command from the client 'session,2023-03-01_06-09-34,stop,testing'
ptd-server 2023-03-01 06:31:24,739 [INFO] Sending to ptd: 'Stop'
ptd-server 2023-03-01 06:31:24,739 [INFO] Reply from ptd: 'Stopping untimed measurement'
ptd-server 2023-03-01 06:31:25,042 [INFO] Sending reply to client 'OK'
ptd-server 2023-03-01 06:31:25,061 [INFO] Got command from the client 'session,2023-03-01_06-09-34,done'
ptd-server 2023-03-01 06:31:25,061 [INFO] Sending to ptd: 'Stop'
ptd-server 2023-03-01 06:31:25,062 [INFO] Reply from ptd: 'Error: no measurement to stop'
ptd-server 2023-03-01 06:31:25,062 [INFO] Sending to ptd: 'SR,V,300.000000'
ptd-server 2023-03-01 06:31:26,563 [INFO] Reply from ptd: 'Range V changed'
ptd-server 2023-03-01 06:31:26,563 [INFO] Sending to ptd: 'SR,A,0.100000'
ptd-server 2023-03-01 06:31:28,065 [INFO] Reply from ptd: 'Range A changed'
ptd-server 2023-03-01 06:31:28,065 [INFO] Set initial values for Amps 0.100000 and Volts 300.000000
ptd-server 2023-03-01 06:31:28,065 [INFO] Stopping ptd...
