ptd-server 2023-02-27 23:43:49,888 [INFO] Got command from the client 'time'
ptd-server 2023-02-27 23:43:49,888 [INFO] Sending reply to client '1677541429.8882396'
ptd-server 2023-02-27 23:43:49,890 [INFO] Got command from the client 'new,,a40985ea-539d-4ad9-982f-7c16c37cd81d'
ptd-server 2023-02-27 23:43:49,890 [INFO] Sending reply to client 'OK 2023-02-27_23-43-49,482db2a4-dc2b-40e6-827d-53fa4d8b5a05'
ptd-server 2023-02-27 23:43:49,914 [INFO] Got command from the client 'time'
ptd-server 2023-02-27 23:43:49,914 [INFO] Sending reply to client '1677541429.9144719'
ptd-server 2023-02-27 23:43:49,915 [INFO] Got command from the client 'session,2023-02-27_23-43-49,start,ranging'
ptd-server 2023-02-27 23:43:49,916 [INFO] Running PTDaemon: ['/home/anton/projects/mlperf/power/inference_v1.0/ptd-linux-x86', '-l', '/tmp/tmpu4v721n6/ptd_logfile.txt', '-p', '8888', '49', '/dev/usbtmc0']
ptd-server 2023-02-27 23:44:07,002 [INFO] Sending to ptd: 'Hello'
ptd-server 2023-02-27 23:44:07,003 [INFO] Reply from ptd: 'Hello, PTDaemon here!'
ptd-server 2023-02-27 23:44:07,003 [INFO] Sending to ptd: 'Identify'
ptd-server 2023-02-27 23:44:07,004 [INFO] Reply from ptd: 'YokogawaWT310E,1000,1,1,1,1,0,1,1,version=1.10.0-ed9a21d2-20220817,OS=Linux 5.15.0-60-generic #66~20.04.1-Ubuntu SMP Wed Jan 25 09:41:30 UTC 2023 x86_64,mode=power,1,1,1,0,0,no_cal_date,YOKOGAWA;WT310E;C3XA04010E;F1.04'
ptd-server 2023-02-27 23:44:07,004 [INFO] Connected to PTDaemon
ptd-server 2023-02-27 23:44:07,004 [INFO] Sending to ptd: 'RR'
ptd-server 2023-02-27 23:44:07,004 [INFO] Reply from ptd: 'Ranges,0,0.100000,0,300.000000'
ptd-server 2023-02-27 23:44:07,004 [INFO] Initial range for Amps is 0.100000 for Volts is 300.000000
ptd-server 2023-02-27 23:44:07,004 [INFO] Sending to ptd: 'SR,V,Auto'
ptd-server 2023-02-27 23:44:07,507 [INFO] Reply from ptd: 'Range V changed'
ptd-server 2023-02-27 23:44:07,507 [INFO] Sending to ptd: 'SR,A,Auto'
ptd-server 2023-02-27 23:44:08,009 [INFO] Reply from ptd: 'Range A changed'
ptd-server 2023-02-27 23:44:18,016 [INFO] Starting ranging mode
ptd-server 2023-02-27 23:44:18,016 [INFO] Sending to ptd: 'Go,1000,0,2023-02-27_23-43-49_ranging'
ptd-server 2023-02-27 23:44:18,016 [INFO] Reply from ptd: 'Starting untimed measurement, maximum 500000 samples at 1000ms with 0 rampup samples'
ptd-server 2023-02-27 23:44:18,016 [INFO] Sending reply to client 'OK'
ptd-server 2023-02-27 23:54:35,958 [INFO] Got command from the client 'session,2023-02-27_23-43-49,stop,ranging'
ptd-server 2023-02-27 23:54:45,968 [INFO] Sending to ptd: 'Stop'
ptd-server 2023-02-27 23:54:45,968 [INFO] Reply from ptd: 'Stopping untimed measurement'
ptd-server 2023-02-27 23:54:46,355 [INFO] Sending reply to client 'OK'
ptd-server 2023-02-27 23:54:46,439 [INFO] Got command from the client 'time'
ptd-server 2023-02-27 23:54:46,440 [INFO] Sending reply to client '1677542086.4400728'
ptd-server 2023-02-27 23:54:46,442 [INFO] Got command from the client 'session,2023-02-27_23-43-49,start,testing'
ptd-server 2023-02-27 23:54:46,442 [INFO] Sending to ptd: 'SR,V,252.040000'
ptd-server 2023-02-27 23:54:47,944 [INFO] Reply from ptd: 'Range V changed'
ptd-server 2023-02-27 23:54:47,944 [INFO] Sending to ptd: 'SR,A,0.053740'
ptd-server 2023-02-27 23:54:49,445 [INFO] Reply from ptd: 'Range A changed'
ptd-server 2023-02-27 23:54:59,452 [INFO] Starting testing mode
ptd-server 2023-02-27 23:54:59,452 [INFO] Sending to ptd: 'Go,1000,0,2023-02-27_23-43-49_testing'
ptd-server 2023-02-27 23:54:59,452 [INFO] Reply from ptd: 'Starting untimed measurement, maximum 500000 samples at 1000ms with 0 rampup samples'
ptd-server 2023-02-27 23:54:59,453 [INFO] Sending reply to client 'OK'
ptd-server 2023-02-28 00:05:17,163 [INFO] Got command from the client 'session,2023-02-27_23-43-49,stop,testing'
ptd-server 2023-02-28 00:05:27,174 [INFO] Sending to ptd: 'Stop'
ptd-server 2023-02-28 00:05:27,174 [INFO] Reply from ptd: 'Stopping untimed measurement'
ptd-server 2023-02-28 00:05:27,382 [INFO] Sending reply to client 'OK'
ptd-server 2023-02-28 00:05:27,400 [INFO] Got command from the client 'session,2023-02-27_23-43-49,done'
ptd-server 2023-02-28 00:05:27,401 [INFO] Sending to ptd: 'Stop'
ptd-server 2023-02-28 00:05:27,452 [INFO] Reply from ptd: 'Error: no measurement to stop'
ptd-server 2023-02-28 00:05:27,452 [INFO] Sending to ptd: 'SR,V,300.000000'
ptd-server 2023-02-28 00:05:28,954 [INFO] Reply from ptd: 'Range V changed'
ptd-server 2023-02-28 00:05:28,954 [INFO] Sending to ptd: 'SR,A,0.100000'
ptd-server 2023-02-28 00:05:30,455 [INFO] Reply from ptd: 'Range A changed'
ptd-server 2023-02-28 00:05:30,456 [INFO] Set initial values for Amps 0.100000 and Volts 300.000000
ptd-server 2023-02-28 00:05:30,456 [INFO] Stopping ptd...
