ptd-server 2023-02-21 21:04:30,789 [INFO] Got command from the client 'time'
ptd-server 2023-02-21 21:04:30,790 [INFO] Sending reply to client '1677013470.7901154'
ptd-server 2023-02-21 21:04:30,791 [INFO] Got command from the client 'new,,2d8e5af5-59c9-4e9e-b4c2-e70c53c80739'
ptd-server 2023-02-21 21:04:30,791 [INFO] Sending reply to client 'OK 2023-02-21_21-04-30,e0d1f706-d86f-4b35-87e0-30a4f44a3ad3'
ptd-server 2023-02-21 21:04:30,811 [INFO] Got command from the client 'time'
ptd-server 2023-02-21 21:04:30,811 [INFO] Sending reply to client '1677013470.8116105'
ptd-server 2023-02-21 21:04:30,812 [INFO] Got command from the client 'session,2023-02-21_21-04-30,start,ranging'
ptd-server 2023-02-21 21:04:30,812 [INFO] Running PTDaemon: ['/home/anton/projects/mlperf/power/inference_v1.0/ptd-linux-x86', '-l', '/tmp/tmp4yl1neqp/ptd_logfile.txt', '-p', '8888', '49', '/dev/usbtmc0']
ptd-server 2023-02-21 21:04:47,887 [INFO] Sending to ptd: 'Hello'
ptd-server 2023-02-21 21:04:47,887 [INFO] Reply from ptd: 'Hello, PTDaemon here!'
ptd-server 2023-02-21 21:04:47,887 [INFO] Sending to ptd: 'Identify'
ptd-server 2023-02-21 21:04:47,888 [INFO] Reply from ptd: 'YokogawaWT310E,1000,1,1,1,1,0,1,1,version=1.10.0-ed9a21d2-20220817,OS=Linux 5.15.0-60-generic #66~20.04.1-Ubuntu SMP Wed Jan 25 09:41:30 UTC 2023 x86_64,mode=power,1,1,1,0,0,no_cal_date,YOKOGAWA;WT310E;C3XA04010E;F1.04'
ptd-server 2023-02-21 21:04:47,888 [INFO] Connected to PTDaemon
ptd-server 2023-02-21 21:04:47,888 [INFO] Sending to ptd: 'RR'
ptd-server 2023-02-21 21:04:47,888 [INFO] Reply from ptd: 'Ranges,1,0.100000,1,300.000000'
ptd-server 2023-02-21 21:04:47,889 [INFO] Initial range for Amps is Auto for Volts is Auto
ptd-server 2023-02-21 21:04:47,889 [INFO] Sending to ptd: 'SR,V,Auto'
ptd-server 2023-02-21 21:04:48,391 [INFO] Reply from ptd: 'Range V changed'
ptd-server 2023-02-21 21:04:48,391 [INFO] Sending to ptd: 'SR,A,Auto'
ptd-server 2023-02-21 21:04:48,894 [INFO] Reply from ptd: 'Range A changed'
ptd-server 2023-02-21 21:04:58,904 [INFO] Starting ranging mode
ptd-server 2023-02-21 21:04:58,904 [INFO] Sending to ptd: 'Go,1000,0,2023-02-21_21-04-30_ranging'
ptd-server 2023-02-21 21:04:58,905 [INFO] Reply from ptd: 'Starting untimed measurement, maximum 500000 samples at 1000ms with 0 rampup samples'
ptd-server 2023-02-21 21:04:58,905 [INFO] Sending reply to client 'OK'
ptd-server 2023-02-21 21:15:18,594 [INFO] Got command from the client 'session,2023-02-21_21-04-30,stop,ranging'
ptd-server 2023-02-21 21:15:28,604 [INFO] Sending to ptd: 'Stop'
ptd-server 2023-02-21 21:15:28,605 [INFO] Reply from ptd: 'Stopping untimed measurement'
ptd-server 2023-02-21 21:15:28,960 [INFO] Sending reply to client 'OK'
ptd-server 2023-02-21 21:15:29,108 [INFO] Got command from the client 'time'
ptd-server 2023-02-21 21:15:29,108 [INFO] Sending reply to client '1677014129.108644'
ptd-server 2023-02-21 21:15:29,109 [INFO] Got command from the client 'session,2023-02-21_21-04-30,start,testing'
ptd-server 2023-02-21 21:15:29,110 [INFO] Sending to ptd: 'SR,V,252.780000'
ptd-server 2023-02-21 21:15:30,611 [INFO] Reply from ptd: 'Range V changed'
ptd-server 2023-02-21 21:15:30,611 [INFO] Sending to ptd: 'SR,A,0.047950'
ptd-server 2023-02-21 21:15:32,112 [INFO] Reply from ptd: 'Range A changed'
ptd-server 2023-02-21 21:15:42,123 [INFO] Starting testing mode
ptd-server 2023-02-21 21:15:42,123 [INFO] Sending to ptd: 'Go,1000,0,2023-02-21_21-04-30_testing'
ptd-server 2023-02-21 21:15:42,123 [INFO] Reply from ptd: 'Starting untimed measurement, maximum 500000 samples at 1000ms with 0 rampup samples'
ptd-server 2023-02-21 21:15:42,123 [INFO] Sending reply to client 'OK'
ptd-server 2023-02-21 21:26:01,706 [INFO] Got command from the client 'session,2023-02-21_21-04-30,stop,testing'
ptd-server 2023-02-21 21:26:11,716 [INFO] Sending to ptd: 'Stop'
ptd-server 2023-02-21 21:26:11,716 [INFO] Reply from ptd: 'Stopping untimed measurement'
ptd-server 2023-02-21 21:26:11,910 [INFO] Sending reply to client 'OK'
ptd-server 2023-02-21 21:26:11,917 [INFO] Got command from the client 'session,2023-02-21_21-04-30,done'
ptd-server 2023-02-21 21:26:11,917 [INFO] Sending to ptd: 'Stop'
ptd-server 2023-02-21 21:26:12,124 [INFO] Reply from ptd: 'Error: no measurement to stop'
ptd-server 2023-02-21 21:26:12,124 [INFO] Sending to ptd: 'SR,V,Auto'
ptd-server 2023-02-21 21:26:12,627 [INFO] Reply from ptd: 'Range V changed'
ptd-server 2023-02-21 21:26:12,627 [INFO] Sending to ptd: 'SR,A,Auto'
ptd-server 2023-02-21 21:26:13,129 [INFO] Reply from ptd: 'Range A changed'
ptd-server 2023-02-21 21:26:13,129 [INFO] Set initial values for Amps Auto and Volts Auto
ptd-server 2023-02-21 21:26:13,130 [INFO] Stopping ptd...
