ptd-server 2023-02-25 20:50:03,044 [INFO] Got command from the client 'time'
ptd-server 2023-02-25 20:50:03,044 [INFO] Sending reply to client '1677358203.044498'
ptd-server 2023-02-25 20:50:03,046 [INFO] Got command from the client 'new,,e0812659-2e75-474f-be13-99b7b29706e8'
ptd-server 2023-02-25 20:50:03,046 [INFO] Sending reply to client 'OK 2023-02-25_20-50-03,4726b812-96c0-4dd9-9016-3349ee3a0889'
ptd-server 2023-02-25 20:50:03,079 [INFO] Got command from the client 'time'
ptd-server 2023-02-25 20:50:03,079 [INFO] Sending reply to client '1677358203.079796'
ptd-server 2023-02-25 20:50:03,081 [INFO] Got command from the client 'session,2023-02-25_20-50-03,start,ranging'
ptd-server 2023-02-25 20:50:03,082 [INFO] Running PTDaemon: ['/home/anton/projects/mlperf/power/inference_v1.0/ptd-linux-x86', '-l', '/tmp/tmpu4v721n6/ptd_logfile.txt', '-p', '8888', '49', '/dev/usbtmc0']
ptd-server 2023-02-25 20:50:20,166 [INFO] Sending to ptd: 'Hello'
ptd-server 2023-02-25 20:50:20,167 [INFO] Reply from ptd: 'Hello, PTDaemon here!'
ptd-server 2023-02-25 20:50:20,167 [INFO] Sending to ptd: 'Identify'
ptd-server 2023-02-25 20:50:20,167 [INFO] Reply from ptd: 'YokogawaWT310E,1000,1,1,1,1,0,1,1,version=1.10.0-ed9a21d2-20220817,OS=Linux 5.15.0-60-generic #66~20.04.1-Ubuntu SMP Wed Jan 25 09:41:30 UTC 2023 x86_64,mode=power,1,1,1,0,0,no_cal_date,YOKOGAWA;WT310E;C3XA04010E;F1.04'
ptd-server 2023-02-25 20:50:20,167 [INFO] Connected to PTDaemon
ptd-server 2023-02-25 20:50:20,167 [INFO] Sending to ptd: 'RR'
ptd-server 2023-02-25 20:50:20,168 [INFO] Reply from ptd: 'Ranges,0,0.100000,0,300.000000'
ptd-server 2023-02-25 20:50:20,168 [INFO] Initial range for Amps is 0.100000 for Volts is 300.000000
ptd-server 2023-02-25 20:50:20,168 [INFO] Sending to ptd: 'SR,V,Auto'
ptd-server 2023-02-25 20:50:20,670 [INFO] Reply from ptd: 'Range V changed'
ptd-server 2023-02-25 20:50:20,671 [INFO] Sending to ptd: 'SR,A,Auto'
ptd-server 2023-02-25 20:50:21,173 [INFO] Reply from ptd: 'Range A changed'
ptd-server 2023-02-25 20:50:31,184 [INFO] Starting ranging mode
ptd-server 2023-02-25 20:50:31,184 [INFO] Sending to ptd: 'Go,1000,0,2023-02-25_20-50-03_ranging'
ptd-server 2023-02-25 20:50:31,184 [INFO] Reply from ptd: 'Starting untimed measurement, maximum 500000 samples at 1000ms with 0 rampup samples'
ptd-server 2023-02-25 20:50:31,184 [INFO] Sending reply to client 'OK'
ptd-server 2023-02-25 21:00:46,566 [INFO] Got command from the client 'session,2023-02-25_20-50-03,stop,ranging'
ptd-server 2023-02-25 21:00:56,576 [INFO] Sending to ptd: 'Stop'
ptd-server 2023-02-25 21:00:56,577 [INFO] Reply from ptd: 'Stopping untimed measurement'
ptd-server 2023-02-25 21:00:56,729 [INFO] Sending reply to client 'OK'
ptd-server 2023-02-25 21:00:56,773 [INFO] Got command from the client 'time'
ptd-server 2023-02-25 21:00:56,774 [INFO] Sending reply to client '1677358856.774122'
ptd-server 2023-02-25 21:00:56,776 [INFO] Got command from the client 'session,2023-02-25_20-50-03,start,testing'
ptd-server 2023-02-25 21:00:56,776 [INFO] Sending to ptd: 'SR,V,252.620000'
ptd-server 2023-02-25 21:00:58,685 [INFO] Reply from ptd: 'Range V changed'
ptd-server 2023-02-25 21:00:58,685 [INFO] Sending to ptd: 'SR,A,0.045460'
ptd-server 2023-02-25 21:01:00,187 [INFO] Reply from ptd: 'Range A changed'
ptd-server 2023-02-25 21:01:10,196 [INFO] Starting testing mode
ptd-server 2023-02-25 21:01:10,196 [INFO] Sending to ptd: 'Go,1000,0,2023-02-25_20-50-03_testing'
ptd-server 2023-02-25 21:01:10,196 [INFO] Reply from ptd: 'Starting untimed measurement, maximum 500000 samples at 1000ms with 0 rampup samples'
ptd-server 2023-02-25 21:01:10,197 [INFO] Sending reply to client 'OK'
ptd-server 2023-02-25 21:11:25,577 [INFO] Got command from the client 'session,2023-02-25_20-50-03,stop,testing'
ptd-server 2023-02-25 21:11:35,584 [INFO] Sending to ptd: 'Stop'
ptd-server 2023-02-25 21:11:35,584 [INFO] Reply from ptd: 'Stopping untimed measurement'
ptd-server 2023-02-25 21:11:35,662 [INFO] Sending reply to client 'OK'
ptd-server 2023-02-25 21:11:35,682 [INFO] Got command from the client 'session,2023-02-25_20-50-03,done'
ptd-server 2023-02-25 21:11:35,683 [INFO] Sending to ptd: 'Stop'
ptd-server 2023-02-25 21:11:36,197 [INFO] Reply from ptd: 'Error: no measurement to stop'
ptd-server 2023-02-25 21:11:36,197 [INFO] Sending to ptd: 'SR,V,300.000000'
ptd-server 2023-02-25 21:11:37,698 [INFO] Reply from ptd: 'Range V changed'
ptd-server 2023-02-25 21:11:37,699 [INFO] Sending to ptd: 'SR,A,0.100000'
ptd-server 2023-02-25 21:11:39,200 [INFO] Reply from ptd: 'Range A changed'
ptd-server 2023-02-25 21:11:39,200 [INFO] Set initial values for Amps 0.100000 and Volts 300.000000
ptd-server 2023-02-25 21:11:39,200 [INFO] Stopping ptd...
