ptd-server 2023-02-24 01:27:17,609 [INFO] Got command from the client 'time'
ptd-server 2023-02-24 01:27:17,609 [INFO] Sending reply to client '1677202037.6099803'
ptd-server 2023-02-24 01:27:17,613 [INFO] Got command from the client 'new,,be449a0e-472b-434d-9fbf-ba086cbc10c3'
ptd-server 2023-02-24 01:27:17,613 [INFO] Sending reply to client 'OK 2023-02-24_01-27-17,a2105057-72b2-4b53-872f-8b64587cc4c8'
ptd-server 2023-02-24 01:27:17,634 [INFO] Got command from the client 'time'
ptd-server 2023-02-24 01:27:17,634 [INFO] Sending reply to client '1677202037.634685'
ptd-server 2023-02-24 01:27:17,637 [INFO] Got command from the client 'session,2023-02-24_01-27-17,start,ranging'
ptd-server 2023-02-24 01:27:17,637 [INFO] Running PTDaemon: ['/media/arjun/T7_Touch/hp-envy/CM/repos/local/cache/9b3695ca8255492a/power/inference_v1.0/ptd-linux-x86', '-l', '/tmp/tmpti64566v/ptd_logfile.txt', '-p', '8888', '49', '/dev/usbtmc0']
ptd-server 2023-02-24 01:27:34,701 [INFO] Sending to ptd: 'Hello'
ptd-server 2023-02-24 01:27:34,701 [INFO] Reply from ptd: 'Hello, PTDaemon here!'
ptd-server 2023-02-24 01:27:34,701 [INFO] Sending to ptd: 'Identify'
ptd-server 2023-02-24 01:27:34,701 [INFO] Reply from ptd: 'YokogawaWT310E,1000,1,1,1,1,0,1,1,version=1.10.0-ed9a21d2-20220817,OS=Linux 5.15.0-56-generic #62-Ubuntu SMP Tue Nov 22 19:54:14 UTC 2022 x86_64,mode=power,1,1,1,0,0,no_cal_date,YOKOGAWA;WT310E;C3YD21068E;F1.04'
ptd-server 2023-02-24 01:27:34,701 [INFO] Connected to PTDaemon
ptd-server 2023-02-24 01:27:34,701 [INFO] Sending to ptd: 'RR'
ptd-server 2023-02-24 01:27:34,701 [INFO] Reply from ptd: 'Ranges,0,0.100000,0,600.000000'
ptd-server 2023-02-24 01:27:34,701 [INFO] Initial range for Amps is 0.100000 for Volts is 600.000000
ptd-server 2023-02-24 01:27:34,702 [INFO] Sending to ptd: 'SR,V,Auto'
ptd-server 2023-02-24 01:27:35,204 [INFO] Reply from ptd: 'Range V changed'
ptd-server 2023-02-24 01:27:35,204 [INFO] Sending to ptd: 'SR,A,Auto'
ptd-server 2023-02-24 01:27:35,706 [INFO] Reply from ptd: 'Range A changed'
ptd-server 2023-02-24 01:27:45,716 [INFO] Starting ranging mode
ptd-server 2023-02-24 01:27:45,717 [INFO] Sending to ptd: 'Go,1000,0,2023-02-24_01-27-17_ranging'
ptd-server 2023-02-24 01:27:45,717 [INFO] Reply from ptd: 'Starting untimed measurement, maximum 500000 samples at 1000ms with 0 rampup samples'
ptd-server 2023-02-24 01:27:45,717 [INFO] Sending reply to client 'OK'
ptd-server 2023-02-24 01:38:48,375 [INFO] Got command from the client 'session,2023-02-24_01-27-17,stop,ranging'
ptd-server 2023-02-24 01:38:58,378 [INFO] Sending to ptd: 'Stop'
ptd-server 2023-02-24 01:38:58,379 [INFO] Reply from ptd: 'Stopping untimed measurement'
ptd-server 2023-02-24 01:38:58,442 [INFO] Sending reply to client 'OK'
ptd-server 2023-02-24 01:38:58,509 [INFO] Got command from the client 'time'
ptd-server 2023-02-24 01:38:58,509 [INFO] Sending reply to client '1677202738.509252'
ptd-server 2023-02-24 01:38:58,512 [INFO] Got command from the client 'session,2023-02-24_01-27-17,start,testing'
ptd-server 2023-02-24 01:38:58,512 [INFO] Sending to ptd: 'SR,V,247.350000'
ptd-server 2023-02-24 01:39:00,220 [INFO] Reply from ptd: 'Range V changed'
ptd-server 2023-02-24 01:39:00,220 [INFO] Sending to ptd: 'SR,A,0.175460'
ptd-server 2023-02-24 01:39:01,723 [INFO] Reply from ptd: 'Range A changed'
ptd-server 2023-02-24 01:39:11,730 [INFO] Starting testing mode
ptd-server 2023-02-24 01:39:11,730 [INFO] Sending to ptd: 'Go,1000,0,2023-02-24_01-27-17_testing'
ptd-server 2023-02-24 01:39:11,731 [INFO] Reply from ptd: 'Starting untimed measurement, maximum 500000 samples at 1000ms with 0 rampup samples'
ptd-server 2023-02-24 01:39:11,732 [INFO] Sending reply to client 'OK'
ptd-server 2023-02-24 01:50:13,404 [INFO] Got command from the client 'session,2023-02-24_01-27-17,stop,testing'
ptd-server 2023-02-24 01:50:23,415 [INFO] Sending to ptd: 'Stop'
ptd-server 2023-02-24 01:50:23,416 [INFO] Reply from ptd: 'Stopping untimed measurement'
ptd-server 2023-02-24 01:50:23,449 [INFO] Sending reply to client 'OK'
ptd-server 2023-02-24 01:50:23,465 [INFO] Got command from the client 'session,2023-02-24_01-27-17,done'
ptd-server 2023-02-24 01:50:23,465 [INFO] Sending to ptd: 'Stop'
ptd-server 2023-02-24 01:50:23,732 [INFO] Reply from ptd: 'Error: no measurement to stop'
ptd-server 2023-02-24 01:50:23,733 [INFO] Sending to ptd: 'SR,V,600.000000'
ptd-server 2023-02-24 01:50:25,236 [INFO] Reply from ptd: 'Range V changed'
ptd-server 2023-02-24 01:50:25,236 [INFO] Sending to ptd: 'SR,A,0.100000'
ptd-server 2023-02-24 01:50:26,739 [INFO] Reply from ptd: 'Range A changed'
ptd-server 2023-02-24 01:50:26,740 [INFO] Set initial values for Amps 0.100000 and Volts 600.000000
ptd-server 2023-02-24 01:50:26,740 [INFO] Stopping ptd...
