client 2023-02-12 13:13:11,618 [INFO] Creating output directory '/home/arjun/CM/repos/octoml@ck/cm-mlops/script/run-mlperf-inference-app/valid_results/arjun_orin-tflite_cpp-cpu-armnn_tflite-v22.11-default_config/mobilenet-v1-precision_uint8-0.25-128/singlestream/performance/tmp_power'
client 2023-02-12 13:13:11,622 [INFO] Sending command to the server: 'mlcommons/power client v3'
client 2023-02-12 13:13:11,624 [INFO] Got response: 'mlcommons/power server v3'
client 2023-02-12 13:13:11,624 [INFO] Synchronizing with the server and with time.google.com...
client 2023-02-12 13:13:11,645 [INFO] NTP:offset = -0.001 s, delay = 0.014 s 
client 2023-02-12 13:13:11,645 [INFO] Sending command to the server: 'time'
client 2023-02-12 13:13:11,647 [INFO] Got response: '1676207591.6463933'
client 2023-02-12 13:13:11,648 [INFO] The time difference between the client and the server is within range -1.035 ms..1.588 ms
client 2023-02-12 13:13:11,648 [INFO] Sending command to the server: 'new,,53920a21-3440-4127-846a-ce6edb6fba58'
client 2023-02-12 13:13:11,653 [INFO] Got response: 'OK 2023-02-12_13-13-11,bc39ceef-86c4-4bc0-bc28-540d64d7abb4'
client 2023-02-12 13:13:11,653 [INFO] Session id is '2023-02-12_13-13-11'
client 2023-02-12 13:13:11,653 [INFO] Sources: {"sources": {"__init__.py": "da39a3ee5e6b4b0d3255bfef95601890afd80709", "client.py": "33ca4f26368777ac06e01f9567b714a4b8063886", "lib/__init__.py": "da39a3ee5e6b4b0d3255bfef95601890afd80709", "lib/client.py": "4c2b78fb4849a7e5b584ef792d82aaed20b17f57", "lib/common.py": "624d0c0acc7c39aaff3674f0b99d6a09da53d1dc", "lib/external/__init__.py": "da39a3ee5e6b4b0d3255bfef95601890afd80709", "lib/external/ntplib.py": "4da8f970656505a40483206ef2b5d3dd5e81711d", "lib/server.py": "cda0cdfaee9bfa1249c64a7dd4f89b7bf1b279f0", "lib/source_hashes.py": "60a2e02193209e8d392803326208d5466342da18", "lib/summary.py": "aa92f0a3f975eecd44d3c0cd0236342ccc9f941d", "lib/time_sync.py": "3210db56eb0ff0df57bf4293dc4d4b03fffd46f1", "server.py": "c3f90f2f7eeb4db30727556d0c815ebc89b3d28b", "tests/unit/__init__.py": "da39a3ee5e6b4b0d3255bfef95601890afd80709", "tests/unit/test_server.py": "99ae15aef722f2000ee6ed1ae1523637bf1ae42b", "tests/unit/test_source_hashes.py": "00468a2907583c593e6574a1f6b404e4651c221a"}, "modules": {"ptd_client_server.lib.client": "lib/client.py", "ptd_client_server.lib.common": "lib/common.py", "ptd_client_server.lib.external.ntplib": "lib/external/ntplib.py", "ptd_client_server.lib.source_hashes": "lib/source_hashes.py", "ptd_client_server.lib.summary": "lib/summary.py", "ptd_client_server.lib.time_sync": "lib/time_sync.py"}}
client 2023-02-12 13:13:11,654 [INFO] Running workload in ranging mode
client 2023-02-12 13:13:11,654 [INFO] Synchronizing with the server and with time.google.com...
client 2023-02-12 13:13:11,668 [INFO] NTP:offset = -0.001 s, delay = 0.013 s 
client 2023-02-12 13:13:11,668 [INFO] Sending command to the server: 'time'
client 2023-02-12 13:13:11,671 [INFO] Got response: '1676207591.6701188'
client 2023-02-12 13:13:11,671 [INFO] The time difference between the client and the server is within range -1.511 ms..1.699 ms
client 2023-02-12 13:13:11,671 [INFO] Sending command to the server: 'session,2023-02-12_13-13-11,start,ranging'
client 2023-02-12 13:13:39,792 [INFO] Got response: 'OK'
client 2023-02-12 13:13:39,793 [INFO] Running the workload '/home/arjun/CM/repos/octoml@ck/cm-mlops/script/run-mlperf-inference-app/run.out'
client 2023-02-12 13:23:41,219 [INFO] Sending command to the server: 'session,2023-02-12_13-13-11,stop,ranging'
client 2023-02-12 13:23:51,516 [INFO] Got response: 'OK'
client 2023-02-12 13:23:51,564 [INFO] Copying loadgen logs from '/home/arjun/CM/repos/octoml@ck/cm-mlops/script/run-mlperf-inference-app/valid_results/arjun_orin-tflite_cpp-cpu-armnn_tflite-v22.11-default_config/mobilenet-v1-precision_uint8-0.25-128/singlestream/performance/run_1' to '/home/arjun/CM/repos/octoml@ck/cm-mlops/script/run-mlperf-inference-app/valid_results/arjun_orin-tflite_cpp-cpu-armnn_tflite-v22.11-default_config/mobilenet-v1-precision_uint8-0.25-128/singlestream/performance/tmp_power/ranging'
client 2023-02-12 13:23:51,566 [INFO] Running workload in testing mode
client 2023-02-12 13:23:51,566 [INFO] Synchronizing with the server and with time.google.com...
client 2023-02-12 13:23:51,585 [INFO] NTP:offset = -0.001 s, delay = 0.014 s 
client 2023-02-12 13:23:51,585 [INFO] Sending command to the server: 'time'
client 2023-02-12 13:23:51,595 [INFO] Got response: '1676208231.593874'
client 2023-02-12 13:23:51,595 [INFO] The time difference between the client and the server is within range -8.371 ms..1.720 ms
client 2023-02-12 13:23:51,595 [INFO] Sending command to the server: 'session,2023-02-12_13-13-11,start,testing'
client 2023-02-12 13:24:04,894 [INFO] Got response: 'OK'
client 2023-02-12 13:24:04,895 [INFO] Running the workload '/home/arjun/CM/repos/octoml@ck/cm-mlops/script/run-mlperf-inference-app/run.out'
client 2023-02-12 13:34:06,261 [INFO] Sending command to the server: 'session,2023-02-12_13-13-11,stop,testing'
client 2023-02-12 13:34:16,440 [INFO] Got response: 'OK'
client 2023-02-12 13:34:16,445 [INFO] Copying loadgen logs from '/home/arjun/CM/repos/octoml@ck/cm-mlops/script/run-mlperf-inference-app/valid_results/arjun_orin-tflite_cpp-cpu-armnn_tflite-v22.11-default_config/mobilenet-v1-precision_uint8-0.25-128/singlestream/performance/run_1' to '/home/arjun/CM/repos/octoml@ck/cm-mlops/script/run-mlperf-inference-app/valid_results/arjun_orin-tflite_cpp-cpu-armnn_tflite-v22.11-default_config/mobilenet-v1-precision_uint8-0.25-128/singlestream/performance/tmp_power/run_1'
client 2023-02-12 13:34:16,447 [INFO] Done runs
