ptd-server 2023-03-03 05:31:07,996 [INFO] Got command from the client 'time'
ptd-server 2023-03-03 05:31:07,996 [INFO] Sending reply to client '1677843067.996383'
ptd-server 2023-03-03 05:31:07,997 [INFO] Got command from the client 'new,,b8ba4ad2-3f3f-4e52-a3a8-e3ded0d82e9a'
ptd-server 2023-03-03 05:31:07,998 [INFO] Sending reply to client 'OK 2023-03-03_05-31-07,bdd2dfb4-db11-43b9-b0d5-ec985da7124a'
ptd-server 2023-03-03 05:31:08,078 [INFO] Got command from the client 'time'
ptd-server 2023-03-03 05:31:08,078 [INFO] Sending reply to client '1677843068.0782647'
ptd-server 2023-03-03 05:31:08,079 [INFO] Got command from the client 'session,2023-03-03_05-31-07,start,ranging'
ptd-server 2023-03-03 05:31:08,080 [INFO] Running PTDaemon: ['/local/mnt/workspace/mlcommons/power-main/inference_v1.0/ptd-linux-x86', '-l', '/tmp/tmpqwe09ni1/ptd_logfile.txt', '-p', '8888', '49', '/dev/usbtmc0']
ptd-server 2023-03-03 05:31:25,101 [INFO] Sending to ptd: 'Hello'
ptd-server 2023-03-03 05:31:25,102 [INFO] Reply from ptd: 'Hello, PTDaemon here!'
ptd-server 2023-03-03 05:31:25,102 [INFO] Sending to ptd: 'Identify'
ptd-server 2023-03-03 05:31:25,103 [INFO] Reply from ptd: 'YokogawaWT310E,1000,1,1,1,1,0,1,1,version=1.10.0-ed9a21d2-20220817,OS=Linux 4.15.0-188-generic #199-Ubuntu SMP Wed Jun 15 20:42:56 UTC 2022 x86_64,mode=power,1,1,1,0,0,no_cal_date,YOKOGAWA;WT310E;C2XF16028V;F1.04'
ptd-server 2023-03-03 05:31:25,103 [INFO] Connected to PTDaemon
ptd-server 2023-03-03 05:31:25,103 [INFO] Sending to ptd: 'RR'
ptd-server 2023-03-03 05:31:25,104 [INFO] Reply from ptd: 'Ranges,1,5.000000,1,150.000000'
ptd-server 2023-03-03 05:31:25,104 [INFO] Initial range for Amps is Auto for Volts is Auto
ptd-server 2023-03-03 05:31:25,104 [INFO] Sending to ptd: 'SR,V,Auto'
ptd-server 2023-03-03 05:31:25,609 [INFO] Reply from ptd: 'Range V changed'
ptd-server 2023-03-03 05:31:25,609 [INFO] Sending to ptd: 'SR,A,Auto'
ptd-server 2023-03-03 05:31:26,112 [INFO] Reply from ptd: 'Range A changed'
ptd-server 2023-03-03 05:31:36,123 [INFO] Starting ranging mode
ptd-server 2023-03-03 05:31:36,123 [INFO] Sending to ptd: 'Go,1000,0,2023-03-03_05-31-07_ranging'
ptd-server 2023-03-03 05:31:36,124 [INFO] Reply from ptd: 'Starting untimed measurement, maximum 500000 samples at 1000ms with 0 rampup samples'
ptd-server 2023-03-03 05:31:36,124 [INFO] Sending reply to client 'OK'
ptd-server 2023-03-03 05:45:24,723 [INFO] Got command from the client 'session,2023-03-03_05-31-07,stop,ranging'
ptd-server 2023-03-03 05:45:34,734 [INFO] Sending to ptd: 'Stop'
ptd-server 2023-03-03 05:45:34,735 [INFO] Reply from ptd: 'Stopping untimed measurement'
ptd-server 2023-03-03 05:45:34,821 [INFO] Sending reply to client 'OK'
ptd-server 2023-03-03 05:45:34,929 [INFO] Got command from the client 'time'
ptd-server 2023-03-03 05:45:34,930 [INFO] Sending reply to client '1677843934.9301915'
ptd-server 2023-03-03 05:45:34,931 [INFO] Got command from the client 'session,2023-03-03_05-31-07,start,testing'
ptd-server 2023-03-03 05:45:34,931 [INFO] Sending to ptd: 'SR,V,119.700000'
ptd-server 2023-03-03 05:45:36,626 [INFO] Reply from ptd: 'Range V changed'
ptd-server 2023-03-03 05:45:36,626 [INFO] Sending to ptd: 'SR,A,4.840300'
ptd-server 2023-03-03 05:45:38,128 [INFO] Reply from ptd: 'Range A changed'
ptd-server 2023-03-03 05:45:48,131 [INFO] Starting testing mode
ptd-server 2023-03-03 05:45:48,132 [INFO] Sending to ptd: 'Go,1000,0,2023-03-03_05-31-07_testing'
ptd-server 2023-03-03 05:45:48,132 [INFO] Reply from ptd: 'Starting untimed measurement, maximum 500000 samples at 1000ms with 0 rampup samples'
ptd-server 2023-03-03 05:45:48,133 [INFO] Sending reply to client 'OK'
ptd-server 2023-03-03 05:59:38,161 [INFO] Got command from the client 'session,2023-03-03_05-31-07,stop,testing'
ptd-server 2023-03-03 05:59:48,172 [INFO] Sending to ptd: 'Stop'
ptd-server 2023-03-03 05:59:48,173 [INFO] Reply from ptd: 'Stopping untimed measurement'
ptd-server 2023-03-03 05:59:48,225 [INFO] Sending reply to client 'OK'
ptd-server 2023-03-03 05:59:48,231 [INFO] Got command from the client 'session,2023-03-03_05-31-07,done'
ptd-server 2023-03-03 05:59:48,231 [INFO] Sending to ptd: 'Stop'
ptd-server 2023-03-03 05:59:49,133 [INFO] Reply from ptd: 'Error: no measurement to stop'
ptd-server 2023-03-03 05:59:49,134 [INFO] Sending to ptd: 'SR,V,Auto'
ptd-server 2023-03-03 05:59:49,637 [INFO] Reply from ptd: 'Range V changed'
ptd-server 2023-03-03 05:59:49,637 [INFO] Sending to ptd: 'SR,A,Auto'
ptd-server 2023-03-03 05:59:50,140 [INFO] Reply from ptd: 'Range A changed'
ptd-server 2023-03-03 05:59:50,140 [INFO] Set initial values for Amps Auto and Volts Auto
ptd-server 2023-03-03 05:59:50,140 [INFO] Stopping ptd...
