ptd-server 2023-02-22 21:09:53,027 [INFO] Got command from the client 'stop'
ptd-server 2023-02-22 21:09:53,027 [INFO] The server will be stopped after processing this client
ptd-server 2023-02-22 21:09:53,027 [INFO] Sending reply to client 'OK'
ptd-server 2023-02-22 21:09:53,250 [INFO] Got command from the client 'time'
ptd-server 2023-02-22 21:09:53,250 [INFO] Sending reply to client '1677128993.25078'
ptd-server 2023-02-22 21:09:53,252 [INFO] Got command from the client 'new,,e0f0a964-60ff-4c02-9a40-d0a63a05e305'
ptd-server 2023-02-22 21:09:53,252 [INFO] Sending reply to client 'OK 2023-02-22_21-09-53,a3ecd26c-e089-4860-9b8c-632b88199a27'
ptd-server 2023-02-22 21:09:53,478 [INFO] Got command from the client 'time'
ptd-server 2023-02-22 21:09:53,478 [INFO] Sending reply to client '1677128993.478548'
ptd-server 2023-02-22 21:09:53,479 [INFO] Got command from the client 'session,2023-02-22_21-09-53,start,ranging'
ptd-server 2023-02-22 21:09:53,480 [INFO] Running PTDaemon: ['/usr/bin/ptd-linux-x86', '-l', '/tmp/tmpe2xqkwl6/ptd_logfile.txt', '-p', '8888', '-c', '1,3', '-y', '77', '10.117.41.199']
ptd-server 2023-02-22 21:10:13,268 [INFO] Sending to ptd: 'Hello'
ptd-server 2023-02-22 21:10:13,268 [INFO] Reply from ptd: 'Hello, PTDaemon here!'
ptd-server 2023-02-22 21:10:13,268 [INFO] Sending to ptd: 'Identify'
ptd-server 2023-02-22 21:10:13,269 [INFO] Reply from ptd: 'YokogawaWT330_multichannel,1000,1,1,1,1,0,0,1,version=1.10.0-ed9a21d2-20220817,OS=Linux 5.15.0-60-generic #66~20.04.1-Ubuntu SMP Wed Jan 25 09:41:30 UTC 2023 x86_64,mode=power,1,1,3,0,0,no_cal_date,YOKOGAWA;WT333E;C2WL21011V;F1.04'
ptd-server 2023-02-22 21:10:13,269 [INFO] Connected to PTDaemon
ptd-server 2023-02-22 21:10:13,269 [INFO] Sending to ptd: 'RR'
ptd-server 2023-02-22 21:10:13,269 [INFO] Reply from ptd: 'Ranges,1,2.000000,1,300.000000'
ptd-server 2023-02-22 21:10:13,269 [INFO] Initial range for Amps is Auto for Volts is Auto
ptd-server 2023-02-22 21:10:13,269 [INFO] Sending to ptd: 'SR,V,Auto'
ptd-server 2023-02-22 21:10:18,325 [INFO] Reply from ptd: 'Range V changed'
ptd-server 2023-02-22 21:10:18,326 [INFO] Sending to ptd: 'SR,A,Auto'
ptd-server 2023-02-22 21:10:23,382 [INFO] Reply from ptd: 'Range A changed'
ptd-server 2023-02-22 21:10:33,392 [INFO] Starting ranging mode
ptd-server 2023-02-22 21:10:33,393 [INFO] Sending to ptd: 'Go,1000,0,2023-02-22_21-09-53_ranging'
ptd-server 2023-02-22 21:10:33,393 [INFO] Reply from ptd: 'Starting untimed measurement, maximum 500000 samples at 1000ms with 0 rampup samples'
ptd-server 2023-02-22 21:10:33,393 [INFO] Sending reply to client 'OK'
ptd-server 2023-02-22 21:21:02,705 [INFO] Got command from the client 'session,2023-02-22_21-09-53,stop,ranging'
ptd-server 2023-02-22 21:21:12,715 [INFO] Sending to ptd: 'Stop'
ptd-server 2023-02-22 21:21:12,716 [INFO] Reply from ptd: 'Stopping untimed measurement'
ptd-server 2023-02-22 21:21:12,742 [INFO] Sending reply to client 'OK'
ptd-server 2023-02-22 21:21:12,997 [INFO] Got command from the client 'time'
ptd-server 2023-02-22 21:21:12,998 [INFO] Sending reply to client '1677129672.9979718'
ptd-server 2023-02-22 21:21:12,999 [INFO] Got command from the client 'session,2023-02-22_21-09-53,start,testing'
ptd-server 2023-02-22 21:21:12,999 [INFO] Sending to ptd: 'SR,V,206.100000'
ptd-server 2023-02-22 21:21:19,449 [INFO] Reply from ptd: 'Range V changed'
ptd-server 2023-02-22 21:21:19,449 [INFO] Sending to ptd: 'SR,A,3.711300'
ptd-server 2023-02-22 21:21:25,005 [INFO] Reply from ptd: 'Range A changed'
ptd-server 2023-02-22 21:21:35,015 [INFO] Starting testing mode
ptd-server 2023-02-22 21:21:35,015 [INFO] Sending to ptd: 'Go,1000,0,2023-02-22_21-09-53_testing'
ptd-server 2023-02-22 21:21:35,016 [INFO] Reply from ptd: 'Starting untimed measurement, maximum 500000 samples at 1000ms with 0 rampup samples'
ptd-server 2023-02-22 21:21:35,016 [INFO] Sending reply to client 'OK'
ptd-server 2023-02-22 21:32:04,734 [INFO] Got command from the client 'session,2023-02-22_21-09-53,stop,testing'
ptd-server 2023-02-22 21:32:14,745 [INFO] Sending to ptd: 'Stop'
ptd-server 2023-02-22 21:32:14,745 [INFO] Reply from ptd: 'Stopping untimed measurement'
ptd-server 2023-02-22 21:32:14,750 [INFO] Sending reply to client 'OK'
ptd-server 2023-02-22 21:32:14,820 [INFO] Got command from the client 'session,2023-02-22_21-09-53,done'
ptd-server 2023-02-22 21:32:14,820 [INFO] Sending to ptd: 'Stop'
ptd-server 2023-02-22 21:32:15,016 [INFO] Reply from ptd: 'Error: no measurement to stop'
ptd-server 2023-02-22 21:32:15,016 [INFO] Sending to ptd: 'SR,V,Auto'
ptd-server 2023-02-22 21:32:20,072 [INFO] Reply from ptd: 'Range V changed'
ptd-server 2023-02-22 21:32:20,073 [INFO] Sending to ptd: 'SR,A,Auto'
ptd-server 2023-02-22 21:32:25,129 [INFO] Reply from ptd: 'Range A changed'
ptd-server 2023-02-22 21:32:25,129 [INFO] Set initial values for Amps Auto and Volts Auto
ptd-server 2023-02-22 21:32:25,129 [INFO] Stopping ptd...
