client 2023-02-27 13:59:13,159 [INFO] Creating output directory '/home/arjun/mobilenet_results/valid_results/arjun_orin-tflite_armnn_cpp-cpu-armnn_tflite-v22.11-using_neon/mobilenet-v2-precision_uint8-0.5-224/singlestream/performance/tmp_power'
client 2023-02-27 13:59:13,308 [INFO] Sending command to the server: 'mlcommons/power client v3'
client 2023-02-27 13:59:13,311 [INFO] Got response: 'mlcommons/power server v3'
client 2023-02-27 13:59:13,311 [INFO] Synchronizing with the server and with time.google.com...
client 2023-02-27 13:59:13,343 [INFO] NTP:offset = -0.001 s, delay = 0.012 s 
client 2023-02-27 13:59:13,344 [INFO] Sending command to the server: 'time'
client 2023-02-27 13:59:13,347 [INFO] Got response: '1677506353.3461046'
client 2023-02-27 13:59:13,347 [INFO] The time difference between the client and the server is within range -2.120 ms..1.423 ms
client 2023-02-27 13:59:13,347 [INFO] Sending command to the server: 'new,,68b86e92-b25b-4b36-8fe8-8e0b6e06279f'
client 2023-02-27 13:59:13,352 [INFO] Got response: 'OK 2023-02-27_13-59-13,e5b2d2ff-f7a0-4851-a0d3-678fed94a420'
client 2023-02-27 13:59:13,353 [INFO] Session id is '2023-02-27_13-59-13'
client 2023-02-27 13:59:13,353 [INFO] Sources: {"sources": {"__init__.py": "da39a3ee5e6b4b0d3255bfef95601890afd80709", "client.py": "33ca4f26368777ac06e01f9567b714a4b8063886", "lib/__init__.py": "da39a3ee5e6b4b0d3255bfef95601890afd80709", "lib/client.py": "4c2b78fb4849a7e5b584ef792d82aaed20b17f57", "lib/common.py": "624d0c0acc7c39aaff3674f0b99d6a09da53d1dc", "lib/external/__init__.py": "da39a3ee5e6b4b0d3255bfef95601890afd80709", "lib/external/ntplib.py": "4da8f970656505a40483206ef2b5d3dd5e81711d", "lib/server.py": "cda0cdfaee9bfa1249c64a7dd4f89b7bf1b279f0", "lib/source_hashes.py": "60a2e02193209e8d392803326208d5466342da18", "lib/summary.py": "aa92f0a3f975eecd44d3c0cd0236342ccc9f941d", "lib/time_sync.py": "3210db56eb0ff0df57bf4293dc4d4b03fffd46f1", "server.py": "c3f90f2f7eeb4db30727556d0c815ebc89b3d28b", "tests/unit/__init__.py": "da39a3ee5e6b4b0d3255bfef95601890afd80709", "tests/unit/test_server.py": "99ae15aef722f2000ee6ed1ae1523637bf1ae42b", "tests/unit/test_source_hashes.py": "00468a2907583c593e6574a1f6b404e4651c221a"}, "modules": {"ptd_client_server.lib.client": "lib/client.py", "ptd_client_server.lib.common": "lib/common.py", "ptd_client_server.lib.external.ntplib": "lib/external/ntplib.py", "ptd_client_server.lib.source_hashes": "lib/source_hashes.py", "ptd_client_server.lib.summary": "lib/summary.py", "ptd_client_server.lib.time_sync": "lib/time_sync.py"}}
client 2023-02-27 13:59:13,354 [INFO] Running workload in ranging mode
client 2023-02-27 13:59:13,354 [INFO] Synchronizing with the server and with time.google.com...
client 2023-02-27 13:59:13,370 [INFO] NTP:offset = -0.000 s, delay = 0.013 s 
client 2023-02-27 13:59:13,370 [INFO] Sending command to the server: 'time'
client 2023-02-27 13:59:13,373 [INFO] Got response: '1677506353.371999'
client 2023-02-27 13:59:13,373 [INFO] The time difference between the client and the server is within range -1.757 ms..1.909 ms
client 2023-02-27 13:59:13,374 [INFO] Sending command to the server: 'session,2023-02-27_13-59-13,start,ranging'
client 2023-02-27 13:59:41,505 [INFO] Got response: 'OK'
client 2023-02-27 13:59:41,506 [INFO] Running the workload '/home/arjun/run.out'
client 2023-02-27 14:14:56,954 [INFO] Sending command to the server: 'session,2023-02-27_13-59-13,stop,ranging'
client 2023-02-27 14:15:07,497 [INFO] Got response: 'OK'
client 2023-02-27 14:15:07,508 [INFO] Copying loadgen logs from '/home/arjun/mobilenet_results/valid_results/arjun_orin-tflite_armnn_cpp-cpu-armnn_tflite-v22.11-using_neon/mobilenet-v2-precision_uint8-0.5-224/singlestream/performance/run_1' to '/home/arjun/mobilenet_results/valid_results/arjun_orin-tflite_armnn_cpp-cpu-armnn_tflite-v22.11-using_neon/mobilenet-v2-precision_uint8-0.5-224/singlestream/performance/tmp_power/ranging'
client 2023-02-27 14:15:07,510 [INFO] Running workload in testing mode
client 2023-02-27 14:15:07,510 [INFO] Synchronizing with the server and with time.google.com...
client 2023-02-27 14:15:07,529 [INFO] NTP:offset = -0.001 s, delay = 0.016 s 
client 2023-02-27 14:15:07,529 [INFO] Sending command to the server: 'time'
client 2023-02-27 14:15:07,532 [INFO] Got response: '1677507307.5321958'
client 2023-02-27 14:15:07,532 [INFO] The time difference between the client and the server is within range -2.944 ms..0.336 ms
client 2023-02-27 14:15:07,532 [INFO] Sending command to the server: 'session,2023-02-27_13-59-13,start,testing'
client 2023-02-27 14:15:20,555 [INFO] Got response: 'OK'
client 2023-02-27 14:15:20,555 [INFO] Running the workload '/home/arjun/run.out'
client 2023-02-27 14:30:35,999 [INFO] Sending command to the server: 'session,2023-02-27_13-59-13,stop,testing'
client 2023-02-27 14:30:46,214 [INFO] Got response: 'OK'
client 2023-02-27 14:30:46,216 [INFO] Copying loadgen logs from '/home/arjun/mobilenet_results/valid_results/arjun_orin-tflite_armnn_cpp-cpu-armnn_tflite-v22.11-using_neon/mobilenet-v2-precision_uint8-0.5-224/singlestream/performance/run_1' to '/home/arjun/mobilenet_results/valid_results/arjun_orin-tflite_armnn_cpp-cpu-armnn_tflite-v22.11-using_neon/mobilenet-v2-precision_uint8-0.5-224/singlestream/performance/tmp_power/run_1'
client 2023-02-27 14:30:46,217 [INFO] Done runs
