ptd-server 2023-02-24 12:16:13,866 [INFO] Got command from the client 'time'
ptd-server 2023-02-24 12:16:13,866 [INFO] Sending reply to client '1677240973.8664877'
ptd-server 2023-02-24 12:16:13,869 [INFO] Got command from the client 'new,,257f7c86-50ac-4c02-8100-239a94280c00'
ptd-server 2023-02-24 12:16:13,870 [INFO] Sending reply to client 'OK 2023-02-24_12-16-13,4a1b512b-9ee9-46ce-8391-0fd96bba1bab'
ptd-server 2023-02-24 12:16:13,895 [INFO] Got command from the client 'time'
ptd-server 2023-02-24 12:16:13,896 [INFO] Sending reply to client '1677240973.8961499'
ptd-server 2023-02-24 12:16:13,900 [INFO] Got command from the client 'session,2023-02-24_12-16-13,start,ranging'
ptd-server 2023-02-24 12:16:13,901 [INFO] Running PTDaemon: ['/media/arjun/T7_Touch/hp-envy/CM/repos/local/cache/9b3695ca8255492a/power/inference_v1.0/ptd-linux-x86', '-l', '/tmp/tmpti64566v/ptd_logfile.txt', '-p', '8888', '49', '/dev/usbtmc0']
ptd-server 2023-02-24 12:16:30,999 [INFO] Sending to ptd: 'Hello'
ptd-server 2023-02-24 12:16:30,999 [INFO] Reply from ptd: 'Hello, PTDaemon here!'
ptd-server 2023-02-24 12:16:31,000 [INFO] Sending to ptd: 'Identify'
ptd-server 2023-02-24 12:16:31,001 [INFO] Reply from ptd: 'YokogawaWT310E,1000,1,1,1,1,0,1,1,version=1.10.0-ed9a21d2-20220817,OS=Linux 5.15.0-56-generic #62-Ubuntu SMP Tue Nov 22 19:54:14 UTC 2022 x86_64,mode=power,1,1,1,0,0,no_cal_date,YOKOGAWA;WT310E;C3YD21068E;F1.04'
ptd-server 2023-02-24 12:16:31,001 [INFO] Connected to PTDaemon
ptd-server 2023-02-24 12:16:31,001 [INFO] Sending to ptd: 'RR'
ptd-server 2023-02-24 12:16:31,002 [INFO] Reply from ptd: 'Ranges,0,0.100000,0,600.000000'
ptd-server 2023-02-24 12:16:31,002 [INFO] Initial range for Amps is 0.100000 for Volts is 600.000000
ptd-server 2023-02-24 12:16:31,002 [INFO] Sending to ptd: 'SR,V,Auto'
ptd-server 2023-02-24 12:16:31,506 [INFO] Reply from ptd: 'Range V changed'
ptd-server 2023-02-24 12:16:31,506 [INFO] Sending to ptd: 'SR,A,Auto'
ptd-server 2023-02-24 12:16:32,010 [INFO] Reply from ptd: 'Range A changed'
ptd-server 2023-02-24 12:16:42,017 [INFO] Starting ranging mode
ptd-server 2023-02-24 12:16:42,018 [INFO] Sending to ptd: 'Go,1000,0,2023-02-24_12-16-13_ranging'
ptd-server 2023-02-24 12:16:42,018 [INFO] Reply from ptd: 'Starting untimed measurement, maximum 500000 samples at 1000ms with 0 rampup samples'
ptd-server 2023-02-24 12:16:42,018 [INFO] Sending reply to client 'OK'
ptd-server 2023-02-24 12:26:50,787 [INFO] Got command from the client 'session,2023-02-24_12-16-13,stop,ranging'
ptd-server 2023-02-24 12:27:00,798 [INFO] Sending to ptd: 'Stop'
ptd-server 2023-02-24 12:27:00,799 [INFO] Reply from ptd: 'Stopping untimed measurement'
ptd-server 2023-02-24 12:27:00,929 [INFO] Sending reply to client 'OK'
ptd-server 2023-02-24 12:27:00,979 [INFO] Got command from the client 'time'
ptd-server 2023-02-24 12:27:00,979 [INFO] Sending reply to client '1677241620.9795272'
ptd-server 2023-02-24 12:27:00,984 [INFO] Got command from the client 'session,2023-02-24_12-16-13,start,testing'
ptd-server 2023-02-24 12:27:00,985 [INFO] Sending to ptd: 'SR,V,245.270000'
ptd-server 2023-02-24 12:27:02,521 [INFO] Reply from ptd: 'Range V changed'
ptd-server 2023-02-24 12:27:02,521 [INFO] Sending to ptd: 'SR,A,0.243020'
ptd-server 2023-02-24 12:27:04,024 [INFO] Reply from ptd: 'Range A changed'
ptd-server 2023-02-24 12:27:14,035 [INFO] Starting testing mode
ptd-server 2023-02-24 12:27:14,035 [INFO] Sending to ptd: 'Go,1000,0,2023-02-24_12-16-13_testing'
ptd-server 2023-02-24 12:27:14,035 [INFO] Reply from ptd: 'Starting untimed measurement, maximum 500000 samples at 1000ms with 0 rampup samples'
ptd-server 2023-02-24 12:27:14,036 [INFO] Sending reply to client 'OK'
ptd-server 2023-02-24 12:37:16,454 [INFO] Got command from the client 'session,2023-02-24_12-16-13,stop,testing'
ptd-server 2023-02-24 12:37:26,465 [INFO] Sending to ptd: 'Stop'
ptd-server 2023-02-24 12:37:26,466 [INFO] Reply from ptd: 'Stopping untimed measurement'
ptd-server 2023-02-24 12:37:26,516 [INFO] Sending reply to client 'OK'
ptd-server 2023-02-24 12:37:26,533 [INFO] Got command from the client 'session,2023-02-24_12-16-13,done'
ptd-server 2023-02-24 12:37:26,533 [INFO] Sending to ptd: 'Stop'
ptd-server 2023-02-24 12:37:27,036 [INFO] Reply from ptd: 'Error: no measurement to stop'
ptd-server 2023-02-24 12:37:27,037 [INFO] Sending to ptd: 'SR,V,600.000000'
ptd-server 2023-02-24 12:37:28,539 [INFO] Reply from ptd: 'Range V changed'
ptd-server 2023-02-24 12:37:28,540 [INFO] Sending to ptd: 'SR,A,0.100000'
ptd-server 2023-02-24 12:37:30,043 [INFO] Reply from ptd: 'Range A changed'
ptd-server 2023-02-24 12:37:30,043 [INFO] Set initial values for Amps 0.100000 and Volts 600.000000
ptd-server 2023-02-24 12:37:30,044 [INFO] Stopping ptd...
