ptd-server 2023-02-22 13:15:53,526 [INFO] Got command from the client 'time'
ptd-server 2023-02-22 13:15:53,526 [INFO] Sending reply to client '1677071753.526534'
ptd-server 2023-02-22 13:15:53,533 [INFO] Got command from the client 'new,,47bfe761-7741-4bf4-bb8b-69c41cfeae07'
ptd-server 2023-02-22 13:15:53,536 [INFO] Sending reply to client 'OK 2023-02-22_13-15-53,e05a6dd7-026f-4b53-8592-19ddb9f6d8e7'
ptd-server 2023-02-22 13:15:53,559 [INFO] Got command from the client 'time'
ptd-server 2023-02-22 13:15:53,559 [INFO] Sending reply to client '1677071753.5597222'
ptd-server 2023-02-22 13:15:53,563 [INFO] Got command from the client 'session,2023-02-22_13-15-53,start,ranging'
ptd-server 2023-02-22 13:15:53,564 [INFO] Running PTDaemon: ['/media/arjun/T7_Touch/hp-envy/CM/repos/local/cache/9b3695ca8255492a/power/inference_v1.0/ptd-linux-x86', '-l', '/tmp/tmp4rr_3znp/ptd_logfile.txt', '-p', '8888', '49', '/dev/usbtmc0']
ptd-server 2023-02-22 13:16:10,659 [INFO] Sending to ptd: 'Hello'
ptd-server 2023-02-22 13:16:10,660 [INFO] Reply from ptd: 'Hello, PTDaemon here!'
ptd-server 2023-02-22 13:16:10,660 [INFO] Sending to ptd: 'Identify'
ptd-server 2023-02-22 13:16:10,661 [INFO] Reply from ptd: 'YokogawaWT310E,1000,1,1,1,1,0,1,1,version=1.10.0-ed9a21d2-20220817,OS=Linux 5.15.0-56-generic #62-Ubuntu SMP Tue Nov 22 19:54:14 UTC 2022 x86_64,mode=power,1,1,1,0,0,no_cal_date,YOKOGAWA;WT310E;C3YD21068E;F1.04'
ptd-server 2023-02-22 13:16:10,662 [INFO] Connected to PTDaemon
ptd-server 2023-02-22 13:16:10,662 [INFO] Sending to ptd: 'RR'
ptd-server 2023-02-22 13:16:10,663 [INFO] Reply from ptd: 'Ranges,0,0.100000,0,600.000000'
ptd-server 2023-02-22 13:16:10,663 [INFO] Initial range for Amps is 0.100000 for Volts is 600.000000
ptd-server 2023-02-22 13:16:10,663 [INFO] Sending to ptd: 'SR,V,Auto'
ptd-server 2023-02-22 13:16:11,167 [INFO] Reply from ptd: 'Range V changed'
ptd-server 2023-02-22 13:16:11,168 [INFO] Sending to ptd: 'SR,A,Auto'
ptd-server 2023-02-22 13:16:11,671 [INFO] Reply from ptd: 'Range A changed'
ptd-server 2023-02-22 13:16:21,682 [INFO] Starting ranging mode
ptd-server 2023-02-22 13:16:21,683 [INFO] Sending to ptd: 'Go,1000,0,2023-02-22_13-15-53_ranging'
ptd-server 2023-02-22 13:16:21,684 [INFO] Reply from ptd: 'Starting untimed measurement, maximum 500000 samples at 1000ms with 0 rampup samples'
ptd-server 2023-02-22 13:16:21,684 [INFO] Sending reply to client 'OK'
ptd-server 2023-02-22 13:27:47,819 [INFO] Got command from the client 'session,2023-02-22_13-15-53,stop,ranging'
ptd-server 2023-02-22 13:27:57,830 [INFO] Sending to ptd: 'Stop'
ptd-server 2023-02-22 13:27:57,831 [INFO] Reply from ptd: 'Stopping untimed measurement'
ptd-server 2023-02-22 13:27:57,901 [INFO] Sending reply to client 'OK'
ptd-server 2023-02-22 13:27:57,962 [INFO] Got command from the client 'time'
ptd-server 2023-02-22 13:27:57,962 [INFO] Sending reply to client '1677072477.9627566'
ptd-server 2023-02-22 13:27:57,967 [INFO] Got command from the client 'session,2023-02-22_13-15-53,start,testing'
ptd-server 2023-02-22 13:27:57,967 [INFO] Sending to ptd: 'SR,V,247.310000'
ptd-server 2023-02-22 13:28:00,187 [INFO] Reply from ptd: 'Range V changed'
ptd-server 2023-02-22 13:28:00,187 [INFO] Sending to ptd: 'SR,A,0.363100'
ptd-server 2023-02-22 13:28:01,690 [INFO] Reply from ptd: 'Range A changed'
ptd-server 2023-02-22 13:28:11,701 [INFO] Starting testing mode
ptd-server 2023-02-22 13:28:11,701 [INFO] Sending to ptd: 'Go,1000,0,2023-02-22_13-15-53_testing'
ptd-server 2023-02-22 13:28:11,702 [INFO] Reply from ptd: 'Starting untimed measurement, maximum 500000 samples at 1000ms with 0 rampup samples'
ptd-server 2023-02-22 13:28:11,702 [INFO] Sending reply to client 'OK'
ptd-server 2023-02-22 13:39:42,261 [INFO] Got command from the client 'session,2023-02-22_13-15-53,stop,testing'
ptd-server 2023-02-22 13:39:52,272 [INFO] Sending to ptd: 'Stop'
ptd-server 2023-02-22 13:39:52,273 [INFO] Reply from ptd: 'Stopping untimed measurement'
ptd-server 2023-02-22 13:39:52,307 [INFO] Sending reply to client 'OK'
ptd-server 2023-02-22 13:39:52,324 [INFO] Got command from the client 'session,2023-02-22_13-15-53,done'
ptd-server 2023-02-22 13:39:52,324 [INFO] Sending to ptd: 'Stop'
ptd-server 2023-02-22 13:39:52,704 [INFO] Reply from ptd: 'Error: no measurement to stop'
ptd-server 2023-02-22 13:39:52,704 [INFO] Sending to ptd: 'SR,V,600.000000'
ptd-server 2023-02-22 13:39:54,207 [INFO] Reply from ptd: 'Range V changed'
ptd-server 2023-02-22 13:39:54,207 [INFO] Sending to ptd: 'SR,A,0.100000'
ptd-server 2023-02-22 13:39:55,710 [INFO] Reply from ptd: 'Range A changed'
ptd-server 2023-02-22 13:39:55,710 [INFO] Set initial values for Amps 0.100000 and Volts 600.000000
ptd-server 2023-02-22 13:39:55,711 [INFO] Stopping ptd...
