ptd-server 2023-02-25 17:04:51,790 [INFO] Got command from the client 'time'
ptd-server 2023-02-25 17:04:51,791 [INFO] Sending reply to client '1677344691.7911432'
ptd-server 2023-02-25 17:04:51,792 [INFO] Got command from the client 'new,,99f14c3a-c88b-49be-bbee-383e5a9ba37a'
ptd-server 2023-02-25 17:04:51,793 [INFO] Sending reply to client 'OK 2023-02-25_17-04-51,a7157502-29a2-482b-b304-e896592b9e8b'
ptd-server 2023-02-25 17:04:51,870 [INFO] Got command from the client 'time'
ptd-server 2023-02-25 17:04:51,870 [INFO] Sending reply to client '1677344691.8702052'
ptd-server 2023-02-25 17:04:51,871 [INFO] Got command from the client 'session,2023-02-25_17-04-51,start,ranging'
ptd-server 2023-02-25 17:04:51,872 [INFO] Running PTDaemon: ['/home/anton/projects/mlperf/power/inference_v1.0/ptd-linux-x86', '-l', '/tmp/tmpu4v721n6/ptd_logfile.txt', '-p', '8888', '49', '/dev/usbtmc0']
ptd-server 2023-02-25 17:05:08,959 [INFO] Sending to ptd: 'Hello'
ptd-server 2023-02-25 17:05:08,960 [INFO] Reply from ptd: 'Hello, PTDaemon here!'
ptd-server 2023-02-25 17:05:08,960 [INFO] Sending to ptd: 'Identify'
ptd-server 2023-02-25 17:05:08,960 [INFO] Reply from ptd: 'YokogawaWT310E,1000,1,1,1,1,0,1,1,version=1.10.0-ed9a21d2-20220817,OS=Linux 5.15.0-60-generic #66~20.04.1-Ubuntu SMP Wed Jan 25 09:41:30 UTC 2023 x86_64,mode=power,1,1,1,0,0,no_cal_date,YOKOGAWA;WT310E;C3XA04010E;F1.04'
ptd-server 2023-02-25 17:05:08,960 [INFO] Connected to PTDaemon
ptd-server 2023-02-25 17:05:08,960 [INFO] Sending to ptd: 'RR'
ptd-server 2023-02-25 17:05:08,961 [INFO] Reply from ptd: 'Ranges,0,0.100000,0,300.000000'
ptd-server 2023-02-25 17:05:08,961 [INFO] Initial range for Amps is 0.100000 for Volts is 300.000000
ptd-server 2023-02-25 17:05:08,961 [INFO] Sending to ptd: 'SR,V,Auto'
ptd-server 2023-02-25 17:05:09,463 [INFO] Reply from ptd: 'Range V changed'
ptd-server 2023-02-25 17:05:09,464 [INFO] Sending to ptd: 'SR,A,Auto'
ptd-server 2023-02-25 17:05:09,966 [INFO] Reply from ptd: 'Range A changed'
ptd-server 2023-02-25 17:05:19,968 [INFO] Starting ranging mode
ptd-server 2023-02-25 17:05:19,969 [INFO] Sending to ptd: 'Go,1000,0,2023-02-25_17-04-51_ranging'
ptd-server 2023-02-25 17:05:19,969 [INFO] Reply from ptd: 'Starting untimed measurement, maximum 500000 samples at 1000ms with 0 rampup samples'
ptd-server 2023-02-25 17:05:19,969 [INFO] Sending reply to client 'OK'
ptd-server 2023-02-25 17:15:34,991 [INFO] Got command from the client 'session,2023-02-25_17-04-51,stop,ranging'
ptd-server 2023-02-25 17:15:45,002 [INFO] Sending to ptd: 'Stop'
ptd-server 2023-02-25 17:15:45,002 [INFO] Reply from ptd: 'Stopping untimed measurement'
ptd-server 2023-02-25 17:15:45,128 [INFO] Sending reply to client 'OK'
ptd-server 2023-02-25 17:15:45,176 [INFO] Got command from the client 'time'
ptd-server 2023-02-25 17:15:45,176 [INFO] Sending reply to client '1677345345.176354'
ptd-server 2023-02-25 17:15:45,178 [INFO] Got command from the client 'session,2023-02-25_17-04-51,start,testing'
ptd-server 2023-02-25 17:15:45,179 [INFO] Sending to ptd: 'SR,V,250.910000'
ptd-server 2023-02-25 17:15:47,470 [INFO] Reply from ptd: 'Range V changed'
ptd-server 2023-02-25 17:15:47,470 [INFO] Sending to ptd: 'SR,A,0.044940'
ptd-server 2023-02-25 17:15:48,972 [INFO] Reply from ptd: 'Range A changed'
ptd-server 2023-02-25 17:15:58,982 [INFO] Starting testing mode
ptd-server 2023-02-25 17:15:58,982 [INFO] Sending to ptd: 'Go,1000,0,2023-02-25_17-04-51_testing'
ptd-server 2023-02-25 17:15:58,983 [INFO] Reply from ptd: 'Starting untimed measurement, maximum 500000 samples at 1000ms with 0 rampup samples'
ptd-server 2023-02-25 17:15:58,983 [INFO] Sending reply to client 'OK'
ptd-server 2023-02-25 17:26:14,139 [INFO] Got command from the client 'session,2023-02-25_17-04-51,stop,testing'
ptd-server 2023-02-25 17:26:24,149 [INFO] Sending to ptd: 'Stop'
ptd-server 2023-02-25 17:26:24,149 [INFO] Reply from ptd: 'Stopping untimed measurement'
ptd-server 2023-02-25 17:26:24,212 [INFO] Sending reply to client 'OK'
ptd-server 2023-02-25 17:26:24,234 [INFO] Got command from the client 'session,2023-02-25_17-04-51,done'
ptd-server 2023-02-25 17:26:24,235 [INFO] Sending to ptd: 'Stop'
ptd-server 2023-02-25 17:26:24,984 [INFO] Reply from ptd: 'Error: no measurement to stop'
ptd-server 2023-02-25 17:26:24,984 [INFO] Sending to ptd: 'SR,V,300.000000'
ptd-server 2023-02-25 17:26:26,485 [INFO] Reply from ptd: 'Range V changed'
ptd-server 2023-02-25 17:26:26,485 [INFO] Sending to ptd: 'SR,A,0.100000'
ptd-server 2023-02-25 17:26:27,987 [INFO] Reply from ptd: 'Range A changed'
ptd-server 2023-02-25 17:26:27,987 [INFO] Set initial values for Amps 0.100000 and Volts 300.000000
ptd-server 2023-02-25 17:26:27,987 [INFO] Stopping ptd...
