client 2023-02-26 03:28:55,770 [INFO] Creating output directory '/home/arjun/mobilenet_results/valid_results/arjun_orin-tflite_armnn_cpp-cpu-armnn_tflite-v22.11-using_neon/mobilenet-v3-precision_uint8-small-224/singlestream/performance/tmp_power'
client 2023-02-26 03:28:55,772 [INFO] Sending command to the server: 'mlcommons/power client v3'
client 2023-02-26 03:28:55,777 [INFO] Got response: 'mlcommons/power server v3'
client 2023-02-26 03:28:55,777 [INFO] Synchronizing with the server and with time.google.com...
client 2023-02-26 03:28:55,799 [INFO] NTP:offset = 0.000 s, delay = 0.016 s 
client 2023-02-26 03:28:55,799 [INFO] Sending command to the server: 'time'
client 2023-02-26 03:28:55,803 [INFO] Got response: '1677382135.8025987'
client 2023-02-26 03:28:55,803 [INFO] The time difference between the client and the server is within range -2.936 ms..0.494 ms
client 2023-02-26 03:28:55,803 [INFO] Sending command to the server: 'new,,c6d5bd34-50f4-460b-8c91-441a2275967d'
client 2023-02-26 03:28:55,807 [INFO] Got response: 'OK 2023-02-26_03-28-55,26a40a82-3ef5-46b9-a1f4-8f505e23be2f'
client 2023-02-26 03:28:55,807 [INFO] Session id is '2023-02-26_03-28-55'
client 2023-02-26 03:28:55,807 [INFO] Sources: {"sources": {"__init__.py": "da39a3ee5e6b4b0d3255bfef95601890afd80709", "client.py": "33ca4f26368777ac06e01f9567b714a4b8063886", "lib/__init__.py": "da39a3ee5e6b4b0d3255bfef95601890afd80709", "lib/client.py": "4c2b78fb4849a7e5b584ef792d82aaed20b17f57", "lib/common.py": "624d0c0acc7c39aaff3674f0b99d6a09da53d1dc", "lib/external/__init__.py": "da39a3ee5e6b4b0d3255bfef95601890afd80709", "lib/external/ntplib.py": "4da8f970656505a40483206ef2b5d3dd5e81711d", "lib/server.py": "cda0cdfaee9bfa1249c64a7dd4f89b7bf1b279f0", "lib/source_hashes.py": "60a2e02193209e8d392803326208d5466342da18", "lib/summary.py": "aa92f0a3f975eecd44d3c0cd0236342ccc9f941d", "lib/time_sync.py": "3210db56eb0ff0df57bf4293dc4d4b03fffd46f1", "server.py": "c3f90f2f7eeb4db30727556d0c815ebc89b3d28b", "tests/unit/__init__.py": "da39a3ee5e6b4b0d3255bfef95601890afd80709", "tests/unit/test_server.py": "99ae15aef722f2000ee6ed1ae1523637bf1ae42b", "tests/unit/test_source_hashes.py": "00468a2907583c593e6574a1f6b404e4651c221a"}, "modules": {"ptd_client_server.lib.client": "lib/client.py", "ptd_client_server.lib.common": "lib/common.py", "ptd_client_server.lib.external.ntplib": "lib/external/ntplib.py", "ptd_client_server.lib.source_hashes": "lib/source_hashes.py", "ptd_client_server.lib.summary": "lib/summary.py", "ptd_client_server.lib.time_sync": "lib/time_sync.py"}}
client 2023-02-26 03:28:55,807 [INFO] Running workload in ranging mode
client 2023-02-26 03:28:55,807 [INFO] Synchronizing with the server and with time.google.com...
client 2023-02-26 03:28:55,825 [INFO] NTP:offset = 0.000 s, delay = 0.017 s 
client 2023-02-26 03:28:55,825 [INFO] Sending command to the server: 'time'
client 2023-02-26 03:28:55,829 [INFO] Got response: '1677382135.8285987'
client 2023-02-26 03:28:55,829 [INFO] The time difference between the client and the server is within range -2.824 ms..0.513 ms
client 2023-02-26 03:28:55,829 [INFO] Sending command to the server: 'session,2023-02-26_03-28-55,start,ranging'
client 2023-02-26 03:29:23,961 [INFO] Got response: 'OK'
client 2023-02-26 03:29:23,962 [INFO] Running the workload '/home/arjun/run.out'
client 2023-02-26 03:39:44,022 [INFO] Sending command to the server: 'session,2023-02-26_03-28-55,stop,ranging'
client 2023-02-26 03:39:54,326 [INFO] Got response: 'OK'
client 2023-02-26 03:39:54,352 [INFO] Copying loadgen logs from '/home/arjun/mobilenet_results/valid_results/arjun_orin-tflite_armnn_cpp-cpu-armnn_tflite-v22.11-using_neon/mobilenet-v3-precision_uint8-small-224/singlestream/performance/run_1' to '/home/arjun/mobilenet_results/valid_results/arjun_orin-tflite_armnn_cpp-cpu-armnn_tflite-v22.11-using_neon/mobilenet-v3-precision_uint8-small-224/singlestream/performance/tmp_power/ranging'
client 2023-02-26 03:39:54,354 [INFO] Running workload in testing mode
client 2023-02-26 03:39:54,355 [INFO] Synchronizing with the server and with time.google.com...
client 2023-02-26 03:39:54,376 [INFO] NTP:offset = -0.001 s, delay = 0.017 s 
client 2023-02-26 03:39:54,376 [INFO] Sending command to the server: 'time'
client 2023-02-26 03:39:54,379 [INFO] Got response: '1677382794.378686'
client 2023-02-26 03:39:54,380 [INFO] The time difference between the client and the server is within range -2.062 ms..1.284 ms
client 2023-02-26 03:39:54,380 [INFO] Sending command to the server: 'session,2023-02-26_03-28-55,start,testing'
client 2023-02-26 03:40:07,980 [INFO] Got response: 'OK'
client 2023-02-26 03:40:07,981 [INFO] Running the workload '/home/arjun/run.out'
client 2023-02-26 03:50:27,602 [INFO] Sending command to the server: 'session,2023-02-26_03-28-55,stop,testing'
client 2023-02-26 03:50:37,963 [INFO] Got response: 'OK'
client 2023-02-26 03:50:37,968 [INFO] Copying loadgen logs from '/home/arjun/mobilenet_results/valid_results/arjun_orin-tflite_armnn_cpp-cpu-armnn_tflite-v22.11-using_neon/mobilenet-v3-precision_uint8-small-224/singlestream/performance/run_1' to '/home/arjun/mobilenet_results/valid_results/arjun_orin-tflite_armnn_cpp-cpu-armnn_tflite-v22.11-using_neon/mobilenet-v3-precision_uint8-small-224/singlestream/performance/tmp_power/run_1'
client 2023-02-26 03:50:37,970 [INFO] Done runs
