ptd-server 2023-03-01 13:00:01,243 [INFO] Got command from the client 'time'
ptd-server 2023-03-01 13:00:01,243 [INFO] Sending reply to client '1677675601.2431796'
ptd-server 2023-03-01 13:00:01,245 [INFO] Got command from the client 'new,,484396f7-e918-410f-aec9-63a234272c34'
ptd-server 2023-03-01 13:00:01,245 [INFO] Sending reply to client 'OK 2023-03-01_13-00-01,98dc3363-cdf4-48e7-a7f5-24ee5e7952e0'
ptd-server 2023-03-01 13:00:01,272 [INFO] Got command from the client 'time'
ptd-server 2023-03-01 13:00:01,273 [INFO] Sending reply to client '1677675601.273028'
ptd-server 2023-03-01 13:00:01,276 [INFO] Got command from the client 'session,2023-03-01_13-00-01,start,ranging'
ptd-server 2023-03-01 13:00:01,276 [INFO] Running PTDaemon: ['/home/anton/projects/mlperf/power/inference_v1.0/ptd-linux-x86', '-l', '/tmp/tmpu4v721n6/ptd_logfile.txt', '-p', '8888', '49', '/dev/usbtmc0']
ptd-server 2023-03-01 13:00:18,364 [INFO] Sending to ptd: 'Hello'
ptd-server 2023-03-01 13:00:18,364 [INFO] Reply from ptd: 'Hello, PTDaemon here!'
ptd-server 2023-03-01 13:00:18,365 [INFO] Sending to ptd: 'Identify'
ptd-server 2023-03-01 13:00:18,365 [INFO] Reply from ptd: 'YokogawaWT310E,1000,1,1,1,1,0,1,1,version=1.10.0-ed9a21d2-20220817,OS=Linux 5.15.0-60-generic #66~20.04.1-Ubuntu SMP Wed Jan 25 09:41:30 UTC 2023 x86_64,mode=power,1,1,1,0,0,no_cal_date,YOKOGAWA;WT310E;C3XA04010E;F1.04'
ptd-server 2023-03-01 13:00:18,365 [INFO] Connected to PTDaemon
ptd-server 2023-03-01 13:00:18,365 [INFO] Sending to ptd: 'RR'
ptd-server 2023-03-01 13:00:18,365 [INFO] Reply from ptd: 'Ranges,0,0.100000,0,300.000000'
ptd-server 2023-03-01 13:00:18,366 [INFO] Initial range for Amps is 0.100000 for Volts is 300.000000
ptd-server 2023-03-01 13:00:18,366 [INFO] Sending to ptd: 'SR,V,Auto'
ptd-server 2023-03-01 13:00:18,868 [INFO] Reply from ptd: 'Range V changed'
ptd-server 2023-03-01 13:00:18,868 [INFO] Sending to ptd: 'SR,A,Auto'
ptd-server 2023-03-01 13:00:19,371 [INFO] Reply from ptd: 'Range A changed'
ptd-server 2023-03-01 13:00:29,381 [INFO] Starting ranging mode
ptd-server 2023-03-01 13:00:29,381 [INFO] Sending to ptd: 'Go,1000,0,2023-03-01_13-00-01_ranging'
ptd-server 2023-03-01 13:00:29,382 [INFO] Reply from ptd: 'Starting untimed measurement, maximum 500000 samples at 1000ms with 0 rampup samples'
ptd-server 2023-03-01 13:00:29,382 [INFO] Sending reply to client 'OK'
ptd-server 2023-03-01 13:10:53,687 [INFO] Got command from the client 'session,2023-03-01_13-00-01,stop,ranging'
ptd-server 2023-03-01 13:11:03,696 [INFO] Sending to ptd: 'Stop'
ptd-server 2023-03-01 13:11:03,696 [INFO] Reply from ptd: 'Stopping untimed measurement'
ptd-server 2023-03-01 13:11:04,298 [INFO] Sending reply to client 'OK'
ptd-server 2023-03-01 13:11:04,382 [INFO] Got command from the client 'time'
ptd-server 2023-03-01 13:11:04,382 [INFO] Sending reply to client '1677676264.3826425'
ptd-server 2023-03-01 13:11:04,385 [INFO] Got command from the client 'session,2023-03-01_13-00-01,start,testing'
ptd-server 2023-03-01 13:11:04,385 [INFO] Sending to ptd: 'SR,V,250.170000'
ptd-server 2023-03-01 13:11:05,886 [INFO] Reply from ptd: 'Range V changed'
ptd-server 2023-03-01 13:11:05,887 [INFO] Sending to ptd: 'SR,A,0.077320'
ptd-server 2023-03-01 13:11:07,388 [INFO] Reply from ptd: 'Range A changed'
ptd-server 2023-03-01 13:11:17,396 [INFO] Starting testing mode
ptd-server 2023-03-01 13:11:17,396 [INFO] Sending to ptd: 'Go,1000,0,2023-03-01_13-00-01_testing'
ptd-server 2023-03-01 13:11:17,397 [INFO] Reply from ptd: 'Starting untimed measurement, maximum 500000 samples at 1000ms with 0 rampup samples'
ptd-server 2023-03-01 13:11:17,397 [INFO] Sending reply to client 'OK'
ptd-server 2023-03-01 13:21:41,411 [INFO] Got command from the client 'session,2023-03-01_13-00-01,stop,testing'
ptd-server 2023-03-01 13:21:51,420 [INFO] Sending to ptd: 'Stop'
ptd-server 2023-03-01 13:21:51,420 [INFO] Reply from ptd: 'Stopping untimed measurement'
ptd-server 2023-03-01 13:21:51,734 [INFO] Sending reply to client 'OK'
ptd-server 2023-03-01 13:21:51,753 [INFO] Got command from the client 'session,2023-03-01_13-00-01,done'
ptd-server 2023-03-01 13:21:51,753 [INFO] Sending to ptd: 'Stop'
ptd-server 2023-03-01 13:21:52,398 [INFO] Reply from ptd: 'Error: no measurement to stop'
ptd-server 2023-03-01 13:21:52,398 [INFO] Sending to ptd: 'SR,V,300.000000'
ptd-server 2023-03-01 13:21:53,899 [INFO] Reply from ptd: 'Range V changed'
ptd-server 2023-03-01 13:21:53,900 [INFO] Sending to ptd: 'SR,A,0.100000'
ptd-server 2023-03-01 13:21:55,401 [INFO] Reply from ptd: 'Range A changed'
ptd-server 2023-03-01 13:21:55,401 [INFO] Set initial values for Amps 0.100000 and Volts 300.000000
ptd-server 2023-03-01 13:21:55,401 [INFO] Stopping ptd...
