ptd-server 2023-02-25 13:05:46,268 [INFO] Got command from the client 'time'
ptd-server 2023-02-25 13:05:46,268 [INFO] Sending reply to client '1677330346.268695'
ptd-server 2023-02-25 13:05:46,270 [INFO] Got command from the client 'new,,eb04572e-f219-49e4-bdff-da2653ab346b'
ptd-server 2023-02-25 13:05:46,271 [INFO] Sending reply to client 'OK 2023-02-25_13-05-46,92d69a0b-d9c6-4b91-9c42-19a041448624'
ptd-server 2023-02-25 13:05:46,296 [INFO] Got command from the client 'time'
ptd-server 2023-02-25 13:05:46,297 [INFO] Sending reply to client '1677330346.2970157'
ptd-server 2023-02-25 13:05:46,298 [INFO] Got command from the client 'session,2023-02-25_13-05-46,start,ranging'
ptd-server 2023-02-25 13:05:46,299 [INFO] Running PTDaemon: ['/home/anton/projects/mlperf/power/inference_v1.0/ptd-linux-x86', '-l', '/tmp/tmpu4v721n6/ptd_logfile.txt', '-p', '8888', '49', '/dev/usbtmc0']
ptd-server 2023-02-25 13:06:03,386 [INFO] Sending to ptd: 'Hello'
ptd-server 2023-02-25 13:06:03,387 [INFO] Reply from ptd: 'Hello, PTDaemon here!'
ptd-server 2023-02-25 13:06:03,387 [INFO] Sending to ptd: 'Identify'
ptd-server 2023-02-25 13:06:03,387 [INFO] Reply from ptd: 'YokogawaWT310E,1000,1,1,1,1,0,1,1,version=1.10.0-ed9a21d2-20220817,OS=Linux 5.15.0-60-generic #66~20.04.1-Ubuntu SMP Wed Jan 25 09:41:30 UTC 2023 x86_64,mode=power,1,1,1,0,0,no_cal_date,YOKOGAWA;WT310E;C3XA04010E;F1.04'
ptd-server 2023-02-25 13:06:03,387 [INFO] Connected to PTDaemon
ptd-server 2023-02-25 13:06:03,388 [INFO] Sending to ptd: 'RR'
ptd-server 2023-02-25 13:06:03,388 [INFO] Reply from ptd: 'Ranges,0,0.100000,0,300.000000'
ptd-server 2023-02-25 13:06:03,388 [INFO] Initial range for Amps is 0.100000 for Volts is 300.000000
ptd-server 2023-02-25 13:06:03,388 [INFO] Sending to ptd: 'SR,V,Auto'
ptd-server 2023-02-25 13:06:03,891 [INFO] Reply from ptd: 'Range V changed'
ptd-server 2023-02-25 13:06:03,891 [INFO] Sending to ptd: 'SR,A,Auto'
ptd-server 2023-02-25 13:06:04,393 [INFO] Reply from ptd: 'Range A changed'
ptd-server 2023-02-25 13:06:14,404 [INFO] Starting ranging mode
ptd-server 2023-02-25 13:06:14,404 [INFO] Sending to ptd: 'Go,1000,0,2023-02-25_13-05-46_ranging'
ptd-server 2023-02-25 13:06:14,404 [INFO] Reply from ptd: 'Starting untimed measurement, maximum 500000 samples at 1000ms with 0 rampup samples'
ptd-server 2023-02-25 13:06:14,404 [INFO] Sending reply to client 'OK'
ptd-server 2023-02-25 13:16:29,670 [INFO] Got command from the client 'session,2023-02-25_13-05-46,stop,ranging'
ptd-server 2023-02-25 13:16:39,680 [INFO] Sending to ptd: 'Stop'
ptd-server 2023-02-25 13:16:39,680 [INFO] Reply from ptd: 'Stopping untimed measurement'
ptd-server 2023-02-25 13:16:39,777 [INFO] Sending reply to client 'OK'
ptd-server 2023-02-25 13:16:39,868 [INFO] Got command from the client 'time'
ptd-server 2023-02-25 13:16:39,868 [INFO] Sending reply to client '1677330999.8686147'
ptd-server 2023-02-25 13:16:39,871 [INFO] Got command from the client 'session,2023-02-25_13-05-46,start,testing'
ptd-server 2023-02-25 13:16:39,872 [INFO] Sending to ptd: 'SR,V,251.900000'
ptd-server 2023-02-25 13:16:41,905 [INFO] Reply from ptd: 'Range V changed'
ptd-server 2023-02-25 13:16:41,905 [INFO] Sending to ptd: 'SR,A,0.042680'
ptd-server 2023-02-25 13:16:43,407 [INFO] Reply from ptd: 'Range A changed'
ptd-server 2023-02-25 13:16:53,417 [INFO] Starting testing mode
ptd-server 2023-02-25 13:16:53,417 [INFO] Sending to ptd: 'Go,1000,0,2023-02-25_13-05-46_testing'
ptd-server 2023-02-25 13:16:53,418 [INFO] Reply from ptd: 'Starting untimed measurement, maximum 500000 samples at 1000ms with 0 rampup samples'
ptd-server 2023-02-25 13:16:53,418 [INFO] Sending reply to client 'OK'
ptd-server 2023-02-25 13:27:08,475 [INFO] Got command from the client 'session,2023-02-25_13-05-46,stop,testing'
ptd-server 2023-02-25 13:27:18,484 [INFO] Sending to ptd: 'Stop'
ptd-server 2023-02-25 13:27:18,484 [INFO] Reply from ptd: 'Stopping untimed measurement'
ptd-server 2023-02-25 13:27:18,534 [INFO] Sending reply to client 'OK'
ptd-server 2023-02-25 13:27:18,554 [INFO] Got command from the client 'session,2023-02-25_13-05-46,done'
ptd-server 2023-02-25 13:27:18,554 [INFO] Sending to ptd: 'Stop'
ptd-server 2023-02-25 13:27:19,418 [INFO] Reply from ptd: 'Error: no measurement to stop'
ptd-server 2023-02-25 13:27:19,419 [INFO] Sending to ptd: 'SR,V,300.000000'
ptd-server 2023-02-25 13:27:20,920 [INFO] Reply from ptd: 'Range V changed'
ptd-server 2023-02-25 13:27:20,920 [INFO] Sending to ptd: 'SR,A,0.100000'
ptd-server 2023-02-25 13:27:22,422 [INFO] Reply from ptd: 'Range A changed'
ptd-server 2023-02-25 13:27:22,422 [INFO] Set initial values for Amps 0.100000 and Volts 300.000000
ptd-server 2023-02-25 13:27:22,422 [INFO] Stopping ptd...
