ptd-server 2023-02-24 00:09:03,249 [INFO] Got command from the client 'time'
ptd-server 2023-02-24 00:09:03,249 [INFO] Sending reply to client '1677197343.2493658'
ptd-server 2023-02-24 00:09:03,253 [INFO] Got command from the client 'new,,9f2d9d81-b8d4-45e3-89b7-9ef8e4427869'
ptd-server 2023-02-24 00:09:03,254 [INFO] Sending reply to client 'OK 2023-02-24_00-09-03,79e41573-1fc9-4e77-9018-dbcd34a15223'
ptd-server 2023-02-24 00:09:03,283 [INFO] Got command from the client 'time'
ptd-server 2023-02-24 00:09:03,284 [INFO] Sending reply to client '1677197343.28423'
ptd-server 2023-02-24 00:09:03,287 [INFO] Got command from the client 'session,2023-02-24_00-09-03,start,ranging'
ptd-server 2023-02-24 00:09:03,287 [INFO] Running PTDaemon: ['/media/arjun/T7_Touch/hp-envy/CM/repos/local/cache/9b3695ca8255492a/power/inference_v1.0/ptd-linux-x86', '-l', '/tmp/tmpti64566v/ptd_logfile.txt', '-p', '8888', '49', '/dev/usbtmc0']
ptd-server 2023-02-24 00:09:20,379 [INFO] Sending to ptd: 'Hello'
ptd-server 2023-02-24 00:09:20,380 [INFO] Reply from ptd: 'Hello, PTDaemon here!'
ptd-server 2023-02-24 00:09:20,380 [INFO] Sending to ptd: 'Identify'
ptd-server 2023-02-24 00:09:20,381 [INFO] Reply from ptd: 'YokogawaWT310E,1000,1,1,1,1,0,1,1,version=1.10.0-ed9a21d2-20220817,OS=Linux 5.15.0-56-generic #62-Ubuntu SMP Tue Nov 22 19:54:14 UTC 2022 x86_64,mode=power,1,1,1,0,0,no_cal_date,YOKOGAWA;WT310E;C3YD21068E;F1.04'
ptd-server 2023-02-24 00:09:20,381 [INFO] Connected to PTDaemon
ptd-server 2023-02-24 00:09:20,382 [INFO] Sending to ptd: 'RR'
ptd-server 2023-02-24 00:09:20,382 [INFO] Reply from ptd: 'Ranges,0,0.100000,0,600.000000'
ptd-server 2023-02-24 00:09:20,383 [INFO] Initial range for Amps is 0.100000 for Volts is 600.000000
ptd-server 2023-02-24 00:09:20,383 [INFO] Sending to ptd: 'SR,V,Auto'
ptd-server 2023-02-24 00:09:20,887 [INFO] Reply from ptd: 'Range V changed'
ptd-server 2023-02-24 00:09:20,887 [INFO] Sending to ptd: 'SR,A,Auto'
ptd-server 2023-02-24 00:09:21,391 [INFO] Reply from ptd: 'Range A changed'
ptd-server 2023-02-24 00:09:31,402 [INFO] Starting ranging mode
ptd-server 2023-02-24 00:09:31,402 [INFO] Sending to ptd: 'Go,1000,0,2023-02-24_00-09-03_ranging'
ptd-server 2023-02-24 00:09:31,403 [INFO] Reply from ptd: 'Starting untimed measurement, maximum 500000 samples at 1000ms with 0 rampup samples'
ptd-server 2023-02-24 00:09:31,404 [INFO] Sending reply to client 'OK'
ptd-server 2023-02-24 00:20:36,058 [INFO] Got command from the client 'session,2023-02-24_00-09-03,stop,ranging'
ptd-server 2023-02-24 00:20:46,069 [INFO] Sending to ptd: 'Stop'
ptd-server 2023-02-24 00:20:46,070 [INFO] Reply from ptd: 'Stopping untimed measurement'
ptd-server 2023-02-24 00:20:46,129 [INFO] Sending reply to client 'OK'
ptd-server 2023-02-24 00:20:46,193 [INFO] Got command from the client 'time'
ptd-server 2023-02-24 00:20:46,193 [INFO] Sending reply to client '1677198046.1931605'
ptd-server 2023-02-24 00:20:46,198 [INFO] Got command from the client 'session,2023-02-24_00-09-03,start,testing'
ptd-server 2023-02-24 00:20:46,198 [INFO] Sending to ptd: 'SR,V,245.440000'
ptd-server 2023-02-24 00:20:47,906 [INFO] Reply from ptd: 'Range V changed'
ptd-server 2023-02-24 00:20:47,906 [INFO] Sending to ptd: 'SR,A,0.174510'
ptd-server 2023-02-24 00:20:49,409 [INFO] Reply from ptd: 'Range A changed'
ptd-server 2023-02-24 00:20:59,420 [INFO] Starting testing mode
ptd-server 2023-02-24 00:20:59,420 [INFO] Sending to ptd: 'Go,1000,0,2023-02-24_00-09-03_testing'
ptd-server 2023-02-24 00:20:59,421 [INFO] Reply from ptd: 'Starting untimed measurement, maximum 500000 samples at 1000ms with 0 rampup samples'
ptd-server 2023-02-24 00:20:59,422 [INFO] Sending reply to client 'OK'
ptd-server 2023-02-24 00:31:58,962 [INFO] Got command from the client 'session,2023-02-24_00-09-03,stop,testing'
ptd-server 2023-02-24 00:32:08,972 [INFO] Sending to ptd: 'Stop'
ptd-server 2023-02-24 00:32:08,973 [INFO] Reply from ptd: 'Stopping untimed measurement'
ptd-server 2023-02-24 00:32:09,009 [INFO] Sending reply to client 'OK'
ptd-server 2023-02-24 00:32:09,025 [INFO] Got command from the client 'session,2023-02-24_00-09-03,done'
ptd-server 2023-02-24 00:32:09,025 [INFO] Sending to ptd: 'Stop'
ptd-server 2023-02-24 00:32:09,421 [INFO] Reply from ptd: 'Error: no measurement to stop'
ptd-server 2023-02-24 00:32:09,421 [INFO] Sending to ptd: 'SR,V,600.000000'
ptd-server 2023-02-24 00:32:10,923 [INFO] Reply from ptd: 'Range V changed'
ptd-server 2023-02-24 00:32:10,923 [INFO] Sending to ptd: 'SR,A,0.100000'
ptd-server 2023-02-24 00:32:12,424 [INFO] Reply from ptd: 'Range A changed'
ptd-server 2023-02-24 00:32:12,424 [INFO] Set initial values for Amps 0.100000 and Volts 600.000000
ptd-server 2023-02-24 00:32:12,424 [INFO] Stopping ptd...
