ptd-server 2023-02-14 20:48:44,976 [INFO] Got command from the client 'time'
ptd-server 2023-02-14 20:48:44,976 [INFO] Sending reply to client '1676429324.9764202'
ptd-server 2023-02-14 20:48:44,977 [INFO] Got command from the client 'new,,aff9715c-baae-4511-bed7-6334f440da29'
ptd-server 2023-02-14 20:48:44,977 [INFO] Sending reply to client 'OK 2023-02-14_20-48-44,05266522-24b7-4a16-be89-b8092ee3bf6b'
ptd-server 2023-02-14 20:48:45,077 [INFO] Got command from the client 'time'
ptd-server 2023-02-14 20:48:45,077 [INFO] Sending reply to client '1676429325.0777266'
ptd-server 2023-02-14 20:48:45,078 [INFO] Got command from the client 'session,2023-02-14_20-48-44,start,ranging'
ptd-server 2023-02-14 20:48:45,079 [INFO] Running PTDaemon: ['/local/mnt/workspace/mlcommons/power-main/inference_v1.0/ptd-linux-x86', '-l', '/tmp/tmp9e4egqlt/ptd_logfile.txt', '-p', '8888', '49', '/dev/usbtmc0']
ptd-server 2023-02-14 20:49:02,143 [INFO] Sending to ptd: 'Hello'
ptd-server 2023-02-14 20:49:02,143 [INFO] Reply from ptd: 'Hello, PTDaemon here!'
ptd-server 2023-02-14 20:49:02,144 [INFO] Sending to ptd: 'Identify'
ptd-server 2023-02-14 20:49:02,144 [INFO] Reply from ptd: 'YokogawaWT310E,1000,1,1,1,1,0,1,1,version=1.10.0-ed9a21d2-20220817,OS=Linux 5.4.0-120-generic #136~18.04.1-Ubuntu SMP Fri Jun 10 18:00:44 UTC 2022 x86_64,mode=power,1,1,1,0,0,no_cal_date,YOKOGAWA;WT310E;C2XF16030V;F1.04'
ptd-server 2023-02-14 20:49:02,144 [INFO] Connected to PTDaemon
ptd-server 2023-02-14 20:49:02,145 [INFO] Sending to ptd: 'RR'
ptd-server 2023-02-14 20:49:02,145 [INFO] Reply from ptd: 'Ranges,1,2.000000,1,150.000000'
ptd-server 2023-02-14 20:49:02,145 [INFO] Initial range for Amps is Auto for Volts is Auto
ptd-server 2023-02-14 20:49:02,145 [INFO] Sending to ptd: 'SR,V,Auto'
ptd-server 2023-02-14 20:49:02,651 [INFO] Reply from ptd: 'Range V changed'
ptd-server 2023-02-14 20:49:02,651 [INFO] Sending to ptd: 'SR,A,Auto'
ptd-server 2023-02-14 20:49:03,154 [INFO] Reply from ptd: 'Range A changed'
ptd-server 2023-02-14 20:49:13,161 [INFO] Starting ranging mode
ptd-server 2023-02-14 20:49:13,162 [INFO] Sending to ptd: 'Go,1000,0,2023-02-14_20-48-44_ranging'
ptd-server 2023-02-14 20:49:13,162 [INFO] Reply from ptd: 'Starting untimed measurement, maximum 500000 samples at 1000ms with 0 rampup samples'
ptd-server 2023-02-14 20:49:13,162 [INFO] Sending reply to client 'OK'
ptd-server 2023-02-14 21:01:38,308 [INFO] Got command from the client 'session,2023-02-14_20-48-44,stop,ranging'
ptd-server 2023-02-14 21:01:48,317 [INFO] Sending to ptd: 'Stop'
ptd-server 2023-02-14 21:01:48,318 [INFO] Reply from ptd: 'Stopping untimed measurement'
ptd-server 2023-02-14 21:01:48,348 [INFO] Sending reply to client 'OK'
ptd-server 2023-02-14 21:01:48,456 [INFO] Got command from the client 'time'
ptd-server 2023-02-14 21:01:48,456 [INFO] Sending reply to client '1676430108.4562635'
ptd-server 2023-02-14 21:01:48,457 [INFO] Got command from the client 'session,2023-02-14_20-48-44,start,testing'
ptd-server 2023-02-14 21:01:48,457 [INFO] Sending to ptd: 'SR,V,119.430000'
ptd-server 2023-02-14 21:01:50,663 [INFO] Reply from ptd: 'Range V changed'
ptd-server 2023-02-14 21:01:50,664 [INFO] Sending to ptd: 'SR,A,2.098100'
ptd-server 2023-02-14 21:01:52,165 [INFO] Reply from ptd: 'Range A changed'
ptd-server 2023-02-14 21:02:02,173 [INFO] Starting testing mode
ptd-server 2023-02-14 21:02:02,174 [INFO] Sending to ptd: 'Go,1000,0,2023-02-14_20-48-44_testing'
ptd-server 2023-02-14 21:02:02,174 [INFO] Reply from ptd: 'Starting untimed measurement, maximum 500000 samples at 1000ms with 0 rampup samples'
ptd-server 2023-02-14 21:02:02,174 [INFO] Sending reply to client 'OK'
ptd-server 2023-02-14 21:14:26,971 [INFO] Got command from the client 'session,2023-02-14_20-48-44,stop,testing'
ptd-server 2023-02-14 21:14:36,977 [INFO] Sending to ptd: 'Stop'
ptd-server 2023-02-14 21:14:36,978 [INFO] Reply from ptd: 'Stopping untimed measurement'
ptd-server 2023-02-14 21:14:36,984 [INFO] Sending reply to client 'OK'
ptd-server 2023-02-14 21:14:36,989 [INFO] Got command from the client 'session,2023-02-14_20-48-44,done'
ptd-server 2023-02-14 21:14:36,989 [INFO] Sending to ptd: 'Stop'
ptd-server 2023-02-14 21:14:37,175 [INFO] Reply from ptd: 'Error: no measurement to stop'
ptd-server 2023-02-14 21:14:37,175 [INFO] Sending to ptd: 'SR,V,Auto'
ptd-server 2023-02-14 21:14:37,678 [INFO] Reply from ptd: 'Range V changed'
ptd-server 2023-02-14 21:14:37,678 [INFO] Sending to ptd: 'SR,A,Auto'
ptd-server 2023-02-14 21:14:38,180 [INFO] Reply from ptd: 'Range A changed'
ptd-server 2023-02-14 21:14:38,180 [INFO] Set initial values for Amps Auto and Volts Auto
ptd-server 2023-02-14 21:14:38,181 [INFO] Stopping ptd...
