client 2023-02-25 01:39:52,109 [INFO] Sending command to the server: 'mlcommons/power client v3'
client 2023-02-25 01:39:52,110 [INFO] Got response: 'mlcommons/power server v3'
client 2023-02-25 01:39:52,110 [INFO] Sending command to the server: 'stop'
client 2023-02-25 01:39:52,111 [INFO] Got response: 'OK'
client 2023-02-25 01:39:52,111 [INFO] Synchronizing with the server and with ib-01.dc4-in.nvidia.com...
client 2023-02-25 01:39:52,328 [INFO] NTP:offset = 0.001 s, delay = 0.212 s 
client 2023-02-25 01:39:52,328 [INFO] Sending command to the server: 'time'
client 2023-02-25 01:39:52,330 [INFO] Got response: '1677289192.3328269'
client 2023-02-25 01:39:52,330 [INFO] The time difference between the client and the server is within range -3.904 ms..-2.532 ms
client 2023-02-25 01:39:52,330 [INFO] Sending command to the server: 'new,,8db9e1e5-3965-41f8-a594-cfae0a53fb67'
client 2023-02-25 01:39:52,331 [INFO] Got response: 'OK 2023-02-24_17-39-52,05a7e6d5-c902-42f1-acd4-79c2b7c95689'
client 2023-02-25 01:39:52,331 [INFO] Session id is '2023-02-24_17-39-52'
client 2023-02-25 01:39:52,332 [INFO] Sources: {"sources": {"__init__.py": "da39a3ee5e6b4b0d3255bfef95601890afd80709", "client.py": "33ca4f26368777ac06e01f9567b714a4b8063886", "lib/__init__.py": "da39a3ee5e6b4b0d3255bfef95601890afd80709", "lib/client.py": "4c2b78fb4849a7e5b584ef792d82aaed20b17f57", "lib/common.py": "624d0c0acc7c39aaff3674f0b99d6a09da53d1dc", "lib/external/__init__.py": "da39a3ee5e6b4b0d3255bfef95601890afd80709", "lib/external/ntplib.py": "4da8f970656505a40483206ef2b5d3dd5e81711d", "lib/server.py": "cda0cdfaee9bfa1249c64a7dd4f89b7bf1b279f0", "lib/source_hashes.py": "60a2e02193209e8d392803326208d5466342da18", "lib/summary.py": "aa92f0a3f975eecd44d3c0cd0236342ccc9f941d", "lib/time_sync.py": "3210db56eb0ff0df57bf4293dc4d4b03fffd46f1", "server.py": "c3f90f2f7eeb4db30727556d0c815ebc89b3d28b", "tests/unit/__init__.py": "da39a3ee5e6b4b0d3255bfef95601890afd80709", "tests/unit/test_server.py": "99ae15aef722f2000ee6ed1ae1523637bf1ae42b", "tests/unit/test_source_hashes.py": "00468a2907583c593e6574a1f6b404e4651c221a"}, "modules": {"ptd_client_server.lib.client": "lib/client.py", "ptd_client_server.lib.common": "lib/common.py", "ptd_client_server.lib.external.ntplib": "lib/external/ntplib.py", "ptd_client_server.lib.source_hashes": "lib/source_hashes.py", "ptd_client_server.lib.summary": "lib/summary.py", "ptd_client_server.lib.time_sync": "lib/time_sync.py"}}
client 2023-02-25 01:39:52,334 [INFO] Running workload in ranging mode
client 2023-02-25 01:39:52,334 [INFO] Synchronizing with the server and with ib-01.dc4-in.nvidia.com...
client 2023-02-25 01:39:52,548 [INFO] NTP:offset = 0.001 s, delay = 0.212 s 
client 2023-02-25 01:39:52,548 [INFO] Sending command to the server: 'time'
client 2023-02-25 01:39:52,549 [INFO] Got response: '1677289192.552588'
client 2023-02-25 01:39:52,550 [INFO] The time difference between the client and the server is within range -3.790 ms..-2.546 ms
client 2023-02-25 01:39:52,550 [INFO] Sending command to the server: 'session,2023-02-24_17-39-52,start,ranging'
client 2023-02-25 01:40:32,461 [INFO] Got response: 'OK'
client 2023-02-25 01:40:32,462 [INFO] Running the workload 'LOG_DIR=/work/build/power_logs_temp python3 -m code.main --benchmarks=resnet50 --scenarios=Server --config_ver=maxq --test_mode=PerformanceOnly --action="run_harness" \\\n\t\t2>&1 | tee -a /work/build/power_logs/2023.02.25-01.39.34/stdout.txt \\\n\t\t&& if [ ! -d /work/build/power_logs/2023.02.25-01.39.34/ranging_tmp ]; \\\n\t\t\tthen mkdir /work/build/power_logs/2023.02.25-01.39.34/ranging_tmp \\\n\t\t\t\t&& mv /work/build/power_logs_temp/* /work/build/power_logs/2023.02.25-01.39.34/ranging_tmp/ \\\n\t\t\t\t&& cp -v /work/build/power_logs/2023.02.25-01.39.34/ranging_tmp/*/*/*/mlperf_log_detail.txt /work/build/power_logs_temp/ \\\n\t\t\t\t&& cp -v /work/build/power_logs/2023.02.25-01.39.34/ranging_tmp/*/*/*/mlperf_log_summary.txt /work/build/power_logs_temp/; \\\n\t\t\telse mkdir /work/build/power_logs/2023.02.25-01.39.34/testing_tmp \\\n\t\t\t\t&& mv /work/build/power_logs_temp/* /work/build/power_logs/2023.02.25-01.39.34/testing_tmp/ \\\n\t\t\t\t&& cp -v /work/build/power_logs/2023.02.25-01.39.34/testing_tmp/*/*/*/mlperf_log_detail.txt /work/build/power_logs_temp/ \\\n\t\t\t\t&& cp -v /work/build/power_logs/2023.02.25-01.39.34/testing_tmp/*/*/*/mlperf_log_summary.txt /work/build/power_logs_temp/; fi'
client 2023-02-25 01:53:23,270 [INFO] Sending command to the server: 'session,2023-02-24_17-39-52,stop,ranging'
client 2023-02-25 01:53:33,312 [INFO] Got response: 'OK'
client 2023-02-25 01:53:33,324 [INFO] Copying loadgen logs from '/work/build/power_logs_temp' to '/work/build/power_logs/2023.02.25-01.39.34/2023-02-24_17-39-52/ranging'
client 2023-02-25 01:53:33,336 [INFO] Running workload in testing mode
client 2023-02-25 01:53:33,336 [INFO] Synchronizing with the server and with ib-01.dc4-in.nvidia.com...
client 2023-02-25 01:53:33,550 [INFO] NTP:offset = 0.000 s, delay = 0.212 s 
client 2023-02-25 01:53:33,550 [INFO] Sending command to the server: 'time'
client 2023-02-25 01:53:33,551 [INFO] Got response: '1677290013.5543025'
client 2023-02-25 01:53:33,551 [INFO] The time difference between the client and the server is within range -3.659 ms..-2.606 ms
client 2023-02-25 01:53:33,551 [INFO] Sending command to the server: 'session,2023-02-24_17-39-52,start,testing'
client 2023-02-25 01:53:55,176 [INFO] Got response: 'OK'
client 2023-02-25 01:53:55,176 [INFO] Running the workload 'LOG_DIR=/work/build/power_logs_temp python3 -m code.main --benchmarks=resnet50 --scenarios=Server --config_ver=maxq --test_mode=PerformanceOnly --action="run_harness" \\\n\t\t2>&1 | tee -a /work/build/power_logs/2023.02.25-01.39.34/stdout.txt \\\n\t\t&& if [ ! -d /work/build/power_logs/2023.02.25-01.39.34/ranging_tmp ]; \\\n\t\t\tthen mkdir /work/build/power_logs/2023.02.25-01.39.34/ranging_tmp \\\n\t\t\t\t&& mv /work/build/power_logs_temp/* /work/build/power_logs/2023.02.25-01.39.34/ranging_tmp/ \\\n\t\t\t\t&& cp -v /work/build/power_logs/2023.02.25-01.39.34/ranging_tmp/*/*/*/mlperf_log_detail.txt /work/build/power_logs_temp/ \\\n\t\t\t\t&& cp -v /work/build/power_logs/2023.02.25-01.39.34/ranging_tmp/*/*/*/mlperf_log_summary.txt /work/build/power_logs_temp/; \\\n\t\t\telse mkdir /work/build/power_logs/2023.02.25-01.39.34/testing_tmp \\\n\t\t\t\t&& mv /work/build/power_logs_temp/* /work/build/power_logs/2023.02.25-01.39.34/testing_tmp/ \\\n\t\t\t\t&& cp -v /work/build/power_logs/2023.02.25-01.39.34/testing_tmp/*/*/*/mlperf_log_detail.txt /work/build/power_logs_temp/ \\\n\t\t\t\t&& cp -v /work/build/power_logs/2023.02.25-01.39.34/testing_tmp/*/*/*/mlperf_log_summary.txt /work/build/power_logs_temp/; fi'
client 2023-02-25 02:06:35,717 [INFO] Sending command to the server: 'session,2023-02-24_17-39-52,stop,testing'
client 2023-02-25 02:06:45,735 [INFO] Got response: 'OK'
client 2023-02-25 02:06:45,740 [INFO] Copying loadgen logs from '/work/build/power_logs_temp' to '/work/build/power_logs/2023.02.25-01.39.34/2023-02-24_17-39-52/run_1'
client 2023-02-25 02:06:45,751 [INFO] Done runs
