ptd-server 2023-02-24 17:39:52,114 [INFO] Got command from the client 'stop'
ptd-server 2023-02-24 17:39:52,114 [INFO] The server will be stopped after processing this client
ptd-server 2023-02-24 17:39:52,114 [INFO] Sending reply to client 'OK'
ptd-server 2023-02-24 17:39:52,332 [INFO] Got command from the client 'time'
ptd-server 2023-02-24 17:39:52,332 [INFO] Sending reply to client '1677289192.3328269'
ptd-server 2023-02-24 17:39:52,333 [INFO] Got command from the client 'new,,8db9e1e5-3965-41f8-a594-cfae0a53fb67'
ptd-server 2023-02-24 17:39:52,334 [INFO] Sending reply to client 'OK 2023-02-24_17-39-52,05a7e6d5-c902-42f1-acd4-79c2b7c95689'
ptd-server 2023-02-24 17:39:52,552 [INFO] Got command from the client 'time'
ptd-server 2023-02-24 17:39:52,552 [INFO] Sending reply to client '1677289192.552588'
ptd-server 2023-02-24 17:39:52,553 [INFO] Got command from the client 'session,2023-02-24_17-39-52,start,ranging'
ptd-server 2023-02-24 17:39:52,554 [INFO] Running PTDaemon: ['/usr/bin/ptd-linux-x86', '-l', '/tmp/tmpxthrrupw/ptd_logfile.txt', '-p', '8888', '-c', '1,3', '-y', '77', '10.117.68.101']
ptd-server 2023-02-24 17:40:12,339 [INFO] Sending to ptd: 'Hello'
ptd-server 2023-02-24 17:40:12,339 [INFO] Reply from ptd: 'Hello, PTDaemon here!'
ptd-server 2023-02-24 17:40:12,340 [INFO] Sending to ptd: 'Identify'
ptd-server 2023-02-24 17:40:12,340 [INFO] Reply from ptd: 'YokogawaWT330_multichannel,1000,1,1,1,1,0,0,1,version=1.10.0-ed9a21d2-20220817,OS=Linux 5.15.0-60-generic #66~20.04.1-Ubuntu SMP Wed Jan 25 09:41:30 UTC 2023 x86_64,mode=power,1,1,3,0,0,no_cal_date,YOKOGAWA;WT333E;C2XL24034V;F1.04'
ptd-server 2023-02-24 17:40:12,340 [INFO] Connected to PTDaemon
ptd-server 2023-02-24 17:40:12,340 [INFO] Sending to ptd: 'RR'
ptd-server 2023-02-24 17:40:12,340 [INFO] Reply from ptd: 'Ranges,1,2.000000,1,300.000000'
ptd-server 2023-02-24 17:40:12,340 [INFO] Initial range for Amps is Auto for Volts is Auto
ptd-server 2023-02-24 17:40:12,340 [INFO] Sending to ptd: 'SR,V,Auto'
ptd-server 2023-02-24 17:40:17,397 [INFO] Reply from ptd: 'Range V changed'
ptd-server 2023-02-24 17:40:17,397 [INFO] Sending to ptd: 'SR,A,Auto'
ptd-server 2023-02-24 17:40:22,453 [INFO] Reply from ptd: 'Range A changed'
ptd-server 2023-02-24 17:40:32,463 [INFO] Starting ranging mode
ptd-server 2023-02-24 17:40:32,464 [INFO] Sending to ptd: 'Go,1000,0,2023-02-24_17-39-52_ranging'
ptd-server 2023-02-24 17:40:32,464 [INFO] Reply from ptd: 'Starting untimed measurement, maximum 500000 samples at 1000ms with 0 rampup samples'
ptd-server 2023-02-24 17:40:32,464 [INFO] Sending reply to client 'OK'
ptd-server 2023-02-24 17:53:23,274 [INFO] Got command from the client 'session,2023-02-24_17-39-52,stop,ranging'
ptd-server 2023-02-24 17:53:33,284 [INFO] Sending to ptd: 'Stop'
ptd-server 2023-02-24 17:53:33,285 [INFO] Reply from ptd: 'Stopping untimed measurement'
ptd-server 2023-02-24 17:53:33,315 [INFO] Sending reply to client 'OK'
ptd-server 2023-02-24 17:53:33,554 [INFO] Got command from the client 'time'
ptd-server 2023-02-24 17:53:33,554 [INFO] Sending reply to client '1677290013.5543025'
ptd-server 2023-02-24 17:53:33,555 [INFO] Got command from the client 'session,2023-02-24_17-39-52,start,testing'
ptd-server 2023-02-24 17:53:33,555 [INFO] Sending to ptd: 'SR,V,206.640000'
ptd-server 2023-02-24 17:53:39,611 [INFO] Reply from ptd: 'Range V changed'
ptd-server 2023-02-24 17:53:39,611 [INFO] Sending to ptd: 'SR,A,3.942100'
ptd-server 2023-02-24 17:53:45,167 [INFO] Reply from ptd: 'Range A changed'
ptd-server 2023-02-24 17:53:55,177 [INFO] Starting testing mode
ptd-server 2023-02-24 17:53:55,177 [INFO] Sending to ptd: 'Go,1000,0,2023-02-24_17-39-52_testing'
ptd-server 2023-02-24 17:53:55,178 [INFO] Reply from ptd: 'Starting untimed measurement, maximum 500000 samples at 1000ms with 0 rampup samples'
ptd-server 2023-02-24 17:53:55,178 [INFO] Sending reply to client 'OK'
ptd-server 2023-02-24 18:06:35,719 [INFO] Got command from the client 'session,2023-02-24_17-39-52,stop,testing'
ptd-server 2023-02-24 18:06:45,730 [INFO] Sending to ptd: 'Stop'
ptd-server 2023-02-24 18:06:45,730 [INFO] Reply from ptd: 'Stopping untimed measurement'
ptd-server 2023-02-24 18:06:45,736 [INFO] Sending reply to client 'OK'
ptd-server 2023-02-24 18:06:45,768 [INFO] Got command from the client 'session,2023-02-24_17-39-52,done'
ptd-server 2023-02-24 18:06:45,768 [INFO] Sending to ptd: 'Stop'
ptd-server 2023-02-24 18:06:46,179 [INFO] Reply from ptd: 'Error: no measurement to stop'
ptd-server 2023-02-24 18:06:46,179 [INFO] Sending to ptd: 'SR,V,Auto'
ptd-server 2023-02-24 18:06:51,235 [INFO] Reply from ptd: 'Range V changed'
ptd-server 2023-02-24 18:06:51,235 [INFO] Sending to ptd: 'SR,A,Auto'
ptd-server 2023-02-24 18:06:56,292 [INFO] Reply from ptd: 'Range A changed'
ptd-server 2023-02-24 18:06:56,292 [INFO] Set initial values for Amps Auto and Volts Auto
ptd-server 2023-02-24 18:06:56,292 [INFO] Stopping ptd...
