ptd-server 2023-02-28 09:16:00,832 [INFO] Got command from the client 'time'
ptd-server 2023-02-28 09:16:00,832 [INFO] Sending reply to client '1677575760.8324425'
ptd-server 2023-02-28 09:16:00,834 [INFO] Got command from the client 'new,,2182d97e-e898-4883-919d-e8e449a2cc34'
ptd-server 2023-02-28 09:16:00,835 [INFO] Sending reply to client 'OK 2023-02-28_09-16-00,f26f3c70-92df-4e11-a2a0-32a50564b571'
ptd-server 2023-02-28 09:16:00,863 [INFO] Got command from the client 'time'
ptd-server 2023-02-28 09:16:00,863 [INFO] Sending reply to client '1677575760.8633866'
ptd-server 2023-02-28 09:16:00,865 [INFO] Got command from the client 'session,2023-02-28_09-16-00,start,ranging'
ptd-server 2023-02-28 09:16:00,865 [INFO] Running PTDaemon: ['/home/anton/projects/mlperf/power/inference_v1.0/ptd-linux-x86', '-l', '/tmp/tmpu4v721n6/ptd_logfile.txt', '-p', '8888', '49', '/dev/usbtmc0']
ptd-server 2023-02-28 09:16:17,954 [INFO] Sending to ptd: 'Hello'
ptd-server 2023-02-28 09:16:17,955 [INFO] Reply from ptd: 'Hello, PTDaemon here!'
ptd-server 2023-02-28 09:16:17,955 [INFO] Sending to ptd: 'Identify'
ptd-server 2023-02-28 09:16:17,955 [INFO] Reply from ptd: 'YokogawaWT310E,1000,1,1,1,1,0,1,1,version=1.10.0-ed9a21d2-20220817,OS=Linux 5.15.0-60-generic #66~20.04.1-Ubuntu SMP Wed Jan 25 09:41:30 UTC 2023 x86_64,mode=power,1,1,1,0,0,no_cal_date,YOKOGAWA;WT310E;C3XA04010E;F1.04'
ptd-server 2023-02-28 09:16:17,955 [INFO] Connected to PTDaemon
ptd-server 2023-02-28 09:16:17,956 [INFO] Sending to ptd: 'RR'
ptd-server 2023-02-28 09:16:17,956 [INFO] Reply from ptd: 'Ranges,0,0.100000,0,300.000000'
ptd-server 2023-02-28 09:16:17,956 [INFO] Initial range for Amps is 0.100000 for Volts is 300.000000
ptd-server 2023-02-28 09:16:17,956 [INFO] Sending to ptd: 'SR,V,Auto'
ptd-server 2023-02-28 09:16:18,459 [INFO] Reply from ptd: 'Range V changed'
ptd-server 2023-02-28 09:16:18,459 [INFO] Sending to ptd: 'SR,A,Auto'
ptd-server 2023-02-28 09:16:18,961 [INFO] Reply from ptd: 'Range A changed'
ptd-server 2023-02-28 09:16:28,972 [INFO] Starting ranging mode
ptd-server 2023-02-28 09:16:28,972 [INFO] Sending to ptd: 'Go,1000,0,2023-02-28_09-16-00_ranging'
ptd-server 2023-02-28 09:16:28,972 [INFO] Reply from ptd: 'Starting untimed measurement, maximum 500000 samples at 1000ms with 0 rampup samples'
ptd-server 2023-02-28 09:16:28,972 [INFO] Sending reply to client 'OK'
ptd-server 2023-02-28 09:26:46,856 [INFO] Got command from the client 'session,2023-02-28_09-16-00,stop,ranging'
ptd-server 2023-02-28 09:26:56,864 [INFO] Sending to ptd: 'Stop'
ptd-server 2023-02-28 09:26:56,864 [INFO] Reply from ptd: 'Stopping untimed measurement'
ptd-server 2023-02-28 09:26:57,316 [INFO] Sending reply to client 'OK'
ptd-server 2023-02-28 09:26:57,366 [INFO] Got command from the client 'time'
ptd-server 2023-02-28 09:26:57,367 [INFO] Sending reply to client '1677576417.3671806'
ptd-server 2023-02-28 09:26:57,369 [INFO] Got command from the client 'session,2023-02-28_09-16-00,start,testing'
ptd-server 2023-02-28 09:26:57,369 [INFO] Sending to ptd: 'SR,V,249.640000'
ptd-server 2023-02-28 09:26:58,870 [INFO] Reply from ptd: 'Range V changed'
ptd-server 2023-02-28 09:26:58,870 [INFO] Sending to ptd: 'SR,A,0.055040'
ptd-server 2023-02-28 09:27:00,372 [INFO] Reply from ptd: 'Range A changed'
ptd-server 2023-02-28 09:27:10,382 [INFO] Starting testing mode
ptd-server 2023-02-28 09:27:10,382 [INFO] Sending to ptd: 'Go,1000,0,2023-02-28_09-16-00_testing'
ptd-server 2023-02-28 09:27:10,383 [INFO] Reply from ptd: 'Starting untimed measurement, maximum 500000 samples at 1000ms with 0 rampup samples'
ptd-server 2023-02-28 09:27:10,383 [INFO] Sending reply to client 'OK'
ptd-server 2023-02-28 09:37:28,207 [INFO] Got command from the client 'session,2023-02-28_09-16-00,stop,testing'
ptd-server 2023-02-28 09:37:38,217 [INFO] Sending to ptd: 'Stop'
ptd-server 2023-02-28 09:37:38,218 [INFO] Reply from ptd: 'Stopping untimed measurement'
ptd-server 2023-02-28 09:37:38,465 [INFO] Sending reply to client 'OK'
ptd-server 2023-02-28 09:37:38,484 [INFO] Got command from the client 'session,2023-02-28_09-16-00,done'
ptd-server 2023-02-28 09:37:38,485 [INFO] Sending to ptd: 'Stop'
ptd-server 2023-02-28 09:37:38,485 [INFO] Reply from ptd: 'Error: no measurement to stop'
ptd-server 2023-02-28 09:37:38,485 [INFO] Sending to ptd: 'SR,V,300.000000'
ptd-server 2023-02-28 09:37:39,986 [INFO] Reply from ptd: 'Range V changed'
ptd-server 2023-02-28 09:37:39,986 [INFO] Sending to ptd: 'SR,A,0.100000'
ptd-server 2023-02-28 09:37:41,488 [INFO] Reply from ptd: 'Range A changed'
ptd-server 2023-02-28 09:37:41,488 [INFO] Set initial values for Amps 0.100000 and Volts 300.000000
ptd-server 2023-02-28 09:37:41,488 [INFO] Stopping ptd...
