ptd-server 2023-03-02 19:53:00,745 [INFO] Got command from the client 'time'
ptd-server 2023-03-02 19:53:00,745 [INFO] Sending reply to client '1677786780.7452388'
ptd-server 2023-03-02 19:53:00,747 [INFO] Got command from the client 'new,,06d41faf-639d-4c37-8710-93278a32e070'
ptd-server 2023-03-02 19:53:00,747 [INFO] Sending reply to client 'OK 2023-03-02_19-53-00,9d38cdd0-252e-4e82-9d1e-5ed777af464d'
ptd-server 2023-03-02 19:53:00,765 [INFO] Got command from the client 'time'
ptd-server 2023-03-02 19:53:00,765 [INFO] Sending reply to client '1677786780.7655451'
ptd-server 2023-03-02 19:53:00,766 [INFO] Got command from the client 'session,2023-03-02_19-53-00,start,ranging'
ptd-server 2023-03-02 19:53:00,767 [INFO] Running PTDaemon: ['/media/arjun/T7_Touch/hp-envy/CM/repos/local/cache/9b3695ca8255492a/power/inference_v1.0/ptd-linux-x86', '-l', '/tmp/tmpti64566v/ptd_logfile.txt', '-p', '8888', '49', '/dev/usbtmc0']
ptd-server 2023-03-02 19:53:17,864 [INFO] Sending to ptd: 'Hello'
ptd-server 2023-03-02 19:53:17,865 [INFO] Reply from ptd: 'Hello, PTDaemon here!'
ptd-server 2023-03-02 19:53:17,866 [INFO] Sending to ptd: 'Identify'
ptd-server 2023-03-02 19:53:17,867 [INFO] Reply from ptd: 'YokogawaWT310E,1000,1,1,1,1,0,1,1,version=1.10.0-ed9a21d2-20220817,OS=Linux 5.15.0-56-generic #62-Ubuntu SMP Tue Nov 22 19:54:14 UTC 2022 x86_64,mode=power,1,1,1,0,0,no_cal_date,YOKOGAWA;WT310E;C3YD21068E;F1.04'
ptd-server 2023-03-02 19:53:17,867 [INFO] Connected to PTDaemon
ptd-server 2023-03-02 19:53:17,868 [INFO] Sending to ptd: 'RR'
ptd-server 2023-03-02 19:53:17,868 [INFO] Reply from ptd: 'Ranges,1,2.000000,0,600.000000'
ptd-server 2023-03-02 19:53:17,869 [INFO] Initial range for Amps is Auto for Volts is 600.000000
ptd-server 2023-03-02 19:53:17,869 [INFO] Sending to ptd: 'SR,V,Auto'
ptd-server 2023-03-02 19:53:18,373 [INFO] Reply from ptd: 'Range V changed'
ptd-server 2023-03-02 19:53:18,373 [INFO] Sending to ptd: 'SR,A,Auto'
ptd-server 2023-03-02 19:53:18,877 [INFO] Reply from ptd: 'Range A changed'
ptd-server 2023-03-02 19:53:28,888 [INFO] Starting ranging mode
ptd-server 2023-03-02 19:53:28,889 [INFO] Sending to ptd: 'Go,1000,0,2023-03-02_19-53-00_ranging'
ptd-server 2023-03-02 19:53:28,889 [INFO] Reply from ptd: 'Starting untimed measurement, maximum 500000 samples at 1000ms with 0 rampup samples'
ptd-server 2023-03-02 19:53:28,890 [INFO] Sending reply to client 'OK'
ptd-server 2023-03-02 21:24:31,718 [INFO] Got command from the client 'session,2023-03-02_19-53-00,stop,ranging'
ptd-server 2023-03-02 21:24:41,723 [INFO] Sending to ptd: 'Stop'
ptd-server 2023-03-02 21:24:41,724 [INFO] Reply from ptd: 'Stopping untimed measurement'
ptd-server 2023-03-02 21:24:42,147 [INFO] Sending reply to client 'OK'
ptd-server 2023-03-02 21:24:42,178 [INFO] Got command from the client 'time'
ptd-server 2023-03-02 21:24:42,178 [INFO] Sending reply to client '1677792282.1782236'
ptd-server 2023-03-02 21:24:42,181 [INFO] Got command from the client 'session,2023-03-02_19-53-00,start,testing'
ptd-server 2023-03-02 21:24:42,181 [INFO] Sending to ptd: 'SR,V,247.940000'
ptd-server 2023-03-02 21:24:43,684 [INFO] Reply from ptd: 'Range V changed'
ptd-server 2023-03-02 21:24:43,684 [INFO] Sending to ptd: 'SR,A,2.501500'
ptd-server 2023-03-02 21:24:45,186 [INFO] Reply from ptd: 'Range A changed'
ptd-server 2023-03-02 21:24:55,197 [INFO] Starting testing mode
ptd-server 2023-03-02 21:24:55,198 [INFO] Sending to ptd: 'Go,1000,0,2023-03-02_19-53-00_testing'
ptd-server 2023-03-02 21:24:55,198 [INFO] Reply from ptd: 'Starting untimed measurement, maximum 500000 samples at 1000ms with 0 rampup samples'
ptd-server 2023-03-02 21:24:55,199 [INFO] Sending reply to client 'OK'
ptd-server 2023-03-02 22:56:04,662 [INFO] Got command from the client 'session,2023-03-02_19-53-00,stop,testing'
ptd-server 2023-03-02 22:56:14,672 [INFO] Sending to ptd: 'Stop'
ptd-server 2023-03-02 22:56:14,674 [INFO] Reply from ptd: 'Stopping untimed measurement'
ptd-server 2023-03-02 22:56:14,874 [INFO] Sending reply to client 'OK'
ptd-server 2023-03-02 22:56:14,878 [INFO] Got command from the client 'session,2023-03-02_19-53-00,done'
ptd-server 2023-03-02 22:56:14,878 [INFO] Sending to ptd: 'Stop'
ptd-server 2023-03-02 22:56:15,199 [INFO] Reply from ptd: 'Error: no measurement to stop'
ptd-server 2023-03-02 22:56:15,200 [INFO] Sending to ptd: 'SR,V,600.000000'
ptd-server 2023-03-02 22:56:16,702 [INFO] Reply from ptd: 'Range V changed'
ptd-server 2023-03-02 22:56:16,703 [INFO] Sending to ptd: 'SR,A,Auto'
ptd-server 2023-03-02 22:56:17,207 [INFO] Reply from ptd: 'Range A changed'
ptd-server 2023-03-02 22:56:17,207 [INFO] Set initial values for Amps Auto and Volts 600.000000
ptd-server 2023-03-02 22:56:17,207 [INFO] Stopping ptd...
