ptd-server 2023-02-25 04:03:53,784 [INFO] Got command from the client 'time'
ptd-server 2023-02-25 04:03:53,784 [INFO] Sending reply to client '1677297833.7843301'
ptd-server 2023-02-25 04:03:53,788 [INFO] Got command from the client 'new,,e9fc6c45-63e4-48d9-b755-61a2f2f12bf0'
ptd-server 2023-02-25 04:03:53,788 [INFO] Sending reply to client 'OK 2023-02-25_04-03-53,5b013e39-6dc5-42d7-89ae-1bb573bbfb28'
ptd-server 2023-02-25 04:03:53,808 [INFO] Got command from the client 'time'
ptd-server 2023-02-25 04:03:53,808 [INFO] Sending reply to client '1677297833.8088453'
ptd-server 2023-02-25 04:03:53,812 [INFO] Got command from the client 'session,2023-02-25_04-03-53,start,ranging'
ptd-server 2023-02-25 04:03:53,812 [INFO] Running PTDaemon: ['/media/arjun/T7_Touch/hp-envy/CM/repos/local/cache/9b3695ca8255492a/power/inference_v1.0/ptd-linux-x86', '-l', '/tmp/tmpti64566v/ptd_logfile.txt', '-p', '8888', '49', '/dev/usbtmc0']
ptd-server 2023-02-25 04:04:10,876 [INFO] Sending to ptd: 'Hello'
ptd-server 2023-02-25 04:04:10,876 [INFO] Reply from ptd: 'Hello, PTDaemon here!'
ptd-server 2023-02-25 04:04:10,876 [INFO] Sending to ptd: 'Identify'
ptd-server 2023-02-25 04:04:10,876 [INFO] Reply from ptd: 'YokogawaWT310E,1000,1,1,1,1,0,1,1,version=1.10.0-ed9a21d2-20220817,OS=Linux 5.15.0-56-generic #62-Ubuntu SMP Tue Nov 22 19:54:14 UTC 2022 x86_64,mode=power,1,1,1,0,0,no_cal_date,YOKOGAWA;WT310E;C3YD21068E;F1.04'
ptd-server 2023-02-25 04:04:10,876 [INFO] Connected to PTDaemon
ptd-server 2023-02-25 04:04:10,876 [INFO] Sending to ptd: 'RR'
ptd-server 2023-02-25 04:04:10,876 [INFO] Reply from ptd: 'Ranges,0,0.100000,0,600.000000'
ptd-server 2023-02-25 04:04:10,877 [INFO] Initial range for Amps is 0.100000 for Volts is 600.000000
ptd-server 2023-02-25 04:04:10,877 [INFO] Sending to ptd: 'SR,V,Auto'
ptd-server 2023-02-25 04:04:11,379 [INFO] Reply from ptd: 'Range V changed'
ptd-server 2023-02-25 04:04:11,379 [INFO] Sending to ptd: 'SR,A,Auto'
ptd-server 2023-02-25 04:04:11,881 [INFO] Reply from ptd: 'Range A changed'
ptd-server 2023-02-25 04:04:21,892 [INFO] Starting ranging mode
ptd-server 2023-02-25 04:04:21,892 [INFO] Sending to ptd: 'Go,1000,0,2023-02-25_04-03-53_ranging'
ptd-server 2023-02-25 04:04:21,892 [INFO] Reply from ptd: 'Starting untimed measurement, maximum 500000 samples at 1000ms with 0 rampup samples'
ptd-server 2023-02-25 04:04:21,892 [INFO] Sending reply to client 'OK'
ptd-server 2023-02-25 04:15:26,448 [INFO] Got command from the client 'session,2023-02-25_04-03-53,stop,ranging'
ptd-server 2023-02-25 04:15:36,458 [INFO] Sending to ptd: 'Stop'
ptd-server 2023-02-25 04:15:36,459 [INFO] Reply from ptd: 'Stopping untimed measurement'
ptd-server 2023-02-25 04:15:36,637 [INFO] Sending reply to client 'OK'
ptd-server 2023-02-25 04:15:36,680 [INFO] Got command from the client 'time'
ptd-server 2023-02-25 04:15:36,680 [INFO] Sending reply to client '1677298536.6805863'
ptd-server 2023-02-25 04:15:36,683 [INFO] Got command from the client 'session,2023-02-25_04-03-53,start,testing'
ptd-server 2023-02-25 04:15:36,683 [INFO] Sending to ptd: 'SR,V,246.570000'
ptd-server 2023-02-25 04:15:38,393 [INFO] Reply from ptd: 'Range V changed'
ptd-server 2023-02-25 04:15:38,393 [INFO] Sending to ptd: 'SR,A,0.176060'
ptd-server 2023-02-25 04:15:39,894 [INFO] Reply from ptd: 'Range A changed'
ptd-server 2023-02-25 04:15:49,905 [INFO] Starting testing mode
ptd-server 2023-02-25 04:15:49,905 [INFO] Sending to ptd: 'Go,1000,0,2023-02-25_04-03-53_testing'
ptd-server 2023-02-25 04:15:49,905 [INFO] Reply from ptd: 'Starting untimed measurement, maximum 500000 samples at 1000ms with 0 rampup samples'
ptd-server 2023-02-25 04:15:49,905 [INFO] Sending reply to client 'OK'
ptd-server 2023-02-25 04:26:53,219 [INFO] Got command from the client 'session,2023-02-25_04-03-53,stop,testing'
ptd-server 2023-02-25 04:27:03,229 [INFO] Sending to ptd: 'Stop'
ptd-server 2023-02-25 04:27:03,229 [INFO] Reply from ptd: 'Stopping untimed measurement'
ptd-server 2023-02-25 04:27:03,314 [INFO] Sending reply to client 'OK'
ptd-server 2023-02-25 04:27:03,330 [INFO] Got command from the client 'session,2023-02-25_04-03-53,done'
ptd-server 2023-02-25 04:27:03,330 [INFO] Sending to ptd: 'Stop'
ptd-server 2023-02-25 04:27:03,906 [INFO] Reply from ptd: 'Error: no measurement to stop'
ptd-server 2023-02-25 04:27:03,906 [INFO] Sending to ptd: 'SR,V,600.000000'
ptd-server 2023-02-25 04:27:05,407 [INFO] Reply from ptd: 'Range V changed'
ptd-server 2023-02-25 04:27:05,407 [INFO] Sending to ptd: 'SR,A,0.100000'
ptd-server 2023-02-25 04:27:06,908 [INFO] Reply from ptd: 'Range A changed'
ptd-server 2023-02-25 04:27:06,908 [INFO] Set initial values for Amps 0.100000 and Volts 600.000000
ptd-server 2023-02-25 04:27:06,908 [INFO] Stopping ptd...
