ptd-server 2023-03-01 20:18:15,660 [INFO] Got command from the client 'time'
ptd-server 2023-03-01 20:18:15,660 [INFO] Sending reply to client '1677723495.660788'
ptd-server 2023-03-01 20:18:15,662 [INFO] Got command from the client 'new,,517510f2-903d-4df1-8a91-4f4dd8923059'
ptd-server 2023-03-01 20:18:15,662 [INFO] Sending reply to client 'OK 2023-03-01_20-18-15,b5d1b2bd-7300-4d8a-b34a-a217106e02ac'
ptd-server 2023-03-01 20:18:15,745 [INFO] Got command from the client 'time'
ptd-server 2023-03-01 20:18:15,745 [INFO] Sending reply to client '1677723495.7452445'
ptd-server 2023-03-01 20:18:15,746 [INFO] Got command from the client 'session,2023-03-01_20-18-15,start,ranging'
ptd-server 2023-03-01 20:18:15,747 [INFO] Running PTDaemon: ['/local/mnt/workspace/mlcommons/power-main/inference_v1.0/ptd-linux-x86', '-l', '/tmp/tmp5oeeq6__/ptd_logfile.txt', '-p', '8888', '-c', '1', '52', '/dev/usbtmc0']
ptd-server 2023-03-01 20:18:32,770 [INFO] Sending to ptd: 'Hello'
ptd-server 2023-03-01 20:18:32,771 [INFO] Reply from ptd: 'Hello, PTDaemon here!'
ptd-server 2023-03-01 20:18:32,772 [INFO] Sending to ptd: 'Identify'
ptd-server 2023-03-01 20:18:32,772 [INFO] Reply from ptd: 'YokogawaWT330E,1000,1,1,1,1,0,0,1,version=1.10.0-ed9a21d2-20220817,OS=Linux 5.4.0-120-generic #136~18.04.1-Ubuntu SMP Fri Jun 10 18:00:44 UTC 2022 x86_64,mode=power,1,1,1,0,0,no_cal_date,YOKOGAWA;WT333E;C2XC17005V;F1.04'
ptd-server 2023-03-01 20:18:32,772 [INFO] Connected to PTDaemon
ptd-server 2023-03-01 20:18:32,772 [INFO] Sending to ptd: 'RR'
ptd-server 2023-03-01 20:18:32,773 [INFO] Reply from ptd: 'Ranges,0,10.000000,0,150.000000'
ptd-server 2023-03-01 20:18:32,773 [INFO] Initial range for Amps is 10.000000 for Volts is 150.000000
ptd-server 2023-03-01 20:18:32,773 [INFO] Sending to ptd: 'SR,V,Auto'
ptd-server 2023-03-01 20:18:33,279 [INFO] Reply from ptd: 'Range V changed'
ptd-server 2023-03-01 20:18:33,279 [INFO] Sending to ptd: 'SR,A,Auto'
ptd-server 2023-03-01 20:18:33,783 [INFO] Reply from ptd: 'Range A changed'
ptd-server 2023-03-01 20:18:43,793 [INFO] Starting ranging mode
ptd-server 2023-03-01 20:18:43,793 [INFO] Sending to ptd: 'Go,1000,0,2023-03-01_20-18-15_ranging'
ptd-server 2023-03-01 20:18:43,794 [INFO] Reply from ptd: 'Starting untimed measurement, maximum 500000 samples at 1000ms with 0 rampup samples'
ptd-server 2023-03-01 20:18:43,794 [INFO] Sending reply to client 'OK'
ptd-server 2023-03-01 20:32:37,138 [INFO] Got command from the client 'session,2023-03-01_20-18-15,stop,ranging'
ptd-server 2023-03-01 20:32:47,149 [INFO] Sending to ptd: 'Stop'
ptd-server 2023-03-01 20:32:47,149 [INFO] Reply from ptd: 'Stopping untimed measurement'
ptd-server 2023-03-01 20:32:47,171 [INFO] Sending reply to client 'OK'
ptd-server 2023-03-01 20:32:47,284 [INFO] Got command from the client 'time'
ptd-server 2023-03-01 20:32:47,284 [INFO] Sending reply to client '1677724367.2849088'
ptd-server 2023-03-01 20:32:47,286 [INFO] Got command from the client 'session,2023-03-01_20-18-15,start,testing'
ptd-server 2023-03-01 20:32:47,286 [INFO] Sending to ptd: 'SR,V,121.460000'
ptd-server 2023-03-01 20:32:49,296 [INFO] Reply from ptd: 'Range V changed'
ptd-server 2023-03-01 20:32:49,296 [INFO] Sending to ptd: 'SR,A,2.159500'
ptd-server 2023-03-01 20:32:50,799 [INFO] Reply from ptd: 'Range A changed'
ptd-server 2023-03-01 20:33:00,800 [INFO] Starting testing mode
ptd-server 2023-03-01 20:33:00,801 [INFO] Sending to ptd: 'Go,1000,0,2023-03-01_20-18-15_testing'
ptd-server 2023-03-01 20:33:00,801 [INFO] Reply from ptd: 'Starting untimed measurement, maximum 500000 samples at 1000ms with 0 rampup samples'
ptd-server 2023-03-01 20:33:00,801 [INFO] Sending reply to client 'OK'
ptd-server 2023-03-01 20:46:56,676 [INFO] Got command from the client 'session,2023-03-01_20-18-15,stop,testing'
ptd-server 2023-03-01 20:47:06,686 [INFO] Sending to ptd: 'Stop'
ptd-server 2023-03-01 20:47:06,687 [INFO] Reply from ptd: 'Stopping untimed measurement'
ptd-server 2023-03-01 20:47:06,697 [INFO] Sending reply to client 'OK'
ptd-server 2023-03-01 20:47:06,704 [INFO] Got command from the client 'session,2023-03-01_20-18-15,done'
ptd-server 2023-03-01 20:47:06,705 [INFO] Sending to ptd: 'Stop'
ptd-server 2023-03-01 20:47:06,802 [INFO] Reply from ptd: 'Error: no measurement to stop'
ptd-server 2023-03-01 20:47:06,802 [INFO] Sending to ptd: 'SR,V,150.000000'
ptd-server 2023-03-01 20:47:08,304 [INFO] Reply from ptd: 'Range V changed'
ptd-server 2023-03-01 20:47:08,304 [INFO] Sending to ptd: 'SR,A,10.000000'
ptd-server 2023-03-01 20:47:09,807 [INFO] Reply from ptd: 'Range A changed'
ptd-server 2023-03-01 20:47:09,807 [INFO] Set initial values for Amps 10.000000 and Volts 150.000000
ptd-server 2023-03-01 20:47:09,807 [INFO] Stopping ptd...
