ptd-server 2023-02-24 18:49:45,011 [INFO] Got command from the client 'time'
ptd-server 2023-02-24 18:49:45,011 [INFO] Sending reply to client '1677286185.0112767'
ptd-server 2023-02-24 18:49:45,013 [INFO] Got command from the client 'new,,85705b79-7279-4421-92f2-8dd5ea81f1a6'
ptd-server 2023-02-24 18:49:45,014 [INFO] Sending reply to client 'OK 2023-02-24_18-49-45,61e4ed09-9d01-49be-b790-26abbc3a9dae'
ptd-server 2023-02-24 18:49:45,099 [INFO] Got command from the client 'time'
ptd-server 2023-02-24 18:49:45,099 [INFO] Sending reply to client '1677286185.0993423'
ptd-server 2023-02-24 18:49:45,101 [INFO] Got command from the client 'session,2023-02-24_18-49-45,start,ranging'
ptd-server 2023-02-24 18:49:45,102 [INFO] Running PTDaemon: ['/local/mnt/workspace/mlcommons/power-main/inference_v1.0/ptd-linux-x86', '-l', '/tmp/tmpgrsgboht/ptd_logfile.txt', '-p', '8888', '-c', '2', '52', '/dev/usbtmc0']
ptd-server 2023-02-24 18:50:02,123 [INFO] Sending to ptd: 'Hello'
ptd-server 2023-02-24 18:50:02,124 [INFO] Reply from ptd: 'Hello, PTDaemon here!'
ptd-server 2023-02-24 18:50:02,124 [INFO] Sending to ptd: 'Identify'
ptd-server 2023-02-24 18:50:02,124 [INFO] Reply from ptd: 'YokogawaWT330,1000,1,1,1,1,0,0,1,version=1.10.0-ed9a21d2-20220817,OS=Linux 5.4.0-120-generic #136~18.04.1-Ubuntu SMP Fri Jun 10 18:00:44 UTC 2022 x86_64,mode=power,1,1,1,0,0,no_cal_date,YOKOGAWA;WT333;C2QH26002V;F1.06'
ptd-server 2023-02-24 18:50:02,125 [INFO] Connected to PTDaemon
ptd-server 2023-02-24 18:50:02,125 [INFO] Sending to ptd: 'RR'
ptd-server 2023-02-24 18:50:02,125 [INFO] Reply from ptd: 'Ranges,1,0.500000,1,150.000000'
ptd-server 2023-02-24 18:50:02,125 [INFO] Initial range for Amps is Auto for Volts is Auto
ptd-server 2023-02-24 18:50:02,125 [INFO] Sending to ptd: 'SR,V,Auto'
ptd-server 2023-02-24 18:50:02,668 [INFO] Reply from ptd: 'Range V changed'
ptd-server 2023-02-24 18:50:02,669 [INFO] Sending to ptd: 'SR,A,Auto'
ptd-server 2023-02-24 18:50:03,172 [INFO] Reply from ptd: 'Range A changed'
ptd-server 2023-02-24 18:50:13,182 [INFO] Starting ranging mode
ptd-server 2023-02-24 18:50:13,183 [INFO] Sending to ptd: 'Go,1000,0,2023-02-24_18-49-45_ranging'
ptd-server 2023-02-24 18:50:13,183 [INFO] Reply from ptd: 'Starting untimed measurement, maximum 500000 samples at 1000ms with 0 rampup samples'
ptd-server 2023-02-24 18:50:13,183 [INFO] Sending reply to client 'OK'
ptd-server 2023-02-24 19:02:31,476 [INFO] Got command from the client 'session,2023-02-24_18-49-45,stop,ranging'
ptd-server 2023-02-24 19:02:41,487 [INFO] Sending to ptd: 'Stop'
ptd-server 2023-02-24 19:02:41,487 [INFO] Reply from ptd: 'Stopping untimed measurement'
ptd-server 2023-02-24 19:02:41,517 [INFO] Sending reply to client 'OK'
ptd-server 2023-02-24 19:02:41,639 [INFO] Got command from the client 'time'
ptd-server 2023-02-24 19:02:41,639 [INFO] Sending reply to client '1677286961.6398342'
ptd-server 2023-02-24 19:02:41,642 [INFO] Got command from the client 'session,2023-02-24_18-49-45,start,testing'
ptd-server 2023-02-24 19:02:41,643 [INFO] Sending to ptd: 'SR,V,120.480000'
ptd-server 2023-02-24 19:02:43,685 [INFO] Reply from ptd: 'Range V changed'
ptd-server 2023-02-24 19:02:43,686 [INFO] Sending to ptd: 'SR,A,0.151410'
ptd-server 2023-02-24 19:02:45,188 [INFO] Reply from ptd: 'Range A changed'
ptd-server 2023-02-24 19:02:55,193 [INFO] Starting testing mode
ptd-server 2023-02-24 19:02:55,193 [INFO] Sending to ptd: 'Go,1000,0,2023-02-24_18-49-45_testing'
ptd-server 2023-02-24 19:02:55,194 [INFO] Reply from ptd: 'Starting untimed measurement, maximum 500000 samples at 1000ms with 0 rampup samples'
ptd-server 2023-02-24 19:02:55,194 [INFO] Sending reply to client 'OK'
ptd-server 2023-02-24 19:15:13,997 [INFO] Got command from the client 'session,2023-02-24_18-49-45,stop,testing'
ptd-server 2023-02-24 19:15:24,008 [INFO] Sending to ptd: 'Stop'
ptd-server 2023-02-24 19:15:24,008 [INFO] Reply from ptd: 'Stopping untimed measurement'
ptd-server 2023-02-24 19:15:24,023 [INFO] Sending reply to client 'OK'
ptd-server 2023-02-24 19:15:24,045 [INFO] Got command from the client 'session,2023-02-24_18-49-45,done'
ptd-server 2023-02-24 19:15:24,045 [INFO] Sending to ptd: 'Stop'
ptd-server 2023-02-24 19:15:24,194 [INFO] Reply from ptd: 'Error: no measurement to stop'
ptd-server 2023-02-24 19:15:24,194 [INFO] Sending to ptd: 'SR,V,Auto'
ptd-server 2023-02-24 19:15:24,697 [INFO] Reply from ptd: 'Range V changed'
ptd-server 2023-02-24 19:15:24,698 [INFO] Sending to ptd: 'SR,A,Auto'
ptd-server 2023-02-24 19:15:25,201 [INFO] Reply from ptd: 'Range A changed'
ptd-server 2023-02-24 19:15:25,201 [INFO] Set initial values for Amps Auto and Volts Auto
ptd-server 2023-02-24 19:15:25,201 [INFO] Stopping ptd...
