ptd-server 2023-02-24 14:39:08,491 [INFO] Got command from the client 'time'
ptd-server 2023-02-24 14:39:08,491 [INFO] Sending reply to client '1677249548.4917207'
ptd-server 2023-02-24 14:39:08,500 [INFO] Got command from the client 'new,,9ee1aa7b-c75a-482c-b74b-32ad98087244'
ptd-server 2023-02-24 14:39:08,501 [INFO] Sending reply to client 'OK 2023-02-24_14-39-08,5dc23c12-8178-45ae-8ca3-a7a01f1d9e21'
ptd-server 2023-02-24 14:39:08,522 [INFO] Got command from the client 'time'
ptd-server 2023-02-24 14:39:08,522 [INFO] Sending reply to client '1677249548.52278'
ptd-server 2023-02-24 14:39:08,526 [INFO] Got command from the client 'session,2023-02-24_14-39-08,start,ranging'
ptd-server 2023-02-24 14:39:08,527 [INFO] Running PTDaemon: ['/media/arjun/T7_Touch/hp-envy/CM/repos/local/cache/9b3695ca8255492a/power/inference_v1.0/ptd-linux-x86', '-l', '/tmp/tmpti64566v/ptd_logfile.txt', '-p', '8888', '49', '/dev/usbtmc0']
ptd-server 2023-02-24 14:39:25,628 [INFO] Sending to ptd: 'Hello'
ptd-server 2023-02-24 14:39:25,629 [INFO] Reply from ptd: 'Hello, PTDaemon here!'
ptd-server 2023-02-24 14:39:25,629 [INFO] Sending to ptd: 'Identify'
ptd-server 2023-02-24 14:39:25,630 [INFO] Reply from ptd: 'YokogawaWT310E,1000,1,1,1,1,0,1,1,version=1.10.0-ed9a21d2-20220817,OS=Linux 5.15.0-56-generic #62-Ubuntu SMP Tue Nov 22 19:54:14 UTC 2022 x86_64,mode=power,1,1,1,0,0,no_cal_date,YOKOGAWA;WT310E;C3YD21068E;F1.04'
ptd-server 2023-02-24 14:39:25,630 [INFO] Connected to PTDaemon
ptd-server 2023-02-24 14:39:25,631 [INFO] Sending to ptd: 'RR'
ptd-server 2023-02-24 14:39:25,631 [INFO] Reply from ptd: 'Ranges,0,0.100000,0,600.000000'
ptd-server 2023-02-24 14:39:25,632 [INFO] Initial range for Amps is 0.100000 for Volts is 600.000000
ptd-server 2023-02-24 14:39:25,632 [INFO] Sending to ptd: 'SR,V,Auto'
ptd-server 2023-02-24 14:39:26,136 [INFO] Reply from ptd: 'Range V changed'
ptd-server 2023-02-24 14:39:26,136 [INFO] Sending to ptd: 'SR,A,Auto'
ptd-server 2023-02-24 14:39:26,640 [INFO] Reply from ptd: 'Range A changed'
ptd-server 2023-02-24 14:39:36,651 [INFO] Starting ranging mode
ptd-server 2023-02-24 14:39:36,651 [INFO] Sending to ptd: 'Go,1000,0,2023-02-24_14-39-08_ranging'
ptd-server 2023-02-24 14:39:36,652 [INFO] Reply from ptd: 'Starting untimed measurement, maximum 500000 samples at 1000ms with 0 rampup samples'
ptd-server 2023-02-24 14:39:36,653 [INFO] Sending reply to client 'OK'
ptd-server 2023-02-24 14:50:36,086 [INFO] Got command from the client 'session,2023-02-24_14-39-08,stop,ranging'
ptd-server 2023-02-24 14:50:46,098 [INFO] Sending to ptd: 'Stop'
ptd-server 2023-02-24 14:50:46,099 [INFO] Reply from ptd: 'Stopping untimed measurement'
ptd-server 2023-02-24 14:50:46,203 [INFO] Sending reply to client 'OK'
ptd-server 2023-02-24 14:50:46,275 [INFO] Got command from the client 'time'
ptd-server 2023-02-24 14:50:46,275 [INFO] Sending reply to client '1677250246.2753572'
ptd-server 2023-02-24 14:50:46,278 [INFO] Got command from the client 'session,2023-02-24_14-39-08,start,testing'
ptd-server 2023-02-24 14:50:46,278 [INFO] Sending to ptd: 'SR,V,248.250000'
ptd-server 2023-02-24 14:50:48,155 [INFO] Reply from ptd: 'Range V changed'
ptd-server 2023-02-24 14:50:48,156 [INFO] Sending to ptd: 'SR,A,0.164630'
ptd-server 2023-02-24 14:50:49,659 [INFO] Reply from ptd: 'Range A changed'
ptd-server 2023-02-24 14:50:59,669 [INFO] Starting testing mode
ptd-server 2023-02-24 14:50:59,670 [INFO] Sending to ptd: 'Go,1000,0,2023-02-24_14-39-08_testing'
ptd-server 2023-02-24 14:50:59,671 [INFO] Reply from ptd: 'Starting untimed measurement, maximum 500000 samples at 1000ms with 0 rampup samples'
ptd-server 2023-02-24 14:50:59,671 [INFO] Sending reply to client 'OK'
ptd-server 2023-02-24 15:01:54,437 [INFO] Got command from the client 'session,2023-02-24_14-39-08,stop,testing'
ptd-server 2023-02-24 15:02:04,447 [INFO] Sending to ptd: 'Stop'
ptd-server 2023-02-24 15:02:04,448 [INFO] Reply from ptd: 'Stopping untimed measurement'
ptd-server 2023-02-24 15:02:04,535 [INFO] Sending reply to client 'OK'
ptd-server 2023-02-24 15:02:04,552 [INFO] Got command from the client 'session,2023-02-24_14-39-08,done'
ptd-server 2023-02-24 15:02:04,552 [INFO] Sending to ptd: 'Stop'
ptd-server 2023-02-24 15:02:04,672 [INFO] Reply from ptd: 'Error: no measurement to stop'
ptd-server 2023-02-24 15:02:04,673 [INFO] Sending to ptd: 'SR,V,600.000000'
ptd-server 2023-02-24 15:02:06,175 [INFO] Reply from ptd: 'Range V changed'
ptd-server 2023-02-24 15:02:06,176 [INFO] Sending to ptd: 'SR,A,0.100000'
ptd-server 2023-02-24 15:02:07,678 [INFO] Reply from ptd: 'Range A changed'
ptd-server 2023-02-24 15:02:07,679 [INFO] Set initial values for Amps 0.100000 and Volts 600.000000
ptd-server 2023-02-24 15:02:07,679 [INFO] Stopping ptd...
