client 2023-02-24 11:48:05,835 [INFO] Creating output directory '/home/arjun/mobilenet_results/valid_results/arjun_orin-tflite_cpp-cpu-tflite-vmaster-default_config/mobilenet-v2-precision_float-0.5-128/singlestream/performance/tmp_power'
client 2023-02-24 11:48:05,839 [INFO] Sending command to the server: 'mlcommons/power client v3'
client 2023-02-24 11:48:05,843 [INFO] Got response: 'mlcommons/power server v3'
client 2023-02-24 11:48:05,843 [INFO] Synchronizing with the server and with time.google.com...
client 2023-02-24 11:48:05,873 [INFO] NTP:offset = 0.002 s, delay = 0.014 s 
client 2023-02-24 11:48:05,873 [INFO] Sending command to the server: 'time'
client 2023-02-24 11:48:05,876 [INFO] Got response: '1677239285.8786771'
client 2023-02-24 11:48:05,876 [INFO] The time difference between the client and the server is within range -5.168 ms..-2.449 ms
client 2023-02-24 11:48:05,876 [INFO] Sending command to the server: 'new,,80624ecf-e0f8-49cf-a214-93ce7f30084c'
client 2023-02-24 11:48:05,880 [INFO] Got response: 'OK 2023-02-24_11-48-05,2c385551-0839-408e-b73b-f505b566be45'
client 2023-02-24 11:48:05,881 [INFO] Session id is '2023-02-24_11-48-05'
client 2023-02-24 11:48:05,881 [INFO] Sources: {"sources": {"__init__.py": "da39a3ee5e6b4b0d3255bfef95601890afd80709", "client.py": "33ca4f26368777ac06e01f9567b714a4b8063886", "lib/__init__.py": "da39a3ee5e6b4b0d3255bfef95601890afd80709", "lib/client.py": "4c2b78fb4849a7e5b584ef792d82aaed20b17f57", "lib/common.py": "624d0c0acc7c39aaff3674f0b99d6a09da53d1dc", "lib/external/__init__.py": "da39a3ee5e6b4b0d3255bfef95601890afd80709", "lib/external/ntplib.py": "4da8f970656505a40483206ef2b5d3dd5e81711d", "lib/server.py": "cda0cdfaee9bfa1249c64a7dd4f89b7bf1b279f0", "lib/source_hashes.py": "60a2e02193209e8d392803326208d5466342da18", "lib/summary.py": "aa92f0a3f975eecd44d3c0cd0236342ccc9f941d", "lib/time_sync.py": "3210db56eb0ff0df57bf4293dc4d4b03fffd46f1", "server.py": "c3f90f2f7eeb4db30727556d0c815ebc89b3d28b", "tests/unit/__init__.py": "da39a3ee5e6b4b0d3255bfef95601890afd80709", "tests/unit/test_server.py": "99ae15aef722f2000ee6ed1ae1523637bf1ae42b", "tests/unit/test_source_hashes.py": "00468a2907583c593e6574a1f6b404e4651c221a"}, "modules": {"ptd_client_server.lib.client": "lib/client.py", "ptd_client_server.lib.common": "lib/common.py", "ptd_client_server.lib.external.ntplib": "lib/external/ntplib.py", "ptd_client_server.lib.source_hashes": "lib/source_hashes.py", "ptd_client_server.lib.summary": "lib/summary.py", "ptd_client_server.lib.time_sync": "lib/time_sync.py"}}
client 2023-02-24 11:48:05,881 [INFO] Running workload in ranging mode
client 2023-02-24 11:48:05,881 [INFO] Synchronizing with the server and with time.google.com...
client 2023-02-24 11:48:05,899 [INFO] NTP:offset = 0.001 s, delay = 0.017 s 
client 2023-02-24 11:48:05,899 [INFO] Sending command to the server: 'time'
client 2023-02-24 11:48:05,902 [INFO] Got response: '1677239285.905135'
client 2023-02-24 11:48:05,902 [INFO] The time difference between the client and the server is within range -5.404 ms..-2.423 ms
client 2023-02-24 11:48:05,902 [INFO] Sending command to the server: 'session,2023-02-24_11-48-05,start,ranging'
client 2023-02-24 11:48:34,033 [INFO] Got response: 'OK'
client 2023-02-24 11:48:34,033 [INFO] Running the workload '/home/arjun/run.out'
client 2023-02-24 11:59:33,437 [INFO] Sending command to the server: 'session,2023-02-24_11-48-05,stop,ranging'
client 2023-02-24 11:59:43,546 [INFO] Got response: 'OK'
client 2023-02-24 11:59:43,577 [INFO] Copying loadgen logs from '/home/arjun/mobilenet_results/valid_results/arjun_orin-tflite_cpp-cpu-tflite-vmaster-default_config/mobilenet-v2-precision_float-0.5-128/singlestream/performance/run_1' to '/home/arjun/mobilenet_results/valid_results/arjun_orin-tflite_cpp-cpu-tflite-vmaster-default_config/mobilenet-v2-precision_float-0.5-128/singlestream/performance/tmp_power/ranging'
client 2023-02-24 11:59:43,580 [INFO] Running workload in testing mode
client 2023-02-24 11:59:43,580 [INFO] Synchronizing with the server and with time.google.com...
client 2023-02-24 11:59:43,603 [INFO] NTP:offset = 0.001 s, delay = 0.019 s 
client 2023-02-24 11:59:43,603 [INFO] Sending command to the server: 'time'
client 2023-02-24 11:59:43,607 [INFO] Got response: '1677239983.607556'
client 2023-02-24 11:59:43,607 [INFO] The time difference between the client and the server is within range -3.704 ms..-0.281 ms
client 2023-02-24 11:59:43,607 [INFO] Sending command to the server: 'session,2023-02-24_11-48-05,start,testing'
client 2023-02-24 11:59:57,055 [INFO] Got response: 'OK'
client 2023-02-24 11:59:57,057 [INFO] Running the workload '/home/arjun/run.out'
client 2023-02-24 12:10:59,633 [INFO] Sending command to the server: 'session,2023-02-24_11-48-05,stop,testing'
client 2023-02-24 12:11:09,960 [INFO] Got response: 'OK'
client 2023-02-24 12:11:09,962 [INFO] Copying loadgen logs from '/home/arjun/mobilenet_results/valid_results/arjun_orin-tflite_cpp-cpu-tflite-vmaster-default_config/mobilenet-v2-precision_float-0.5-128/singlestream/performance/run_1' to '/home/arjun/mobilenet_results/valid_results/arjun_orin-tflite_cpp-cpu-tflite-vmaster-default_config/mobilenet-v2-precision_float-0.5-128/singlestream/performance/tmp_power/run_1'
client 2023-02-24 12:11:09,963 [INFO] Done runs
