ptd-server 2023-02-20 00:35:29,274 [INFO] Got command from the client 'time'
ptd-server 2023-02-20 00:35:29,274 [INFO] Sending reply to client '1676853329.2747188'
ptd-server 2023-02-20 00:35:29,276 [INFO] Got command from the client 'new,,b7d3dd41-1192-4c18-8df5-b7eba394f37e'
ptd-server 2023-02-20 00:35:29,276 [INFO] Sending reply to client 'OK 2023-02-20_00-35-29,50a9355c-d217-43e5-aca7-279fbcbe99c5'
ptd-server 2023-02-20 00:35:29,295 [INFO] Got command from the client 'time'
ptd-server 2023-02-20 00:35:29,295 [INFO] Sending reply to client '1676853329.2958934'
ptd-server 2023-02-20 00:35:29,296 [INFO] Got command from the client 'session,2023-02-20_00-35-29,start,ranging'
ptd-server 2023-02-20 00:35:29,297 [INFO] Running PTDaemon: ['/home/anton/projects/mlperf/power/inference_v1.0/ptd-linux-x86', '-l', '/tmp/tmp4yl1neqp/ptd_logfile.txt', '-p', '8888', '49', '/dev/usbtmc0']
ptd-server 2023-02-20 00:35:46,371 [INFO] Sending to ptd: 'Hello'
ptd-server 2023-02-20 00:35:46,371 [INFO] Reply from ptd: 'Hello, PTDaemon here!'
ptd-server 2023-02-20 00:35:46,372 [INFO] Sending to ptd: 'Identify'
ptd-server 2023-02-20 00:35:46,372 [INFO] Reply from ptd: 'YokogawaWT310E,1000,1,1,1,1,0,1,1,version=1.10.0-ed9a21d2-20220817,OS=Linux 5.15.0-60-generic #66~20.04.1-Ubuntu SMP Wed Jan 25 09:41:30 UTC 2023 x86_64,mode=power,1,1,1,0,0,no_cal_date,YOKOGAWA;WT310E;C3XA04010E;F1.04'
ptd-server 2023-02-20 00:35:46,372 [INFO] Connected to PTDaemon
ptd-server 2023-02-20 00:35:46,372 [INFO] Sending to ptd: 'RR'
ptd-server 2023-02-20 00:35:46,373 [INFO] Reply from ptd: 'Ranges,0,0.500000,1,300.000000'
ptd-server 2023-02-20 00:35:46,373 [INFO] Initial range for Amps is 0.500000 for Volts is Auto
ptd-server 2023-02-20 00:35:46,373 [INFO] Sending to ptd: 'SR,V,Auto'
ptd-server 2023-02-20 00:35:46,875 [INFO] Reply from ptd: 'Range V changed'
ptd-server 2023-02-20 00:35:46,875 [INFO] Sending to ptd: 'SR,A,Auto'
ptd-server 2023-02-20 00:35:47,378 [INFO] Reply from ptd: 'Range A changed'
ptd-server 2023-02-20 00:35:57,388 [INFO] Starting ranging mode
ptd-server 2023-02-20 00:35:57,388 [INFO] Sending to ptd: 'Go,1000,0,2023-02-20_00-35-29_ranging'
ptd-server 2023-02-20 00:35:57,390 [INFO] Reply from ptd: 'Starting untimed measurement, maximum 500000 samples at 1000ms with 0 rampup samples'
ptd-server 2023-02-20 00:35:57,391 [INFO] Sending reply to client 'OK'
ptd-server 2023-02-20 00:46:25,848 [INFO] Got command from the client 'session,2023-02-20_00-35-29,stop,ranging'
ptd-server 2023-02-20 00:46:35,858 [INFO] Sending to ptd: 'Stop'
ptd-server 2023-02-20 00:46:35,859 [INFO] Reply from ptd: 'Stopping untimed measurement'
ptd-server 2023-02-20 00:46:35,981 [INFO] Sending reply to client 'OK'
ptd-server 2023-02-20 00:46:36,057 [INFO] Got command from the client 'time'
ptd-server 2023-02-20 00:46:36,057 [INFO] Sending reply to client '1676853996.0572367'
ptd-server 2023-02-20 00:46:36,058 [INFO] Got command from the client 'session,2023-02-20_00-35-29,start,testing'
ptd-server 2023-02-20 00:46:36,058 [INFO] Sending to ptd: 'SR,V,249.060000'
ptd-server 2023-02-20 00:46:37,892 [INFO] Reply from ptd: 'Range V changed'
ptd-server 2023-02-20 00:46:37,892 [INFO] Sending to ptd: 'SR,A,0.070740'
ptd-server 2023-02-20 00:46:39,393 [INFO] Reply from ptd: 'Range A changed'
ptd-server 2023-02-20 00:46:49,403 [INFO] Starting testing mode
ptd-server 2023-02-20 00:46:49,403 [INFO] Sending to ptd: 'Go,1000,0,2023-02-20_00-35-29_testing'
ptd-server 2023-02-20 00:46:49,404 [INFO] Reply from ptd: 'Starting untimed measurement, maximum 500000 samples at 1000ms with 0 rampup samples'
ptd-server 2023-02-20 00:46:49,404 [INFO] Sending reply to client 'OK'
ptd-server 2023-02-20 00:57:16,401 [INFO] Got command from the client 'session,2023-02-20_00-35-29,stop,testing'
ptd-server 2023-02-20 00:57:26,412 [INFO] Sending to ptd: 'Stop'
ptd-server 2023-02-20 00:57:26,412 [INFO] Reply from ptd: 'Stopping untimed measurement'
ptd-server 2023-02-20 00:57:26,477 [INFO] Sending reply to client 'OK'
ptd-server 2023-02-20 00:57:26,486 [INFO] Got command from the client 'session,2023-02-20_00-35-29,done'
ptd-server 2023-02-20 00:57:26,486 [INFO] Sending to ptd: 'Stop'
ptd-server 2023-02-20 00:57:27,405 [INFO] Reply from ptd: 'Error: no measurement to stop'
ptd-server 2023-02-20 00:57:27,405 [INFO] Sending to ptd: 'SR,V,Auto'
ptd-server 2023-02-20 00:57:27,907 [INFO] Reply from ptd: 'Range V changed'
ptd-server 2023-02-20 00:57:27,907 [INFO] Sending to ptd: 'SR,A,0.500000'
ptd-server 2023-02-20 00:57:29,409 [INFO] Reply from ptd: 'Range A changed'
ptd-server 2023-02-20 00:57:29,409 [INFO] Set initial values for Amps 0.500000 and Volts Auto
ptd-server 2023-02-20 00:57:29,409 [INFO] Stopping ptd...
