ptd-server 2023-02-28 01:17:23,763 [INFO] Got command from the client 'time'
ptd-server 2023-02-28 01:17:23,763 [INFO] Sending reply to client '1677547043.7631044'
ptd-server 2023-02-28 01:17:23,766 [INFO] Got command from the client 'new,,fb73439c-3ade-49ec-90dd-be3f92e4362d'
ptd-server 2023-02-28 01:17:23,766 [INFO] Sending reply to client 'OK 2023-02-28_01-17-23,9212a2d9-af40-4e67-881b-db031d66b50e'
ptd-server 2023-02-28 01:17:23,791 [INFO] Got command from the client 'time'
ptd-server 2023-02-28 01:17:23,791 [INFO] Sending reply to client '1677547043.7917383'
ptd-server 2023-02-28 01:17:23,793 [INFO] Got command from the client 'session,2023-02-28_01-17-23,start,ranging'
ptd-server 2023-02-28 01:17:23,793 [INFO] Running PTDaemon: ['/media/arjun/T7_Touch/hp-envy/CM/repos/local/cache/9b3695ca8255492a/power/inference_v1.0/ptd-linux-x86', '-l', '/tmp/tmpti64566v/ptd_logfile.txt', '-p', '8888', '49', '/dev/usbtmc0']
ptd-server 2023-02-28 01:17:40,857 [INFO] Sending to ptd: 'Hello'
ptd-server 2023-02-28 01:17:40,858 [INFO] Reply from ptd: 'Hello, PTDaemon here!'
ptd-server 2023-02-28 01:17:40,858 [INFO] Sending to ptd: 'Identify'
ptd-server 2023-02-28 01:17:40,858 [INFO] Reply from ptd: 'YokogawaWT310E,1000,1,1,1,1,0,1,1,version=1.10.0-ed9a21d2-20220817,OS=Linux 5.15.0-56-generic #62-Ubuntu SMP Tue Nov 22 19:54:14 UTC 2022 x86_64,mode=power,1,1,1,0,0,no_cal_date,YOKOGAWA;WT310E;C3YD21068E;F1.04'
ptd-server 2023-02-28 01:17:40,858 [INFO] Connected to PTDaemon
ptd-server 2023-02-28 01:17:40,858 [INFO] Sending to ptd: 'RR'
ptd-server 2023-02-28 01:17:40,858 [INFO] Reply from ptd: 'Ranges,0,0.100000,0,600.000000'
ptd-server 2023-02-28 01:17:40,858 [INFO] Initial range for Amps is 0.100000 for Volts is 600.000000
ptd-server 2023-02-28 01:17:40,858 [INFO] Sending to ptd: 'SR,V,Auto'
ptd-server 2023-02-28 01:17:41,361 [INFO] Reply from ptd: 'Range V changed'
ptd-server 2023-02-28 01:17:41,361 [INFO] Sending to ptd: 'SR,A,Auto'
ptd-server 2023-02-28 01:17:41,863 [INFO] Reply from ptd: 'Range A changed'
ptd-server 2023-02-28 01:17:51,873 [INFO] Starting ranging mode
ptd-server 2023-02-28 01:17:51,874 [INFO] Sending to ptd: 'Go,1000,0,2023-02-28_01-17-23_ranging'
ptd-server 2023-02-28 01:17:51,874 [INFO] Reply from ptd: 'Starting untimed measurement, maximum 500000 samples at 1000ms with 0 rampup samples'
ptd-server 2023-02-28 01:17:51,874 [INFO] Sending reply to client 'OK'
ptd-server 2023-02-28 01:33:40,837 [INFO] Got command from the client 'session,2023-02-28_01-17-23,stop,ranging'
ptd-server 2023-02-28 01:33:50,848 [INFO] Sending to ptd: 'Stop'
ptd-server 2023-02-28 01:33:50,850 [INFO] Reply from ptd: 'Stopping untimed measurement'
ptd-server 2023-02-28 01:33:51,166 [INFO] Sending reply to client 'OK'
ptd-server 2023-02-28 01:33:51,216 [INFO] Got command from the client 'time'
ptd-server 2023-02-28 01:33:51,216 [INFO] Sending reply to client '1677548031.2164752'
ptd-server 2023-02-28 01:33:51,219 [INFO] Got command from the client 'session,2023-02-28_01-17-23,start,testing'
ptd-server 2023-02-28 01:33:51,219 [INFO] Sending to ptd: 'SR,V,248.660000'
ptd-server 2023-02-28 01:33:52,722 [INFO] Reply from ptd: 'Range V changed'
ptd-server 2023-02-28 01:33:52,722 [INFO] Sending to ptd: 'SR,A,0.199300'
ptd-server 2023-02-28 01:33:54,225 [INFO] Reply from ptd: 'Range A changed'
ptd-server 2023-02-28 01:34:04,236 [INFO] Starting testing mode
ptd-server 2023-02-28 01:34:04,236 [INFO] Sending to ptd: 'Go,1000,0,2023-02-28_01-17-23_testing'
ptd-server 2023-02-28 01:34:04,237 [INFO] Reply from ptd: 'Starting untimed measurement, maximum 500000 samples at 1000ms with 0 rampup samples'
ptd-server 2023-02-28 01:34:04,238 [INFO] Sending reply to client 'OK'
ptd-server 2023-02-28 01:49:57,623 [INFO] Got command from the client 'session,2023-02-28_01-17-23,stop,testing'
ptd-server 2023-02-28 01:50:07,634 [INFO] Sending to ptd: 'Stop'
ptd-server 2023-02-28 01:50:07,635 [INFO] Reply from ptd: 'Stopping untimed measurement'
ptd-server 2023-02-28 01:50:07,825 [INFO] Sending reply to client 'OK'
ptd-server 2023-02-28 01:50:07,841 [INFO] Got command from the client 'session,2023-02-28_01-17-23,done'
ptd-server 2023-02-28 01:50:07,841 [INFO] Sending to ptd: 'Stop'
ptd-server 2023-02-28 01:50:08,238 [INFO] Reply from ptd: 'Error: no measurement to stop'
ptd-server 2023-02-28 01:50:08,239 [INFO] Sending to ptd: 'SR,V,600.000000'
ptd-server 2023-02-28 01:50:09,742 [INFO] Reply from ptd: 'Range V changed'
ptd-server 2023-02-28 01:50:09,742 [INFO] Sending to ptd: 'SR,A,0.100000'
ptd-server 2023-02-28 01:50:11,244 [INFO] Reply from ptd: 'Range A changed'
ptd-server 2023-02-28 01:50:11,245 [INFO] Set initial values for Amps 0.100000 and Volts 600.000000
ptd-server 2023-02-28 01:50:11,245 [INFO] Stopping ptd...
