ptd-server 2023-02-24 06:58:27,876 [INFO] Got command from the client 'time'
ptd-server 2023-02-24 06:58:27,877 [INFO] Sending reply to client '1677243507.8770764'
ptd-server 2023-02-24 06:58:27,880 [INFO] Got command from the client 'new,,83fff63c-daad-443c-9c88-e31b95f0cc38'
ptd-server 2023-02-24 06:58:27,880 [INFO] Sending reply to client 'OK 2023-02-24_06-58-27,8376a692-6707-409a-a0c8-9996679b9ecc'
ptd-server 2023-02-24 06:58:27,989 [INFO] Got command from the client 'time'
ptd-server 2023-02-24 06:58:27,989 [INFO] Sending reply to client '1677243507.989326'
ptd-server 2023-02-24 06:58:27,991 [INFO] Got command from the client 'session,2023-02-24_06-58-27,start,ranging'
ptd-server 2023-02-24 06:58:27,992 [INFO] Running PTDaemon: ['/local/mnt/workspace/mlcommons/power-main/inference_v1.0/ptd-linux-x86', '-l', '/tmp/tmpgrsgboht/ptd_logfile.txt', '-p', '8888', '-c', '2', '52', '/dev/usbtmc0']
ptd-server 2023-02-24 06:58:45,014 [INFO] Sending to ptd: 'Hello'
ptd-server 2023-02-24 06:58:45,015 [INFO] Reply from ptd: 'Hello, PTDaemon here!'
ptd-server 2023-02-24 06:58:45,015 [INFO] Sending to ptd: 'Identify'
ptd-server 2023-02-24 06:58:45,016 [INFO] Reply from ptd: 'YokogawaWT330,1000,1,1,1,1,0,0,1,version=1.10.0-ed9a21d2-20220817,OS=Linux 5.4.0-120-generic #136~18.04.1-Ubuntu SMP Fri Jun 10 18:00:44 UTC 2022 x86_64,mode=power,1,1,1,0,0,no_cal_date,YOKOGAWA;WT333;C2QH26002V;F1.06'
ptd-server 2023-02-24 06:58:45,016 [INFO] Connected to PTDaemon
ptd-server 2023-02-24 06:58:45,016 [INFO] Sending to ptd: 'RR'
ptd-server 2023-02-24 06:58:45,016 [INFO] Reply from ptd: 'Ranges,1,0.500000,1,150.000000'
ptd-server 2023-02-24 06:58:45,017 [INFO] Initial range for Amps is Auto for Volts is Auto
ptd-server 2023-02-24 06:58:45,017 [INFO] Sending to ptd: 'SR,V,Auto'
ptd-server 2023-02-24 06:58:45,559 [INFO] Reply from ptd: 'Range V changed'
ptd-server 2023-02-24 06:58:45,559 [INFO] Sending to ptd: 'SR,A,Auto'
ptd-server 2023-02-24 06:58:46,062 [INFO] Reply from ptd: 'Range A changed'
ptd-server 2023-02-24 06:58:56,065 [INFO] Starting ranging mode
ptd-server 2023-02-24 06:58:56,065 [INFO] Sending to ptd: 'Go,1000,0,2023-02-24_06-58-27_ranging'
ptd-server 2023-02-24 06:58:56,066 [INFO] Reply from ptd: 'Starting untimed measurement, maximum 500000 samples at 1000ms with 0 rampup samples'
ptd-server 2023-02-24 06:58:56,066 [INFO] Sending reply to client 'OK'
ptd-server 2023-02-24 07:11:14,166 [INFO] Got command from the client 'session,2023-02-24_06-58-27,stop,ranging'
ptd-server 2023-02-24 07:11:24,177 [INFO] Sending to ptd: 'Stop'
ptd-server 2023-02-24 07:11:24,177 [INFO] Reply from ptd: 'Stopping untimed measurement'
ptd-server 2023-02-24 07:11:24,191 [INFO] Sending reply to client 'OK'
ptd-server 2023-02-24 07:11:24,328 [INFO] Got command from the client 'time'
ptd-server 2023-02-24 07:11:24,328 [INFO] Sending reply to client '1677244284.3282356'
ptd-server 2023-02-24 07:11:24,331 [INFO] Got command from the client 'session,2023-02-24_06-58-27,start,testing'
ptd-server 2023-02-24 07:11:24,331 [INFO] Sending to ptd: 'SR,V,120.150000'
ptd-server 2023-02-24 07:11:26,568 [INFO] Reply from ptd: 'Range V changed'
ptd-server 2023-02-24 07:11:26,568 [INFO] Sending to ptd: 'SR,A,0.130810'
ptd-server 2023-02-24 07:11:28,070 [INFO] Reply from ptd: 'Range A changed'
ptd-server 2023-02-24 07:11:38,081 [INFO] Starting testing mode
ptd-server 2023-02-24 07:11:38,081 [INFO] Sending to ptd: 'Go,1000,0,2023-02-24_06-58-27_testing'
ptd-server 2023-02-24 07:11:38,082 [INFO] Reply from ptd: 'Starting untimed measurement, maximum 500000 samples at 1000ms with 0 rampup samples'
ptd-server 2023-02-24 07:11:38,082 [INFO] Sending reply to client 'OK'
ptd-server 2023-02-24 07:23:56,899 [INFO] Got command from the client 'session,2023-02-24_06-58-27,stop,testing'
ptd-server 2023-02-24 07:24:06,910 [INFO] Sending to ptd: 'Stop'
ptd-server 2023-02-24 07:24:06,911 [INFO] Reply from ptd: 'Stopping untimed measurement'
ptd-server 2023-02-24 07:24:06,917 [INFO] Sending reply to client 'OK'
ptd-server 2023-02-24 07:24:06,945 [INFO] Got command from the client 'session,2023-02-24_06-58-27,done'
ptd-server 2023-02-24 07:24:06,945 [INFO] Sending to ptd: 'Stop'
ptd-server 2023-02-24 07:24:07,082 [INFO] Reply from ptd: 'Error: no measurement to stop'
ptd-server 2023-02-24 07:24:07,082 [INFO] Sending to ptd: 'SR,V,Auto'
ptd-server 2023-02-24 07:24:07,585 [INFO] Reply from ptd: 'Range V changed'
ptd-server 2023-02-24 07:24:07,586 [INFO] Sending to ptd: 'SR,A,Auto'
ptd-server 2023-02-24 07:24:08,089 [INFO] Reply from ptd: 'Range A changed'
ptd-server 2023-02-24 07:24:08,089 [INFO] Set initial values for Amps Auto and Volts Auto
ptd-server 2023-02-24 07:24:08,089 [INFO] Stopping ptd...
