ptd-server 2023-02-20 15:42:06,050 [INFO] Got command from the client 'time'
ptd-server 2023-02-20 15:42:06,051 [INFO] Sending reply to client '1676907726.0510023'
ptd-server 2023-02-20 15:42:06,051 [INFO] Got command from the client 'new,,372b103b-971b-493f-b011-d2a4a7bc6ff2'
ptd-server 2023-02-20 15:42:06,052 [INFO] Sending reply to client 'OK 2023-02-20_15-42-06,6650b69e-80d8-4bd8-a647-32c232f06c52'
ptd-server 2023-02-20 15:42:06,106 [INFO] Got command from the client 'time'
ptd-server 2023-02-20 15:42:06,106 [INFO] Sending reply to client '1676907726.1061842'
ptd-server 2023-02-20 15:42:06,107 [INFO] Got command from the client 'session,2023-02-20_15-42-06,start,ranging'
ptd-server 2023-02-20 15:42:06,107 [INFO] Running PTDaemon: ['/home/anton/projects/mlperf/power/inference_v1.0/ptd-linux-x86', '-l', '/tmp/tmp4yl1neqp/ptd_logfile.txt', '-p', '8888', '49', '/dev/usbtmc0']
ptd-server 2023-02-20 15:42:23,172 [INFO] Sending to ptd: 'Hello'
ptd-server 2023-02-20 15:42:23,172 [INFO] Reply from ptd: 'Hello, PTDaemon here!'
ptd-server 2023-02-20 15:42:23,172 [INFO] Sending to ptd: 'Identify'
ptd-server 2023-02-20 15:42:23,173 [INFO] Reply from ptd: 'YokogawaWT310E,1000,1,1,1,1,0,1,1,version=1.10.0-ed9a21d2-20220817,OS=Linux 5.15.0-60-generic #66~20.04.1-Ubuntu SMP Wed Jan 25 09:41:30 UTC 2023 x86_64,mode=power,1,1,1,0,0,no_cal_date,YOKOGAWA;WT310E;C3XA04010E;F1.04'
ptd-server 2023-02-20 15:42:23,173 [INFO] Connected to PTDaemon
ptd-server 2023-02-20 15:42:23,173 [INFO] Sending to ptd: 'RR'
ptd-server 2023-02-20 15:42:23,173 [INFO] Reply from ptd: 'Ranges,1,0.100000,1,300.000000'
ptd-server 2023-02-20 15:42:23,173 [INFO] Initial range for Amps is Auto for Volts is Auto
ptd-server 2023-02-20 15:42:23,174 [INFO] Sending to ptd: 'SR,V,Auto'
ptd-server 2023-02-20 15:42:23,676 [INFO] Reply from ptd: 'Range V changed'
ptd-server 2023-02-20 15:42:23,676 [INFO] Sending to ptd: 'SR,A,Auto'
ptd-server 2023-02-20 15:42:24,178 [INFO] Reply from ptd: 'Range A changed'
ptd-server 2023-02-20 15:42:34,189 [INFO] Starting ranging mode
ptd-server 2023-02-20 15:42:34,189 [INFO] Sending to ptd: 'Go,1000,0,2023-02-20_15-42-06_ranging'
ptd-server 2023-02-20 15:42:34,189 [INFO] Reply from ptd: 'Starting untimed measurement, maximum 500000 samples at 1000ms with 0 rampup samples'
ptd-server 2023-02-20 15:42:34,189 [INFO] Sending reply to client 'OK'
ptd-server 2023-02-20 15:53:01,371 [INFO] Got command from the client 'session,2023-02-20_15-42-06,stop,ranging'
ptd-server 2023-02-20 15:53:11,382 [INFO] Sending to ptd: 'Stop'
ptd-server 2023-02-20 15:53:11,382 [INFO] Reply from ptd: 'Stopping untimed measurement'
ptd-server 2023-02-20 15:53:11,576 [INFO] Sending reply to client 'OK'
ptd-server 2023-02-20 15:53:11,644 [INFO] Got command from the client 'time'
ptd-server 2023-02-20 15:53:11,645 [INFO] Sending reply to client '1676908391.645038'
ptd-server 2023-02-20 15:53:11,645 [INFO] Got command from the client 'session,2023-02-20_15-42-06,start,testing'
ptd-server 2023-02-20 15:53:11,646 [INFO] Sending to ptd: 'SR,V,252.640000'
ptd-server 2023-02-20 15:53:13,691 [INFO] Reply from ptd: 'Range V changed'
ptd-server 2023-02-20 15:53:13,691 [INFO] Sending to ptd: 'SR,A,0.068350'
ptd-server 2023-02-20 15:53:15,192 [INFO] Reply from ptd: 'Range A changed'
ptd-server 2023-02-20 15:53:25,202 [INFO] Starting testing mode
ptd-server 2023-02-20 15:53:25,203 [INFO] Sending to ptd: 'Go,1000,0,2023-02-20_15-42-06_testing'
ptd-server 2023-02-20 15:53:25,203 [INFO] Reply from ptd: 'Starting untimed measurement, maximum 500000 samples at 1000ms with 0 rampup samples'
ptd-server 2023-02-20 15:53:25,203 [INFO] Sending reply to client 'OK'
ptd-server 2023-02-20 16:03:52,349 [INFO] Got command from the client 'session,2023-02-20_15-42-06,stop,testing'
ptd-server 2023-02-20 16:04:02,356 [INFO] Sending to ptd: 'Stop'
ptd-server 2023-02-20 16:04:02,356 [INFO] Reply from ptd: 'Stopping untimed measurement'
ptd-server 2023-02-20 16:04:02,476 [INFO] Sending reply to client 'OK'
ptd-server 2023-02-20 16:04:02,484 [INFO] Got command from the client 'session,2023-02-20_15-42-06,done'
ptd-server 2023-02-20 16:04:02,485 [INFO] Sending to ptd: 'Stop'
ptd-server 2023-02-20 16:04:03,203 [INFO] Reply from ptd: 'Error: no measurement to stop'
ptd-server 2023-02-20 16:04:03,204 [INFO] Sending to ptd: 'SR,V,Auto'
ptd-server 2023-02-20 16:04:03,706 [INFO] Reply from ptd: 'Range V changed'
ptd-server 2023-02-20 16:04:03,706 [INFO] Sending to ptd: 'SR,A,Auto'
ptd-server 2023-02-20 16:04:04,209 [INFO] Reply from ptd: 'Range A changed'
ptd-server 2023-02-20 16:04:04,209 [INFO] Set initial values for Amps Auto and Volts Auto
ptd-server 2023-02-20 16:04:04,209 [INFO] Stopping ptd...
