ptd-server 2023-03-02 09:41:13,610 [INFO] Got command from the client 'stop'
ptd-server 2023-03-02 09:41:13,611 [INFO] The server will be stopped after processing this client
ptd-server 2023-03-02 09:41:13,611 [INFO] Sending reply to client 'OK'
ptd-server 2023-03-02 09:41:13,844 [INFO] Got command from the client 'time'
ptd-server 2023-03-02 09:41:13,844 [INFO] Sending reply to client '1677778873.8444092'
ptd-server 2023-03-02 09:41:13,845 [INFO] Got command from the client 'new,,a39bfff9-2128-4c31-a770-8ee88758b8e1'
ptd-server 2023-03-02 09:41:13,846 [INFO] Sending reply to client 'OK 2023-03-02_09-41-13,e9048b76-1add-45a3-bb2d-9d9cde5b136e'
ptd-server 2023-03-02 09:41:14,081 [INFO] Got command from the client 'time'
ptd-server 2023-03-02 09:41:14,081 [INFO] Sending reply to client '1677778874.0819092'
ptd-server 2023-03-02 09:41:14,083 [INFO] Got command from the client 'session,2023-03-02_09-41-13,start,ranging'
ptd-server 2023-03-02 09:41:14,083 [INFO] Running PTDaemon: ['/usr/bin/ptd-linux-x86', '-l', '/tmp/tmp92r3h3h2/ptd_logfile.txt', '-p', '8888', '-c', '1,3', '-y', '77', '10.117.41.199']
ptd-server 2023-03-02 09:41:33,868 [INFO] Sending to ptd: 'Hello'
ptd-server 2023-03-02 09:41:33,868 [INFO] Reply from ptd: 'Hello, PTDaemon here!'
ptd-server 2023-03-02 09:41:33,869 [INFO] Sending to ptd: 'Identify'
ptd-server 2023-03-02 09:41:33,869 [INFO] Reply from ptd: 'YokogawaWT330_multichannel,1000,1,1,1,1,0,0,1,version=1.10.0-ed9a21d2-20220817,OS=Linux 5.15.0-60-generic #66~20.04.1-Ubuntu SMP Wed Jan 25 09:41:30 UTC 2023 x86_64,mode=power,1,1,3,0,0,no_cal_date,YOKOGAWA;WT333E;C2WL21011V;F1.04'
ptd-server 2023-03-02 09:41:33,869 [INFO] Connected to PTDaemon
ptd-server 2023-03-02 09:41:33,869 [INFO] Sending to ptd: 'RR'
ptd-server 2023-03-02 09:41:33,869 [INFO] Reply from ptd: 'Ranges,1,2.000000,1,300.000000'
ptd-server 2023-03-02 09:41:33,869 [INFO] Initial range for Amps is Auto for Volts is Auto
ptd-server 2023-03-02 09:41:33,869 [INFO] Sending to ptd: 'SR,V,Auto'
ptd-server 2023-03-02 09:41:38,925 [INFO] Reply from ptd: 'Range V changed'
ptd-server 2023-03-02 09:41:38,925 [INFO] Sending to ptd: 'SR,A,Auto'
ptd-server 2023-03-02 09:41:43,980 [INFO] Reply from ptd: 'Range A changed'
ptd-server 2023-03-02 09:41:53,987 [INFO] Starting ranging mode
ptd-server 2023-03-02 09:41:53,987 [INFO] Sending to ptd: 'Go,1000,0,2023-03-02_09-41-13_ranging'
ptd-server 2023-03-02 09:41:53,988 [INFO] Reply from ptd: 'Starting untimed measurement, maximum 500000 samples at 1000ms with 0 rampup samples'
ptd-server 2023-03-02 09:41:53,988 [INFO] Sending reply to client 'OK'
ptd-server 2023-03-02 10:09:46,704 [INFO] Got command from the client 'session,2023-03-02_09-41-13,stop,ranging'
ptd-server 2023-03-02 10:09:56,715 [INFO] Sending to ptd: 'Stop'
ptd-server 2023-03-02 10:09:56,715 [INFO] Reply from ptd: 'Stopping untimed measurement'
ptd-server 2023-03-02 10:09:56,761 [INFO] Sending reply to client 'OK'
ptd-server 2023-03-02 10:09:57,100 [INFO] Got command from the client 'time'
ptd-server 2023-03-02 10:09:57,101 [INFO] Sending reply to client '1677780597.101114'
ptd-server 2023-03-02 10:09:57,102 [INFO] Got command from the client 'session,2023-03-02_09-41-13,start,testing'
ptd-server 2023-03-02 10:09:57,102 [INFO] Sending to ptd: 'SR,V,206.220000'
ptd-server 2023-03-02 10:10:03,157 [INFO] Reply from ptd: 'Range V changed'
ptd-server 2023-03-02 10:10:03,157 [INFO] Sending to ptd: 'SR,A,3.731600'
ptd-server 2023-03-02 10:10:08,712 [INFO] Reply from ptd: 'Range A changed'
ptd-server 2023-03-02 10:10:18,722 [INFO] Starting testing mode
ptd-server 2023-03-02 10:10:18,722 [INFO] Sending to ptd: 'Go,1000,0,2023-03-02_09-41-13_testing'
ptd-server 2023-03-02 10:10:18,725 [INFO] Reply from ptd: 'Starting untimed measurement, maximum 500000 samples at 1000ms with 0 rampup samples'
ptd-server 2023-03-02 10:10:18,725 [INFO] Sending reply to client 'OK'
ptd-server 2023-03-02 10:39:18,899 [INFO] Got command from the client 'session,2023-03-02_09-41-13,stop,testing'
ptd-server 2023-03-02 10:39:28,909 [INFO] Sending to ptd: 'Stop'
ptd-server 2023-03-02 10:39:28,910 [INFO] Reply from ptd: 'Stopping untimed measurement'
ptd-server 2023-03-02 10:39:28,921 [INFO] Sending reply to client 'OK'
ptd-server 2023-03-02 10:39:29,230 [INFO] Got command from the client 'session,2023-03-02_09-41-13,done'
ptd-server 2023-03-02 10:39:29,230 [INFO] Sending to ptd: 'Stop'
ptd-server 2023-03-02 10:39:29,726 [INFO] Reply from ptd: 'Error: no measurement to stop'
ptd-server 2023-03-02 10:39:29,726 [INFO] Sending to ptd: 'SR,V,Auto'
ptd-server 2023-03-02 10:39:34,781 [INFO] Reply from ptd: 'Range V changed'
ptd-server 2023-03-02 10:39:34,781 [INFO] Sending to ptd: 'SR,A,Auto'
ptd-server 2023-03-02 10:39:39,837 [INFO] Reply from ptd: 'Range A changed'
ptd-server 2023-03-02 10:39:39,837 [INFO] Set initial values for Amps Auto and Volts Auto
ptd-server 2023-03-02 10:39:39,837 [INFO] Stopping ptd...
