client 2023-02-23 14:30:26,959 [INFO] Creating output directory '/home/arjun/mobilenet_results/valid_results/arjun_orin-tflite_cpp-cpu-tflite-vmaster-default_config/mobilenet-v1-precision_uint8-0.75-192/singlestream/performance/tmp_power'
client 2023-02-23 14:30:26,962 [INFO] Sending command to the server: 'mlcommons/power client v3'
client 2023-02-23 14:30:26,965 [INFO] Got response: 'mlcommons/power server v3'
client 2023-02-23 14:30:26,965 [INFO] Synchronizing with the server and with time.google.com...
client 2023-02-23 14:30:26,986 [INFO] NTP:offset = -0.002 s, delay = 0.015 s 
client 2023-02-23 14:30:26,986 [INFO] Sending command to the server: 'time'
client 2023-02-23 14:30:26,990 [INFO] Got response: '1677162626.988436'
client 2023-02-23 14:30:26,990 [INFO] The time difference between the client and the server is within range -1.953 ms..1.664 ms
client 2023-02-23 14:30:26,990 [INFO] Sending command to the server: 'new,,1952a00e-01af-4761-82c5-562b40892298'
client 2023-02-23 14:30:26,994 [INFO] Got response: 'OK 2023-02-23_14-30-26,37000df6-3d4a-4920-a672-1999d3861137'
client 2023-02-23 14:30:26,994 [INFO] Session id is '2023-02-23_14-30-26'
client 2023-02-23 14:30:26,994 [INFO] Sources: {"sources": {"__init__.py": "da39a3ee5e6b4b0d3255bfef95601890afd80709", "client.py": "33ca4f26368777ac06e01f9567b714a4b8063886", "lib/__init__.py": "da39a3ee5e6b4b0d3255bfef95601890afd80709", "lib/client.py": "4c2b78fb4849a7e5b584ef792d82aaed20b17f57", "lib/common.py": "624d0c0acc7c39aaff3674f0b99d6a09da53d1dc", "lib/external/__init__.py": "da39a3ee5e6b4b0d3255bfef95601890afd80709", "lib/external/ntplib.py": "4da8f970656505a40483206ef2b5d3dd5e81711d", "lib/server.py": "cda0cdfaee9bfa1249c64a7dd4f89b7bf1b279f0", "lib/source_hashes.py": "60a2e02193209e8d392803326208d5466342da18", "lib/summary.py": "aa92f0a3f975eecd44d3c0cd0236342ccc9f941d", "lib/time_sync.py": "3210db56eb0ff0df57bf4293dc4d4b03fffd46f1", "server.py": "c3f90f2f7eeb4db30727556d0c815ebc89b3d28b", "tests/unit/__init__.py": "da39a3ee5e6b4b0d3255bfef95601890afd80709", "tests/unit/test_server.py": "99ae15aef722f2000ee6ed1ae1523637bf1ae42b", "tests/unit/test_source_hashes.py": "00468a2907583c593e6574a1f6b404e4651c221a"}, "modules": {"ptd_client_server.lib.client": "lib/client.py", "ptd_client_server.lib.common": "lib/common.py", "ptd_client_server.lib.external.ntplib": "lib/external/ntplib.py", "ptd_client_server.lib.source_hashes": "lib/source_hashes.py", "ptd_client_server.lib.summary": "lib/summary.py", "ptd_client_server.lib.time_sync": "lib/time_sync.py"}}
client 2023-02-23 14:30:26,994 [INFO] Running workload in ranging mode
client 2023-02-23 14:30:26,994 [INFO] Synchronizing with the server and with time.google.com...
client 2023-02-23 14:30:27,008 [INFO] NTP:offset = -0.001 s, delay = 0.013 s 
client 2023-02-23 14:30:27,008 [INFO] Sending command to the server: 'time'
client 2023-02-23 14:30:27,012 [INFO] Got response: '1677162627.0106738'
client 2023-02-23 14:30:27,012 [INFO] The time difference between the client and the server is within range -1.950 ms..2.071 ms
client 2023-02-23 14:30:27,012 [INFO] Sending command to the server: 'session,2023-02-23_14-30-26,start,ranging'
client 2023-02-23 14:30:55,138 [INFO] Got response: 'OK'
client 2023-02-23 14:30:55,139 [INFO] Running the workload '/home/arjun/run.out'
client 2023-02-23 14:42:10,920 [INFO] Sending command to the server: 'session,2023-02-23_14-30-26,stop,ranging'
client 2023-02-23 14:42:20,964 [INFO] Got response: 'OK'
client 2023-02-23 14:42:20,989 [INFO] Copying loadgen logs from '/home/arjun/mobilenet_results/valid_results/arjun_orin-tflite_cpp-cpu-tflite-vmaster-default_config/mobilenet-v1-precision_uint8-0.75-192/singlestream/performance/run_1' to '/home/arjun/mobilenet_results/valid_results/arjun_orin-tflite_cpp-cpu-tflite-vmaster-default_config/mobilenet-v1-precision_uint8-0.75-192/singlestream/performance/tmp_power/ranging'
client 2023-02-23 14:42:20,991 [INFO] Running workload in testing mode
client 2023-02-23 14:42:20,991 [INFO] Synchronizing with the server and with time.google.com...
client 2023-02-23 14:42:21,010 [INFO] NTP:offset = 0.001 s, delay = 0.017 s 
client 2023-02-23 14:42:21,010 [INFO] Sending command to the server: 'time'
client 2023-02-23 14:42:21,015 [INFO] Got response: '1677163341.0146184'
client 2023-02-23 14:42:21,015 [INFO] The time difference between the client and the server is within range -3.801 ms..0.649 ms
client 2023-02-23 14:42:21,015 [INFO] Sending command to the server: 'session,2023-02-23_14-30-26,start,testing'
client 2023-02-23 14:42:34,158 [INFO] Got response: 'OK'
client 2023-02-23 14:42:34,159 [INFO] Running the workload '/home/arjun/run.out'
client 2023-02-23 14:53:42,113 [INFO] Sending command to the server: 'session,2023-02-23_14-30-26,stop,testing'
client 2023-02-23 14:53:52,366 [INFO] Got response: 'OK'
client 2023-02-23 14:53:52,370 [INFO] Copying loadgen logs from '/home/arjun/mobilenet_results/valid_results/arjun_orin-tflite_cpp-cpu-tflite-vmaster-default_config/mobilenet-v1-precision_uint8-0.75-192/singlestream/performance/run_1' to '/home/arjun/mobilenet_results/valid_results/arjun_orin-tflite_cpp-cpu-tflite-vmaster-default_config/mobilenet-v1-precision_uint8-0.75-192/singlestream/performance/tmp_power/run_1'
client 2023-02-23 14:53:52,372 [INFO] Done runs
