ptd-server 2023-02-23 14:30:26,988 [INFO] Got command from the client 'time'
ptd-server 2023-02-23 14:30:26,988 [INFO] Sending reply to client '1677162626.988436'
ptd-server 2023-02-23 14:30:26,991 [INFO] Got command from the client 'new,,1952a00e-01af-4761-82c5-562b40892298'
ptd-server 2023-02-23 14:30:26,992 [INFO] Sending reply to client 'OK 2023-02-23_14-30-26,37000df6-3d4a-4920-a672-1999d3861137'
ptd-server 2023-02-23 14:30:27,010 [INFO] Got command from the client 'time'
ptd-server 2023-02-23 14:30:27,010 [INFO] Sending reply to client '1677162627.0106738'
ptd-server 2023-02-23 14:30:27,013 [INFO] Got command from the client 'session,2023-02-23_14-30-26,start,ranging'
ptd-server 2023-02-23 14:30:27,014 [INFO] Running PTDaemon: ['/media/arjun/T7_Touch/hp-envy/CM/repos/local/cache/9b3695ca8255492a/power/inference_v1.0/ptd-linux-x86', '-l', '/tmp/tmpti64566v/ptd_logfile.txt', '-p', '8888', '49', '/dev/usbtmc0']
ptd-server 2023-02-23 14:30:44,112 [INFO] Sending to ptd: 'Hello'
ptd-server 2023-02-23 14:30:44,113 [INFO] Reply from ptd: 'Hello, PTDaemon here!'
ptd-server 2023-02-23 14:30:44,114 [INFO] Sending to ptd: 'Identify'
ptd-server 2023-02-23 14:30:44,114 [INFO] Reply from ptd: 'YokogawaWT310E,1000,1,1,1,1,0,1,1,version=1.10.0-ed9a21d2-20220817,OS=Linux 5.15.0-56-generic #62-Ubuntu SMP Tue Nov 22 19:54:14 UTC 2022 x86_64,mode=power,1,1,1,0,0,no_cal_date,YOKOGAWA;WT310E;C3YD21068E;F1.04'
ptd-server 2023-02-23 14:30:44,115 [INFO] Connected to PTDaemon
ptd-server 2023-02-23 14:30:44,115 [INFO] Sending to ptd: 'RR'
ptd-server 2023-02-23 14:30:44,116 [INFO] Reply from ptd: 'Ranges,0,0.100000,0,600.000000'
ptd-server 2023-02-23 14:30:44,116 [INFO] Initial range for Amps is 0.100000 for Volts is 600.000000
ptd-server 2023-02-23 14:30:44,116 [INFO] Sending to ptd: 'SR,V,Auto'
ptd-server 2023-02-23 14:30:44,620 [INFO] Reply from ptd: 'Range V changed'
ptd-server 2023-02-23 14:30:44,621 [INFO] Sending to ptd: 'SR,A,Auto'
ptd-server 2023-02-23 14:30:45,124 [INFO] Reply from ptd: 'Range A changed'
ptd-server 2023-02-23 14:30:55,135 [INFO] Starting ranging mode
ptd-server 2023-02-23 14:30:55,136 [INFO] Sending to ptd: 'Go,1000,0,2023-02-23_14-30-26_ranging'
ptd-server 2023-02-23 14:30:55,136 [INFO] Reply from ptd: 'Starting untimed measurement, maximum 500000 samples at 1000ms with 0 rampup samples'
ptd-server 2023-02-23 14:30:55,136 [INFO] Sending reply to client 'OK'
ptd-server 2023-02-23 14:42:10,923 [INFO] Got command from the client 'session,2023-02-23_14-30-26,stop,ranging'
ptd-server 2023-02-23 14:42:20,934 [INFO] Sending to ptd: 'Stop'
ptd-server 2023-02-23 14:42:20,935 [INFO] Reply from ptd: 'Stopping untimed measurement'
ptd-server 2023-02-23 14:42:20,963 [INFO] Sending reply to client 'OK'
ptd-server 2023-02-23 14:42:21,014 [INFO] Got command from the client 'time'
ptd-server 2023-02-23 14:42:21,014 [INFO] Sending reply to client '1677163341.0146184'
ptd-server 2023-02-23 14:42:21,019 [INFO] Got command from the client 'session,2023-02-23_14-30-26,start,testing'
ptd-server 2023-02-23 14:42:21,019 [INFO] Sending to ptd: 'SR,V,248.180000'
ptd-server 2023-02-23 14:42:22,640 [INFO] Reply from ptd: 'Range V changed'
ptd-server 2023-02-23 14:42:22,641 [INFO] Sending to ptd: 'SR,A,0.252330'
ptd-server 2023-02-23 14:42:24,144 [INFO] Reply from ptd: 'Range A changed'
ptd-server 2023-02-23 14:42:34,155 [INFO] Starting testing mode
ptd-server 2023-02-23 14:42:34,156 [INFO] Sending to ptd: 'Go,1000,0,2023-02-23_14-30-26_testing'
ptd-server 2023-02-23 14:42:34,156 [INFO] Reply from ptd: 'Starting untimed measurement, maximum 500000 samples at 1000ms with 0 rampup samples'
ptd-server 2023-02-23 14:42:34,157 [INFO] Sending reply to client 'OK'
ptd-server 2023-02-23 14:53:42,340 [INFO] Got command from the client 'session,2023-02-23_14-30-26,stop,testing'
ptd-server 2023-02-23 14:53:52,352 [INFO] Sending to ptd: 'Stop'
ptd-server 2023-02-23 14:53:52,353 [INFO] Reply from ptd: 'Stopping untimed measurement'
ptd-server 2023-02-23 14:53:52,367 [INFO] Sending reply to client 'OK'
ptd-server 2023-02-23 14:53:52,383 [INFO] Got command from the client 'session,2023-02-23_14-30-26,done'
ptd-server 2023-02-23 14:53:52,383 [INFO] Sending to ptd: 'Stop'
ptd-server 2023-02-23 14:53:53,157 [INFO] Reply from ptd: 'Error: no measurement to stop'
ptd-server 2023-02-23 14:53:53,158 [INFO] Sending to ptd: 'SR,V,600.000000'
ptd-server 2023-02-23 14:53:54,660 [INFO] Reply from ptd: 'Range V changed'
ptd-server 2023-02-23 14:53:54,661 [INFO] Sending to ptd: 'SR,A,0.100000'
ptd-server 2023-02-23 14:53:56,164 [INFO] Reply from ptd: 'Range A changed'
ptd-server 2023-02-23 14:53:56,164 [INFO] Set initial values for Amps 0.100000 and Volts 600.000000
ptd-server 2023-02-23 14:53:56,165 [INFO] Stopping ptd...
