client 2023-02-24 20:16:35,388 [INFO] Sending command to the server: 'mlcommons/power client v3'
client 2023-02-24 20:16:35,389 [INFO] Got response: 'mlcommons/power server v3'
client 2023-02-24 20:16:35,389 [INFO] Sending command to the server: 'stop'
client 2023-02-24 20:16:35,390 [INFO] Got response: 'OK'
client 2023-02-24 20:16:35,390 [INFO] Synchronizing with the server and with ib-01.dc4-in.nvidia.com...
client 2023-02-24 20:16:35,608 [INFO] NTP:offset = -0.000 s, delay = 0.213 s 
client 2023-02-24 20:16:35,609 [INFO] Sending command to the server: 'time'
client 2023-02-24 20:16:35,610 [INFO] Got response: '1677269795.6116514'
client 2023-02-24 20:16:35,612 [INFO] The time difference between the client and the server is within range -2.496 ms..0.650 ms
client 2023-02-24 20:16:35,612 [INFO] Sending command to the server: 'new,,57d62f8b-4c4d-4049-a385-4b13c10f1897'
client 2023-02-24 20:16:35,613 [INFO] Got response: 'OK 2023-02-24_12-16-35,6b9a2379-ca12-449c-909e-48d8fab78e2d'
client 2023-02-24 20:16:35,613 [INFO] Session id is '2023-02-24_12-16-35'
client 2023-02-24 20:16:35,614 [INFO] Sources: {"sources": {"__init__.py": "da39a3ee5e6b4b0d3255bfef95601890afd80709", "client.py": "33ca4f26368777ac06e01f9567b714a4b8063886", "lib/__init__.py": "da39a3ee5e6b4b0d3255bfef95601890afd80709", "lib/client.py": "4c2b78fb4849a7e5b584ef792d82aaed20b17f57", "lib/common.py": "624d0c0acc7c39aaff3674f0b99d6a09da53d1dc", "lib/external/__init__.py": "da39a3ee5e6b4b0d3255bfef95601890afd80709", "lib/external/ntplib.py": "4da8f970656505a40483206ef2b5d3dd5e81711d", "lib/server.py": "cda0cdfaee9bfa1249c64a7dd4f89b7bf1b279f0", "lib/source_hashes.py": "60a2e02193209e8d392803326208d5466342da18", "lib/summary.py": "aa92f0a3f975eecd44d3c0cd0236342ccc9f941d", "lib/time_sync.py": "3210db56eb0ff0df57bf4293dc4d4b03fffd46f1", "server.py": "c3f90f2f7eeb4db30727556d0c815ebc89b3d28b", "tests/unit/__init__.py": "da39a3ee5e6b4b0d3255bfef95601890afd80709", "tests/unit/test_server.py": "99ae15aef722f2000ee6ed1ae1523637bf1ae42b", "tests/unit/test_source_hashes.py": "00468a2907583c593e6574a1f6b404e4651c221a"}, "modules": {"ptd_client_server.lib.client": "lib/client.py", "ptd_client_server.lib.common": "lib/common.py", "ptd_client_server.lib.external.ntplib": "lib/external/ntplib.py", "ptd_client_server.lib.source_hashes": "lib/source_hashes.py", "ptd_client_server.lib.summary": "lib/summary.py", "ptd_client_server.lib.time_sync": "lib/time_sync.py"}}
client 2023-02-24 20:16:35,616 [INFO] Running workload in ranging mode
client 2023-02-24 20:16:35,616 [INFO] Synchronizing with the server and with ib-01.dc4-in.nvidia.com...
client 2023-02-24 20:16:35,832 [INFO] NTP:offset = -0.001 s, delay = 0.213 s 
client 2023-02-24 20:16:35,832 [INFO] Sending command to the server: 'time'
client 2023-02-24 20:16:35,833 [INFO] Got response: '1677269795.8346598'
client 2023-02-24 20:16:35,833 [INFO] The time difference between the client and the server is within range -2.379 ms..-1.455 ms
client 2023-02-24 20:16:35,833 [INFO] Sending command to the server: 'session,2023-02-24_12-16-35,start,ranging'
client 2023-02-24 20:17:15,740 [INFO] Got response: 'OK'
client 2023-02-24 20:17:15,740 [INFO] Running the workload 'LOG_DIR=/work/build/power_logs_temp python3 -m code.main --benchmarks=retinanet --scenarios=Offline --config_ver=maxq --test_mode=PerformanceOnly --action="run_harness" \\\n\t\t2>&1 | tee -a /work/build/power_logs/2023.02.24-20.16.17/stdout.txt \\\n\t\t&& if [ ! -d /work/build/power_logs/2023.02.24-20.16.17/ranging_tmp ]; \\\n\t\t\tthen mkdir /work/build/power_logs/2023.02.24-20.16.17/ranging_tmp \\\n\t\t\t\t&& mv /work/build/power_logs_temp/* /work/build/power_logs/2023.02.24-20.16.17/ranging_tmp/ \\\n\t\t\t\t&& cp -v /work/build/power_logs/2023.02.24-20.16.17/ranging_tmp/*/*/*/mlperf_log_detail.txt /work/build/power_logs_temp/ \\\n\t\t\t\t&& cp -v /work/build/power_logs/2023.02.24-20.16.17/ranging_tmp/*/*/*/mlperf_log_summary.txt /work/build/power_logs_temp/; \\\n\t\t\telse mkdir /work/build/power_logs/2023.02.24-20.16.17/testing_tmp \\\n\t\t\t\t&& mv /work/build/power_logs_temp/* /work/build/power_logs/2023.02.24-20.16.17/testing_tmp/ \\\n\t\t\t\t&& cp -v /work/build/power_logs/2023.02.24-20.16.17/testing_tmp/*/*/*/mlperf_log_detail.txt /work/build/power_logs_temp/ \\\n\t\t\t\t&& cp -v /work/build/power_logs/2023.02.24-20.16.17/testing_tmp/*/*/*/mlperf_log_summary.txt /work/build/power_logs_temp/; fi'
client 2023-02-24 20:28:40,199 [INFO] Sending command to the server: 'session,2023-02-24_12-16-35,stop,ranging'
client 2023-02-24 20:28:50,231 [INFO] Got response: 'OK'
client 2023-02-24 20:28:50,241 [INFO] Copying loadgen logs from '/work/build/power_logs_temp' to '/work/build/power_logs/2023.02.24-20.16.17/2023-02-24_12-16-35/ranging'
client 2023-02-24 20:28:50,252 [INFO] Running workload in testing mode
client 2023-02-24 20:28:50,252 [INFO] Synchronizing with the server and with ib-01.dc4-in.nvidia.com...
client 2023-02-24 20:28:50,468 [INFO] NTP:offset = 0.000 s, delay = 0.213 s 
client 2023-02-24 20:28:50,468 [INFO] Sending command to the server: 'time'
client 2023-02-24 20:28:50,469 [INFO] Got response: '1677270530.470205'
client 2023-02-24 20:28:50,469 [INFO] The time difference between the client and the server is within range -1.460 ms..-0.393 ms
client 2023-02-24 20:28:50,469 [INFO] Sending command to the server: 'session,2023-02-24_12-16-35,start,testing'
client 2023-02-24 20:29:12,361 [INFO] Got response: 'OK'
client 2023-02-24 20:29:12,361 [INFO] Running the workload 'LOG_DIR=/work/build/power_logs_temp python3 -m code.main --benchmarks=retinanet --scenarios=Offline --config_ver=maxq --test_mode=PerformanceOnly --action="run_harness" \\\n\t\t2>&1 | tee -a /work/build/power_logs/2023.02.24-20.16.17/stdout.txt \\\n\t\t&& if [ ! -d /work/build/power_logs/2023.02.24-20.16.17/ranging_tmp ]; \\\n\t\t\tthen mkdir /work/build/power_logs/2023.02.24-20.16.17/ranging_tmp \\\n\t\t\t\t&& mv /work/build/power_logs_temp/* /work/build/power_logs/2023.02.24-20.16.17/ranging_tmp/ \\\n\t\t\t\t&& cp -v /work/build/power_logs/2023.02.24-20.16.17/ranging_tmp/*/*/*/mlperf_log_detail.txt /work/build/power_logs_temp/ \\\n\t\t\t\t&& cp -v /work/build/power_logs/2023.02.24-20.16.17/ranging_tmp/*/*/*/mlperf_log_summary.txt /work/build/power_logs_temp/; \\\n\t\t\telse mkdir /work/build/power_logs/2023.02.24-20.16.17/testing_tmp \\\n\t\t\t\t&& mv /work/build/power_logs_temp/* /work/build/power_logs/2023.02.24-20.16.17/testing_tmp/ \\\n\t\t\t\t&& cp -v /work/build/power_logs/2023.02.24-20.16.17/testing_tmp/*/*/*/mlperf_log_detail.txt /work/build/power_logs_temp/ \\\n\t\t\t\t&& cp -v /work/build/power_logs/2023.02.24-20.16.17/testing_tmp/*/*/*/mlperf_log_summary.txt /work/build/power_logs_temp/; fi'
client 2023-02-24 20:40:34,387 [INFO] Sending command to the server: 'session,2023-02-24_12-16-35,stop,testing'
client 2023-02-24 20:40:44,404 [INFO] Got response: 'OK'
client 2023-02-24 20:40:44,410 [INFO] Copying loadgen logs from '/work/build/power_logs_temp' to '/work/build/power_logs/2023.02.24-20.16.17/2023-02-24_12-16-35/run_1'
client 2023-02-24 20:40:44,421 [INFO] Done runs
