ptd-server 2023-02-24 12:40:21,856 [INFO] Got command from the client 'time'
ptd-server 2023-02-24 12:40:21,857 [INFO] Sending reply to client '1677242421.8569865'
ptd-server 2023-02-24 12:40:21,860 [INFO] Got command from the client 'new,,4ff6addb-7310-45fa-a94b-e9eef5a37407'
ptd-server 2023-02-24 12:40:21,861 [INFO] Sending reply to client 'OK 2023-02-24_12-40-21,dd74316b-4cd6-4d50-a41f-55005c8a82c2'
ptd-server 2023-02-24 12:40:21,886 [INFO] Got command from the client 'time'
ptd-server 2023-02-24 12:40:21,887 [INFO] Sending reply to client '1677242421.8870003'
ptd-server 2023-02-24 12:40:21,891 [INFO] Got command from the client 'session,2023-02-24_12-40-21,start,ranging'
ptd-server 2023-02-24 12:40:21,892 [INFO] Running PTDaemon: ['/media/arjun/T7_Touch/hp-envy/CM/repos/local/cache/9b3695ca8255492a/power/inference_v1.0/ptd-linux-x86', '-l', '/tmp/tmpti64566v/ptd_logfile.txt', '-p', '8888', '49', '/dev/usbtmc0']
ptd-server 2023-02-24 12:40:38,990 [INFO] Sending to ptd: 'Hello'
ptd-server 2023-02-24 12:40:38,991 [INFO] Reply from ptd: 'Hello, PTDaemon here!'
ptd-server 2023-02-24 12:40:38,991 [INFO] Sending to ptd: 'Identify'
ptd-server 2023-02-24 12:40:38,992 [INFO] Reply from ptd: 'YokogawaWT310E,1000,1,1,1,1,0,1,1,version=1.10.0-ed9a21d2-20220817,OS=Linux 5.15.0-56-generic #62-Ubuntu SMP Tue Nov 22 19:54:14 UTC 2022 x86_64,mode=power,1,1,1,0,0,no_cal_date,YOKOGAWA;WT310E;C3YD21068E;F1.04'
ptd-server 2023-02-24 12:40:38,992 [INFO] Connected to PTDaemon
ptd-server 2023-02-24 12:40:38,992 [INFO] Sending to ptd: 'RR'
ptd-server 2023-02-24 12:40:38,992 [INFO] Reply from ptd: 'Ranges,0,0.100000,0,600.000000'
ptd-server 2023-02-24 12:40:38,993 [INFO] Initial range for Amps is 0.100000 for Volts is 600.000000
ptd-server 2023-02-24 12:40:38,993 [INFO] Sending to ptd: 'SR,V,Auto'
ptd-server 2023-02-24 12:40:39,499 [INFO] Reply from ptd: 'Range V changed'
ptd-server 2023-02-24 12:40:39,499 [INFO] Sending to ptd: 'SR,A,Auto'
ptd-server 2023-02-24 12:40:40,003 [INFO] Reply from ptd: 'Range A changed'
ptd-server 2023-02-24 12:40:50,014 [INFO] Starting ranging mode
ptd-server 2023-02-24 12:40:50,014 [INFO] Sending to ptd: 'Go,1000,0,2023-02-24_12-40-21_ranging'
ptd-server 2023-02-24 12:40:50,015 [INFO] Reply from ptd: 'Starting untimed measurement, maximum 500000 samples at 1000ms with 0 rampup samples'
ptd-server 2023-02-24 12:40:50,016 [INFO] Sending reply to client 'OK'
ptd-server 2023-02-24 12:51:48,295 [INFO] Got command from the client 'session,2023-02-24_12-40-21,stop,ranging'
ptd-server 2023-02-24 12:51:58,306 [INFO] Sending to ptd: 'Stop'
ptd-server 2023-02-24 12:51:58,307 [INFO] Reply from ptd: 'Stopping untimed measurement'
ptd-server 2023-02-24 12:51:58,413 [INFO] Sending reply to client 'OK'
ptd-server 2023-02-24 12:51:58,467 [INFO] Got command from the client 'time'
ptd-server 2023-02-24 12:51:58,468 [INFO] Sending reply to client '1677243118.4681067'
ptd-server 2023-02-24 12:51:58,472 [INFO] Got command from the client 'session,2023-02-24_12-40-21,start,testing'
ptd-server 2023-02-24 12:51:58,472 [INFO] Sending to ptd: 'SR,V,247.990000'
ptd-server 2023-02-24 12:52:00,519 [INFO] Reply from ptd: 'Range V changed'
ptd-server 2023-02-24 12:52:00,520 [INFO] Sending to ptd: 'SR,A,0.175690'
ptd-server 2023-02-24 12:52:02,023 [INFO] Reply from ptd: 'Range A changed'
ptd-server 2023-02-24 12:52:12,034 [INFO] Starting testing mode
ptd-server 2023-02-24 12:52:12,034 [INFO] Sending to ptd: 'Go,1000,0,2023-02-24_12-40-21_testing'
ptd-server 2023-02-24 12:52:12,035 [INFO] Reply from ptd: 'Starting untimed measurement, maximum 500000 samples at 1000ms with 0 rampup samples'
ptd-server 2023-02-24 12:52:12,035 [INFO] Sending reply to client 'OK'
ptd-server 2023-02-24 13:03:08,229 [INFO] Got command from the client 'session,2023-02-24_12-40-21,stop,testing'
ptd-server 2023-02-24 13:03:18,240 [INFO] Sending to ptd: 'Stop'
ptd-server 2023-02-24 13:03:18,241 [INFO] Reply from ptd: 'Stopping untimed measurement'
ptd-server 2023-02-24 13:03:18,290 [INFO] Sending reply to client 'OK'
ptd-server 2023-02-24 13:03:18,300 [INFO] Got command from the client 'session,2023-02-24_12-40-21,done'
ptd-server 2023-02-24 13:03:18,300 [INFO] Sending to ptd: 'Stop'
ptd-server 2023-02-24 13:03:19,037 [INFO] Reply from ptd: 'Error: no measurement to stop'
ptd-server 2023-02-24 13:03:19,037 [INFO] Sending to ptd: 'SR,V,600.000000'
ptd-server 2023-02-24 13:03:20,540 [INFO] Reply from ptd: 'Range V changed'
ptd-server 2023-02-24 13:03:20,541 [INFO] Sending to ptd: 'SR,A,0.100000'
ptd-server 2023-02-24 13:03:22,043 [INFO] Reply from ptd: 'Range A changed'
ptd-server 2023-02-24 13:03:22,044 [INFO] Set initial values for Amps 0.100000 and Volts 600.000000
ptd-server 2023-02-24 13:03:22,045 [INFO] Stopping ptd...
