client 2023-02-27 10:17:01,430 [INFO] Creating output directory '/home/arjun/mobilenet_results/valid_results/arjun_orin-tflite_armnn_cpp-cpu-armnn_tflite-v22.11-using_neon/mobilenet-v2-precision_uint8-1.0-224/singlestream/performance/tmp_power'
client 2023-02-27 10:17:01,597 [INFO] Sending command to the server: 'mlcommons/power client v3'
client 2023-02-27 10:17:01,600 [INFO] Got response: 'mlcommons/power server v3'
client 2023-02-27 10:17:01,600 [INFO] Synchronizing with the server and with time.google.com...
client 2023-02-27 10:17:01,630 [INFO] NTP:offset = 0.002 s, delay = 0.018 s 
client 2023-02-27 10:17:01,630 [INFO] Sending command to the server: 'time'
client 2023-02-27 10:17:01,634 [INFO] Got response: '1677493021.6355867'
client 2023-02-27 10:17:01,635 [INFO] The time difference between the client and the server is within range -4.820 ms..-0.547 ms
client 2023-02-27 10:17:01,635 [INFO] Sending command to the server: 'new,,c1af04c2-7103-4c32-8dae-a1aaef5a10ac'
client 2023-02-27 10:17:01,639 [INFO] Got response: 'OK 2023-02-27_10-17-01,16c1bd26-659a-4a77-b842-91110e2d3881'
client 2023-02-27 10:17:01,639 [INFO] Session id is '2023-02-27_10-17-01'
client 2023-02-27 10:17:01,640 [INFO] Sources: {"sources": {"__init__.py": "da39a3ee5e6b4b0d3255bfef95601890afd80709", "client.py": "33ca4f26368777ac06e01f9567b714a4b8063886", "lib/__init__.py": "da39a3ee5e6b4b0d3255bfef95601890afd80709", "lib/client.py": "4c2b78fb4849a7e5b584ef792d82aaed20b17f57", "lib/common.py": "624d0c0acc7c39aaff3674f0b99d6a09da53d1dc", "lib/external/__init__.py": "da39a3ee5e6b4b0d3255bfef95601890afd80709", "lib/external/ntplib.py": "4da8f970656505a40483206ef2b5d3dd5e81711d", "lib/server.py": "cda0cdfaee9bfa1249c64a7dd4f89b7bf1b279f0", "lib/source_hashes.py": "60a2e02193209e8d392803326208d5466342da18", "lib/summary.py": "aa92f0a3f975eecd44d3c0cd0236342ccc9f941d", "lib/time_sync.py": "3210db56eb0ff0df57bf4293dc4d4b03fffd46f1", "server.py": "c3f90f2f7eeb4db30727556d0c815ebc89b3d28b", "tests/unit/__init__.py": "da39a3ee5e6b4b0d3255bfef95601890afd80709", "tests/unit/test_server.py": "99ae15aef722f2000ee6ed1ae1523637bf1ae42b", "tests/unit/test_source_hashes.py": "00468a2907583c593e6574a1f6b404e4651c221a"}, "modules": {"ptd_client_server.lib.client": "lib/client.py", "ptd_client_server.lib.common": "lib/common.py", "ptd_client_server.lib.external.ntplib": "lib/external/ntplib.py", "ptd_client_server.lib.source_hashes": "lib/source_hashes.py", "ptd_client_server.lib.summary": "lib/summary.py", "ptd_client_server.lib.time_sync": "lib/time_sync.py"}}
client 2023-02-27 10:17:01,641 [INFO] Running workload in ranging mode
client 2023-02-27 10:17:01,641 [INFO] Synchronizing with the server and with time.google.com...
client 2023-02-27 10:17:01,658 [INFO] NTP:offset = 0.001 s, delay = 0.015 s 
client 2023-02-27 10:17:01,658 [INFO] Sending command to the server: 'time'
client 2023-02-27 10:17:01,662 [INFO] Got response: '1677493021.6628628'
client 2023-02-27 10:17:01,662 [INFO] The time difference between the client and the server is within range -4.093 ms..-0.454 ms
client 2023-02-27 10:17:01,662 [INFO] Sending command to the server: 'session,2023-02-27_10-17-01,start,ranging'
client 2023-02-27 10:17:29,799 [INFO] Got response: 'OK'
client 2023-02-27 10:17:29,800 [INFO] Running the workload '/home/arjun/run.out'
client 2023-02-27 10:29:23,357 [INFO] Sending command to the server: 'session,2023-02-27_10-17-01,stop,ranging'
client 2023-02-27 10:29:33,668 [INFO] Got response: 'OK'
client 2023-02-27 10:29:33,684 [INFO] Copying loadgen logs from '/home/arjun/mobilenet_results/valid_results/arjun_orin-tflite_armnn_cpp-cpu-armnn_tflite-v22.11-using_neon/mobilenet-v2-precision_uint8-1.0-224/singlestream/performance/run_1' to '/home/arjun/mobilenet_results/valid_results/arjun_orin-tflite_armnn_cpp-cpu-armnn_tflite-v22.11-using_neon/mobilenet-v2-precision_uint8-1.0-224/singlestream/performance/tmp_power/ranging'
client 2023-02-27 10:29:33,686 [INFO] Running workload in testing mode
client 2023-02-27 10:29:33,687 [INFO] Synchronizing with the server and with time.google.com...
client 2023-02-27 10:29:33,710 [INFO] NTP:offset = 0.001 s, delay = 0.019 s 
client 2023-02-27 10:29:33,711 [INFO] Sending command to the server: 'time'
client 2023-02-27 10:29:33,713 [INFO] Got response: '1677493773.7144809'
client 2023-02-27 10:29:33,713 [INFO] The time difference between the client and the server is within range -3.347 ms..-0.809 ms
client 2023-02-27 10:29:33,713 [INFO] Sending command to the server: 'session,2023-02-27_10-17-01,start,testing'
client 2023-02-27 10:29:46,816 [INFO] Got response: 'OK'
client 2023-02-27 10:29:46,816 [INFO] Running the workload '/home/arjun/run.out'
client 2023-02-27 10:41:44,304 [INFO] Sending command to the server: 'session,2023-02-27_10-17-01,stop,testing'
client 2023-02-27 10:41:54,482 [INFO] Got response: 'OK'
client 2023-02-27 10:41:54,484 [INFO] Copying loadgen logs from '/home/arjun/mobilenet_results/valid_results/arjun_orin-tflite_armnn_cpp-cpu-armnn_tflite-v22.11-using_neon/mobilenet-v2-precision_uint8-1.0-224/singlestream/performance/run_1' to '/home/arjun/mobilenet_results/valid_results/arjun_orin-tflite_armnn_cpp-cpu-armnn_tflite-v22.11-using_neon/mobilenet-v2-precision_uint8-1.0-224/singlestream/performance/tmp_power/run_1'
client 2023-02-27 10:41:54,484 [INFO] Done runs
