ptd-server 2023-03-02 01:10:24,935 [INFO] Got command from the client 'time'
ptd-server 2023-03-02 01:10:24,935 [INFO] Sending reply to client '1677719424.9352183'
ptd-server 2023-03-02 01:10:24,937 [INFO] Got command from the client 'new,,43bfeaf8-b7c7-470c-b300-e44f4d0eb326'
ptd-server 2023-03-02 01:10:24,937 [INFO] Sending reply to client 'OK 2023-03-02_01-10-24,fe75e15e-7e62-4200-b927-04465f5008eb'
ptd-server 2023-03-02 01:10:24,962 [INFO] Got command from the client 'time'
ptd-server 2023-03-02 01:10:24,962 [INFO] Sending reply to client '1677719424.9624982'
ptd-server 2023-03-02 01:10:24,966 [INFO] Got command from the client 'session,2023-03-02_01-10-24,start,ranging'
ptd-server 2023-03-02 01:10:24,966 [INFO] Running PTDaemon: ['/home/anton/projects/mlperf/power/inference_v1.0/ptd-linux-x86', '-l', '/tmp/tmpjo7pgaee/ptd_logfile.txt', '-p', '8888', '49', '/dev/usbtmc0']
ptd-server 2023-03-02 01:10:42,053 [INFO] Sending to ptd: 'Hello'
ptd-server 2023-03-02 01:10:42,053 [INFO] Reply from ptd: 'Hello, PTDaemon here!'
ptd-server 2023-03-02 01:10:42,053 [INFO] Sending to ptd: 'Identify'
ptd-server 2023-03-02 01:10:42,054 [INFO] Reply from ptd: 'YokogawaWT310E,1000,1,1,1,1,0,1,1,version=1.10.0-ed9a21d2-20220817,OS=Linux 5.15.0-60-generic #66~20.04.1-Ubuntu SMP Wed Jan 25 09:41:30 UTC 2023 x86_64,mode=power,1,1,1,0,0,no_cal_date,YOKOGAWA;WT310E;C3XA04010E;F1.04'
ptd-server 2023-03-02 01:10:42,054 [INFO] Connected to PTDaemon
ptd-server 2023-03-02 01:10:42,054 [INFO] Sending to ptd: 'RR'
ptd-server 2023-03-02 01:10:42,054 [INFO] Reply from ptd: 'Ranges,1,0.100000,1,300.000000'
ptd-server 2023-03-02 01:10:42,054 [INFO] Initial range for Amps is Auto for Volts is Auto
ptd-server 2023-03-02 01:10:42,054 [INFO] Sending to ptd: 'SR,V,Auto'
ptd-server 2023-03-02 01:10:42,557 [INFO] Reply from ptd: 'Range V changed'
ptd-server 2023-03-02 01:10:42,557 [INFO] Sending to ptd: 'SR,A,Auto'
ptd-server 2023-03-02 01:10:43,059 [INFO] Reply from ptd: 'Range A changed'
ptd-server 2023-03-02 01:10:53,070 [INFO] Starting ranging mode
ptd-server 2023-03-02 01:10:53,070 [INFO] Sending to ptd: 'Go,1000,0,2023-03-02_01-10-24_ranging'
ptd-server 2023-03-02 01:10:53,070 [INFO] Reply from ptd: 'Starting untimed measurement, maximum 500000 samples at 1000ms with 0 rampup samples'
ptd-server 2023-03-02 01:10:53,071 [INFO] Sending reply to client 'OK'
ptd-server 2023-03-02 01:21:18,183 [INFO] Got command from the client 'session,2023-03-02_01-10-24,stop,ranging'
ptd-server 2023-03-02 01:21:28,194 [INFO] Sending to ptd: 'Stop'
ptd-server 2023-03-02 01:21:28,194 [INFO] Reply from ptd: 'Stopping untimed measurement'
ptd-server 2023-03-02 01:21:28,212 [INFO] Sending reply to client 'OK'
ptd-server 2023-03-02 01:21:28,261 [INFO] Got command from the client 'time'
ptd-server 2023-03-02 01:21:28,261 [INFO] Sending reply to client '1677720088.261494'
ptd-server 2023-03-02 01:21:28,263 [INFO] Got command from the client 'session,2023-03-02_01-10-24,start,testing'
ptd-server 2023-03-02 01:21:28,263 [INFO] Sending to ptd: 'SR,V,250.720000'
ptd-server 2023-03-02 01:21:30,571 [INFO] Reply from ptd: 'Range V changed'
ptd-server 2023-03-02 01:21:30,571 [INFO] Sending to ptd: 'SR,A,0.079060'
ptd-server 2023-03-02 01:21:32,073 [INFO] Reply from ptd: 'Range A changed'
ptd-server 2023-03-02 01:21:42,083 [INFO] Starting testing mode
ptd-server 2023-03-02 01:21:42,083 [INFO] Sending to ptd: 'Go,1000,0,2023-03-02_01-10-24_testing'
ptd-server 2023-03-02 01:21:42,084 [INFO] Reply from ptd: 'Starting untimed measurement, maximum 500000 samples at 1000ms with 0 rampup samples'
ptd-server 2023-03-02 01:21:42,084 [INFO] Sending reply to client 'OK'
ptd-server 2023-03-02 01:32:07,440 [INFO] Got command from the client 'session,2023-03-02_01-10-24,stop,testing'
ptd-server 2023-03-02 01:32:17,453 [INFO] Sending to ptd: 'Stop'
ptd-server 2023-03-02 01:32:17,453 [INFO] Reply from ptd: 'Stopping untimed measurement'
ptd-server 2023-03-02 01:32:17,461 [INFO] Sending reply to client 'OK'
ptd-server 2023-03-02 01:32:17,482 [INFO] Got command from the client 'session,2023-03-02_01-10-24,done'
ptd-server 2023-03-02 01:32:17,482 [INFO] Sending to ptd: 'Stop'
ptd-server 2023-03-02 01:32:18,084 [INFO] Reply from ptd: 'Error: no measurement to stop'
ptd-server 2023-03-02 01:32:18,084 [INFO] Sending to ptd: 'SR,V,Auto'
ptd-server 2023-03-02 01:32:18,587 [INFO] Reply from ptd: 'Range V changed'
ptd-server 2023-03-02 01:32:18,587 [INFO] Sending to ptd: 'SR,A,Auto'
ptd-server 2023-03-02 01:32:19,090 [INFO] Reply from ptd: 'Range A changed'
ptd-server 2023-03-02 01:32:19,090 [INFO] Set initial values for Amps Auto and Volts Auto
ptd-server 2023-03-02 01:32:19,090 [INFO] Stopping ptd...
