ptd-server 2023-02-22 17:34:24,765 [INFO] Got command from the client 'time'
ptd-server 2023-02-22 17:34:24,765 [INFO] Sending reply to client '1677087264.7657268'
ptd-server 2023-02-22 17:34:24,766 [INFO] Got command from the client 'new,,af650e6c-b6a0-44cb-a9ae-6e76f8e1bea5'
ptd-server 2023-02-22 17:34:24,767 [INFO] Sending reply to client 'OK 2023-02-22_17-34-24,5edf2518-1c30-45e8-87c4-9a24f6742ae7'
ptd-server 2023-02-22 17:34:24,802 [INFO] Got command from the client 'time'
ptd-server 2023-02-22 17:34:24,803 [INFO] Sending reply to client '1677087264.8029778'
ptd-server 2023-02-22 17:34:24,803 [INFO] Got command from the client 'session,2023-02-22_17-34-24,start,ranging'
ptd-server 2023-02-22 17:34:24,804 [INFO] Running PTDaemon: ['/home/anton/projects/mlperf/power/inference_v1.0/ptd-linux-x86', '-l', '/tmp/tmp4yl1neqp/ptd_logfile.txt', '-p', '8888', '49', '/dev/usbtmc0']
ptd-server 2023-02-22 17:34:41,878 [INFO] Sending to ptd: 'Hello'
ptd-server 2023-02-22 17:34:41,878 [INFO] Reply from ptd: 'Hello, PTDaemon here!'
ptd-server 2023-02-22 17:34:41,878 [INFO] Sending to ptd: 'Identify'
ptd-server 2023-02-22 17:34:41,879 [INFO] Reply from ptd: 'YokogawaWT310E,1000,1,1,1,1,0,1,1,version=1.10.0-ed9a21d2-20220817,OS=Linux 5.15.0-60-generic #66~20.04.1-Ubuntu SMP Wed Jan 25 09:41:30 UTC 2023 x86_64,mode=power,1,1,1,0,0,no_cal_date,YOKOGAWA;WT310E;C3XA04010E;F1.04'
ptd-server 2023-02-22 17:34:41,879 [INFO] Connected to PTDaemon
ptd-server 2023-02-22 17:34:41,879 [INFO] Sending to ptd: 'RR'
ptd-server 2023-02-22 17:34:41,879 [INFO] Reply from ptd: 'Ranges,1,0.100000,1,300.000000'
ptd-server 2023-02-22 17:34:41,879 [INFO] Initial range for Amps is Auto for Volts is Auto
ptd-server 2023-02-22 17:34:41,880 [INFO] Sending to ptd: 'SR,V,Auto'
ptd-server 2023-02-22 17:34:42,382 [INFO] Reply from ptd: 'Range V changed'
ptd-server 2023-02-22 17:34:42,382 [INFO] Sending to ptd: 'SR,A,Auto'
ptd-server 2023-02-22 17:34:42,885 [INFO] Reply from ptd: 'Range A changed'
ptd-server 2023-02-22 17:34:52,895 [INFO] Starting ranging mode
ptd-server 2023-02-22 17:34:52,895 [INFO] Sending to ptd: 'Go,1000,0,2023-02-22_17-34-24_ranging'
ptd-server 2023-02-22 17:34:52,895 [INFO] Reply from ptd: 'Starting untimed measurement, maximum 500000 samples at 1000ms with 0 rampup samples'
ptd-server 2023-02-22 17:34:52,896 [INFO] Sending reply to client 'OK'
ptd-server 2023-02-22 17:45:09,299 [INFO] Got command from the client 'session,2023-02-22_17-34-24,stop,ranging'
ptd-server 2023-02-22 17:45:19,310 [INFO] Sending to ptd: 'Stop'
ptd-server 2023-02-22 17:45:19,310 [INFO] Reply from ptd: 'Stopping untimed measurement'
ptd-server 2023-02-22 17:45:19,762 [INFO] Sending reply to client 'OK'
ptd-server 2023-02-22 17:45:19,794 [INFO] Got command from the client 'time'
ptd-server 2023-02-22 17:45:19,794 [INFO] Sending reply to client '1677087919.7942214'
ptd-server 2023-02-22 17:45:19,795 [INFO] Got command from the client 'session,2023-02-22_17-34-24,start,testing'
ptd-server 2023-02-22 17:45:19,795 [INFO] Sending to ptd: 'SR,V,249.220000'
ptd-server 2023-02-22 17:45:21,396 [INFO] Reply from ptd: 'Range V changed'
ptd-server 2023-02-22 17:45:21,396 [INFO] Sending to ptd: 'SR,A,0.062780'
ptd-server 2023-02-22 17:45:22,898 [INFO] Reply from ptd: 'Range A changed'
ptd-server 2023-02-22 17:45:32,908 [INFO] Starting testing mode
ptd-server 2023-02-22 17:45:32,908 [INFO] Sending to ptd: 'Go,1000,0,2023-02-22_17-34-24_testing'
ptd-server 2023-02-22 17:45:32,909 [INFO] Reply from ptd: 'Starting untimed measurement, maximum 500000 samples at 1000ms with 0 rampup samples'
ptd-server 2023-02-22 17:45:32,909 [INFO] Sending reply to client 'OK'
ptd-server 2023-02-22 17:55:49,374 [INFO] Got command from the client 'session,2023-02-22_17-34-24,stop,testing'
ptd-server 2023-02-22 17:55:59,385 [INFO] Sending to ptd: 'Stop'
ptd-server 2023-02-22 17:55:59,385 [INFO] Reply from ptd: 'Stopping untimed measurement'
ptd-server 2023-02-22 17:55:59,627 [INFO] Sending reply to client 'OK'
ptd-server 2023-02-22 17:55:59,635 [INFO] Got command from the client 'session,2023-02-22_17-34-24,done'
ptd-server 2023-02-22 17:55:59,635 [INFO] Sending to ptd: 'Stop'
ptd-server 2023-02-22 17:55:59,910 [INFO] Reply from ptd: 'Error: no measurement to stop'
ptd-server 2023-02-22 17:55:59,910 [INFO] Sending to ptd: 'SR,V,Auto'
ptd-server 2023-02-22 17:56:00,413 [INFO] Reply from ptd: 'Range V changed'
ptd-server 2023-02-22 17:56:00,413 [INFO] Sending to ptd: 'SR,A,Auto'
ptd-server 2023-02-22 17:56:00,915 [INFO] Reply from ptd: 'Range A changed'
ptd-server 2023-02-22 17:56:00,915 [INFO] Set initial values for Amps Auto and Volts Auto
ptd-server 2023-02-22 17:56:00,916 [INFO] Stopping ptd...
