client 2023-02-28 20:49:50,340 [INFO] Creating output directory '/home/arjun/mobilenet_results/valid_results/arjun_orin-tflite_armnn_cpp-cpu-armnn_tflite-v22.11-using_neon/efficientnet-fp32-lite0/singlestream/performance/tmp_power'
client 2023-02-28 20:49:50,419 [INFO] Sending command to the server: 'mlcommons/power client v3'
client 2023-02-28 20:49:50,423 [INFO] Got response: 'mlcommons/power server v3'
client 2023-02-28 20:49:50,423 [INFO] Synchronizing with the server and with time.google.com...
client 2023-02-28 20:49:50,447 [INFO] NTP:offset = 0.001 s, delay = 0.017 s 
client 2023-02-28 20:49:50,448 [INFO] Sending command to the server: 'time'
client 2023-02-28 20:49:50,452 [INFO] Got response: '1677617390.4518218'
client 2023-02-28 20:49:50,452 [INFO] The time difference between the client and the server is within range -3.556 ms..0.360 ms
client 2023-02-28 20:49:50,452 [INFO] Sending command to the server: 'new,,d078c09e-c77a-4d2e-9fc2-d1203557bc7e'
client 2023-02-28 20:49:50,459 [INFO] Got response: 'OK 2023-02-28_20-49-50,82b06a24-14c2-4b6a-911f-a930ec508b35'
client 2023-02-28 20:49:50,459 [INFO] Session id is '2023-02-28_20-49-50'
client 2023-02-28 20:49:50,460 [INFO] Sources: {"sources": {"__init__.py": "da39a3ee5e6b4b0d3255bfef95601890afd80709", "client.py": "33ca4f26368777ac06e01f9567b714a4b8063886", "lib/__init__.py": "da39a3ee5e6b4b0d3255bfef95601890afd80709", "lib/client.py": "4c2b78fb4849a7e5b584ef792d82aaed20b17f57", "lib/common.py": "624d0c0acc7c39aaff3674f0b99d6a09da53d1dc", "lib/external/__init__.py": "da39a3ee5e6b4b0d3255bfef95601890afd80709", "lib/external/ntplib.py": "4da8f970656505a40483206ef2b5d3dd5e81711d", "lib/server.py": "cda0cdfaee9bfa1249c64a7dd4f89b7bf1b279f0", "lib/source_hashes.py": "60a2e02193209e8d392803326208d5466342da18", "lib/summary.py": "aa92f0a3f975eecd44d3c0cd0236342ccc9f941d", "lib/time_sync.py": "3210db56eb0ff0df57bf4293dc4d4b03fffd46f1", "server.py": "c3f90f2f7eeb4db30727556d0c815ebc89b3d28b", "tests/unit/__init__.py": "da39a3ee5e6b4b0d3255bfef95601890afd80709", "tests/unit/test_server.py": "99ae15aef722f2000ee6ed1ae1523637bf1ae42b", "tests/unit/test_source_hashes.py": "00468a2907583c593e6574a1f6b404e4651c221a"}, "modules": {"ptd_client_server.lib.client": "lib/client.py", "ptd_client_server.lib.common": "lib/common.py", "ptd_client_server.lib.external.ntplib": "lib/external/ntplib.py", "ptd_client_server.lib.source_hashes": "lib/source_hashes.py", "ptd_client_server.lib.summary": "lib/summary.py", "ptd_client_server.lib.time_sync": "lib/time_sync.py"}}
client 2023-02-28 20:49:50,460 [INFO] Running workload in ranging mode
client 2023-02-28 20:49:50,460 [INFO] Synchronizing with the server and with time.google.com...
client 2023-02-28 20:49:50,477 [INFO] NTP:offset = 0.000 s, delay = 0.013 s 
client 2023-02-28 20:49:50,477 [INFO] Sending command to the server: 'time'
client 2023-02-28 20:49:50,481 [INFO] Got response: '1677617390.481149'
client 2023-02-28 20:49:50,481 [INFO] The time difference between the client and the server is within range -3.936 ms..0.277 ms
client 2023-02-28 20:49:50,481 [INFO] Sending command to the server: 'session,2023-02-28_20-49-50,start,ranging'
client 2023-02-28 20:50:18,618 [INFO] Got response: 'OK'
client 2023-02-28 20:50:18,619 [INFO] Running the workload '/home/arjun/run.out'
client 2023-02-28 21:01:22,173 [INFO] Sending command to the server: 'session,2023-02-28_20-49-50,stop,ranging'
client 2023-02-28 21:01:32,674 [INFO] Got response: 'OK'
client 2023-02-28 21:01:32,697 [INFO] Copying loadgen logs from '/home/arjun/mobilenet_results/valid_results/arjun_orin-tflite_armnn_cpp-cpu-armnn_tflite-v22.11-using_neon/efficientnet-fp32-lite0/singlestream/performance/run_1' to '/home/arjun/mobilenet_results/valid_results/arjun_orin-tflite_armnn_cpp-cpu-armnn_tflite-v22.11-using_neon/efficientnet-fp32-lite0/singlestream/performance/tmp_power/ranging'
client 2023-02-28 21:01:32,699 [INFO] Running workload in testing mode
client 2023-02-28 21:01:32,700 [INFO] Synchronizing with the server and with time.google.com...
client 2023-02-28 21:01:32,721 [INFO] NTP:offset = 0.000 s, delay = 0.015 s 
client 2023-02-28 21:01:32,721 [INFO] Sending command to the server: 'time'
client 2023-02-28 21:01:32,725 [INFO] Got response: '1677618092.7262373'
client 2023-02-28 21:01:32,725 [INFO] The time difference between the client and the server is within range -4.905 ms..-0.644 ms
client 2023-02-28 21:01:32,725 [INFO] Sending command to the server: 'session,2023-02-28_20-49-50,start,testing'
client 2023-02-28 21:01:45,745 [INFO] Got response: 'OK'
client 2023-02-28 21:01:45,746 [INFO] Running the workload '/home/arjun/run.out'
client 2023-02-28 21:12:56,749 [INFO] Sending command to the server: 'session,2023-02-28_20-49-50,stop,testing'
client 2023-02-28 21:13:07,004 [INFO] Got response: 'OK'
client 2023-02-28 21:13:07,006 [INFO] Copying loadgen logs from '/home/arjun/mobilenet_results/valid_results/arjun_orin-tflite_armnn_cpp-cpu-armnn_tflite-v22.11-using_neon/efficientnet-fp32-lite0/singlestream/performance/run_1' to '/home/arjun/mobilenet_results/valid_results/arjun_orin-tflite_armnn_cpp-cpu-armnn_tflite-v22.11-using_neon/efficientnet-fp32-lite0/singlestream/performance/tmp_power/run_1'
client 2023-02-28 21:13:07,006 [INFO] Done runs
