ptd-server 2023-02-25 18:36:07,524 [INFO] Got command from the client 'time'
ptd-server 2023-02-25 18:36:07,524 [INFO] Sending reply to client '1677371767.5248642'
ptd-server 2023-02-25 18:36:07,526 [INFO] Got command from the client 'new,,57f96bfe-5cc4-4f78-9123-7e7214261db9'
ptd-server 2023-02-25 18:36:07,526 [INFO] Sending reply to client 'OK 2023-02-25_18-36-07,deb98da5-8d01-4b46-a1bc-418382789c98'
ptd-server 2023-02-25 18:36:07,629 [INFO] Got command from the client 'time'
ptd-server 2023-02-25 18:36:07,629 [INFO] Sending reply to client '1677371767.6297174'
ptd-server 2023-02-25 18:36:07,631 [INFO] Got command from the client 'session,2023-02-25_18-36-07,start,ranging'
ptd-server 2023-02-25 18:36:07,631 [INFO] Running PTDaemon: ['/local/mnt/workspace/mlcommons/power-main/inference_v1.0/ptd-linux-x86', '-l', '/tmp/tmp8r9yunve/ptd_logfile.txt', '-p', '8888', '-c', '1', '52', '/dev/usbtmc0']
ptd-server 2023-02-25 18:36:24,651 [INFO] Sending to ptd: 'Hello'
ptd-server 2023-02-25 18:36:24,652 [INFO] Reply from ptd: 'Hello, PTDaemon here!'
ptd-server 2023-02-25 18:36:24,653 [INFO] Sending to ptd: 'Identify'
ptd-server 2023-02-25 18:36:24,653 [INFO] Reply from ptd: 'YokogawaWT330,1000,1,1,1,1,0,0,1,version=1.10.0-ed9a21d2-20220817,OS=Linux 5.4.0-120-generic #136~18.04.1-Ubuntu SMP Fri Jun 10 18:00:44 UTC 2022 x86_64,mode=power,1,1,1,0,0,no_cal_date,YOKOGAWA;WT333;C2SF14011V;F1.01EM'
ptd-server 2023-02-25 18:36:24,654 [INFO] Connected to PTDaemon
ptd-server 2023-02-25 18:36:24,654 [INFO] Sending to ptd: 'RR'
ptd-server 2023-02-25 18:36:24,654 [INFO] Reply from ptd: 'Ranges,0,5.000000,0,150.000000'
ptd-server 2023-02-25 18:36:24,655 [INFO] Initial range for Amps is 5.000000 for Volts is 150.000000
ptd-server 2023-02-25 18:36:24,655 [INFO] Sending to ptd: 'SR,V,Auto'
ptd-server 2023-02-25 18:36:25,194 [INFO] Reply from ptd: 'Range V changed'
ptd-server 2023-02-25 18:36:25,194 [INFO] Sending to ptd: 'SR,A,Auto'
ptd-server 2023-02-25 18:36:25,698 [INFO] Reply from ptd: 'Range A changed'
ptd-server 2023-02-25 18:36:35,708 [INFO] Starting ranging mode
ptd-server 2023-02-25 18:36:35,709 [INFO] Sending to ptd: 'Go,1000,0,2023-02-25_18-36-07_ranging'
ptd-server 2023-02-25 18:36:35,709 [INFO] Reply from ptd: 'Starting untimed measurement, maximum 500000 samples at 1000ms with 0 rampup samples'
ptd-server 2023-02-25 18:36:35,710 [INFO] Sending reply to client 'OK'
ptd-server 2023-02-25 18:50:18,551 [INFO] Got command from the client 'session,2023-02-25_18-36-07,stop,ranging'
ptd-server 2023-02-25 18:50:28,561 [INFO] Sending to ptd: 'Stop'
ptd-server 2023-02-25 18:50:28,562 [INFO] Reply from ptd: 'Stopping untimed measurement'
ptd-server 2023-02-25 18:50:28,576 [INFO] Sending reply to client 'OK'
ptd-server 2023-02-25 18:50:28,667 [INFO] Got command from the client 'time'
ptd-server 2023-02-25 18:50:28,668 [INFO] Sending reply to client '1677372628.6682453'
ptd-server 2023-02-25 18:50:28,669 [INFO] Got command from the client 'session,2023-02-25_18-36-07,start,testing'
ptd-server 2023-02-25 18:50:28,669 [INFO] Sending to ptd: 'SR,V,123.080000'
ptd-server 2023-02-25 18:50:30,211 [INFO] Reply from ptd: 'Range V changed'
ptd-server 2023-02-25 18:50:30,212 [INFO] Sending to ptd: 'SR,A,4.500500'
ptd-server 2023-02-25 18:50:31,714 [INFO] Reply from ptd: 'Range A changed'
ptd-server 2023-02-25 18:50:41,725 [INFO] Starting testing mode
ptd-server 2023-02-25 18:50:41,725 [INFO] Sending to ptd: 'Go,1000,0,2023-02-25_18-36-07_testing'
ptd-server 2023-02-25 18:50:41,726 [INFO] Reply from ptd: 'Starting untimed measurement, maximum 500000 samples at 1000ms with 0 rampup samples'
ptd-server 2023-02-25 18:50:41,726 [INFO] Sending reply to client 'OK'
ptd-server 2023-02-25 19:04:25,250 [INFO] Got command from the client 'session,2023-02-25_18-36-07,stop,testing'
ptd-server 2023-02-25 19:04:35,260 [INFO] Sending to ptd: 'Stop'
ptd-server 2023-02-25 19:04:35,261 [INFO] Reply from ptd: 'Stopping untimed measurement'
ptd-server 2023-02-25 19:04:35,267 [INFO] Sending reply to client 'OK'
ptd-server 2023-02-25 19:04:35,275 [INFO] Got command from the client 'session,2023-02-25_18-36-07,done'
ptd-server 2023-02-25 19:04:35,275 [INFO] Sending to ptd: 'Stop'
ptd-server 2023-02-25 19:04:35,727 [INFO] Reply from ptd: 'Error: no measurement to stop'
ptd-server 2023-02-25 19:04:35,727 [INFO] Sending to ptd: 'SR,V,150.000000'
ptd-server 2023-02-25 19:04:37,229 [INFO] Reply from ptd: 'Range V changed'
ptd-server 2023-02-25 19:04:37,229 [INFO] Sending to ptd: 'SR,A,5.000000'
ptd-server 2023-02-25 19:04:38,731 [INFO] Reply from ptd: 'Range A changed'
ptd-server 2023-02-25 19:04:38,732 [INFO] Set initial values for Amps 5.000000 and Volts 150.000000
ptd-server 2023-02-25 19:04:38,732 [INFO] Stopping ptd...
