ptd-server 2023-02-23 19:04:55,354 [INFO] Got command from the client 'time'
ptd-server 2023-02-23 19:04:55,354 [INFO] Sending reply to client '1677179095.3548493'
ptd-server 2023-02-23 19:04:55,355 [INFO] Got command from the client 'new,,61b5a5a7-9877-45b5-90fe-0d427d53b80c'
ptd-server 2023-02-23 19:04:55,356 [INFO] Sending reply to client 'OK 2023-02-23_19-04-55,9bb87031-9408-4383-b749-7b0dde1f8077'
ptd-server 2023-02-23 19:04:55,377 [INFO] Got command from the client 'time'
ptd-server 2023-02-23 19:04:55,378 [INFO] Sending reply to client '1677179095.378099'
ptd-server 2023-02-23 19:04:55,379 [INFO] Got command from the client 'session,2023-02-23_19-04-55,start,ranging'
ptd-server 2023-02-23 19:04:55,379 [INFO] Running PTDaemon: ['/home/anton/projects/mlperf/power/inference_v1.0/ptd-linux-x86', '-l', '/tmp/tmp4yl1neqp/ptd_logfile.txt', '-p', '8888', '49', '/dev/usbtmc0']
ptd-server 2023-02-23 19:05:12,453 [INFO] Sending to ptd: 'Hello'
ptd-server 2023-02-23 19:05:12,453 [INFO] Reply from ptd: 'Hello, PTDaemon here!'
ptd-server 2023-02-23 19:05:12,453 [INFO] Sending to ptd: 'Identify'
ptd-server 2023-02-23 19:05:12,454 [INFO] Reply from ptd: 'YokogawaWT310E,1000,1,1,1,1,0,1,1,version=1.10.0-ed9a21d2-20220817,OS=Linux 5.15.0-60-generic #66~20.04.1-Ubuntu SMP Wed Jan 25 09:41:30 UTC 2023 x86_64,mode=power,1,1,1,0,0,no_cal_date,YOKOGAWA;WT310E;C3XA04010E;F1.04'
ptd-server 2023-02-23 19:05:12,454 [INFO] Connected to PTDaemon
ptd-server 2023-02-23 19:05:12,454 [INFO] Sending to ptd: 'RR'
ptd-server 2023-02-23 19:05:12,454 [INFO] Reply from ptd: 'Ranges,1,0.100000,1,300.000000'
ptd-server 2023-02-23 19:05:12,454 [INFO] Initial range for Amps is Auto for Volts is Auto
ptd-server 2023-02-23 19:05:12,455 [INFO] Sending to ptd: 'SR,V,Auto'
ptd-server 2023-02-23 19:05:12,957 [INFO] Reply from ptd: 'Range V changed'
ptd-server 2023-02-23 19:05:12,957 [INFO] Sending to ptd: 'SR,A,Auto'
ptd-server 2023-02-23 19:05:13,460 [INFO] Reply from ptd: 'Range A changed'
ptd-server 2023-02-23 19:05:23,470 [INFO] Starting ranging mode
ptd-server 2023-02-23 19:05:23,470 [INFO] Sending to ptd: 'Go,1000,0,2023-02-23_19-04-55_ranging'
ptd-server 2023-02-23 19:05:23,470 [INFO] Reply from ptd: 'Starting untimed measurement, maximum 500000 samples at 1000ms with 0 rampup samples'
ptd-server 2023-02-23 19:05:23,471 [INFO] Sending reply to client 'OK'
ptd-server 2023-02-23 19:15:39,787 [INFO] Got command from the client 'session,2023-02-23_19-04-55,stop,ranging'
ptd-server 2023-02-23 19:15:49,797 [INFO] Sending to ptd: 'Stop'
ptd-server 2023-02-23 19:15:49,798 [INFO] Reply from ptd: 'Stopping untimed measurement'
ptd-server 2023-02-23 19:15:50,354 [INFO] Sending reply to client 'OK'
ptd-server 2023-02-23 19:15:50,426 [INFO] Got command from the client 'time'
ptd-server 2023-02-23 19:15:50,426 [INFO] Sending reply to client '1677179750.426595'
ptd-server 2023-02-23 19:15:50,427 [INFO] Got command from the client 'session,2023-02-23_19-04-55,start,testing'
ptd-server 2023-02-23 19:15:50,427 [INFO] Sending to ptd: 'SR,V,250.950000'
ptd-server 2023-02-23 19:15:51,972 [INFO] Reply from ptd: 'Range V changed'
ptd-server 2023-02-23 19:15:51,972 [INFO] Sending to ptd: 'SR,A,0.059770'
ptd-server 2023-02-23 19:15:53,474 [INFO] Reply from ptd: 'Range A changed'
ptd-server 2023-02-23 19:16:03,484 [INFO] Starting testing mode
ptd-server 2023-02-23 19:16:03,484 [INFO] Sending to ptd: 'Go,1000,0,2023-02-23_19-04-55_testing'
ptd-server 2023-02-23 19:16:03,485 [INFO] Reply from ptd: 'Starting untimed measurement, maximum 500000 samples at 1000ms with 0 rampup samples'
ptd-server 2023-02-23 19:16:03,485 [INFO] Sending reply to client 'OK'
ptd-server 2023-02-23 19:26:19,763 [INFO] Got command from the client 'session,2023-02-23_19-04-55,stop,testing'
ptd-server 2023-02-23 19:26:29,774 [INFO] Sending to ptd: 'Stop'
ptd-server 2023-02-23 19:26:29,774 [INFO] Reply from ptd: 'Stopping untimed measurement'
ptd-server 2023-02-23 19:26:30,078 [INFO] Sending reply to client 'OK'
ptd-server 2023-02-23 19:26:30,086 [INFO] Got command from the client 'session,2023-02-23_19-04-55,done'
ptd-server 2023-02-23 19:26:30,087 [INFO] Sending to ptd: 'Stop'
ptd-server 2023-02-23 19:26:30,486 [INFO] Reply from ptd: 'Error: no measurement to stop'
ptd-server 2023-02-23 19:26:30,486 [INFO] Sending to ptd: 'SR,V,Auto'
ptd-server 2023-02-23 19:26:30,989 [INFO] Reply from ptd: 'Range V changed'
ptd-server 2023-02-23 19:26:30,989 [INFO] Sending to ptd: 'SR,A,Auto'
ptd-server 2023-02-23 19:26:31,491 [INFO] Reply from ptd: 'Range A changed'
ptd-server 2023-02-23 19:26:31,491 [INFO] Set initial values for Amps Auto and Volts Auto
ptd-server 2023-02-23 19:26:31,491 [INFO] Stopping ptd...
