ptd-server 2023-03-01 11:12:25,898 [INFO] Got command from the client 'stop'
ptd-server 2023-03-01 11:12:25,898 [INFO] The server will be stopped after processing this client
ptd-server 2023-03-01 11:12:25,898 [INFO] Sending reply to client 'OK'
ptd-server 2023-03-01 11:12:25,908 [INFO] Got command from the client 'time'
ptd-server 2023-03-01 11:12:25,909 [INFO] Sending reply to client '1677669145.9090862'
ptd-server 2023-03-01 11:12:25,909 [INFO] Got command from the client 'new,,48bb969c-18b9-421d-a66b-c3f25de86d77'
ptd-server 2023-03-01 11:12:25,910 [INFO] Sending reply to client 'OK 2023-03-01_11-12-25,da34590f-b709-4320-887f-45bd96d2ef91'
ptd-server 2023-03-01 11:12:25,918 [INFO] Got command from the client 'time'
ptd-server 2023-03-01 11:12:25,918 [INFO] Sending reply to client '1677669145.9184'
ptd-server 2023-03-01 11:12:25,919 [INFO] Got command from the client 'session,2023-03-01_11-12-25,start,ranging'
ptd-server 2023-03-01 11:12:25,919 [INFO] Running PTDaemon: ['/home/lab/PTD/binaries/ptd-linux-x86', '-l', '/tmp/tmpku490584/ptd_logfile.txt', '-p', '8888', '52', '/dev/usbtmc0']
ptd-server 2023-03-01 11:12:42,996 [INFO] Sending to ptd: 'Hello'
ptd-server 2023-03-01 11:12:42,996 [INFO] Reply from ptd: 'Hello, PTDaemon here!'
ptd-server 2023-03-01 11:12:42,996 [INFO] Sending to ptd: 'Identify'
ptd-server 2023-03-01 11:12:42,997 [INFO] Reply from ptd: 'YokogawaWT330,1000,1,1,1,1,0,0,1,version=1.10.0-ed9a21d2-20220817,OS=Linux 5.15.0-60-generic #66-Ubuntu SMP Fri Jan 20 14:29:49 UTC 2023 x86_64,mode=power,1,1,1,0,0,no_cal_date,YOKOGAWA;WT332;C2PM04060V;F1.03'
ptd-server 2023-03-01 11:12:42,997 [INFO] Connected to PTDaemon
ptd-server 2023-03-01 11:12:42,997 [INFO] Sending to ptd: 'RR'
ptd-server 2023-03-01 11:12:42,998 [INFO] Reply from ptd: 'Ranges,1,5.000000,1,300.000000'
ptd-server 2023-03-01 11:12:42,998 [INFO] Initial range for Amps is Auto for Volts is Auto
ptd-server 2023-03-01 11:12:42,998 [INFO] Sending to ptd: 'SR,V,Auto'
ptd-server 2023-03-01 11:12:43,500 [INFO] Reply from ptd: 'Range V changed'
ptd-server 2023-03-01 11:12:43,501 [INFO] Sending to ptd: 'SR,A,Auto'
ptd-server 2023-03-01 11:12:44,002 [INFO] Reply from ptd: 'Range A changed'
ptd-server 2023-03-01 11:12:54,013 [INFO] Starting ranging mode
ptd-server 2023-03-01 11:12:54,013 [INFO] Sending to ptd: 'Go,1000,0,2023-03-01_11-12-25_ranging'
ptd-server 2023-03-01 11:12:54,013 [INFO] Reply from ptd: 'Starting untimed measurement, maximum 500000 samples at 1000ms with 0 rampup samples'
ptd-server 2023-03-01 11:12:54,014 [INFO] Sending reply to client 'OK'
ptd-server 2023-03-01 11:27:00,094 [INFO] Got command from the client 'session,2023-03-01_11-12-25,stop,ranging'
ptd-server 2023-03-01 11:27:10,104 [INFO] Sending to ptd: 'Stop'
ptd-server 2023-03-01 11:27:10,105 [INFO] Reply from ptd: 'Stopping untimed measurement'
ptd-server 2023-03-01 11:27:10,114 [INFO] Sending reply to client 'OK'
ptd-server 2023-03-01 11:27:10,138 [INFO] Got command from the client 'time'
ptd-server 2023-03-01 11:27:10,138 [INFO] Sending reply to client '1677670030.138656'
ptd-server 2023-03-01 11:27:10,139 [INFO] Got command from the client 'session,2023-03-01_11-12-25,start,testing'
ptd-server 2023-03-01 11:27:10,139 [INFO] Sending to ptd: 'SR,V,220.520000'
ptd-server 2023-03-01 11:27:12,515 [INFO] Reply from ptd: 'Range V changed'
ptd-server 2023-03-01 11:27:12,515 [INFO] Sending to ptd: 'SR,A,3.740400'
ptd-server 2023-03-01 11:27:14,017 [INFO] Reply from ptd: 'Range A changed'
ptd-server 2023-03-01 11:27:24,027 [INFO] Starting testing mode
ptd-server 2023-03-01 11:27:24,027 [INFO] Sending to ptd: 'Go,1000,0,2023-03-01_11-12-25_testing'
ptd-server 2023-03-01 11:27:24,028 [INFO] Reply from ptd: 'Starting untimed measurement, maximum 500000 samples at 1000ms with 0 rampup samples'
ptd-server 2023-03-01 11:27:24,028 [INFO] Sending reply to client 'OK'
ptd-server 2023-03-01 11:41:26,885 [INFO] Got command from the client 'session,2023-03-01_11-12-25,stop,testing'
ptd-server 2023-03-01 11:41:36,895 [INFO] Sending to ptd: 'Stop'
ptd-server 2023-03-01 11:41:36,896 [INFO] Reply from ptd: 'Stopping untimed measurement'
ptd-server 2023-03-01 11:41:36,901 [INFO] Sending reply to client 'OK'
ptd-server 2023-03-01 11:41:36,920 [INFO] Got command from the client 'session,2023-03-01_11-12-25,done'
ptd-server 2023-03-01 11:41:36,920 [INFO] Sending to ptd: 'Stop'
ptd-server 2023-03-01 11:41:37,029 [INFO] Reply from ptd: 'Error: no measurement to stop'
ptd-server 2023-03-01 11:41:37,029 [INFO] Sending to ptd: 'SR,V,Auto'
ptd-server 2023-03-01 11:41:37,531 [INFO] Reply from ptd: 'Range V changed'
ptd-server 2023-03-01 11:41:37,531 [INFO] Sending to ptd: 'SR,A,Auto'
ptd-server 2023-03-01 11:41:38,033 [INFO] Reply from ptd: 'Range A changed'
ptd-server 2023-03-01 11:41:38,034 [INFO] Set initial values for Amps Auto and Volts Auto
ptd-server 2023-03-01 11:41:38,034 [INFO] Stopping ptd...
