ptd-server 2023-02-21 22:10:25,495 [INFO] Got command from the client 'time'
ptd-server 2023-02-21 22:10:25,495 [INFO] Sending reply to client '1677017425.4954982'
ptd-server 2023-02-21 22:10:25,496 [INFO] Got command from the client 'new,,4dd1ae59-67a5-44ed-b0a2-8c20bf0a2cc5'
ptd-server 2023-02-21 22:10:25,497 [INFO] Sending reply to client 'OK 2023-02-21_22-10-25,cd0b0aa6-4a4f-4391-83d7-d8b8bc0d20cb'
ptd-server 2023-02-21 22:10:25,610 [INFO] Got command from the client 'time'
ptd-server 2023-02-21 22:10:25,610 [INFO] Sending reply to client '1677017425.610791'
ptd-server 2023-02-21 22:10:25,611 [INFO] Got command from the client 'session,2023-02-21_22-10-25,start,ranging'
ptd-server 2023-02-21 22:10:25,612 [INFO] Running PTDaemon: ['/home/anton/projects/mlperf/power/inference_v1.0/ptd-linux-x86', '-l', '/tmp/tmp4yl1neqp/ptd_logfile.txt', '-p', '8888', '49', '/dev/usbtmc0']
ptd-server 2023-02-21 22:10:42,686 [INFO] Sending to ptd: 'Hello'
ptd-server 2023-02-21 22:10:42,687 [INFO] Reply from ptd: 'Hello, PTDaemon here!'
ptd-server 2023-02-21 22:10:42,687 [INFO] Sending to ptd: 'Identify'
ptd-server 2023-02-21 22:10:42,687 [INFO] Reply from ptd: 'YokogawaWT310E,1000,1,1,1,1,0,1,1,version=1.10.0-ed9a21d2-20220817,OS=Linux 5.15.0-60-generic #66~20.04.1-Ubuntu SMP Wed Jan 25 09:41:30 UTC 2023 x86_64,mode=power,1,1,1,0,0,no_cal_date,YOKOGAWA;WT310E;C3XA04010E;F1.04'
ptd-server 2023-02-21 22:10:42,687 [INFO] Connected to PTDaemon
ptd-server 2023-02-21 22:10:42,688 [INFO] Sending to ptd: 'RR'
ptd-server 2023-02-21 22:10:42,688 [INFO] Reply from ptd: 'Ranges,1,0.100000,1,300.000000'
ptd-server 2023-02-21 22:10:42,688 [INFO] Initial range for Amps is Auto for Volts is Auto
ptd-server 2023-02-21 22:10:42,688 [INFO] Sending to ptd: 'SR,V,Auto'
ptd-server 2023-02-21 22:10:43,191 [INFO] Reply from ptd: 'Range V changed'
ptd-server 2023-02-21 22:10:43,191 [INFO] Sending to ptd: 'SR,A,Auto'
ptd-server 2023-02-21 22:10:43,693 [INFO] Reply from ptd: 'Range A changed'
ptd-server 2023-02-21 22:10:53,704 [INFO] Starting ranging mode
ptd-server 2023-02-21 22:10:53,704 [INFO] Sending to ptd: 'Go,1000,0,2023-02-21_22-10-25_ranging'
ptd-server 2023-02-21 22:10:53,704 [INFO] Reply from ptd: 'Starting untimed measurement, maximum 500000 samples at 1000ms with 0 rampup samples'
ptd-server 2023-02-21 22:10:53,704 [INFO] Sending reply to client 'OK'
ptd-server 2023-02-21 22:21:25,630 [INFO] Got command from the client 'session,2023-02-21_22-10-25,stop,ranging'
ptd-server 2023-02-21 22:21:35,641 [INFO] Sending to ptd: 'Stop'
ptd-server 2023-02-21 22:21:35,641 [INFO] Reply from ptd: 'Stopping untimed measurement'
ptd-server 2023-02-21 22:21:35,998 [INFO] Sending reply to client 'OK'
ptd-server 2023-02-21 22:21:36,155 [INFO] Got command from the client 'time'
ptd-server 2023-02-21 22:21:36,155 [INFO] Sending reply to client '1677018096.1552477'
ptd-server 2023-02-21 22:21:36,156 [INFO] Got command from the client 'session,2023-02-21_22-10-25,start,testing'
ptd-server 2023-02-21 22:21:36,156 [INFO] Sending to ptd: 'SR,V,249.810000'
ptd-server 2023-02-21 22:21:37,657 [INFO] Reply from ptd: 'Range V changed'
ptd-server 2023-02-21 22:21:37,657 [INFO] Sending to ptd: 'SR,A,0.050110'
ptd-server 2023-02-21 22:21:39,159 [INFO] Reply from ptd: 'Range A changed'
ptd-server 2023-02-21 22:21:49,169 [INFO] Starting testing mode
ptd-server 2023-02-21 22:21:49,169 [INFO] Sending to ptd: 'Go,1000,0,2023-02-21_22-10-25_testing'
ptd-server 2023-02-21 22:21:49,169 [INFO] Reply from ptd: 'Starting untimed measurement, maximum 500000 samples at 1000ms with 0 rampup samples'
ptd-server 2023-02-21 22:21:49,170 [INFO] Sending reply to client 'OK'
ptd-server 2023-02-21 22:32:21,038 [INFO] Got command from the client 'session,2023-02-21_22-10-25,stop,testing'
ptd-server 2023-02-21 22:32:31,049 [INFO] Sending to ptd: 'Stop'
ptd-server 2023-02-21 22:32:31,049 [INFO] Reply from ptd: 'Stopping untimed measurement'
ptd-server 2023-02-21 22:32:31,245 [INFO] Sending reply to client 'OK'
ptd-server 2023-02-21 22:32:31,253 [INFO] Got command from the client 'session,2023-02-21_22-10-25,done'
ptd-server 2023-02-21 22:32:31,253 [INFO] Sending to ptd: 'Stop'
ptd-server 2023-02-21 22:32:31,253 [INFO] Reply from ptd: 'Error: no measurement to stop'
ptd-server 2023-02-21 22:32:31,253 [INFO] Sending to ptd: 'SR,V,Auto'
ptd-server 2023-02-21 22:32:31,756 [INFO] Reply from ptd: 'Range V changed'
ptd-server 2023-02-21 22:32:31,756 [INFO] Sending to ptd: 'SR,A,Auto'
ptd-server 2023-02-21 22:32:32,258 [INFO] Reply from ptd: 'Range A changed'
ptd-server 2023-02-21 22:32:32,259 [INFO] Set initial values for Amps Auto and Volts Auto
ptd-server 2023-02-21 22:32:32,259 [INFO] Stopping ptd...
