ptd-server 2023-03-01 10:09:52,636 [INFO] Got command from the client 'time'
ptd-server 2023-03-01 10:09:52,636 [INFO] Sending reply to client '1677686992.636479'
ptd-server 2023-03-01 10:09:52,637 [INFO] Got command from the client 'new,,47e7ab7d-e7c0-4fe7-a89d-5f039a9809a0'
ptd-server 2023-03-01 10:09:52,638 [INFO] Sending reply to client 'OK 2023-03-01_10-09-52,e89815e4-d2a1-47e9-bf4a-120cc59e6f6a'
ptd-server 2023-03-01 10:09:52,721 [INFO] Got command from the client 'time'
ptd-server 2023-03-01 10:09:52,721 [INFO] Sending reply to client '1677686992.721343'
ptd-server 2023-03-01 10:09:52,722 [INFO] Got command from the client 'session,2023-03-01_10-09-52,start,ranging'
ptd-server 2023-03-01 10:09:52,722 [INFO] Running PTDaemon: ['/local/mnt/workspace/mlcommons/power-main/inference_v1.0/ptd-linux-x86', '-l', '/tmp/tmp1xnxlcf3/ptd_logfile.txt', '-p', '8888', '-c', '2', '52', '/dev/usbtmc0']
ptd-server 2023-03-01 10:10:09,847 [INFO] Sending to ptd: 'Hello'
ptd-server 2023-03-01 10:10:09,848 [INFO] Reply from ptd: 'Hello, PTDaemon here!'
ptd-server 2023-03-01 10:10:09,848 [INFO] Sending to ptd: 'Identify'
ptd-server 2023-03-01 10:10:09,849 [INFO] Reply from ptd: 'YokogawaWT330E,1000,1,1,1,1,0,0,1,version=1.10.0-ed9a21d2-20220817,OS=Linux 5.4.0-120-generic #136~18.04.1-Ubuntu SMP Fri Jun 10 18:00:44 UTC 2022 x86_64,mode=power,1,1,1,0,0,no_cal_date,YOKOGAWA;WT333E;C2XC17005V;F1.04'
ptd-server 2023-03-01 10:10:09,849 [INFO] Connected to PTDaemon
ptd-server 2023-03-01 10:10:09,849 [INFO] Sending to ptd: 'RR'
ptd-server 2023-03-01 10:10:09,850 [INFO] Reply from ptd: 'Ranges,0,10.000000,0,150.000000'
ptd-server 2023-03-01 10:10:09,850 [INFO] Initial range for Amps is 10.000000 for Volts is 150.000000
ptd-server 2023-03-01 10:10:09,850 [INFO] Sending to ptd: 'SR,V,Auto'
ptd-server 2023-03-01 10:10:10,353 [INFO] Reply from ptd: 'Range V changed'
ptd-server 2023-03-01 10:10:10,353 [INFO] Sending to ptd: 'SR,A,Auto'
ptd-server 2023-03-01 10:10:10,856 [INFO] Reply from ptd: 'Range A changed'
ptd-server 2023-03-01 10:10:20,867 [INFO] Starting ranging mode
ptd-server 2023-03-01 10:10:20,867 [INFO] Sending to ptd: 'Go,1000,0,2023-03-01_10-09-52_ranging'
ptd-server 2023-03-01 10:10:20,868 [INFO] Reply from ptd: 'Starting untimed measurement, maximum 500000 samples at 1000ms with 0 rampup samples'
ptd-server 2023-03-01 10:10:20,869 [INFO] Sending reply to client 'OK'
ptd-server 2023-03-01 10:22:42,510 [INFO] Got command from the client 'session,2023-03-01_10-09-52,stop,ranging'
ptd-server 2023-03-01 10:22:52,512 [INFO] Sending to ptd: 'Stop'
ptd-server 2023-03-01 10:22:52,513 [INFO] Reply from ptd: 'Stopping untimed measurement'
ptd-server 2023-03-01 10:22:52,527 [INFO] Sending reply to client 'OK'
ptd-server 2023-03-01 10:22:52,618 [INFO] Got command from the client 'time'
ptd-server 2023-03-01 10:22:52,618 [INFO] Sending reply to client '1677687772.618522'
ptd-server 2023-03-01 10:22:52,619 [INFO] Got command from the client 'session,2023-03-01_10-09-52,start,testing'
ptd-server 2023-03-01 10:22:52,620 [INFO] Sending to ptd: 'SR,V,119.270000'
ptd-server 2023-03-01 10:22:54,370 [INFO] Reply from ptd: 'Range V changed'
ptd-server 2023-03-01 10:22:54,370 [INFO] Sending to ptd: 'SR,A,0.888900'
ptd-server 2023-03-01 10:22:55,872 [INFO] Reply from ptd: 'Range A changed'
ptd-server 2023-03-01 10:23:05,883 [INFO] Starting testing mode
ptd-server 2023-03-01 10:23:05,883 [INFO] Sending to ptd: 'Go,1000,0,2023-03-01_10-09-52_testing'
ptd-server 2023-03-01 10:23:05,884 [INFO] Reply from ptd: 'Starting untimed measurement, maximum 500000 samples at 1000ms with 0 rampup samples'
ptd-server 2023-03-01 10:23:05,885 [INFO] Sending reply to client 'OK'
ptd-server 2023-03-01 10:35:27,630 [INFO] Got command from the client 'session,2023-03-01_10-09-52,stop,testing'
ptd-server 2023-03-01 10:35:37,640 [INFO] Sending to ptd: 'Stop'
ptd-server 2023-03-01 10:35:37,641 [INFO] Reply from ptd: 'Stopping untimed measurement'
ptd-server 2023-03-01 10:35:37,648 [INFO] Sending reply to client 'OK'
ptd-server 2023-03-01 10:35:37,656 [INFO] Got command from the client 'session,2023-03-01_10-09-52,done'
ptd-server 2023-03-01 10:35:37,656 [INFO] Sending to ptd: 'Stop'
ptd-server 2023-03-01 10:35:37,884 [INFO] Reply from ptd: 'Error: no measurement to stop'
ptd-server 2023-03-01 10:35:37,885 [INFO] Sending to ptd: 'SR,V,150.000000'
ptd-server 2023-03-01 10:35:39,387 [INFO] Reply from ptd: 'Range V changed'
ptd-server 2023-03-01 10:35:39,387 [INFO] Sending to ptd: 'SR,A,10.000000'
ptd-server 2023-03-01 10:35:40,889 [INFO] Reply from ptd: 'Range A changed'
ptd-server 2023-03-01 10:35:40,890 [INFO] Set initial values for Amps 10.000000 and Volts 150.000000
ptd-server 2023-03-01 10:35:40,890 [INFO] Stopping ptd...
