ptd-server 2023-02-25 14:54:27,092 [INFO] Got command from the client 'time'
ptd-server 2023-02-25 14:54:27,092 [INFO] Sending reply to client '1677336867.0928288'
ptd-server 2023-02-25 14:54:27,094 [INFO] Got command from the client 'new,,61e51c1e-3d8a-4c13-84c5-2c3794b3d3a6'
ptd-server 2023-02-25 14:54:27,095 [INFO] Sending reply to client 'OK 2023-02-25_14-54-27,305d9e46-a19f-4fe0-a1fa-a7ced9a887ba'
ptd-server 2023-02-25 14:54:27,128 [INFO] Got command from the client 'time'
ptd-server 2023-02-25 14:54:27,129 [INFO] Sending reply to client '1677336867.1291115'
ptd-server 2023-02-25 14:54:27,132 [INFO] Got command from the client 'session,2023-02-25_14-54-27,start,ranging'
ptd-server 2023-02-25 14:54:27,132 [INFO] Running PTDaemon: ['/home/anton/projects/mlperf/power/inference_v1.0/ptd-linux-x86', '-l', '/tmp/tmpu4v721n6/ptd_logfile.txt', '-p', '8888', '49', '/dev/usbtmc0']
ptd-server 2023-02-25 14:54:44,219 [INFO] Sending to ptd: 'Hello'
ptd-server 2023-02-25 14:54:44,220 [INFO] Reply from ptd: 'Hello, PTDaemon here!'
ptd-server 2023-02-25 14:54:44,220 [INFO] Sending to ptd: 'Identify'
ptd-server 2023-02-25 14:54:44,220 [INFO] Reply from ptd: 'YokogawaWT310E,1000,1,1,1,1,0,1,1,version=1.10.0-ed9a21d2-20220817,OS=Linux 5.15.0-60-generic #66~20.04.1-Ubuntu SMP Wed Jan 25 09:41:30 UTC 2023 x86_64,mode=power,1,1,1,0,0,no_cal_date,YOKOGAWA;WT310E;C3XA04010E;F1.04'
ptd-server 2023-02-25 14:54:44,221 [INFO] Connected to PTDaemon
ptd-server 2023-02-25 14:54:44,221 [INFO] Sending to ptd: 'RR'
ptd-server 2023-02-25 14:54:44,221 [INFO] Reply from ptd: 'Ranges,0,0.100000,0,300.000000'
ptd-server 2023-02-25 14:54:44,221 [INFO] Initial range for Amps is 0.100000 for Volts is 300.000000
ptd-server 2023-02-25 14:54:44,221 [INFO] Sending to ptd: 'SR,V,Auto'
ptd-server 2023-02-25 14:54:44,723 [INFO] Reply from ptd: 'Range V changed'
ptd-server 2023-02-25 14:54:44,724 [INFO] Sending to ptd: 'SR,A,Auto'
ptd-server 2023-02-25 14:54:45,226 [INFO] Reply from ptd: 'Range A changed'
ptd-server 2023-02-25 14:54:55,236 [INFO] Starting ranging mode
ptd-server 2023-02-25 14:54:55,237 [INFO] Sending to ptd: 'Go,1000,0,2023-02-25_14-54-27_ranging'
ptd-server 2023-02-25 14:54:55,237 [INFO] Reply from ptd: 'Starting untimed measurement, maximum 500000 samples at 1000ms with 0 rampup samples'
ptd-server 2023-02-25 14:54:55,237 [INFO] Sending reply to client 'OK'
ptd-server 2023-02-25 15:05:10,346 [INFO] Got command from the client 'session,2023-02-25_14-54-27,stop,ranging'
ptd-server 2023-02-25 15:05:20,356 [INFO] Sending to ptd: 'Stop'
ptd-server 2023-02-25 15:05:20,356 [INFO] Reply from ptd: 'Stopping untimed measurement'
ptd-server 2023-02-25 15:05:20,467 [INFO] Sending reply to client 'OK'
ptd-server 2023-02-25 15:05:20,514 [INFO] Got command from the client 'time'
ptd-server 2023-02-25 15:05:20,514 [INFO] Sending reply to client '1677337520.5142663'
ptd-server 2023-02-25 15:05:20,516 [INFO] Got command from the client 'session,2023-02-25_14-54-27,start,testing'
ptd-server 2023-02-25 15:05:20,516 [INFO] Sending to ptd: 'SR,V,252.370000'
ptd-server 2023-02-25 15:05:22,739 [INFO] Reply from ptd: 'Range V changed'
ptd-server 2023-02-25 15:05:22,739 [INFO] Sending to ptd: 'SR,A,0.043730'
ptd-server 2023-02-25 15:05:24,240 [INFO] Reply from ptd: 'Range A changed'
ptd-server 2023-02-25 15:05:34,250 [INFO] Starting testing mode
ptd-server 2023-02-25 15:05:34,251 [INFO] Sending to ptd: 'Go,1000,0,2023-02-25_14-54-27_testing'
ptd-server 2023-02-25 15:05:34,251 [INFO] Reply from ptd: 'Starting untimed measurement, maximum 500000 samples at 1000ms with 0 rampup samples'
ptd-server 2023-02-25 15:05:34,251 [INFO] Sending reply to client 'OK'
ptd-server 2023-02-25 15:15:49,466 [INFO] Got command from the client 'session,2023-02-25_14-54-27,stop,testing'
ptd-server 2023-02-25 15:15:59,477 [INFO] Sending to ptd: 'Stop'
ptd-server 2023-02-25 15:15:59,477 [INFO] Reply from ptd: 'Stopping untimed measurement'
ptd-server 2023-02-25 15:15:59,533 [INFO] Sending reply to client 'OK'
ptd-server 2023-02-25 15:15:59,554 [INFO] Got command from the client 'session,2023-02-25_14-54-27,done'
ptd-server 2023-02-25 15:15:59,555 [INFO] Sending to ptd: 'Stop'
ptd-server 2023-02-25 15:16:00,252 [INFO] Reply from ptd: 'Error: no measurement to stop'
ptd-server 2023-02-25 15:16:00,252 [INFO] Sending to ptd: 'SR,V,300.000000'
ptd-server 2023-02-25 15:16:01,753 [INFO] Reply from ptd: 'Range V changed'
ptd-server 2023-02-25 15:16:01,753 [INFO] Sending to ptd: 'SR,A,0.100000'
ptd-server 2023-02-25 15:16:03,254 [INFO] Reply from ptd: 'Range A changed'
ptd-server 2023-02-25 15:16:03,255 [INFO] Set initial values for Amps 0.100000 and Volts 300.000000
ptd-server 2023-02-25 15:16:03,255 [INFO] Stopping ptd...
