ptd-server 2023-02-25 19:23:07,084 [INFO] Got command from the client 'time'
ptd-server 2023-02-25 19:23:07,084 [INFO] Sending reply to client '1677352987.0844796'
ptd-server 2023-02-25 19:23:07,085 [INFO] Got command from the client 'new,,7436256c-0422-4e03-8e2d-a3af522bc801'
ptd-server 2023-02-25 19:23:07,086 [INFO] Sending reply to client 'OK 2023-02-25_19-23-07,11a1d8bd-9607-46a9-839e-81eebf8fa24f'
ptd-server 2023-02-25 19:23:07,108 [INFO] Got command from the client 'time'
ptd-server 2023-02-25 19:23:07,108 [INFO] Sending reply to client '1677352987.108888'
ptd-server 2023-02-25 19:23:07,110 [INFO] Got command from the client 'session,2023-02-25_19-23-07,start,ranging'
ptd-server 2023-02-25 19:23:07,111 [INFO] Running PTDaemon: ['/home/anton/projects/mlperf/power/inference_v1.0/ptd-linux-x86', '-l', '/tmp/tmpu4v721n6/ptd_logfile.txt', '-p', '8888', '49', '/dev/usbtmc0']
ptd-server 2023-02-25 19:23:24,198 [INFO] Sending to ptd: 'Hello'
ptd-server 2023-02-25 19:23:24,198 [INFO] Reply from ptd: 'Hello, PTDaemon here!'
ptd-server 2023-02-25 19:23:24,199 [INFO] Sending to ptd: 'Identify'
ptd-server 2023-02-25 19:23:24,199 [INFO] Reply from ptd: 'YokogawaWT310E,1000,1,1,1,1,0,1,1,version=1.10.0-ed9a21d2-20220817,OS=Linux 5.15.0-60-generic #66~20.04.1-Ubuntu SMP Wed Jan 25 09:41:30 UTC 2023 x86_64,mode=power,1,1,1,0,0,no_cal_date,YOKOGAWA;WT310E;C3XA04010E;F1.04'
ptd-server 2023-02-25 19:23:24,199 [INFO] Connected to PTDaemon
ptd-server 2023-02-25 19:23:24,199 [INFO] Sending to ptd: 'RR'
ptd-server 2023-02-25 19:23:24,199 [INFO] Reply from ptd: 'Ranges,0,0.100000,0,300.000000'
ptd-server 2023-02-25 19:23:24,200 [INFO] Initial range for Amps is 0.100000 for Volts is 300.000000
ptd-server 2023-02-25 19:23:24,200 [INFO] Sending to ptd: 'SR,V,Auto'
ptd-server 2023-02-25 19:23:24,702 [INFO] Reply from ptd: 'Range V changed'
ptd-server 2023-02-25 19:23:24,702 [INFO] Sending to ptd: 'SR,A,Auto'
ptd-server 2023-02-25 19:23:25,205 [INFO] Reply from ptd: 'Range A changed'
ptd-server 2023-02-25 19:23:35,215 [INFO] Starting ranging mode
ptd-server 2023-02-25 19:23:35,215 [INFO] Sending to ptd: 'Go,1000,0,2023-02-25_19-23-07_ranging'
ptd-server 2023-02-25 19:23:35,216 [INFO] Reply from ptd: 'Starting untimed measurement, maximum 500000 samples at 1000ms with 0 rampup samples'
ptd-server 2023-02-25 19:23:35,216 [INFO] Sending reply to client 'OK'
ptd-server 2023-02-25 19:33:50,215 [INFO] Got command from the client 'session,2023-02-25_19-23-07,stop,ranging'
ptd-server 2023-02-25 19:34:00,224 [INFO] Sending to ptd: 'Stop'
ptd-server 2023-02-25 19:34:00,224 [INFO] Reply from ptd: 'Stopping untimed measurement'
ptd-server 2023-02-25 19:34:00,364 [INFO] Sending reply to client 'OK'
ptd-server 2023-02-25 19:34:00,414 [INFO] Got command from the client 'time'
ptd-server 2023-02-25 19:34:00,414 [INFO] Sending reply to client '1677353640.414366'
ptd-server 2023-02-25 19:34:00,420 [INFO] Got command from the client 'session,2023-02-25_19-23-07,start,testing'
ptd-server 2023-02-25 19:34:00,421 [INFO] Sending to ptd: 'SR,V,249.090000'
ptd-server 2023-02-25 19:34:02,718 [INFO] Reply from ptd: 'Range V changed'
ptd-server 2023-02-25 19:34:02,718 [INFO] Sending to ptd: 'SR,A,0.052020'
ptd-server 2023-02-25 19:34:04,220 [INFO] Reply from ptd: 'Range A changed'
ptd-server 2023-02-25 19:34:14,228 [INFO] Starting testing mode
ptd-server 2023-02-25 19:34:14,228 [INFO] Sending to ptd: 'Go,1000,0,2023-02-25_19-23-07_testing'
ptd-server 2023-02-25 19:34:14,228 [INFO] Reply from ptd: 'Starting untimed measurement, maximum 500000 samples at 1000ms with 0 rampup samples'
ptd-server 2023-02-25 19:34:14,229 [INFO] Sending reply to client 'OK'
ptd-server 2023-02-25 19:44:29,405 [INFO] Got command from the client 'session,2023-02-25_19-23-07,stop,testing'
ptd-server 2023-02-25 19:44:39,412 [INFO] Sending to ptd: 'Stop'
ptd-server 2023-02-25 19:44:39,412 [INFO] Reply from ptd: 'Stopping untimed measurement'
ptd-server 2023-02-25 19:44:39,485 [INFO] Sending reply to client 'OK'
ptd-server 2023-02-25 19:44:39,505 [INFO] Got command from the client 'session,2023-02-25_19-23-07,done'
ptd-server 2023-02-25 19:44:39,505 [INFO] Sending to ptd: 'Stop'
ptd-server 2023-02-25 19:44:40,229 [INFO] Reply from ptd: 'Error: no measurement to stop'
ptd-server 2023-02-25 19:44:40,229 [INFO] Sending to ptd: 'SR,V,300.000000'
ptd-server 2023-02-25 19:44:41,730 [INFO] Reply from ptd: 'Range V changed'
ptd-server 2023-02-25 19:44:41,730 [INFO] Sending to ptd: 'SR,A,0.100000'
ptd-server 2023-02-25 19:44:43,232 [INFO] Reply from ptd: 'Range A changed'
ptd-server 2023-02-25 19:44:43,232 [INFO] Set initial values for Amps 0.100000 and Volts 300.000000
ptd-server 2023-02-25 19:44:43,232 [INFO] Stopping ptd...
