ptd-server 2023-02-28 10:25:14,984 [INFO] Got command from the client 'time'
ptd-server 2023-02-28 10:25:14,984 [INFO] Sending reply to client '1677579914.9844236'
ptd-server 2023-02-28 10:25:14,986 [INFO] Got command from the client 'new,,0e6dd9a0-2271-48ec-8485-9d2059639520'
ptd-server 2023-02-28 10:25:14,987 [INFO] Sending reply to client 'OK 2023-02-28_10-25-14,5b2ffc43-ec80-4333-b01c-5eefe0dfc670'
ptd-server 2023-02-28 10:25:15,012 [INFO] Got command from the client 'time'
ptd-server 2023-02-28 10:25:15,012 [INFO] Sending reply to client '1677579915.0125773'
ptd-server 2023-02-28 10:25:15,015 [INFO] Got command from the client 'session,2023-02-28_10-25-14,start,ranging'
ptd-server 2023-02-28 10:25:15,015 [INFO] Running PTDaemon: ['/home/anton/projects/mlperf/power/inference_v1.0/ptd-linux-x86', '-l', '/tmp/tmpu4v721n6/ptd_logfile.txt', '-p', '8888', '49', '/dev/usbtmc0']
ptd-server 2023-02-28 10:25:32,101 [INFO] Sending to ptd: 'Hello'
ptd-server 2023-02-28 10:25:32,102 [INFO] Reply from ptd: 'Hello, PTDaemon here!'
ptd-server 2023-02-28 10:25:32,102 [INFO] Sending to ptd: 'Identify'
ptd-server 2023-02-28 10:25:32,102 [INFO] Reply from ptd: 'YokogawaWT310E,1000,1,1,1,1,0,1,1,version=1.10.0-ed9a21d2-20220817,OS=Linux 5.15.0-60-generic #66~20.04.1-Ubuntu SMP Wed Jan 25 09:41:30 UTC 2023 x86_64,mode=power,1,1,1,0,0,no_cal_date,YOKOGAWA;WT310E;C3XA04010E;F1.04'
ptd-server 2023-02-28 10:25:32,103 [INFO] Connected to PTDaemon
ptd-server 2023-02-28 10:25:32,103 [INFO] Sending to ptd: 'RR'
ptd-server 2023-02-28 10:25:32,103 [INFO] Reply from ptd: 'Ranges,0,0.100000,0,300.000000'
ptd-server 2023-02-28 10:25:32,103 [INFO] Initial range for Amps is 0.100000 for Volts is 300.000000
ptd-server 2023-02-28 10:25:32,103 [INFO] Sending to ptd: 'SR,V,Auto'
ptd-server 2023-02-28 10:25:32,606 [INFO] Reply from ptd: 'Range V changed'
ptd-server 2023-02-28 10:25:32,606 [INFO] Sending to ptd: 'SR,A,Auto'
ptd-server 2023-02-28 10:25:33,108 [INFO] Reply from ptd: 'Range A changed'
ptd-server 2023-02-28 10:25:43,119 [INFO] Starting ranging mode
ptd-server 2023-02-28 10:25:43,119 [INFO] Sending to ptd: 'Go,1000,0,2023-02-28_10-25-14_ranging'
ptd-server 2023-02-28 10:25:43,119 [INFO] Reply from ptd: 'Starting untimed measurement, maximum 500000 samples at 1000ms with 0 rampup samples'
ptd-server 2023-02-28 10:25:43,120 [INFO] Sending reply to client 'OK'
ptd-server 2023-02-28 10:36:24,796 [INFO] Got command from the client 'session,2023-02-28_10-25-14,stop,ranging'
ptd-server 2023-02-28 10:36:34,807 [INFO] Sending to ptd: 'Stop'
ptd-server 2023-02-28 10:36:34,807 [INFO] Reply from ptd: 'Stopping untimed measurement'
ptd-server 2023-02-28 10:36:35,264 [INFO] Sending reply to client 'OK'
ptd-server 2023-02-28 10:36:35,360 [INFO] Got command from the client 'time'
ptd-server 2023-02-28 10:36:35,360 [INFO] Sending reply to client '1677580595.3603818'
ptd-server 2023-02-28 10:36:35,361 [INFO] Got command from the client 'session,2023-02-28_10-25-14,start,testing'
ptd-server 2023-02-28 10:36:35,361 [INFO] Sending to ptd: 'SR,V,251.000000'
ptd-server 2023-02-28 10:36:36,863 [INFO] Reply from ptd: 'Range V changed'
ptd-server 2023-02-28 10:36:36,863 [INFO] Sending to ptd: 'SR,A,0.062740'
ptd-server 2023-02-28 10:36:38,364 [INFO] Reply from ptd: 'Range A changed'
ptd-server 2023-02-28 10:36:48,375 [INFO] Starting testing mode
ptd-server 2023-02-28 10:36:48,375 [INFO] Sending to ptd: 'Go,1000,0,2023-02-28_10-25-14_testing'
ptd-server 2023-02-28 10:36:48,375 [INFO] Reply from ptd: 'Starting untimed measurement, maximum 500000 samples at 1000ms with 0 rampup samples'
ptd-server 2023-02-28 10:36:48,375 [INFO] Sending reply to client 'OK'
ptd-server 2023-02-28 10:47:30,050 [INFO] Got command from the client 'session,2023-02-28_10-25-14,stop,testing'
ptd-server 2023-02-28 10:47:40,060 [INFO] Sending to ptd: 'Stop'
ptd-server 2023-02-28 10:47:40,061 [INFO] Reply from ptd: 'Stopping untimed measurement'
ptd-server 2023-02-28 10:47:40,296 [INFO] Sending reply to client 'OK'
ptd-server 2023-02-28 10:47:40,310 [INFO] Got command from the client 'session,2023-02-28_10-25-14,done'
ptd-server 2023-02-28 10:47:40,310 [INFO] Sending to ptd: 'Stop'
ptd-server 2023-02-28 10:47:40,376 [INFO] Reply from ptd: 'Error: no measurement to stop'
ptd-server 2023-02-28 10:47:40,376 [INFO] Sending to ptd: 'SR,V,300.000000'
ptd-server 2023-02-28 10:47:41,877 [INFO] Reply from ptd: 'Range V changed'
ptd-server 2023-02-28 10:47:41,877 [INFO] Sending to ptd: 'SR,A,0.100000'
ptd-server 2023-02-28 10:47:43,379 [INFO] Reply from ptd: 'Range A changed'
ptd-server 2023-02-28 10:47:43,379 [INFO] Set initial values for Amps 0.100000 and Volts 300.000000
ptd-server 2023-02-28 10:47:43,379 [INFO] Stopping ptd...
