ptd-server 2023-02-26 11:55:13,338 [INFO] Got command from the client 'time'
ptd-server 2023-02-26 11:55:13,338 [INFO] Sending reply to client '1677412513.3389134'
ptd-server 2023-02-26 11:55:13,342 [INFO] Got command from the client 'new,,1729e602-d89f-4e5d-9149-9771920a8028'
ptd-server 2023-02-26 11:55:13,343 [INFO] Sending reply to client 'OK 2023-02-26_11-55-13,8bee8fc7-63e8-4e45-bc58-45880efbd8e7'
ptd-server 2023-02-26 11:55:13,363 [INFO] Got command from the client 'time'
ptd-server 2023-02-26 11:55:13,363 [INFO] Sending reply to client '1677412513.3634346'
ptd-server 2023-02-26 11:55:13,367 [INFO] Got command from the client 'session,2023-02-26_11-55-13,start,ranging'
ptd-server 2023-02-26 11:55:13,368 [INFO] Running PTDaemon: ['/media/arjun/T7_Touch/hp-envy/CM/repos/local/cache/9b3695ca8255492a/power/inference_v1.0/ptd-linux-x86', '-l', '/tmp/tmpti64566v/ptd_logfile.txt', '-p', '8888', '49', '/dev/usbtmc0']
ptd-server 2023-02-26 11:55:30,467 [INFO] Sending to ptd: 'Hello'
ptd-server 2023-02-26 11:55:30,468 [INFO] Reply from ptd: 'Hello, PTDaemon here!'
ptd-server 2023-02-26 11:55:30,468 [INFO] Sending to ptd: 'Identify'
ptd-server 2023-02-26 11:55:30,469 [INFO] Reply from ptd: 'YokogawaWT310E,1000,1,1,1,1,0,1,1,version=1.10.0-ed9a21d2-20220817,OS=Linux 5.15.0-56-generic #62-Ubuntu SMP Tue Nov 22 19:54:14 UTC 2022 x86_64,mode=power,1,1,1,0,0,no_cal_date,YOKOGAWA;WT310E;C3YD21068E;F1.04'
ptd-server 2023-02-26 11:55:30,469 [INFO] Connected to PTDaemon
ptd-server 2023-02-26 11:55:30,470 [INFO] Sending to ptd: 'RR'
ptd-server 2023-02-26 11:55:30,470 [INFO] Reply from ptd: 'Ranges,0,0.100000,0,600.000000'
ptd-server 2023-02-26 11:55:30,471 [INFO] Initial range for Amps is 0.100000 for Volts is 600.000000
ptd-server 2023-02-26 11:55:30,471 [INFO] Sending to ptd: 'SR,V,Auto'
ptd-server 2023-02-26 11:55:30,975 [INFO] Reply from ptd: 'Range V changed'
ptd-server 2023-02-26 11:55:30,975 [INFO] Sending to ptd: 'SR,A,Auto'
ptd-server 2023-02-26 11:55:31,479 [INFO] Reply from ptd: 'Range A changed'
ptd-server 2023-02-26 11:55:41,490 [INFO] Starting ranging mode
ptd-server 2023-02-26 11:55:41,490 [INFO] Sending to ptd: 'Go,1000,0,2023-02-26_11-55-13_ranging'
ptd-server 2023-02-26 11:55:41,491 [INFO] Reply from ptd: 'Starting untimed measurement, maximum 500000 samples at 1000ms with 0 rampup samples'
ptd-server 2023-02-26 11:55:41,491 [INFO] Sending reply to client 'OK'
ptd-server 2023-02-26 12:07:04,062 [INFO] Got command from the client 'session,2023-02-26_11-55-13,stop,ranging'
ptd-server 2023-02-26 12:07:14,073 [INFO] Sending to ptd: 'Stop'
ptd-server 2023-02-26 12:07:14,074 [INFO] Reply from ptd: 'Stopping untimed measurement'
ptd-server 2023-02-26 12:07:14,265 [INFO] Sending reply to client 'OK'
ptd-server 2023-02-26 12:07:14,335 [INFO] Got command from the client 'time'
ptd-server 2023-02-26 12:07:14,335 [INFO] Sending reply to client '1677413234.3353155'
ptd-server 2023-02-26 12:07:14,339 [INFO] Got command from the client 'session,2023-02-26_11-55-13,start,testing'
ptd-server 2023-02-26 12:07:14,339 [INFO] Sending to ptd: 'SR,V,245.270000'
ptd-server 2023-02-26 12:07:15,994 [INFO] Reply from ptd: 'Range V changed'
ptd-server 2023-02-26 12:07:15,995 [INFO] Sending to ptd: 'SR,A,0.266470'
ptd-server 2023-02-26 12:07:17,498 [INFO] Reply from ptd: 'Range A changed'
ptd-server 2023-02-26 12:07:27,509 [INFO] Starting testing mode
ptd-server 2023-02-26 12:07:27,509 [INFO] Sending to ptd: 'Go,1000,0,2023-02-26_11-55-13_testing'
ptd-server 2023-02-26 12:07:27,510 [INFO] Reply from ptd: 'Starting untimed measurement, maximum 500000 samples at 1000ms with 0 rampup samples'
ptd-server 2023-02-26 12:07:27,510 [INFO] Sending reply to client 'OK'
ptd-server 2023-02-26 12:18:36,296 [INFO] Got command from the client 'session,2023-02-26_11-55-13,stop,testing'
ptd-server 2023-02-26 12:18:46,307 [INFO] Sending to ptd: 'Stop'
ptd-server 2023-02-26 12:18:46,308 [INFO] Reply from ptd: 'Stopping untimed measurement'
ptd-server 2023-02-26 12:18:46,404 [INFO] Sending reply to client 'OK'
ptd-server 2023-02-26 12:18:46,411 [INFO] Got command from the client 'session,2023-02-26_11-55-13,done'
ptd-server 2023-02-26 12:18:46,411 [INFO] Sending to ptd: 'Stop'
ptd-server 2023-02-26 12:18:46,512 [INFO] Reply from ptd: 'Error: no measurement to stop'
ptd-server 2023-02-26 12:18:46,512 [INFO] Sending to ptd: 'SR,V,600.000000'
ptd-server 2023-02-26 12:18:48,015 [INFO] Reply from ptd: 'Range V changed'
ptd-server 2023-02-26 12:18:48,015 [INFO] Sending to ptd: 'SR,A,0.100000'
ptd-server 2023-02-26 12:18:49,519 [INFO] Reply from ptd: 'Range A changed'
ptd-server 2023-02-26 12:18:49,519 [INFO] Set initial values for Amps 0.100000 and Volts 600.000000
ptd-server 2023-02-26 12:18:49,519 [INFO] Stopping ptd...
