ptd-server 2023-02-26 03:10:23,404 [INFO] Got command from the client 'time'
ptd-server 2023-02-26 03:10:23,404 [INFO] Sending reply to client '1677381023.4042869'
ptd-server 2023-02-26 03:10:23,406 [INFO] Got command from the client 'new,,d35d7f2e-2dac-4e8e-ab62-d031b8a225cc'
ptd-server 2023-02-26 03:10:23,406 [INFO] Sending reply to client 'OK 2023-02-26_03-10-23,38c84152-13e5-4016-8995-a011339533d8'
ptd-server 2023-02-26 03:10:23,431 [INFO] Got command from the client 'time'
ptd-server 2023-02-26 03:10:23,432 [INFO] Sending reply to client '1677381023.4320536'
ptd-server 2023-02-26 03:10:23,433 [INFO] Got command from the client 'session,2023-02-26_03-10-23,start,ranging'
ptd-server 2023-02-26 03:10:23,433 [INFO] Running PTDaemon: ['/home/anton/projects/mlperf/power/inference_v1.0/ptd-linux-x86', '-l', '/tmp/tmpu4v721n6/ptd_logfile.txt', '-p', '8888', '49', '/dev/usbtmc0']
ptd-server 2023-02-26 03:10:40,520 [INFO] Sending to ptd: 'Hello'
ptd-server 2023-02-26 03:10:40,521 [INFO] Reply from ptd: 'Hello, PTDaemon here!'
ptd-server 2023-02-26 03:10:40,521 [INFO] Sending to ptd: 'Identify'
ptd-server 2023-02-26 03:10:40,521 [INFO] Reply from ptd: 'YokogawaWT310E,1000,1,1,1,1,0,1,1,version=1.10.0-ed9a21d2-20220817,OS=Linux 5.15.0-60-generic #66~20.04.1-Ubuntu SMP Wed Jan 25 09:41:30 UTC 2023 x86_64,mode=power,1,1,1,0,0,no_cal_date,YOKOGAWA;WT310E;C3XA04010E;F1.04'
ptd-server 2023-02-26 03:10:40,521 [INFO] Connected to PTDaemon
ptd-server 2023-02-26 03:10:40,522 [INFO] Sending to ptd: 'RR'
ptd-server 2023-02-26 03:10:40,522 [INFO] Reply from ptd: 'Ranges,0,0.100000,0,300.000000'
ptd-server 2023-02-26 03:10:40,522 [INFO] Initial range for Amps is 0.100000 for Volts is 300.000000
ptd-server 2023-02-26 03:10:40,522 [INFO] Sending to ptd: 'SR,V,Auto'
ptd-server 2023-02-26 03:10:41,025 [INFO] Reply from ptd: 'Range V changed'
ptd-server 2023-02-26 03:10:41,025 [INFO] Sending to ptd: 'SR,A,Auto'
ptd-server 2023-02-26 03:10:41,527 [INFO] Reply from ptd: 'Range A changed'
ptd-server 2023-02-26 03:10:51,538 [INFO] Starting ranging mode
ptd-server 2023-02-26 03:10:51,538 [INFO] Sending to ptd: 'Go,1000,0,2023-02-26_03-10-23_ranging'
ptd-server 2023-02-26 03:10:51,538 [INFO] Reply from ptd: 'Starting untimed measurement, maximum 500000 samples at 1000ms with 0 rampup samples'
ptd-server 2023-02-26 03:10:51,538 [INFO] Sending reply to client 'OK'
ptd-server 2023-02-26 03:21:06,690 [INFO] Got command from the client 'session,2023-02-26_03-10-23,stop,ranging'
ptd-server 2023-02-26 03:21:16,700 [INFO] Sending to ptd: 'Stop'
ptd-server 2023-02-26 03:21:16,700 [INFO] Reply from ptd: 'Stopping untimed measurement'
ptd-server 2023-02-26 03:21:16,895 [INFO] Sending reply to client 'OK'
ptd-server 2023-02-26 03:21:16,984 [INFO] Got command from the client 'time'
ptd-server 2023-02-26 03:21:16,985 [INFO] Sending reply to client '1677381676.9851058'
ptd-server 2023-02-26 03:21:16,986 [INFO] Got command from the client 'session,2023-02-26_03-10-23,start,testing'
ptd-server 2023-02-26 03:21:16,986 [INFO] Sending to ptd: 'SR,V,251.730000'
ptd-server 2023-02-26 03:21:19,040 [INFO] Reply from ptd: 'Range V changed'
ptd-server 2023-02-26 03:21:19,040 [INFO] Sending to ptd: 'SR,A,0.058710'
ptd-server 2023-02-26 03:21:20,541 [INFO] Reply from ptd: 'Range A changed'
ptd-server 2023-02-26 03:21:30,548 [INFO] Starting testing mode
ptd-server 2023-02-26 03:21:30,548 [INFO] Sending to ptd: 'Go,1000,0,2023-02-26_03-10-23_testing'
ptd-server 2023-02-26 03:21:30,548 [INFO] Reply from ptd: 'Starting untimed measurement, maximum 500000 samples at 1000ms with 0 rampup samples'
ptd-server 2023-02-26 03:21:30,549 [INFO] Sending reply to client 'OK'
ptd-server 2023-02-26 03:31:45,776 [INFO] Got command from the client 'session,2023-02-26_03-10-23,stop,testing'
ptd-server 2023-02-26 03:31:55,786 [INFO] Sending to ptd: 'Stop'
ptd-server 2023-02-26 03:31:55,787 [INFO] Reply from ptd: 'Stopping untimed measurement'
ptd-server 2023-02-26 03:31:55,886 [INFO] Sending reply to client 'OK'
ptd-server 2023-02-26 03:31:55,906 [INFO] Got command from the client 'session,2023-02-26_03-10-23,done'
ptd-server 2023-02-26 03:31:55,906 [INFO] Sending to ptd: 'Stop'
ptd-server 2023-02-26 03:31:56,549 [INFO] Reply from ptd: 'Error: no measurement to stop'
ptd-server 2023-02-26 03:31:56,549 [INFO] Sending to ptd: 'SR,V,300.000000'
ptd-server 2023-02-26 03:31:58,050 [INFO] Reply from ptd: 'Range V changed'
ptd-server 2023-02-26 03:31:58,051 [INFO] Sending to ptd: 'SR,A,0.100000'
ptd-server 2023-02-26 03:31:59,552 [INFO] Reply from ptd: 'Range A changed'
ptd-server 2023-02-26 03:31:59,552 [INFO] Set initial values for Amps 0.100000 and Volts 300.000000
ptd-server 2023-02-26 03:31:59,552 [INFO] Stopping ptd...
