ptd-server 2023-02-28 10:47:51,527 [INFO] Got command from the client 'time'
ptd-server 2023-02-28 10:47:51,527 [INFO] Sending reply to client '1677581271.527503'
ptd-server 2023-02-28 10:47:51,529 [INFO] Got command from the client 'new,,711ff243-a563-4d83-9c7e-b91f394ca0a8'
ptd-server 2023-02-28 10:47:51,530 [INFO] Sending reply to client 'OK 2023-02-28_10-47-51,77cb52c2-7372-4f08-9f18-def1aa321082'
ptd-server 2023-02-28 10:47:51,557 [INFO] Got command from the client 'time'
ptd-server 2023-02-28 10:47:51,558 [INFO] Sending reply to client '1677581271.5580738'
ptd-server 2023-02-28 10:47:51,560 [INFO] Got command from the client 'session,2023-02-28_10-47-51,start,ranging'
ptd-server 2023-02-28 10:47:51,560 [INFO] Running PTDaemon: ['/home/anton/projects/mlperf/power/inference_v1.0/ptd-linux-x86', '-l', '/tmp/tmpu4v721n6/ptd_logfile.txt', '-p', '8888', '49', '/dev/usbtmc0']
ptd-server 2023-02-28 10:48:08,646 [INFO] Sending to ptd: 'Hello'
ptd-server 2023-02-28 10:48:08,647 [INFO] Reply from ptd: 'Hello, PTDaemon here!'
ptd-server 2023-02-28 10:48:08,647 [INFO] Sending to ptd: 'Identify'
ptd-server 2023-02-28 10:48:08,647 [INFO] Reply from ptd: 'YokogawaWT310E,1000,1,1,1,1,0,1,1,version=1.10.0-ed9a21d2-20220817,OS=Linux 5.15.0-60-generic #66~20.04.1-Ubuntu SMP Wed Jan 25 09:41:30 UTC 2023 x86_64,mode=power,1,1,1,0,0,no_cal_date,YOKOGAWA;WT310E;C3XA04010E;F1.04'
ptd-server 2023-02-28 10:48:08,647 [INFO] Connected to PTDaemon
ptd-server 2023-02-28 10:48:08,647 [INFO] Sending to ptd: 'RR'
ptd-server 2023-02-28 10:48:08,647 [INFO] Reply from ptd: 'Ranges,0,0.100000,0,300.000000'
ptd-server 2023-02-28 10:48:08,648 [INFO] Initial range for Amps is 0.100000 for Volts is 300.000000
ptd-server 2023-02-28 10:48:08,648 [INFO] Sending to ptd: 'SR,V,Auto'
ptd-server 2023-02-28 10:48:09,150 [INFO] Reply from ptd: 'Range V changed'
ptd-server 2023-02-28 10:48:09,150 [INFO] Sending to ptd: 'SR,A,Auto'
ptd-server 2023-02-28 10:48:09,653 [INFO] Reply from ptd: 'Range A changed'
ptd-server 2023-02-28 10:48:19,658 [INFO] Starting ranging mode
ptd-server 2023-02-28 10:48:19,658 [INFO] Sending to ptd: 'Go,1000,0,2023-02-28_10-47-51_ranging'
ptd-server 2023-02-28 10:48:19,659 [INFO] Reply from ptd: 'Starting untimed measurement, maximum 500000 samples at 1000ms with 0 rampup samples'
ptd-server 2023-02-28 10:48:19,659 [INFO] Sending reply to client 'OK'
ptd-server 2023-02-28 10:58:42,896 [INFO] Got command from the client 'session,2023-02-28_10-47-51,stop,ranging'
ptd-server 2023-02-28 10:58:52,904 [INFO] Sending to ptd: 'Stop'
ptd-server 2023-02-28 10:58:52,904 [INFO] Reply from ptd: 'Stopping untimed measurement'
ptd-server 2023-02-28 10:58:53,380 [INFO] Sending reply to client 'OK'
ptd-server 2023-02-28 10:58:53,466 [INFO] Got command from the client 'time'
ptd-server 2023-02-28 10:58:53,466 [INFO] Sending reply to client '1677581933.4664712'
ptd-server 2023-02-28 10:58:53,468 [INFO] Got command from the client 'session,2023-02-28_10-47-51,start,testing'
ptd-server 2023-02-28 10:58:53,468 [INFO] Sending to ptd: 'SR,V,250.290000'
ptd-server 2023-02-28 10:58:55,160 [INFO] Reply from ptd: 'Range V changed'
ptd-server 2023-02-28 10:58:55,161 [INFO] Sending to ptd: 'SR,A,0.068440'
ptd-server 2023-02-28 10:58:56,662 [INFO] Reply from ptd: 'Range A changed'
ptd-server 2023-02-28 10:59:06,672 [INFO] Starting testing mode
ptd-server 2023-02-28 10:59:06,672 [INFO] Sending to ptd: 'Go,1000,0,2023-02-28_10-47-51_testing'
ptd-server 2023-02-28 10:59:06,672 [INFO] Reply from ptd: 'Starting untimed measurement, maximum 500000 samples at 1000ms with 0 rampup samples'
ptd-server 2023-02-28 10:59:06,672 [INFO] Sending reply to client 'OK'
ptd-server 2023-02-28 11:09:24,922 [INFO] Got command from the client 'session,2023-02-28_10-47-51,stop,testing'
ptd-server 2023-02-28 11:09:34,932 [INFO] Sending to ptd: 'Stop'
ptd-server 2023-02-28 11:09:34,933 [INFO] Reply from ptd: 'Stopping untimed measurement'
ptd-server 2023-02-28 11:09:35,172 [INFO] Sending reply to client 'OK'
ptd-server 2023-02-28 11:09:35,193 [INFO] Got command from the client 'session,2023-02-28_10-47-51,done'
ptd-server 2023-02-28 11:09:35,193 [INFO] Sending to ptd: 'Stop'
ptd-server 2023-02-28 11:09:35,672 [INFO] Reply from ptd: 'Error: no measurement to stop'
ptd-server 2023-02-28 11:09:35,673 [INFO] Sending to ptd: 'SR,V,300.000000'
ptd-server 2023-02-28 11:09:37,174 [INFO] Reply from ptd: 'Range V changed'
ptd-server 2023-02-28 11:09:37,174 [INFO] Sending to ptd: 'SR,A,0.100000'
ptd-server 2023-02-28 11:09:38,675 [INFO] Reply from ptd: 'Range A changed'
ptd-server 2023-02-28 11:09:38,676 [INFO] Set initial values for Amps 0.100000 and Volts 300.000000
ptd-server 2023-02-28 11:09:38,676 [INFO] Stopping ptd...
