ptd-server 2023-02-25 23:54:45,042 [INFO] Got command from the client 'time'
ptd-server 2023-02-25 23:54:45,043 [INFO] Sending reply to client '1677369285.0430553'
ptd-server 2023-02-25 23:54:45,045 [INFO] Got command from the client 'new,,1cce1895-84bc-484d-a804-67407b79ff8b'
ptd-server 2023-02-25 23:54:45,045 [INFO] Sending reply to client 'OK 2023-02-25_23-54-45,0cb20880-50d7-4dd4-baa6-b0ff2ca895de'
ptd-server 2023-02-25 23:54:45,069 [INFO] Got command from the client 'time'
ptd-server 2023-02-25 23:54:45,069 [INFO] Sending reply to client '1677369285.0697584'
ptd-server 2023-02-25 23:54:45,071 [INFO] Got command from the client 'session,2023-02-25_23-54-45,start,ranging'
ptd-server 2023-02-25 23:54:45,071 [INFO] Running PTDaemon: ['/home/anton/projects/mlperf/power/inference_v1.0/ptd-linux-x86', '-l', '/tmp/tmpu4v721n6/ptd_logfile.txt', '-p', '8888', '49', '/dev/usbtmc0']
ptd-server 2023-02-25 23:55:02,159 [INFO] Sending to ptd: 'Hello'
ptd-server 2023-02-25 23:55:02,159 [INFO] Reply from ptd: 'Hello, PTDaemon here!'
ptd-server 2023-02-25 23:55:02,159 [INFO] Sending to ptd: 'Identify'
ptd-server 2023-02-25 23:55:02,160 [INFO] Reply from ptd: 'YokogawaWT310E,1000,1,1,1,1,0,1,1,version=1.10.0-ed9a21d2-20220817,OS=Linux 5.15.0-60-generic #66~20.04.1-Ubuntu SMP Wed Jan 25 09:41:30 UTC 2023 x86_64,mode=power,1,1,1,0,0,no_cal_date,YOKOGAWA;WT310E;C3XA04010E;F1.04'
ptd-server 2023-02-25 23:55:02,160 [INFO] Connected to PTDaemon
ptd-server 2023-02-25 23:55:02,160 [INFO] Sending to ptd: 'RR'
ptd-server 2023-02-25 23:55:02,160 [INFO] Reply from ptd: 'Ranges,0,0.100000,0,300.000000'
ptd-server 2023-02-25 23:55:02,160 [INFO] Initial range for Amps is 0.100000 for Volts is 300.000000
ptd-server 2023-02-25 23:55:02,160 [INFO] Sending to ptd: 'SR,V,Auto'
ptd-server 2023-02-25 23:55:02,663 [INFO] Reply from ptd: 'Range V changed'
ptd-server 2023-02-25 23:55:02,663 [INFO] Sending to ptd: 'SR,A,Auto'
ptd-server 2023-02-25 23:55:03,166 [INFO] Reply from ptd: 'Range A changed'
ptd-server 2023-02-25 23:55:13,176 [INFO] Starting ranging mode
ptd-server 2023-02-25 23:55:13,176 [INFO] Sending to ptd: 'Go,1000,0,2023-02-25_23-54-45_ranging'
ptd-server 2023-02-25 23:55:13,176 [INFO] Reply from ptd: 'Starting untimed measurement, maximum 500000 samples at 1000ms with 0 rampup samples'
ptd-server 2023-02-25 23:55:13,177 [INFO] Sending reply to client 'OK'
ptd-server 2023-02-26 00:05:28,535 [INFO] Got command from the client 'session,2023-02-25_23-54-45,stop,ranging'
ptd-server 2023-02-26 00:05:38,544 [INFO] Sending to ptd: 'Stop'
ptd-server 2023-02-26 00:05:38,544 [INFO] Reply from ptd: 'Stopping untimed measurement'
ptd-server 2023-02-26 00:05:38,716 [INFO] Sending reply to client 'OK'
ptd-server 2023-02-26 00:05:38,765 [INFO] Got command from the client 'time'
ptd-server 2023-02-26 00:05:38,765 [INFO] Sending reply to client '1677369938.7652736'
ptd-server 2023-02-26 00:05:38,768 [INFO] Got command from the client 'session,2023-02-25_23-54-45,start,testing'
ptd-server 2023-02-26 00:05:38,768 [INFO] Sending to ptd: 'SR,V,252.030000'
ptd-server 2023-02-26 00:05:40,678 [INFO] Reply from ptd: 'Range V changed'
ptd-server 2023-02-26 00:05:40,678 [INFO] Sending to ptd: 'SR,A,0.056580'
ptd-server 2023-02-26 00:05:42,180 [INFO] Reply from ptd: 'Range A changed'
ptd-server 2023-02-26 00:05:52,190 [INFO] Starting testing mode
ptd-server 2023-02-26 00:05:52,190 [INFO] Sending to ptd: 'Go,1000,0,2023-02-25_23-54-45_testing'
ptd-server 2023-02-26 00:05:52,191 [INFO] Reply from ptd: 'Starting untimed measurement, maximum 500000 samples at 1000ms with 0 rampup samples'
ptd-server 2023-02-26 00:05:52,191 [INFO] Sending reply to client 'OK'
ptd-server 2023-02-26 00:16:07,485 [INFO] Got command from the client 'session,2023-02-25_23-54-45,stop,testing'
ptd-server 2023-02-26 00:16:17,496 [INFO] Sending to ptd: 'Stop'
ptd-server 2023-02-26 00:16:17,496 [INFO] Reply from ptd: 'Stopping untimed measurement'
ptd-server 2023-02-26 00:16:17,582 [INFO] Sending reply to client 'OK'
ptd-server 2023-02-26 00:16:17,602 [INFO] Got command from the client 'session,2023-02-25_23-54-45,done'
ptd-server 2023-02-26 00:16:17,602 [INFO] Sending to ptd: 'Stop'
ptd-server 2023-02-26 00:16:18,192 [INFO] Reply from ptd: 'Error: no measurement to stop'
ptd-server 2023-02-26 00:16:18,192 [INFO] Sending to ptd: 'SR,V,300.000000'
ptd-server 2023-02-26 00:16:19,693 [INFO] Reply from ptd: 'Range V changed'
ptd-server 2023-02-26 00:16:19,693 [INFO] Sending to ptd: 'SR,A,0.100000'
ptd-server 2023-02-26 00:16:21,195 [INFO] Reply from ptd: 'Range A changed'
ptd-server 2023-02-26 00:16:21,195 [INFO] Set initial values for Amps 0.100000 and Volts 300.000000
ptd-server 2023-02-26 00:16:21,195 [INFO] Stopping ptd...
