ptd-server 2023-02-25 09:28:25,612 [INFO] Got command from the client 'time'
ptd-server 2023-02-25 09:28:25,612 [INFO] Sending reply to client '1677317305.6126742'
ptd-server 2023-02-25 09:28:25,614 [INFO] Got command from the client 'new,,5a00cbac-fdfb-4333-a0c5-fbe87c86ae55'
ptd-server 2023-02-25 09:28:25,615 [INFO] Sending reply to client 'OK 2023-02-25_09-28-25,df5d6b8a-0b96-45b0-b1e2-f4e1a48c592a'
ptd-server 2023-02-25 09:28:25,638 [INFO] Got command from the client 'time'
ptd-server 2023-02-25 09:28:25,638 [INFO] Sending reply to client '1677317305.638793'
ptd-server 2023-02-25 09:28:25,641 [INFO] Got command from the client 'session,2023-02-25_09-28-25,start,ranging'
ptd-server 2023-02-25 09:28:25,641 [INFO] Running PTDaemon: ['/home/anton/projects/mlperf/power/inference_v1.0/ptd-linux-x86', '-l', '/tmp/tmpu4v721n6/ptd_logfile.txt', '-p', '8888', '49', '/dev/usbtmc0']
ptd-server 2023-02-25 09:28:42,727 [INFO] Sending to ptd: 'Hello'
ptd-server 2023-02-25 09:28:42,728 [INFO] Reply from ptd: 'Hello, PTDaemon here!'
ptd-server 2023-02-25 09:28:42,728 [INFO] Sending to ptd: 'Identify'
ptd-server 2023-02-25 09:28:42,728 [INFO] Reply from ptd: 'YokogawaWT310E,1000,1,1,1,1,0,1,1,version=1.10.0-ed9a21d2-20220817,OS=Linux 5.15.0-60-generic #66~20.04.1-Ubuntu SMP Wed Jan 25 09:41:30 UTC 2023 x86_64,mode=power,1,1,1,0,0,no_cal_date,YOKOGAWA;WT310E;C3XA04010E;F1.04'
ptd-server 2023-02-25 09:28:42,728 [INFO] Connected to PTDaemon
ptd-server 2023-02-25 09:28:42,728 [INFO] Sending to ptd: 'RR'
ptd-server 2023-02-25 09:28:42,728 [INFO] Reply from ptd: 'Ranges,0,0.100000,0,300.000000'
ptd-server 2023-02-25 09:28:42,729 [INFO] Initial range for Amps is 0.100000 for Volts is 300.000000
ptd-server 2023-02-25 09:28:42,729 [INFO] Sending to ptd: 'SR,V,Auto'
ptd-server 2023-02-25 09:28:43,231 [INFO] Reply from ptd: 'Range V changed'
ptd-server 2023-02-25 09:28:43,231 [INFO] Sending to ptd: 'SR,A,Auto'
ptd-server 2023-02-25 09:28:43,734 [INFO] Reply from ptd: 'Range A changed'
ptd-server 2023-02-25 09:28:53,744 [INFO] Starting ranging mode
ptd-server 2023-02-25 09:28:53,744 [INFO] Sending to ptd: 'Go,1000,0,2023-02-25_09-28-25_ranging'
ptd-server 2023-02-25 09:28:53,744 [INFO] Reply from ptd: 'Starting untimed measurement, maximum 500000 samples at 1000ms with 0 rampup samples'
ptd-server 2023-02-25 09:28:53,745 [INFO] Sending reply to client 'OK'
ptd-server 2023-02-25 09:39:09,052 [INFO] Got command from the client 'session,2023-02-25_09-28-25,stop,ranging'
ptd-server 2023-02-25 09:39:19,060 [INFO] Sending to ptd: 'Stop'
ptd-server 2023-02-25 09:39:19,060 [INFO] Reply from ptd: 'Stopping untimed measurement'
ptd-server 2023-02-25 09:39:19,133 [INFO] Sending reply to client 'OK'
ptd-server 2023-02-25 09:39:19,222 [INFO] Got command from the client 'time'
ptd-server 2023-02-25 09:39:19,223 [INFO] Sending reply to client '1677317959.2231667'
ptd-server 2023-02-25 09:39:19,226 [INFO] Got command from the client 'session,2023-02-25_09-28-25,start,testing'
ptd-server 2023-02-25 09:39:19,226 [INFO] Sending to ptd: 'SR,V,251.740000'
ptd-server 2023-02-25 09:39:21,247 [INFO] Reply from ptd: 'Range V changed'
ptd-server 2023-02-25 09:39:21,247 [INFO] Sending to ptd: 'SR,A,0.045550'
ptd-server 2023-02-25 09:39:22,749 [INFO] Reply from ptd: 'Range A changed'
ptd-server 2023-02-25 09:39:32,756 [INFO] Starting testing mode
ptd-server 2023-02-25 09:39:32,756 [INFO] Sending to ptd: 'Go,1000,0,2023-02-25_09-28-25_testing'
ptd-server 2023-02-25 09:39:32,756 [INFO] Reply from ptd: 'Starting untimed measurement, maximum 500000 samples at 1000ms with 0 rampup samples'
ptd-server 2023-02-25 09:39:32,757 [INFO] Sending reply to client 'OK'
ptd-server 2023-02-25 09:49:47,886 [INFO] Got command from the client 'session,2023-02-25_09-28-25,stop,testing'
ptd-server 2023-02-25 09:49:57,896 [INFO] Sending to ptd: 'Stop'
ptd-server 2023-02-25 09:49:57,896 [INFO] Reply from ptd: 'Stopping untimed measurement'
ptd-server 2023-02-25 09:49:57,932 [INFO] Sending reply to client 'OK'
ptd-server 2023-02-25 09:49:57,954 [INFO] Got command from the client 'session,2023-02-25_09-28-25,done'
ptd-server 2023-02-25 09:49:57,954 [INFO] Sending to ptd: 'Stop'
ptd-server 2023-02-25 09:49:58,756 [INFO] Reply from ptd: 'Error: no measurement to stop'
ptd-server 2023-02-25 09:49:58,756 [INFO] Sending to ptd: 'SR,V,300.000000'
ptd-server 2023-02-25 09:50:00,258 [INFO] Reply from ptd: 'Range V changed'
ptd-server 2023-02-25 09:50:00,258 [INFO] Sending to ptd: 'SR,A,0.100000'
ptd-server 2023-02-25 09:50:01,759 [INFO] Reply from ptd: 'Range A changed'
ptd-server 2023-02-25 09:50:01,759 [INFO] Set initial values for Amps 0.100000 and Volts 300.000000
ptd-server 2023-02-25 09:50:01,760 [INFO] Stopping ptd...
