ptd-server 2023-02-21 04:25:57,649 [INFO] Got command from the client 'time'
ptd-server 2023-02-21 04:25:57,649 [INFO] Sending reply to client '1676953557.6497319'
ptd-server 2023-02-21 04:25:57,650 [INFO] Got command from the client 'new,,e765b15e-762c-432a-be41-d12d5fb3637f'
ptd-server 2023-02-21 04:25:57,651 [INFO] Sending reply to client 'OK 2023-02-21_04-25-57,be873bba-4cf6-4208-9029-d8b1e0859eca'
ptd-server 2023-02-21 04:25:57,676 [INFO] Got command from the client 'time'
ptd-server 2023-02-21 04:25:57,676 [INFO] Sending reply to client '1676953557.6765745'
ptd-server 2023-02-21 04:25:57,677 [INFO] Got command from the client 'session,2023-02-21_04-25-57,start,ranging'
ptd-server 2023-02-21 04:25:57,677 [INFO] Running PTDaemon: ['/home/anton/projects/mlperf/power/inference_v1.0/ptd-linux-x86', '-l', '/tmp/tmp4yl1neqp/ptd_logfile.txt', '-p', '8888', '49', '/dev/usbtmc0']
ptd-server 2023-02-21 04:26:14,751 [INFO] Sending to ptd: 'Hello'
ptd-server 2023-02-21 04:26:14,752 [INFO] Reply from ptd: 'Hello, PTDaemon here!'
ptd-server 2023-02-21 04:26:14,752 [INFO] Sending to ptd: 'Identify'
ptd-server 2023-02-21 04:26:14,752 [INFO] Reply from ptd: 'YokogawaWT310E,1000,1,1,1,1,0,1,1,version=1.10.0-ed9a21d2-20220817,OS=Linux 5.15.0-60-generic #66~20.04.1-Ubuntu SMP Wed Jan 25 09:41:30 UTC 2023 x86_64,mode=power,1,1,1,0,0,no_cal_date,YOKOGAWA;WT310E;C3XA04010E;F1.04'
ptd-server 2023-02-21 04:26:14,752 [INFO] Connected to PTDaemon
ptd-server 2023-02-21 04:26:14,752 [INFO] Sending to ptd: 'RR'
ptd-server 2023-02-21 04:26:14,753 [INFO] Reply from ptd: 'Ranges,1,0.100000,1,300.000000'
ptd-server 2023-02-21 04:26:14,753 [INFO] Initial range for Amps is Auto for Volts is Auto
ptd-server 2023-02-21 04:26:14,753 [INFO] Sending to ptd: 'SR,V,Auto'
ptd-server 2023-02-21 04:26:15,255 [INFO] Reply from ptd: 'Range V changed'
ptd-server 2023-02-21 04:26:15,256 [INFO] Sending to ptd: 'SR,A,Auto'
ptd-server 2023-02-21 04:26:15,758 [INFO] Reply from ptd: 'Range A changed'
ptd-server 2023-02-21 04:26:25,768 [INFO] Starting ranging mode
ptd-server 2023-02-21 04:26:25,769 [INFO] Sending to ptd: 'Go,1000,0,2023-02-21_04-25-57_ranging'
ptd-server 2023-02-21 04:26:25,769 [INFO] Reply from ptd: 'Starting untimed measurement, maximum 500000 samples at 1000ms with 0 rampup samples'
ptd-server 2023-02-21 04:26:25,769 [INFO] Sending reply to client 'OK'
ptd-server 2023-02-21 04:36:53,038 [INFO] Got command from the client 'session,2023-02-21_04-25-57,stop,ranging'
ptd-server 2023-02-21 04:37:03,048 [INFO] Sending to ptd: 'Stop'
ptd-server 2023-02-21 04:37:03,049 [INFO] Reply from ptd: 'Stopping untimed measurement'
ptd-server 2023-02-21 04:37:03,331 [INFO] Sending reply to client 'OK'
ptd-server 2023-02-21 04:37:03,362 [INFO] Got command from the client 'time'
ptd-server 2023-02-21 04:37:03,362 [INFO] Sending reply to client '1676954223.3627665'
ptd-server 2023-02-21 04:37:03,363 [INFO] Got command from the client 'session,2023-02-21_04-25-57,start,testing'
ptd-server 2023-02-21 04:37:03,364 [INFO] Sending to ptd: 'SR,V,252.030000'
ptd-server 2023-02-21 04:37:05,270 [INFO] Reply from ptd: 'Range V changed'
ptd-server 2023-02-21 04:37:05,271 [INFO] Sending to ptd: 'SR,A,0.070050'
ptd-server 2023-02-21 04:37:06,772 [INFO] Reply from ptd: 'Range A changed'
ptd-server 2023-02-21 04:37:16,782 [INFO] Starting testing mode
ptd-server 2023-02-21 04:37:16,782 [INFO] Sending to ptd: 'Go,1000,0,2023-02-21_04-25-57_testing'
ptd-server 2023-02-21 04:37:16,783 [INFO] Reply from ptd: 'Starting untimed measurement, maximum 500000 samples at 1000ms with 0 rampup samples'
ptd-server 2023-02-21 04:37:16,783 [INFO] Sending reply to client 'OK'
ptd-server 2023-02-21 04:47:44,091 [INFO] Got command from the client 'session,2023-02-21_04-25-57,stop,testing'
ptd-server 2023-02-21 04:47:54,102 [INFO] Sending to ptd: 'Stop'
ptd-server 2023-02-21 04:47:54,102 [INFO] Reply from ptd: 'Stopping untimed measurement'
ptd-server 2023-02-21 04:47:54,245 [INFO] Sending reply to client 'OK'
ptd-server 2023-02-21 04:47:54,253 [INFO] Got command from the client 'session,2023-02-21_04-25-57,done'
ptd-server 2023-02-21 04:47:54,253 [INFO] Sending to ptd: 'Stop'
ptd-server 2023-02-21 04:47:54,783 [INFO] Reply from ptd: 'Error: no measurement to stop'
ptd-server 2023-02-21 04:47:54,783 [INFO] Sending to ptd: 'SR,V,Auto'
ptd-server 2023-02-21 04:47:55,286 [INFO] Reply from ptd: 'Range V changed'
ptd-server 2023-02-21 04:47:55,286 [INFO] Sending to ptd: 'SR,A,Auto'
ptd-server 2023-02-21 04:47:55,789 [INFO] Reply from ptd: 'Range A changed'
ptd-server 2023-02-21 04:47:55,789 [INFO] Set initial values for Amps Auto and Volts Auto
ptd-server 2023-02-21 04:47:55,789 [INFO] Stopping ptd...
