ptd-server 2023-02-20 14:57:53,781 [INFO] Got command from the client 'time'
ptd-server 2023-02-20 14:57:53,781 [INFO] Sending reply to client '1676905073.781878'
ptd-server 2023-02-20 14:57:53,782 [INFO] Got command from the client 'new,,788def64-b9ee-4c45-8553-f573b82b04b3'
ptd-server 2023-02-20 14:57:53,783 [INFO] Sending reply to client 'OK 2023-02-20_14-57-53,5be6a8b4-eabd-439b-8954-2bf072993cb4'
ptd-server 2023-02-20 14:57:53,806 [INFO] Got command from the client 'time'
ptd-server 2023-02-20 14:57:53,806 [INFO] Sending reply to client '1676905073.8066936'
ptd-server 2023-02-20 14:57:53,807 [INFO] Got command from the client 'session,2023-02-20_14-57-53,start,ranging'
ptd-server 2023-02-20 14:57:53,808 [INFO] Running PTDaemon: ['/home/anton/projects/mlperf/power/inference_v1.0/ptd-linux-x86', '-l', '/tmp/tmp4yl1neqp/ptd_logfile.txt', '-p', '8888', '49', '/dev/usbtmc0']
ptd-server 2023-02-20 14:58:10,873 [INFO] Sending to ptd: 'Hello'
ptd-server 2023-02-20 14:58:10,874 [INFO] Reply from ptd: 'Hello, PTDaemon here!'
ptd-server 2023-02-20 14:58:10,874 [INFO] Sending to ptd: 'Identify'
ptd-server 2023-02-20 14:58:10,875 [INFO] Reply from ptd: 'YokogawaWT310E,1000,1,1,1,1,0,1,1,version=1.10.0-ed9a21d2-20220817,OS=Linux 5.15.0-60-generic #66~20.04.1-Ubuntu SMP Wed Jan 25 09:41:30 UTC 2023 x86_64,mode=power,1,1,1,0,0,no_cal_date,YOKOGAWA;WT310E;C3XA04010E;F1.04'
ptd-server 2023-02-20 14:58:10,875 [INFO] Connected to PTDaemon
ptd-server 2023-02-20 14:58:10,875 [INFO] Sending to ptd: 'RR'
ptd-server 2023-02-20 14:58:10,875 [INFO] Reply from ptd: 'Ranges,1,0.100000,1,300.000000'
ptd-server 2023-02-20 14:58:10,875 [INFO] Initial range for Amps is Auto for Volts is Auto
ptd-server 2023-02-20 14:58:10,875 [INFO] Sending to ptd: 'SR,V,Auto'
ptd-server 2023-02-20 14:58:11,378 [INFO] Reply from ptd: 'Range V changed'
ptd-server 2023-02-20 14:58:11,378 [INFO] Sending to ptd: 'SR,A,Auto'
ptd-server 2023-02-20 14:58:11,880 [INFO] Reply from ptd: 'Range A changed'
ptd-server 2023-02-20 14:58:21,891 [INFO] Starting ranging mode
ptd-server 2023-02-20 14:58:21,891 [INFO] Sending to ptd: 'Go,1000,0,2023-02-20_14-57-53_ranging'
ptd-server 2023-02-20 14:58:21,891 [INFO] Reply from ptd: 'Starting untimed measurement, maximum 500000 samples at 1000ms with 0 rampup samples'
ptd-server 2023-02-20 14:58:21,892 [INFO] Sending reply to client 'OK'
ptd-server 2023-02-20 15:08:49,769 [INFO] Got command from the client 'session,2023-02-20_14-57-53,stop,ranging'
ptd-server 2023-02-20 15:08:59,780 [INFO] Sending to ptd: 'Stop'
ptd-server 2023-02-20 15:08:59,780 [INFO] Reply from ptd: 'Stopping untimed measurement'
ptd-server 2023-02-20 15:08:59,992 [INFO] Sending reply to client 'OK'
ptd-server 2023-02-20 15:09:00,062 [INFO] Got command from the client 'time'
ptd-server 2023-02-20 15:09:00,063 [INFO] Sending reply to client '1676905740.0629752'
ptd-server 2023-02-20 15:09:00,063 [INFO] Got command from the client 'session,2023-02-20_14-57-53,start,testing'
ptd-server 2023-02-20 15:09:00,064 [INFO] Sending to ptd: 'SR,V,253.920000'
ptd-server 2023-02-20 15:09:01,565 [INFO] Reply from ptd: 'Range V changed'
ptd-server 2023-02-20 15:09:01,565 [INFO] Sending to ptd: 'SR,A,0.063990'
ptd-server 2023-02-20 15:09:03,066 [INFO] Reply from ptd: 'Range A changed'
ptd-server 2023-02-20 15:09:13,077 [INFO] Starting testing mode
ptd-server 2023-02-20 15:09:13,077 [INFO] Sending to ptd: 'Go,1000,0,2023-02-20_14-57-53_testing'
ptd-server 2023-02-20 15:09:13,077 [INFO] Reply from ptd: 'Starting untimed measurement, maximum 500000 samples at 1000ms with 0 rampup samples'
ptd-server 2023-02-20 15:09:13,077 [INFO] Sending reply to client 'OK'
ptd-server 2023-02-20 15:19:40,921 [INFO] Got command from the client 'session,2023-02-20_14-57-53,stop,testing'
ptd-server 2023-02-20 15:19:50,928 [INFO] Sending to ptd: 'Stop'
ptd-server 2023-02-20 15:19:50,928 [INFO] Reply from ptd: 'Stopping untimed measurement'
ptd-server 2023-02-20 15:19:51,046 [INFO] Sending reply to client 'OK'
ptd-server 2023-02-20 15:19:51,054 [INFO] Got command from the client 'session,2023-02-20_14-57-53,done'
ptd-server 2023-02-20 15:19:51,054 [INFO] Sending to ptd: 'Stop'
ptd-server 2023-02-20 15:19:51,078 [INFO] Reply from ptd: 'Error: no measurement to stop'
ptd-server 2023-02-20 15:19:51,078 [INFO] Sending to ptd: 'SR,V,Auto'
ptd-server 2023-02-20 15:19:51,580 [INFO] Reply from ptd: 'Range V changed'
ptd-server 2023-02-20 15:19:51,581 [INFO] Sending to ptd: 'SR,A,Auto'
ptd-server 2023-02-20 15:19:52,083 [INFO] Reply from ptd: 'Range A changed'
ptd-server 2023-02-20 15:19:52,084 [INFO] Set initial values for Amps Auto and Volts Auto
ptd-server 2023-02-20 15:19:52,084 [INFO] Stopping ptd...
