ptd-server 2023-02-28 01:11:51,924 [INFO] Got command from the client 'time'
ptd-server 2023-02-28 01:11:51,924 [INFO] Sending reply to client '1677546711.9248672'
ptd-server 2023-02-28 01:11:51,926 [INFO] Got command from the client 'new,,f1c97fe2-d4c7-4c3f-9d4d-b1679b94db1d'
ptd-server 2023-02-28 01:11:51,926 [INFO] Sending reply to client 'OK 2023-02-28_01-11-51,f09b3ef2-0b84-43e5-9637-8446350c8e46'
ptd-server 2023-02-28 01:11:51,949 [INFO] Got command from the client 'time'
ptd-server 2023-02-28 01:11:51,949 [INFO] Sending reply to client '1677546711.9497015'
ptd-server 2023-02-28 01:11:51,951 [INFO] Got command from the client 'session,2023-02-28_01-11-51,start,ranging'
ptd-server 2023-02-28 01:11:51,951 [INFO] Running PTDaemon: ['/home/anton/projects/mlperf/power/inference_v1.0/ptd-linux-x86', '-l', '/tmp/tmpu4v721n6/ptd_logfile.txt', '-p', '8888', '49', '/dev/usbtmc0']
ptd-server 2023-02-28 01:12:09,038 [INFO] Sending to ptd: 'Hello'
ptd-server 2023-02-28 01:12:09,039 [INFO] Reply from ptd: 'Hello, PTDaemon here!'
ptd-server 2023-02-28 01:12:09,039 [INFO] Sending to ptd: 'Identify'
ptd-server 2023-02-28 01:12:09,039 [INFO] Reply from ptd: 'YokogawaWT310E,1000,1,1,1,1,0,1,1,version=1.10.0-ed9a21d2-20220817,OS=Linux 5.15.0-60-generic #66~20.04.1-Ubuntu SMP Wed Jan 25 09:41:30 UTC 2023 x86_64,mode=power,1,1,1,0,0,no_cal_date,YOKOGAWA;WT310E;C3XA04010E;F1.04'
ptd-server 2023-02-28 01:12:09,040 [INFO] Connected to PTDaemon
ptd-server 2023-02-28 01:12:09,040 [INFO] Sending to ptd: 'RR'
ptd-server 2023-02-28 01:12:09,040 [INFO] Reply from ptd: 'Ranges,0,0.100000,0,300.000000'
ptd-server 2023-02-28 01:12:09,040 [INFO] Initial range for Amps is 0.100000 for Volts is 300.000000
ptd-server 2023-02-28 01:12:09,040 [INFO] Sending to ptd: 'SR,V,Auto'
ptd-server 2023-02-28 01:12:09,543 [INFO] Reply from ptd: 'Range V changed'
ptd-server 2023-02-28 01:12:09,543 [INFO] Sending to ptd: 'SR,A,Auto'
ptd-server 2023-02-28 01:12:10,045 [INFO] Reply from ptd: 'Range A changed'
ptd-server 2023-02-28 01:12:20,052 [INFO] Starting ranging mode
ptd-server 2023-02-28 01:12:20,052 [INFO] Sending to ptd: 'Go,1000,0,2023-02-28_01-11-51_ranging'
ptd-server 2023-02-28 01:12:20,052 [INFO] Reply from ptd: 'Starting untimed measurement, maximum 500000 samples at 1000ms with 0 rampup samples'
ptd-server 2023-02-28 01:12:20,053 [INFO] Sending reply to client 'OK'
ptd-server 2023-02-28 01:22:37,638 [INFO] Got command from the client 'session,2023-02-28_01-11-51,stop,ranging'
ptd-server 2023-02-28 01:22:47,648 [INFO] Sending to ptd: 'Stop'
ptd-server 2023-02-28 01:22:47,648 [INFO] Reply from ptd: 'Stopping untimed measurement'
ptd-server 2023-02-28 01:22:48,057 [INFO] Sending reply to client 'OK'
ptd-server 2023-02-28 01:22:48,108 [INFO] Got command from the client 'time'
ptd-server 2023-02-28 01:22:48,108 [INFO] Sending reply to client '1677547368.1084046'
ptd-server 2023-02-28 01:22:48,110 [INFO] Got command from the client 'session,2023-02-28_01-11-51,start,testing'
ptd-server 2023-02-28 01:22:48,110 [INFO] Sending to ptd: 'SR,V,251.100000'
ptd-server 2023-02-28 01:22:49,612 [INFO] Reply from ptd: 'Range V changed'
ptd-server 2023-02-28 01:22:49,612 [INFO] Sending to ptd: 'SR,A,0.061160'
ptd-server 2023-02-28 01:22:51,113 [INFO] Reply from ptd: 'Range A changed'
ptd-server 2023-02-28 01:23:01,124 [INFO] Starting testing mode
ptd-server 2023-02-28 01:23:01,124 [INFO] Sending to ptd: 'Go,1000,0,2023-02-28_01-11-51_testing'
ptd-server 2023-02-28 01:23:01,124 [INFO] Reply from ptd: 'Starting untimed measurement, maximum 500000 samples at 1000ms with 0 rampup samples'
ptd-server 2023-02-28 01:23:01,124 [INFO] Sending reply to client 'OK'
ptd-server 2023-02-28 01:33:18,784 [INFO] Got command from the client 'session,2023-02-28_01-11-51,stop,testing'
ptd-server 2023-02-28 01:33:28,795 [INFO] Sending to ptd: 'Stop'
ptd-server 2023-02-28 01:33:28,795 [INFO] Reply from ptd: 'Stopping untimed measurement'
ptd-server 2023-02-28 01:33:29,000 [INFO] Sending reply to client 'OK'
ptd-server 2023-02-28 01:33:29,020 [INFO] Got command from the client 'session,2023-02-28_01-11-51,done'
ptd-server 2023-02-28 01:33:29,021 [INFO] Sending to ptd: 'Stop'
ptd-server 2023-02-28 01:33:29,124 [INFO] Reply from ptd: 'Error: no measurement to stop'
ptd-server 2023-02-28 01:33:29,125 [INFO] Sending to ptd: 'SR,V,300.000000'
ptd-server 2023-02-28 01:33:30,626 [INFO] Reply from ptd: 'Range V changed'
ptd-server 2023-02-28 01:33:30,626 [INFO] Sending to ptd: 'SR,A,0.100000'
ptd-server 2023-02-28 01:33:32,127 [INFO] Reply from ptd: 'Range A changed'
ptd-server 2023-02-28 01:33:32,128 [INFO] Set initial values for Amps 0.100000 and Volts 300.000000
ptd-server 2023-02-28 01:33:32,128 [INFO] Stopping ptd...
