client 2023-02-23 21:59:04,578 [INFO] Creating output directory '/home/arjun/mobilenet_results/valid_results/arjun_orin-tflite_cpp-cpu-tflite-vmaster-default_config/mobilenet-v1-precision_uint8-0.25-192/singlestream/performance/tmp_power'
client 2023-02-23 21:59:04,812 [INFO] Sending command to the server: 'mlcommons/power client v3'
client 2023-02-23 21:59:04,909 [INFO] Got response: 'mlcommons/power server v3'
client 2023-02-23 21:59:04,909 [INFO] Synchronizing with the server and with time.google.com...
client 2023-02-23 21:59:04,960 [INFO] NTP:offset = -0.001 s, delay = 0.016 s 
client 2023-02-23 21:59:04,960 [INFO] Sending command to the server: 'time'
client 2023-02-23 21:59:04,967 [INFO] Got response: '1677189544.9637492'
client 2023-02-23 21:59:04,968 [INFO] The time difference between the client and the server is within range -2.904 ms..4.291 ms
client 2023-02-23 21:59:04,968 [INFO] Sending command to the server: 'new,,cef62478-c869-430e-8405-d57256ce19f2'
client 2023-02-23 21:59:04,972 [INFO] Got response: 'OK 2023-02-23_21-59-04,7def5c6f-2827-433a-b205-296abe9dfc83'
client 2023-02-23 21:59:04,972 [INFO] Session id is '2023-02-23_21-59-04'
client 2023-02-23 21:59:04,973 [INFO] Sources: {"sources": {"__init__.py": "da39a3ee5e6b4b0d3255bfef95601890afd80709", "client.py": "33ca4f26368777ac06e01f9567b714a4b8063886", "lib/__init__.py": "da39a3ee5e6b4b0d3255bfef95601890afd80709", "lib/client.py": "4c2b78fb4849a7e5b584ef792d82aaed20b17f57", "lib/common.py": "624d0c0acc7c39aaff3674f0b99d6a09da53d1dc", "lib/external/__init__.py": "da39a3ee5e6b4b0d3255bfef95601890afd80709", "lib/external/ntplib.py": "4da8f970656505a40483206ef2b5d3dd5e81711d", "lib/server.py": "cda0cdfaee9bfa1249c64a7dd4f89b7bf1b279f0", "lib/source_hashes.py": "60a2e02193209e8d392803326208d5466342da18", "lib/summary.py": "aa92f0a3f975eecd44d3c0cd0236342ccc9f941d", "lib/time_sync.py": "3210db56eb0ff0df57bf4293dc4d4b03fffd46f1", "server.py": "c3f90f2f7eeb4db30727556d0c815ebc89b3d28b", "tests/unit/__init__.py": "da39a3ee5e6b4b0d3255bfef95601890afd80709", "tests/unit/test_server.py": "99ae15aef722f2000ee6ed1ae1523637bf1ae42b", "tests/unit/test_source_hashes.py": "00468a2907583c593e6574a1f6b404e4651c221a"}, "modules": {"ptd_client_server.lib.client": "lib/client.py", "ptd_client_server.lib.common": "lib/common.py", "ptd_client_server.lib.external.ntplib": "lib/external/ntplib.py", "ptd_client_server.lib.source_hashes": "lib/source_hashes.py", "ptd_client_server.lib.summary": "lib/summary.py", "ptd_client_server.lib.time_sync": "lib/time_sync.py"}}
client 2023-02-23 21:59:04,973 [INFO] Running workload in ranging mode
client 2023-02-23 21:59:04,974 [INFO] Synchronizing with the server and with time.google.com...
client 2023-02-23 21:59:04,992 [INFO] NTP:offset = -0.002 s, delay = 0.015 s 
client 2023-02-23 21:59:04,992 [INFO] Sending command to the server: 'time'
client 2023-02-23 21:59:04,996 [INFO] Got response: '1677189544.994093'
client 2023-02-23 21:59:04,996 [INFO] The time difference between the client and the server is within range -1.904 ms..2.327 ms
client 2023-02-23 21:59:04,996 [INFO] Sending command to the server: 'session,2023-02-23_21-59-04,start,ranging'
client 2023-02-23 21:59:33,125 [INFO] Got response: 'OK'
client 2023-02-23 21:59:33,126 [INFO] Running the workload '/home/arjun/run.out'
client 2023-02-23 22:10:32,703 [INFO] Sending command to the server: 'session,2023-02-23_21-59-04,stop,ranging'
client 2023-02-23 22:10:42,771 [INFO] Got response: 'OK'
client 2023-02-23 22:10:42,792 [INFO] Copying loadgen logs from '/home/arjun/mobilenet_results/valid_results/arjun_orin-tflite_cpp-cpu-tflite-vmaster-default_config/mobilenet-v1-precision_uint8-0.25-192/singlestream/performance/run_1' to '/home/arjun/mobilenet_results/valid_results/arjun_orin-tflite_cpp-cpu-tflite-vmaster-default_config/mobilenet-v1-precision_uint8-0.25-192/singlestream/performance/tmp_power/ranging'
client 2023-02-23 22:10:42,795 [INFO] Running workload in testing mode
client 2023-02-23 22:10:42,795 [INFO] Synchronizing with the server and with time.google.com...
client 2023-02-23 22:10:42,816 [INFO] NTP:offset = -0.000 s, delay = 0.017 s 
client 2023-02-23 22:10:42,817 [INFO] Sending command to the server: 'time'
client 2023-02-23 22:10:42,819 [INFO] Got response: '1677190242.8186698'
client 2023-02-23 22:10:42,819 [INFO] The time difference between the client and the server is within range -1.662 ms..0.803 ms
client 2023-02-23 22:10:42,819 [INFO] Sending command to the server: 'session,2023-02-23_21-59-04,start,testing'
client 2023-02-23 22:10:56,143 [INFO] Got response: 'OK'
client 2023-02-23 22:10:56,143 [INFO] Running the workload '/home/arjun/run.out'
client 2023-02-23 22:22:06,511 [INFO] Sending command to the server: 'session,2023-02-23_21-59-04,stop,testing'
client 2023-02-23 22:22:16,640 [INFO] Got response: 'OK'
client 2023-02-23 22:22:16,645 [INFO] Copying loadgen logs from '/home/arjun/mobilenet_results/valid_results/arjun_orin-tflite_cpp-cpu-tflite-vmaster-default_config/mobilenet-v1-precision_uint8-0.25-192/singlestream/performance/run_1' to '/home/arjun/mobilenet_results/valid_results/arjun_orin-tflite_cpp-cpu-tflite-vmaster-default_config/mobilenet-v1-precision_uint8-0.25-192/singlestream/performance/tmp_power/run_1'
client 2023-02-23 22:22:16,647 [INFO] Done runs
