ptd-server 2023-02-24 16:49:15,157 [INFO] Got command from the client 'time'
ptd-server 2023-02-24 16:49:15,157 [INFO] Sending reply to client '1677257355.1574328'
ptd-server 2023-02-24 16:49:15,158 [INFO] Got command from the client 'new,,fe2554ea-3881-4260-9b1f-b9134422dc86'
ptd-server 2023-02-24 16:49:15,159 [INFO] Sending reply to client 'OK 2023-02-24_16-49-15,c28cb65c-1a5c-401d-bade-049b4d68c501'
ptd-server 2023-02-24 16:49:15,279 [INFO] Got command from the client 'time'
ptd-server 2023-02-24 16:49:15,279 [INFO] Sending reply to client '1677257355.2792954'
ptd-server 2023-02-24 16:49:15,280 [INFO] Got command from the client 'session,2023-02-24_16-49-15,start,ranging'
ptd-server 2023-02-24 16:49:15,280 [INFO] Running PTDaemon: ['/home/anton/projects/mlperf/power/inference_v1.0/ptd-linux-x86', '-l', '/tmp/tmp4yl1neqp/ptd_logfile.txt', '-p', '8888', '49', '/dev/usbtmc0']
ptd-server 2023-02-24 16:49:32,354 [INFO] Sending to ptd: 'Hello'
ptd-server 2023-02-24 16:49:32,355 [INFO] Reply from ptd: 'Hello, PTDaemon here!'
ptd-server 2023-02-24 16:49:32,355 [INFO] Sending to ptd: 'Identify'
ptd-server 2023-02-24 16:49:32,355 [INFO] Reply from ptd: 'YokogawaWT310E,1000,1,1,1,1,0,1,1,version=1.10.0-ed9a21d2-20220817,OS=Linux 5.15.0-60-generic #66~20.04.1-Ubuntu SMP Wed Jan 25 09:41:30 UTC 2023 x86_64,mode=power,1,1,1,0,0,no_cal_date,YOKOGAWA;WT310E;C3XA04010E;F1.04'
ptd-server 2023-02-24 16:49:32,355 [INFO] Connected to PTDaemon
ptd-server 2023-02-24 16:49:32,355 [INFO] Sending to ptd: 'RR'
ptd-server 2023-02-24 16:49:32,356 [INFO] Reply from ptd: 'Ranges,1,0.100000,1,300.000000'
ptd-server 2023-02-24 16:49:32,356 [INFO] Initial range for Amps is Auto for Volts is Auto
ptd-server 2023-02-24 16:49:32,356 [INFO] Sending to ptd: 'SR,V,Auto'
ptd-server 2023-02-24 16:49:32,858 [INFO] Reply from ptd: 'Range V changed'
ptd-server 2023-02-24 16:49:32,859 [INFO] Sending to ptd: 'SR,A,Auto'
ptd-server 2023-02-24 16:49:33,361 [INFO] Reply from ptd: 'Range A changed'
ptd-server 2023-02-24 16:49:43,371 [INFO] Starting ranging mode
ptd-server 2023-02-24 16:49:43,372 [INFO] Sending to ptd: 'Go,1000,0,2023-02-24_16-49-15_ranging'
ptd-server 2023-02-24 16:49:43,372 [INFO] Reply from ptd: 'Starting untimed measurement, maximum 500000 samples at 1000ms with 0 rampup samples'
ptd-server 2023-02-24 16:49:43,372 [INFO] Sending reply to client 'OK'
ptd-server 2023-02-24 16:59:59,625 [INFO] Got command from the client 'session,2023-02-24_16-49-15,stop,ranging'
ptd-server 2023-02-24 17:00:09,635 [INFO] Sending to ptd: 'Stop'
ptd-server 2023-02-24 17:00:09,636 [INFO] Reply from ptd: 'Stopping untimed measurement'
ptd-server 2023-02-24 17:00:10,297 [INFO] Sending reply to client 'OK'
ptd-server 2023-02-24 17:00:10,450 [INFO] Got command from the client 'time'
ptd-server 2023-02-24 17:00:10,450 [INFO] Sending reply to client '1677258010.4505293'
ptd-server 2023-02-24 17:00:10,451 [INFO] Got command from the client 'session,2023-02-24_16-49-15,start,testing'
ptd-server 2023-02-24 17:00:10,451 [INFO] Sending to ptd: 'SR,V,252.230000'
ptd-server 2023-02-24 17:00:11,953 [INFO] Reply from ptd: 'Range V changed'
ptd-server 2023-02-24 17:00:11,953 [INFO] Sending to ptd: 'SR,A,0.059800'
ptd-server 2023-02-24 17:00:13,454 [INFO] Reply from ptd: 'Range A changed'
ptd-server 2023-02-24 17:00:23,465 [INFO] Starting testing mode
ptd-server 2023-02-24 17:00:23,465 [INFO] Sending to ptd: 'Go,1000,0,2023-02-24_16-49-15_testing'
ptd-server 2023-02-24 17:00:23,465 [INFO] Reply from ptd: 'Starting untimed measurement, maximum 500000 samples at 1000ms with 0 rampup samples'
ptd-server 2023-02-24 17:00:23,466 [INFO] Sending reply to client 'OK'
ptd-server 2023-02-24 17:10:39,689 [INFO] Got command from the client 'session,2023-02-24_16-49-15,stop,testing'
ptd-server 2023-02-24 17:10:49,700 [INFO] Sending to ptd: 'Stop'
ptd-server 2023-02-24 17:10:49,700 [INFO] Reply from ptd: 'Stopping untimed measurement'
ptd-server 2023-02-24 17:10:50,049 [INFO] Sending reply to client 'OK'
ptd-server 2023-02-24 17:10:50,057 [INFO] Got command from the client 'session,2023-02-24_16-49-15,done'
ptd-server 2023-02-24 17:10:50,057 [INFO] Sending to ptd: 'Stop'
ptd-server 2023-02-24 17:10:50,466 [INFO] Reply from ptd: 'Error: no measurement to stop'
ptd-server 2023-02-24 17:10:50,466 [INFO] Sending to ptd: 'SR,V,Auto'
ptd-server 2023-02-24 17:10:50,968 [INFO] Reply from ptd: 'Range V changed'
ptd-server 2023-02-24 17:10:50,968 [INFO] Sending to ptd: 'SR,A,Auto'
ptd-server 2023-02-24 17:10:51,471 [INFO] Reply from ptd: 'Range A changed'
ptd-server 2023-02-24 17:10:51,471 [INFO] Set initial values for Amps Auto and Volts Auto
ptd-server 2023-02-24 17:10:51,471 [INFO] Stopping ptd...
