ptd-server 2023-02-24 06:18:42,301 [INFO] Got command from the client 'time'
ptd-server 2023-02-24 06:18:42,301 [INFO] Sending reply to client '1677219522.3016596'
ptd-server 2023-02-24 06:18:42,302 [INFO] Got command from the client 'new,,27308888-c3ea-4dd9-a025-bb64932ebc1f'
ptd-server 2023-02-24 06:18:42,303 [INFO] Sending reply to client 'OK 2023-02-24_06-18-42,d4daa1cf-1f2a-4abd-965e-475e1b359fa4'
ptd-server 2023-02-24 06:18:42,324 [INFO] Got command from the client 'time'
ptd-server 2023-02-24 06:18:42,324 [INFO] Sending reply to client '1677219522.32486'
ptd-server 2023-02-24 06:18:42,325 [INFO] Got command from the client 'session,2023-02-24_06-18-42,start,ranging'
ptd-server 2023-02-24 06:18:42,326 [INFO] Running PTDaemon: ['/home/anton/projects/mlperf/power/inference_v1.0/ptd-linux-x86', '-l', '/tmp/tmp4yl1neqp/ptd_logfile.txt', '-p', '8888', '49', '/dev/usbtmc0']
ptd-server 2023-02-24 06:18:59,400 [INFO] Sending to ptd: 'Hello'
ptd-server 2023-02-24 06:18:59,400 [INFO] Reply from ptd: 'Hello, PTDaemon here!'
ptd-server 2023-02-24 06:18:59,400 [INFO] Sending to ptd: 'Identify'
ptd-server 2023-02-24 06:18:59,401 [INFO] Reply from ptd: 'YokogawaWT310E,1000,1,1,1,1,0,1,1,version=1.10.0-ed9a21d2-20220817,OS=Linux 5.15.0-60-generic #66~20.04.1-Ubuntu SMP Wed Jan 25 09:41:30 UTC 2023 x86_64,mode=power,1,1,1,0,0,no_cal_date,YOKOGAWA;WT310E;C3XA04010E;F1.04'
ptd-server 2023-02-24 06:18:59,401 [INFO] Connected to PTDaemon
ptd-server 2023-02-24 06:18:59,401 [INFO] Sending to ptd: 'RR'
ptd-server 2023-02-24 06:18:59,401 [INFO] Reply from ptd: 'Ranges,1,0.100000,1,300.000000'
ptd-server 2023-02-24 06:18:59,401 [INFO] Initial range for Amps is Auto for Volts is Auto
ptd-server 2023-02-24 06:18:59,402 [INFO] Sending to ptd: 'SR,V,Auto'
ptd-server 2023-02-24 06:18:59,904 [INFO] Reply from ptd: 'Range V changed'
ptd-server 2023-02-24 06:18:59,904 [INFO] Sending to ptd: 'SR,A,Auto'
ptd-server 2023-02-24 06:19:00,407 [INFO] Reply from ptd: 'Range A changed'
ptd-server 2023-02-24 06:19:10,417 [INFO] Starting ranging mode
ptd-server 2023-02-24 06:19:10,417 [INFO] Sending to ptd: 'Go,1000,0,2023-02-24_06-18-42_ranging'
ptd-server 2023-02-24 06:19:10,418 [INFO] Reply from ptd: 'Starting untimed measurement, maximum 500000 samples at 1000ms with 0 rampup samples'
ptd-server 2023-02-24 06:19:10,418 [INFO] Sending reply to client 'OK'
ptd-server 2023-02-24 06:29:26,668 [INFO] Got command from the client 'session,2023-02-24_06-18-42,stop,ranging'
ptd-server 2023-02-24 06:29:36,678 [INFO] Sending to ptd: 'Stop'
ptd-server 2023-02-24 06:29:36,679 [INFO] Reply from ptd: 'Stopping untimed measurement'
ptd-server 2023-02-24 06:29:37,296 [INFO] Sending reply to client 'OK'
ptd-server 2023-02-24 06:29:37,370 [INFO] Got command from the client 'time'
ptd-server 2023-02-24 06:29:37,370 [INFO] Sending reply to client '1677220177.3708136'
ptd-server 2023-02-24 06:29:37,371 [INFO] Got command from the client 'session,2023-02-24_06-18-42,start,testing'
ptd-server 2023-02-24 06:29:37,371 [INFO] Sending to ptd: 'SR,V,252.230000'
ptd-server 2023-02-24 06:29:38,920 [INFO] Reply from ptd: 'Range V changed'
ptd-server 2023-02-24 06:29:38,920 [INFO] Sending to ptd: 'SR,A,0.059110'
ptd-server 2023-02-24 06:29:40,421 [INFO] Reply from ptd: 'Range A changed'
ptd-server 2023-02-24 06:29:50,431 [INFO] Starting testing mode
ptd-server 2023-02-24 06:29:50,432 [INFO] Sending to ptd: 'Go,1000,0,2023-02-24_06-18-42_testing'
ptd-server 2023-02-24 06:29:50,432 [INFO] Reply from ptd: 'Starting untimed measurement, maximum 500000 samples at 1000ms with 0 rampup samples'
ptd-server 2023-02-24 06:29:50,432 [INFO] Sending reply to client 'OK'
ptd-server 2023-02-24 06:40:06,657 [INFO] Got command from the client 'session,2023-02-24_06-18-42,stop,testing'
ptd-server 2023-02-24 06:40:16,667 [INFO] Sending to ptd: 'Stop'
ptd-server 2023-02-24 06:40:16,668 [INFO] Reply from ptd: 'Stopping untimed measurement'
ptd-server 2023-02-24 06:40:16,984 [INFO] Sending reply to client 'OK'
ptd-server 2023-02-24 06:40:16,991 [INFO] Got command from the client 'session,2023-02-24_06-18-42,done'
ptd-server 2023-02-24 06:40:16,991 [INFO] Sending to ptd: 'Stop'
ptd-server 2023-02-24 06:40:17,432 [INFO] Reply from ptd: 'Error: no measurement to stop'
ptd-server 2023-02-24 06:40:17,432 [INFO] Sending to ptd: 'SR,V,Auto'
ptd-server 2023-02-24 06:40:17,935 [INFO] Reply from ptd: 'Range V changed'
ptd-server 2023-02-24 06:40:17,935 [INFO] Sending to ptd: 'SR,A,Auto'
ptd-server 2023-02-24 06:40:18,438 [INFO] Reply from ptd: 'Range A changed'
ptd-server 2023-02-24 06:40:18,438 [INFO] Set initial values for Amps Auto and Volts Auto
ptd-server 2023-02-24 06:40:18,438 [INFO] Stopping ptd...
