client 2023-03-02 13:27:02,575 [INFO] Sending command to the server: 'mlcommons/power client v3'
client 2023-03-02 13:27:02,578 [INFO] Got response: 'mlcommons/power server v3'
client 2023-03-02 13:27:02,578 [INFO] Synchronizing with the server and with time.google.com...
client 2023-03-02 13:27:02,637 [INFO] NTP:offset = 0.009 s, delay = 0.011 s 
client 2023-03-02 13:27:02,638 [INFO] Sending command to the server: 'time'
client 2023-03-02 13:27:02,639 [INFO] Got response: '1677763622.6491332'
client 2023-03-02 13:27:02,639 [INFO] The time difference between the client and the server is within range -11.070 ms..-9.736 ms
client 2023-03-02 13:27:02,639 [INFO] Sending command to the server: 'new,,35be2243-9416-488f-b43c-889084bb2010'
client 2023-03-02 13:27:02,640 [INFO] Got response: 'OK 2023-03-02_13-27-02,90677566-8f46-43ff-8d1a-31dccafa2696'
client 2023-03-02 13:27:02,641 [INFO] Session id is '2023-03-02_13-27-02'
client 2023-03-02 13:27:02,641 [INFO] Sources: {"sources": {"__init__.py": "da39a3ee5e6b4b0d3255bfef95601890afd80709", "client.py": "33ca4f26368777ac06e01f9567b714a4b8063886", "lib/__init__.py": "da39a3ee5e6b4b0d3255bfef95601890afd80709", "lib/client.py": "4c2b78fb4849a7e5b584ef792d82aaed20b17f57", "lib/common.py": "624d0c0acc7c39aaff3674f0b99d6a09da53d1dc", "lib/external/__init__.py": "da39a3ee5e6b4b0d3255bfef95601890afd80709", "lib/external/ntplib.py": "4da8f970656505a40483206ef2b5d3dd5e81711d", "lib/server.py": "cda0cdfaee9bfa1249c64a7dd4f89b7bf1b279f0", "lib/source_hashes.py": "60a2e02193209e8d392803326208d5466342da18", "lib/summary.py": "aa92f0a3f975eecd44d3c0cd0236342ccc9f941d", "lib/time_sync.py": "3210db56eb0ff0df57bf4293dc4d4b03fffd46f1", "server.py": "c3f90f2f7eeb4db30727556d0c815ebc89b3d28b", "tests/unit/__init__.py": "da39a3ee5e6b4b0d3255bfef95601890afd80709", "tests/unit/test_server.py": "99ae15aef722f2000ee6ed1ae1523637bf1ae42b", "tests/unit/test_source_hashes.py": "00468a2907583c593e6574a1f6b404e4651c221a"}, "modules": {"ptd_client_server.lib.client": "lib/client.py", "ptd_client_server.lib.common": "lib/common.py", "ptd_client_server.lib.external.ntplib": "lib/external/ntplib.py", "ptd_client_server.lib.source_hashes": "lib/source_hashes.py", "ptd_client_server.lib.summary": "lib/summary.py", "ptd_client_server.lib.time_sync": "lib/time_sync.py"}}
client 2023-03-02 13:27:02,641 [INFO] Running workload in ranging mode
client 2023-03-02 13:27:02,641 [INFO] Synchronizing with the server and with time.google.com...
client 2023-03-02 13:27:02,654 [INFO] NTP:offset = 0.009 s, delay = 0.013 s 
client 2023-03-02 13:27:02,654 [INFO] Sending command to the server: 'time'
client 2023-03-02 13:27:02,656 [INFO] Got response: '1677763622.6659887'
client 2023-03-02 13:27:02,656 [INFO] The time difference between the client and the server is within range -11.018 ms..-9.769 ms
client 2023-03-02 13:27:02,656 [INFO] Sending command to the server: 'session,2023-03-02_13-27-02,start,ranging'
client 2023-03-02 13:27:30,759 [INFO] Got response: 'OK'
client 2023-03-02 13:27:30,759 [INFO] Running the workload 'ck benchmark program:image-classification-tflite-loadgen --env.CK_SILENT_MODE=YES --skip_print_timers --dep_add_tags.compiler=gcc,v9 --dep_add_tags.python=v3 --dep_add_tags.mlperf-inference-src=r3.0 --dep_add_tags.weights=resnet50 --dep_add_tags.images=crop.875,preprocessed,using-opencv --dep_add_tags.library=tflite,v2.11.0,with.ruy --env.CK_LOADGEN_DATASET_SIZE=1024 --env.CK_LOADGEN_SCENARIO=SingleStream --env.CK_LOADGEN_MODE=PerformanceOnly --env.CK_LOADGEN_TARGET_LATENCY=42 --skip_stat_analysis --process_multi_keys --repetitions=1 --record --record_repo=local --record_uoa=mlperf_v3.0-closed-orin-tflite-v2.11.0-ruy-resnet50-singlestream-performance-target_latency.42-power.workload --tags=mlperf,round.v3.0,division.closed,task.image-classification,platform.orin,scenario.singlestream,mode.performance,workload.resnet50,preprocessed_using.opencv,inference_engine.tflite,inference_engine_version.v2.11.0,inference_engine_backend.ruy,target_latency.42,power.workload "@@@{\'meta\': {\'ck_benchmark_program\': \'ck benchmark program:image-classification-tflite-loadgen --env.CK_SILENT_MODE=YES --skip_print_timers --dep_add_tags.compiler=gcc,v9 --dep_add_tags.python=v3 --dep_add_tags.mlperf-inference-src=r3.0 --dep_add_tags.weights=resnet50 --dep_add_tags.images=crop.875,preprocessed,using-opencv --dep_add_tags.library=tflite,v2.11.0,with.ruy --env.CK_LOADGEN_DATASET_SIZE=1024 --env.CK_LOADGEN_SCENARIO=SingleStream --env.CK_LOADGEN_MODE=PerformanceOnly --env.CK_LOADGEN_TARGET_LATENCY=42 --skip_stat_analysis --process_multi_keys --repetitions=1 --record --record_repo=local --record_uoa=mlperf_v3.0-closed-orin-tflite-v2.11.0-ruy-resnet50-singlestream-performance-target_latency.42-power.workload --tags=mlperf,round.v3.0,division.closed,task.image-classification,platform.orin,scenario.singlestream,mode.performance,workload.resnet50,preprocessed_using.opencv,inference_engine.tflite,inference_engine_version.v2.11.0,inference_engine_backend.ruy,target_latency.42,power.workload\'}}" && cat `ck find program:image-classification-tflite-loadgen`/tmp/mlperf_log_summary.txt && mkdir -p "$CK_MLPERF_POWER_CLIENT_LOADGEN_LOGS" && cp "$CK_MLPERF_POWER_CLIENT_LOADGEN_LOGS"/../mlperf_log_* "$CK_MLPERF_POWER_CLIENT_LOADGEN_LOGS"/'
client 2023-03-02 13:37:49,498 [INFO] Sending command to the server: 'session,2023-03-02_13-27-02,stop,ranging'
client 2023-03-02 13:37:59,605 [INFO] Got response: 'OK'
client 2023-03-02 13:37:59,748 [INFO] Copying loadgen logs from '/home/anton/CK/ck-mlperf/program/image-classification-tflite-loadgen/tmp/loadgen_logs' to '/home/anton/CK/ck-mlperf/program/mlperf-power-client/tmp/2023-03-02_13-27-02/ranging'
client 2023-03-02 13:37:59,749 [INFO] Running workload in testing mode
client 2023-03-02 13:37:59,749 [INFO] Synchronizing with the server and with time.google.com...
client 2023-03-02 13:37:59,812 [INFO] NTP:offset = 0.013 s, delay = 0.012 s 
client 2023-03-02 13:37:59,812 [INFO] Sending command to the server: 'time'
client 2023-03-02 13:37:59,813 [INFO] Got response: '1677764279.8271987'
client 2023-03-02 13:37:59,813 [INFO] The time difference between the client and the server is within range -14.664 ms..-13.798 ms
client 2023-03-02 13:37:59,813 [INFO] Sending command to the server: 'session,2023-03-02_13-27-02,start,testing'
client 2023-03-02 13:38:12,827 [INFO] Got response: 'OK'
client 2023-03-02 13:38:12,827 [INFO] Running the workload 'ck benchmark program:image-classification-tflite-loadgen --env.CK_SILENT_MODE=YES --skip_print_timers --dep_add_tags.compiler=gcc,v9 --dep_add_tags.python=v3 --dep_add_tags.mlperf-inference-src=r3.0 --dep_add_tags.weights=resnet50 --dep_add_tags.images=crop.875,preprocessed,using-opencv --dep_add_tags.library=tflite,v2.11.0,with.ruy --env.CK_LOADGEN_DATASET_SIZE=1024 --env.CK_LOADGEN_SCENARIO=SingleStream --env.CK_LOADGEN_MODE=PerformanceOnly --env.CK_LOADGEN_TARGET_LATENCY=42 --skip_stat_analysis --process_multi_keys --repetitions=1 --record --record_repo=local --record_uoa=mlperf_v3.0-closed-orin-tflite-v2.11.0-ruy-resnet50-singlestream-performance-target_latency.42-power.workload --tags=mlperf,round.v3.0,division.closed,task.image-classification,platform.orin,scenario.singlestream,mode.performance,workload.resnet50,preprocessed_using.opencv,inference_engine.tflite,inference_engine_version.v2.11.0,inference_engine_backend.ruy,target_latency.42,power.workload "@@@{\'meta\': {\'ck_benchmark_program\': \'ck benchmark program:image-classification-tflite-loadgen --env.CK_SILENT_MODE=YES --skip_print_timers --dep_add_tags.compiler=gcc,v9 --dep_add_tags.python=v3 --dep_add_tags.mlperf-inference-src=r3.0 --dep_add_tags.weights=resnet50 --dep_add_tags.images=crop.875,preprocessed,using-opencv --dep_add_tags.library=tflite,v2.11.0,with.ruy --env.CK_LOADGEN_DATASET_SIZE=1024 --env.CK_LOADGEN_SCENARIO=SingleStream --env.CK_LOADGEN_MODE=PerformanceOnly --env.CK_LOADGEN_TARGET_LATENCY=42 --skip_stat_analysis --process_multi_keys --repetitions=1 --record --record_repo=local --record_uoa=mlperf_v3.0-closed-orin-tflite-v2.11.0-ruy-resnet50-singlestream-performance-target_latency.42-power.workload --tags=mlperf,round.v3.0,division.closed,task.image-classification,platform.orin,scenario.singlestream,mode.performance,workload.resnet50,preprocessed_using.opencv,inference_engine.tflite,inference_engine_version.v2.11.0,inference_engine_backend.ruy,target_latency.42,power.workload\'}}" && cat `ck find program:image-classification-tflite-loadgen`/tmp/mlperf_log_summary.txt && mkdir -p "$CK_MLPERF_POWER_CLIENT_LOADGEN_LOGS" && cp "$CK_MLPERF_POWER_CLIENT_LOADGEN_LOGS"/../mlperf_log_* "$CK_MLPERF_POWER_CLIENT_LOADGEN_LOGS"/'
client 2023-03-02 13:48:30,142 [INFO] Sending command to the server: 'session,2023-03-02_13-27-02,stop,testing'
client 2023-03-02 13:48:40,202 [INFO] Got response: 'OK'
client 2023-03-02 13:48:40,204 [INFO] Copying loadgen logs from '/home/anton/CK/ck-mlperf/program/image-classification-tflite-loadgen/tmp/loadgen_logs' to '/home/anton/CK/ck-mlperf/program/mlperf-power-client/tmp/2023-03-02_13-27-02/run_1'
client 2023-03-02 13:48:40,204 [INFO] Done runs
