ptd-server 2023-03-01 05:25:32,167 [INFO] Got command from the client 'time'
ptd-server 2023-03-01 05:25:32,167 [INFO] Sending reply to client '1677648332.1675081'
ptd-server 2023-03-01 05:25:32,169 [INFO] Got command from the client 'new,,4a57e493-9f73-40a3-8438-08a548cdb9e8'
ptd-server 2023-03-01 05:25:32,170 [INFO] Sending reply to client 'OK 2023-03-01_05-25-32,5b289f12-fa73-4338-9ab9-0605db70e36d'
ptd-server 2023-03-01 05:25:32,194 [INFO] Got command from the client 'time'
ptd-server 2023-03-01 05:25:32,195 [INFO] Sending reply to client '1677648332.195151'
ptd-server 2023-03-01 05:25:32,199 [INFO] Got command from the client 'session,2023-03-01_05-25-32,start,ranging'
ptd-server 2023-03-01 05:25:32,199 [INFO] Running PTDaemon: ['/home/anton/projects/mlperf/power/inference_v1.0/ptd-linux-x86', '-l', '/tmp/tmpu4v721n6/ptd_logfile.txt', '-p', '8888', '49', '/dev/usbtmc0']
ptd-server 2023-03-01 05:25:49,287 [INFO] Sending to ptd: 'Hello'
ptd-server 2023-03-01 05:25:49,288 [INFO] Reply from ptd: 'Hello, PTDaemon here!'
ptd-server 2023-03-01 05:25:49,288 [INFO] Sending to ptd: 'Identify'
ptd-server 2023-03-01 05:25:49,288 [INFO] Reply from ptd: 'YokogawaWT310E,1000,1,1,1,1,0,1,1,version=1.10.0-ed9a21d2-20220817,OS=Linux 5.15.0-60-generic #66~20.04.1-Ubuntu SMP Wed Jan 25 09:41:30 UTC 2023 x86_64,mode=power,1,1,1,0,0,no_cal_date,YOKOGAWA;WT310E;C3XA04010E;F1.04'
ptd-server 2023-03-01 05:25:49,288 [INFO] Connected to PTDaemon
ptd-server 2023-03-01 05:25:49,288 [INFO] Sending to ptd: 'RR'
ptd-server 2023-03-01 05:25:49,289 [INFO] Reply from ptd: 'Ranges,0,0.100000,0,300.000000'
ptd-server 2023-03-01 05:25:49,289 [INFO] Initial range for Amps is 0.100000 for Volts is 300.000000
ptd-server 2023-03-01 05:25:49,289 [INFO] Sending to ptd: 'SR,V,Auto'
ptd-server 2023-03-01 05:25:49,791 [INFO] Reply from ptd: 'Range V changed'
ptd-server 2023-03-01 05:25:49,792 [INFO] Sending to ptd: 'SR,A,Auto'
ptd-server 2023-03-01 05:25:50,294 [INFO] Reply from ptd: 'Range A changed'
ptd-server 2023-03-01 05:26:00,305 [INFO] Starting ranging mode
ptd-server 2023-03-01 05:26:00,305 [INFO] Sending to ptd: 'Go,1000,0,2023-03-01_05-25-32_ranging'
ptd-server 2023-03-01 05:26:00,305 [INFO] Reply from ptd: 'Starting untimed measurement, maximum 500000 samples at 1000ms with 0 rampup samples'
ptd-server 2023-03-01 05:26:00,305 [INFO] Sending reply to client 'OK'
ptd-server 2023-03-01 05:36:24,049 [INFO] Got command from the client 'session,2023-03-01_05-25-32,stop,ranging'
ptd-server 2023-03-01 05:36:34,059 [INFO] Sending to ptd: 'Stop'
ptd-server 2023-03-01 05:36:34,060 [INFO] Reply from ptd: 'Stopping untimed measurement'
ptd-server 2023-03-01 05:36:34,617 [INFO] Sending reply to client 'OK'
ptd-server 2023-03-01 05:36:34,711 [INFO] Got command from the client 'time'
ptd-server 2023-03-01 05:36:34,711 [INFO] Sending reply to client '1677648994.7114878'
ptd-server 2023-03-01 05:36:34,715 [INFO] Got command from the client 'session,2023-03-01_05-25-32,start,testing'
ptd-server 2023-03-01 05:36:34,715 [INFO] Sending to ptd: 'SR,V,250.420000'
ptd-server 2023-03-01 05:36:36,216 [INFO] Reply from ptd: 'Range V changed'
ptd-server 2023-03-01 05:36:36,216 [INFO] Sending to ptd: 'SR,A,0.084650'
ptd-server 2023-03-01 05:36:37,718 [INFO] Reply from ptd: 'Range A changed'
ptd-server 2023-03-01 05:36:47,728 [INFO] Starting testing mode
ptd-server 2023-03-01 05:36:47,728 [INFO] Sending to ptd: 'Go,1000,0,2023-03-01_05-25-32_testing'
ptd-server 2023-03-01 05:36:47,729 [INFO] Reply from ptd: 'Starting untimed measurement, maximum 500000 samples at 1000ms with 0 rampup samples'
ptd-server 2023-03-01 05:36:47,729 [INFO] Sending reply to client 'OK'
ptd-server 2023-03-01 05:47:11,479 [INFO] Got command from the client 'session,2023-03-01_05-25-32,stop,testing'
ptd-server 2023-03-01 05:47:21,488 [INFO] Sending to ptd: 'Stop'
ptd-server 2023-03-01 05:47:21,488 [INFO] Reply from ptd: 'Stopping untimed measurement'
ptd-server 2023-03-01 05:47:21,784 [INFO] Sending reply to client 'OK'
ptd-server 2023-03-01 05:47:21,805 [INFO] Got command from the client 'session,2023-03-01_05-25-32,done'
ptd-server 2023-03-01 05:47:21,805 [INFO] Sending to ptd: 'Stop'
ptd-server 2023-03-01 05:47:21,806 [INFO] Reply from ptd: 'Error: no measurement to stop'
ptd-server 2023-03-01 05:47:21,806 [INFO] Sending to ptd: 'SR,V,300.000000'
ptd-server 2023-03-01 05:47:23,307 [INFO] Reply from ptd: 'Range V changed'
ptd-server 2023-03-01 05:47:23,307 [INFO] Sending to ptd: 'SR,A,0.100000'
ptd-server 2023-03-01 05:47:24,809 [INFO] Reply from ptd: 'Range A changed'
ptd-server 2023-03-01 05:47:24,809 [INFO] Set initial values for Amps 0.100000 and Volts 300.000000
ptd-server 2023-03-01 05:47:24,809 [INFO] Stopping ptd...
