ptd-server 2023-02-26 20:22:34,131 [INFO] Got command from the client 'time'
ptd-server 2023-02-26 20:22:34,131 [INFO] Sending reply to client '1677442954.1318083'
ptd-server 2023-02-26 20:22:34,134 [INFO] Got command from the client 'new,,34c6388f-3d4f-42e1-8713-0cc6b71f5d89'
ptd-server 2023-02-26 20:22:34,134 [INFO] Sending reply to client 'OK 2023-02-26_20-22-34,3982802a-ac07-4443-8050-d4c615d2ae69'
ptd-server 2023-02-26 20:22:34,168 [INFO] Got command from the client 'time'
ptd-server 2023-02-26 20:22:34,168 [INFO] Sending reply to client '1677442954.1684618'
ptd-server 2023-02-26 20:22:34,170 [INFO] Got command from the client 'session,2023-02-26_20-22-34,start,ranging'
ptd-server 2023-02-26 20:22:34,170 [INFO] Running PTDaemon: ['/home/anton/projects/mlperf/power/inference_v1.0/ptd-linux-x86', '-l', '/tmp/tmpu4v721n6/ptd_logfile.txt', '-p', '8888', '49', '/dev/usbtmc0']
ptd-server 2023-02-26 20:22:51,258 [INFO] Sending to ptd: 'Hello'
ptd-server 2023-02-26 20:22:51,258 [INFO] Reply from ptd: 'Hello, PTDaemon here!'
ptd-server 2023-02-26 20:22:51,259 [INFO] Sending to ptd: 'Identify'
ptd-server 2023-02-26 20:22:51,259 [INFO] Reply from ptd: 'YokogawaWT310E,1000,1,1,1,1,0,1,1,version=1.10.0-ed9a21d2-20220817,OS=Linux 5.15.0-60-generic #66~20.04.1-Ubuntu SMP Wed Jan 25 09:41:30 UTC 2023 x86_64,mode=power,1,1,1,0,0,no_cal_date,YOKOGAWA;WT310E;C3XA04010E;F1.04'
ptd-server 2023-02-26 20:22:51,259 [INFO] Connected to PTDaemon
ptd-server 2023-02-26 20:22:51,259 [INFO] Sending to ptd: 'RR'
ptd-server 2023-02-26 20:22:51,259 [INFO] Reply from ptd: 'Ranges,0,0.100000,0,300.000000'
ptd-server 2023-02-26 20:22:51,259 [INFO] Initial range for Amps is 0.100000 for Volts is 300.000000
ptd-server 2023-02-26 20:22:51,260 [INFO] Sending to ptd: 'SR,V,Auto'
ptd-server 2023-02-26 20:22:51,762 [INFO] Reply from ptd: 'Range V changed'
ptd-server 2023-02-26 20:22:51,762 [INFO] Sending to ptd: 'SR,A,Auto'
ptd-server 2023-02-26 20:22:52,265 [INFO] Reply from ptd: 'Range A changed'
ptd-server 2023-02-26 20:23:02,275 [INFO] Starting ranging mode
ptd-server 2023-02-26 20:23:02,275 [INFO] Sending to ptd: 'Go,1000,0,2023-02-26_20-22-34_ranging'
ptd-server 2023-02-26 20:23:02,276 [INFO] Reply from ptd: 'Starting untimed measurement, maximum 500000 samples at 1000ms with 0 rampup samples'
ptd-server 2023-02-26 20:23:02,276 [INFO] Sending reply to client 'OK'
ptd-server 2023-02-26 20:35:27,422 [INFO] Got command from the client 'session,2023-02-26_20-22-34,stop,ranging'
ptd-server 2023-02-26 20:35:37,432 [INFO] Sending to ptd: 'Stop'
ptd-server 2023-02-26 20:35:37,433 [INFO] Reply from ptd: 'Stopping untimed measurement'
ptd-server 2023-02-26 20:35:37,693 [INFO] Sending reply to client 'OK'
ptd-server 2023-02-26 20:35:37,788 [INFO] Got command from the client 'time'
ptd-server 2023-02-26 20:35:37,788 [INFO] Sending reply to client '1677443737.788485'
ptd-server 2023-02-26 20:35:37,789 [INFO] Got command from the client 'session,2023-02-26_20-22-34,start,testing'
ptd-server 2023-02-26 20:35:37,790 [INFO] Sending to ptd: 'SR,V,251.230000'
ptd-server 2023-02-26 20:35:39,777 [INFO] Reply from ptd: 'Range V changed'
ptd-server 2023-02-26 20:35:39,777 [INFO] Sending to ptd: 'SR,A,0.206650'
ptd-server 2023-02-26 20:35:41,279 [INFO] Reply from ptd: 'Range A changed'
ptd-server 2023-02-26 20:35:51,289 [INFO] Starting testing mode
ptd-server 2023-02-26 20:35:51,289 [INFO] Sending to ptd: 'Go,1000,0,2023-02-26_20-22-34_testing'
ptd-server 2023-02-26 20:35:51,290 [INFO] Reply from ptd: 'Starting untimed measurement, maximum 500000 samples at 1000ms with 0 rampup samples'
ptd-server 2023-02-26 20:35:51,290 [INFO] Sending reply to client 'OK'
ptd-server 2023-02-26 20:48:16,226 [INFO] Got command from the client 'session,2023-02-26_20-22-34,stop,testing'
ptd-server 2023-02-26 20:48:26,236 [INFO] Sending to ptd: 'Stop'
ptd-server 2023-02-26 20:48:26,236 [INFO] Reply from ptd: 'Stopping untimed measurement'
ptd-server 2023-02-26 20:48:26,383 [INFO] Sending reply to client 'OK'
ptd-server 2023-02-26 20:48:26,422 [INFO] Got command from the client 'session,2023-02-26_20-22-34,done'
ptd-server 2023-02-26 20:48:26,422 [INFO] Sending to ptd: 'Stop'
ptd-server 2023-02-26 20:48:26,423 [INFO] Reply from ptd: 'Error: no measurement to stop'
ptd-server 2023-02-26 20:48:26,423 [INFO] Sending to ptd: 'SR,V,300.000000'
ptd-server 2023-02-26 20:48:27,924 [INFO] Reply from ptd: 'Range V changed'
ptd-server 2023-02-26 20:48:27,924 [INFO] Sending to ptd: 'SR,A,0.100000'
ptd-server 2023-02-26 20:48:29,426 [INFO] Reply from ptd: 'Range A changed'
ptd-server 2023-02-26 20:48:29,426 [INFO] Set initial values for Amps 0.100000 and Volts 300.000000
ptd-server 2023-02-26 20:48:29,426 [INFO] Stopping ptd...
