ptd-server 2023-02-23 16:34:17,244 [INFO] Got command from the client 'time'
ptd-server 2023-02-23 16:34:17,244 [INFO] Sending reply to client '1677170057.2443323'
ptd-server 2023-02-23 16:34:17,248 [INFO] Got command from the client 'new,,40c8f16d-5af5-4bf5-bb6e-9348c66c4740'
ptd-server 2023-02-23 16:34:17,249 [INFO] Sending reply to client 'OK 2023-02-23_16-34-17,fd4e3958-4282-4f4b-a0aa-90b2a4700777'
ptd-server 2023-02-23 16:34:17,272 [INFO] Got command from the client 'time'
ptd-server 2023-02-23 16:34:17,273 [INFO] Sending reply to client '1677170057.2731676'
ptd-server 2023-02-23 16:34:17,277 [INFO] Got command from the client 'session,2023-02-23_16-34-17,start,ranging'
ptd-server 2023-02-23 16:34:17,278 [INFO] Running PTDaemon: ['/media/arjun/T7_Touch/hp-envy/CM/repos/local/cache/9b3695ca8255492a/power/inference_v1.0/ptd-linux-x86', '-l', '/tmp/tmpti64566v/ptd_logfile.txt', '-p', '8888', '49', '/dev/usbtmc0']
ptd-server 2023-02-23 16:34:34,374 [INFO] Sending to ptd: 'Hello'
ptd-server 2023-02-23 16:34:34,375 [INFO] Reply from ptd: 'Hello, PTDaemon here!'
ptd-server 2023-02-23 16:34:34,375 [INFO] Sending to ptd: 'Identify'
ptd-server 2023-02-23 16:34:34,376 [INFO] Reply from ptd: 'YokogawaWT310E,1000,1,1,1,1,0,1,1,version=1.10.0-ed9a21d2-20220817,OS=Linux 5.15.0-56-generic #62-Ubuntu SMP Tue Nov 22 19:54:14 UTC 2022 x86_64,mode=power,1,1,1,0,0,no_cal_date,YOKOGAWA;WT310E;C3YD21068E;F1.04'
ptd-server 2023-02-23 16:34:34,376 [INFO] Connected to PTDaemon
ptd-server 2023-02-23 16:34:34,377 [INFO] Sending to ptd: 'RR'
ptd-server 2023-02-23 16:34:34,377 [INFO] Reply from ptd: 'Ranges,0,0.100000,0,600.000000'
ptd-server 2023-02-23 16:34:34,378 [INFO] Initial range for Amps is 0.100000 for Volts is 600.000000
ptd-server 2023-02-23 16:34:34,378 [INFO] Sending to ptd: 'SR,V,Auto'
ptd-server 2023-02-23 16:34:34,882 [INFO] Reply from ptd: 'Range V changed'
ptd-server 2023-02-23 16:34:34,882 [INFO] Sending to ptd: 'SR,A,Auto'
ptd-server 2023-02-23 16:34:35,386 [INFO] Reply from ptd: 'Range A changed'
ptd-server 2023-02-23 16:34:45,396 [INFO] Starting ranging mode
ptd-server 2023-02-23 16:34:45,396 [INFO] Sending to ptd: 'Go,1000,0,2023-02-23_16-34-17_ranging'
ptd-server 2023-02-23 16:34:45,397 [INFO] Reply from ptd: 'Starting untimed measurement, maximum 500000 samples at 1000ms with 0 rampup samples'
ptd-server 2023-02-23 16:34:45,398 [INFO] Sending reply to client 'OK'
ptd-server 2023-02-23 16:45:46,259 [INFO] Got command from the client 'session,2023-02-23_16-34-17,stop,ranging'
ptd-server 2023-02-23 16:45:56,270 [INFO] Sending to ptd: 'Stop'
ptd-server 2023-02-23 16:45:56,271 [INFO] Reply from ptd: 'Stopping untimed measurement'
ptd-server 2023-02-23 16:45:56,341 [INFO] Sending reply to client 'OK'
ptd-server 2023-02-23 16:45:56,447 [INFO] Got command from the client 'time'
ptd-server 2023-02-23 16:45:56,447 [INFO] Sending reply to client '1677170756.4476812'
ptd-server 2023-02-23 16:45:56,457 [INFO] Got command from the client 'session,2023-02-23_16-34-17,start,testing'
ptd-server 2023-02-23 16:45:56,457 [INFO] Sending to ptd: 'SR,V,248.090000'
ptd-server 2023-02-23 16:45:57,960 [INFO] Reply from ptd: 'Range V changed'
ptd-server 2023-02-23 16:45:57,960 [INFO] Sending to ptd: 'SR,A,0.167860'
ptd-server 2023-02-23 16:45:59,463 [INFO] Reply from ptd: 'Range A changed'
ptd-server 2023-02-23 16:46:09,474 [INFO] Starting testing mode
ptd-server 2023-02-23 16:46:09,474 [INFO] Sending to ptd: 'Go,1000,0,2023-02-23_16-34-17_testing'
ptd-server 2023-02-23 16:46:09,475 [INFO] Reply from ptd: 'Starting untimed measurement, maximum 500000 samples at 1000ms with 0 rampup samples'
ptd-server 2023-02-23 16:46:09,476 [INFO] Sending reply to client 'OK'
ptd-server 2023-02-23 16:57:07,319 [INFO] Got command from the client 'session,2023-02-23_16-34-17,stop,testing'
ptd-server 2023-02-23 16:57:17,325 [INFO] Sending to ptd: 'Stop'
ptd-server 2023-02-23 16:57:17,326 [INFO] Reply from ptd: 'Stopping untimed measurement'
ptd-server 2023-02-23 16:57:17,373 [INFO] Sending reply to client 'OK'
ptd-server 2023-02-23 16:57:17,385 [INFO] Got command from the client 'session,2023-02-23_16-34-17,done'
ptd-server 2023-02-23 16:57:17,386 [INFO] Sending to ptd: 'Stop'
ptd-server 2023-02-23 16:57:17,475 [INFO] Reply from ptd: 'Error: no measurement to stop'
ptd-server 2023-02-23 16:57:17,475 [INFO] Sending to ptd: 'SR,V,600.000000'
ptd-server 2023-02-23 16:57:18,978 [INFO] Reply from ptd: 'Range V changed'
ptd-server 2023-02-23 16:57:18,979 [INFO] Sending to ptd: 'SR,A,0.100000'
ptd-server 2023-02-23 16:57:20,482 [INFO] Reply from ptd: 'Range A changed'
ptd-server 2023-02-23 16:57:20,482 [INFO] Set initial values for Amps 0.100000 and Volts 600.000000
ptd-server 2023-02-23 16:57:20,482 [INFO] Stopping ptd...
