ptd-server 2023-02-28 04:07:55,737 [INFO] Got command from the client 'time'
ptd-server 2023-02-28 04:07:55,737 [INFO] Sending reply to client '1677557275.7377226'
ptd-server 2023-02-28 04:07:55,739 [INFO] Got command from the client 'new,,138be15e-5f14-486c-b3c8-1332090e5ad8'
ptd-server 2023-02-28 04:07:55,740 [INFO] Sending reply to client 'OK 2023-02-28_04-07-55,14977b13-c634-4fad-abcf-0ead097e6ebc'
ptd-server 2023-02-28 04:07:55,767 [INFO] Got command from the client 'time'
ptd-server 2023-02-28 04:07:55,767 [INFO] Sending reply to client '1677557275.7679572'
ptd-server 2023-02-28 04:07:55,769 [INFO] Got command from the client 'session,2023-02-28_04-07-55,start,ranging'
ptd-server 2023-02-28 04:07:55,770 [INFO] Running PTDaemon: ['/home/anton/projects/mlperf/power/inference_v1.0/ptd-linux-x86', '-l', '/tmp/tmpu4v721n6/ptd_logfile.txt', '-p', '8888', '49', '/dev/usbtmc0']
ptd-server 2023-02-28 04:08:12,858 [INFO] Sending to ptd: 'Hello'
ptd-server 2023-02-28 04:08:12,858 [INFO] Reply from ptd: 'Hello, PTDaemon here!'
ptd-server 2023-02-28 04:08:12,858 [INFO] Sending to ptd: 'Identify'
ptd-server 2023-02-28 04:08:12,859 [INFO] Reply from ptd: 'YokogawaWT310E,1000,1,1,1,1,0,1,1,version=1.10.0-ed9a21d2-20220817,OS=Linux 5.15.0-60-generic #66~20.04.1-Ubuntu SMP Wed Jan 25 09:41:30 UTC 2023 x86_64,mode=power,1,1,1,0,0,no_cal_date,YOKOGAWA;WT310E;C3XA04010E;F1.04'
ptd-server 2023-02-28 04:08:12,859 [INFO] Connected to PTDaemon
ptd-server 2023-02-28 04:08:12,859 [INFO] Sending to ptd: 'RR'
ptd-server 2023-02-28 04:08:12,859 [INFO] Reply from ptd: 'Ranges,0,0.100000,0,300.000000'
ptd-server 2023-02-28 04:08:12,859 [INFO] Initial range for Amps is 0.100000 for Volts is 300.000000
ptd-server 2023-02-28 04:08:12,859 [INFO] Sending to ptd: 'SR,V,Auto'
ptd-server 2023-02-28 04:08:13,362 [INFO] Reply from ptd: 'Range V changed'
ptd-server 2023-02-28 04:08:13,362 [INFO] Sending to ptd: 'SR,A,Auto'
ptd-server 2023-02-28 04:08:13,865 [INFO] Reply from ptd: 'Range A changed'
ptd-server 2023-02-28 04:08:23,875 [INFO] Starting ranging mode
ptd-server 2023-02-28 04:08:23,875 [INFO] Sending to ptd: 'Go,1000,0,2023-02-28_04-07-55_ranging'
ptd-server 2023-02-28 04:08:23,875 [INFO] Reply from ptd: 'Starting untimed measurement, maximum 500000 samples at 1000ms with 0 rampup samples'
ptd-server 2023-02-28 04:08:23,876 [INFO] Sending reply to client 'OK'
ptd-server 2023-02-28 04:18:41,529 [INFO] Got command from the client 'session,2023-02-28_04-07-55,stop,ranging'
ptd-server 2023-02-28 04:18:51,539 [INFO] Sending to ptd: 'Stop'
ptd-server 2023-02-28 04:18:51,540 [INFO] Reply from ptd: 'Stopping untimed measurement'
ptd-server 2023-02-28 04:18:51,973 [INFO] Sending reply to client 'OK'
ptd-server 2023-02-28 04:18:52,065 [INFO] Got command from the client 'time'
ptd-server 2023-02-28 04:18:52,065 [INFO] Sending reply to client '1677557932.0657678'
ptd-server 2023-02-28 04:18:52,068 [INFO] Got command from the client 'session,2023-02-28_04-07-55,start,testing'
ptd-server 2023-02-28 04:18:52,068 [INFO] Sending to ptd: 'SR,V,249.840000'
ptd-server 2023-02-28 04:18:53,570 [INFO] Reply from ptd: 'Range V changed'
ptd-server 2023-02-28 04:18:53,570 [INFO] Sending to ptd: 'SR,A,0.054420'
ptd-server 2023-02-28 04:18:55,071 [INFO] Reply from ptd: 'Range A changed'
ptd-server 2023-02-28 04:19:05,080 [INFO] Starting testing mode
ptd-server 2023-02-28 04:19:05,080 [INFO] Sending to ptd: 'Go,1000,0,2023-02-28_04-07-55_testing'
ptd-server 2023-02-28 04:19:05,080 [INFO] Reply from ptd: 'Starting untimed measurement, maximum 500000 samples at 1000ms with 0 rampup samples'
ptd-server 2023-02-28 04:19:05,081 [INFO] Sending reply to client 'OK'
ptd-server 2023-02-28 04:29:22,742 [INFO] Got command from the client 'session,2023-02-28_04-07-55,stop,testing'
ptd-server 2023-02-28 04:29:32,748 [INFO] Sending to ptd: 'Stop'
ptd-server 2023-02-28 04:29:32,748 [INFO] Reply from ptd: 'Stopping untimed measurement'
ptd-server 2023-02-28 04:29:32,967 [INFO] Sending reply to client 'OK'
ptd-server 2023-02-28 04:29:32,985 [INFO] Got command from the client 'session,2023-02-28_04-07-55,done'
ptd-server 2023-02-28 04:29:32,985 [INFO] Sending to ptd: 'Stop'
ptd-server 2023-02-28 04:29:33,081 [INFO] Reply from ptd: 'Error: no measurement to stop'
ptd-server 2023-02-28 04:29:33,081 [INFO] Sending to ptd: 'SR,V,300.000000'
ptd-server 2023-02-28 04:29:34,582 [INFO] Reply from ptd: 'Range V changed'
ptd-server 2023-02-28 04:29:34,582 [INFO] Sending to ptd: 'SR,A,0.100000'
ptd-server 2023-02-28 04:29:36,084 [INFO] Reply from ptd: 'Range A changed'
ptd-server 2023-02-28 04:29:36,084 [INFO] Set initial values for Amps 0.100000 and Volts 300.000000
ptd-server 2023-02-28 04:29:36,084 [INFO] Stopping ptd...
