ptd-server 2023-02-25 17:48:19,288 [INFO] Got command from the client 'time'
ptd-server 2023-02-25 17:48:19,288 [INFO] Sending reply to client '1677347299.2889438'
ptd-server 2023-02-25 17:48:19,290 [INFO] Got command from the client 'new,,5145e81a-002a-43b4-af39-16e0b05e8bb9'
ptd-server 2023-02-25 17:48:19,291 [INFO] Sending reply to client 'OK 2023-02-25_17-48-19,fa8ddb7d-6a6e-4eaa-84a9-81da9dd032af'
ptd-server 2023-02-25 17:48:19,315 [INFO] Got command from the client 'time'
ptd-server 2023-02-25 17:48:19,315 [INFO] Sending reply to client '1677347299.3153896'
ptd-server 2023-02-25 17:48:19,316 [INFO] Got command from the client 'session,2023-02-25_17-48-19,start,ranging'
ptd-server 2023-02-25 17:48:19,317 [INFO] Running PTDaemon: ['/home/anton/projects/mlperf/power/inference_v1.0/ptd-linux-x86', '-l', '/tmp/tmpu4v721n6/ptd_logfile.txt', '-p', '8888', '49', '/dev/usbtmc0']
ptd-server 2023-02-25 17:48:36,404 [INFO] Sending to ptd: 'Hello'
ptd-server 2023-02-25 17:48:36,404 [INFO] Reply from ptd: 'Hello, PTDaemon here!'
ptd-server 2023-02-25 17:48:36,404 [INFO] Sending to ptd: 'Identify'
ptd-server 2023-02-25 17:48:36,405 [INFO] Reply from ptd: 'YokogawaWT310E,1000,1,1,1,1,0,1,1,version=1.10.0-ed9a21d2-20220817,OS=Linux 5.15.0-60-generic #66~20.04.1-Ubuntu SMP Wed Jan 25 09:41:30 UTC 2023 x86_64,mode=power,1,1,1,0,0,no_cal_date,YOKOGAWA;WT310E;C3XA04010E;F1.04'
ptd-server 2023-02-25 17:48:36,405 [INFO] Connected to PTDaemon
ptd-server 2023-02-25 17:48:36,405 [INFO] Sending to ptd: 'RR'
ptd-server 2023-02-25 17:48:36,405 [INFO] Reply from ptd: 'Ranges,0,0.100000,0,300.000000'
ptd-server 2023-02-25 17:48:36,405 [INFO] Initial range for Amps is 0.100000 for Volts is 300.000000
ptd-server 2023-02-25 17:48:36,405 [INFO] Sending to ptd: 'SR,V,Auto'
ptd-server 2023-02-25 17:48:36,908 [INFO] Reply from ptd: 'Range V changed'
ptd-server 2023-02-25 17:48:36,908 [INFO] Sending to ptd: 'SR,A,Auto'
ptd-server 2023-02-25 17:48:37,410 [INFO] Reply from ptd: 'Range A changed'
ptd-server 2023-02-25 17:48:47,420 [INFO] Starting ranging mode
ptd-server 2023-02-25 17:48:47,420 [INFO] Sending to ptd: 'Go,1000,0,2023-02-25_17-48-19_ranging'
ptd-server 2023-02-25 17:48:47,420 [INFO] Reply from ptd: 'Starting untimed measurement, maximum 500000 samples at 1000ms with 0 rampup samples'
ptd-server 2023-02-25 17:48:47,421 [INFO] Sending reply to client 'OK'
ptd-server 2023-02-25 17:59:02,780 [INFO] Got command from the client 'session,2023-02-25_17-48-19,stop,ranging'
ptd-server 2023-02-25 17:59:12,790 [INFO] Sending to ptd: 'Stop'
ptd-server 2023-02-25 17:59:12,791 [INFO] Reply from ptd: 'Stopping untimed measurement'
ptd-server 2023-02-25 17:59:12,922 [INFO] Sending reply to client 'OK'
ptd-server 2023-02-25 17:59:12,965 [INFO] Got command from the client 'time'
ptd-server 2023-02-25 17:59:12,965 [INFO] Sending reply to client '1677347952.965787'
ptd-server 2023-02-25 17:59:12,968 [INFO] Got command from the client 'session,2023-02-25_17-48-19,start,testing'
ptd-server 2023-02-25 17:59:12,968 [INFO] Sending to ptd: 'SR,V,250.580000'
ptd-server 2023-02-25 17:59:14,922 [INFO] Reply from ptd: 'Range V changed'
ptd-server 2023-02-25 17:59:14,923 [INFO] Sending to ptd: 'SR,A,0.060880'
ptd-server 2023-02-25 17:59:16,424 [INFO] Reply from ptd: 'Range A changed'
ptd-server 2023-02-25 17:59:26,432 [INFO] Starting testing mode
ptd-server 2023-02-25 17:59:26,432 [INFO] Sending to ptd: 'Go,1000,0,2023-02-25_17-48-19_testing'
ptd-server 2023-02-25 17:59:26,432 [INFO] Reply from ptd: 'Starting untimed measurement, maximum 500000 samples at 1000ms with 0 rampup samples'
ptd-server 2023-02-25 17:59:26,433 [INFO] Sending reply to client 'OK'
ptd-server 2023-02-25 18:09:41,574 [INFO] Got command from the client 'session,2023-02-25_17-48-19,stop,testing'
ptd-server 2023-02-25 18:09:51,584 [INFO] Sending to ptd: 'Stop'
ptd-server 2023-02-25 18:09:51,584 [INFO] Reply from ptd: 'Stopping untimed measurement'
ptd-server 2023-02-25 18:09:51,652 [INFO] Sending reply to client 'OK'
ptd-server 2023-02-25 18:09:51,672 [INFO] Got command from the client 'session,2023-02-25_17-48-19,done'
ptd-server 2023-02-25 18:09:51,672 [INFO] Sending to ptd: 'Stop'
ptd-server 2023-02-25 18:09:52,433 [INFO] Reply from ptd: 'Error: no measurement to stop'
ptd-server 2023-02-25 18:09:52,433 [INFO] Sending to ptd: 'SR,V,300.000000'
ptd-server 2023-02-25 18:09:53,934 [INFO] Reply from ptd: 'Range V changed'
ptd-server 2023-02-25 18:09:53,935 [INFO] Sending to ptd: 'SR,A,0.100000'
ptd-server 2023-02-25 18:09:55,436 [INFO] Reply from ptd: 'Range A changed'
ptd-server 2023-02-25 18:09:55,436 [INFO] Set initial values for Amps 0.100000 and Volts 300.000000
ptd-server 2023-02-25 18:09:55,436 [INFO] Stopping ptd...
