ptd-server 2023-02-24 15:22:16,965 [INFO] Got command from the client 'time'
ptd-server 2023-02-24 15:22:16,965 [INFO] Sending reply to client '1677252136.965399'
ptd-server 2023-02-24 15:22:16,966 [INFO] Got command from the client 'new,,b178138b-0117-4e16-8e7f-0c7560624a66'
ptd-server 2023-02-24 15:22:16,967 [INFO] Sending reply to client 'OK 2023-02-24_15-22-16,2e9987bc-49d8-4120-a0cd-9a60d3a44c73'
ptd-server 2023-02-24 15:22:17,111 [INFO] Got command from the client 'time'
ptd-server 2023-02-24 15:22:17,111 [INFO] Sending reply to client '1677252137.111598'
ptd-server 2023-02-24 15:22:17,112 [INFO] Got command from the client 'session,2023-02-24_15-22-16,start,ranging'
ptd-server 2023-02-24 15:22:17,113 [INFO] Running PTDaemon: ['/home/anton/projects/mlperf/power/inference_v1.0/ptd-linux-x86', '-l', '/tmp/tmp4yl1neqp/ptd_logfile.txt', '-p', '8888', '49', '/dev/usbtmc0']
ptd-server 2023-02-24 15:22:34,186 [INFO] Sending to ptd: 'Hello'
ptd-server 2023-02-24 15:22:34,187 [INFO] Reply from ptd: 'Hello, PTDaemon here!'
ptd-server 2023-02-24 15:22:34,187 [INFO] Sending to ptd: 'Identify'
ptd-server 2023-02-24 15:22:34,187 [INFO] Reply from ptd: 'YokogawaWT310E,1000,1,1,1,1,0,1,1,version=1.10.0-ed9a21d2-20220817,OS=Linux 5.15.0-60-generic #66~20.04.1-Ubuntu SMP Wed Jan 25 09:41:30 UTC 2023 x86_64,mode=power,1,1,1,0,0,no_cal_date,YOKOGAWA;WT310E;C3XA04010E;F1.04'
ptd-server 2023-02-24 15:22:34,187 [INFO] Connected to PTDaemon
ptd-server 2023-02-24 15:22:34,188 [INFO] Sending to ptd: 'RR'
ptd-server 2023-02-24 15:22:34,188 [INFO] Reply from ptd: 'Ranges,1,0.100000,1,300.000000'
ptd-server 2023-02-24 15:22:34,188 [INFO] Initial range for Amps is Auto for Volts is Auto
ptd-server 2023-02-24 15:22:34,188 [INFO] Sending to ptd: 'SR,V,Auto'
ptd-server 2023-02-24 15:22:34,691 [INFO] Reply from ptd: 'Range V changed'
ptd-server 2023-02-24 15:22:34,691 [INFO] Sending to ptd: 'SR,A,Auto'
ptd-server 2023-02-24 15:22:35,193 [INFO] Reply from ptd: 'Range A changed'
ptd-server 2023-02-24 15:22:45,204 [INFO] Starting ranging mode
ptd-server 2023-02-24 15:22:45,204 [INFO] Sending to ptd: 'Go,1000,0,2023-02-24_15-22-16_ranging'
ptd-server 2023-02-24 15:22:45,204 [INFO] Reply from ptd: 'Starting untimed measurement, maximum 500000 samples at 1000ms with 0 rampup samples'
ptd-server 2023-02-24 15:22:45,204 [INFO] Sending reply to client 'OK'
ptd-server 2023-02-24 15:33:01,594 [INFO] Got command from the client 'session,2023-02-24_15-22-16,stop,ranging'
ptd-server 2023-02-24 15:33:11,605 [INFO] Sending to ptd: 'Stop'
ptd-server 2023-02-24 15:33:11,605 [INFO] Reply from ptd: 'Stopping untimed measurement'
ptd-server 2023-02-24 15:33:12,271 [INFO] Sending reply to client 'OK'
ptd-server 2023-02-24 15:33:12,445 [INFO] Got command from the client 'time'
ptd-server 2023-02-24 15:33:12,446 [INFO] Sending reply to client '1677252792.4460373'
ptd-server 2023-02-24 15:33:12,447 [INFO] Got command from the client 'session,2023-02-24_15-22-16,start,testing'
ptd-server 2023-02-24 15:33:12,447 [INFO] Sending to ptd: 'SR,V,251.600000'
ptd-server 2023-02-24 15:33:13,948 [INFO] Reply from ptd: 'Range V changed'
ptd-server 2023-02-24 15:33:13,949 [INFO] Sending to ptd: 'SR,A,0.057280'
ptd-server 2023-02-24 15:33:15,450 [INFO] Reply from ptd: 'Range A changed'
ptd-server 2023-02-24 15:33:25,460 [INFO] Starting testing mode
ptd-server 2023-02-24 15:33:25,460 [INFO] Sending to ptd: 'Go,1000,0,2023-02-24_15-22-16_testing'
ptd-server 2023-02-24 15:33:25,461 [INFO] Reply from ptd: 'Starting untimed measurement, maximum 500000 samples at 1000ms with 0 rampup samples'
ptd-server 2023-02-24 15:33:25,461 [INFO] Sending reply to client 'OK'
ptd-server 2023-02-24 15:43:41,909 [INFO] Got command from the client 'session,2023-02-24_15-22-16,stop,testing'
ptd-server 2023-02-24 15:43:51,919 [INFO] Sending to ptd: 'Stop'
ptd-server 2023-02-24 15:43:51,919 [INFO] Reply from ptd: 'Stopping untimed measurement'
ptd-server 2023-02-24 15:43:52,281 [INFO] Sending reply to client 'OK'
ptd-server 2023-02-24 15:43:52,289 [INFO] Got command from the client 'session,2023-02-24_15-22-16,done'
ptd-server 2023-02-24 15:43:52,289 [INFO] Sending to ptd: 'Stop'
ptd-server 2023-02-24 15:43:52,461 [INFO] Reply from ptd: 'Error: no measurement to stop'
ptd-server 2023-02-24 15:43:52,461 [INFO] Sending to ptd: 'SR,V,Auto'
ptd-server 2023-02-24 15:43:52,964 [INFO] Reply from ptd: 'Range V changed'
ptd-server 2023-02-24 15:43:52,964 [INFO] Sending to ptd: 'SR,A,Auto'
ptd-server 2023-02-24 15:43:53,466 [INFO] Reply from ptd: 'Range A changed'
ptd-server 2023-02-24 15:43:53,467 [INFO] Set initial values for Amps Auto and Volts Auto
ptd-server 2023-02-24 15:43:53,467 [INFO] Stopping ptd...
