ptd-server 2023-02-28 16:20:07,664 [INFO] Got command from the client 'time'
ptd-server 2023-02-28 16:20:07,664 [INFO] Sending reply to client '1677601207.664324'
ptd-server 2023-02-28 16:20:07,666 [INFO] Got command from the client 'new,,5ba4a56e-e837-492a-9869-e20dc4154131'
ptd-server 2023-02-28 16:20:07,667 [INFO] Sending reply to client 'OK 2023-02-28_16-20-07,b2bae183-d444-4f44-9c62-9aa1b3ab7ff1'
ptd-server 2023-02-28 16:20:07,689 [INFO] Got command from the client 'time'
ptd-server 2023-02-28 16:20:07,689 [INFO] Sending reply to client '1677601207.6897156'
ptd-server 2023-02-28 16:20:07,692 [INFO] Got command from the client 'session,2023-02-28_16-20-07,start,ranging'
ptd-server 2023-02-28 16:20:07,693 [INFO] Running PTDaemon: ['/home/anton/projects/mlperf/power/inference_v1.0/ptd-linux-x86', '-l', '/tmp/tmpu4v721n6/ptd_logfile.txt', '-p', '8888', '49', '/dev/usbtmc0']
ptd-server 2023-02-28 16:20:24,783 [INFO] Sending to ptd: 'Hello'
ptd-server 2023-02-28 16:20:24,783 [INFO] Reply from ptd: 'Hello, PTDaemon here!'
ptd-server 2023-02-28 16:20:24,783 [INFO] Sending to ptd: 'Identify'
ptd-server 2023-02-28 16:20:24,784 [INFO] Reply from ptd: 'YokogawaWT310E,1000,1,1,1,1,0,1,1,version=1.10.0-ed9a21d2-20220817,OS=Linux 5.15.0-60-generic #66~20.04.1-Ubuntu SMP Wed Jan 25 09:41:30 UTC 2023 x86_64,mode=power,1,1,1,0,0,no_cal_date,YOKOGAWA;WT310E;C3XA04010E;F1.04'
ptd-server 2023-02-28 16:20:24,784 [INFO] Connected to PTDaemon
ptd-server 2023-02-28 16:20:24,784 [INFO] Sending to ptd: 'RR'
ptd-server 2023-02-28 16:20:24,784 [INFO] Reply from ptd: 'Ranges,0,0.100000,0,300.000000'
ptd-server 2023-02-28 16:20:24,784 [INFO] Initial range for Amps is 0.100000 for Volts is 300.000000
ptd-server 2023-02-28 16:20:24,784 [INFO] Sending to ptd: 'SR,V,Auto'
ptd-server 2023-02-28 16:20:25,287 [INFO] Reply from ptd: 'Range V changed'
ptd-server 2023-02-28 16:20:25,287 [INFO] Sending to ptd: 'SR,A,Auto'
ptd-server 2023-02-28 16:20:25,790 [INFO] Reply from ptd: 'Range A changed'
ptd-server 2023-02-28 16:20:35,800 [INFO] Starting ranging mode
ptd-server 2023-02-28 16:20:35,800 [INFO] Sending to ptd: 'Go,1000,0,2023-02-28_16-20-07_ranging'
ptd-server 2023-02-28 16:20:35,800 [INFO] Reply from ptd: 'Starting untimed measurement, maximum 500000 samples at 1000ms with 0 rampup samples'
ptd-server 2023-02-28 16:20:35,801 [INFO] Sending reply to client 'OK'
ptd-server 2023-02-28 16:30:59,421 [INFO] Got command from the client 'session,2023-02-28_16-20-07,stop,ranging'
ptd-server 2023-02-28 16:31:09,431 [INFO] Sending to ptd: 'Stop'
ptd-server 2023-02-28 16:31:09,432 [INFO] Reply from ptd: 'Stopping untimed measurement'
ptd-server 2023-02-28 16:31:09,939 [INFO] Sending reply to client 'OK'
ptd-server 2023-02-28 16:31:09,986 [INFO] Got command from the client 'time'
ptd-server 2023-02-28 16:31:09,986 [INFO] Sending reply to client '1677601869.9866834'
ptd-server 2023-02-28 16:31:09,989 [INFO] Got command from the client 'session,2023-02-28_16-20-07,start,testing'
ptd-server 2023-02-28 16:31:09,989 [INFO] Sending to ptd: 'SR,V,250.540000'
ptd-server 2023-02-28 16:31:11,491 [INFO] Reply from ptd: 'Range V changed'
ptd-server 2023-02-28 16:31:11,491 [INFO] Sending to ptd: 'SR,A,0.090470'
ptd-server 2023-02-28 16:31:12,992 [INFO] Reply from ptd: 'Range A changed'
ptd-server 2023-02-28 16:31:23,002 [INFO] Starting testing mode
ptd-server 2023-02-28 16:31:23,003 [INFO] Sending to ptd: 'Go,1000,0,2023-02-28_16-20-07_testing'
ptd-server 2023-02-28 16:31:23,003 [INFO] Reply from ptd: 'Starting untimed measurement, maximum 500000 samples at 1000ms with 0 rampup samples'
ptd-server 2023-02-28 16:31:23,003 [INFO] Sending reply to client 'OK'
ptd-server 2023-02-28 16:41:46,725 [INFO] Got command from the client 'session,2023-02-28_16-20-07,stop,testing'
ptd-server 2023-02-28 16:41:56,736 [INFO] Sending to ptd: 'Stop'
ptd-server 2023-02-28 16:41:56,736 [INFO] Reply from ptd: 'Stopping untimed measurement'
ptd-server 2023-02-28 16:41:56,990 [INFO] Sending reply to client 'OK'
ptd-server 2023-02-28 16:41:57,009 [INFO] Got command from the client 'session,2023-02-28_16-20-07,done'
ptd-server 2023-02-28 16:41:57,009 [INFO] Sending to ptd: 'Stop'
ptd-server 2023-02-28 16:41:57,009 [INFO] Reply from ptd: 'Error: no measurement to stop'
ptd-server 2023-02-28 16:41:57,010 [INFO] Sending to ptd: 'SR,V,300.000000'
ptd-server 2023-02-28 16:41:58,511 [INFO] Reply from ptd: 'Range V changed'
ptd-server 2023-02-28 16:41:58,511 [INFO] Sending to ptd: 'SR,A,0.100000'
ptd-server 2023-02-28 16:42:00,012 [INFO] Reply from ptd: 'Range A changed'
ptd-server 2023-02-28 16:42:00,013 [INFO] Set initial values for Amps 0.100000 and Volts 300.000000
ptd-server 2023-02-28 16:42:00,013 [INFO] Stopping ptd...
