client 2023-02-27 21:00:03,780 [INFO] Creating output directory '/home/arjun/mobilenet_results/valid_results/arjun_orin-tflite_armnn_cpp-cpu-armnn_tflite-v22.11-using_neon/mobilenet-v1-precision_float-0.75-128/singlestream/performance/tmp_power'
client 2023-02-27 21:00:03,904 [INFO] Sending command to the server: 'mlcommons/power client v3'
client 2023-02-27 21:00:03,907 [INFO] Got response: 'mlcommons/power server v3'
client 2023-02-27 21:00:03,907 [INFO] Synchronizing with the server and with time.google.com...
client 2023-02-27 21:00:03,953 [INFO] NTP:offset = -0.002 s, delay = 0.018 s 
client 2023-02-27 21:00:03,953 [INFO] Sending command to the server: 'time'
client 2023-02-27 21:00:03,957 [INFO] Got response: '1677531603.9553266'
client 2023-02-27 21:00:03,957 [INFO] The time difference between the client and the server is within range -1.883 ms..1.855 ms
client 2023-02-27 21:00:03,957 [INFO] Sending command to the server: 'new,,76bc1547-28c9-40f9-871c-1269b3f3900d'
client 2023-02-27 21:00:03,966 [INFO] Got response: 'OK 2023-02-27_21-00-03,b9f9cf21-fadd-4bc9-bbf3-560d070b4fb9'
client 2023-02-27 21:00:03,966 [INFO] Session id is '2023-02-27_21-00-03'
client 2023-02-27 21:00:03,967 [INFO] Sources: {"sources": {"__init__.py": "da39a3ee5e6b4b0d3255bfef95601890afd80709", "client.py": "33ca4f26368777ac06e01f9567b714a4b8063886", "lib/__init__.py": "da39a3ee5e6b4b0d3255bfef95601890afd80709", "lib/client.py": "4c2b78fb4849a7e5b584ef792d82aaed20b17f57", "lib/common.py": "624d0c0acc7c39aaff3674f0b99d6a09da53d1dc", "lib/external/__init__.py": "da39a3ee5e6b4b0d3255bfef95601890afd80709", "lib/external/ntplib.py": "4da8f970656505a40483206ef2b5d3dd5e81711d", "lib/server.py": "cda0cdfaee9bfa1249c64a7dd4f89b7bf1b279f0", "lib/source_hashes.py": "60a2e02193209e8d392803326208d5466342da18", "lib/summary.py": "aa92f0a3f975eecd44d3c0cd0236342ccc9f941d", "lib/time_sync.py": "3210db56eb0ff0df57bf4293dc4d4b03fffd46f1", "server.py": "c3f90f2f7eeb4db30727556d0c815ebc89b3d28b", "tests/unit/__init__.py": "da39a3ee5e6b4b0d3255bfef95601890afd80709", "tests/unit/test_server.py": "99ae15aef722f2000ee6ed1ae1523637bf1ae42b", "tests/unit/test_source_hashes.py": "00468a2907583c593e6574a1f6b404e4651c221a"}, "modules": {"ptd_client_server.lib.client": "lib/client.py", "ptd_client_server.lib.common": "lib/common.py", "ptd_client_server.lib.external.ntplib": "lib/external/ntplib.py", "ptd_client_server.lib.source_hashes": "lib/source_hashes.py", "ptd_client_server.lib.summary": "lib/summary.py", "ptd_client_server.lib.time_sync": "lib/time_sync.py"}}
client 2023-02-27 21:00:03,967 [INFO] Running workload in ranging mode
client 2023-02-27 21:00:03,967 [INFO] Synchronizing with the server and with time.google.com...
client 2023-02-27 21:00:03,990 [INFO] NTP:offset = -0.001 s, delay = 0.020 s 
client 2023-02-27 21:00:03,990 [INFO] Sending command to the server: 'time'
client 2023-02-27 21:00:04,004 [INFO] Got response: '1677531603.9929986'
client 2023-02-27 21:00:04,004 [INFO] The time difference between the client and the server is within range -2.529 ms..11.652 ms
client 2023-02-27 21:00:04,004 [INFO] Sending command to the server: 'session,2023-02-27_21-00-03,start,ranging'
client 2023-02-27 21:00:32,544 [INFO] Got response: 'OK'
client 2023-02-27 21:00:32,545 [INFO] Running the workload '/home/arjun/run.out'
client 2023-02-27 21:16:43,175 [INFO] Sending command to the server: 'session,2023-02-27_21-00-03,stop,ranging'
client 2023-02-27 21:16:53,537 [INFO] Got response: 'OK'
client 2023-02-27 21:16:53,563 [INFO] Copying loadgen logs from '/home/arjun/mobilenet_results/valid_results/arjun_orin-tflite_armnn_cpp-cpu-armnn_tflite-v22.11-using_neon/mobilenet-v1-precision_float-0.75-128/singlestream/performance/run_1' to '/home/arjun/mobilenet_results/valid_results/arjun_orin-tflite_armnn_cpp-cpu-armnn_tflite-v22.11-using_neon/mobilenet-v1-precision_float-0.75-128/singlestream/performance/tmp_power/ranging'
client 2023-02-27 21:16:53,566 [INFO] Running workload in testing mode
client 2023-02-27 21:16:53,566 [INFO] Synchronizing with the server and with time.google.com...
client 2023-02-27 21:16:53,590 [INFO] NTP:offset = -0.001 s, delay = 0.019 s 
client 2023-02-27 21:16:53,591 [INFO] Sending command to the server: 'time'
client 2023-02-27 21:16:53,601 [INFO] Got response: '1677532613.5983276'
client 2023-02-27 21:16:53,601 [INFO] The time difference between the client and the server is within range -7.357 ms..3.085 ms
client 2023-02-27 21:16:53,601 [INFO] Sending command to the server: 'session,2023-02-27_21-00-03,start,testing'
client 2023-02-27 21:17:06,667 [INFO] Got response: 'OK'
client 2023-02-27 21:17:06,668 [INFO] Running the workload '/home/arjun/run.out'
client 2023-02-27 21:33:12,480 [INFO] Sending command to the server: 'session,2023-02-27_21-00-03,stop,testing'
client 2023-02-27 21:33:22,633 [INFO] Got response: 'OK'
client 2023-02-27 21:33:22,638 [INFO] Copying loadgen logs from '/home/arjun/mobilenet_results/valid_results/arjun_orin-tflite_armnn_cpp-cpu-armnn_tflite-v22.11-using_neon/mobilenet-v1-precision_float-0.75-128/singlestream/performance/run_1' to '/home/arjun/mobilenet_results/valid_results/arjun_orin-tflite_armnn_cpp-cpu-armnn_tflite-v22.11-using_neon/mobilenet-v1-precision_float-0.75-128/singlestream/performance/tmp_power/run_1'
client 2023-02-27 21:33:22,640 [INFO] Done runs
