ptd-server 2023-02-27 21:00:03,954 [INFO] Got command from the client 'time'
ptd-server 2023-02-27 21:00:03,955 [INFO] Sending reply to client '1677531603.9553266'
ptd-server 2023-02-27 21:00:03,960 [INFO] Got command from the client 'new,,76bc1547-28c9-40f9-871c-1269b3f3900d'
ptd-server 2023-02-27 21:00:03,961 [INFO] Sending reply to client 'OK 2023-02-27_21-00-03,b9f9cf21-fadd-4bc9-bbf3-560d070b4fb9'
ptd-server 2023-02-27 21:00:03,992 [INFO] Got command from the client 'time'
ptd-server 2023-02-27 21:00:03,993 [INFO] Sending reply to client '1677531603.9929986'
ptd-server 2023-02-27 21:00:04,409 [INFO] Got command from the client 'session,2023-02-27_21-00-03,start,ranging'
ptd-server 2023-02-27 21:00:04,410 [INFO] Running PTDaemon: ['/media/arjun/T7_Touch/hp-envy/CM/repos/local/cache/9b3695ca8255492a/power/inference_v1.0/ptd-linux-x86', '-l', '/tmp/tmpti64566v/ptd_logfile.txt', '-p', '8888', '49', '/dev/usbtmc0']
ptd-server 2023-02-27 21:00:21,518 [INFO] Sending to ptd: 'Hello'
ptd-server 2023-02-27 21:00:21,518 [INFO] Reply from ptd: 'Hello, PTDaemon here!'
ptd-server 2023-02-27 21:00:21,518 [INFO] Sending to ptd: 'Identify'
ptd-server 2023-02-27 21:00:21,519 [INFO] Reply from ptd: 'YokogawaWT310E,1000,1,1,1,1,0,1,1,version=1.10.0-ed9a21d2-20220817,OS=Linux 5.15.0-56-generic #62-Ubuntu SMP Tue Nov 22 19:54:14 UTC 2022 x86_64,mode=power,1,1,1,0,0,no_cal_date,YOKOGAWA;WT310E;C3YD21068E;F1.04'
ptd-server 2023-02-27 21:00:21,519 [INFO] Connected to PTDaemon
ptd-server 2023-02-27 21:00:21,519 [INFO] Sending to ptd: 'RR'
ptd-server 2023-02-27 21:00:21,519 [INFO] Reply from ptd: 'Ranges,0,0.100000,0,600.000000'
ptd-server 2023-02-27 21:00:21,520 [INFO] Initial range for Amps is 0.100000 for Volts is 600.000000
ptd-server 2023-02-27 21:00:21,520 [INFO] Sending to ptd: 'SR,V,Auto'
ptd-server 2023-02-27 21:00:22,023 [INFO] Reply from ptd: 'Range V changed'
ptd-server 2023-02-27 21:00:22,024 [INFO] Sending to ptd: 'SR,A,Auto'
ptd-server 2023-02-27 21:00:22,528 [INFO] Reply from ptd: 'Range A changed'
ptd-server 2023-02-27 21:00:32,539 [INFO] Starting ranging mode
ptd-server 2023-02-27 21:00:32,539 [INFO] Sending to ptd: 'Go,1000,0,2023-02-27_21-00-03_ranging'
ptd-server 2023-02-27 21:00:32,540 [INFO] Reply from ptd: 'Starting untimed measurement, maximum 500000 samples at 1000ms with 0 rampup samples'
ptd-server 2023-02-27 21:00:32,541 [INFO] Sending reply to client 'OK'
ptd-server 2023-02-27 21:16:43,227 [INFO] Got command from the client 'session,2023-02-27_21-00-03,stop,ranging'
ptd-server 2023-02-27 21:16:53,238 [INFO] Sending to ptd: 'Stop'
ptd-server 2023-02-27 21:16:53,239 [INFO] Reply from ptd: 'Stopping untimed measurement'
ptd-server 2023-02-27 21:16:53,533 [INFO] Sending reply to client 'OK'
ptd-server 2023-02-27 21:16:53,598 [INFO] Got command from the client 'time'
ptd-server 2023-02-27 21:16:53,598 [INFO] Sending reply to client '1677532613.5983276'
ptd-server 2023-02-27 21:16:53,605 [INFO] Got command from the client 'session,2023-02-27_21-00-03,start,testing'
ptd-server 2023-02-27 21:16:53,606 [INFO] Sending to ptd: 'SR,V,248.260000'
ptd-server 2023-02-27 21:16:55,108 [INFO] Reply from ptd: 'Range V changed'
ptd-server 2023-02-27 21:16:55,108 [INFO] Sending to ptd: 'SR,A,0.230350'
ptd-server 2023-02-27 21:16:56,611 [INFO] Reply from ptd: 'Range A changed'
ptd-server 2023-02-27 21:17:06,622 [INFO] Starting testing mode
ptd-server 2023-02-27 21:17:06,623 [INFO] Sending to ptd: 'Go,1000,0,2023-02-27_21-00-03_testing'
ptd-server 2023-02-27 21:17:06,624 [INFO] Reply from ptd: 'Starting untimed measurement, maximum 500000 samples at 1000ms with 0 rampup samples'
ptd-server 2023-02-27 21:17:06,624 [INFO] Sending reply to client 'OK'
ptd-server 2023-02-27 21:33:12,484 [INFO] Got command from the client 'session,2023-02-27_21-00-03,stop,testing'
ptd-server 2023-02-27 21:33:22,488 [INFO] Sending to ptd: 'Stop'
ptd-server 2023-02-27 21:33:22,489 [INFO] Reply from ptd: 'Stopping untimed measurement'
ptd-server 2023-02-27 21:33:22,633 [INFO] Sending reply to client 'OK'
ptd-server 2023-02-27 21:33:22,649 [INFO] Got command from the client 'session,2023-02-27_21-00-03,done'
ptd-server 2023-02-27 21:33:22,649 [INFO] Sending to ptd: 'Stop'
ptd-server 2023-02-27 21:33:22,649 [INFO] Reply from ptd: 'Error: no measurement to stop'
ptd-server 2023-02-27 21:33:22,649 [INFO] Sending to ptd: 'SR,V,600.000000'
ptd-server 2023-02-27 21:33:24,152 [INFO] Reply from ptd: 'Range V changed'
ptd-server 2023-02-27 21:33:24,152 [INFO] Sending to ptd: 'SR,A,0.100000'
ptd-server 2023-02-27 21:33:25,656 [INFO] Reply from ptd: 'Range A changed'
ptd-server 2023-02-27 21:33:25,656 [INFO] Set initial values for Amps 0.100000 and Volts 600.000000
ptd-server 2023-02-27 21:33:25,657 [INFO] Stopping ptd...
