ptd-server 2023-02-25 05:41:30,582 [INFO] Got command from the client 'time'
ptd-server 2023-02-25 05:41:30,582 [INFO] Sending reply to client '1677325290.5827246'
ptd-server 2023-02-25 05:41:30,584 [INFO] Got command from the client 'new,,c39e61fe-5d88-40db-b5d1-1431f2b6b1bf'
ptd-server 2023-02-25 05:41:30,584 [INFO] Sending reply to client 'OK 2023-02-25_05-41-30,bb96898e-40c1-4734-b502-93c7489a6d66'
ptd-server 2023-02-25 05:41:30,664 [INFO] Got command from the client 'time'
ptd-server 2023-02-25 05:41:30,664 [INFO] Sending reply to client '1677325290.6646686'
ptd-server 2023-02-25 05:41:30,665 [INFO] Got command from the client 'session,2023-02-25_05-41-30,start,ranging'
ptd-server 2023-02-25 05:41:30,666 [INFO] Running PTDaemon: ['/local/mnt/workspace/mlcommons/power-main/inference_v1.0/ptd-linux-x86', '-l', '/tmp/tmpqybqiqrs/ptd_logfile.txt', '-p', '8888', '-c', '1,2', '77', '/dev/usbtmc0']
ptd-server 2023-02-25 05:41:49,197 [INFO] Sending to ptd: 'Hello'
ptd-server 2023-02-25 05:41:49,198 [INFO] Reply from ptd: 'Hello, PTDaemon here!'
ptd-server 2023-02-25 05:41:49,198 [INFO] Sending to ptd: 'Identify'
ptd-server 2023-02-25 05:41:49,199 [INFO] Reply from ptd: 'YokogawaWT330_multichannel,1000,1,1,1,1,0,0,1,version=1.10.0-ed9a21d2-20220817,OS=Linux 5.4.0-120-generic #136~18.04.1-Ubuntu SMP Fri Jun 10 18:00:44 UTC 2022 x86_64,mode=power,1,1,2,0,0,no_cal_date,YOKOGAWA;WT333E;C2XC17004V;F1.04'
ptd-server 2023-02-25 05:41:49,199 [INFO] Connected to PTDaemon
ptd-server 2023-02-25 05:41:49,199 [INFO] Sending to ptd: 'RR'
ptd-server 2023-02-25 05:41:49,200 [INFO] Reply from ptd: 'Ranges,1,5.000000,1,300.000000'
ptd-server 2023-02-25 05:41:49,200 [INFO] Initial range for Amps is Auto for Volts is Auto
ptd-server 2023-02-25 05:41:49,200 [INFO] Sending to ptd: 'SR,V,Auto'
ptd-server 2023-02-25 05:41:54,254 [INFO] Reply from ptd: 'Range V changed'
ptd-server 2023-02-25 05:41:54,254 [INFO] Sending to ptd: 'SR,A,Auto'
ptd-server 2023-02-25 05:41:59,308 [INFO] Reply from ptd: 'Range A changed'
ptd-server 2023-02-25 05:42:09,318 [INFO] Starting ranging mode
ptd-server 2023-02-25 05:42:09,318 [INFO] Sending to ptd: 'Go,1000,0,2023-02-25_05-41-30_ranging'
ptd-server 2023-02-25 05:42:09,319 [INFO] Reply from ptd: 'Starting untimed measurement, maximum 500000 samples at 1000ms with 0 rampup samples'
ptd-server 2023-02-25 05:42:09,319 [INFO] Sending reply to client 'OK'
ptd-server 2023-02-25 06:01:53,291 [INFO] Got command from the client 'session,2023-02-25_05-41-30,stop,ranging'
ptd-server 2023-02-25 06:02:03,301 [INFO] Sending to ptd: 'Stop'
ptd-server 2023-02-25 06:02:03,302 [INFO] Reply from ptd: 'Stopping untimed measurement'
ptd-server 2023-02-25 06:02:03,381 [INFO] Sending reply to client 'OK'
ptd-server 2023-02-25 06:02:03,468 [INFO] Got command from the client 'time'
ptd-server 2023-02-25 06:02:03,469 [INFO] Sending reply to client '1677326523.4691865'
ptd-server 2023-02-25 06:02:03,470 [INFO] Got command from the client 'session,2023-02-25_05-41-30,start,testing'
ptd-server 2023-02-25 06:02:03,470 [INFO] Sending to ptd: 'SR,V,210.530000'
ptd-server 2023-02-25 06:02:09,523 [INFO] Reply from ptd: 'Range V changed'
ptd-server 2023-02-25 06:02:09,523 [INFO] Sending to ptd: 'SR,A,3.781700'
ptd-server 2023-02-25 06:02:15,075 [INFO] Reply from ptd: 'Range A changed'
ptd-server 2023-02-25 06:02:25,086 [INFO] Starting testing mode
ptd-server 2023-02-25 06:02:25,086 [INFO] Sending to ptd: 'Go,1000,0,2023-02-25_05-41-30_testing'
ptd-server 2023-02-25 06:02:25,086 [INFO] Reply from ptd: 'Starting untimed measurement, maximum 500000 samples at 1000ms with 0 rampup samples'
ptd-server 2023-02-25 06:02:25,087 [INFO] Sending reply to client 'OK'
ptd-server 2023-02-25 06:22:08,699 [INFO] Got command from the client 'session,2023-02-25_05-41-30,stop,testing'
ptd-server 2023-02-25 06:22:18,710 [INFO] Sending to ptd: 'Stop'
ptd-server 2023-02-25 06:22:18,710 [INFO] Reply from ptd: 'Stopping untimed measurement'
ptd-server 2023-02-25 06:22:18,746 [INFO] Sending reply to client 'OK'
ptd-server 2023-02-25 06:22:18,752 [INFO] Got command from the client 'session,2023-02-25_05-41-30,done'
ptd-server 2023-02-25 06:22:18,752 [INFO] Sending to ptd: 'Stop'
ptd-server 2023-02-25 06:22:19,087 [INFO] Reply from ptd: 'Error: no measurement to stop'
ptd-server 2023-02-25 06:22:19,087 [INFO] Sending to ptd: 'SR,V,Auto'
ptd-server 2023-02-25 06:22:24,140 [INFO] Reply from ptd: 'Range V changed'
ptd-server 2023-02-25 06:22:24,141 [INFO] Sending to ptd: 'SR,A,Auto'
ptd-server 2023-02-25 06:22:29,194 [INFO] Reply from ptd: 'Range A changed'
ptd-server 2023-02-25 06:22:29,195 [INFO] Set initial values for Amps Auto and Volts Auto
ptd-server 2023-02-25 06:22:29,195 [INFO] Stopping ptd...
