ptd-server 2023-02-23 21:29:19,838 [INFO] Got command from the client 'stop'
ptd-server 2023-02-23 21:29:19,838 [INFO] The server will be stopped after processing this client
ptd-server 2023-02-23 21:29:19,838 [INFO] Sending reply to client 'OK'
ptd-server 2023-02-23 21:29:19,841 [INFO] Got command from the client 'time'
ptd-server 2023-02-23 21:29:19,841 [INFO] Sending reply to client '1677187759.8412669'
ptd-server 2023-02-23 21:29:19,841 [INFO] Got command from the client 'new,,5976244c-c840-42bb-95e6-bb3cee43bf56'
ptd-server 2023-02-23 21:29:19,841 [INFO] Sending reply to client 'OK 2023-02-23_21-29-19,414f530b-b70f-440d-baee-ba09e58b25db'
ptd-server 2023-02-23 21:29:19,843 [INFO] Got command from the client 'time'
ptd-server 2023-02-23 21:29:19,844 [INFO] Sending reply to client '1677187759.8442025'
ptd-server 2023-02-23 21:29:19,844 [INFO] Got command from the client 'session,2023-02-23_21-29-19,start,ranging'
ptd-server 2023-02-23 21:29:19,952 [INFO] Running PTDaemon: ['C:\\PTD\\ptd-windows-x86.exe', '-l', 'C:\\Users\\pa\\AppData\\Local\\Temp\\tmpksqj8yls\\ptd_logfile.txt', '-p', '8888', '-c', '1,2', '-y', '77', 'C2WL21005V']
ptd-server 2023-02-23 21:29:39,240 [INFO] Sending to ptd: 'Hello'
ptd-server 2023-02-23 21:29:39,240 [INFO] Reply from ptd: 'Hello, PTDaemon here!'
ptd-server 2023-02-23 21:29:39,241 [INFO] Sending to ptd: 'Identify'
ptd-server 2023-02-23 21:29:39,241 [INFO] Reply from ptd: 'YokogawaWT330_multichannel,1000,1,1,1,1,0,0,1,version=1.10.0-82175bac-20220817,OS=Windows 8 / Server 2012,mode=power,1,1,2,0,0,no_cal_date,YOKOGAWA;WT333;C2WL21005V;F1.04EM'
ptd-server 2023-02-23 21:29:39,242 [INFO] Connected to PTDaemon
ptd-server 2023-02-23 21:29:39,242 [INFO] Sending to ptd: 'RR'
ptd-server 2023-02-23 21:29:39,242 [INFO] Reply from ptd: 'Ranges,1,5.000000,1,150.000000'
ptd-server 2023-02-23 21:29:39,243 [INFO] Initial range for Amps is Auto for Volts is Auto
ptd-server 2023-02-23 21:29:39,243 [INFO] Sending to ptd: 'SR,V,Auto'
ptd-server 2023-02-23 21:29:44,306 [INFO] Reply from ptd: 'Range V changed'
ptd-server 2023-02-23 21:29:44,307 [INFO] Sending to ptd: 'SR,A,Auto'
ptd-server 2023-02-23 21:29:49,375 [INFO] Reply from ptd: 'Range A changed'
ptd-server 2023-02-23 21:29:59,381 [INFO] Starting ranging mode
ptd-server 2023-02-23 21:29:59,381 [INFO] Sending to ptd: 'Go,1000,0,2023-02-23_21-29-19_ranging'
ptd-server 2023-02-23 21:29:59,382 [INFO] Reply from ptd: 'Starting untimed measurement, maximum 500000 samples at 1000ms with 0 rampup samples'
ptd-server 2023-02-23 21:29:59,382 [INFO] Sending reply to client 'OK'
ptd-server 2023-02-23 21:40:51,212 [INFO] Got command from the client 'session,2023-02-23_21-29-19,stop,ranging'
ptd-server 2023-02-23 21:41:01,221 [INFO] Sending to ptd: 'Stop'
ptd-server 2023-02-23 21:41:01,222 [INFO] Reply from ptd: 'Stopping untimed measurement'
ptd-server 2023-02-23 21:41:01,252 [INFO] Sending reply to client 'OK'
ptd-server 2023-02-23 21:41:01,260 [INFO] Got command from the client 'time'
ptd-server 2023-02-23 21:41:01,260 [INFO] Sending reply to client '1677188461.260323'
ptd-server 2023-02-23 21:41:01,260 [INFO] Got command from the client 'session,2023-02-23_21-29-19,start,testing'
ptd-server 2023-02-23 21:41:01,260 [INFO] Sending to ptd: 'SR,V,120.570000'
ptd-server 2023-02-23 21:41:07,478 [INFO] Reply from ptd: 'Range V changed'
ptd-server 2023-02-23 21:41:07,478 [INFO] Sending to ptd: 'SR,A,3.384400'
ptd-server 2023-02-23 21:41:13,058 [INFO] Reply from ptd: 'Range A changed'
ptd-server 2023-02-23 21:41:23,063 [INFO] Starting testing mode
ptd-server 2023-02-23 21:41:23,064 [INFO] Sending to ptd: 'Go,1000,0,2023-02-23_21-29-19_testing'
ptd-server 2023-02-23 21:41:23,064 [INFO] Reply from ptd: 'Starting untimed measurement, maximum 500000 samples at 1000ms with 0 rampup samples'
ptd-server 2023-02-23 21:41:23,065 [INFO] Sending reply to client 'OK'
ptd-server 2023-02-23 21:52:14,307 [INFO] Got command from the client 'session,2023-02-23_21-29-19,stop,testing'
ptd-server 2023-02-23 21:52:24,322 [INFO] Sending to ptd: 'Stop'
ptd-server 2023-02-23 21:52:24,322 [INFO] Reply from ptd: 'Stopping untimed measurement'
ptd-server 2023-02-23 21:52:24,339 [INFO] Sending reply to client 'OK'
ptd-server 2023-02-23 21:52:24,348 [INFO] Got command from the client 'session,2023-02-23_21-29-19,done'
ptd-server 2023-02-23 21:52:24,348 [INFO] Sending to ptd: 'Stop'
ptd-server 2023-02-23 21:52:25,066 [INFO] Reply from ptd: 'Error: no measurement to stop'
ptd-server 2023-02-23 21:52:25,067 [INFO] Sending to ptd: 'SR,V,Auto'
ptd-server 2023-02-23 21:52:30,142 [INFO] Reply from ptd: 'Range V changed'
ptd-server 2023-02-23 21:52:30,142 [INFO] Sending to ptd: 'SR,A,Auto'
ptd-server 2023-02-23 21:52:35,214 [INFO] Reply from ptd: 'Range A changed'
ptd-server 2023-02-23 21:52:35,215 [INFO] Set initial values for Amps Auto and Volts Auto
ptd-server 2023-02-23 21:52:35,215 [INFO] Stopping ptd...
