ptd-server 2023-02-12 12:24:27,278 [INFO] Got command from the client 'time'
ptd-server 2023-02-12 12:24:27,278 [INFO] Sending reply to client '1676204667.278918'
ptd-server 2023-02-12 12:24:27,282 [INFO] Got command from the client 'new,,edb886cf-c7a8-4238-8265-fc5488cc9479'
ptd-server 2023-02-12 12:24:27,283 [INFO] Sending reply to client 'OK 2023-02-12_12-24-27,72ff986f-382a-478e-a069-5704acaf90e5'
ptd-server 2023-02-12 12:24:27,308 [INFO] Got command from the client 'time'
ptd-server 2023-02-12 12:24:27,309 [INFO] Sending reply to client '1676204667.3089888'
ptd-server 2023-02-12 12:24:27,313 [INFO] Got command from the client 'session,2023-02-12_12-24-27,start,ranging'
ptd-server 2023-02-12 12:24:27,313 [INFO] Running PTDaemon: ['/media/arjun/T7_Touch/hp-envy/CM/repos/local/cache/9b3695ca8255492a/power/inference_v1.0/ptd-linux-x86', '-l', '/tmp/tmp6_9o2crq/ptd_logfile.txt', '-p', '8888', '49', '/dev/usbtmc0']
ptd-server 2023-02-12 12:24:44,406 [INFO] Sending to ptd: 'Hello'
ptd-server 2023-02-12 12:24:44,407 [INFO] Reply from ptd: 'Hello, PTDaemon here!'
ptd-server 2023-02-12 12:24:44,408 [INFO] Sending to ptd: 'Identify'
ptd-server 2023-02-12 12:24:44,408 [INFO] Reply from ptd: 'YokogawaWT310E,1000,1,1,1,1,0,1,1,version=1.10.0-ed9a21d2-20220817,OS=Linux 5.15.0-56-generic #62-Ubuntu SMP Tue Nov 22 19:54:14 UTC 2022 x86_64,mode=power,1,1,1,0,0,no_cal_date,YOKOGAWA;WT310E;C3YD21068E;F1.04'
ptd-server 2023-02-12 12:24:44,409 [INFO] Connected to PTDaemon
ptd-server 2023-02-12 12:24:44,409 [INFO] Sending to ptd: 'RR'
ptd-server 2023-02-12 12:24:44,409 [INFO] Reply from ptd: 'Ranges,0,0.100000,0,600.000000'
ptd-server 2023-02-12 12:24:44,410 [INFO] Initial range for Amps is 0.100000 for Volts is 600.000000
ptd-server 2023-02-12 12:24:44,410 [INFO] Sending to ptd: 'SR,V,Auto'
ptd-server 2023-02-12 12:24:44,913 [INFO] Reply from ptd: 'Range V changed'
ptd-server 2023-02-12 12:24:44,913 [INFO] Sending to ptd: 'SR,A,Auto'
ptd-server 2023-02-12 12:24:45,417 [INFO] Reply from ptd: 'Range A changed'
ptd-server 2023-02-12 12:24:55,428 [INFO] Starting ranging mode
ptd-server 2023-02-12 12:24:55,429 [INFO] Sending to ptd: 'Go,1000,0,2023-02-12_12-24-27_ranging'
ptd-server 2023-02-12 12:24:55,429 [INFO] Reply from ptd: 'Starting untimed measurement, maximum 500000 samples at 1000ms with 0 rampup samples'
ptd-server 2023-02-12 12:24:55,430 [INFO] Sending reply to client 'OK'
ptd-server 2023-02-12 12:34:56,772 [INFO] Got command from the client 'session,2023-02-12_12-24-27,stop,ranging'
ptd-server 2023-02-12 12:35:06,783 [INFO] Sending to ptd: 'Stop'
ptd-server 2023-02-12 12:35:06,784 [INFO] Reply from ptd: 'Stopping untimed measurement'
ptd-server 2023-02-12 12:35:06,834 [INFO] Sending reply to client 'OK'
ptd-server 2023-02-12 12:35:06,893 [INFO] Got command from the client 'time'
ptd-server 2023-02-12 12:35:06,893 [INFO] Sending reply to client '1676205306.893524'
ptd-server 2023-02-12 12:35:06,897 [INFO] Got command from the client 'session,2023-02-12_12-24-27,start,testing'
ptd-server 2023-02-12 12:35:06,897 [INFO] Sending to ptd: 'SR,V,247.900000'
ptd-server 2023-02-12 12:35:08,932 [INFO] Reply from ptd: 'Range V changed'
ptd-server 2023-02-12 12:35:08,932 [INFO] Sending to ptd: 'SR,A,0.198290'
ptd-server 2023-02-12 12:35:10,434 [INFO] Reply from ptd: 'Range A changed'
ptd-server 2023-02-12 12:35:20,441 [INFO] Starting testing mode
ptd-server 2023-02-12 12:35:20,442 [INFO] Sending to ptd: 'Go,1000,0,2023-02-12_12-24-27_testing'
ptd-server 2023-02-12 12:35:20,442 [INFO] Reply from ptd: 'Starting untimed measurement, maximum 500000 samples at 1000ms with 0 rampup samples'
ptd-server 2023-02-12 12:35:20,443 [INFO] Sending reply to client 'OK'
ptd-server 2023-02-12 12:45:21,742 [INFO] Got command from the client 'session,2023-02-12_12-24-27,stop,testing'
ptd-server 2023-02-12 12:45:31,752 [INFO] Sending to ptd: 'Stop'
ptd-server 2023-02-12 12:45:31,753 [INFO] Reply from ptd: 'Stopping untimed measurement'
ptd-server 2023-02-12 12:45:31,785 [INFO] Sending reply to client 'OK'
ptd-server 2023-02-12 12:45:31,800 [INFO] Got command from the client 'session,2023-02-12_12-24-27,done'
ptd-server 2023-02-12 12:45:31,800 [INFO] Sending to ptd: 'Stop'
ptd-server 2023-02-12 12:45:32,444 [INFO] Reply from ptd: 'Error: no measurement to stop'
ptd-server 2023-02-12 12:45:32,444 [INFO] Sending to ptd: 'SR,V,600.000000'
ptd-server 2023-02-12 12:45:33,946 [INFO] Reply from ptd: 'Range V changed'
ptd-server 2023-02-12 12:45:33,946 [INFO] Sending to ptd: 'SR,A,0.100000'
ptd-server 2023-02-12 12:45:35,449 [INFO] Reply from ptd: 'Range A changed'
ptd-server 2023-02-12 12:45:35,449 [INFO] Set initial values for Amps 0.100000 and Volts 600.000000
ptd-server 2023-02-12 12:45:35,450 [INFO] Stopping ptd...
