client 2023-02-23 16:34:16,891 [INFO] Creating output directory '/home/arjun/mobilenet_results/valid_results/arjun_orin-tflite_cpp-cpu-tflite-vmaster-default_config/mobilenet-v1-precision_float-0.5-224/singlestream/performance/tmp_power'
client 2023-02-23 16:34:17,202 [INFO] Sending command to the server: 'mlcommons/power client v3'
client 2023-02-23 16:34:17,205 [INFO] Got response: 'mlcommons/power server v3'
client 2023-02-23 16:34:17,206 [INFO] Synchronizing with the server and with time.google.com...
client 2023-02-23 16:34:17,239 [INFO] NTP:offset = 0.000 s, delay = 0.019 s 
client 2023-02-23 16:34:17,239 [INFO] Sending command to the server: 'time'
client 2023-02-23 16:34:17,243 [INFO] Got response: '1677170057.2443323'
client 2023-02-23 16:34:17,243 [INFO] The time difference between the client and the server is within range -5.016 ms..-0.469 ms
client 2023-02-23 16:34:17,244 [INFO] Sending command to the server: 'new,,40c8f16d-5af5-4bf5-bb6e-9348c66c4740'
client 2023-02-23 16:34:17,248 [INFO] Got response: 'OK 2023-02-23_16-34-17,fd4e3958-4282-4f4b-a0aa-90b2a4700777'
client 2023-02-23 16:34:17,249 [INFO] Session id is '2023-02-23_16-34-17'
client 2023-02-23 16:34:17,249 [INFO] Sources: {"sources": {"__init__.py": "da39a3ee5e6b4b0d3255bfef95601890afd80709", "client.py": "33ca4f26368777ac06e01f9567b714a4b8063886", "lib/__init__.py": "da39a3ee5e6b4b0d3255bfef95601890afd80709", "lib/client.py": "4c2b78fb4849a7e5b584ef792d82aaed20b17f57", "lib/common.py": "624d0c0acc7c39aaff3674f0b99d6a09da53d1dc", "lib/external/__init__.py": "da39a3ee5e6b4b0d3255bfef95601890afd80709", "lib/external/ntplib.py": "4da8f970656505a40483206ef2b5d3dd5e81711d", "lib/server.py": "cda0cdfaee9bfa1249c64a7dd4f89b7bf1b279f0", "lib/source_hashes.py": "60a2e02193209e8d392803326208d5466342da18", "lib/summary.py": "aa92f0a3f975eecd44d3c0cd0236342ccc9f941d", "lib/time_sync.py": "3210db56eb0ff0df57bf4293dc4d4b03fffd46f1", "server.py": "c3f90f2f7eeb4db30727556d0c815ebc89b3d28b", "tests/unit/__init__.py": "da39a3ee5e6b4b0d3255bfef95601890afd80709", "tests/unit/test_server.py": "99ae15aef722f2000ee6ed1ae1523637bf1ae42b", "tests/unit/test_source_hashes.py": "00468a2907583c593e6574a1f6b404e4651c221a"}, "modules": {"ptd_client_server.lib.client": "lib/client.py", "ptd_client_server.lib.common": "lib/common.py", "ptd_client_server.lib.external.ntplib": "lib/external/ntplib.py", "ptd_client_server.lib.source_hashes": "lib/source_hashes.py", "ptd_client_server.lib.summary": "lib/summary.py", "ptd_client_server.lib.time_sync": "lib/time_sync.py"}}
client 2023-02-23 16:34:17,250 [INFO] Running workload in ranging mode
client 2023-02-23 16:34:17,250 [INFO] Synchronizing with the server and with time.google.com...
client 2023-02-23 16:34:17,268 [INFO] NTP:offset = 0.001 s, delay = 0.015 s 
client 2023-02-23 16:34:17,268 [INFO] Sending command to the server: 'time'
client 2023-02-23 16:34:17,272 [INFO] Got response: '1677170057.2731676'
client 2023-02-23 16:34:17,272 [INFO] The time difference between the client and the server is within range -4.854 ms..-0.982 ms
client 2023-02-23 16:34:17,272 [INFO] Sending command to the server: 'session,2023-02-23_16-34-17,start,ranging'
client 2023-02-23 16:34:45,397 [INFO] Got response: 'OK'
client 2023-02-23 16:34:45,397 [INFO] Running the workload '/home/arjun/run.out'
client 2023-02-23 16:45:46,219 [INFO] Sending command to the server: 'session,2023-02-23_16-34-17,stop,ranging'
client 2023-02-23 16:45:56,384 [INFO] Got response: 'OK'
client 2023-02-23 16:45:56,408 [INFO] Copying loadgen logs from '/home/arjun/mobilenet_results/valid_results/arjun_orin-tflite_cpp-cpu-tflite-vmaster-default_config/mobilenet-v1-precision_float-0.5-224/singlestream/performance/run_1' to '/home/arjun/mobilenet_results/valid_results/arjun_orin-tflite_cpp-cpu-tflite-vmaster-default_config/mobilenet-v1-precision_float-0.5-224/singlestream/performance/tmp_power/ranging'
client 2023-02-23 16:45:56,411 [INFO] Running workload in testing mode
client 2023-02-23 16:45:56,411 [INFO] Synchronizing with the server and with time.google.com...
client 2023-02-23 16:45:56,442 [INFO] NTP:offset = 0.001 s, delay = 0.014 s 
client 2023-02-23 16:45:56,443 [INFO] Sending command to the server: 'time'
client 2023-02-23 16:45:56,447 [INFO] Got response: '1677170756.4476812'
client 2023-02-23 16:45:56,447 [INFO] The time difference between the client and the server is within range -4.726 ms..-0.404 ms
client 2023-02-23 16:45:56,447 [INFO] Sending command to the server: 'session,2023-02-23_16-34-17,start,testing'
client 2023-02-23 16:46:09,575 [INFO] Got response: 'OK'
client 2023-02-23 16:46:09,576 [INFO] Running the workload '/home/arjun/run.out'
client 2023-02-23 16:57:07,248 [INFO] Sending command to the server: 'session,2023-02-23_16-34-17,stop,testing'
client 2023-02-23 16:57:17,374 [INFO] Got response: 'OK'
client 2023-02-23 16:57:17,377 [INFO] Copying loadgen logs from '/home/arjun/mobilenet_results/valid_results/arjun_orin-tflite_cpp-cpu-tflite-vmaster-default_config/mobilenet-v1-precision_float-0.5-224/singlestream/performance/run_1' to '/home/arjun/mobilenet_results/valid_results/arjun_orin-tflite_cpp-cpu-tflite-vmaster-default_config/mobilenet-v1-precision_float-0.5-224/singlestream/performance/tmp_power/run_1'
client 2023-02-23 16:57:17,379 [INFO] Done runs
