ptd-server 2023-02-24 04:51:46,250 [INFO] Got command from the client 'time'
ptd-server 2023-02-24 04:51:46,250 [INFO] Sending reply to client '1677214306.2509155'
ptd-server 2023-02-24 04:51:46,252 [INFO] Got command from the client 'new,,0c2db45e-bce0-4006-9648-71085d4acea4'
ptd-server 2023-02-24 04:51:46,252 [INFO] Sending reply to client 'OK 2023-02-24_04-51-46,12975d91-9e6e-4431-b622-6871b999a998'
ptd-server 2023-02-24 04:51:46,272 [INFO] Got command from the client 'time'
ptd-server 2023-02-24 04:51:46,272 [INFO] Sending reply to client '1677214306.272451'
ptd-server 2023-02-24 04:51:46,273 [INFO] Got command from the client 'session,2023-02-24_04-51-46,start,ranging'
ptd-server 2023-02-24 04:51:46,273 [INFO] Running PTDaemon: ['/home/anton/projects/mlperf/power/inference_v1.0/ptd-linux-x86', '-l', '/tmp/tmp4yl1neqp/ptd_logfile.txt', '-p', '8888', '49', '/dev/usbtmc0']
ptd-server 2023-02-24 04:52:03,347 [INFO] Sending to ptd: 'Hello'
ptd-server 2023-02-24 04:52:03,348 [INFO] Reply from ptd: 'Hello, PTDaemon here!'
ptd-server 2023-02-24 04:52:03,348 [INFO] Sending to ptd: 'Identify'
ptd-server 2023-02-24 04:52:03,348 [INFO] Reply from ptd: 'YokogawaWT310E,1000,1,1,1,1,0,1,1,version=1.10.0-ed9a21d2-20220817,OS=Linux 5.15.0-60-generic #66~20.04.1-Ubuntu SMP Wed Jan 25 09:41:30 UTC 2023 x86_64,mode=power,1,1,1,0,0,no_cal_date,YOKOGAWA;WT310E;C3XA04010E;F1.04'
ptd-server 2023-02-24 04:52:03,348 [INFO] Connected to PTDaemon
ptd-server 2023-02-24 04:52:03,349 [INFO] Sending to ptd: 'RR'
ptd-server 2023-02-24 04:52:03,349 [INFO] Reply from ptd: 'Ranges,1,0.100000,1,300.000000'
ptd-server 2023-02-24 04:52:03,349 [INFO] Initial range for Amps is Auto for Volts is Auto
ptd-server 2023-02-24 04:52:03,349 [INFO] Sending to ptd: 'SR,V,Auto'
ptd-server 2023-02-24 04:52:03,852 [INFO] Reply from ptd: 'Range V changed'
ptd-server 2023-02-24 04:52:03,852 [INFO] Sending to ptd: 'SR,A,Auto'
ptd-server 2023-02-24 04:52:04,354 [INFO] Reply from ptd: 'Range A changed'
ptd-server 2023-02-24 04:52:14,365 [INFO] Starting ranging mode
ptd-server 2023-02-24 04:52:14,365 [INFO] Sending to ptd: 'Go,1000,0,2023-02-24_04-51-46_ranging'
ptd-server 2023-02-24 04:52:14,365 [INFO] Reply from ptd: 'Starting untimed measurement, maximum 500000 samples at 1000ms with 0 rampup samples'
ptd-server 2023-02-24 04:52:14,365 [INFO] Sending reply to client 'OK'
ptd-server 2023-02-24 05:02:30,631 [INFO] Got command from the client 'session,2023-02-24_04-51-46,stop,ranging'
ptd-server 2023-02-24 05:02:40,632 [INFO] Sending to ptd: 'Stop'
ptd-server 2023-02-24 05:02:40,632 [INFO] Reply from ptd: 'Stopping untimed measurement'
ptd-server 2023-02-24 05:02:41,246 [INFO] Sending reply to client 'OK'
ptd-server 2023-02-24 05:02:41,278 [INFO] Got command from the client 'time'
ptd-server 2023-02-24 05:02:41,278 [INFO] Sending reply to client '1677214961.2784994'
ptd-server 2023-02-24 05:02:41,279 [INFO] Got command from the client 'session,2023-02-24_04-51-46,start,testing'
ptd-server 2023-02-24 05:02:41,279 [INFO] Sending to ptd: 'SR,V,252.590000'
ptd-server 2023-02-24 05:02:42,866 [INFO] Reply from ptd: 'Range V changed'
ptd-server 2023-02-24 05:02:42,867 [INFO] Sending to ptd: 'SR,A,0.057140'
ptd-server 2023-02-24 05:02:44,368 [INFO] Reply from ptd: 'Range A changed'
ptd-server 2023-02-24 05:02:54,378 [INFO] Starting testing mode
ptd-server 2023-02-24 05:02:54,379 [INFO] Sending to ptd: 'Go,1000,0,2023-02-24_04-51-46_testing'
ptd-server 2023-02-24 05:02:54,379 [INFO] Reply from ptd: 'Starting untimed measurement, maximum 500000 samples at 1000ms with 0 rampup samples'
ptd-server 2023-02-24 05:02:54,379 [INFO] Sending reply to client 'OK'
ptd-server 2023-02-24 05:13:10,590 [INFO] Got command from the client 'session,2023-02-24_04-51-46,stop,testing'
ptd-server 2023-02-24 05:13:20,600 [INFO] Sending to ptd: 'Stop'
ptd-server 2023-02-24 05:13:20,600 [INFO] Reply from ptd: 'Stopping untimed measurement'
ptd-server 2023-02-24 05:13:20,920 [INFO] Sending reply to client 'OK'
ptd-server 2023-02-24 05:13:20,927 [INFO] Got command from the client 'session,2023-02-24_04-51-46,done'
ptd-server 2023-02-24 05:13:20,928 [INFO] Sending to ptd: 'Stop'
ptd-server 2023-02-24 05:13:21,379 [INFO] Reply from ptd: 'Error: no measurement to stop'
ptd-server 2023-02-24 05:13:21,379 [INFO] Sending to ptd: 'SR,V,Auto'
ptd-server 2023-02-24 05:13:21,882 [INFO] Reply from ptd: 'Range V changed'
ptd-server 2023-02-24 05:13:21,882 [INFO] Sending to ptd: 'SR,A,Auto'
ptd-server 2023-02-24 05:13:22,385 [INFO] Reply from ptd: 'Range A changed'
ptd-server 2023-02-24 05:13:22,385 [INFO] Set initial values for Amps Auto and Volts Auto
ptd-server 2023-02-24 05:13:22,385 [INFO] Stopping ptd...
