ptd-server 2023-02-21 11:03:53,248 [INFO] Got command from the client 'time'
ptd-server 2023-02-21 11:03:53,248 [INFO] Sending reply to client '1676977433.2489536'
ptd-server 2023-02-21 11:03:53,249 [INFO] Got command from the client 'new,,094fa40b-7621-4b49-8038-a2bd5f982da5'
ptd-server 2023-02-21 11:03:53,250 [INFO] Sending reply to client 'OK 2023-02-21_11-03-53,3b627284-525d-4b33-b698-702a9908dec8'
ptd-server 2023-02-21 11:03:53,302 [INFO] Got command from the client 'time'
ptd-server 2023-02-21 11:03:53,302 [INFO] Sending reply to client '1676977433.3022444'
ptd-server 2023-02-21 11:03:53,303 [INFO] Got command from the client 'session,2023-02-21_11-03-53,start,ranging'
ptd-server 2023-02-21 11:03:53,303 [INFO] Running PTDaemon: ['/home/anton/projects/mlperf/power/inference_v1.0/ptd-linux-x86', '-l', '/tmp/tmp4yl1neqp/ptd_logfile.txt', '-p', '8888', '49', '/dev/usbtmc0']
ptd-server 2023-02-21 11:04:10,377 [INFO] Sending to ptd: 'Hello'
ptd-server 2023-02-21 11:04:10,378 [INFO] Reply from ptd: 'Hello, PTDaemon here!'
ptd-server 2023-02-21 11:04:10,378 [INFO] Sending to ptd: 'Identify'
ptd-server 2023-02-21 11:04:10,379 [INFO] Reply from ptd: 'YokogawaWT310E,1000,1,1,1,1,0,1,1,version=1.10.0-ed9a21d2-20220817,OS=Linux 5.15.0-60-generic #66~20.04.1-Ubuntu SMP Wed Jan 25 09:41:30 UTC 2023 x86_64,mode=power,1,1,1,0,0,no_cal_date,YOKOGAWA;WT310E;C3XA04010E;F1.04'
ptd-server 2023-02-21 11:04:10,379 [INFO] Connected to PTDaemon
ptd-server 2023-02-21 11:04:10,379 [INFO] Sending to ptd: 'RR'
ptd-server 2023-02-21 11:04:10,379 [INFO] Reply from ptd: 'Ranges,1,0.100000,1,300.000000'
ptd-server 2023-02-21 11:04:10,379 [INFO] Initial range for Amps is Auto for Volts is Auto
ptd-server 2023-02-21 11:04:10,379 [INFO] Sending to ptd: 'SR,V,Auto'
ptd-server 2023-02-21 11:04:10,882 [INFO] Reply from ptd: 'Range V changed'
ptd-server 2023-02-21 11:04:10,882 [INFO] Sending to ptd: 'SR,A,Auto'
ptd-server 2023-02-21 11:04:11,384 [INFO] Reply from ptd: 'Range A changed'
ptd-server 2023-02-21 11:04:21,395 [INFO] Starting ranging mode
ptd-server 2023-02-21 11:04:21,395 [INFO] Sending to ptd: 'Go,1000,0,2023-02-21_11-03-53_ranging'
ptd-server 2023-02-21 11:04:21,396 [INFO] Reply from ptd: 'Starting untimed measurement, maximum 500000 samples at 1000ms with 0 rampup samples'
ptd-server 2023-02-21 11:04:21,396 [INFO] Sending reply to client 'OK'
ptd-server 2023-02-21 11:14:48,870 [INFO] Got command from the client 'session,2023-02-21_11-03-53,stop,ranging'
ptd-server 2023-02-21 11:14:58,881 [INFO] Sending to ptd: 'Stop'
ptd-server 2023-02-21 11:14:58,881 [INFO] Reply from ptd: 'Stopping untimed measurement'
ptd-server 2023-02-21 11:14:59,180 [INFO] Sending reply to client 'OK'
ptd-server 2023-02-21 11:14:59,317 [INFO] Got command from the client 'time'
ptd-server 2023-02-21 11:14:59,317 [INFO] Sending reply to client '1676978099.317428'
ptd-server 2023-02-21 11:14:59,318 [INFO] Got command from the client 'session,2023-02-21_11-03-53,start,testing'
ptd-server 2023-02-21 11:14:59,318 [INFO] Sending to ptd: 'SR,V,252.220000'
ptd-server 2023-02-21 11:15:00,897 [INFO] Reply from ptd: 'Range V changed'
ptd-server 2023-02-21 11:15:00,897 [INFO] Sending to ptd: 'SR,A,0.067210'
ptd-server 2023-02-21 11:15:02,399 [INFO] Reply from ptd: 'Range A changed'
ptd-server 2023-02-21 11:15:12,409 [INFO] Starting testing mode
ptd-server 2023-02-21 11:15:12,409 [INFO] Sending to ptd: 'Go,1000,0,2023-02-21_11-03-53_testing'
ptd-server 2023-02-21 11:15:12,410 [INFO] Reply from ptd: 'Starting untimed measurement, maximum 500000 samples at 1000ms with 0 rampup samples'
ptd-server 2023-02-21 11:15:12,410 [INFO] Sending reply to client 'OK'
ptd-server 2023-02-21 11:25:39,828 [INFO] Got command from the client 'session,2023-02-21_11-03-53,stop,testing'
ptd-server 2023-02-21 11:25:49,839 [INFO] Sending to ptd: 'Stop'
ptd-server 2023-02-21 11:25:49,839 [INFO] Reply from ptd: 'Stopping untimed measurement'
ptd-server 2023-02-21 11:25:49,999 [INFO] Sending reply to client 'OK'
ptd-server 2023-02-21 11:25:50,007 [INFO] Got command from the client 'session,2023-02-21_11-03-53,done'
ptd-server 2023-02-21 11:25:50,007 [INFO] Sending to ptd: 'Stop'
ptd-server 2023-02-21 11:25:50,410 [INFO] Reply from ptd: 'Error: no measurement to stop'
ptd-server 2023-02-21 11:25:50,411 [INFO] Sending to ptd: 'SR,V,Auto'
ptd-server 2023-02-21 11:25:50,913 [INFO] Reply from ptd: 'Range V changed'
ptd-server 2023-02-21 11:25:50,913 [INFO] Sending to ptd: 'SR,A,Auto'
ptd-server 2023-02-21 11:25:51,416 [INFO] Reply from ptd: 'Range A changed'
ptd-server 2023-02-21 11:25:51,416 [INFO] Set initial values for Amps Auto and Volts Auto
ptd-server 2023-02-21 11:25:51,416 [INFO] Stopping ptd...
