client 2023-02-20 04:50:52,426 [INFO] Sending command to the server: 'mlcommons/power client v3'
client 2023-02-20 04:50:52,428 [INFO] Got response: 'mlcommons/power server v3'
client 2023-02-20 04:50:52,428 [INFO] Sending command to the server: 'stop'
client 2023-02-20 04:50:52,429 [INFO] Got response: 'OK'
client 2023-02-20 04:50:52,429 [INFO] Synchronizing with the server and with ib-01.dc4-in.nvidia.com...
client 2023-02-20 04:50:52,680 [INFO] NTP:offset = 0.001 s, delay = 0.226 s 
client 2023-02-20 04:50:52,680 [INFO] Sending command to the server: 'time'
client 2023-02-20 04:50:52,681 [INFO] Got response: '1676868652.6795588'
client 2023-02-20 04:50:52,681 [INFO] The time difference between the client and the server is within range 0.814 ms..2.403 ms
client 2023-02-20 04:50:52,682 [INFO] Sending command to the server: 'new,,5b9c4b91-0fcb-4129-820f-fac24745f0e2'
client 2023-02-20 04:50:52,684 [INFO] Got response: 'OK 2023-02-19_20-50-52,227b9f8e-d697-498c-a400-5a863cf8b157'
client 2023-02-20 04:50:52,684 [INFO] Session id is '2023-02-19_20-50-52'
client 2023-02-20 04:50:52,685 [INFO] Sources: {"sources": {"__init__.py": "da39a3ee5e6b4b0d3255bfef95601890afd80709", "client.py": "33ca4f26368777ac06e01f9567b714a4b8063886", "lib/__init__.py": "da39a3ee5e6b4b0d3255bfef95601890afd80709", "lib/client.py": "4c2b78fb4849a7e5b584ef792d82aaed20b17f57", "lib/common.py": "624d0c0acc7c39aaff3674f0b99d6a09da53d1dc", "lib/external/__init__.py": "da39a3ee5e6b4b0d3255bfef95601890afd80709", "lib/external/ntplib.py": "4da8f970656505a40483206ef2b5d3dd5e81711d", "lib/server.py": "cda0cdfaee9bfa1249c64a7dd4f89b7bf1b279f0", "lib/source_hashes.py": "60a2e02193209e8d392803326208d5466342da18", "lib/summary.py": "aa92f0a3f975eecd44d3c0cd0236342ccc9f941d", "lib/time_sync.py": "3210db56eb0ff0df57bf4293dc4d4b03fffd46f1", "server.py": "c3f90f2f7eeb4db30727556d0c815ebc89b3d28b", "tests/unit/__init__.py": "da39a3ee5e6b4b0d3255bfef95601890afd80709", "tests/unit/test_server.py": "99ae15aef722f2000ee6ed1ae1523637bf1ae42b", "tests/unit/test_source_hashes.py": "00468a2907583c593e6574a1f6b404e4651c221a"}, "modules": {"ptd_client_server.lib.client": "lib/client.py", "ptd_client_server.lib.common": "lib/common.py", "ptd_client_server.lib.external.ntplib": "lib/external/ntplib.py", "ptd_client_server.lib.source_hashes": "lib/source_hashes.py", "ptd_client_server.lib.summary": "lib/summary.py", "ptd_client_server.lib.time_sync": "lib/time_sync.py"}}
client 2023-02-20 04:50:52,687 [INFO] Running workload in ranging mode
client 2023-02-20 04:50:52,687 [INFO] Synchronizing with the server and with ib-01.dc4-in.nvidia.com...
client 2023-02-20 04:50:52,914 [INFO] NTP:offset = -0.001 s, delay = 0.223 s 
client 2023-02-20 04:50:52,914 [INFO] Sending command to the server: 'time'
client 2023-02-20 04:50:52,915 [INFO] Got response: '1676868652.9136963'
client 2023-02-20 04:50:52,916 [INFO] The time difference between the client and the server is within range 0.909 ms..2.282 ms
client 2023-02-20 04:50:52,916 [INFO] Sending command to the server: 'session,2023-02-19_20-50-52,start,ranging'
client 2023-02-20 04:51:21,119 [INFO] Got response: 'OK'
client 2023-02-20 04:51:21,120 [INFO] Running the workload 'LOG_DIR=/work/build/power_logs_temp python3 -m code.main --benchmarks=retinanet --scenarios=Offline --test_mode=PerformanceOnly --config_ver=maxq --action="run_harness" \\\n\t\t2>&1 | tee -a /work/build/power_logs/2023.02.20-04.50.35/stdout.txt \\\n\t\t&& if [ ! -d /work/build/power_logs/2023.02.20-04.50.35/ranging_tmp ]; \\\n\t\t\tthen mkdir /work/build/power_logs/2023.02.20-04.50.35/ranging_tmp \\\n\t\t\t\t&& mv /work/build/power_logs_temp/* /work/build/power_logs/2023.02.20-04.50.35/ranging_tmp/ \\\n\t\t\t\t&& cp -v /work/build/power_logs/2023.02.20-04.50.35/ranging_tmp/*/*/*/mlperf_log_detail.txt /work/build/power_logs_temp/ \\\n\t\t\t\t&& cp -v /work/build/power_logs/2023.02.20-04.50.35/ranging_tmp/*/*/*/mlperf_log_summary.txt /work/build/power_logs_temp/; \\\n\t\t\telse mkdir /work/build/power_logs/2023.02.20-04.50.35/testing_tmp \\\n\t\t\t\t&& mv /work/build/power_logs_temp/* /work/build/power_logs/2023.02.20-04.50.35/testing_tmp/ \\\n\t\t\t\t&& cp -v /work/build/power_logs/2023.02.20-04.50.35/testing_tmp/*/*/*/mlperf_log_detail.txt /work/build/power_logs_temp/ \\\n\t\t\t\t&& cp -v /work/build/power_logs/2023.02.20-04.50.35/testing_tmp/*/*/*/mlperf_log_summary.txt /work/build/power_logs_temp/; fi'
client 2023-02-20 05:03:55,865 [INFO] Sending command to the server: 'session,2023-02-19_20-50-52,stop,ranging'
client 2023-02-20 05:04:05,893 [INFO] Got response: 'OK'
client 2023-02-20 05:04:05,930 [INFO] Copying loadgen logs from '/work/build/power_logs_temp' to '/work/build/power_logs/2023.02.20-04.50.35/2023-02-19_20-50-52/ranging'
client 2023-02-20 05:04:05,955 [INFO] Running workload in testing mode
client 2023-02-20 05:04:05,955 [INFO] Synchronizing with the server and with ib-01.dc4-in.nvidia.com...
client 2023-02-20 05:04:06,179 [INFO] NTP:offset = -0.002 s, delay = 0.217 s 
client 2023-02-20 05:04:06,180 [INFO] Sending command to the server: 'time'
client 2023-02-20 05:04:06,181 [INFO] Got response: '1676869446.181401'
client 2023-02-20 05:04:06,181 [INFO] The time difference between the client and the server is within range -1.402 ms..0.208 ms
client 2023-02-20 05:04:06,181 [INFO] Sending command to the server: 'session,2023-02-19_20-50-52,start,testing'
client 2023-02-20 05:04:19,207 [INFO] Got response: 'OK'
client 2023-02-20 05:04:19,207 [INFO] Running the workload 'LOG_DIR=/work/build/power_logs_temp python3 -m code.main --benchmarks=retinanet --scenarios=Offline --test_mode=PerformanceOnly --config_ver=maxq --action="run_harness" \\\n\t\t2>&1 | tee -a /work/build/power_logs/2023.02.20-04.50.35/stdout.txt \\\n\t\t&& if [ ! -d /work/build/power_logs/2023.02.20-04.50.35/ranging_tmp ]; \\\n\t\t\tthen mkdir /work/build/power_logs/2023.02.20-04.50.35/ranging_tmp \\\n\t\t\t\t&& mv /work/build/power_logs_temp/* /work/build/power_logs/2023.02.20-04.50.35/ranging_tmp/ \\\n\t\t\t\t&& cp -v /work/build/power_logs/2023.02.20-04.50.35/ranging_tmp/*/*/*/mlperf_log_detail.txt /work/build/power_logs_temp/ \\\n\t\t\t\t&& cp -v /work/build/power_logs/2023.02.20-04.50.35/ranging_tmp/*/*/*/mlperf_log_summary.txt /work/build/power_logs_temp/; \\\n\t\t\telse mkdir /work/build/power_logs/2023.02.20-04.50.35/testing_tmp \\\n\t\t\t\t&& mv /work/build/power_logs_temp/* /work/build/power_logs/2023.02.20-04.50.35/testing_tmp/ \\\n\t\t\t\t&& cp -v /work/build/power_logs/2023.02.20-04.50.35/testing_tmp/*/*/*/mlperf_log_detail.txt /work/build/power_logs_temp/ \\\n\t\t\t\t&& cp -v /work/build/power_logs/2023.02.20-04.50.35/testing_tmp/*/*/*/mlperf_log_summary.txt /work/build/power_logs_temp/; fi'
client 2023-02-20 05:16:40,234 [INFO] Sending command to the server: 'session,2023-02-19_20-50-52,stop,testing'
client 2023-02-20 05:16:50,252 [INFO] Got response: 'OK'
client 2023-02-20 05:16:50,261 [INFO] Copying loadgen logs from '/work/build/power_logs_temp' to '/work/build/power_logs/2023.02.20-04.50.35/2023-02-19_20-50-52/run_1'
client 2023-02-20 05:16:50,274 [INFO] Done runs
