ptd-server 2023-02-24 17:32:43,664 [INFO] Got command from the client 'time'
ptd-server 2023-02-24 17:32:43,664 [INFO] Sending reply to client '1677259963.6649435'
ptd-server 2023-02-24 17:32:43,665 [INFO] Got command from the client 'new,,5c977c62-4748-41e4-867f-773ebd35a619'
ptd-server 2023-02-24 17:32:43,666 [INFO] Sending reply to client 'OK 2023-02-24_17-32-43,37f43ffd-2052-4615-8014-8679d52e7b80'
ptd-server 2023-02-24 17:32:43,687 [INFO] Got command from the client 'time'
ptd-server 2023-02-24 17:32:43,687 [INFO] Sending reply to client '1677259963.687957'
ptd-server 2023-02-24 17:32:43,688 [INFO] Got command from the client 'session,2023-02-24_17-32-43,start,ranging'
ptd-server 2023-02-24 17:32:43,689 [INFO] Running PTDaemon: ['/home/anton/projects/mlperf/power/inference_v1.0/ptd-linux-x86', '-l', '/tmp/tmp4yl1neqp/ptd_logfile.txt', '-p', '8888', '49', '/dev/usbtmc0']
ptd-server 2023-02-24 17:33:00,763 [INFO] Sending to ptd: 'Hello'
ptd-server 2023-02-24 17:33:00,764 [INFO] Reply from ptd: 'Hello, PTDaemon here!'
ptd-server 2023-02-24 17:33:00,764 [INFO] Sending to ptd: 'Identify'
ptd-server 2023-02-24 17:33:00,764 [INFO] Reply from ptd: 'YokogawaWT310E,1000,1,1,1,1,0,1,1,version=1.10.0-ed9a21d2-20220817,OS=Linux 5.15.0-60-generic #66~20.04.1-Ubuntu SMP Wed Jan 25 09:41:30 UTC 2023 x86_64,mode=power,1,1,1,0,0,no_cal_date,YOKOGAWA;WT310E;C3XA04010E;F1.04'
ptd-server 2023-02-24 17:33:00,764 [INFO] Connected to PTDaemon
ptd-server 2023-02-24 17:33:00,764 [INFO] Sending to ptd: 'RR'
ptd-server 2023-02-24 17:33:00,765 [INFO] Reply from ptd: 'Ranges,1,0.100000,1,300.000000'
ptd-server 2023-02-24 17:33:00,765 [INFO] Initial range for Amps is Auto for Volts is Auto
ptd-server 2023-02-24 17:33:00,765 [INFO] Sending to ptd: 'SR,V,Auto'
ptd-server 2023-02-24 17:33:01,267 [INFO] Reply from ptd: 'Range V changed'
ptd-server 2023-02-24 17:33:01,267 [INFO] Sending to ptd: 'SR,A,Auto'
ptd-server 2023-02-24 17:33:01,770 [INFO] Reply from ptd: 'Range A changed'
ptd-server 2023-02-24 17:33:11,772 [INFO] Starting ranging mode
ptd-server 2023-02-24 17:33:11,772 [INFO] Sending to ptd: 'Go,1000,0,2023-02-24_17-32-43_ranging'
ptd-server 2023-02-24 17:33:11,772 [INFO] Reply from ptd: 'Starting untimed measurement, maximum 500000 samples at 1000ms with 0 rampup samples'
ptd-server 2023-02-24 17:33:11,773 [INFO] Sending reply to client 'OK'
ptd-server 2023-02-24 17:43:28,112 [INFO] Got command from the client 'session,2023-02-24_17-32-43,stop,ranging'
ptd-server 2023-02-24 17:43:38,123 [INFO] Sending to ptd: 'Stop'
ptd-server 2023-02-24 17:43:38,123 [INFO] Reply from ptd: 'Stopping untimed measurement'
ptd-server 2023-02-24 17:43:38,798 [INFO] Sending reply to client 'OK'
ptd-server 2023-02-24 17:43:38,850 [INFO] Got command from the client 'time'
ptd-server 2023-02-24 17:43:38,851 [INFO] Sending reply to client '1677260618.8510606'
ptd-server 2023-02-24 17:43:38,851 [INFO] Got command from the client 'session,2023-02-24_17-32-43,start,testing'
ptd-server 2023-02-24 17:43:38,852 [INFO] Sending to ptd: 'SR,V,250.120000'
ptd-server 2023-02-24 17:43:40,353 [INFO] Reply from ptd: 'Range V changed'
ptd-server 2023-02-24 17:43:40,353 [INFO] Sending to ptd: 'SR,A,0.061430'
ptd-server 2023-02-24 17:43:41,854 [INFO] Reply from ptd: 'Range A changed'
ptd-server 2023-02-24 17:43:51,865 [INFO] Starting testing mode
ptd-server 2023-02-24 17:43:51,865 [INFO] Sending to ptd: 'Go,1000,0,2023-02-24_17-32-43_testing'
ptd-server 2023-02-24 17:43:51,865 [INFO] Reply from ptd: 'Starting untimed measurement, maximum 500000 samples at 1000ms with 0 rampup samples'
ptd-server 2023-02-24 17:43:51,866 [INFO] Sending reply to client 'OK'
ptd-server 2023-02-24 17:54:08,203 [INFO] Got command from the client 'session,2023-02-24_17-32-43,stop,testing'
ptd-server 2023-02-24 17:54:18,204 [INFO] Sending to ptd: 'Stop'
ptd-server 2023-02-24 17:54:18,204 [INFO] Reply from ptd: 'Stopping untimed measurement'
ptd-server 2023-02-24 17:54:18,567 [INFO] Sending reply to client 'OK'
ptd-server 2023-02-24 17:54:18,575 [INFO] Got command from the client 'session,2023-02-24_17-32-43,done'
ptd-server 2023-02-24 17:54:18,575 [INFO] Sending to ptd: 'Stop'
ptd-server 2023-02-24 17:54:18,866 [INFO] Reply from ptd: 'Error: no measurement to stop'
ptd-server 2023-02-24 17:54:18,866 [INFO] Sending to ptd: 'SR,V,Auto'
ptd-server 2023-02-24 17:54:19,368 [INFO] Reply from ptd: 'Range V changed'
ptd-server 2023-02-24 17:54:19,369 [INFO] Sending to ptd: 'SR,A,Auto'
ptd-server 2023-02-24 17:54:19,871 [INFO] Reply from ptd: 'Range A changed'
ptd-server 2023-02-24 17:54:19,871 [INFO] Set initial values for Amps Auto and Volts Auto
ptd-server 2023-02-24 17:54:19,871 [INFO] Stopping ptd...
