ptd-server 2023-02-24 08:50:51,718 [INFO] Got command from the client 'time'
ptd-server 2023-02-24 08:50:51,718 [INFO] Sending reply to client '1677228651.718167'
ptd-server 2023-02-24 08:50:51,719 [INFO] Got command from the client 'new,,767e9599-ba58-41ad-89ba-0df9444b33b8'
ptd-server 2023-02-24 08:50:51,719 [INFO] Sending reply to client 'OK 2023-02-24_08-50-51,e9b2f4b6-32a2-485e-9b22-f335e79414a8'
ptd-server 2023-02-24 08:50:51,877 [INFO] Got command from the client 'time'
ptd-server 2023-02-24 08:50:51,877 [INFO] Sending reply to client '1677228651.8775024'
ptd-server 2023-02-24 08:50:51,878 [INFO] Got command from the client 'session,2023-02-24_08-50-51,start,ranging'
ptd-server 2023-02-24 08:50:51,878 [INFO] Running PTDaemon: ['/home/anton/projects/mlperf/power/inference_v1.0/ptd-linux-x86', '-l', '/tmp/tmp4yl1neqp/ptd_logfile.txt', '-p', '8888', '49', '/dev/usbtmc0']
ptd-server 2023-02-24 08:51:08,952 [INFO] Sending to ptd: 'Hello'
ptd-server 2023-02-24 08:51:08,953 [INFO] Reply from ptd: 'Hello, PTDaemon here!'
ptd-server 2023-02-24 08:51:08,953 [INFO] Sending to ptd: 'Identify'
ptd-server 2023-02-24 08:51:08,953 [INFO] Reply from ptd: 'YokogawaWT310E,1000,1,1,1,1,0,1,1,version=1.10.0-ed9a21d2-20220817,OS=Linux 5.15.0-60-generic #66~20.04.1-Ubuntu SMP Wed Jan 25 09:41:30 UTC 2023 x86_64,mode=power,1,1,1,0,0,no_cal_date,YOKOGAWA;WT310E;C3XA04010E;F1.04'
ptd-server 2023-02-24 08:51:08,953 [INFO] Connected to PTDaemon
ptd-server 2023-02-24 08:51:08,953 [INFO] Sending to ptd: 'RR'
ptd-server 2023-02-24 08:51:08,954 [INFO] Reply from ptd: 'Ranges,1,0.100000,1,300.000000'
ptd-server 2023-02-24 08:51:08,954 [INFO] Initial range for Amps is Auto for Volts is Auto
ptd-server 2023-02-24 08:51:08,954 [INFO] Sending to ptd: 'SR,V,Auto'
ptd-server 2023-02-24 08:51:09,457 [INFO] Reply from ptd: 'Range V changed'
ptd-server 2023-02-24 08:51:09,457 [INFO] Sending to ptd: 'SR,A,Auto'
ptd-server 2023-02-24 08:51:09,959 [INFO] Reply from ptd: 'Range A changed'
ptd-server 2023-02-24 08:51:19,970 [INFO] Starting ranging mode
ptd-server 2023-02-24 08:51:19,970 [INFO] Sending to ptd: 'Go,1000,0,2023-02-24_08-50-51_ranging'
ptd-server 2023-02-24 08:51:19,970 [INFO] Reply from ptd: 'Starting untimed measurement, maximum 500000 samples at 1000ms with 0 rampup samples'
ptd-server 2023-02-24 08:51:19,970 [INFO] Sending reply to client 'OK'
ptd-server 2023-02-24 09:01:36,252 [INFO] Got command from the client 'session,2023-02-24_08-50-51,stop,ranging'
ptd-server 2023-02-24 09:01:46,262 [INFO] Sending to ptd: 'Stop'
ptd-server 2023-02-24 09:01:46,263 [INFO] Reply from ptd: 'Stopping untimed measurement'
ptd-server 2023-02-24 09:01:46,890 [INFO] Sending reply to client 'OK'
ptd-server 2023-02-24 09:01:47,046 [INFO] Got command from the client 'time'
ptd-server 2023-02-24 09:01:47,046 [INFO] Sending reply to client '1677229307.046519'
ptd-server 2023-02-24 09:01:47,047 [INFO] Got command from the client 'session,2023-02-24_08-50-51,start,testing'
ptd-server 2023-02-24 09:01:47,047 [INFO] Sending to ptd: 'SR,V,251.150000'
ptd-server 2023-02-24 09:01:48,548 [INFO] Reply from ptd: 'Range V changed'
ptd-server 2023-02-24 09:01:48,549 [INFO] Sending to ptd: 'SR,A,0.055300'
ptd-server 2023-02-24 09:01:50,050 [INFO] Reply from ptd: 'Range A changed'
ptd-server 2023-02-24 09:02:00,060 [INFO] Starting testing mode
ptd-server 2023-02-24 09:02:00,060 [INFO] Sending to ptd: 'Go,1000,0,2023-02-24_08-50-51_testing'
ptd-server 2023-02-24 09:02:00,061 [INFO] Reply from ptd: 'Starting untimed measurement, maximum 500000 samples at 1000ms with 0 rampup samples'
ptd-server 2023-02-24 09:02:00,061 [INFO] Sending reply to client 'OK'
ptd-server 2023-02-24 09:12:16,340 [INFO] Got command from the client 'session,2023-02-24_08-50-51,stop,testing'
ptd-server 2023-02-24 09:12:26,350 [INFO] Sending to ptd: 'Stop'
ptd-server 2023-02-24 09:12:26,351 [INFO] Reply from ptd: 'Stopping untimed measurement'
ptd-server 2023-02-24 09:12:26,676 [INFO] Sending reply to client 'OK'
ptd-server 2023-02-24 09:12:26,684 [INFO] Got command from the client 'session,2023-02-24_08-50-51,done'
ptd-server 2023-02-24 09:12:26,684 [INFO] Sending to ptd: 'Stop'
ptd-server 2023-02-24 09:12:27,061 [INFO] Reply from ptd: 'Error: no measurement to stop'
ptd-server 2023-02-24 09:12:27,061 [INFO] Sending to ptd: 'SR,V,Auto'
ptd-server 2023-02-24 09:12:27,564 [INFO] Reply from ptd: 'Range V changed'
ptd-server 2023-02-24 09:12:27,564 [INFO] Sending to ptd: 'SR,A,Auto'
ptd-server 2023-02-24 09:12:28,067 [INFO] Reply from ptd: 'Range A changed'
ptd-server 2023-02-24 09:12:28,067 [INFO] Set initial values for Amps Auto and Volts Auto
ptd-server 2023-02-24 09:12:28,067 [INFO] Stopping ptd...
