ptd-server 2023-02-23 06:29:05,843 [INFO] Got command from the client 'time'
ptd-server 2023-02-23 06:29:05,843 [INFO] Sending reply to client '1677133745.8434038'
ptd-server 2023-02-23 06:29:05,844 [INFO] Got command from the client 'new,,d6cf4e01-60a1-48d8-8344-5a24801a00b6'
ptd-server 2023-02-23 06:29:05,845 [INFO] Sending reply to client 'OK 2023-02-23_06-29-05,8c4feaf4-7e2d-481f-8133-a951a2feacb3'
ptd-server 2023-02-23 06:29:05,868 [INFO] Got command from the client 'time'
ptd-server 2023-02-23 06:29:05,869 [INFO] Sending reply to client '1677133745.8690925'
ptd-server 2023-02-23 06:29:05,870 [INFO] Got command from the client 'session,2023-02-23_06-29-05,start,ranging'
ptd-server 2023-02-23 06:29:05,870 [INFO] Running PTDaemon: ['/home/anton/projects/mlperf/power/inference_v1.0/ptd-linux-x86', '-l', '/tmp/tmp4yl1neqp/ptd_logfile.txt', '-p', '8888', '49', '/dev/usbtmc0']
ptd-server 2023-02-23 06:29:22,943 [INFO] Sending to ptd: 'Hello'
ptd-server 2023-02-23 06:29:22,944 [INFO] Reply from ptd: 'Hello, PTDaemon here!'
ptd-server 2023-02-23 06:29:22,944 [INFO] Sending to ptd: 'Identify'
ptd-server 2023-02-23 06:29:22,944 [INFO] Reply from ptd: 'YokogawaWT310E,1000,1,1,1,1,0,1,1,version=1.10.0-ed9a21d2-20220817,OS=Linux 5.15.0-60-generic #66~20.04.1-Ubuntu SMP Wed Jan 25 09:41:30 UTC 2023 x86_64,mode=power,1,1,1,0,0,no_cal_date,YOKOGAWA;WT310E;C3XA04010E;F1.04'
ptd-server 2023-02-23 06:29:22,945 [INFO] Connected to PTDaemon
ptd-server 2023-02-23 06:29:22,945 [INFO] Sending to ptd: 'RR'
ptd-server 2023-02-23 06:29:22,945 [INFO] Reply from ptd: 'Ranges,1,0.100000,1,300.000000'
ptd-server 2023-02-23 06:29:22,945 [INFO] Initial range for Amps is Auto for Volts is Auto
ptd-server 2023-02-23 06:29:22,945 [INFO] Sending to ptd: 'SR,V,Auto'
ptd-server 2023-02-23 06:29:23,448 [INFO] Reply from ptd: 'Range V changed'
ptd-server 2023-02-23 06:29:23,448 [INFO] Sending to ptd: 'SR,A,Auto'
ptd-server 2023-02-23 06:29:23,950 [INFO] Reply from ptd: 'Range A changed'
ptd-server 2023-02-23 06:29:33,955 [INFO] Starting ranging mode
ptd-server 2023-02-23 06:29:33,955 [INFO] Sending to ptd: 'Go,1000,0,2023-02-23_06-29-05_ranging'
ptd-server 2023-02-23 06:29:33,955 [INFO] Reply from ptd: 'Starting untimed measurement, maximum 500000 samples at 1000ms with 0 rampup samples'
ptd-server 2023-02-23 06:29:33,956 [INFO] Sending reply to client 'OK'
ptd-server 2023-02-23 06:39:52,657 [INFO] Got command from the client 'session,2023-02-23_06-29-05,stop,ranging'
ptd-server 2023-02-23 06:40:02,668 [INFO] Sending to ptd: 'Stop'
ptd-server 2023-02-23 06:40:02,668 [INFO] Reply from ptd: 'Stopping untimed measurement'
ptd-server 2023-02-23 06:40:03,172 [INFO] Sending reply to client 'OK'
ptd-server 2023-02-23 06:40:03,245 [INFO] Got command from the client 'time'
ptd-server 2023-02-23 06:40:03,246 [INFO] Sending reply to client '1677134403.245988'
ptd-server 2023-02-23 06:40:03,246 [INFO] Got command from the client 'session,2023-02-23_06-29-05,start,testing'
ptd-server 2023-02-23 06:40:03,247 [INFO] Sending to ptd: 'SR,V,252.130000'
ptd-server 2023-02-23 06:40:04,748 [INFO] Reply from ptd: 'Range V changed'
ptd-server 2023-02-23 06:40:04,748 [INFO] Sending to ptd: 'SR,A,0.056700'
ptd-server 2023-02-23 06:40:06,249 [INFO] Reply from ptd: 'Range A changed'
ptd-server 2023-02-23 06:40:16,259 [INFO] Starting testing mode
ptd-server 2023-02-23 06:40:16,260 [INFO] Sending to ptd: 'Go,1000,0,2023-02-23_06-29-05_testing'
ptd-server 2023-02-23 06:40:16,260 [INFO] Reply from ptd: 'Starting untimed measurement, maximum 500000 samples at 1000ms with 0 rampup samples'
ptd-server 2023-02-23 06:40:16,260 [INFO] Sending reply to client 'OK'
ptd-server 2023-02-23 06:50:34,923 [INFO] Got command from the client 'session,2023-02-23_06-29-05,stop,testing'
ptd-server 2023-02-23 06:50:44,933 [INFO] Sending to ptd: 'Stop'
ptd-server 2023-02-23 06:50:44,934 [INFO] Reply from ptd: 'Stopping untimed measurement'
ptd-server 2023-02-23 06:50:45,196 [INFO] Sending reply to client 'OK'
ptd-server 2023-02-23 06:50:45,204 [INFO] Got command from the client 'session,2023-02-23_06-29-05,done'
ptd-server 2023-02-23 06:50:45,204 [INFO] Sending to ptd: 'Stop'
ptd-server 2023-02-23 06:50:45,261 [INFO] Reply from ptd: 'Error: no measurement to stop'
ptd-server 2023-02-23 06:50:45,261 [INFO] Sending to ptd: 'SR,V,Auto'
ptd-server 2023-02-23 06:50:45,763 [INFO] Reply from ptd: 'Range V changed'
ptd-server 2023-02-23 06:50:45,763 [INFO] Sending to ptd: 'SR,A,Auto'
ptd-server 2023-02-23 06:50:46,266 [INFO] Reply from ptd: 'Range A changed'
ptd-server 2023-02-23 06:50:46,266 [INFO] Set initial values for Amps Auto and Volts Auto
ptd-server 2023-02-23 06:50:46,266 [INFO] Stopping ptd...
