client 2023-03-02 17:41:13,607 [INFO] Sending command to the server: 'mlcommons/power client v3'
client 2023-03-02 17:41:13,608 [INFO] Got response: 'mlcommons/power server v3'
client 2023-03-02 17:41:13,609 [INFO] Sending command to the server: 'stop'
client 2023-03-02 17:41:13,610 [INFO] Got response: 'OK'
client 2023-03-02 17:41:13,610 [INFO] Synchronizing with the server and with ib-01.dc4-in.nvidia.com...
client 2023-03-02 17:41:13,842 [INFO] NTP:offset = 0.009 s, delay = 0.226 s 
client 2023-03-02 17:41:13,842 [INFO] Sending command to the server: 'time'
client 2023-03-02 17:41:13,843 [INFO] Got response: '1677778873.8444092'
client 2023-03-02 17:41:13,843 [INFO] The time difference between the client and the server is within range -2.116 ms..-0.443 ms
client 2023-03-02 17:41:13,844 [INFO] Sending command to the server: 'new,,a39bfff9-2128-4c31-a770-8ee88758b8e1'
client 2023-03-02 17:41:13,845 [INFO] Got response: 'OK 2023-03-02_09-41-13,e9048b76-1add-45a3-bb2d-9d9cde5b136e'
client 2023-03-02 17:41:13,845 [INFO] Session id is '2023-03-02_09-41-13'
client 2023-03-02 17:41:13,846 [INFO] Sources: {"sources": {"__init__.py": "da39a3ee5e6b4b0d3255bfef95601890afd80709", "client.py": "33ca4f26368777ac06e01f9567b714a4b8063886", "lib/__init__.py": "da39a3ee5e6b4b0d3255bfef95601890afd80709", "lib/client.py": "4c2b78fb4849a7e5b584ef792d82aaed20b17f57", "lib/common.py": "624d0c0acc7c39aaff3674f0b99d6a09da53d1dc", "lib/external/__init__.py": "da39a3ee5e6b4b0d3255bfef95601890afd80709", "lib/external/ntplib.py": "4da8f970656505a40483206ef2b5d3dd5e81711d", "lib/server.py": "cda0cdfaee9bfa1249c64a7dd4f89b7bf1b279f0", "lib/source_hashes.py": "60a2e02193209e8d392803326208d5466342da18", "lib/summary.py": "aa92f0a3f975eecd44d3c0cd0236342ccc9f941d", "lib/time_sync.py": "3210db56eb0ff0df57bf4293dc4d4b03fffd46f1", "server.py": "c3f90f2f7eeb4db30727556d0c815ebc89b3d28b", "tests/unit/__init__.py": "da39a3ee5e6b4b0d3255bfef95601890afd80709", "tests/unit/test_server.py": "99ae15aef722f2000ee6ed1ae1523637bf1ae42b", "tests/unit/test_source_hashes.py": "00468a2907583c593e6574a1f6b404e4651c221a"}, "modules": {"ptd_client_server.lib.client": "lib/client.py", "ptd_client_server.lib.common": "lib/common.py", "ptd_client_server.lib.external.ntplib": "lib/external/ntplib.py", "ptd_client_server.lib.source_hashes": "lib/source_hashes.py", "ptd_client_server.lib.summary": "lib/summary.py", "ptd_client_server.lib.time_sync": "lib/time_sync.py"}}
client 2023-03-02 17:41:13,850 [INFO] Running workload in ranging mode
client 2023-03-02 17:41:13,850 [INFO] Synchronizing with the server and with ib-01.dc4-in.nvidia.com...
client 2023-03-02 17:41:14,079 [INFO] NTP:offset = 0.009 s, delay = 0.227 s 
client 2023-03-02 17:41:14,079 [INFO] Sending command to the server: 'time'
client 2023-03-02 17:41:14,081 [INFO] Got response: '1677778874.0819092'
client 2023-03-02 17:41:14,081 [INFO] The time difference between the client and the server is within range -2.055 ms..-0.453 ms
client 2023-03-02 17:41:14,081 [INFO] Sending command to the server: 'session,2023-03-02_09-41-13,start,ranging'
client 2023-03-02 17:41:53,987 [INFO] Got response: 'OK'
client 2023-03-02 17:41:53,987 [INFO] Running the workload 'LOG_DIR=/work/build/power_logs_temp python3 -m code.main --benchmarks=dlrm --scenarios=Server --config_ver=maxq_high_accuracy --test_mode=PerformanceOnly --action="run_harness" \\\n\t\t2>&1 | tee -a /work/build/power_logs/2023.03.02-17.40.51/stdout.txt \\\n\t\t&& if [ ! -d /work/build/power_logs/2023.03.02-17.40.51/ranging_tmp ]; \\\n\t\t\tthen mkdir /work/build/power_logs/2023.03.02-17.40.51/ranging_tmp \\\n\t\t\t\t&& mv /work/build/power_logs_temp/* /work/build/power_logs/2023.03.02-17.40.51/ranging_tmp/ \\\n\t\t\t\t&& cp -v /work/build/power_logs/2023.03.02-17.40.51/ranging_tmp/*/*/*/mlperf_log_detail.txt /work/build/power_logs_temp/ \\\n\t\t\t\t&& cp -v /work/build/power_logs/2023.03.02-17.40.51/ranging_tmp/*/*/*/mlperf_log_summary.txt /work/build/power_logs_temp/; \\\n\t\t\telse mkdir /work/build/power_logs/2023.03.02-17.40.51/testing_tmp \\\n\t\t\t\t&& mv /work/build/power_logs_temp/* /work/build/power_logs/2023.03.02-17.40.51/testing_tmp/ \\\n\t\t\t\t&& cp -v /work/build/power_logs/2023.03.02-17.40.51/testing_tmp/*/*/*/mlperf_log_detail.txt /work/build/power_logs_temp/ \\\n\t\t\t\t&& cp -v /work/build/power_logs/2023.03.02-17.40.51/testing_tmp/*/*/*/mlperf_log_summary.txt /work/build/power_logs_temp/; fi'
client 2023-03-02 18:09:46,700 [INFO] Sending command to the server: 'session,2023-03-02_09-41-13,stop,ranging'
client 2023-03-02 18:09:56,758 [INFO] Got response: 'OK'
client 2023-03-02 18:09:56,847 [INFO] Copying loadgen logs from '/work/build/power_logs_temp' to '/work/build/power_logs/2023.03.02-17.40.51/2023-03-02_09-41-13/ranging'
client 2023-03-02 18:09:56,881 [INFO] Running workload in testing mode
client 2023-03-02 18:09:56,881 [INFO] Synchronizing with the server and with ib-01.dc4-in.nvidia.com...
client 2023-03-02 18:09:57,096 [INFO] NTP:offset = 0.002 s, delay = 0.212 s 
client 2023-03-02 18:09:57,096 [INFO] Sending command to the server: 'time'
client 2023-03-02 18:09:57,098 [INFO] Got response: '1677780597.101114'
client 2023-03-02 18:09:57,098 [INFO] The time difference between the client and the server is within range -4.235 ms..-2.407 ms
client 2023-03-02 18:09:57,098 [INFO] Sending command to the server: 'session,2023-03-02_09-41-13,start,testing'
client 2023-03-02 18:10:18,722 [INFO] Got response: 'OK'
client 2023-03-02 18:10:18,723 [INFO] Running the workload 'LOG_DIR=/work/build/power_logs_temp python3 -m code.main --benchmarks=dlrm --scenarios=Server --config_ver=maxq_high_accuracy --test_mode=PerformanceOnly --action="run_harness" \\\n\t\t2>&1 | tee -a /work/build/power_logs/2023.03.02-17.40.51/stdout.txt \\\n\t\t&& if [ ! -d /work/build/power_logs/2023.03.02-17.40.51/ranging_tmp ]; \\\n\t\t\tthen mkdir /work/build/power_logs/2023.03.02-17.40.51/ranging_tmp \\\n\t\t\t\t&& mv /work/build/power_logs_temp/* /work/build/power_logs/2023.03.02-17.40.51/ranging_tmp/ \\\n\t\t\t\t&& cp -v /work/build/power_logs/2023.03.02-17.40.51/ranging_tmp/*/*/*/mlperf_log_detail.txt /work/build/power_logs_temp/ \\\n\t\t\t\t&& cp -v /work/build/power_logs/2023.03.02-17.40.51/ranging_tmp/*/*/*/mlperf_log_summary.txt /work/build/power_logs_temp/; \\\n\t\t\telse mkdir /work/build/power_logs/2023.03.02-17.40.51/testing_tmp \\\n\t\t\t\t&& mv /work/build/power_logs_temp/* /work/build/power_logs/2023.03.02-17.40.51/testing_tmp/ \\\n\t\t\t\t&& cp -v /work/build/power_logs/2023.03.02-17.40.51/testing_tmp/*/*/*/mlperf_log_detail.txt /work/build/power_logs_temp/ \\\n\t\t\t\t&& cp -v /work/build/power_logs/2023.03.02-17.40.51/testing_tmp/*/*/*/mlperf_log_summary.txt /work/build/power_logs_temp/; fi'
client 2023-03-02 18:39:18,896 [INFO] Sending command to the server: 'session,2023-03-02_09-41-13,stop,testing'
client 2023-03-02 18:39:28,920 [INFO] Got response: 'OK'
client 2023-03-02 18:39:29,042 [INFO] Copying loadgen logs from '/work/build/power_logs_temp' to '/work/build/power_logs/2023.03.02-17.40.51/2023-03-02_09-41-13/run_1'
client 2023-03-02 18:39:29,115 [INFO] Done runs
