ptd-server 2023-02-27 13:32:15,500 [INFO] Got command from the client 'time'
ptd-server 2023-02-27 13:32:15,501 [INFO] Sending reply to client '1677504735.501013'
ptd-server 2023-02-27 13:32:15,504 [INFO] Got command from the client 'new,,90a7d9f0-3e5e-4801-ba75-9ebb95801f20'
ptd-server 2023-02-27 13:32:15,505 [INFO] Sending reply to client 'OK 2023-02-27_13-32-15,607e9c72-2885-448b-a5a4-882bb4f16cd3'
ptd-server 2023-02-27 13:32:15,528 [INFO] Got command from the client 'time'
ptd-server 2023-02-27 13:32:15,529 [INFO] Sending reply to client '1677504735.5289629'
ptd-server 2023-02-27 13:32:15,531 [INFO] Got command from the client 'session,2023-02-27_13-32-15,start,ranging'
ptd-server 2023-02-27 13:32:15,532 [INFO] Running PTDaemon: ['/media/arjun/T7_Touch/hp-envy/CM/repos/local/cache/9b3695ca8255492a/power/inference_v1.0/ptd-linux-x86', '-l', '/tmp/tmpti64566v/ptd_logfile.txt', '-p', '8888', '49', '/dev/usbtmc0']
ptd-server 2023-02-27 13:32:32,632 [INFO] Sending to ptd: 'Hello'
ptd-server 2023-02-27 13:32:32,633 [INFO] Reply from ptd: 'Hello, PTDaemon here!'
ptd-server 2023-02-27 13:32:32,633 [INFO] Sending to ptd: 'Identify'
ptd-server 2023-02-27 13:32:32,634 [INFO] Reply from ptd: 'YokogawaWT310E,1000,1,1,1,1,0,1,1,version=1.10.0-ed9a21d2-20220817,OS=Linux 5.15.0-56-generic #62-Ubuntu SMP Tue Nov 22 19:54:14 UTC 2022 x86_64,mode=power,1,1,1,0,0,no_cal_date,YOKOGAWA;WT310E;C3YD21068E;F1.04'
ptd-server 2023-02-27 13:32:32,634 [INFO] Connected to PTDaemon
ptd-server 2023-02-27 13:32:32,634 [INFO] Sending to ptd: 'RR'
ptd-server 2023-02-27 13:32:32,635 [INFO] Reply from ptd: 'Ranges,0,0.100000,0,600.000000'
ptd-server 2023-02-27 13:32:32,635 [INFO] Initial range for Amps is 0.100000 for Volts is 600.000000
ptd-server 2023-02-27 13:32:32,636 [INFO] Sending to ptd: 'SR,V,Auto'
ptd-server 2023-02-27 13:32:33,139 [INFO] Reply from ptd: 'Range V changed'
ptd-server 2023-02-27 13:32:33,140 [INFO] Sending to ptd: 'SR,A,Auto'
ptd-server 2023-02-27 13:32:33,644 [INFO] Reply from ptd: 'Range A changed'
ptd-server 2023-02-27 13:32:43,655 [INFO] Starting ranging mode
ptd-server 2023-02-27 13:32:43,655 [INFO] Sending to ptd: 'Go,1000,0,2023-02-27_13-32-15_ranging'
ptd-server 2023-02-27 13:32:43,656 [INFO] Reply from ptd: 'Starting untimed measurement, maximum 500000 samples at 1000ms with 0 rampup samples'
ptd-server 2023-02-27 13:32:43,657 [INFO] Sending reply to client 'OK'
ptd-server 2023-02-27 13:45:22,423 [INFO] Got command from the client 'session,2023-02-27_13-32-15,stop,ranging'
ptd-server 2023-02-27 13:45:32,434 [INFO] Sending to ptd: 'Stop'
ptd-server 2023-02-27 13:45:32,435 [INFO] Reply from ptd: 'Stopping untimed measurement'
ptd-server 2023-02-27 13:45:32,692 [INFO] Sending reply to client 'OK'
ptd-server 2023-02-27 13:45:32,734 [INFO] Got command from the client 'time'
ptd-server 2023-02-27 13:45:32,734 [INFO] Sending reply to client '1677505532.7341318'
ptd-server 2023-02-27 13:45:32,738 [INFO] Got command from the client 'session,2023-02-27_13-32-15,start,testing'
ptd-server 2023-02-27 13:45:32,738 [INFO] Sending to ptd: 'SR,V,248.740000'
ptd-server 2023-02-27 13:45:34,241 [INFO] Reply from ptd: 'Range V changed'
ptd-server 2023-02-27 13:45:34,242 [INFO] Sending to ptd: 'SR,A,0.191760'
ptd-server 2023-02-27 13:45:35,744 [INFO] Reply from ptd: 'Range A changed'
ptd-server 2023-02-27 13:45:45,754 [INFO] Starting testing mode
ptd-server 2023-02-27 13:45:45,754 [INFO] Sending to ptd: 'Go,1000,0,2023-02-27_13-32-15_testing'
ptd-server 2023-02-27 13:45:45,755 [INFO] Reply from ptd: 'Starting untimed measurement, maximum 500000 samples at 1000ms with 0 rampup samples'
ptd-server 2023-02-27 13:45:45,756 [INFO] Sending reply to client 'OK'
ptd-server 2023-02-27 13:58:17,390 [INFO] Got command from the client 'session,2023-02-27_13-32-15,stop,testing'
ptd-server 2023-02-27 13:58:27,401 [INFO] Sending to ptd: 'Stop'
ptd-server 2023-02-27 13:58:27,402 [INFO] Reply from ptd: 'Stopping untimed measurement'
ptd-server 2023-02-27 13:58:27,531 [INFO] Sending reply to client 'OK'
ptd-server 2023-02-27 13:58:27,548 [INFO] Got command from the client 'session,2023-02-27_13-32-15,done'
ptd-server 2023-02-27 13:58:27,548 [INFO] Sending to ptd: 'Stop'
ptd-server 2023-02-27 13:58:27,757 [INFO] Reply from ptd: 'Error: no measurement to stop'
ptd-server 2023-02-27 13:58:27,757 [INFO] Sending to ptd: 'SR,V,600.000000'
ptd-server 2023-02-27 13:58:29,261 [INFO] Reply from ptd: 'Range V changed'
ptd-server 2023-02-27 13:58:29,261 [INFO] Sending to ptd: 'SR,A,0.100000'
ptd-server 2023-02-27 13:58:30,765 [INFO] Reply from ptd: 'Range A changed'
ptd-server 2023-02-27 13:58:30,765 [INFO] Set initial values for Amps 0.100000 and Volts 600.000000
ptd-server 2023-02-27 13:58:30,765 [INFO] Stopping ptd...
