ptd-server 2023-02-23 01:44:29,444 [INFO] Got command from the client 'time'
ptd-server 2023-02-23 01:44:29,444 [INFO] Sending reply to client '1677116669.4447815'
ptd-server 2023-02-23 01:44:29,445 [INFO] Got command from the client 'new,,c5a2f011-819f-4494-8f89-6ed3e1312630'
ptd-server 2023-02-23 01:44:29,446 [INFO] Sending reply to client 'OK 2023-02-23_01-44-29,3addf2a7-94e6-4750-85b8-0f7e88ff1acc'
ptd-server 2023-02-23 01:44:29,501 [INFO] Got command from the client 'time'
ptd-server 2023-02-23 01:44:29,501 [INFO] Sending reply to client '1677116669.5012357'
ptd-server 2023-02-23 01:44:29,502 [INFO] Got command from the client 'session,2023-02-23_01-44-29,start,ranging'
ptd-server 2023-02-23 01:44:29,502 [INFO] Running PTDaemon: ['/home/anton/projects/mlperf/power/inference_v1.0/ptd-linux-x86', '-l', '/tmp/tmp4yl1neqp/ptd_logfile.txt', '-p', '8888', '49', '/dev/usbtmc0']
ptd-server 2023-02-23 01:44:46,576 [INFO] Sending to ptd: 'Hello'
ptd-server 2023-02-23 01:44:46,576 [INFO] Reply from ptd: 'Hello, PTDaemon here!'
ptd-server 2023-02-23 01:44:46,576 [INFO] Sending to ptd: 'Identify'
ptd-server 2023-02-23 01:44:46,577 [INFO] Reply from ptd: 'YokogawaWT310E,1000,1,1,1,1,0,1,1,version=1.10.0-ed9a21d2-20220817,OS=Linux 5.15.0-60-generic #66~20.04.1-Ubuntu SMP Wed Jan 25 09:41:30 UTC 2023 x86_64,mode=power,1,1,1,0,0,no_cal_date,YOKOGAWA;WT310E;C3XA04010E;F1.04'
ptd-server 2023-02-23 01:44:46,577 [INFO] Connected to PTDaemon
ptd-server 2023-02-23 01:44:46,577 [INFO] Sending to ptd: 'RR'
ptd-server 2023-02-23 01:44:46,577 [INFO] Reply from ptd: 'Ranges,1,0.100000,1,300.000000'
ptd-server 2023-02-23 01:44:46,578 [INFO] Initial range for Amps is Auto for Volts is Auto
ptd-server 2023-02-23 01:44:46,578 [INFO] Sending to ptd: 'SR,V,Auto'
ptd-server 2023-02-23 01:44:47,080 [INFO] Reply from ptd: 'Range V changed'
ptd-server 2023-02-23 01:44:47,080 [INFO] Sending to ptd: 'SR,A,Auto'
ptd-server 2023-02-23 01:44:47,583 [INFO] Reply from ptd: 'Range A changed'
ptd-server 2023-02-23 01:44:57,593 [INFO] Starting ranging mode
ptd-server 2023-02-23 01:44:57,593 [INFO] Sending to ptd: 'Go,1000,0,2023-02-23_01-44-29_ranging'
ptd-server 2023-02-23 01:44:57,594 [INFO] Reply from ptd: 'Starting untimed measurement, maximum 500000 samples at 1000ms with 0 rampup samples'
ptd-server 2023-02-23 01:44:57,594 [INFO] Sending reply to client 'OK'
ptd-server 2023-02-23 01:55:21,202 [INFO] Got command from the client 'session,2023-02-23_01-44-29,stop,ranging'
ptd-server 2023-02-23 01:55:31,213 [INFO] Sending to ptd: 'Stop'
ptd-server 2023-02-23 01:55:31,213 [INFO] Reply from ptd: 'Stopping untimed measurement'
ptd-server 2023-02-23 01:55:31,694 [INFO] Sending reply to client 'OK'
ptd-server 2023-02-23 01:55:31,777 [INFO] Got command from the client 'time'
ptd-server 2023-02-23 01:55:31,777 [INFO] Sending reply to client '1677117331.7777967'
ptd-server 2023-02-23 01:55:31,778 [INFO] Got command from the client 'session,2023-02-23_01-44-29,start,testing'
ptd-server 2023-02-23 01:55:31,778 [INFO] Sending to ptd: 'SR,V,252.060000'
ptd-server 2023-02-23 01:55:33,280 [INFO] Reply from ptd: 'Range V changed'
ptd-server 2023-02-23 01:55:33,280 [INFO] Sending to ptd: 'SR,A,0.049250'
ptd-server 2023-02-23 01:55:34,781 [INFO] Reply from ptd: 'Range A changed'
ptd-server 2023-02-23 01:55:44,792 [INFO] Starting testing mode
ptd-server 2023-02-23 01:55:44,792 [INFO] Sending to ptd: 'Go,1000,0,2023-02-23_01-44-29_testing'
ptd-server 2023-02-23 01:55:44,792 [INFO] Reply from ptd: 'Starting untimed measurement, maximum 500000 samples at 1000ms with 0 rampup samples'
ptd-server 2023-02-23 01:55:44,792 [INFO] Sending reply to client 'OK'
ptd-server 2023-02-23 02:06:08,399 [INFO] Got command from the client 'session,2023-02-23_01-44-29,stop,testing'
ptd-server 2023-02-23 02:06:18,409 [INFO] Sending to ptd: 'Stop'
ptd-server 2023-02-23 02:06:18,410 [INFO] Reply from ptd: 'Stopping untimed measurement'
ptd-server 2023-02-23 02:06:18,669 [INFO] Sending reply to client 'OK'
ptd-server 2023-02-23 02:06:18,677 [INFO] Got command from the client 'session,2023-02-23_01-44-29,done'
ptd-server 2023-02-23 02:06:18,677 [INFO] Sending to ptd: 'Stop'
ptd-server 2023-02-23 02:06:18,793 [INFO] Reply from ptd: 'Error: no measurement to stop'
ptd-server 2023-02-23 02:06:18,793 [INFO] Sending to ptd: 'SR,V,Auto'
ptd-server 2023-02-23 02:06:19,296 [INFO] Reply from ptd: 'Range V changed'
ptd-server 2023-02-23 02:06:19,296 [INFO] Sending to ptd: 'SR,A,Auto'
ptd-server 2023-02-23 02:06:19,798 [INFO] Reply from ptd: 'Range A changed'
ptd-server 2023-02-23 02:06:19,798 [INFO] Set initial values for Amps Auto and Volts Auto
ptd-server 2023-02-23 02:06:19,799 [INFO] Stopping ptd...
