client 2023-02-12 00:53:14,323 [INFO] Creating output directory '/home/arjun/CM/repos/octoml@ck/cm-mlops/script/run-mlperf-inference-app/valid_results/arjun_orin-tflite_cpp-cpu-armnn_tflite-v22.11-default_config/mobilenet-v1-precision_float-1.0-192/singlestream/performance/tmp_power'
client 2023-02-12 00:53:14,378 [INFO] Sending command to the server: 'mlcommons/power client v3'
client 2023-02-12 00:53:14,381 [INFO] Got response: 'mlcommons/power server v3'
client 2023-02-12 00:53:14,381 [INFO] Synchronizing with the server and with time.google.com...
client 2023-02-12 00:53:14,426 [INFO] NTP:offset = 0.003 s, delay = 0.017 s 
client 2023-02-12 00:53:14,427 [INFO] Sending command to the server: 'time'
client 2023-02-12 00:53:14,430 [INFO] Got response: '1676163194.4321113'
client 2023-02-12 00:53:14,430 [INFO] The time difference between the client and the server is within range -5.122 ms..-1.762 ms
client 2023-02-12 00:53:14,430 [INFO] Sending command to the server: 'new,,c3890abe-3ceb-4ad1-8094-a3e33e73f4ea'
client 2023-02-12 00:53:14,435 [INFO] Got response: 'OK 2023-02-12_00-53-14,a8825294-c563-41d0-b44b-7625c4f2a9e6'
client 2023-02-12 00:53:14,435 [INFO] Session id is '2023-02-12_00-53-14'
client 2023-02-12 00:53:14,435 [INFO] Sources: {"sources": {"__init__.py": "da39a3ee5e6b4b0d3255bfef95601890afd80709", "client.py": "33ca4f26368777ac06e01f9567b714a4b8063886", "lib/__init__.py": "da39a3ee5e6b4b0d3255bfef95601890afd80709", "lib/client.py": "4c2b78fb4849a7e5b584ef792d82aaed20b17f57", "lib/common.py": "624d0c0acc7c39aaff3674f0b99d6a09da53d1dc", "lib/external/__init__.py": "da39a3ee5e6b4b0d3255bfef95601890afd80709", "lib/external/ntplib.py": "4da8f970656505a40483206ef2b5d3dd5e81711d", "lib/server.py": "cda0cdfaee9bfa1249c64a7dd4f89b7bf1b279f0", "lib/source_hashes.py": "60a2e02193209e8d392803326208d5466342da18", "lib/summary.py": "aa92f0a3f975eecd44d3c0cd0236342ccc9f941d", "lib/time_sync.py": "3210db56eb0ff0df57bf4293dc4d4b03fffd46f1", "server.py": "c3f90f2f7eeb4db30727556d0c815ebc89b3d28b", "tests/unit/__init__.py": "da39a3ee5e6b4b0d3255bfef95601890afd80709", "tests/unit/test_server.py": "99ae15aef722f2000ee6ed1ae1523637bf1ae42b", "tests/unit/test_source_hashes.py": "00468a2907583c593e6574a1f6b404e4651c221a"}, "modules": {"ptd_client_server.lib.client": "lib/client.py", "ptd_client_server.lib.common": "lib/common.py", "ptd_client_server.lib.external.ntplib": "lib/external/ntplib.py", "ptd_client_server.lib.source_hashes": "lib/source_hashes.py", "ptd_client_server.lib.summary": "lib/summary.py", "ptd_client_server.lib.time_sync": "lib/time_sync.py"}}
client 2023-02-12 00:53:14,436 [INFO] Running workload in ranging mode
client 2023-02-12 00:53:14,436 [INFO] Synchronizing with the server and with time.google.com...
client 2023-02-12 00:53:14,457 [INFO] NTP:offset = 0.001 s, delay = 0.018 s 
client 2023-02-12 00:53:14,457 [INFO] Sending command to the server: 'time'
client 2023-02-12 00:53:14,460 [INFO] Got response: '1676163194.4625416'
client 2023-02-12 00:53:14,460 [INFO] The time difference between the client and the server is within range -5.307 ms..-1.876 ms
client 2023-02-12 00:53:14,460 [INFO] Sending command to the server: 'session,2023-02-12_00-53-14,start,ranging'
client 2023-02-12 00:53:42,594 [INFO] Got response: 'OK'
client 2023-02-12 00:53:42,594 [INFO] Running the workload '/home/arjun/CM/repos/octoml@ck/cm-mlops/script/run-mlperf-inference-app/run.out'
client 2023-02-12 01:03:44,464 [INFO] Sending command to the server: 'session,2023-02-12_00-53-14,stop,ranging'
client 2023-02-12 01:03:54,516 [INFO] Got response: 'OK'
client 2023-02-12 01:03:54,544 [INFO] Copying loadgen logs from '/home/arjun/CM/repos/octoml@ck/cm-mlops/script/run-mlperf-inference-app/valid_results/arjun_orin-tflite_cpp-cpu-armnn_tflite-v22.11-default_config/mobilenet-v1-precision_float-1.0-192/singlestream/performance/run_1' to '/home/arjun/CM/repos/octoml@ck/cm-mlops/script/run-mlperf-inference-app/valid_results/arjun_orin-tflite_cpp-cpu-armnn_tflite-v22.11-default_config/mobilenet-v1-precision_float-1.0-192/singlestream/performance/tmp_power/ranging'
client 2023-02-12 01:03:54,546 [INFO] Running workload in testing mode
client 2023-02-12 01:03:54,546 [INFO] Synchronizing with the server and with time.google.com...
client 2023-02-12 01:03:54,567 [INFO] NTP:offset = 0.001 s, delay = 0.018 s 
client 2023-02-12 01:03:54,568 [INFO] Sending command to the server: 'time'
client 2023-02-12 01:03:54,570 [INFO] Got response: '1676163834.5710187'
client 2023-02-12 01:03:54,571 [INFO] The time difference between the client and the server is within range -2.778 ms..0.051 ms
client 2023-02-12 01:03:54,571 [INFO] Sending command to the server: 'session,2023-02-12_00-53-14,start,testing'
client 2023-02-12 01:04:07,614 [INFO] Got response: 'OK'
client 2023-02-12 01:04:07,615 [INFO] Running the workload '/home/arjun/CM/repos/octoml@ck/cm-mlops/script/run-mlperf-inference-app/run.out'
client 2023-02-12 01:14:08,196 [INFO] Sending command to the server: 'session,2023-02-12_00-53-14,stop,testing'
client 2023-02-12 01:14:18,326 [INFO] Got response: 'OK'
client 2023-02-12 01:14:18,331 [INFO] Copying loadgen logs from '/home/arjun/CM/repos/octoml@ck/cm-mlops/script/run-mlperf-inference-app/valid_results/arjun_orin-tflite_cpp-cpu-armnn_tflite-v22.11-default_config/mobilenet-v1-precision_float-1.0-192/singlestream/performance/run_1' to '/home/arjun/CM/repos/octoml@ck/cm-mlops/script/run-mlperf-inference-app/valid_results/arjun_orin-tflite_cpp-cpu-armnn_tflite-v22.11-default_config/mobilenet-v1-precision_float-1.0-192/singlestream/performance/tmp_power/run_1'
client 2023-02-12 01:14:18,333 [INFO] Done runs
