ptd-server 2023-02-21 01:07:03,741 [INFO] Got command from the client 'time'
ptd-server 2023-02-21 01:07:03,741 [INFO] Sending reply to client '1676941623.7414834'
ptd-server 2023-02-21 01:07:03,742 [INFO] Got command from the client 'new,,04739020-af59-4dfe-b773-6cd898feab32'
ptd-server 2023-02-21 01:07:03,743 [INFO] Sending reply to client 'OK 2023-02-21_01-07-03,01e7b72f-6575-4cc3-8ba5-bef2b8f60445'
ptd-server 2023-02-21 01:07:03,763 [INFO] Got command from the client 'time'
ptd-server 2023-02-21 01:07:03,763 [INFO] Sending reply to client '1676941623.763929'
ptd-server 2023-02-21 01:07:03,765 [INFO] Got command from the client 'session,2023-02-21_01-07-03,start,ranging'
ptd-server 2023-02-21 01:07:03,765 [INFO] Running PTDaemon: ['/home/anton/projects/mlperf/power/inference_v1.0/ptd-linux-x86', '-l', '/tmp/tmp4yl1neqp/ptd_logfile.txt', '-p', '8888', '49', '/dev/usbtmc0']
ptd-server 2023-02-21 01:07:20,839 [INFO] Sending to ptd: 'Hello'
ptd-server 2023-02-21 01:07:20,840 [INFO] Reply from ptd: 'Hello, PTDaemon here!'
ptd-server 2023-02-21 01:07:20,840 [INFO] Sending to ptd: 'Identify'
ptd-server 2023-02-21 01:07:20,840 [INFO] Reply from ptd: 'YokogawaWT310E,1000,1,1,1,1,0,1,1,version=1.10.0-ed9a21d2-20220817,OS=Linux 5.15.0-60-generic #66~20.04.1-Ubuntu SMP Wed Jan 25 09:41:30 UTC 2023 x86_64,mode=power,1,1,1,0,0,no_cal_date,YOKOGAWA;WT310E;C3XA04010E;F1.04'
ptd-server 2023-02-21 01:07:20,840 [INFO] Connected to PTDaemon
ptd-server 2023-02-21 01:07:20,840 [INFO] Sending to ptd: 'RR'
ptd-server 2023-02-21 01:07:20,841 [INFO] Reply from ptd: 'Ranges,1,0.100000,1,300.000000'
ptd-server 2023-02-21 01:07:20,841 [INFO] Initial range for Amps is Auto for Volts is Auto
ptd-server 2023-02-21 01:07:20,841 [INFO] Sending to ptd: 'SR,V,Auto'
ptd-server 2023-02-21 01:07:21,344 [INFO] Reply from ptd: 'Range V changed'
ptd-server 2023-02-21 01:07:21,344 [INFO] Sending to ptd: 'SR,A,Auto'
ptd-server 2023-02-21 01:07:21,846 [INFO] Reply from ptd: 'Range A changed'
ptd-server 2023-02-21 01:07:31,856 [INFO] Starting ranging mode
ptd-server 2023-02-21 01:07:31,857 [INFO] Sending to ptd: 'Go,1000,0,2023-02-21_01-07-03_ranging'
ptd-server 2023-02-21 01:07:31,857 [INFO] Reply from ptd: 'Starting untimed measurement, maximum 500000 samples at 1000ms with 0 rampup samples'
ptd-server 2023-02-21 01:07:31,857 [INFO] Sending reply to client 'OK'
ptd-server 2023-02-21 01:17:59,364 [INFO] Got command from the client 'session,2023-02-21_01-07-03,stop,ranging'
ptd-server 2023-02-21 01:18:09,375 [INFO] Sending to ptd: 'Stop'
ptd-server 2023-02-21 01:18:09,375 [INFO] Reply from ptd: 'Stopping untimed measurement'
ptd-server 2023-02-21 01:18:09,616 [INFO] Sending reply to client 'OK'
ptd-server 2023-02-21 01:18:09,649 [INFO] Got command from the client 'time'
ptd-server 2023-02-21 01:18:09,649 [INFO] Sending reply to client '1676942289.6493647'
ptd-server 2023-02-21 01:18:09,650 [INFO] Got command from the client 'session,2023-02-21_01-07-03,start,testing'
ptd-server 2023-02-21 01:18:09,650 [INFO] Sending to ptd: 'SR,V,252.530000'
ptd-server 2023-02-21 01:18:11,358 [INFO] Reply from ptd: 'Range V changed'
ptd-server 2023-02-21 01:18:11,358 [INFO] Sending to ptd: 'SR,A,0.071760'
ptd-server 2023-02-21 01:18:12,860 [INFO] Reply from ptd: 'Range A changed'
ptd-server 2023-02-21 01:18:22,870 [INFO] Starting testing mode
ptd-server 2023-02-21 01:18:22,870 [INFO] Sending to ptd: 'Go,1000,0,2023-02-21_01-07-03_testing'
ptd-server 2023-02-21 01:18:22,871 [INFO] Reply from ptd: 'Starting untimed measurement, maximum 500000 samples at 1000ms with 0 rampup samples'
ptd-server 2023-02-21 01:18:22,871 [INFO] Sending reply to client 'OK'
ptd-server 2023-02-21 01:28:49,929 [INFO] Got command from the client 'session,2023-02-21_01-07-03,stop,testing'
ptd-server 2023-02-21 01:28:59,939 [INFO] Sending to ptd: 'Stop'
ptd-server 2023-02-21 01:28:59,940 [INFO] Reply from ptd: 'Stopping untimed measurement'
ptd-server 2023-02-21 01:29:00,072 [INFO] Sending reply to client 'OK'
ptd-server 2023-02-21 01:29:00,080 [INFO] Got command from the client 'session,2023-02-21_01-07-03,done'
ptd-server 2023-02-21 01:29:00,080 [INFO] Sending to ptd: 'Stop'
ptd-server 2023-02-21 01:29:00,871 [INFO] Reply from ptd: 'Error: no measurement to stop'
ptd-server 2023-02-21 01:29:00,871 [INFO] Sending to ptd: 'SR,V,Auto'
ptd-server 2023-02-21 01:29:01,374 [INFO] Reply from ptd: 'Range V changed'
ptd-server 2023-02-21 01:29:01,374 [INFO] Sending to ptd: 'SR,A,Auto'
ptd-server 2023-02-21 01:29:01,877 [INFO] Reply from ptd: 'Range A changed'
ptd-server 2023-02-21 01:29:01,877 [INFO] Set initial values for Amps Auto and Volts Auto
ptd-server 2023-02-21 01:29:01,877 [INFO] Stopping ptd...
