ptd-server 2023-03-02 08:55:21,466 [INFO] Got command from the client 'time'
ptd-server 2023-03-02 08:55:21,466 [INFO] Sending reply to client '1677747321.4662101'
ptd-server 2023-03-02 08:55:21,467 [INFO] Got command from the client 'new,,21f892c8-848a-4a89-9f1e-5c13111867db'
ptd-server 2023-03-02 08:55:21,468 [INFO] Sending reply to client 'OK 2023-03-02_08-55-21,0e75c611-9962-46c0-bbc0-8988d8c2ae2a'
ptd-server 2023-03-02 08:55:21,493 [INFO] Got command from the client 'time'
ptd-server 2023-03-02 08:55:21,493 [INFO] Sending reply to client '1677747321.493254'
ptd-server 2023-03-02 08:55:21,495 [INFO] Got command from the client 'session,2023-03-02_08-55-21,start,ranging'
ptd-server 2023-03-02 08:55:21,496 [INFO] Running PTDaemon: ['/home/anton/projects/mlperf/power/inference_v1.0/ptd-linux-x86', '-l', '/tmp/tmpjo7pgaee/ptd_logfile.txt', '-p', '8888', '49', '/dev/usbtmc0']
ptd-server 2023-03-02 08:55:38,582 [INFO] Sending to ptd: 'Hello'
ptd-server 2023-03-02 08:55:38,583 [INFO] Reply from ptd: 'Hello, PTDaemon here!'
ptd-server 2023-03-02 08:55:38,583 [INFO] Sending to ptd: 'Identify'
ptd-server 2023-03-02 08:55:38,583 [INFO] Reply from ptd: 'YokogawaWT310E,1000,1,1,1,1,0,1,1,version=1.10.0-ed9a21d2-20220817,OS=Linux 5.15.0-60-generic #66~20.04.1-Ubuntu SMP Wed Jan 25 09:41:30 UTC 2023 x86_64,mode=power,1,1,1,0,0,no_cal_date,YOKOGAWA;WT310E;C3XA04010E;F1.04'
ptd-server 2023-03-02 08:55:38,583 [INFO] Connected to PTDaemon
ptd-server 2023-03-02 08:55:38,583 [INFO] Sending to ptd: 'RR'
ptd-server 2023-03-02 08:55:38,584 [INFO] Reply from ptd: 'Ranges,1,0.100000,1,300.000000'
ptd-server 2023-03-02 08:55:38,584 [INFO] Initial range for Amps is Auto for Volts is Auto
ptd-server 2023-03-02 08:55:38,584 [INFO] Sending to ptd: 'SR,V,Auto'
ptd-server 2023-03-02 08:55:39,086 [INFO] Reply from ptd: 'Range V changed'
ptd-server 2023-03-02 08:55:39,087 [INFO] Sending to ptd: 'SR,A,Auto'
ptd-server 2023-03-02 08:55:39,589 [INFO] Reply from ptd: 'Range A changed'
ptd-server 2023-03-02 08:55:49,596 [INFO] Starting ranging mode
ptd-server 2023-03-02 08:55:49,596 [INFO] Sending to ptd: 'Go,1000,0,2023-03-02_08-55-21_ranging'
ptd-server 2023-03-02 08:55:49,596 [INFO] Reply from ptd: 'Starting untimed measurement, maximum 500000 samples at 1000ms with 0 rampup samples'
ptd-server 2023-03-02 08:55:49,597 [INFO] Sending reply to client 'OK'
ptd-server 2023-03-02 09:06:13,602 [INFO] Got command from the client 'session,2023-03-02_08-55-21,stop,ranging'
ptd-server 2023-03-02 09:06:23,612 [INFO] Sending to ptd: 'Stop'
ptd-server 2023-03-02 09:06:23,612 [INFO] Reply from ptd: 'Stopping untimed measurement'
ptd-server 2023-03-02 09:06:23,685 [INFO] Sending reply to client 'OK'
ptd-server 2023-03-02 09:06:23,730 [INFO] Got command from the client 'time'
ptd-server 2023-03-02 09:06:23,731 [INFO] Sending reply to client '1677747983.7311392'
ptd-server 2023-03-02 09:06:23,733 [INFO] Got command from the client 'session,2023-03-02_08-55-21,start,testing'
ptd-server 2023-03-02 09:06:23,733 [INFO] Sending to ptd: 'SR,V,251.400000'
ptd-server 2023-03-02 09:06:26,097 [INFO] Reply from ptd: 'Range V changed'
ptd-server 2023-03-02 09:06:26,097 [INFO] Sending to ptd: 'SR,A,0.079260'
ptd-server 2023-03-02 09:06:27,599 [INFO] Reply from ptd: 'Range A changed'
ptd-server 2023-03-02 09:06:37,609 [INFO] Starting testing mode
ptd-server 2023-03-02 09:06:37,609 [INFO] Sending to ptd: 'Go,1000,0,2023-03-02_08-55-21_testing'
ptd-server 2023-03-02 09:06:37,610 [INFO] Reply from ptd: 'Starting untimed measurement, maximum 500000 samples at 1000ms with 0 rampup samples'
ptd-server 2023-03-02 09:06:37,610 [INFO] Sending reply to client 'OK'
ptd-server 2023-03-02 09:17:01,268 [INFO] Got command from the client 'session,2023-03-02_08-55-21,stop,testing'
ptd-server 2023-03-02 09:17:11,278 [INFO] Sending to ptd: 'Stop'
ptd-server 2023-03-02 09:17:11,279 [INFO] Reply from ptd: 'Stopping untimed measurement'
ptd-server 2023-03-02 09:17:11,315 [INFO] Sending reply to client 'OK'
ptd-server 2023-03-02 09:17:11,337 [INFO] Got command from the client 'session,2023-03-02_08-55-21,done'
ptd-server 2023-03-02 09:17:11,338 [INFO] Sending to ptd: 'Stop'
ptd-server 2023-03-02 09:17:11,611 [INFO] Reply from ptd: 'Error: no measurement to stop'
ptd-server 2023-03-02 09:17:11,611 [INFO] Sending to ptd: 'SR,V,Auto'
ptd-server 2023-03-02 09:17:12,114 [INFO] Reply from ptd: 'Range V changed'
ptd-server 2023-03-02 09:17:12,114 [INFO] Sending to ptd: 'SR,A,Auto'
ptd-server 2023-03-02 09:17:12,616 [INFO] Reply from ptd: 'Range A changed'
ptd-server 2023-03-02 09:17:12,617 [INFO] Set initial values for Amps Auto and Volts Auto
ptd-server 2023-03-02 09:17:12,617 [INFO] Stopping ptd...
