ptd-server 2023-02-26 01:22:14,188 [INFO] Got command from the client 'time'
ptd-server 2023-02-26 01:22:14,188 [INFO] Sending reply to client '1677374534.188572'
ptd-server 2023-02-26 01:22:14,192 [INFO] Got command from the client 'new,,5db16eab-f076-4316-b77d-fc2fd392d3b5'
ptd-server 2023-02-26 01:22:14,193 [INFO] Sending reply to client 'OK 2023-02-26_01-22-14,42e157e5-c0a2-469a-821b-fc18b9aaf75e'
ptd-server 2023-02-26 01:22:14,217 [INFO] Got command from the client 'time'
ptd-server 2023-02-26 01:22:14,217 [INFO] Sending reply to client '1677374534.217346'
ptd-server 2023-02-26 01:22:14,222 [INFO] Got command from the client 'session,2023-02-26_01-22-14,start,ranging'
ptd-server 2023-02-26 01:22:14,222 [INFO] Running PTDaemon: ['/media/arjun/T7_Touch/hp-envy/CM/repos/local/cache/9b3695ca8255492a/power/inference_v1.0/ptd-linux-x86', '-l', '/tmp/tmpti64566v/ptd_logfile.txt', '-p', '8888', '49', '/dev/usbtmc0']
ptd-server 2023-02-26 01:22:31,325 [INFO] Sending to ptd: 'Hello'
ptd-server 2023-02-26 01:22:31,326 [INFO] Reply from ptd: 'Hello, PTDaemon here!'
ptd-server 2023-02-26 01:22:31,326 [INFO] Sending to ptd: 'Identify'
ptd-server 2023-02-26 01:22:31,327 [INFO] Reply from ptd: 'YokogawaWT310E,1000,1,1,1,1,0,1,1,version=1.10.0-ed9a21d2-20220817,OS=Linux 5.15.0-56-generic #62-Ubuntu SMP Tue Nov 22 19:54:14 UTC 2022 x86_64,mode=power,1,1,1,0,0,no_cal_date,YOKOGAWA;WT310E;C3YD21068E;F1.04'
ptd-server 2023-02-26 01:22:31,327 [INFO] Connected to PTDaemon
ptd-server 2023-02-26 01:22:31,328 [INFO] Sending to ptd: 'RR'
ptd-server 2023-02-26 01:22:31,329 [INFO] Reply from ptd: 'Ranges,0,0.100000,0,600.000000'
ptd-server 2023-02-26 01:22:31,329 [INFO] Initial range for Amps is 0.100000 for Volts is 600.000000
ptd-server 2023-02-26 01:22:31,329 [INFO] Sending to ptd: 'SR,V,Auto'
ptd-server 2023-02-26 01:22:31,833 [INFO] Reply from ptd: 'Range V changed'
ptd-server 2023-02-26 01:22:31,834 [INFO] Sending to ptd: 'SR,A,Auto'
ptd-server 2023-02-26 01:22:32,337 [INFO] Reply from ptd: 'Range A changed'
ptd-server 2023-02-26 01:22:42,348 [INFO] Starting ranging mode
ptd-server 2023-02-26 01:22:42,349 [INFO] Sending to ptd: 'Go,1000,0,2023-02-26_01-22-14_ranging'
ptd-server 2023-02-26 01:22:42,350 [INFO] Reply from ptd: 'Starting untimed measurement, maximum 500000 samples at 1000ms with 0 rampup samples'
ptd-server 2023-02-26 01:22:42,350 [INFO] Sending reply to client 'OK'
ptd-server 2023-02-26 01:33:07,427 [INFO] Got command from the client 'session,2023-02-26_01-22-14,stop,ranging'
ptd-server 2023-02-26 01:33:17,438 [INFO] Sending to ptd: 'Stop'
ptd-server 2023-02-26 01:33:17,439 [INFO] Reply from ptd: 'Stopping untimed measurement'
ptd-server 2023-02-26 01:33:17,613 [INFO] Sending reply to client 'OK'
ptd-server 2023-02-26 01:33:17,655 [INFO] Got command from the client 'time'
ptd-server 2023-02-26 01:33:17,655 [INFO] Sending reply to client '1677375197.6558168'
ptd-server 2023-02-26 01:33:17,660 [INFO] Got command from the client 'session,2023-02-26_01-22-14,start,testing'
ptd-server 2023-02-26 01:33:17,660 [INFO] Sending to ptd: 'SR,V,246.080000'
ptd-server 2023-02-26 01:33:19,854 [INFO] Reply from ptd: 'Range V changed'
ptd-server 2023-02-26 01:33:19,854 [INFO] Sending to ptd: 'SR,A,0.201310'
ptd-server 2023-02-26 01:33:21,357 [INFO] Reply from ptd: 'Range A changed'
ptd-server 2023-02-26 01:33:31,368 [INFO] Starting testing mode
ptd-server 2023-02-26 01:33:31,369 [INFO] Sending to ptd: 'Go,1000,0,2023-02-26_01-22-14_testing'
ptd-server 2023-02-26 01:33:31,370 [INFO] Reply from ptd: 'Starting untimed measurement, maximum 500000 samples at 1000ms with 0 rampup samples'
ptd-server 2023-02-26 01:33:31,370 [INFO] Sending reply to client 'OK'
ptd-server 2023-02-26 01:43:53,088 [INFO] Got command from the client 'session,2023-02-26_01-22-14,stop,testing'
ptd-server 2023-02-26 01:44:03,099 [INFO] Sending to ptd: 'Stop'
ptd-server 2023-02-26 01:44:03,100 [INFO] Reply from ptd: 'Stopping untimed measurement'
ptd-server 2023-02-26 01:44:03,189 [INFO] Sending reply to client 'OK'
ptd-server 2023-02-26 01:44:03,205 [INFO] Got command from the client 'session,2023-02-26_01-22-14,done'
ptd-server 2023-02-26 01:44:03,205 [INFO] Sending to ptd: 'Stop'
ptd-server 2023-02-26 01:44:03,371 [INFO] Reply from ptd: 'Error: no measurement to stop'
ptd-server 2023-02-26 01:44:03,371 [INFO] Sending to ptd: 'SR,V,600.000000'
ptd-server 2023-02-26 01:44:04,874 [INFO] Reply from ptd: 'Range V changed'
ptd-server 2023-02-26 01:44:04,874 [INFO] Sending to ptd: 'SR,A,0.100000'
ptd-server 2023-02-26 01:44:06,377 [INFO] Reply from ptd: 'Range A changed'
ptd-server 2023-02-26 01:44:06,377 [INFO] Set initial values for Amps 0.100000 and Volts 600.000000
ptd-server 2023-02-26 01:44:06,378 [INFO] Stopping ptd...
