ptd-server 2023-02-21 21:26:21,112 [INFO] Got command from the client 'time'
ptd-server 2023-02-21 21:26:21,113 [INFO] Sending reply to client '1677014781.1130843'
ptd-server 2023-02-21 21:26:21,114 [INFO] Got command from the client 'new,,71572d65-7214-437d-90b4-e6421edaf9f9'
ptd-server 2023-02-21 21:26:21,114 [INFO] Sending reply to client 'OK 2023-02-21_21-26-21,f0eee001-51f1-4fcd-8124-91444fd7360e'
ptd-server 2023-02-21 21:26:21,248 [INFO] Got command from the client 'time'
ptd-server 2023-02-21 21:26:21,248 [INFO] Sending reply to client '1677014781.2482264'
ptd-server 2023-02-21 21:26:21,249 [INFO] Got command from the client 'session,2023-02-21_21-26-21,start,ranging'
ptd-server 2023-02-21 21:26:21,249 [INFO] Running PTDaemon: ['/home/anton/projects/mlperf/power/inference_v1.0/ptd-linux-x86', '-l', '/tmp/tmp4yl1neqp/ptd_logfile.txt', '-p', '8888', '49', '/dev/usbtmc0']
ptd-server 2023-02-21 21:26:38,322 [INFO] Sending to ptd: 'Hello'
ptd-server 2023-02-21 21:26:38,323 [INFO] Reply from ptd: 'Hello, PTDaemon here!'
ptd-server 2023-02-21 21:26:38,323 [INFO] Sending to ptd: 'Identify'
ptd-server 2023-02-21 21:26:38,323 [INFO] Reply from ptd: 'YokogawaWT310E,1000,1,1,1,1,0,1,1,version=1.10.0-ed9a21d2-20220817,OS=Linux 5.15.0-60-generic #66~20.04.1-Ubuntu SMP Wed Jan 25 09:41:30 UTC 2023 x86_64,mode=power,1,1,1,0,0,no_cal_date,YOKOGAWA;WT310E;C3XA04010E;F1.04'
ptd-server 2023-02-21 21:26:38,323 [INFO] Connected to PTDaemon
ptd-server 2023-02-21 21:26:38,323 [INFO] Sending to ptd: 'RR'
ptd-server 2023-02-21 21:26:38,324 [INFO] Reply from ptd: 'Ranges,1,0.100000,1,300.000000'
ptd-server 2023-02-21 21:26:38,324 [INFO] Initial range for Amps is Auto for Volts is Auto
ptd-server 2023-02-21 21:26:38,324 [INFO] Sending to ptd: 'SR,V,Auto'
ptd-server 2023-02-21 21:26:38,826 [INFO] Reply from ptd: 'Range V changed'
ptd-server 2023-02-21 21:26:38,827 [INFO] Sending to ptd: 'SR,A,Auto'
ptd-server 2023-02-21 21:26:39,329 [INFO] Reply from ptd: 'Range A changed'
ptd-server 2023-02-21 21:26:49,339 [INFO] Starting ranging mode
ptd-server 2023-02-21 21:26:49,340 [INFO] Sending to ptd: 'Go,1000,0,2023-02-21_21-26-21_ranging'
ptd-server 2023-02-21 21:26:49,340 [INFO] Reply from ptd: 'Starting untimed measurement, maximum 500000 samples at 1000ms with 0 rampup samples'
ptd-server 2023-02-21 21:26:49,340 [INFO] Sending reply to client 'OK'
ptd-server 2023-02-21 21:37:20,760 [INFO] Got command from the client 'session,2023-02-21_21-26-21,stop,ranging'
ptd-server 2023-02-21 21:37:30,771 [INFO] Sending to ptd: 'Stop'
ptd-server 2023-02-21 21:37:30,771 [INFO] Reply from ptd: 'Stopping untimed measurement'
ptd-server 2023-02-21 21:37:31,117 [INFO] Sending reply to client 'OK'
ptd-server 2023-02-21 21:37:31,159 [INFO] Got command from the client 'time'
ptd-server 2023-02-21 21:37:31,159 [INFO] Sending reply to client '1677015451.1599398'
ptd-server 2023-02-21 21:37:31,161 [INFO] Got command from the client 'session,2023-02-21_21-26-21,start,testing'
ptd-server 2023-02-21 21:37:31,161 [INFO] Sending to ptd: 'SR,V,253.430000'
ptd-server 2023-02-21 21:37:32,841 [INFO] Reply from ptd: 'Range V changed'
ptd-server 2023-02-21 21:37:32,841 [INFO] Sending to ptd: 'SR,A,0.049830'
ptd-server 2023-02-21 21:37:34,343 [INFO] Reply from ptd: 'Range A changed'
ptd-server 2023-02-21 21:37:44,353 [INFO] Starting testing mode
ptd-server 2023-02-21 21:37:44,353 [INFO] Sending to ptd: 'Go,1000,0,2023-02-21_21-26-21_testing'
ptd-server 2023-02-21 21:37:44,353 [INFO] Reply from ptd: 'Starting untimed measurement, maximum 500000 samples at 1000ms with 0 rampup samples'
ptd-server 2023-02-21 21:37:44,354 [INFO] Sending reply to client 'OK'
ptd-server 2023-02-21 21:48:15,632 [INFO] Got command from the client 'session,2023-02-21_21-26-21,stop,testing'
ptd-server 2023-02-21 21:48:25,643 [INFO] Sending to ptd: 'Stop'
ptd-server 2023-02-21 21:48:25,643 [INFO] Reply from ptd: 'Stopping untimed measurement'
ptd-server 2023-02-21 21:48:25,830 [INFO] Sending reply to client 'OK'
ptd-server 2023-02-21 21:48:25,838 [INFO] Got command from the client 'session,2023-02-21_21-26-21,done'
ptd-server 2023-02-21 21:48:25,838 [INFO] Sending to ptd: 'Stop'
ptd-server 2023-02-21 21:48:26,354 [INFO] Reply from ptd: 'Error: no measurement to stop'
ptd-server 2023-02-21 21:48:26,355 [INFO] Sending to ptd: 'SR,V,Auto'
ptd-server 2023-02-21 21:48:26,857 [INFO] Reply from ptd: 'Range V changed'
ptd-server 2023-02-21 21:48:26,857 [INFO] Sending to ptd: 'SR,A,Auto'
ptd-server 2023-02-21 21:48:27,360 [INFO] Reply from ptd: 'Range A changed'
ptd-server 2023-02-21 21:48:27,360 [INFO] Set initial values for Amps Auto and Volts Auto
ptd-server 2023-02-21 21:48:27,360 [INFO] Stopping ptd...
