ptd-server 2023-03-01 17:08:54,039 [INFO] Got command from the client 'time'
ptd-server 2023-03-01 17:08:54,040 [INFO] Sending reply to client '1677690534.0400105'
ptd-server 2023-03-01 17:08:54,042 [INFO] Got command from the client 'new,,56e94469-7f1c-4ec6-932f-c246801e25ad'
ptd-server 2023-03-01 17:08:54,042 [INFO] Sending reply to client 'OK 2023-03-01_17-08-54,6718fbc1-6f2a-434e-aeb4-5fe85e9ca24a'
ptd-server 2023-03-01 17:08:54,067 [INFO] Got command from the client 'time'
ptd-server 2023-03-01 17:08:54,068 [INFO] Sending reply to client '1677690534.0680294'
ptd-server 2023-03-01 17:08:54,072 [INFO] Got command from the client 'session,2023-03-01_17-08-54,start,ranging'
ptd-server 2023-03-01 17:08:54,072 [INFO] Running PTDaemon: ['/home/anton/projects/mlperf/power/inference_v1.0/ptd-linux-x86', '-l', '/tmp/tmpu4v721n6/ptd_logfile.txt', '-p', '8888', '49', '/dev/usbtmc0']
ptd-server 2023-03-01 17:09:11,160 [INFO] Sending to ptd: 'Hello'
ptd-server 2023-03-01 17:09:11,160 [INFO] Reply from ptd: 'Hello, PTDaemon here!'
ptd-server 2023-03-01 17:09:11,160 [INFO] Sending to ptd: 'Identify'
ptd-server 2023-03-01 17:09:11,161 [INFO] Reply from ptd: 'YokogawaWT310E,1000,1,1,1,1,0,1,1,version=1.10.0-ed9a21d2-20220817,OS=Linux 5.15.0-60-generic #66~20.04.1-Ubuntu SMP Wed Jan 25 09:41:30 UTC 2023 x86_64,mode=power,1,1,1,0,0,no_cal_date,YOKOGAWA;WT310E;C3XA04010E;F1.04'
ptd-server 2023-03-01 17:09:11,161 [INFO] Connected to PTDaemon
ptd-server 2023-03-01 17:09:11,161 [INFO] Sending to ptd: 'RR'
ptd-server 2023-03-01 17:09:11,161 [INFO] Reply from ptd: 'Ranges,0,0.100000,0,300.000000'
ptd-server 2023-03-01 17:09:11,161 [INFO] Initial range for Amps is 0.100000 for Volts is 300.000000
ptd-server 2023-03-01 17:09:11,162 [INFO] Sending to ptd: 'SR,V,Auto'
ptd-server 2023-03-01 17:09:11,664 [INFO] Reply from ptd: 'Range V changed'
ptd-server 2023-03-01 17:09:11,664 [INFO] Sending to ptd: 'SR,A,Auto'
ptd-server 2023-03-01 17:09:12,167 [INFO] Reply from ptd: 'Range A changed'
ptd-server 2023-03-01 17:09:22,176 [INFO] Starting ranging mode
ptd-server 2023-03-01 17:09:22,176 [INFO] Sending to ptd: 'Go,1000,0,2023-03-01_17-08-54_ranging'
ptd-server 2023-03-01 17:09:22,176 [INFO] Reply from ptd: 'Starting untimed measurement, maximum 500000 samples at 1000ms with 0 rampup samples'
ptd-server 2023-03-01 17:09:22,177 [INFO] Sending reply to client 'OK'
ptd-server 2023-03-01 17:19:45,821 [INFO] Got command from the client 'session,2023-03-01_17-08-54,stop,ranging'
ptd-server 2023-03-01 17:19:55,832 [INFO] Sending to ptd: 'Stop'
ptd-server 2023-03-01 17:19:55,832 [INFO] Reply from ptd: 'Stopping untimed measurement'
ptd-server 2023-03-01 17:19:56,459 [INFO] Sending reply to client 'OK'
ptd-server 2023-03-01 17:19:56,553 [INFO] Got command from the client 'time'
ptd-server 2023-03-01 17:19:56,553 [INFO] Sending reply to client '1677691196.5539243'
ptd-server 2023-03-01 17:19:56,560 [INFO] Got command from the client 'session,2023-03-01_17-08-54,start,testing'
ptd-server 2023-03-01 17:19:56,560 [INFO] Sending to ptd: 'SR,V,250.980000'
ptd-server 2023-03-01 17:19:58,061 [INFO] Reply from ptd: 'Range V changed'
ptd-server 2023-03-01 17:19:58,061 [INFO] Sending to ptd: 'SR,A,0.080830'
ptd-server 2023-03-01 17:19:59,563 [INFO] Reply from ptd: 'Range A changed'
ptd-server 2023-03-01 17:20:09,573 [INFO] Starting testing mode
ptd-server 2023-03-01 17:20:09,573 [INFO] Sending to ptd: 'Go,1000,0,2023-03-01_17-08-54_testing'
ptd-server 2023-03-01 17:20:09,574 [INFO] Reply from ptd: 'Starting untimed measurement, maximum 500000 samples at 1000ms with 0 rampup samples'
ptd-server 2023-03-01 17:20:09,574 [INFO] Sending reply to client 'OK'
ptd-server 2023-03-01 17:30:32,898 [INFO] Got command from the client 'session,2023-03-01_17-08-54,stop,testing'
ptd-server 2023-03-01 17:30:42,909 [INFO] Sending to ptd: 'Stop'
ptd-server 2023-03-01 17:30:42,909 [INFO] Reply from ptd: 'Stopping untimed measurement'
ptd-server 2023-03-01 17:30:43,232 [INFO] Sending reply to client 'OK'
ptd-server 2023-03-01 17:30:43,251 [INFO] Got command from the client 'session,2023-03-01_17-08-54,done'
ptd-server 2023-03-01 17:30:43,251 [INFO] Sending to ptd: 'Stop'
ptd-server 2023-03-01 17:30:43,574 [INFO] Reply from ptd: 'Error: no measurement to stop'
ptd-server 2023-03-01 17:30:43,575 [INFO] Sending to ptd: 'SR,V,300.000000'
ptd-server 2023-03-01 17:30:45,076 [INFO] Reply from ptd: 'Range V changed'
ptd-server 2023-03-01 17:30:45,076 [INFO] Sending to ptd: 'SR,A,0.100000'
ptd-server 2023-03-01 17:30:46,577 [INFO] Reply from ptd: 'Range A changed'
ptd-server 2023-03-01 17:30:46,578 [INFO] Set initial values for Amps 0.100000 and Volts 300.000000
ptd-server 2023-03-01 17:30:46,578 [INFO] Stopping ptd...
