client 2023-02-18 16:52:21,012 [INFO] Sending command to the server: 'mlcommons/power client v3'
client 2023-02-18 16:52:21,016 [INFO] Got response: 'mlcommons/power server v3'
client 2023-02-18 16:52:21,017 [INFO] Sending command to the server: 'stop'
client 2023-02-18 16:52:21,020 [INFO] Got response: 'OK'
client 2023-02-18 16:52:21,021 [INFO] Synchronizing with the server and with ib-01.dc4-in.nvidia.com...
client 2023-02-18 16:52:21,295 [INFO] NTP:offset = -0.003 s, delay = 0.216 s 
client 2023-02-18 16:52:21,296 [INFO] Sending command to the server: 'time'
client 2023-02-18 16:52:21,299 [INFO] Got response: '1676739141.2978876'
client 2023-02-18 16:52:21,300 [INFO] The time difference between the client and the server is within range -1.354 ms..2.844 ms
client 2023-02-18 16:52:21,302 [INFO] Sending command to the server: 'new,,29efbb3c-d27b-489f-903b-9a42decb9808'
client 2023-02-18 16:52:21,305 [INFO] Got response: 'OK 2023-02-18_08-52-21,e659fd4f-a913-4495-8e0a-8efd764ca948'
client 2023-02-18 16:52:21,306 [INFO] Session id is '2023-02-18_08-52-21'
client 2023-02-18 16:52:21,307 [INFO] Sources: {"sources": {"__init__.py": "da39a3ee5e6b4b0d3255bfef95601890afd80709", "client.py": "33ca4f26368777ac06e01f9567b714a4b8063886", "lib/__init__.py": "da39a3ee5e6b4b0d3255bfef95601890afd80709", "lib/client.py": "4c2b78fb4849a7e5b584ef792d82aaed20b17f57", "lib/common.py": "624d0c0acc7c39aaff3674f0b99d6a09da53d1dc", "lib/external/__init__.py": "da39a3ee5e6b4b0d3255bfef95601890afd80709", "lib/external/ntplib.py": "4da8f970656505a40483206ef2b5d3dd5e81711d", "lib/server.py": "cda0cdfaee9bfa1249c64a7dd4f89b7bf1b279f0", "lib/source_hashes.py": "60a2e02193209e8d392803326208d5466342da18", "lib/summary.py": "aa92f0a3f975eecd44d3c0cd0236342ccc9f941d", "lib/time_sync.py": "3210db56eb0ff0df57bf4293dc4d4b03fffd46f1", "server.py": "c3f90f2f7eeb4db30727556d0c815ebc89b3d28b", "tests/unit/__init__.py": "da39a3ee5e6b4b0d3255bfef95601890afd80709", "tests/unit/test_server.py": "99ae15aef722f2000ee6ed1ae1523637bf1ae42b", "tests/unit/test_source_hashes.py": "00468a2907583c593e6574a1f6b404e4651c221a"}, "modules": {"ptd_client_server.lib.client": "lib/client.py", "ptd_client_server.lib.common": "lib/common.py", "ptd_client_server.lib.external.ntplib": "lib/external/ntplib.py", "ptd_client_server.lib.source_hashes": "lib/source_hashes.py", "ptd_client_server.lib.summary": "lib/summary.py", "ptd_client_server.lib.time_sync": "lib/time_sync.py"}}
client 2023-02-18 16:52:21,315 [INFO] Running workload in ranging mode
client 2023-02-18 16:52:21,316 [INFO] Synchronizing with the server and with ib-01.dc4-in.nvidia.com...
client 2023-02-18 16:52:21,548 [INFO] NTP:offset = -0.004 s, delay = 0.216 s 
client 2023-02-18 16:52:21,550 [INFO] Sending command to the server: 'time'
client 2023-02-18 16:52:21,553 [INFO] Got response: '1676739141.5512147'
client 2023-02-18 16:52:21,554 [INFO] The time difference between the client and the server is within range -1.326 ms..3.096 ms
client 2023-02-18 16:52:21,555 [INFO] Sending command to the server: 'session,2023-02-18_08-52-21,start,ranging'
client 2023-02-18 16:52:49,760 [INFO] Got response: 'OK'
client 2023-02-18 16:52:49,761 [INFO] Running the workload 'LOG_DIR=/work/build/power_logs_temp python3 -m code.main --benchmarks=resnet50 --scenarios=Offline --test_mode=PerformanceOnly --config_ver=maxq --action="run_harness" \\\n\t\t2>&1 | tee -a /work/build/power_logs/2023.02.18-16.51.13/stdout.txt \\\n\t\t&& if [ ! -d /work/build/power_logs/2023.02.18-16.51.13/ranging_tmp ]; \\\n\t\t\tthen mkdir /work/build/power_logs/2023.02.18-16.51.13/ranging_tmp \\\n\t\t\t\t&& mv /work/build/power_logs_temp/* /work/build/power_logs/2023.02.18-16.51.13/ranging_tmp/ \\\n\t\t\t\t&& cp -v /work/build/power_logs/2023.02.18-16.51.13/ranging_tmp/*/*/*/mlperf_log_detail.txt /work/build/power_logs_temp/ \\\n\t\t\t\t&& cp -v /work/build/power_logs/2023.02.18-16.51.13/ranging_tmp/*/*/*/mlperf_log_summary.txt /work/build/power_logs_temp/; \\\n\t\t\telse mkdir /work/build/power_logs/2023.02.18-16.51.13/testing_tmp \\\n\t\t\t\t&& mv /work/build/power_logs_temp/* /work/build/power_logs/2023.02.18-16.51.13/testing_tmp/ \\\n\t\t\t\t&& cp -v /work/build/power_logs/2023.02.18-16.51.13/testing_tmp/*/*/*/mlperf_log_detail.txt /work/build/power_logs_temp/ \\\n\t\t\t\t&& cp -v /work/build/power_logs/2023.02.18-16.51.13/testing_tmp/*/*/*/mlperf_log_summary.txt /work/build/power_logs_temp/; fi'
client 2023-02-18 17:05:00,024 [INFO] Sending command to the server: 'session,2023-02-18_08-52-21,stop,ranging'
client 2023-02-18 17:05:10,056 [INFO] Got response: 'OK'
client 2023-02-18 17:05:10,143 [INFO] Copying loadgen logs from '/work/build/power_logs_temp' to '/work/build/power_logs/2023.02.18-16.51.13/2023-02-18_08-52-21/ranging'
client 2023-02-18 17:05:10,199 [INFO] Running workload in testing mode
client 2023-02-18 17:05:10,200 [INFO] Synchronizing with the server and with ib-01.dc4-in.nvidia.com...
client 2023-02-18 17:05:10,437 [INFO] NTP:offset = -0.002 s, delay = 0.217 s 
client 2023-02-18 17:05:10,438 [INFO] Sending command to the server: 'time'
client 2023-02-18 17:05:10,443 [INFO] Got response: '1676739910.4404933'
client 2023-02-18 17:05:10,444 [INFO] The time difference between the client and the server is within range -1.957 ms..4.146 ms
client 2023-02-18 17:05:10,445 [INFO] Sending command to the server: 'session,2023-02-18_08-52-21,start,testing'
client 2023-02-18 17:05:23,783 [INFO] Got response: 'OK'
client 2023-02-18 17:05:23,784 [INFO] Running the workload 'LOG_DIR=/work/build/power_logs_temp python3 -m code.main --benchmarks=resnet50 --scenarios=Offline --test_mode=PerformanceOnly --config_ver=maxq --action="run_harness" \\\n\t\t2>&1 | tee -a /work/build/power_logs/2023.02.18-16.51.13/stdout.txt \\\n\t\t&& if [ ! -d /work/build/power_logs/2023.02.18-16.51.13/ranging_tmp ]; \\\n\t\t\tthen mkdir /work/build/power_logs/2023.02.18-16.51.13/ranging_tmp \\\n\t\t\t\t&& mv /work/build/power_logs_temp/* /work/build/power_logs/2023.02.18-16.51.13/ranging_tmp/ \\\n\t\t\t\t&& cp -v /work/build/power_logs/2023.02.18-16.51.13/ranging_tmp/*/*/*/mlperf_log_detail.txt /work/build/power_logs_temp/ \\\n\t\t\t\t&& cp -v /work/build/power_logs/2023.02.18-16.51.13/ranging_tmp/*/*/*/mlperf_log_summary.txt /work/build/power_logs_temp/; \\\n\t\t\telse mkdir /work/build/power_logs/2023.02.18-16.51.13/testing_tmp \\\n\t\t\t\t&& mv /work/build/power_logs_temp/* /work/build/power_logs/2023.02.18-16.51.13/testing_tmp/ \\\n\t\t\t\t&& cp -v /work/build/power_logs/2023.02.18-16.51.13/testing_tmp/*/*/*/mlperf_log_detail.txt /work/build/power_logs_temp/ \\\n\t\t\t\t&& cp -v /work/build/power_logs/2023.02.18-16.51.13/testing_tmp/*/*/*/mlperf_log_summary.txt /work/build/power_logs_temp/; fi'
client 2023-02-18 17:17:13,708 [INFO] Sending command to the server: 'session,2023-02-18_08-52-21,stop,testing'
client 2023-02-18 17:17:23,729 [INFO] Got response: 'OK'
client 2023-02-18 17:17:23,752 [INFO] Copying loadgen logs from '/work/build/power_logs_temp' to '/work/build/power_logs/2023.02.18-16.51.13/2023-02-18_08-52-21/run_1'
client 2023-02-18 17:17:23,782 [INFO] Done runs
