ptd-server 2023-02-18 08:52:21,018 [INFO] Got command from the client 'stop'
ptd-server 2023-02-18 08:52:21,018 [INFO] The server will be stopped after processing this client
ptd-server 2023-02-18 08:52:21,018 [INFO] Sending reply to client 'OK'
ptd-server 2023-02-18 08:52:21,297 [INFO] Got command from the client 'time'
ptd-server 2023-02-18 08:52:21,297 [INFO] Sending reply to client '1676739141.2978876'
ptd-server 2023-02-18 08:52:21,302 [INFO] Got command from the client 'new,,29efbb3c-d27b-489f-903b-9a42decb9808'
ptd-server 2023-02-18 08:52:21,303 [INFO] Sending reply to client 'OK 2023-02-18_08-52-21,e659fd4f-a913-4495-8e0a-8efd764ca948'
ptd-server 2023-02-18 08:52:21,551 [INFO] Got command from the client 'time'
ptd-server 2023-02-18 08:52:21,551 [INFO] Sending reply to client '1676739141.5512147'
ptd-server 2023-02-18 08:52:21,555 [INFO] Got command from the client 'session,2023-02-18_08-52-21,start,ranging'
ptd-server 2023-02-18 08:52:21,556 [INFO] Running PTDaemon: ['/usr/bin/ptd-linux-x86', '-l', '/tmp/tmpk0q6bxav/ptd_logfile.txt', '-p', '8888', '-c', '1', '-y', '52', '10.116.21.204']
ptd-server 2023-02-18 08:52:38,730 [INFO] Sending to ptd: 'Hello'
ptd-server 2023-02-18 08:52:38,731 [INFO] Reply from ptd: 'Hello, PTDaemon here!'
ptd-server 2023-02-18 08:52:38,731 [INFO] Sending to ptd: 'Identify'
ptd-server 2023-02-18 08:52:38,731 [INFO] Reply from ptd: 'YokogawaWT330E,1000,1,1,1,1,0,0,1,version=1.10.0-ed9a21d2-20220817,OS=Linux 5.15.0-60-generic #66~20.04.1-Ubuntu SMP Wed Jan 25 09:41:30 UTC 2023 x86_64,mode=power,1,1,1,0,0,no_cal_date,YOKOGAWA;WT333E;C2VL22012V;F1.04'
ptd-server 2023-02-18 08:52:38,731 [INFO] Connected to PTDaemon
ptd-server 2023-02-18 08:52:38,731 [INFO] Sending to ptd: 'RR'
ptd-server 2023-02-18 08:52:38,731 [INFO] Reply from ptd: 'Ranges,1,0.500000,1,300.000000'
ptd-server 2023-02-18 08:52:38,732 [INFO] Initial range for Amps is Auto for Volts is Auto
ptd-server 2023-02-18 08:52:38,732 [INFO] Sending to ptd: 'SR,V,Auto'
ptd-server 2023-02-18 08:52:39,238 [INFO] Reply from ptd: 'Range V changed'
ptd-server 2023-02-18 08:52:39,238 [INFO] Sending to ptd: 'SR,A,Auto'
ptd-server 2023-02-18 08:52:39,745 [INFO] Reply from ptd: 'Range A changed'
ptd-server 2023-02-18 08:52:49,755 [INFO] Starting ranging mode
ptd-server 2023-02-18 08:52:49,755 [INFO] Sending to ptd: 'Go,1000,0,2023-02-18_08-52-21_ranging'
ptd-server 2023-02-18 08:52:49,756 [INFO] Reply from ptd: 'Starting untimed measurement, maximum 500000 samples at 1000ms with 0 rampup samples'
ptd-server 2023-02-18 08:52:49,756 [INFO] Sending reply to client 'OK'
ptd-server 2023-02-18 09:05:00,027 [INFO] Got command from the client 'session,2023-02-18_08-52-21,stop,ranging'
ptd-server 2023-02-18 09:05:10,037 [INFO] Sending to ptd: 'Stop'
ptd-server 2023-02-18 09:05:10,038 [INFO] Reply from ptd: 'Stopping untimed measurement'
ptd-server 2023-02-18 09:05:10,052 [INFO] Sending reply to client 'OK'
ptd-server 2023-02-18 09:05:10,440 [INFO] Got command from the client 'time'
ptd-server 2023-02-18 09:05:10,440 [INFO] Sending reply to client '1676739910.4404933'
ptd-server 2023-02-18 09:05:10,447 [INFO] Got command from the client 'session,2023-02-18_08-52-21,start,testing'
ptd-server 2023-02-18 09:05:10,447 [INFO] Sending to ptd: 'SR,V,207.090000'
ptd-server 2023-02-18 09:05:12,262 [INFO] Reply from ptd: 'Range V changed'
ptd-server 2023-02-18 09:05:12,263 [INFO] Sending to ptd: 'SR,A,0.384200'
ptd-server 2023-02-18 09:05:13,769 [INFO] Reply from ptd: 'Range A changed'
ptd-server 2023-02-18 09:05:23,779 [INFO] Starting testing mode
ptd-server 2023-02-18 09:05:23,779 [INFO] Sending to ptd: 'Go,1000,0,2023-02-18_08-52-21_testing'
ptd-server 2023-02-18 09:05:23,780 [INFO] Reply from ptd: 'Starting untimed measurement, maximum 500000 samples at 1000ms with 0 rampup samples'
ptd-server 2023-02-18 09:05:23,780 [INFO] Sending reply to client 'OK'
ptd-server 2023-02-18 09:17:13,714 [INFO] Got command from the client 'session,2023-02-18_08-52-21,stop,testing'
ptd-server 2023-02-18 09:17:23,724 [INFO] Sending to ptd: 'Stop'
ptd-server 2023-02-18 09:17:23,725 [INFO] Reply from ptd: 'Stopping untimed measurement'
ptd-server 2023-02-18 09:17:23,729 [INFO] Sending reply to client 'OK'
ptd-server 2023-02-18 09:17:23,851 [INFO] Got command from the client 'session,2023-02-18_08-52-21,done'
ptd-server 2023-02-18 09:17:23,851 [INFO] Sending to ptd: 'Stop'
ptd-server 2023-02-18 09:17:23,851 [INFO] Reply from ptd: 'Error: no measurement to stop'
ptd-server 2023-02-18 09:17:23,852 [INFO] Sending to ptd: 'SR,V,Auto'
ptd-server 2023-02-18 09:17:24,359 [INFO] Reply from ptd: 'Range V changed'
ptd-server 2023-02-18 09:17:24,360 [INFO] Sending to ptd: 'SR,A,Auto'
ptd-server 2023-02-18 09:17:24,866 [INFO] Reply from ptd: 'Range A changed'
ptd-server 2023-02-18 09:17:24,867 [INFO] Set initial values for Amps Auto and Volts Auto
ptd-server 2023-02-18 09:17:24,867 [INFO] Stopping ptd...
