ptd-server 2023-03-01 12:24:52,588 [INFO] Got command from the client 'time'
ptd-server 2023-03-01 12:24:52,588 [INFO] Sending reply to client '1677695092.5885594'
ptd-server 2023-03-01 12:24:52,589 [INFO] Got command from the client 'new,,3162695f-5ab3-4590-8710-d15ffc91d177'
ptd-server 2023-03-01 12:24:52,590 [INFO] Sending reply to client 'OK 2023-03-01_12-24-52,88cd670b-37a4-41c6-8cdd-b5e94744ab4e'
ptd-server 2023-03-01 12:24:52,672 [INFO] Got command from the client 'time'
ptd-server 2023-03-01 12:24:52,672 [INFO] Sending reply to client '1677695092.6728926'
ptd-server 2023-03-01 12:24:52,674 [INFO] Got command from the client 'session,2023-03-01_12-24-52,start,ranging'
ptd-server 2023-03-01 12:24:52,674 [INFO] Running PTDaemon: ['/local/mnt/workspace/mlcommons/power-main/inference_v1.0/ptd-linux-x86', '-l', '/tmp/tmp1xnxlcf3/ptd_logfile.txt', '-p', '8888', '-c', '2', '52', '/dev/usbtmc0']
ptd-server 2023-03-01 12:25:09,698 [INFO] Sending to ptd: 'Hello'
ptd-server 2023-03-01 12:25:09,699 [INFO] Reply from ptd: 'Hello, PTDaemon here!'
ptd-server 2023-03-01 12:25:09,700 [INFO] Sending to ptd: 'Identify'
ptd-server 2023-03-01 12:25:09,700 [INFO] Reply from ptd: 'YokogawaWT330E,1000,1,1,1,1,0,0,1,version=1.10.0-ed9a21d2-20220817,OS=Linux 5.4.0-120-generic #136~18.04.1-Ubuntu SMP Fri Jun 10 18:00:44 UTC 2022 x86_64,mode=power,1,1,1,0,0,no_cal_date,YOKOGAWA;WT333E;C2XC17005V;F1.04'
ptd-server 2023-03-01 12:25:09,700 [INFO] Connected to PTDaemon
ptd-server 2023-03-01 12:25:09,700 [INFO] Sending to ptd: 'RR'
ptd-server 2023-03-01 12:25:09,701 [INFO] Reply from ptd: 'Ranges,0,10.000000,0,150.000000'
ptd-server 2023-03-01 12:25:09,701 [INFO] Initial range for Amps is 10.000000 for Volts is 150.000000
ptd-server 2023-03-01 12:25:09,701 [INFO] Sending to ptd: 'SR,V,Auto'
ptd-server 2023-03-01 12:25:10,205 [INFO] Reply from ptd: 'Range V changed'
ptd-server 2023-03-01 12:25:10,205 [INFO] Sending to ptd: 'SR,A,Auto'
ptd-server 2023-03-01 12:25:10,708 [INFO] Reply from ptd: 'Range A changed'
ptd-server 2023-03-01 12:25:20,712 [INFO] Starting ranging mode
ptd-server 2023-03-01 12:25:20,713 [INFO] Sending to ptd: 'Go,1000,0,2023-03-01_12-24-52_ranging'
ptd-server 2023-03-01 12:25:20,713 [INFO] Reply from ptd: 'Starting untimed measurement, maximum 500000 samples at 1000ms with 0 rampup samples'
ptd-server 2023-03-01 12:25:20,714 [INFO] Sending reply to client 'OK'
ptd-server 2023-03-01 12:37:41,144 [INFO] Got command from the client 'session,2023-03-01_12-24-52,stop,ranging'
ptd-server 2023-03-01 12:37:51,155 [INFO] Sending to ptd: 'Stop'
ptd-server 2023-03-01 12:37:51,155 [INFO] Reply from ptd: 'Stopping untimed measurement'
ptd-server 2023-03-01 12:37:51,176 [INFO] Sending reply to client 'OK'
ptd-server 2023-03-01 12:37:51,267 [INFO] Got command from the client 'time'
ptd-server 2023-03-01 12:37:51,267 [INFO] Sending reply to client '1677695871.267624'
ptd-server 2023-03-01 12:37:51,268 [INFO] Got command from the client 'session,2023-03-01_12-24-52,start,testing'
ptd-server 2023-03-01 12:37:51,269 [INFO] Sending to ptd: 'SR,V,119.350000'
ptd-server 2023-03-01 12:37:53,215 [INFO] Reply from ptd: 'Range V changed'
ptd-server 2023-03-01 12:37:53,216 [INFO] Sending to ptd: 'SR,A,0.989400'
ptd-server 2023-03-01 12:37:54,718 [INFO] Reply from ptd: 'Range A changed'
ptd-server 2023-03-01 12:38:04,728 [INFO] Starting testing mode
ptd-server 2023-03-01 12:38:04,729 [INFO] Sending to ptd: 'Go,1000,0,2023-03-01_12-24-52_testing'
ptd-server 2023-03-01 12:38:04,729 [INFO] Reply from ptd: 'Starting untimed measurement, maximum 500000 samples at 1000ms with 0 rampup samples'
ptd-server 2023-03-01 12:38:04,730 [INFO] Sending reply to client 'OK'
ptd-server 2023-03-01 12:50:24,725 [INFO] Got command from the client 'session,2023-03-01_12-24-52,stop,testing'
ptd-server 2023-03-01 12:50:34,729 [INFO] Sending to ptd: 'Stop'
ptd-server 2023-03-01 12:50:34,730 [INFO] Reply from ptd: 'Stopping untimed measurement'
ptd-server 2023-03-01 12:50:34,741 [INFO] Sending reply to client 'OK'
ptd-server 2023-03-01 12:50:34,751 [INFO] Got command from the client 'session,2023-03-01_12-24-52,done'
ptd-server 2023-03-01 12:50:34,751 [INFO] Sending to ptd: 'Stop'
ptd-server 2023-03-01 12:50:35,730 [INFO] Reply from ptd: 'Error: no measurement to stop'
ptd-server 2023-03-01 12:50:35,730 [INFO] Sending to ptd: 'SR,V,150.000000'
ptd-server 2023-03-01 12:50:37,232 [INFO] Reply from ptd: 'Range V changed'
ptd-server 2023-03-01 12:50:37,233 [INFO] Sending to ptd: 'SR,A,10.000000'
ptd-server 2023-03-01 12:50:38,735 [INFO] Reply from ptd: 'Range A changed'
ptd-server 2023-03-01 12:50:38,735 [INFO] Set initial values for Amps 10.000000 and Volts 150.000000
ptd-server 2023-03-01 12:50:38,736 [INFO] Stopping ptd...
