ptd-server 2023-02-27 00:08:49,330 [INFO] Got command from the client 'time'
ptd-server 2023-02-27 00:08:49,330 [INFO] Sending reply to client '1677456529.3304515'
ptd-server 2023-02-27 00:08:49,335 [INFO] Got command from the client 'new,,3b55a91c-42fa-4681-ac52-0632426201b8'
ptd-server 2023-02-27 00:08:49,335 [INFO] Sending reply to client 'OK 2023-02-27_00-08-49,d31aa7ba-7eb8-434d-bdb5-dc24c991f75b'
ptd-server 2023-02-27 00:08:49,369 [INFO] Got command from the client 'time'
ptd-server 2023-02-27 00:08:49,369 [INFO] Sending reply to client '1677456529.3699515'
ptd-server 2023-02-27 00:08:49,372 [INFO] Got command from the client 'session,2023-02-27_00-08-49,start,ranging'
ptd-server 2023-02-27 00:08:49,372 [INFO] Running PTDaemon: ['/home/anton/projects/mlperf/power/inference_v1.0/ptd-linux-x86', '-l', '/tmp/tmpu4v721n6/ptd_logfile.txt', '-p', '8888', '49', '/dev/usbtmc0']
ptd-server 2023-02-27 00:09:06,460 [INFO] Sending to ptd: 'Hello'
ptd-server 2023-02-27 00:09:06,460 [INFO] Reply from ptd: 'Hello, PTDaemon here!'
ptd-server 2023-02-27 00:09:06,460 [INFO] Sending to ptd: 'Identify'
ptd-server 2023-02-27 00:09:06,461 [INFO] Reply from ptd: 'YokogawaWT310E,1000,1,1,1,1,0,1,1,version=1.10.0-ed9a21d2-20220817,OS=Linux 5.15.0-60-generic #66~20.04.1-Ubuntu SMP Wed Jan 25 09:41:30 UTC 2023 x86_64,mode=power,1,1,1,0,0,no_cal_date,YOKOGAWA;WT310E;C3XA04010E;F1.04'
ptd-server 2023-02-27 00:09:06,461 [INFO] Connected to PTDaemon
ptd-server 2023-02-27 00:09:06,461 [INFO] Sending to ptd: 'RR'
ptd-server 2023-02-27 00:09:06,461 [INFO] Reply from ptd: 'Ranges,0,0.100000,0,300.000000'
ptd-server 2023-02-27 00:09:06,461 [INFO] Initial range for Amps is 0.100000 for Volts is 300.000000
ptd-server 2023-02-27 00:09:06,461 [INFO] Sending to ptd: 'SR,V,Auto'
ptd-server 2023-02-27 00:09:06,964 [INFO] Reply from ptd: 'Range V changed'
ptd-server 2023-02-27 00:09:06,964 [INFO] Sending to ptd: 'SR,A,Auto'
ptd-server 2023-02-27 00:09:07,466 [INFO] Reply from ptd: 'Range A changed'
ptd-server 2023-02-27 00:09:17,477 [INFO] Starting ranging mode
ptd-server 2023-02-27 00:09:17,477 [INFO] Sending to ptd: 'Go,1000,0,2023-02-27_00-08-49_ranging'
ptd-server 2023-02-27 00:09:17,477 [INFO] Reply from ptd: 'Starting untimed measurement, maximum 500000 samples at 1000ms with 0 rampup samples'
ptd-server 2023-02-27 00:09:17,478 [INFO] Sending reply to client 'OK'
ptd-server 2023-02-27 00:19:38,886 [INFO] Got command from the client 'session,2023-02-27_00-08-49,stop,ranging'
ptd-server 2023-02-27 00:19:48,896 [INFO] Sending to ptd: 'Stop'
ptd-server 2023-02-27 00:19:48,896 [INFO] Reply from ptd: 'Stopping untimed measurement'
ptd-server 2023-02-27 00:19:49,168 [INFO] Sending reply to client 'OK'
ptd-server 2023-02-27 00:19:49,308 [INFO] Got command from the client 'time'
ptd-server 2023-02-27 00:19:49,308 [INFO] Sending reply to client '1677457189.3083541'
ptd-server 2023-02-27 00:19:49,311 [INFO] Got command from the client 'session,2023-02-27_00-08-49,start,testing'
ptd-server 2023-02-27 00:19:49,311 [INFO] Sending to ptd: 'SR,V,251.040000'
ptd-server 2023-02-27 00:19:50,980 [INFO] Reply from ptd: 'Range V changed'
ptd-server 2023-02-27 00:19:50,980 [INFO] Sending to ptd: 'SR,A,0.054910'
ptd-server 2023-02-27 00:19:52,481 [INFO] Reply from ptd: 'Range A changed'
ptd-server 2023-02-27 00:20:02,488 [INFO] Starting testing mode
ptd-server 2023-02-27 00:20:02,488 [INFO] Sending to ptd: 'Go,1000,0,2023-02-27_00-08-49_testing'
ptd-server 2023-02-27 00:20:02,488 [INFO] Reply from ptd: 'Starting untimed measurement, maximum 500000 samples at 1000ms with 0 rampup samples'
ptd-server 2023-02-27 00:20:02,489 [INFO] Sending reply to client 'OK'
ptd-server 2023-02-27 00:30:19,436 [INFO] Got command from the client 'session,2023-02-27_00-08-49,stop,testing'
ptd-server 2023-02-27 00:30:29,447 [INFO] Sending to ptd: 'Stop'
ptd-server 2023-02-27 00:30:29,447 [INFO] Reply from ptd: 'Stopping untimed measurement'
ptd-server 2023-02-27 00:30:29,585 [INFO] Sending reply to client 'OK'
ptd-server 2023-02-27 00:30:29,601 [INFO] Got command from the client 'session,2023-02-27_00-08-49,done'
ptd-server 2023-02-27 00:30:29,601 [INFO] Sending to ptd: 'Stop'
ptd-server 2023-02-27 00:30:29,602 [INFO] Reply from ptd: 'Error: no measurement to stop'
ptd-server 2023-02-27 00:30:29,602 [INFO] Sending to ptd: 'SR,V,300.000000'
ptd-server 2023-02-27 00:30:31,103 [INFO] Reply from ptd: 'Range V changed'
ptd-server 2023-02-27 00:30:31,103 [INFO] Sending to ptd: 'SR,A,0.100000'
ptd-server 2023-02-27 00:30:32,605 [INFO] Reply from ptd: 'Range A changed'
ptd-server 2023-02-27 00:30:32,605 [INFO] Set initial values for Amps 0.100000 and Volts 300.000000
ptd-server 2023-02-27 00:30:32,605 [INFO] Stopping ptd...
