ptd-server 2023-02-23 15:35:21,648 [INFO] Got command from the client 'time'
ptd-server 2023-02-23 15:35:21,649 [INFO] Sending reply to client '1677166521.6490874'
ptd-server 2023-02-23 15:35:21,652 [INFO] Got command from the client 'new,,00f6727e-b108-459f-bee3-40c0554f440f'
ptd-server 2023-02-23 15:35:21,656 [INFO] Sending reply to client 'OK 2023-02-23_15-35-21,36e62bb0-7302-468d-9a0e-2947b797add4'
ptd-server 2023-02-23 15:35:21,681 [INFO] Got command from the client 'time'
ptd-server 2023-02-23 15:35:21,681 [INFO] Sending reply to client '1677166521.6811504'
ptd-server 2023-02-23 15:35:21,683 [INFO] Got command from the client 'session,2023-02-23_15-35-21,start,ranging'
ptd-server 2023-02-23 15:35:21,683 [INFO] Running PTDaemon: ['/media/arjun/T7_Touch/hp-envy/CM/repos/local/cache/9b3695ca8255492a/power/inference_v1.0/ptd-linux-x86', '-l', '/tmp/tmpti64566v/ptd_logfile.txt', '-p', '8888', '49', '/dev/usbtmc0']
ptd-server 2023-02-23 15:35:38,781 [INFO] Sending to ptd: 'Hello'
ptd-server 2023-02-23 15:35:38,782 [INFO] Reply from ptd: 'Hello, PTDaemon here!'
ptd-server 2023-02-23 15:35:38,782 [INFO] Sending to ptd: 'Identify'
ptd-server 2023-02-23 15:35:38,783 [INFO] Reply from ptd: 'YokogawaWT310E,1000,1,1,1,1,0,1,1,version=1.10.0-ed9a21d2-20220817,OS=Linux 5.15.0-56-generic #62-Ubuntu SMP Tue Nov 22 19:54:14 UTC 2022 x86_64,mode=power,1,1,1,0,0,no_cal_date,YOKOGAWA;WT310E;C3YD21068E;F1.04'
ptd-server 2023-02-23 15:35:38,783 [INFO] Connected to PTDaemon
ptd-server 2023-02-23 15:35:38,783 [INFO] Sending to ptd: 'RR'
ptd-server 2023-02-23 15:35:38,784 [INFO] Reply from ptd: 'Ranges,0,0.100000,0,600.000000'
ptd-server 2023-02-23 15:35:38,784 [INFO] Initial range for Amps is 0.100000 for Volts is 600.000000
ptd-server 2023-02-23 15:35:38,784 [INFO] Sending to ptd: 'SR,V,Auto'
ptd-server 2023-02-23 15:35:39,287 [INFO] Reply from ptd: 'Range V changed'
ptd-server 2023-02-23 15:35:39,287 [INFO] Sending to ptd: 'SR,A,Auto'
ptd-server 2023-02-23 15:35:39,790 [INFO] Reply from ptd: 'Range A changed'
ptd-server 2023-02-23 15:35:49,801 [INFO] Starting ranging mode
ptd-server 2023-02-23 15:35:49,802 [INFO] Sending to ptd: 'Go,1000,0,2023-02-23_15-35-21_ranging'
ptd-server 2023-02-23 15:35:49,803 [INFO] Reply from ptd: 'Starting untimed measurement, maximum 500000 samples at 1000ms with 0 rampup samples'
ptd-server 2023-02-23 15:35:49,803 [INFO] Sending reply to client 'OK'
ptd-server 2023-02-23 15:46:50,012 [INFO] Got command from the client 'session,2023-02-23_15-35-21,stop,ranging'
ptd-server 2023-02-23 15:47:00,022 [INFO] Sending to ptd: 'Stop'
ptd-server 2023-02-23 15:47:00,022 [INFO] Reply from ptd: 'Stopping untimed measurement'
ptd-server 2023-02-23 15:47:00,052 [INFO] Sending reply to client 'OK'
ptd-server 2023-02-23 15:47:00,094 [INFO] Got command from the client 'time'
ptd-server 2023-02-23 15:47:00,094 [INFO] Sending reply to client '1677167220.0948834'
ptd-server 2023-02-23 15:47:00,099 [INFO] Got command from the client 'session,2023-02-23_15-35-21,start,testing'
ptd-server 2023-02-23 15:47:00,099 [INFO] Sending to ptd: 'SR,V,247.740000'
ptd-server 2023-02-23 15:47:02,306 [INFO] Reply from ptd: 'Range V changed'
ptd-server 2023-02-23 15:47:02,306 [INFO] Sending to ptd: 'SR,A,0.165970'
ptd-server 2023-02-23 15:47:03,810 [INFO] Reply from ptd: 'Range A changed'
ptd-server 2023-02-23 15:47:13,821 [INFO] Starting testing mode
ptd-server 2023-02-23 15:47:13,821 [INFO] Sending to ptd: 'Go,1000,0,2023-02-23_15-35-21_testing'
ptd-server 2023-02-23 15:47:13,822 [INFO] Reply from ptd: 'Starting untimed measurement, maximum 500000 samples at 1000ms with 0 rampup samples'
ptd-server 2023-02-23 15:47:13,822 [INFO] Sending reply to client 'OK'
ptd-server 2023-02-23 15:58:13,280 [INFO] Got command from the client 'session,2023-02-23_15-35-21,stop,testing'
ptd-server 2023-02-23 15:58:23,291 [INFO] Sending to ptd: 'Stop'
ptd-server 2023-02-23 15:58:23,292 [INFO] Reply from ptd: 'Stopping untimed measurement'
ptd-server 2023-02-23 15:58:23,308 [INFO] Sending reply to client 'OK'
ptd-server 2023-02-23 15:58:23,325 [INFO] Got command from the client 'session,2023-02-23_15-35-21,done'
ptd-server 2023-02-23 15:58:23,325 [INFO] Sending to ptd: 'Stop'
ptd-server 2023-02-23 15:58:23,823 [INFO] Reply from ptd: 'Error: no measurement to stop'
ptd-server 2023-02-23 15:58:23,824 [INFO] Sending to ptd: 'SR,V,600.000000'
ptd-server 2023-02-23 15:58:25,327 [INFO] Reply from ptd: 'Range V changed'
ptd-server 2023-02-23 15:58:25,327 [INFO] Sending to ptd: 'SR,A,0.100000'
ptd-server 2023-02-23 15:58:26,831 [INFO] Reply from ptd: 'Range A changed'
ptd-server 2023-02-23 15:58:26,831 [INFO] Set initial values for Amps 0.100000 and Volts 600.000000
ptd-server 2023-02-23 15:58:26,831 [INFO] Stopping ptd...
