client 2023-02-27 22:02:17,943 [INFO] Creating output directory '/home/arjun/mobilenet_results/valid_results/arjun_orin-tflite_armnn_cpp-cpu-armnn_tflite-v22.11-using_neon/mobilenet-v1-precision_uint8-0.5-192/singlestream/performance/tmp_power'
client 2023-02-27 22:02:18,131 [INFO] Sending command to the server: 'mlcommons/power client v3'
client 2023-02-27 22:02:18,134 [INFO] Got response: 'mlcommons/power server v3'
client 2023-02-27 22:02:18,134 [INFO] Synchronizing with the server and with time.google.com...
client 2023-02-27 22:02:18,166 [INFO] NTP:offset = 0.000 s, delay = 0.015 s 
client 2023-02-27 22:02:18,166 [INFO] Sending command to the server: 'time'
client 2023-02-27 22:02:18,169 [INFO] Got response: '1677535338.1701605'
client 2023-02-27 22:02:18,170 [INFO] The time difference between the client and the server is within range -3.525 ms..-0.044 ms
client 2023-02-27 22:02:18,170 [INFO] Sending command to the server: 'new,,e787c5fb-c898-47a3-8c42-d88192c7e85a'
client 2023-02-27 22:02:18,174 [INFO] Got response: 'OK 2023-02-27_22-02-18,c8a82a1d-872b-4cad-8861-390a567044ac'
client 2023-02-27 22:02:18,174 [INFO] Session id is '2023-02-27_22-02-18'
client 2023-02-27 22:02:18,174 [INFO] Sources: {"sources": {"__init__.py": "da39a3ee5e6b4b0d3255bfef95601890afd80709", "client.py": "33ca4f26368777ac06e01f9567b714a4b8063886", "lib/__init__.py": "da39a3ee5e6b4b0d3255bfef95601890afd80709", "lib/client.py": "4c2b78fb4849a7e5b584ef792d82aaed20b17f57", "lib/common.py": "624d0c0acc7c39aaff3674f0b99d6a09da53d1dc", "lib/external/__init__.py": "da39a3ee5e6b4b0d3255bfef95601890afd80709", "lib/external/ntplib.py": "4da8f970656505a40483206ef2b5d3dd5e81711d", "lib/server.py": "cda0cdfaee9bfa1249c64a7dd4f89b7bf1b279f0", "lib/source_hashes.py": "60a2e02193209e8d392803326208d5466342da18", "lib/summary.py": "aa92f0a3f975eecd44d3c0cd0236342ccc9f941d", "lib/time_sync.py": "3210db56eb0ff0df57bf4293dc4d4b03fffd46f1", "server.py": "c3f90f2f7eeb4db30727556d0c815ebc89b3d28b", "tests/unit/__init__.py": "da39a3ee5e6b4b0d3255bfef95601890afd80709", "tests/unit/test_server.py": "99ae15aef722f2000ee6ed1ae1523637bf1ae42b", "tests/unit/test_source_hashes.py": "00468a2907583c593e6574a1f6b404e4651c221a"}, "modules": {"ptd_client_server.lib.client": "lib/client.py", "ptd_client_server.lib.common": "lib/common.py", "ptd_client_server.lib.external.ntplib": "lib/external/ntplib.py", "ptd_client_server.lib.source_hashes": "lib/source_hashes.py", "ptd_client_server.lib.summary": "lib/summary.py", "ptd_client_server.lib.time_sync": "lib/time_sync.py"}}
client 2023-02-27 22:02:18,175 [INFO] Running workload in ranging mode
client 2023-02-27 22:02:18,175 [INFO] Synchronizing with the server and with time.google.com...
client 2023-02-27 22:02:18,195 [INFO] NTP:offset = -0.001 s, delay = 0.017 s 
client 2023-02-27 22:02:18,195 [INFO] Sending command to the server: 'time'
client 2023-02-27 22:02:18,198 [INFO] Got response: '1677535338.1991966'
client 2023-02-27 22:02:18,198 [INFO] The time difference between the client and the server is within range -3.375 ms..-0.384 ms
client 2023-02-27 22:02:18,199 [INFO] Sending command to the server: 'session,2023-02-27_22-02-18,start,ranging'
client 2023-02-27 22:02:46,338 [INFO] Got response: 'OK'
client 2023-02-27 22:02:46,339 [INFO] Running the workload '/home/arjun/run.out'
client 2023-02-27 22:14:55,054 [INFO] Sending command to the server: 'session,2023-02-27_22-02-18,stop,ranging'
client 2023-02-27 22:15:05,475 [INFO] Got response: 'OK'
client 2023-02-27 22:15:05,497 [INFO] Copying loadgen logs from '/home/arjun/mobilenet_results/valid_results/arjun_orin-tflite_armnn_cpp-cpu-armnn_tflite-v22.11-using_neon/mobilenet-v1-precision_uint8-0.5-192/singlestream/performance/run_1' to '/home/arjun/mobilenet_results/valid_results/arjun_orin-tflite_armnn_cpp-cpu-armnn_tflite-v22.11-using_neon/mobilenet-v1-precision_uint8-0.5-192/singlestream/performance/tmp_power/ranging'
client 2023-02-27 22:15:05,500 [INFO] Running workload in testing mode
client 2023-02-27 22:15:05,500 [INFO] Synchronizing with the server and with time.google.com...
client 2023-02-27 22:15:05,524 [INFO] NTP:offset = -0.001 s, delay = 0.020 s 
client 2023-02-27 22:15:05,524 [INFO] Sending command to the server: 'time'
client 2023-02-27 22:15:05,528 [INFO] Got response: '1677536105.528928'
client 2023-02-27 22:15:05,529 [INFO] The time difference between the client and the server is within range -4.217 ms..-0.036 ms
client 2023-02-27 22:15:05,529 [INFO] Sending command to the server: 'session,2023-02-27_22-02-18,start,testing'
client 2023-02-27 22:15:18,549 [INFO] Got response: 'OK'
client 2023-02-27 22:15:18,550 [INFO] Running the workload '/home/arjun/run.out'
client 2023-02-27 22:27:27,949 [INFO] Sending command to the server: 'session,2023-02-27_22-02-18,stop,testing'
client 2023-02-27 22:27:38,182 [INFO] Got response: 'OK'
client 2023-02-27 22:27:38,187 [INFO] Copying loadgen logs from '/home/arjun/mobilenet_results/valid_results/arjun_orin-tflite_armnn_cpp-cpu-armnn_tflite-v22.11-using_neon/mobilenet-v1-precision_uint8-0.5-192/singlestream/performance/run_1' to '/home/arjun/mobilenet_results/valid_results/arjun_orin-tflite_armnn_cpp-cpu-armnn_tflite-v22.11-using_neon/mobilenet-v1-precision_uint8-0.5-192/singlestream/performance/tmp_power/run_1'
client 2023-02-27 22:27:38,189 [INFO] Done runs
