ptd-server 2023-03-01 12:15:56,948 [INFO] Got command from the client 'time'
ptd-server 2023-03-01 12:15:56,948 [INFO] Sending reply to client '1677672956.9483662'
ptd-server 2023-03-01 12:15:56,949 [INFO] Got command from the client 'new,,a0cec315-c36d-4b41-902d-4336434ae3a0'
ptd-server 2023-03-01 12:15:56,950 [INFO] Sending reply to client 'OK 2023-03-01_12-15-56,efab8469-b606-4631-a4f3-16172728a245'
ptd-server 2023-03-01 12:15:56,976 [INFO] Got command from the client 'time'
ptd-server 2023-03-01 12:15:56,976 [INFO] Sending reply to client '1677672956.976215'
ptd-server 2023-03-01 12:15:56,978 [INFO] Got command from the client 'session,2023-03-01_12-15-56,start,ranging'
ptd-server 2023-03-01 12:15:56,979 [INFO] Running PTDaemon: ['/home/anton/projects/mlperf/power/inference_v1.0/ptd-linux-x86', '-l', '/tmp/tmpu4v721n6/ptd_logfile.txt', '-p', '8888', '49', '/dev/usbtmc0']
ptd-server 2023-03-01 12:16:14,064 [INFO] Sending to ptd: 'Hello'
ptd-server 2023-03-01 12:16:14,064 [INFO] Reply from ptd: 'Hello, PTDaemon here!'
ptd-server 2023-03-01 12:16:14,065 [INFO] Sending to ptd: 'Identify'
ptd-server 2023-03-01 12:16:14,065 [INFO] Reply from ptd: 'YokogawaWT310E,1000,1,1,1,1,0,1,1,version=1.10.0-ed9a21d2-20220817,OS=Linux 5.15.0-60-generic #66~20.04.1-Ubuntu SMP Wed Jan 25 09:41:30 UTC 2023 x86_64,mode=power,1,1,1,0,0,no_cal_date,YOKOGAWA;WT310E;C3XA04010E;F1.04'
ptd-server 2023-03-01 12:16:14,065 [INFO] Connected to PTDaemon
ptd-server 2023-03-01 12:16:14,065 [INFO] Sending to ptd: 'RR'
ptd-server 2023-03-01 12:16:14,065 [INFO] Reply from ptd: 'Ranges,0,0.100000,0,300.000000'
ptd-server 2023-03-01 12:16:14,065 [INFO] Initial range for Amps is 0.100000 for Volts is 300.000000
ptd-server 2023-03-01 12:16:14,066 [INFO] Sending to ptd: 'SR,V,Auto'
ptd-server 2023-03-01 12:16:14,568 [INFO] Reply from ptd: 'Range V changed'
ptd-server 2023-03-01 12:16:14,568 [INFO] Sending to ptd: 'SR,A,Auto'
ptd-server 2023-03-01 12:16:15,071 [INFO] Reply from ptd: 'Range A changed'
ptd-server 2023-03-01 12:16:25,080 [INFO] Starting ranging mode
ptd-server 2023-03-01 12:16:25,080 [INFO] Sending to ptd: 'Go,1000,0,2023-03-01_12-15-56_ranging'
ptd-server 2023-03-01 12:16:25,080 [INFO] Reply from ptd: 'Starting untimed measurement, maximum 500000 samples at 1000ms with 0 rampup samples'
ptd-server 2023-03-01 12:16:25,080 [INFO] Sending reply to client 'OK'
ptd-server 2023-03-01 12:26:48,714 [INFO] Got command from the client 'session,2023-03-01_12-15-56,stop,ranging'
ptd-server 2023-03-01 12:26:58,724 [INFO] Sending to ptd: 'Stop'
ptd-server 2023-03-01 12:26:58,724 [INFO] Reply from ptd: 'Stopping untimed measurement'
ptd-server 2023-03-01 12:26:59,342 [INFO] Sending reply to client 'OK'
ptd-server 2023-03-01 12:26:59,389 [INFO] Got command from the client 'time'
ptd-server 2023-03-01 12:26:59,390 [INFO] Sending reply to client '1677673619.3901033'
ptd-server 2023-03-01 12:26:59,393 [INFO] Got command from the client 'session,2023-03-01_12-15-56,start,testing'
ptd-server 2023-03-01 12:26:59,393 [INFO] Sending to ptd: 'SR,V,251.670000'
ptd-server 2023-03-01 12:27:00,894 [INFO] Reply from ptd: 'Range V changed'
ptd-server 2023-03-01 12:27:00,894 [INFO] Sending to ptd: 'SR,A,0.077100'
ptd-server 2023-03-01 12:27:02,396 [INFO] Reply from ptd: 'Range A changed'
ptd-server 2023-03-01 12:27:12,406 [INFO] Starting testing mode
ptd-server 2023-03-01 12:27:12,406 [INFO] Sending to ptd: 'Go,1000,0,2023-03-01_12-15-56_testing'
ptd-server 2023-03-01 12:27:12,407 [INFO] Reply from ptd: 'Starting untimed measurement, maximum 500000 samples at 1000ms with 0 rampup samples'
ptd-server 2023-03-01 12:27:12,407 [INFO] Sending reply to client 'OK'
ptd-server 2023-03-01 12:37:36,449 [INFO] Got command from the client 'session,2023-03-01_12-15-56,stop,testing'
ptd-server 2023-03-01 12:37:46,456 [INFO] Sending to ptd: 'Stop'
ptd-server 2023-03-01 12:37:46,456 [INFO] Reply from ptd: 'Stopping untimed measurement'
ptd-server 2023-03-01 12:37:46,764 [INFO] Sending reply to client 'OK'
ptd-server 2023-03-01 12:37:46,783 [INFO] Got command from the client 'session,2023-03-01_12-15-56,done'
ptd-server 2023-03-01 12:37:46,783 [INFO] Sending to ptd: 'Stop'
ptd-server 2023-03-01 12:37:47,408 [INFO] Reply from ptd: 'Error: no measurement to stop'
ptd-server 2023-03-01 12:37:47,408 [INFO] Sending to ptd: 'SR,V,300.000000'
ptd-server 2023-03-01 12:37:48,909 [INFO] Reply from ptd: 'Range V changed'
ptd-server 2023-03-01 12:37:48,910 [INFO] Sending to ptd: 'SR,A,0.100000'
ptd-server 2023-03-01 12:37:50,411 [INFO] Reply from ptd: 'Range A changed'
ptd-server 2023-03-01 12:37:50,411 [INFO] Set initial values for Amps 0.100000 and Volts 300.000000
ptd-server 2023-03-01 12:37:50,411 [INFO] Stopping ptd...
