ptd-server 2023-02-27 16:24:53,414 [INFO] Got command from the client 'time'
ptd-server 2023-02-27 16:24:53,414 [INFO] Sending reply to client '1677515093.4148073'
ptd-server 2023-02-27 16:24:53,417 [INFO] Got command from the client 'new,,f8e4b11e-7daa-40aa-8bfe-8cd124ce34c6'
ptd-server 2023-02-27 16:24:53,417 [INFO] Sending reply to client 'OK 2023-02-27_16-24-53,8e5c9118-f914-4dff-9923-d1444d5d45bc'
ptd-server 2023-02-27 16:24:53,442 [INFO] Got command from the client 'time'
ptd-server 2023-02-27 16:24:53,442 [INFO] Sending reply to client '1677515093.4423556'
ptd-server 2023-02-27 16:24:53,446 [INFO] Got command from the client 'session,2023-02-27_16-24-53,start,ranging'
ptd-server 2023-02-27 16:24:53,446 [INFO] Running PTDaemon: ['/home/anton/projects/mlperf/power/inference_v1.0/ptd-linux-x86', '-l', '/tmp/tmpu4v721n6/ptd_logfile.txt', '-p', '8888', '49', '/dev/usbtmc0']
ptd-server 2023-02-27 16:25:10,532 [INFO] Sending to ptd: 'Hello'
ptd-server 2023-02-27 16:25:10,533 [INFO] Reply from ptd: 'Hello, PTDaemon here!'
ptd-server 2023-02-27 16:25:10,533 [INFO] Sending to ptd: 'Identify'
ptd-server 2023-02-27 16:25:10,533 [INFO] Reply from ptd: 'YokogawaWT310E,1000,1,1,1,1,0,1,1,version=1.10.0-ed9a21d2-20220817,OS=Linux 5.15.0-60-generic #66~20.04.1-Ubuntu SMP Wed Jan 25 09:41:30 UTC 2023 x86_64,mode=power,1,1,1,0,0,no_cal_date,YOKOGAWA;WT310E;C3XA04010E;F1.04'
ptd-server 2023-02-27 16:25:10,533 [INFO] Connected to PTDaemon
ptd-server 2023-02-27 16:25:10,534 [INFO] Sending to ptd: 'RR'
ptd-server 2023-02-27 16:25:10,534 [INFO] Reply from ptd: 'Ranges,0,0.100000,0,300.000000'
ptd-server 2023-02-27 16:25:10,534 [INFO] Initial range for Amps is 0.100000 for Volts is 300.000000
ptd-server 2023-02-27 16:25:10,534 [INFO] Sending to ptd: 'SR,V,Auto'
ptd-server 2023-02-27 16:25:11,036 [INFO] Reply from ptd: 'Range V changed'
ptd-server 2023-02-27 16:25:11,037 [INFO] Sending to ptd: 'SR,A,Auto'
ptd-server 2023-02-27 16:25:11,539 [INFO] Reply from ptd: 'Range A changed'
ptd-server 2023-02-27 16:25:21,549 [INFO] Starting ranging mode
ptd-server 2023-02-27 16:25:21,550 [INFO] Sending to ptd: 'Go,1000,0,2023-02-27_16-24-53_ranging'
ptd-server 2023-02-27 16:25:21,550 [INFO] Reply from ptd: 'Starting untimed measurement, maximum 500000 samples at 1000ms with 0 rampup samples'
ptd-server 2023-02-27 16:25:21,550 [INFO] Sending reply to client 'OK'
ptd-server 2023-02-27 16:35:40,525 [INFO] Got command from the client 'session,2023-02-27_16-24-53,stop,ranging'
ptd-server 2023-02-27 16:35:50,535 [INFO] Sending to ptd: 'Stop'
ptd-server 2023-02-27 16:35:50,535 [INFO] Reply from ptd: 'Stopping untimed measurement'
ptd-server 2023-02-27 16:35:50,899 [INFO] Sending reply to client 'OK'
ptd-server 2023-02-27 16:35:50,992 [INFO] Got command from the client 'time'
ptd-server 2023-02-27 16:35:50,992 [INFO] Sending reply to client '1677515750.992479'
ptd-server 2023-02-27 16:35:50,994 [INFO] Got command from the client 'session,2023-02-27_16-24-53,start,testing'
ptd-server 2023-02-27 16:35:50,994 [INFO] Sending to ptd: 'SR,V,249.520000'
ptd-server 2023-02-27 16:35:52,496 [INFO] Reply from ptd: 'Range V changed'
ptd-server 2023-02-27 16:35:52,496 [INFO] Sending to ptd: 'SR,A,0.059200'
ptd-server 2023-02-27 16:35:53,997 [INFO] Reply from ptd: 'Range A changed'
ptd-server 2023-02-27 16:36:04,004 [INFO] Starting testing mode
ptd-server 2023-02-27 16:36:04,004 [INFO] Sending to ptd: 'Go,1000,0,2023-02-27_16-24-53_testing'
ptd-server 2023-02-27 16:36:04,004 [INFO] Reply from ptd: 'Starting untimed measurement, maximum 500000 samples at 1000ms with 0 rampup samples'
ptd-server 2023-02-27 16:36:04,005 [INFO] Sending reply to client 'OK'
ptd-server 2023-02-27 16:46:23,079 [INFO] Got command from the client 'session,2023-02-27_16-24-53,stop,testing'
ptd-server 2023-02-27 16:46:33,088 [INFO] Sending to ptd: 'Stop'
ptd-server 2023-02-27 16:46:33,088 [INFO] Reply from ptd: 'Stopping untimed measurement'
ptd-server 2023-02-27 16:46:33,282 [INFO] Sending reply to client 'OK'
ptd-server 2023-02-27 16:46:33,306 [INFO] Got command from the client 'session,2023-02-27_16-24-53,done'
ptd-server 2023-02-27 16:46:33,307 [INFO] Sending to ptd: 'Stop'
ptd-server 2023-02-27 16:46:34,005 [INFO] Reply from ptd: 'Error: no measurement to stop'
ptd-server 2023-02-27 16:46:34,005 [INFO] Sending to ptd: 'SR,V,300.000000'
ptd-server 2023-02-27 16:46:35,506 [INFO] Reply from ptd: 'Range V changed'
ptd-server 2023-02-27 16:46:35,507 [INFO] Sending to ptd: 'SR,A,0.100000'
ptd-server 2023-02-27 16:46:37,008 [INFO] Reply from ptd: 'Range A changed'
ptd-server 2023-02-27 16:46:37,008 [INFO] Set initial values for Amps 0.100000 and Volts 300.000000
ptd-server 2023-02-27 16:46:37,009 [INFO] Stopping ptd...
