ptd-server 2023-02-26 05:42:33,282 [INFO] Got command from the client 'time'
ptd-server 2023-02-26 05:42:33,282 [INFO] Sending reply to client '1677390153.282302'
ptd-server 2023-02-26 05:42:33,283 [INFO] Got command from the client 'new,,41d1d857-d7a8-459f-afe1-95057480a88c'
ptd-server 2023-02-26 05:42:33,284 [INFO] Sending reply to client 'OK 2023-02-26_05-42-33,b8419ded-059c-439b-a388-77f6f65e9349'
ptd-server 2023-02-26 05:42:33,308 [INFO] Got command from the client 'time'
ptd-server 2023-02-26 05:42:33,308 [INFO] Sending reply to client '1677390153.308377'
ptd-server 2023-02-26 05:42:33,310 [INFO] Got command from the client 'session,2023-02-26_05-42-33,start,ranging'
ptd-server 2023-02-26 05:42:33,311 [INFO] Running PTDaemon: ['/home/anton/projects/mlperf/power/inference_v1.0/ptd-linux-x86', '-l', '/tmp/tmpu4v721n6/ptd_logfile.txt', '-p', '8888', '49', '/dev/usbtmc0']
ptd-server 2023-02-26 05:42:50,397 [INFO] Sending to ptd: 'Hello'
ptd-server 2023-02-26 05:42:50,398 [INFO] Reply from ptd: 'Hello, PTDaemon here!'
ptd-server 2023-02-26 05:42:50,398 [INFO] Sending to ptd: 'Identify'
ptd-server 2023-02-26 05:42:50,398 [INFO] Reply from ptd: 'YokogawaWT310E,1000,1,1,1,1,0,1,1,version=1.10.0-ed9a21d2-20220817,OS=Linux 5.15.0-60-generic #66~20.04.1-Ubuntu SMP Wed Jan 25 09:41:30 UTC 2023 x86_64,mode=power,1,1,1,0,0,no_cal_date,YOKOGAWA;WT310E;C3XA04010E;F1.04'
ptd-server 2023-02-26 05:42:50,398 [INFO] Connected to PTDaemon
ptd-server 2023-02-26 05:42:50,398 [INFO] Sending to ptd: 'RR'
ptd-server 2023-02-26 05:42:50,399 [INFO] Reply from ptd: 'Ranges,0,0.100000,0,300.000000'
ptd-server 2023-02-26 05:42:50,399 [INFO] Initial range for Amps is 0.100000 for Volts is 300.000000
ptd-server 2023-02-26 05:42:50,399 [INFO] Sending to ptd: 'SR,V,Auto'
ptd-server 2023-02-26 05:42:50,901 [INFO] Reply from ptd: 'Range V changed'
ptd-server 2023-02-26 05:42:50,902 [INFO] Sending to ptd: 'SR,A,Auto'
ptd-server 2023-02-26 05:42:51,404 [INFO] Reply from ptd: 'Range A changed'
ptd-server 2023-02-26 05:43:01,409 [INFO] Starting ranging mode
ptd-server 2023-02-26 05:43:01,409 [INFO] Sending to ptd: 'Go,1000,0,2023-02-26_05-42-33_ranging'
ptd-server 2023-02-26 05:43:01,409 [INFO] Reply from ptd: 'Starting untimed measurement, maximum 500000 samples at 1000ms with 0 rampup samples'
ptd-server 2023-02-26 05:43:01,410 [INFO] Sending reply to client 'OK'
ptd-server 2023-02-26 05:53:16,717 [INFO] Got command from the client 'session,2023-02-26_05-42-33,stop,ranging'
ptd-server 2023-02-26 05:53:26,727 [INFO] Sending to ptd: 'Stop'
ptd-server 2023-02-26 05:53:26,728 [INFO] Reply from ptd: 'Stopping untimed measurement'
ptd-server 2023-02-26 05:53:26,921 [INFO] Sending reply to client 'OK'
ptd-server 2023-02-26 05:53:26,969 [INFO] Got command from the client 'time'
ptd-server 2023-02-26 05:53:26,969 [INFO] Sending reply to client '1677390806.9692018'
ptd-server 2023-02-26 05:53:26,970 [INFO] Got command from the client 'session,2023-02-26_05-42-33,start,testing'
ptd-server 2023-02-26 05:53:26,970 [INFO] Sending to ptd: 'SR,V,252.600000'
ptd-server 2023-02-26 05:53:28,910 [INFO] Reply from ptd: 'Range V changed'
ptd-server 2023-02-26 05:53:28,910 [INFO] Sending to ptd: 'SR,A,0.051080'
ptd-server 2023-02-26 05:53:30,412 [INFO] Reply from ptd: 'Range A changed'
ptd-server 2023-02-26 05:53:40,422 [INFO] Starting testing mode
ptd-server 2023-02-26 05:53:40,422 [INFO] Sending to ptd: 'Go,1000,0,2023-02-26_05-42-33_testing'
ptd-server 2023-02-26 05:53:40,423 [INFO] Reply from ptd: 'Starting untimed measurement, maximum 500000 samples at 1000ms with 0 rampup samples'
ptd-server 2023-02-26 05:53:40,423 [INFO] Sending reply to client 'OK'
ptd-server 2023-02-26 06:03:55,757 [INFO] Got command from the client 'session,2023-02-26_05-42-33,stop,testing'
ptd-server 2023-02-26 06:04:05,767 [INFO] Sending to ptd: 'Stop'
ptd-server 2023-02-26 06:04:05,768 [INFO] Reply from ptd: 'Stopping untimed measurement'
ptd-server 2023-02-26 06:04:05,875 [INFO] Sending reply to client 'OK'
ptd-server 2023-02-26 06:04:05,895 [INFO] Got command from the client 'session,2023-02-26_05-42-33,done'
ptd-server 2023-02-26 06:04:05,895 [INFO] Sending to ptd: 'Stop'
ptd-server 2023-02-26 06:04:06,423 [INFO] Reply from ptd: 'Error: no measurement to stop'
ptd-server 2023-02-26 06:04:06,423 [INFO] Sending to ptd: 'SR,V,300.000000'
ptd-server 2023-02-26 06:04:07,924 [INFO] Reply from ptd: 'Range V changed'
ptd-server 2023-02-26 06:04:07,924 [INFO] Sending to ptd: 'SR,A,0.100000'
ptd-server 2023-02-26 06:04:09,426 [INFO] Reply from ptd: 'Range A changed'
ptd-server 2023-02-26 06:04:09,426 [INFO] Set initial values for Amps 0.100000 and Volts 300.000000
ptd-server 2023-02-26 06:04:09,426 [INFO] Stopping ptd...
