ptd-server 2023-02-28 00:14:58,481 [INFO] Got command from the client 'time'
ptd-server 2023-02-28 00:14:58,481 [INFO] Sending reply to client '1677543298.4817233'
ptd-server 2023-02-28 00:14:58,485 [INFO] Got command from the client 'new,,697754ea-4e87-4380-9906-8896910324bb'
ptd-server 2023-02-28 00:14:58,486 [INFO] Sending reply to client 'OK 2023-02-28_00-14-58,6faaffdd-dea5-49c0-88cd-f84dcd2fbf4a'
ptd-server 2023-02-28 00:14:58,516 [INFO] Got command from the client 'time'
ptd-server 2023-02-28 00:14:58,517 [INFO] Sending reply to client '1677543298.5173426'
ptd-server 2023-02-28 00:14:58,521 [INFO] Got command from the client 'session,2023-02-28_00-14-58,start,ranging'
ptd-server 2023-02-28 00:14:58,522 [INFO] Running PTDaemon: ['/media/arjun/T7_Touch/hp-envy/CM/repos/local/cache/9b3695ca8255492a/power/inference_v1.0/ptd-linux-x86', '-l', '/tmp/tmpti64566v/ptd_logfile.txt', '-p', '8888', '49', '/dev/usbtmc0']
ptd-server 2023-02-28 00:15:15,620 [INFO] Sending to ptd: 'Hello'
ptd-server 2023-02-28 00:15:15,621 [INFO] Reply from ptd: 'Hello, PTDaemon here!'
ptd-server 2023-02-28 00:15:15,621 [INFO] Sending to ptd: 'Identify'
ptd-server 2023-02-28 00:15:15,622 [INFO] Reply from ptd: 'YokogawaWT310E,1000,1,1,1,1,0,1,1,version=1.10.0-ed9a21d2-20220817,OS=Linux 5.15.0-56-generic #62-Ubuntu SMP Tue Nov 22 19:54:14 UTC 2022 x86_64,mode=power,1,1,1,0,0,no_cal_date,YOKOGAWA;WT310E;C3YD21068E;F1.04'
ptd-server 2023-02-28 00:15:15,623 [INFO] Connected to PTDaemon
ptd-server 2023-02-28 00:15:15,623 [INFO] Sending to ptd: 'RR'
ptd-server 2023-02-28 00:15:15,624 [INFO] Reply from ptd: 'Ranges,0,0.100000,0,600.000000'
ptd-server 2023-02-28 00:15:15,624 [INFO] Initial range for Amps is 0.100000 for Volts is 600.000000
ptd-server 2023-02-28 00:15:15,625 [INFO] Sending to ptd: 'SR,V,Auto'
ptd-server 2023-02-28 00:15:16,129 [INFO] Reply from ptd: 'Range V changed'
ptd-server 2023-02-28 00:15:16,129 [INFO] Sending to ptd: 'SR,A,Auto'
ptd-server 2023-02-28 00:15:16,633 [INFO] Reply from ptd: 'Range A changed'
ptd-server 2023-02-28 00:15:26,644 [INFO] Starting ranging mode
ptd-server 2023-02-28 00:15:26,644 [INFO] Sending to ptd: 'Go,1000,0,2023-02-28_00-14-58_ranging'
ptd-server 2023-02-28 00:15:26,645 [INFO] Reply from ptd: 'Starting untimed measurement, maximum 500000 samples at 1000ms with 0 rampup samples'
ptd-server 2023-02-28 00:15:26,646 [INFO] Sending reply to client 'OK'
ptd-server 2023-02-28 00:30:27,295 [INFO] Got command from the client 'session,2023-02-28_00-14-58,stop,ranging'
ptd-server 2023-02-28 00:30:37,306 [INFO] Sending to ptd: 'Stop'
ptd-server 2023-02-28 00:30:37,307 [INFO] Reply from ptd: 'Stopping untimed measurement'
ptd-server 2023-02-28 00:30:37,603 [INFO] Sending reply to client 'OK'
ptd-server 2023-02-28 00:30:37,687 [INFO] Got command from the client 'time'
ptd-server 2023-02-28 00:30:37,687 [INFO] Sending reply to client '1677544237.6873841'
ptd-server 2023-02-28 00:30:37,690 [INFO] Got command from the client 'session,2023-02-28_00-14-58,start,testing'
ptd-server 2023-02-28 00:30:37,691 [INFO] Sending to ptd: 'SR,V,250.210000'
ptd-server 2023-02-28 00:30:39,193 [INFO] Reply from ptd: 'Range V changed'
ptd-server 2023-02-28 00:30:39,194 [INFO] Sending to ptd: 'SR,A,0.208440'
ptd-server 2023-02-28 00:30:40,697 [INFO] Reply from ptd: 'Range A changed'
ptd-server 2023-02-28 00:30:50,708 [INFO] Starting testing mode
ptd-server 2023-02-28 00:30:50,708 [INFO] Sending to ptd: 'Go,1000,0,2023-02-28_00-14-58_testing'
ptd-server 2023-02-28 00:30:50,709 [INFO] Reply from ptd: 'Starting untimed measurement, maximum 500000 samples at 1000ms with 0 rampup samples'
ptd-server 2023-02-28 00:30:50,709 [INFO] Sending reply to client 'OK'
ptd-server 2023-02-28 00:45:47,381 [INFO] Got command from the client 'session,2023-02-28_00-14-58,stop,testing'
ptd-server 2023-02-28 00:45:57,392 [INFO] Sending to ptd: 'Stop'
ptd-server 2023-02-28 00:45:57,393 [INFO] Reply from ptd: 'Stopping untimed measurement'
ptd-server 2023-02-28 00:45:57,548 [INFO] Sending reply to client 'OK'
ptd-server 2023-02-28 00:45:57,563 [INFO] Got command from the client 'session,2023-02-28_00-14-58,done'
ptd-server 2023-02-28 00:45:57,564 [INFO] Sending to ptd: 'Stop'
ptd-server 2023-02-28 00:45:57,710 [INFO] Reply from ptd: 'Error: no measurement to stop'
ptd-server 2023-02-28 00:45:57,710 [INFO] Sending to ptd: 'SR,V,600.000000'
ptd-server 2023-02-28 00:45:59,213 [INFO] Reply from ptd: 'Range V changed'
ptd-server 2023-02-28 00:45:59,213 [INFO] Sending to ptd: 'SR,A,0.100000'
ptd-server 2023-02-28 00:46:00,715 [INFO] Reply from ptd: 'Range A changed'
ptd-server 2023-02-28 00:46:00,715 [INFO] Set initial values for Amps 0.100000 and Volts 600.000000
ptd-server 2023-02-28 00:46:00,715 [INFO] Stopping ptd...
