ptd-server 2023-02-21 04:55:43,517 [INFO] Got command from the client 'time'
ptd-server 2023-02-21 04:55:43,517 [INFO] Sending reply to client '1676976943.5173972'
ptd-server 2023-02-21 04:55:43,518 [INFO] Got command from the client 'new,,135063a8-680d-43f7-a89b-fc1fe0e1512b'
ptd-server 2023-02-21 04:55:43,519 [INFO] Sending reply to client 'OK 2023-02-21_04-55-43,a5df8f6a-df0a-4b31-942e-fded17b26201'
ptd-server 2023-02-21 04:55:43,600 [INFO] Got command from the client 'time'
ptd-server 2023-02-21 04:55:43,600 [INFO] Sending reply to client '1676976943.6008704'
ptd-server 2023-02-21 04:55:43,602 [INFO] Got command from the client 'session,2023-02-21_04-55-43,start,ranging'
ptd-server 2023-02-21 04:55:43,602 [INFO] Running PTDaemon: ['/local/mnt/workspace/mlcommons/power-main/inference_v1.0/ptd-linux-x86', '-l', '/tmp/tmpqybqiqrs/ptd_logfile.txt', '-p', '8888', '-c', '1,2', '77', '/dev/usbtmc0']
ptd-server 2023-02-21 04:56:02,132 [INFO] Sending to ptd: 'Hello'
ptd-server 2023-02-21 04:56:02,133 [INFO] Reply from ptd: 'Hello, PTDaemon here!'
ptd-server 2023-02-21 04:56:02,133 [INFO] Sending to ptd: 'Identify'
ptd-server 2023-02-21 04:56:02,134 [INFO] Reply from ptd: 'YokogawaWT330_multichannel,1000,1,1,1,1,0,0,1,version=1.10.0-ed9a21d2-20220817,OS=Linux 5.4.0-120-generic #136~18.04.1-Ubuntu SMP Fri Jun 10 18:00:44 UTC 2022 x86_64,mode=power,1,1,2,0,0,no_cal_date,YOKOGAWA;WT333E;C2XC17004V;F1.04'
ptd-server 2023-02-21 04:56:02,134 [INFO] Connected to PTDaemon
ptd-server 2023-02-21 04:56:02,134 [INFO] Sending to ptd: 'RR'
ptd-server 2023-02-21 04:56:02,135 [INFO] Reply from ptd: 'Ranges,1,5.000000,1,300.000000'
ptd-server 2023-02-21 04:56:02,135 [INFO] Initial range for Amps is Auto for Volts is Auto
ptd-server 2023-02-21 04:56:02,135 [INFO] Sending to ptd: 'SR,V,Auto'
ptd-server 2023-02-21 04:56:07,189 [INFO] Reply from ptd: 'Range V changed'
ptd-server 2023-02-21 04:56:07,189 [INFO] Sending to ptd: 'SR,A,Auto'
ptd-server 2023-02-21 04:56:12,242 [INFO] Reply from ptd: 'Range A changed'
ptd-server 2023-02-21 04:56:22,253 [INFO] Starting ranging mode
ptd-server 2023-02-21 04:56:22,253 [INFO] Sending to ptd: 'Go,1000,0,2023-02-21_04-55-43_ranging'
ptd-server 2023-02-21 04:56:22,254 [INFO] Reply from ptd: 'Starting untimed measurement, maximum 500000 samples at 1000ms with 0 rampup samples'
ptd-server 2023-02-21 04:56:22,254 [INFO] Sending reply to client 'OK'
ptd-server 2023-02-21 05:11:15,174 [INFO] Got command from the client 'session,2023-02-21_04-55-43,stop,ranging'
ptd-server 2023-02-21 05:11:25,185 [INFO] Sending to ptd: 'Stop'
ptd-server 2023-02-21 05:11:25,185 [INFO] Reply from ptd: 'Stopping untimed measurement'
ptd-server 2023-02-21 05:11:25,219 [INFO] Sending reply to client 'OK'
ptd-server 2023-02-21 05:11:25,305 [INFO] Got command from the client 'time'
ptd-server 2023-02-21 05:11:25,305 [INFO] Sending reply to client '1676977885.305829'
ptd-server 2023-02-21 05:11:25,307 [INFO] Got command from the client 'session,2023-02-21_04-55-43,start,testing'
ptd-server 2023-02-21 05:11:25,307 [INFO] Sending to ptd: 'SR,V,209.890000'
ptd-server 2023-02-21 05:11:31,359 [INFO] Reply from ptd: 'Range V changed'
ptd-server 2023-02-21 05:11:31,359 [INFO] Sending to ptd: 'SR,A,3.629700'
ptd-server 2023-02-21 05:11:36,912 [INFO] Reply from ptd: 'Range A changed'
ptd-server 2023-02-21 05:11:46,922 [INFO] Starting testing mode
ptd-server 2023-02-21 05:11:46,923 [INFO] Sending to ptd: 'Go,1000,0,2023-02-21_04-55-43_testing'
ptd-server 2023-02-21 05:11:46,923 [INFO] Reply from ptd: 'Starting untimed measurement, maximum 500000 samples at 1000ms with 0 rampup samples'
ptd-server 2023-02-21 05:11:46,924 [INFO] Sending reply to client 'OK'
ptd-server 2023-02-21 05:26:42,619 [INFO] Got command from the client 'session,2023-02-21_04-55-43,stop,testing'
ptd-server 2023-02-21 05:26:52,630 [INFO] Sending to ptd: 'Stop'
ptd-server 2023-02-21 05:26:52,631 [INFO] Reply from ptd: 'Stopping untimed measurement'
ptd-server 2023-02-21 05:26:52,642 [INFO] Sending reply to client 'OK'
ptd-server 2023-02-21 05:26:52,647 [INFO] Got command from the client 'session,2023-02-21_04-55-43,done'
ptd-server 2023-02-21 05:26:52,647 [INFO] Sending to ptd: 'Stop'
ptd-server 2023-02-21 05:26:52,924 [INFO] Reply from ptd: 'Error: no measurement to stop'
ptd-server 2023-02-21 05:26:52,924 [INFO] Sending to ptd: 'SR,V,Auto'
ptd-server 2023-02-21 05:26:57,977 [INFO] Reply from ptd: 'Range V changed'
ptd-server 2023-02-21 05:26:57,978 [INFO] Sending to ptd: 'SR,A,Auto'
ptd-server 2023-02-21 05:27:03,031 [INFO] Reply from ptd: 'Range A changed'
ptd-server 2023-02-21 05:27:03,031 [INFO] Set initial values for Amps Auto and Volts Auto
ptd-server 2023-02-21 05:27:03,031 [INFO] Stopping ptd...
