ptd-server 2023-02-25 06:20:00,712 [INFO] Got command from the client 'time'
ptd-server 2023-02-25 06:20:00,712 [INFO] Sending reply to client '1677327600.7127814'
ptd-server 2023-02-25 06:20:00,715 [INFO] Got command from the client 'new,,62808577-5eee-45c9-961e-10177b2c4354'
ptd-server 2023-02-25 06:20:00,716 [INFO] Sending reply to client 'OK 2023-02-25_06-20-00,eb804596-7149-4bd7-a581-9813b131e215'
ptd-server 2023-02-25 06:20:00,800 [INFO] Got command from the client 'time'
ptd-server 2023-02-25 06:20:00,800 [INFO] Sending reply to client '1677327600.8009129'
ptd-server 2023-02-25 06:20:00,803 [INFO] Got command from the client 'session,2023-02-25_06-20-00,start,ranging'
ptd-server 2023-02-25 06:20:00,803 [INFO] Running PTDaemon: ['/local/mnt/workspace/mlcommons/power-main/inference_v1.0/ptd-linux-x86', '-l', '/tmp/tmpjxnnhn9w/ptd_logfile.txt', '-p', '8888', '-c', '1', '52', '/dev/usbtmc0']
ptd-server 2023-02-25 06:20:17,822 [INFO] Sending to ptd: 'Hello'
ptd-server 2023-02-25 06:20:17,822 [INFO] Reply from ptd: 'Hello, PTDaemon here!'
ptd-server 2023-02-25 06:20:17,823 [INFO] Sending to ptd: 'Identify'
ptd-server 2023-02-25 06:20:17,823 [INFO] Reply from ptd: 'YokogawaWT330,1000,1,1,1,1,0,0,1,version=1.10.0-ed9a21d2-20220817,OS=Linux 5.4.0-120-generic #136~18.04.1-Ubuntu SMP Fri Jun 10 18:00:44 UTC 2022 x86_64,mode=power,1,1,1,0,0,no_cal_date,YOKOGAWA;WT333;C2QH26002V;F1.06'
ptd-server 2023-02-25 06:20:17,824 [INFO] Connected to PTDaemon
ptd-server 2023-02-25 06:20:17,824 [INFO] Sending to ptd: 'RR'
ptd-server 2023-02-25 06:20:17,824 [INFO] Reply from ptd: 'Ranges,1,0.500000,1,150.000000'
ptd-server 2023-02-25 06:20:17,824 [INFO] Initial range for Amps is Auto for Volts is Auto
ptd-server 2023-02-25 06:20:17,825 [INFO] Sending to ptd: 'SR,V,Auto'
ptd-server 2023-02-25 06:20:18,367 [INFO] Reply from ptd: 'Range V changed'
ptd-server 2023-02-25 06:20:18,367 [INFO] Sending to ptd: 'SR,A,Auto'
ptd-server 2023-02-25 06:20:18,870 [INFO] Reply from ptd: 'Range A changed'
ptd-server 2023-02-25 06:20:28,881 [INFO] Starting ranging mode
ptd-server 2023-02-25 06:20:28,881 [INFO] Sending to ptd: 'Go,1000,0,2023-02-25_06-20-00_ranging'
ptd-server 2023-02-25 06:20:28,882 [INFO] Reply from ptd: 'Starting untimed measurement, maximum 500000 samples at 1000ms with 0 rampup samples'
ptd-server 2023-02-25 06:20:28,882 [INFO] Sending reply to client 'OK'
ptd-server 2023-02-25 06:32:46,976 [INFO] Got command from the client 'session,2023-02-25_06-20-00,stop,ranging'
ptd-server 2023-02-25 06:32:56,987 [INFO] Sending to ptd: 'Stop'
ptd-server 2023-02-25 06:32:56,988 [INFO] Reply from ptd: 'Stopping untimed measurement'
ptd-server 2023-02-25 06:32:57,005 [INFO] Sending reply to client 'OK'
ptd-server 2023-02-25 06:32:57,152 [INFO] Got command from the client 'time'
ptd-server 2023-02-25 06:32:57,152 [INFO] Sending reply to client '1677328377.1523435'
ptd-server 2023-02-25 06:32:57,155 [INFO] Got command from the client 'session,2023-02-25_06-20-00,start,testing'
ptd-server 2023-02-25 06:32:57,156 [INFO] Sending to ptd: 'SR,V,121.770000'
ptd-server 2023-02-25 06:32:59,384 [INFO] Reply from ptd: 'Range V changed'
ptd-server 2023-02-25 06:32:59,385 [INFO] Sending to ptd: 'SR,A,0.215990'
ptd-server 2023-02-25 06:33:00,887 [INFO] Reply from ptd: 'Range A changed'
ptd-server 2023-02-25 06:33:10,897 [INFO] Starting testing mode
ptd-server 2023-02-25 06:33:10,898 [INFO] Sending to ptd: 'Go,1000,0,2023-02-25_06-20-00_testing'
ptd-server 2023-02-25 06:33:10,898 [INFO] Reply from ptd: 'Starting untimed measurement, maximum 500000 samples at 1000ms with 0 rampup samples'
ptd-server 2023-02-25 06:33:10,899 [INFO] Sending reply to client 'OK'
ptd-server 2023-02-25 06:45:30,097 [INFO] Got command from the client 'session,2023-02-25_06-20-00,stop,testing'
ptd-server 2023-02-25 06:45:40,107 [INFO] Sending to ptd: 'Stop'
ptd-server 2023-02-25 06:45:40,108 [INFO] Reply from ptd: 'Stopping untimed measurement'
ptd-server 2023-02-25 06:45:40,117 [INFO] Sending reply to client 'OK'
ptd-server 2023-02-25 06:45:40,142 [INFO] Got command from the client 'session,2023-02-25_06-20-00,done'
ptd-server 2023-02-25 06:45:40,142 [INFO] Sending to ptd: 'Stop'
ptd-server 2023-02-25 06:45:40,899 [INFO] Reply from ptd: 'Error: no measurement to stop'
ptd-server 2023-02-25 06:45:40,899 [INFO] Sending to ptd: 'SR,V,Auto'
ptd-server 2023-02-25 06:45:41,402 [INFO] Reply from ptd: 'Range V changed'
ptd-server 2023-02-25 06:45:41,403 [INFO] Sending to ptd: 'SR,A,Auto'
ptd-server 2023-02-25 06:45:41,906 [INFO] Reply from ptd: 'Range A changed'
ptd-server 2023-02-25 06:45:41,906 [INFO] Set initial values for Amps Auto and Volts Auto
ptd-server 2023-02-25 06:45:41,906 [INFO] Stopping ptd...
