ptd-server 2023-02-25 09:50:09,910 [INFO] Got command from the client 'time'
ptd-server 2023-02-25 09:50:09,910 [INFO] Sending reply to client '1677318609.910711'
ptd-server 2023-02-25 09:50:09,912 [INFO] Got command from the client 'new,,c809d31d-db56-4660-92ab-6bd0970bd57f'
ptd-server 2023-02-25 09:50:09,912 [INFO] Sending reply to client 'OK 2023-02-25_09-50-09,52cf632d-81e0-4438-af49-b33b367591ee'
ptd-server 2023-02-25 09:50:09,937 [INFO] Got command from the client 'time'
ptd-server 2023-02-25 09:50:09,937 [INFO] Sending reply to client '1677318609.9376848'
ptd-server 2023-02-25 09:50:09,939 [INFO] Got command from the client 'session,2023-02-25_09-50-09,start,ranging'
ptd-server 2023-02-25 09:50:09,939 [INFO] Running PTDaemon: ['/home/anton/projects/mlperf/power/inference_v1.0/ptd-linux-x86', '-l', '/tmp/tmpu4v721n6/ptd_logfile.txt', '-p', '8888', '49', '/dev/usbtmc0']
ptd-server 2023-02-25 09:50:27,026 [INFO] Sending to ptd: 'Hello'
ptd-server 2023-02-25 09:50:27,026 [INFO] Reply from ptd: 'Hello, PTDaemon here!'
ptd-server 2023-02-25 09:50:27,027 [INFO] Sending to ptd: 'Identify'
ptd-server 2023-02-25 09:50:27,027 [INFO] Reply from ptd: 'YokogawaWT310E,1000,1,1,1,1,0,1,1,version=1.10.0-ed9a21d2-20220817,OS=Linux 5.15.0-60-generic #66~20.04.1-Ubuntu SMP Wed Jan 25 09:41:30 UTC 2023 x86_64,mode=power,1,1,1,0,0,no_cal_date,YOKOGAWA;WT310E;C3XA04010E;F1.04'
ptd-server 2023-02-25 09:50:27,027 [INFO] Connected to PTDaemon
ptd-server 2023-02-25 09:50:27,027 [INFO] Sending to ptd: 'RR'
ptd-server 2023-02-25 09:50:27,027 [INFO] Reply from ptd: 'Ranges,0,0.100000,0,300.000000'
ptd-server 2023-02-25 09:50:27,027 [INFO] Initial range for Amps is 0.100000 for Volts is 300.000000
ptd-server 2023-02-25 09:50:27,028 [INFO] Sending to ptd: 'SR,V,Auto'
ptd-server 2023-02-25 09:50:27,530 [INFO] Reply from ptd: 'Range V changed'
ptd-server 2023-02-25 09:50:27,530 [INFO] Sending to ptd: 'SR,A,Auto'
ptd-server 2023-02-25 09:50:28,033 [INFO] Reply from ptd: 'Range A changed'
ptd-server 2023-02-25 09:50:38,040 [INFO] Starting ranging mode
ptd-server 2023-02-25 09:50:38,040 [INFO] Sending to ptd: 'Go,1000,0,2023-02-25_09-50-09_ranging'
ptd-server 2023-02-25 09:50:38,040 [INFO] Reply from ptd: 'Starting untimed measurement, maximum 500000 samples at 1000ms with 0 rampup samples'
ptd-server 2023-02-25 09:50:38,041 [INFO] Sending reply to client 'OK'
ptd-server 2023-02-25 10:00:53,069 [INFO] Got command from the client 'session,2023-02-25_09-50-09,stop,ranging'
ptd-server 2023-02-25 10:01:03,079 [INFO] Sending to ptd: 'Stop'
ptd-server 2023-02-25 10:01:03,080 [INFO] Reply from ptd: 'Stopping untimed measurement'
ptd-server 2023-02-25 10:01:03,156 [INFO] Sending reply to client 'OK'
ptd-server 2023-02-25 10:01:03,200 [INFO] Got command from the client 'time'
ptd-server 2023-02-25 10:01:03,200 [INFO] Sending reply to client '1677319263.2008233'
ptd-server 2023-02-25 10:01:03,203 [INFO] Got command from the client 'session,2023-02-25_09-50-09,start,testing'
ptd-server 2023-02-25 10:01:03,204 [INFO] Sending to ptd: 'SR,V,253.370000'
ptd-server 2023-02-25 10:01:05,542 [INFO] Reply from ptd: 'Range V changed'
ptd-server 2023-02-25 10:01:05,542 [INFO] Sending to ptd: 'SR,A,0.052110'
ptd-server 2023-02-25 10:01:07,044 [INFO] Reply from ptd: 'Range A changed'
ptd-server 2023-02-25 10:01:17,047 [INFO] Starting testing mode
ptd-server 2023-02-25 10:01:17,047 [INFO] Sending to ptd: 'Go,1000,0,2023-02-25_09-50-09_testing'
ptd-server 2023-02-25 10:01:17,047 [INFO] Reply from ptd: 'Starting untimed measurement, maximum 500000 samples at 1000ms with 0 rampup samples'
ptd-server 2023-02-25 10:01:17,048 [INFO] Sending reply to client 'OK'
ptd-server 2023-02-25 10:11:32,066 [INFO] Got command from the client 'session,2023-02-25_09-50-09,stop,testing'
ptd-server 2023-02-25 10:11:42,076 [INFO] Sending to ptd: 'Stop'
ptd-server 2023-02-25 10:11:42,076 [INFO] Reply from ptd: 'Stopping untimed measurement'
ptd-server 2023-02-25 10:11:42,115 [INFO] Sending reply to client 'OK'
ptd-server 2023-02-25 10:11:42,136 [INFO] Got command from the client 'session,2023-02-25_09-50-09,done'
ptd-server 2023-02-25 10:11:42,137 [INFO] Sending to ptd: 'Stop'
ptd-server 2023-02-25 10:11:43,047 [INFO] Reply from ptd: 'Error: no measurement to stop'
ptd-server 2023-02-25 10:11:43,048 [INFO] Sending to ptd: 'SR,V,300.000000'
ptd-server 2023-02-25 10:11:44,549 [INFO] Reply from ptd: 'Range V changed'
ptd-server 2023-02-25 10:11:44,549 [INFO] Sending to ptd: 'SR,A,0.100000'
ptd-server 2023-02-25 10:11:46,050 [INFO] Reply from ptd: 'Range A changed'
ptd-server 2023-02-25 10:11:46,051 [INFO] Set initial values for Amps 0.100000 and Volts 300.000000
ptd-server 2023-02-25 10:11:46,051 [INFO] Stopping ptd...
