ptd-server 2023-02-28 19:09:55,496 [INFO] Got command from the client 'time'
ptd-server 2023-02-28 19:09:55,497 [INFO] Sending reply to client '1677611395.4971073'
ptd-server 2023-02-28 19:09:55,499 [INFO] Got command from the client 'new,,de3436c5-71e4-437e-88a5-856b9f9e055d'
ptd-server 2023-02-28 19:09:55,499 [INFO] Sending reply to client 'OK 2023-02-28_19-09-55,f9c508bc-5ff9-4969-bd78-f18cac888c90'
ptd-server 2023-02-28 19:09:55,524 [INFO] Got command from the client 'time'
ptd-server 2023-02-28 19:09:55,525 [INFO] Sending reply to client '1677611395.525033'
ptd-server 2023-02-28 19:09:55,526 [INFO] Got command from the client 'session,2023-02-28_19-09-55,start,ranging'
ptd-server 2023-02-28 19:09:55,526 [INFO] Running PTDaemon: ['/home/anton/projects/mlperf/power/inference_v1.0/ptd-linux-x86', '-l', '/tmp/tmpu4v721n6/ptd_logfile.txt', '-p', '8888', '49', '/dev/usbtmc0']
ptd-server 2023-02-28 19:10:12,613 [INFO] Sending to ptd: 'Hello'
ptd-server 2023-02-28 19:10:12,614 [INFO] Reply from ptd: 'Hello, PTDaemon here!'
ptd-server 2023-02-28 19:10:12,614 [INFO] Sending to ptd: 'Identify'
ptd-server 2023-02-28 19:10:12,614 [INFO] Reply from ptd: 'YokogawaWT310E,1000,1,1,1,1,0,1,1,version=1.10.0-ed9a21d2-20220817,OS=Linux 5.15.0-60-generic #66~20.04.1-Ubuntu SMP Wed Jan 25 09:41:30 UTC 2023 x86_64,mode=power,1,1,1,0,0,no_cal_date,YOKOGAWA;WT310E;C3XA04010E;F1.04'
ptd-server 2023-02-28 19:10:12,614 [INFO] Connected to PTDaemon
ptd-server 2023-02-28 19:10:12,614 [INFO] Sending to ptd: 'RR'
ptd-server 2023-02-28 19:10:12,615 [INFO] Reply from ptd: 'Ranges,0,0.100000,0,300.000000'
ptd-server 2023-02-28 19:10:12,615 [INFO] Initial range for Amps is 0.100000 for Volts is 300.000000
ptd-server 2023-02-28 19:10:12,615 [INFO] Sending to ptd: 'SR,V,Auto'
ptd-server 2023-02-28 19:10:13,117 [INFO] Reply from ptd: 'Range V changed'
ptd-server 2023-02-28 19:10:13,118 [INFO] Sending to ptd: 'SR,A,Auto'
ptd-server 2023-02-28 19:10:13,620 [INFO] Reply from ptd: 'Range A changed'
ptd-server 2023-02-28 19:10:23,628 [INFO] Starting ranging mode
ptd-server 2023-02-28 19:10:23,628 [INFO] Sending to ptd: 'Go,1000,0,2023-02-28_19-09-55_ranging'
ptd-server 2023-02-28 19:10:23,628 [INFO] Reply from ptd: 'Starting untimed measurement, maximum 500000 samples at 1000ms with 0 rampup samples'
ptd-server 2023-02-28 19:10:23,629 [INFO] Sending reply to client 'OK'
ptd-server 2023-02-28 19:20:48,623 [INFO] Got command from the client 'session,2023-02-28_19-09-55,stop,ranging'
ptd-server 2023-02-28 19:20:58,633 [INFO] Sending to ptd: 'Stop'
ptd-server 2023-02-28 19:20:58,634 [INFO] Reply from ptd: 'Stopping untimed measurement'
ptd-server 2023-02-28 19:20:59,150 [INFO] Sending reply to client 'OK'
ptd-server 2023-02-28 19:20:59,240 [INFO] Got command from the client 'time'
ptd-server 2023-02-28 19:20:59,240 [INFO] Sending reply to client '1677612059.2407036'
ptd-server 2023-02-28 19:20:59,241 [INFO] Got command from the client 'session,2023-02-28_19-09-55,start,testing'
ptd-server 2023-02-28 19:20:59,242 [INFO] Sending to ptd: 'SR,V,250.390000'
ptd-server 2023-02-28 19:21:01,130 [INFO] Reply from ptd: 'Range V changed'
ptd-server 2023-02-28 19:21:01,130 [INFO] Sending to ptd: 'SR,A,0.080150'
ptd-server 2023-02-28 19:21:02,632 [INFO] Reply from ptd: 'Range A changed'
ptd-server 2023-02-28 19:21:12,642 [INFO] Starting testing mode
ptd-server 2023-02-28 19:21:12,642 [INFO] Sending to ptd: 'Go,1000,0,2023-02-28_19-09-55_testing'
ptd-server 2023-02-28 19:21:12,643 [INFO] Reply from ptd: 'Starting untimed measurement, maximum 500000 samples at 1000ms with 0 rampup samples'
ptd-server 2023-02-28 19:21:12,643 [INFO] Sending reply to client 'OK'
ptd-server 2023-02-28 19:31:38,121 [INFO] Got command from the client 'session,2023-02-28_19-09-55,stop,testing'
ptd-server 2023-02-28 19:31:48,129 [INFO] Sending to ptd: 'Stop'
ptd-server 2023-02-28 19:31:48,129 [INFO] Reply from ptd: 'Stopping untimed measurement'
ptd-server 2023-02-28 19:31:48,408 [INFO] Sending reply to client 'OK'
ptd-server 2023-02-28 19:31:48,427 [INFO] Got command from the client 'session,2023-02-28_19-09-55,done'
ptd-server 2023-02-28 19:31:48,427 [INFO] Sending to ptd: 'Stop'
ptd-server 2023-02-28 19:31:48,643 [INFO] Reply from ptd: 'Error: no measurement to stop'
ptd-server 2023-02-28 19:31:48,643 [INFO] Sending to ptd: 'SR,V,300.000000'
ptd-server 2023-02-28 19:31:50,145 [INFO] Reply from ptd: 'Range V changed'
ptd-server 2023-02-28 19:31:50,145 [INFO] Sending to ptd: 'SR,A,0.100000'
ptd-server 2023-02-28 19:31:51,646 [INFO] Reply from ptd: 'Range A changed'
ptd-server 2023-02-28 19:31:51,646 [INFO] Set initial values for Amps 0.100000 and Volts 300.000000
ptd-server 2023-02-28 19:31:51,647 [INFO] Stopping ptd...
