ptd-server 2023-02-23 22:20:32,383 [INFO] Got command from the client 'time'
ptd-server 2023-02-23 22:20:32,383 [INFO] Sending reply to client '1677190832.383256'
ptd-server 2023-02-23 22:20:32,384 [INFO] Got command from the client 'new,,3cefcaff-5116-44fb-aeb9-f32c4d8e2246'
ptd-server 2023-02-23 22:20:32,384 [INFO] Sending reply to client 'OK 2023-02-23_22-20-32,5fca29b0-4bba-4483-bcfc-6cc7e0778d92'
ptd-server 2023-02-23 22:20:32,473 [INFO] Got command from the client 'time'
ptd-server 2023-02-23 22:20:32,474 [INFO] Sending reply to client '1677190832.474064'
ptd-server 2023-02-23 22:20:32,475 [INFO] Got command from the client 'session,2023-02-23_22-20-32,start,ranging'
ptd-server 2023-02-23 22:20:32,475 [INFO] Running PTDaemon: ['/home/anton/projects/mlperf/power/inference_v1.0/ptd-linux-x86', '-l', '/tmp/tmp4yl1neqp/ptd_logfile.txt', '-p', '8888', '49', '/dev/usbtmc0']
ptd-server 2023-02-23 22:20:49,548 [INFO] Sending to ptd: 'Hello'
ptd-server 2023-02-23 22:20:49,549 [INFO] Reply from ptd: 'Hello, PTDaemon here!'
ptd-server 2023-02-23 22:20:49,549 [INFO] Sending to ptd: 'Identify'
ptd-server 2023-02-23 22:20:49,550 [INFO] Reply from ptd: 'YokogawaWT310E,1000,1,1,1,1,0,1,1,version=1.10.0-ed9a21d2-20220817,OS=Linux 5.15.0-60-generic #66~20.04.1-Ubuntu SMP Wed Jan 25 09:41:30 UTC 2023 x86_64,mode=power,1,1,1,0,0,no_cal_date,YOKOGAWA;WT310E;C3XA04010E;F1.04'
ptd-server 2023-02-23 22:20:49,550 [INFO] Connected to PTDaemon
ptd-server 2023-02-23 22:20:49,550 [INFO] Sending to ptd: 'RR'
ptd-server 2023-02-23 22:20:49,550 [INFO] Reply from ptd: 'Ranges,1,0.100000,1,300.000000'
ptd-server 2023-02-23 22:20:49,551 [INFO] Initial range for Amps is Auto for Volts is Auto
ptd-server 2023-02-23 22:20:49,551 [INFO] Sending to ptd: 'SR,V,Auto'
ptd-server 2023-02-23 22:20:50,053 [INFO] Reply from ptd: 'Range V changed'
ptd-server 2023-02-23 22:20:50,054 [INFO] Sending to ptd: 'SR,A,Auto'
ptd-server 2023-02-23 22:20:50,556 [INFO] Reply from ptd: 'Range A changed'
ptd-server 2023-02-23 22:21:00,566 [INFO] Starting ranging mode
ptd-server 2023-02-23 22:21:00,567 [INFO] Sending to ptd: 'Go,1000,0,2023-02-23_22-20-32_ranging'
ptd-server 2023-02-23 22:21:00,567 [INFO] Reply from ptd: 'Starting untimed measurement, maximum 500000 samples at 1000ms with 0 rampup samples'
ptd-server 2023-02-23 22:21:00,567 [INFO] Sending reply to client 'OK'
ptd-server 2023-02-23 22:31:16,945 [INFO] Got command from the client 'session,2023-02-23_22-20-32,stop,ranging'
ptd-server 2023-02-23 22:31:26,955 [INFO] Sending to ptd: 'Stop'
ptd-server 2023-02-23 22:31:26,956 [INFO] Reply from ptd: 'Stopping untimed measurement'
ptd-server 2023-02-23 22:31:27,525 [INFO] Sending reply to client 'OK'
ptd-server 2023-02-23 22:31:27,595 [INFO] Got command from the client 'time'
ptd-server 2023-02-23 22:31:27,595 [INFO] Sending reply to client '1677191487.5954883'
ptd-server 2023-02-23 22:31:27,596 [INFO] Got command from the client 'session,2023-02-23_22-20-32,start,testing'
ptd-server 2023-02-23 22:31:27,596 [INFO] Sending to ptd: 'SR,V,252.110000'
ptd-server 2023-02-23 22:31:29,097 [INFO] Reply from ptd: 'Range V changed'
ptd-server 2023-02-23 22:31:29,098 [INFO] Sending to ptd: 'SR,A,0.048260'
ptd-server 2023-02-23 22:31:30,599 [INFO] Reply from ptd: 'Range A changed'
ptd-server 2023-02-23 22:31:40,609 [INFO] Starting testing mode
ptd-server 2023-02-23 22:31:40,609 [INFO] Sending to ptd: 'Go,1000,0,2023-02-23_22-20-32_testing'
ptd-server 2023-02-23 22:31:40,610 [INFO] Reply from ptd: 'Starting untimed measurement, maximum 500000 samples at 1000ms with 0 rampup samples'
ptd-server 2023-02-23 22:31:40,610 [INFO] Sending reply to client 'OK'
ptd-server 2023-02-23 22:41:56,912 [INFO] Got command from the client 'session,2023-02-23_22-20-32,stop,testing'
ptd-server 2023-02-23 22:42:06,923 [INFO] Sending to ptd: 'Stop'
ptd-server 2023-02-23 22:42:06,923 [INFO] Reply from ptd: 'Stopping untimed measurement'
ptd-server 2023-02-23 22:42:07,225 [INFO] Sending reply to client 'OK'
ptd-server 2023-02-23 22:42:07,233 [INFO] Got command from the client 'session,2023-02-23_22-20-32,done'
ptd-server 2023-02-23 22:42:07,233 [INFO] Sending to ptd: 'Stop'
ptd-server 2023-02-23 22:42:07,611 [INFO] Reply from ptd: 'Error: no measurement to stop'
ptd-server 2023-02-23 22:42:07,611 [INFO] Sending to ptd: 'SR,V,Auto'
ptd-server 2023-02-23 22:42:08,113 [INFO] Reply from ptd: 'Range V changed'
ptd-server 2023-02-23 22:42:08,114 [INFO] Sending to ptd: 'SR,A,Auto'
ptd-server 2023-02-23 22:42:08,616 [INFO] Reply from ptd: 'Range A changed'
ptd-server 2023-02-23 22:42:08,617 [INFO] Set initial values for Amps Auto and Volts Auto
ptd-server 2023-02-23 22:42:08,617 [INFO] Stopping ptd...
