client 2023-02-25 08:15:54,680 [INFO] Creating output directory '/home/arjun/mobilenet_results/valid_results/arjun_orin-tflite_cpp-cpu-tflite-vmaster-default_config/efficientnet-int8-lite4/singlestream/performance/tmp_power'
client 2023-02-25 08:15:54,861 [INFO] Sending command to the server: 'mlcommons/power client v3'
client 2023-02-25 08:15:54,864 [INFO] Got response: 'mlcommons/power server v3'
client 2023-02-25 08:15:54,864 [INFO] Synchronizing with the server and with time.google.com...
client 2023-02-25 08:15:54,942 [INFO] NTP:offset = 0.002 s, delay = 0.017 s 
client 2023-02-25 08:15:54,942 [INFO] Sending command to the server: 'time'
client 2023-02-25 08:15:54,947 [INFO] Got response: '1677312954.9467094'
client 2023-02-25 08:15:54,948 [INFO] The time difference between the client and the server is within range -3.742 ms..1.357 ms
client 2023-02-25 08:15:54,948 [INFO] Sending command to the server: 'new,,0bcadf0e-14ee-4ce6-96c7-e5cc8b217849'
client 2023-02-25 08:15:54,952 [INFO] Got response: 'OK 2023-02-25_08-15-54,1804f9b0-021c-4b44-be32-dc3bf16da353'
client 2023-02-25 08:15:54,952 [INFO] Session id is '2023-02-25_08-15-54'
client 2023-02-25 08:15:54,953 [INFO] Sources: {"sources": {"__init__.py": "da39a3ee5e6b4b0d3255bfef95601890afd80709", "client.py": "33ca4f26368777ac06e01f9567b714a4b8063886", "lib/__init__.py": "da39a3ee5e6b4b0d3255bfef95601890afd80709", "lib/client.py": "4c2b78fb4849a7e5b584ef792d82aaed20b17f57", "lib/common.py": "624d0c0acc7c39aaff3674f0b99d6a09da53d1dc", "lib/external/__init__.py": "da39a3ee5e6b4b0d3255bfef95601890afd80709", "lib/external/ntplib.py": "4da8f970656505a40483206ef2b5d3dd5e81711d", "lib/server.py": "cda0cdfaee9bfa1249c64a7dd4f89b7bf1b279f0", "lib/source_hashes.py": "60a2e02193209e8d392803326208d5466342da18", "lib/summary.py": "aa92f0a3f975eecd44d3c0cd0236342ccc9f941d", "lib/time_sync.py": "3210db56eb0ff0df57bf4293dc4d4b03fffd46f1", "server.py": "c3f90f2f7eeb4db30727556d0c815ebc89b3d28b", "tests/unit/__init__.py": "da39a3ee5e6b4b0d3255bfef95601890afd80709", "tests/unit/test_server.py": "99ae15aef722f2000ee6ed1ae1523637bf1ae42b", "tests/unit/test_source_hashes.py": "00468a2907583c593e6574a1f6b404e4651c221a"}, "modules": {"ptd_client_server.lib.client": "lib/client.py", "ptd_client_server.lib.common": "lib/common.py", "ptd_client_server.lib.external.ntplib": "lib/external/ntplib.py", "ptd_client_server.lib.source_hashes": "lib/source_hashes.py", "ptd_client_server.lib.summary": "lib/summary.py", "ptd_client_server.lib.time_sync": "lib/time_sync.py"}}
client 2023-02-25 08:15:54,953 [INFO] Running workload in ranging mode
client 2023-02-25 08:15:54,954 [INFO] Synchronizing with the server and with time.google.com...
client 2023-02-25 08:15:54,970 [INFO] NTP:offset = -0.000 s, delay = 0.014 s 
client 2023-02-25 08:15:54,970 [INFO] Sending command to the server: 'time'
client 2023-02-25 08:15:54,974 [INFO] Got response: '1677312954.973934'
client 2023-02-25 08:15:54,974 [INFO] The time difference between the client and the server is within range -3.396 ms..0.804 ms
client 2023-02-25 08:15:54,974 [INFO] Sending command to the server: 'session,2023-02-25_08-15-54,start,ranging'
client 2023-02-25 08:16:23,109 [INFO] Got response: 'OK'
client 2023-02-25 08:16:23,110 [INFO] Running the workload '/home/arjun/run.out'
client 2023-02-25 08:27:31,289 [INFO] Sending command to the server: 'session,2023-02-25_08-15-54,stop,ranging'
client 2023-02-25 08:27:41,540 [INFO] Got response: 'OK'
client 2023-02-25 08:27:41,562 [INFO] Copying loadgen logs from '/home/arjun/mobilenet_results/valid_results/arjun_orin-tflite_cpp-cpu-tflite-vmaster-default_config/efficientnet-int8-lite4/singlestream/performance/run_1' to '/home/arjun/mobilenet_results/valid_results/arjun_orin-tflite_cpp-cpu-tflite-vmaster-default_config/efficientnet-int8-lite4/singlestream/performance/tmp_power/ranging'
client 2023-02-25 08:27:41,565 [INFO] Running workload in testing mode
client 2023-02-25 08:27:41,565 [INFO] Synchronizing with the server and with time.google.com...
client 2023-02-25 08:27:41,584 [INFO] NTP:offset = 0.002 s, delay = 0.014 s 
client 2023-02-25 08:27:41,584 [INFO] Sending command to the server: 'time'
client 2023-02-25 08:27:41,588 [INFO] Got response: '1677313661.5880911'
client 2023-02-25 08:27:41,588 [INFO] The time difference between the client and the server is within range -3.591 ms..0.231 ms
client 2023-02-25 08:27:41,588 [INFO] Sending command to the server: 'session,2023-02-25_08-15-54,start,testing'
client 2023-02-25 08:27:55,127 [INFO] Got response: 'OK'
client 2023-02-25 08:27:55,128 [INFO] Running the workload '/home/arjun/run.out'
client 2023-02-25 08:38:55,693 [INFO] Sending command to the server: 'session,2023-02-25_08-15-54,stop,testing'
client 2023-02-25 08:39:05,776 [INFO] Got response: 'OK'
client 2023-02-25 08:39:05,781 [INFO] Copying loadgen logs from '/home/arjun/mobilenet_results/valid_results/arjun_orin-tflite_cpp-cpu-tflite-vmaster-default_config/efficientnet-int8-lite4/singlestream/performance/run_1' to '/home/arjun/mobilenet_results/valid_results/arjun_orin-tflite_cpp-cpu-tflite-vmaster-default_config/efficientnet-int8-lite4/singlestream/performance/tmp_power/run_1'
client 2023-02-25 08:39:05,783 [INFO] Done runs
