ptd-server 2023-02-23 16:06:54,845 [INFO] Got command from the client 'time'
ptd-server 2023-02-23 16:06:54,846 [INFO] Sending reply to client '1677168414.8459792'
ptd-server 2023-02-23 16:06:54,851 [INFO] Got command from the client 'new,,ff953f2c-f2f1-4722-a546-e9eca934d724'
ptd-server 2023-02-23 16:06:54,852 [INFO] Sending reply to client 'OK 2023-02-23_16-06-54,e4784fb7-196d-449c-9487-1bdbd6ae864c'
ptd-server 2023-02-23 16:06:54,874 [INFO] Got command from the client 'time'
ptd-server 2023-02-23 16:06:54,874 [INFO] Sending reply to client '1677168414.8745856'
ptd-server 2023-02-23 16:06:54,878 [INFO] Got command from the client 'session,2023-02-23_16-06-54,start,ranging'
ptd-server 2023-02-23 16:06:54,879 [INFO] Running PTDaemon: ['/media/arjun/T7_Touch/hp-envy/CM/repos/local/cache/9b3695ca8255492a/power/inference_v1.0/ptd-linux-x86', '-l', '/tmp/tmpti64566v/ptd_logfile.txt', '-p', '8888', '49', '/dev/usbtmc0']
ptd-server 2023-02-23 16:07:11,971 [INFO] Sending to ptd: 'Hello'
ptd-server 2023-02-23 16:07:11,972 [INFO] Reply from ptd: 'Hello, PTDaemon here!'
ptd-server 2023-02-23 16:07:11,973 [INFO] Sending to ptd: 'Identify'
ptd-server 2023-02-23 16:07:11,973 [INFO] Reply from ptd: 'YokogawaWT310E,1000,1,1,1,1,0,1,1,version=1.10.0-ed9a21d2-20220817,OS=Linux 5.15.0-56-generic #62-Ubuntu SMP Tue Nov 22 19:54:14 UTC 2022 x86_64,mode=power,1,1,1,0,0,no_cal_date,YOKOGAWA;WT310E;C3YD21068E;F1.04'
ptd-server 2023-02-23 16:07:11,974 [INFO] Connected to PTDaemon
ptd-server 2023-02-23 16:07:11,974 [INFO] Sending to ptd: 'RR'
ptd-server 2023-02-23 16:07:11,975 [INFO] Reply from ptd: 'Ranges,0,0.100000,0,600.000000'
ptd-server 2023-02-23 16:07:11,975 [INFO] Initial range for Amps is 0.100000 for Volts is 600.000000
ptd-server 2023-02-23 16:07:11,975 [INFO] Sending to ptd: 'SR,V,Auto'
ptd-server 2023-02-23 16:07:12,479 [INFO] Reply from ptd: 'Range V changed'
ptd-server 2023-02-23 16:07:12,479 [INFO] Sending to ptd: 'SR,A,Auto'
ptd-server 2023-02-23 16:07:12,983 [INFO] Reply from ptd: 'Range A changed'
ptd-server 2023-02-23 16:07:22,994 [INFO] Starting ranging mode
ptd-server 2023-02-23 16:07:22,994 [INFO] Sending to ptd: 'Go,1000,0,2023-02-23_16-06-54_ranging'
ptd-server 2023-02-23 16:07:22,995 [INFO] Reply from ptd: 'Starting untimed measurement, maximum 500000 samples at 1000ms with 0 rampup samples'
ptd-server 2023-02-23 16:07:22,995 [INFO] Sending reply to client 'OK'
ptd-server 2023-02-23 16:18:46,999 [INFO] Got command from the client 'session,2023-02-23_16-06-54,stop,ranging'
ptd-server 2023-02-23 16:18:57,011 [INFO] Sending to ptd: 'Stop'
ptd-server 2023-02-23 16:18:57,012 [INFO] Reply from ptd: 'Stopping untimed measurement'
ptd-server 2023-02-23 16:18:57,043 [INFO] Sending reply to client 'OK'
ptd-server 2023-02-23 16:18:57,086 [INFO] Got command from the client 'time'
ptd-server 2023-02-23 16:18:57,086 [INFO] Sending reply to client '1677169137.086596'
ptd-server 2023-02-23 16:18:57,090 [INFO] Got command from the client 'session,2023-02-23_16-06-54,start,testing'
ptd-server 2023-02-23 16:18:57,091 [INFO] Sending to ptd: 'SR,V,247.350000'
ptd-server 2023-02-23 16:18:59,498 [INFO] Reply from ptd: 'Range V changed'
ptd-server 2023-02-23 16:18:59,499 [INFO] Sending to ptd: 'SR,A,0.236410'
ptd-server 2023-02-23 16:19:01,002 [INFO] Reply from ptd: 'Range A changed'
ptd-server 2023-02-23 16:19:11,012 [INFO] Starting testing mode
ptd-server 2023-02-23 16:19:11,013 [INFO] Sending to ptd: 'Go,1000,0,2023-02-23_16-06-54_testing'
ptd-server 2023-02-23 16:19:11,014 [INFO] Reply from ptd: 'Starting untimed measurement, maximum 500000 samples at 1000ms with 0 rampup samples'
ptd-server 2023-02-23 16:19:11,014 [INFO] Sending reply to client 'OK'
ptd-server 2023-02-23 16:30:59,223 [INFO] Got command from the client 'session,2023-02-23_16-06-54,stop,testing'
ptd-server 2023-02-23 16:31:09,234 [INFO] Sending to ptd: 'Stop'
ptd-server 2023-02-23 16:31:09,235 [INFO] Reply from ptd: 'Stopping untimed measurement'
ptd-server 2023-02-23 16:31:09,251 [INFO] Sending reply to client 'OK'
ptd-server 2023-02-23 16:31:09,269 [INFO] Got command from the client 'session,2023-02-23_16-06-54,done'
ptd-server 2023-02-23 16:31:09,269 [INFO] Sending to ptd: 'Stop'
ptd-server 2023-02-23 16:31:10,015 [INFO] Reply from ptd: 'Error: no measurement to stop'
ptd-server 2023-02-23 16:31:10,016 [INFO] Sending to ptd: 'SR,V,600.000000'
ptd-server 2023-02-23 16:31:11,519 [INFO] Reply from ptd: 'Range V changed'
ptd-server 2023-02-23 16:31:11,519 [INFO] Sending to ptd: 'SR,A,0.100000'
ptd-server 2023-02-23 16:31:13,022 [INFO] Reply from ptd: 'Range A changed'
ptd-server 2023-02-23 16:31:13,023 [INFO] Set initial values for Amps 0.100000 and Volts 600.000000
ptd-server 2023-02-23 16:31:13,023 [INFO] Stopping ptd...
