ptd-server 2023-02-23 20:10:07,528 [INFO] Got command from the client 'time'
ptd-server 2023-02-23 20:10:07,528 [INFO] Sending reply to client '1677183007.5282161'
ptd-server 2023-02-23 20:10:07,529 [INFO] Got command from the client 'new,,045733a6-a8ca-40f9-83f1-06bf5bde636a'
ptd-server 2023-02-23 20:10:07,529 [INFO] Sending reply to client 'OK 2023-02-23_20-10-07,e5d66d9f-41b9-41bd-a01d-5923a22008cf'
ptd-server 2023-02-23 20:10:07,565 [INFO] Got command from the client 'time'
ptd-server 2023-02-23 20:10:07,565 [INFO] Sending reply to client '1677183007.5657191'
ptd-server 2023-02-23 20:10:07,566 [INFO] Got command from the client 'session,2023-02-23_20-10-07,start,ranging'
ptd-server 2023-02-23 20:10:07,567 [INFO] Running PTDaemon: ['/home/anton/projects/mlperf/power/inference_v1.0/ptd-linux-x86', '-l', '/tmp/tmp4yl1neqp/ptd_logfile.txt', '-p', '8888', '49', '/dev/usbtmc0']
ptd-server 2023-02-23 20:10:24,640 [INFO] Sending to ptd: 'Hello'
ptd-server 2023-02-23 20:10:24,640 [INFO] Reply from ptd: 'Hello, PTDaemon here!'
ptd-server 2023-02-23 20:10:24,641 [INFO] Sending to ptd: 'Identify'
ptd-server 2023-02-23 20:10:24,641 [INFO] Reply from ptd: 'YokogawaWT310E,1000,1,1,1,1,0,1,1,version=1.10.0-ed9a21d2-20220817,OS=Linux 5.15.0-60-generic #66~20.04.1-Ubuntu SMP Wed Jan 25 09:41:30 UTC 2023 x86_64,mode=power,1,1,1,0,0,no_cal_date,YOKOGAWA;WT310E;C3XA04010E;F1.04'
ptd-server 2023-02-23 20:10:24,641 [INFO] Connected to PTDaemon
ptd-server 2023-02-23 20:10:24,641 [INFO] Sending to ptd: 'RR'
ptd-server 2023-02-23 20:10:24,642 [INFO] Reply from ptd: 'Ranges,1,0.100000,1,300.000000'
ptd-server 2023-02-23 20:10:24,642 [INFO] Initial range for Amps is Auto for Volts is Auto
ptd-server 2023-02-23 20:10:24,642 [INFO] Sending to ptd: 'SR,V,Auto'
ptd-server 2023-02-23 20:10:25,144 [INFO] Reply from ptd: 'Range V changed'
ptd-server 2023-02-23 20:10:25,144 [INFO] Sending to ptd: 'SR,A,Auto'
ptd-server 2023-02-23 20:10:25,647 [INFO] Reply from ptd: 'Range A changed'
ptd-server 2023-02-23 20:10:35,648 [INFO] Starting ranging mode
ptd-server 2023-02-23 20:10:35,648 [INFO] Sending to ptd: 'Go,1000,0,2023-02-23_20-10-07_ranging'
ptd-server 2023-02-23 20:10:35,649 [INFO] Reply from ptd: 'Starting untimed measurement, maximum 500000 samples at 1000ms with 0 rampup samples'
ptd-server 2023-02-23 20:10:35,649 [INFO] Sending reply to client 'OK'
ptd-server 2023-02-23 20:20:51,918 [INFO] Got command from the client 'session,2023-02-23_20-10-07,stop,ranging'
ptd-server 2023-02-23 20:21:01,929 [INFO] Sending to ptd: 'Stop'
ptd-server 2023-02-23 20:21:01,929 [INFO] Reply from ptd: 'Stopping untimed measurement'
ptd-server 2023-02-23 20:21:02,500 [INFO] Sending reply to client 'OK'
ptd-server 2023-02-23 20:21:02,530 [INFO] Got command from the client 'time'
ptd-server 2023-02-23 20:21:02,530 [INFO] Sending reply to client '1677183662.5306947'
ptd-server 2023-02-23 20:21:02,531 [INFO] Got command from the client 'session,2023-02-23_20-10-07,start,testing'
ptd-server 2023-02-23 20:21:02,532 [INFO] Sending to ptd: 'SR,V,251.420000'
ptd-server 2023-02-23 20:21:04,150 [INFO] Reply from ptd: 'Range V changed'
ptd-server 2023-02-23 20:21:04,150 [INFO] Sending to ptd: 'SR,A,0.054620'
ptd-server 2023-02-23 20:21:05,651 [INFO] Reply from ptd: 'Range A changed'
ptd-server 2023-02-23 20:21:15,662 [INFO] Starting testing mode
ptd-server 2023-02-23 20:21:15,662 [INFO] Sending to ptd: 'Go,1000,0,2023-02-23_20-10-07_testing'
ptd-server 2023-02-23 20:21:15,662 [INFO] Reply from ptd: 'Starting untimed measurement, maximum 500000 samples at 1000ms with 0 rampup samples'
ptd-server 2023-02-23 20:21:15,662 [INFO] Sending reply to client 'OK'
ptd-server 2023-02-23 20:31:31,943 [INFO] Got command from the client 'session,2023-02-23_20-10-07,stop,testing'
ptd-server 2023-02-23 20:31:41,954 [INFO] Sending to ptd: 'Stop'
ptd-server 2023-02-23 20:31:41,954 [INFO] Reply from ptd: 'Stopping untimed measurement'
ptd-server 2023-02-23 20:31:42,248 [INFO] Sending reply to client 'OK'
ptd-server 2023-02-23 20:31:42,256 [INFO] Got command from the client 'session,2023-02-23_20-10-07,done'
ptd-server 2023-02-23 20:31:42,256 [INFO] Sending to ptd: 'Stop'
ptd-server 2023-02-23 20:31:42,663 [INFO] Reply from ptd: 'Error: no measurement to stop'
ptd-server 2023-02-23 20:31:42,663 [INFO] Sending to ptd: 'SR,V,Auto'
ptd-server 2023-02-23 20:31:43,166 [INFO] Reply from ptd: 'Range V changed'
ptd-server 2023-02-23 20:31:43,166 [INFO] Sending to ptd: 'SR,A,Auto'
ptd-server 2023-02-23 20:31:43,668 [INFO] Reply from ptd: 'Range A changed'
ptd-server 2023-02-23 20:31:43,668 [INFO] Set initial values for Amps Auto and Volts Auto
ptd-server 2023-02-23 20:31:43,669 [INFO] Stopping ptd...
