ptd-server 2023-02-28 03:45:43,493 [INFO] Got command from the client 'time'
ptd-server 2023-02-28 03:45:43,493 [INFO] Sending reply to client '1677555943.4938416'
ptd-server 2023-02-28 03:45:43,495 [INFO] Got command from the client 'new,,92d1d373-5a76-4c12-aa8e-424277c6655f'
ptd-server 2023-02-28 03:45:43,496 [INFO] Sending reply to client 'OK 2023-02-28_03-45-43,a7873245-a495-4c40-9c76-dcf12dc9eea6'
ptd-server 2023-02-28 03:45:43,520 [INFO] Got command from the client 'time'
ptd-server 2023-02-28 03:45:43,520 [INFO] Sending reply to client '1677555943.5207186'
ptd-server 2023-02-28 03:45:43,525 [INFO] Got command from the client 'session,2023-02-28_03-45-43,start,ranging'
ptd-server 2023-02-28 03:45:43,526 [INFO] Running PTDaemon: ['/home/anton/projects/mlperf/power/inference_v1.0/ptd-linux-x86', '-l', '/tmp/tmpu4v721n6/ptd_logfile.txt', '-p', '8888', '49', '/dev/usbtmc0']
ptd-server 2023-02-28 03:46:00,611 [INFO] Sending to ptd: 'Hello'
ptd-server 2023-02-28 03:46:00,612 [INFO] Reply from ptd: 'Hello, PTDaemon here!'
ptd-server 2023-02-28 03:46:00,612 [INFO] Sending to ptd: 'Identify'
ptd-server 2023-02-28 03:46:00,612 [INFO] Reply from ptd: 'YokogawaWT310E,1000,1,1,1,1,0,1,1,version=1.10.0-ed9a21d2-20220817,OS=Linux 5.15.0-60-generic #66~20.04.1-Ubuntu SMP Wed Jan 25 09:41:30 UTC 2023 x86_64,mode=power,1,1,1,0,0,no_cal_date,YOKOGAWA;WT310E;C3XA04010E;F1.04'
ptd-server 2023-02-28 03:46:00,612 [INFO] Connected to PTDaemon
ptd-server 2023-02-28 03:46:00,612 [INFO] Sending to ptd: 'RR'
ptd-server 2023-02-28 03:46:00,613 [INFO] Reply from ptd: 'Ranges,0,0.100000,0,300.000000'
ptd-server 2023-02-28 03:46:00,613 [INFO] Initial range for Amps is 0.100000 for Volts is 300.000000
ptd-server 2023-02-28 03:46:00,613 [INFO] Sending to ptd: 'SR,V,Auto'
ptd-server 2023-02-28 03:46:01,116 [INFO] Reply from ptd: 'Range V changed'
ptd-server 2023-02-28 03:46:01,116 [INFO] Sending to ptd: 'SR,A,Auto'
ptd-server 2023-02-28 03:46:01,619 [INFO] Reply from ptd: 'Range A changed'
ptd-server 2023-02-28 03:46:11,629 [INFO] Starting ranging mode
ptd-server 2023-02-28 03:46:11,629 [INFO] Sending to ptd: 'Go,1000,0,2023-02-28_03-45-43_ranging'
ptd-server 2023-02-28 03:46:11,630 [INFO] Reply from ptd: 'Starting untimed measurement, maximum 500000 samples at 1000ms with 0 rampup samples'
ptd-server 2023-02-28 03:46:11,630 [INFO] Sending reply to client 'OK'
ptd-server 2023-02-28 03:56:41,064 [INFO] Got command from the client 'session,2023-02-28_03-45-43,stop,ranging'
ptd-server 2023-02-28 03:56:51,074 [INFO] Sending to ptd: 'Stop'
ptd-server 2023-02-28 03:56:51,075 [INFO] Reply from ptd: 'Stopping untimed measurement'
ptd-server 2023-02-28 03:56:51,484 [INFO] Sending reply to client 'OK'
ptd-server 2023-02-28 03:56:51,584 [INFO] Got command from the client 'time'
ptd-server 2023-02-28 03:56:51,584 [INFO] Sending reply to client '1677556611.5842688'
ptd-server 2023-02-28 03:56:51,586 [INFO] Got command from the client 'session,2023-02-28_03-45-43,start,testing'
ptd-server 2023-02-28 03:56:51,587 [INFO] Sending to ptd: 'SR,V,251.230000'
ptd-server 2023-02-28 03:56:53,131 [INFO] Reply from ptd: 'Range V changed'
ptd-server 2023-02-28 03:56:53,131 [INFO] Sending to ptd: 'SR,A,0.054070'
ptd-server 2023-02-28 03:56:54,633 [INFO] Reply from ptd: 'Range A changed'
ptd-server 2023-02-28 03:57:04,643 [INFO] Starting testing mode
ptd-server 2023-02-28 03:57:04,643 [INFO] Sending to ptd: 'Go,1000,0,2023-02-28_03-45-43_testing'
ptd-server 2023-02-28 03:57:04,644 [INFO] Reply from ptd: 'Starting untimed measurement, maximum 500000 samples at 1000ms with 0 rampup samples'
ptd-server 2023-02-28 03:57:04,644 [INFO] Sending reply to client 'OK'
ptd-server 2023-02-28 04:07:33,896 [INFO] Got command from the client 'session,2023-02-28_03-45-43,stop,testing'
ptd-server 2023-02-28 04:07:43,907 [INFO] Sending to ptd: 'Stop'
ptd-server 2023-02-28 04:07:43,907 [INFO] Reply from ptd: 'Stopping untimed measurement'
ptd-server 2023-02-28 04:07:44,120 [INFO] Sending reply to client 'OK'
ptd-server 2023-02-28 04:07:44,141 [INFO] Got command from the client 'session,2023-02-28_03-45-43,done'
ptd-server 2023-02-28 04:07:44,141 [INFO] Sending to ptd: 'Stop'
ptd-server 2023-02-28 04:07:44,644 [INFO] Reply from ptd: 'Error: no measurement to stop'
ptd-server 2023-02-28 04:07:44,645 [INFO] Sending to ptd: 'SR,V,300.000000'
ptd-server 2023-02-28 04:07:46,146 [INFO] Reply from ptd: 'Range V changed'
ptd-server 2023-02-28 04:07:46,146 [INFO] Sending to ptd: 'SR,A,0.100000'
ptd-server 2023-02-28 04:07:47,647 [INFO] Reply from ptd: 'Range A changed'
ptd-server 2023-02-28 04:07:47,648 [INFO] Set initial values for Amps 0.100000 and Volts 300.000000
ptd-server 2023-02-28 04:07:47,648 [INFO] Stopping ptd...
