ptd-server 2023-02-27 14:13:32,052 [INFO] Got command from the client 'time'
ptd-server 2023-02-27 14:13:32,052 [INFO] Sending reply to client '1677507212.0524309'
ptd-server 2023-02-27 14:13:32,053 [INFO] Got command from the client 'new,,ad5d0913-b9f8-410c-83b0-b2459b3cdd0b'
ptd-server 2023-02-27 14:13:32,054 [INFO] Sending reply to client 'OK 2023-02-27_14-13-32,b2eece3d-d47e-4812-80be-48bc8651aa59'
ptd-server 2023-02-27 14:13:32,078 [INFO] Got command from the client 'time'
ptd-server 2023-02-27 14:13:32,078 [INFO] Sending reply to client '1677507212.0783212'
ptd-server 2023-02-27 14:13:32,083 [INFO] Got command from the client 'session,2023-02-27_14-13-32,start,ranging'
ptd-server 2023-02-27 14:13:32,083 [INFO] Running PTDaemon: ['/home/anton/projects/mlperf/power/inference_v1.0/ptd-linux-x86', '-l', '/tmp/tmpu4v721n6/ptd_logfile.txt', '-p', '8888', '49', '/dev/usbtmc0']
ptd-server 2023-02-27 14:13:49,170 [INFO] Sending to ptd: 'Hello'
ptd-server 2023-02-27 14:13:49,170 [INFO] Reply from ptd: 'Hello, PTDaemon here!'
ptd-server 2023-02-27 14:13:49,170 [INFO] Sending to ptd: 'Identify'
ptd-server 2023-02-27 14:13:49,171 [INFO] Reply from ptd: 'YokogawaWT310E,1000,1,1,1,1,0,1,1,version=1.10.0-ed9a21d2-20220817,OS=Linux 5.15.0-60-generic #66~20.04.1-Ubuntu SMP Wed Jan 25 09:41:30 UTC 2023 x86_64,mode=power,1,1,1,0,0,no_cal_date,YOKOGAWA;WT310E;C3XA04010E;F1.04'
ptd-server 2023-02-27 14:13:49,171 [INFO] Connected to PTDaemon
ptd-server 2023-02-27 14:13:49,171 [INFO] Sending to ptd: 'RR'
ptd-server 2023-02-27 14:13:49,171 [INFO] Reply from ptd: 'Ranges,0,0.100000,0,300.000000'
ptd-server 2023-02-27 14:13:49,171 [INFO] Initial range for Amps is 0.100000 for Volts is 300.000000
ptd-server 2023-02-27 14:13:49,171 [INFO] Sending to ptd: 'SR,V,Auto'
ptd-server 2023-02-27 14:13:49,674 [INFO] Reply from ptd: 'Range V changed'
ptd-server 2023-02-27 14:13:49,674 [INFO] Sending to ptd: 'SR,A,Auto'
ptd-server 2023-02-27 14:13:50,177 [INFO] Reply from ptd: 'Range A changed'
ptd-server 2023-02-27 14:14:00,187 [INFO] Starting ranging mode
ptd-server 2023-02-27 14:14:00,187 [INFO] Sending to ptd: 'Go,1000,0,2023-02-27_14-13-32_ranging'
ptd-server 2023-02-27 14:14:00,187 [INFO] Reply from ptd: 'Starting untimed measurement, maximum 500000 samples at 1000ms with 0 rampup samples'
ptd-server 2023-02-27 14:14:00,188 [INFO] Sending reply to client 'OK'
ptd-server 2023-02-27 14:24:19,159 [INFO] Got command from the client 'session,2023-02-27_14-13-32,stop,ranging'
ptd-server 2023-02-27 14:24:29,169 [INFO] Sending to ptd: 'Stop'
ptd-server 2023-02-27 14:24:29,169 [INFO] Reply from ptd: 'Stopping untimed measurement'
ptd-server 2023-02-27 14:24:29,514 [INFO] Sending reply to client 'OK'
ptd-server 2023-02-27 14:24:29,563 [INFO] Got command from the client 'time'
ptd-server 2023-02-27 14:24:29,563 [INFO] Sending reply to client '1677507869.5632548'
ptd-server 2023-02-27 14:24:29,567 [INFO] Got command from the client 'session,2023-02-27_14-13-32,start,testing'
ptd-server 2023-02-27 14:24:29,567 [INFO] Sending to ptd: 'SR,V,253.550000'
ptd-server 2023-02-27 14:24:31,068 [INFO] Reply from ptd: 'Range V changed'
ptd-server 2023-02-27 14:24:31,068 [INFO] Sending to ptd: 'SR,A,0.052480'
ptd-server 2023-02-27 14:24:32,570 [INFO] Reply from ptd: 'Range A changed'
ptd-server 2023-02-27 14:24:42,580 [INFO] Starting testing mode
ptd-server 2023-02-27 14:24:42,580 [INFO] Sending to ptd: 'Go,1000,0,2023-02-27_14-13-32_testing'
ptd-server 2023-02-27 14:24:42,580 [INFO] Reply from ptd: 'Starting untimed measurement, maximum 500000 samples at 1000ms with 0 rampup samples'
ptd-server 2023-02-27 14:24:42,581 [INFO] Sending reply to client 'OK'
ptd-server 2023-02-27 14:35:01,157 [INFO] Got command from the client 'session,2023-02-27_14-13-32,stop,testing'
ptd-server 2023-02-27 14:35:11,168 [INFO] Sending to ptd: 'Stop'
ptd-server 2023-02-27 14:35:11,168 [INFO] Reply from ptd: 'Stopping untimed measurement'
ptd-server 2023-02-27 14:35:11,342 [INFO] Sending reply to client 'OK'
ptd-server 2023-02-27 14:35:11,362 [INFO] Got command from the client 'session,2023-02-27_14-13-32,done'
ptd-server 2023-02-27 14:35:11,363 [INFO] Sending to ptd: 'Stop'
ptd-server 2023-02-27 14:35:11,580 [INFO] Reply from ptd: 'Error: no measurement to stop'
ptd-server 2023-02-27 14:35:11,581 [INFO] Sending to ptd: 'SR,V,300.000000'
ptd-server 2023-02-27 14:35:13,082 [INFO] Reply from ptd: 'Range V changed'
ptd-server 2023-02-27 14:35:13,082 [INFO] Sending to ptd: 'SR,A,0.100000'
ptd-server 2023-02-27 14:35:14,583 [INFO] Reply from ptd: 'Range A changed'
ptd-server 2023-02-27 14:35:14,584 [INFO] Set initial values for Amps 0.100000 and Volts 300.000000
ptd-server 2023-02-27 14:35:14,584 [INFO] Stopping ptd...
