ptd-server 2023-02-28 00:47:08,107 [INFO] Got command from the client 'time'
ptd-server 2023-02-28 00:47:08,108 [INFO] Sending reply to client '1677545228.1082435'
ptd-server 2023-02-28 00:47:08,112 [INFO] Got command from the client 'new,,78a509a0-6da8-4ecc-a20b-99d249d221ff'
ptd-server 2023-02-28 00:47:08,113 [INFO] Sending reply to client 'OK 2023-02-28_00-47-08,dbf3693f-9813-4e42-b6f6-6fcf1db09210'
ptd-server 2023-02-28 00:47:08,135 [INFO] Got command from the client 'time'
ptd-server 2023-02-28 00:47:08,135 [INFO] Sending reply to client '1677545228.135678'
ptd-server 2023-02-28 00:47:08,138 [INFO] Got command from the client 'session,2023-02-28_00-47-08,start,ranging'
ptd-server 2023-02-28 00:47:08,139 [INFO] Running PTDaemon: ['/media/arjun/T7_Touch/hp-envy/CM/repos/local/cache/9b3695ca8255492a/power/inference_v1.0/ptd-linux-x86', '-l', '/tmp/tmpti64566v/ptd_logfile.txt', '-p', '8888', '49', '/dev/usbtmc0']
ptd-server 2023-02-28 00:47:25,244 [INFO] Sending to ptd: 'Hello'
ptd-server 2023-02-28 00:47:25,245 [INFO] Reply from ptd: 'Hello, PTDaemon here!'
ptd-server 2023-02-28 00:47:25,245 [INFO] Sending to ptd: 'Identify'
ptd-server 2023-02-28 00:47:25,246 [INFO] Reply from ptd: 'YokogawaWT310E,1000,1,1,1,1,0,1,1,version=1.10.0-ed9a21d2-20220817,OS=Linux 5.15.0-56-generic #62-Ubuntu SMP Tue Nov 22 19:54:14 UTC 2022 x86_64,mode=power,1,1,1,0,0,no_cal_date,YOKOGAWA;WT310E;C3YD21068E;F1.04'
ptd-server 2023-02-28 00:47:25,246 [INFO] Connected to PTDaemon
ptd-server 2023-02-28 00:47:25,247 [INFO] Sending to ptd: 'RR'
ptd-server 2023-02-28 00:47:25,247 [INFO] Reply from ptd: 'Ranges,0,0.100000,0,600.000000'
ptd-server 2023-02-28 00:47:25,247 [INFO] Initial range for Amps is 0.100000 for Volts is 600.000000
ptd-server 2023-02-28 00:47:25,248 [INFO] Sending to ptd: 'SR,V,Auto'
ptd-server 2023-02-28 00:47:25,751 [INFO] Reply from ptd: 'Range V changed'
ptd-server 2023-02-28 00:47:25,751 [INFO] Sending to ptd: 'SR,A,Auto'
ptd-server 2023-02-28 00:47:26,255 [INFO] Reply from ptd: 'Range A changed'
ptd-server 2023-02-28 00:47:36,266 [INFO] Starting ranging mode
ptd-server 2023-02-28 00:47:36,267 [INFO] Sending to ptd: 'Go,1000,0,2023-02-28_00-47-08_ranging'
ptd-server 2023-02-28 00:47:36,267 [INFO] Reply from ptd: 'Starting untimed measurement, maximum 500000 samples at 1000ms with 0 rampup samples'
ptd-server 2023-02-28 00:47:36,268 [INFO] Sending reply to client 'OK'
ptd-server 2023-02-28 01:01:44,110 [INFO] Got command from the client 'session,2023-02-28_00-47-08,stop,ranging'
ptd-server 2023-02-28 01:01:54,121 [INFO] Sending to ptd: 'Stop'
ptd-server 2023-02-28 01:01:54,122 [INFO] Reply from ptd: 'Stopping untimed measurement'
ptd-server 2023-02-28 01:01:54,424 [INFO] Sending reply to client 'OK'
ptd-server 2023-02-28 01:01:54,479 [INFO] Got command from the client 'time'
ptd-server 2023-02-28 01:01:54,479 [INFO] Sending reply to client '1677546114.4799023'
ptd-server 2023-02-28 01:01:54,482 [INFO] Got command from the client 'session,2023-02-28_00-47-08,start,testing'
ptd-server 2023-02-28 01:01:54,483 [INFO] Sending to ptd: 'SR,V,248.920000'
ptd-server 2023-02-28 01:01:55,986 [INFO] Reply from ptd: 'Range V changed'
ptd-server 2023-02-28 01:01:55,986 [INFO] Sending to ptd: 'SR,A,0.204910'
ptd-server 2023-02-28 01:01:57,489 [INFO] Reply from ptd: 'Range A changed'
ptd-server 2023-02-28 01:02:07,500 [INFO] Starting testing mode
ptd-server 2023-02-28 01:02:07,501 [INFO] Sending to ptd: 'Go,1000,0,2023-02-28_00-47-08_testing'
ptd-server 2023-02-28 01:02:07,502 [INFO] Reply from ptd: 'Starting untimed measurement, maximum 500000 samples at 1000ms with 0 rampup samples'
ptd-server 2023-02-28 01:02:07,502 [INFO] Sending reply to client 'OK'
ptd-server 2023-02-28 01:16:23,306 [INFO] Got command from the client 'session,2023-02-28_00-47-08,stop,testing'
ptd-server 2023-02-28 01:16:33,317 [INFO] Sending to ptd: 'Stop'
ptd-server 2023-02-28 01:16:33,317 [INFO] Reply from ptd: 'Stopping untimed measurement'
ptd-server 2023-02-28 01:16:33,523 [INFO] Sending reply to client 'OK'
ptd-server 2023-02-28 01:16:33,539 [INFO] Got command from the client 'session,2023-02-28_00-47-08,done'
ptd-server 2023-02-28 01:16:33,539 [INFO] Sending to ptd: 'Stop'
ptd-server 2023-02-28 01:16:33,539 [INFO] Reply from ptd: 'Error: no measurement to stop'
ptd-server 2023-02-28 01:16:33,539 [INFO] Sending to ptd: 'SR,V,600.000000'
ptd-server 2023-02-28 01:16:35,040 [INFO] Reply from ptd: 'Range V changed'
ptd-server 2023-02-28 01:16:35,040 [INFO] Sending to ptd: 'SR,A,0.100000'
ptd-server 2023-02-28 01:16:36,542 [INFO] Reply from ptd: 'Range A changed'
ptd-server 2023-02-28 01:16:36,542 [INFO] Set initial values for Amps 0.100000 and Volts 600.000000
ptd-server 2023-02-28 01:16:36,542 [INFO] Stopping ptd...
