client 2023-02-23 20:30:36,586 [INFO] Creating output directory '/home/arjun/mobilenet_results/valid_results/arjun_orin-tflite_cpp-cpu-tflite-vmaster-default_config/mobilenet-v1-precision_float-0.25-224/singlestream/performance/tmp_power'
client 2023-02-23 20:30:36,589 [INFO] Sending command to the server: 'mlcommons/power client v3'
client 2023-02-23 20:30:36,592 [INFO] Got response: 'mlcommons/power server v3'
client 2023-02-23 20:30:36,593 [INFO] Synchronizing with the server and with time.google.com...
client 2023-02-23 20:30:36,615 [INFO] NTP:offset = 0.001 s, delay = 0.016 s 
client 2023-02-23 20:30:36,615 [INFO] Sending command to the server: 'time'
client 2023-02-23 20:30:36,618 [INFO] Got response: '1677184236.6182876'
client 2023-02-23 20:30:36,618 [INFO] The time difference between the client and the server is within range -2.903 ms..0.424 ms
client 2023-02-23 20:30:36,618 [INFO] Sending command to the server: 'new,,2ecb4722-14a9-4ef8-b07b-8d4af7f97da4'
client 2023-02-23 20:30:36,623 [INFO] Got response: 'OK 2023-02-23_20-30-36,55d44954-a6fd-46cb-8edc-ecb1fe6b0621'
client 2023-02-23 20:30:36,623 [INFO] Session id is '2023-02-23_20-30-36'
client 2023-02-23 20:30:36,623 [INFO] Sources: {"sources": {"__init__.py": "da39a3ee5e6b4b0d3255bfef95601890afd80709", "client.py": "33ca4f26368777ac06e01f9567b714a4b8063886", "lib/__init__.py": "da39a3ee5e6b4b0d3255bfef95601890afd80709", "lib/client.py": "4c2b78fb4849a7e5b584ef792d82aaed20b17f57", "lib/common.py": "624d0c0acc7c39aaff3674f0b99d6a09da53d1dc", "lib/external/__init__.py": "da39a3ee5e6b4b0d3255bfef95601890afd80709", "lib/external/ntplib.py": "4da8f970656505a40483206ef2b5d3dd5e81711d", "lib/server.py": "cda0cdfaee9bfa1249c64a7dd4f89b7bf1b279f0", "lib/source_hashes.py": "60a2e02193209e8d392803326208d5466342da18", "lib/summary.py": "aa92f0a3f975eecd44d3c0cd0236342ccc9f941d", "lib/time_sync.py": "3210db56eb0ff0df57bf4293dc4d4b03fffd46f1", "server.py": "c3f90f2f7eeb4db30727556d0c815ebc89b3d28b", "tests/unit/__init__.py": "da39a3ee5e6b4b0d3255bfef95601890afd80709", "tests/unit/test_server.py": "99ae15aef722f2000ee6ed1ae1523637bf1ae42b", "tests/unit/test_source_hashes.py": "00468a2907583c593e6574a1f6b404e4651c221a"}, "modules": {"ptd_client_server.lib.client": "lib/client.py", "ptd_client_server.lib.common": "lib/common.py", "ptd_client_server.lib.external.ntplib": "lib/external/ntplib.py", "ptd_client_server.lib.source_hashes": "lib/source_hashes.py", "ptd_client_server.lib.summary": "lib/summary.py", "ptd_client_server.lib.time_sync": "lib/time_sync.py"}}
client 2023-02-23 20:30:36,624 [INFO] Running workload in ranging mode
client 2023-02-23 20:30:36,624 [INFO] Synchronizing with the server and with time.google.com...
client 2023-02-23 20:30:36,641 [INFO] NTP:offset = 0.001 s, delay = 0.016 s 
client 2023-02-23 20:30:36,641 [INFO] Sending command to the server: 'time'
client 2023-02-23 20:30:36,647 [INFO] Got response: '1677184236.6459935'
client 2023-02-23 20:30:36,647 [INFO] The time difference between the client and the server is within range -4.404 ms..1.308 ms
client 2023-02-23 20:30:36,647 [INFO] Sending command to the server: 'session,2023-02-23_20-30-36,start,ranging'
client 2023-02-23 20:31:04,835 [INFO] Got response: 'OK'
client 2023-02-23 20:31:04,836 [INFO] Running the workload '/home/arjun/run.out'
client 2023-02-23 20:42:02,763 [INFO] Sending command to the server: 'session,2023-02-23_20-30-36,stop,ranging'
client 2023-02-23 20:42:12,842 [INFO] Got response: 'OK'
client 2023-02-23 20:42:12,869 [INFO] Copying loadgen logs from '/home/arjun/mobilenet_results/valid_results/arjun_orin-tflite_cpp-cpu-tflite-vmaster-default_config/mobilenet-v1-precision_float-0.25-224/singlestream/performance/run_1' to '/home/arjun/mobilenet_results/valid_results/arjun_orin-tflite_cpp-cpu-tflite-vmaster-default_config/mobilenet-v1-precision_float-0.25-224/singlestream/performance/tmp_power/ranging'
client 2023-02-23 20:42:12,871 [INFO] Running workload in testing mode
client 2023-02-23 20:42:12,871 [INFO] Synchronizing with the server and with time.google.com...
client 2023-02-23 20:42:12,892 [INFO] NTP:offset = 0.001 s, delay = 0.016 s 
client 2023-02-23 20:42:12,893 [INFO] Sending command to the server: 'time'
client 2023-02-23 20:42:12,896 [INFO] Got response: '1677184932.8962348'
client 2023-02-23 20:42:12,897 [INFO] The time difference between the client and the server is within range -2.981 ms..0.916 ms
client 2023-02-23 20:42:12,897 [INFO] Sending command to the server: 'session,2023-02-23_20-30-36,start,testing'
client 2023-02-23 20:42:26,792 [INFO] Got response: 'OK'
client 2023-02-23 20:42:26,793 [INFO] Running the workload '/home/arjun/run.out'
client 2023-02-23 20:53:23,514 [INFO] Sending command to the server: 'session,2023-02-23_20-30-36,stop,testing'
client 2023-02-23 20:53:33,566 [INFO] Got response: 'OK'
client 2023-02-23 20:53:33,571 [INFO] Copying loadgen logs from '/home/arjun/mobilenet_results/valid_results/arjun_orin-tflite_cpp-cpu-tflite-vmaster-default_config/mobilenet-v1-precision_float-0.25-224/singlestream/performance/run_1' to '/home/arjun/mobilenet_results/valid_results/arjun_orin-tflite_cpp-cpu-tflite-vmaster-default_config/mobilenet-v1-precision_float-0.25-224/singlestream/performance/tmp_power/run_1'
client 2023-02-23 20:53:33,573 [INFO] Done runs
