ptd-server 2023-02-23 20:30:36,617 [INFO] Got command from the client 'time'
ptd-server 2023-02-23 20:30:36,618 [INFO] Sending reply to client '1677184236.6182876'
ptd-server 2023-02-23 20:30:36,621 [INFO] Got command from the client 'new,,2ecb4722-14a9-4ef8-b07b-8d4af7f97da4'
ptd-server 2023-02-23 20:30:36,622 [INFO] Sending reply to client 'OK 2023-02-23_20-30-36,55d44954-a6fd-46cb-8edc-ecb1fe6b0621'
ptd-server 2023-02-23 20:30:36,645 [INFO] Got command from the client 'time'
ptd-server 2023-02-23 20:30:36,646 [INFO] Sending reply to client '1677184236.6459935'
ptd-server 2023-02-23 20:30:36,649 [INFO] Got command from the client 'session,2023-02-23_20-30-36,start,ranging'
ptd-server 2023-02-23 20:30:36,650 [INFO] Running PTDaemon: ['/media/arjun/T7_Touch/hp-envy/CM/repos/local/cache/9b3695ca8255492a/power/inference_v1.0/ptd-linux-x86', '-l', '/tmp/tmpti64566v/ptd_logfile.txt', '-p', '8888', '49', '/dev/usbtmc0']
ptd-server 2023-02-23 20:30:53,747 [INFO] Sending to ptd: 'Hello'
ptd-server 2023-02-23 20:30:53,748 [INFO] Reply from ptd: 'Hello, PTDaemon here!'
ptd-server 2023-02-23 20:30:53,748 [INFO] Sending to ptd: 'Identify'
ptd-server 2023-02-23 20:30:53,749 [INFO] Reply from ptd: 'YokogawaWT310E,1000,1,1,1,1,0,1,1,version=1.10.0-ed9a21d2-20220817,OS=Linux 5.15.0-56-generic #62-Ubuntu SMP Tue Nov 22 19:54:14 UTC 2022 x86_64,mode=power,1,1,1,0,0,no_cal_date,YOKOGAWA;WT310E;C3YD21068E;F1.04'
ptd-server 2023-02-23 20:30:53,749 [INFO] Connected to PTDaemon
ptd-server 2023-02-23 20:30:53,750 [INFO] Sending to ptd: 'RR'
ptd-server 2023-02-23 20:30:53,750 [INFO] Reply from ptd: 'Ranges,0,0.100000,0,600.000000'
ptd-server 2023-02-23 20:30:53,751 [INFO] Initial range for Amps is 0.100000 for Volts is 600.000000
ptd-server 2023-02-23 20:30:53,751 [INFO] Sending to ptd: 'SR,V,Auto'
ptd-server 2023-02-23 20:30:54,255 [INFO] Reply from ptd: 'Range V changed'
ptd-server 2023-02-23 20:30:54,255 [INFO] Sending to ptd: 'SR,A,Auto'
ptd-server 2023-02-23 20:30:54,759 [INFO] Reply from ptd: 'Range A changed'
ptd-server 2023-02-23 20:31:04,770 [INFO] Starting ranging mode
ptd-server 2023-02-23 20:31:04,770 [INFO] Sending to ptd: 'Go,1000,0,2023-02-23_20-30-36_ranging'
ptd-server 2023-02-23 20:31:04,771 [INFO] Reply from ptd: 'Starting untimed measurement, maximum 500000 samples at 1000ms with 0 rampup samples'
ptd-server 2023-02-23 20:31:04,771 [INFO] Sending reply to client 'OK'
ptd-server 2023-02-23 20:42:02,766 [INFO] Got command from the client 'session,2023-02-23_20-30-36,stop,ranging'
ptd-server 2023-02-23 20:42:12,776 [INFO] Sending to ptd: 'Stop'
ptd-server 2023-02-23 20:42:12,777 [INFO] Reply from ptd: 'Stopping untimed measurement'
ptd-server 2023-02-23 20:42:12,841 [INFO] Sending reply to client 'OK'
ptd-server 2023-02-23 20:42:12,896 [INFO] Got command from the client 'time'
ptd-server 2023-02-23 20:42:12,896 [INFO] Sending reply to client '1677184932.8962348'
ptd-server 2023-02-23 20:42:12,900 [INFO] Got command from the client 'session,2023-02-23_20-30-36,start,testing'
ptd-server 2023-02-23 20:42:12,900 [INFO] Sending to ptd: 'SR,V,245.510000'
ptd-server 2023-02-23 20:42:15,275 [INFO] Reply from ptd: 'Range V changed'
ptd-server 2023-02-23 20:42:15,275 [INFO] Sending to ptd: 'SR,A,0.164710'
ptd-server 2023-02-23 20:42:16,778 [INFO] Reply from ptd: 'Range A changed'
ptd-server 2023-02-23 20:42:26,789 [INFO] Starting testing mode
ptd-server 2023-02-23 20:42:26,789 [INFO] Sending to ptd: 'Go,1000,0,2023-02-23_20-30-36_testing'
ptd-server 2023-02-23 20:42:26,790 [INFO] Reply from ptd: 'Starting untimed measurement, maximum 500000 samples at 1000ms with 0 rampup samples'
ptd-server 2023-02-23 20:42:26,790 [INFO] Sending reply to client 'OK'
ptd-server 2023-02-23 20:53:23,528 [INFO] Got command from the client 'session,2023-02-23_20-30-36,stop,testing'
ptd-server 2023-02-23 20:53:33,539 [INFO] Sending to ptd: 'Stop'
ptd-server 2023-02-23 20:53:33,540 [INFO] Reply from ptd: 'Stopping untimed measurement'
ptd-server 2023-02-23 20:53:33,564 [INFO] Sending reply to client 'OK'
ptd-server 2023-02-23 20:53:33,581 [INFO] Got command from the client 'session,2023-02-23_20-30-36,done'
ptd-server 2023-02-23 20:53:33,581 [INFO] Sending to ptd: 'Stop'
ptd-server 2023-02-23 20:53:33,792 [INFO] Reply from ptd: 'Error: no measurement to stop'
ptd-server 2023-02-23 20:53:33,792 [INFO] Sending to ptd: 'SR,V,600.000000'
ptd-server 2023-02-23 20:53:35,295 [INFO] Reply from ptd: 'Range V changed'
ptd-server 2023-02-23 20:53:35,295 [INFO] Sending to ptd: 'SR,A,0.100000'
ptd-server 2023-02-23 20:53:36,798 [INFO] Reply from ptd: 'Range A changed'
ptd-server 2023-02-23 20:53:36,799 [INFO] Set initial values for Amps 0.100000 and Volts 600.000000
ptd-server 2023-02-23 20:53:36,799 [INFO] Stopping ptd...
