ptd-server 2023-02-24 03:26:09,731 [INFO] Got command from the client 'stop'
ptd-server 2023-02-24 03:26:09,732 [INFO] The server will be stopped after processing this client
ptd-server 2023-02-24 03:26:09,732 [INFO] Sending reply to client 'OK'
ptd-server 2023-02-24 03:26:09,734 [INFO] Got command from the client 'time'
ptd-server 2023-02-24 03:26:09,734 [INFO] Sending reply to client '1677209169.7348945'
ptd-server 2023-02-24 03:26:09,735 [INFO] Got command from the client 'new,,298063c5-0d1d-4e52-ac05-59235d7838be'
ptd-server 2023-02-24 03:26:09,735 [INFO] Sending reply to client 'OK 2023-02-24_03-26-09,34818aad-cc7d-4cb1-ae25-811e119e849f'
ptd-server 2023-02-24 03:26:09,737 [INFO] Got command from the client 'time'
ptd-server 2023-02-24 03:26:09,737 [INFO] Sending reply to client '1677209169.7375462'
ptd-server 2023-02-24 03:26:09,737 [INFO] Got command from the client 'session,2023-02-24_03-26-09,start,ranging'
ptd-server 2023-02-24 03:26:09,847 [INFO] Running PTDaemon: ['C:\\PTD\\ptd-windows-x86.exe', '-l', 'C:\\Users\\pa\\AppData\\Local\\Temp\\tmp48st2qa0\\ptd_logfile.txt', '-p', '8888', '-c', '1,2', '-y', '77', 'C2WL21005V']
ptd-server 2023-02-24 03:26:29,130 [INFO] Sending to ptd: 'Hello'
ptd-server 2023-02-24 03:26:29,130 [INFO] Reply from ptd: 'Hello, PTDaemon here!'
ptd-server 2023-02-24 03:26:29,131 [INFO] Sending to ptd: 'Identify'
ptd-server 2023-02-24 03:26:29,131 [INFO] Reply from ptd: 'YokogawaWT330_multichannel,1000,1,1,1,1,0,0,1,version=1.10.0-82175bac-20220817,OS=Windows 8 / Server 2012,mode=power,1,1,2,0,0,no_cal_date,YOKOGAWA;WT333;C2WL21005V;F1.04EM'
ptd-server 2023-02-24 03:26:29,132 [INFO] Connected to PTDaemon
ptd-server 2023-02-24 03:26:29,132 [INFO] Sending to ptd: 'RR'
ptd-server 2023-02-24 03:26:29,132 [INFO] Reply from ptd: 'Ranges,1,5.000000,1,150.000000'
ptd-server 2023-02-24 03:26:29,133 [INFO] Initial range for Amps is Auto for Volts is Auto
ptd-server 2023-02-24 03:26:29,133 [INFO] Sending to ptd: 'SR,V,Auto'
ptd-server 2023-02-24 03:26:34,197 [INFO] Reply from ptd: 'Range V changed'
ptd-server 2023-02-24 03:26:34,197 [INFO] Sending to ptd: 'SR,A,Auto'
ptd-server 2023-02-24 03:26:39,273 [INFO] Reply from ptd: 'Range A changed'
ptd-server 2023-02-24 03:26:49,289 [INFO] Starting ranging mode
ptd-server 2023-02-24 03:26:49,289 [INFO] Sending to ptd: 'Go,1000,0,2023-02-24_03-26-09_ranging'
ptd-server 2023-02-24 03:26:49,289 [INFO] Reply from ptd: 'Starting untimed measurement, maximum 500000 samples at 1000ms with 0 rampup samples'
ptd-server 2023-02-24 03:26:49,290 [INFO] Sending reply to client 'OK'
ptd-server 2023-02-24 07:07:35,178 [INFO] Got command from the client 'session,2023-02-24_03-26-09,stop,ranging'
ptd-server 2023-02-24 07:07:45,187 [INFO] Sending to ptd: 'Stop'
ptd-server 2023-02-24 07:07:45,188 [INFO] Reply from ptd: 'Stopping untimed measurement'
ptd-server 2023-02-24 07:07:45,550 [INFO] Sending reply to client 'OK'
ptd-server 2023-02-24 07:07:45,559 [INFO] Got command from the client 'time'
ptd-server 2023-02-24 07:07:45,559 [INFO] Sending reply to client '1677222465.5593626'
ptd-server 2023-02-24 07:07:45,559 [INFO] Got command from the client 'set_ntp'
ptd-server 2023-02-24 07:07:45,559 [INFO] Synchronizing with 192.168.123.123 time using NTP...
ptd-server 2023-02-24 07:07:47,153 [INFO] Set system time at 2023-02-24 07:07:47.153544
ptd-server 2023-02-24 07:07:47,153 [INFO] Sending reply to client 'OK'
ptd-server 2023-02-24 07:07:54,260 [INFO] Got command from the client 'time'
ptd-server 2023-02-24 07:07:54,260 [INFO] Sending reply to client '1677222474.2606058'
ptd-server 2023-02-24 07:07:54,261 [INFO] Got command from the client 'session,2023-02-24_03-26-09,start,testing'
ptd-server 2023-02-24 07:07:54,261 [INFO] Sending to ptd: 'SR,V,121.370000'
ptd-server 2023-02-24 07:08:00,334 [INFO] Reply from ptd: 'Range V changed'
ptd-server 2023-02-24 07:08:00,335 [INFO] Sending to ptd: 'SR,A,3.398000'
ptd-server 2023-02-24 07:08:05,915 [INFO] Reply from ptd: 'Range A changed'
ptd-server 2023-02-24 07:08:15,925 [INFO] Starting testing mode
ptd-server 2023-02-24 07:08:15,925 [INFO] Sending to ptd: 'Go,1000,0,2023-02-24_03-26-09_testing'
ptd-server 2023-02-24 07:08:15,925 [INFO] Reply from ptd: 'Starting untimed measurement, maximum 500000 samples at 1000ms with 0 rampup samples'
ptd-server 2023-02-24 07:08:15,926 [INFO] Sending reply to client 'OK'
ptd-server 2023-02-24 10:50:07,249 [INFO] Got command from the client 'session,2023-02-24_03-26-09,stop,testing'
ptd-server 2023-02-24 10:50:17,259 [INFO] Sending to ptd: 'Stop'
ptd-server 2023-02-24 10:50:17,260 [INFO] Reply from ptd: 'Stopping untimed measurement'
ptd-server 2023-02-24 10:50:17,343 [INFO] Sending reply to client 'OK'
ptd-server 2023-02-24 10:50:17,354 [INFO] Got command from the client 'session,2023-02-24_03-26-09,done'
ptd-server 2023-02-24 10:50:17,354 [INFO] Sending to ptd: 'Stop'
ptd-server 2023-02-24 10:50:17,929 [INFO] Reply from ptd: 'Error: no measurement to stop'
ptd-server 2023-02-24 10:50:17,929 [INFO] Sending to ptd: 'SR,V,Auto'
ptd-server 2023-02-24 10:50:22,993 [INFO] Reply from ptd: 'Range V changed'
ptd-server 2023-02-24 10:50:22,993 [INFO] Sending to ptd: 'SR,A,Auto'
ptd-server 2023-02-24 10:50:28,062 [INFO] Reply from ptd: 'Range A changed'
ptd-server 2023-02-24 10:50:28,063 [INFO] Set initial values for Amps Auto and Volts Auto
ptd-server 2023-02-24 10:50:28,063 [INFO] Stopping ptd...
