ptd-server 2023-02-27 05:37:08,905 [INFO] Got command from the client 'time'
ptd-server 2023-02-27 05:37:08,905 [INFO] Sending reply to client '1677476228.9054525'
ptd-server 2023-02-27 05:37:08,907 [INFO] Got command from the client 'new,,2da3132a-fe47-442b-823f-f847a9ee6d19'
ptd-server 2023-02-27 05:37:08,907 [INFO] Sending reply to client 'OK 2023-02-27_05-37-08,aaef0999-77f4-4e33-9bb7-b3fbbae23b62'
ptd-server 2023-02-27 05:37:08,935 [INFO] Got command from the client 'time'
ptd-server 2023-02-27 05:37:08,935 [INFO] Sending reply to client '1677476228.9357328'
ptd-server 2023-02-27 05:37:08,938 [INFO] Got command from the client 'session,2023-02-27_05-37-08,start,ranging'
ptd-server 2023-02-27 05:37:08,939 [INFO] Running PTDaemon: ['/home/anton/projects/mlperf/power/inference_v1.0/ptd-linux-x86', '-l', '/tmp/tmpu4v721n6/ptd_logfile.txt', '-p', '8888', '49', '/dev/usbtmc0']
ptd-server 2023-02-27 05:37:26,025 [INFO] Sending to ptd: 'Hello'
ptd-server 2023-02-27 05:37:26,025 [INFO] Reply from ptd: 'Hello, PTDaemon here!'
ptd-server 2023-02-27 05:37:26,025 [INFO] Sending to ptd: 'Identify'
ptd-server 2023-02-27 05:37:26,026 [INFO] Reply from ptd: 'YokogawaWT310E,1000,1,1,1,1,0,1,1,version=1.10.0-ed9a21d2-20220817,OS=Linux 5.15.0-60-generic #66~20.04.1-Ubuntu SMP Wed Jan 25 09:41:30 UTC 2023 x86_64,mode=power,1,1,1,0,0,no_cal_date,YOKOGAWA;WT310E;C3XA04010E;F1.04'
ptd-server 2023-02-27 05:37:26,026 [INFO] Connected to PTDaemon
ptd-server 2023-02-27 05:37:26,026 [INFO] Sending to ptd: 'RR'
ptd-server 2023-02-27 05:37:26,026 [INFO] Reply from ptd: 'Ranges,0,0.100000,0,300.000000'
ptd-server 2023-02-27 05:37:26,026 [INFO] Initial range for Amps is 0.100000 for Volts is 300.000000
ptd-server 2023-02-27 05:37:26,027 [INFO] Sending to ptd: 'SR,V,Auto'
ptd-server 2023-02-27 05:37:26,529 [INFO] Reply from ptd: 'Range V changed'
ptd-server 2023-02-27 05:37:26,529 [INFO] Sending to ptd: 'SR,A,Auto'
ptd-server 2023-02-27 05:37:27,032 [INFO] Reply from ptd: 'Range A changed'
ptd-server 2023-02-27 05:37:37,040 [INFO] Starting ranging mode
ptd-server 2023-02-27 05:37:37,040 [INFO] Sending to ptd: 'Go,1000,0,2023-02-27_05-37-08_ranging'
ptd-server 2023-02-27 05:37:37,040 [INFO] Reply from ptd: 'Starting untimed measurement, maximum 500000 samples at 1000ms with 0 rampup samples'
ptd-server 2023-02-27 05:37:37,041 [INFO] Sending reply to client 'OK'
ptd-server 2023-02-27 05:47:59,333 [INFO] Got command from the client 'session,2023-02-27_05-37-08,stop,ranging'
ptd-server 2023-02-27 05:48:09,344 [INFO] Sending to ptd: 'Stop'
ptd-server 2023-02-27 05:48:09,344 [INFO] Reply from ptd: 'Stopping untimed measurement'
ptd-server 2023-02-27 05:48:09,635 [INFO] Sending reply to client 'OK'
ptd-server 2023-02-27 05:48:09,690 [INFO] Got command from the client 'time'
ptd-server 2023-02-27 05:48:09,690 [INFO] Sending reply to client '1677476889.6904109'
ptd-server 2023-02-27 05:48:09,693 [INFO] Got command from the client 'session,2023-02-27_05-37-08,start,testing'
ptd-server 2023-02-27 05:48:09,693 [INFO] Sending to ptd: 'SR,V,249.850000'
ptd-server 2023-02-27 05:48:11,542 [INFO] Reply from ptd: 'Range V changed'
ptd-server 2023-02-27 05:48:11,542 [INFO] Sending to ptd: 'SR,A,0.049090'
ptd-server 2023-02-27 05:48:13,043 [INFO] Reply from ptd: 'Range A changed'
ptd-server 2023-02-27 05:48:23,054 [INFO] Starting testing mode
ptd-server 2023-02-27 05:48:23,054 [INFO] Sending to ptd: 'Go,1000,0,2023-02-27_05-37-08_testing'
ptd-server 2023-02-27 05:48:23,054 [INFO] Reply from ptd: 'Starting untimed measurement, maximum 500000 samples at 1000ms with 0 rampup samples'
ptd-server 2023-02-27 05:48:23,054 [INFO] Sending reply to client 'OK'
ptd-server 2023-02-27 05:58:45,243 [INFO] Got command from the client 'session,2023-02-27_05-37-08,stop,testing'
ptd-server 2023-02-27 05:58:55,253 [INFO] Sending to ptd: 'Stop'
ptd-server 2023-02-27 05:58:55,254 [INFO] Reply from ptd: 'Stopping untimed measurement'
ptd-server 2023-02-27 05:58:55,413 [INFO] Sending reply to client 'OK'
ptd-server 2023-02-27 05:58:55,431 [INFO] Got command from the client 'session,2023-02-27_05-37-08,done'
ptd-server 2023-02-27 05:58:55,432 [INFO] Sending to ptd: 'Stop'
ptd-server 2023-02-27 05:58:56,055 [INFO] Reply from ptd: 'Error: no measurement to stop'
ptd-server 2023-02-27 05:58:56,055 [INFO] Sending to ptd: 'SR,V,300.000000'
ptd-server 2023-02-27 05:58:57,556 [INFO] Reply from ptd: 'Range V changed'
ptd-server 2023-02-27 05:58:57,557 [INFO] Sending to ptd: 'SR,A,0.100000'
ptd-server 2023-02-27 05:58:59,058 [INFO] Reply from ptd: 'Range A changed'
ptd-server 2023-02-27 05:58:59,058 [INFO] Set initial values for Amps 0.100000 and Volts 300.000000
ptd-server 2023-02-27 05:58:59,058 [INFO] Stopping ptd...
