ptd-server 2023-02-13 02:36:20,894 [INFO] Got command from the client 'time'
ptd-server 2023-02-13 02:36:20,894 [INFO] Sending reply to client '1676255780.8947816'
ptd-server 2023-02-13 02:36:20,897 [INFO] Got command from the client 'new,,2d86823e-5ee1-424f-87fb-582c0d02422d'
ptd-server 2023-02-13 02:36:20,897 [INFO] Sending reply to client 'OK 2023-02-13_02-36-20,9bb407a4-4875-46da-800c-fd2762c5fc6d'
ptd-server 2023-02-13 02:36:20,921 [INFO] Got command from the client 'time'
ptd-server 2023-02-13 02:36:20,921 [INFO] Sending reply to client '1676255780.9217055'
ptd-server 2023-02-13 02:36:20,924 [INFO] Got command from the client 'session,2023-02-13_02-36-20,start,ranging'
ptd-server 2023-02-13 02:36:20,924 [INFO] Running PTDaemon: ['/home/anton/projects/mlperf/power/inference_v1.0/ptd-linux-x86', '-l', '/tmp/tmp4yl1neqp/ptd_logfile.txt', '-p', '8888', '49', '/dev/usbtmc0']
ptd-server 2023-02-13 02:36:37,998 [INFO] Sending to ptd: 'Hello'
ptd-server 2023-02-13 02:36:37,999 [INFO] Reply from ptd: 'Hello, PTDaemon here!'
ptd-server 2023-02-13 02:36:37,999 [INFO] Sending to ptd: 'Identify'
ptd-server 2023-02-13 02:36:37,999 [INFO] Reply from ptd: 'YokogawaWT310E,1000,1,1,1,1,0,1,1,version=1.10.0-ed9a21d2-20220817,OS=Linux 5.15.0-60-generic #66~20.04.1-Ubuntu SMP Wed Jan 25 09:41:30 UTC 2023 x86_64,mode=power,1,1,1,0,0,no_cal_date,YOKOGAWA;WT310E;C3XA04010E;F1.04'
ptd-server 2023-02-13 02:36:38,000 [INFO] Connected to PTDaemon
ptd-server 2023-02-13 02:36:38,000 [INFO] Sending to ptd: 'RR'
ptd-server 2023-02-13 02:36:38,000 [INFO] Reply from ptd: 'Ranges,0,0.500000,1,300.000000'
ptd-server 2023-02-13 02:36:38,000 [INFO] Initial range for Amps is 0.500000 for Volts is Auto
ptd-server 2023-02-13 02:36:38,000 [INFO] Sending to ptd: 'SR,V,Auto'
ptd-server 2023-02-13 02:36:38,503 [INFO] Reply from ptd: 'Range V changed'
ptd-server 2023-02-13 02:36:38,503 [INFO] Sending to ptd: 'SR,A,Auto'
ptd-server 2023-02-13 02:36:39,006 [INFO] Reply from ptd: 'Range A changed'
ptd-server 2023-02-13 02:36:49,016 [INFO] Starting ranging mode
ptd-server 2023-02-13 02:36:49,016 [INFO] Sending to ptd: 'Go,1000,0,2023-02-13_02-36-20_ranging'
ptd-server 2023-02-13 02:36:49,017 [INFO] Reply from ptd: 'Starting untimed measurement, maximum 500000 samples at 1000ms with 0 rampup samples'
ptd-server 2023-02-13 02:36:49,017 [INFO] Sending reply to client 'OK'
ptd-server 2023-02-13 02:49:07,668 [INFO] Got command from the client 'session,2023-02-13_02-36-20,stop,ranging'
ptd-server 2023-02-13 02:49:17,679 [INFO] Sending to ptd: 'Stop'
ptd-server 2023-02-13 02:49:17,679 [INFO] Reply from ptd: 'Stopping untimed measurement'
ptd-server 2023-02-13 02:49:17,734 [INFO] Sending reply to client 'OK'
ptd-server 2023-02-13 02:49:17,792 [INFO] Got command from the client 'time'
ptd-server 2023-02-13 02:49:17,793 [INFO] Sending reply to client '1676256557.7929714'
ptd-server 2023-02-13 02:49:17,795 [INFO] Got command from the client 'session,2023-02-13_02-36-20,start,testing'
ptd-server 2023-02-13 02:49:17,795 [INFO] Sending to ptd: 'SR,V,252.020000'
ptd-server 2023-02-13 02:49:19,519 [INFO] Reply from ptd: 'Range V changed'
ptd-server 2023-02-13 02:49:19,519 [INFO] Sending to ptd: 'SR,A,0.205540'
ptd-server 2023-02-13 02:49:21,020 [INFO] Reply from ptd: 'Range A changed'
ptd-server 2023-02-13 02:49:31,031 [INFO] Starting testing mode
ptd-server 2023-02-13 02:49:31,031 [INFO] Sending to ptd: 'Go,1000,0,2023-02-13_02-36-20_testing'
ptd-server 2023-02-13 02:49:31,031 [INFO] Reply from ptd: 'Starting untimed measurement, maximum 500000 samples at 1000ms with 0 rampup samples'
ptd-server 2023-02-13 02:49:31,031 [INFO] Sending reply to client 'OK'
ptd-server 2023-02-13 03:01:50,628 [INFO] Got command from the client 'session,2023-02-13_02-36-20,stop,testing'
ptd-server 2023-02-13 03:02:00,638 [INFO] Sending to ptd: 'Stop'
ptd-server 2023-02-13 03:02:00,638 [INFO] Reply from ptd: 'Stopping untimed measurement'
ptd-server 2023-02-13 03:02:00,665 [INFO] Sending reply to client 'OK'
ptd-server 2023-02-13 03:02:00,700 [INFO] Got command from the client 'session,2023-02-13_02-36-20,done'
ptd-server 2023-02-13 03:02:00,701 [INFO] Sending to ptd: 'Stop'
ptd-server 2023-02-13 03:02:01,031 [INFO] Reply from ptd: 'Error: no measurement to stop'
ptd-server 2023-02-13 03:02:01,031 [INFO] Sending to ptd: 'SR,V,Auto'
ptd-server 2023-02-13 03:02:01,534 [INFO] Reply from ptd: 'Range V changed'
ptd-server 2023-02-13 03:02:01,534 [INFO] Sending to ptd: 'SR,A,0.500000'
ptd-server 2023-02-13 03:02:03,036 [INFO] Reply from ptd: 'Range A changed'
ptd-server 2023-02-13 03:02:03,036 [INFO] Set initial values for Amps 0.500000 and Volts Auto
ptd-server 2023-02-13 03:02:03,036 [INFO] Stopping ptd...
