ptd-server 2023-02-17 09:18:36,206 [INFO] Got command from the client 'stop'
ptd-server 2023-02-17 09:18:36,206 [INFO] The server will be stopped after processing this client
ptd-server 2023-02-17 09:18:36,207 [INFO] Sending reply to client 'OK'
ptd-server 2023-02-17 09:18:36,315 [INFO] Got command from the client 'time'
ptd-server 2023-02-17 09:18:36,315 [INFO] Sending reply to client '1676625516.315193'
ptd-server 2023-02-17 09:18:36,315 [INFO] Got command from the client 'new,offline-r3,72f1c947-6dba-4e0b-a2ab-74f84a978eec'
ptd-server 2023-02-17 09:18:36,316 [INFO] Sending reply to client 'OK 2023-02-17_09-18-36_offline-r3,0741ca3d-41f0-43be-ba05-e237ab4df265'
ptd-server 2023-02-17 09:18:36,428 [INFO] Got command from the client 'time'
ptd-server 2023-02-17 09:18:36,428 [INFO] Sending reply to client '1676625516.4282992'
ptd-server 2023-02-17 09:18:36,429 [INFO] Got command from the client 'session,2023-02-17_09-18-36_offline-r3,start,ranging'
ptd-server 2023-02-17 09:18:36,429 [INFO] Running PTDaemon: ['/host/power/inference_v1.0/ptd-linux-x86-1.10', '-l', '/tmp/tmp4s1vw3lq/ptd_logfile.txt', '-p', '8888', '49', '/dev/ttyS0']
ptd-server 2023-02-17 09:18:53,525 [INFO] Sending to ptd: 'Hello'
ptd-server 2023-02-17 09:18:53,526 [INFO] Reply from ptd: 'Hello, PTDaemon here!'
ptd-server 2023-02-17 09:18:53,527 [INFO] Sending to ptd: 'Identify'
ptd-server 2023-02-17 09:18:53,527 [INFO] Reply from ptd: 'YokogawaWT310E,1000,1,1,1,1,0,1,1,version=1.10.0-ed9a21d2-20220817,OS=Linux 4.15.0-202-generic #213-Ubuntu SMP Thu Jan 5 19:19:12 UTC 2023 x86_64,mode=power,1,1,1,0,0,no_cal_date,YOKOGAWA;WT310E;C3TD11052E;F1.02'
ptd-server 2023-02-17 09:18:53,527 [INFO] Connected to PTDaemon
ptd-server 2023-02-17 09:18:53,528 [INFO] Sending to ptd: 'RR'
ptd-server 2023-02-17 09:18:53,528 [INFO] Reply from ptd: 'Ranges,1,0.100000,1,300.000000'
ptd-server 2023-02-17 09:18:53,528 [INFO] Initial range for Amps is Auto for Volts is Auto
ptd-server 2023-02-17 09:18:53,528 [INFO] Sending to ptd: 'SR,V,Auto'
ptd-server 2023-02-17 09:18:54,029 [INFO] Reply from ptd: 'Range V changed'
ptd-server 2023-02-17 09:18:54,029 [INFO] Sending to ptd: 'SR,A,Auto'
ptd-server 2023-02-17 09:18:54,530 [INFO] Reply from ptd: 'Range A changed'
ptd-server 2023-02-17 09:19:04,540 [INFO] Starting ranging mode
ptd-server 2023-02-17 09:19:04,541 [INFO] Sending to ptd: 'Go,1000,0,2023-02-17_09-18-36_offline-r3_ranging'
ptd-server 2023-02-17 09:19:04,541 [INFO] Reply from ptd: 'Starting untimed measurement, maximum 500000 samples at 1000ms with 0 rampup samples'
ptd-server 2023-02-17 09:19:04,542 [INFO] Sending reply to client 'OK'
ptd-server 2023-02-17 09:30:58,115 [INFO] Got command from the client 'session,2023-02-17_09-18-36_offline-r3,stop,ranging'
ptd-server 2023-02-17 09:31:08,121 [INFO] Sending to ptd: 'Stop'
ptd-server 2023-02-17 09:31:08,121 [INFO] Reply from ptd: 'Stopping untimed measurement'
ptd-server 2023-02-17 09:31:08,144 [INFO] Sending reply to client 'OK'
ptd-server 2023-02-17 09:31:08,509 [INFO] Got command from the client 'time'
ptd-server 2023-02-17 09:31:08,509 [INFO] Sending reply to client '1676626268.5093057'
ptd-server 2023-02-17 09:31:08,511 [INFO] Got command from the client 'session,2023-02-17_09-18-36_offline-r3,start,testing'
ptd-server 2023-02-17 09:31:08,511 [INFO] Sending to ptd: 'SR,V,235.690000'
ptd-server 2023-02-17 09:31:10,043 [INFO] Reply from ptd: 'Range V changed'
ptd-server 2023-02-17 09:31:10,044 [INFO] Sending to ptd: 'SR,A,0.099060'
ptd-server 2023-02-17 09:31:11,545 [INFO] Reply from ptd: 'Range A changed'
ptd-server 2023-02-17 09:31:21,555 [INFO] Starting testing mode
ptd-server 2023-02-17 09:31:21,555 [INFO] Sending to ptd: 'Go,1000,0,2023-02-17_09-18-36_offline-r3_testing'
ptd-server 2023-02-17 09:31:21,556 [INFO] Reply from ptd: 'Starting untimed measurement, maximum 500000 samples at 1000ms with 0 rampup samples'
ptd-server 2023-02-17 09:31:21,556 [INFO] Sending reply to client 'OK'
ptd-server 2023-02-17 09:43:16,831 [INFO] Got command from the client 'session,2023-02-17_09-18-36_offline-r3,stop,testing'
ptd-server 2023-02-17 09:43:26,841 [INFO] Sending to ptd: 'Stop'
ptd-server 2023-02-17 09:43:26,842 [INFO] Reply from ptd: 'Stopping untimed measurement'
ptd-server 2023-02-17 09:43:26,848 [INFO] Sending reply to client 'OK'
ptd-server 2023-02-17 09:43:26,863 [INFO] Got command from the client 'session,2023-02-17_09-18-36_offline-r3,done'
ptd-server 2023-02-17 09:43:26,863 [INFO] Sending to ptd: 'Stop'
ptd-server 2023-02-17 09:43:27,556 [INFO] Reply from ptd: 'Error: no measurement to stop'
ptd-server 2023-02-17 09:43:27,557 [INFO] Sending to ptd: 'SR,V,Auto'
ptd-server 2023-02-17 09:43:28,057 [INFO] Reply from ptd: 'Range V changed'
ptd-server 2023-02-17 09:43:28,058 [INFO] Sending to ptd: 'SR,A,Auto'
ptd-server 2023-02-17 09:43:28,558 [INFO] Reply from ptd: 'Range A changed'
ptd-server 2023-02-17 09:43:28,559 [INFO] Set initial values for Amps Auto and Volts Auto
ptd-server 2023-02-17 09:43:28,559 [INFO] Stopping ptd...
