ptd-server 2023-02-23 21:59:04,963 [INFO] Got command from the client 'time'
ptd-server 2023-02-23 21:59:04,963 [INFO] Sending reply to client '1677189544.9637492'
ptd-server 2023-02-23 21:59:04,970 [INFO] Got command from the client 'new,,cef62478-c869-430e-8405-d57256ce19f2'
ptd-server 2023-02-23 21:59:04,971 [INFO] Sending reply to client 'OK 2023-02-23_21-59-04,7def5c6f-2827-433a-b205-296abe9dfc83'
ptd-server 2023-02-23 21:59:04,993 [INFO] Got command from the client 'time'
ptd-server 2023-02-23 21:59:04,994 [INFO] Sending reply to client '1677189544.994093'
ptd-server 2023-02-23 21:59:04,997 [INFO] Got command from the client 'session,2023-02-23_21-59-04,start,ranging'
ptd-server 2023-02-23 21:59:04,998 [INFO] Running PTDaemon: ['/media/arjun/T7_Touch/hp-envy/CM/repos/local/cache/9b3695ca8255492a/power/inference_v1.0/ptd-linux-x86', '-l', '/tmp/tmpti64566v/ptd_logfile.txt', '-p', '8888', '49', '/dev/usbtmc0']
ptd-server 2023-02-23 21:59:22,095 [INFO] Sending to ptd: 'Hello'
ptd-server 2023-02-23 21:59:22,096 [INFO] Reply from ptd: 'Hello, PTDaemon here!'
ptd-server 2023-02-23 21:59:22,097 [INFO] Sending to ptd: 'Identify'
ptd-server 2023-02-23 21:59:22,097 [INFO] Reply from ptd: 'YokogawaWT310E,1000,1,1,1,1,0,1,1,version=1.10.0-ed9a21d2-20220817,OS=Linux 5.15.0-56-generic #62-Ubuntu SMP Tue Nov 22 19:54:14 UTC 2022 x86_64,mode=power,1,1,1,0,0,no_cal_date,YOKOGAWA;WT310E;C3YD21068E;F1.04'
ptd-server 2023-02-23 21:59:22,098 [INFO] Connected to PTDaemon
ptd-server 2023-02-23 21:59:22,098 [INFO] Sending to ptd: 'RR'
ptd-server 2023-02-23 21:59:22,099 [INFO] Reply from ptd: 'Ranges,0,0.100000,0,600.000000'
ptd-server 2023-02-23 21:59:22,099 [INFO] Initial range for Amps is 0.100000 for Volts is 600.000000
ptd-server 2023-02-23 21:59:22,100 [INFO] Sending to ptd: 'SR,V,Auto'
ptd-server 2023-02-23 21:59:22,603 [INFO] Reply from ptd: 'Range V changed'
ptd-server 2023-02-23 21:59:22,604 [INFO] Sending to ptd: 'SR,A,Auto'
ptd-server 2023-02-23 21:59:23,108 [INFO] Reply from ptd: 'Range A changed'
ptd-server 2023-02-23 21:59:33,119 [INFO] Starting ranging mode
ptd-server 2023-02-23 21:59:33,119 [INFO] Sending to ptd: 'Go,1000,0,2023-02-23_21-59-04_ranging'
ptd-server 2023-02-23 21:59:33,120 [INFO] Reply from ptd: 'Starting untimed measurement, maximum 500000 samples at 1000ms with 0 rampup samples'
ptd-server 2023-02-23 21:59:33,120 [INFO] Sending reply to client 'OK'
ptd-server 2023-02-23 22:10:32,705 [INFO] Got command from the client 'session,2023-02-23_21-59-04,stop,ranging'
ptd-server 2023-02-23 22:10:42,716 [INFO] Sending to ptd: 'Stop'
ptd-server 2023-02-23 22:10:42,717 [INFO] Reply from ptd: 'Stopping untimed measurement'
ptd-server 2023-02-23 22:10:42,769 [INFO] Sending reply to client 'OK'
ptd-server 2023-02-23 22:10:42,818 [INFO] Got command from the client 'time'
ptd-server 2023-02-23 22:10:42,818 [INFO] Sending reply to client '1677190242.8186698'
ptd-server 2023-02-23 22:10:42,823 [INFO] Got command from the client 'session,2023-02-23_21-59-04,start,testing'
ptd-server 2023-02-23 22:10:42,823 [INFO] Sending to ptd: 'SR,V,249.010000'
ptd-server 2023-02-23 22:10:44,624 [INFO] Reply from ptd: 'Range V changed'
ptd-server 2023-02-23 22:10:44,624 [INFO] Sending to ptd: 'SR,A,0.242840'
ptd-server 2023-02-23 22:10:46,128 [INFO] Reply from ptd: 'Range A changed'
ptd-server 2023-02-23 22:10:56,139 [INFO] Starting testing mode
ptd-server 2023-02-23 22:10:56,139 [INFO] Sending to ptd: 'Go,1000,0,2023-02-23_21-59-04_testing'
ptd-server 2023-02-23 22:10:56,140 [INFO] Reply from ptd: 'Starting untimed measurement, maximum 500000 samples at 1000ms with 0 rampup samples'
ptd-server 2023-02-23 22:10:56,140 [INFO] Sending reply to client 'OK'
ptd-server 2023-02-23 22:22:06,601 [INFO] Got command from the client 'session,2023-02-23_21-59-04,stop,testing'
ptd-server 2023-02-23 22:22:16,612 [INFO] Sending to ptd: 'Stop'
ptd-server 2023-02-23 22:22:16,613 [INFO] Reply from ptd: 'Stopping untimed measurement'
ptd-server 2023-02-23 22:22:16,639 [INFO] Sending reply to client 'OK'
ptd-server 2023-02-23 22:22:16,656 [INFO] Got command from the client 'session,2023-02-23_21-59-04,done'
ptd-server 2023-02-23 22:22:16,656 [INFO] Sending to ptd: 'Stop'
ptd-server 2023-02-23 22:22:17,142 [INFO] Reply from ptd: 'Error: no measurement to stop'
ptd-server 2023-02-23 22:22:17,142 [INFO] Sending to ptd: 'SR,V,600.000000'
ptd-server 2023-02-23 22:22:18,646 [INFO] Reply from ptd: 'Range V changed'
ptd-server 2023-02-23 22:22:18,646 [INFO] Sending to ptd: 'SR,A,0.100000'
ptd-server 2023-02-23 22:22:20,149 [INFO] Reply from ptd: 'Range A changed'
ptd-server 2023-02-23 22:22:20,150 [INFO] Set initial values for Amps 0.100000 and Volts 600.000000
ptd-server 2023-02-23 22:22:20,150 [INFO] Stopping ptd...
