client 2023-02-27 13:02:47,913 [INFO] Creating output directory '/home/arjun/mobilenet_results/valid_results/arjun_orin-tflite_armnn_cpp-cpu-armnn_tflite-v22.11-using_neon/mobilenet-v2-precision_uint8-0.75-160/singlestream/performance/tmp_power'
client 2023-02-27 13:02:47,945 [INFO] Sending command to the server: 'mlcommons/power client v3'
client 2023-02-27 13:02:47,948 [INFO] Got response: 'mlcommons/power server v3'
client 2023-02-27 13:02:47,948 [INFO] Synchronizing with the server and with time.google.com...
client 2023-02-27 13:02:48,042 [INFO] NTP:offset = -0.036 s, delay = 0.086 s 
client 2023-02-27 13:02:48,042 [INFO] Sending command to the server: 'time'
client 2023-02-27 13:02:48,050 [INFO] Got response: '1677502968.0435982'
client 2023-02-27 13:02:48,050 [INFO] The time difference between the client and the server is within range -1.330 ms..6.760 ms
client 2023-02-27 13:02:48,050 [INFO] Sending command to the server: 'new,,ef2cbe74-e15a-4ab6-aa76-26485728a8a6'
client 2023-02-27 13:02:48,053 [INFO] Got response: 'OK 2023-02-27_13-02-48,c2ae4db9-dc5f-41e7-9086-8961bb801d3a'
client 2023-02-27 13:02:48,054 [INFO] Session id is '2023-02-27_13-02-48'
client 2023-02-27 13:02:48,054 [INFO] Sources: {"sources": {"__init__.py": "da39a3ee5e6b4b0d3255bfef95601890afd80709", "client.py": "33ca4f26368777ac06e01f9567b714a4b8063886", "lib/__init__.py": "da39a3ee5e6b4b0d3255bfef95601890afd80709", "lib/client.py": "4c2b78fb4849a7e5b584ef792d82aaed20b17f57", "lib/common.py": "624d0c0acc7c39aaff3674f0b99d6a09da53d1dc", "lib/external/__init__.py": "da39a3ee5e6b4b0d3255bfef95601890afd80709", "lib/external/ntplib.py": "4da8f970656505a40483206ef2b5d3dd5e81711d", "lib/server.py": "cda0cdfaee9bfa1249c64a7dd4f89b7bf1b279f0", "lib/source_hashes.py": "60a2e02193209e8d392803326208d5466342da18", "lib/summary.py": "aa92f0a3f975eecd44d3c0cd0236342ccc9f941d", "lib/time_sync.py": "3210db56eb0ff0df57bf4293dc4d4b03fffd46f1", "server.py": "c3f90f2f7eeb4db30727556d0c815ebc89b3d28b", "tests/unit/__init__.py": "da39a3ee5e6b4b0d3255bfef95601890afd80709", "tests/unit/test_server.py": "99ae15aef722f2000ee6ed1ae1523637bf1ae42b", "tests/unit/test_source_hashes.py": "00468a2907583c593e6574a1f6b404e4651c221a"}, "modules": {"ptd_client_server.lib.client": "lib/client.py", "ptd_client_server.lib.common": "lib/common.py", "ptd_client_server.lib.external.ntplib": "lib/external/ntplib.py", "ptd_client_server.lib.source_hashes": "lib/source_hashes.py", "ptd_client_server.lib.summary": "lib/summary.py", "ptd_client_server.lib.time_sync": "lib/time_sync.py"}}
client 2023-02-27 13:02:48,054 [INFO] Running workload in ranging mode
client 2023-02-27 13:02:48,054 [INFO] Synchronizing with the server and with time.google.com...
client 2023-02-27 13:02:48,069 [INFO] NTP:offset = -0.001 s, delay = 0.013 s 
client 2023-02-27 13:02:48,069 [INFO] Sending command to the server: 'time'
client 2023-02-27 13:02:48,072 [INFO] Got response: '1677502968.070885'
client 2023-02-27 13:02:48,072 [INFO] The time difference between the client and the server is within range -1.208 ms..1.943 ms
client 2023-02-27 13:02:48,073 [INFO] Sending command to the server: 'session,2023-02-27_13-02-48,start,ranging'
client 2023-02-27 13:03:16,190 [INFO] Got response: 'OK'
client 2023-02-27 13:03:16,191 [INFO] Running the workload '/home/arjun/run.out'
client 2023-02-27 13:16:57,911 [INFO] Sending command to the server: 'session,2023-02-27_13-02-48,stop,ranging'
client 2023-02-27 13:17:08,325 [INFO] Got response: 'OK'
client 2023-02-27 13:17:08,346 [INFO] Copying loadgen logs from '/home/arjun/mobilenet_results/valid_results/arjun_orin-tflite_armnn_cpp-cpu-armnn_tflite-v22.11-using_neon/mobilenet-v2-precision_uint8-0.75-160/singlestream/performance/run_1' to '/home/arjun/mobilenet_results/valid_results/arjun_orin-tflite_armnn_cpp-cpu-armnn_tflite-v22.11-using_neon/mobilenet-v2-precision_uint8-0.75-160/singlestream/performance/tmp_power/ranging'
client 2023-02-27 13:17:08,348 [INFO] Running workload in testing mode
client 2023-02-27 13:17:08,348 [INFO] Synchronizing with the server and with time.google.com...
client 2023-02-27 13:17:08,369 [INFO] NTP:offset = -0.001 s, delay = 0.017 s 
client 2023-02-27 13:17:08,370 [INFO] Sending command to the server: 'time'
client 2023-02-27 13:17:08,373 [INFO] Got response: '1677503828.370934'
client 2023-02-27 13:17:08,373 [INFO] The time difference between the client and the server is within range -0.845 ms..2.295 ms
client 2023-02-27 13:17:08,373 [INFO] Sending command to the server: 'session,2023-02-27_13-02-48,start,testing'
client 2023-02-27 13:17:21,413 [INFO] Got response: 'OK'
client 2023-02-27 13:17:21,414 [INFO] Running the workload '/home/arjun/run.out'
client 2023-02-27 13:31:16,437 [INFO] Sending command to the server: 'session,2023-02-27_13-02-48,stop,testing'
client 2023-02-27 13:31:26,612 [INFO] Got response: 'OK'
client 2023-02-27 13:31:26,614 [INFO] Copying loadgen logs from '/home/arjun/mobilenet_results/valid_results/arjun_orin-tflite_armnn_cpp-cpu-armnn_tflite-v22.11-using_neon/mobilenet-v2-precision_uint8-0.75-160/singlestream/performance/run_1' to '/home/arjun/mobilenet_results/valid_results/arjun_orin-tflite_armnn_cpp-cpu-armnn_tflite-v22.11-using_neon/mobilenet-v2-precision_uint8-0.75-160/singlestream/performance/tmp_power/run_1'
client 2023-02-27 13:31:26,614 [INFO] Done runs
