ptd-server 2023-02-12 22:35:41,115 [INFO] Got command from the client 'time'
ptd-server 2023-02-12 22:35:41,115 [INFO] Sending reply to client '1676241341.1158469'
ptd-server 2023-02-12 22:35:41,116 [INFO] Got command from the client 'new,,fd04a26a-70f1-4a61-8123-32354bf4c100'
ptd-server 2023-02-12 22:35:41,117 [INFO] Sending reply to client 'OK 2023-02-12_22-35-41,779339fd-603f-4c42-b328-ef02d5cc4fee'
ptd-server 2023-02-12 22:35:41,130 [INFO] Got command from the client 'time'
ptd-server 2023-02-12 22:35:41,130 [INFO] Sending reply to client '1676241341.1306639'
ptd-server 2023-02-12 22:35:41,131 [INFO] Got command from the client 'session,2023-02-12_22-35-41,start,ranging'
ptd-server 2023-02-12 22:35:41,131 [INFO] Running PTDaemon: ['/home/anton/projects/mlperf/power/inference_v1.0/ptd-linux-x86', '-l', '/tmp/tmp4yl1neqp/ptd_logfile.txt', '-p', '8888', '49', '/dev/usbtmc0']
ptd-server 2023-02-12 22:35:58,205 [INFO] Sending to ptd: 'Hello'
ptd-server 2023-02-12 22:35:58,205 [INFO] Reply from ptd: 'Hello, PTDaemon here!'
ptd-server 2023-02-12 22:35:58,205 [INFO] Sending to ptd: 'Identify'
ptd-server 2023-02-12 22:35:58,206 [INFO] Reply from ptd: 'YokogawaWT310E,1000,1,1,1,1,0,1,1,version=1.10.0-ed9a21d2-20220817,OS=Linux 5.15.0-60-generic #66~20.04.1-Ubuntu SMP Wed Jan 25 09:41:30 UTC 2023 x86_64,mode=power,1,1,1,0,0,no_cal_date,YOKOGAWA;WT310E;C3XA04010E;F1.04'
ptd-server 2023-02-12 22:35:58,206 [INFO] Connected to PTDaemon
ptd-server 2023-02-12 22:35:58,206 [INFO] Sending to ptd: 'RR'
ptd-server 2023-02-12 22:35:58,206 [INFO] Reply from ptd: 'Ranges,1,0.200000,1,300.000000'
ptd-server 2023-02-12 22:35:58,206 [INFO] Initial range for Amps is Auto for Volts is Auto
ptd-server 2023-02-12 22:35:58,207 [INFO] Sending to ptd: 'SR,V,Auto'
ptd-server 2023-02-12 22:35:58,709 [INFO] Reply from ptd: 'Range V changed'
ptd-server 2023-02-12 22:35:58,709 [INFO] Sending to ptd: 'SR,A,Auto'
ptd-server 2023-02-12 22:35:59,212 [INFO] Reply from ptd: 'Range A changed'
ptd-server 2023-02-12 22:36:09,222 [INFO] Starting ranging mode
ptd-server 2023-02-12 22:36:09,222 [INFO] Sending to ptd: 'Go,1000,0,2023-02-12_22-35-41_ranging'
ptd-server 2023-02-12 22:36:09,222 [INFO] Reply from ptd: 'Starting untimed measurement, maximum 500000 samples at 1000ms with 0 rampup samples'
ptd-server 2023-02-12 22:36:09,223 [INFO] Sending reply to client 'OK'
ptd-server 2023-02-12 22:49:29,790 [INFO] Got command from the client 'session,2023-02-12_22-35-41,stop,ranging'
ptd-server 2023-02-12 22:49:39,801 [INFO] Sending to ptd: 'Stop'
ptd-server 2023-02-12 22:49:39,801 [INFO] Reply from ptd: 'Stopping untimed measurement'
ptd-server 2023-02-12 22:49:39,839 [INFO] Sending reply to client 'OK'
ptd-server 2023-02-12 22:49:39,913 [INFO] Got command from the client 'time'
ptd-server 2023-02-12 22:49:39,913 [INFO] Sending reply to client '1676242179.9132335'
ptd-server 2023-02-12 22:49:39,914 [INFO] Got command from the client 'session,2023-02-12_22-35-41,start,testing'
ptd-server 2023-02-12 22:49:39,914 [INFO] Sending to ptd: 'SR,V,251.280000'
ptd-server 2023-02-12 22:49:41,724 [INFO] Reply from ptd: 'Range V changed'
ptd-server 2023-02-12 22:49:41,724 [INFO] Sending to ptd: 'SR,A,0.197380'
ptd-server 2023-02-12 22:49:43,226 [INFO] Reply from ptd: 'Range A changed'
ptd-server 2023-02-12 22:49:53,236 [INFO] Starting testing mode
ptd-server 2023-02-12 22:49:53,236 [INFO] Sending to ptd: 'Go,1000,0,2023-02-12_22-35-41_testing'
ptd-server 2023-02-12 22:49:53,236 [INFO] Reply from ptd: 'Starting untimed measurement, maximum 500000 samples at 1000ms with 0 rampup samples'
ptd-server 2023-02-12 22:49:53,237 [INFO] Sending reply to client 'OK'
ptd-server 2023-02-12 23:03:09,730 [INFO] Got command from the client 'session,2023-02-12_22-35-41,stop,testing'
ptd-server 2023-02-12 23:03:19,741 [INFO] Sending to ptd: 'Stop'
ptd-server 2023-02-12 23:03:19,741 [INFO] Reply from ptd: 'Stopping untimed measurement'
ptd-server 2023-02-12 23:03:19,760 [INFO] Sending reply to client 'OK'
ptd-server 2023-02-12 23:03:19,769 [INFO] Got command from the client 'session,2023-02-12_22-35-41,done'
ptd-server 2023-02-12 23:03:19,769 [INFO] Sending to ptd: 'Stop'
ptd-server 2023-02-12 23:03:20,236 [INFO] Reply from ptd: 'Error: no measurement to stop'
ptd-server 2023-02-12 23:03:20,236 [INFO] Sending to ptd: 'SR,V,Auto'
ptd-server 2023-02-12 23:03:20,739 [INFO] Reply from ptd: 'Range V changed'
ptd-server 2023-02-12 23:03:20,739 [INFO] Sending to ptd: 'SR,A,Auto'
ptd-server 2023-02-12 23:03:21,241 [INFO] Reply from ptd: 'Range A changed'
ptd-server 2023-02-12 23:03:21,242 [INFO] Set initial values for Amps Auto and Volts Auto
ptd-server 2023-02-12 23:03:21,242 [INFO] Stopping ptd...
