client 2023-02-28 21:38:39,066 [INFO] Creating output directory '/home/arjun/mobilenet_results/valid_results/arjun_orin-tflite_armnn_cpp-cpu-armnn_tflite-v22.11-using_neon/efficientnet-int8-lite2/singlestream/performance/tmp_power'
client 2023-02-28 21:38:39,069 [INFO] Sending command to the server: 'mlcommons/power client v3'
client 2023-02-28 21:38:39,285 [INFO] Got response: 'mlcommons/power server v3'
client 2023-02-28 21:38:39,285 [INFO] Synchronizing with the server and with time.google.com...
client 2023-02-28 21:38:39,319 [INFO] NTP:offset = -0.004 s, delay = 0.024 s 
client 2023-02-28 21:38:39,320 [INFO] Sending command to the server: 'time'
client 2023-02-28 21:38:39,325 [INFO] Got response: '1677620319.325934'
client 2023-02-28 21:38:39,326 [INFO] The time difference between the client and the server is within range -5.917 ms..0.179 ms
client 2023-02-28 21:38:39,326 [INFO] Sending command to the server: 'new,,e19ae80e-b9fe-48b0-a38b-a44db6016708'
client 2023-02-28 21:38:39,332 [INFO] Got response: 'OK 2023-02-28_21-38-39,5c293127-02aa-4c89-b746-4b195c91f808'
client 2023-02-28 21:38:39,332 [INFO] Session id is '2023-02-28_21-38-39'
client 2023-02-28 21:38:39,332 [INFO] Sources: {"sources": {"__init__.py": "da39a3ee5e6b4b0d3255bfef95601890afd80709", "client.py": "33ca4f26368777ac06e01f9567b714a4b8063886", "lib/__init__.py": "da39a3ee5e6b4b0d3255bfef95601890afd80709", "lib/client.py": "4c2b78fb4849a7e5b584ef792d82aaed20b17f57", "lib/common.py": "624d0c0acc7c39aaff3674f0b99d6a09da53d1dc", "lib/external/__init__.py": "da39a3ee5e6b4b0d3255bfef95601890afd80709", "lib/external/ntplib.py": "4da8f970656505a40483206ef2b5d3dd5e81711d", "lib/server.py": "cda0cdfaee9bfa1249c64a7dd4f89b7bf1b279f0", "lib/source_hashes.py": "60a2e02193209e8d392803326208d5466342da18", "lib/summary.py": "aa92f0a3f975eecd44d3c0cd0236342ccc9f941d", "lib/time_sync.py": "3210db56eb0ff0df57bf4293dc4d4b03fffd46f1", "server.py": "c3f90f2f7eeb4db30727556d0c815ebc89b3d28b", "tests/unit/__init__.py": "da39a3ee5e6b4b0d3255bfef95601890afd80709", "tests/unit/test_server.py": "99ae15aef722f2000ee6ed1ae1523637bf1ae42b", "tests/unit/test_source_hashes.py": "00468a2907583c593e6574a1f6b404e4651c221a"}, "modules": {"ptd_client_server.lib.client": "lib/client.py", "ptd_client_server.lib.common": "lib/common.py", "ptd_client_server.lib.external.ntplib": "lib/external/ntplib.py", "ptd_client_server.lib.source_hashes": "lib/source_hashes.py", "ptd_client_server.lib.summary": "lib/summary.py", "ptd_client_server.lib.time_sync": "lib/time_sync.py"}}
client 2023-02-28 21:38:39,332 [INFO] Running workload in ranging mode
client 2023-02-28 21:38:39,333 [INFO] Synchronizing with the server and with time.google.com...
client 2023-02-28 21:38:39,350 [INFO] NTP:offset = 0.003 s, delay = 0.015 s 
client 2023-02-28 21:38:39,350 [INFO] Sending command to the server: 'time'
client 2023-02-28 21:38:39,352 [INFO] Got response: '1677620319.354535'
client 2023-02-28 21:38:39,352 [INFO] The time difference between the client and the server is within range -4.203 ms..-1.781 ms
client 2023-02-28 21:38:39,353 [INFO] Sending command to the server: 'session,2023-02-28_21-38-39,start,ranging'
client 2023-02-28 21:39:07,477 [INFO] Got response: 'OK'
client 2023-02-28 21:39:07,478 [INFO] Running the workload '/home/arjun/run.out'
client 2023-02-28 21:49:26,918 [INFO] Sending command to the server: 'session,2023-02-28_21-38-39,stop,ranging'
client 2023-02-28 21:49:37,512 [INFO] Got response: 'OK'
client 2023-02-28 21:49:37,538 [INFO] Copying loadgen logs from '/home/arjun/mobilenet_results/valid_results/arjun_orin-tflite_armnn_cpp-cpu-armnn_tflite-v22.11-using_neon/efficientnet-int8-lite2/singlestream/performance/run_1' to '/home/arjun/mobilenet_results/valid_results/arjun_orin-tflite_armnn_cpp-cpu-armnn_tflite-v22.11-using_neon/efficientnet-int8-lite2/singlestream/performance/tmp_power/ranging'
client 2023-02-28 21:49:37,540 [INFO] Running workload in testing mode
client 2023-02-28 21:49:37,541 [INFO] Synchronizing with the server and with time.google.com...
client 2023-02-28 21:49:37,560 [INFO] NTP:offset = 0.002 s, delay = 0.014 s 
client 2023-02-28 21:49:37,560 [INFO] Sending command to the server: 'time'
client 2023-02-28 21:49:37,563 [INFO] Got response: '1677620977.5640223'
client 2023-02-28 21:49:37,563 [INFO] The time difference between the client and the server is within range -3.802 ms..-0.811 ms
client 2023-02-28 21:49:37,563 [INFO] Sending command to the server: 'session,2023-02-28_21-38-39,start,testing'
client 2023-02-28 21:49:50,586 [INFO] Got response: 'OK'
client 2023-02-28 21:49:50,587 [INFO] Running the workload '/home/arjun/run.out'
client 2023-02-28 22:00:12,038 [INFO] Sending command to the server: 'session,2023-02-28_21-38-39,stop,testing'
client 2023-02-28 22:00:22,359 [INFO] Got response: 'OK'
client 2023-02-28 22:00:22,363 [INFO] Copying loadgen logs from '/home/arjun/mobilenet_results/valid_results/arjun_orin-tflite_armnn_cpp-cpu-armnn_tflite-v22.11-using_neon/efficientnet-int8-lite2/singlestream/performance/run_1' to '/home/arjun/mobilenet_results/valid_results/arjun_orin-tflite_armnn_cpp-cpu-armnn_tflite-v22.11-using_neon/efficientnet-int8-lite2/singlestream/performance/tmp_power/run_1'
client 2023-02-28 22:00:22,365 [INFO] Done runs
