client 2023-02-12 07:47:17,629 [INFO] Creating output directory '/home/arjun/CM/repos/octoml@ck/cm-mlops/script/run-mlperf-inference-app/valid_results/arjun_orin-tflite_cpp-cpu-armnn_tflite-v22.11-default_config/mobilenet-v1-precision_float-0.5-192/singlestream/performance/tmp_power'
client 2023-02-12 07:47:17,731 [INFO] Sending command to the server: 'mlcommons/power client v3'
client 2023-02-12 07:47:17,734 [INFO] Got response: 'mlcommons/power server v3'
client 2023-02-12 07:47:17,734 [INFO] Synchronizing with the server and with time.google.com...
client 2023-02-12 07:47:17,811 [INFO] NTP:offset = -0.002 s, delay = 0.015 s 
client 2023-02-12 07:47:17,811 [INFO] Sending command to the server: 'time'
client 2023-02-12 07:47:17,816 [INFO] Got response: '1676188037.813523'
client 2023-02-12 07:47:17,816 [INFO] The time difference between the client and the server is within range -1.884 ms..2.905 ms
client 2023-02-12 07:47:17,816 [INFO] Sending command to the server: 'new,,59dd80ee-2729-473c-9940-322ac9f7654b'
client 2023-02-12 07:47:17,822 [INFO] Got response: 'OK 2023-02-12_07-47-17,2a32ad2d-3bd6-46f8-ba13-1e8a1c418a7d'
client 2023-02-12 07:47:17,822 [INFO] Session id is '2023-02-12_07-47-17'
client 2023-02-12 07:47:17,823 [INFO] Sources: {"sources": {"__init__.py": "da39a3ee5e6b4b0d3255bfef95601890afd80709", "client.py": "33ca4f26368777ac06e01f9567b714a4b8063886", "lib/__init__.py": "da39a3ee5e6b4b0d3255bfef95601890afd80709", "lib/client.py": "4c2b78fb4849a7e5b584ef792d82aaed20b17f57", "lib/common.py": "624d0c0acc7c39aaff3674f0b99d6a09da53d1dc", "lib/external/__init__.py": "da39a3ee5e6b4b0d3255bfef95601890afd80709", "lib/external/ntplib.py": "4da8f970656505a40483206ef2b5d3dd5e81711d", "lib/server.py": "cda0cdfaee9bfa1249c64a7dd4f89b7bf1b279f0", "lib/source_hashes.py": "60a2e02193209e8d392803326208d5466342da18", "lib/summary.py": "aa92f0a3f975eecd44d3c0cd0236342ccc9f941d", "lib/time_sync.py": "3210db56eb0ff0df57bf4293dc4d4b03fffd46f1", "server.py": "c3f90f2f7eeb4db30727556d0c815ebc89b3d28b", "tests/unit/__init__.py": "da39a3ee5e6b4b0d3255bfef95601890afd80709", "tests/unit/test_server.py": "99ae15aef722f2000ee6ed1ae1523637bf1ae42b", "tests/unit/test_source_hashes.py": "00468a2907583c593e6574a1f6b404e4651c221a"}, "modules": {"ptd_client_server.lib.client": "lib/client.py", "ptd_client_server.lib.common": "lib/common.py", "ptd_client_server.lib.external.ntplib": "lib/external/ntplib.py", "ptd_client_server.lib.source_hashes": "lib/source_hashes.py", "ptd_client_server.lib.summary": "lib/summary.py", "ptd_client_server.lib.time_sync": "lib/time_sync.py"}}
client 2023-02-12 07:47:17,823 [INFO] Running workload in ranging mode
client 2023-02-12 07:47:17,823 [INFO] Synchronizing with the server and with time.google.com...
client 2023-02-12 07:47:17,838 [INFO] NTP:offset = -0.000 s, delay = 0.012 s 
client 2023-02-12 07:47:17,839 [INFO] Sending command to the server: 'time'
client 2023-02-12 07:47:17,841 [INFO] Got response: '1676188037.8398988'
client 2023-02-12 07:47:17,841 [INFO] The time difference between the client and the server is within range -0.884 ms..1.907 ms
client 2023-02-12 07:47:17,842 [INFO] Sending command to the server: 'session,2023-02-12_07-47-17,start,ranging'
client 2023-02-12 07:47:45,963 [INFO] Got response: 'OK'
client 2023-02-12 07:47:45,964 [INFO] Running the workload '/home/arjun/CM/repos/octoml@ck/cm-mlops/script/run-mlperf-inference-app/run.out'
client 2023-02-12 07:57:48,732 [INFO] Sending command to the server: 'session,2023-02-12_07-47-17,stop,ranging'
client 2023-02-12 07:57:58,784 [INFO] Got response: 'OK'
client 2023-02-12 07:57:58,807 [INFO] Copying loadgen logs from '/home/arjun/CM/repos/octoml@ck/cm-mlops/script/run-mlperf-inference-app/valid_results/arjun_orin-tflite_cpp-cpu-armnn_tflite-v22.11-default_config/mobilenet-v1-precision_float-0.5-192/singlestream/performance/run_1' to '/home/arjun/CM/repos/octoml@ck/cm-mlops/script/run-mlperf-inference-app/valid_results/arjun_orin-tflite_cpp-cpu-armnn_tflite-v22.11-default_config/mobilenet-v1-precision_float-0.5-192/singlestream/performance/tmp_power/ranging'
client 2023-02-12 07:57:58,809 [INFO] Running workload in testing mode
client 2023-02-12 07:57:58,809 [INFO] Synchronizing with the server and with time.google.com...
client 2023-02-12 07:57:58,830 [INFO] NTP:offset = -0.001 s, delay = 0.016 s 
client 2023-02-12 07:57:58,830 [INFO] Sending command to the server: 'time'
client 2023-02-12 07:57:58,833 [INFO] Got response: '1676188678.8318136'
client 2023-02-12 07:57:58,833 [INFO] The time difference between the client and the server is within range -0.986 ms..2.033 ms
client 2023-02-12 07:57:58,834 [INFO] Sending command to the server: 'session,2023-02-12_07-47-17,start,testing'
client 2023-02-12 07:58:11,983 [INFO] Got response: 'OK'
client 2023-02-12 07:58:11,984 [INFO] Running the workload '/home/arjun/CM/repos/octoml@ck/cm-mlops/script/run-mlperf-inference-app/run.out'
client 2023-02-12 08:08:12,802 [INFO] Sending command to the server: 'session,2023-02-12_07-47-17,stop,testing'
client 2023-02-12 08:08:22,838 [INFO] Got response: 'OK'
client 2023-02-12 08:08:22,843 [INFO] Copying loadgen logs from '/home/arjun/CM/repos/octoml@ck/cm-mlops/script/run-mlperf-inference-app/valid_results/arjun_orin-tflite_cpp-cpu-armnn_tflite-v22.11-default_config/mobilenet-v1-precision_float-0.5-192/singlestream/performance/run_1' to '/home/arjun/CM/repos/octoml@ck/cm-mlops/script/run-mlperf-inference-app/valid_results/arjun_orin-tflite_cpp-cpu-armnn_tflite-v22.11-default_config/mobilenet-v1-precision_float-0.5-192/singlestream/performance/tmp_power/run_1'
client 2023-02-12 08:08:22,845 [INFO] Done runs
