ptd-server 2023-03-02 01:35:27,488 [INFO] Got command from the client 'time'
ptd-server 2023-03-02 01:35:27,488 [INFO] Sending reply to client '1677720927.4886525'
ptd-server 2023-03-02 01:35:27,490 [INFO] Got command from the client 'new,,4eb88976-74e4-45d5-ac8e-d26c518be2cd'
ptd-server 2023-03-02 01:35:27,490 [INFO] Sending reply to client 'OK 2023-03-02_01-35-27,c26705f0-701c-49f6-a336-a4b5bcb5bf5c'
ptd-server 2023-03-02 01:35:27,513 [INFO] Got command from the client 'time'
ptd-server 2023-03-02 01:35:27,513 [INFO] Sending reply to client '1677720927.5132825'
ptd-server 2023-03-02 01:35:27,514 [INFO] Got command from the client 'session,2023-03-02_01-35-27,start,ranging'
ptd-server 2023-03-02 01:35:27,514 [INFO] Running PTDaemon: ['/home/anton/projects/mlperf/power/inference_v1.0/ptd-linux-x86', '-l', '/tmp/tmpjo7pgaee/ptd_logfile.txt', '-p', '8888', '49', '/dev/usbtmc0']
ptd-server 2023-03-02 01:35:44,603 [INFO] Sending to ptd: 'Hello'
ptd-server 2023-03-02 01:35:44,603 [INFO] Reply from ptd: 'Hello, PTDaemon here!'
ptd-server 2023-03-02 01:35:44,604 [INFO] Sending to ptd: 'Identify'
ptd-server 2023-03-02 01:35:44,604 [INFO] Reply from ptd: 'YokogawaWT310E,1000,1,1,1,1,0,1,1,version=1.10.0-ed9a21d2-20220817,OS=Linux 5.15.0-60-generic #66~20.04.1-Ubuntu SMP Wed Jan 25 09:41:30 UTC 2023 x86_64,mode=power,1,1,1,0,0,no_cal_date,YOKOGAWA;WT310E;C3XA04010E;F1.04'
ptd-server 2023-03-02 01:35:44,604 [INFO] Connected to PTDaemon
ptd-server 2023-03-02 01:35:44,604 [INFO] Sending to ptd: 'RR'
ptd-server 2023-03-02 01:35:44,604 [INFO] Reply from ptd: 'Ranges,1,0.100000,1,300.000000'
ptd-server 2023-03-02 01:35:44,604 [INFO] Initial range for Amps is Auto for Volts is Auto
ptd-server 2023-03-02 01:35:44,605 [INFO] Sending to ptd: 'SR,V,Auto'
ptd-server 2023-03-02 01:35:45,107 [INFO] Reply from ptd: 'Range V changed'
ptd-server 2023-03-02 01:35:45,107 [INFO] Sending to ptd: 'SR,A,Auto'
ptd-server 2023-03-02 01:35:45,610 [INFO] Reply from ptd: 'Range A changed'
ptd-server 2023-03-02 01:35:55,620 [INFO] Starting ranging mode
ptd-server 2023-03-02 01:35:55,620 [INFO] Sending to ptd: 'Go,1000,0,2023-03-02_01-35-27_ranging'
ptd-server 2023-03-02 01:35:55,620 [INFO] Reply from ptd: 'Starting untimed measurement, maximum 500000 samples at 1000ms with 0 rampup samples'
ptd-server 2023-03-02 01:35:55,621 [INFO] Sending reply to client 'OK'
ptd-server 2023-03-02 01:46:19,518 [INFO] Got command from the client 'session,2023-03-02_01-35-27,stop,ranging'
ptd-server 2023-03-02 01:46:29,528 [INFO] Sending to ptd: 'Stop'
ptd-server 2023-03-02 01:46:29,528 [INFO] Reply from ptd: 'Stopping untimed measurement'
ptd-server 2023-03-02 01:46:29,546 [INFO] Sending reply to client 'OK'
ptd-server 2023-03-02 01:46:29,595 [INFO] Got command from the client 'time'
ptd-server 2023-03-02 01:46:29,595 [INFO] Sending reply to client '1677721589.5953639'
ptd-server 2023-03-02 01:46:29,597 [INFO] Got command from the client 'session,2023-03-02_01-35-27,start,testing'
ptd-server 2023-03-02 01:46:29,598 [INFO] Sending to ptd: 'SR,V,251.840000'
ptd-server 2023-03-02 01:46:31,123 [INFO] Reply from ptd: 'Range V changed'
ptd-server 2023-03-02 01:46:31,123 [INFO] Sending to ptd: 'SR,A,0.080430'
ptd-server 2023-03-02 01:46:32,624 [INFO] Reply from ptd: 'Range A changed'
ptd-server 2023-03-02 01:46:42,635 [INFO] Starting testing mode
ptd-server 2023-03-02 01:46:42,635 [INFO] Sending to ptd: 'Go,1000,0,2023-03-02_01-35-27_testing'
ptd-server 2023-03-02 01:46:42,635 [INFO] Reply from ptd: 'Starting untimed measurement, maximum 500000 samples at 1000ms with 0 rampup samples'
ptd-server 2023-03-02 01:46:42,635 [INFO] Sending reply to client 'OK'
ptd-server 2023-03-02 01:57:06,978 [INFO] Got command from the client 'session,2023-03-02_01-35-27,stop,testing'
ptd-server 2023-03-02 01:57:16,988 [INFO] Sending to ptd: 'Stop'
ptd-server 2023-03-02 01:57:16,988 [INFO] Reply from ptd: 'Stopping untimed measurement'
ptd-server 2023-03-02 01:57:16,998 [INFO] Sending reply to client 'OK'
ptd-server 2023-03-02 01:57:17,016 [INFO] Got command from the client 'session,2023-03-02_01-35-27,done'
ptd-server 2023-03-02 01:57:17,017 [INFO] Sending to ptd: 'Stop'
ptd-server 2023-03-02 01:57:17,635 [INFO] Reply from ptd: 'Error: no measurement to stop'
ptd-server 2023-03-02 01:57:17,636 [INFO] Sending to ptd: 'SR,V,Auto'
ptd-server 2023-03-02 01:57:18,138 [INFO] Reply from ptd: 'Range V changed'
ptd-server 2023-03-02 01:57:18,138 [INFO] Sending to ptd: 'SR,A,Auto'
ptd-server 2023-03-02 01:57:18,641 [INFO] Reply from ptd: 'Range A changed'
ptd-server 2023-03-02 01:57:18,641 [INFO] Set initial values for Amps Auto and Volts Auto
ptd-server 2023-03-02 01:57:18,641 [INFO] Stopping ptd...
