ptd-server 2023-02-27 19:19:45,504 [INFO] Got command from the client 'time'
ptd-server 2023-02-27 19:19:45,504 [INFO] Sending reply to client '1677525585.504384'
ptd-server 2023-02-27 19:19:45,505 [INFO] Got command from the client 'new,,838111d9-315a-4544-bfcf-6ca812f9b574'
ptd-server 2023-02-27 19:19:45,506 [INFO] Sending reply to client 'OK 2023-02-27_19-19-45,1282cccc-ddcb-4b01-a9b8-5692ef9df9f1'
ptd-server 2023-02-27 19:19:45,531 [INFO] Got command from the client 'time'
ptd-server 2023-02-27 19:19:45,531 [INFO] Sending reply to client '1677525585.531187'
ptd-server 2023-02-27 19:19:45,533 [INFO] Got command from the client 'session,2023-02-27_19-19-45,start,ranging'
ptd-server 2023-02-27 19:19:45,533 [INFO] Running PTDaemon: ['/home/anton/projects/mlperf/power/inference_v1.0/ptd-linux-x86', '-l', '/tmp/tmpu4v721n6/ptd_logfile.txt', '-p', '8888', '49', '/dev/usbtmc0']
ptd-server 2023-02-27 19:20:02,619 [INFO] Sending to ptd: 'Hello'
ptd-server 2023-02-27 19:20:02,620 [INFO] Reply from ptd: 'Hello, PTDaemon here!'
ptd-server 2023-02-27 19:20:02,620 [INFO] Sending to ptd: 'Identify'
ptd-server 2023-02-27 19:20:02,620 [INFO] Reply from ptd: 'YokogawaWT310E,1000,1,1,1,1,0,1,1,version=1.10.0-ed9a21d2-20220817,OS=Linux 5.15.0-60-generic #66~20.04.1-Ubuntu SMP Wed Jan 25 09:41:30 UTC 2023 x86_64,mode=power,1,1,1,0,0,no_cal_date,YOKOGAWA;WT310E;C3XA04010E;F1.04'
ptd-server 2023-02-27 19:20:02,620 [INFO] Connected to PTDaemon
ptd-server 2023-02-27 19:20:02,620 [INFO] Sending to ptd: 'RR'
ptd-server 2023-02-27 19:20:02,621 [INFO] Reply from ptd: 'Ranges,0,0.100000,0,300.000000'
ptd-server 2023-02-27 19:20:02,621 [INFO] Initial range for Amps is 0.100000 for Volts is 300.000000
ptd-server 2023-02-27 19:20:02,621 [INFO] Sending to ptd: 'SR,V,Auto'
ptd-server 2023-02-27 19:20:03,123 [INFO] Reply from ptd: 'Range V changed'
ptd-server 2023-02-27 19:20:03,123 [INFO] Sending to ptd: 'SR,A,Auto'
ptd-server 2023-02-27 19:20:03,626 [INFO] Reply from ptd: 'Range A changed'
ptd-server 2023-02-27 19:20:13,636 [INFO] Starting ranging mode
ptd-server 2023-02-27 19:20:13,636 [INFO] Sending to ptd: 'Go,1000,0,2023-02-27_19-19-45_ranging'
ptd-server 2023-02-27 19:20:13,636 [INFO] Reply from ptd: 'Starting untimed measurement, maximum 500000 samples at 1000ms with 0 rampup samples'
ptd-server 2023-02-27 19:20:13,637 [INFO] Sending reply to client 'OK'
ptd-server 2023-02-27 19:30:42,724 [INFO] Got command from the client 'session,2023-02-27_19-19-45,stop,ranging'
ptd-server 2023-02-27 19:30:52,732 [INFO] Sending to ptd: 'Stop'
ptd-server 2023-02-27 19:30:52,732 [INFO] Reply from ptd: 'Stopping untimed measurement'
ptd-server 2023-02-27 19:30:53,109 [INFO] Sending reply to client 'OK'
ptd-server 2023-02-27 19:30:53,201 [INFO] Got command from the client 'time'
ptd-server 2023-02-27 19:30:53,201 [INFO] Sending reply to client '1677526253.201245'
ptd-server 2023-02-27 19:30:53,204 [INFO] Got command from the client 'session,2023-02-27_19-19-45,start,testing'
ptd-server 2023-02-27 19:30:53,204 [INFO] Sending to ptd: 'SR,V,252.760000'
ptd-server 2023-02-27 19:30:55,139 [INFO] Reply from ptd: 'Range V changed'
ptd-server 2023-02-27 19:30:55,139 [INFO] Sending to ptd: 'SR,A,0.053750'
ptd-server 2023-02-27 19:30:56,640 [INFO] Reply from ptd: 'Range A changed'
ptd-server 2023-02-27 19:31:06,648 [INFO] Starting testing mode
ptd-server 2023-02-27 19:31:06,648 [INFO] Sending to ptd: 'Go,1000,0,2023-02-27_19-19-45_testing'
ptd-server 2023-02-27 19:31:06,648 [INFO] Reply from ptd: 'Starting untimed measurement, maximum 500000 samples at 1000ms with 0 rampup samples'
ptd-server 2023-02-27 19:31:06,649 [INFO] Sending reply to client 'OK'
ptd-server 2023-02-27 19:41:35,885 [INFO] Got command from the client 'session,2023-02-27_19-19-45,stop,testing'
ptd-server 2023-02-27 19:41:45,895 [INFO] Sending to ptd: 'Stop'
ptd-server 2023-02-27 19:41:45,896 [INFO] Reply from ptd: 'Stopping untimed measurement'
ptd-server 2023-02-27 19:41:46,090 [INFO] Sending reply to client 'OK'
ptd-server 2023-02-27 19:41:46,106 [INFO] Got command from the client 'session,2023-02-27_19-19-45,done'
ptd-server 2023-02-27 19:41:46,107 [INFO] Sending to ptd: 'Stop'
ptd-server 2023-02-27 19:41:46,649 [INFO] Reply from ptd: 'Error: no measurement to stop'
ptd-server 2023-02-27 19:41:46,649 [INFO] Sending to ptd: 'SR,V,300.000000'
ptd-server 2023-02-27 19:41:48,150 [INFO] Reply from ptd: 'Range V changed'
ptd-server 2023-02-27 19:41:48,150 [INFO] Sending to ptd: 'SR,A,0.100000'
ptd-server 2023-02-27 19:41:49,652 [INFO] Reply from ptd: 'Range A changed'
ptd-server 2023-02-27 19:41:49,652 [INFO] Set initial values for Amps 0.100000 and Volts 300.000000
ptd-server 2023-02-27 19:41:49,652 [INFO] Stopping ptd...
