client 2023-02-21 01:29:09,714 [WARNING] Removing loadgen logs directory '/home/khadas/CK/ck-mlperf/program/image-classification-tflite-loadgen/tmp/loadgen_logs'
client 2023-02-21 01:29:09,715 [INFO] Sending command to the server: 'mlcommons/power client v3'
client 2023-02-21 01:29:09,716 [INFO] Got response: 'mlcommons/power server v3'
client 2023-02-21 01:29:09,717 [INFO] Synchronizing with the server and with time.google.com...
client 2023-02-21 01:29:09,809 [INFO] NTP:offset = -0.001 s, delay = 0.015 s 
client 2023-02-21 01:29:09,809 [INFO] Sending command to the server: 'time'
client 2023-02-21 01:29:09,810 [INFO] Got response: '1676942949.809192'
client 2023-02-21 01:29:09,811 [INFO] The time difference between the client and the server is within range 0.514 ms..1.805 ms
client 2023-02-21 01:29:09,811 [INFO] Sending command to the server: 'new,,ff2d6da8-6690-4c44-8f71-12cc7adf5083'
client 2023-02-21 01:29:09,812 [INFO] Got response: 'OK 2023-02-21_01-29-09,e375c1c6-ed17-410c-a0b3-1a38f1b9d8da'
client 2023-02-21 01:29:09,812 [INFO] Session id is '2023-02-21_01-29-09'
client 2023-02-21 01:29:09,812 [INFO] Sources: {"sources": {"__init__.py": "da39a3ee5e6b4b0d3255bfef95601890afd80709", "client.py": "33ca4f26368777ac06e01f9567b714a4b8063886", "lib/__init__.py": "da39a3ee5e6b4b0d3255bfef95601890afd80709", "lib/client.py": "4c2b78fb4849a7e5b584ef792d82aaed20b17f57", "lib/common.py": "624d0c0acc7c39aaff3674f0b99d6a09da53d1dc", "lib/external/__init__.py": "da39a3ee5e6b4b0d3255bfef95601890afd80709", "lib/external/ntplib.py": "4da8f970656505a40483206ef2b5d3dd5e81711d", "lib/server.py": "cda0cdfaee9bfa1249c64a7dd4f89b7bf1b279f0", "lib/source_hashes.py": "60a2e02193209e8d392803326208d5466342da18", "lib/summary.py": "aa92f0a3f975eecd44d3c0cd0236342ccc9f941d", "lib/time_sync.py": "3210db56eb0ff0df57bf4293dc4d4b03fffd46f1", "server.py": "c3f90f2f7eeb4db30727556d0c815ebc89b3d28b", "tests/unit/__init__.py": "da39a3ee5e6b4b0d3255bfef95601890afd80709", "tests/unit/test_server.py": "99ae15aef722f2000ee6ed1ae1523637bf1ae42b", "tests/unit/test_source_hashes.py": "00468a2907583c593e6574a1f6b404e4651c221a"}, "modules": {"ptd_client_server.lib.client": "lib/client.py", "ptd_client_server.lib.common": "lib/common.py", "ptd_client_server.lib.external.ntplib": "lib/external/ntplib.py", "ptd_client_server.lib.source_hashes": "lib/source_hashes.py", "ptd_client_server.lib.summary": "lib/summary.py", "ptd_client_server.lib.time_sync": "lib/time_sync.py"}}
client 2023-02-21 01:29:09,813 [INFO] Running workload in ranging mode
client 2023-02-21 01:29:09,813 [INFO] Synchronizing with the server and with time.google.com...
client 2023-02-21 01:29:09,893 [INFO] NTP:offset = -0.000 s, delay = 0.012 s 
client 2023-02-21 01:29:09,893 [INFO] Sending command to the server: 'time'
client 2023-02-21 01:29:09,894 [INFO] Got response: '1676942949.893061'
client 2023-02-21 01:29:09,894 [INFO] The time difference between the client and the server is within range 0.501 ms..1.587 ms
client 2023-02-21 01:29:09,894 [INFO] Sending command to the server: 'session,2023-02-21_01-29-09,start,ranging'
client 2023-02-21 01:29:37,989 [INFO] Got response: 'OK'
client 2023-02-21 01:29:37,989 [INFO] Running the workload 'ck benchmark program:image-classification-tflite-loadgen --env.CK_SILENT_MODE=YES --skip_print_timers --dep_add_tags.compiler=gcc,v11 --dep_add_tags.python=v3 --dep_add_tags.mlperf-inference-src=r3.0 --dep_add_tags.weights=mobilenet,v1-0.75-160,quantized --dep_add_tags.images=crop.875,preprocessed,using-opencv --dep_add_tags.library=tflite,v2.11.0,with.ruy --env.CK_LOADGEN_DATASET_SIZE=1024 --env.CK_LOADGEN_MODE=PerformanceOnly --env.CK_LOADGEN_SCENARIO=SingleStream --env.CK_LOADGEN_TARGET_LATENCY=$CK_LOADGEN_TARGET_LATENCY --skip_stat_analysis --process_multi_keys --repetitions=1 --record --record_repo=local --record_uoa=mlperf_v3.0-open-vim4-tflite-v2.11.0-ruy-mobilenet-v1-0.75-160-quantized-singlestream-performance-target_latency.$CK_LOADGEN_TARGET_LATENCY-power.workload --tags=mlperf,round.v3.0,division.open,task.image-classification,platform.vim4,scenario.singlestream,mode.performance,workload.mobilenet-v1-0.75-160-quantized,preprocessed_using.opencv,inference_engine.tflite,inference_engine_version.v2.11.0,inference_engine_backend.ruy,target_latency.$CK_LOADGEN_TARGET_LATENCY,power.workload "@@@{\'meta\': {\'ck_benchmark_program\': \'ck benchmark program:image-classification-tflite-loadgen --env.CK_SILENT_MODE=YES --skip_print_timers --dep_add_tags.compiler=gcc,v11 --dep_add_tags.python=v3 --dep_add_tags.mlperf-inference-src=r3.0 --dep_add_tags.weights=mobilenet,v1-0.75-160,quantized --dep_add_tags.images=crop.875,preprocessed,using-opencv --dep_add_tags.library=tflite,v2.11.0,with.ruy --env.CK_LOADGEN_DATASET_SIZE=1024 --env.CK_LOADGEN_MODE=PerformanceOnly --env.CK_LOADGEN_SCENARIO=SingleStream --env.CK_LOADGEN_TARGET_LATENCY=$CK_LOADGEN_TARGET_LATENCY --skip_stat_analysis --process_multi_keys --repetitions=1 --record --record_repo=local --record_uoa=mlperf_v3.0-open-vim4-tflite-v2.11.0-ruy-mobilenet-v1-0.75-160-quantized-singlestream-performance-target_latency.$CK_LOADGEN_TARGET_LATENCY-power.workload --tags=mlperf,round.v3.0,division.open,task.image-classification,platform.vim4,scenario.singlestream,mode.performance,workload.mobilenet-v1-0.75-160-quantized,preprocessed_using.opencv,inference_engine.tflite,inference_engine_version.v2.11.0,inference_engine_backend.ruy,target_latency.$CK_LOADGEN_TARGET_LATENCY,power.workload\'}}" && cat `ck find program:image-classification-tflite-loadgen`/tmp/mlperf_log_summary.txt && mkdir -p "$CK_MLPERF_POWER_CLIENT_LOADGEN_LOGS" && cp "$CK_MLPERF_POWER_CLIENT_LOADGEN_LOGS"/../mlperf_log_* "$CK_MLPERF_POWER_CLIENT_LOADGEN_LOGS"/'
client 2023-02-21 01:40:05,343 [INFO] Sending command to the server: 'session,2023-02-21_01-29-09,stop,ranging'
client 2023-02-21 01:40:15,601 [INFO] Got response: 'OK'
client 2023-02-21 01:40:15,610 [INFO] Copying loadgen logs from '/home/khadas/CK/ck-mlperf/program/image-classification-tflite-loadgen/tmp/loadgen_logs' to '/home/khadas/CK/ck-mlperf/program/mlperf-power-client/tmp/2023-02-21_01-29-09/ranging'
client 2023-02-21 01:40:15,611 [INFO] Running workload in testing mode
client 2023-02-21 01:40:15,611 [INFO] Synchronizing with the server and with time.google.com...
client 2023-02-21 01:40:15,706 [INFO] NTP:offset = 0.000 s, delay = 0.012 s 
client 2023-02-21 01:40:15,706 [INFO] Sending command to the server: 'time'
client 2023-02-21 01:40:15,707 [INFO] Got response: '1676943615.7055087'
client 2023-02-21 01:40:15,707 [INFO] The time difference between the client and the server is within range 0.854 ms..1.783 ms
client 2023-02-21 01:40:15,707 [INFO] Sending command to the server: 'session,2023-02-21_01-29-09,start,testing'
client 2023-02-21 01:40:29,002 [INFO] Got response: 'OK'
client 2023-02-21 01:40:29,003 [INFO] Running the workload 'ck benchmark program:image-classification-tflite-loadgen --env.CK_SILENT_MODE=YES --skip_print_timers --dep_add_tags.compiler=gcc,v11 --dep_add_tags.python=v3 --dep_add_tags.mlperf-inference-src=r3.0 --dep_add_tags.weights=mobilenet,v1-0.75-160,quantized --dep_add_tags.images=crop.875,preprocessed,using-opencv --dep_add_tags.library=tflite,v2.11.0,with.ruy --env.CK_LOADGEN_DATASET_SIZE=1024 --env.CK_LOADGEN_MODE=PerformanceOnly --env.CK_LOADGEN_SCENARIO=SingleStream --env.CK_LOADGEN_TARGET_LATENCY=$CK_LOADGEN_TARGET_LATENCY --skip_stat_analysis --process_multi_keys --repetitions=1 --record --record_repo=local --record_uoa=mlperf_v3.0-open-vim4-tflite-v2.11.0-ruy-mobilenet-v1-0.75-160-quantized-singlestream-performance-target_latency.$CK_LOADGEN_TARGET_LATENCY-power.workload --tags=mlperf,round.v3.0,division.open,task.image-classification,platform.vim4,scenario.singlestream,mode.performance,workload.mobilenet-v1-0.75-160-quantized,preprocessed_using.opencv,inference_engine.tflite,inference_engine_version.v2.11.0,inference_engine_backend.ruy,target_latency.$CK_LOADGEN_TARGET_LATENCY,power.workload "@@@{\'meta\': {\'ck_benchmark_program\': \'ck benchmark program:image-classification-tflite-loadgen --env.CK_SILENT_MODE=YES --skip_print_timers --dep_add_tags.compiler=gcc,v11 --dep_add_tags.python=v3 --dep_add_tags.mlperf-inference-src=r3.0 --dep_add_tags.weights=mobilenet,v1-0.75-160,quantized --dep_add_tags.images=crop.875,preprocessed,using-opencv --dep_add_tags.library=tflite,v2.11.0,with.ruy --env.CK_LOADGEN_DATASET_SIZE=1024 --env.CK_LOADGEN_MODE=PerformanceOnly --env.CK_LOADGEN_SCENARIO=SingleStream --env.CK_LOADGEN_TARGET_LATENCY=$CK_LOADGEN_TARGET_LATENCY --skip_stat_analysis --process_multi_keys --repetitions=1 --record --record_repo=local --record_uoa=mlperf_v3.0-open-vim4-tflite-v2.11.0-ruy-mobilenet-v1-0.75-160-quantized-singlestream-performance-target_latency.$CK_LOADGEN_TARGET_LATENCY-power.workload --tags=mlperf,round.v3.0,division.open,task.image-classification,platform.vim4,scenario.singlestream,mode.performance,workload.mobilenet-v1-0.75-160-quantized,preprocessed_using.opencv,inference_engine.tflite,inference_engine_version.v2.11.0,inference_engine_backend.ruy,target_latency.$CK_LOADGEN_TARGET_LATENCY,power.workload\'}}" && cat `ck find program:image-classification-tflite-loadgen`/tmp/mlperf_log_summary.txt && mkdir -p "$CK_MLPERF_POWER_CLIENT_LOADGEN_LOGS" && cp "$CK_MLPERF_POWER_CLIENT_LOADGEN_LOGS"/../mlperf_log_* "$CK_MLPERF_POWER_CLIENT_LOADGEN_LOGS"/'
client 2023-02-21 01:50:56,254 [INFO] Sending command to the server: 'session,2023-02-21_01-29-09,stop,testing'
client 2023-02-21 01:51:06,412 [INFO] Got response: 'OK'
client 2023-02-21 01:51:06,414 [INFO] Copying loadgen logs from '/home/khadas/CK/ck-mlperf/program/image-classification-tflite-loadgen/tmp/loadgen_logs' to '/home/khadas/CK/ck-mlperf/program/mlperf-power-client/tmp/2023-02-21_01-29-09/run_1'
client 2023-02-21 01:51:06,415 [INFO] Done runs
