ptd-server 2023-03-02 08:29:38,071 [INFO] Got command from the client 'time'
ptd-server 2023-03-02 08:29:38,072 [INFO] Sending reply to client '1677745778.0721838'
ptd-server 2023-03-02 08:29:38,074 [INFO] Got command from the client 'new,,2232445d-9a55-433a-b28b-3594f9ae590b'
ptd-server 2023-03-02 08:29:38,075 [INFO] Sending reply to client 'OK 2023-03-02_08-29-38,9db77e80-f2e6-45ee-b8b3-5544829cc3fc'
ptd-server 2023-03-02 08:29:38,094 [INFO] Got command from the client 'time'
ptd-server 2023-03-02 08:29:38,095 [INFO] Sending reply to client '1677745778.0951912'
ptd-server 2023-03-02 08:29:38,097 [INFO] Got command from the client 'session,2023-03-02_08-29-38,start,ranging'
ptd-server 2023-03-02 08:29:38,097 [INFO] Running PTDaemon: ['/media/arjun/T7_Touch/hp-envy/CM/repos/local/cache/9b3695ca8255492a/power/inference_v1.0/ptd-linux-x86', '-l', '/tmp/tmpti64566v/ptd_logfile.txt', '-p', '8888', '49', '/dev/usbtmc0']
ptd-server 2023-03-02 08:29:55,201 [INFO] Sending to ptd: 'Hello'
ptd-server 2023-03-02 08:29:55,202 [INFO] Reply from ptd: 'Hello, PTDaemon here!'
ptd-server 2023-03-02 08:29:55,203 [INFO] Sending to ptd: 'Identify'
ptd-server 2023-03-02 08:29:55,203 [INFO] Reply from ptd: 'YokogawaWT310E,1000,1,1,1,1,0,1,1,version=1.10.0-ed9a21d2-20220817,OS=Linux 5.15.0-56-generic #62-Ubuntu SMP Tue Nov 22 19:54:14 UTC 2022 x86_64,mode=power,1,1,1,0,0,no_cal_date,YOKOGAWA;WT310E;C3YD21068E;F1.04'
ptd-server 2023-03-02 08:29:55,204 [INFO] Connected to PTDaemon
ptd-server 2023-03-02 08:29:55,204 [INFO] Sending to ptd: 'RR'
ptd-server 2023-03-02 08:29:55,205 [INFO] Reply from ptd: 'Ranges,1,1.000000,0,600.000000'
ptd-server 2023-03-02 08:29:55,205 [INFO] Initial range for Amps is Auto for Volts is 600.000000
ptd-server 2023-03-02 08:29:55,205 [INFO] Sending to ptd: 'SR,V,Auto'
ptd-server 2023-03-02 08:29:55,709 [INFO] Reply from ptd: 'Range V changed'
ptd-server 2023-03-02 08:29:55,709 [INFO] Sending to ptd: 'SR,A,Auto'
ptd-server 2023-03-02 08:29:56,213 [INFO] Reply from ptd: 'Range A changed'
ptd-server 2023-03-02 08:30:06,224 [INFO] Starting ranging mode
ptd-server 2023-03-02 08:30:06,224 [INFO] Sending to ptd: 'Go,1000,0,2023-03-02_08-29-38_ranging'
ptd-server 2023-03-02 08:30:06,225 [INFO] Reply from ptd: 'Starting untimed measurement, maximum 500000 samples at 1000ms with 0 rampup samples'
ptd-server 2023-03-02 08:30:06,226 [INFO] Sending reply to client 'OK'
ptd-server 2023-03-02 08:40:09,413 [INFO] Got command from the client 'session,2023-03-02_08-29-38,stop,ranging'
ptd-server 2023-03-02 08:40:19,423 [INFO] Sending to ptd: 'Stop'
ptd-server 2023-03-02 08:40:19,424 [INFO] Reply from ptd: 'Stopping untimed measurement'
ptd-server 2023-03-02 08:40:19,777 [INFO] Sending reply to client 'OK'
ptd-server 2023-03-02 08:40:19,797 [INFO] Got command from the client 'time'
ptd-server 2023-03-02 08:40:19,797 [INFO] Sending reply to client '1677746419.7978108'
ptd-server 2023-03-02 08:40:19,799 [INFO] Got command from the client 'session,2023-03-02_08-29-38,start,testing'
ptd-server 2023-03-02 08:40:19,799 [INFO] Sending to ptd: 'SR,V,248.840000'
ptd-server 2023-03-02 08:40:21,728 [INFO] Reply from ptd: 'Range V changed'
ptd-server 2023-03-02 08:40:21,729 [INFO] Sending to ptd: 'SR,A,1.674800'
ptd-server 2023-03-02 08:40:23,232 [INFO] Reply from ptd: 'Range A changed'
ptd-server 2023-03-02 08:40:33,243 [INFO] Starting testing mode
ptd-server 2023-03-02 08:40:33,244 [INFO] Sending to ptd: 'Go,1000,0,2023-03-02_08-29-38_testing'
ptd-server 2023-03-02 08:40:33,245 [INFO] Reply from ptd: 'Starting untimed measurement, maximum 500000 samples at 1000ms with 0 rampup samples'
ptd-server 2023-03-02 08:40:33,245 [INFO] Sending reply to client 'OK'
ptd-server 2023-03-02 08:50:36,249 [INFO] Got command from the client 'session,2023-03-02_08-29-38,stop,testing'
ptd-server 2023-03-02 08:50:46,260 [INFO] Sending to ptd: 'Stop'
ptd-server 2023-03-02 08:50:46,262 [INFO] Reply from ptd: 'Stopping untimed measurement'
ptd-server 2023-03-02 08:50:46,434 [INFO] Sending reply to client 'OK'
ptd-server 2023-03-02 08:50:46,446 [INFO] Got command from the client 'session,2023-03-02_08-29-38,done'
ptd-server 2023-03-02 08:50:46,446 [INFO] Sending to ptd: 'Stop'
ptd-server 2023-03-02 08:50:47,245 [INFO] Reply from ptd: 'Error: no measurement to stop'
ptd-server 2023-03-02 08:50:47,246 [INFO] Sending to ptd: 'SR,V,600.000000'
ptd-server 2023-03-02 08:50:48,749 [INFO] Reply from ptd: 'Range V changed'
ptd-server 2023-03-02 08:50:48,749 [INFO] Sending to ptd: 'SR,A,Auto'
ptd-server 2023-03-02 08:50:49,253 [INFO] Reply from ptd: 'Range A changed'
ptd-server 2023-03-02 08:50:49,253 [INFO] Set initial values for Amps Auto and Volts 600.000000
ptd-server 2023-03-02 08:50:49,253 [INFO] Stopping ptd...
