ptd-server 2023-02-20 06:29:30,120 [INFO] Got command from the client 'time'
ptd-server 2023-02-20 06:29:30,121 [INFO] Sending reply to client '1676874570.1210983'
ptd-server 2023-02-20 06:29:30,122 [INFO] Got command from the client 'new,,624a2d5e-6916-40f2-b683-7adf5a3368fc'
ptd-server 2023-02-20 06:29:30,122 [INFO] Sending reply to client 'OK 2023-02-20_06-29-30,926006c2-823b-4542-925b-dc5ca0729d80'
ptd-server 2023-02-20 06:29:30,152 [INFO] Got command from the client 'time'
ptd-server 2023-02-20 06:29:30,153 [INFO] Sending reply to client '1676874570.1530235'
ptd-server 2023-02-20 06:29:30,154 [INFO] Got command from the client 'session,2023-02-20_06-29-30,start,ranging'
ptd-server 2023-02-20 06:29:30,154 [INFO] Running PTDaemon: ['/home/anton/projects/mlperf/power/inference_v1.0/ptd-linux-x86', '-l', '/tmp/tmp4yl1neqp/ptd_logfile.txt', '-p', '8888', '49', '/dev/usbtmc0']
ptd-server 2023-02-20 06:29:47,227 [INFO] Sending to ptd: 'Hello'
ptd-server 2023-02-20 06:29:47,228 [INFO] Reply from ptd: 'Hello, PTDaemon here!'
ptd-server 2023-02-20 06:29:47,228 [INFO] Sending to ptd: 'Identify'
ptd-server 2023-02-20 06:29:47,229 [INFO] Reply from ptd: 'YokogawaWT310E,1000,1,1,1,1,0,1,1,version=1.10.0-ed9a21d2-20220817,OS=Linux 5.15.0-60-generic #66~20.04.1-Ubuntu SMP Wed Jan 25 09:41:30 UTC 2023 x86_64,mode=power,1,1,1,0,0,no_cal_date,YOKOGAWA;WT310E;C3XA04010E;F1.04'
ptd-server 2023-02-20 06:29:47,229 [INFO] Connected to PTDaemon
ptd-server 2023-02-20 06:29:47,229 [INFO] Sending to ptd: 'RR'
ptd-server 2023-02-20 06:29:47,229 [INFO] Reply from ptd: 'Ranges,0,0.500000,1,300.000000'
ptd-server 2023-02-20 06:29:47,229 [INFO] Initial range for Amps is 0.500000 for Volts is Auto
ptd-server 2023-02-20 06:29:47,229 [INFO] Sending to ptd: 'SR,V,Auto'
ptd-server 2023-02-20 06:29:47,732 [INFO] Reply from ptd: 'Range V changed'
ptd-server 2023-02-20 06:29:47,732 [INFO] Sending to ptd: 'SR,A,Auto'
ptd-server 2023-02-20 06:29:48,235 [INFO] Reply from ptd: 'Range A changed'
ptd-server 2023-02-20 06:29:58,245 [INFO] Starting ranging mode
ptd-server 2023-02-20 06:29:58,245 [INFO] Sending to ptd: 'Go,1000,0,2023-02-20_06-29-30_ranging'
ptd-server 2023-02-20 06:29:58,246 [INFO] Reply from ptd: 'Starting untimed measurement, maximum 500000 samples at 1000ms with 0 rampup samples'
ptd-server 2023-02-20 06:29:58,246 [INFO] Sending reply to client 'OK'
ptd-server 2023-02-20 06:40:25,390 [INFO] Got command from the client 'session,2023-02-20_06-29-30,stop,ranging'
ptd-server 2023-02-20 06:40:35,401 [INFO] Sending to ptd: 'Stop'
ptd-server 2023-02-20 06:40:35,401 [INFO] Reply from ptd: 'Stopping untimed measurement'
ptd-server 2023-02-20 06:40:35,561 [INFO] Sending reply to client 'OK'
ptd-server 2023-02-20 06:40:35,633 [INFO] Got command from the client 'time'
ptd-server 2023-02-20 06:40:35,633 [INFO] Sending reply to client '1676875235.633612'
ptd-server 2023-02-20 06:40:35,634 [INFO] Got command from the client 'session,2023-02-20_06-29-30,start,testing'
ptd-server 2023-02-20 06:40:35,634 [INFO] Sending to ptd: 'SR,V,252.450000'
ptd-server 2023-02-20 06:40:37,748 [INFO] Reply from ptd: 'Range V changed'
ptd-server 2023-02-20 06:40:37,748 [INFO] Sending to ptd: 'SR,A,0.074090'
ptd-server 2023-02-20 06:40:39,249 [INFO] Reply from ptd: 'Range A changed'
ptd-server 2023-02-20 06:40:49,260 [INFO] Starting testing mode
ptd-server 2023-02-20 06:40:49,260 [INFO] Sending to ptd: 'Go,1000,0,2023-02-20_06-29-30_testing'
ptd-server 2023-02-20 06:40:49,260 [INFO] Reply from ptd: 'Starting untimed measurement, maximum 500000 samples at 1000ms with 0 rampup samples'
ptd-server 2023-02-20 06:40:49,261 [INFO] Sending reply to client 'OK'
ptd-server 2023-02-20 06:51:16,297 [INFO] Got command from the client 'session,2023-02-20_06-29-30,stop,testing'
ptd-server 2023-02-20 06:51:26,307 [INFO] Sending to ptd: 'Stop'
ptd-server 2023-02-20 06:51:26,308 [INFO] Reply from ptd: 'Stopping untimed measurement'
ptd-server 2023-02-20 06:51:26,394 [INFO] Sending reply to client 'OK'
ptd-server 2023-02-20 06:51:26,401 [INFO] Got command from the client 'session,2023-02-20_06-29-30,done'
ptd-server 2023-02-20 06:51:26,402 [INFO] Sending to ptd: 'Stop'
ptd-server 2023-02-20 06:51:27,260 [INFO] Reply from ptd: 'Error: no measurement to stop'
ptd-server 2023-02-20 06:51:27,260 [INFO] Sending to ptd: 'SR,V,Auto'
ptd-server 2023-02-20 06:51:27,763 [INFO] Reply from ptd: 'Range V changed'
ptd-server 2023-02-20 06:51:27,763 [INFO] Sending to ptd: 'SR,A,0.500000'
ptd-server 2023-02-20 06:51:29,265 [INFO] Reply from ptd: 'Range A changed'
ptd-server 2023-02-20 06:51:29,265 [INFO] Set initial values for Amps 0.500000 and Volts Auto
ptd-server 2023-02-20 06:51:29,265 [INFO] Stopping ptd...
