[2023-02-23 21:58:29,037 submission_checker.py:2421 WARNING] closed/rebellions/results/ATOM, field host_processor_vcpu_count is unknown
[2023-02-23 21:58:29,037 submission_checker.py:2421 WARNING] closed/rebellions/results/ATOM, field host_network_card_count is unknown
[2023-02-23 21:58:29,039 log_parser.py:50 INFO] Sucessfully loaded MLPerf log from closed/rebellions/results/ATOM/bert-99/SingleStream/accuracy/mlperf_log_detail.txt.
[2023-02-23 21:58:29,040 log_parser.py:50 INFO] Sucessfully loaded MLPerf log from closed/rebellions/results/ATOM/bert-99/SingleStream/performance/run_1/mlperf_log_detail.txt.
[2023-02-23 21:58:29,041 log_parser.py:50 INFO] Sucessfully loaded MLPerf log from closed/rebellions/results/ATOM/bert-99/SingleStream/performance/run_1/mlperf_log_detail.txt.
[2023-02-23 21:58:29,042 log_parser.py:50 INFO] Sucessfully loaded MLPerf log from closed/rebellions/compliance/ATOM/bert-99/SingleStream/TEST01/performance/run_1/mlperf_log_detail.txt.
[2023-02-23 21:58:29,043 log_parser.py:50 INFO] Sucessfully loaded MLPerf log from closed/rebellions/compliance/ATOM/bert-99/SingleStream/TEST01/performance/run_1/mlperf_log_detail.txt.
[2023-02-23 21:58:29,044 log_parser.py:50 INFO] Sucessfully loaded MLPerf log from closed/rebellions/compliance/ATOM/bert-99/SingleStream/TEST05/performance/run_1/mlperf_log_detail.txt.
[2023-02-23 21:58:29,045 log_parser.py:50 INFO] Sucessfully loaded MLPerf log from closed/rebellions/compliance/ATOM/bert-99/SingleStream/TEST05/performance/run_1/mlperf_log_detail.txt.
[2023-02-23 21:58:29,047 log_parser.py:50 INFO] Sucessfully loaded MLPerf log from closed/rebellions/results/ATOM/bert-99/Offline/accuracy/mlperf_log_detail.txt.
[2023-02-23 21:58:29,048 log_parser.py:50 INFO] Sucessfully loaded MLPerf log from closed/rebellions/results/ATOM/bert-99/Offline/performance/run_1/mlperf_log_detail.txt.
[2023-02-23 21:58:29,049 log_parser.py:50 INFO] Sucessfully loaded MLPerf log from closed/rebellions/results/ATOM/bert-99/Offline/performance/run_1/mlperf_log_detail.txt.
[2023-02-23 21:58:29,049 submission_checker.py:2306 INFO] closed/rebellions/results/ATOM/bert-99/Offline/performance/run_1 has inferred results, qps=233.044
[2023-02-23 21:58:29,050 log_parser.py:50 INFO] Sucessfully loaded MLPerf log from closed/rebellions/compliance/ATOM/bert-99/Offline/TEST01/performance/run_1/mlperf_log_detail.txt.
[2023-02-23 21:58:29,051 log_parser.py:50 INFO] Sucessfully loaded MLPerf log from closed/rebellions/compliance/ATOM/bert-99/Offline/TEST01/performance/run_1/mlperf_log_detail.txt.
[2023-02-23 21:58:29,051 submission_checker.py:2608 INFO] closed/rebellions/compliance/ATOM/bert-99/Offline/TEST01/performance/run_1 has inferred results, qps=233.047
[2023-02-23 21:58:29,052 log_parser.py:50 INFO] Sucessfully loaded MLPerf log from closed/rebellions/compliance/ATOM/bert-99/Offline/TEST05/performance/run_1/mlperf_log_detail.txt.
[2023-02-23 21:58:29,053 log_parser.py:50 INFO] Sucessfully loaded MLPerf log from closed/rebellions/compliance/ATOM/bert-99/Offline/TEST05/performance/run_1/mlperf_log_detail.txt.
[2023-02-23 21:58:29,053 submission_checker.py:2608 INFO] closed/rebellions/compliance/ATOM/bert-99/Offline/TEST05/performance/run_1 has inferred results, qps=233.011
[2023-02-23 21:58:29,059 log_parser.py:50 INFO] Sucessfully loaded MLPerf log from closed/rebellions/results/ATOM/resnet50/MultiStream/accuracy/mlperf_log_detail.txt.
[2023-02-23 21:58:29,060 log_parser.py:50 INFO] Sucessfully loaded MLPerf log from closed/rebellions/results/ATOM/resnet50/MultiStream/performance/run_1/mlperf_log_detail.txt.
[2023-02-23 21:58:29,060 log_parser.py:50 INFO] Sucessfully loaded MLPerf log from closed/rebellions/results/ATOM/resnet50/MultiStream/performance/run_1/mlperf_log_detail.txt.
[2023-02-23 21:58:29,061 log_parser.py:50 INFO] Sucessfully loaded MLPerf log from closed/rebellions/compliance/ATOM/resnet50/MultiStream/TEST01/performance/run_1/mlperf_log_detail.txt.
[2023-02-23 21:58:29,062 log_parser.py:50 INFO] Sucessfully loaded MLPerf log from closed/rebellions/compliance/ATOM/resnet50/MultiStream/TEST01/performance/run_1/mlperf_log_detail.txt.
[2023-02-23 21:58:29,062 log_parser.py:50 INFO] Sucessfully loaded MLPerf log from closed/rebellions/compliance/ATOM/resnet50/MultiStream/TEST04/performance/run_1/mlperf_log_detail.txt.
[2023-02-23 21:58:29,063 log_parser.py:50 INFO] Sucessfully loaded MLPerf log from closed/rebellions/compliance/ATOM/resnet50/MultiStream/TEST04/performance/run_1/mlperf_log_detail.txt.
[2023-02-23 21:58:29,063 log_parser.py:50 INFO] Sucessfully loaded MLPerf log from closed/rebellions/compliance/ATOM/resnet50/MultiStream/TEST05/performance/run_1/mlperf_log_detail.txt.
[2023-02-23 21:58:29,064 log_parser.py:50 INFO] Sucessfully loaded MLPerf log from closed/rebellions/compliance/ATOM/resnet50/MultiStream/TEST05/performance/run_1/mlperf_log_detail.txt.
[2023-02-23 21:58:29,069 log_parser.py:50 INFO] Sucessfully loaded MLPerf log from closed/rebellions/results/ATOM/resnet50/SingleStream/accuracy/mlperf_log_detail.txt.
[2023-02-23 21:58:29,070 log_parser.py:50 INFO] Sucessfully loaded MLPerf log from closed/rebellions/results/ATOM/resnet50/SingleStream/performance/run_1/mlperf_log_detail.txt.
[2023-02-23 21:58:29,071 log_parser.py:50 INFO] Sucessfully loaded MLPerf log from closed/rebellions/results/ATOM/resnet50/SingleStream/performance/run_1/mlperf_log_detail.txt.
[2023-02-23 21:58:29,071 log_parser.py:50 INFO] Sucessfully loaded MLPerf log from closed/rebellions/compliance/ATOM/resnet50/SingleStream/TEST01/performance/run_1/mlperf_log_detail.txt.
[2023-02-23 21:58:29,072 log_parser.py:50 INFO] Sucessfully loaded MLPerf log from closed/rebellions/compliance/ATOM/resnet50/SingleStream/TEST01/performance/run_1/mlperf_log_detail.txt.
[2023-02-23 21:58:29,072 log_parser.py:50 INFO] Sucessfully loaded MLPerf log from closed/rebellions/compliance/ATOM/resnet50/SingleStream/TEST04/performance/run_1/mlperf_log_detail.txt.
[2023-02-23 21:58:29,073 log_parser.py:50 INFO] Sucessfully loaded MLPerf log from closed/rebellions/compliance/ATOM/resnet50/SingleStream/TEST04/performance/run_1/mlperf_log_detail.txt.
[2023-02-23 21:58:29,074 log_parser.py:50 INFO] Sucessfully loaded MLPerf log from closed/rebellions/compliance/ATOM/resnet50/SingleStream/TEST05/performance/run_1/mlperf_log_detail.txt.
[2023-02-23 21:58:29,074 log_parser.py:50 INFO] Sucessfully loaded MLPerf log from closed/rebellions/compliance/ATOM/resnet50/SingleStream/TEST05/performance/run_1/mlperf_log_detail.txt.
[2023-02-23 21:58:29,080 log_parser.py:50 INFO] Sucessfully loaded MLPerf log from closed/rebellions/results/ATOM/resnet50/Offline/accuracy/mlperf_log_detail.txt.
[2023-02-23 21:58:29,080 log_parser.py:50 INFO] Sucessfully loaded MLPerf log from closed/rebellions/results/ATOM/resnet50/Offline/performance/run_1/mlperf_log_detail.txt.
[2023-02-23 21:58:29,081 log_parser.py:50 INFO] Sucessfully loaded MLPerf log from closed/rebellions/results/ATOM/resnet50/Offline/performance/run_1/mlperf_log_detail.txt.
[2023-02-23 21:58:29,081 submission_checker.py:1696 INFO] Target latency: None, Latency: 631229438590, Scenario: Offline
[2023-02-23 21:58:29,081 log_parser.py:50 INFO] Sucessfully loaded MLPerf log from closed/rebellions/compliance/ATOM/resnet50/Offline/TEST01/performance/run_1/mlperf_log_detail.txt.
[2023-02-23 21:58:29,082 log_parser.py:50 INFO] Sucessfully loaded MLPerf log from closed/rebellions/compliance/ATOM/resnet50/Offline/TEST01/performance/run_1/mlperf_log_detail.txt.
[2023-02-23 21:58:29,082 submission_checker.py:1696 INFO] Target latency: None, Latency: 631211559165, Scenario: Offline
[2023-02-23 21:58:29,083 log_parser.py:50 INFO] Sucessfully loaded MLPerf log from closed/rebellions/compliance/ATOM/resnet50/Offline/TEST04/performance/run_1/mlperf_log_detail.txt.
[2023-02-23 21:58:29,083 log_parser.py:50 INFO] Sucessfully loaded MLPerf log from closed/rebellions/compliance/ATOM/resnet50/Offline/TEST04/performance/run_1/mlperf_log_detail.txt.
[2023-02-23 21:58:29,083 submission_checker.py:1696 INFO] Target latency: None, Latency: 631209987772, Scenario: Offline
[2023-02-23 21:58:29,084 log_parser.py:50 INFO] Sucessfully loaded MLPerf log from closed/rebellions/compliance/ATOM/resnet50/Offline/TEST05/performance/run_1/mlperf_log_detail.txt.
[2023-02-23 21:58:29,084 log_parser.py:50 INFO] Sucessfully loaded MLPerf log from closed/rebellions/compliance/ATOM/resnet50/Offline/TEST05/performance/run_1/mlperf_log_detail.txt.
[2023-02-23 21:58:29,084 submission_checker.py:1696 INFO] Target latency: None, Latency: 631235461866, Scenario: Offline
[2023-02-23 21:58:29,084 submission_checker.py:2639 INFO] ---
[2023-02-23 21:58:29,084 submission_checker.py:2643 INFO] Results closed/rebellions/results/ATOM/bert-99/Offline 233.044
[2023-02-23 21:58:29,084 submission_checker.py:2643 INFO] Results closed/rebellions/results/ATOM/bert-99/SingleStream 4.297444
[2023-02-23 21:58:29,084 submission_checker.py:2643 INFO] Results closed/rebellions/results/ATOM/resnet50/MultiStream 1.336096
[2023-02-23 21:58:29,084 submission_checker.py:2643 INFO] Results closed/rebellions/results/ATOM/resnet50/Offline 7245.87
[2023-02-23 21:58:29,084 submission_checker.py:2643 INFO] Results closed/rebellions/results/ATOM/resnet50/SingleStream 0.238835
[2023-02-23 21:58:29,084 submission_checker.py:2645 INFO] ---
[2023-02-23 21:58:29,084 submission_checker.py:2651 INFO] ---
[2023-02-23 21:58:29,084 submission_checker.py:2652 INFO] Results=5, NoResults=0
[2023-02-23 21:58:29,085 submission_checker.py:2658 INFO] SUMMARY: submission looks OK
