client 2023-02-27 18:45:03,387 [INFO] Creating output directory '/home/arjun/mobilenet_results/valid_results/arjun_orin-tflite_armnn_cpp-cpu-armnn_tflite-v22.11-using_neon/mobilenet-v1-precision_float-1.0-160/singlestream/performance/tmp_power'
client 2023-02-27 18:45:03,479 [INFO] Sending command to the server: 'mlcommons/power client v3'
client 2023-02-27 18:45:03,483 [INFO] Got response: 'mlcommons/power server v3'
client 2023-02-27 18:45:03,483 [INFO] Synchronizing with the server and with time.google.com...
client 2023-02-27 18:45:03,526 [INFO] NTP:offset = 0.003 s, delay = 0.018 s 
client 2023-02-27 18:45:03,526 [INFO] Sending command to the server: 'time'
client 2023-02-27 18:45:03,529 [INFO] Got response: '1677523503.537275'
client 2023-02-27 18:45:03,529 [INFO] The time difference between the client and the server is within range -10.565 ms..-7.325 ms
client 2023-02-27 18:45:03,530 [INFO] Sending command to the server: 'new,,b34995c5-509a-4b3e-b4d9-fa31cd1e621c'
client 2023-02-27 18:45:03,534 [INFO] Got response: 'OK 2023-02-27_18-45-03,f1f5a3ec-70d7-4e5f-baea-b44884f1582d'
client 2023-02-27 18:45:03,535 [INFO] Session id is '2023-02-27_18-45-03'
client 2023-02-27 18:45:03,535 [INFO] Sources: {"sources": {"__init__.py": "da39a3ee5e6b4b0d3255bfef95601890afd80709", "client.py": "33ca4f26368777ac06e01f9567b714a4b8063886", "lib/__init__.py": "da39a3ee5e6b4b0d3255bfef95601890afd80709", "lib/client.py": "4c2b78fb4849a7e5b584ef792d82aaed20b17f57", "lib/common.py": "624d0c0acc7c39aaff3674f0b99d6a09da53d1dc", "lib/external/__init__.py": "da39a3ee5e6b4b0d3255bfef95601890afd80709", "lib/external/ntplib.py": "4da8f970656505a40483206ef2b5d3dd5e81711d", "lib/server.py": "cda0cdfaee9bfa1249c64a7dd4f89b7bf1b279f0", "lib/source_hashes.py": "60a2e02193209e8d392803326208d5466342da18", "lib/summary.py": "aa92f0a3f975eecd44d3c0cd0236342ccc9f941d", "lib/time_sync.py": "3210db56eb0ff0df57bf4293dc4d4b03fffd46f1", "server.py": "c3f90f2f7eeb4db30727556d0c815ebc89b3d28b", "tests/unit/__init__.py": "da39a3ee5e6b4b0d3255bfef95601890afd80709", "tests/unit/test_server.py": "99ae15aef722f2000ee6ed1ae1523637bf1ae42b", "tests/unit/test_source_hashes.py": "00468a2907583c593e6574a1f6b404e4651c221a"}, "modules": {"ptd_client_server.lib.client": "lib/client.py", "ptd_client_server.lib.common": "lib/common.py", "ptd_client_server.lib.external.ntplib": "lib/external/ntplib.py", "ptd_client_server.lib.source_hashes": "lib/source_hashes.py", "ptd_client_server.lib.summary": "lib/summary.py", "ptd_client_server.lib.time_sync": "lib/time_sync.py"}}
client 2023-02-27 18:45:03,536 [INFO] Running workload in ranging mode
client 2023-02-27 18:45:03,536 [INFO] Synchronizing with the server and with time.google.com...
client 2023-02-27 18:45:03,552 [INFO] NTP:offset = 0.000 s, delay = 0.014 s 
client 2023-02-27 18:45:03,552 [INFO] Sending command to the server: 'time'
client 2023-02-27 18:45:03,555 [INFO] Got response: '1677523503.5632858'
client 2023-02-27 18:45:03,555 [INFO] The time difference between the client and the server is within range -10.720 ms..-7.417 ms
client 2023-02-27 18:45:03,556 [INFO] Sending command to the server: 'session,2023-02-27_18-45-03,start,ranging'
client 2023-02-27 18:45:31,671 [INFO] Got response: 'OK'
client 2023-02-27 18:45:31,672 [INFO] Running the workload '/home/arjun/run.out'
client 2023-02-27 18:58:42,017 [INFO] Sending command to the server: 'session,2023-02-27_18-45-03,stop,ranging'
client 2023-02-27 18:58:52,308 [INFO] Got response: 'OK'
client 2023-02-27 18:58:52,337 [INFO] Copying loadgen logs from '/home/arjun/mobilenet_results/valid_results/arjun_orin-tflite_armnn_cpp-cpu-armnn_tflite-v22.11-using_neon/mobilenet-v1-precision_float-1.0-160/singlestream/performance/run_1' to '/home/arjun/mobilenet_results/valid_results/arjun_orin-tflite_armnn_cpp-cpu-armnn_tflite-v22.11-using_neon/mobilenet-v1-precision_float-1.0-160/singlestream/performance/tmp_power/ranging'
client 2023-02-27 18:58:52,340 [INFO] Running workload in testing mode
client 2023-02-27 18:58:52,340 [INFO] Synchronizing with the server and with time.google.com...
client 2023-02-27 18:58:52,357 [INFO] NTP:offset = 0.002 s, delay = 0.011 s 
client 2023-02-27 18:58:52,357 [INFO] Sending command to the server: 'time'
client 2023-02-27 18:58:52,361 [INFO] Got response: '1677524332.3655837'
client 2023-02-27 18:58:52,361 [INFO] The time difference between the client and the server is within range -8.303 ms..-4.236 ms
client 2023-02-27 18:58:52,361 [INFO] Sending command to the server: 'session,2023-02-27_18-45-03,start,testing'
client 2023-02-27 18:59:05,691 [INFO] Got response: 'OK'
client 2023-02-27 18:59:05,692 [INFO] Running the workload '/home/arjun/run.out'
client 2023-02-27 19:12:28,802 [INFO] Sending command to the server: 'session,2023-02-27_18-45-03,stop,testing'
client 2023-02-27 19:12:38,952 [INFO] Got response: 'OK'
client 2023-02-27 19:12:38,956 [INFO] Copying loadgen logs from '/home/arjun/mobilenet_results/valid_results/arjun_orin-tflite_armnn_cpp-cpu-armnn_tflite-v22.11-using_neon/mobilenet-v1-precision_float-1.0-160/singlestream/performance/run_1' to '/home/arjun/mobilenet_results/valid_results/arjun_orin-tflite_armnn_cpp-cpu-armnn_tflite-v22.11-using_neon/mobilenet-v1-precision_float-1.0-160/singlestream/performance/tmp_power/run_1'
client 2023-02-27 19:12:38,959 [INFO] Done runs
