ptd-server 2023-02-21 07:22:49,190 [INFO] Got command from the client 'time'
ptd-server 2023-02-21 07:22:49,190 [INFO] Sending reply to client '1676964169.1909246'
ptd-server 2023-02-21 07:22:49,191 [INFO] Got command from the client 'new,,f0290a5a-09cc-46c3-b463-9bba7daef194'
ptd-server 2023-02-21 07:22:49,192 [INFO] Sending reply to client 'OK 2023-02-21_07-22-49,7c35ffd3-dd37-4c0a-a6a2-439ffbb67b32'
ptd-server 2023-02-21 07:22:49,213 [INFO] Got command from the client 'time'
ptd-server 2023-02-21 07:22:49,214 [INFO] Sending reply to client '1676964169.2140374'
ptd-server 2023-02-21 07:22:49,215 [INFO] Got command from the client 'session,2023-02-21_07-22-49,start,ranging'
ptd-server 2023-02-21 07:22:49,215 [INFO] Running PTDaemon: ['/home/anton/projects/mlperf/power/inference_v1.0/ptd-linux-x86', '-l', '/tmp/tmp4yl1neqp/ptd_logfile.txt', '-p', '8888', '49', '/dev/usbtmc0']
ptd-server 2023-02-21 07:23:06,289 [INFO] Sending to ptd: 'Hello'
ptd-server 2023-02-21 07:23:06,290 [INFO] Reply from ptd: 'Hello, PTDaemon here!'
ptd-server 2023-02-21 07:23:06,290 [INFO] Sending to ptd: 'Identify'
ptd-server 2023-02-21 07:23:06,290 [INFO] Reply from ptd: 'YokogawaWT310E,1000,1,1,1,1,0,1,1,version=1.10.0-ed9a21d2-20220817,OS=Linux 5.15.0-60-generic #66~20.04.1-Ubuntu SMP Wed Jan 25 09:41:30 UTC 2023 x86_64,mode=power,1,1,1,0,0,no_cal_date,YOKOGAWA;WT310E;C3XA04010E;F1.04'
ptd-server 2023-02-21 07:23:06,290 [INFO] Connected to PTDaemon
ptd-server 2023-02-21 07:23:06,290 [INFO] Sending to ptd: 'RR'
ptd-server 2023-02-21 07:23:06,291 [INFO] Reply from ptd: 'Ranges,1,0.100000,1,300.000000'
ptd-server 2023-02-21 07:23:06,291 [INFO] Initial range for Amps is Auto for Volts is Auto
ptd-server 2023-02-21 07:23:06,291 [INFO] Sending to ptd: 'SR,V,Auto'
ptd-server 2023-02-21 07:23:06,793 [INFO] Reply from ptd: 'Range V changed'
ptd-server 2023-02-21 07:23:06,794 [INFO] Sending to ptd: 'SR,A,Auto'
ptd-server 2023-02-21 07:23:07,296 [INFO] Reply from ptd: 'Range A changed'
ptd-server 2023-02-21 07:23:17,306 [INFO] Starting ranging mode
ptd-server 2023-02-21 07:23:17,306 [INFO] Sending to ptd: 'Go,1000,0,2023-02-21_07-22-49_ranging'
ptd-server 2023-02-21 07:23:17,307 [INFO] Reply from ptd: 'Starting untimed measurement, maximum 500000 samples at 1000ms with 0 rampup samples'
ptd-server 2023-02-21 07:23:17,307 [INFO] Sending reply to client 'OK'
ptd-server 2023-02-21 07:33:46,266 [INFO] Got command from the client 'session,2023-02-21_07-22-49,stop,ranging'
ptd-server 2023-02-21 07:33:56,277 [INFO] Sending to ptd: 'Stop'
ptd-server 2023-02-21 07:33:56,277 [INFO] Reply from ptd: 'Stopping untimed measurement'
ptd-server 2023-02-21 07:33:56,558 [INFO] Sending reply to client 'OK'
ptd-server 2023-02-21 07:33:56,632 [INFO] Got command from the client 'time'
ptd-server 2023-02-21 07:33:56,632 [INFO] Sending reply to client '1676964836.6322706'
ptd-server 2023-02-21 07:33:56,633 [INFO] Got command from the client 'session,2023-02-21_07-22-49,start,testing'
ptd-server 2023-02-21 07:33:56,633 [INFO] Sending to ptd: 'SR,V,253.060000'
ptd-server 2023-02-21 07:33:58,134 [INFO] Reply from ptd: 'Range V changed'
ptd-server 2023-02-21 07:33:58,134 [INFO] Sending to ptd: 'SR,A,0.069620'
ptd-server 2023-02-21 07:33:59,636 [INFO] Reply from ptd: 'Range A changed'
ptd-server 2023-02-21 07:34:09,646 [INFO] Starting testing mode
ptd-server 2023-02-21 07:34:09,646 [INFO] Sending to ptd: 'Go,1000,0,2023-02-21_07-22-49_testing'
ptd-server 2023-02-21 07:34:09,647 [INFO] Reply from ptd: 'Starting untimed measurement, maximum 500000 samples at 1000ms with 0 rampup samples'
ptd-server 2023-02-21 07:34:09,647 [INFO] Sending reply to client 'OK'
ptd-server 2023-02-21 07:44:38,545 [INFO] Got command from the client 'session,2023-02-21_07-22-49,stop,testing'
ptd-server 2023-02-21 07:44:48,555 [INFO] Sending to ptd: 'Stop'
ptd-server 2023-02-21 07:44:48,555 [INFO] Reply from ptd: 'Stopping untimed measurement'
ptd-server 2023-02-21 07:44:48,705 [INFO] Sending reply to client 'OK'
ptd-server 2023-02-21 07:44:48,712 [INFO] Got command from the client 'session,2023-02-21_07-22-49,done'
ptd-server 2023-02-21 07:44:48,713 [INFO] Sending to ptd: 'Stop'
ptd-server 2023-02-21 07:44:48,713 [INFO] Reply from ptd: 'Error: no measurement to stop'
ptd-server 2023-02-21 07:44:48,713 [INFO] Sending to ptd: 'SR,V,Auto'
ptd-server 2023-02-21 07:44:49,215 [INFO] Reply from ptd: 'Range V changed'
ptd-server 2023-02-21 07:44:49,216 [INFO] Sending to ptd: 'SR,A,Auto'
ptd-server 2023-02-21 07:44:49,718 [INFO] Reply from ptd: 'Range A changed'
ptd-server 2023-02-21 07:44:49,718 [INFO] Set initial values for Amps Auto and Volts Auto
ptd-server 2023-02-21 07:44:49,718 [INFO] Stopping ptd...
