ptd-server 2023-02-24 13:13:02,715 [INFO] Got command from the client 'time'
ptd-server 2023-02-24 13:13:02,716 [INFO] Sending reply to client '1677244382.7159638'
ptd-server 2023-02-24 13:13:02,719 [INFO] Got command from the client 'new,,1e7524eb-0d3e-4563-86ff-76e986644b99'
ptd-server 2023-02-24 13:13:02,721 [INFO] Sending reply to client 'OK 2023-02-24_13-13-02,443cfc57-274f-45f6-b191-12a9d39ff251'
ptd-server 2023-02-24 13:13:02,743 [INFO] Got command from the client 'time'
ptd-server 2023-02-24 13:13:02,743 [INFO] Sending reply to client '1677244382.743548'
ptd-server 2023-02-24 13:13:02,746 [INFO] Got command from the client 'session,2023-02-24_13-13-02,start,ranging'
ptd-server 2023-02-24 13:13:02,747 [INFO] Running PTDaemon: ['/media/arjun/T7_Touch/hp-envy/CM/repos/local/cache/9b3695ca8255492a/power/inference_v1.0/ptd-linux-x86', '-l', '/tmp/tmpti64566v/ptd_logfile.txt', '-p', '8888', '49', '/dev/usbtmc0']
ptd-server 2023-02-24 13:13:19,845 [INFO] Sending to ptd: 'Hello'
ptd-server 2023-02-24 13:13:19,846 [INFO] Reply from ptd: 'Hello, PTDaemon here!'
ptd-server 2023-02-24 13:13:19,846 [INFO] Sending to ptd: 'Identify'
ptd-server 2023-02-24 13:13:19,847 [INFO] Reply from ptd: 'YokogawaWT310E,1000,1,1,1,1,0,1,1,version=1.10.0-ed9a21d2-20220817,OS=Linux 5.15.0-56-generic #62-Ubuntu SMP Tue Nov 22 19:54:14 UTC 2022 x86_64,mode=power,1,1,1,0,0,no_cal_date,YOKOGAWA;WT310E;C3YD21068E;F1.04'
ptd-server 2023-02-24 13:13:19,847 [INFO] Connected to PTDaemon
ptd-server 2023-02-24 13:13:19,848 [INFO] Sending to ptd: 'RR'
ptd-server 2023-02-24 13:13:19,848 [INFO] Reply from ptd: 'Ranges,0,0.100000,0,600.000000'
ptd-server 2023-02-24 13:13:19,849 [INFO] Initial range for Amps is 0.100000 for Volts is 600.000000
ptd-server 2023-02-24 13:13:19,849 [INFO] Sending to ptd: 'SR,V,Auto'
ptd-server 2023-02-24 13:13:20,353 [INFO] Reply from ptd: 'Range V changed'
ptd-server 2023-02-24 13:13:20,353 [INFO] Sending to ptd: 'SR,A,Auto'
ptd-server 2023-02-24 13:13:20,857 [INFO] Reply from ptd: 'Range A changed'
ptd-server 2023-02-24 13:13:30,868 [INFO] Starting ranging mode
ptd-server 2023-02-24 13:13:30,868 [INFO] Sending to ptd: 'Go,1000,0,2023-02-24_13-13-02_ranging'
ptd-server 2023-02-24 13:13:30,869 [INFO] Reply from ptd: 'Starting untimed measurement, maximum 500000 samples at 1000ms with 0 rampup samples'
ptd-server 2023-02-24 13:13:30,869 [INFO] Sending reply to client 'OK'
ptd-server 2023-02-24 13:24:55,579 [INFO] Got command from the client 'session,2023-02-24_13-13-02,stop,ranging'
ptd-server 2023-02-24 13:25:05,590 [INFO] Sending to ptd: 'Stop'
ptd-server 2023-02-24 13:25:05,591 [INFO] Reply from ptd: 'Stopping untimed measurement'
ptd-server 2023-02-24 13:25:05,689 [INFO] Sending reply to client 'OK'
ptd-server 2023-02-24 13:25:05,768 [INFO] Got command from the client 'time'
ptd-server 2023-02-24 13:25:05,768 [INFO] Sending reply to client '1677245105.7688835'
ptd-server 2023-02-24 13:25:05,772 [INFO] Got command from the client 'session,2023-02-24_13-13-02,start,testing'
ptd-server 2023-02-24 13:25:05,772 [INFO] Sending to ptd: 'SR,V,248.500000'
ptd-server 2023-02-24 13:25:07,372 [INFO] Reply from ptd: 'Range V changed'
ptd-server 2023-02-24 13:25:07,372 [INFO] Sending to ptd: 'SR,A,0.242690'
ptd-server 2023-02-24 13:25:08,875 [INFO] Reply from ptd: 'Range A changed'
ptd-server 2023-02-24 13:25:18,886 [INFO] Starting testing mode
ptd-server 2023-02-24 13:25:18,887 [INFO] Sending to ptd: 'Go,1000,0,2023-02-24_13-13-02_testing'
ptd-server 2023-02-24 13:25:18,888 [INFO] Reply from ptd: 'Starting untimed measurement, maximum 500000 samples at 1000ms with 0 rampup samples'
ptd-server 2023-02-24 13:25:18,888 [INFO] Sending reply to client 'OK'
ptd-server 2023-02-24 13:36:38,476 [INFO] Got command from the client 'session,2023-02-24_13-13-02,stop,testing'
ptd-server 2023-02-24 13:36:48,487 [INFO] Sending to ptd: 'Stop'
ptd-server 2023-02-24 13:36:48,488 [INFO] Reply from ptd: 'Stopping untimed measurement'
ptd-server 2023-02-24 13:36:48,538 [INFO] Sending reply to client 'OK'
ptd-server 2023-02-24 13:36:48,554 [INFO] Got command from the client 'session,2023-02-24_13-13-02,done'
ptd-server 2023-02-24 13:36:48,554 [INFO] Sending to ptd: 'Stop'
ptd-server 2023-02-24 13:36:48,888 [INFO] Reply from ptd: 'Error: no measurement to stop'
ptd-server 2023-02-24 13:36:48,889 [INFO] Sending to ptd: 'SR,V,600.000000'
ptd-server 2023-02-24 13:36:50,392 [INFO] Reply from ptd: 'Range V changed'
ptd-server 2023-02-24 13:36:50,393 [INFO] Sending to ptd: 'SR,A,0.100000'
ptd-server 2023-02-24 13:36:51,896 [INFO] Reply from ptd: 'Range A changed'
ptd-server 2023-02-24 13:36:51,896 [INFO] Set initial values for Amps 0.100000 and Volts 600.000000
ptd-server 2023-02-24 13:36:51,897 [INFO] Stopping ptd...
