ptd-server 2023-02-28 00:49:40,536 [INFO] Got command from the client 'time'
ptd-server 2023-02-28 00:49:40,536 [INFO] Sending reply to client '1677545380.5364096'
ptd-server 2023-02-28 00:49:40,538 [INFO] Got command from the client 'new,,70e8d583-610a-4c0e-a9ae-cad13bcf9d96'
ptd-server 2023-02-28 00:49:40,538 [INFO] Sending reply to client 'OK 2023-02-28_00-49-40,cdf40b4d-2812-439a-b4d7-44d65e621e08'
ptd-server 2023-02-28 00:49:40,563 [INFO] Got command from the client 'time'
ptd-server 2023-02-28 00:49:40,563 [INFO] Sending reply to client '1677545380.5635962'
ptd-server 2023-02-28 00:49:40,567 [INFO] Got command from the client 'session,2023-02-28_00-49-40,start,ranging'
ptd-server 2023-02-28 00:49:40,567 [INFO] Running PTDaemon: ['/home/anton/projects/mlperf/power/inference_v1.0/ptd-linux-x86', '-l', '/tmp/tmpu4v721n6/ptd_logfile.txt', '-p', '8888', '49', '/dev/usbtmc0']
ptd-server 2023-02-28 00:49:57,654 [INFO] Sending to ptd: 'Hello'
ptd-server 2023-02-28 00:49:57,654 [INFO] Reply from ptd: 'Hello, PTDaemon here!'
ptd-server 2023-02-28 00:49:57,654 [INFO] Sending to ptd: 'Identify'
ptd-server 2023-02-28 00:49:57,655 [INFO] Reply from ptd: 'YokogawaWT310E,1000,1,1,1,1,0,1,1,version=1.10.0-ed9a21d2-20220817,OS=Linux 5.15.0-60-generic #66~20.04.1-Ubuntu SMP Wed Jan 25 09:41:30 UTC 2023 x86_64,mode=power,1,1,1,0,0,no_cal_date,YOKOGAWA;WT310E;C3XA04010E;F1.04'
ptd-server 2023-02-28 00:49:57,655 [INFO] Connected to PTDaemon
ptd-server 2023-02-28 00:49:57,655 [INFO] Sending to ptd: 'RR'
ptd-server 2023-02-28 00:49:57,655 [INFO] Reply from ptd: 'Ranges,0,0.100000,0,300.000000'
ptd-server 2023-02-28 00:49:57,655 [INFO] Initial range for Amps is 0.100000 for Volts is 300.000000
ptd-server 2023-02-28 00:49:57,656 [INFO] Sending to ptd: 'SR,V,Auto'
ptd-server 2023-02-28 00:49:58,158 [INFO] Reply from ptd: 'Range V changed'
ptd-server 2023-02-28 00:49:58,158 [INFO] Sending to ptd: 'SR,A,Auto'
ptd-server 2023-02-28 00:49:58,661 [INFO] Reply from ptd: 'Range A changed'
ptd-server 2023-02-28 00:50:08,671 [INFO] Starting ranging mode
ptd-server 2023-02-28 00:50:08,671 [INFO] Sending to ptd: 'Go,1000,0,2023-02-28_00-49-40_ranging'
ptd-server 2023-02-28 00:50:08,672 [INFO] Reply from ptd: 'Starting untimed measurement, maximum 500000 samples at 1000ms with 0 rampup samples'
ptd-server 2023-02-28 00:50:08,672 [INFO] Sending reply to client 'OK'
ptd-server 2023-02-28 01:00:37,698 [INFO] Got command from the client 'session,2023-02-28_00-49-40,stop,ranging'
ptd-server 2023-02-28 01:00:47,708 [INFO] Sending to ptd: 'Stop'
ptd-server 2023-02-28 01:00:47,708 [INFO] Reply from ptd: 'Stopping untimed measurement'
ptd-server 2023-02-28 01:00:48,131 [INFO] Sending reply to client 'OK'
ptd-server 2023-02-28 01:00:48,224 [INFO] Got command from the client 'time'
ptd-server 2023-02-28 01:00:48,224 [INFO] Sending reply to client '1677546048.2241929'
ptd-server 2023-02-28 01:00:48,227 [INFO] Got command from the client 'session,2023-02-28_00-49-40,start,testing'
ptd-server 2023-02-28 01:00:48,227 [INFO] Sending to ptd: 'SR,V,250.630000'
ptd-server 2023-02-28 01:00:50,174 [INFO] Reply from ptd: 'Range V changed'
ptd-server 2023-02-28 01:00:50,174 [INFO] Sending to ptd: 'SR,A,0.054000'
ptd-server 2023-02-28 01:00:51,675 [INFO] Reply from ptd: 'Range A changed'
ptd-server 2023-02-28 01:01:01,684 [INFO] Starting testing mode
ptd-server 2023-02-28 01:01:01,684 [INFO] Sending to ptd: 'Go,1000,0,2023-02-28_00-49-40_testing'
ptd-server 2023-02-28 01:01:01,684 [INFO] Reply from ptd: 'Starting untimed measurement, maximum 500000 samples at 1000ms with 0 rampup samples'
ptd-server 2023-02-28 01:01:01,685 [INFO] Sending reply to client 'OK'
ptd-server 2023-02-28 01:11:30,536 [INFO] Got command from the client 'session,2023-02-28_00-49-40,stop,testing'
ptd-server 2023-02-28 01:11:40,546 [INFO] Sending to ptd: 'Stop'
ptd-server 2023-02-28 01:11:40,546 [INFO] Reply from ptd: 'Stopping untimed measurement'
ptd-server 2023-02-28 01:11:40,757 [INFO] Sending reply to client 'OK'
ptd-server 2023-02-28 01:11:40,777 [INFO] Got command from the client 'session,2023-02-28_00-49-40,done'
ptd-server 2023-02-28 01:11:40,778 [INFO] Sending to ptd: 'Stop'
ptd-server 2023-02-28 01:11:40,778 [INFO] Reply from ptd: 'Error: no measurement to stop'
ptd-server 2023-02-28 01:11:40,778 [INFO] Sending to ptd: 'SR,V,300.000000'
ptd-server 2023-02-28 01:11:42,280 [INFO] Reply from ptd: 'Range V changed'
ptd-server 2023-02-28 01:11:42,280 [INFO] Sending to ptd: 'SR,A,0.100000'
ptd-server 2023-02-28 01:11:43,781 [INFO] Reply from ptd: 'Range A changed'
ptd-server 2023-02-28 01:11:43,781 [INFO] Set initial values for Amps 0.100000 and Volts 300.000000
ptd-server 2023-02-28 01:11:43,782 [INFO] Stopping ptd...
