ptd-server 2023-02-20 11:16:49,363 [INFO] Got command from the client 'time'
ptd-server 2023-02-20 11:16:49,363 [INFO] Sending reply to client '1676891809.3633237'
ptd-server 2023-02-20 11:16:49,364 [INFO] Got command from the client 'new,,a4ef3d4c-f24b-4092-aadb-b5875d523c8a'
ptd-server 2023-02-20 11:16:49,364 [INFO] Sending reply to client 'OK 2023-02-20_11-16-49,6ac9a2d2-16ac-40ac-8db0-b25b2a6b54d2'
ptd-server 2023-02-20 11:16:49,385 [INFO] Got command from the client 'time'
ptd-server 2023-02-20 11:16:49,385 [INFO] Sending reply to client '1676891809.3858888'
ptd-server 2023-02-20 11:16:49,386 [INFO] Got command from the client 'session,2023-02-20_11-16-49,start,ranging'
ptd-server 2023-02-20 11:16:49,387 [INFO] Running PTDaemon: ['/home/anton/projects/mlperf/power/inference_v1.0/ptd-linux-x86', '-l', '/tmp/tmp4yl1neqp/ptd_logfile.txt', '-p', '8888', '49', '/dev/usbtmc0']
ptd-server 2023-02-20 11:17:06,453 [INFO] Sending to ptd: 'Hello'
ptd-server 2023-02-20 11:17:06,454 [INFO] Reply from ptd: 'Hello, PTDaemon here!'
ptd-server 2023-02-20 11:17:06,454 [INFO] Sending to ptd: 'Identify'
ptd-server 2023-02-20 11:17:06,454 [INFO] Reply from ptd: 'YokogawaWT310E,1000,1,1,1,1,0,1,1,version=1.10.0-ed9a21d2-20220817,OS=Linux 5.15.0-60-generic #66~20.04.1-Ubuntu SMP Wed Jan 25 09:41:30 UTC 2023 x86_64,mode=power,1,1,1,0,0,no_cal_date,YOKOGAWA;WT310E;C3XA04010E;F1.04'
ptd-server 2023-02-20 11:17:06,455 [INFO] Connected to PTDaemon
ptd-server 2023-02-20 11:17:06,455 [INFO] Sending to ptd: 'RR'
ptd-server 2023-02-20 11:17:06,455 [INFO] Reply from ptd: 'Ranges,1,0.100000,1,300.000000'
ptd-server 2023-02-20 11:17:06,455 [INFO] Initial range for Amps is Auto for Volts is Auto
ptd-server 2023-02-20 11:17:06,455 [INFO] Sending to ptd: 'SR,V,Auto'
ptd-server 2023-02-20 11:17:06,958 [INFO] Reply from ptd: 'Range V changed'
ptd-server 2023-02-20 11:17:06,958 [INFO] Sending to ptd: 'SR,A,Auto'
ptd-server 2023-02-20 11:17:07,460 [INFO] Reply from ptd: 'Range A changed'
ptd-server 2023-02-20 11:17:17,471 [INFO] Starting ranging mode
ptd-server 2023-02-20 11:17:17,471 [INFO] Sending to ptd: 'Go,1000,0,2023-02-20_11-16-49_ranging'
ptd-server 2023-02-20 11:17:17,471 [INFO] Reply from ptd: 'Starting untimed measurement, maximum 500000 samples at 1000ms with 0 rampup samples'
ptd-server 2023-02-20 11:17:17,471 [INFO] Sending reply to client 'OK'
ptd-server 2023-02-20 11:27:45,515 [INFO] Got command from the client 'session,2023-02-20_11-16-49,stop,ranging'
ptd-server 2023-02-20 11:27:55,526 [INFO] Sending to ptd: 'Stop'
ptd-server 2023-02-20 11:27:55,526 [INFO] Reply from ptd: 'Stopping untimed measurement'
ptd-server 2023-02-20 11:27:55,710 [INFO] Sending reply to client 'OK'
ptd-server 2023-02-20 11:27:55,739 [INFO] Got command from the client 'time'
ptd-server 2023-02-20 11:27:55,739 [INFO] Sending reply to client '1676892475.739485'
ptd-server 2023-02-20 11:27:55,740 [INFO] Got command from the client 'session,2023-02-20_11-16-49,start,testing'
ptd-server 2023-02-20 11:27:55,740 [INFO] Sending to ptd: 'SR,V,253.820000'
ptd-server 2023-02-20 11:27:57,972 [INFO] Reply from ptd: 'Range V changed'
ptd-server 2023-02-20 11:27:57,972 [INFO] Sending to ptd: 'SR,A,0.062660'
ptd-server 2023-02-20 11:27:59,473 [INFO] Reply from ptd: 'Range A changed'
ptd-server 2023-02-20 11:28:09,484 [INFO] Starting testing mode
ptd-server 2023-02-20 11:28:09,484 [INFO] Sending to ptd: 'Go,1000,0,2023-02-20_11-16-49_testing'
ptd-server 2023-02-20 11:28:09,484 [INFO] Reply from ptd: 'Starting untimed measurement, maximum 500000 samples at 1000ms with 0 rampup samples'
ptd-server 2023-02-20 11:28:09,484 [INFO] Sending reply to client 'OK'
ptd-server 2023-02-20 11:38:37,370 [INFO] Got command from the client 'session,2023-02-20_11-16-49,stop,testing'
ptd-server 2023-02-20 11:38:47,381 [INFO] Sending to ptd: 'Stop'
ptd-server 2023-02-20 11:38:47,381 [INFO] Reply from ptd: 'Stopping untimed measurement'
ptd-server 2023-02-20 11:38:47,486 [INFO] Sending reply to client 'OK'
ptd-server 2023-02-20 11:38:47,494 [INFO] Got command from the client 'session,2023-02-20_11-16-49,done'
ptd-server 2023-02-20 11:38:47,494 [INFO] Sending to ptd: 'Stop'
ptd-server 2023-02-20 11:38:47,495 [INFO] Reply from ptd: 'Error: no measurement to stop'
ptd-server 2023-02-20 11:38:47,495 [INFO] Sending to ptd: 'SR,V,Auto'
ptd-server 2023-02-20 11:38:47,997 [INFO] Reply from ptd: 'Range V changed'
ptd-server 2023-02-20 11:38:47,998 [INFO] Sending to ptd: 'SR,A,Auto'
ptd-server 2023-02-20 11:38:48,500 [INFO] Reply from ptd: 'Range A changed'
ptd-server 2023-02-20 11:38:48,500 [INFO] Set initial values for Amps Auto and Volts Auto
ptd-server 2023-02-20 11:38:48,500 [INFO] Stopping ptd...
