ptd-server 2023-02-27 20:37:33,637 [INFO] Got command from the client 'stop'
ptd-server 2023-02-27 20:37:33,637 [INFO] The server will be stopped after processing this client
ptd-server 2023-02-27 20:37:33,637 [INFO] Sending reply to client 'OK'
ptd-server 2023-02-27 20:37:33,642 [INFO] Got command from the client 'time'
ptd-server 2023-02-27 20:37:33,642 [INFO] Sending reply to client '1677530253.6424546'
ptd-server 2023-02-27 20:37:33,643 [INFO] Got command from the client 'new,,06225b6d-181b-4790-bd04-2d7cb2757da9'
ptd-server 2023-02-27 20:37:33,646 [INFO] Sending reply to client 'OK 2023-02-27_20-37-33,77a68db8-5cb3-4b76-ae65-0ce8dd56c47d'
ptd-server 2023-02-27 20:37:33,649 [INFO] Got command from the client 'time'
ptd-server 2023-02-27 20:37:33,649 [INFO] Sending reply to client '1677530253.6490445'
ptd-server 2023-02-27 20:37:33,650 [INFO] Got command from the client 'session,2023-02-27_20-37-33,start,ranging'
ptd-server 2023-02-27 20:37:33,752 [INFO] Running PTDaemon: ['C:\\power-dev\\ptd_client_server\\ptd-windows-x86.exe', '-l', 'C:\\Users\\root\\AppData\\Local\\Temp\\tmp9q4obxsb\\ptd_logfile.txt', '-p', '8888', '-c', '1', '-g', '8', '1']
ptd-server 2023-02-27 20:37:46,715 [INFO] Sending to ptd: 'Hello'
ptd-server 2023-02-27 20:37:46,716 [INFO] Reply from ptd: 'Hello, PTDaemon here!'
ptd-server 2023-02-27 20:37:46,716 [INFO] Sending to ptd: 'Identify'
ptd-server 2023-02-27 20:37:46,717 [INFO] Reply from ptd: 'YokogawaWT210,1000,1,1,1,1,0,0,1,version=1.10.0-82175bac-20220817,OS=Windows 8 / Server 2012,mode=power,1,1,1,0,0,no_cal_date,YOKOGAWA;760401;0;F1.12'
ptd-server 2023-02-27 20:37:46,717 [INFO] Connected to PTDaemon
ptd-server 2023-02-27 20:37:46,718 [INFO] Sending to ptd: 'RR'
ptd-server 2023-02-27 20:37:46,719 [INFO] Reply from ptd: 'Ranges,1,1.000000,1,300.000000'
ptd-server 2023-02-27 20:37:46,719 [INFO] Initial range for Amps is Auto for Volts is Auto
ptd-server 2023-02-27 20:37:46,720 [INFO] Sending to ptd: 'SR,V,Auto'
ptd-server 2023-02-27 20:37:47,247 [INFO] Reply from ptd: 'Range V changed'
ptd-server 2023-02-27 20:37:47,249 [INFO] Sending to ptd: 'SR,A,Auto'
ptd-server 2023-02-27 20:37:47,780 [INFO] Reply from ptd: 'Range A changed'
ptd-server 2023-02-27 20:37:57,793 [INFO] Starting ranging mode
ptd-server 2023-02-27 20:37:57,793 [INFO] Sending to ptd: 'Go,1000,0,2023-02-27_20-37-33_ranging'
ptd-server 2023-02-27 20:37:57,794 [INFO] Reply from ptd: 'Starting untimed measurement, maximum 500000 samples at 1000ms with 0 rampup samples'
ptd-server 2023-02-27 20:37:57,795 [INFO] Sending reply to client 'OK'
ptd-server 2023-02-27 20:50:32,136 [INFO] Got command from the client 'session,2023-02-27_20-37-33,stop,ranging'
ptd-server 2023-02-27 20:50:42,148 [INFO] Sending to ptd: 'Stop'
ptd-server 2023-02-27 20:50:42,149 [INFO] Reply from ptd: 'Stopping untimed measurement'
ptd-server 2023-02-27 20:50:42,183 [INFO] Sending reply to client 'OK'
ptd-server 2023-02-27 20:50:42,196 [INFO] Got command from the client 'time'
ptd-server 2023-02-27 20:50:42,197 [INFO] Sending reply to client '1677531042.1975436'
ptd-server 2023-02-27 20:50:42,198 [INFO] Got command from the client 'session,2023-02-27_20-37-33,start,testing'
ptd-server 2023-02-27 20:50:42,198 [INFO] Sending to ptd: 'SR,V,209.670000'
ptd-server 2023-02-27 20:50:44,336 [INFO] Reply from ptd: 'Range V changed'
ptd-server 2023-02-27 20:50:44,337 [INFO] Sending to ptd: 'SR,A,0.912500'
ptd-server 2023-02-27 20:50:45,862 [INFO] Reply from ptd: 'Range A changed'
ptd-server 2023-02-27 20:50:55,865 [INFO] Starting testing mode
ptd-server 2023-02-27 20:50:55,866 [INFO] Sending to ptd: 'Go,1000,0,2023-02-27_20-37-33_testing'
ptd-server 2023-02-27 20:50:55,866 [INFO] Reply from ptd: 'Starting untimed measurement, maximum 500000 samples at 1000ms with 0 rampup samples'
ptd-server 2023-02-27 20:50:55,867 [INFO] Sending reply to client 'OK'
ptd-server 2023-02-27 21:03:32,383 [INFO] Got command from the client 'session,2023-02-27_20-37-33,stop,testing'
ptd-server 2023-02-27 21:03:42,399 [INFO] Sending to ptd: 'Stop'
ptd-server 2023-02-27 21:03:42,399 [INFO] Reply from ptd: 'Stopping untimed measurement'
ptd-server 2023-02-27 21:03:42,437 [INFO] Sending reply to client 'OK'
ptd-server 2023-02-27 21:03:42,445 [INFO] Got command from the client 'session,2023-02-27_20-37-33,done'
ptd-server 2023-02-27 21:03:42,445 [INFO] Sending to ptd: 'Stop'
ptd-server 2023-02-27 21:03:42,878 [INFO] Reply from ptd: 'Error: no measurement to stop'
ptd-server 2023-02-27 21:03:42,879 [INFO] Sending to ptd: 'SR,V,Auto'
ptd-server 2023-02-27 21:03:43,393 [INFO] Reply from ptd: 'Range V changed'
ptd-server 2023-02-27 21:03:43,394 [INFO] Sending to ptd: 'SR,A,Auto'
ptd-server 2023-02-27 21:03:43,921 [INFO] Reply from ptd: 'Range A changed'
ptd-server 2023-02-27 21:03:43,922 [INFO] Set initial values for Amps Auto and Volts Auto
ptd-server 2023-02-27 21:03:43,922 [INFO] Stopping ptd...
