ptd-server 2023-03-02 06:43:22,418 [INFO] Got command from the client 'time'
ptd-server 2023-03-02 06:43:22,419 [INFO] Sending reply to client '1677739402.4190178'
ptd-server 2023-03-02 06:43:22,421 [INFO] Got command from the client 'new,,d0341b24-8cf0-44bd-8e37-0ce5ca9e114f'
ptd-server 2023-03-02 06:43:22,421 [INFO] Sending reply to client 'OK 2023-03-02_06-43-22,accc1543-8219-49ad-a8d1-466619788f32'
ptd-server 2023-03-02 06:43:22,446 [INFO] Got command from the client 'time'
ptd-server 2023-03-02 06:43:22,446 [INFO] Sending reply to client '1677739402.446492'
ptd-server 2023-03-02 06:43:22,448 [INFO] Got command from the client 'session,2023-03-02_06-43-22,start,ranging'
ptd-server 2023-03-02 06:43:22,449 [INFO] Running PTDaemon: ['/home/anton/projects/mlperf/power/inference_v1.0/ptd-linux-x86', '-l', '/tmp/tmpjo7pgaee/ptd_logfile.txt', '-p', '8888', '49', '/dev/usbtmc0']
ptd-server 2023-03-02 06:43:39,536 [INFO] Sending to ptd: 'Hello'
ptd-server 2023-03-02 06:43:39,536 [INFO] Reply from ptd: 'Hello, PTDaemon here!'
ptd-server 2023-03-02 06:43:39,536 [INFO] Sending to ptd: 'Identify'
ptd-server 2023-03-02 06:43:39,537 [INFO] Reply from ptd: 'YokogawaWT310E,1000,1,1,1,1,0,1,1,version=1.10.0-ed9a21d2-20220817,OS=Linux 5.15.0-60-generic #66~20.04.1-Ubuntu SMP Wed Jan 25 09:41:30 UTC 2023 x86_64,mode=power,1,1,1,0,0,no_cal_date,YOKOGAWA;WT310E;C3XA04010E;F1.04'
ptd-server 2023-03-02 06:43:39,537 [INFO] Connected to PTDaemon
ptd-server 2023-03-02 06:43:39,537 [INFO] Sending to ptd: 'RR'
ptd-server 2023-03-02 06:43:39,537 [INFO] Reply from ptd: 'Ranges,1,0.100000,1,300.000000'
ptd-server 2023-03-02 06:43:39,537 [INFO] Initial range for Amps is Auto for Volts is Auto
ptd-server 2023-03-02 06:43:39,537 [INFO] Sending to ptd: 'SR,V,Auto'
ptd-server 2023-03-02 06:43:40,040 [INFO] Reply from ptd: 'Range V changed'
ptd-server 2023-03-02 06:43:40,040 [INFO] Sending to ptd: 'SR,A,Auto'
ptd-server 2023-03-02 06:43:40,543 [INFO] Reply from ptd: 'Range A changed'
ptd-server 2023-03-02 06:43:50,553 [INFO] Starting ranging mode
ptd-server 2023-03-02 06:43:50,553 [INFO] Sending to ptd: 'Go,1000,0,2023-03-02_06-43-22_ranging'
ptd-server 2023-03-02 06:43:50,553 [INFO] Reply from ptd: 'Starting untimed measurement, maximum 500000 samples at 1000ms with 0 rampup samples'
ptd-server 2023-03-02 06:43:50,554 [INFO] Sending reply to client 'OK'
ptd-server 2023-03-02 06:54:14,260 [INFO] Got command from the client 'session,2023-03-02_06-43-22,stop,ranging'
ptd-server 2023-03-02 06:54:24,271 [INFO] Sending to ptd: 'Stop'
ptd-server 2023-03-02 06:54:24,271 [INFO] Reply from ptd: 'Stopping untimed measurement'
ptd-server 2023-03-02 06:54:24,328 [INFO] Sending reply to client 'OK'
ptd-server 2023-03-02 06:54:24,381 [INFO] Got command from the client 'time'
ptd-server 2023-03-02 06:54:24,381 [INFO] Sending reply to client '1677740064.381367'
ptd-server 2023-03-02 06:54:24,383 [INFO] Got command from the client 'session,2023-03-02_06-43-22,start,testing'
ptd-server 2023-03-02 06:54:24,383 [INFO] Sending to ptd: 'SR,V,252.620000'
ptd-server 2023-03-02 06:54:26,056 [INFO] Reply from ptd: 'Range V changed'
ptd-server 2023-03-02 06:54:26,056 [INFO] Sending to ptd: 'SR,A,0.103010'
ptd-server 2023-03-02 06:54:27,557 [INFO] Reply from ptd: 'Range A changed'
ptd-server 2023-03-02 06:54:37,568 [INFO] Starting testing mode
ptd-server 2023-03-02 06:54:37,568 [INFO] Sending to ptd: 'Go,1000,0,2023-03-02_06-43-22_testing'
ptd-server 2023-03-02 06:54:37,568 [INFO] Reply from ptd: 'Starting untimed measurement, maximum 500000 samples at 1000ms with 0 rampup samples'
ptd-server 2023-03-02 06:54:37,568 [INFO] Sending reply to client 'OK'
ptd-server 2023-03-02 07:05:01,451 [INFO] Got command from the client 'session,2023-03-02_06-43-22,stop,testing'
ptd-server 2023-03-02 07:05:11,460 [INFO] Sending to ptd: 'Stop'
ptd-server 2023-03-02 07:05:11,460 [INFO] Reply from ptd: 'Stopping untimed measurement'
ptd-server 2023-03-02 07:05:11,488 [INFO] Sending reply to client 'OK'
ptd-server 2023-03-02 07:05:11,508 [INFO] Got command from the client 'session,2023-03-02_06-43-22,done'
ptd-server 2023-03-02 07:05:11,508 [INFO] Sending to ptd: 'Stop'
ptd-server 2023-03-02 07:05:11,568 [INFO] Reply from ptd: 'Error: no measurement to stop'
ptd-server 2023-03-02 07:05:11,568 [INFO] Sending to ptd: 'SR,V,Auto'
ptd-server 2023-03-02 07:05:12,071 [INFO] Reply from ptd: 'Range V changed'
ptd-server 2023-03-02 07:05:12,071 [INFO] Sending to ptd: 'SR,A,Auto'
ptd-server 2023-03-02 07:05:12,573 [INFO] Reply from ptd: 'Range A changed'
ptd-server 2023-03-02 07:05:12,574 [INFO] Set initial values for Amps Auto and Volts Auto
ptd-server 2023-03-02 07:05:12,574 [INFO] Stopping ptd...
