ptd-server 2023-02-28 09:18:16,556 [INFO] Got command from the client 'time'
ptd-server 2023-02-28 09:18:16,556 [INFO] Sending reply to client '1677597496.5562894'
ptd-server 2023-02-28 09:18:16,557 [INFO] Got command from the client 'new,,072e31cf-d2f6-4bc6-a326-648ef340ad67'
ptd-server 2023-02-28 09:18:16,557 [INFO] Sending reply to client 'OK 2023-02-28_09-18-16,ae29e5c5-cb6c-4b13-99af-ed55d0a2334b'
ptd-server 2023-02-28 09:18:16,637 [INFO] Got command from the client 'time'
ptd-server 2023-02-28 09:18:16,637 [INFO] Sending reply to client '1677597496.6373913'
ptd-server 2023-02-28 09:18:16,638 [INFO] Got command from the client 'session,2023-02-28_09-18-16,start,ranging'
ptd-server 2023-02-28 09:18:16,639 [INFO] Running PTDaemon: ['/local/mnt/workspace/mlcommons/power-main/inference_v1.0/ptd-linux-x86', '-l', '/tmp/tmpqwe09ni1/ptd_logfile.txt', '-p', '8888', '49', '/dev/usbtmc0']
ptd-server 2023-02-28 09:18:33,663 [INFO] Sending to ptd: 'Hello'
ptd-server 2023-02-28 09:18:33,664 [INFO] Reply from ptd: 'Hello, PTDaemon here!'
ptd-server 2023-02-28 09:18:33,664 [INFO] Sending to ptd: 'Identify'
ptd-server 2023-02-28 09:18:33,664 [INFO] Reply from ptd: 'YokogawaWT310E,1000,1,1,1,1,0,1,1,version=1.10.0-ed9a21d2-20220817,OS=Linux 4.15.0-188-generic #199-Ubuntu SMP Wed Jun 15 20:42:56 UTC 2022 x86_64,mode=power,1,1,1,0,0,no_cal_date,YOKOGAWA;WT310E;C2XF16028V;F1.04'
ptd-server 2023-02-28 09:18:33,665 [INFO] Connected to PTDaemon
ptd-server 2023-02-28 09:18:33,665 [INFO] Sending to ptd: 'RR'
ptd-server 2023-02-28 09:18:33,665 [INFO] Reply from ptd: 'Ranges,1,2.000000,1,150.000000'
ptd-server 2023-02-28 09:18:33,666 [INFO] Initial range for Amps is Auto for Volts is Auto
ptd-server 2023-02-28 09:18:33,666 [INFO] Sending to ptd: 'SR,V,Auto'
ptd-server 2023-02-28 09:18:34,169 [INFO] Reply from ptd: 'Range V changed'
ptd-server 2023-02-28 09:18:34,169 [INFO] Sending to ptd: 'SR,A,Auto'
ptd-server 2023-02-28 09:18:34,672 [INFO] Reply from ptd: 'Range A changed'
ptd-server 2023-02-28 09:18:44,683 [INFO] Starting ranging mode
ptd-server 2023-02-28 09:18:44,683 [INFO] Sending to ptd: 'Go,1000,0,2023-02-28_09-18-16_ranging'
ptd-server 2023-02-28 09:18:44,684 [INFO] Reply from ptd: 'Starting untimed measurement, maximum 500000 samples at 1000ms with 0 rampup samples'
ptd-server 2023-02-28 09:18:44,684 [INFO] Sending reply to client 'OK'
ptd-server 2023-02-28 09:36:26,766 [INFO] Got command from the client 'session,2023-02-28_09-18-16,stop,ranging'
ptd-server 2023-02-28 09:36:36,777 [INFO] Sending to ptd: 'Stop'
ptd-server 2023-02-28 09:36:36,777 [INFO] Reply from ptd: 'Stopping untimed measurement'
ptd-server 2023-02-28 09:36:36,839 [INFO] Sending reply to client 'OK'
ptd-server 2023-02-28 09:36:36,948 [INFO] Got command from the client 'time'
ptd-server 2023-02-28 09:36:36,949 [INFO] Sending reply to client '1677598596.948991'
ptd-server 2023-02-28 09:36:36,950 [INFO] Got command from the client 'session,2023-02-28_09-18-16,start,testing'
ptd-server 2023-02-28 09:36:36,950 [INFO] Sending to ptd: 'SR,V,120.130000'
ptd-server 2023-02-28 09:36:39,186 [INFO] Reply from ptd: 'Range V changed'
ptd-server 2023-02-28 09:36:39,186 [INFO] Sending to ptd: 'SR,A,4.687600'
ptd-server 2023-02-28 09:36:40,688 [INFO] Reply from ptd: 'Range A changed'
ptd-server 2023-02-28 09:36:50,699 [INFO] Starting testing mode
ptd-server 2023-02-28 09:36:50,699 [INFO] Sending to ptd: 'Go,1000,0,2023-02-28_09-18-16_testing'
ptd-server 2023-02-28 09:36:50,700 [INFO] Reply from ptd: 'Starting untimed measurement, maximum 500000 samples at 1000ms with 0 rampup samples'
ptd-server 2023-02-28 09:36:50,700 [INFO] Sending reply to client 'OK'
ptd-server 2023-02-28 09:54:31,704 [INFO] Got command from the client 'session,2023-02-28_09-18-16,stop,testing'
ptd-server 2023-02-28 09:54:41,715 [INFO] Sending to ptd: 'Stop'
ptd-server 2023-02-28 09:54:41,716 [INFO] Reply from ptd: 'Stopping untimed measurement'
ptd-server 2023-02-28 09:54:41,750 [INFO] Sending reply to client 'OK'
ptd-server 2023-02-28 09:54:41,755 [INFO] Got command from the client 'session,2023-02-28_09-18-16,done'
ptd-server 2023-02-28 09:54:41,755 [INFO] Sending to ptd: 'Stop'
ptd-server 2023-02-28 09:54:42,700 [INFO] Reply from ptd: 'Error: no measurement to stop'
ptd-server 2023-02-28 09:54:42,701 [INFO] Sending to ptd: 'SR,V,Auto'
ptd-server 2023-02-28 09:54:43,204 [INFO] Reply from ptd: 'Range V changed'
ptd-server 2023-02-28 09:54:43,204 [INFO] Sending to ptd: 'SR,A,Auto'
ptd-server 2023-02-28 09:54:43,707 [INFO] Reply from ptd: 'Range A changed'
ptd-server 2023-02-28 09:54:43,708 [INFO] Set initial values for Amps Auto and Volts Auto
ptd-server 2023-02-28 09:54:43,708 [INFO] Stopping ptd...
