ptd-server 2023-02-14 13:07:59,126 [INFO] Got command from the client 'time'
ptd-server 2023-02-14 13:07:59,126 [INFO] Sending reply to client '1676380079.1261425'
ptd-server 2023-02-14 13:07:59,128 [INFO] Got command from the client 'new,,d47b633e-62d5-475e-aba4-b4e29ab6c9e9'
ptd-server 2023-02-14 13:07:59,128 [INFO] Sending reply to client 'OK 2023-02-14_13-07-59,90a790db-d5e5-4d8d-a191-6beda3524d27'
ptd-server 2023-02-14 13:07:59,164 [INFO] Got command from the client 'time'
ptd-server 2023-02-14 13:07:59,165 [INFO] Sending reply to client '1676380079.165111'
ptd-server 2023-02-14 13:07:59,167 [INFO] Got command from the client 'session,2023-02-14_13-07-59,start,ranging'
ptd-server 2023-02-14 13:07:59,167 [INFO] Running PTDaemon: ['/home/anton/projects/mlperf/power/inference_v1.0/ptd-linux-x86', '-l', '/tmp/tmp4yl1neqp/ptd_logfile.txt', '-p', '8888', '49', '/dev/usbtmc0']
ptd-server 2023-02-14 13:08:16,341 [INFO] Sending to ptd: 'Hello'
ptd-server 2023-02-14 13:08:16,341 [INFO] Reply from ptd: 'Hello, PTDaemon here!'
ptd-server 2023-02-14 13:08:16,341 [INFO] Sending to ptd: 'Identify'
ptd-server 2023-02-14 13:08:16,342 [INFO] Reply from ptd: 'YokogawaWT310E,1000,1,1,1,1,0,1,1,version=1.10.0-ed9a21d2-20220817,OS=Linux 5.15.0-60-generic #66~20.04.1-Ubuntu SMP Wed Jan 25 09:41:30 UTC 2023 x86_64,mode=power,1,1,1,0,0,no_cal_date,YOKOGAWA;WT310E;C3XA04010E;F1.04'
ptd-server 2023-02-14 13:08:16,342 [INFO] Connected to PTDaemon
ptd-server 2023-02-14 13:08:16,342 [INFO] Sending to ptd: 'RR'
ptd-server 2023-02-14 13:08:16,342 [INFO] Reply from ptd: 'Ranges,0,0.500000,1,300.000000'
ptd-server 2023-02-14 13:08:16,342 [INFO] Initial range for Amps is 0.500000 for Volts is Auto
ptd-server 2023-02-14 13:08:16,343 [INFO] Sending to ptd: 'SR,V,Auto'
ptd-server 2023-02-14 13:08:16,845 [INFO] Reply from ptd: 'Range V changed'
ptd-server 2023-02-14 13:08:16,845 [INFO] Sending to ptd: 'SR,A,Auto'
ptd-server 2023-02-14 13:08:17,348 [INFO] Reply from ptd: 'Range A changed'
ptd-server 2023-02-14 13:08:27,358 [INFO] Starting ranging mode
ptd-server 2023-02-14 13:08:27,358 [INFO] Sending to ptd: 'Go,1000,0,2023-02-14_13-07-59_ranging'
ptd-server 2023-02-14 13:08:27,359 [INFO] Reply from ptd: 'Starting untimed measurement, maximum 500000 samples at 1000ms with 0 rampup samples'
ptd-server 2023-02-14 13:08:27,359 [INFO] Sending reply to client 'OK'
ptd-server 2023-02-14 13:21:10,722 [INFO] Got command from the client 'session,2023-02-14_13-07-59,stop,ranging'
ptd-server 2023-02-14 13:21:20,732 [INFO] Sending to ptd: 'Stop'
ptd-server 2023-02-14 13:21:20,733 [INFO] Reply from ptd: 'Stopping untimed measurement'
ptd-server 2023-02-14 13:21:20,816 [INFO] Sending reply to client 'OK'
ptd-server 2023-02-14 13:21:20,916 [INFO] Got command from the client 'time'
ptd-server 2023-02-14 13:21:20,916 [INFO] Sending reply to client '1676380880.9164462'
ptd-server 2023-02-14 13:21:20,917 [INFO] Got command from the client 'session,2023-02-14_13-07-59,start,testing'
ptd-server 2023-02-14 13:21:20,918 [INFO] Sending to ptd: 'SR,V,252.660000'
ptd-server 2023-02-14 13:21:22,861 [INFO] Reply from ptd: 'Range V changed'
ptd-server 2023-02-14 13:21:22,861 [INFO] Sending to ptd: 'SR,A,0.188760'
ptd-server 2023-02-14 13:21:24,362 [INFO] Reply from ptd: 'Range A changed'
ptd-server 2023-02-14 13:21:34,372 [INFO] Starting testing mode
ptd-server 2023-02-14 13:21:34,373 [INFO] Sending to ptd: 'Go,1000,0,2023-02-14_13-07-59_testing'
ptd-server 2023-02-14 13:21:34,373 [INFO] Reply from ptd: 'Starting untimed measurement, maximum 500000 samples at 1000ms with 0 rampup samples'
ptd-server 2023-02-14 13:21:34,373 [INFO] Sending reply to client 'OK'
ptd-server 2023-02-14 13:34:24,628 [INFO] Got command from the client 'session,2023-02-14_13-07-59,stop,testing'
ptd-server 2023-02-14 13:34:34,639 [INFO] Sending to ptd: 'Stop'
ptd-server 2023-02-14 13:34:34,639 [INFO] Reply from ptd: 'Stopping untimed measurement'
ptd-server 2023-02-14 13:34:34,681 [INFO] Sending reply to client 'OK'
ptd-server 2023-02-14 13:34:34,700 [INFO] Got command from the client 'session,2023-02-14_13-07-59,done'
ptd-server 2023-02-14 13:34:34,700 [INFO] Sending to ptd: 'Stop'
ptd-server 2023-02-14 13:34:35,373 [INFO] Reply from ptd: 'Error: no measurement to stop'
ptd-server 2023-02-14 13:34:35,373 [INFO] Sending to ptd: 'SR,V,Auto'
ptd-server 2023-02-14 13:34:35,876 [INFO] Reply from ptd: 'Range V changed'
ptd-server 2023-02-14 13:34:35,876 [INFO] Sending to ptd: 'SR,A,0.500000'
ptd-server 2023-02-14 13:34:37,378 [INFO] Reply from ptd: 'Range A changed'
ptd-server 2023-02-14 13:34:37,378 [INFO] Set initial values for Amps 0.500000 and Volts Auto
ptd-server 2023-02-14 13:34:37,378 [INFO] Stopping ptd...
