ptd-server 2023-02-23 19:09:33,014 [INFO] Got command from the client 'time'
ptd-server 2023-02-23 19:09:33,014 [INFO] Sending reply to client '1677179373.0146163'
ptd-server 2023-02-23 19:09:33,021 [INFO] Got command from the client 'new,,add852c7-2674-408a-be30-549164225ac2'
ptd-server 2023-02-23 19:09:33,022 [INFO] Sending reply to client 'OK 2023-02-23_19-09-33,589f9b00-7831-41d1-b6fd-bde49a0edf97'
ptd-server 2023-02-23 19:09:33,053 [INFO] Got command from the client 'time'
ptd-server 2023-02-23 19:09:33,053 [INFO] Sending reply to client '1677179373.0533621'
ptd-server 2023-02-23 19:09:33,058 [INFO] Got command from the client 'session,2023-02-23_19-09-33,start,ranging'
ptd-server 2023-02-23 19:09:33,058 [INFO] Running PTDaemon: ['/media/arjun/T7_Touch/hp-envy/CM/repos/local/cache/9b3695ca8255492a/power/inference_v1.0/ptd-linux-x86', '-l', '/tmp/tmpti64566v/ptd_logfile.txt', '-p', '8888', '49', '/dev/usbtmc0']
ptd-server 2023-02-23 19:09:50,153 [INFO] Sending to ptd: 'Hello'
ptd-server 2023-02-23 19:09:50,154 [INFO] Reply from ptd: 'Hello, PTDaemon here!'
ptd-server 2023-02-23 19:09:50,154 [INFO] Sending to ptd: 'Identify'
ptd-server 2023-02-23 19:09:50,155 [INFO] Reply from ptd: 'YokogawaWT310E,1000,1,1,1,1,0,1,1,version=1.10.0-ed9a21d2-20220817,OS=Linux 5.15.0-56-generic #62-Ubuntu SMP Tue Nov 22 19:54:14 UTC 2022 x86_64,mode=power,1,1,1,0,0,no_cal_date,YOKOGAWA;WT310E;C3YD21068E;F1.04'
ptd-server 2023-02-23 19:09:50,155 [INFO] Connected to PTDaemon
ptd-server 2023-02-23 19:09:50,155 [INFO] Sending to ptd: 'RR'
ptd-server 2023-02-23 19:09:50,156 [INFO] Reply from ptd: 'Ranges,0,0.100000,0,600.000000'
ptd-server 2023-02-23 19:09:50,156 [INFO] Initial range for Amps is 0.100000 for Volts is 600.000000
ptd-server 2023-02-23 19:09:50,156 [INFO] Sending to ptd: 'SR,V,Auto'
ptd-server 2023-02-23 19:09:50,660 [INFO] Reply from ptd: 'Range V changed'
ptd-server 2023-02-23 19:09:50,661 [INFO] Sending to ptd: 'SR,A,Auto'
ptd-server 2023-02-23 19:09:51,165 [INFO] Reply from ptd: 'Range A changed'
ptd-server 2023-02-23 19:10:01,172 [INFO] Starting ranging mode
ptd-server 2023-02-23 19:10:01,173 [INFO] Sending to ptd: 'Go,1000,0,2023-02-23_19-09-33_ranging'
ptd-server 2023-02-23 19:10:01,174 [INFO] Reply from ptd: 'Starting untimed measurement, maximum 500000 samples at 1000ms with 0 rampup samples'
ptd-server 2023-02-23 19:10:01,174 [INFO] Sending reply to client 'OK'
ptd-server 2023-02-23 19:21:31,824 [INFO] Got command from the client 'session,2023-02-23_19-09-33,stop,ranging'
ptd-server 2023-02-23 19:21:41,834 [INFO] Sending to ptd: 'Stop'
ptd-server 2023-02-23 19:21:41,835 [INFO] Reply from ptd: 'Stopping untimed measurement'
ptd-server 2023-02-23 19:21:41,876 [INFO] Sending reply to client 'OK'
ptd-server 2023-02-23 19:21:41,946 [INFO] Got command from the client 'time'
ptd-server 2023-02-23 19:21:41,946 [INFO] Sending reply to client '1677180101.9468942'
ptd-server 2023-02-23 19:21:41,950 [INFO] Got command from the client 'session,2023-02-23_19-09-33,start,testing'
ptd-server 2023-02-23 19:21:41,950 [INFO] Sending to ptd: 'SR,V,245.070000'
ptd-server 2023-02-23 19:21:43,676 [INFO] Reply from ptd: 'Range V changed'
ptd-server 2023-02-23 19:21:43,677 [INFO] Sending to ptd: 'SR,A,0.255110'
ptd-server 2023-02-23 19:21:45,178 [INFO] Reply from ptd: 'Range A changed'
ptd-server 2023-02-23 19:21:55,189 [INFO] Starting testing mode
ptd-server 2023-02-23 19:21:55,189 [INFO] Sending to ptd: 'Go,1000,0,2023-02-23_19-09-33_testing'
ptd-server 2023-02-23 19:21:55,190 [INFO] Reply from ptd: 'Starting untimed measurement, maximum 500000 samples at 1000ms with 0 rampup samples'
ptd-server 2023-02-23 19:21:55,190 [INFO] Sending reply to client 'OK'
ptd-server 2023-02-23 19:33:27,343 [INFO] Got command from the client 'session,2023-02-23_19-09-33,stop,testing'
ptd-server 2023-02-23 19:33:37,353 [INFO] Sending to ptd: 'Stop'
ptd-server 2023-02-23 19:33:37,354 [INFO] Reply from ptd: 'Stopping untimed measurement'
ptd-server 2023-02-23 19:33:37,376 [INFO] Sending reply to client 'OK'
ptd-server 2023-02-23 19:33:37,391 [INFO] Got command from the client 'session,2023-02-23_19-09-33,done'
ptd-server 2023-02-23 19:33:37,391 [INFO] Sending to ptd: 'Stop'
ptd-server 2023-02-23 19:33:38,191 [INFO] Reply from ptd: 'Error: no measurement to stop'
ptd-server 2023-02-23 19:33:38,192 [INFO] Sending to ptd: 'SR,V,600.000000'
ptd-server 2023-02-23 19:33:39,693 [INFO] Reply from ptd: 'Range V changed'
ptd-server 2023-02-23 19:33:39,694 [INFO] Sending to ptd: 'SR,A,0.100000'
ptd-server 2023-02-23 19:33:41,196 [INFO] Reply from ptd: 'Range A changed'
ptd-server 2023-02-23 19:33:41,197 [INFO] Set initial values for Amps 0.100000 and Volts 600.000000
ptd-server 2023-02-23 19:33:41,197 [INFO] Stopping ptd...
