ptd-server 2023-02-12 15:28:18,389 [INFO] Got command from the client 'time'
ptd-server 2023-02-12 15:28:18,390 [INFO] Sending reply to client '1676215698.3901992'
ptd-server 2023-02-12 15:28:18,392 [INFO] Got command from the client 'new,,e954143c-ca4c-414e-8984-d34851163827'
ptd-server 2023-02-12 15:28:18,394 [INFO] Sending reply to client 'OK 2023-02-12_15-28-18,93087991-3de5-46e0-8042-7ba276dd8a62'
ptd-server 2023-02-12 15:28:18,417 [INFO] Got command from the client 'time'
ptd-server 2023-02-12 15:28:18,417 [INFO] Sending reply to client '1676215698.4173813'
ptd-server 2023-02-12 15:28:18,420 [INFO] Got command from the client 'session,2023-02-12_15-28-18,start,ranging'
ptd-server 2023-02-12 15:28:18,421 [INFO] Running PTDaemon: ['/media/arjun/T7_Touch/hp-envy/CM/repos/local/cache/9b3695ca8255492a/power/inference_v1.0/ptd-linux-x86', '-l', '/tmp/tmp6_9o2crq/ptd_logfile.txt', '-p', '8888', '49', '/dev/usbtmc0']
ptd-server 2023-02-12 15:28:35,518 [INFO] Sending to ptd: 'Hello'
ptd-server 2023-02-12 15:28:35,519 [INFO] Reply from ptd: 'Hello, PTDaemon here!'
ptd-server 2023-02-12 15:28:35,519 [INFO] Sending to ptd: 'Identify'
ptd-server 2023-02-12 15:28:35,520 [INFO] Reply from ptd: 'YokogawaWT310E,1000,1,1,1,1,0,1,1,version=1.10.0-ed9a21d2-20220817,OS=Linux 5.15.0-56-generic #62-Ubuntu SMP Tue Nov 22 19:54:14 UTC 2022 x86_64,mode=power,1,1,1,0,0,no_cal_date,YOKOGAWA;WT310E;C3YD21068E;F1.04'
ptd-server 2023-02-12 15:28:35,520 [INFO] Connected to PTDaemon
ptd-server 2023-02-12 15:28:35,520 [INFO] Sending to ptd: 'RR'
ptd-server 2023-02-12 15:28:35,521 [INFO] Reply from ptd: 'Ranges,0,0.100000,0,600.000000'
ptd-server 2023-02-12 15:28:35,521 [INFO] Initial range for Amps is 0.100000 for Volts is 600.000000
ptd-server 2023-02-12 15:28:35,522 [INFO] Sending to ptd: 'SR,V,Auto'
ptd-server 2023-02-12 15:28:36,025 [INFO] Reply from ptd: 'Range V changed'
ptd-server 2023-02-12 15:28:36,026 [INFO] Sending to ptd: 'SR,A,Auto'
ptd-server 2023-02-12 15:28:36,529 [INFO] Reply from ptd: 'Range A changed'
ptd-server 2023-02-12 15:28:46,540 [INFO] Starting ranging mode
ptd-server 2023-02-12 15:28:46,541 [INFO] Sending to ptd: 'Go,1000,0,2023-02-12_15-28-18_ranging'
ptd-server 2023-02-12 15:28:46,542 [INFO] Reply from ptd: 'Starting untimed measurement, maximum 500000 samples at 1000ms with 0 rampup samples'
ptd-server 2023-02-12 15:28:46,542 [INFO] Sending reply to client 'OK'
ptd-server 2023-02-12 15:38:50,334 [INFO] Got command from the client 'session,2023-02-12_15-28-18,stop,ranging'
ptd-server 2023-02-12 15:39:00,341 [INFO] Sending to ptd: 'Stop'
ptd-server 2023-02-12 15:39:00,342 [INFO] Reply from ptd: 'Stopping untimed measurement'
ptd-server 2023-02-12 15:39:00,438 [INFO] Sending reply to client 'OK'
ptd-server 2023-02-12 15:39:00,504 [INFO] Got command from the client 'time'
ptd-server 2023-02-12 15:39:00,504 [INFO] Sending reply to client '1676216340.5042634'
ptd-server 2023-02-12 15:39:00,508 [INFO] Got command from the client 'session,2023-02-12_15-28-18,start,testing'
ptd-server 2023-02-12 15:39:00,508 [INFO] Sending to ptd: 'SR,V,247.730000'
ptd-server 2023-02-12 15:39:02,045 [INFO] Reply from ptd: 'Range V changed'
ptd-server 2023-02-12 15:39:02,046 [INFO] Sending to ptd: 'SR,A,0.238860'
ptd-server 2023-02-12 15:39:03,549 [INFO] Reply from ptd: 'Range A changed'
ptd-server 2023-02-12 15:39:13,560 [INFO] Starting testing mode
ptd-server 2023-02-12 15:39:13,561 [INFO] Sending to ptd: 'Go,1000,0,2023-02-12_15-28-18_testing'
ptd-server 2023-02-12 15:39:13,562 [INFO] Reply from ptd: 'Starting untimed measurement, maximum 500000 samples at 1000ms with 0 rampup samples'
ptd-server 2023-02-12 15:39:13,562 [INFO] Sending reply to client 'OK'
ptd-server 2023-02-12 15:49:14,293 [INFO] Got command from the client 'session,2023-02-12_15-28-18,stop,testing'
ptd-server 2023-02-12 15:49:24,304 [INFO] Sending to ptd: 'Stop'
ptd-server 2023-02-12 15:49:24,305 [INFO] Reply from ptd: 'Stopping untimed measurement'
ptd-server 2023-02-12 15:49:24,373 [INFO] Sending reply to client 'OK'
ptd-server 2023-02-12 15:49:24,390 [INFO] Got command from the client 'session,2023-02-12_15-28-18,done'
ptd-server 2023-02-12 15:49:24,390 [INFO] Sending to ptd: 'Stop'
ptd-server 2023-02-12 15:49:24,563 [INFO] Reply from ptd: 'Error: no measurement to stop'
ptd-server 2023-02-12 15:49:24,564 [INFO] Sending to ptd: 'SR,V,600.000000'
ptd-server 2023-02-12 15:49:26,066 [INFO] Reply from ptd: 'Range V changed'
ptd-server 2023-02-12 15:49:26,066 [INFO] Sending to ptd: 'SR,A,0.100000'
ptd-server 2023-02-12 15:49:27,569 [INFO] Reply from ptd: 'Range A changed'
ptd-server 2023-02-12 15:49:27,569 [INFO] Set initial values for Amps 0.100000 and Volts 600.000000
ptd-server 2023-02-12 15:49:27,570 [INFO] Stopping ptd...
