ptd-server 2023-02-27 20:47:49,012 [INFO] Got command from the client 'time'
ptd-server 2023-02-27 20:47:49,012 [INFO] Sending reply to client '1677530869.0126636'
ptd-server 2023-02-27 20:47:49,014 [INFO] Got command from the client 'new,,2fd7e742-59fc-4e4b-bc0b-c5b92566b10d'
ptd-server 2023-02-27 20:47:49,015 [INFO] Sending reply to client 'OK 2023-02-27_20-47-49,1e142d49-f38c-49a0-8274-7e6249d17102'
ptd-server 2023-02-27 20:47:49,038 [INFO] Got command from the client 'time'
ptd-server 2023-02-27 20:47:49,038 [INFO] Sending reply to client '1677530869.0388572'
ptd-server 2023-02-27 20:47:49,040 [INFO] Got command from the client 'session,2023-02-27_20-47-49,start,ranging'
ptd-server 2023-02-27 20:47:49,040 [INFO] Running PTDaemon: ['/home/anton/projects/mlperf/power/inference_v1.0/ptd-linux-x86', '-l', '/tmp/tmpu4v721n6/ptd_logfile.txt', '-p', '8888', '49', '/dev/usbtmc0']
ptd-server 2023-02-27 20:48:06,127 [INFO] Sending to ptd: 'Hello'
ptd-server 2023-02-27 20:48:06,128 [INFO] Reply from ptd: 'Hello, PTDaemon here!'
ptd-server 2023-02-27 20:48:06,128 [INFO] Sending to ptd: 'Identify'
ptd-server 2023-02-27 20:48:06,128 [INFO] Reply from ptd: 'YokogawaWT310E,1000,1,1,1,1,0,1,1,version=1.10.0-ed9a21d2-20220817,OS=Linux 5.15.0-60-generic #66~20.04.1-Ubuntu SMP Wed Jan 25 09:41:30 UTC 2023 x86_64,mode=power,1,1,1,0,0,no_cal_date,YOKOGAWA;WT310E;C3XA04010E;F1.04'
ptd-server 2023-02-27 20:48:06,128 [INFO] Connected to PTDaemon
ptd-server 2023-02-27 20:48:06,128 [INFO] Sending to ptd: 'RR'
ptd-server 2023-02-27 20:48:06,129 [INFO] Reply from ptd: 'Ranges,0,0.100000,0,300.000000'
ptd-server 2023-02-27 20:48:06,129 [INFO] Initial range for Amps is 0.100000 for Volts is 300.000000
ptd-server 2023-02-27 20:48:06,129 [INFO] Sending to ptd: 'SR,V,Auto'
ptd-server 2023-02-27 20:48:06,631 [INFO] Reply from ptd: 'Range V changed'
ptd-server 2023-02-27 20:48:06,631 [INFO] Sending to ptd: 'SR,A,Auto'
ptd-server 2023-02-27 20:48:07,134 [INFO] Reply from ptd: 'Range A changed'
ptd-server 2023-02-27 20:48:17,144 [INFO] Starting ranging mode
ptd-server 2023-02-27 20:48:17,144 [INFO] Sending to ptd: 'Go,1000,0,2023-02-27_20-47-49_ranging'
ptd-server 2023-02-27 20:48:17,145 [INFO] Reply from ptd: 'Starting untimed measurement, maximum 500000 samples at 1000ms with 0 rampup samples'
ptd-server 2023-02-27 20:48:17,145 [INFO] Sending reply to client 'OK'
ptd-server 2023-02-27 20:58:45,883 [INFO] Got command from the client 'session,2023-02-27_20-47-49,stop,ranging'
ptd-server 2023-02-27 20:58:55,893 [INFO] Sending to ptd: 'Stop'
ptd-server 2023-02-27 20:58:55,894 [INFO] Reply from ptd: 'Stopping untimed measurement'
ptd-server 2023-02-27 20:58:56,261 [INFO] Sending reply to client 'OK'
ptd-server 2023-02-27 20:58:56,359 [INFO] Got command from the client 'time'
ptd-server 2023-02-27 20:58:56,359 [INFO] Sending reply to client '1677531536.3596063'
ptd-server 2023-02-27 20:58:56,361 [INFO] Got command from the client 'session,2023-02-27_20-47-49,start,testing'
ptd-server 2023-02-27 20:58:56,361 [INFO] Sending to ptd: 'SR,V,253.060000'
ptd-server 2023-02-27 20:58:57,862 [INFO] Reply from ptd: 'Range V changed'
ptd-server 2023-02-27 20:58:57,863 [INFO] Sending to ptd: 'SR,A,0.050800'
ptd-server 2023-02-27 20:58:59,364 [INFO] Reply from ptd: 'Range A changed'
ptd-server 2023-02-27 20:59:09,374 [INFO] Starting testing mode
ptd-server 2023-02-27 20:59:09,374 [INFO] Sending to ptd: 'Go,1000,0,2023-02-27_20-47-49_testing'
ptd-server 2023-02-27 20:59:09,375 [INFO] Reply from ptd: 'Starting untimed measurement, maximum 500000 samples at 1000ms with 0 rampup samples'
ptd-server 2023-02-27 20:59:09,375 [INFO] Sending reply to client 'OK'
ptd-server 2023-02-27 21:09:37,962 [INFO] Got command from the client 'session,2023-02-27_20-47-49,stop,testing'
ptd-server 2023-02-27 21:09:47,972 [INFO] Sending to ptd: 'Stop'
ptd-server 2023-02-27 21:09:47,972 [INFO] Reply from ptd: 'Stopping untimed measurement'
ptd-server 2023-02-27 21:09:48,176 [INFO] Sending reply to client 'OK'
ptd-server 2023-02-27 21:09:48,196 [INFO] Got command from the client 'session,2023-02-27_20-47-49,done'
ptd-server 2023-02-27 21:09:48,196 [INFO] Sending to ptd: 'Stop'
ptd-server 2023-02-27 21:09:48,376 [INFO] Reply from ptd: 'Error: no measurement to stop'
ptd-server 2023-02-27 21:09:48,376 [INFO] Sending to ptd: 'SR,V,300.000000'
ptd-server 2023-02-27 21:09:49,877 [INFO] Reply from ptd: 'Range V changed'
ptd-server 2023-02-27 21:09:49,877 [INFO] Sending to ptd: 'SR,A,0.100000'
ptd-server 2023-02-27 21:09:51,379 [INFO] Reply from ptd: 'Range A changed'
ptd-server 2023-02-27 21:09:51,379 [INFO] Set initial values for Amps 0.100000 and Volts 300.000000
ptd-server 2023-02-27 21:09:51,379 [INFO] Stopping ptd...
