ptd-server 2023-02-23 01:00:43,279 [INFO] Got command from the client 'time'
ptd-server 2023-02-23 01:00:43,279 [INFO] Sending reply to client '1677114043.2797208'
ptd-server 2023-02-23 01:00:43,280 [INFO] Got command from the client 'new,,7f90edd3-a647-43f5-b5bf-6ece27915a3a'
ptd-server 2023-02-23 01:00:43,281 [INFO] Sending reply to client 'OK 2023-02-23_01-00-43,28ff4401-d78a-40c6-90c2-8cc69e638896'
ptd-server 2023-02-23 01:00:43,309 [INFO] Got command from the client 'time'
ptd-server 2023-02-23 01:00:43,310 [INFO] Sending reply to client '1677114043.3099732'
ptd-server 2023-02-23 01:00:43,310 [INFO] Got command from the client 'session,2023-02-23_01-00-43,start,ranging'
ptd-server 2023-02-23 01:00:43,311 [INFO] Running PTDaemon: ['/home/anton/projects/mlperf/power/inference_v1.0/ptd-linux-x86', '-l', '/tmp/tmp4yl1neqp/ptd_logfile.txt', '-p', '8888', '49', '/dev/usbtmc0']
ptd-server 2023-02-23 01:01:00,385 [INFO] Sending to ptd: 'Hello'
ptd-server 2023-02-23 01:01:00,386 [INFO] Reply from ptd: 'Hello, PTDaemon here!'
ptd-server 2023-02-23 01:01:00,386 [INFO] Sending to ptd: 'Identify'
ptd-server 2023-02-23 01:01:00,386 [INFO] Reply from ptd: 'YokogawaWT310E,1000,1,1,1,1,0,1,1,version=1.10.0-ed9a21d2-20220817,OS=Linux 5.15.0-60-generic #66~20.04.1-Ubuntu SMP Wed Jan 25 09:41:30 UTC 2023 x86_64,mode=power,1,1,1,0,0,no_cal_date,YOKOGAWA;WT310E;C3XA04010E;F1.04'
ptd-server 2023-02-23 01:01:00,386 [INFO] Connected to PTDaemon
ptd-server 2023-02-23 01:01:00,387 [INFO] Sending to ptd: 'RR'
ptd-server 2023-02-23 01:01:00,387 [INFO] Reply from ptd: 'Ranges,1,0.100000,1,300.000000'
ptd-server 2023-02-23 01:01:00,387 [INFO] Initial range for Amps is Auto for Volts is Auto
ptd-server 2023-02-23 01:01:00,387 [INFO] Sending to ptd: 'SR,V,Auto'
ptd-server 2023-02-23 01:01:00,890 [INFO] Reply from ptd: 'Range V changed'
ptd-server 2023-02-23 01:01:00,890 [INFO] Sending to ptd: 'SR,A,Auto'
ptd-server 2023-02-23 01:01:01,392 [INFO] Reply from ptd: 'Range A changed'
ptd-server 2023-02-23 01:01:11,403 [INFO] Starting ranging mode
ptd-server 2023-02-23 01:01:11,403 [INFO] Sending to ptd: 'Go,1000,0,2023-02-23_01-00-43_ranging'
ptd-server 2023-02-23 01:01:11,403 [INFO] Reply from ptd: 'Starting untimed measurement, maximum 500000 samples at 1000ms with 0 rampup samples'
ptd-server 2023-02-23 01:01:11,403 [INFO] Sending reply to client 'OK'
ptd-server 2023-02-23 01:11:34,988 [INFO] Got command from the client 'session,2023-02-23_01-00-43,stop,ranging'
ptd-server 2023-02-23 01:11:44,998 [INFO] Sending to ptd: 'Stop'
ptd-server 2023-02-23 01:11:44,999 [INFO] Reply from ptd: 'Stopping untimed measurement'
ptd-server 2023-02-23 01:11:45,478 [INFO] Sending reply to client 'OK'
ptd-server 2023-02-23 01:11:45,511 [INFO] Got command from the client 'time'
ptd-server 2023-02-23 01:11:45,511 [INFO] Sending reply to client '1677114705.5115523'
ptd-server 2023-02-23 01:11:45,512 [INFO] Got command from the client 'session,2023-02-23_01-00-43,start,testing'
ptd-server 2023-02-23 01:11:45,512 [INFO] Sending to ptd: 'SR,V,250.280000'
ptd-server 2023-02-23 01:11:47,014 [INFO] Reply from ptd: 'Range V changed'
ptd-server 2023-02-23 01:11:47,014 [INFO] Sending to ptd: 'SR,A,0.049150'
ptd-server 2023-02-23 01:11:48,515 [INFO] Reply from ptd: 'Range A changed'
ptd-server 2023-02-23 01:11:58,525 [INFO] Starting testing mode
ptd-server 2023-02-23 01:11:58,525 [INFO] Sending to ptd: 'Go,1000,0,2023-02-23_01-00-43_testing'
ptd-server 2023-02-23 01:11:58,526 [INFO] Reply from ptd: 'Starting untimed measurement, maximum 500000 samples at 1000ms with 0 rampup samples'
ptd-server 2023-02-23 01:11:58,526 [INFO] Sending reply to client 'OK'
ptd-server 2023-02-23 01:22:22,078 [INFO] Got command from the client 'session,2023-02-23_01-00-43,stop,testing'
ptd-server 2023-02-23 01:22:32,088 [INFO] Sending to ptd: 'Stop'
ptd-server 2023-02-23 01:22:32,089 [INFO] Reply from ptd: 'Stopping untimed measurement'
ptd-server 2023-02-23 01:22:32,344 [INFO] Sending reply to client 'OK'
ptd-server 2023-02-23 01:22:32,351 [INFO] Got command from the client 'session,2023-02-23_01-00-43,done'
ptd-server 2023-02-23 01:22:32,352 [INFO] Sending to ptd: 'Stop'
ptd-server 2023-02-23 01:22:32,527 [INFO] Reply from ptd: 'Error: no measurement to stop'
ptd-server 2023-02-23 01:22:32,527 [INFO] Sending to ptd: 'SR,V,Auto'
ptd-server 2023-02-23 01:22:33,029 [INFO] Reply from ptd: 'Range V changed'
ptd-server 2023-02-23 01:22:33,030 [INFO] Sending to ptd: 'SR,A,Auto'
ptd-server 2023-02-23 01:22:33,532 [INFO] Reply from ptd: 'Range A changed'
ptd-server 2023-02-23 01:22:33,532 [INFO] Set initial values for Amps Auto and Volts Auto
ptd-server 2023-02-23 01:22:33,532 [INFO] Stopping ptd...
