client 2023-02-11 01:59:08,893 [INFO] Creating output directory '/home/arjun/mypower_results/valid_results/arjun_orin-reference-cpu-onnxruntime-v1.13.1-default_config/resnet50/offline/performance/tmp_power'
client 2023-02-11 01:59:08,896 [INFO] Sending command to the server: 'mlcommons/power client v3'
client 2023-02-11 01:59:08,899 [INFO] Got response: 'mlcommons/power server v3'
client 2023-02-11 01:59:08,899 [INFO] Synchronizing with the server and with time.google.com...
client 2023-02-11 01:59:08,920 [INFO] NTP:offset = 0.001 s, delay = 0.017 s 
client 2023-02-11 01:59:08,920 [INFO] Sending command to the server: 'time'
client 2023-02-11 01:59:08,922 [INFO] Got response: '1676080748.9234776'
client 2023-02-11 01:59:08,922 [INFO] The time difference between the client and the server is within range -2.613 ms..-0.660 ms
client 2023-02-11 01:59:08,922 [INFO] Sending command to the server: 'new,,dca0e5f2-09eb-4906-9f14-a4b8788bce4d'
client 2023-02-11 01:59:08,927 [INFO] Got response: 'OK 2023-02-11_01-59-08,51c72560-f1e3-40fa-9c0d-08e120917d2e'
client 2023-02-11 01:59:08,927 [INFO] Session id is '2023-02-11_01-59-08'
client 2023-02-11 01:59:08,927 [INFO] Sources: {"sources": {"__init__.py": "da39a3ee5e6b4b0d3255bfef95601890afd80709", "client.py": "33ca4f26368777ac06e01f9567b714a4b8063886", "lib/__init__.py": "da39a3ee5e6b4b0d3255bfef95601890afd80709", "lib/client.py": "4c2b78fb4849a7e5b584ef792d82aaed20b17f57", "lib/common.py": "624d0c0acc7c39aaff3674f0b99d6a09da53d1dc", "lib/external/__init__.py": "da39a3ee5e6b4b0d3255bfef95601890afd80709", "lib/external/ntplib.py": "4da8f970656505a40483206ef2b5d3dd5e81711d", "lib/server.py": "cda0cdfaee9bfa1249c64a7dd4f89b7bf1b279f0", "lib/source_hashes.py": "60a2e02193209e8d392803326208d5466342da18", "lib/summary.py": "aa92f0a3f975eecd44d3c0cd0236342ccc9f941d", "lib/time_sync.py": "3210db56eb0ff0df57bf4293dc4d4b03fffd46f1", "server.py": "c3f90f2f7eeb4db30727556d0c815ebc89b3d28b", "tests/unit/__init__.py": "da39a3ee5e6b4b0d3255bfef95601890afd80709", "tests/unit/test_server.py": "99ae15aef722f2000ee6ed1ae1523637bf1ae42b", "tests/unit/test_source_hashes.py": "00468a2907583c593e6574a1f6b404e4651c221a"}, "modules": {"ptd_client_server.lib.client": "lib/client.py", "ptd_client_server.lib.common": "lib/common.py", "ptd_client_server.lib.external.ntplib": "lib/external/ntplib.py", "ptd_client_server.lib.source_hashes": "lib/source_hashes.py", "ptd_client_server.lib.summary": "lib/summary.py", "ptd_client_server.lib.time_sync": "lib/time_sync.py"}}
client 2023-02-11 01:59:08,928 [INFO] Running workload in ranging mode
client 2023-02-11 01:59:08,928 [INFO] Synchronizing with the server and with time.google.com...
client 2023-02-11 01:59:08,943 [INFO] NTP:offset = 0.000 s, delay = 0.015 s 
client 2023-02-11 01:59:08,944 [INFO] Sending command to the server: 'time'
client 2023-02-11 01:59:08,946 [INFO] Got response: '1676080748.9465861'
client 2023-02-11 01:59:08,946 [INFO] The time difference between the client and the server is within range -2.591 ms..-0.399 ms
client 2023-02-11 01:59:08,946 [INFO] Sending command to the server: 'session,2023-02-11_01-59-08,start,ranging'
client 2023-02-11 01:59:37,046 [INFO] Got response: 'OK'
client 2023-02-11 01:59:37,047 [INFO] Running the workload 'cd "/media/arjun/T7/local/cache/32c7dacd753e4a6a/inference/vision/classification_and_detection" && OUTPUT_DIR="/home/arjun/mypower_results/valid_results/arjun_orin-reference-cpu-onnxruntime-v1.13.1-default_config/resnet50/offline/performance/run_1" ./run_local.sh onnxruntime resnet50 cpu --scenario Offline --mlperf_conf "/media/arjun/T7/local/cache/32c7dacd753e4a6a/inference/mlperf.conf" --threads 12 --user_conf "/home/arjun/CM/repos/octoml@ck/cm-mlops/script/generate-mlperf-inference-user-conf/tmp/e69483f7b6ed4581b55006f5c9b62187.conf" --use_preprocessed_dataset --cache_dir /media/arjun/T7/local/cache/cb8ebfbd4b8d43f6 --dataset-list /media/arjun/T7/datasets/imagenet-2012-val/val_map.txt'
client 2023-02-11 02:11:22,892 [INFO] Sending command to the server: 'session,2023-02-11_01-59-08,stop,ranging'
client 2023-02-11 02:11:33,235 [INFO] Got response: 'OK'
client 2023-02-11 02:11:33,265 [INFO] Copying loadgen logs from '/home/arjun/mypower_results/valid_results/arjun_orin-reference-cpu-onnxruntime-v1.13.1-default_config/resnet50/offline/performance/run_1' to '/home/arjun/mypower_results/valid_results/arjun_orin-reference-cpu-onnxruntime-v1.13.1-default_config/resnet50/offline/performance/tmp_power/ranging'
client 2023-02-11 02:11:33,267 [INFO] Running workload in testing mode
client 2023-02-11 02:11:33,267 [INFO] Synchronizing with the server and with time.google.com...
client 2023-02-11 02:11:33,290 [INFO] NTP:offset = 0.002 s, delay = 0.018 s 
client 2023-02-11 02:11:33,290 [INFO] Sending command to the server: 'time'
client 2023-02-11 02:11:33,300 [INFO] Got response: '1676081493.3014941'
client 2023-02-11 02:11:33,300 [INFO] The time difference between the client and the server is within range -10.689 ms..-1.163 ms
client 2023-02-11 02:11:33,300 [INFO] Sending command to the server: 'session,2023-02-11_01-59-08,start,testing'
client 2023-02-11 02:11:47,038 [INFO] Got response: 'OK'
client 2023-02-11 02:11:47,038 [INFO] Running the workload 'cd "/media/arjun/T7/local/cache/32c7dacd753e4a6a/inference/vision/classification_and_detection" && OUTPUT_DIR="/home/arjun/mypower_results/valid_results/arjun_orin-reference-cpu-onnxruntime-v1.13.1-default_config/resnet50/offline/performance/run_1" ./run_local.sh onnxruntime resnet50 cpu --scenario Offline --mlperf_conf "/media/arjun/T7/local/cache/32c7dacd753e4a6a/inference/mlperf.conf" --threads 12 --user_conf "/home/arjun/CM/repos/octoml@ck/cm-mlops/script/generate-mlperf-inference-user-conf/tmp/e69483f7b6ed4581b55006f5c9b62187.conf" --use_preprocessed_dataset --cache_dir /media/arjun/T7/local/cache/cb8ebfbd4b8d43f6 --dataset-list /media/arjun/T7/datasets/imagenet-2012-val/val_map.txt'
client 2023-02-11 02:23:35,909 [INFO] Sending command to the server: 'session,2023-02-11_01-59-08,stop,testing'
client 2023-02-11 02:23:46,099 [INFO] Got response: 'OK'
client 2023-02-11 02:23:46,104 [INFO] Copying loadgen logs from '/home/arjun/mypower_results/valid_results/arjun_orin-reference-cpu-onnxruntime-v1.13.1-default_config/resnet50/offline/performance/run_1' to '/home/arjun/mypower_results/valid_results/arjun_orin-reference-cpu-onnxruntime-v1.13.1-default_config/resnet50/offline/performance/tmp_power/run_1'
client 2023-02-11 02:23:46,105 [INFO] Done runs
