ptd-server 2023-02-11 01:59:08,923 [INFO] Got command from the client 'time'
ptd-server 2023-02-11 01:59:08,923 [INFO] Sending reply to client '1676080748.9234776'
ptd-server 2023-02-11 01:59:08,927 [INFO] Got command from the client 'new,,dca0e5f2-09eb-4906-9f14-a4b8788bce4d'
ptd-server 2023-02-11 01:59:08,927 [INFO] Sending reply to client 'OK 2023-02-11_01-59-08,51c72560-f1e3-40fa-9c0d-08e120917d2e'
ptd-server 2023-02-11 01:59:08,946 [INFO] Got command from the client 'time'
ptd-server 2023-02-11 01:59:08,946 [INFO] Sending reply to client '1676080748.9465861'
ptd-server 2023-02-11 01:59:08,948 [INFO] Got command from the client 'session,2023-02-11_01-59-08,start,ranging'
ptd-server 2023-02-11 01:59:08,948 [INFO] Running PTDaemon: ['/media/arjun/T7_Touch/hp-envy/CM/repos/local/cache/9b3695ca8255492a/power/inference_v1.0/ptd-linux-x86', '-l', '/tmp/tmpa0skwnnu/ptd_logfile.txt', '-p', '8888', '49', '/dev/usbtmc0']
ptd-server 2023-02-11 01:59:26,012 [INFO] Sending to ptd: 'Hello'
ptd-server 2023-02-11 01:59:26,012 [INFO] Reply from ptd: 'Hello, PTDaemon here!'
ptd-server 2023-02-11 01:59:26,012 [INFO] Sending to ptd: 'Identify'
ptd-server 2023-02-11 01:59:26,012 [INFO] Reply from ptd: 'YokogawaWT310E,1000,1,1,1,1,0,1,1,version=1.10.0-ed9a21d2-20220817,OS=Linux 5.15.0-56-generic #62-Ubuntu SMP Tue Nov 22 19:54:14 UTC 2022 x86_64,mode=power,1,1,1,0,0,no_cal_date,YOKOGAWA;WT310E;C3YD21068E;F1.04'
ptd-server 2023-02-11 01:59:26,012 [INFO] Connected to PTDaemon
ptd-server 2023-02-11 01:59:26,012 [INFO] Sending to ptd: 'RR'
ptd-server 2023-02-11 01:59:26,013 [INFO] Reply from ptd: 'Ranges,0,0.100000,0,600.000000'
ptd-server 2023-02-11 01:59:26,013 [INFO] Initial range for Amps is 0.100000 for Volts is 600.000000
ptd-server 2023-02-11 01:59:26,013 [INFO] Sending to ptd: 'SR,V,Auto'
ptd-server 2023-02-11 01:59:26,515 [INFO] Reply from ptd: 'Range V changed'
ptd-server 2023-02-11 01:59:26,515 [INFO] Sending to ptd: 'SR,A,Auto'
ptd-server 2023-02-11 01:59:27,018 [INFO] Reply from ptd: 'Range A changed'
ptd-server 2023-02-11 01:59:37,025 [INFO] Starting ranging mode
ptd-server 2023-02-11 01:59:37,025 [INFO] Sending to ptd: 'Go,1000,0,2023-02-11_01-59-08_ranging'
ptd-server 2023-02-11 01:59:37,025 [INFO] Reply from ptd: 'Starting untimed measurement, maximum 500000 samples at 1000ms with 0 rampup samples'
ptd-server 2023-02-11 01:59:37,025 [INFO] Sending reply to client 'OK'
ptd-server 2023-02-11 02:11:23,210 [INFO] Got command from the client 'session,2023-02-11_01-59-08,stop,ranging'
ptd-server 2023-02-11 02:11:33,221 [INFO] Sending to ptd: 'Stop'
ptd-server 2023-02-11 02:11:33,222 [INFO] Reply from ptd: 'Stopping untimed measurement'
ptd-server 2023-02-11 02:11:33,236 [INFO] Sending reply to client 'OK'
ptd-server 2023-02-11 02:11:33,301 [INFO] Got command from the client 'time'
ptd-server 2023-02-11 02:11:33,301 [INFO] Sending reply to client '1676081493.3014941'
ptd-server 2023-02-11 02:11:33,304 [INFO] Got command from the client 'session,2023-02-11_01-59-08,start,testing'
ptd-server 2023-02-11 02:11:33,304 [INFO] Sending to ptd: 'SR,V,247.720000'
ptd-server 2023-02-11 02:11:35,529 [INFO] Reply from ptd: 'Range V changed'
ptd-server 2023-02-11 02:11:35,529 [INFO] Sending to ptd: 'SR,A,0.367200'
ptd-server 2023-02-11 02:11:37,032 [INFO] Reply from ptd: 'Range A changed'
ptd-server 2023-02-11 02:11:47,036 [INFO] Starting testing mode
ptd-server 2023-02-11 02:11:47,037 [INFO] Sending to ptd: 'Go,1000,0,2023-02-11_01-59-08_testing'
ptd-server 2023-02-11 02:11:47,037 [INFO] Reply from ptd: 'Starting untimed measurement, maximum 500000 samples at 1000ms with 0 rampup samples'
ptd-server 2023-02-11 02:11:47,038 [INFO] Sending reply to client 'OK'
ptd-server 2023-02-11 02:23:36,080 [INFO] Got command from the client 'session,2023-02-11_01-59-08,stop,testing'
ptd-server 2023-02-11 02:23:46,090 [INFO] Sending to ptd: 'Stop'
ptd-server 2023-02-11 02:23:46,090 [INFO] Reply from ptd: 'Stopping untimed measurement'
ptd-server 2023-02-11 02:23:46,097 [INFO] Sending reply to client 'OK'
ptd-server 2023-02-11 02:23:46,111 [INFO] Got command from the client 'session,2023-02-11_01-59-08,done'
ptd-server 2023-02-11 02:23:46,111 [INFO] Sending to ptd: 'Stop'
ptd-server 2023-02-11 02:23:47,038 [INFO] Reply from ptd: 'Error: no measurement to stop'
ptd-server 2023-02-11 02:23:47,038 [INFO] Sending to ptd: 'SR,V,600.000000'
ptd-server 2023-02-11 02:23:48,539 [INFO] Reply from ptd: 'Range V changed'
ptd-server 2023-02-11 02:23:48,539 [INFO] Sending to ptd: 'SR,A,0.100000'
ptd-server 2023-02-11 02:23:50,040 [INFO] Reply from ptd: 'Range A changed'
ptd-server 2023-02-11 02:23:50,041 [INFO] Set initial values for Amps 0.100000 and Volts 600.000000
ptd-server 2023-02-11 02:23:50,041 [INFO] Stopping ptd...
