ptd-server 2023-02-27 16:45:24,097 [INFO] Got command from the client 'stop'
ptd-server 2023-02-27 16:45:24,097 [INFO] The server will be stopped after processing this client
ptd-server 2023-02-27 16:45:24,097 [INFO] Sending reply to client 'OK'
ptd-server 2023-02-27 16:45:24,314 [INFO] Got command from the client 'time'
ptd-server 2023-02-27 16:45:24,314 [INFO] Sending reply to client '1677545124.3142896'
ptd-server 2023-02-27 16:45:24,316 [INFO] Got command from the client 'new,,987d8db2-0f1b-4cca-8843-eeeee5180d98'
ptd-server 2023-02-27 16:45:24,316 [INFO] Sending reply to client 'OK 2023-02-27_16-45-24,f6723a4e-946f-4d81-8de9-075f0b2a2471'
ptd-server 2023-02-27 16:45:24,540 [INFO] Got command from the client 'time'
ptd-server 2023-02-27 16:45:24,540 [INFO] Sending reply to client '1677545124.5408685'
ptd-server 2023-02-27 16:45:24,542 [INFO] Got command from the client 'session,2023-02-27_16-45-24,start,ranging'
ptd-server 2023-02-27 16:45:24,542 [INFO] Running PTDaemon: ['/usr/bin/ptd-linux-x86', '-l', '/tmp/tmpusthzxqx/ptd_logfile.txt', '-p', '8888', '-c', '1,3', '-y', '77', '10.117.41.199']
ptd-server 2023-02-27 16:45:44,326 [INFO] Sending to ptd: 'Hello'
ptd-server 2023-02-27 16:45:44,327 [INFO] Reply from ptd: 'Hello, PTDaemon here!'
ptd-server 2023-02-27 16:45:44,327 [INFO] Sending to ptd: 'Identify'
ptd-server 2023-02-27 16:45:44,327 [INFO] Reply from ptd: 'YokogawaWT330_multichannel,1000,1,1,1,1,0,0,1,version=1.10.0-ed9a21d2-20220817,OS=Linux 5.15.0-60-generic #66~20.04.1-Ubuntu SMP Wed Jan 25 09:41:30 UTC 2023 x86_64,mode=power,1,1,3,0,0,no_cal_date,YOKOGAWA;WT333E;C2WL21011V;F1.04'
ptd-server 2023-02-27 16:45:44,327 [INFO] Connected to PTDaemon
ptd-server 2023-02-27 16:45:44,327 [INFO] Sending to ptd: 'RR'
ptd-server 2023-02-27 16:45:44,328 [INFO] Reply from ptd: 'Ranges,1,2.000000,1,300.000000'
ptd-server 2023-02-27 16:45:44,328 [INFO] Initial range for Amps is Auto for Volts is Auto
ptd-server 2023-02-27 16:45:44,328 [INFO] Sending to ptd: 'SR,V,Auto'
ptd-server 2023-02-27 16:45:49,383 [INFO] Reply from ptd: 'Range V changed'
ptd-server 2023-02-27 16:45:49,383 [INFO] Sending to ptd: 'SR,A,Auto'
ptd-server 2023-02-27 16:45:54,438 [INFO] Reply from ptd: 'Range A changed'
ptd-server 2023-02-27 16:46:04,449 [INFO] Starting ranging mode
ptd-server 2023-02-27 16:46:04,449 [INFO] Sending to ptd: 'Go,1000,0,2023-02-27_16-45-24_ranging'
ptd-server 2023-02-27 16:46:04,450 [INFO] Reply from ptd: 'Starting untimed measurement, maximum 500000 samples at 1000ms with 0 rampup samples'
ptd-server 2023-02-27 16:46:04,450 [INFO] Sending reply to client 'OK'
ptd-server 2023-02-27 16:57:40,217 [INFO] Got command from the client 'session,2023-02-27_16-45-24,stop,ranging'
ptd-server 2023-02-27 16:57:50,227 [INFO] Sending to ptd: 'Stop'
ptd-server 2023-02-27 16:57:50,228 [INFO] Reply from ptd: 'Stopping untimed measurement'
ptd-server 2023-02-27 16:57:50,259 [INFO] Sending reply to client 'OK'
ptd-server 2023-02-27 16:57:50,497 [INFO] Got command from the client 'time'
ptd-server 2023-02-27 16:57:50,497 [INFO] Sending reply to client '1677545870.4976523'
ptd-server 2023-02-27 16:57:50,499 [INFO] Got command from the client 'session,2023-02-27_16-45-24,start,testing'
ptd-server 2023-02-27 16:57:50,499 [INFO] Sending to ptd: 'SR,V,206.130000'
ptd-server 2023-02-27 16:57:56,553 [INFO] Reply from ptd: 'Range V changed'
ptd-server 2023-02-27 16:57:56,554 [INFO] Sending to ptd: 'SR,A,4.555000'
ptd-server 2023-02-27 16:58:02,108 [INFO] Reply from ptd: 'Range A changed'
ptd-server 2023-02-27 16:58:12,118 [INFO] Starting testing mode
ptd-server 2023-02-27 16:58:12,119 [INFO] Sending to ptd: 'Go,1000,0,2023-02-27_16-45-24_testing'
ptd-server 2023-02-27 16:58:12,119 [INFO] Reply from ptd: 'Starting untimed measurement, maximum 500000 samples at 1000ms with 0 rampup samples'
ptd-server 2023-02-27 16:58:12,119 [INFO] Sending reply to client 'OK'
ptd-server 2023-02-27 17:09:49,522 [INFO] Got command from the client 'session,2023-02-27_16-45-24,stop,testing'
ptd-server 2023-02-27 17:09:59,532 [INFO] Sending to ptd: 'Stop'
ptd-server 2023-02-27 17:09:59,533 [INFO] Reply from ptd: 'Stopping untimed measurement'
ptd-server 2023-02-27 17:09:59,537 [INFO] Sending reply to client 'OK'
ptd-server 2023-02-27 17:09:59,585 [INFO] Got command from the client 'session,2023-02-27_16-45-24,done'
ptd-server 2023-02-27 17:09:59,585 [INFO] Sending to ptd: 'Stop'
ptd-server 2023-02-27 17:10:00,119 [INFO] Reply from ptd: 'Error: no measurement to stop'
ptd-server 2023-02-27 17:10:00,120 [INFO] Sending to ptd: 'SR,V,Auto'
ptd-server 2023-02-27 17:10:05,175 [INFO] Reply from ptd: 'Range V changed'
ptd-server 2023-02-27 17:10:05,175 [INFO] Sending to ptd: 'SR,A,Auto'
ptd-server 2023-02-27 17:10:10,230 [INFO] Reply from ptd: 'Range A changed'
ptd-server 2023-02-27 17:10:10,230 [INFO] Set initial values for Amps Auto and Volts Auto
ptd-server 2023-02-27 17:10:10,231 [INFO] Stopping ptd...
