client 2023-02-25 02:10:32,029 [INFO] Creating output directory '/home/arjun/mobilenet_results/valid_results/arjun_orin-tflite_cpp-cpu-tflite-vmaster-default_config/efficientnet-fp32-lite3/singlestream/performance/tmp_power'
client 2023-02-25 02:10:32,069 [INFO] Sending command to the server: 'mlcommons/power client v3'
client 2023-02-25 02:10:32,072 [INFO] Got response: 'mlcommons/power server v3'
client 2023-02-25 02:10:32,072 [INFO] Synchronizing with the server and with time.google.com...
client 2023-02-25 02:10:32,105 [INFO] NTP:offset = -0.002 s, delay = 0.016 s 
client 2023-02-25 02:10:32,105 [INFO] Sending command to the server: 'time'
client 2023-02-25 02:10:32,108 [INFO] Got response: '1677291032.105437'
client 2023-02-25 02:10:32,108 [INFO] The time difference between the client and the server is within range 0.293 ms..2.970 ms
client 2023-02-25 02:10:32,108 [INFO] Sending command to the server: 'new,,862b7d25-349b-4f85-8cbf-38a5fe675289'
client 2023-02-25 02:10:32,111 [INFO] Got response: 'OK 2023-02-25_02-10-32,21d7d040-e072-42c5-b523-eea9520c9748'
client 2023-02-25 02:10:32,111 [INFO] Session id is '2023-02-25_02-10-32'
client 2023-02-25 02:10:32,111 [INFO] Sources: {"sources": {"__init__.py": "da39a3ee5e6b4b0d3255bfef95601890afd80709", "client.py": "33ca4f26368777ac06e01f9567b714a4b8063886", "lib/__init__.py": "da39a3ee5e6b4b0d3255bfef95601890afd80709", "lib/client.py": "4c2b78fb4849a7e5b584ef792d82aaed20b17f57", "lib/common.py": "624d0c0acc7c39aaff3674f0b99d6a09da53d1dc", "lib/external/__init__.py": "da39a3ee5e6b4b0d3255bfef95601890afd80709", "lib/external/ntplib.py": "4da8f970656505a40483206ef2b5d3dd5e81711d", "lib/server.py": "cda0cdfaee9bfa1249c64a7dd4f89b7bf1b279f0", "lib/source_hashes.py": "60a2e02193209e8d392803326208d5466342da18", "lib/summary.py": "aa92f0a3f975eecd44d3c0cd0236342ccc9f941d", "lib/time_sync.py": "3210db56eb0ff0df57bf4293dc4d4b03fffd46f1", "server.py": "c3f90f2f7eeb4db30727556d0c815ebc89b3d28b", "tests/unit/__init__.py": "da39a3ee5e6b4b0d3255bfef95601890afd80709", "tests/unit/test_server.py": "99ae15aef722f2000ee6ed1ae1523637bf1ae42b", "tests/unit/test_source_hashes.py": "00468a2907583c593e6574a1f6b404e4651c221a"}, "modules": {"ptd_client_server.lib.client": "lib/client.py", "ptd_client_server.lib.common": "lib/common.py", "ptd_client_server.lib.external.ntplib": "lib/external/ntplib.py", "ptd_client_server.lib.source_hashes": "lib/source_hashes.py", "ptd_client_server.lib.summary": "lib/summary.py", "ptd_client_server.lib.time_sync": "lib/time_sync.py"}}
client 2023-02-25 02:10:32,111 [INFO] Running workload in ranging mode
client 2023-02-25 02:10:32,112 [INFO] Synchronizing with the server and with time.google.com...
client 2023-02-25 02:10:32,127 [INFO] NTP:offset = -0.002 s, delay = 0.013 s 
client 2023-02-25 02:10:32,127 [INFO] Sending command to the server: 'time'
client 2023-02-25 02:10:32,129 [INFO] Got response: '1677291032.1272137'
client 2023-02-25 02:10:32,129 [INFO] The time difference between the client and the server is within range 0.057 ms..2.668 ms
client 2023-02-25 02:10:32,130 [INFO] Sending command to the server: 'session,2023-02-25_02-10-32,start,ranging'
client 2023-02-25 02:11:00,214 [INFO] Got response: 'OK'
client 2023-02-25 02:11:00,214 [INFO] Running the workload '/home/arjun/run.out'
client 2023-02-25 02:22:06,034 [INFO] Sending command to the server: 'session,2023-02-25_02-10-32,stop,ranging'
client 2023-02-25 02:22:16,243 [INFO] Got response: 'OK'
client 2023-02-25 02:22:16,264 [INFO] Copying loadgen logs from '/home/arjun/mobilenet_results/valid_results/arjun_orin-tflite_cpp-cpu-tflite-vmaster-default_config/efficientnet-fp32-lite3/singlestream/performance/run_1' to '/home/arjun/mobilenet_results/valid_results/arjun_orin-tflite_cpp-cpu-tflite-vmaster-default_config/efficientnet-fp32-lite3/singlestream/performance/tmp_power/ranging'
client 2023-02-25 02:22:16,266 [INFO] Running workload in testing mode
client 2023-02-25 02:22:16,267 [INFO] Synchronizing with the server and with time.google.com...
client 2023-02-25 02:22:16,292 [INFO] NTP:offset = 0.003 s, delay = 0.021 s 
client 2023-02-25 02:22:16,292 [INFO] Sending command to the server: 'time'
client 2023-02-25 02:22:16,295 [INFO] Got response: '1677291736.2959588'
client 2023-02-25 02:22:16,296 [INFO] The time difference between the client and the server is within range -3.343 ms..0.050 ms
client 2023-02-25 02:22:16,296 [INFO] Sending command to the server: 'session,2023-02-25_02-10-32,start,testing'
client 2023-02-25 02:22:29,312 [INFO] Got response: 'OK'
client 2023-02-25 02:22:29,313 [INFO] Running the workload '/home/arjun/run.out'
client 2023-02-25 02:33:29,083 [INFO] Sending command to the server: 'session,2023-02-25_02-10-32,stop,testing'
client 2023-02-25 02:33:39,185 [INFO] Got response: 'OK'
client 2023-02-25 02:33:39,191 [INFO] Copying loadgen logs from '/home/arjun/mobilenet_results/valid_results/arjun_orin-tflite_cpp-cpu-tflite-vmaster-default_config/efficientnet-fp32-lite3/singlestream/performance/run_1' to '/home/arjun/mobilenet_results/valid_results/arjun_orin-tflite_cpp-cpu-tflite-vmaster-default_config/efficientnet-fp32-lite3/singlestream/performance/tmp_power/run_1'
client 2023-02-25 02:33:39,193 [INFO] Done runs
