ptd-server 2023-02-12 14:33:36,478 [INFO] Got command from the client 'time'
ptd-server 2023-02-12 14:33:36,479 [INFO] Sending reply to client '1676212416.4792416'
ptd-server 2023-02-12 14:33:36,484 [INFO] Got command from the client 'new,,a7d9913d-5508-484b-abeb-a735ab4fc61e'
ptd-server 2023-02-12 14:33:36,485 [INFO] Sending reply to client 'OK 2023-02-12_14-33-36,ca6534a8-46cf-46e9-aeb4-8739da90933a'
ptd-server 2023-02-12 14:33:36,518 [INFO] Got command from the client 'time'
ptd-server 2023-02-12 14:33:36,519 [INFO] Sending reply to client '1676212416.5190961'
ptd-server 2023-02-12 14:33:36,526 [INFO] Got command from the client 'session,2023-02-12_14-33-36,start,ranging'
ptd-server 2023-02-12 14:33:36,526 [INFO] Running PTDaemon: ['/media/arjun/T7_Touch/hp-envy/CM/repos/local/cache/9b3695ca8255492a/power/inference_v1.0/ptd-linux-x86', '-l', '/tmp/tmp6_9o2crq/ptd_logfile.txt', '-p', '8888', '49', '/dev/usbtmc0']
ptd-server 2023-02-12 14:33:53,620 [INFO] Sending to ptd: 'Hello'
ptd-server 2023-02-12 14:33:53,621 [INFO] Reply from ptd: 'Hello, PTDaemon here!'
ptd-server 2023-02-12 14:33:53,621 [INFO] Sending to ptd: 'Identify'
ptd-server 2023-02-12 14:33:53,622 [INFO] Reply from ptd: 'YokogawaWT310E,1000,1,1,1,1,0,1,1,version=1.10.0-ed9a21d2-20220817,OS=Linux 5.15.0-56-generic #62-Ubuntu SMP Tue Nov 22 19:54:14 UTC 2022 x86_64,mode=power,1,1,1,0,0,no_cal_date,YOKOGAWA;WT310E;C3YD21068E;F1.04'
ptd-server 2023-02-12 14:33:53,622 [INFO] Connected to PTDaemon
ptd-server 2023-02-12 14:33:53,623 [INFO] Sending to ptd: 'RR'
ptd-server 2023-02-12 14:33:53,624 [INFO] Reply from ptd: 'Ranges,0,0.100000,0,600.000000'
ptd-server 2023-02-12 14:33:53,624 [INFO] Initial range for Amps is 0.100000 for Volts is 600.000000
ptd-server 2023-02-12 14:33:53,624 [INFO] Sending to ptd: 'SR,V,Auto'
ptd-server 2023-02-12 14:33:54,128 [INFO] Reply from ptd: 'Range V changed'
ptd-server 2023-02-12 14:33:54,128 [INFO] Sending to ptd: 'SR,A,Auto'
ptd-server 2023-02-12 14:33:54,632 [INFO] Reply from ptd: 'Range A changed'
ptd-server 2023-02-12 14:34:04,643 [INFO] Starting ranging mode
ptd-server 2023-02-12 14:34:04,643 [INFO] Sending to ptd: 'Go,1000,0,2023-02-12_14-33-36_ranging'
ptd-server 2023-02-12 14:34:04,644 [INFO] Reply from ptd: 'Starting untimed measurement, maximum 500000 samples at 1000ms with 0 rampup samples'
ptd-server 2023-02-12 14:34:04,644 [INFO] Sending reply to client 'OK'
ptd-server 2023-02-12 14:44:06,951 [INFO] Got command from the client 'session,2023-02-12_14-33-36,stop,ranging'
ptd-server 2023-02-12 14:44:16,962 [INFO] Sending to ptd: 'Stop'
ptd-server 2023-02-12 14:44:16,963 [INFO] Reply from ptd: 'Stopping untimed measurement'
ptd-server 2023-02-12 14:44:17,019 [INFO] Sending reply to client 'OK'
ptd-server 2023-02-12 14:44:17,084 [INFO] Got command from the client 'time'
ptd-server 2023-02-12 14:44:17,084 [INFO] Sending reply to client '1676213057.084198'
ptd-server 2023-02-12 14:44:17,087 [INFO] Got command from the client 'session,2023-02-12_14-33-36,start,testing'
ptd-server 2023-02-12 14:44:17,087 [INFO] Sending to ptd: 'SR,V,248.490000'
ptd-server 2023-02-12 14:44:19,147 [INFO] Reply from ptd: 'Range V changed'
ptd-server 2023-02-12 14:44:19,147 [INFO] Sending to ptd: 'SR,A,0.238550'
ptd-server 2023-02-12 14:44:20,651 [INFO] Reply from ptd: 'Range A changed'
ptd-server 2023-02-12 14:44:30,662 [INFO] Starting testing mode
ptd-server 2023-02-12 14:44:30,662 [INFO] Sending to ptd: 'Go,1000,0,2023-02-12_14-33-36_testing'
ptd-server 2023-02-12 14:44:30,663 [INFO] Reply from ptd: 'Starting untimed measurement, maximum 500000 samples at 1000ms with 0 rampup samples'
ptd-server 2023-02-12 14:44:30,663 [INFO] Sending reply to client 'OK'
ptd-server 2023-02-12 14:54:31,401 [INFO] Got command from the client 'session,2023-02-12_14-33-36,stop,testing'
ptd-server 2023-02-12 14:54:41,412 [INFO] Sending to ptd: 'Stop'
ptd-server 2023-02-12 14:54:41,413 [INFO] Reply from ptd: 'Stopping untimed measurement'
ptd-server 2023-02-12 14:54:41,443 [INFO] Sending reply to client 'OK'
ptd-server 2023-02-12 14:54:41,460 [INFO] Got command from the client 'session,2023-02-12_14-33-36,done'
ptd-server 2023-02-12 14:54:41,460 [INFO] Sending to ptd: 'Stop'
ptd-server 2023-02-12 14:54:41,665 [INFO] Reply from ptd: 'Error: no measurement to stop'
ptd-server 2023-02-12 14:54:41,665 [INFO] Sending to ptd: 'SR,V,600.000000'
ptd-server 2023-02-12 14:54:43,168 [INFO] Reply from ptd: 'Range V changed'
ptd-server 2023-02-12 14:54:43,169 [INFO] Sending to ptd: 'SR,A,0.100000'
ptd-server 2023-02-12 14:54:44,672 [INFO] Reply from ptd: 'Range A changed'
ptd-server 2023-02-12 14:54:44,673 [INFO] Set initial values for Amps 0.100000 and Volts 600.000000
ptd-server 2023-02-12 14:54:44,673 [INFO] Stopping ptd...
