ptd-server 2023-02-24 00:55:45,598 [INFO] Got command from the client 'time'
ptd-server 2023-02-24 00:55:45,599 [INFO] Sending reply to client '1677200145.5991182'
ptd-server 2023-02-24 00:55:45,604 [INFO] Got command from the client 'new,,0dfaf56a-fe84-4665-b92a-a2d0a5f56a63'
ptd-server 2023-02-24 00:55:45,605 [INFO] Sending reply to client 'OK 2023-02-24_00-55-45,fbbf7e10-85a1-4367-be38-4b8f1a5eaa91'
ptd-server 2023-02-24 00:55:45,631 [INFO] Got command from the client 'time'
ptd-server 2023-02-24 00:55:45,632 [INFO] Sending reply to client '1677200145.6321337'
ptd-server 2023-02-24 00:55:45,635 [INFO] Got command from the client 'session,2023-02-24_00-55-45,start,ranging'
ptd-server 2023-02-24 00:55:45,636 [INFO] Running PTDaemon: ['/media/arjun/T7_Touch/hp-envy/CM/repos/local/cache/9b3695ca8255492a/power/inference_v1.0/ptd-linux-x86', '-l', '/tmp/tmpti64566v/ptd_logfile.txt', '-p', '8888', '49', '/dev/usbtmc0']
ptd-server 2023-02-24 00:56:02,737 [INFO] Sending to ptd: 'Hello'
ptd-server 2023-02-24 00:56:02,738 [INFO] Reply from ptd: 'Hello, PTDaemon here!'
ptd-server 2023-02-24 00:56:02,738 [INFO] Sending to ptd: 'Identify'
ptd-server 2023-02-24 00:56:02,738 [INFO] Reply from ptd: 'YokogawaWT310E,1000,1,1,1,1,0,1,1,version=1.10.0-ed9a21d2-20220817,OS=Linux 5.15.0-56-generic #62-Ubuntu SMP Tue Nov 22 19:54:14 UTC 2022 x86_64,mode=power,1,1,1,0,0,no_cal_date,YOKOGAWA;WT310E;C3YD21068E;F1.04'
ptd-server 2023-02-24 00:56:02,738 [INFO] Connected to PTDaemon
ptd-server 2023-02-24 00:56:02,738 [INFO] Sending to ptd: 'RR'
ptd-server 2023-02-24 00:56:02,738 [INFO] Reply from ptd: 'Ranges,0,0.100000,0,600.000000'
ptd-server 2023-02-24 00:56:02,739 [INFO] Initial range for Amps is 0.100000 for Volts is 600.000000
ptd-server 2023-02-24 00:56:02,739 [INFO] Sending to ptd: 'SR,V,Auto'
ptd-server 2023-02-24 00:56:03,242 [INFO] Reply from ptd: 'Range V changed'
ptd-server 2023-02-24 00:56:03,243 [INFO] Sending to ptd: 'SR,A,Auto'
ptd-server 2023-02-24 00:56:03,746 [INFO] Reply from ptd: 'Range A changed'
ptd-server 2023-02-24 00:56:13,757 [INFO] Starting ranging mode
ptd-server 2023-02-24 00:56:13,757 [INFO] Sending to ptd: 'Go,1000,0,2023-02-24_00-55-45_ranging'
ptd-server 2023-02-24 00:56:13,758 [INFO] Reply from ptd: 'Starting untimed measurement, maximum 500000 samples at 1000ms with 0 rampup samples'
ptd-server 2023-02-24 00:56:13,759 [INFO] Sending reply to client 'OK'
ptd-server 2023-02-24 01:07:24,607 [INFO] Got command from the client 'session,2023-02-24_00-55-45,stop,ranging'
ptd-server 2023-02-24 01:07:34,618 [INFO] Sending to ptd: 'Stop'
ptd-server 2023-02-24 01:07:34,619 [INFO] Reply from ptd: 'Stopping untimed measurement'
ptd-server 2023-02-24 01:07:34,678 [INFO] Sending reply to client 'OK'
ptd-server 2023-02-24 01:07:34,724 [INFO] Got command from the client 'time'
ptd-server 2023-02-24 01:07:34,724 [INFO] Sending reply to client '1677200854.724548'
ptd-server 2023-02-24 01:07:34,726 [INFO] Got command from the client 'session,2023-02-24_00-55-45,start,testing'
ptd-server 2023-02-24 01:07:34,726 [INFO] Sending to ptd: 'SR,V,246.090000'
ptd-server 2023-02-24 01:07:36,261 [INFO] Reply from ptd: 'Range V changed'
ptd-server 2023-02-24 01:07:36,262 [INFO] Sending to ptd: 'SR,A,0.266420'
ptd-server 2023-02-24 01:07:37,764 [INFO] Reply from ptd: 'Range A changed'
ptd-server 2023-02-24 01:07:47,775 [INFO] Starting testing mode
ptd-server 2023-02-24 01:07:47,775 [INFO] Sending to ptd: 'Go,1000,0,2023-02-24_00-55-45_testing'
ptd-server 2023-02-24 01:07:47,776 [INFO] Reply from ptd: 'Starting untimed measurement, maximum 500000 samples at 1000ms with 0 rampup samples'
ptd-server 2023-02-24 01:07:47,776 [INFO] Sending reply to client 'OK'
ptd-server 2023-02-24 01:18:54,765 [INFO] Got command from the client 'session,2023-02-24_00-55-45,stop,testing'
ptd-server 2023-02-24 01:19:04,775 [INFO] Sending to ptd: 'Stop'
ptd-server 2023-02-24 01:19:04,776 [INFO] Reply from ptd: 'Stopping untimed measurement'
ptd-server 2023-02-24 01:19:04,812 [INFO] Sending reply to client 'OK'
ptd-server 2023-02-24 01:19:04,823 [INFO] Got command from the client 'session,2023-02-24_00-55-45,done'
ptd-server 2023-02-24 01:19:04,823 [INFO] Sending to ptd: 'Stop'
ptd-server 2023-02-24 01:19:05,775 [INFO] Reply from ptd: 'Error: no measurement to stop'
ptd-server 2023-02-24 01:19:05,776 [INFO] Sending to ptd: 'SR,V,600.000000'
ptd-server 2023-02-24 01:19:07,277 [INFO] Reply from ptd: 'Range V changed'
ptd-server 2023-02-24 01:19:07,277 [INFO] Sending to ptd: 'SR,A,0.100000'
ptd-server 2023-02-24 01:19:08,778 [INFO] Reply from ptd: 'Range A changed'
ptd-server 2023-02-24 01:19:08,778 [INFO] Set initial values for Amps 0.100000 and Volts 600.000000
ptd-server 2023-02-24 01:19:08,778 [INFO] Stopping ptd...
