ptd-server 2023-02-21 22:54:30,715 [INFO] Got command from the client 'time'
ptd-server 2023-02-21 22:54:30,715 [INFO] Sending reply to client '1677020070.7154608'
ptd-server 2023-02-21 22:54:30,716 [INFO] Got command from the client 'new,,b27cd7b2-420c-43e9-a17f-2748a8e7e34a'
ptd-server 2023-02-21 22:54:30,716 [INFO] Sending reply to client 'OK 2023-02-21_22-54-30,963c2c56-b68a-4fdf-a840-b8ebf50eb393'
ptd-server 2023-02-21 22:54:30,844 [INFO] Got command from the client 'time'
ptd-server 2023-02-21 22:54:30,844 [INFO] Sending reply to client '1677020070.8444088'
ptd-server 2023-02-21 22:54:30,845 [INFO] Got command from the client 'session,2023-02-21_22-54-30,start,ranging'
ptd-server 2023-02-21 22:54:30,845 [INFO] Running PTDaemon: ['/home/anton/projects/mlperf/power/inference_v1.0/ptd-linux-x86', '-l', '/tmp/tmp4yl1neqp/ptd_logfile.txt', '-p', '8888', '49', '/dev/usbtmc0']
ptd-server 2023-02-21 22:54:47,919 [INFO] Sending to ptd: 'Hello'
ptd-server 2023-02-21 22:54:47,920 [INFO] Reply from ptd: 'Hello, PTDaemon here!'
ptd-server 2023-02-21 22:54:47,920 [INFO] Sending to ptd: 'Identify'
ptd-server 2023-02-21 22:54:47,921 [INFO] Reply from ptd: 'YokogawaWT310E,1000,1,1,1,1,0,1,1,version=1.10.0-ed9a21d2-20220817,OS=Linux 5.15.0-60-generic #66~20.04.1-Ubuntu SMP Wed Jan 25 09:41:30 UTC 2023 x86_64,mode=power,1,1,1,0,0,no_cal_date,YOKOGAWA;WT310E;C3XA04010E;F1.04'
ptd-server 2023-02-21 22:54:47,921 [INFO] Connected to PTDaemon
ptd-server 2023-02-21 22:54:47,921 [INFO] Sending to ptd: 'RR'
ptd-server 2023-02-21 22:54:47,921 [INFO] Reply from ptd: 'Ranges,1,0.100000,1,300.000000'
ptd-server 2023-02-21 22:54:47,921 [INFO] Initial range for Amps is Auto for Volts is Auto
ptd-server 2023-02-21 22:54:47,922 [INFO] Sending to ptd: 'SR,V,Auto'
ptd-server 2023-02-21 22:54:48,424 [INFO] Reply from ptd: 'Range V changed'
ptd-server 2023-02-21 22:54:48,424 [INFO] Sending to ptd: 'SR,A,Auto'
ptd-server 2023-02-21 22:54:48,927 [INFO] Reply from ptd: 'Range A changed'
ptd-server 2023-02-21 22:54:58,937 [INFO] Starting ranging mode
ptd-server 2023-02-21 22:54:58,937 [INFO] Sending to ptd: 'Go,1000,0,2023-02-21_22-54-30_ranging'
ptd-server 2023-02-21 22:54:58,938 [INFO] Reply from ptd: 'Starting untimed measurement, maximum 500000 samples at 1000ms with 0 rampup samples'
ptd-server 2023-02-21 22:54:58,938 [INFO] Sending reply to client 'OK'
ptd-server 2023-02-21 23:05:30,701 [INFO] Got command from the client 'session,2023-02-21_22-54-30,stop,ranging'
ptd-server 2023-02-21 23:05:40,711 [INFO] Sending to ptd: 'Stop'
ptd-server 2023-02-21 23:05:40,712 [INFO] Reply from ptd: 'Stopping untimed measurement'
ptd-server 2023-02-21 23:05:41,104 [INFO] Sending reply to client 'OK'
ptd-server 2023-02-21 23:05:41,286 [INFO] Got command from the client 'time'
ptd-server 2023-02-21 23:05:41,287 [INFO] Sending reply to client '1677020741.2869806'
ptd-server 2023-02-21 23:05:41,287 [INFO] Got command from the client 'session,2023-02-21_22-54-30,start,testing'
ptd-server 2023-02-21 23:05:41,288 [INFO] Sending to ptd: 'SR,V,251.930000'
ptd-server 2023-02-21 23:05:42,789 [INFO] Reply from ptd: 'Range V changed'
ptd-server 2023-02-21 23:05:42,789 [INFO] Sending to ptd: 'SR,A,0.048650'
ptd-server 2023-02-21 23:05:44,290 [INFO] Reply from ptd: 'Range A changed'
ptd-server 2023-02-21 23:05:54,301 [INFO] Starting testing mode
ptd-server 2023-02-21 23:05:54,301 [INFO] Sending to ptd: 'Go,1000,0,2023-02-21_22-54-30_testing'
ptd-server 2023-02-21 23:05:54,301 [INFO] Reply from ptd: 'Starting untimed measurement, maximum 500000 samples at 1000ms with 0 rampup samples'
ptd-server 2023-02-21 23:05:54,302 [INFO] Sending reply to client 'OK'
ptd-server 2023-02-21 23:16:26,054 [INFO] Got command from the client 'session,2023-02-21_22-54-30,stop,testing'
ptd-server 2023-02-21 23:16:36,065 [INFO] Sending to ptd: 'Stop'
ptd-server 2023-02-21 23:16:36,065 [INFO] Reply from ptd: 'Stopping untimed measurement'
ptd-server 2023-02-21 23:16:36,259 [INFO] Sending reply to client 'OK'
ptd-server 2023-02-21 23:16:36,267 [INFO] Got command from the client 'session,2023-02-21_22-54-30,done'
ptd-server 2023-02-21 23:16:36,267 [INFO] Sending to ptd: 'Stop'
ptd-server 2023-02-21 23:16:36,301 [INFO] Reply from ptd: 'Error: no measurement to stop'
ptd-server 2023-02-21 23:16:36,302 [INFO] Sending to ptd: 'SR,V,Auto'
ptd-server 2023-02-21 23:16:36,804 [INFO] Reply from ptd: 'Range V changed'
ptd-server 2023-02-21 23:16:36,804 [INFO] Sending to ptd: 'SR,A,Auto'
ptd-server 2023-02-21 23:16:37,307 [INFO] Reply from ptd: 'Range A changed'
ptd-server 2023-02-21 23:16:37,307 [INFO] Set initial values for Amps Auto and Volts Auto
ptd-server 2023-02-21 23:16:37,307 [INFO] Stopping ptd...
