ptd-server 2023-03-01 01:23:14,244 [INFO] Got command from the client 'time'
ptd-server 2023-03-01 01:23:14,244 [INFO] Sending reply to client '1677633794.2449048'
ptd-server 2023-03-01 01:23:14,246 [INFO] Got command from the client 'new,,e8d79395-86a3-4e9c-9189-856ccd74aca2'
ptd-server 2023-03-01 01:23:14,246 [INFO] Sending reply to client 'OK 2023-03-01_01-23-14,37176e14-4900-42ac-8d39-e42cb9cde22c'
ptd-server 2023-03-01 01:23:14,272 [INFO] Got command from the client 'time'
ptd-server 2023-03-01 01:23:14,273 [INFO] Sending reply to client '1677633794.2731645'
ptd-server 2023-03-01 01:23:14,275 [INFO] Got command from the client 'session,2023-03-01_01-23-14,start,ranging'
ptd-server 2023-03-01 01:23:14,275 [INFO] Running PTDaemon: ['/home/anton/projects/mlperf/power/inference_v1.0/ptd-linux-x86', '-l', '/tmp/tmpu4v721n6/ptd_logfile.txt', '-p', '8888', '49', '/dev/usbtmc0']
ptd-server 2023-03-01 01:23:31,361 [INFO] Sending to ptd: 'Hello'
ptd-server 2023-03-01 01:23:31,362 [INFO] Reply from ptd: 'Hello, PTDaemon here!'
ptd-server 2023-03-01 01:23:31,362 [INFO] Sending to ptd: 'Identify'
ptd-server 2023-03-01 01:23:31,362 [INFO] Reply from ptd: 'YokogawaWT310E,1000,1,1,1,1,0,1,1,version=1.10.0-ed9a21d2-20220817,OS=Linux 5.15.0-60-generic #66~20.04.1-Ubuntu SMP Wed Jan 25 09:41:30 UTC 2023 x86_64,mode=power,1,1,1,0,0,no_cal_date,YOKOGAWA;WT310E;C3XA04010E;F1.04'
ptd-server 2023-03-01 01:23:31,362 [INFO] Connected to PTDaemon
ptd-server 2023-03-01 01:23:31,363 [INFO] Sending to ptd: 'RR'
ptd-server 2023-03-01 01:23:31,363 [INFO] Reply from ptd: 'Ranges,0,0.100000,0,300.000000'
ptd-server 2023-03-01 01:23:31,363 [INFO] Initial range for Amps is 0.100000 for Volts is 300.000000
ptd-server 2023-03-01 01:23:31,363 [INFO] Sending to ptd: 'SR,V,Auto'
ptd-server 2023-03-01 01:23:31,871 [INFO] Reply from ptd: 'Range V changed'
ptd-server 2023-03-01 01:23:31,871 [INFO] Sending to ptd: 'SR,A,Auto'
ptd-server 2023-03-01 01:23:32,373 [INFO] Reply from ptd: 'Range A changed'
ptd-server 2023-03-01 01:23:42,384 [INFO] Starting ranging mode
ptd-server 2023-03-01 01:23:42,384 [INFO] Sending to ptd: 'Go,1000,0,2023-03-01_01-23-14_ranging'
ptd-server 2023-03-01 01:23:42,384 [INFO] Reply from ptd: 'Starting untimed measurement, maximum 500000 samples at 1000ms with 0 rampup samples'
ptd-server 2023-03-01 01:23:42,385 [INFO] Sending reply to client 'OK'
ptd-server 2023-03-01 01:34:06,171 [INFO] Got command from the client 'session,2023-03-01_01-23-14,stop,ranging'
ptd-server 2023-03-01 01:34:16,180 [INFO] Sending to ptd: 'Stop'
ptd-server 2023-03-01 01:34:16,180 [INFO] Reply from ptd: 'Stopping untimed measurement'
ptd-server 2023-03-01 01:34:18,618 [INFO] Sending reply to client 'OK'
ptd-server 2023-03-01 01:34:18,666 [INFO] Got command from the client 'time'
ptd-server 2023-03-01 01:34:18,666 [INFO] Sending reply to client '1677634458.6664107'
ptd-server 2023-03-01 01:34:18,669 [INFO] Got command from the client 'session,2023-03-01_01-23-14,start,testing'
ptd-server 2023-03-01 01:34:18,670 [INFO] Sending to ptd: 'SR,V,251.630000'
ptd-server 2023-03-01 01:34:20,171 [INFO] Reply from ptd: 'Range V changed'
ptd-server 2023-03-01 01:34:20,171 [INFO] Sending to ptd: 'SR,A,0.080730'
ptd-server 2023-03-01 01:34:21,673 [INFO] Reply from ptd: 'Range A changed'
ptd-server 2023-03-01 01:34:31,683 [INFO] Starting testing mode
ptd-server 2023-03-01 01:34:31,683 [INFO] Sending to ptd: 'Go,1000,0,2023-03-01_01-23-14_testing'
ptd-server 2023-03-01 01:34:31,683 [INFO] Reply from ptd: 'Starting untimed measurement, maximum 500000 samples at 1000ms with 0 rampup samples'
ptd-server 2023-03-01 01:34:31,684 [INFO] Sending reply to client 'OK'
ptd-server 2023-03-01 01:44:55,492 [INFO] Got command from the client 'session,2023-03-01_01-23-14,stop,testing'
ptd-server 2023-03-01 01:45:05,500 [INFO] Sending to ptd: 'Stop'
ptd-server 2023-03-01 01:45:05,500 [INFO] Reply from ptd: 'Stopping untimed measurement'
ptd-server 2023-03-01 01:45:05,783 [INFO] Sending reply to client 'OK'
ptd-server 2023-03-01 01:45:05,803 [INFO] Got command from the client 'session,2023-03-01_01-23-14,done'
ptd-server 2023-03-01 01:45:05,803 [INFO] Sending to ptd: 'Stop'
ptd-server 2023-03-01 01:45:05,803 [INFO] Reply from ptd: 'Error: no measurement to stop'
ptd-server 2023-03-01 01:45:05,803 [INFO] Sending to ptd: 'SR,V,300.000000'
ptd-server 2023-03-01 01:45:07,305 [INFO] Reply from ptd: 'Range V changed'
ptd-server 2023-03-01 01:45:07,305 [INFO] Sending to ptd: 'SR,A,0.100000'
ptd-server 2023-03-01 01:45:08,806 [INFO] Reply from ptd: 'Range A changed'
ptd-server 2023-03-01 01:45:08,806 [INFO] Set initial values for Amps 0.100000 and Volts 300.000000
ptd-server 2023-03-01 01:45:08,807 [INFO] Stopping ptd...
