ptd-server 2023-02-24 15:33:06,389 [INFO] Got command from the client 'time'
ptd-server 2023-02-24 15:33:06,389 [INFO] Sending reply to client '1677252786.3896616'
ptd-server 2023-02-24 15:33:06,394 [INFO] Got command from the client 'new,,ad250d44-8a66-44f1-8154-3798c5cc6c80'
ptd-server 2023-02-24 15:33:06,395 [INFO] Sending reply to client 'OK 2023-02-24_15-33-06,d8d695aa-2e02-4a96-be21-1e2267cc6b45'
ptd-server 2023-02-24 15:33:06,423 [INFO] Got command from the client 'time'
ptd-server 2023-02-24 15:33:06,423 [INFO] Sending reply to client '1677252786.4236143'
ptd-server 2023-02-24 15:33:06,427 [INFO] Got command from the client 'session,2023-02-24_15-33-06,start,ranging'
ptd-server 2023-02-24 15:33:06,428 [INFO] Running PTDaemon: ['/media/arjun/T7_Touch/hp-envy/CM/repos/local/cache/9b3695ca8255492a/power/inference_v1.0/ptd-linux-x86', '-l', '/tmp/tmpti64566v/ptd_logfile.txt', '-p', '8888', '49', '/dev/usbtmc0']
ptd-server 2023-02-24 15:33:23,518 [INFO] Sending to ptd: 'Hello'
ptd-server 2023-02-24 15:33:23,519 [INFO] Reply from ptd: 'Hello, PTDaemon here!'
ptd-server 2023-02-24 15:33:23,519 [INFO] Sending to ptd: 'Identify'
ptd-server 2023-02-24 15:33:23,520 [INFO] Reply from ptd: 'YokogawaWT310E,1000,1,1,1,1,0,1,1,version=1.10.0-ed9a21d2-20220817,OS=Linux 5.15.0-56-generic #62-Ubuntu SMP Tue Nov 22 19:54:14 UTC 2022 x86_64,mode=power,1,1,1,0,0,no_cal_date,YOKOGAWA;WT310E;C3YD21068E;F1.04'
ptd-server 2023-02-24 15:33:23,520 [INFO] Connected to PTDaemon
ptd-server 2023-02-24 15:33:23,521 [INFO] Sending to ptd: 'RR'
ptd-server 2023-02-24 15:33:23,522 [INFO] Reply from ptd: 'Ranges,0,0.100000,0,600.000000'
ptd-server 2023-02-24 15:33:23,522 [INFO] Initial range for Amps is 0.100000 for Volts is 600.000000
ptd-server 2023-02-24 15:33:23,522 [INFO] Sending to ptd: 'SR,V,Auto'
ptd-server 2023-02-24 15:33:24,026 [INFO] Reply from ptd: 'Range V changed'
ptd-server 2023-02-24 15:33:24,026 [INFO] Sending to ptd: 'SR,A,Auto'
ptd-server 2023-02-24 15:33:24,530 [INFO] Reply from ptd: 'Range A changed'
ptd-server 2023-02-24 15:33:34,541 [INFO] Starting ranging mode
ptd-server 2023-02-24 15:33:34,541 [INFO] Sending to ptd: 'Go,1000,0,2023-02-24_15-33-06_ranging'
ptd-server 2023-02-24 15:33:34,542 [INFO] Reply from ptd: 'Starting untimed measurement, maximum 500000 samples at 1000ms with 0 rampup samples'
ptd-server 2023-02-24 15:33:34,542 [INFO] Sending reply to client 'OK'
ptd-server 2023-02-24 15:44:30,873 [INFO] Got command from the client 'session,2023-02-24_15-33-06,stop,ranging'
ptd-server 2023-02-24 15:44:40,884 [INFO] Sending to ptd: 'Stop'
ptd-server 2023-02-24 15:44:40,885 [INFO] Reply from ptd: 'Stopping untimed measurement'
ptd-server 2023-02-24 15:44:40,992 [INFO] Sending reply to client 'OK'
ptd-server 2023-02-24 15:44:41,037 [INFO] Got command from the client 'time'
ptd-server 2023-02-24 15:44:41,038 [INFO] Sending reply to client '1677253481.0380528'
ptd-server 2023-02-24 15:44:41,043 [INFO] Got command from the client 'session,2023-02-24_15-33-06,start,testing'
ptd-server 2023-02-24 15:44:41,043 [INFO] Sending to ptd: 'SR,V,247.310000'
ptd-server 2023-02-24 15:44:43,045 [INFO] Reply from ptd: 'Range V changed'
ptd-server 2023-02-24 15:44:43,046 [INFO] Sending to ptd: 'SR,A,0.171200'
ptd-server 2023-02-24 15:44:44,548 [INFO] Reply from ptd: 'Range A changed'
ptd-server 2023-02-24 15:44:54,559 [INFO] Starting testing mode
ptd-server 2023-02-24 15:44:54,560 [INFO] Sending to ptd: 'Go,1000,0,2023-02-24_15-33-06_testing'
ptd-server 2023-02-24 15:44:54,561 [INFO] Reply from ptd: 'Starting untimed measurement, maximum 500000 samples at 1000ms with 0 rampup samples'
ptd-server 2023-02-24 15:44:54,561 [INFO] Sending reply to client 'OK'
ptd-server 2023-02-24 15:55:50,116 [INFO] Got command from the client 'session,2023-02-24_15-33-06,stop,testing'
ptd-server 2023-02-24 15:56:00,127 [INFO] Sending to ptd: 'Stop'
ptd-server 2023-02-24 15:56:00,128 [INFO] Reply from ptd: 'Stopping untimed measurement'
ptd-server 2023-02-24 15:56:00,182 [INFO] Sending reply to client 'OK'
ptd-server 2023-02-24 15:56:00,198 [INFO] Got command from the client 'session,2023-02-24_15-33-06,done'
ptd-server 2023-02-24 15:56:00,198 [INFO] Sending to ptd: 'Stop'
ptd-server 2023-02-24 15:56:00,562 [INFO] Reply from ptd: 'Error: no measurement to stop'
ptd-server 2023-02-24 15:56:00,563 [INFO] Sending to ptd: 'SR,V,600.000000'
ptd-server 2023-02-24 15:56:02,066 [INFO] Reply from ptd: 'Range V changed'
ptd-server 2023-02-24 15:56:02,066 [INFO] Sending to ptd: 'SR,A,0.100000'
ptd-server 2023-02-24 15:56:03,569 [INFO] Reply from ptd: 'Range A changed'
ptd-server 2023-02-24 15:56:03,570 [INFO] Set initial values for Amps 0.100000 and Volts 600.000000
ptd-server 2023-02-24 15:56:03,570 [INFO] Stopping ptd...
