ptd-server 2023-02-26 02:48:39,160 [INFO] Got command from the client 'time'
ptd-server 2023-02-26 02:48:39,160 [INFO] Sending reply to client '1677379719.1606019'
ptd-server 2023-02-26 02:48:39,162 [INFO] Got command from the client 'new,,2d47ca1e-087b-4dc7-b394-8c295612d4b2'
ptd-server 2023-02-26 02:48:39,162 [INFO] Sending reply to client 'OK 2023-02-26_02-48-39,b80caa36-4b7b-4b33-b3d3-594de3c411f9'
ptd-server 2023-02-26 02:48:39,190 [INFO] Got command from the client 'time'
ptd-server 2023-02-26 02:48:39,190 [INFO] Sending reply to client '1677379719.1905205'
ptd-server 2023-02-26 02:48:39,191 [INFO] Got command from the client 'session,2023-02-26_02-48-39,start,ranging'
ptd-server 2023-02-26 02:48:39,192 [INFO] Running PTDaemon: ['/home/anton/projects/mlperf/power/inference_v1.0/ptd-linux-x86', '-l', '/tmp/tmpu4v721n6/ptd_logfile.txt', '-p', '8888', '49', '/dev/usbtmc0']
ptd-server 2023-02-26 02:48:56,277 [INFO] Sending to ptd: 'Hello'
ptd-server 2023-02-26 02:48:56,277 [INFO] Reply from ptd: 'Hello, PTDaemon here!'
ptd-server 2023-02-26 02:48:56,277 [INFO] Sending to ptd: 'Identify'
ptd-server 2023-02-26 02:48:56,278 [INFO] Reply from ptd: 'YokogawaWT310E,1000,1,1,1,1,0,1,1,version=1.10.0-ed9a21d2-20220817,OS=Linux 5.15.0-60-generic #66~20.04.1-Ubuntu SMP Wed Jan 25 09:41:30 UTC 2023 x86_64,mode=power,1,1,1,0,0,no_cal_date,YOKOGAWA;WT310E;C3XA04010E;F1.04'
ptd-server 2023-02-26 02:48:56,278 [INFO] Connected to PTDaemon
ptd-server 2023-02-26 02:48:56,278 [INFO] Sending to ptd: 'RR'
ptd-server 2023-02-26 02:48:56,278 [INFO] Reply from ptd: 'Ranges,0,0.100000,0,300.000000'
ptd-server 2023-02-26 02:48:56,278 [INFO] Initial range for Amps is 0.100000 for Volts is 300.000000
ptd-server 2023-02-26 02:48:56,279 [INFO] Sending to ptd: 'SR,V,Auto'
ptd-server 2023-02-26 02:48:56,781 [INFO] Reply from ptd: 'Range V changed'
ptd-server 2023-02-26 02:48:56,781 [INFO] Sending to ptd: 'SR,A,Auto'
ptd-server 2023-02-26 02:48:57,284 [INFO] Reply from ptd: 'Range A changed'
ptd-server 2023-02-26 02:49:07,294 [INFO] Starting ranging mode
ptd-server 2023-02-26 02:49:07,294 [INFO] Sending to ptd: 'Go,1000,0,2023-02-26_02-48-39_ranging'
ptd-server 2023-02-26 02:49:07,295 [INFO] Reply from ptd: 'Starting untimed measurement, maximum 500000 samples at 1000ms with 0 rampup samples'
ptd-server 2023-02-26 02:49:07,295 [INFO] Sending reply to client 'OK'
ptd-server 2023-02-26 02:59:22,717 [INFO] Got command from the client 'session,2023-02-26_02-48-39,stop,ranging'
ptd-server 2023-02-26 02:59:32,727 [INFO] Sending to ptd: 'Stop'
ptd-server 2023-02-26 02:59:32,728 [INFO] Reply from ptd: 'Stopping untimed measurement'
ptd-server 2023-02-26 02:59:32,915 [INFO] Sending reply to client 'OK'
ptd-server 2023-02-26 02:59:32,965 [INFO] Got command from the client 'time'
ptd-server 2023-02-26 02:59:32,965 [INFO] Sending reply to client '1677380372.9657345'
ptd-server 2023-02-26 02:59:32,967 [INFO] Got command from the client 'session,2023-02-26_02-48-39,start,testing'
ptd-server 2023-02-26 02:59:32,967 [INFO] Sending to ptd: 'SR,V,253.710000'
ptd-server 2023-02-26 02:59:34,797 [INFO] Reply from ptd: 'Range V changed'
ptd-server 2023-02-26 02:59:34,797 [INFO] Sending to ptd: 'SR,A,0.062110'
ptd-server 2023-02-26 02:59:36,298 [INFO] Reply from ptd: 'Range A changed'
ptd-server 2023-02-26 02:59:46,308 [INFO] Starting testing mode
ptd-server 2023-02-26 02:59:46,308 [INFO] Sending to ptd: 'Go,1000,0,2023-02-26_02-48-39_testing'
ptd-server 2023-02-26 02:59:46,308 [INFO] Reply from ptd: 'Starting untimed measurement, maximum 500000 samples at 1000ms with 0 rampup samples'
ptd-server 2023-02-26 02:59:46,309 [INFO] Sending reply to client 'OK'
ptd-server 2023-02-26 03:10:01,470 [INFO] Got command from the client 'session,2023-02-26_02-48-39,stop,testing'
ptd-server 2023-02-26 03:10:11,480 [INFO] Sending to ptd: 'Stop'
ptd-server 2023-02-26 03:10:11,480 [INFO] Reply from ptd: 'Stopping untimed measurement'
ptd-server 2023-02-26 03:10:11,579 [INFO] Sending reply to client 'OK'
ptd-server 2023-02-26 03:10:11,598 [INFO] Got command from the client 'session,2023-02-26_02-48-39,done'
ptd-server 2023-02-26 03:10:11,598 [INFO] Sending to ptd: 'Stop'
ptd-server 2023-02-26 03:10:12,309 [INFO] Reply from ptd: 'Error: no measurement to stop'
ptd-server 2023-02-26 03:10:12,309 [INFO] Sending to ptd: 'SR,V,300.000000'
ptd-server 2023-02-26 03:10:13,810 [INFO] Reply from ptd: 'Range V changed'
ptd-server 2023-02-26 03:10:13,811 [INFO] Sending to ptd: 'SR,A,0.100000'
ptd-server 2023-02-26 03:10:15,312 [INFO] Reply from ptd: 'Range A changed'
ptd-server 2023-02-26 03:10:15,312 [INFO] Set initial values for Amps 0.100000 and Volts 300.000000
ptd-server 2023-02-26 03:10:15,312 [INFO] Stopping ptd...
