ptd-server 2023-02-27 02:42:04,040 [INFO] Got command from the client 'time'
ptd-server 2023-02-27 02:42:04,040 [INFO] Sending reply to client '1677465724.0408115'
ptd-server 2023-02-27 02:42:04,043 [INFO] Got command from the client 'new,,85f6fa73-f66b-43d8-b9da-aa34ab8a55ec'
ptd-server 2023-02-27 02:42:04,043 [INFO] Sending reply to client 'OK 2023-02-27_02-42-04,549683fd-6c38-48a9-aa5a-710c9396829f'
ptd-server 2023-02-27 02:42:04,074 [INFO] Got command from the client 'time'
ptd-server 2023-02-27 02:42:04,074 [INFO] Sending reply to client '1677465724.0745292'
ptd-server 2023-02-27 02:42:04,077 [INFO] Got command from the client 'session,2023-02-27_02-42-04,start,ranging'
ptd-server 2023-02-27 02:42:04,077 [INFO] Running PTDaemon: ['/home/anton/projects/mlperf/power/inference_v1.0/ptd-linux-x86', '-l', '/tmp/tmpu4v721n6/ptd_logfile.txt', '-p', '8888', '49', '/dev/usbtmc0']
ptd-server 2023-02-27 02:42:21,163 [INFO] Sending to ptd: 'Hello'
ptd-server 2023-02-27 02:42:21,163 [INFO] Reply from ptd: 'Hello, PTDaemon here!'
ptd-server 2023-02-27 02:42:21,164 [INFO] Sending to ptd: 'Identify'
ptd-server 2023-02-27 02:42:21,164 [INFO] Reply from ptd: 'YokogawaWT310E,1000,1,1,1,1,0,1,1,version=1.10.0-ed9a21d2-20220817,OS=Linux 5.15.0-60-generic #66~20.04.1-Ubuntu SMP Wed Jan 25 09:41:30 UTC 2023 x86_64,mode=power,1,1,1,0,0,no_cal_date,YOKOGAWA;WT310E;C3XA04010E;F1.04'
ptd-server 2023-02-27 02:42:21,164 [INFO] Connected to PTDaemon
ptd-server 2023-02-27 02:42:21,164 [INFO] Sending to ptd: 'RR'
ptd-server 2023-02-27 02:42:21,164 [INFO] Reply from ptd: 'Ranges,0,0.100000,0,300.000000'
ptd-server 2023-02-27 02:42:21,164 [INFO] Initial range for Amps is 0.100000 for Volts is 300.000000
ptd-server 2023-02-27 02:42:21,165 [INFO] Sending to ptd: 'SR,V,Auto'
ptd-server 2023-02-27 02:42:21,667 [INFO] Reply from ptd: 'Range V changed'
ptd-server 2023-02-27 02:42:21,667 [INFO] Sending to ptd: 'SR,A,Auto'
ptd-server 2023-02-27 02:42:22,169 [INFO] Reply from ptd: 'Range A changed'
ptd-server 2023-02-27 02:42:32,180 [INFO] Starting ranging mode
ptd-server 2023-02-27 02:42:32,180 [INFO] Sending to ptd: 'Go,1000,0,2023-02-27_02-42-04_ranging'
ptd-server 2023-02-27 02:42:32,180 [INFO] Reply from ptd: 'Starting untimed measurement, maximum 500000 samples at 1000ms with 0 rampup samples'
ptd-server 2023-02-27 02:42:32,181 [INFO] Sending reply to client 'OK'
ptd-server 2023-02-27 02:52:53,940 [INFO] Got command from the client 'session,2023-02-27_02-42-04,stop,ranging'
ptd-server 2023-02-27 02:53:03,950 [INFO] Sending to ptd: 'Stop'
ptd-server 2023-02-27 02:53:03,951 [INFO] Reply from ptd: 'Stopping untimed measurement'
ptd-server 2023-02-27 02:53:04,236 [INFO] Sending reply to client 'OK'
ptd-server 2023-02-27 02:53:04,287 [INFO] Got command from the client 'time'
ptd-server 2023-02-27 02:53:04,287 [INFO] Sending reply to client '1677466384.287796'
ptd-server 2023-02-27 02:53:04,290 [INFO] Got command from the client 'session,2023-02-27_02-42-04,start,testing'
ptd-server 2023-02-27 02:53:04,290 [INFO] Sending to ptd: 'SR,V,251.170000'
ptd-server 2023-02-27 02:53:05,792 [INFO] Reply from ptd: 'Range V changed'
ptd-server 2023-02-27 02:53:05,792 [INFO] Sending to ptd: 'SR,A,0.054220'
ptd-server 2023-02-27 02:53:07,293 [INFO] Reply from ptd: 'Range A changed'
ptd-server 2023-02-27 02:53:17,303 [INFO] Starting testing mode
ptd-server 2023-02-27 02:53:17,303 [INFO] Sending to ptd: 'Go,1000,0,2023-02-27_02-42-04_testing'
ptd-server 2023-02-27 02:53:17,304 [INFO] Reply from ptd: 'Starting untimed measurement, maximum 500000 samples at 1000ms with 0 rampup samples'
ptd-server 2023-02-27 02:53:17,304 [INFO] Sending reply to client 'OK'
ptd-server 2023-02-27 03:03:39,082 [INFO] Got command from the client 'session,2023-02-27_02-42-04,stop,testing'
ptd-server 2023-02-27 03:03:49,092 [INFO] Sending to ptd: 'Stop'
ptd-server 2023-02-27 03:03:49,092 [INFO] Reply from ptd: 'Stopping untimed measurement'
ptd-server 2023-02-27 03:03:49,246 [INFO] Sending reply to client 'OK'
ptd-server 2023-02-27 03:03:49,265 [INFO] Got command from the client 'session,2023-02-27_02-42-04,done'
ptd-server 2023-02-27 03:03:49,265 [INFO] Sending to ptd: 'Stop'
ptd-server 2023-02-27 03:03:49,305 [INFO] Reply from ptd: 'Error: no measurement to stop'
ptd-server 2023-02-27 03:03:49,305 [INFO] Sending to ptd: 'SR,V,300.000000'
ptd-server 2023-02-27 03:03:50,806 [INFO] Reply from ptd: 'Range V changed'
ptd-server 2023-02-27 03:03:50,807 [INFO] Sending to ptd: 'SR,A,0.100000'
ptd-server 2023-02-27 03:03:52,308 [INFO] Reply from ptd: 'Range A changed'
ptd-server 2023-02-27 03:03:52,308 [INFO] Set initial values for Amps 0.100000 and Volts 300.000000
ptd-server 2023-02-27 03:03:52,308 [INFO] Stopping ptd...
