ptd-server 2023-02-28 02:17:41,133 [INFO] Got command from the client 'time'
ptd-server 2023-02-28 02:17:41,133 [INFO] Sending reply to client '1677550661.1338038'
ptd-server 2023-02-28 02:17:41,135 [INFO] Got command from the client 'new,,03f3645f-dc39-40d1-ac9c-08d7c7904c6a'
ptd-server 2023-02-28 02:17:41,135 [INFO] Sending reply to client 'OK 2023-02-28_02-17-41,b8f6ecd6-fd42-4473-85cd-8da1ec5c125f'
ptd-server 2023-02-28 02:17:41,160 [INFO] Got command from the client 'time'
ptd-server 2023-02-28 02:17:41,160 [INFO] Sending reply to client '1677550661.1606956'
ptd-server 2023-02-28 02:17:41,163 [INFO] Got command from the client 'session,2023-02-28_02-17-41,start,ranging'
ptd-server 2023-02-28 02:17:41,164 [INFO] Running PTDaemon: ['/home/anton/projects/mlperf/power/inference_v1.0/ptd-linux-x86', '-l', '/tmp/tmpu4v721n6/ptd_logfile.txt', '-p', '8888', '49', '/dev/usbtmc0']
ptd-server 2023-02-28 02:17:58,251 [INFO] Sending to ptd: 'Hello'
ptd-server 2023-02-28 02:17:58,252 [INFO] Reply from ptd: 'Hello, PTDaemon here!'
ptd-server 2023-02-28 02:17:58,252 [INFO] Sending to ptd: 'Identify'
ptd-server 2023-02-28 02:17:58,252 [INFO] Reply from ptd: 'YokogawaWT310E,1000,1,1,1,1,0,1,1,version=1.10.0-ed9a21d2-20220817,OS=Linux 5.15.0-60-generic #66~20.04.1-Ubuntu SMP Wed Jan 25 09:41:30 UTC 2023 x86_64,mode=power,1,1,1,0,0,no_cal_date,YOKOGAWA;WT310E;C3XA04010E;F1.04'
ptd-server 2023-02-28 02:17:58,252 [INFO] Connected to PTDaemon
ptd-server 2023-02-28 02:17:58,252 [INFO] Sending to ptd: 'RR'
ptd-server 2023-02-28 02:17:58,253 [INFO] Reply from ptd: 'Ranges,0,0.100000,0,300.000000'
ptd-server 2023-02-28 02:17:58,253 [INFO] Initial range for Amps is 0.100000 for Volts is 300.000000
ptd-server 2023-02-28 02:17:58,253 [INFO] Sending to ptd: 'SR,V,Auto'
ptd-server 2023-02-28 02:17:58,755 [INFO] Reply from ptd: 'Range V changed'
ptd-server 2023-02-28 02:17:58,756 [INFO] Sending to ptd: 'SR,A,Auto'
ptd-server 2023-02-28 02:17:59,258 [INFO] Reply from ptd: 'Range A changed'
ptd-server 2023-02-28 02:18:09,268 [INFO] Starting ranging mode
ptd-server 2023-02-28 02:18:09,268 [INFO] Sending to ptd: 'Go,1000,0,2023-02-28_02-17-41_ranging'
ptd-server 2023-02-28 02:18:09,268 [INFO] Reply from ptd: 'Starting untimed measurement, maximum 500000 samples at 1000ms with 0 rampup samples'
ptd-server 2023-02-28 02:18:09,269 [INFO] Sending reply to client 'OK'
ptd-server 2023-02-28 02:28:39,649 [INFO] Got command from the client 'session,2023-02-28_02-17-41,stop,ranging'
ptd-server 2023-02-28 02:28:49,659 [INFO] Sending to ptd: 'Stop'
ptd-server 2023-02-28 02:28:49,660 [INFO] Reply from ptd: 'Stopping untimed measurement'
ptd-server 2023-02-28 02:28:50,062 [INFO] Sending reply to client 'OK'
ptd-server 2023-02-28 02:28:50,156 [INFO] Got command from the client 'time'
ptd-server 2023-02-28 02:28:50,156 [INFO] Sending reply to client '1677551330.1562848'
ptd-server 2023-02-28 02:28:50,158 [INFO] Got command from the client 'session,2023-02-28_02-17-41,start,testing'
ptd-server 2023-02-28 02:28:50,158 [INFO] Sending to ptd: 'SR,V,250.610000'
ptd-server 2023-02-28 02:28:51,770 [INFO] Reply from ptd: 'Range V changed'
ptd-server 2023-02-28 02:28:51,770 [INFO] Sending to ptd: 'SR,A,0.053590'
ptd-server 2023-02-28 02:28:53,272 [INFO] Reply from ptd: 'Range A changed'
ptd-server 2023-02-28 02:29:03,280 [INFO] Starting testing mode
ptd-server 2023-02-28 02:29:03,280 [INFO] Sending to ptd: 'Go,1000,0,2023-02-28_02-17-41_testing'
ptd-server 2023-02-28 02:29:03,280 [INFO] Reply from ptd: 'Starting untimed measurement, maximum 500000 samples at 1000ms with 0 rampup samples'
ptd-server 2023-02-28 02:29:03,281 [INFO] Sending reply to client 'OK'
ptd-server 2023-02-28 02:39:32,979 [INFO] Got command from the client 'session,2023-02-28_02-17-41,stop,testing'
ptd-server 2023-02-28 02:39:42,990 [INFO] Sending to ptd: 'Stop'
ptd-server 2023-02-28 02:39:42,990 [INFO] Reply from ptd: 'Stopping untimed measurement'
ptd-server 2023-02-28 02:39:43,203 [INFO] Sending reply to client 'OK'
ptd-server 2023-02-28 02:39:43,227 [INFO] Got command from the client 'session,2023-02-28_02-17-41,done'
ptd-server 2023-02-28 02:39:43,227 [INFO] Sending to ptd: 'Stop'
ptd-server 2023-02-28 02:39:43,280 [INFO] Reply from ptd: 'Error: no measurement to stop'
ptd-server 2023-02-28 02:39:43,280 [INFO] Sending to ptd: 'SR,V,300.000000'
ptd-server 2023-02-28 02:39:44,782 [INFO] Reply from ptd: 'Range V changed'
ptd-server 2023-02-28 02:39:44,782 [INFO] Sending to ptd: 'SR,A,0.100000'
ptd-server 2023-02-28 02:39:46,283 [INFO] Reply from ptd: 'Range A changed'
ptd-server 2023-02-28 02:39:46,283 [INFO] Set initial values for Amps 0.100000 and Volts 300.000000
ptd-server 2023-02-28 02:39:46,283 [INFO] Stopping ptd...
