ptd-server 2023-02-24 00:30:56,972 [INFO] Got command from the client 'time'
ptd-server 2023-02-24 00:30:56,972 [INFO] Sending reply to client '1677198656.9727883'
ptd-server 2023-02-24 00:30:56,973 [INFO] Got command from the client 'new,,6ca2b067-3f5e-4294-91df-b309adb56640'
ptd-server 2023-02-24 00:30:56,974 [INFO] Sending reply to client 'OK 2023-02-24_00-30-56,ecba4982-0eeb-4c93-9271-6d4c213e399c'
ptd-server 2023-02-24 00:30:56,995 [INFO] Got command from the client 'time'
ptd-server 2023-02-24 00:30:56,995 [INFO] Sending reply to client '1677198656.9957092'
ptd-server 2023-02-24 00:30:56,996 [INFO] Got command from the client 'session,2023-02-24_00-30-56,start,ranging'
ptd-server 2023-02-24 00:30:56,997 [INFO] Running PTDaemon: ['/home/anton/projects/mlperf/power/inference_v1.0/ptd-linux-x86', '-l', '/tmp/tmp4yl1neqp/ptd_logfile.txt', '-p', '8888', '49', '/dev/usbtmc0']
ptd-server 2023-02-24 00:31:14,071 [INFO] Sending to ptd: 'Hello'
ptd-server 2023-02-24 00:31:14,071 [INFO] Reply from ptd: 'Hello, PTDaemon here!'
ptd-server 2023-02-24 00:31:14,072 [INFO] Sending to ptd: 'Identify'
ptd-server 2023-02-24 00:31:14,072 [INFO] Reply from ptd: 'YokogawaWT310E,1000,1,1,1,1,0,1,1,version=1.10.0-ed9a21d2-20220817,OS=Linux 5.15.0-60-generic #66~20.04.1-Ubuntu SMP Wed Jan 25 09:41:30 UTC 2023 x86_64,mode=power,1,1,1,0,0,no_cal_date,YOKOGAWA;WT310E;C3XA04010E;F1.04'
ptd-server 2023-02-24 00:31:14,072 [INFO] Connected to PTDaemon
ptd-server 2023-02-24 00:31:14,072 [INFO] Sending to ptd: 'RR'
ptd-server 2023-02-24 00:31:14,073 [INFO] Reply from ptd: 'Ranges,1,0.100000,1,300.000000'
ptd-server 2023-02-24 00:31:14,073 [INFO] Initial range for Amps is Auto for Volts is Auto
ptd-server 2023-02-24 00:31:14,073 [INFO] Sending to ptd: 'SR,V,Auto'
ptd-server 2023-02-24 00:31:14,575 [INFO] Reply from ptd: 'Range V changed'
ptd-server 2023-02-24 00:31:14,575 [INFO] Sending to ptd: 'SR,A,Auto'
ptd-server 2023-02-24 00:31:15,078 [INFO] Reply from ptd: 'Range A changed'
ptd-server 2023-02-24 00:31:25,088 [INFO] Starting ranging mode
ptd-server 2023-02-24 00:31:25,088 [INFO] Sending to ptd: 'Go,1000,0,2023-02-24_00-30-56_ranging'
ptd-server 2023-02-24 00:31:25,089 [INFO] Reply from ptd: 'Starting untimed measurement, maximum 500000 samples at 1000ms with 0 rampup samples'
ptd-server 2023-02-24 00:31:25,089 [INFO] Sending reply to client 'OK'
ptd-server 2023-02-24 00:41:41,447 [INFO] Got command from the client 'session,2023-02-24_00-30-56,stop,ranging'
ptd-server 2023-02-24 00:41:51,458 [INFO] Sending to ptd: 'Stop'
ptd-server 2023-02-24 00:41:51,458 [INFO] Reply from ptd: 'Stopping untimed measurement'
ptd-server 2023-02-24 00:41:52,044 [INFO] Sending reply to client 'OK'
ptd-server 2023-02-24 00:41:52,074 [INFO] Got command from the client 'time'
ptd-server 2023-02-24 00:41:52,074 [INFO] Sending reply to client '1677199312.0746088'
ptd-server 2023-02-24 00:41:52,075 [INFO] Got command from the client 'session,2023-02-24_00-30-56,start,testing'
ptd-server 2023-02-24 00:41:52,075 [INFO] Sending to ptd: 'SR,V,252.100000'
ptd-server 2023-02-24 00:41:53,591 [INFO] Reply from ptd: 'Range V changed'
ptd-server 2023-02-24 00:41:53,591 [INFO] Sending to ptd: 'SR,A,0.049130'
ptd-server 2023-02-24 00:41:55,092 [INFO] Reply from ptd: 'Range A changed'
ptd-server 2023-02-24 00:42:05,103 [INFO] Starting testing mode
ptd-server 2023-02-24 00:42:05,103 [INFO] Sending to ptd: 'Go,1000,0,2023-02-24_00-30-56_testing'
ptd-server 2023-02-24 00:42:05,103 [INFO] Reply from ptd: 'Starting untimed measurement, maximum 500000 samples at 1000ms with 0 rampup samples'
ptd-server 2023-02-24 00:42:05,103 [INFO] Sending reply to client 'OK'
ptd-server 2023-02-24 00:52:21,415 [INFO] Got command from the client 'session,2023-02-24_00-30-56,stop,testing'
ptd-server 2023-02-24 00:52:31,425 [INFO] Sending to ptd: 'Stop'
ptd-server 2023-02-24 00:52:31,426 [INFO] Reply from ptd: 'Stopping untimed measurement'
ptd-server 2023-02-24 00:52:31,749 [INFO] Sending reply to client 'OK'
ptd-server 2023-02-24 00:52:31,757 [INFO] Got command from the client 'session,2023-02-24_00-30-56,done'
ptd-server 2023-02-24 00:52:31,757 [INFO] Sending to ptd: 'Stop'
ptd-server 2023-02-24 00:52:32,103 [INFO] Reply from ptd: 'Error: no measurement to stop'
ptd-server 2023-02-24 00:52:32,104 [INFO] Sending to ptd: 'SR,V,Auto'
ptd-server 2023-02-24 00:52:32,606 [INFO] Reply from ptd: 'Range V changed'
ptd-server 2023-02-24 00:52:32,606 [INFO] Sending to ptd: 'SR,A,Auto'
ptd-server 2023-02-24 00:52:33,109 [INFO] Reply from ptd: 'Range A changed'
ptd-server 2023-02-24 00:52:33,109 [INFO] Set initial values for Amps Auto and Volts Auto
ptd-server 2023-02-24 00:52:33,109 [INFO] Stopping ptd...
