client 2023-02-18 16:41:21,401 [INFO] Sending command to the server: 'mlcommons/power client v3'
client 2023-02-18 16:41:21,401 [INFO] Got response: 'mlcommons/power server v3'
client 2023-02-18 16:41:21,402 [INFO] Sending command to the server: 'stop'
client 2023-02-18 16:41:21,402 [INFO] Got response: 'OK'
client 2023-02-18 16:41:21,402 [INFO] Synchronizing with the server and with ntp.aliyun.com...
client 2023-02-18 16:41:21,559 [INFO] NTP:offset = -0.001 s, delay = 0.052 s 
client 2023-02-18 16:41:21,559 [INFO] Sending command to the server: 'time'
client 2023-02-18 16:41:21,560 [INFO] Got response: '1676709681.5566392'
client 2023-02-18 16:41:21,560 [INFO] The time difference between the client and the server is within range 3.133 ms..4.133 ms
client 2023-02-18 16:41:21,560 [INFO] Sending command to the server: 'new,multistream,46f0df30-43b7-4015-a0c7-8ab745fabe23'
client 2023-02-18 16:41:21,562 [INFO] Got response: 'OK 2023-02-18_08-41-21_multistream,ebe975be-db69-4697-b77b-d48ca2559e6c'
client 2023-02-18 16:41:21,562 [INFO] Session id is '2023-02-18_08-41-21_multistream'
client 2023-02-18 16:41:21,562 [INFO] Sources: {"sources": {"__init__.py": "da39a3ee5e6b4b0d3255bfef95601890afd80709", "client.py": "33ca4f26368777ac06e01f9567b714a4b8063886", "lib/__init__.py": "da39a3ee5e6b4b0d3255bfef95601890afd80709", "lib/client.py": "4c2b78fb4849a7e5b584ef792d82aaed20b17f57", "lib/common.py": "624d0c0acc7c39aaff3674f0b99d6a09da53d1dc", "lib/external/__init__.py": "da39a3ee5e6b4b0d3255bfef95601890afd80709", "lib/external/ntplib.py": "4da8f970656505a40483206ef2b5d3dd5e81711d", "lib/server.py": "cda0cdfaee9bfa1249c64a7dd4f89b7bf1b279f0", "lib/source_hashes.py": "60a2e02193209e8d392803326208d5466342da18", "lib/summary.py": "aa92f0a3f975eecd44d3c0cd0236342ccc9f941d", "lib/time_sync.py": "3210db56eb0ff0df57bf4293dc4d4b03fffd46f1", "server.py": "c3f90f2f7eeb4db30727556d0c815ebc89b3d28b", "tests/unit/__init__.py": "da39a3ee5e6b4b0d3255bfef95601890afd80709", "tests/unit/test_server.py": "99ae15aef722f2000ee6ed1ae1523637bf1ae42b", "tests/unit/test_source_hashes.py": "00468a2907583c593e6574a1f6b404e4651c221a"}, "modules": {"ptd_client_server.lib.client": "lib/client.py", "ptd_client_server.lib.common": "lib/common.py", "ptd_client_server.lib.external.ntplib": "lib/external/ntplib.py", "ptd_client_server.lib.source_hashes": "lib/source_hashes.py", "ptd_client_server.lib.summary": "lib/summary.py", "ptd_client_server.lib.time_sync": "lib/time_sync.py"}}
client 2023-02-18 16:41:21,562 [INFO] Running workload in ranging mode
client 2023-02-18 16:41:21,562 [INFO] Synchronizing with the server and with ntp.aliyun.com...
client 2023-02-18 16:41:21,667 [INFO] NTP:offset = -0.004 s, delay = 0.049 s 
client 2023-02-18 16:41:21,667 [INFO] Sending command to the server: 'time'
client 2023-02-18 16:41:21,668 [INFO] Got response: '1676709681.664836'
client 2023-02-18 16:41:21,669 [INFO] The time difference between the client and the server is within range 2.949 ms..4.157 ms
client 2023-02-18 16:41:21,669 [INFO] Sending command to the server: 'session,2023-02-18_08-41-21_multistream,start,ranging'
client 2023-02-18 16:41:49,778 [INFO] Got response: 'OK'
client 2023-02-18 16:41:49,778 [INFO] Running the workload 'bash ./run_local_multistream.sh'
client 2023-02-18 16:56:25,422 [INFO] Sending command to the server: 'session,2023-02-18_08-41-21_multistream,stop,ranging'
client 2023-02-18 16:56:35,461 [INFO] Got response: 'OK'
client 2023-02-18 16:56:35,475 [INFO] Copying loadgen logs from '/host/open/Alibaba/code/output_logs' to 'client-output-directory/2023-02-18_08-41-21_multistream/ranging'
client 2023-02-18 16:56:35,482 [INFO] Running workload in testing mode
client 2023-02-18 16:56:35,482 [INFO] Synchronizing with the server and with ntp.aliyun.com...
client 2023-02-18 16:56:35,584 [INFO] NTP:offset = -0.000 s, delay = 0.042 s 
client 2023-02-18 16:56:35,584 [INFO] Sending command to the server: 'time'
client 2023-02-18 16:56:35,585 [INFO] Got response: '1676710595.5817351'
client 2023-02-18 16:56:35,586 [INFO] The time difference between the client and the server is within range 3.010 ms..4.362 ms
client 2023-02-18 16:56:35,586 [INFO] Sending command to the server: 'session,2023-02-18_08-41-21_multistream,start,testing'
client 2023-02-18 16:56:48,791 [INFO] Got response: 'OK'
client 2023-02-18 16:56:48,791 [INFO] Running the workload 'bash ./run_local_multistream.sh'
client 2023-02-18 17:11:14,471 [INFO] Sending command to the server: 'session,2023-02-18_08-41-21_multistream,stop,testing'
client 2023-02-18 17:11:24,492 [INFO] Got response: 'OK'
client 2023-02-18 17:11:24,495 [INFO] Copying loadgen logs from '/host/open/Alibaba/code/output_logs' to 'client-output-directory/2023-02-18_08-41-21_multistream/run_1'
client 2023-02-18 17:11:24,497 [INFO] Done runs
