ptd-server 2023-02-21 13:01:24,870 [INFO] Got command from the client 'time'
ptd-server 2023-02-21 13:01:24,870 [INFO] Sending reply to client '1677006084.870844'
ptd-server 2023-02-21 13:01:24,872 [INFO] Got command from the client 'new,,d71c8169-aeb8-48ea-b454-207e76991857'
ptd-server 2023-02-21 13:01:24,872 [INFO] Sending reply to client 'OK 2023-02-21_13-01-24,a16138dc-4c41-4a48-a4ef-52fd126b3ccb'
ptd-server 2023-02-21 13:01:24,954 [INFO] Got command from the client 'time'
ptd-server 2023-02-21 13:01:24,954 [INFO] Sending reply to client '1677006084.9544563'
ptd-server 2023-02-21 13:01:24,955 [INFO] Got command from the client 'session,2023-02-21_13-01-24,start,ranging'
ptd-server 2023-02-21 13:01:24,956 [INFO] Running PTDaemon: ['/local/mnt/workspace/mlcommons/power-main/inference_v1.0/ptd-linux-x86', '-l', '/tmp/tmpqybqiqrs/ptd_logfile.txt', '-p', '8888', '-c', '1,2', '77', '/dev/usbtmc0']
ptd-server 2023-02-21 13:01:43,489 [INFO] Sending to ptd: 'Hello'
ptd-server 2023-02-21 13:01:43,490 [INFO] Reply from ptd: 'Hello, PTDaemon here!'
ptd-server 2023-02-21 13:01:43,491 [INFO] Sending to ptd: 'Identify'
ptd-server 2023-02-21 13:01:43,491 [INFO] Reply from ptd: 'YokogawaWT330_multichannel,1000,1,1,1,1,0,0,1,version=1.10.0-ed9a21d2-20220817,OS=Linux 5.4.0-120-generic #136~18.04.1-Ubuntu SMP Fri Jun 10 18:00:44 UTC 2022 x86_64,mode=power,1,1,2,0,0,no_cal_date,YOKOGAWA;WT333E;C2XC17004V;F1.04'
ptd-server 2023-02-21 13:01:43,491 [INFO] Connected to PTDaemon
ptd-server 2023-02-21 13:01:43,492 [INFO] Sending to ptd: 'RR'
ptd-server 2023-02-21 13:01:43,492 [INFO] Reply from ptd: 'Ranges,1,2.000000,1,300.000000'
ptd-server 2023-02-21 13:01:43,492 [INFO] Initial range for Amps is Auto for Volts is Auto
ptd-server 2023-02-21 13:01:43,493 [INFO] Sending to ptd: 'SR,V,Auto'
ptd-server 2023-02-21 13:01:48,546 [INFO] Reply from ptd: 'Range V changed'
ptd-server 2023-02-21 13:01:48,546 [INFO] Sending to ptd: 'SR,A,Auto'
ptd-server 2023-02-21 13:01:53,600 [INFO] Reply from ptd: 'Range A changed'
ptd-server 2023-02-21 13:02:03,610 [INFO] Starting ranging mode
ptd-server 2023-02-21 13:02:03,611 [INFO] Sending to ptd: 'Go,1000,0,2023-02-21_13-01-24_ranging'
ptd-server 2023-02-21 13:02:03,611 [INFO] Reply from ptd: 'Starting untimed measurement, maximum 500000 samples at 1000ms with 0 rampup samples'
ptd-server 2023-02-21 13:02:03,611 [INFO] Sending reply to client 'OK'
ptd-server 2023-02-21 13:18:53,064 [INFO] Got command from the client 'session,2023-02-21_13-01-24,stop,ranging'
ptd-server 2023-02-21 13:19:03,067 [INFO] Sending to ptd: 'Stop'
ptd-server 2023-02-21 13:19:03,068 [INFO] Reply from ptd: 'Stopping untimed measurement'
ptd-server 2023-02-21 13:19:03,107 [INFO] Sending reply to client 'OK'
ptd-server 2023-02-21 13:19:03,195 [INFO] Got command from the client 'time'
ptd-server 2023-02-21 13:19:03,195 [INFO] Sending reply to client '1677007143.1955974'
ptd-server 2023-02-21 13:19:03,196 [INFO] Got command from the client 'session,2023-02-21_13-01-24,start,testing'
ptd-server 2023-02-21 13:19:03,197 [INFO] Sending to ptd: 'SR,V,210.230000'
ptd-server 2023-02-21 13:19:09,664 [INFO] Reply from ptd: 'Range V changed'
ptd-server 2023-02-21 13:19:09,664 [INFO] Sending to ptd: 'SR,A,4.466700'
ptd-server 2023-02-21 13:19:15,217 [INFO] Reply from ptd: 'Range A changed'
ptd-server 2023-02-21 13:19:25,227 [INFO] Starting testing mode
ptd-server 2023-02-21 13:19:25,227 [INFO] Sending to ptd: 'Go,1000,0,2023-02-21_13-01-24_testing'
ptd-server 2023-02-21 13:19:25,227 [INFO] Reply from ptd: 'Starting untimed measurement, maximum 500000 samples at 1000ms with 0 rampup samples'
ptd-server 2023-02-21 13:19:25,227 [INFO] Sending reply to client 'OK'
ptd-server 2023-02-21 13:35:51,879 [INFO] Got command from the client 'session,2023-02-21_13-01-24,stop,testing'
ptd-server 2023-02-21 13:36:01,889 [INFO] Sending to ptd: 'Stop'
ptd-server 2023-02-21 13:36:01,890 [INFO] Reply from ptd: 'Stopping untimed measurement'
ptd-server 2023-02-21 13:36:01,904 [INFO] Sending reply to client 'OK'
ptd-server 2023-02-21 13:36:01,909 [INFO] Got command from the client 'session,2023-02-21_13-01-24,done'
ptd-server 2023-02-21 13:36:01,909 [INFO] Sending to ptd: 'Stop'
ptd-server 2023-02-21 13:36:02,228 [INFO] Reply from ptd: 'Error: no measurement to stop'
ptd-server 2023-02-21 13:36:02,228 [INFO] Sending to ptd: 'SR,V,Auto'
ptd-server 2023-02-21 13:36:07,281 [INFO] Reply from ptd: 'Range V changed'
ptd-server 2023-02-21 13:36:07,282 [INFO] Sending to ptd: 'SR,A,Auto'
ptd-server 2023-02-21 13:36:12,335 [INFO] Reply from ptd: 'Range A changed'
ptd-server 2023-02-21 13:36:12,335 [INFO] Set initial values for Amps Auto and Volts Auto
ptd-server 2023-02-21 13:36:12,336 [INFO] Stopping ptd...
