ptd-server 2023-02-23 07:34:40,301 [INFO] Got command from the client 'time'
ptd-server 2023-02-23 07:34:40,301 [INFO] Sending reply to client '1677137680.3018866'
ptd-server 2023-02-23 07:34:40,302 [INFO] Got command from the client 'new,,c9efbced-5a5c-40e6-bc38-2fe6668475b8'
ptd-server 2023-02-23 07:34:40,303 [INFO] Sending reply to client 'OK 2023-02-23_07-34-40,26da7d25-d7d3-4c70-991e-052213640532'
ptd-server 2023-02-23 07:34:40,323 [INFO] Got command from the client 'time'
ptd-server 2023-02-23 07:34:40,323 [INFO] Sending reply to client '1677137680.3233194'
ptd-server 2023-02-23 07:34:40,324 [INFO] Got command from the client 'session,2023-02-23_07-34-40,start,ranging'
ptd-server 2023-02-23 07:34:40,324 [INFO] Running PTDaemon: ['/home/anton/projects/mlperf/power/inference_v1.0/ptd-linux-x86', '-l', '/tmp/tmp4yl1neqp/ptd_logfile.txt', '-p', '8888', '49', '/dev/usbtmc0']
ptd-server 2023-02-23 07:34:57,398 [INFO] Sending to ptd: 'Hello'
ptd-server 2023-02-23 07:34:57,399 [INFO] Reply from ptd: 'Hello, PTDaemon here!'
ptd-server 2023-02-23 07:34:57,399 [INFO] Sending to ptd: 'Identify'
ptd-server 2023-02-23 07:34:57,400 [INFO] Reply from ptd: 'YokogawaWT310E,1000,1,1,1,1,0,1,1,version=1.10.0-ed9a21d2-20220817,OS=Linux 5.15.0-60-generic #66~20.04.1-Ubuntu SMP Wed Jan 25 09:41:30 UTC 2023 x86_64,mode=power,1,1,1,0,0,no_cal_date,YOKOGAWA;WT310E;C3XA04010E;F1.04'
ptd-server 2023-02-23 07:34:57,400 [INFO] Connected to PTDaemon
ptd-server 2023-02-23 07:34:57,400 [INFO] Sending to ptd: 'RR'
ptd-server 2023-02-23 07:34:57,400 [INFO] Reply from ptd: 'Ranges,1,0.100000,1,300.000000'
ptd-server 2023-02-23 07:34:57,400 [INFO] Initial range for Amps is Auto for Volts is Auto
ptd-server 2023-02-23 07:34:57,400 [INFO] Sending to ptd: 'SR,V,Auto'
ptd-server 2023-02-23 07:34:57,903 [INFO] Reply from ptd: 'Range V changed'
ptd-server 2023-02-23 07:34:57,903 [INFO] Sending to ptd: 'SR,A,Auto'
ptd-server 2023-02-23 07:34:58,406 [INFO] Reply from ptd: 'Range A changed'
ptd-server 2023-02-23 07:35:08,416 [INFO] Starting ranging mode
ptd-server 2023-02-23 07:35:08,416 [INFO] Sending to ptd: 'Go,1000,0,2023-02-23_07-34-40_ranging'
ptd-server 2023-02-23 07:35:08,416 [INFO] Reply from ptd: 'Starting untimed measurement, maximum 500000 samples at 1000ms with 0 rampup samples'
ptd-server 2023-02-23 07:35:08,417 [INFO] Sending reply to client 'OK'
ptd-server 2023-02-23 07:45:32,056 [INFO] Got command from the client 'session,2023-02-23_07-34-40,stop,ranging'
ptd-server 2023-02-23 07:45:42,066 [INFO] Sending to ptd: 'Stop'
ptd-server 2023-02-23 07:45:42,067 [INFO] Reply from ptd: 'Stopping untimed measurement'
ptd-server 2023-02-23 07:45:42,575 [INFO] Sending reply to client 'OK'
ptd-server 2023-02-23 07:45:42,605 [INFO] Got command from the client 'time'
ptd-server 2023-02-23 07:45:42,605 [INFO] Sending reply to client '1677138342.6055198'
ptd-server 2023-02-23 07:45:42,606 [INFO] Got command from the client 'session,2023-02-23_07-34-40,start,testing'
ptd-server 2023-02-23 07:45:42,606 [INFO] Sending to ptd: 'SR,V,251.770000'
ptd-server 2023-02-23 07:45:44,108 [INFO] Reply from ptd: 'Range V changed'
ptd-server 2023-02-23 07:45:44,108 [INFO] Sending to ptd: 'SR,A,0.050900'
ptd-server 2023-02-23 07:45:45,609 [INFO] Reply from ptd: 'Range A changed'
ptd-server 2023-02-23 07:45:55,620 [INFO] Starting testing mode
ptd-server 2023-02-23 07:45:55,620 [INFO] Sending to ptd: 'Go,1000,0,2023-02-23_07-34-40_testing'
ptd-server 2023-02-23 07:45:55,620 [INFO] Reply from ptd: 'Starting untimed measurement, maximum 500000 samples at 1000ms with 0 rampup samples'
ptd-server 2023-02-23 07:45:55,621 [INFO] Sending reply to client 'OK'
ptd-server 2023-02-23 07:56:19,291 [INFO] Got command from the client 'session,2023-02-23_07-34-40,stop,testing'
ptd-server 2023-02-23 07:56:29,301 [INFO] Sending to ptd: 'Stop'
ptd-server 2023-02-23 07:56:29,301 [INFO] Reply from ptd: 'Stopping untimed measurement'
ptd-server 2023-02-23 07:56:29,573 [INFO] Sending reply to client 'OK'
ptd-server 2023-02-23 07:56:29,581 [INFO] Got command from the client 'session,2023-02-23_07-34-40,done'
ptd-server 2023-02-23 07:56:29,581 [INFO] Sending to ptd: 'Stop'
ptd-server 2023-02-23 07:56:29,621 [INFO] Reply from ptd: 'Error: no measurement to stop'
ptd-server 2023-02-23 07:56:29,621 [INFO] Sending to ptd: 'SR,V,Auto'
ptd-server 2023-02-23 07:56:30,123 [INFO] Reply from ptd: 'Range V changed'
ptd-server 2023-02-23 07:56:30,124 [INFO] Sending to ptd: 'SR,A,Auto'
ptd-server 2023-02-23 07:56:30,626 [INFO] Reply from ptd: 'Range A changed'
ptd-server 2023-02-23 07:56:30,626 [INFO] Set initial values for Amps Auto and Volts Auto
ptd-server 2023-02-23 07:56:30,627 [INFO] Stopping ptd...
