ptd-server 2023-02-13 04:26:22,707 [INFO] Got command from the client 'time'
ptd-server 2023-02-13 04:26:22,707 [INFO] Sending reply to client '1676262382.7075164'
ptd-server 2023-02-13 04:26:22,709 [INFO] Got command from the client 'new,,15d749b3-5b5c-4e6d-81de-03d0295565c9'
ptd-server 2023-02-13 04:26:22,710 [INFO] Sending reply to client 'OK 2023-02-13_04-26-22,bfd2e9b3-14ab-414d-b264-9e76b6e4439b'
ptd-server 2023-02-13 04:26:22,752 [INFO] Got command from the client 'time'
ptd-server 2023-02-13 04:26:22,752 [INFO] Sending reply to client '1676262382.7524261'
ptd-server 2023-02-13 04:26:22,754 [INFO] Got command from the client 'session,2023-02-13_04-26-22,start,ranging'
ptd-server 2023-02-13 04:26:22,754 [INFO] Running PTDaemon: ['/home/anton/projects/mlperf/power/inference_v1.0/ptd-linux-x86', '-l', '/tmp/tmp4yl1neqp/ptd_logfile.txt', '-p', '8888', '49', '/dev/usbtmc0']
ptd-server 2023-02-13 04:26:39,828 [INFO] Sending to ptd: 'Hello'
ptd-server 2023-02-13 04:26:39,828 [INFO] Reply from ptd: 'Hello, PTDaemon here!'
ptd-server 2023-02-13 04:26:39,828 [INFO] Sending to ptd: 'Identify'
ptd-server 2023-02-13 04:26:39,829 [INFO] Reply from ptd: 'YokogawaWT310E,1000,1,1,1,1,0,1,1,version=1.10.0-ed9a21d2-20220817,OS=Linux 5.15.0-60-generic #66~20.04.1-Ubuntu SMP Wed Jan 25 09:41:30 UTC 2023 x86_64,mode=power,1,1,1,0,0,no_cal_date,YOKOGAWA;WT310E;C3XA04010E;F1.04'
ptd-server 2023-02-13 04:26:39,829 [INFO] Connected to PTDaemon
ptd-server 2023-02-13 04:26:39,829 [INFO] Sending to ptd: 'RR'
ptd-server 2023-02-13 04:26:39,829 [INFO] Reply from ptd: 'Ranges,0,0.500000,1,300.000000'
ptd-server 2023-02-13 04:26:39,830 [INFO] Initial range for Amps is 0.500000 for Volts is Auto
ptd-server 2023-02-13 04:26:39,830 [INFO] Sending to ptd: 'SR,V,Auto'
ptd-server 2023-02-13 04:26:40,332 [INFO] Reply from ptd: 'Range V changed'
ptd-server 2023-02-13 04:26:40,332 [INFO] Sending to ptd: 'SR,A,Auto'
ptd-server 2023-02-13 04:26:40,835 [INFO] Reply from ptd: 'Range A changed'
ptd-server 2023-02-13 04:26:50,845 [INFO] Starting ranging mode
ptd-server 2023-02-13 04:26:50,845 [INFO] Sending to ptd: 'Go,1000,0,2023-02-13_04-26-22_ranging'
ptd-server 2023-02-13 04:26:50,846 [INFO] Reply from ptd: 'Starting untimed measurement, maximum 500000 samples at 1000ms with 0 rampup samples'
ptd-server 2023-02-13 04:26:50,846 [INFO] Sending reply to client 'OK'
ptd-server 2023-02-13 04:39:35,997 [INFO] Got command from the client 'session,2023-02-13_04-26-22,stop,ranging'
ptd-server 2023-02-13 04:39:46,008 [INFO] Sending to ptd: 'Stop'
ptd-server 2023-02-13 04:39:46,008 [INFO] Reply from ptd: 'Stopping untimed measurement'
ptd-server 2023-02-13 04:39:46,072 [INFO] Sending reply to client 'OK'
ptd-server 2023-02-13 04:39:46,141 [INFO] Got command from the client 'time'
ptd-server 2023-02-13 04:39:46,141 [INFO] Sending reply to client '1676263186.141497'
ptd-server 2023-02-13 04:39:46,145 [INFO] Got command from the client 'session,2023-02-13_04-26-22,start,testing'
ptd-server 2023-02-13 04:39:46,145 [INFO] Sending to ptd: 'SR,V,251.400000'
ptd-server 2023-02-13 04:39:48,348 [INFO] Reply from ptd: 'Range V changed'
ptd-server 2023-02-13 04:39:48,348 [INFO] Sending to ptd: 'SR,A,0.193640'
ptd-server 2023-02-13 04:39:49,849 [INFO] Reply from ptd: 'Range A changed'
ptd-server 2023-02-13 04:39:59,859 [INFO] Starting testing mode
ptd-server 2023-02-13 04:39:59,860 [INFO] Sending to ptd: 'Go,1000,0,2023-02-13_04-26-22_testing'
ptd-server 2023-02-13 04:39:59,860 [INFO] Reply from ptd: 'Starting untimed measurement, maximum 500000 samples at 1000ms with 0 rampup samples'
ptd-server 2023-02-13 04:39:59,860 [INFO] Sending reply to client 'OK'
ptd-server 2023-02-13 04:52:47,540 [INFO] Got command from the client 'session,2023-02-13_04-26-22,stop,testing'
ptd-server 2023-02-13 04:52:57,550 [INFO] Sending to ptd: 'Stop'
ptd-server 2023-02-13 04:52:57,551 [INFO] Reply from ptd: 'Stopping untimed measurement'
ptd-server 2023-02-13 04:52:57,583 [INFO] Sending reply to client 'OK'
ptd-server 2023-02-13 04:52:57,608 [INFO] Got command from the client 'session,2023-02-13_04-26-22,done'
ptd-server 2023-02-13 04:52:57,608 [INFO] Sending to ptd: 'Stop'
ptd-server 2023-02-13 04:52:57,860 [INFO] Reply from ptd: 'Error: no measurement to stop'
ptd-server 2023-02-13 04:52:57,861 [INFO] Sending to ptd: 'SR,V,Auto'
ptd-server 2023-02-13 04:52:58,363 [INFO] Reply from ptd: 'Range V changed'
ptd-server 2023-02-13 04:52:58,363 [INFO] Sending to ptd: 'SR,A,0.500000'
ptd-server 2023-02-13 04:52:59,865 [INFO] Reply from ptd: 'Range A changed'
ptd-server 2023-02-13 04:52:59,865 [INFO] Set initial values for Amps 0.500000 and Volts Auto
ptd-server 2023-02-13 04:52:59,865 [INFO] Stopping ptd...
