ptd-server 2023-02-25 19:44:00,135 [INFO] Got command from the client 'time'
ptd-server 2023-02-25 19:44:00,135 [INFO] Sending reply to client '1677375840.1353292'
ptd-server 2023-02-25 19:44:00,136 [INFO] Got command from the client 'new,,e43c0e18-5d47-4df6-a6f3-c99e10fe2d05'
ptd-server 2023-02-25 19:44:00,136 [INFO] Sending reply to client 'OK 2023-02-25_19-44-00,db052cce-93e1-479a-baaa-c232ab41f590'
ptd-server 2023-02-25 19:44:00,217 [INFO] Got command from the client 'time'
ptd-server 2023-02-25 19:44:00,218 [INFO] Sending reply to client '1677375840.2180018'
ptd-server 2023-02-25 19:44:00,219 [INFO] Got command from the client 'session,2023-02-25_19-44-00,start,ranging'
ptd-server 2023-02-25 19:44:00,219 [INFO] Running PTDaemon: ['/local/mnt/workspace/mlcommons/power-main/inference_v1.0/ptd-linux-x86', '-l', '/tmp/tmpan3h5n7p/ptd_logfile.txt', '-p', '8888', '-c', '1', '49', '/dev/usbtmc0']
ptd-server 2023-02-25 19:44:17,242 [INFO] Sending to ptd: 'Hello'
ptd-server 2023-02-25 19:44:17,243 [INFO] Reply from ptd: 'Hello, PTDaemon here!'
ptd-server 2023-02-25 19:44:17,243 [INFO] Sending to ptd: 'Identify'
ptd-server 2023-02-25 19:44:17,244 [INFO] Reply from ptd: 'YokogawaWT310E,1000,1,1,1,1,0,1,1,version=1.10.0-ed9a21d2-20220817,OS=Linux 5.4.0-120-generic #136~18.04.1-Ubuntu SMP Fri Jun 10 18:00:44 UTC 2022 x86_64,mode=power,1,1,1,0,0,no_cal_date,YOKOGAWA;WT310E;C2YK12023V;F1.04'
ptd-server 2023-02-25 19:44:17,244 [INFO] Connected to PTDaemon
ptd-server 2023-02-25 19:44:17,244 [INFO] Sending to ptd: 'RR'
ptd-server 2023-02-25 19:44:17,245 [INFO] Reply from ptd: 'Ranges,1,5.000000,1,150.000000'
ptd-server 2023-02-25 19:44:17,245 [INFO] Initial range for Amps is Auto for Volts is Auto
ptd-server 2023-02-25 19:44:17,246 [INFO] Sending to ptd: 'SR,V,Auto'
ptd-server 2023-02-25 19:44:17,749 [INFO] Reply from ptd: 'Range V changed'
ptd-server 2023-02-25 19:44:17,749 [INFO] Sending to ptd: 'SR,A,Auto'
ptd-server 2023-02-25 19:44:18,252 [INFO] Reply from ptd: 'Range A changed'
ptd-server 2023-02-25 19:44:28,253 [INFO] Starting ranging mode
ptd-server 2023-02-25 19:44:28,254 [INFO] Sending to ptd: 'Go,1000,0,2023-02-25_19-44-00_ranging'
ptd-server 2023-02-25 19:44:28,254 [INFO] Reply from ptd: 'Starting untimed measurement, maximum 500000 samples at 1000ms with 0 rampup samples'
ptd-server 2023-02-25 19:44:28,255 [INFO] Sending reply to client 'OK'
ptd-server 2023-02-25 19:58:17,175 [INFO] Got command from the client 'session,2023-02-25_19-44-00,stop,ranging'
ptd-server 2023-02-25 19:58:27,177 [INFO] Sending to ptd: 'Stop'
ptd-server 2023-02-25 19:58:27,178 [INFO] Reply from ptd: 'Stopping untimed measurement'
ptd-server 2023-02-25 19:58:27,196 [INFO] Sending reply to client 'OK'
ptd-server 2023-02-25 19:58:27,282 [INFO] Got command from the client 'time'
ptd-server 2023-02-25 19:58:27,282 [INFO] Sending reply to client '1677376707.2824006'
ptd-server 2023-02-25 19:58:27,283 [INFO] Got command from the client 'session,2023-02-25_19-44-00,start,testing'
ptd-server 2023-02-25 19:58:27,283 [INFO] Sending to ptd: 'SR,V,123.060000'
ptd-server 2023-02-25 19:58:28,785 [INFO] Reply from ptd: 'Range V changed'
ptd-server 2023-02-25 19:58:28,785 [INFO] Sending to ptd: 'SR,A,3.870400'
ptd-server 2023-02-25 19:58:30,288 [INFO] Reply from ptd: 'Range A changed'
ptd-server 2023-02-25 19:58:40,298 [INFO] Starting testing mode
ptd-server 2023-02-25 19:58:40,299 [INFO] Sending to ptd: 'Go,1000,0,2023-02-25_19-44-00_testing'
ptd-server 2023-02-25 19:58:40,299 [INFO] Reply from ptd: 'Starting untimed measurement, maximum 500000 samples at 1000ms with 0 rampup samples'
ptd-server 2023-02-25 19:58:40,299 [INFO] Sending reply to client 'OK'
ptd-server 2023-02-25 20:12:29,782 [INFO] Got command from the client 'session,2023-02-25_19-44-00,stop,testing'
ptd-server 2023-02-25 20:12:39,790 [INFO] Sending to ptd: 'Stop'
ptd-server 2023-02-25 20:12:39,790 [INFO] Reply from ptd: 'Stopping untimed measurement'
ptd-server 2023-02-25 20:12:39,798 [INFO] Sending reply to client 'OK'
ptd-server 2023-02-25 20:12:39,804 [INFO] Got command from the client 'session,2023-02-25_19-44-00,done'
ptd-server 2023-02-25 20:12:39,804 [INFO] Sending to ptd: 'Stop'
ptd-server 2023-02-25 20:12:40,300 [INFO] Reply from ptd: 'Error: no measurement to stop'
ptd-server 2023-02-25 20:12:40,301 [INFO] Sending to ptd: 'SR,V,Auto'
ptd-server 2023-02-25 20:12:40,804 [INFO] Reply from ptd: 'Range V changed'
ptd-server 2023-02-25 20:12:40,804 [INFO] Sending to ptd: 'SR,A,Auto'
ptd-server 2023-02-25 20:12:41,307 [INFO] Reply from ptd: 'Range A changed'
ptd-server 2023-02-25 20:12:41,308 [INFO] Set initial values for Amps Auto and Volts Auto
ptd-server 2023-02-25 20:12:41,308 [INFO] Stopping ptd...
