ptd-server 2023-02-28 06:41:44,324 [INFO] Got command from the client 'time'
ptd-server 2023-02-28 06:41:44,324 [INFO] Sending reply to client '1677566504.3244832'
ptd-server 2023-02-28 06:41:44,326 [INFO] Got command from the client 'new,,0f8daa70-ddf5-4785-b6ea-7fea5c7f5947'
ptd-server 2023-02-28 06:41:44,327 [INFO] Sending reply to client 'OK 2023-02-28_06-41-44,5abbd948-265c-43b3-b232-3feb034c4b9d'
ptd-server 2023-02-28 06:41:44,351 [INFO] Got command from the client 'time'
ptd-server 2023-02-28 06:41:44,351 [INFO] Sending reply to client '1677566504.3517468'
ptd-server 2023-02-28 06:41:44,354 [INFO] Got command from the client 'session,2023-02-28_06-41-44,start,ranging'
ptd-server 2023-02-28 06:41:44,354 [INFO] Running PTDaemon: ['/home/anton/projects/mlperf/power/inference_v1.0/ptd-linux-x86', '-l', '/tmp/tmpu4v721n6/ptd_logfile.txt', '-p', '8888', '49', '/dev/usbtmc0']
ptd-server 2023-02-28 06:42:01,441 [INFO] Sending to ptd: 'Hello'
ptd-server 2023-02-28 06:42:01,442 [INFO] Reply from ptd: 'Hello, PTDaemon here!'
ptd-server 2023-02-28 06:42:01,442 [INFO] Sending to ptd: 'Identify'
ptd-server 2023-02-28 06:42:01,442 [INFO] Reply from ptd: 'YokogawaWT310E,1000,1,1,1,1,0,1,1,version=1.10.0-ed9a21d2-20220817,OS=Linux 5.15.0-60-generic #66~20.04.1-Ubuntu SMP Wed Jan 25 09:41:30 UTC 2023 x86_64,mode=power,1,1,1,0,0,no_cal_date,YOKOGAWA;WT310E;C3XA04010E;F1.04'
ptd-server 2023-02-28 06:42:01,442 [INFO] Connected to PTDaemon
ptd-server 2023-02-28 06:42:01,442 [INFO] Sending to ptd: 'RR'
ptd-server 2023-02-28 06:42:01,443 [INFO] Reply from ptd: 'Ranges,0,0.100000,0,300.000000'
ptd-server 2023-02-28 06:42:01,443 [INFO] Initial range for Amps is 0.100000 for Volts is 300.000000
ptd-server 2023-02-28 06:42:01,443 [INFO] Sending to ptd: 'SR,V,Auto'
ptd-server 2023-02-28 06:42:01,945 [INFO] Reply from ptd: 'Range V changed'
ptd-server 2023-02-28 06:42:01,946 [INFO] Sending to ptd: 'SR,A,Auto'
ptd-server 2023-02-28 06:42:02,448 [INFO] Reply from ptd: 'Range A changed'
ptd-server 2023-02-28 06:42:12,458 [INFO] Starting ranging mode
ptd-server 2023-02-28 06:42:12,459 [INFO] Sending to ptd: 'Go,1000,0,2023-02-28_06-41-44_ranging'
ptd-server 2023-02-28 06:42:12,459 [INFO] Reply from ptd: 'Starting untimed measurement, maximum 500000 samples at 1000ms with 0 rampup samples'
ptd-server 2023-02-28 06:42:12,459 [INFO] Sending reply to client 'OK'
ptd-server 2023-02-28 06:52:42,681 [INFO] Got command from the client 'session,2023-02-28_06-41-44,stop,ranging'
ptd-server 2023-02-28 06:52:52,691 [INFO] Sending to ptd: 'Stop'
ptd-server 2023-02-28 06:52:52,692 [INFO] Reply from ptd: 'Stopping untimed measurement'
ptd-server 2023-02-28 06:52:53,112 [INFO] Sending reply to client 'OK'
ptd-server 2023-02-28 06:52:53,167 [INFO] Got command from the client 'time'
ptd-server 2023-02-28 06:52:53,168 [INFO] Sending reply to client '1677567173.1680129'
ptd-server 2023-02-28 06:52:53,170 [INFO] Got command from the client 'session,2023-02-28_06-41-44,start,testing'
ptd-server 2023-02-28 06:52:53,170 [INFO] Sending to ptd: 'SR,V,252.160000'
ptd-server 2023-02-28 06:52:54,961 [INFO] Reply from ptd: 'Range V changed'
ptd-server 2023-02-28 06:52:54,961 [INFO] Sending to ptd: 'SR,A,0.056770'
ptd-server 2023-02-28 06:52:56,462 [INFO] Reply from ptd: 'Range A changed'
ptd-server 2023-02-28 06:53:06,473 [INFO] Starting testing mode
ptd-server 2023-02-28 06:53:06,473 [INFO] Sending to ptd: 'Go,1000,0,2023-02-28_06-41-44_testing'
ptd-server 2023-02-28 06:53:06,473 [INFO] Reply from ptd: 'Starting untimed measurement, maximum 500000 samples at 1000ms with 0 rampup samples'
ptd-server 2023-02-28 06:53:06,474 [INFO] Sending reply to client 'OK'
ptd-server 2023-02-28 07:03:36,757 [INFO] Got command from the client 'session,2023-02-28_06-41-44,stop,testing'
ptd-server 2023-02-28 07:03:46,764 [INFO] Sending to ptd: 'Stop'
ptd-server 2023-02-28 07:03:46,764 [INFO] Reply from ptd: 'Stopping untimed measurement'
ptd-server 2023-02-28 07:03:46,990 [INFO] Sending reply to client 'OK'
ptd-server 2023-02-28 07:03:47,010 [INFO] Got command from the client 'session,2023-02-28_06-41-44,done'
ptd-server 2023-02-28 07:03:47,011 [INFO] Sending to ptd: 'Stop'
ptd-server 2023-02-28 07:03:47,474 [INFO] Reply from ptd: 'Error: no measurement to stop'
ptd-server 2023-02-28 07:03:47,474 [INFO] Sending to ptd: 'SR,V,300.000000'
ptd-server 2023-02-28 07:03:48,975 [INFO] Reply from ptd: 'Range V changed'
ptd-server 2023-02-28 07:03:48,975 [INFO] Sending to ptd: 'SR,A,0.100000'
ptd-server 2023-02-28 07:03:50,477 [INFO] Reply from ptd: 'Range A changed'
ptd-server 2023-02-28 07:03:50,477 [INFO] Set initial values for Amps 0.100000 and Volts 300.000000
ptd-server 2023-02-28 07:03:50,477 [INFO] Stopping ptd...
