ptd-server 2023-03-01 13:15:27,939 [INFO] Got command from the client 'time'
ptd-server 2023-03-01 13:15:27,940 [INFO] Sending reply to client '1677698127.940069'
ptd-server 2023-03-01 13:15:27,941 [INFO] Got command from the client 'new,,b4b35605-09be-4990-9023-9e7395a72cd0'
ptd-server 2023-03-01 13:15:27,942 [INFO] Sending reply to client 'OK 2023-03-01_13-15-27,dad799f2-5c48-4904-823f-c68bc53b82ca'
ptd-server 2023-03-01 13:15:28,046 [INFO] Got command from the client 'time'
ptd-server 2023-03-01 13:15:28,046 [INFO] Sending reply to client '1677698128.0466232'
ptd-server 2023-03-01 13:15:28,047 [INFO] Got command from the client 'session,2023-03-01_13-15-27,start,ranging'
ptd-server 2023-03-01 13:15:28,048 [INFO] Running PTDaemon: ['/local/mnt/workspace/mlcommons/power-main/inference_v1.0/ptd-linux-x86', '-l', '/tmp/tmp1xnxlcf3/ptd_logfile.txt', '-p', '8888', '-c', '2', '52', '/dev/usbtmc0']
ptd-server 2023-03-01 13:15:45,156 [INFO] Sending to ptd: 'Hello'
ptd-server 2023-03-01 13:15:45,157 [INFO] Reply from ptd: 'Hello, PTDaemon here!'
ptd-server 2023-03-01 13:15:45,157 [INFO] Sending to ptd: 'Identify'
ptd-server 2023-03-01 13:15:45,158 [INFO] Reply from ptd: 'YokogawaWT330E,1000,1,1,1,1,0,0,1,version=1.10.0-ed9a21d2-20220817,OS=Linux 5.4.0-120-generic #136~18.04.1-Ubuntu SMP Fri Jun 10 18:00:44 UTC 2022 x86_64,mode=power,1,1,1,0,0,no_cal_date,YOKOGAWA;WT333E;C2XC17005V;F1.04'
ptd-server 2023-03-01 13:15:45,158 [INFO] Connected to PTDaemon
ptd-server 2023-03-01 13:15:45,158 [INFO] Sending to ptd: 'RR'
ptd-server 2023-03-01 13:15:45,159 [INFO] Reply from ptd: 'Ranges,0,10.000000,0,150.000000'
ptd-server 2023-03-01 13:15:45,159 [INFO] Initial range for Amps is 10.000000 for Volts is 150.000000
ptd-server 2023-03-01 13:15:45,159 [INFO] Sending to ptd: 'SR,V,Auto'
ptd-server 2023-03-01 13:15:45,662 [INFO] Reply from ptd: 'Range V changed'
ptd-server 2023-03-01 13:15:45,662 [INFO] Sending to ptd: 'SR,A,Auto'
ptd-server 2023-03-01 13:15:46,165 [INFO] Reply from ptd: 'Range A changed'
ptd-server 2023-03-01 13:15:56,176 [INFO] Starting ranging mode
ptd-server 2023-03-01 13:15:56,176 [INFO] Sending to ptd: 'Go,1000,0,2023-03-01_13-15-27_ranging'
ptd-server 2023-03-01 13:15:56,177 [INFO] Reply from ptd: 'Starting untimed measurement, maximum 500000 samples at 1000ms with 0 rampup samples'
ptd-server 2023-03-01 13:15:56,178 [INFO] Sending reply to client 'OK'
ptd-server 2023-03-01 13:29:20,299 [INFO] Got command from the client 'session,2023-03-01_13-15-27,stop,ranging'
ptd-server 2023-03-01 13:29:30,304 [INFO] Sending to ptd: 'Stop'
ptd-server 2023-03-01 13:29:30,305 [INFO] Reply from ptd: 'Stopping untimed measurement'
ptd-server 2023-03-01 13:29:30,329 [INFO] Sending reply to client 'OK'
ptd-server 2023-03-01 13:29:30,420 [INFO] Got command from the client 'time'
ptd-server 2023-03-01 13:29:30,420 [INFO] Sending reply to client '1677698970.4205575'
ptd-server 2023-03-01 13:29:30,421 [INFO] Got command from the client 'session,2023-03-01_13-15-27,start,testing'
ptd-server 2023-03-01 13:29:30,422 [INFO] Sending to ptd: 'SR,V,119.440000'
ptd-server 2023-03-01 13:29:32,679 [INFO] Reply from ptd: 'Range V changed'
ptd-server 2023-03-01 13:29:32,680 [INFO] Sending to ptd: 'SR,A,1.536000'
ptd-server 2023-03-01 13:29:34,182 [INFO] Reply from ptd: 'Range A changed'
ptd-server 2023-03-01 13:29:44,184 [INFO] Starting testing mode
ptd-server 2023-03-01 13:29:44,185 [INFO] Sending to ptd: 'Go,1000,0,2023-03-01_13-15-27_testing'
ptd-server 2023-03-01 13:29:44,185 [INFO] Reply from ptd: 'Starting untimed measurement, maximum 500000 samples at 1000ms with 0 rampup samples'
ptd-server 2023-03-01 13:29:44,186 [INFO] Sending reply to client 'OK'
ptd-server 2023-03-01 13:43:07,853 [INFO] Got command from the client 'session,2023-03-01_13-15-27,stop,testing'
ptd-server 2023-03-01 13:43:17,863 [INFO] Sending to ptd: 'Stop'
ptd-server 2023-03-01 13:43:17,864 [INFO] Reply from ptd: 'Stopping untimed measurement'
ptd-server 2023-03-01 13:43:17,875 [INFO] Sending reply to client 'OK'
ptd-server 2023-03-01 13:43:17,884 [INFO] Got command from the client 'session,2023-03-01_13-15-27,done'
ptd-server 2023-03-01 13:43:17,884 [INFO] Sending to ptd: 'Stop'
ptd-server 2023-03-01 13:43:18,186 [INFO] Reply from ptd: 'Error: no measurement to stop'
ptd-server 2023-03-01 13:43:18,186 [INFO] Sending to ptd: 'SR,V,150.000000'
ptd-server 2023-03-01 13:43:19,688 [INFO] Reply from ptd: 'Range V changed'
ptd-server 2023-03-01 13:43:19,689 [INFO] Sending to ptd: 'SR,A,10.000000'
ptd-server 2023-03-01 13:43:21,191 [INFO] Reply from ptd: 'Range A changed'
ptd-server 2023-03-01 13:43:21,191 [INFO] Set initial values for Amps 10.000000 and Volts 150.000000
ptd-server 2023-03-01 13:43:21,192 [INFO] Stopping ptd...
