ptd-server 2023-03-01 14:51:56,923 [INFO] Got command from the client 'time'
ptd-server 2023-03-01 14:51:56,924 [INFO] Sending reply to client '1677682316.9240491'
ptd-server 2023-03-01 14:51:56,925 [INFO] Got command from the client 'new,,efaf528e-53b1-46db-91d0-9082e764f299'
ptd-server 2023-03-01 14:51:56,926 [INFO] Sending reply to client 'OK 2023-03-01_14-51-56,e656b09f-dd98-4215-9319-7a8d6c765210'
ptd-server 2023-03-01 14:51:56,952 [INFO] Got command from the client 'time'
ptd-server 2023-03-01 14:51:56,952 [INFO] Sending reply to client '1677682316.9529433'
ptd-server 2023-03-01 14:51:56,954 [INFO] Got command from the client 'session,2023-03-01_14-51-56,start,ranging'
ptd-server 2023-03-01 14:51:56,954 [INFO] Running PTDaemon: ['/home/anton/projects/mlperf/power/inference_v1.0/ptd-linux-x86', '-l', '/tmp/tmpu4v721n6/ptd_logfile.txt', '-p', '8888', '49', '/dev/usbtmc0']
ptd-server 2023-03-01 14:52:14,041 [INFO] Sending to ptd: 'Hello'
ptd-server 2023-03-01 14:52:14,042 [INFO] Reply from ptd: 'Hello, PTDaemon here!'
ptd-server 2023-03-01 14:52:14,042 [INFO] Sending to ptd: 'Identify'
ptd-server 2023-03-01 14:52:14,042 [INFO] Reply from ptd: 'YokogawaWT310E,1000,1,1,1,1,0,1,1,version=1.10.0-ed9a21d2-20220817,OS=Linux 5.15.0-60-generic #66~20.04.1-Ubuntu SMP Wed Jan 25 09:41:30 UTC 2023 x86_64,mode=power,1,1,1,0,0,no_cal_date,YOKOGAWA;WT310E;C3XA04010E;F1.04'
ptd-server 2023-03-01 14:52:14,042 [INFO] Connected to PTDaemon
ptd-server 2023-03-01 14:52:14,042 [INFO] Sending to ptd: 'RR'
ptd-server 2023-03-01 14:52:14,043 [INFO] Reply from ptd: 'Ranges,0,0.100000,0,300.000000'
ptd-server 2023-03-01 14:52:14,043 [INFO] Initial range for Amps is 0.100000 for Volts is 300.000000
ptd-server 2023-03-01 14:52:14,043 [INFO] Sending to ptd: 'SR,V,Auto'
ptd-server 2023-03-01 14:52:14,545 [INFO] Reply from ptd: 'Range V changed'
ptd-server 2023-03-01 14:52:14,546 [INFO] Sending to ptd: 'SR,A,Auto'
ptd-server 2023-03-01 14:52:15,048 [INFO] Reply from ptd: 'Range A changed'
ptd-server 2023-03-01 14:52:25,054 [INFO] Starting ranging mode
ptd-server 2023-03-01 14:52:25,054 [INFO] Sending to ptd: 'Go,1000,0,2023-03-01_14-51-56_ranging'
ptd-server 2023-03-01 14:52:25,055 [INFO] Reply from ptd: 'Starting untimed measurement, maximum 500000 samples at 1000ms with 0 rampup samples'
ptd-server 2023-03-01 14:52:25,055 [INFO] Sending reply to client 'OK'
ptd-server 2023-03-01 15:02:49,289 [INFO] Got command from the client 'session,2023-03-01_14-51-56,stop,ranging'
ptd-server 2023-03-01 15:02:59,299 [INFO] Sending to ptd: 'Stop'
ptd-server 2023-03-01 15:02:59,300 [INFO] Reply from ptd: 'Stopping untimed measurement'
ptd-server 2023-03-01 15:02:59,929 [INFO] Sending reply to client 'OK'
ptd-server 2023-03-01 15:03:00,020 [INFO] Got command from the client 'time'
ptd-server 2023-03-01 15:03:00,020 [INFO] Sending reply to client '1677682980.0206196'
ptd-server 2023-03-01 15:03:00,022 [INFO] Got command from the client 'session,2023-03-01_14-51-56,start,testing'
ptd-server 2023-03-01 15:03:00,022 [INFO] Sending to ptd: 'SR,V,252.630000'
ptd-server 2023-03-01 15:03:01,557 [INFO] Reply from ptd: 'Range V changed'
ptd-server 2023-03-01 15:03:01,557 [INFO] Sending to ptd: 'SR,A,0.078670'
ptd-server 2023-03-01 15:03:03,058 [INFO] Reply from ptd: 'Range A changed'
ptd-server 2023-03-01 15:03:13,068 [INFO] Starting testing mode
ptd-server 2023-03-01 15:03:13,068 [INFO] Sending to ptd: 'Go,1000,0,2023-03-01_14-51-56_testing'
ptd-server 2023-03-01 15:03:13,068 [INFO] Reply from ptd: 'Starting untimed measurement, maximum 500000 samples at 1000ms with 0 rampup samples'
ptd-server 2023-03-01 15:03:13,069 [INFO] Sending reply to client 'OK'
ptd-server 2023-03-01 15:13:37,113 [INFO] Got command from the client 'session,2023-03-01_14-51-56,stop,testing'
ptd-server 2023-03-01 15:13:47,123 [INFO] Sending to ptd: 'Stop'
ptd-server 2023-03-01 15:13:47,124 [INFO] Reply from ptd: 'Stopping untimed measurement'
ptd-server 2023-03-01 15:13:47,457 [INFO] Sending reply to client 'OK'
ptd-server 2023-03-01 15:13:47,475 [INFO] Got command from the client 'session,2023-03-01_14-51-56,done'
ptd-server 2023-03-01 15:13:47,475 [INFO] Sending to ptd: 'Stop'
ptd-server 2023-03-01 15:13:48,068 [INFO] Reply from ptd: 'Error: no measurement to stop'
ptd-server 2023-03-01 15:13:48,069 [INFO] Sending to ptd: 'SR,V,300.000000'
ptd-server 2023-03-01 15:13:49,570 [INFO] Reply from ptd: 'Range V changed'
ptd-server 2023-03-01 15:13:49,570 [INFO] Sending to ptd: 'SR,A,0.100000'
ptd-server 2023-03-01 15:13:51,071 [INFO] Reply from ptd: 'Range A changed'
ptd-server 2023-03-01 15:13:51,072 [INFO] Set initial values for Amps 0.100000 and Volts 300.000000
ptd-server 2023-03-01 15:13:51,072 [INFO] Stopping ptd...
