ptd-server 2023-02-28 05:18:31,054 [INFO] Got command from the client 'time'
ptd-server 2023-02-28 05:18:31,054 [INFO] Sending reply to client '1677583111.054671'
ptd-server 2023-02-28 05:18:31,055 [INFO] Got command from the client 'new,,38ef3621-d194-4b1d-ad72-d5c53ca8331d'
ptd-server 2023-02-28 05:18:31,056 [INFO] Sending reply to client 'OK 2023-02-28_05-18-31,1d09dce9-7526-4074-ad42-8bb7002d315e'
ptd-server 2023-02-28 05:18:31,158 [INFO] Got command from the client 'time'
ptd-server 2023-02-28 05:18:31,158 [INFO] Sending reply to client '1677583111.158424'
ptd-server 2023-02-28 05:18:31,159 [INFO] Got command from the client 'session,2023-02-28_05-18-31,start,ranging'
ptd-server 2023-02-28 05:18:31,160 [INFO] Running PTDaemon: ['/local/mnt/workspace/mlcommons/power-main/inference_v1.0/ptd-linux-x86', '-l', '/tmp/tmpqwe09ni1/ptd_logfile.txt', '-p', '8888', '49', '/dev/usbtmc0']
ptd-server 2023-02-28 05:18:48,181 [INFO] Sending to ptd: 'Hello'
ptd-server 2023-02-28 05:18:48,182 [INFO] Reply from ptd: 'Hello, PTDaemon here!'
ptd-server 2023-02-28 05:18:48,183 [INFO] Sending to ptd: 'Identify'
ptd-server 2023-02-28 05:18:48,183 [INFO] Reply from ptd: 'YokogawaWT310E,1000,1,1,1,1,0,1,1,version=1.10.0-ed9a21d2-20220817,OS=Linux 4.15.0-188-generic #199-Ubuntu SMP Wed Jun 15 20:42:56 UTC 2022 x86_64,mode=power,1,1,1,0,0,no_cal_date,YOKOGAWA;WT310E;C2XF16028V;F1.04'
ptd-server 2023-02-28 05:18:48,184 [INFO] Connected to PTDaemon
ptd-server 2023-02-28 05:18:48,184 [INFO] Sending to ptd: 'RR'
ptd-server 2023-02-28 05:18:48,184 [INFO] Reply from ptd: 'Ranges,1,2.000000,1,150.000000'
ptd-server 2023-02-28 05:18:48,185 [INFO] Initial range for Amps is Auto for Volts is Auto
ptd-server 2023-02-28 05:18:48,185 [INFO] Sending to ptd: 'SR,V,Auto'
ptd-server 2023-02-28 05:18:48,689 [INFO] Reply from ptd: 'Range V changed'
ptd-server 2023-02-28 05:18:48,689 [INFO] Sending to ptd: 'SR,A,Auto'
ptd-server 2023-02-28 05:18:49,192 [INFO] Reply from ptd: 'Range A changed'
ptd-server 2023-02-28 05:18:59,203 [INFO] Starting ranging mode
ptd-server 2023-02-28 05:18:59,203 [INFO] Sending to ptd: 'Go,1000,0,2023-02-28_05-18-31_ranging'
ptd-server 2023-02-28 05:18:59,204 [INFO] Reply from ptd: 'Starting untimed measurement, maximum 500000 samples at 1000ms with 0 rampup samples'
ptd-server 2023-02-28 05:18:59,204 [INFO] Sending reply to client 'OK'
ptd-server 2023-02-28 05:37:33,855 [INFO] Got command from the client 'session,2023-02-28_05-18-31,stop,ranging'
ptd-server 2023-02-28 05:37:43,866 [INFO] Sending to ptd: 'Stop'
ptd-server 2023-02-28 05:37:43,867 [INFO] Reply from ptd: 'Stopping untimed measurement'
ptd-server 2023-02-28 05:37:43,922 [INFO] Sending reply to client 'OK'
ptd-server 2023-02-28 05:37:44,030 [INFO] Got command from the client 'time'
ptd-server 2023-02-28 05:37:44,030 [INFO] Sending reply to client '1677584264.0307307'
ptd-server 2023-02-28 05:37:44,031 [INFO] Got command from the client 'session,2023-02-28_05-18-31,start,testing'
ptd-server 2023-02-28 05:37:44,031 [INFO] Sending to ptd: 'SR,V,121.070000'
ptd-server 2023-02-28 05:37:45,707 [INFO] Reply from ptd: 'Range V changed'
ptd-server 2023-02-28 05:37:45,707 [INFO] Sending to ptd: 'SR,A,4.666600'
ptd-server 2023-02-28 05:37:47,209 [INFO] Reply from ptd: 'Range A changed'
ptd-server 2023-02-28 05:37:57,219 [INFO] Starting testing mode
ptd-server 2023-02-28 05:37:57,220 [INFO] Sending to ptd: 'Go,1000,0,2023-02-28_05-18-31_testing'
ptd-server 2023-02-28 05:37:57,220 [INFO] Reply from ptd: 'Starting untimed measurement, maximum 500000 samples at 1000ms with 0 rampup samples'
ptd-server 2023-02-28 05:37:57,220 [INFO] Sending reply to client 'OK'
ptd-server 2023-02-28 05:56:32,111 [INFO] Got command from the client 'session,2023-02-28_05-18-31,stop,testing'
ptd-server 2023-02-28 05:56:42,121 [INFO] Sending to ptd: 'Stop'
ptd-server 2023-02-28 05:56:42,122 [INFO] Reply from ptd: 'Stopping untimed measurement'
ptd-server 2023-02-28 05:56:42,151 [INFO] Sending reply to client 'OK'
ptd-server 2023-02-28 05:56:42,157 [INFO] Got command from the client 'session,2023-02-28_05-18-31,done'
ptd-server 2023-02-28 05:56:42,157 [INFO] Sending to ptd: 'Stop'
ptd-server 2023-02-28 05:56:42,221 [INFO] Reply from ptd: 'Error: no measurement to stop'
ptd-server 2023-02-28 05:56:42,221 [INFO] Sending to ptd: 'SR,V,Auto'
ptd-server 2023-02-28 05:56:42,724 [INFO] Reply from ptd: 'Range V changed'
ptd-server 2023-02-28 05:56:42,724 [INFO] Sending to ptd: 'SR,A,Auto'
ptd-server 2023-02-28 05:56:43,228 [INFO] Reply from ptd: 'Range A changed'
ptd-server 2023-02-28 05:56:43,228 [INFO] Set initial values for Amps Auto and Volts Auto
ptd-server 2023-02-28 05:56:43,228 [INFO] Stopping ptd...
