ptd-server 2023-02-26 08:36:27,352 [INFO] Got command from the client 'time'
ptd-server 2023-02-26 08:36:27,353 [INFO] Sending reply to client '1677400587.353028'
ptd-server 2023-02-26 08:36:27,354 [INFO] Got command from the client 'new,,a63a83f6-3c79-484e-80b1-8c45cacfb085'
ptd-server 2023-02-26 08:36:27,355 [INFO] Sending reply to client 'OK 2023-02-26_08-36-27,15a04b8f-51e7-4738-aeea-dcddffd2b766'
ptd-server 2023-02-26 08:36:27,379 [INFO] Got command from the client 'time'
ptd-server 2023-02-26 08:36:27,379 [INFO] Sending reply to client '1677400587.3799288'
ptd-server 2023-02-26 08:36:27,385 [INFO] Got command from the client 'session,2023-02-26_08-36-27,start,ranging'
ptd-server 2023-02-26 08:36:27,385 [INFO] Running PTDaemon: ['/home/anton/projects/mlperf/power/inference_v1.0/ptd-linux-x86', '-l', '/tmp/tmpu4v721n6/ptd_logfile.txt', '-p', '8888', '49', '/dev/usbtmc0']
ptd-server 2023-02-26 08:36:44,472 [INFO] Sending to ptd: 'Hello'
ptd-server 2023-02-26 08:36:44,472 [INFO] Reply from ptd: 'Hello, PTDaemon here!'
ptd-server 2023-02-26 08:36:44,472 [INFO] Sending to ptd: 'Identify'
ptd-server 2023-02-26 08:36:44,473 [INFO] Reply from ptd: 'YokogawaWT310E,1000,1,1,1,1,0,1,1,version=1.10.0-ed9a21d2-20220817,OS=Linux 5.15.0-60-generic #66~20.04.1-Ubuntu SMP Wed Jan 25 09:41:30 UTC 2023 x86_64,mode=power,1,1,1,0,0,no_cal_date,YOKOGAWA;WT310E;C3XA04010E;F1.04'
ptd-server 2023-02-26 08:36:44,473 [INFO] Connected to PTDaemon
ptd-server 2023-02-26 08:36:44,473 [INFO] Sending to ptd: 'RR'
ptd-server 2023-02-26 08:36:44,473 [INFO] Reply from ptd: 'Ranges,0,0.100000,0,300.000000'
ptd-server 2023-02-26 08:36:44,473 [INFO] Initial range for Amps is 0.100000 for Volts is 300.000000
ptd-server 2023-02-26 08:36:44,473 [INFO] Sending to ptd: 'SR,V,Auto'
ptd-server 2023-02-26 08:36:44,976 [INFO] Reply from ptd: 'Range V changed'
ptd-server 2023-02-26 08:36:44,976 [INFO] Sending to ptd: 'SR,A,Auto'
ptd-server 2023-02-26 08:36:45,479 [INFO] Reply from ptd: 'Range A changed'
ptd-server 2023-02-26 08:36:55,482 [INFO] Starting ranging mode
ptd-server 2023-02-26 08:36:55,482 [INFO] Sending to ptd: 'Go,1000,0,2023-02-26_08-36-27_ranging'
ptd-server 2023-02-26 08:36:55,482 [INFO] Reply from ptd: 'Starting untimed measurement, maximum 500000 samples at 1000ms with 0 rampup samples'
ptd-server 2023-02-26 08:36:55,482 [INFO] Sending reply to client 'OK'
ptd-server 2023-02-26 08:47:10,929 [INFO] Got command from the client 'session,2023-02-26_08-36-27,stop,ranging'
ptd-server 2023-02-26 08:47:20,940 [INFO] Sending to ptd: 'Stop'
ptd-server 2023-02-26 08:47:20,940 [INFO] Reply from ptd: 'Stopping untimed measurement'
ptd-server 2023-02-26 08:47:21,156 [INFO] Sending reply to client 'OK'
ptd-server 2023-02-26 08:47:21,247 [INFO] Got command from the client 'time'
ptd-server 2023-02-26 08:47:21,247 [INFO] Sending reply to client '1677401241.247922'
ptd-server 2023-02-26 08:47:21,251 [INFO] Got command from the client 'session,2023-02-26_08-36-27,start,testing'
ptd-server 2023-02-26 08:47:21,251 [INFO] Sending to ptd: 'SR,V,251.290000'
ptd-server 2023-02-26 08:47:22,983 [INFO] Reply from ptd: 'Range V changed'
ptd-server 2023-02-26 08:47:22,984 [INFO] Sending to ptd: 'SR,A,0.049260'
ptd-server 2023-02-26 08:47:24,485 [INFO] Reply from ptd: 'Range A changed'
ptd-server 2023-02-26 08:47:34,495 [INFO] Starting testing mode
ptd-server 2023-02-26 08:47:34,495 [INFO] Sending to ptd: 'Go,1000,0,2023-02-26_08-36-27_testing'
ptd-server 2023-02-26 08:47:34,496 [INFO] Reply from ptd: 'Starting untimed measurement, maximum 500000 samples at 1000ms with 0 rampup samples'
ptd-server 2023-02-26 08:47:34,496 [INFO] Sending reply to client 'OK'
ptd-server 2023-02-26 08:57:49,688 [INFO] Got command from the client 'session,2023-02-26_08-36-27,stop,testing'
ptd-server 2023-02-26 08:57:59,698 [INFO] Sending to ptd: 'Stop'
ptd-server 2023-02-26 08:57:59,698 [INFO] Reply from ptd: 'Stopping untimed measurement'
ptd-server 2023-02-26 08:57:59,817 [INFO] Sending reply to client 'OK'
ptd-server 2023-02-26 08:57:59,837 [INFO] Got command from the client 'session,2023-02-26_08-36-27,done'
ptd-server 2023-02-26 08:57:59,837 [INFO] Sending to ptd: 'Stop'
ptd-server 2023-02-26 08:58:00,496 [INFO] Reply from ptd: 'Error: no measurement to stop'
ptd-server 2023-02-26 08:58:00,497 [INFO] Sending to ptd: 'SR,V,300.000000'
ptd-server 2023-02-26 08:58:01,998 [INFO] Reply from ptd: 'Range V changed'
ptd-server 2023-02-26 08:58:01,998 [INFO] Sending to ptd: 'SR,A,0.100000'
ptd-server 2023-02-26 08:58:03,499 [INFO] Reply from ptd: 'Range A changed'
ptd-server 2023-02-26 08:58:03,499 [INFO] Set initial values for Amps 0.100000 and Volts 300.000000
ptd-server 2023-02-26 08:58:03,500 [INFO] Stopping ptd...
