ptd-server 2023-02-21 13:27:15,557 [INFO] Got command from the client 'time'
ptd-server 2023-02-21 13:27:15,557 [INFO] Sending reply to client '1676986035.557606'
ptd-server 2023-02-21 13:27:15,558 [INFO] Got command from the client 'new,,13b4e5ef-3047-45d0-bcbc-f1d4d4dfd6eb'
ptd-server 2023-02-21 13:27:15,559 [INFO] Sending reply to client 'OK 2023-02-21_13-27-15,8079ac1b-5e77-4440-a2a5-3f063c226f60'
ptd-server 2023-02-21 13:27:15,598 [INFO] Got command from the client 'time'
ptd-server 2023-02-21 13:27:15,598 [INFO] Sending reply to client '1676986035.598946'
ptd-server 2023-02-21 13:27:15,599 [INFO] Got command from the client 'session,2023-02-21_13-27-15,start,ranging'
ptd-server 2023-02-21 13:27:15,600 [INFO] Running PTDaemon: ['/home/anton/projects/mlperf/power/inference_v1.0/ptd-linux-x86', '-l', '/tmp/tmp4yl1neqp/ptd_logfile.txt', '-p', '8888', '49', '/dev/usbtmc0']
ptd-server 2023-02-21 13:27:32,673 [INFO] Sending to ptd: 'Hello'
ptd-server 2023-02-21 13:27:32,674 [INFO] Reply from ptd: 'Hello, PTDaemon here!'
ptd-server 2023-02-21 13:27:32,674 [INFO] Sending to ptd: 'Identify'
ptd-server 2023-02-21 13:27:32,675 [INFO] Reply from ptd: 'YokogawaWT310E,1000,1,1,1,1,0,1,1,version=1.10.0-ed9a21d2-20220817,OS=Linux 5.15.0-60-generic #66~20.04.1-Ubuntu SMP Wed Jan 25 09:41:30 UTC 2023 x86_64,mode=power,1,1,1,0,0,no_cal_date,YOKOGAWA;WT310E;C3XA04010E;F1.04'
ptd-server 2023-02-21 13:27:32,675 [INFO] Connected to PTDaemon
ptd-server 2023-02-21 13:27:32,675 [INFO] Sending to ptd: 'RR'
ptd-server 2023-02-21 13:27:32,675 [INFO] Reply from ptd: 'Ranges,1,0.050000,1,300.000000'
ptd-server 2023-02-21 13:27:32,675 [INFO] Initial range for Amps is Auto for Volts is Auto
ptd-server 2023-02-21 13:27:32,675 [INFO] Sending to ptd: 'SR,V,Auto'
ptd-server 2023-02-21 13:27:33,178 [INFO] Reply from ptd: 'Range V changed'
ptd-server 2023-02-21 13:27:33,178 [INFO] Sending to ptd: 'SR,A,Auto'
ptd-server 2023-02-21 13:27:33,681 [INFO] Reply from ptd: 'Range A changed'
ptd-server 2023-02-21 13:27:43,691 [INFO] Starting ranging mode
ptd-server 2023-02-21 13:27:43,691 [INFO] Sending to ptd: 'Go,1000,0,2023-02-21_13-27-15_ranging'
ptd-server 2023-02-21 13:27:43,692 [INFO] Reply from ptd: 'Starting untimed measurement, maximum 500000 samples at 1000ms with 0 rampup samples'
ptd-server 2023-02-21 13:27:43,692 [INFO] Sending reply to client 'OK'
ptd-server 2023-02-21 13:38:10,888 [INFO] Got command from the client 'session,2023-02-21_13-27-15,stop,ranging'
ptd-server 2023-02-21 13:38:20,898 [INFO] Sending to ptd: 'Stop'
ptd-server 2023-02-21 13:38:20,898 [INFO] Reply from ptd: 'Stopping untimed measurement'
ptd-server 2023-02-21 13:38:21,214 [INFO] Sending reply to client 'OK'
ptd-server 2023-02-21 13:38:21,243 [INFO] Got command from the client 'time'
ptd-server 2023-02-21 13:38:21,243 [INFO] Sending reply to client '1676986701.2439635'
ptd-server 2023-02-21 13:38:21,244 [INFO] Got command from the client 'session,2023-02-21_13-27-15,start,testing'
ptd-server 2023-02-21 13:38:21,245 [INFO] Sending to ptd: 'SR,V,253.940000'
ptd-server 2023-02-21 13:38:23,193 [INFO] Reply from ptd: 'Range V changed'
ptd-server 2023-02-21 13:38:23,193 [INFO] Sending to ptd: 'SR,A,0.064090'
ptd-server 2023-02-21 13:38:24,695 [INFO] Reply from ptd: 'Range A changed'
ptd-server 2023-02-21 13:38:34,705 [INFO] Starting testing mode
ptd-server 2023-02-21 13:38:34,705 [INFO] Sending to ptd: 'Go,1000,0,2023-02-21_13-27-15_testing'
ptd-server 2023-02-21 13:38:34,706 [INFO] Reply from ptd: 'Starting untimed measurement, maximum 500000 samples at 1000ms with 0 rampup samples'
ptd-server 2023-02-21 13:38:34,706 [INFO] Sending reply to client 'OK'
ptd-server 2023-02-21 13:49:01,677 [INFO] Got command from the client 'session,2023-02-21_13-27-15,stop,testing'
ptd-server 2023-02-21 13:49:11,688 [INFO] Sending to ptd: 'Stop'
ptd-server 2023-02-21 13:49:11,688 [INFO] Reply from ptd: 'Stopping untimed measurement'
ptd-server 2023-02-21 13:49:11,859 [INFO] Sending reply to client 'OK'
ptd-server 2023-02-21 13:49:11,867 [INFO] Got command from the client 'session,2023-02-21_13-27-15,done'
ptd-server 2023-02-21 13:49:11,867 [INFO] Sending to ptd: 'Stop'
ptd-server 2023-02-21 13:49:11,867 [INFO] Reply from ptd: 'Error: no measurement to stop'
ptd-server 2023-02-21 13:49:11,867 [INFO] Sending to ptd: 'SR,V,Auto'
ptd-server 2023-02-21 13:49:12,370 [INFO] Reply from ptd: 'Range V changed'
ptd-server 2023-02-21 13:49:12,370 [INFO] Sending to ptd: 'SR,A,Auto'
ptd-server 2023-02-21 13:49:12,872 [INFO] Reply from ptd: 'Range A changed'
ptd-server 2023-02-21 13:49:12,873 [INFO] Set initial values for Amps Auto and Volts Auto
ptd-server 2023-02-21 13:49:12,873 [INFO] Stopping ptd...
