ptd-server 2023-02-27 10:21:44,828 [INFO] Got command from the client 'time'
ptd-server 2023-02-27 10:21:44,829 [INFO] Sending reply to client '1677493304.8290837'
ptd-server 2023-02-27 10:21:44,830 [INFO] Got command from the client 'new,,291db878-68e1-4e8b-af18-85918deed8be'
ptd-server 2023-02-27 10:21:44,830 [INFO] Sending reply to client 'OK 2023-02-27_10-21-44,7612979e-6d8c-4b58-bb86-3fa2547daebd'
ptd-server 2023-02-27 10:21:44,853 [INFO] Got command from the client 'time'
ptd-server 2023-02-27 10:21:44,853 [INFO] Sending reply to client '1677493304.8537152'
ptd-server 2023-02-27 10:21:44,855 [INFO] Got command from the client 'session,2023-02-27_10-21-44,start,ranging'
ptd-server 2023-02-27 10:21:44,855 [INFO] Running PTDaemon: ['/home/anton/projects/mlperf/power/inference_v1.0/ptd-linux-x86', '-l', '/tmp/tmpu4v721n6/ptd_logfile.txt', '-p', '8888', '49', '/dev/usbtmc0']
ptd-server 2023-02-27 10:22:01,943 [INFO] Sending to ptd: 'Hello'
ptd-server 2023-02-27 10:22:01,943 [INFO] Reply from ptd: 'Hello, PTDaemon here!'
ptd-server 2023-02-27 10:22:01,943 [INFO] Sending to ptd: 'Identify'
ptd-server 2023-02-27 10:22:01,944 [INFO] Reply from ptd: 'YokogawaWT310E,1000,1,1,1,1,0,1,1,version=1.10.0-ed9a21d2-20220817,OS=Linux 5.15.0-60-generic #66~20.04.1-Ubuntu SMP Wed Jan 25 09:41:30 UTC 2023 x86_64,mode=power,1,1,1,0,0,no_cal_date,YOKOGAWA;WT310E;C3XA04010E;F1.04'
ptd-server 2023-02-27 10:22:01,944 [INFO] Connected to PTDaemon
ptd-server 2023-02-27 10:22:01,944 [INFO] Sending to ptd: 'RR'
ptd-server 2023-02-27 10:22:01,944 [INFO] Reply from ptd: 'Ranges,0,0.100000,0,300.000000'
ptd-server 2023-02-27 10:22:01,944 [INFO] Initial range for Amps is 0.100000 for Volts is 300.000000
ptd-server 2023-02-27 10:22:01,944 [INFO] Sending to ptd: 'SR,V,Auto'
ptd-server 2023-02-27 10:22:02,447 [INFO] Reply from ptd: 'Range V changed'
ptd-server 2023-02-27 10:22:02,447 [INFO] Sending to ptd: 'SR,A,Auto'
ptd-server 2023-02-27 10:22:02,949 [INFO] Reply from ptd: 'Range A changed'
ptd-server 2023-02-27 10:22:12,960 [INFO] Starting ranging mode
ptd-server 2023-02-27 10:22:12,960 [INFO] Sending to ptd: 'Go,1000,0,2023-02-27_10-21-44_ranging'
ptd-server 2023-02-27 10:22:12,960 [INFO] Reply from ptd: 'Starting untimed measurement, maximum 500000 samples at 1000ms with 0 rampup samples'
ptd-server 2023-02-27 10:22:12,960 [INFO] Sending reply to client 'OK'
ptd-server 2023-02-27 10:32:30,157 [INFO] Got command from the client 'session,2023-02-27_10-21-44,stop,ranging'
ptd-server 2023-02-27 10:32:40,168 [INFO] Sending to ptd: 'Stop'
ptd-server 2023-02-27 10:32:40,168 [INFO] Reply from ptd: 'Stopping untimed measurement'
ptd-server 2023-02-27 10:32:40,502 [INFO] Sending reply to client 'OK'
ptd-server 2023-02-27 10:32:40,553 [INFO] Got command from the client 'time'
ptd-server 2023-02-27 10:32:40,554 [INFO] Sending reply to client '1677493960.5541534'
ptd-server 2023-02-27 10:32:40,556 [INFO] Got command from the client 'session,2023-02-27_10-21-44,start,testing'
ptd-server 2023-02-27 10:32:40,556 [INFO] Sending to ptd: 'SR,V,253.010000'
ptd-server 2023-02-27 10:32:42,462 [INFO] Reply from ptd: 'Range V changed'
ptd-server 2023-02-27 10:32:42,462 [INFO] Sending to ptd: 'SR,A,0.057490'
ptd-server 2023-02-27 10:32:43,963 [INFO] Reply from ptd: 'Range A changed'
ptd-server 2023-02-27 10:32:53,972 [INFO] Starting testing mode
ptd-server 2023-02-27 10:32:53,972 [INFO] Sending to ptd: 'Go,1000,0,2023-02-27_10-21-44_testing'
ptd-server 2023-02-27 10:32:53,972 [INFO] Reply from ptd: 'Starting untimed measurement, maximum 500000 samples at 1000ms with 0 rampup samples'
ptd-server 2023-02-27 10:32:53,973 [INFO] Sending reply to client 'OK'
ptd-server 2023-02-27 10:43:10,908 [INFO] Got command from the client 'session,2023-02-27_10-21-44,stop,testing'
ptd-server 2023-02-27 10:43:20,919 [INFO] Sending to ptd: 'Stop'
ptd-server 2023-02-27 10:43:20,919 [INFO] Reply from ptd: 'Stopping untimed measurement'
ptd-server 2023-02-27 10:43:21,088 [INFO] Sending reply to client 'OK'
ptd-server 2023-02-27 10:43:21,106 [INFO] Got command from the client 'session,2023-02-27_10-21-44,done'
ptd-server 2023-02-27 10:43:21,106 [INFO] Sending to ptd: 'Stop'
ptd-server 2023-02-27 10:43:21,106 [INFO] Reply from ptd: 'Error: no measurement to stop'
ptd-server 2023-02-27 10:43:21,106 [INFO] Sending to ptd: 'SR,V,300.000000'
ptd-server 2023-02-27 10:43:22,608 [INFO] Reply from ptd: 'Range V changed'
ptd-server 2023-02-27 10:43:22,608 [INFO] Sending to ptd: 'SR,A,0.100000'
ptd-server 2023-02-27 10:43:24,109 [INFO] Reply from ptd: 'Range A changed'
ptd-server 2023-02-27 10:43:24,109 [INFO] Set initial values for Amps 0.100000 and Volts 300.000000
ptd-server 2023-02-27 10:43:24,110 [INFO] Stopping ptd...
