client 2023-02-26 16:28:09,162 [INFO] Creating output directory '/home/arjun/mobilenet_results/valid_results/arjun_orin-tflite_armnn_cpp-cpu-armnn_tflite-v22.11-using_neon/mobilenet-v3-precision_float-large-224/singlestream/performance/tmp_power'
client 2023-02-26 16:28:09,165 [INFO] Sending command to the server: 'mlcommons/power client v3'
client 2023-02-26 16:28:09,169 [INFO] Got response: 'mlcommons/power server v3'
client 2023-02-26 16:28:09,169 [INFO] Synchronizing with the server and with time.google.com...
client 2023-02-26 16:28:09,192 [INFO] NTP:offset = 0.001 s, delay = 0.017 s 
client 2023-02-26 16:28:09,192 [INFO] Sending command to the server: 'time'
client 2023-02-26 16:28:09,196 [INFO] Got response: '1677428889.1960037'
client 2023-02-26 16:28:09,196 [INFO] The time difference between the client and the server is within range -3.172 ms..0.622 ms
client 2023-02-26 16:28:09,196 [INFO] Sending command to the server: 'new,,b4f51442-a38e-45ed-9471-357012cc50cb'
client 2023-02-26 16:28:09,203 [INFO] Got response: 'OK 2023-02-26_16-28-09,6878ef1e-e7ed-4e5a-8730-b20466dc89a2'
client 2023-02-26 16:28:09,204 [INFO] Session id is '2023-02-26_16-28-09'
client 2023-02-26 16:28:09,204 [INFO] Sources: {"sources": {"__init__.py": "da39a3ee5e6b4b0d3255bfef95601890afd80709", "client.py": "33ca4f26368777ac06e01f9567b714a4b8063886", "lib/__init__.py": "da39a3ee5e6b4b0d3255bfef95601890afd80709", "lib/client.py": "4c2b78fb4849a7e5b584ef792d82aaed20b17f57", "lib/common.py": "624d0c0acc7c39aaff3674f0b99d6a09da53d1dc", "lib/external/__init__.py": "da39a3ee5e6b4b0d3255bfef95601890afd80709", "lib/external/ntplib.py": "4da8f970656505a40483206ef2b5d3dd5e81711d", "lib/server.py": "cda0cdfaee9bfa1249c64a7dd4f89b7bf1b279f0", "lib/source_hashes.py": "60a2e02193209e8d392803326208d5466342da18", "lib/summary.py": "aa92f0a3f975eecd44d3c0cd0236342ccc9f941d", "lib/time_sync.py": "3210db56eb0ff0df57bf4293dc4d4b03fffd46f1", "server.py": "c3f90f2f7eeb4db30727556d0c815ebc89b3d28b", "tests/unit/__init__.py": "da39a3ee5e6b4b0d3255bfef95601890afd80709", "tests/unit/test_server.py": "99ae15aef722f2000ee6ed1ae1523637bf1ae42b", "tests/unit/test_source_hashes.py": "00468a2907583c593e6574a1f6b404e4651c221a"}, "modules": {"ptd_client_server.lib.client": "lib/client.py", "ptd_client_server.lib.common": "lib/common.py", "ptd_client_server.lib.external.ntplib": "lib/external/ntplib.py", "ptd_client_server.lib.source_hashes": "lib/source_hashes.py", "ptd_client_server.lib.summary": "lib/summary.py", "ptd_client_server.lib.time_sync": "lib/time_sync.py"}}
client 2023-02-26 16:28:09,204 [INFO] Running workload in ranging mode
client 2023-02-26 16:28:09,204 [INFO] Synchronizing with the server and with time.google.com...
client 2023-02-26 16:28:09,226 [INFO] NTP:offset = -0.000 s, delay = 0.020 s 
client 2023-02-26 16:28:09,226 [INFO] Sending command to the server: 'time'
client 2023-02-26 16:28:09,230 [INFO] Got response: '1677428889.2288785'
client 2023-02-26 16:28:09,230 [INFO] The time difference between the client and the server is within range -2.705 ms..1.336 ms
client 2023-02-26 16:28:09,230 [INFO] Sending command to the server: 'session,2023-02-26_16-28-09,start,ranging'
client 2023-02-26 16:28:37,363 [INFO] Got response: 'OK'
client 2023-02-26 16:28:37,364 [INFO] Running the workload '/home/arjun/run.out'
client 2023-02-26 16:38:42,837 [INFO] Sending command to the server: 'session,2023-02-26_16-28-09,stop,ranging'
client 2023-02-26 16:38:53,267 [INFO] Got response: 'OK'
client 2023-02-26 16:38:53,290 [INFO] Copying loadgen logs from '/home/arjun/mobilenet_results/valid_results/arjun_orin-tflite_armnn_cpp-cpu-armnn_tflite-v22.11-using_neon/mobilenet-v3-precision_float-large-224/singlestream/performance/run_1' to '/home/arjun/mobilenet_results/valid_results/arjun_orin-tflite_armnn_cpp-cpu-armnn_tflite-v22.11-using_neon/mobilenet-v3-precision_float-large-224/singlestream/performance/tmp_power/ranging'
client 2023-02-26 16:38:53,292 [INFO] Running workload in testing mode
client 2023-02-26 16:38:53,293 [INFO] Synchronizing with the server and with time.google.com...
client 2023-02-26 16:38:53,323 [INFO] NTP:offset = -0.001 s, delay = 0.014 s 
client 2023-02-26 16:38:53,323 [INFO] Sending command to the server: 'time'
client 2023-02-26 16:38:53,327 [INFO] Got response: '1677429533.3268209'
client 2023-02-26 16:38:53,327 [INFO] The time difference between the client and the server is within range -3.290 ms..0.495 ms
client 2023-02-26 16:38:53,327 [INFO] Sending command to the server: 'session,2023-02-26_16-28-09,start,testing'
client 2023-02-26 16:39:06,468 [INFO] Got response: 'OK'
client 2023-02-26 16:39:06,468 [INFO] Running the workload '/home/arjun/run.out'
client 2023-02-26 16:49:15,198 [INFO] Sending command to the server: 'session,2023-02-26_16-28-09,stop,testing'
client 2023-02-26 16:49:25,319 [INFO] Got response: 'OK'
client 2023-02-26 16:49:25,321 [INFO] Copying loadgen logs from '/home/arjun/mobilenet_results/valid_results/arjun_orin-tflite_armnn_cpp-cpu-armnn_tflite-v22.11-using_neon/mobilenet-v3-precision_float-large-224/singlestream/performance/run_1' to '/home/arjun/mobilenet_results/valid_results/arjun_orin-tflite_armnn_cpp-cpu-armnn_tflite-v22.11-using_neon/mobilenet-v3-precision_float-large-224/singlestream/performance/tmp_power/run_1'
client 2023-02-26 16:49:25,322 [INFO] Done runs
