ptd-server 2023-02-23 03:12:02,222 [INFO] Got command from the client 'time'
ptd-server 2023-02-23 03:12:02,222 [INFO] Sending reply to client '1677121922.2221384'
ptd-server 2023-02-23 03:12:02,223 [INFO] Got command from the client 'new,,3d57c6d0-ba95-4599-adc5-fa47c68dfd71'
ptd-server 2023-02-23 03:12:02,223 [INFO] Sending reply to client 'OK 2023-02-23_03-12-02,6fc5190a-9057-4bfd-a691-6ae2e0094e18'
ptd-server 2023-02-23 03:12:02,247 [INFO] Got command from the client 'time'
ptd-server 2023-02-23 03:12:02,247 [INFO] Sending reply to client '1677121922.2479036'
ptd-server 2023-02-23 03:12:02,248 [INFO] Got command from the client 'session,2023-02-23_03-12-02,start,ranging'
ptd-server 2023-02-23 03:12:02,249 [INFO] Running PTDaemon: ['/home/anton/projects/mlperf/power/inference_v1.0/ptd-linux-x86', '-l', '/tmp/tmp4yl1neqp/ptd_logfile.txt', '-p', '8888', '49', '/dev/usbtmc0']
ptd-server 2023-02-23 03:12:19,323 [INFO] Sending to ptd: 'Hello'
ptd-server 2023-02-23 03:12:19,324 [INFO] Reply from ptd: 'Hello, PTDaemon here!'
ptd-server 2023-02-23 03:12:19,324 [INFO] Sending to ptd: 'Identify'
ptd-server 2023-02-23 03:12:19,324 [INFO] Reply from ptd: 'YokogawaWT310E,1000,1,1,1,1,0,1,1,version=1.10.0-ed9a21d2-20220817,OS=Linux 5.15.0-60-generic #66~20.04.1-Ubuntu SMP Wed Jan 25 09:41:30 UTC 2023 x86_64,mode=power,1,1,1,0,0,no_cal_date,YOKOGAWA;WT310E;C3XA04010E;F1.04'
ptd-server 2023-02-23 03:12:19,324 [INFO] Connected to PTDaemon
ptd-server 2023-02-23 03:12:19,324 [INFO] Sending to ptd: 'RR'
ptd-server 2023-02-23 03:12:19,325 [INFO] Reply from ptd: 'Ranges,1,0.100000,1,300.000000'
ptd-server 2023-02-23 03:12:19,325 [INFO] Initial range for Amps is Auto for Volts is Auto
ptd-server 2023-02-23 03:12:19,325 [INFO] Sending to ptd: 'SR,V,Auto'
ptd-server 2023-02-23 03:12:19,827 [INFO] Reply from ptd: 'Range V changed'
ptd-server 2023-02-23 03:12:19,828 [INFO] Sending to ptd: 'SR,A,Auto'
ptd-server 2023-02-23 03:12:20,330 [INFO] Reply from ptd: 'Range A changed'
ptd-server 2023-02-23 03:12:30,340 [INFO] Starting ranging mode
ptd-server 2023-02-23 03:12:30,341 [INFO] Sending to ptd: 'Go,1000,0,2023-02-23_03-12-02_ranging'
ptd-server 2023-02-23 03:12:30,341 [INFO] Reply from ptd: 'Starting untimed measurement, maximum 500000 samples at 1000ms with 0 rampup samples'
ptd-server 2023-02-23 03:12:30,341 [INFO] Sending reply to client 'OK'
ptd-server 2023-02-23 03:22:53,745 [INFO] Got command from the client 'session,2023-02-23_03-12-02,stop,ranging'
ptd-server 2023-02-23 03:23:03,756 [INFO] Sending to ptd: 'Stop'
ptd-server 2023-02-23 03:23:03,756 [INFO] Reply from ptd: 'Stopping untimed measurement'
ptd-server 2023-02-23 03:23:04,235 [INFO] Sending reply to client 'OK'
ptd-server 2023-02-23 03:23:04,267 [INFO] Got command from the client 'time'
ptd-server 2023-02-23 03:23:04,267 [INFO] Sending reply to client '1677122584.2674196'
ptd-server 2023-02-23 03:23:04,268 [INFO] Got command from the client 'session,2023-02-23_03-12-02,start,testing'
ptd-server 2023-02-23 03:23:04,268 [INFO] Sending to ptd: 'SR,V,252.730000'
ptd-server 2023-02-23 03:23:05,843 [INFO] Reply from ptd: 'Range V changed'
ptd-server 2023-02-23 03:23:05,843 [INFO] Sending to ptd: 'SR,A,0.049080'
ptd-server 2023-02-23 03:23:07,344 [INFO] Reply from ptd: 'Range A changed'
ptd-server 2023-02-23 03:23:17,355 [INFO] Starting testing mode
ptd-server 2023-02-23 03:23:17,355 [INFO] Sending to ptd: 'Go,1000,0,2023-02-23_03-12-02_testing'
ptd-server 2023-02-23 03:23:17,355 [INFO] Reply from ptd: 'Starting untimed measurement, maximum 500000 samples at 1000ms with 0 rampup samples'
ptd-server 2023-02-23 03:23:17,355 [INFO] Sending reply to client 'OK'
ptd-server 2023-02-23 03:33:40,672 [INFO] Got command from the client 'session,2023-02-23_03-12-02,stop,testing'
ptd-server 2023-02-23 03:33:50,682 [INFO] Sending to ptd: 'Stop'
ptd-server 2023-02-23 03:33:50,683 [INFO] Reply from ptd: 'Stopping untimed measurement'
ptd-server 2023-02-23 03:33:50,936 [INFO] Sending reply to client 'OK'
ptd-server 2023-02-23 03:33:50,944 [INFO] Got command from the client 'session,2023-02-23_03-12-02,done'
ptd-server 2023-02-23 03:33:50,944 [INFO] Sending to ptd: 'Stop'
ptd-server 2023-02-23 03:33:51,356 [INFO] Reply from ptd: 'Error: no measurement to stop'
ptd-server 2023-02-23 03:33:51,356 [INFO] Sending to ptd: 'SR,V,Auto'
ptd-server 2023-02-23 03:33:51,858 [INFO] Reply from ptd: 'Range V changed'
ptd-server 2023-02-23 03:33:51,859 [INFO] Sending to ptd: 'SR,A,Auto'
ptd-server 2023-02-23 03:33:52,361 [INFO] Reply from ptd: 'Range A changed'
ptd-server 2023-02-23 03:33:52,361 [INFO] Set initial values for Amps Auto and Volts Auto
ptd-server 2023-02-23 03:33:52,361 [INFO] Stopping ptd...
