ptd-server 2023-02-28 03:20:48,811 [INFO] Got command from the client 'time'
ptd-server 2023-02-28 03:20:48,811 [INFO] Sending reply to client '1677576048.8115675'
ptd-server 2023-02-28 03:20:48,813 [INFO] Got command from the client 'new,,ea2e639c-1a98-4cf6-9a49-703d84e76a17'
ptd-server 2023-02-28 03:20:48,813 [INFO] Sending reply to client 'OK 2023-02-28_03-20-48,7c59b09d-8462-4251-9719-443337e3d940'
ptd-server 2023-02-28 03:20:48,893 [INFO] Got command from the client 'time'
ptd-server 2023-02-28 03:20:48,893 [INFO] Sending reply to client '1677576048.893861'
ptd-server 2023-02-28 03:20:48,895 [INFO] Got command from the client 'session,2023-02-28_03-20-48,start,ranging'
ptd-server 2023-02-28 03:20:48,895 [INFO] Running PTDaemon: ['/local/mnt/workspace/mlcommons/power-main/inference_v1.0/ptd-linux-x86', '-l', '/tmp/tmpan3h5n7p/ptd_logfile.txt', '-p', '8888', '-c', '1', '49', '/dev/usbtmc0']
ptd-server 2023-02-28 03:21:05,919 [INFO] Sending to ptd: 'Hello'
ptd-server 2023-02-28 03:21:05,920 [INFO] Reply from ptd: 'Hello, PTDaemon here!'
ptd-server 2023-02-28 03:21:05,920 [INFO] Sending to ptd: 'Identify'
ptd-server 2023-02-28 03:21:05,921 [INFO] Reply from ptd: 'YokogawaWT310E,1000,1,1,1,1,0,1,1,version=1.10.0-ed9a21d2-20220817,OS=Linux 5.4.0-120-generic #136~18.04.1-Ubuntu SMP Fri Jun 10 18:00:44 UTC 2022 x86_64,mode=power,1,1,1,0,0,no_cal_date,YOKOGAWA;WT310E;C2YK12023V;F1.04'
ptd-server 2023-02-28 03:21:05,921 [INFO] Connected to PTDaemon
ptd-server 2023-02-28 03:21:05,921 [INFO] Sending to ptd: 'RR'
ptd-server 2023-02-28 03:21:05,922 [INFO] Reply from ptd: 'Ranges,1,5.000000,1,150.000000'
ptd-server 2023-02-28 03:21:05,922 [INFO] Initial range for Amps is Auto for Volts is Auto
ptd-server 2023-02-28 03:21:05,922 [INFO] Sending to ptd: 'SR,V,Auto'
ptd-server 2023-02-28 03:21:06,425 [INFO] Reply from ptd: 'Range V changed'
ptd-server 2023-02-28 03:21:06,426 [INFO] Sending to ptd: 'SR,A,Auto'
ptd-server 2023-02-28 03:21:06,929 [INFO] Reply from ptd: 'Range A changed'
ptd-server 2023-02-28 03:21:16,929 [INFO] Starting ranging mode
ptd-server 2023-02-28 03:21:16,930 [INFO] Sending to ptd: 'Go,1000,0,2023-02-28_03-20-48_ranging'
ptd-server 2023-02-28 03:21:16,930 [INFO] Reply from ptd: 'Starting untimed measurement, maximum 500000 samples at 1000ms with 0 rampup samples'
ptd-server 2023-02-28 03:21:16,931 [INFO] Sending reply to client 'OK'
ptd-server 2023-02-28 03:34:14,355 [INFO] Got command from the client 'session,2023-02-28_03-20-48,stop,ranging'
ptd-server 2023-02-28 03:34:24,365 [INFO] Sending to ptd: 'Stop'
ptd-server 2023-02-28 03:34:24,366 [INFO] Reply from ptd: 'Stopping untimed measurement'
ptd-server 2023-02-28 03:34:24,430 [INFO] Sending reply to client 'OK'
ptd-server 2023-02-28 03:34:24,516 [INFO] Got command from the client 'time'
ptd-server 2023-02-28 03:34:24,517 [INFO] Sending reply to client '1677576864.516993'
ptd-server 2023-02-28 03:34:24,517 [INFO] Got command from the client 'session,2023-02-28_03-20-48,start,testing'
ptd-server 2023-02-28 03:34:24,518 [INFO] Sending to ptd: 'SR,V,123.600000'
ptd-server 2023-02-28 03:34:26,432 [INFO] Reply from ptd: 'Range V changed'
ptd-server 2023-02-28 03:34:26,433 [INFO] Sending to ptd: 'SR,A,3.882700'
ptd-server 2023-02-28 03:34:27,935 [INFO] Reply from ptd: 'Range A changed'
ptd-server 2023-02-28 03:34:37,945 [INFO] Starting testing mode
ptd-server 2023-02-28 03:34:37,946 [INFO] Sending to ptd: 'Go,1000,0,2023-02-28_03-20-48_testing'
ptd-server 2023-02-28 03:34:37,946 [INFO] Reply from ptd: 'Starting untimed measurement, maximum 500000 samples at 1000ms with 0 rampup samples'
ptd-server 2023-02-28 03:34:37,947 [INFO] Sending reply to client 'OK'
ptd-server 2023-02-28 03:47:35,504 [INFO] Got command from the client 'session,2023-02-28_03-20-48,stop,testing'
ptd-server 2023-02-28 03:47:45,515 [INFO] Sending to ptd: 'Stop'
ptd-server 2023-02-28 03:47:45,516 [INFO] Reply from ptd: 'Stopping untimed measurement'
ptd-server 2023-02-28 03:47:45,552 [INFO] Sending reply to client 'OK'
ptd-server 2023-02-28 03:47:45,558 [INFO] Got command from the client 'session,2023-02-28_03-20-48,done'
ptd-server 2023-02-28 03:47:45,558 [INFO] Sending to ptd: 'Stop'
ptd-server 2023-02-28 03:47:45,947 [INFO] Reply from ptd: 'Error: no measurement to stop'
ptd-server 2023-02-28 03:47:45,947 [INFO] Sending to ptd: 'SR,V,Auto'
ptd-server 2023-02-28 03:47:46,450 [INFO] Reply from ptd: 'Range V changed'
ptd-server 2023-02-28 03:47:46,450 [INFO] Sending to ptd: 'SR,A,Auto'
ptd-server 2023-02-28 03:47:46,954 [INFO] Reply from ptd: 'Range A changed'
ptd-server 2023-02-28 03:47:46,954 [INFO] Set initial values for Amps Auto and Volts Auto
ptd-server 2023-02-28 03:47:46,954 [INFO] Stopping ptd...
