ptd-server 2023-02-24 12:42:21,853 [INFO] Got command from the client 'stop'
ptd-server 2023-02-24 12:42:21,853 [INFO] The server will be stopped after processing this client
ptd-server 2023-02-24 12:42:21,853 [INFO] Sending reply to client 'OK'
ptd-server 2023-02-24 12:42:22,328 [INFO] Got command from the client 'time'
ptd-server 2023-02-24 12:42:22,329 [INFO] Sending reply to client '1677271342.329002'
ptd-server 2023-02-24 12:42:22,330 [INFO] Got command from the client 'new,,f7e9aaeb-305a-469c-8281-fcc692adcdf8'
ptd-server 2023-02-24 12:42:22,331 [INFO] Sending reply to client 'OK 2023-02-24_12-42-22,ce521a05-1768-4569-b712-02680cd53caa'
ptd-server 2023-02-24 12:42:22,552 [INFO] Got command from the client 'time'
ptd-server 2023-02-24 12:42:22,552 [INFO] Sending reply to client '1677271342.5523207'
ptd-server 2023-02-24 12:42:22,553 [INFO] Got command from the client 'session,2023-02-24_12-42-22,start,ranging'
ptd-server 2023-02-24 12:42:22,553 [INFO] Running PTDaemon: ['/usr/bin/ptd-linux-x86', '-l', '/tmp/tmpnrz9891m/ptd_logfile.txt', '-p', '8888', '-c', '1,3', '-y', '77', '10.117.68.101']
ptd-server 2023-02-24 12:42:42,338 [INFO] Sending to ptd: 'Hello'
ptd-server 2023-02-24 12:42:42,339 [INFO] Reply from ptd: 'Hello, PTDaemon here!'
ptd-server 2023-02-24 12:42:42,339 [INFO] Sending to ptd: 'Identify'
ptd-server 2023-02-24 12:42:42,339 [INFO] Reply from ptd: 'YokogawaWT330_multichannel,1000,1,1,1,1,0,0,1,version=1.10.0-ed9a21d2-20220817,OS=Linux 5.15.0-60-generic #66~20.04.1-Ubuntu SMP Wed Jan 25 09:41:30 UTC 2023 x86_64,mode=power,1,1,3,0,0,no_cal_date,YOKOGAWA;WT333E;C2XL24034V;F1.04'
ptd-server 2023-02-24 12:42:42,339 [INFO] Connected to PTDaemon
ptd-server 2023-02-24 12:42:42,339 [INFO] Sending to ptd: 'RR'
ptd-server 2023-02-24 12:42:42,339 [INFO] Reply from ptd: 'Ranges,1,2.000000,1,300.000000'
ptd-server 2023-02-24 12:42:42,340 [INFO] Initial range for Amps is Auto for Volts is Auto
ptd-server 2023-02-24 12:42:42,340 [INFO] Sending to ptd: 'SR,V,Auto'
ptd-server 2023-02-24 12:42:47,396 [INFO] Reply from ptd: 'Range V changed'
ptd-server 2023-02-24 12:42:47,396 [INFO] Sending to ptd: 'SR,A,Auto'
ptd-server 2023-02-24 12:42:52,452 [INFO] Reply from ptd: 'Range A changed'
ptd-server 2023-02-24 12:43:02,462 [INFO] Starting ranging mode
ptd-server 2023-02-24 12:43:02,463 [INFO] Sending to ptd: 'Go,1000,0,2023-02-24_12-42-22_ranging'
ptd-server 2023-02-24 12:43:02,463 [INFO] Reply from ptd: 'Starting untimed measurement, maximum 500000 samples at 1000ms with 0 rampup samples'
ptd-server 2023-02-24 12:43:02,463 [INFO] Sending reply to client 'OK'
ptd-server 2023-02-24 12:53:36,815 [INFO] Got command from the client 'session,2023-02-24_12-42-22,stop,ranging'
ptd-server 2023-02-24 12:53:46,826 [INFO] Sending to ptd: 'Stop'
ptd-server 2023-02-24 12:53:46,826 [INFO] Reply from ptd: 'Stopping untimed measurement'
ptd-server 2023-02-24 12:53:46,855 [INFO] Sending reply to client 'OK'
ptd-server 2023-02-24 12:53:47,098 [INFO] Got command from the client 'time'
ptd-server 2023-02-24 12:53:47,098 [INFO] Sending reply to client '1677272027.098298'
ptd-server 2023-02-24 12:53:47,099 [INFO] Got command from the client 'session,2023-02-24_12-42-22,start,testing'
ptd-server 2023-02-24 12:53:47,099 [INFO] Sending to ptd: 'SR,V,206.600000'
ptd-server 2023-02-24 12:53:53,519 [INFO] Reply from ptd: 'Range V changed'
ptd-server 2023-02-24 12:53:53,519 [INFO] Sending to ptd: 'SR,A,4.143200'
ptd-server 2023-02-24 12:53:59,075 [INFO] Reply from ptd: 'Range A changed'
ptd-server 2023-02-24 12:54:09,085 [INFO] Starting testing mode
ptd-server 2023-02-24 12:54:09,085 [INFO] Sending to ptd: 'Go,1000,0,2023-02-24_12-42-22_testing'
ptd-server 2023-02-24 12:54:09,086 [INFO] Reply from ptd: 'Starting untimed measurement, maximum 500000 samples at 1000ms with 0 rampup samples'
ptd-server 2023-02-24 12:54:09,086 [INFO] Sending reply to client 'OK'
ptd-server 2023-02-24 13:04:41,702 [INFO] Got command from the client 'session,2023-02-24_12-42-22,stop,testing'
ptd-server 2023-02-24 13:04:51,712 [INFO] Sending to ptd: 'Stop'
ptd-server 2023-02-24 13:04:51,713 [INFO] Reply from ptd: 'Stopping untimed measurement'
ptd-server 2023-02-24 13:04:51,717 [INFO] Sending reply to client 'OK'
ptd-server 2023-02-24 13:04:51,757 [INFO] Got command from the client 'session,2023-02-24_12-42-22,done'
ptd-server 2023-02-24 13:04:51,757 [INFO] Sending to ptd: 'Stop'
ptd-server 2023-02-24 13:04:52,086 [INFO] Reply from ptd: 'Error: no measurement to stop'
ptd-server 2023-02-24 13:04:52,087 [INFO] Sending to ptd: 'SR,V,Auto'
ptd-server 2023-02-24 13:04:57,142 [INFO] Reply from ptd: 'Range V changed'
ptd-server 2023-02-24 13:04:57,143 [INFO] Sending to ptd: 'SR,A,Auto'
ptd-server 2023-02-24 13:05:02,199 [INFO] Reply from ptd: 'Range A changed'
ptd-server 2023-02-24 13:05:02,199 [INFO] Set initial values for Amps Auto and Volts Auto
ptd-server 2023-02-24 13:05:02,199 [INFO] Stopping ptd...
