ptd-server 2023-03-02 02:19:29,024 [INFO] Got command from the client 'time'
ptd-server 2023-03-02 02:19:29,024 [INFO] Sending reply to client '1677723569.024495'
ptd-server 2023-03-02 02:19:29,026 [INFO] Got command from the client 'new,,da8ffb53-a34a-49b0-8571-c9b60848f5b1'
ptd-server 2023-03-02 02:19:29,026 [INFO] Sending reply to client 'OK 2023-03-02_02-19-29,b83aa03e-f317-49b8-904a-2cfd83082182'
ptd-server 2023-03-02 02:19:29,051 [INFO] Got command from the client 'time'
ptd-server 2023-03-02 02:19:29,051 [INFO] Sending reply to client '1677723569.0518448'
ptd-server 2023-03-02 02:19:29,056 [INFO] Got command from the client 'session,2023-03-02_02-19-29,start,ranging'
ptd-server 2023-03-02 02:19:29,056 [INFO] Running PTDaemon: ['/home/anton/projects/mlperf/power/inference_v1.0/ptd-linux-x86', '-l', '/tmp/tmpjo7pgaee/ptd_logfile.txt', '-p', '8888', '49', '/dev/usbtmc0']
ptd-server 2023-03-02 02:19:46,143 [INFO] Sending to ptd: 'Hello'
ptd-server 2023-03-02 02:19:46,144 [INFO] Reply from ptd: 'Hello, PTDaemon here!'
ptd-server 2023-03-02 02:19:46,144 [INFO] Sending to ptd: 'Identify'
ptd-server 2023-03-02 02:19:46,144 [INFO] Reply from ptd: 'YokogawaWT310E,1000,1,1,1,1,0,1,1,version=1.10.0-ed9a21d2-20220817,OS=Linux 5.15.0-60-generic #66~20.04.1-Ubuntu SMP Wed Jan 25 09:41:30 UTC 2023 x86_64,mode=power,1,1,1,0,0,no_cal_date,YOKOGAWA;WT310E;C3XA04010E;F1.04'
ptd-server 2023-03-02 02:19:46,144 [INFO] Connected to PTDaemon
ptd-server 2023-03-02 02:19:46,144 [INFO] Sending to ptd: 'RR'
ptd-server 2023-03-02 02:19:46,145 [INFO] Reply from ptd: 'Ranges,1,0.100000,1,300.000000'
ptd-server 2023-03-02 02:19:46,145 [INFO] Initial range for Amps is Auto for Volts is Auto
ptd-server 2023-03-02 02:19:46,145 [INFO] Sending to ptd: 'SR,V,Auto'
ptd-server 2023-03-02 02:19:46,647 [INFO] Reply from ptd: 'Range V changed'
ptd-server 2023-03-02 02:19:46,648 [INFO] Sending to ptd: 'SR,A,Auto'
ptd-server 2023-03-02 02:19:47,150 [INFO] Reply from ptd: 'Range A changed'
ptd-server 2023-03-02 02:19:57,160 [INFO] Starting ranging mode
ptd-server 2023-03-02 02:19:57,160 [INFO] Sending to ptd: 'Go,1000,0,2023-03-02_02-19-29_ranging'
ptd-server 2023-03-02 02:19:57,160 [INFO] Reply from ptd: 'Starting untimed measurement, maximum 500000 samples at 1000ms with 0 rampup samples'
ptd-server 2023-03-02 02:19:57,161 [INFO] Sending reply to client 'OK'
ptd-server 2023-03-02 02:30:20,959 [INFO] Got command from the client 'session,2023-03-02_02-19-29,stop,ranging'
ptd-server 2023-03-02 02:30:30,969 [INFO] Sending to ptd: 'Stop'
ptd-server 2023-03-02 02:30:30,970 [INFO] Reply from ptd: 'Stopping untimed measurement'
ptd-server 2023-03-02 02:30:30,996 [INFO] Sending reply to client 'OK'
ptd-server 2023-03-02 02:30:31,089 [INFO] Got command from the client 'time'
ptd-server 2023-03-02 02:30:31,089 [INFO] Sending reply to client '1677724231.0893352'
ptd-server 2023-03-02 02:30:31,092 [INFO] Got command from the client 'session,2023-03-02_02-19-29,start,testing'
ptd-server 2023-03-02 02:30:31,093 [INFO] Sending to ptd: 'SR,V,252.220000'
ptd-server 2023-03-02 02:30:32,663 [INFO] Reply from ptd: 'Range V changed'
ptd-server 2023-03-02 02:30:32,663 [INFO] Sending to ptd: 'SR,A,0.079580'
ptd-server 2023-03-02 02:30:34,164 [INFO] Reply from ptd: 'Range A changed'
ptd-server 2023-03-02 02:30:44,174 [INFO] Starting testing mode
ptd-server 2023-03-02 02:30:44,175 [INFO] Sending to ptd: 'Go,1000,0,2023-03-02_02-19-29_testing'
ptd-server 2023-03-02 02:30:44,175 [INFO] Reply from ptd: 'Starting untimed measurement, maximum 500000 samples at 1000ms with 0 rampup samples'
ptd-server 2023-03-02 02:30:44,175 [INFO] Sending reply to client 'OK'
ptd-server 2023-03-02 02:41:07,943 [INFO] Got command from the client 'session,2023-03-02_02-19-29,stop,testing'
ptd-server 2023-03-02 02:41:17,954 [INFO] Sending to ptd: 'Stop'
ptd-server 2023-03-02 02:41:17,954 [INFO] Reply from ptd: 'Stopping untimed measurement'
ptd-server 2023-03-02 02:41:17,967 [INFO] Sending reply to client 'OK'
ptd-server 2023-03-02 02:41:17,983 [INFO] Got command from the client 'session,2023-03-02_02-19-29,done'
ptd-server 2023-03-02 02:41:17,984 [INFO] Sending to ptd: 'Stop'
ptd-server 2023-03-02 02:41:18,176 [INFO] Reply from ptd: 'Error: no measurement to stop'
ptd-server 2023-03-02 02:41:18,176 [INFO] Sending to ptd: 'SR,V,Auto'
ptd-server 2023-03-02 02:41:18,679 [INFO] Reply from ptd: 'Range V changed'
ptd-server 2023-03-02 02:41:18,679 [INFO] Sending to ptd: 'SR,A,Auto'
ptd-server 2023-03-02 02:41:19,181 [INFO] Reply from ptd: 'Range A changed'
ptd-server 2023-03-02 02:41:19,182 [INFO] Set initial values for Amps Auto and Volts Auto
ptd-server 2023-03-02 02:41:19,182 [INFO] Stopping ptd...
