ptd-server 2023-02-20 08:20:04,097 [INFO] Got command from the client 'time'
ptd-server 2023-02-20 08:20:04,097 [INFO] Sending reply to client '1676881204.09784'
ptd-server 2023-02-20 08:20:04,098 [INFO] Got command from the client 'new,,bf758405-b2c6-4fce-9316-96060f404abb'
ptd-server 2023-02-20 08:20:04,099 [INFO] Sending reply to client 'OK 2023-02-20_08-20-04,fe26de89-e793-4dde-9f4f-ac28cccf138c'
ptd-server 2023-02-20 08:20:04,119 [INFO] Got command from the client 'time'
ptd-server 2023-02-20 08:20:04,119 [INFO] Sending reply to client '1676881204.1195672'
ptd-server 2023-02-20 08:20:04,120 [INFO] Got command from the client 'session,2023-02-20_08-20-04,start,ranging'
ptd-server 2023-02-20 08:20:04,120 [INFO] Running PTDaemon: ['/home/anton/projects/mlperf/power/inference_v1.0/ptd-linux-x86', '-l', '/tmp/tmp4yl1neqp/ptd_logfile.txt', '-p', '8888', '49', '/dev/usbtmc0']
ptd-server 2023-02-20 08:20:21,193 [INFO] Sending to ptd: 'Hello'
ptd-server 2023-02-20 08:20:21,194 [INFO] Reply from ptd: 'Hello, PTDaemon here!'
ptd-server 2023-02-20 08:20:21,194 [INFO] Sending to ptd: 'Identify'
ptd-server 2023-02-20 08:20:21,195 [INFO] Reply from ptd: 'YokogawaWT310E,1000,1,1,1,1,0,1,1,version=1.10.0-ed9a21d2-20220817,OS=Linux 5.15.0-60-generic #66~20.04.1-Ubuntu SMP Wed Jan 25 09:41:30 UTC 2023 x86_64,mode=power,1,1,1,0,0,no_cal_date,YOKOGAWA;WT310E;C3XA04010E;F1.04'
ptd-server 2023-02-20 08:20:21,195 [INFO] Connected to PTDaemon
ptd-server 2023-02-20 08:20:21,195 [INFO] Sending to ptd: 'RR'
ptd-server 2023-02-20 08:20:21,195 [INFO] Reply from ptd: 'Ranges,0,0.500000,1,300.000000'
ptd-server 2023-02-20 08:20:21,195 [INFO] Initial range for Amps is 0.500000 for Volts is Auto
ptd-server 2023-02-20 08:20:21,195 [INFO] Sending to ptd: 'SR,V,Auto'
ptd-server 2023-02-20 08:20:21,698 [INFO] Reply from ptd: 'Range V changed'
ptd-server 2023-02-20 08:20:21,698 [INFO] Sending to ptd: 'SR,A,Auto'
ptd-server 2023-02-20 08:20:22,201 [INFO] Reply from ptd: 'Range A changed'
ptd-server 2023-02-20 08:20:32,211 [INFO] Starting ranging mode
ptd-server 2023-02-20 08:20:32,211 [INFO] Sending to ptd: 'Go,1000,0,2023-02-20_08-20-04_ranging'
ptd-server 2023-02-20 08:20:32,211 [INFO] Reply from ptd: 'Starting untimed measurement, maximum 500000 samples at 1000ms with 0 rampup samples'
ptd-server 2023-02-20 08:20:32,212 [INFO] Sending reply to client 'OK'
ptd-server 2023-02-20 08:30:59,369 [INFO] Got command from the client 'session,2023-02-20_08-20-04,stop,ranging'
ptd-server 2023-02-20 08:31:09,379 [INFO] Sending to ptd: 'Stop'
ptd-server 2023-02-20 08:31:09,380 [INFO] Reply from ptd: 'Stopping untimed measurement'
ptd-server 2023-02-20 08:31:09,546 [INFO] Sending reply to client 'OK'
ptd-server 2023-02-20 08:31:09,631 [INFO] Got command from the client 'time'
ptd-server 2023-02-20 08:31:09,631 [INFO] Sending reply to client '1676881869.6316342'
ptd-server 2023-02-20 08:31:09,632 [INFO] Got command from the client 'session,2023-02-20_08-20-04,start,testing'
ptd-server 2023-02-20 08:31:09,633 [INFO] Sending to ptd: 'SR,V,253.090000'
ptd-server 2023-02-20 08:31:11,713 [INFO] Reply from ptd: 'Range V changed'
ptd-server 2023-02-20 08:31:11,713 [INFO] Sending to ptd: 'SR,A,0.073810'
ptd-server 2023-02-20 08:31:13,214 [INFO] Reply from ptd: 'Range A changed'
ptd-server 2023-02-20 08:31:23,225 [INFO] Starting testing mode
ptd-server 2023-02-20 08:31:23,225 [INFO] Sending to ptd: 'Go,1000,0,2023-02-20_08-20-04_testing'
ptd-server 2023-02-20 08:31:23,225 [INFO] Reply from ptd: 'Starting untimed measurement, maximum 500000 samples at 1000ms with 0 rampup samples'
ptd-server 2023-02-20 08:31:23,225 [INFO] Sending reply to client 'OK'
ptd-server 2023-02-20 08:41:50,125 [INFO] Got command from the client 'session,2023-02-20_08-20-04,stop,testing'
ptd-server 2023-02-20 08:42:00,135 [INFO] Sending to ptd: 'Stop'
ptd-server 2023-02-20 08:42:00,136 [INFO] Reply from ptd: 'Stopping untimed measurement'
ptd-server 2023-02-20 08:42:00,227 [INFO] Sending reply to client 'OK'
ptd-server 2023-02-20 08:42:00,234 [INFO] Got command from the client 'session,2023-02-20_08-20-04,done'
ptd-server 2023-02-20 08:42:00,235 [INFO] Sending to ptd: 'Stop'
ptd-server 2023-02-20 08:42:00,235 [INFO] Reply from ptd: 'Error: no measurement to stop'
ptd-server 2023-02-20 08:42:00,235 [INFO] Sending to ptd: 'SR,V,Auto'
ptd-server 2023-02-20 08:42:00,737 [INFO] Reply from ptd: 'Range V changed'
ptd-server 2023-02-20 08:42:00,738 [INFO] Sending to ptd: 'SR,A,0.500000'
ptd-server 2023-02-20 08:42:02,239 [INFO] Reply from ptd: 'Range A changed'
ptd-server 2023-02-20 08:42:02,239 [INFO] Set initial values for Amps 0.500000 and Volts Auto
ptd-server 2023-02-20 08:42:02,239 [INFO] Stopping ptd...
