ptd-server 2023-02-27 18:13:54,170 [INFO] Got command from the client 'time'
ptd-server 2023-02-27 18:13:54,170 [INFO] Sending reply to client '1677521634.1704614'
ptd-server 2023-02-27 18:13:54,171 [INFO] Got command from the client 'new,,b2cffee9-5389-4657-865a-bfcde8866d59'
ptd-server 2023-02-27 18:13:54,172 [INFO] Sending reply to client 'OK 2023-02-27_18-13-54,afa10531-2f2f-48b8-94e6-b5165b91deda'
ptd-server 2023-02-27 18:13:54,221 [INFO] Got command from the client 'time'
ptd-server 2023-02-27 18:13:54,221 [INFO] Sending reply to client '1677521634.2213078'
ptd-server 2023-02-27 18:13:54,222 [INFO] Got command from the client 'session,2023-02-27_18-13-54,start,ranging'
ptd-server 2023-02-27 18:13:54,222 [INFO] Running PTDaemon: ['/home/anton/projects/mlperf/power/inference_v1.0/ptd-linux-x86', '-l', '/tmp/tmpu4v721n6/ptd_logfile.txt', '-p', '8888', '49', '/dev/usbtmc0']
ptd-server 2023-02-27 18:14:11,309 [INFO] Sending to ptd: 'Hello'
ptd-server 2023-02-27 18:14:11,309 [INFO] Reply from ptd: 'Hello, PTDaemon here!'
ptd-server 2023-02-27 18:14:11,310 [INFO] Sending to ptd: 'Identify'
ptd-server 2023-02-27 18:14:11,310 [INFO] Reply from ptd: 'YokogawaWT310E,1000,1,1,1,1,0,1,1,version=1.10.0-ed9a21d2-20220817,OS=Linux 5.15.0-60-generic #66~20.04.1-Ubuntu SMP Wed Jan 25 09:41:30 UTC 2023 x86_64,mode=power,1,1,1,0,0,no_cal_date,YOKOGAWA;WT310E;C3XA04010E;F1.04'
ptd-server 2023-02-27 18:14:11,310 [INFO] Connected to PTDaemon
ptd-server 2023-02-27 18:14:11,310 [INFO] Sending to ptd: 'RR'
ptd-server 2023-02-27 18:14:11,310 [INFO] Reply from ptd: 'Ranges,0,0.100000,0,300.000000'
ptd-server 2023-02-27 18:14:11,311 [INFO] Initial range for Amps is 0.100000 for Volts is 300.000000
ptd-server 2023-02-27 18:14:11,311 [INFO] Sending to ptd: 'SR,V,Auto'
ptd-server 2023-02-27 18:14:11,813 [INFO] Reply from ptd: 'Range V changed'
ptd-server 2023-02-27 18:14:11,813 [INFO] Sending to ptd: 'SR,A,Auto'
ptd-server 2023-02-27 18:14:12,316 [INFO] Reply from ptd: 'Range A changed'
ptd-server 2023-02-27 18:14:22,326 [INFO] Starting ranging mode
ptd-server 2023-02-27 18:14:22,326 [INFO] Sending to ptd: 'Go,1000,0,2023-02-27_18-13-54_ranging'
ptd-server 2023-02-27 18:14:22,327 [INFO] Reply from ptd: 'Starting untimed measurement, maximum 500000 samples at 1000ms with 0 rampup samples'
ptd-server 2023-02-27 18:14:22,327 [INFO] Sending reply to client 'OK'
ptd-server 2023-02-27 18:24:40,275 [INFO] Got command from the client 'session,2023-02-27_18-13-54,stop,ranging'
ptd-server 2023-02-27 18:24:50,284 [INFO] Sending to ptd: 'Stop'
ptd-server 2023-02-27 18:24:50,284 [INFO] Reply from ptd: 'Stopping untimed measurement'
ptd-server 2023-02-27 18:24:50,637 [INFO] Sending reply to client 'OK'
ptd-server 2023-02-27 18:24:50,680 [INFO] Got command from the client 'time'
ptd-server 2023-02-27 18:24:50,681 [INFO] Sending reply to client '1677522290.6809793'
ptd-server 2023-02-27 18:24:50,683 [INFO] Got command from the client 'session,2023-02-27_18-13-54,start,testing'
ptd-server 2023-02-27 18:24:50,683 [INFO] Sending to ptd: 'SR,V,251.650000'
ptd-server 2023-02-27 18:24:52,185 [INFO] Reply from ptd: 'Range V changed'
ptd-server 2023-02-27 18:24:52,185 [INFO] Sending to ptd: 'SR,A,0.066100'
ptd-server 2023-02-27 18:24:53,686 [INFO] Reply from ptd: 'Range A changed'
ptd-server 2023-02-27 18:25:03,696 [INFO] Starting testing mode
ptd-server 2023-02-27 18:25:03,697 [INFO] Sending to ptd: 'Go,1000,0,2023-02-27_18-13-54_testing'
ptd-server 2023-02-27 18:25:03,697 [INFO] Reply from ptd: 'Starting untimed measurement, maximum 500000 samples at 1000ms with 0 rampup samples'
ptd-server 2023-02-27 18:25:03,697 [INFO] Sending reply to client 'OK'
ptd-server 2023-02-27 18:35:21,576 [INFO] Got command from the client 'session,2023-02-27_18-13-54,stop,testing'
ptd-server 2023-02-27 18:35:31,586 [INFO] Sending to ptd: 'Stop'
ptd-server 2023-02-27 18:35:31,587 [INFO] Reply from ptd: 'Stopping untimed measurement'
ptd-server 2023-02-27 18:35:31,771 [INFO] Sending reply to client 'OK'
ptd-server 2023-02-27 18:35:31,791 [INFO] Got command from the client 'session,2023-02-27_18-13-54,done'
ptd-server 2023-02-27 18:35:31,792 [INFO] Sending to ptd: 'Stop'
ptd-server 2023-02-27 18:35:31,792 [INFO] Reply from ptd: 'Error: no measurement to stop'
ptd-server 2023-02-27 18:35:31,792 [INFO] Sending to ptd: 'SR,V,300.000000'
ptd-server 2023-02-27 18:35:33,293 [INFO] Reply from ptd: 'Range V changed'
ptd-server 2023-02-27 18:35:33,294 [INFO] Sending to ptd: 'SR,A,0.100000'
ptd-server 2023-02-27 18:35:34,795 [INFO] Reply from ptd: 'Range A changed'
ptd-server 2023-02-27 18:35:34,795 [INFO] Set initial values for Amps 0.100000 and Volts 300.000000
ptd-server 2023-02-27 18:35:34,795 [INFO] Stopping ptd...
