ptd-server 2023-02-22 03:18:57,538 [INFO] Got command from the client 'time'
ptd-server 2023-02-22 03:18:57,538 [INFO] Sending reply to client '1677035937.5387864'
ptd-server 2023-02-22 03:18:57,539 [INFO] Got command from the client 'new,,0ce419d2-ec70-4b6b-8cdf-cb01e8625f5f'
ptd-server 2023-02-22 03:18:57,540 [INFO] Sending reply to client 'OK 2023-02-22_03-18-57,e89d4481-8b9a-4a38-a932-f6a843cbd177'
ptd-server 2023-02-22 03:18:57,561 [INFO] Got command from the client 'time'
ptd-server 2023-02-22 03:18:57,561 [INFO] Sending reply to client '1677035937.5617905'
ptd-server 2023-02-22 03:18:57,562 [INFO] Got command from the client 'session,2023-02-22_03-18-57,start,ranging'
ptd-server 2023-02-22 03:18:57,563 [INFO] Running PTDaemon: ['/home/anton/projects/mlperf/power/inference_v1.0/ptd-linux-x86', '-l', '/tmp/tmp4yl1neqp/ptd_logfile.txt', '-p', '8888', '49', '/dev/usbtmc0']
ptd-server 2023-02-22 03:19:14,637 [INFO] Sending to ptd: 'Hello'
ptd-server 2023-02-22 03:19:14,638 [INFO] Reply from ptd: 'Hello, PTDaemon here!'
ptd-server 2023-02-22 03:19:14,638 [INFO] Sending to ptd: 'Identify'
ptd-server 2023-02-22 03:19:14,638 [INFO] Reply from ptd: 'YokogawaWT310E,1000,1,1,1,1,0,1,1,version=1.10.0-ed9a21d2-20220817,OS=Linux 5.15.0-60-generic #66~20.04.1-Ubuntu SMP Wed Jan 25 09:41:30 UTC 2023 x86_64,mode=power,1,1,1,0,0,no_cal_date,YOKOGAWA;WT310E;C3XA04010E;F1.04'
ptd-server 2023-02-22 03:19:14,638 [INFO] Connected to PTDaemon
ptd-server 2023-02-22 03:19:14,638 [INFO] Sending to ptd: 'RR'
ptd-server 2023-02-22 03:19:14,639 [INFO] Reply from ptd: 'Ranges,1,0.100000,1,300.000000'
ptd-server 2023-02-22 03:19:14,639 [INFO] Initial range for Amps is Auto for Volts is Auto
ptd-server 2023-02-22 03:19:14,639 [INFO] Sending to ptd: 'SR,V,Auto'
ptd-server 2023-02-22 03:19:15,141 [INFO] Reply from ptd: 'Range V changed'
ptd-server 2023-02-22 03:19:15,142 [INFO] Sending to ptd: 'SR,A,Auto'
ptd-server 2023-02-22 03:19:15,644 [INFO] Reply from ptd: 'Range A changed'
ptd-server 2023-02-22 03:19:25,654 [INFO] Starting ranging mode
ptd-server 2023-02-22 03:19:25,655 [INFO] Sending to ptd: 'Go,1000,0,2023-02-22_03-18-57_ranging'
ptd-server 2023-02-22 03:19:25,655 [INFO] Reply from ptd: 'Starting untimed measurement, maximum 500000 samples at 1000ms with 0 rampup samples'
ptd-server 2023-02-22 03:19:25,655 [INFO] Sending reply to client 'OK'
ptd-server 2023-02-22 03:29:56,693 [INFO] Got command from the client 'session,2023-02-22_03-18-57,stop,ranging'
ptd-server 2023-02-22 03:30:06,704 [INFO] Sending to ptd: 'Stop'
ptd-server 2023-02-22 03:30:06,704 [INFO] Reply from ptd: 'Stopping untimed measurement'
ptd-server 2023-02-22 03:30:07,080 [INFO] Sending reply to client 'OK'
ptd-server 2023-02-22 03:30:07,112 [INFO] Got command from the client 'time'
ptd-server 2023-02-22 03:30:07,112 [INFO] Sending reply to client '1677036607.1123593'
ptd-server 2023-02-22 03:30:07,113 [INFO] Got command from the client 'session,2023-02-22_03-18-57,start,testing'
ptd-server 2023-02-22 03:30:07,113 [INFO] Sending to ptd: 'SR,V,251.990000'
ptd-server 2023-02-22 03:30:09,157 [INFO] Reply from ptd: 'Range V changed'
ptd-server 2023-02-22 03:30:09,157 [INFO] Sending to ptd: 'SR,A,0.047750'
ptd-server 2023-02-22 03:30:10,659 [INFO] Reply from ptd: 'Range A changed'
ptd-server 2023-02-22 03:30:20,669 [INFO] Starting testing mode
ptd-server 2023-02-22 03:30:20,669 [INFO] Sending to ptd: 'Go,1000,0,2023-02-22_03-18-57_testing'
ptd-server 2023-02-22 03:30:20,669 [INFO] Reply from ptd: 'Starting untimed measurement, maximum 500000 samples at 1000ms with 0 rampup samples'
ptd-server 2023-02-22 03:30:20,670 [INFO] Sending reply to client 'OK'
ptd-server 2023-02-22 03:40:51,753 [INFO] Got command from the client 'session,2023-02-22_03-18-57,stop,testing'
ptd-server 2023-02-22 03:41:01,763 [INFO] Sending to ptd: 'Stop'
ptd-server 2023-02-22 03:41:01,763 [INFO] Reply from ptd: 'Stopping untimed measurement'
ptd-server 2023-02-22 03:41:01,962 [INFO] Sending reply to client 'OK'
ptd-server 2023-02-22 03:41:01,969 [INFO] Got command from the client 'session,2023-02-22_03-18-57,done'
ptd-server 2023-02-22 03:41:01,969 [INFO] Sending to ptd: 'Stop'
ptd-server 2023-02-22 03:41:02,670 [INFO] Reply from ptd: 'Error: no measurement to stop'
ptd-server 2023-02-22 03:41:02,670 [INFO] Sending to ptd: 'SR,V,Auto'
ptd-server 2023-02-22 03:41:03,173 [INFO] Reply from ptd: 'Range V changed'
ptd-server 2023-02-22 03:41:03,173 [INFO] Sending to ptd: 'SR,A,Auto'
ptd-server 2023-02-22 03:41:03,675 [INFO] Reply from ptd: 'Range A changed'
ptd-server 2023-02-22 03:41:03,675 [INFO] Set initial values for Amps Auto and Volts Auto
ptd-server 2023-02-22 03:41:03,675 [INFO] Stopping ptd...
