ptd-server 2023-02-20 19:18:15,908 [INFO] Got command from the client 'time'
ptd-server 2023-02-20 19:18:15,909 [INFO] Sending reply to client '1676920695.9090369'
ptd-server 2023-02-20 19:18:15,910 [INFO] Got command from the client 'new,,06d37eec-ad2b-4791-b9aa-5b059b7381c5'
ptd-server 2023-02-20 19:18:15,910 [INFO] Sending reply to client 'OK 2023-02-20_19-18-15,c96e202e-ff6b-4840-a38e-111c18794fad'
ptd-server 2023-02-20 19:18:15,946 [INFO] Got command from the client 'time'
ptd-server 2023-02-20 19:18:15,947 [INFO] Sending reply to client '1676920695.9469728'
ptd-server 2023-02-20 19:18:15,948 [INFO] Got command from the client 'session,2023-02-20_19-18-15,start,ranging'
ptd-server 2023-02-20 19:18:15,948 [INFO] Running PTDaemon: ['/home/anton/projects/mlperf/power/inference_v1.0/ptd-linux-x86', '-l', '/tmp/tmp4yl1neqp/ptd_logfile.txt', '-p', '8888', '49', '/dev/usbtmc0']
ptd-server 2023-02-20 19:18:33,021 [INFO] Sending to ptd: 'Hello'
ptd-server 2023-02-20 19:18:33,021 [INFO] Reply from ptd: 'Hello, PTDaemon here!'
ptd-server 2023-02-20 19:18:33,022 [INFO] Sending to ptd: 'Identify'
ptd-server 2023-02-20 19:18:33,022 [INFO] Reply from ptd: 'YokogawaWT310E,1000,1,1,1,1,0,1,1,version=1.10.0-ed9a21d2-20220817,OS=Linux 5.15.0-60-generic #66~20.04.1-Ubuntu SMP Wed Jan 25 09:41:30 UTC 2023 x86_64,mode=power,1,1,1,0,0,no_cal_date,YOKOGAWA;WT310E;C3XA04010E;F1.04'
ptd-server 2023-02-20 19:18:33,022 [INFO] Connected to PTDaemon
ptd-server 2023-02-20 19:18:33,022 [INFO] Sending to ptd: 'RR'
ptd-server 2023-02-20 19:18:33,023 [INFO] Reply from ptd: 'Ranges,1,0.100000,1,300.000000'
ptd-server 2023-02-20 19:18:33,023 [INFO] Initial range for Amps is Auto for Volts is Auto
ptd-server 2023-02-20 19:18:33,023 [INFO] Sending to ptd: 'SR,V,Auto'
ptd-server 2023-02-20 19:18:33,525 [INFO] Reply from ptd: 'Range V changed'
ptd-server 2023-02-20 19:18:33,525 [INFO] Sending to ptd: 'SR,A,Auto'
ptd-server 2023-02-20 19:18:34,028 [INFO] Reply from ptd: 'Range A changed'
ptd-server 2023-02-20 19:18:44,038 [INFO] Starting ranging mode
ptd-server 2023-02-20 19:18:44,038 [INFO] Sending to ptd: 'Go,1000,0,2023-02-20_19-18-15_ranging'
ptd-server 2023-02-20 19:18:44,039 [INFO] Reply from ptd: 'Starting untimed measurement, maximum 500000 samples at 1000ms with 0 rampup samples'
ptd-server 2023-02-20 19:18:44,039 [INFO] Sending reply to client 'OK'
ptd-server 2023-02-20 19:29:11,381 [INFO] Got command from the client 'session,2023-02-20_19-18-15,stop,ranging'
ptd-server 2023-02-20 19:29:21,391 [INFO] Sending to ptd: 'Stop'
ptd-server 2023-02-20 19:29:21,392 [INFO] Reply from ptd: 'Stopping untimed measurement'
ptd-server 2023-02-20 19:29:21,621 [INFO] Sending reply to client 'OK'
ptd-server 2023-02-20 19:29:21,717 [INFO] Got command from the client 'time'
ptd-server 2023-02-20 19:29:21,717 [INFO] Sending reply to client '1676921361.717609'
ptd-server 2023-02-20 19:29:21,718 [INFO] Got command from the client 'session,2023-02-20_19-18-15,start,testing'
ptd-server 2023-02-20 19:29:21,718 [INFO] Sending to ptd: 'SR,V,251.570000'
ptd-server 2023-02-20 19:29:23,540 [INFO] Reply from ptd: 'Range V changed'
ptd-server 2023-02-20 19:29:23,540 [INFO] Sending to ptd: 'SR,A,0.075200'
ptd-server 2023-02-20 19:29:25,042 [INFO] Reply from ptd: 'Range A changed'
ptd-server 2023-02-20 19:29:35,052 [INFO] Starting testing mode
ptd-server 2023-02-20 19:29:35,052 [INFO] Sending to ptd: 'Go,1000,0,2023-02-20_19-18-15_testing'
ptd-server 2023-02-20 19:29:35,052 [INFO] Reply from ptd: 'Starting untimed measurement, maximum 500000 samples at 1000ms with 0 rampup samples'
ptd-server 2023-02-20 19:29:35,053 [INFO] Sending reply to client 'OK'
ptd-server 2023-02-20 19:40:02,170 [INFO] Got command from the client 'session,2023-02-20_19-18-15,stop,testing'
ptd-server 2023-02-20 19:40:12,181 [INFO] Sending to ptd: 'Stop'
ptd-server 2023-02-20 19:40:12,181 [INFO] Reply from ptd: 'Stopping untimed measurement'
ptd-server 2023-02-20 19:40:12,309 [INFO] Sending reply to client 'OK'
ptd-server 2023-02-20 19:40:12,317 [INFO] Got command from the client 'session,2023-02-20_19-18-15,done'
ptd-server 2023-02-20 19:40:12,317 [INFO] Sending to ptd: 'Stop'
ptd-server 2023-02-20 19:40:13,053 [INFO] Reply from ptd: 'Error: no measurement to stop'
ptd-server 2023-02-20 19:40:13,053 [INFO] Sending to ptd: 'SR,V,Auto'
ptd-server 2023-02-20 19:40:13,555 [INFO] Reply from ptd: 'Range V changed'
ptd-server 2023-02-20 19:40:13,555 [INFO] Sending to ptd: 'SR,A,Auto'
ptd-server 2023-02-20 19:40:14,058 [INFO] Reply from ptd: 'Range A changed'
ptd-server 2023-02-20 19:40:14,058 [INFO] Set initial values for Amps Auto and Volts Auto
ptd-server 2023-02-20 19:40:14,058 [INFO] Stopping ptd...
