ptd-server 2023-03-01 15:58:17,152 [INFO] Got command from the client 'time'
ptd-server 2023-03-01 15:58:17,152 [INFO] Sending reply to client '1677686297.1529448'
ptd-server 2023-03-01 15:58:17,154 [INFO] Got command from the client 'new,,3052efc1-015a-4957-a6f4-55c4fe21a628'
ptd-server 2023-03-01 15:58:17,155 [INFO] Sending reply to client 'OK 2023-03-01_15-58-17,3b05afba-88ba-4a44-97fe-bc38893c7659'
ptd-server 2023-03-01 15:58:17,179 [INFO] Got command from the client 'time'
ptd-server 2023-03-01 15:58:17,179 [INFO] Sending reply to client '1677686297.1792214'
ptd-server 2023-03-01 15:58:17,184 [INFO] Got command from the client 'session,2023-03-01_15-58-17,start,ranging'
ptd-server 2023-03-01 15:58:17,184 [INFO] Running PTDaemon: ['/home/anton/projects/mlperf/power/inference_v1.0/ptd-linux-x86', '-l', '/tmp/tmpu4v721n6/ptd_logfile.txt', '-p', '8888', '49', '/dev/usbtmc0']
ptd-server 2023-03-01 15:58:34,271 [INFO] Sending to ptd: 'Hello'
ptd-server 2023-03-01 15:58:34,272 [INFO] Reply from ptd: 'Hello, PTDaemon here!'
ptd-server 2023-03-01 15:58:34,272 [INFO] Sending to ptd: 'Identify'
ptd-server 2023-03-01 15:58:34,272 [INFO] Reply from ptd: 'YokogawaWT310E,1000,1,1,1,1,0,1,1,version=1.10.0-ed9a21d2-20220817,OS=Linux 5.15.0-60-generic #66~20.04.1-Ubuntu SMP Wed Jan 25 09:41:30 UTC 2023 x86_64,mode=power,1,1,1,0,0,no_cal_date,YOKOGAWA;WT310E;C3XA04010E;F1.04'
ptd-server 2023-03-01 15:58:34,272 [INFO] Connected to PTDaemon
ptd-server 2023-03-01 15:58:34,273 [INFO] Sending to ptd: 'RR'
ptd-server 2023-03-01 15:58:34,273 [INFO] Reply from ptd: 'Ranges,0,0.100000,0,300.000000'
ptd-server 2023-03-01 15:58:34,273 [INFO] Initial range for Amps is 0.100000 for Volts is 300.000000
ptd-server 2023-03-01 15:58:34,273 [INFO] Sending to ptd: 'SR,V,Auto'
ptd-server 2023-03-01 15:58:34,776 [INFO] Reply from ptd: 'Range V changed'
ptd-server 2023-03-01 15:58:34,776 [INFO] Sending to ptd: 'SR,A,Auto'
ptd-server 2023-03-01 15:58:35,278 [INFO] Reply from ptd: 'Range A changed'
ptd-server 2023-03-01 15:58:45,280 [INFO] Starting ranging mode
ptd-server 2023-03-01 15:58:45,280 [INFO] Sending to ptd: 'Go,1000,0,2023-03-01_15-58-17_ranging'
ptd-server 2023-03-01 15:58:45,280 [INFO] Reply from ptd: 'Starting untimed measurement, maximum 500000 samples at 1000ms with 0 rampup samples'
ptd-server 2023-03-01 15:58:45,281 [INFO] Sending reply to client 'OK'
ptd-server 2023-03-01 16:09:10,519 [INFO] Got command from the client 'session,2023-03-01_15-58-17,stop,ranging'
ptd-server 2023-03-01 16:09:20,529 [INFO] Sending to ptd: 'Stop'
ptd-server 2023-03-01 16:09:20,530 [INFO] Reply from ptd: 'Stopping untimed measurement'
ptd-server 2023-03-01 16:09:21,145 [INFO] Sending reply to client 'OK'
ptd-server 2023-03-01 16:09:21,232 [INFO] Got command from the client 'time'
ptd-server 2023-03-01 16:09:21,232 [INFO] Sending reply to client '1677686961.2327092'
ptd-server 2023-03-01 16:09:21,235 [INFO] Got command from the client 'session,2023-03-01_15-58-17,start,testing'
ptd-server 2023-03-01 16:09:21,235 [INFO] Sending to ptd: 'SR,V,251.750000'
ptd-server 2023-03-01 16:09:22,783 [INFO] Reply from ptd: 'Range V changed'
ptd-server 2023-03-01 16:09:22,783 [INFO] Sending to ptd: 'SR,A,0.076830'
ptd-server 2023-03-01 16:09:24,284 [INFO] Reply from ptd: 'Range A changed'
ptd-server 2023-03-01 16:09:34,295 [INFO] Starting testing mode
ptd-server 2023-03-01 16:09:34,295 [INFO] Sending to ptd: 'Go,1000,0,2023-03-01_15-58-17_testing'
ptd-server 2023-03-01 16:09:34,295 [INFO] Reply from ptd: 'Starting untimed measurement, maximum 500000 samples at 1000ms with 0 rampup samples'
ptd-server 2023-03-01 16:09:34,295 [INFO] Sending reply to client 'OK'
ptd-server 2023-03-01 16:19:59,569 [INFO] Got command from the client 'session,2023-03-01_15-58-17,stop,testing'
ptd-server 2023-03-01 16:20:09,580 [INFO] Sending to ptd: 'Stop'
ptd-server 2023-03-01 16:20:09,580 [INFO] Reply from ptd: 'Stopping untimed measurement'
ptd-server 2023-03-01 16:20:09,900 [INFO] Sending reply to client 'OK'
ptd-server 2023-03-01 16:20:09,921 [INFO] Got command from the client 'session,2023-03-01_15-58-17,done'
ptd-server 2023-03-01 16:20:09,921 [INFO] Sending to ptd: 'Stop'
ptd-server 2023-03-01 16:20:10,296 [INFO] Reply from ptd: 'Error: no measurement to stop'
ptd-server 2023-03-01 16:20:10,296 [INFO] Sending to ptd: 'SR,V,300.000000'
ptd-server 2023-03-01 16:20:11,797 [INFO] Reply from ptd: 'Range V changed'
ptd-server 2023-03-01 16:20:11,798 [INFO] Sending to ptd: 'SR,A,0.100000'
ptd-server 2023-03-01 16:20:13,299 [INFO] Reply from ptd: 'Range A changed'
ptd-server 2023-03-01 16:20:13,299 [INFO] Set initial values for Amps 0.100000 and Volts 300.000000
ptd-server 2023-03-01 16:20:13,299 [INFO] Stopping ptd...
