ptd-server 2023-02-28 00:05:38,613 [INFO] Got command from the client 'time'
ptd-server 2023-02-28 00:05:38,613 [INFO] Sending reply to client '1677542738.6133041'
ptd-server 2023-02-28 00:05:38,614 [INFO] Got command from the client 'new,,cba81d73-20c6-4bea-8947-5378c65b286d'
ptd-server 2023-02-28 00:05:38,615 [INFO] Sending reply to client 'OK 2023-02-28_00-05-38,5f7e402a-0d14-4020-aa77-65e6c5da9dd3'
ptd-server 2023-02-28 00:05:38,638 [INFO] Got command from the client 'time'
ptd-server 2023-02-28 00:05:38,638 [INFO] Sending reply to client '1677542738.638873'
ptd-server 2023-02-28 00:05:38,640 [INFO] Got command from the client 'session,2023-02-28_00-05-38,start,ranging'
ptd-server 2023-02-28 00:05:38,641 [INFO] Running PTDaemon: ['/home/anton/projects/mlperf/power/inference_v1.0/ptd-linux-x86', '-l', '/tmp/tmpu4v721n6/ptd_logfile.txt', '-p', '8888', '49', '/dev/usbtmc0']
ptd-server 2023-02-28 00:05:55,726 [INFO] Sending to ptd: 'Hello'
ptd-server 2023-02-28 00:05:55,727 [INFO] Reply from ptd: 'Hello, PTDaemon here!'
ptd-server 2023-02-28 00:05:55,727 [INFO] Sending to ptd: 'Identify'
ptd-server 2023-02-28 00:05:55,727 [INFO] Reply from ptd: 'YokogawaWT310E,1000,1,1,1,1,0,1,1,version=1.10.0-ed9a21d2-20220817,OS=Linux 5.15.0-60-generic #66~20.04.1-Ubuntu SMP Wed Jan 25 09:41:30 UTC 2023 x86_64,mode=power,1,1,1,0,0,no_cal_date,YOKOGAWA;WT310E;C3XA04010E;F1.04'
ptd-server 2023-02-28 00:05:55,728 [INFO] Connected to PTDaemon
ptd-server 2023-02-28 00:05:55,728 [INFO] Sending to ptd: 'RR'
ptd-server 2023-02-28 00:05:55,728 [INFO] Reply from ptd: 'Ranges,0,0.100000,0,300.000000'
ptd-server 2023-02-28 00:05:55,728 [INFO] Initial range for Amps is 0.100000 for Volts is 300.000000
ptd-server 2023-02-28 00:05:55,728 [INFO] Sending to ptd: 'SR,V,Auto'
ptd-server 2023-02-28 00:05:56,231 [INFO] Reply from ptd: 'Range V changed'
ptd-server 2023-02-28 00:05:56,231 [INFO] Sending to ptd: 'SR,A,Auto'
ptd-server 2023-02-28 00:05:56,734 [INFO] Reply from ptd: 'Range A changed'
ptd-server 2023-02-28 00:06:06,744 [INFO] Starting ranging mode
ptd-server 2023-02-28 00:06:06,744 [INFO] Sending to ptd: 'Go,1000,0,2023-02-28_00-05-38_ranging'
ptd-server 2023-02-28 00:06:06,745 [INFO] Reply from ptd: 'Starting untimed measurement, maximum 500000 samples at 1000ms with 0 rampup samples'
ptd-server 2023-02-28 00:06:06,745 [INFO] Sending reply to client 'OK'
ptd-server 2023-02-28 00:16:36,840 [INFO] Got command from the client 'session,2023-02-28_00-05-38,stop,ranging'
ptd-server 2023-02-28 00:16:46,851 [INFO] Sending to ptd: 'Stop'
ptd-server 2023-02-28 00:16:46,851 [INFO] Reply from ptd: 'Stopping untimed measurement'
ptd-server 2023-02-28 00:16:47,246 [INFO] Sending reply to client 'OK'
ptd-server 2023-02-28 00:16:47,336 [INFO] Got command from the client 'time'
ptd-server 2023-02-28 00:16:47,336 [INFO] Sending reply to client '1677543407.3363118'
ptd-server 2023-02-28 00:16:47,338 [INFO] Got command from the client 'session,2023-02-28_00-05-38,start,testing'
ptd-server 2023-02-28 00:16:47,338 [INFO] Sending to ptd: 'SR,V,251.890000'
ptd-server 2023-02-28 00:16:49,246 [INFO] Reply from ptd: 'Range V changed'
ptd-server 2023-02-28 00:16:49,246 [INFO] Sending to ptd: 'SR,A,0.051390'
ptd-server 2023-02-28 00:16:50,747 [INFO] Reply from ptd: 'Range A changed'
ptd-server 2023-02-28 00:17:00,758 [INFO] Starting testing mode
ptd-server 2023-02-28 00:17:00,758 [INFO] Sending to ptd: 'Go,1000,0,2023-02-28_00-05-38_testing'
ptd-server 2023-02-28 00:17:00,758 [INFO] Reply from ptd: 'Starting untimed measurement, maximum 500000 samples at 1000ms with 0 rampup samples'
ptd-server 2023-02-28 00:17:00,759 [INFO] Sending reply to client 'OK'
ptd-server 2023-02-28 00:27:30,708 [INFO] Got command from the client 'session,2023-02-28_00-05-38,stop,testing'
ptd-server 2023-02-28 00:27:40,718 [INFO] Sending to ptd: 'Stop'
ptd-server 2023-02-28 00:27:40,719 [INFO] Reply from ptd: 'Stopping untimed measurement'
ptd-server 2023-02-28 00:27:40,924 [INFO] Sending reply to client 'OK'
ptd-server 2023-02-28 00:27:40,942 [INFO] Got command from the client 'session,2023-02-28_00-05-38,done'
ptd-server 2023-02-28 00:27:40,943 [INFO] Sending to ptd: 'Stop'
ptd-server 2023-02-28 00:27:40,943 [INFO] Reply from ptd: 'Error: no measurement to stop'
ptd-server 2023-02-28 00:27:40,943 [INFO] Sending to ptd: 'SR,V,300.000000'
ptd-server 2023-02-28 00:27:42,444 [INFO] Reply from ptd: 'Range V changed'
ptd-server 2023-02-28 00:27:42,445 [INFO] Sending to ptd: 'SR,A,0.100000'
ptd-server 2023-02-28 00:27:43,946 [INFO] Reply from ptd: 'Range A changed'
ptd-server 2023-02-28 00:27:43,946 [INFO] Set initial values for Amps 0.100000 and Volts 300.000000
ptd-server 2023-02-28 00:27:43,946 [INFO] Stopping ptd...
