client 2023-02-24 12:16:13,830 [INFO] Creating output directory '/home/arjun/mobilenet_results/valid_results/arjun_orin-tflite_cpp-cpu-tflite-vmaster-default_config/mobilenet-v2-precision_uint8-0.5-128/singlestream/performance/tmp_power'
client 2023-02-24 12:16:13,834 [INFO] Sending command to the server: 'mlcommons/power client v3'
client 2023-02-24 12:16:13,838 [INFO] Got response: 'mlcommons/power server v3'
client 2023-02-24 12:16:13,838 [INFO] Synchronizing with the server and with time.google.com...
client 2023-02-24 12:16:13,864 [INFO] NTP:offset = -0.001 s, delay = 0.020 s 
client 2023-02-24 12:16:13,864 [INFO] Sending command to the server: 'time'
client 2023-02-24 12:16:13,868 [INFO] Got response: '1677240973.8664877'
client 2023-02-24 12:16:13,868 [INFO] The time difference between the client and the server is within range -1.936 ms..1.609 ms
client 2023-02-24 12:16:13,868 [INFO] Sending command to the server: 'new,,257f7c86-50ac-4c02-8100-239a94280c00'
client 2023-02-24 12:16:13,872 [INFO] Got response: 'OK 2023-02-24_12-16-13,4a1b512b-9ee9-46ce-8391-0fd96bba1bab'
client 2023-02-24 12:16:13,872 [INFO] Session id is '2023-02-24_12-16-13'
client 2023-02-24 12:16:13,873 [INFO] Sources: {"sources": {"__init__.py": "da39a3ee5e6b4b0d3255bfef95601890afd80709", "client.py": "33ca4f26368777ac06e01f9567b714a4b8063886", "lib/__init__.py": "da39a3ee5e6b4b0d3255bfef95601890afd80709", "lib/client.py": "4c2b78fb4849a7e5b584ef792d82aaed20b17f57", "lib/common.py": "624d0c0acc7c39aaff3674f0b99d6a09da53d1dc", "lib/external/__init__.py": "da39a3ee5e6b4b0d3255bfef95601890afd80709", "lib/external/ntplib.py": "4da8f970656505a40483206ef2b5d3dd5e81711d", "lib/server.py": "cda0cdfaee9bfa1249c64a7dd4f89b7bf1b279f0", "lib/source_hashes.py": "60a2e02193209e8d392803326208d5466342da18", "lib/summary.py": "aa92f0a3f975eecd44d3c0cd0236342ccc9f941d", "lib/time_sync.py": "3210db56eb0ff0df57bf4293dc4d4b03fffd46f1", "server.py": "c3f90f2f7eeb4db30727556d0c815ebc89b3d28b", "tests/unit/__init__.py": "da39a3ee5e6b4b0d3255bfef95601890afd80709", "tests/unit/test_server.py": "99ae15aef722f2000ee6ed1ae1523637bf1ae42b", "tests/unit/test_source_hashes.py": "00468a2907583c593e6574a1f6b404e4651c221a"}, "modules": {"ptd_client_server.lib.client": "lib/client.py", "ptd_client_server.lib.common": "lib/common.py", "ptd_client_server.lib.external.ntplib": "lib/external/ntplib.py", "ptd_client_server.lib.source_hashes": "lib/source_hashes.py", "ptd_client_server.lib.summary": "lib/summary.py", "ptd_client_server.lib.time_sync": "lib/time_sync.py"}}
client 2023-02-24 12:16:13,873 [INFO] Running workload in ranging mode
client 2023-02-24 12:16:13,873 [INFO] Synchronizing with the server and with time.google.com...
client 2023-02-24 12:16:13,893 [INFO] NTP:offset = -0.001 s, delay = 0.020 s 
client 2023-02-24 12:16:13,894 [INFO] Sending command to the server: 'time'
client 2023-02-24 12:16:13,898 [INFO] Got response: '1677240973.8961499'
client 2023-02-24 12:16:13,898 [INFO] The time difference between the client and the server is within range -2.041 ms..2.595 ms
client 2023-02-24 12:16:13,898 [INFO] Sending command to the server: 'session,2023-02-24_12-16-13,start,ranging'
client 2023-02-24 12:16:42,020 [INFO] Got response: 'OK'
client 2023-02-24 12:16:42,021 [INFO] Running the workload '/home/arjun/run.out'
client 2023-02-24 12:26:50,750 [INFO] Sending command to the server: 'session,2023-02-24_12-16-13,stop,ranging'
client 2023-02-24 12:27:00,931 [INFO] Got response: 'OK'
client 2023-02-24 12:27:00,953 [INFO] Copying loadgen logs from '/home/arjun/mobilenet_results/valid_results/arjun_orin-tflite_cpp-cpu-tflite-vmaster-default_config/mobilenet-v2-precision_uint8-0.5-128/singlestream/performance/run_1' to '/home/arjun/mobilenet_results/valid_results/arjun_orin-tflite_cpp-cpu-tflite-vmaster-default_config/mobilenet-v2-precision_uint8-0.5-128/singlestream/performance/tmp_power/ranging'
client 2023-02-24 12:27:00,955 [INFO] Running workload in testing mode
client 2023-02-24 12:27:00,955 [INFO] Synchronizing with the server and with time.google.com...
client 2023-02-24 12:27:00,976 [INFO] NTP:offset = -0.002 s, delay = 0.017 s 
client 2023-02-24 12:27:00,977 [INFO] Sending command to the server: 'time'
client 2023-02-24 12:27:00,980 [INFO] Got response: '1677241620.9795272'
client 2023-02-24 12:27:00,980 [INFO] The time difference between the client and the server is within range -2.426 ms..1.158 ms
client 2023-02-24 12:27:00,980 [INFO] Sending command to the server: 'session,2023-02-24_12-16-13,start,testing'
client 2023-02-24 12:27:14,038 [INFO] Got response: 'OK'
client 2023-02-24 12:27:14,039 [INFO] Running the workload '/home/arjun/run.out'
client 2023-02-24 12:37:16,378 [INFO] Sending command to the server: 'session,2023-02-24_12-16-13,stop,testing'
client 2023-02-24 12:37:26,516 [INFO] Got response: 'OK'
client 2023-02-24 12:37:26,521 [INFO] Copying loadgen logs from '/home/arjun/mobilenet_results/valid_results/arjun_orin-tflite_cpp-cpu-tflite-vmaster-default_config/mobilenet-v2-precision_uint8-0.5-128/singlestream/performance/run_1' to '/home/arjun/mobilenet_results/valid_results/arjun_orin-tflite_cpp-cpu-tflite-vmaster-default_config/mobilenet-v2-precision_uint8-0.5-128/singlestream/performance/tmp_power/run_1'
client 2023-02-24 12:37:26,524 [INFO] Done runs
