ptd-server 2023-02-22 14:11:18,590 [INFO] Got command from the client 'time'
ptd-server 2023-02-22 14:11:18,590 [INFO] Sending reply to client '1677075078.5902743'
ptd-server 2023-02-22 14:11:18,591 [INFO] Got command from the client 'new,,7d34c5c2-c2b6-4c1c-9b8a-231d5f6e39d6'
ptd-server 2023-02-22 14:11:18,591 [INFO] Sending reply to client 'OK 2023-02-22_14-11-18,0315987e-1128-4913-9ec9-78e9176e9d0e'
ptd-server 2023-02-22 14:11:18,645 [INFO] Got command from the client 'time'
ptd-server 2023-02-22 14:11:18,645 [INFO] Sending reply to client '1677075078.645515'
ptd-server 2023-02-22 14:11:18,646 [INFO] Got command from the client 'session,2023-02-22_14-11-18,start,ranging'
ptd-server 2023-02-22 14:11:18,646 [INFO] Running PTDaemon: ['/home/anton/projects/mlperf/power/inference_v1.0/ptd-linux-x86', '-l', '/tmp/tmp4yl1neqp/ptd_logfile.txt', '-p', '8888', '49', '/dev/usbtmc0']
ptd-server 2023-02-22 14:11:35,720 [INFO] Sending to ptd: 'Hello'
ptd-server 2023-02-22 14:11:35,721 [INFO] Reply from ptd: 'Hello, PTDaemon here!'
ptd-server 2023-02-22 14:11:35,721 [INFO] Sending to ptd: 'Identify'
ptd-server 2023-02-22 14:11:35,722 [INFO] Reply from ptd: 'YokogawaWT310E,1000,1,1,1,1,0,1,1,version=1.10.0-ed9a21d2-20220817,OS=Linux 5.15.0-60-generic #66~20.04.1-Ubuntu SMP Wed Jan 25 09:41:30 UTC 2023 x86_64,mode=power,1,1,1,0,0,no_cal_date,YOKOGAWA;WT310E;C3XA04010E;F1.04'
ptd-server 2023-02-22 14:11:35,722 [INFO] Connected to PTDaemon
ptd-server 2023-02-22 14:11:35,722 [INFO] Sending to ptd: 'RR'
ptd-server 2023-02-22 14:11:35,722 [INFO] Reply from ptd: 'Ranges,1,0.100000,1,300.000000'
ptd-server 2023-02-22 14:11:35,722 [INFO] Initial range for Amps is Auto for Volts is Auto
ptd-server 2023-02-22 14:11:35,722 [INFO] Sending to ptd: 'SR,V,Auto'
ptd-server 2023-02-22 14:11:36,225 [INFO] Reply from ptd: 'Range V changed'
ptd-server 2023-02-22 14:11:36,225 [INFO] Sending to ptd: 'SR,A,Auto'
ptd-server 2023-02-22 14:11:36,727 [INFO] Reply from ptd: 'Range A changed'
ptd-server 2023-02-22 14:11:46,731 [INFO] Starting ranging mode
ptd-server 2023-02-22 14:11:46,731 [INFO] Sending to ptd: 'Go,1000,0,2023-02-22_14-11-18_ranging'
ptd-server 2023-02-22 14:11:46,731 [INFO] Reply from ptd: 'Starting untimed measurement, maximum 500000 samples at 1000ms with 0 rampup samples'
ptd-server 2023-02-22 14:11:46,732 [INFO] Sending reply to client 'OK'
ptd-server 2023-02-22 14:22:26,840 [INFO] Got command from the client 'session,2023-02-22_14-11-18,stop,ranging'
ptd-server 2023-02-22 14:22:36,850 [INFO] Sending to ptd: 'Stop'
ptd-server 2023-02-22 14:22:36,850 [INFO] Reply from ptd: 'Stopping untimed measurement'
ptd-server 2023-02-22 14:22:37,294 [INFO] Sending reply to client 'OK'
ptd-server 2023-02-22 14:22:37,327 [INFO] Got command from the client 'time'
ptd-server 2023-02-22 14:22:37,327 [INFO] Sending reply to client '1677075757.3278747'
ptd-server 2023-02-22 14:22:37,328 [INFO] Got command from the client 'session,2023-02-22_14-11-18,start,testing'
ptd-server 2023-02-22 14:22:37,328 [INFO] Sending to ptd: 'SR,V,252.460000'
ptd-server 2023-02-22 14:22:39,234 [INFO] Reply from ptd: 'Range V changed'
ptd-server 2023-02-22 14:22:39,234 [INFO] Sending to ptd: 'SR,A,0.050810'
ptd-server 2023-02-22 14:22:40,735 [INFO] Reply from ptd: 'Range A changed'
ptd-server 2023-02-22 14:22:50,746 [INFO] Starting testing mode
ptd-server 2023-02-22 14:22:50,746 [INFO] Sending to ptd: 'Go,1000,0,2023-02-22_14-11-18_testing'
ptd-server 2023-02-22 14:22:50,746 [INFO] Reply from ptd: 'Starting untimed measurement, maximum 500000 samples at 1000ms with 0 rampup samples'
ptd-server 2023-02-22 14:22:50,746 [INFO] Sending reply to client 'OK'
ptd-server 2023-02-22 14:33:30,646 [INFO] Got command from the client 'session,2023-02-22_14-11-18,stop,testing'
ptd-server 2023-02-22 14:33:40,656 [INFO] Sending to ptd: 'Stop'
ptd-server 2023-02-22 14:33:40,657 [INFO] Reply from ptd: 'Stopping untimed measurement'
ptd-server 2023-02-22 14:33:40,898 [INFO] Sending reply to client 'OK'
ptd-server 2023-02-22 14:33:40,906 [INFO] Got command from the client 'session,2023-02-22_14-11-18,done'
ptd-server 2023-02-22 14:33:40,906 [INFO] Sending to ptd: 'Stop'
ptd-server 2023-02-22 14:33:40,906 [INFO] Reply from ptd: 'Error: no measurement to stop'
ptd-server 2023-02-22 14:33:40,906 [INFO] Sending to ptd: 'SR,V,Auto'
ptd-server 2023-02-22 14:33:41,409 [INFO] Reply from ptd: 'Range V changed'
ptd-server 2023-02-22 14:33:41,409 [INFO] Sending to ptd: 'SR,A,Auto'
ptd-server 2023-02-22 14:33:41,911 [INFO] Reply from ptd: 'Range A changed'
ptd-server 2023-02-22 14:33:41,911 [INFO] Set initial values for Amps Auto and Volts Auto
ptd-server 2023-02-22 14:33:41,912 [INFO] Stopping ptd...
