ptd-server 2023-02-28 09:42:54,797 [INFO] Got command from the client 'stop'
ptd-server 2023-02-28 09:42:54,798 [INFO] The server will be stopped after processing this client
ptd-server 2023-02-28 09:42:54,798 [INFO] Sending reply to client 'OK'
ptd-server 2023-02-28 09:42:54,803 [INFO] Got command from the client 'time'
ptd-server 2023-02-28 09:42:54,804 [INFO] Sending reply to client '1677577374.8040392'
ptd-server 2023-02-28 09:42:54,805 [INFO] Got command from the client 'new,,232c45ba-3cb5-4e47-a589-56ecdf9f993d'
ptd-server 2023-02-28 09:42:54,810 [INFO] Sending reply to client 'OK 2023-02-28_09-42-54,120292e3-031e-498e-900b-088e12188bdc'
ptd-server 2023-02-28 09:42:54,813 [INFO] Got command from the client 'time'
ptd-server 2023-02-28 09:42:54,814 [INFO] Sending reply to client '1677577374.8140812'
ptd-server 2023-02-28 09:42:54,815 [INFO] Got command from the client 'session,2023-02-28_09-42-54,start,ranging'
ptd-server 2023-02-28 09:42:54,916 [INFO] Running PTDaemon: ['C:\\power-dev\\ptd_client_server\\ptd-windows-x86.exe', '-l', 'C:\\Users\\root\\AppData\\Local\\Temp\\tmpy3f8umz0\\ptd_logfile.txt', '-p', '8888', '-c', '1', '-g', '8', '1']
ptd-server 2023-02-28 09:43:07,826 [INFO] Sending to ptd: 'Hello'
ptd-server 2023-02-28 09:43:07,827 [INFO] Reply from ptd: 'Hello, PTDaemon here!'
ptd-server 2023-02-28 09:43:07,828 [INFO] Sending to ptd: 'Identify'
ptd-server 2023-02-28 09:43:07,829 [INFO] Reply from ptd: 'YokogawaWT210,1000,1,1,1,1,0,0,1,version=1.10.0-82175bac-20220817,OS=Windows 8 / Server 2012,mode=power,1,1,1,0,0,no_cal_date,YOKOGAWA;760401;0;F1.12'
ptd-server 2023-02-28 09:43:07,830 [INFO] Connected to PTDaemon
ptd-server 2023-02-28 09:43:07,831 [INFO] Sending to ptd: 'RR'
ptd-server 2023-02-28 09:43:07,831 [INFO] Reply from ptd: 'Ranges,1,1.000000,1,300.000000'
ptd-server 2023-02-28 09:43:07,832 [INFO] Initial range for Amps is Auto for Volts is Auto
ptd-server 2023-02-28 09:43:07,833 [INFO] Sending to ptd: 'SR,V,Auto'
ptd-server 2023-02-28 09:43:08,359 [INFO] Reply from ptd: 'Range V changed'
ptd-server 2023-02-28 09:43:08,360 [INFO] Sending to ptd: 'SR,A,Auto'
ptd-server 2023-02-28 09:43:08,889 [INFO] Reply from ptd: 'Range A changed'
ptd-server 2023-02-28 09:43:18,904 [INFO] Starting ranging mode
ptd-server 2023-02-28 09:43:18,904 [INFO] Sending to ptd: 'Go,1000,0,2023-02-28_09-42-54_ranging'
ptd-server 2023-02-28 09:43:18,905 [INFO] Reply from ptd: 'Starting untimed measurement, maximum 500000 samples at 1000ms with 0 rampup samples'
ptd-server 2023-02-28 09:43:18,905 [INFO] Sending reply to client 'OK'
ptd-server 2023-02-28 09:56:40,632 [INFO] Got command from the client 'session,2023-02-28_09-42-54,stop,ranging'
ptd-server 2023-02-28 09:56:50,638 [INFO] Sending to ptd: 'Stop'
ptd-server 2023-02-28 09:56:50,639 [INFO] Reply from ptd: 'Stopping untimed measurement'
ptd-server 2023-02-28 09:56:50,677 [INFO] Sending reply to client 'OK'
ptd-server 2023-02-28 09:56:50,691 [INFO] Got command from the client 'time'
ptd-server 2023-02-28 09:56:50,692 [INFO] Sending reply to client '1677578210.692169'
ptd-server 2023-02-28 09:56:50,692 [INFO] Got command from the client 'session,2023-02-28_09-42-54,start,testing'
ptd-server 2023-02-28 09:56:50,693 [INFO] Sending to ptd: 'SR,V,213.140000'
ptd-server 2023-02-28 09:56:52,458 [INFO] Reply from ptd: 'Range V changed'
ptd-server 2023-02-28 09:56:52,460 [INFO] Sending to ptd: 'SR,A,0.950400'
ptd-server 2023-02-28 09:56:53,993 [INFO] Reply from ptd: 'Range A changed'
ptd-server 2023-02-28 09:57:04,000 [INFO] Starting testing mode
ptd-server 2023-02-28 09:57:04,001 [INFO] Sending to ptd: 'Go,1000,0,2023-02-28_09-42-54_testing'
ptd-server 2023-02-28 09:57:04,002 [INFO] Reply from ptd: 'Starting untimed measurement, maximum 500000 samples at 1000ms with 0 rampup samples'
ptd-server 2023-02-28 09:57:04,003 [INFO] Sending reply to client 'OK'
ptd-server 2023-02-28 10:10:27,904 [INFO] Got command from the client 'session,2023-02-28_09-42-54,stop,testing'
ptd-server 2023-02-28 10:10:37,906 [INFO] Sending to ptd: 'Stop'
ptd-server 2023-02-28 10:10:37,907 [INFO] Reply from ptd: 'Stopping untimed measurement'
ptd-server 2023-02-28 10:10:37,923 [INFO] Sending reply to client 'OK'
ptd-server 2023-02-28 10:10:37,933 [INFO] Got command from the client 'session,2023-02-28_09-42-54,done'
ptd-server 2023-02-28 10:10:37,933 [INFO] Sending to ptd: 'Stop'
ptd-server 2023-02-28 10:10:38,016 [INFO] Reply from ptd: 'Error: no measurement to stop'
ptd-server 2023-02-28 10:10:38,016 [INFO] Sending to ptd: 'SR,V,Auto'
ptd-server 2023-02-28 10:10:38,532 [INFO] Reply from ptd: 'Range V changed'
ptd-server 2023-02-28 10:10:38,533 [INFO] Sending to ptd: 'SR,A,Auto'
ptd-server 2023-02-28 10:10:39,062 [INFO] Reply from ptd: 'Range A changed'
ptd-server 2023-02-28 10:10:39,064 [INFO] Set initial values for Amps Auto and Volts Auto
ptd-server 2023-02-28 10:10:39,064 [INFO] Stopping ptd...
