ptd-server 2023-03-02 10:01:19,725 [INFO] Got command from the client 'time'
ptd-server 2023-03-02 10:01:19,725 [INFO] Sending reply to client '1677751279.7256978'
ptd-server 2023-03-02 10:01:19,727 [INFO] Got command from the client 'new,,9235eab6-005a-4950-9b9a-6e6272ba58ff'
ptd-server 2023-03-02 10:01:19,727 [INFO] Sending reply to client 'OK 2023-03-02_10-01-19,31dfbb09-f972-4b86-b4c9-8e310baa2cd9'
ptd-server 2023-03-02 10:01:19,750 [INFO] Got command from the client 'time'
ptd-server 2023-03-02 10:01:19,750 [INFO] Sending reply to client '1677751279.7509239'
ptd-server 2023-03-02 10:01:19,752 [INFO] Got command from the client 'session,2023-03-02_10-01-19,start,ranging'
ptd-server 2023-03-02 10:01:19,753 [INFO] Running PTDaemon: ['/home/anton/projects/mlperf/power/inference_v1.0/ptd-linux-x86', '-l', '/tmp/tmpjo7pgaee/ptd_logfile.txt', '-p', '8888', '49', '/dev/usbtmc0']
ptd-server 2023-03-02 10:01:36,841 [INFO] Sending to ptd: 'Hello'
ptd-server 2023-03-02 10:01:36,841 [INFO] Reply from ptd: 'Hello, PTDaemon here!'
ptd-server 2023-03-02 10:01:36,841 [INFO] Sending to ptd: 'Identify'
ptd-server 2023-03-02 10:01:36,842 [INFO] Reply from ptd: 'YokogawaWT310E,1000,1,1,1,1,0,1,1,version=1.10.0-ed9a21d2-20220817,OS=Linux 5.15.0-60-generic #66~20.04.1-Ubuntu SMP Wed Jan 25 09:41:30 UTC 2023 x86_64,mode=power,1,1,1,0,0,no_cal_date,YOKOGAWA;WT310E;C3XA04010E;F1.04'
ptd-server 2023-03-02 10:01:36,842 [INFO] Connected to PTDaemon
ptd-server 2023-03-02 10:01:36,842 [INFO] Sending to ptd: 'RR'
ptd-server 2023-03-02 10:01:36,842 [INFO] Reply from ptd: 'Ranges,1,0.100000,1,300.000000'
ptd-server 2023-03-02 10:01:36,842 [INFO] Initial range for Amps is Auto for Volts is Auto
ptd-server 2023-03-02 10:01:36,842 [INFO] Sending to ptd: 'SR,V,Auto'
ptd-server 2023-03-02 10:01:37,345 [INFO] Reply from ptd: 'Range V changed'
ptd-server 2023-03-02 10:01:37,345 [INFO] Sending to ptd: 'SR,A,Auto'
ptd-server 2023-03-02 10:01:37,847 [INFO] Reply from ptd: 'Range A changed'
ptd-server 2023-03-02 10:01:47,858 [INFO] Starting ranging mode
ptd-server 2023-03-02 10:01:47,858 [INFO] Sending to ptd: 'Go,1000,0,2023-03-02_10-01-19_ranging'
ptd-server 2023-03-02 10:01:47,858 [INFO] Reply from ptd: 'Starting untimed measurement, maximum 500000 samples at 1000ms with 0 rampup samples'
ptd-server 2023-03-02 10:01:47,858 [INFO] Sending reply to client 'OK'
ptd-server 2023-03-02 10:12:11,633 [INFO] Got command from the client 'session,2023-03-02_10-01-19,stop,ranging'
ptd-server 2023-03-02 10:12:21,640 [INFO] Sending to ptd: 'Stop'
ptd-server 2023-03-02 10:12:21,640 [INFO] Reply from ptd: 'Stopping untimed measurement'
ptd-server 2023-03-02 10:12:21,723 [INFO] Sending reply to client 'OK'
ptd-server 2023-03-02 10:12:21,770 [INFO] Got command from the client 'time'
ptd-server 2023-03-02 10:12:21,770 [INFO] Sending reply to client '1677751941.770305'
ptd-server 2023-03-02 10:12:21,773 [INFO] Got command from the client 'session,2023-03-02_10-01-19,start,testing'
ptd-server 2023-03-02 10:12:21,773 [INFO] Sending to ptd: 'SR,V,251.090000'
ptd-server 2023-03-02 10:12:23,360 [INFO] Reply from ptd: 'Range V changed'
ptd-server 2023-03-02 10:12:23,360 [INFO] Sending to ptd: 'SR,A,0.080920'
ptd-server 2023-03-02 10:12:24,861 [INFO] Reply from ptd: 'Range A changed'
ptd-server 2023-03-02 10:12:34,869 [INFO] Starting testing mode
ptd-server 2023-03-02 10:12:34,869 [INFO] Sending to ptd: 'Go,1000,0,2023-03-02_10-01-19_testing'
ptd-server 2023-03-02 10:12:34,869 [INFO] Reply from ptd: 'Starting untimed measurement, maximum 500000 samples at 1000ms with 0 rampup samples'
ptd-server 2023-03-02 10:12:34,870 [INFO] Sending reply to client 'OK'
ptd-server 2023-03-02 10:22:58,646 [INFO] Got command from the client 'session,2023-03-02_10-01-19,stop,testing'
ptd-server 2023-03-02 10:23:08,656 [INFO] Sending to ptd: 'Stop'
ptd-server 2023-03-02 10:23:08,657 [INFO] Reply from ptd: 'Stopping untimed measurement'
ptd-server 2023-03-02 10:23:08,696 [INFO] Sending reply to client 'OK'
ptd-server 2023-03-02 10:23:08,712 [INFO] Got command from the client 'session,2023-03-02_10-01-19,done'
ptd-server 2023-03-02 10:23:08,712 [INFO] Sending to ptd: 'Stop'
ptd-server 2023-03-02 10:23:08,871 [INFO] Reply from ptd: 'Error: no measurement to stop'
ptd-server 2023-03-02 10:23:08,871 [INFO] Sending to ptd: 'SR,V,Auto'
ptd-server 2023-03-02 10:23:09,373 [INFO] Reply from ptd: 'Range V changed'
ptd-server 2023-03-02 10:23:09,374 [INFO] Sending to ptd: 'SR,A,Auto'
ptd-server 2023-03-02 10:23:09,876 [INFO] Reply from ptd: 'Range A changed'
ptd-server 2023-03-02 10:23:09,876 [INFO] Set initial values for Amps Auto and Volts Auto
ptd-server 2023-03-02 10:23:09,876 [INFO] Stopping ptd...
