ptd-server 2023-02-26 15:36:08,768 [INFO] Got command from the client 'time'
ptd-server 2023-02-26 15:36:08,768 [INFO] Sending reply to client '1677425768.7684252'
ptd-server 2023-02-26 15:36:08,769 [INFO] Got command from the client 'new,,ed6dbcc2-6159-4d32-89a0-84d3e06bb7d8'
ptd-server 2023-02-26 15:36:08,770 [INFO] Sending reply to client 'OK 2023-02-26_15-36-08,c6ca3d37-0dbf-44f3-a450-5dbc0b650c80'
ptd-server 2023-02-26 15:36:08,793 [INFO] Got command from the client 'time'
ptd-server 2023-02-26 15:36:08,793 [INFO] Sending reply to client '1677425768.793391'
ptd-server 2023-02-26 15:36:08,795 [INFO] Got command from the client 'session,2023-02-26_15-36-08,start,ranging'
ptd-server 2023-02-26 15:36:08,795 [INFO] Running PTDaemon: ['/home/anton/projects/mlperf/power/inference_v1.0/ptd-linux-x86', '-l', '/tmp/tmpu4v721n6/ptd_logfile.txt', '-p', '8888', '49', '/dev/usbtmc0']
ptd-server 2023-02-26 15:36:25,882 [INFO] Sending to ptd: 'Hello'
ptd-server 2023-02-26 15:36:25,883 [INFO] Reply from ptd: 'Hello, PTDaemon here!'
ptd-server 2023-02-26 15:36:25,883 [INFO] Sending to ptd: 'Identify'
ptd-server 2023-02-26 15:36:25,883 [INFO] Reply from ptd: 'YokogawaWT310E,1000,1,1,1,1,0,1,1,version=1.10.0-ed9a21d2-20220817,OS=Linux 5.15.0-60-generic #66~20.04.1-Ubuntu SMP Wed Jan 25 09:41:30 UTC 2023 x86_64,mode=power,1,1,1,0,0,no_cal_date,YOKOGAWA;WT310E;C3XA04010E;F1.04'
ptd-server 2023-02-26 15:36:25,883 [INFO] Connected to PTDaemon
ptd-server 2023-02-26 15:36:25,883 [INFO] Sending to ptd: 'RR'
ptd-server 2023-02-26 15:36:25,884 [INFO] Reply from ptd: 'Ranges,0,0.100000,0,300.000000'
ptd-server 2023-02-26 15:36:25,884 [INFO] Initial range for Amps is 0.100000 for Volts is 300.000000
ptd-server 2023-02-26 15:36:25,884 [INFO] Sending to ptd: 'SR,V,Auto'
ptd-server 2023-02-26 15:36:26,386 [INFO] Reply from ptd: 'Range V changed'
ptd-server 2023-02-26 15:36:26,386 [INFO] Sending to ptd: 'SR,A,Auto'
ptd-server 2023-02-26 15:36:26,889 [INFO] Reply from ptd: 'Range A changed'
ptd-server 2023-02-26 15:36:36,899 [INFO] Starting ranging mode
ptd-server 2023-02-26 15:36:36,899 [INFO] Sending to ptd: 'Go,1000,0,2023-02-26_15-36-08_ranging'
ptd-server 2023-02-26 15:36:36,900 [INFO] Reply from ptd: 'Starting untimed measurement, maximum 500000 samples at 1000ms with 0 rampup samples'
ptd-server 2023-02-26 15:36:36,900 [INFO] Sending reply to client 'OK'
ptd-server 2023-02-26 15:46:52,060 [INFO] Got command from the client 'session,2023-02-26_15-36-08,stop,ranging'
ptd-server 2023-02-26 15:47:02,071 [INFO] Sending to ptd: 'Stop'
ptd-server 2023-02-26 15:47:02,071 [INFO] Reply from ptd: 'Stopping untimed measurement'
ptd-server 2023-02-26 15:47:02,316 [INFO] Sending reply to client 'OK'
ptd-server 2023-02-26 15:47:02,413 [INFO] Got command from the client 'time'
ptd-server 2023-02-26 15:47:02,413 [INFO] Sending reply to client '1677426422.4133215'
ptd-server 2023-02-26 15:47:02,417 [INFO] Got command from the client 'session,2023-02-26_15-36-08,start,testing'
ptd-server 2023-02-26 15:47:02,417 [INFO] Sending to ptd: 'SR,V,252.360000'
ptd-server 2023-02-26 15:47:04,402 [INFO] Reply from ptd: 'Range V changed'
ptd-server 2023-02-26 15:47:04,402 [INFO] Sending to ptd: 'SR,A,0.059640'
ptd-server 2023-02-26 15:47:05,903 [INFO] Reply from ptd: 'Range A changed'
ptd-server 2023-02-26 15:47:15,914 [INFO] Starting testing mode
ptd-server 2023-02-26 15:47:15,914 [INFO] Sending to ptd: 'Go,1000,0,2023-02-26_15-36-08_testing'
ptd-server 2023-02-26 15:47:15,914 [INFO] Reply from ptd: 'Starting untimed measurement, maximum 500000 samples at 1000ms with 0 rampup samples'
ptd-server 2023-02-26 15:47:15,915 [INFO] Sending reply to client 'OK'
ptd-server 2023-02-26 15:57:30,983 [INFO] Got command from the client 'session,2023-02-26_15-36-08,stop,testing'
ptd-server 2023-02-26 15:57:40,993 [INFO] Sending to ptd: 'Stop'
ptd-server 2023-02-26 15:57:40,994 [INFO] Reply from ptd: 'Stopping untimed measurement'
ptd-server 2023-02-26 15:57:41,124 [INFO] Sending reply to client 'OK'
ptd-server 2023-02-26 15:57:41,143 [INFO] Got command from the client 'session,2023-02-26_15-36-08,done'
ptd-server 2023-02-26 15:57:41,144 [INFO] Sending to ptd: 'Stop'
ptd-server 2023-02-26 15:57:41,915 [INFO] Reply from ptd: 'Error: no measurement to stop'
ptd-server 2023-02-26 15:57:41,915 [INFO] Sending to ptd: 'SR,V,300.000000'
ptd-server 2023-02-26 15:57:43,417 [INFO] Reply from ptd: 'Range V changed'
ptd-server 2023-02-26 15:57:43,417 [INFO] Sending to ptd: 'SR,A,0.100000'
ptd-server 2023-02-26 15:57:44,918 [INFO] Reply from ptd: 'Range A changed'
ptd-server 2023-02-26 15:57:44,918 [INFO] Set initial values for Amps 0.100000 and Volts 300.000000
ptd-server 2023-02-26 15:57:44,919 [INFO] Stopping ptd...
