ptd-server 2023-03-03 07:57:40,391 [INFO] Got command from the client 'time'
ptd-server 2023-03-03 07:57:40,392 [INFO] Sending reply to client '1677851860.3921132'
ptd-server 2023-03-03 07:57:40,393 [INFO] Got command from the client 'new,,4f72d103-4259-48f3-821d-50be21b03a28'
ptd-server 2023-03-03 07:57:40,393 [INFO] Sending reply to client 'OK 2023-03-03_07-57-40,9c0dc113-3da8-461e-b6a7-4e1682e2a64c'
ptd-server 2023-03-03 07:57:40,495 [INFO] Got command from the client 'time'
ptd-server 2023-03-03 07:57:40,495 [INFO] Sending reply to client '1677851860.495909'
ptd-server 2023-03-03 07:57:40,497 [INFO] Got command from the client 'session,2023-03-03_07-57-40,start,ranging'
ptd-server 2023-03-03 07:57:40,497 [INFO] Running PTDaemon: ['/local/mnt/workspace/mlcommons/power-main/inference_v1.0/ptd-linux-x86', '-l', '/tmp/tmpqwe09ni1/ptd_logfile.txt', '-p', '8888', '49', '/dev/usbtmc0']
ptd-server 2023-03-03 07:57:57,518 [INFO] Sending to ptd: 'Hello'
ptd-server 2023-03-03 07:57:57,519 [INFO] Reply from ptd: 'Hello, PTDaemon here!'
ptd-server 2023-03-03 07:57:57,519 [INFO] Sending to ptd: 'Identify'
ptd-server 2023-03-03 07:57:57,520 [INFO] Reply from ptd: 'YokogawaWT310E,1000,1,1,1,1,0,1,1,version=1.10.0-ed9a21d2-20220817,OS=Linux 4.15.0-188-generic #199-Ubuntu SMP Wed Jun 15 20:42:56 UTC 2022 x86_64,mode=power,1,1,1,0,0,no_cal_date,YOKOGAWA;WT310E;C2XF16028V;F1.04'
ptd-server 2023-03-03 07:57:57,520 [INFO] Connected to PTDaemon
ptd-server 2023-03-03 07:57:57,520 [INFO] Sending to ptd: 'RR'
ptd-server 2023-03-03 07:57:57,521 [INFO] Reply from ptd: 'Ranges,1,5.000000,1,150.000000'
ptd-server 2023-03-03 07:57:57,521 [INFO] Initial range for Amps is Auto for Volts is Auto
ptd-server 2023-03-03 07:57:57,521 [INFO] Sending to ptd: 'SR,V,Auto'
ptd-server 2023-03-03 07:57:58,026 [INFO] Reply from ptd: 'Range V changed'
ptd-server 2023-03-03 07:57:58,026 [INFO] Sending to ptd: 'SR,A,Auto'
ptd-server 2023-03-03 07:57:58,529 [INFO] Reply from ptd: 'Range A changed'
ptd-server 2023-03-03 07:58:08,540 [INFO] Starting ranging mode
ptd-server 2023-03-03 07:58:08,540 [INFO] Sending to ptd: 'Go,1000,0,2023-03-03_07-57-40_ranging'
ptd-server 2023-03-03 07:58:08,540 [INFO] Reply from ptd: 'Starting untimed measurement, maximum 500000 samples at 1000ms with 0 rampup samples'
ptd-server 2023-03-03 07:58:08,541 [INFO] Sending reply to client 'OK'
ptd-server 2023-03-03 08:12:16,076 [INFO] Got command from the client 'session,2023-03-03_07-57-40,stop,ranging'
ptd-server 2023-03-03 08:12:26,083 [INFO] Sending to ptd: 'Stop'
ptd-server 2023-03-03 08:12:26,084 [INFO] Reply from ptd: 'Stopping untimed measurement'
ptd-server 2023-03-03 08:12:26,177 [INFO] Sending reply to client 'OK'
ptd-server 2023-03-03 08:12:26,265 [INFO] Got command from the client 'time'
ptd-server 2023-03-03 08:12:26,265 [INFO] Sending reply to client '1677852746.265815'
ptd-server 2023-03-03 08:12:26,267 [INFO] Got command from the client 'session,2023-03-03_07-57-40,start,testing'
ptd-server 2023-03-03 08:12:26,267 [INFO] Sending to ptd: 'SR,V,119.470000'
ptd-server 2023-03-03 08:12:28,042 [INFO] Reply from ptd: 'Range V changed'
ptd-server 2023-03-03 08:12:28,042 [INFO] Sending to ptd: 'SR,A,6.137800'
ptd-server 2023-03-03 08:12:29,545 [INFO] Reply from ptd: 'Range A changed'
ptd-server 2023-03-03 08:12:39,552 [INFO] Starting testing mode
ptd-server 2023-03-03 08:12:39,553 [INFO] Sending to ptd: 'Go,1000,0,2023-03-03_07-57-40_testing'
ptd-server 2023-03-03 08:12:39,553 [INFO] Reply from ptd: 'Starting untimed measurement, maximum 500000 samples at 1000ms with 0 rampup samples'
ptd-server 2023-03-03 08:12:39,554 [INFO] Sending reply to client 'OK'
ptd-server 2023-03-03 08:26:46,512 [INFO] Got command from the client 'session,2023-03-03_07-57-40,stop,testing'
ptd-server 2023-03-03 08:26:56,522 [INFO] Sending to ptd: 'Stop'
ptd-server 2023-03-03 08:26:56,523 [INFO] Reply from ptd: 'Stopping untimed measurement'
ptd-server 2023-03-03 08:26:56,576 [INFO] Sending reply to client 'OK'
ptd-server 2023-03-03 08:26:56,582 [INFO] Got command from the client 'session,2023-03-03_07-57-40,done'
ptd-server 2023-03-03 08:26:56,582 [INFO] Sending to ptd: 'Stop'
ptd-server 2023-03-03 08:26:56,582 [INFO] Reply from ptd: 'Error: no measurement to stop'
ptd-server 2023-03-03 08:26:56,582 [INFO] Sending to ptd: 'SR,V,Auto'
ptd-server 2023-03-03 08:26:57,085 [INFO] Reply from ptd: 'Range V changed'
ptd-server 2023-03-03 08:26:57,085 [INFO] Sending to ptd: 'SR,A,Auto'
ptd-server 2023-03-03 08:26:57,588 [INFO] Reply from ptd: 'Range A changed'
ptd-server 2023-03-03 08:26:57,589 [INFO] Set initial values for Amps Auto and Volts Auto
ptd-server 2023-03-03 08:26:57,589 [INFO] Stopping ptd...
