client 2023-02-24 21:23:41,150 [INFO] Creating output directory '/home/arjun/mobilenet_results/valid_results/arjun_orin-tflite_cpp-cpu-tflite-vmaster-default_config/efficientnet-int8-lite0/singlestream/performance/tmp_power'
client 2023-02-24 21:23:41,439 [INFO] Sending command to the server: 'mlcommons/power client v3'
client 2023-02-24 21:23:41,443 [INFO] Got response: 'mlcommons/power server v3'
client 2023-02-24 21:23:41,443 [INFO] Synchronizing with the server and with time.google.com...
client 2023-02-24 21:23:41,502 [INFO] NTP:offset = -0.000 s, delay = 0.014 s 
client 2023-02-24 21:23:41,503 [INFO] Sending command to the server: 'time'
client 2023-02-24 21:23:41,507 [INFO] Got response: '1677273821.5063043'
client 2023-02-24 21:23:41,507 [INFO] The time difference between the client and the server is within range -3.245 ms..1.597 ms
client 2023-02-24 21:23:41,508 [INFO] Sending command to the server: 'new,,9ff0f7b5-8101-44cf-ba3f-4e8d47582e49'
client 2023-02-24 21:23:41,512 [INFO] Got response: 'OK 2023-02-24_21-23-41,b6b8c0fc-f15a-4de0-8e7d-155b727f03b8'
client 2023-02-24 21:23:41,512 [INFO] Session id is '2023-02-24_21-23-41'
client 2023-02-24 21:23:41,513 [INFO] Sources: {"sources": {"__init__.py": "da39a3ee5e6b4b0d3255bfef95601890afd80709", "client.py": "33ca4f26368777ac06e01f9567b714a4b8063886", "lib/__init__.py": "da39a3ee5e6b4b0d3255bfef95601890afd80709", "lib/client.py": "4c2b78fb4849a7e5b584ef792d82aaed20b17f57", "lib/common.py": "624d0c0acc7c39aaff3674f0b99d6a09da53d1dc", "lib/external/__init__.py": "da39a3ee5e6b4b0d3255bfef95601890afd80709", "lib/external/ntplib.py": "4da8f970656505a40483206ef2b5d3dd5e81711d", "lib/server.py": "cda0cdfaee9bfa1249c64a7dd4f89b7bf1b279f0", "lib/source_hashes.py": "60a2e02193209e8d392803326208d5466342da18", "lib/summary.py": "aa92f0a3f975eecd44d3c0cd0236342ccc9f941d", "lib/time_sync.py": "3210db56eb0ff0df57bf4293dc4d4b03fffd46f1", "server.py": "c3f90f2f7eeb4db30727556d0c815ebc89b3d28b", "tests/unit/__init__.py": "da39a3ee5e6b4b0d3255bfef95601890afd80709", "tests/unit/test_server.py": "99ae15aef722f2000ee6ed1ae1523637bf1ae42b", "tests/unit/test_source_hashes.py": "00468a2907583c593e6574a1f6b404e4651c221a"}, "modules": {"ptd_client_server.lib.client": "lib/client.py", "ptd_client_server.lib.common": "lib/common.py", "ptd_client_server.lib.external.ntplib": "lib/external/ntplib.py", "ptd_client_server.lib.source_hashes": "lib/source_hashes.py", "ptd_client_server.lib.summary": "lib/summary.py", "ptd_client_server.lib.time_sync": "lib/time_sync.py"}}
client 2023-02-24 21:23:41,514 [INFO] Running workload in ranging mode
client 2023-02-24 21:23:41,514 [INFO] Synchronizing with the server and with time.google.com...
client 2023-02-24 21:23:41,530 [INFO] NTP:offset = -0.001 s, delay = 0.014 s 
client 2023-02-24 21:23:41,531 [INFO] Sending command to the server: 'time'
client 2023-02-24 21:23:41,536 [INFO] Got response: '1677273821.5343347'
client 2023-02-24 21:23:41,536 [INFO] The time difference between the client and the server is within range -3.318 ms..2.037 ms
client 2023-02-24 21:23:41,536 [INFO] Sending command to the server: 'session,2023-02-24_21-23-41,start,ranging'
client 2023-02-24 21:24:09,663 [INFO] Got response: 'OK'
client 2023-02-24 21:24:09,664 [INFO] Running the workload '/home/arjun/run.out'
client 2023-02-24 21:35:09,119 [INFO] Sending command to the server: 'session,2023-02-24_21-23-41,stop,ranging'
client 2023-02-24 21:35:19,282 [INFO] Got response: 'OK'
client 2023-02-24 21:35:19,301 [INFO] Copying loadgen logs from '/home/arjun/mobilenet_results/valid_results/arjun_orin-tflite_cpp-cpu-tflite-vmaster-default_config/efficientnet-int8-lite0/singlestream/performance/run_1' to '/home/arjun/mobilenet_results/valid_results/arjun_orin-tflite_cpp-cpu-tflite-vmaster-default_config/efficientnet-int8-lite0/singlestream/performance/tmp_power/ranging'
client 2023-02-24 21:35:19,302 [INFO] Running workload in testing mode
client 2023-02-24 21:35:19,302 [INFO] Synchronizing with the server and with time.google.com...
client 2023-02-24 21:35:19,335 [INFO] NTP:offset = 0.000 s, delay = 0.017 s 
client 2023-02-24 21:35:19,335 [INFO] Sending command to the server: 'time'
client 2023-02-24 21:35:19,338 [INFO] Got response: '1677274519.338087'
client 2023-02-24 21:35:19,338 [INFO] The time difference between the client and the server is within range -2.541 ms..0.451 ms
client 2023-02-24 21:35:19,338 [INFO] Sending command to the server: 'session,2023-02-24_21-23-41,start,testing'
client 2023-02-24 21:35:32,683 [INFO] Got response: 'OK'
client 2023-02-24 21:35:32,683 [INFO] Running the workload '/home/arjun/run.out'
client 2023-02-24 21:46:26,978 [INFO] Sending command to the server: 'session,2023-02-24_21-23-41,stop,testing'
client 2023-02-24 21:46:37,120 [INFO] Got response: 'OK'
client 2023-02-24 21:46:37,125 [INFO] Copying loadgen logs from '/home/arjun/mobilenet_results/valid_results/arjun_orin-tflite_cpp-cpu-tflite-vmaster-default_config/efficientnet-int8-lite0/singlestream/performance/run_1' to '/home/arjun/mobilenet_results/valid_results/arjun_orin-tflite_cpp-cpu-tflite-vmaster-default_config/efficientnet-int8-lite0/singlestream/performance/tmp_power/run_1'
client 2023-02-24 21:46:37,127 [INFO] Done runs
