ptd-server 2023-02-24 21:23:41,505 [INFO] Got command from the client 'time'
ptd-server 2023-02-24 21:23:41,506 [INFO] Sending reply to client '1677273821.5063043'
ptd-server 2023-02-24 21:23:41,510 [INFO] Got command from the client 'new,,9ff0f7b5-8101-44cf-ba3f-4e8d47582e49'
ptd-server 2023-02-24 21:23:41,511 [INFO] Sending reply to client 'OK 2023-02-24_21-23-41,b6b8c0fc-f15a-4de0-8e7d-155b727f03b8'
ptd-server 2023-02-24 21:23:41,533 [INFO] Got command from the client 'time'
ptd-server 2023-02-24 21:23:41,534 [INFO] Sending reply to client '1677273821.5343347'
ptd-server 2023-02-24 21:23:41,539 [INFO] Got command from the client 'session,2023-02-24_21-23-41,start,ranging'
ptd-server 2023-02-24 21:23:41,540 [INFO] Running PTDaemon: ['/media/arjun/T7_Touch/hp-envy/CM/repos/local/cache/9b3695ca8255492a/power/inference_v1.0/ptd-linux-x86', '-l', '/tmp/tmpti64566v/ptd_logfile.txt', '-p', '8888', '49', '/dev/usbtmc0']
ptd-server 2023-02-24 21:23:58,640 [INFO] Sending to ptd: 'Hello'
ptd-server 2023-02-24 21:23:58,641 [INFO] Reply from ptd: 'Hello, PTDaemon here!'
ptd-server 2023-02-24 21:23:58,641 [INFO] Sending to ptd: 'Identify'
ptd-server 2023-02-24 21:23:58,642 [INFO] Reply from ptd: 'YokogawaWT310E,1000,1,1,1,1,0,1,1,version=1.10.0-ed9a21d2-20220817,OS=Linux 5.15.0-56-generic #62-Ubuntu SMP Tue Nov 22 19:54:14 UTC 2022 x86_64,mode=power,1,1,1,0,0,no_cal_date,YOKOGAWA;WT310E;C3YD21068E;F1.04'
ptd-server 2023-02-24 21:23:58,642 [INFO] Connected to PTDaemon
ptd-server 2023-02-24 21:23:58,642 [INFO] Sending to ptd: 'RR'
ptd-server 2023-02-24 21:23:58,643 [INFO] Reply from ptd: 'Ranges,0,0.100000,0,600.000000'
ptd-server 2023-02-24 21:23:58,644 [INFO] Initial range for Amps is 0.100000 for Volts is 600.000000
ptd-server 2023-02-24 21:23:58,644 [INFO] Sending to ptd: 'SR,V,Auto'
ptd-server 2023-02-24 21:23:59,148 [INFO] Reply from ptd: 'Range V changed'
ptd-server 2023-02-24 21:23:59,148 [INFO] Sending to ptd: 'SR,A,Auto'
ptd-server 2023-02-24 21:23:59,652 [INFO] Reply from ptd: 'Range A changed'
ptd-server 2023-02-24 21:24:09,662 [INFO] Starting ranging mode
ptd-server 2023-02-24 21:24:09,662 [INFO] Sending to ptd: 'Go,1000,0,2023-02-24_21-23-41_ranging'
ptd-server 2023-02-24 21:24:09,662 [INFO] Reply from ptd: 'Starting untimed measurement, maximum 500000 samples at 1000ms with 0 rampup samples'
ptd-server 2023-02-24 21:24:09,662 [INFO] Sending reply to client 'OK'
ptd-server 2023-02-24 21:35:09,143 [INFO] Got command from the client 'session,2023-02-24_21-23-41,stop,ranging'
ptd-server 2023-02-24 21:35:19,154 [INFO] Sending to ptd: 'Stop'
ptd-server 2023-02-24 21:35:19,155 [INFO] Reply from ptd: 'Stopping untimed measurement'
ptd-server 2023-02-24 21:35:19,281 [INFO] Sending reply to client 'OK'
ptd-server 2023-02-24 21:35:19,337 [INFO] Got command from the client 'time'
ptd-server 2023-02-24 21:35:19,338 [INFO] Sending reply to client '1677274519.338087'
ptd-server 2023-02-24 21:35:19,341 [INFO] Got command from the client 'session,2023-02-24_21-23-41,start,testing'
ptd-server 2023-02-24 21:35:19,341 [INFO] Sending to ptd: 'SR,V,246.850000'
ptd-server 2023-02-24 21:35:21,166 [INFO] Reply from ptd: 'Range V changed'
ptd-server 2023-02-24 21:35:21,166 [INFO] Sending to ptd: 'SR,A,0.170120'
ptd-server 2023-02-24 21:35:22,669 [INFO] Reply from ptd: 'Range A changed'
ptd-server 2023-02-24 21:35:32,680 [INFO] Starting testing mode
ptd-server 2023-02-24 21:35:32,681 [INFO] Sending to ptd: 'Go,1000,0,2023-02-24_21-23-41_testing'
ptd-server 2023-02-24 21:35:32,682 [INFO] Reply from ptd: 'Starting untimed measurement, maximum 500000 samples at 1000ms with 0 rampup samples'
ptd-server 2023-02-24 21:35:32,682 [INFO] Sending reply to client 'OK'
ptd-server 2023-02-24 21:46:27,044 [INFO] Got command from the client 'session,2023-02-24_21-23-41,stop,testing'
ptd-server 2023-02-24 21:46:37,056 [INFO] Sending to ptd: 'Stop'
ptd-server 2023-02-24 21:46:37,057 [INFO] Reply from ptd: 'Stopping untimed measurement'
ptd-server 2023-02-24 21:46:37,119 [INFO] Sending reply to client 'OK'
ptd-server 2023-02-24 21:46:37,135 [INFO] Got command from the client 'session,2023-02-24_21-23-41,done'
ptd-server 2023-02-24 21:46:37,136 [INFO] Sending to ptd: 'Stop'
ptd-server 2023-02-24 21:46:37,683 [INFO] Reply from ptd: 'Error: no measurement to stop'
ptd-server 2023-02-24 21:46:37,683 [INFO] Sending to ptd: 'SR,V,600.000000'
ptd-server 2023-02-24 21:46:39,186 [INFO] Reply from ptd: 'Range V changed'
ptd-server 2023-02-24 21:46:39,186 [INFO] Sending to ptd: 'SR,A,0.100000'
ptd-server 2023-02-24 21:46:40,689 [INFO] Reply from ptd: 'Range A changed'
ptd-server 2023-02-24 21:46:40,689 [INFO] Set initial values for Amps 0.100000 and Volts 600.000000
ptd-server 2023-02-24 21:46:40,689 [INFO] Stopping ptd...
