ptd-server 2023-02-20 07:57:57,103 [INFO] Got command from the client 'time'
ptd-server 2023-02-20 07:57:57,103 [INFO] Sending reply to client '1676879877.1032279'
ptd-server 2023-02-20 07:57:57,104 [INFO] Got command from the client 'new,,7cb4e6fc-4d36-41e6-af51-ae1da88c0104'
ptd-server 2023-02-20 07:57:57,104 [INFO] Sending reply to client 'OK 2023-02-20_07-57-57,e883a500-cd3a-40f4-be33-5ed8fa75c7e3'
ptd-server 2023-02-20 07:57:57,127 [INFO] Got command from the client 'time'
ptd-server 2023-02-20 07:57:57,127 [INFO] Sending reply to client '1676879877.1279526'
ptd-server 2023-02-20 07:57:57,129 [INFO] Got command from the client 'session,2023-02-20_07-57-57,start,ranging'
ptd-server 2023-02-20 07:57:57,129 [INFO] Running PTDaemon: ['/home/anton/projects/mlperf/power/inference_v1.0/ptd-linux-x86', '-l', '/tmp/tmp4yl1neqp/ptd_logfile.txt', '-p', '8888', '49', '/dev/usbtmc0']
ptd-server 2023-02-20 07:58:14,203 [INFO] Sending to ptd: 'Hello'
ptd-server 2023-02-20 07:58:14,203 [INFO] Reply from ptd: 'Hello, PTDaemon here!'
ptd-server 2023-02-20 07:58:14,204 [INFO] Sending to ptd: 'Identify'
ptd-server 2023-02-20 07:58:14,204 [INFO] Reply from ptd: 'YokogawaWT310E,1000,1,1,1,1,0,1,1,version=1.10.0-ed9a21d2-20220817,OS=Linux 5.15.0-60-generic #66~20.04.1-Ubuntu SMP Wed Jan 25 09:41:30 UTC 2023 x86_64,mode=power,1,1,1,0,0,no_cal_date,YOKOGAWA;WT310E;C3XA04010E;F1.04'
ptd-server 2023-02-20 07:58:14,204 [INFO] Connected to PTDaemon
ptd-server 2023-02-20 07:58:14,204 [INFO] Sending to ptd: 'RR'
ptd-server 2023-02-20 07:58:14,205 [INFO] Reply from ptd: 'Ranges,0,0.500000,1,300.000000'
ptd-server 2023-02-20 07:58:14,205 [INFO] Initial range for Amps is 0.500000 for Volts is Auto
ptd-server 2023-02-20 07:58:14,205 [INFO] Sending to ptd: 'SR,V,Auto'
ptd-server 2023-02-20 07:58:14,707 [INFO] Reply from ptd: 'Range V changed'
ptd-server 2023-02-20 07:58:14,707 [INFO] Sending to ptd: 'SR,A,Auto'
ptd-server 2023-02-20 07:58:15,210 [INFO] Reply from ptd: 'Range A changed'
ptd-server 2023-02-20 07:58:25,220 [INFO] Starting ranging mode
ptd-server 2023-02-20 07:58:25,220 [INFO] Sending to ptd: 'Go,1000,0,2023-02-20_07-57-57_ranging'
ptd-server 2023-02-20 07:58:25,221 [INFO] Reply from ptd: 'Starting untimed measurement, maximum 500000 samples at 1000ms with 0 rampup samples'
ptd-server 2023-02-20 07:58:25,221 [INFO] Sending reply to client 'OK'
ptd-server 2023-02-20 08:08:52,376 [INFO] Got command from the client 'session,2023-02-20_07-57-57,stop,ranging'
ptd-server 2023-02-20 08:09:02,386 [INFO] Sending to ptd: 'Stop'
ptd-server 2023-02-20 08:09:02,387 [INFO] Reply from ptd: 'Stopping untimed measurement'
ptd-server 2023-02-20 08:09:02,556 [INFO] Sending reply to client 'OK'
ptd-server 2023-02-20 08:09:02,590 [INFO] Got command from the client 'time'
ptd-server 2023-02-20 08:09:02,591 [INFO] Sending reply to client '1676880542.5910623'
ptd-server 2023-02-20 08:09:02,592 [INFO] Got command from the client 'session,2023-02-20_07-57-57,start,testing'
ptd-server 2023-02-20 08:09:02,592 [INFO] Sending to ptd: 'SR,V,253.460000'
ptd-server 2023-02-20 08:09:04,723 [INFO] Reply from ptd: 'Range V changed'
ptd-server 2023-02-20 08:09:04,723 [INFO] Sending to ptd: 'SR,A,0.073380'
ptd-server 2023-02-20 08:09:06,224 [INFO] Reply from ptd: 'Range A changed'
ptd-server 2023-02-20 08:09:16,235 [INFO] Starting testing mode
ptd-server 2023-02-20 08:09:16,235 [INFO] Sending to ptd: 'Go,1000,0,2023-02-20_07-57-57_testing'
ptd-server 2023-02-20 08:09:16,235 [INFO] Reply from ptd: 'Starting untimed measurement, maximum 500000 samples at 1000ms with 0 rampup samples'
ptd-server 2023-02-20 08:09:16,235 [INFO] Sending reply to client 'OK'
ptd-server 2023-02-20 08:19:43,305 [INFO] Got command from the client 'session,2023-02-20_07-57-57,stop,testing'
ptd-server 2023-02-20 08:19:53,315 [INFO] Sending to ptd: 'Stop'
ptd-server 2023-02-20 08:19:53,316 [INFO] Reply from ptd: 'Stopping untimed measurement'
ptd-server 2023-02-20 08:19:53,405 [INFO] Sending reply to client 'OK'
ptd-server 2023-02-20 08:19:53,414 [INFO] Got command from the client 'session,2023-02-20_07-57-57,done'
ptd-server 2023-02-20 08:19:53,414 [INFO] Sending to ptd: 'Stop'
ptd-server 2023-02-20 08:19:54,235 [INFO] Reply from ptd: 'Error: no measurement to stop'
ptd-server 2023-02-20 08:19:54,235 [INFO] Sending to ptd: 'SR,V,Auto'
ptd-server 2023-02-20 08:19:54,738 [INFO] Reply from ptd: 'Range V changed'
ptd-server 2023-02-20 08:19:54,738 [INFO] Sending to ptd: 'SR,A,0.500000'
ptd-server 2023-02-20 08:19:56,239 [INFO] Reply from ptd: 'Range A changed'
ptd-server 2023-02-20 08:19:56,240 [INFO] Set initial values for Amps 0.500000 and Volts Auto
ptd-server 2023-02-20 08:19:56,240 [INFO] Stopping ptd...
