ptd-server 2023-03-01 11:53:55,522 [INFO] Got command from the client 'time'
ptd-server 2023-03-01 11:53:55,522 [INFO] Sending reply to client '1677671635.522464'
ptd-server 2023-03-01 11:53:55,524 [INFO] Got command from the client 'new,,d78e69f5-565c-437b-a2ac-ea3d7372108d'
ptd-server 2023-03-01 11:53:55,525 [INFO] Sending reply to client 'OK 2023-03-01_11-53-55,08a0c749-b0fe-4aa4-912d-b8df8409d473'
ptd-server 2023-03-01 11:53:55,554 [INFO] Got command from the client 'time'
ptd-server 2023-03-01 11:53:55,555 [INFO] Sending reply to client '1677671635.5549884'
ptd-server 2023-03-01 11:53:55,556 [INFO] Got command from the client 'session,2023-03-01_11-53-55,start,ranging'
ptd-server 2023-03-01 11:53:55,556 [INFO] Running PTDaemon: ['/home/anton/projects/mlperf/power/inference_v1.0/ptd-linux-x86', '-l', '/tmp/tmpu4v721n6/ptd_logfile.txt', '-p', '8888', '49', '/dev/usbtmc0']
ptd-server 2023-03-01 11:54:12,644 [INFO] Sending to ptd: 'Hello'
ptd-server 2023-03-01 11:54:12,645 [INFO] Reply from ptd: 'Hello, PTDaemon here!'
ptd-server 2023-03-01 11:54:12,645 [INFO] Sending to ptd: 'Identify'
ptd-server 2023-03-01 11:54:12,645 [INFO] Reply from ptd: 'YokogawaWT310E,1000,1,1,1,1,0,1,1,version=1.10.0-ed9a21d2-20220817,OS=Linux 5.15.0-60-generic #66~20.04.1-Ubuntu SMP Wed Jan 25 09:41:30 UTC 2023 x86_64,mode=power,1,1,1,0,0,no_cal_date,YOKOGAWA;WT310E;C3XA04010E;F1.04'
ptd-server 2023-03-01 11:54:12,645 [INFO] Connected to PTDaemon
ptd-server 2023-03-01 11:54:12,645 [INFO] Sending to ptd: 'RR'
ptd-server 2023-03-01 11:54:12,646 [INFO] Reply from ptd: 'Ranges,0,0.100000,0,300.000000'
ptd-server 2023-03-01 11:54:12,646 [INFO] Initial range for Amps is 0.100000 for Volts is 300.000000
ptd-server 2023-03-01 11:54:12,646 [INFO] Sending to ptd: 'SR,V,Auto'
ptd-server 2023-03-01 11:54:13,148 [INFO] Reply from ptd: 'Range V changed'
ptd-server 2023-03-01 11:54:13,149 [INFO] Sending to ptd: 'SR,A,Auto'
ptd-server 2023-03-01 11:54:13,651 [INFO] Reply from ptd: 'Range A changed'
ptd-server 2023-03-01 11:54:23,661 [INFO] Starting ranging mode
ptd-server 2023-03-01 11:54:23,662 [INFO] Sending to ptd: 'Go,1000,0,2023-03-01_11-53-55_ranging'
ptd-server 2023-03-01 11:54:23,662 [INFO] Reply from ptd: 'Starting untimed measurement, maximum 500000 samples at 1000ms with 0 rampup samples'
ptd-server 2023-03-01 11:54:23,662 [INFO] Sending reply to client 'OK'
ptd-server 2023-03-01 12:04:47,726 [INFO] Got command from the client 'session,2023-03-01_11-53-55,stop,ranging'
ptd-server 2023-03-01 12:04:57,736 [INFO] Sending to ptd: 'Stop'
ptd-server 2023-03-01 12:04:57,736 [INFO] Reply from ptd: 'Stopping untimed measurement'
ptd-server 2023-03-01 12:04:58,351 [INFO] Sending reply to client 'OK'
ptd-server 2023-03-01 12:04:58,438 [INFO] Got command from the client 'time'
ptd-server 2023-03-01 12:04:58,439 [INFO] Sending reply to client '1677672298.4390793'
ptd-server 2023-03-01 12:04:58,441 [INFO] Got command from the client 'session,2023-03-01_11-53-55,start,testing'
ptd-server 2023-03-01 12:04:58,441 [INFO] Sending to ptd: 'SR,V,252.050000'
ptd-server 2023-03-01 12:05:00,164 [INFO] Reply from ptd: 'Range V changed'
ptd-server 2023-03-01 12:05:00,164 [INFO] Sending to ptd: 'SR,A,0.075890'
ptd-server 2023-03-01 12:05:01,665 [INFO] Reply from ptd: 'Range A changed'
ptd-server 2023-03-01 12:05:11,672 [INFO] Starting testing mode
ptd-server 2023-03-01 12:05:11,672 [INFO] Sending to ptd: 'Go,1000,0,2023-03-01_11-53-55_testing'
ptd-server 2023-03-01 12:05:11,672 [INFO] Reply from ptd: 'Starting untimed measurement, maximum 500000 samples at 1000ms with 0 rampup samples'
ptd-server 2023-03-01 12:05:11,673 [INFO] Sending reply to client 'OK'
ptd-server 2023-03-01 12:15:35,392 [INFO] Got command from the client 'session,2023-03-01_11-53-55,stop,testing'
ptd-server 2023-03-01 12:15:45,400 [INFO] Sending to ptd: 'Stop'
ptd-server 2023-03-01 12:15:45,400 [INFO] Reply from ptd: 'Stopping untimed measurement'
ptd-server 2023-03-01 12:15:45,710 [INFO] Sending reply to client 'OK'
ptd-server 2023-03-01 12:15:45,730 [INFO] Got command from the client 'session,2023-03-01_11-53-55,done'
ptd-server 2023-03-01 12:15:45,730 [INFO] Sending to ptd: 'Stop'
ptd-server 2023-03-01 12:15:45,730 [INFO] Reply from ptd: 'Error: no measurement to stop'
ptd-server 2023-03-01 12:15:45,730 [INFO] Sending to ptd: 'SR,V,300.000000'
ptd-server 2023-03-01 12:15:47,232 [INFO] Reply from ptd: 'Range V changed'
ptd-server 2023-03-01 12:15:47,232 [INFO] Sending to ptd: 'SR,A,0.100000'
ptd-server 2023-03-01 12:15:48,733 [INFO] Reply from ptd: 'Range A changed'
ptd-server 2023-03-01 12:15:48,733 [INFO] Set initial values for Amps 0.100000 and Volts 300.000000
ptd-server 2023-03-01 12:15:48,734 [INFO] Stopping ptd...
