ptd-server 2023-02-27 02:20:16,243 [INFO] Got command from the client 'time'
ptd-server 2023-02-27 02:20:16,243 [INFO] Sending reply to client '1677464416.2435784'
ptd-server 2023-02-27 02:20:16,244 [INFO] Got command from the client 'new,,ad3fb507-6f91-4978-9edb-65adf368021c'
ptd-server 2023-02-27 02:20:16,245 [INFO] Sending reply to client 'OK 2023-02-27_02-20-16,d3ab328c-6312-4547-b957-0ae77270ac92'
ptd-server 2023-02-27 02:20:16,266 [INFO] Got command from the client 'time'
ptd-server 2023-02-27 02:20:16,266 [INFO] Sending reply to client '1677464416.2665198'
ptd-server 2023-02-27 02:20:16,268 [INFO] Got command from the client 'session,2023-02-27_02-20-16,start,ranging'
ptd-server 2023-02-27 02:20:16,268 [INFO] Running PTDaemon: ['/home/anton/projects/mlperf/power/inference_v1.0/ptd-linux-x86', '-l', '/tmp/tmpu4v721n6/ptd_logfile.txt', '-p', '8888', '49', '/dev/usbtmc0']
ptd-server 2023-02-27 02:20:33,355 [INFO] Sending to ptd: 'Hello'
ptd-server 2023-02-27 02:20:33,355 [INFO] Reply from ptd: 'Hello, PTDaemon here!'
ptd-server 2023-02-27 02:20:33,355 [INFO] Sending to ptd: 'Identify'
ptd-server 2023-02-27 02:20:33,356 [INFO] Reply from ptd: 'YokogawaWT310E,1000,1,1,1,1,0,1,1,version=1.10.0-ed9a21d2-20220817,OS=Linux 5.15.0-60-generic #66~20.04.1-Ubuntu SMP Wed Jan 25 09:41:30 UTC 2023 x86_64,mode=power,1,1,1,0,0,no_cal_date,YOKOGAWA;WT310E;C3XA04010E;F1.04'
ptd-server 2023-02-27 02:20:33,356 [INFO] Connected to PTDaemon
ptd-server 2023-02-27 02:20:33,356 [INFO] Sending to ptd: 'RR'
ptd-server 2023-02-27 02:20:33,356 [INFO] Reply from ptd: 'Ranges,0,0.100000,0,300.000000'
ptd-server 2023-02-27 02:20:33,356 [INFO] Initial range for Amps is 0.100000 for Volts is 300.000000
ptd-server 2023-02-27 02:20:33,357 [INFO] Sending to ptd: 'SR,V,Auto'
ptd-server 2023-02-27 02:20:33,859 [INFO] Reply from ptd: 'Range V changed'
ptd-server 2023-02-27 02:20:33,859 [INFO] Sending to ptd: 'SR,A,Auto'
ptd-server 2023-02-27 02:20:34,362 [INFO] Reply from ptd: 'Range A changed'
ptd-server 2023-02-27 02:20:44,372 [INFO] Starting ranging mode
ptd-server 2023-02-27 02:20:44,372 [INFO] Sending to ptd: 'Go,1000,0,2023-02-27_02-20-16_ranging'
ptd-server 2023-02-27 02:20:44,373 [INFO] Reply from ptd: 'Starting untimed measurement, maximum 500000 samples at 1000ms with 0 rampup samples'
ptd-server 2023-02-27 02:20:44,373 [INFO] Sending reply to client 'OK'
ptd-server 2023-02-27 02:31:01,362 [INFO] Got command from the client 'session,2023-02-27_02-20-16,stop,ranging'
ptd-server 2023-02-27 02:31:11,372 [INFO] Sending to ptd: 'Stop'
ptd-server 2023-02-27 02:31:11,373 [INFO] Reply from ptd: 'Stopping untimed measurement'
ptd-server 2023-02-27 02:31:11,652 [INFO] Sending reply to client 'OK'
ptd-server 2023-02-27 02:31:11,820 [INFO] Got command from the client 'time'
ptd-server 2023-02-27 02:31:11,820 [INFO] Sending reply to client '1677465071.8209105'
ptd-server 2023-02-27 02:31:11,826 [INFO] Got command from the client 'session,2023-02-27_02-20-16,start,testing'
ptd-server 2023-02-27 02:31:11,826 [INFO] Sending to ptd: 'SR,V,252.520000'
ptd-server 2023-02-27 02:31:13,327 [INFO] Reply from ptd: 'Range V changed'
ptd-server 2023-02-27 02:31:13,327 [INFO] Sending to ptd: 'SR,A,0.053760'
ptd-server 2023-02-27 02:31:14,828 [INFO] Reply from ptd: 'Range A changed'
ptd-server 2023-02-27 02:31:24,839 [INFO] Starting testing mode
ptd-server 2023-02-27 02:31:24,839 [INFO] Sending to ptd: 'Go,1000,0,2023-02-27_02-20-16_testing'
ptd-server 2023-02-27 02:31:24,839 [INFO] Reply from ptd: 'Starting untimed measurement, maximum 500000 samples at 1000ms with 0 rampup samples'
ptd-server 2023-02-27 02:31:24,839 [INFO] Sending reply to client 'OK'
ptd-server 2023-02-27 02:41:41,933 [INFO] Got command from the client 'session,2023-02-27_02-20-16,stop,testing'
ptd-server 2023-02-27 02:41:51,944 [INFO] Sending to ptd: 'Stop'
ptd-server 2023-02-27 02:41:51,944 [INFO] Reply from ptd: 'Stopping untimed measurement'
ptd-server 2023-02-27 02:41:52,087 [INFO] Sending reply to client 'OK'
ptd-server 2023-02-27 02:41:52,109 [INFO] Got command from the client 'session,2023-02-27_02-20-16,done'
ptd-server 2023-02-27 02:41:52,109 [INFO] Sending to ptd: 'Stop'
ptd-server 2023-02-27 02:41:52,839 [INFO] Reply from ptd: 'Error: no measurement to stop'
ptd-server 2023-02-27 02:41:52,839 [INFO] Sending to ptd: 'SR,V,300.000000'
ptd-server 2023-02-27 02:41:54,341 [INFO] Reply from ptd: 'Range V changed'
ptd-server 2023-02-27 02:41:54,341 [INFO] Sending to ptd: 'SR,A,0.100000'
ptd-server 2023-02-27 02:41:55,842 [INFO] Reply from ptd: 'Range A changed'
ptd-server 2023-02-27 02:41:55,842 [INFO] Set initial values for Amps 0.100000 and Volts 300.000000
ptd-server 2023-02-27 02:41:55,843 [INFO] Stopping ptd...
