ptd-server 2023-03-01 05:03:30,013 [INFO] Got command from the client 'time'
ptd-server 2023-03-01 05:03:30,013 [INFO] Sending reply to client '1677647010.0134652'
ptd-server 2023-03-01 05:03:30,015 [INFO] Got command from the client 'new,,79d97d73-7638-4991-88df-a06a20af24ee'
ptd-server 2023-03-01 05:03:30,016 [INFO] Sending reply to client 'OK 2023-03-01_05-03-30,ce7579e6-0313-4595-b798-6b660df50f74'
ptd-server 2023-03-01 05:03:30,041 [INFO] Got command from the client 'time'
ptd-server 2023-03-01 05:03:30,041 [INFO] Sending reply to client '1677647010.041584'
ptd-server 2023-03-01 05:03:30,044 [INFO] Got command from the client 'session,2023-03-01_05-03-30,start,ranging'
ptd-server 2023-03-01 05:03:30,044 [INFO] Running PTDaemon: ['/home/anton/projects/mlperf/power/inference_v1.0/ptd-linux-x86', '-l', '/tmp/tmpu4v721n6/ptd_logfile.txt', '-p', '8888', '49', '/dev/usbtmc0']
ptd-server 2023-03-01 05:03:47,132 [INFO] Sending to ptd: 'Hello'
ptd-server 2023-03-01 05:03:47,133 [INFO] Reply from ptd: 'Hello, PTDaemon here!'
ptd-server 2023-03-01 05:03:47,133 [INFO] Sending to ptd: 'Identify'
ptd-server 2023-03-01 05:03:47,133 [INFO] Reply from ptd: 'YokogawaWT310E,1000,1,1,1,1,0,1,1,version=1.10.0-ed9a21d2-20220817,OS=Linux 5.15.0-60-generic #66~20.04.1-Ubuntu SMP Wed Jan 25 09:41:30 UTC 2023 x86_64,mode=power,1,1,1,0,0,no_cal_date,YOKOGAWA;WT310E;C3XA04010E;F1.04'
ptd-server 2023-03-01 05:03:47,133 [INFO] Connected to PTDaemon
ptd-server 2023-03-01 05:03:47,134 [INFO] Sending to ptd: 'RR'
ptd-server 2023-03-01 05:03:47,134 [INFO] Reply from ptd: 'Ranges,0,0.100000,0,300.000000'
ptd-server 2023-03-01 05:03:47,134 [INFO] Initial range for Amps is 0.100000 for Volts is 300.000000
ptd-server 2023-03-01 05:03:47,134 [INFO] Sending to ptd: 'SR,V,Auto'
ptd-server 2023-03-01 05:03:47,637 [INFO] Reply from ptd: 'Range V changed'
ptd-server 2023-03-01 05:03:47,637 [INFO] Sending to ptd: 'SR,A,Auto'
ptd-server 2023-03-01 05:03:48,139 [INFO] Reply from ptd: 'Range A changed'
ptd-server 2023-03-01 05:03:58,150 [INFO] Starting ranging mode
ptd-server 2023-03-01 05:03:58,150 [INFO] Sending to ptd: 'Go,1000,0,2023-03-01_05-03-30_ranging'
ptd-server 2023-03-01 05:03:58,150 [INFO] Reply from ptd: 'Starting untimed measurement, maximum 500000 samples at 1000ms with 0 rampup samples'
ptd-server 2023-03-01 05:03:58,150 [INFO] Sending reply to client 'OK'
ptd-server 2023-03-01 05:14:22,135 [INFO] Got command from the client 'session,2023-03-01_05-03-30,stop,ranging'
ptd-server 2023-03-01 05:14:32,145 [INFO] Sending to ptd: 'Stop'
ptd-server 2023-03-01 05:14:32,145 [INFO] Reply from ptd: 'Stopping untimed measurement'
ptd-server 2023-03-01 05:14:32,708 [INFO] Sending reply to client 'OK'
ptd-server 2023-03-01 05:14:32,997 [INFO] Got command from the client 'time'
ptd-server 2023-03-01 05:14:32,998 [INFO] Sending reply to client '1677647672.9980743'
ptd-server 2023-03-01 05:14:32,999 [INFO] Got command from the client 'session,2023-03-01_05-03-30,start,testing'
ptd-server 2023-03-01 05:14:33,000 [INFO] Sending to ptd: 'SR,V,253.770000'
ptd-server 2023-03-01 05:14:34,501 [INFO] Reply from ptd: 'Range V changed'
ptd-server 2023-03-01 05:14:34,501 [INFO] Sending to ptd: 'SR,A,0.080970'
ptd-server 2023-03-01 05:14:36,003 [INFO] Reply from ptd: 'Range A changed'
ptd-server 2023-03-01 05:14:46,012 [INFO] Starting testing mode
ptd-server 2023-03-01 05:14:46,012 [INFO] Sending to ptd: 'Go,1000,0,2023-03-01_05-03-30_testing'
ptd-server 2023-03-01 05:14:46,012 [INFO] Reply from ptd: 'Starting untimed measurement, maximum 500000 samples at 1000ms with 0 rampup samples'
ptd-server 2023-03-01 05:14:46,013 [INFO] Sending reply to client 'OK'
ptd-server 2023-03-01 05:25:10,206 [INFO] Got command from the client 'session,2023-03-01_05-03-30,stop,testing'
ptd-server 2023-03-01 05:25:20,217 [INFO] Sending to ptd: 'Stop'
ptd-server 2023-03-01 05:25:20,217 [INFO] Reply from ptd: 'Stopping untimed measurement'
ptd-server 2023-03-01 05:25:20,509 [INFO] Sending reply to client 'OK'
ptd-server 2023-03-01 05:25:20,528 [INFO] Got command from the client 'session,2023-03-01_05-03-30,done'
ptd-server 2023-03-01 05:25:20,528 [INFO] Sending to ptd: 'Stop'
ptd-server 2023-03-01 05:25:21,013 [INFO] Reply from ptd: 'Error: no measurement to stop'
ptd-server 2023-03-01 05:25:21,013 [INFO] Sending to ptd: 'SR,V,300.000000'
ptd-server 2023-03-01 05:25:22,514 [INFO] Reply from ptd: 'Range V changed'
ptd-server 2023-03-01 05:25:22,515 [INFO] Sending to ptd: 'SR,A,0.100000'
ptd-server 2023-03-01 05:25:24,016 [INFO] Reply from ptd: 'Range A changed'
ptd-server 2023-03-01 05:25:24,016 [INFO] Set initial values for Amps 0.100000 and Volts 300.000000
ptd-server 2023-03-01 05:25:24,016 [INFO] Stopping ptd...
