ptd-server 2023-02-13 02:03:45,598 [INFO] Got command from the client 'time'
ptd-server 2023-02-13 02:03:45,598 [INFO] Sending reply to client '1676253825.598524'
ptd-server 2023-02-13 02:03:45,600 [INFO] Got command from the client 'new,,534980eb-d8a4-4f4c-98f9-09c4d007eda6'
ptd-server 2023-02-13 02:03:45,601 [INFO] Sending reply to client 'OK 2023-02-13_02-03-45,d34b3a0a-da67-4e7b-a4a7-59ae4633ed57'
ptd-server 2023-02-13 02:03:45,629 [INFO] Got command from the client 'time'
ptd-server 2023-02-13 02:03:45,629 [INFO] Sending reply to client '1676253825.62963'
ptd-server 2023-02-13 02:03:45,631 [INFO] Got command from the client 'session,2023-02-13_02-03-45,start,ranging'
ptd-server 2023-02-13 02:03:45,632 [INFO] Running PTDaemon: ['/home/anton/projects/mlperf/power/inference_v1.0/ptd-linux-x86', '-l', '/tmp/tmp4yl1neqp/ptd_logfile.txt', '-p', '8888', '49', '/dev/usbtmc0']
ptd-server 2023-02-13 02:04:02,705 [INFO] Sending to ptd: 'Hello'
ptd-server 2023-02-13 02:04:02,706 [INFO] Reply from ptd: 'Hello, PTDaemon here!'
ptd-server 2023-02-13 02:04:02,706 [INFO] Sending to ptd: 'Identify'
ptd-server 2023-02-13 02:04:02,706 [INFO] Reply from ptd: 'YokogawaWT310E,1000,1,1,1,1,0,1,1,version=1.10.0-ed9a21d2-20220817,OS=Linux 5.15.0-60-generic #66~20.04.1-Ubuntu SMP Wed Jan 25 09:41:30 UTC 2023 x86_64,mode=power,1,1,1,0,0,no_cal_date,YOKOGAWA;WT310E;C3XA04010E;F1.04'
ptd-server 2023-02-13 02:04:02,707 [INFO] Connected to PTDaemon
ptd-server 2023-02-13 02:04:02,707 [INFO] Sending to ptd: 'RR'
ptd-server 2023-02-13 02:04:02,707 [INFO] Reply from ptd: 'Ranges,0,0.500000,1,300.000000'
ptd-server 2023-02-13 02:04:02,707 [INFO] Initial range for Amps is 0.500000 for Volts is Auto
ptd-server 2023-02-13 02:04:02,707 [INFO] Sending to ptd: 'SR,V,Auto'
ptd-server 2023-02-13 02:04:03,210 [INFO] Reply from ptd: 'Range V changed'
ptd-server 2023-02-13 02:04:03,210 [INFO] Sending to ptd: 'SR,A,Auto'
ptd-server 2023-02-13 02:04:03,712 [INFO] Reply from ptd: 'Range A changed'
ptd-server 2023-02-13 02:04:13,723 [INFO] Starting ranging mode
ptd-server 2023-02-13 02:04:13,723 [INFO] Sending to ptd: 'Go,1000,0,2023-02-13_02-03-45_ranging'
ptd-server 2023-02-13 02:04:13,723 [INFO] Reply from ptd: 'Starting untimed measurement, maximum 500000 samples at 1000ms with 0 rampup samples'
ptd-server 2023-02-13 02:04:13,723 [INFO] Sending reply to client 'OK'
ptd-server 2023-02-13 02:17:19,605 [INFO] Got command from the client 'session,2023-02-13_02-03-45,stop,ranging'
ptd-server 2023-02-13 02:17:29,612 [INFO] Sending to ptd: 'Stop'
ptd-server 2023-02-13 02:17:29,612 [INFO] Reply from ptd: 'Stopping untimed measurement'
ptd-server 2023-02-13 02:17:29,663 [INFO] Sending reply to client 'OK'
ptd-server 2023-02-13 02:17:29,782 [INFO] Got command from the client 'time'
ptd-server 2023-02-13 02:17:29,782 [INFO] Sending reply to client '1676254649.7823982'
ptd-server 2023-02-13 02:17:29,785 [INFO] Got command from the client 'session,2023-02-13_02-03-45,start,testing'
ptd-server 2023-02-13 02:17:29,785 [INFO] Sending to ptd: 'SR,V,251.530000'
ptd-server 2023-02-13 02:17:31,287 [INFO] Reply from ptd: 'Range V changed'
ptd-server 2023-02-13 02:17:31,287 [INFO] Sending to ptd: 'SR,A,0.184080'
ptd-server 2023-02-13 02:17:32,788 [INFO] Reply from ptd: 'Range A changed'
ptd-server 2023-02-13 02:17:42,799 [INFO] Starting testing mode
ptd-server 2023-02-13 02:17:42,799 [INFO] Sending to ptd: 'Go,1000,0,2023-02-13_02-03-45_testing'
ptd-server 2023-02-13 02:17:42,799 [INFO] Reply from ptd: 'Starting untimed measurement, maximum 500000 samples at 1000ms with 0 rampup samples'
ptd-server 2023-02-13 02:17:42,799 [INFO] Sending reply to client 'OK'
ptd-server 2023-02-13 02:30:41,014 [INFO] Got command from the client 'session,2023-02-13_02-03-45,stop,testing'
ptd-server 2023-02-13 02:30:51,024 [INFO] Sending to ptd: 'Stop'
ptd-server 2023-02-13 02:30:51,024 [INFO] Reply from ptd: 'Stopping untimed measurement'
ptd-server 2023-02-13 02:30:51,050 [INFO] Sending reply to client 'OK'
ptd-server 2023-02-13 02:30:51,078 [INFO] Got command from the client 'session,2023-02-13_02-03-45,done'
ptd-server 2023-02-13 02:30:51,078 [INFO] Sending to ptd: 'Stop'
ptd-server 2023-02-13 02:30:51,800 [INFO] Reply from ptd: 'Error: no measurement to stop'
ptd-server 2023-02-13 02:30:51,800 [INFO] Sending to ptd: 'SR,V,Auto'
ptd-server 2023-02-13 02:30:52,302 [INFO] Reply from ptd: 'Range V changed'
ptd-server 2023-02-13 02:30:52,303 [INFO] Sending to ptd: 'SR,A,0.500000'
ptd-server 2023-02-13 02:30:53,804 [INFO] Reply from ptd: 'Range A changed'
ptd-server 2023-02-13 02:30:53,804 [INFO] Set initial values for Amps 0.500000 and Volts Auto
ptd-server 2023-02-13 02:30:53,805 [INFO] Stopping ptd...
