ptd-server 2023-02-23 06:50:54,148 [INFO] Got command from the client 'time'
ptd-server 2023-02-23 06:50:54,148 [INFO] Sending reply to client '1677135054.1483383'
ptd-server 2023-02-23 06:50:54,149 [INFO] Got command from the client 'new,,33fa797e-279f-4ede-93f1-7bafa1cbffd8'
ptd-server 2023-02-23 06:50:54,149 [INFO] Sending reply to client 'OK 2023-02-23_06-50-54,e233f1e2-b538-400d-8181-af71c89a044a'
ptd-server 2023-02-23 06:50:54,174 [INFO] Got command from the client 'time'
ptd-server 2023-02-23 06:50:54,174 [INFO] Sending reply to client '1677135054.1743'
ptd-server 2023-02-23 06:50:54,175 [INFO] Got command from the client 'session,2023-02-23_06-50-54,start,ranging'
ptd-server 2023-02-23 06:50:54,175 [INFO] Running PTDaemon: ['/home/anton/projects/mlperf/power/inference_v1.0/ptd-linux-x86', '-l', '/tmp/tmp4yl1neqp/ptd_logfile.txt', '-p', '8888', '49', '/dev/usbtmc0']
ptd-server 2023-02-23 06:51:11,248 [INFO] Sending to ptd: 'Hello'
ptd-server 2023-02-23 06:51:11,249 [INFO] Reply from ptd: 'Hello, PTDaemon here!'
ptd-server 2023-02-23 06:51:11,249 [INFO] Sending to ptd: 'Identify'
ptd-server 2023-02-23 06:51:11,249 [INFO] Reply from ptd: 'YokogawaWT310E,1000,1,1,1,1,0,1,1,version=1.10.0-ed9a21d2-20220817,OS=Linux 5.15.0-60-generic #66~20.04.1-Ubuntu SMP Wed Jan 25 09:41:30 UTC 2023 x86_64,mode=power,1,1,1,0,0,no_cal_date,YOKOGAWA;WT310E;C3XA04010E;F1.04'
ptd-server 2023-02-23 06:51:11,249 [INFO] Connected to PTDaemon
ptd-server 2023-02-23 06:51:11,250 [INFO] Sending to ptd: 'RR'
ptd-server 2023-02-23 06:51:11,250 [INFO] Reply from ptd: 'Ranges,1,0.100000,1,300.000000'
ptd-server 2023-02-23 06:51:11,250 [INFO] Initial range for Amps is Auto for Volts is Auto
ptd-server 2023-02-23 06:51:11,250 [INFO] Sending to ptd: 'SR,V,Auto'
ptd-server 2023-02-23 06:51:11,753 [INFO] Reply from ptd: 'Range V changed'
ptd-server 2023-02-23 06:51:11,753 [INFO] Sending to ptd: 'SR,A,Auto'
ptd-server 2023-02-23 06:51:12,255 [INFO] Reply from ptd: 'Range A changed'
ptd-server 2023-02-23 06:51:22,266 [INFO] Starting ranging mode
ptd-server 2023-02-23 06:51:22,266 [INFO] Sending to ptd: 'Go,1000,0,2023-02-23_06-50-54_ranging'
ptd-server 2023-02-23 06:51:22,266 [INFO] Reply from ptd: 'Starting untimed measurement, maximum 500000 samples at 1000ms with 0 rampup samples'
ptd-server 2023-02-23 06:51:22,266 [INFO] Sending reply to client 'OK'
ptd-server 2023-02-23 07:01:45,643 [INFO] Got command from the client 'session,2023-02-23_06-50-54,stop,ranging'
ptd-server 2023-02-23 07:01:55,654 [INFO] Sending to ptd: 'Stop'
ptd-server 2023-02-23 07:01:55,654 [INFO] Reply from ptd: 'Stopping untimed measurement'
ptd-server 2023-02-23 07:01:56,158 [INFO] Sending reply to client 'OK'
ptd-server 2023-02-23 07:01:56,230 [INFO] Got command from the client 'time'
ptd-server 2023-02-23 07:01:56,230 [INFO] Sending reply to client '1677135716.230177'
ptd-server 2023-02-23 07:01:56,231 [INFO] Got command from the client 'session,2023-02-23_06-50-54,start,testing'
ptd-server 2023-02-23 07:01:56,231 [INFO] Sending to ptd: 'SR,V,250.600000'
ptd-server 2023-02-23 07:01:57,767 [INFO] Reply from ptd: 'Range V changed'
ptd-server 2023-02-23 07:01:57,767 [INFO] Sending to ptd: 'SR,A,0.051990'
ptd-server 2023-02-23 07:01:59,269 [INFO] Reply from ptd: 'Range A changed'
ptd-server 2023-02-23 07:02:09,279 [INFO] Starting testing mode
ptd-server 2023-02-23 07:02:09,279 [INFO] Sending to ptd: 'Go,1000,0,2023-02-23_06-50-54_testing'
ptd-server 2023-02-23 07:02:09,280 [INFO] Reply from ptd: 'Starting untimed measurement, maximum 500000 samples at 1000ms with 0 rampup samples'
ptd-server 2023-02-23 07:02:09,280 [INFO] Sending reply to client 'OK'
ptd-server 2023-02-23 07:12:32,602 [INFO] Got command from the client 'session,2023-02-23_06-50-54,stop,testing'
ptd-server 2023-02-23 07:12:42,613 [INFO] Sending to ptd: 'Stop'
ptd-server 2023-02-23 07:12:42,613 [INFO] Reply from ptd: 'Stopping untimed measurement'
ptd-server 2023-02-23 07:12:42,880 [INFO] Sending reply to client 'OK'
ptd-server 2023-02-23 07:12:42,888 [INFO] Got command from the client 'session,2023-02-23_06-50-54,done'
ptd-server 2023-02-23 07:12:42,888 [INFO] Sending to ptd: 'Stop'
ptd-server 2023-02-23 07:12:43,280 [INFO] Reply from ptd: 'Error: no measurement to stop'
ptd-server 2023-02-23 07:12:43,280 [INFO] Sending to ptd: 'SR,V,Auto'
ptd-server 2023-02-23 07:12:43,782 [INFO] Reply from ptd: 'Range V changed'
ptd-server 2023-02-23 07:12:43,783 [INFO] Sending to ptd: 'SR,A,Auto'
ptd-server 2023-02-23 07:12:44,285 [INFO] Reply from ptd: 'Range A changed'
ptd-server 2023-02-23 07:12:44,285 [INFO] Set initial values for Amps Auto and Volts Auto
ptd-server 2023-02-23 07:12:44,285 [INFO] Stopping ptd...
