client 2023-02-24 03:10:14,557 [INFO] Creating output directory '/home/arjun/mobilenet_results/valid_results/arjun_orin-tflite_cpp-cpu-tflite-vmaster-default_config/mobilenet-v2-precision_uint8-1.0-160/singlestream/performance/tmp_power'
client 2023-02-24 03:10:14,713 [INFO] Sending command to the server: 'mlcommons/power client v3'
client 2023-02-24 03:10:14,718 [INFO] Got response: 'mlcommons/power server v3'
client 2023-02-24 03:10:14,718 [INFO] Synchronizing with the server and with time.google.com...
client 2023-02-24 03:10:14,760 [INFO] NTP:offset = -0.002 s, delay = 0.014 s 
client 2023-02-24 03:10:14,760 [INFO] Sending command to the server: 'time'
client 2023-02-24 03:10:14,762 [INFO] Got response: '1677208214.760816'
client 2023-02-24 03:10:14,762 [INFO] The time difference between the client and the server is within range -0.410 ms..1.936 ms
client 2023-02-24 03:10:14,763 [INFO] Sending command to the server: 'new,,c1c1a8ca-58e3-4642-8fe7-fbc241d0c618'
client 2023-02-24 03:10:14,765 [INFO] Got response: 'OK 2023-02-24_03-10-14,cd4967b4-b4ce-4bf7-a4a6-a245728a25d7'
client 2023-02-24 03:10:14,766 [INFO] Session id is '2023-02-24_03-10-14'
client 2023-02-24 03:10:14,766 [INFO] Sources: {"sources": {"__init__.py": "da39a3ee5e6b4b0d3255bfef95601890afd80709", "client.py": "33ca4f26368777ac06e01f9567b714a4b8063886", "lib/__init__.py": "da39a3ee5e6b4b0d3255bfef95601890afd80709", "lib/client.py": "4c2b78fb4849a7e5b584ef792d82aaed20b17f57", "lib/common.py": "624d0c0acc7c39aaff3674f0b99d6a09da53d1dc", "lib/external/__init__.py": "da39a3ee5e6b4b0d3255bfef95601890afd80709", "lib/external/ntplib.py": "4da8f970656505a40483206ef2b5d3dd5e81711d", "lib/server.py": "cda0cdfaee9bfa1249c64a7dd4f89b7bf1b279f0", "lib/source_hashes.py": "60a2e02193209e8d392803326208d5466342da18", "lib/summary.py": "aa92f0a3f975eecd44d3c0cd0236342ccc9f941d", "lib/time_sync.py": "3210db56eb0ff0df57bf4293dc4d4b03fffd46f1", "server.py": "c3f90f2f7eeb4db30727556d0c815ebc89b3d28b", "tests/unit/__init__.py": "da39a3ee5e6b4b0d3255bfef95601890afd80709", "tests/unit/test_server.py": "99ae15aef722f2000ee6ed1ae1523637bf1ae42b", "tests/unit/test_source_hashes.py": "00468a2907583c593e6574a1f6b404e4651c221a"}, "modules": {"ptd_client_server.lib.client": "lib/client.py", "ptd_client_server.lib.common": "lib/common.py", "ptd_client_server.lib.external.ntplib": "lib/external/ntplib.py", "ptd_client_server.lib.source_hashes": "lib/source_hashes.py", "ptd_client_server.lib.summary": "lib/summary.py", "ptd_client_server.lib.time_sync": "lib/time_sync.py"}}
client 2023-02-24 03:10:14,767 [INFO] Running workload in ranging mode
client 2023-02-24 03:10:14,767 [INFO] Synchronizing with the server and with time.google.com...
client 2023-02-24 03:10:14,783 [INFO] NTP:offset = -0.001 s, delay = 0.014 s 
client 2023-02-24 03:10:14,783 [INFO] Sending command to the server: 'time'
client 2023-02-24 03:10:14,786 [INFO] Got response: '1677208214.7849624'
client 2023-02-24 03:10:14,786 [INFO] The time difference between the client and the server is within range -1.227 ms..1.579 ms
client 2023-02-24 03:10:14,786 [INFO] Sending command to the server: 'session,2023-02-24_03-10-14,start,ranging'
client 2023-02-24 03:10:42,863 [INFO] Got response: 'OK'
client 2023-02-24 03:10:42,863 [INFO] Running the workload '/home/arjun/run.out'
client 2023-02-24 03:21:47,957 [INFO] Sending command to the server: 'session,2023-02-24_03-10-14,stop,ranging'
client 2023-02-24 03:21:58,241 [INFO] Got response: 'OK'
client 2023-02-24 03:21:58,257 [INFO] Copying loadgen logs from '/home/arjun/mobilenet_results/valid_results/arjun_orin-tflite_cpp-cpu-tflite-vmaster-default_config/mobilenet-v2-precision_uint8-1.0-160/singlestream/performance/run_1' to '/home/arjun/mobilenet_results/valid_results/arjun_orin-tflite_cpp-cpu-tflite-vmaster-default_config/mobilenet-v2-precision_uint8-1.0-160/singlestream/performance/tmp_power/ranging'
client 2023-02-24 03:21:58,258 [INFO] Running workload in testing mode
client 2023-02-24 03:21:58,258 [INFO] Synchronizing with the server and with time.google.com...
client 2023-02-24 03:21:58,275 [INFO] NTP:offset = 0.000 s, delay = 0.014 s 
client 2023-02-24 03:21:58,275 [INFO] Sending command to the server: 'time'
client 2023-02-24 03:21:58,279 [INFO] Got response: '1677208918.278722'
client 2023-02-24 03:21:58,279 [INFO] The time difference between the client and the server is within range -2.787 ms..1.084 ms
client 2023-02-24 03:21:58,279 [INFO] Sending command to the server: 'session,2023-02-24_03-10-14,start,testing'
client 2023-02-24 03:22:11,882 [INFO] Got response: 'OK'
client 2023-02-24 03:22:11,882 [INFO] Running the workload '/home/arjun/run.out'
client 2023-02-24 03:33:17,225 [INFO] Sending command to the server: 'session,2023-02-24_03-10-14,stop,testing'
client 2023-02-24 03:33:27,272 [INFO] Got response: 'OK'
client 2023-02-24 03:33:27,275 [INFO] Copying loadgen logs from '/home/arjun/mobilenet_results/valid_results/arjun_orin-tflite_cpp-cpu-tflite-vmaster-default_config/mobilenet-v2-precision_uint8-1.0-160/singlestream/performance/run_1' to '/home/arjun/mobilenet_results/valid_results/arjun_orin-tflite_cpp-cpu-tflite-vmaster-default_config/mobilenet-v2-precision_uint8-1.0-160/singlestream/performance/tmp_power/run_1'
client 2023-02-24 03:33:27,276 [INFO] Done runs
