ptd-server 2023-02-24 08:29:07,417 [INFO] Got command from the client 'time'
ptd-server 2023-02-24 08:29:07,418 [INFO] Sending reply to client '1677227347.4180834'
ptd-server 2023-02-24 08:29:07,419 [INFO] Got command from the client 'new,,a4c91a47-22b8-4256-b64b-1a25677c14d0'
ptd-server 2023-02-24 08:29:07,419 [INFO] Sending reply to client 'OK 2023-02-24_08-29-07,f20bcb33-6128-429f-93f6-b82a6897e6cc'
ptd-server 2023-02-24 08:29:07,564 [INFO] Got command from the client 'time'
ptd-server 2023-02-24 08:29:07,565 [INFO] Sending reply to client '1677227347.5651186'
ptd-server 2023-02-24 08:29:07,566 [INFO] Got command from the client 'session,2023-02-24_08-29-07,start,ranging'
ptd-server 2023-02-24 08:29:07,566 [INFO] Running PTDaemon: ['/home/anton/projects/mlperf/power/inference_v1.0/ptd-linux-x86', '-l', '/tmp/tmp4yl1neqp/ptd_logfile.txt', '-p', '8888', '49', '/dev/usbtmc0']
ptd-server 2023-02-24 08:29:24,640 [INFO] Sending to ptd: 'Hello'
ptd-server 2023-02-24 08:29:24,640 [INFO] Reply from ptd: 'Hello, PTDaemon here!'
ptd-server 2023-02-24 08:29:24,641 [INFO] Sending to ptd: 'Identify'
ptd-server 2023-02-24 08:29:24,641 [INFO] Reply from ptd: 'YokogawaWT310E,1000,1,1,1,1,0,1,1,version=1.10.0-ed9a21d2-20220817,OS=Linux 5.15.0-60-generic #66~20.04.1-Ubuntu SMP Wed Jan 25 09:41:30 UTC 2023 x86_64,mode=power,1,1,1,0,0,no_cal_date,YOKOGAWA;WT310E;C3XA04010E;F1.04'
ptd-server 2023-02-24 08:29:24,641 [INFO] Connected to PTDaemon
ptd-server 2023-02-24 08:29:24,641 [INFO] Sending to ptd: 'RR'
ptd-server 2023-02-24 08:29:24,642 [INFO] Reply from ptd: 'Ranges,1,0.100000,1,300.000000'
ptd-server 2023-02-24 08:29:24,642 [INFO] Initial range for Amps is Auto for Volts is Auto
ptd-server 2023-02-24 08:29:24,642 [INFO] Sending to ptd: 'SR,V,Auto'
ptd-server 2023-02-24 08:29:25,144 [INFO] Reply from ptd: 'Range V changed'
ptd-server 2023-02-24 08:29:25,145 [INFO] Sending to ptd: 'SR,A,Auto'
ptd-server 2023-02-24 08:29:25,647 [INFO] Reply from ptd: 'Range A changed'
ptd-server 2023-02-24 08:29:35,657 [INFO] Starting ranging mode
ptd-server 2023-02-24 08:29:35,657 [INFO] Sending to ptd: 'Go,1000,0,2023-02-24_08-29-07_ranging'
ptd-server 2023-02-24 08:29:35,658 [INFO] Reply from ptd: 'Starting untimed measurement, maximum 500000 samples at 1000ms with 0 rampup samples'
ptd-server 2023-02-24 08:29:35,658 [INFO] Sending reply to client 'OK'
ptd-server 2023-02-24 08:39:51,976 [INFO] Got command from the client 'session,2023-02-24_08-29-07,stop,ranging'
ptd-server 2023-02-24 08:40:01,986 [INFO] Sending to ptd: 'Stop'
ptd-server 2023-02-24 08:40:01,987 [INFO] Reply from ptd: 'Stopping untimed measurement'
ptd-server 2023-02-24 08:40:02,615 [INFO] Sending reply to client 'OK'
ptd-server 2023-02-24 08:40:02,700 [INFO] Got command from the client 'time'
ptd-server 2023-02-24 08:40:02,700 [INFO] Sending reply to client '1677228002.7005534'
ptd-server 2023-02-24 08:40:02,701 [INFO] Got command from the client 'session,2023-02-24_08-29-07,start,testing'
ptd-server 2023-02-24 08:40:02,701 [INFO] Sending to ptd: 'SR,V,251.230000'
ptd-server 2023-02-24 08:40:04,203 [INFO] Reply from ptd: 'Range V changed'
ptd-server 2023-02-24 08:40:04,203 [INFO] Sending to ptd: 'SR,A,0.048860'
ptd-server 2023-02-24 08:40:05,705 [INFO] Reply from ptd: 'Range A changed'
ptd-server 2023-02-24 08:40:15,715 [INFO] Starting testing mode
ptd-server 2023-02-24 08:40:15,715 [INFO] Sending to ptd: 'Go,1000,0,2023-02-24_08-29-07_testing'
ptd-server 2023-02-24 08:40:15,715 [INFO] Reply from ptd: 'Starting untimed measurement, maximum 500000 samples at 1000ms with 0 rampup samples'
ptd-server 2023-02-24 08:40:15,716 [INFO] Sending reply to client 'OK'
ptd-server 2023-02-24 08:50:31,924 [INFO] Got command from the client 'session,2023-02-24_08-29-07,stop,testing'
ptd-server 2023-02-24 08:50:41,934 [INFO] Sending to ptd: 'Stop'
ptd-server 2023-02-24 08:50:41,935 [INFO] Reply from ptd: 'Stopping untimed measurement'
ptd-server 2023-02-24 08:50:42,265 [INFO] Sending reply to client 'OK'
ptd-server 2023-02-24 08:50:42,273 [INFO] Got command from the client 'session,2023-02-24_08-29-07,done'
ptd-server 2023-02-24 08:50:42,273 [INFO] Sending to ptd: 'Stop'
ptd-server 2023-02-24 08:50:42,715 [INFO] Reply from ptd: 'Error: no measurement to stop'
ptd-server 2023-02-24 08:50:42,715 [INFO] Sending to ptd: 'SR,V,Auto'
ptd-server 2023-02-24 08:50:43,218 [INFO] Reply from ptd: 'Range V changed'
ptd-server 2023-02-24 08:50:43,218 [INFO] Sending to ptd: 'SR,A,Auto'
ptd-server 2023-02-24 08:50:43,720 [INFO] Reply from ptd: 'Range A changed'
ptd-server 2023-02-24 08:50:43,721 [INFO] Set initial values for Amps Auto and Volts Auto
ptd-server 2023-02-24 08:50:43,721 [INFO] Stopping ptd...
