ptd-server 2023-02-25 10:11:54,123 [INFO] Got command from the client 'time'
ptd-server 2023-02-25 10:11:54,123 [INFO] Sending reply to client '1677341514.1235957'
ptd-server 2023-02-25 10:11:54,124 [INFO] Got command from the client 'new,,6e8b9f05-3fa0-400d-8058-2222d432bdce'
ptd-server 2023-02-25 10:11:54,124 [INFO] Sending reply to client 'OK 2023-02-25_10-11-54,047f9afa-4b55-44a1-8089-7724da9df439'
ptd-server 2023-02-25 10:11:54,158 [INFO] Got command from the client 'time'
ptd-server 2023-02-25 10:11:54,158 [INFO] Sending reply to client '1677341514.1587024'
ptd-server 2023-02-25 10:11:54,159 [INFO] Got command from the client 'session,2023-02-25_10-11-54,start,ranging'
ptd-server 2023-02-25 10:11:54,160 [INFO] Running PTDaemon: ['/home/dell/power-main/inference_v1.0/ptd-linux-x86', '-l', '/tmp/tmp6gkim7wr/ptd_logfile.txt', '-p', '8888', '-c', '3', '52', '/dev/usbtmc0']
ptd-server 2023-02-25 10:12:11,236 [INFO] Sending to ptd: 'Hello'
ptd-server 2023-02-25 10:12:11,237 [INFO] Reply from ptd: 'Hello, PTDaemon here!'
ptd-server 2023-02-25 10:12:11,237 [INFO] Sending to ptd: 'Identify'
ptd-server 2023-02-25 10:12:11,237 [INFO] Reply from ptd: 'YokogawaWT330E,1000,1,1,1,1,0,0,1,version=1.10.0-ed9a21d2-20220817,OS=Linux 5.4.0-139-generic #156-Ubuntu SMP Fri Jan 20 17:27:18 UTC 2023 x86_64,mode=power,1,1,1,0,0,no_cal_date,YOKOGAWA;WT333E;C2WB13023V;F1.04'
ptd-server 2023-02-25 10:12:11,238 [INFO] Connected to PTDaemon
ptd-server 2023-02-25 10:12:11,238 [INFO] Sending to ptd: 'RR'
ptd-server 2023-02-25 10:12:11,238 [INFO] Reply from ptd: 'Ranges,1,1.000000,1,300.000000'
ptd-server 2023-02-25 10:12:11,238 [INFO] Initial range for Amps is Auto for Volts is Auto
ptd-server 2023-02-25 10:12:11,238 [INFO] Sending to ptd: 'SR,V,Auto'
ptd-server 2023-02-25 10:12:11,743 [INFO] Reply from ptd: 'Range V changed'
ptd-server 2023-02-25 10:12:11,743 [INFO] Sending to ptd: 'SR,A,20'
ptd-server 2023-02-25 10:12:13,245 [INFO] Reply from ptd: 'Range A changed'
ptd-server 2023-02-25 10:12:23,255 [INFO] Starting ranging mode
ptd-server 2023-02-25 10:12:23,255 [INFO] Sending to ptd: 'Go,1000,0,2023-02-25_10-11-54_ranging'
ptd-server 2023-02-25 10:12:23,256 [INFO] Reply from ptd: 'Starting untimed measurement, maximum 500000 samples at 1000ms with 0 rampup samples'
ptd-server 2023-02-25 10:12:23,256 [INFO] Sending reply to client 'OK'
ptd-server 2023-02-25 10:25:39,392 [INFO] Got command from the client 'session,2023-02-25_10-11-54,stop,ranging'
ptd-server 2023-02-25 10:25:49,403 [INFO] Sending to ptd: 'Stop'
ptd-server 2023-02-25 10:25:49,403 [INFO] Reply from ptd: 'Stopping untimed measurement'
ptd-server 2023-02-25 10:25:49,452 [INFO] Sending reply to client 'OK'
ptd-server 2023-02-25 10:25:49,497 [INFO] Got command from the client 'time'
ptd-server 2023-02-25 10:25:49,497 [INFO] Sending reply to client '1677342349.4976037'
ptd-server 2023-02-25 10:25:49,498 [INFO] Got command from the client 'session,2023-02-25_10-11-54,start,testing'
ptd-server 2023-02-25 10:25:49,499 [INFO] Sending to ptd: 'SR,V,214.370000'
ptd-server 2023-02-25 10:25:51,757 [INFO] Reply from ptd: 'Range V changed'
ptd-server 2023-02-25 10:25:51,757 [INFO] Sending to ptd: 'SR,A,0.821000'
ptd-server 2023-02-25 10:25:53,259 [INFO] Reply from ptd: 'Range A changed'
ptd-server 2023-02-25 10:26:03,269 [INFO] Starting testing mode
ptd-server 2023-02-25 10:26:03,270 [INFO] Sending to ptd: 'Go,1000,0,2023-02-25_10-11-54_testing'
ptd-server 2023-02-25 10:26:03,270 [INFO] Reply from ptd: 'Starting untimed measurement, maximum 500000 samples at 1000ms with 0 rampup samples'
ptd-server 2023-02-25 10:26:03,270 [INFO] Sending reply to client 'OK'
ptd-server 2023-02-25 10:39:18,399 [INFO] Got command from the client 'session,2023-02-25_10-11-54,stop,testing'
ptd-server 2023-02-25 10:39:28,409 [INFO] Sending to ptd: 'Stop'
ptd-server 2023-02-25 10:39:28,410 [INFO] Reply from ptd: 'Stopping untimed measurement'
ptd-server 2023-02-25 10:39:28,438 [INFO] Sending reply to client 'OK'
ptd-server 2023-02-25 10:39:28,446 [INFO] Got command from the client 'session,2023-02-25_10-11-54,done'
ptd-server 2023-02-25 10:39:28,446 [INFO] Sending to ptd: 'Stop'
ptd-server 2023-02-25 10:39:29,271 [INFO] Reply from ptd: 'Error: no measurement to stop'
ptd-server 2023-02-25 10:39:29,271 [INFO] Sending to ptd: 'SR,V,Auto'
ptd-server 2023-02-25 10:39:29,774 [INFO] Reply from ptd: 'Range V changed'
ptd-server 2023-02-25 10:39:29,774 [INFO] Sending to ptd: 'SR,A,Auto'
ptd-server 2023-02-25 10:39:30,277 [INFO] Reply from ptd: 'Range A changed'
ptd-server 2023-02-25 10:39:30,277 [INFO] Set initial values for Amps Auto and Volts Auto
ptd-server 2023-02-25 10:39:30,277 [INFO] Stopping ptd...
