ptd-server 2023-02-25 07:39:39,115 [INFO] Got command from the client 'time'
ptd-server 2023-02-25 07:39:39,115 [INFO] Sending reply to client '1677310779.1156764'
ptd-server 2023-02-25 07:39:39,117 [INFO] Got command from the client 'new,,546552eb-eec2-495c-a2aa-02340073d66f'
ptd-server 2023-02-25 07:39:39,118 [INFO] Sending reply to client 'OK 2023-02-25_07-39-39,0cd6a257-8846-4d62-bed2-eb3e320c1e08'
ptd-server 2023-02-25 07:39:39,142 [INFO] Got command from the client 'time'
ptd-server 2023-02-25 07:39:39,142 [INFO] Sending reply to client '1677310779.1429236'
ptd-server 2023-02-25 07:39:39,144 [INFO] Got command from the client 'session,2023-02-25_07-39-39,start,ranging'
ptd-server 2023-02-25 07:39:39,144 [INFO] Running PTDaemon: ['/home/anton/projects/mlperf/power/inference_v1.0/ptd-linux-x86', '-l', '/tmp/tmpu4v721n6/ptd_logfile.txt', '-p', '8888', '49', '/dev/usbtmc0']
ptd-server 2023-02-25 07:39:56,230 [INFO] Sending to ptd: 'Hello'
ptd-server 2023-02-25 07:39:56,230 [INFO] Reply from ptd: 'Hello, PTDaemon here!'
ptd-server 2023-02-25 07:39:56,230 [INFO] Sending to ptd: 'Identify'
ptd-server 2023-02-25 07:39:56,231 [INFO] Reply from ptd: 'YokogawaWT310E,1000,1,1,1,1,0,1,1,version=1.10.0-ed9a21d2-20220817,OS=Linux 5.15.0-60-generic #66~20.04.1-Ubuntu SMP Wed Jan 25 09:41:30 UTC 2023 x86_64,mode=power,1,1,1,0,0,no_cal_date,YOKOGAWA;WT310E;C3XA04010E;F1.04'
ptd-server 2023-02-25 07:39:56,231 [INFO] Connected to PTDaemon
ptd-server 2023-02-25 07:39:56,231 [INFO] Sending to ptd: 'RR'
ptd-server 2023-02-25 07:39:56,231 [INFO] Reply from ptd: 'Ranges,0,0.100000,0,300.000000'
ptd-server 2023-02-25 07:39:56,231 [INFO] Initial range for Amps is 0.100000 for Volts is 300.000000
ptd-server 2023-02-25 07:39:56,231 [INFO] Sending to ptd: 'SR,V,Auto'
ptd-server 2023-02-25 07:39:56,734 [INFO] Reply from ptd: 'Range V changed'
ptd-server 2023-02-25 07:39:56,734 [INFO] Sending to ptd: 'SR,A,Auto'
ptd-server 2023-02-25 07:39:57,236 [INFO] Reply from ptd: 'Range A changed'
ptd-server 2023-02-25 07:40:07,247 [INFO] Starting ranging mode
ptd-server 2023-02-25 07:40:07,247 [INFO] Sending to ptd: 'Go,1000,0,2023-02-25_07-39-39_ranging'
ptd-server 2023-02-25 07:40:07,247 [INFO] Reply from ptd: 'Starting untimed measurement, maximum 500000 samples at 1000ms with 0 rampup samples'
ptd-server 2023-02-25 07:40:07,247 [INFO] Sending reply to client 'OK'
ptd-server 2023-02-25 07:50:22,303 [INFO] Got command from the client 'session,2023-02-25_07-39-39,stop,ranging'
ptd-server 2023-02-25 07:50:32,314 [INFO] Sending to ptd: 'Stop'
ptd-server 2023-02-25 07:50:32,314 [INFO] Reply from ptd: 'Stopping untimed measurement'
ptd-server 2023-02-25 07:50:32,373 [INFO] Sending reply to client 'OK'
ptd-server 2023-02-25 07:50:32,465 [INFO] Got command from the client 'time'
ptd-server 2023-02-25 07:50:32,465 [INFO] Sending reply to client '1677311432.465931'
ptd-server 2023-02-25 07:50:32,467 [INFO] Got command from the client 'session,2023-02-25_07-39-39,start,testing'
ptd-server 2023-02-25 07:50:32,468 [INFO] Sending to ptd: 'SR,V,253.350000'
ptd-server 2023-02-25 07:50:34,749 [INFO] Reply from ptd: 'Range V changed'
ptd-server 2023-02-25 07:50:34,749 [INFO] Sending to ptd: 'SR,A,0.049390'
ptd-server 2023-02-25 07:50:36,250 [INFO] Reply from ptd: 'Range A changed'
ptd-server 2023-02-25 07:50:46,260 [INFO] Starting testing mode
ptd-server 2023-02-25 07:50:46,260 [INFO] Sending to ptd: 'Go,1000,0,2023-02-25_07-39-39_testing'
ptd-server 2023-02-25 07:50:46,260 [INFO] Reply from ptd: 'Starting untimed measurement, maximum 500000 samples at 1000ms with 0 rampup samples'
ptd-server 2023-02-25 07:50:46,261 [INFO] Sending reply to client 'OK'
ptd-server 2023-02-25 08:01:01,414 [INFO] Got command from the client 'session,2023-02-25_07-39-39,stop,testing'
ptd-server 2023-02-25 08:01:11,424 [INFO] Sending to ptd: 'Stop'
ptd-server 2023-02-25 08:01:11,424 [INFO] Reply from ptd: 'Stopping untimed measurement'
ptd-server 2023-02-25 08:01:11,455 [INFO] Sending reply to client 'OK'
ptd-server 2023-02-25 08:01:11,475 [INFO] Got command from the client 'session,2023-02-25_07-39-39,done'
ptd-server 2023-02-25 08:01:11,476 [INFO] Sending to ptd: 'Stop'
ptd-server 2023-02-25 08:01:12,261 [INFO] Reply from ptd: 'Error: no measurement to stop'
ptd-server 2023-02-25 08:01:12,261 [INFO] Sending to ptd: 'SR,V,300.000000'
ptd-server 2023-02-25 08:01:13,762 [INFO] Reply from ptd: 'Range V changed'
ptd-server 2023-02-25 08:01:13,763 [INFO] Sending to ptd: 'SR,A,0.100000'
ptd-server 2023-02-25 08:01:15,264 [INFO] Reply from ptd: 'Range A changed'
ptd-server 2023-02-25 08:01:15,264 [INFO] Set initial values for Amps 0.100000 and Volts 300.000000
ptd-server 2023-02-25 08:01:15,264 [INFO] Stopping ptd...
