client 2023-02-12 02:15:31,890 [INFO] Creating output directory '/home/arjun/CM/repos/octoml@ck/cm-mlops/script/run-mlperf-inference-app/valid_results/arjun_orin-tflite_cpp-cpu-armnn_tflite-v22.11-default_config/mobilenet-v1-precision_uint8-1.0-160/singlestream/performance/tmp_power'
client 2023-02-12 02:15:31,893 [INFO] Sending command to the server: 'mlcommons/power client v3'
client 2023-02-12 02:15:31,896 [INFO] Got response: 'mlcommons/power server v3'
client 2023-02-12 02:15:31,896 [INFO] Synchronizing with the server and with time.google.com...
client 2023-02-12 02:15:31,917 [INFO] NTP:offset = 0.001 s, delay = 0.014 s 
client 2023-02-12 02:15:31,917 [INFO] Sending command to the server: 'time'
client 2023-02-12 02:15:31,920 [INFO] Got response: '1676168131.9220345'
client 2023-02-12 02:15:31,920 [INFO] The time difference between the client and the server is within range -4.360 ms..-1.516 ms
client 2023-02-12 02:15:31,920 [INFO] Sending command to the server: 'new,,3bc19897-b903-4605-99c9-f0977de2ef9c'
client 2023-02-12 02:15:31,925 [INFO] Got response: 'OK 2023-02-12_02-15-31,1736f130-8e39-4a16-9ced-4db9a9690ed7'
client 2023-02-12 02:15:31,925 [INFO] Session id is '2023-02-12_02-15-31'
client 2023-02-12 02:15:31,925 [INFO] Sources: {"sources": {"__init__.py": "da39a3ee5e6b4b0d3255bfef95601890afd80709", "client.py": "33ca4f26368777ac06e01f9567b714a4b8063886", "lib/__init__.py": "da39a3ee5e6b4b0d3255bfef95601890afd80709", "lib/client.py": "4c2b78fb4849a7e5b584ef792d82aaed20b17f57", "lib/common.py": "624d0c0acc7c39aaff3674f0b99d6a09da53d1dc", "lib/external/__init__.py": "da39a3ee5e6b4b0d3255bfef95601890afd80709", "lib/external/ntplib.py": "4da8f970656505a40483206ef2b5d3dd5e81711d", "lib/server.py": "cda0cdfaee9bfa1249c64a7dd4f89b7bf1b279f0", "lib/source_hashes.py": "60a2e02193209e8d392803326208d5466342da18", "lib/summary.py": "aa92f0a3f975eecd44d3c0cd0236342ccc9f941d", "lib/time_sync.py": "3210db56eb0ff0df57bf4293dc4d4b03fffd46f1", "server.py": "c3f90f2f7eeb4db30727556d0c815ebc89b3d28b", "tests/unit/__init__.py": "da39a3ee5e6b4b0d3255bfef95601890afd80709", "tests/unit/test_server.py": "99ae15aef722f2000ee6ed1ae1523637bf1ae42b", "tests/unit/test_source_hashes.py": "00468a2907583c593e6574a1f6b404e4651c221a"}, "modules": {"ptd_client_server.lib.client": "lib/client.py", "ptd_client_server.lib.common": "lib/common.py", "ptd_client_server.lib.external.ntplib": "lib/external/ntplib.py", "ptd_client_server.lib.source_hashes": "lib/source_hashes.py", "ptd_client_server.lib.summary": "lib/summary.py", "ptd_client_server.lib.time_sync": "lib/time_sync.py"}}
client 2023-02-12 02:15:31,925 [INFO] Running workload in ranging mode
client 2023-02-12 02:15:31,925 [INFO] Synchronizing with the server and with time.google.com...
client 2023-02-12 02:15:31,941 [INFO] NTP:offset = 0.004 s, delay = 0.014 s 
client 2023-02-12 02:15:31,941 [INFO] Sending command to the server: 'time'
client 2023-02-12 02:15:31,944 [INFO] Got response: '1676168131.9458697'
client 2023-02-12 02:15:31,944 [INFO] The time difference between the client and the server is within range -4.408 ms..-1.106 ms
client 2023-02-12 02:15:31,944 [INFO] Sending command to the server: 'session,2023-02-12_02-15-31,start,ranging'
client 2023-02-12 02:16:00,069 [INFO] Got response: 'OK'
client 2023-02-12 02:16:00,070 [INFO] Running the workload '/home/arjun/CM/repos/octoml@ck/cm-mlops/script/run-mlperf-inference-app/run.out'
client 2023-02-12 02:26:01,017 [INFO] Sending command to the server: 'session,2023-02-12_02-15-31,stop,ranging'
client 2023-02-12 02:26:11,297 [INFO] Got response: 'OK'
client 2023-02-12 02:26:11,333 [INFO] Copying loadgen logs from '/home/arjun/CM/repos/octoml@ck/cm-mlops/script/run-mlperf-inference-app/valid_results/arjun_orin-tflite_cpp-cpu-armnn_tflite-v22.11-default_config/mobilenet-v1-precision_uint8-1.0-160/singlestream/performance/run_1' to '/home/arjun/CM/repos/octoml@ck/cm-mlops/script/run-mlperf-inference-app/valid_results/arjun_orin-tflite_cpp-cpu-armnn_tflite-v22.11-default_config/mobilenet-v1-precision_uint8-1.0-160/singlestream/performance/tmp_power/ranging'
client 2023-02-12 02:26:11,336 [INFO] Running workload in testing mode
client 2023-02-12 02:26:11,336 [INFO] Synchronizing with the server and with time.google.com...
client 2023-02-12 02:26:11,356 [INFO] NTP:offset = 0.003 s, delay = 0.015 s 
client 2023-02-12 02:26:11,356 [INFO] Sending command to the server: 'time'
client 2023-02-12 02:26:11,359 [INFO] Got response: '1676168771.36178'
client 2023-02-12 02:26:11,359 [INFO] The time difference between the client and the server is within range -4.987 ms..-1.976 ms
client 2023-02-12 02:26:11,360 [INFO] Sending command to the server: 'session,2023-02-12_02-15-31,start,testing'
client 2023-02-12 02:26:25,085 [INFO] Got response: 'OK'
client 2023-02-12 02:26:25,086 [INFO] Running the workload '/home/arjun/CM/repos/octoml@ck/cm-mlops/script/run-mlperf-inference-app/run.out'
client 2023-02-12 02:36:25,950 [INFO] Sending command to the server: 'session,2023-02-12_02-15-31,stop,testing'
client 2023-02-12 02:36:35,975 [INFO] Got response: 'OK'
client 2023-02-12 02:36:35,980 [INFO] Copying loadgen logs from '/home/arjun/CM/repos/octoml@ck/cm-mlops/script/run-mlperf-inference-app/valid_results/arjun_orin-tflite_cpp-cpu-armnn_tflite-v22.11-default_config/mobilenet-v1-precision_uint8-1.0-160/singlestream/performance/run_1' to '/home/arjun/CM/repos/octoml@ck/cm-mlops/script/run-mlperf-inference-app/valid_results/arjun_orin-tflite_cpp-cpu-armnn_tflite-v22.11-default_config/mobilenet-v1-precision_uint8-1.0-160/singlestream/performance/tmp_power/run_1'
client 2023-02-12 02:36:35,982 [INFO] Done runs
