ptd-server 2023-02-25 18:53:32,107 [INFO] Got command from the client 'time'
ptd-server 2023-02-25 18:53:32,107 [INFO] Sending reply to client '1677351212.1072657'
ptd-server 2023-02-25 18:53:32,108 [INFO] Got command from the client 'new,,3b7c6a8a-3a90-457c-81b3-b23419e7f9b8'
ptd-server 2023-02-25 18:53:32,109 [INFO] Sending reply to client 'OK 2023-02-25_18-53-32,ce79c552-135f-4a1e-a666-3f449cab257c'
ptd-server 2023-02-25 18:53:32,139 [INFO] Got command from the client 'time'
ptd-server 2023-02-25 18:53:32,140 [INFO] Sending reply to client '1677351212.1400924'
ptd-server 2023-02-25 18:53:32,141 [INFO] Got command from the client 'session,2023-02-25_18-53-32,start,ranging'
ptd-server 2023-02-25 18:53:32,141 [INFO] Running PTDaemon: ['/home/anton/projects/mlperf/power/inference_v1.0/ptd-linux-x86', '-l', '/tmp/tmpu4v721n6/ptd_logfile.txt', '-p', '8888', '49', '/dev/usbtmc0']
ptd-server 2023-02-25 18:53:49,228 [INFO] Sending to ptd: 'Hello'
ptd-server 2023-02-25 18:53:49,229 [INFO] Reply from ptd: 'Hello, PTDaemon here!'
ptd-server 2023-02-25 18:53:49,229 [INFO] Sending to ptd: 'Identify'
ptd-server 2023-02-25 18:53:49,229 [INFO] Reply from ptd: 'YokogawaWT310E,1000,1,1,1,1,0,1,1,version=1.10.0-ed9a21d2-20220817,OS=Linux 5.15.0-60-generic #66~20.04.1-Ubuntu SMP Wed Jan 25 09:41:30 UTC 2023 x86_64,mode=power,1,1,1,0,0,no_cal_date,YOKOGAWA;WT310E;C3XA04010E;F1.04'
ptd-server 2023-02-25 18:53:49,229 [INFO] Connected to PTDaemon
ptd-server 2023-02-25 18:53:49,230 [INFO] Sending to ptd: 'RR'
ptd-server 2023-02-25 18:53:49,230 [INFO] Reply from ptd: 'Ranges,0,0.100000,0,300.000000'
ptd-server 2023-02-25 18:53:49,230 [INFO] Initial range for Amps is 0.100000 for Volts is 300.000000
ptd-server 2023-02-25 18:53:49,230 [INFO] Sending to ptd: 'SR,V,Auto'
ptd-server 2023-02-25 18:53:49,733 [INFO] Reply from ptd: 'Range V changed'
ptd-server 2023-02-25 18:53:49,733 [INFO] Sending to ptd: 'SR,A,Auto'
ptd-server 2023-02-25 18:53:50,235 [INFO] Reply from ptd: 'Range A changed'
ptd-server 2023-02-25 18:54:00,245 [INFO] Starting ranging mode
ptd-server 2023-02-25 18:54:00,246 [INFO] Sending to ptd: 'Go,1000,0,2023-02-25_18-53-32_ranging'
ptd-server 2023-02-25 18:54:00,246 [INFO] Reply from ptd: 'Starting untimed measurement, maximum 500000 samples at 1000ms with 0 rampup samples'
ptd-server 2023-02-25 18:54:00,246 [INFO] Sending reply to client 'OK'
ptd-server 2023-02-25 19:04:15,515 [INFO] Got command from the client 'session,2023-02-25_18-53-32,stop,ranging'
ptd-server 2023-02-25 19:04:25,524 [INFO] Sending to ptd: 'Stop'
ptd-server 2023-02-25 19:04:25,524 [INFO] Reply from ptd: 'Stopping untimed measurement'
ptd-server 2023-02-25 19:04:25,666 [INFO] Sending reply to client 'OK'
ptd-server 2023-02-25 19:04:25,712 [INFO] Got command from the client 'time'
ptd-server 2023-02-25 19:04:25,712 [INFO] Sending reply to client '1677351865.7123556'
ptd-server 2023-02-25 19:04:25,714 [INFO] Got command from the client 'session,2023-02-25_18-53-32,start,testing'
ptd-server 2023-02-25 19:04:25,714 [INFO] Sending to ptd: 'SR,V,249.430000'
ptd-server 2023-02-25 19:04:27,747 [INFO] Reply from ptd: 'Range V changed'
ptd-server 2023-02-25 19:04:27,748 [INFO] Sending to ptd: 'SR,A,0.043570'
ptd-server 2023-02-25 19:04:29,249 [INFO] Reply from ptd: 'Range A changed'
ptd-server 2023-02-25 19:04:39,256 [INFO] Starting testing mode
ptd-server 2023-02-25 19:04:39,256 [INFO] Sending to ptd: 'Go,1000,0,2023-02-25_18-53-32_testing'
ptd-server 2023-02-25 19:04:39,256 [INFO] Reply from ptd: 'Starting untimed measurement, maximum 500000 samples at 1000ms with 0 rampup samples'
ptd-server 2023-02-25 19:04:39,257 [INFO] Sending reply to client 'OK'
ptd-server 2023-02-25 19:14:54,529 [INFO] Got command from the client 'session,2023-02-25_18-53-32,stop,testing'
ptd-server 2023-02-25 19:15:04,539 [INFO] Sending to ptd: 'Stop'
ptd-server 2023-02-25 19:15:04,540 [INFO] Reply from ptd: 'Stopping untimed measurement'
ptd-server 2023-02-25 19:15:04,611 [INFO] Sending reply to client 'OK'
ptd-server 2023-02-25 19:15:04,631 [INFO] Got command from the client 'session,2023-02-25_18-53-32,done'
ptd-server 2023-02-25 19:15:04,631 [INFO] Sending to ptd: 'Stop'
ptd-server 2023-02-25 19:15:05,257 [INFO] Reply from ptd: 'Error: no measurement to stop'
ptd-server 2023-02-25 19:15:05,257 [INFO] Sending to ptd: 'SR,V,300.000000'
ptd-server 2023-02-25 19:15:06,758 [INFO] Reply from ptd: 'Range V changed'
ptd-server 2023-02-25 19:15:06,758 [INFO] Sending to ptd: 'SR,A,0.100000'
ptd-server 2023-02-25 19:15:08,259 [INFO] Reply from ptd: 'Range A changed'
ptd-server 2023-02-25 19:15:08,260 [INFO] Set initial values for Amps 0.100000 and Volts 300.000000
ptd-server 2023-02-25 19:15:08,260 [INFO] Stopping ptd...
