ptd-server 2023-02-28 04:29:44,230 [INFO] Got command from the client 'time'
ptd-server 2023-02-28 04:29:44,231 [INFO] Sending reply to client '1677558584.2310457'
ptd-server 2023-02-28 04:29:44,232 [INFO] Got command from the client 'new,,08d839a9-493d-49d6-a4fd-e50e319fe012'
ptd-server 2023-02-28 04:29:44,233 [INFO] Sending reply to client 'OK 2023-02-28_04-29-44,57ed5976-fa43-48c8-b63f-9bfe1e5776a3'
ptd-server 2023-02-28 04:29:44,261 [INFO] Got command from the client 'time'
ptd-server 2023-02-28 04:29:44,261 [INFO] Sending reply to client '1677558584.2614472'
ptd-server 2023-02-28 04:29:44,264 [INFO] Got command from the client 'session,2023-02-28_04-29-44,start,ranging'
ptd-server 2023-02-28 04:29:44,264 [INFO] Running PTDaemon: ['/home/anton/projects/mlperf/power/inference_v1.0/ptd-linux-x86', '-l', '/tmp/tmpu4v721n6/ptd_logfile.txt', '-p', '8888', '49', '/dev/usbtmc0']
ptd-server 2023-02-28 04:30:01,352 [INFO] Sending to ptd: 'Hello'
ptd-server 2023-02-28 04:30:01,353 [INFO] Reply from ptd: 'Hello, PTDaemon here!'
ptd-server 2023-02-28 04:30:01,353 [INFO] Sending to ptd: 'Identify'
ptd-server 2023-02-28 04:30:01,353 [INFO] Reply from ptd: 'YokogawaWT310E,1000,1,1,1,1,0,1,1,version=1.10.0-ed9a21d2-20220817,OS=Linux 5.15.0-60-generic #66~20.04.1-Ubuntu SMP Wed Jan 25 09:41:30 UTC 2023 x86_64,mode=power,1,1,1,0,0,no_cal_date,YOKOGAWA;WT310E;C3XA04010E;F1.04'
ptd-server 2023-02-28 04:30:01,353 [INFO] Connected to PTDaemon
ptd-server 2023-02-28 04:30:01,353 [INFO] Sending to ptd: 'RR'
ptd-server 2023-02-28 04:30:01,354 [INFO] Reply from ptd: 'Ranges,0,0.100000,0,300.000000'
ptd-server 2023-02-28 04:30:01,354 [INFO] Initial range for Amps is 0.100000 for Volts is 300.000000
ptd-server 2023-02-28 04:30:01,354 [INFO] Sending to ptd: 'SR,V,Auto'
ptd-server 2023-02-28 04:30:01,856 [INFO] Reply from ptd: 'Range V changed'
ptd-server 2023-02-28 04:30:01,856 [INFO] Sending to ptd: 'SR,A,Auto'
ptd-server 2023-02-28 04:30:02,359 [INFO] Reply from ptd: 'Range A changed'
ptd-server 2023-02-28 04:30:12,368 [INFO] Starting ranging mode
ptd-server 2023-02-28 04:30:12,368 [INFO] Sending to ptd: 'Go,1000,0,2023-02-28_04-29-44_ranging'
ptd-server 2023-02-28 04:30:12,368 [INFO] Reply from ptd: 'Starting untimed measurement, maximum 500000 samples at 1000ms with 0 rampup samples'
ptd-server 2023-02-28 04:30:12,369 [INFO] Sending reply to client 'OK'
ptd-server 2023-02-28 04:40:41,314 [INFO] Got command from the client 'session,2023-02-28_04-29-44,stop,ranging'
ptd-server 2023-02-28 04:40:51,325 [INFO] Sending to ptd: 'Stop'
ptd-server 2023-02-28 04:40:51,325 [INFO] Reply from ptd: 'Stopping untimed measurement'
ptd-server 2023-02-28 04:40:51,737 [INFO] Sending reply to client 'OK'
ptd-server 2023-02-28 04:40:51,828 [INFO] Got command from the client 'time'
ptd-server 2023-02-28 04:40:51,828 [INFO] Sending reply to client '1677559251.8283765'
ptd-server 2023-02-28 04:40:51,832 [INFO] Got command from the client 'session,2023-02-28_04-29-44,start,testing'
ptd-server 2023-02-28 04:40:51,832 [INFO] Sending to ptd: 'SR,V,250.130000'
ptd-server 2023-02-28 04:40:53,333 [INFO] Reply from ptd: 'Range V changed'
ptd-server 2023-02-28 04:40:53,333 [INFO] Sending to ptd: 'SR,A,0.051580'
ptd-server 2023-02-28 04:40:54,835 [INFO] Reply from ptd: 'Range A changed'
ptd-server 2023-02-28 04:41:04,845 [INFO] Starting testing mode
ptd-server 2023-02-28 04:41:04,845 [INFO] Sending to ptd: 'Go,1000,0,2023-02-28_04-29-44_testing'
ptd-server 2023-02-28 04:41:04,846 [INFO] Reply from ptd: 'Starting untimed measurement, maximum 500000 samples at 1000ms with 0 rampup samples'
ptd-server 2023-02-28 04:41:04,846 [INFO] Sending reply to client 'OK'
ptd-server 2023-02-28 04:51:34,053 [INFO] Got command from the client 'session,2023-02-28_04-29-44,stop,testing'
ptd-server 2023-02-28 04:51:44,064 [INFO] Sending to ptd: 'Stop'
ptd-server 2023-02-28 04:51:44,064 [INFO] Reply from ptd: 'Stopping untimed measurement'
ptd-server 2023-02-28 04:51:44,279 [INFO] Sending reply to client 'OK'
ptd-server 2023-02-28 04:51:44,305 [INFO] Got command from the client 'session,2023-02-28_04-29-44,done'
ptd-server 2023-02-28 04:51:44,305 [INFO] Sending to ptd: 'Stop'
ptd-server 2023-02-28 04:51:44,846 [INFO] Reply from ptd: 'Error: no measurement to stop'
ptd-server 2023-02-28 04:51:44,846 [INFO] Sending to ptd: 'SR,V,300.000000'
ptd-server 2023-02-28 04:51:46,348 [INFO] Reply from ptd: 'Range V changed'
ptd-server 2023-02-28 04:51:46,348 [INFO] Sending to ptd: 'SR,A,0.100000'
ptd-server 2023-02-28 04:51:47,849 [INFO] Reply from ptd: 'Range A changed'
ptd-server 2023-02-28 04:51:47,849 [INFO] Set initial values for Amps 0.100000 and Volts 300.000000
ptd-server 2023-02-28 04:51:47,850 [INFO] Stopping ptd...
