ptd-server 2023-02-20 13:47:18,107 [INFO] Got command from the client 'time'
ptd-server 2023-02-20 13:47:18,108 [INFO] Sending reply to client '1676922438.1080313'
ptd-server 2023-02-20 13:47:18,109 [INFO] Got command from the client 'new,,d6e5b544-37e4-47d2-b54b-2a0712c80142'
ptd-server 2023-02-20 13:47:18,109 [INFO] Sending reply to client 'OK 2023-02-20_13-47-18,363cc4fd-116d-4473-b910-879fc21912db'
ptd-server 2023-02-20 13:47:18,188 [INFO] Got command from the client 'time'
ptd-server 2023-02-20 13:47:18,189 [INFO] Sending reply to client '1676922438.1891882'
ptd-server 2023-02-20 13:47:18,190 [INFO] Got command from the client 'session,2023-02-20_13-47-18,start,ranging'
ptd-server 2023-02-20 13:47:18,190 [INFO] Running PTDaemon: ['/local/mnt/workspace/mlcommons/power-main/inference_v1.0/ptd-linux-x86', '-l', '/tmp/tmpqybqiqrs/ptd_logfile.txt', '-p', '8888', '-c', '1,2', '77', '/dev/usbtmc0']
ptd-server 2023-02-20 13:47:36,722 [INFO] Sending to ptd: 'Hello'
ptd-server 2023-02-20 13:47:36,723 [INFO] Reply from ptd: 'Hello, PTDaemon here!'
ptd-server 2023-02-20 13:47:36,723 [INFO] Sending to ptd: 'Identify'
ptd-server 2023-02-20 13:47:36,724 [INFO] Reply from ptd: 'YokogawaWT330_multichannel,1000,1,1,1,1,0,0,1,version=1.10.0-ed9a21d2-20220817,OS=Linux 5.4.0-120-generic #136~18.04.1-Ubuntu SMP Fri Jun 10 18:00:44 UTC 2022 x86_64,mode=power,1,1,2,0,0,no_cal_date,YOKOGAWA;WT333E;C2XC17004V;F1.04'
ptd-server 2023-02-20 13:47:36,724 [INFO] Connected to PTDaemon
ptd-server 2023-02-20 13:47:36,724 [INFO] Sending to ptd: 'RR'
ptd-server 2023-02-20 13:47:36,724 [INFO] Reply from ptd: 'Ranges,1,2.000000,1,300.000000'
ptd-server 2023-02-20 13:47:36,725 [INFO] Initial range for Amps is Auto for Volts is Auto
ptd-server 2023-02-20 13:47:36,725 [INFO] Sending to ptd: 'SR,V,Auto'
ptd-server 2023-02-20 13:47:41,778 [INFO] Reply from ptd: 'Range V changed'
ptd-server 2023-02-20 13:47:41,779 [INFO] Sending to ptd: 'SR,A,Auto'
ptd-server 2023-02-20 13:47:46,832 [INFO] Reply from ptd: 'Range A changed'
ptd-server 2023-02-20 13:47:56,843 [INFO] Starting ranging mode
ptd-server 2023-02-20 13:47:56,843 [INFO] Sending to ptd: 'Go,1000,0,2023-02-20_13-47-18_ranging'
ptd-server 2023-02-20 13:47:56,844 [INFO] Reply from ptd: 'Starting untimed measurement, maximum 500000 samples at 1000ms with 0 rampup samples'
ptd-server 2023-02-20 13:47:56,844 [INFO] Sending reply to client 'OK'
ptd-server 2023-02-20 14:03:58,775 [INFO] Got command from the client 'session,2023-02-20_13-47-18,stop,ranging'
ptd-server 2023-02-20 14:04:08,786 [INFO] Sending to ptd: 'Stop'
ptd-server 2023-02-20 14:04:08,786 [INFO] Reply from ptd: 'Stopping untimed measurement'
ptd-server 2023-02-20 14:04:08,813 [INFO] Sending reply to client 'OK'
ptd-server 2023-02-20 14:04:08,900 [INFO] Got command from the client 'time'
ptd-server 2023-02-20 14:04:08,900 [INFO] Sending reply to client '1676923448.900662'
ptd-server 2023-02-20 14:04:08,901 [INFO] Got command from the client 'session,2023-02-20_13-47-18,start,testing'
ptd-server 2023-02-20 14:04:08,902 [INFO] Sending to ptd: 'SR,V,211.090000'
ptd-server 2023-02-20 14:04:14,954 [INFO] Reply from ptd: 'Range V changed'
ptd-server 2023-02-20 14:04:14,954 [INFO] Sending to ptd: 'SR,A,3.871500'
ptd-server 2023-02-20 14:04:20,507 [INFO] Reply from ptd: 'Range A changed'
ptd-server 2023-02-20 14:04:30,515 [INFO] Starting testing mode
ptd-server 2023-02-20 14:04:30,515 [INFO] Sending to ptd: 'Go,1000,0,2023-02-20_13-47-18_testing'
ptd-server 2023-02-20 14:04:30,516 [INFO] Reply from ptd: 'Starting untimed measurement, maximum 500000 samples at 1000ms with 0 rampup samples'
ptd-server 2023-02-20 14:04:30,516 [INFO] Sending reply to client 'OK'
ptd-server 2023-02-20 14:20:28,746 [INFO] Got command from the client 'session,2023-02-20_13-47-18,stop,testing'
ptd-server 2023-02-20 14:20:38,757 [INFO] Sending to ptd: 'Stop'
ptd-server 2023-02-20 14:20:38,757 [INFO] Reply from ptd: 'Stopping untimed measurement'
ptd-server 2023-02-20 14:20:38,766 [INFO] Sending reply to client 'OK'
ptd-server 2023-02-20 14:20:38,771 [INFO] Got command from the client 'session,2023-02-20_13-47-18,done'
ptd-server 2023-02-20 14:20:38,771 [INFO] Sending to ptd: 'Stop'
ptd-server 2023-02-20 14:20:39,517 [INFO] Reply from ptd: 'Error: no measurement to stop'
ptd-server 2023-02-20 14:20:39,517 [INFO] Sending to ptd: 'SR,V,Auto'
ptd-server 2023-02-20 14:20:44,570 [INFO] Reply from ptd: 'Range V changed'
ptd-server 2023-02-20 14:20:44,571 [INFO] Sending to ptd: 'SR,A,Auto'
ptd-server 2023-02-20 14:20:49,624 [INFO] Reply from ptd: 'Range A changed'
ptd-server 2023-02-20 14:20:49,624 [INFO] Set initial values for Amps Auto and Volts Auto
ptd-server 2023-02-20 14:20:49,625 [INFO] Stopping ptd...
