ptd-server 2023-02-21 17:19:35,820 [INFO] Got command from the client 'time'
ptd-server 2023-02-21 17:19:35,820 [INFO] Sending reply to client '1676999975.8205988'
ptd-server 2023-02-21 17:19:35,824 [INFO] Got command from the client 'new,,13dc6e5c-046f-4fcf-a4b9-21bc5dc8bc53'
ptd-server 2023-02-21 17:19:35,825 [INFO] Sending reply to client 'OK 2023-02-21_17-19-35,01d8c65f-81e5-4371-8846-c21e0dc831a7'
ptd-server 2023-02-21 17:19:35,848 [INFO] Got command from the client 'time'
ptd-server 2023-02-21 17:19:35,849 [INFO] Sending reply to client '1676999975.849197'
ptd-server 2023-02-21 17:19:35,853 [INFO] Got command from the client 'session,2023-02-21_17-19-35,start,ranging'
ptd-server 2023-02-21 17:19:35,853 [INFO] Running PTDaemon: ['/media/arjun/T7_Touch/hp-envy/CM/repos/local/cache/9b3695ca8255492a/power/inference_v1.0/ptd-linux-x86', '-l', '/tmp/tmp4rr_3znp/ptd_logfile.txt', '-p', '8888', '49', '/dev/usbtmc0']
ptd-server 2023-02-21 17:19:52,950 [INFO] Sending to ptd: 'Hello'
ptd-server 2023-02-21 17:19:52,951 [INFO] Reply from ptd: 'Hello, PTDaemon here!'
ptd-server 2023-02-21 17:19:52,951 [INFO] Sending to ptd: 'Identify'
ptd-server 2023-02-21 17:19:52,951 [INFO] Reply from ptd: 'YokogawaWT310E,1000,1,1,1,1,0,1,1,version=1.10.0-ed9a21d2-20220817,OS=Linux 5.15.0-56-generic #62-Ubuntu SMP Tue Nov 22 19:54:14 UTC 2022 x86_64,mode=power,1,1,1,0,0,no_cal_date,YOKOGAWA;WT310E;C3YD21068E;F1.04'
ptd-server 2023-02-21 17:19:52,951 [INFO] Connected to PTDaemon
ptd-server 2023-02-21 17:19:52,951 [INFO] Sending to ptd: 'RR'
ptd-server 2023-02-21 17:19:52,952 [INFO] Reply from ptd: 'Ranges,0,0.100000,0,600.000000'
ptd-server 2023-02-21 17:19:52,952 [INFO] Initial range for Amps is 0.100000 for Volts is 600.000000
ptd-server 2023-02-21 17:19:52,952 [INFO] Sending to ptd: 'SR,V,Auto'
ptd-server 2023-02-21 17:19:53,455 [INFO] Reply from ptd: 'Range V changed'
ptd-server 2023-02-21 17:19:53,456 [INFO] Sending to ptd: 'SR,A,Auto'
ptd-server 2023-02-21 17:19:53,959 [INFO] Reply from ptd: 'Range A changed'
ptd-server 2023-02-21 17:20:03,964 [INFO] Starting ranging mode
ptd-server 2023-02-21 17:20:03,965 [INFO] Sending to ptd: 'Go,1000,0,2023-02-21_17-19-35_ranging'
ptd-server 2023-02-21 17:20:03,966 [INFO] Reply from ptd: 'Starting untimed measurement, maximum 500000 samples at 1000ms with 0 rampup samples'
ptd-server 2023-02-21 17:20:03,966 [INFO] Sending reply to client 'OK'
ptd-server 2023-02-21 17:45:57,273 [INFO] Got command from the client 'session,2023-02-21_17-19-35,stop,ranging'
ptd-server 2023-02-21 17:46:07,284 [INFO] Sending to ptd: 'Stop'
ptd-server 2023-02-21 17:46:07,285 [INFO] Reply from ptd: 'Stopping untimed measurement'
ptd-server 2023-02-21 17:46:07,305 [INFO] Sending reply to client 'OK'
ptd-server 2023-02-21 17:46:07,364 [INFO] Got command from the client 'time'
ptd-server 2023-02-21 17:46:07,364 [INFO] Sending reply to client '1677001567.3642073'
ptd-server 2023-02-21 17:46:07,368 [INFO] Got command from the client 'session,2023-02-21_17-19-35,start,testing'
ptd-server 2023-02-21 17:46:07,368 [INFO] Sending to ptd: 'SR,V,248.360000'
ptd-server 2023-02-21 17:46:09,469 [INFO] Reply from ptd: 'Range V changed'
ptd-server 2023-02-21 17:46:09,469 [INFO] Sending to ptd: 'SR,A,0.238560'
ptd-server 2023-02-21 17:46:10,972 [INFO] Reply from ptd: 'Range A changed'
ptd-server 2023-02-21 17:46:20,983 [INFO] Starting testing mode
ptd-server 2023-02-21 17:46:20,984 [INFO] Sending to ptd: 'Go,1000,0,2023-02-21_17-19-35_testing'
ptd-server 2023-02-21 17:46:20,984 [INFO] Reply from ptd: 'Starting untimed measurement, maximum 500000 samples at 1000ms with 0 rampup samples'
ptd-server 2023-02-21 17:46:20,985 [INFO] Sending reply to client 'OK'
ptd-server 2023-02-21 18:12:15,017 [INFO] Got command from the client 'session,2023-02-21_17-19-35,stop,testing'
ptd-server 2023-02-21 18:12:25,025 [INFO] Sending to ptd: 'Stop'
ptd-server 2023-02-21 18:12:25,025 [INFO] Reply from ptd: 'Stopping untimed measurement'
ptd-server 2023-02-21 18:12:25,037 [INFO] Sending reply to client 'OK'
ptd-server 2023-02-21 18:12:25,136 [INFO] Got command from the client 'session,2023-02-21_17-19-35,done'
ptd-server 2023-02-21 18:12:25,137 [INFO] Sending to ptd: 'Stop'
ptd-server 2023-02-21 18:12:25,986 [INFO] Reply from ptd: 'Error: no measurement to stop'
ptd-server 2023-02-21 18:12:25,987 [INFO] Sending to ptd: 'SR,V,600.000000'
ptd-server 2023-02-21 18:12:27,490 [INFO] Reply from ptd: 'Range V changed'
ptd-server 2023-02-21 18:12:27,491 [INFO] Sending to ptd: 'SR,A,0.100000'
ptd-server 2023-02-21 18:12:28,994 [INFO] Reply from ptd: 'Range A changed'
ptd-server 2023-02-21 18:12:28,995 [INFO] Set initial values for Amps 0.100000 and Volts 600.000000
ptd-server 2023-02-21 18:12:28,995 [INFO] Stopping ptd...
