ptd-server 2023-02-21 11:36:44,347 [INFO] Got command from the client 'time'
ptd-server 2023-02-21 11:36:44,347 [INFO] Sending reply to client '1676979404.3475814'
ptd-server 2023-02-21 11:36:44,348 [INFO] Got command from the client 'new,,38b0383d-e947-48e8-9e2e-5cb1b1847ba1'
ptd-server 2023-02-21 11:36:44,349 [INFO] Sending reply to client 'OK 2023-02-21_11-36-44,ca253722-903e-4d02-adf3-e59deb164aac'
ptd-server 2023-02-21 11:36:44,369 [INFO] Got command from the client 'time'
ptd-server 2023-02-21 11:36:44,369 [INFO] Sending reply to client '1676979404.369742'
ptd-server 2023-02-21 11:36:44,370 [INFO] Got command from the client 'session,2023-02-21_11-36-44,start,ranging'
ptd-server 2023-02-21 11:36:44,371 [INFO] Running PTDaemon: ['/home/anton/projects/mlperf/power/inference_v1.0/ptd-linux-x86', '-l', '/tmp/tmp4yl1neqp/ptd_logfile.txt', '-p', '8888', '49', '/dev/usbtmc0']
ptd-server 2023-02-21 11:37:01,445 [INFO] Sending to ptd: 'Hello'
ptd-server 2023-02-21 11:37:01,445 [INFO] Reply from ptd: 'Hello, PTDaemon here!'
ptd-server 2023-02-21 11:37:01,446 [INFO] Sending to ptd: 'Identify'
ptd-server 2023-02-21 11:37:01,446 [INFO] Reply from ptd: 'YokogawaWT310E,1000,1,1,1,1,0,1,1,version=1.10.0-ed9a21d2-20220817,OS=Linux 5.15.0-60-generic #66~20.04.1-Ubuntu SMP Wed Jan 25 09:41:30 UTC 2023 x86_64,mode=power,1,1,1,0,0,no_cal_date,YOKOGAWA;WT310E;C3XA04010E;F1.04'
ptd-server 2023-02-21 11:37:01,446 [INFO] Connected to PTDaemon
ptd-server 2023-02-21 11:37:01,446 [INFO] Sending to ptd: 'RR'
ptd-server 2023-02-21 11:37:01,446 [INFO] Reply from ptd: 'Ranges,1,0.100000,1,300.000000'
ptd-server 2023-02-21 11:37:01,447 [INFO] Initial range for Amps is Auto for Volts is Auto
ptd-server 2023-02-21 11:37:01,447 [INFO] Sending to ptd: 'SR,V,Auto'
ptd-server 2023-02-21 11:37:01,949 [INFO] Reply from ptd: 'Range V changed'
ptd-server 2023-02-21 11:37:01,949 [INFO] Sending to ptd: 'SR,A,Auto'
ptd-server 2023-02-21 11:37:02,452 [INFO] Reply from ptd: 'Range A changed'
ptd-server 2023-02-21 11:37:12,462 [INFO] Starting ranging mode
ptd-server 2023-02-21 11:37:12,462 [INFO] Sending to ptd: 'Go,1000,0,2023-02-21_11-36-44_ranging'
ptd-server 2023-02-21 11:37:12,463 [INFO] Reply from ptd: 'Starting untimed measurement, maximum 500000 samples at 1000ms with 0 rampup samples'
ptd-server 2023-02-21 11:37:12,463 [INFO] Sending reply to client 'OK'
ptd-server 2023-02-21 11:47:39,612 [INFO] Got command from the client 'session,2023-02-21_11-36-44,stop,ranging'
ptd-server 2023-02-21 11:47:49,623 [INFO] Sending to ptd: 'Stop'
ptd-server 2023-02-21 11:47:49,623 [INFO] Reply from ptd: 'Stopping untimed measurement'
ptd-server 2023-02-21 11:47:49,948 [INFO] Sending reply to client 'OK'
ptd-server 2023-02-21 11:47:50,017 [INFO] Got command from the client 'time'
ptd-server 2023-02-21 11:47:50,017 [INFO] Sending reply to client '1676980070.0176342'
ptd-server 2023-02-21 11:47:50,018 [INFO] Got command from the client 'session,2023-02-21_11-36-44,start,testing'
ptd-server 2023-02-21 11:47:50,018 [INFO] Sending to ptd: 'SR,V,252.740000'
ptd-server 2023-02-21 11:47:51,964 [INFO] Reply from ptd: 'Range V changed'
ptd-server 2023-02-21 11:47:51,965 [INFO] Sending to ptd: 'SR,A,0.057660'
ptd-server 2023-02-21 11:47:53,466 [INFO] Reply from ptd: 'Range A changed'
ptd-server 2023-02-21 11:48:03,476 [INFO] Starting testing mode
ptd-server 2023-02-21 11:48:03,476 [INFO] Sending to ptd: 'Go,1000,0,2023-02-21_11-36-44_testing'
ptd-server 2023-02-21 11:48:03,477 [INFO] Reply from ptd: 'Starting untimed measurement, maximum 500000 samples at 1000ms with 0 rampup samples'
ptd-server 2023-02-21 11:48:03,477 [INFO] Sending reply to client 'OK'
ptd-server 2023-02-21 11:58:30,621 [INFO] Got command from the client 'session,2023-02-21_11-36-44,stop,testing'
ptd-server 2023-02-21 11:58:40,632 [INFO] Sending to ptd: 'Stop'
ptd-server 2023-02-21 11:58:40,632 [INFO] Reply from ptd: 'Stopping untimed measurement'
ptd-server 2023-02-21 11:58:40,793 [INFO] Sending reply to client 'OK'
ptd-server 2023-02-21 11:58:40,801 [INFO] Got command from the client 'session,2023-02-21_11-36-44,done'
ptd-server 2023-02-21 11:58:40,801 [INFO] Sending to ptd: 'Stop'
ptd-server 2023-02-21 11:58:41,478 [INFO] Reply from ptd: 'Error: no measurement to stop'
ptd-server 2023-02-21 11:58:41,478 [INFO] Sending to ptd: 'SR,V,Auto'
ptd-server 2023-02-21 11:58:41,980 [INFO] Reply from ptd: 'Range V changed'
ptd-server 2023-02-21 11:58:41,981 [INFO] Sending to ptd: 'SR,A,Auto'
ptd-server 2023-02-21 11:58:42,483 [INFO] Reply from ptd: 'Range A changed'
ptd-server 2023-02-21 11:58:42,483 [INFO] Set initial values for Amps Auto and Volts Auto
ptd-server 2023-02-21 11:58:42,483 [INFO] Stopping ptd...
