ptd-server 2023-02-24 09:12:36,168 [INFO] Got command from the client 'time'
ptd-server 2023-02-24 09:12:36,168 [INFO] Sending reply to client '1677229956.1684678'
ptd-server 2023-02-24 09:12:36,169 [INFO] Got command from the client 'new,,f0c9f567-c5bb-4f56-95a6-271a8534dbc7'
ptd-server 2023-02-24 09:12:36,170 [INFO] Sending reply to client 'OK 2023-02-24_09-12-36,683f2a71-5bb6-45e2-b670-9b8f63ffe041'
ptd-server 2023-02-24 09:12:36,324 [INFO] Got command from the client 'time'
ptd-server 2023-02-24 09:12:36,324 [INFO] Sending reply to client '1677229956.3243027'
ptd-server 2023-02-24 09:12:36,325 [INFO] Got command from the client 'session,2023-02-24_09-12-36,start,ranging'
ptd-server 2023-02-24 09:12:36,325 [INFO] Running PTDaemon: ['/home/anton/projects/mlperf/power/inference_v1.0/ptd-linux-x86', '-l', '/tmp/tmp4yl1neqp/ptd_logfile.txt', '-p', '8888', '49', '/dev/usbtmc0']
ptd-server 2023-02-24 09:12:53,399 [INFO] Sending to ptd: 'Hello'
ptd-server 2023-02-24 09:12:53,400 [INFO] Reply from ptd: 'Hello, PTDaemon here!'
ptd-server 2023-02-24 09:12:53,400 [INFO] Sending to ptd: 'Identify'
ptd-server 2023-02-24 09:12:53,400 [INFO] Reply from ptd: 'YokogawaWT310E,1000,1,1,1,1,0,1,1,version=1.10.0-ed9a21d2-20220817,OS=Linux 5.15.0-60-generic #66~20.04.1-Ubuntu SMP Wed Jan 25 09:41:30 UTC 2023 x86_64,mode=power,1,1,1,0,0,no_cal_date,YOKOGAWA;WT310E;C3XA04010E;F1.04'
ptd-server 2023-02-24 09:12:53,400 [INFO] Connected to PTDaemon
ptd-server 2023-02-24 09:12:53,400 [INFO] Sending to ptd: 'RR'
ptd-server 2023-02-24 09:12:53,401 [INFO] Reply from ptd: 'Ranges,1,0.100000,1,300.000000'
ptd-server 2023-02-24 09:12:53,401 [INFO] Initial range for Amps is Auto for Volts is Auto
ptd-server 2023-02-24 09:12:53,401 [INFO] Sending to ptd: 'SR,V,Auto'
ptd-server 2023-02-24 09:12:53,903 [INFO] Reply from ptd: 'Range V changed'
ptd-server 2023-02-24 09:12:53,904 [INFO] Sending to ptd: 'SR,A,Auto'
ptd-server 2023-02-24 09:12:54,406 [INFO] Reply from ptd: 'Range A changed'
ptd-server 2023-02-24 09:13:04,416 [INFO] Starting ranging mode
ptd-server 2023-02-24 09:13:04,417 [INFO] Sending to ptd: 'Go,1000,0,2023-02-24_09-12-36_ranging'
ptd-server 2023-02-24 09:13:04,417 [INFO] Reply from ptd: 'Starting untimed measurement, maximum 500000 samples at 1000ms with 0 rampup samples'
ptd-server 2023-02-24 09:13:04,417 [INFO] Sending reply to client 'OK'
ptd-server 2023-02-24 09:23:20,731 [INFO] Got command from the client 'session,2023-02-24_09-12-36,stop,ranging'
ptd-server 2023-02-24 09:23:30,732 [INFO] Sending to ptd: 'Stop'
ptd-server 2023-02-24 09:23:30,732 [INFO] Reply from ptd: 'Stopping untimed measurement'
ptd-server 2023-02-24 09:23:31,374 [INFO] Sending reply to client 'OK'
ptd-server 2023-02-24 09:23:31,512 [INFO] Got command from the client 'time'
ptd-server 2023-02-24 09:23:31,513 [INFO] Sending reply to client '1677230611.513101'
ptd-server 2023-02-24 09:23:31,514 [INFO] Got command from the client 'session,2023-02-24_09-12-36,start,testing'
ptd-server 2023-02-24 09:23:31,514 [INFO] Sending to ptd: 'SR,V,250.730000'
ptd-server 2023-02-24 09:23:33,015 [INFO] Reply from ptd: 'Range V changed'
ptd-server 2023-02-24 09:23:33,016 [INFO] Sending to ptd: 'SR,A,0.059130'
ptd-server 2023-02-24 09:23:34,517 [INFO] Reply from ptd: 'Range A changed'
ptd-server 2023-02-24 09:23:44,527 [INFO] Starting testing mode
ptd-server 2023-02-24 09:23:44,527 [INFO] Sending to ptd: 'Go,1000,0,2023-02-24_09-12-36_testing'
ptd-server 2023-02-24 09:23:44,528 [INFO] Reply from ptd: 'Starting untimed measurement, maximum 500000 samples at 1000ms with 0 rampup samples'
ptd-server 2023-02-24 09:23:44,528 [INFO] Sending reply to client 'OK'
ptd-server 2023-02-24 09:34:00,790 [INFO] Got command from the client 'session,2023-02-24_09-12-36,stop,testing'
ptd-server 2023-02-24 09:34:10,800 [INFO] Sending to ptd: 'Stop'
ptd-server 2023-02-24 09:34:10,801 [INFO] Reply from ptd: 'Stopping untimed measurement'
ptd-server 2023-02-24 09:34:11,134 [INFO] Sending reply to client 'OK'
ptd-server 2023-02-24 09:34:11,142 [INFO] Got command from the client 'session,2023-02-24_09-12-36,done'
ptd-server 2023-02-24 09:34:11,142 [INFO] Sending to ptd: 'Stop'
ptd-server 2023-02-24 09:34:11,529 [INFO] Reply from ptd: 'Error: no measurement to stop'
ptd-server 2023-02-24 09:34:11,529 [INFO] Sending to ptd: 'SR,V,Auto'
ptd-server 2023-02-24 09:34:12,031 [INFO] Reply from ptd: 'Range V changed'
ptd-server 2023-02-24 09:34:12,032 [INFO] Sending to ptd: 'SR,A,Auto'
ptd-server 2023-02-24 09:34:12,534 [INFO] Reply from ptd: 'Range A changed'
ptd-server 2023-02-24 09:34:12,534 [INFO] Set initial values for Amps Auto and Volts Auto
ptd-server 2023-02-24 09:34:12,534 [INFO] Stopping ptd...
