ptd-server 2023-02-21 07:44:57,596 [INFO] Got command from the client 'time'
ptd-server 2023-02-21 07:44:57,596 [INFO] Sending reply to client '1676965497.5966682'
ptd-server 2023-02-21 07:44:57,597 [INFO] Got command from the client 'new,,69df5e84-289d-4c27-9aa7-9d610579bcfc'
ptd-server 2023-02-21 07:44:57,598 [INFO] Sending reply to client 'OK 2023-02-21_07-44-57,ba795c59-0b05-4eae-9a8a-da8438ec762c'
ptd-server 2023-02-21 07:44:57,618 [INFO] Got command from the client 'time'
ptd-server 2023-02-21 07:44:57,618 [INFO] Sending reply to client '1676965497.6182668'
ptd-server 2023-02-21 07:44:57,619 [INFO] Got command from the client 'session,2023-02-21_07-44-57,start,ranging'
ptd-server 2023-02-21 07:44:57,619 [INFO] Running PTDaemon: ['/home/anton/projects/mlperf/power/inference_v1.0/ptd-linux-x86', '-l', '/tmp/tmp4yl1neqp/ptd_logfile.txt', '-p', '8888', '49', '/dev/usbtmc0']
ptd-server 2023-02-21 07:45:14,693 [INFO] Sending to ptd: 'Hello'
ptd-server 2023-02-21 07:45:14,693 [INFO] Reply from ptd: 'Hello, PTDaemon here!'
ptd-server 2023-02-21 07:45:14,694 [INFO] Sending to ptd: 'Identify'
ptd-server 2023-02-21 07:45:14,694 [INFO] Reply from ptd: 'YokogawaWT310E,1000,1,1,1,1,0,1,1,version=1.10.0-ed9a21d2-20220817,OS=Linux 5.15.0-60-generic #66~20.04.1-Ubuntu SMP Wed Jan 25 09:41:30 UTC 2023 x86_64,mode=power,1,1,1,0,0,no_cal_date,YOKOGAWA;WT310E;C3XA04010E;F1.04'
ptd-server 2023-02-21 07:45:14,694 [INFO] Connected to PTDaemon
ptd-server 2023-02-21 07:45:14,694 [INFO] Sending to ptd: 'RR'
ptd-server 2023-02-21 07:45:14,695 [INFO] Reply from ptd: 'Ranges,1,0.100000,1,300.000000'
ptd-server 2023-02-21 07:45:14,695 [INFO] Initial range for Amps is Auto for Volts is Auto
ptd-server 2023-02-21 07:45:14,695 [INFO] Sending to ptd: 'SR,V,Auto'
ptd-server 2023-02-21 07:45:15,197 [INFO] Reply from ptd: 'Range V changed'
ptd-server 2023-02-21 07:45:15,197 [INFO] Sending to ptd: 'SR,A,Auto'
ptd-server 2023-02-21 07:45:15,700 [INFO] Reply from ptd: 'Range A changed'
ptd-server 2023-02-21 07:45:25,710 [INFO] Starting ranging mode
ptd-server 2023-02-21 07:45:25,710 [INFO] Sending to ptd: 'Go,1000,0,2023-02-21_07-44-57_ranging'
ptd-server 2023-02-21 07:45:25,711 [INFO] Reply from ptd: 'Starting untimed measurement, maximum 500000 samples at 1000ms with 0 rampup samples'
ptd-server 2023-02-21 07:45:25,711 [INFO] Sending reply to client 'OK'
ptd-server 2023-02-21 07:55:52,835 [INFO] Got command from the client 'session,2023-02-21_07-44-57,stop,ranging'
ptd-server 2023-02-21 07:56:02,845 [INFO] Sending to ptd: 'Stop'
ptd-server 2023-02-21 07:56:02,845 [INFO] Reply from ptd: 'Stopping untimed measurement'
ptd-server 2023-02-21 07:56:03,134 [INFO] Sending reply to client 'OK'
ptd-server 2023-02-21 07:56:03,195 [INFO] Got command from the client 'time'
ptd-server 2023-02-21 07:56:03,195 [INFO] Sending reply to client '1676966163.1956885'
ptd-server 2023-02-21 07:56:03,196 [INFO] Got command from the client 'session,2023-02-21_07-44-57,start,testing'
ptd-server 2023-02-21 07:56:03,197 [INFO] Sending to ptd: 'SR,V,251.950000'
ptd-server 2023-02-21 07:56:05,212 [INFO] Reply from ptd: 'Range V changed'
ptd-server 2023-02-21 07:56:05,212 [INFO] Sending to ptd: 'SR,A,0.070920'
ptd-server 2023-02-21 07:56:06,714 [INFO] Reply from ptd: 'Range A changed'
ptd-server 2023-02-21 07:56:16,724 [INFO] Starting testing mode
ptd-server 2023-02-21 07:56:16,724 [INFO] Sending to ptd: 'Go,1000,0,2023-02-21_07-44-57_testing'
ptd-server 2023-02-21 07:56:16,725 [INFO] Reply from ptd: 'Starting untimed measurement, maximum 500000 samples at 1000ms with 0 rampup samples'
ptd-server 2023-02-21 07:56:16,725 [INFO] Sending reply to client 'OK'
ptd-server 2023-02-21 08:06:43,829 [INFO] Got command from the client 'session,2023-02-21_07-44-57,stop,testing'
ptd-server 2023-02-21 08:06:53,839 [INFO] Sending to ptd: 'Stop'
ptd-server 2023-02-21 08:06:53,840 [INFO] Reply from ptd: 'Stopping untimed measurement'
ptd-server 2023-02-21 08:06:53,987 [INFO] Sending reply to client 'OK'
ptd-server 2023-02-21 08:06:53,995 [INFO] Got command from the client 'session,2023-02-21_07-44-57,done'
ptd-server 2023-02-21 08:06:53,995 [INFO] Sending to ptd: 'Stop'
ptd-server 2023-02-21 08:06:54,725 [INFO] Reply from ptd: 'Error: no measurement to stop'
ptd-server 2023-02-21 08:06:54,726 [INFO] Sending to ptd: 'SR,V,Auto'
ptd-server 2023-02-21 08:06:55,228 [INFO] Reply from ptd: 'Range V changed'
ptd-server 2023-02-21 08:06:55,228 [INFO] Sending to ptd: 'SR,A,Auto'
ptd-server 2023-02-21 08:06:55,731 [INFO] Reply from ptd: 'Range A changed'
ptd-server 2023-02-21 08:06:55,731 [INFO] Set initial values for Amps Auto and Volts Auto
ptd-server 2023-02-21 08:06:55,731 [INFO] Stopping ptd...
