ptd-server 2023-02-22 13:49:26,552 [INFO] Got command from the client 'time'
ptd-server 2023-02-22 13:49:26,552 [INFO] Sending reply to client '1677073766.5522256'
ptd-server 2023-02-22 13:49:26,553 [INFO] Got command from the client 'new,,793e0dac-d096-4809-9c6c-0b201830150e'
ptd-server 2023-02-22 13:49:26,553 [INFO] Sending reply to client 'OK 2023-02-22_13-49-26,520a680c-ed7c-41f8-923f-a748afe7919a'
ptd-server 2023-02-22 13:49:26,573 [INFO] Got command from the client 'time'
ptd-server 2023-02-22 13:49:26,573 [INFO] Sending reply to client '1677073766.573777'
ptd-server 2023-02-22 13:49:26,574 [INFO] Got command from the client 'session,2023-02-22_13-49-26,start,ranging'
ptd-server 2023-02-22 13:49:26,575 [INFO] Running PTDaemon: ['/home/anton/projects/mlperf/power/inference_v1.0/ptd-linux-x86', '-l', '/tmp/tmp4yl1neqp/ptd_logfile.txt', '-p', '8888', '49', '/dev/usbtmc0']
ptd-server 2023-02-22 13:49:43,649 [INFO] Sending to ptd: 'Hello'
ptd-server 2023-02-22 13:49:43,650 [INFO] Reply from ptd: 'Hello, PTDaemon here!'
ptd-server 2023-02-22 13:49:43,650 [INFO] Sending to ptd: 'Identify'
ptd-server 2023-02-22 13:49:43,650 [INFO] Reply from ptd: 'YokogawaWT310E,1000,1,1,1,1,0,1,1,version=1.10.0-ed9a21d2-20220817,OS=Linux 5.15.0-60-generic #66~20.04.1-Ubuntu SMP Wed Jan 25 09:41:30 UTC 2023 x86_64,mode=power,1,1,1,0,0,no_cal_date,YOKOGAWA;WT310E;C3XA04010E;F1.04'
ptd-server 2023-02-22 13:49:43,650 [INFO] Connected to PTDaemon
ptd-server 2023-02-22 13:49:43,650 [INFO] Sending to ptd: 'RR'
ptd-server 2023-02-22 13:49:43,651 [INFO] Reply from ptd: 'Ranges,1,0.100000,1,300.000000'
ptd-server 2023-02-22 13:49:43,651 [INFO] Initial range for Amps is Auto for Volts is Auto
ptd-server 2023-02-22 13:49:43,651 [INFO] Sending to ptd: 'SR,V,Auto'
ptd-server 2023-02-22 13:49:44,153 [INFO] Reply from ptd: 'Range V changed'
ptd-server 2023-02-22 13:49:44,154 [INFO] Sending to ptd: 'SR,A,Auto'
ptd-server 2023-02-22 13:49:44,656 [INFO] Reply from ptd: 'Range A changed'
ptd-server 2023-02-22 13:49:54,666 [INFO] Starting ranging mode
ptd-server 2023-02-22 13:49:54,666 [INFO] Sending to ptd: 'Go,1000,0,2023-02-22_13-49-26_ranging'
ptd-server 2023-02-22 13:49:54,667 [INFO] Reply from ptd: 'Starting untimed measurement, maximum 500000 samples at 1000ms with 0 rampup samples'
ptd-server 2023-02-22 13:49:54,667 [INFO] Sending reply to client 'OK'
ptd-server 2023-02-22 14:00:15,160 [INFO] Got command from the client 'session,2023-02-22_13-49-26,stop,ranging'
ptd-server 2023-02-22 14:00:25,170 [INFO] Sending to ptd: 'Stop'
ptd-server 2023-02-22 14:00:25,171 [INFO] Reply from ptd: 'Stopping untimed measurement'
ptd-server 2023-02-22 14:00:25,607 [INFO] Sending reply to client 'OK'
ptd-server 2023-02-22 14:00:25,680 [INFO] Got command from the client 'time'
ptd-server 2023-02-22 14:00:25,681 [INFO] Sending reply to client '1677074425.6809733'
ptd-server 2023-02-22 14:00:25,681 [INFO] Got command from the client 'session,2023-02-22_13-49-26,start,testing'
ptd-server 2023-02-22 14:00:25,682 [INFO] Sending to ptd: 'SR,V,252.070000'
ptd-server 2023-02-22 14:00:27,183 [INFO] Reply from ptd: 'Range V changed'
ptd-server 2023-02-22 14:00:27,183 [INFO] Sending to ptd: 'SR,A,0.053870'
ptd-server 2023-02-22 14:00:28,685 [INFO] Reply from ptd: 'Range A changed'
ptd-server 2023-02-22 14:00:38,695 [INFO] Starting testing mode
ptd-server 2023-02-22 14:00:38,695 [INFO] Sending to ptd: 'Go,1000,0,2023-02-22_13-49-26_testing'
ptd-server 2023-02-22 14:00:38,696 [INFO] Reply from ptd: 'Starting untimed measurement, maximum 500000 samples at 1000ms with 0 rampup samples'
ptd-server 2023-02-22 14:00:38,696 [INFO] Sending reply to client 'OK'
ptd-server 2023-02-22 14:10:59,192 [INFO] Got command from the client 'session,2023-02-22_13-49-26,stop,testing'
ptd-server 2023-02-22 14:11:09,203 [INFO] Sending to ptd: 'Stop'
ptd-server 2023-02-22 14:11:09,203 [INFO] Reply from ptd: 'Stopping untimed measurement'
ptd-server 2023-02-22 14:11:09,433 [INFO] Sending reply to client 'OK'
ptd-server 2023-02-22 14:11:09,441 [INFO] Got command from the client 'session,2023-02-22_13-49-26,done'
ptd-server 2023-02-22 14:11:09,441 [INFO] Sending to ptd: 'Stop'
ptd-server 2023-02-22 14:11:09,697 [INFO] Reply from ptd: 'Error: no measurement to stop'
ptd-server 2023-02-22 14:11:09,697 [INFO] Sending to ptd: 'SR,V,Auto'
ptd-server 2023-02-22 14:11:10,199 [INFO] Reply from ptd: 'Range V changed'
ptd-server 2023-02-22 14:11:10,200 [INFO] Sending to ptd: 'SR,A,Auto'
ptd-server 2023-02-22 14:11:10,702 [INFO] Reply from ptd: 'Range A changed'
ptd-server 2023-02-22 14:11:10,703 [INFO] Set initial values for Amps Auto and Volts Auto
ptd-server 2023-02-22 14:11:10,703 [INFO] Stopping ptd...
