ptd-server 2023-02-18 03:13:07,904 [INFO] Got command from the client 'stop'
ptd-server 2023-02-18 03:13:07,904 [INFO] The server will be stopped after processing this client
ptd-server 2023-02-18 03:13:07,905 [INFO] Sending reply to client 'OK'
ptd-server 2023-02-18 03:13:08,145 [INFO] Got command from the client 'time'
ptd-server 2023-02-18 03:13:08,145 [INFO] Sending reply to client '1676718788.1451843'
ptd-server 2023-02-18 03:13:08,148 [INFO] Got command from the client 'new,,81143a95-daeb-4743-8868-2ee083019f66'
ptd-server 2023-02-18 03:13:08,148 [INFO] Sending reply to client 'OK 2023-02-18_03-13-08,b3543688-8433-4c2c-8b0b-fbb1c81d9cb6'
ptd-server 2023-02-18 03:13:08,372 [INFO] Got command from the client 'time'
ptd-server 2023-02-18 03:13:08,372 [INFO] Sending reply to client '1676718788.3724296'
ptd-server 2023-02-18 03:13:08,374 [INFO] Got command from the client 'session,2023-02-18_03-13-08,start,ranging'
ptd-server 2023-02-18 03:13:08,374 [INFO] Running PTDaemon: ['/usr/bin/ptd-linux-x86', '-l', '/tmp/tmph9iumzpa/ptd_logfile.txt', '-p', '8888', '-c', '1', '-y', '52', '10.116.21.204']
ptd-server 2023-02-18 03:13:25,549 [INFO] Sending to ptd: 'Hello'
ptd-server 2023-02-18 03:13:25,549 [INFO] Reply from ptd: 'Hello, PTDaemon here!'
ptd-server 2023-02-18 03:13:25,549 [INFO] Sending to ptd: 'Identify'
ptd-server 2023-02-18 03:13:25,550 [INFO] Reply from ptd: 'YokogawaWT330E,1000,1,1,1,1,0,0,1,version=1.10.0-ed9a21d2-20220817,OS=Linux 5.15.0-60-generic #66~20.04.1-Ubuntu SMP Wed Jan 25 09:41:30 UTC 2023 x86_64,mode=power,1,1,1,0,0,no_cal_date,YOKOGAWA;WT333E;C2VL22012V;F1.04'
ptd-server 2023-02-18 03:13:25,550 [INFO] Connected to PTDaemon
ptd-server 2023-02-18 03:13:25,550 [INFO] Sending to ptd: 'RR'
ptd-server 2023-02-18 03:13:25,550 [INFO] Reply from ptd: 'Ranges,1,0.500000,1,300.000000'
ptd-server 2023-02-18 03:13:25,550 [INFO] Initial range for Amps is Auto for Volts is Auto
ptd-server 2023-02-18 03:13:25,550 [INFO] Sending to ptd: 'SR,V,Auto'
ptd-server 2023-02-18 03:13:26,057 [INFO] Reply from ptd: 'Range V changed'
ptd-server 2023-02-18 03:13:26,057 [INFO] Sending to ptd: 'SR,A,Auto'
ptd-server 2023-02-18 03:13:26,564 [INFO] Reply from ptd: 'Range A changed'
ptd-server 2023-02-18 03:13:36,574 [INFO] Starting ranging mode
ptd-server 2023-02-18 03:13:36,575 [INFO] Sending to ptd: 'Go,1000,0,2023-02-18_03-13-08_ranging'
ptd-server 2023-02-18 03:13:36,575 [INFO] Reply from ptd: 'Starting untimed measurement, maximum 500000 samples at 1000ms with 0 rampup samples'
ptd-server 2023-02-18 03:13:36,575 [INFO] Sending reply to client 'OK'
ptd-server 2023-02-18 03:24:32,596 [INFO] Got command from the client 'session,2023-02-18_03-13-08,stop,ranging'
ptd-server 2023-02-18 03:24:42,607 [INFO] Sending to ptd: 'Stop'
ptd-server 2023-02-18 03:24:42,607 [INFO] Reply from ptd: 'Stopping untimed measurement'
ptd-server 2023-02-18 03:24:42,622 [INFO] Sending reply to client 'OK'
ptd-server 2023-02-18 03:24:42,893 [INFO] Got command from the client 'time'
ptd-server 2023-02-18 03:24:42,894 [INFO] Sending reply to client '1676719482.8940144'
ptd-server 2023-02-18 03:24:42,895 [INFO] Got command from the client 'session,2023-02-18_03-13-08,start,testing'
ptd-server 2023-02-18 03:24:42,896 [INFO] Sending to ptd: 'SR,V,207.090000'
ptd-server 2023-02-18 03:24:45,082 [INFO] Reply from ptd: 'Range V changed'
ptd-server 2023-02-18 03:24:45,082 [INFO] Sending to ptd: 'SR,A,0.441500'
ptd-server 2023-02-18 03:24:46,589 [INFO] Reply from ptd: 'Range A changed'
ptd-server 2023-02-18 03:24:56,599 [INFO] Starting testing mode
ptd-server 2023-02-18 03:24:56,599 [INFO] Sending to ptd: 'Go,1000,0,2023-02-18_03-13-08_testing'
ptd-server 2023-02-18 03:24:56,600 [INFO] Reply from ptd: 'Starting untimed measurement, maximum 500000 samples at 1000ms with 0 rampup samples'
ptd-server 2023-02-18 03:24:56,600 [INFO] Sending reply to client 'OK'
ptd-server 2023-02-18 03:35:12,680 [INFO] Got command from the client 'session,2023-02-18_03-13-08,stop,testing'
ptd-server 2023-02-18 03:35:22,690 [INFO] Sending to ptd: 'Stop'
ptd-server 2023-02-18 03:35:22,691 [INFO] Reply from ptd: 'Stopping untimed measurement'
ptd-server 2023-02-18 03:35:22,694 [INFO] Sending reply to client 'OK'
ptd-server 2023-02-18 03:35:22,755 [INFO] Got command from the client 'session,2023-02-18_03-13-08,done'
ptd-server 2023-02-18 03:35:22,755 [INFO] Sending to ptd: 'Stop'
ptd-server 2023-02-18 03:35:23,600 [INFO] Reply from ptd: 'Error: no measurement to stop'
ptd-server 2023-02-18 03:35:23,601 [INFO] Sending to ptd: 'SR,V,Auto'
ptd-server 2023-02-18 03:35:24,107 [INFO] Reply from ptd: 'Range V changed'
ptd-server 2023-02-18 03:35:24,107 [INFO] Sending to ptd: 'SR,A,Auto'
ptd-server 2023-02-18 03:35:24,614 [INFO] Reply from ptd: 'Range A changed'
ptd-server 2023-02-18 03:35:24,615 [INFO] Set initial values for Amps Auto and Volts Auto
ptd-server 2023-02-18 03:35:24,615 [INFO] Stopping ptd...
