ptd-server 2023-02-20 13:07:19,481 [INFO] Got command from the client 'time'
ptd-server 2023-02-20 13:07:19,481 [INFO] Sending reply to client '1676898439.481215'
ptd-server 2023-02-20 13:07:19,482 [INFO] Got command from the client 'new,,c2bb3ebf-2ed3-4b28-a3b4-46e15f8a1958'
ptd-server 2023-02-20 13:07:19,482 [INFO] Sending reply to client 'OK 2023-02-20_13-07-19,57412683-69d7-466b-ae94-207f209d6c09'
ptd-server 2023-02-20 13:07:19,507 [INFO] Got command from the client 'time'
ptd-server 2023-02-20 13:07:19,507 [INFO] Sending reply to client '1676898439.5075555'
ptd-server 2023-02-20 13:07:19,508 [INFO] Got command from the client 'session,2023-02-20_13-07-19,start,ranging'
ptd-server 2023-02-20 13:07:19,508 [INFO] Running PTDaemon: ['/home/anton/projects/mlperf/power/inference_v1.0/ptd-linux-x86', '-l', '/tmp/tmp4yl1neqp/ptd_logfile.txt', '-p', '8888', '49', '/dev/usbtmc0']
ptd-server 2023-02-20 13:07:36,582 [INFO] Sending to ptd: 'Hello'
ptd-server 2023-02-20 13:07:36,583 [INFO] Reply from ptd: 'Hello, PTDaemon here!'
ptd-server 2023-02-20 13:07:36,583 [INFO] Sending to ptd: 'Identify'
ptd-server 2023-02-20 13:07:36,583 [INFO] Reply from ptd: 'YokogawaWT310E,1000,1,1,1,1,0,1,1,version=1.10.0-ed9a21d2-20220817,OS=Linux 5.15.0-60-generic #66~20.04.1-Ubuntu SMP Wed Jan 25 09:41:30 UTC 2023 x86_64,mode=power,1,1,1,0,0,no_cal_date,YOKOGAWA;WT310E;C3XA04010E;F1.04'
ptd-server 2023-02-20 13:07:36,583 [INFO] Connected to PTDaemon
ptd-server 2023-02-20 13:07:36,583 [INFO] Sending to ptd: 'RR'
ptd-server 2023-02-20 13:07:36,584 [INFO] Reply from ptd: 'Ranges,1,0.100000,1,300.000000'
ptd-server 2023-02-20 13:07:36,584 [INFO] Initial range for Amps is Auto for Volts is Auto
ptd-server 2023-02-20 13:07:36,584 [INFO] Sending to ptd: 'SR,V,Auto'
ptd-server 2023-02-20 13:07:37,086 [INFO] Reply from ptd: 'Range V changed'
ptd-server 2023-02-20 13:07:37,087 [INFO] Sending to ptd: 'SR,A,Auto'
ptd-server 2023-02-20 13:07:37,589 [INFO] Reply from ptd: 'Range A changed'
ptd-server 2023-02-20 13:07:47,599 [INFO] Starting ranging mode
ptd-server 2023-02-20 13:07:47,600 [INFO] Sending to ptd: 'Go,1000,0,2023-02-20_13-07-19_ranging'
ptd-server 2023-02-20 13:07:47,600 [INFO] Reply from ptd: 'Starting untimed measurement, maximum 500000 samples at 1000ms with 0 rampup samples'
ptd-server 2023-02-20 13:07:47,600 [INFO] Sending reply to client 'OK'
ptd-server 2023-02-20 13:18:17,023 [INFO] Got command from the client 'session,2023-02-20_13-07-19,stop,ranging'
ptd-server 2023-02-20 13:18:27,033 [INFO] Sending to ptd: 'Stop'
ptd-server 2023-02-20 13:18:27,033 [INFO] Reply from ptd: 'Stopping untimed measurement'
ptd-server 2023-02-20 13:18:27,228 [INFO] Sending reply to client 'OK'
ptd-server 2023-02-20 13:18:27,258 [INFO] Got command from the client 'time'
ptd-server 2023-02-20 13:18:27,258 [INFO] Sending reply to client '1676899107.2586656'
ptd-server 2023-02-20 13:18:27,259 [INFO] Got command from the client 'session,2023-02-20_13-07-19,start,testing'
ptd-server 2023-02-20 13:18:27,259 [INFO] Sending to ptd: 'SR,V,252.820000'
ptd-server 2023-02-20 13:18:29,101 [INFO] Reply from ptd: 'Range V changed'
ptd-server 2023-02-20 13:18:29,101 [INFO] Sending to ptd: 'SR,A,0.061750'
ptd-server 2023-02-20 13:18:30,603 [INFO] Reply from ptd: 'Range A changed'
ptd-server 2023-02-20 13:18:40,613 [INFO] Starting testing mode
ptd-server 2023-02-20 13:18:40,613 [INFO] Sending to ptd: 'Go,1000,0,2023-02-20_13-07-19_testing'
ptd-server 2023-02-20 13:18:40,614 [INFO] Reply from ptd: 'Starting untimed measurement, maximum 500000 samples at 1000ms with 0 rampup samples'
ptd-server 2023-02-20 13:18:40,614 [INFO] Sending reply to client 'OK'
ptd-server 2023-02-20 13:29:07,842 [INFO] Got command from the client 'session,2023-02-20_13-07-19,stop,testing'
ptd-server 2023-02-20 13:29:17,853 [INFO] Sending to ptd: 'Stop'
ptd-server 2023-02-20 13:29:17,853 [INFO] Reply from ptd: 'Stopping untimed measurement'
ptd-server 2023-02-20 13:29:17,964 [INFO] Sending reply to client 'OK'
ptd-server 2023-02-20 13:29:17,972 [INFO] Got command from the client 'session,2023-02-20_13-07-19,done'
ptd-server 2023-02-20 13:29:17,972 [INFO] Sending to ptd: 'Stop'
ptd-server 2023-02-20 13:29:18,614 [INFO] Reply from ptd: 'Error: no measurement to stop'
ptd-server 2023-02-20 13:29:18,614 [INFO] Sending to ptd: 'SR,V,Auto'
ptd-server 2023-02-20 13:29:19,117 [INFO] Reply from ptd: 'Range V changed'
ptd-server 2023-02-20 13:29:19,117 [INFO] Sending to ptd: 'SR,A,Auto'
ptd-server 2023-02-20 13:29:19,619 [INFO] Reply from ptd: 'Range A changed'
ptd-server 2023-02-20 13:29:19,620 [INFO] Set initial values for Amps Auto and Volts Auto
ptd-server 2023-02-20 13:29:19,620 [INFO] Stopping ptd...
