ptd-server 2023-02-24 05:56:58,325 [INFO] Got command from the client 'time'
ptd-server 2023-02-24 05:56:58,325 [INFO] Sending reply to client '1677218218.325876'
ptd-server 2023-02-24 05:56:58,326 [INFO] Got command from the client 'new,,0491621b-3692-47c2-9cb0-cb176af6f7af'
ptd-server 2023-02-24 05:56:58,327 [INFO] Sending reply to client 'OK 2023-02-24_05-56-58,990fa4bb-6d9d-4ec0-bde4-000750cfe1e6'
ptd-server 2023-02-24 05:56:58,351 [INFO] Got command from the client 'time'
ptd-server 2023-02-24 05:56:58,351 [INFO] Sending reply to client '1677218218.3514967'
ptd-server 2023-02-24 05:56:58,352 [INFO] Got command from the client 'session,2023-02-24_05-56-58,start,ranging'
ptd-server 2023-02-24 05:56:58,352 [INFO] Running PTDaemon: ['/home/anton/projects/mlperf/power/inference_v1.0/ptd-linux-x86', '-l', '/tmp/tmp4yl1neqp/ptd_logfile.txt', '-p', '8888', '49', '/dev/usbtmc0']
ptd-server 2023-02-24 05:57:15,427 [INFO] Sending to ptd: 'Hello'
ptd-server 2023-02-24 05:57:15,427 [INFO] Reply from ptd: 'Hello, PTDaemon here!'
ptd-server 2023-02-24 05:57:15,427 [INFO] Sending to ptd: 'Identify'
ptd-server 2023-02-24 05:57:15,428 [INFO] Reply from ptd: 'YokogawaWT310E,1000,1,1,1,1,0,1,1,version=1.10.0-ed9a21d2-20220817,OS=Linux 5.15.0-60-generic #66~20.04.1-Ubuntu SMP Wed Jan 25 09:41:30 UTC 2023 x86_64,mode=power,1,1,1,0,0,no_cal_date,YOKOGAWA;WT310E;C3XA04010E;F1.04'
ptd-server 2023-02-24 05:57:15,428 [INFO] Connected to PTDaemon
ptd-server 2023-02-24 05:57:15,428 [INFO] Sending to ptd: 'RR'
ptd-server 2023-02-24 05:57:15,428 [INFO] Reply from ptd: 'Ranges,1,0.100000,1,300.000000'
ptd-server 2023-02-24 05:57:15,428 [INFO] Initial range for Amps is Auto for Volts is Auto
ptd-server 2023-02-24 05:57:15,429 [INFO] Sending to ptd: 'SR,V,Auto'
ptd-server 2023-02-24 05:57:15,931 [INFO] Reply from ptd: 'Range V changed'
ptd-server 2023-02-24 05:57:15,931 [INFO] Sending to ptd: 'SR,A,Auto'
ptd-server 2023-02-24 05:57:16,434 [INFO] Reply from ptd: 'Range A changed'
ptd-server 2023-02-24 05:57:26,444 [INFO] Starting ranging mode
ptd-server 2023-02-24 05:57:26,444 [INFO] Sending to ptd: 'Go,1000,0,2023-02-24_05-56-58_ranging'
ptd-server 2023-02-24 05:57:26,445 [INFO] Reply from ptd: 'Starting untimed measurement, maximum 500000 samples at 1000ms with 0 rampup samples'
ptd-server 2023-02-24 05:57:26,445 [INFO] Sending reply to client 'OK'
ptd-server 2023-02-24 06:07:42,802 [INFO] Got command from the client 'session,2023-02-24_05-56-58,stop,ranging'
ptd-server 2023-02-24 06:07:52,813 [INFO] Sending to ptd: 'Stop'
ptd-server 2023-02-24 06:07:52,813 [INFO] Reply from ptd: 'Stopping untimed measurement'
ptd-server 2023-02-24 06:07:53,423 [INFO] Sending reply to client 'OK'
ptd-server 2023-02-24 06:07:53,454 [INFO] Got command from the client 'time'
ptd-server 2023-02-24 06:07:53,454 [INFO] Sending reply to client '1677218873.4543355'
ptd-server 2023-02-24 06:07:53,455 [INFO] Got command from the client 'session,2023-02-24_05-56-58,start,testing'
ptd-server 2023-02-24 06:07:53,455 [INFO] Sending to ptd: 'SR,V,249.960000'
ptd-server 2023-02-24 06:07:54,956 [INFO] Reply from ptd: 'Range V changed'
ptd-server 2023-02-24 06:07:54,956 [INFO] Sending to ptd: 'SR,A,0.059050'
ptd-server 2023-02-24 06:07:56,458 [INFO] Reply from ptd: 'Range A changed'
ptd-server 2023-02-24 06:08:06,468 [INFO] Starting testing mode
ptd-server 2023-02-24 06:08:06,468 [INFO] Sending to ptd: 'Go,1000,0,2023-02-24_05-56-58_testing'
ptd-server 2023-02-24 06:08:06,469 [INFO] Reply from ptd: 'Starting untimed measurement, maximum 500000 samples at 1000ms with 0 rampup samples'
ptd-server 2023-02-24 06:08:06,469 [INFO] Sending reply to client 'OK'
ptd-server 2023-02-24 06:18:22,743 [INFO] Got command from the client 'session,2023-02-24_05-56-58,stop,testing'
ptd-server 2023-02-24 06:18:32,753 [INFO] Sending to ptd: 'Stop'
ptd-server 2023-02-24 06:18:32,753 [INFO] Reply from ptd: 'Stopping untimed measurement'
ptd-server 2023-02-24 06:18:33,072 [INFO] Sending reply to client 'OK'
ptd-server 2023-02-24 06:18:33,080 [INFO] Got command from the client 'session,2023-02-24_05-56-58,done'
ptd-server 2023-02-24 06:18:33,080 [INFO] Sending to ptd: 'Stop'
ptd-server 2023-02-24 06:18:33,469 [INFO] Reply from ptd: 'Error: no measurement to stop'
ptd-server 2023-02-24 06:18:33,469 [INFO] Sending to ptd: 'SR,V,Auto'
ptd-server 2023-02-24 06:18:33,972 [INFO] Reply from ptd: 'Range V changed'
ptd-server 2023-02-24 06:18:33,972 [INFO] Sending to ptd: 'SR,A,Auto'
ptd-server 2023-02-24 06:18:34,474 [INFO] Reply from ptd: 'Range A changed'
ptd-server 2023-02-24 06:18:34,475 [INFO] Set initial values for Amps Auto and Volts Auto
ptd-server 2023-02-24 06:18:34,475 [INFO] Stopping ptd...
