ptd-server 2023-02-12 06:52:05,215 [INFO] Got command from the client 'time'
ptd-server 2023-02-12 06:52:05,215 [INFO] Sending reply to client '1676184725.2152486'
ptd-server 2023-02-12 06:52:05,218 [INFO] Got command from the client 'new,,0116599c-079f-47a1-969b-7a708696450f'
ptd-server 2023-02-12 06:52:05,218 [INFO] Sending reply to client 'OK 2023-02-12_06-52-05,b45ab0b3-a67f-422d-95b1-53bc748d7e55'
ptd-server 2023-02-12 06:52:05,241 [INFO] Got command from the client 'time'
ptd-server 2023-02-12 06:52:05,241 [INFO] Sending reply to client '1676184725.241639'
ptd-server 2023-02-12 06:52:05,244 [INFO] Got command from the client 'session,2023-02-12_06-52-05,start,ranging'
ptd-server 2023-02-12 06:52:05,244 [INFO] Running PTDaemon: ['/media/arjun/T7_Touch/hp-envy/CM/repos/local/cache/9b3695ca8255492a/power/inference_v1.0/ptd-linux-x86', '-l', '/tmp/tmp6_9o2crq/ptd_logfile.txt', '-p', '8888', '49', '/dev/usbtmc0']
ptd-server 2023-02-12 06:52:22,336 [INFO] Sending to ptd: 'Hello'
ptd-server 2023-02-12 06:52:22,337 [INFO] Reply from ptd: 'Hello, PTDaemon here!'
ptd-server 2023-02-12 06:52:22,337 [INFO] Sending to ptd: 'Identify'
ptd-server 2023-02-12 06:52:22,338 [INFO] Reply from ptd: 'YokogawaWT310E,1000,1,1,1,1,0,1,1,version=1.10.0-ed9a21d2-20220817,OS=Linux 5.15.0-56-generic #62-Ubuntu SMP Tue Nov 22 19:54:14 UTC 2022 x86_64,mode=power,1,1,1,0,0,no_cal_date,YOKOGAWA;WT310E;C3YD21068E;F1.04'
ptd-server 2023-02-12 06:52:22,338 [INFO] Connected to PTDaemon
ptd-server 2023-02-12 06:52:22,339 [INFO] Sending to ptd: 'RR'
ptd-server 2023-02-12 06:52:22,340 [INFO] Reply from ptd: 'Ranges,0,0.100000,0,600.000000'
ptd-server 2023-02-12 06:52:22,340 [INFO] Initial range for Amps is 0.100000 for Volts is 600.000000
ptd-server 2023-02-12 06:52:22,340 [INFO] Sending to ptd: 'SR,V,Auto'
ptd-server 2023-02-12 06:52:22,847 [INFO] Reply from ptd: 'Range V changed'
ptd-server 2023-02-12 06:52:22,848 [INFO] Sending to ptd: 'SR,A,Auto'
ptd-server 2023-02-12 06:52:23,351 [INFO] Reply from ptd: 'Range A changed'
ptd-server 2023-02-12 06:52:33,361 [INFO] Starting ranging mode
ptd-server 2023-02-12 06:52:33,362 [INFO] Sending to ptd: 'Go,1000,0,2023-02-12_06-52-05_ranging'
ptd-server 2023-02-12 06:52:33,363 [INFO] Reply from ptd: 'Starting untimed measurement, maximum 500000 samples at 1000ms with 0 rampup samples'
ptd-server 2023-02-12 06:52:33,363 [INFO] Sending reply to client 'OK'
ptd-server 2023-02-12 07:02:37,403 [INFO] Got command from the client 'session,2023-02-12_06-52-05,stop,ranging'
ptd-server 2023-02-12 07:02:47,414 [INFO] Sending to ptd: 'Stop'
ptd-server 2023-02-12 07:02:47,415 [INFO] Reply from ptd: 'Stopping untimed measurement'
ptd-server 2023-02-12 07:02:47,445 [INFO] Sending reply to client 'OK'
ptd-server 2023-02-12 07:02:47,512 [INFO] Got command from the client 'time'
ptd-server 2023-02-12 07:02:47,512 [INFO] Sending reply to client '1676185367.5126588'
ptd-server 2023-02-12 07:02:47,516 [INFO] Got command from the client 'session,2023-02-12_06-52-05,start,testing'
ptd-server 2023-02-12 07:02:47,516 [INFO] Sending to ptd: 'SR,V,247.060000'
ptd-server 2023-02-12 07:02:49,866 [INFO] Reply from ptd: 'Range V changed'
ptd-server 2023-02-12 07:02:49,866 [INFO] Sending to ptd: 'SR,A,0.253840'
ptd-server 2023-02-12 07:02:51,370 [INFO] Reply from ptd: 'Range A changed'
ptd-server 2023-02-12 07:03:01,381 [INFO] Starting testing mode
ptd-server 2023-02-12 07:03:01,381 [INFO] Sending to ptd: 'Go,1000,0,2023-02-12_06-52-05_testing'
ptd-server 2023-02-12 07:03:01,382 [INFO] Reply from ptd: 'Starting untimed measurement, maximum 500000 samples at 1000ms with 0 rampup samples'
ptd-server 2023-02-12 07:03:01,382 [INFO] Sending reply to client 'OK'
ptd-server 2023-02-12 07:13:02,160 [INFO] Got command from the client 'session,2023-02-12_06-52-05,stop,testing'
ptd-server 2023-02-12 07:13:12,171 [INFO] Sending to ptd: 'Stop'
ptd-server 2023-02-12 07:13:12,172 [INFO] Reply from ptd: 'Stopping untimed measurement'
ptd-server 2023-02-12 07:13:12,188 [INFO] Sending reply to client 'OK'
ptd-server 2023-02-12 07:13:12,204 [INFO] Got command from the client 'session,2023-02-12_06-52-05,done'
ptd-server 2023-02-12 07:13:12,204 [INFO] Sending to ptd: 'Stop'
ptd-server 2023-02-12 07:13:12,383 [INFO] Reply from ptd: 'Error: no measurement to stop'
ptd-server 2023-02-12 07:13:12,383 [INFO] Sending to ptd: 'SR,V,600.000000'
ptd-server 2023-02-12 07:13:13,886 [INFO] Reply from ptd: 'Range V changed'
ptd-server 2023-02-12 07:13:13,886 [INFO] Sending to ptd: 'SR,A,0.100000'
ptd-server 2023-02-12 07:13:15,389 [INFO] Reply from ptd: 'Range A changed'
ptd-server 2023-02-12 07:13:15,390 [INFO] Set initial values for Amps 0.100000 and Volts 600.000000
ptd-server 2023-02-12 07:13:15,390 [INFO] Stopping ptd...
