ptd-server 2023-02-28 08:53:48,524 [INFO] Got command from the client 'time'
ptd-server 2023-02-28 08:53:48,524 [INFO] Sending reply to client '1677574428.5245984'
ptd-server 2023-02-28 08:53:48,526 [INFO] Got command from the client 'new,,0e9b8f41-0fa3-409e-ba90-67adb2839c7c'
ptd-server 2023-02-28 08:53:48,527 [INFO] Sending reply to client 'OK 2023-02-28_08-53-48,32dc1943-b3f9-4d0a-91fc-1f4ea9799870'
ptd-server 2023-02-28 08:53:48,574 [INFO] Got command from the client 'time'
ptd-server 2023-02-28 08:53:48,574 [INFO] Sending reply to client '1677574428.5741825'
ptd-server 2023-02-28 08:53:48,576 [INFO] Got command from the client 'session,2023-02-28_08-53-48,start,ranging'
ptd-server 2023-02-28 08:53:48,576 [INFO] Running PTDaemon: ['/home/anton/projects/mlperf/power/inference_v1.0/ptd-linux-x86', '-l', '/tmp/tmpu4v721n6/ptd_logfile.txt', '-p', '8888', '49', '/dev/usbtmc0']
ptd-server 2023-02-28 08:54:05,663 [INFO] Sending to ptd: 'Hello'
ptd-server 2023-02-28 08:54:05,664 [INFO] Reply from ptd: 'Hello, PTDaemon here!'
ptd-server 2023-02-28 08:54:05,664 [INFO] Sending to ptd: 'Identify'
ptd-server 2023-02-28 08:54:05,664 [INFO] Reply from ptd: 'YokogawaWT310E,1000,1,1,1,1,0,1,1,version=1.10.0-ed9a21d2-20220817,OS=Linux 5.15.0-60-generic #66~20.04.1-Ubuntu SMP Wed Jan 25 09:41:30 UTC 2023 x86_64,mode=power,1,1,1,0,0,no_cal_date,YOKOGAWA;WT310E;C3XA04010E;F1.04'
ptd-server 2023-02-28 08:54:05,665 [INFO] Connected to PTDaemon
ptd-server 2023-02-28 08:54:05,665 [INFO] Sending to ptd: 'RR'
ptd-server 2023-02-28 08:54:05,665 [INFO] Reply from ptd: 'Ranges,0,0.100000,0,300.000000'
ptd-server 2023-02-28 08:54:05,665 [INFO] Initial range for Amps is 0.100000 for Volts is 300.000000
ptd-server 2023-02-28 08:54:05,665 [INFO] Sending to ptd: 'SR,V,Auto'
ptd-server 2023-02-28 08:54:06,167 [INFO] Reply from ptd: 'Range V changed'
ptd-server 2023-02-28 08:54:06,168 [INFO] Sending to ptd: 'SR,A,Auto'
ptd-server 2023-02-28 08:54:06,670 [INFO] Reply from ptd: 'Range A changed'
ptd-server 2023-02-28 08:54:16,680 [INFO] Starting ranging mode
ptd-server 2023-02-28 08:54:16,680 [INFO] Sending to ptd: 'Go,1000,0,2023-02-28_08-53-48_ranging'
ptd-server 2023-02-28 08:54:16,680 [INFO] Reply from ptd: 'Starting untimed measurement, maximum 500000 samples at 1000ms with 0 rampup samples'
ptd-server 2023-02-28 08:54:16,681 [INFO] Sending reply to client 'OK'
ptd-server 2023-02-28 09:04:45,980 [INFO] Got command from the client 'session,2023-02-28_08-53-48,stop,ranging'
ptd-server 2023-02-28 09:04:55,990 [INFO] Sending to ptd: 'Stop'
ptd-server 2023-02-28 09:04:55,991 [INFO] Reply from ptd: 'Stopping untimed measurement'
ptd-server 2023-02-28 09:04:56,432 [INFO] Sending reply to client 'OK'
ptd-server 2023-02-28 09:04:56,525 [INFO] Got command from the client 'time'
ptd-server 2023-02-28 09:04:56,525 [INFO] Sending reply to client '1677575096.525871'
ptd-server 2023-02-28 09:04:56,528 [INFO] Got command from the client 'session,2023-02-28_08-53-48,start,testing'
ptd-server 2023-02-28 09:04:56,528 [INFO] Sending to ptd: 'SR,V,249.500000'
ptd-server 2023-02-28 09:04:58,182 [INFO] Reply from ptd: 'Range V changed'
ptd-server 2023-02-28 09:04:58,182 [INFO] Sending to ptd: 'SR,A,0.056100'
ptd-server 2023-02-28 09:04:59,683 [INFO] Reply from ptd: 'Range A changed'
ptd-server 2023-02-28 09:05:09,694 [INFO] Starting testing mode
ptd-server 2023-02-28 09:05:09,694 [INFO] Sending to ptd: 'Go,1000,0,2023-02-28_08-53-48_testing'
ptd-server 2023-02-28 09:05:09,694 [INFO] Reply from ptd: 'Starting untimed measurement, maximum 500000 samples at 1000ms with 0 rampup samples'
ptd-server 2023-02-28 09:05:09,694 [INFO] Sending reply to client 'OK'
ptd-server 2023-02-28 09:15:38,792 [INFO] Got command from the client 'session,2023-02-28_08-53-48,stop,testing'
ptd-server 2023-02-28 09:15:48,803 [INFO] Sending to ptd: 'Stop'
ptd-server 2023-02-28 09:15:48,803 [INFO] Reply from ptd: 'Stopping untimed measurement'
ptd-server 2023-02-28 09:15:49,031 [INFO] Sending reply to client 'OK'
ptd-server 2023-02-28 09:15:49,054 [INFO] Got command from the client 'session,2023-02-28_08-53-48,done'
ptd-server 2023-02-28 09:15:49,054 [INFO] Sending to ptd: 'Stop'
ptd-server 2023-02-28 09:15:49,695 [INFO] Reply from ptd: 'Error: no measurement to stop'
ptd-server 2023-02-28 09:15:49,695 [INFO] Sending to ptd: 'SR,V,300.000000'
ptd-server 2023-02-28 09:15:51,196 [INFO] Reply from ptd: 'Range V changed'
ptd-server 2023-02-28 09:15:51,197 [INFO] Sending to ptd: 'SR,A,0.100000'
ptd-server 2023-02-28 09:15:52,698 [INFO] Reply from ptd: 'Range A changed'
ptd-server 2023-02-28 09:15:52,698 [INFO] Set initial values for Amps 0.100000 and Volts 300.000000
ptd-server 2023-02-28 09:15:52,698 [INFO] Stopping ptd...
