ptd-server 2023-02-25 18:20:25,414 [INFO] Got command from the client 'time'
ptd-server 2023-02-25 18:20:25,414 [INFO] Sending reply to client '1677370825.414518'
ptd-server 2023-02-25 18:20:25,415 [INFO] Got command from the client 'new,,bffbb953-d909-4ea9-9f79-43aaf76f526b'
ptd-server 2023-02-25 18:20:25,416 [INFO] Sending reply to client 'OK 2023-02-25_18-20-25,fa7fa98b-9399-48ce-b099-562fef012132'
ptd-server 2023-02-25 18:20:25,497 [INFO] Got command from the client 'time'
ptd-server 2023-02-25 18:20:25,497 [INFO] Sending reply to client '1677370825.4975371'
ptd-server 2023-02-25 18:20:25,498 [INFO] Got command from the client 'session,2023-02-25_18-20-25,start,ranging'
ptd-server 2023-02-25 18:20:25,499 [INFO] Running PTDaemon: ['/local/mnt/workspace/mlcommons/power-main/inference_v1.0/ptd-linux-x86', '-l', '/tmp/tmpqybqiqrs/ptd_logfile.txt', '-p', '8888', '-c', '1,2', '77', '/dev/usbtmc0']
ptd-server 2023-02-25 18:20:44,029 [INFO] Sending to ptd: 'Hello'
ptd-server 2023-02-25 18:20:44,030 [INFO] Reply from ptd: 'Hello, PTDaemon here!'
ptd-server 2023-02-25 18:20:44,031 [INFO] Sending to ptd: 'Identify'
ptd-server 2023-02-25 18:20:44,031 [INFO] Reply from ptd: 'YokogawaWT330_multichannel,1000,1,1,1,1,0,0,1,version=1.10.0-ed9a21d2-20220817,OS=Linux 5.4.0-120-generic #136~18.04.1-Ubuntu SMP Fri Jun 10 18:00:44 UTC 2022 x86_64,mode=power,1,1,2,0,0,no_cal_date,YOKOGAWA;WT333E;C2XC17004V;F1.04'
ptd-server 2023-02-25 18:20:44,032 [INFO] Connected to PTDaemon
ptd-server 2023-02-25 18:20:44,032 [INFO] Sending to ptd: 'RR'
ptd-server 2023-02-25 18:20:44,032 [INFO] Reply from ptd: 'Ranges,1,5.000000,1,300.000000'
ptd-server 2023-02-25 18:20:44,032 [INFO] Initial range for Amps is Auto for Volts is Auto
ptd-server 2023-02-25 18:20:44,033 [INFO] Sending to ptd: 'SR,V,Auto'
ptd-server 2023-02-25 18:20:49,086 [INFO] Reply from ptd: 'Range V changed'
ptd-server 2023-02-25 18:20:49,086 [INFO] Sending to ptd: 'SR,A,Auto'
ptd-server 2023-02-25 18:20:54,140 [INFO] Reply from ptd: 'Range A changed'
ptd-server 2023-02-25 18:21:04,150 [INFO] Starting ranging mode
ptd-server 2023-02-25 18:21:04,151 [INFO] Sending to ptd: 'Go,1000,0,2023-02-25_18-20-25_ranging'
ptd-server 2023-02-25 18:21:04,151 [INFO] Reply from ptd: 'Starting untimed measurement, maximum 500000 samples at 1000ms with 0 rampup samples'
ptd-server 2023-02-25 18:21:04,151 [INFO] Sending reply to client 'OK'
ptd-server 2023-02-25 18:38:39,290 [INFO] Got command from the client 'session,2023-02-25_18-20-25,stop,ranging'
ptd-server 2023-02-25 18:38:49,299 [INFO] Sending to ptd: 'Stop'
ptd-server 2023-02-25 18:38:49,299 [INFO] Reply from ptd: 'Stopping untimed measurement'
ptd-server 2023-02-25 18:38:49,384 [INFO] Sending reply to client 'OK'
ptd-server 2023-02-25 18:38:49,490 [INFO] Got command from the client 'time'
ptd-server 2023-02-25 18:38:49,490 [INFO] Sending reply to client '1677371929.4904232'
ptd-server 2023-02-25 18:38:49,491 [INFO] Got command from the client 'session,2023-02-25_18-20-25,start,testing'
ptd-server 2023-02-25 18:38:49,491 [INFO] Sending to ptd: 'SR,V,210.400000'
ptd-server 2023-02-25 18:38:56,204 [INFO] Reply from ptd: 'Range V changed'
ptd-server 2023-02-25 18:38:56,204 [INFO] Sending to ptd: 'SR,A,3.662100'
ptd-server 2023-02-25 18:39:01,756 [INFO] Reply from ptd: 'Range A changed'
ptd-server 2023-02-25 18:39:11,763 [INFO] Starting testing mode
ptd-server 2023-02-25 18:39:11,763 [INFO] Sending to ptd: 'Go,1000,0,2023-02-25_18-20-25_testing'
ptd-server 2023-02-25 18:39:11,764 [INFO] Reply from ptd: 'Starting untimed measurement, maximum 500000 samples at 1000ms with 0 rampup samples'
ptd-server 2023-02-25 18:39:11,764 [INFO] Sending reply to client 'OK'
ptd-server 2023-02-25 18:56:47,829 [INFO] Got command from the client 'session,2023-02-25_18-20-25,stop,testing'
ptd-server 2023-02-25 18:56:57,839 [INFO] Sending to ptd: 'Stop'
ptd-server 2023-02-25 18:56:57,840 [INFO] Reply from ptd: 'Stopping untimed measurement'
ptd-server 2023-02-25 18:56:57,883 [INFO] Sending reply to client 'OK'
ptd-server 2023-02-25 18:56:57,888 [INFO] Got command from the client 'session,2023-02-25_18-20-25,done'
ptd-server 2023-02-25 18:56:57,889 [INFO] Sending to ptd: 'Stop'
ptd-server 2023-02-25 18:56:58,764 [INFO] Reply from ptd: 'Error: no measurement to stop'
ptd-server 2023-02-25 18:56:58,765 [INFO] Sending to ptd: 'SR,V,Auto'
ptd-server 2023-02-25 18:57:03,818 [INFO] Reply from ptd: 'Range V changed'
ptd-server 2023-02-25 18:57:03,818 [INFO] Sending to ptd: 'SR,A,Auto'
ptd-server 2023-02-25 18:57:08,872 [INFO] Reply from ptd: 'Range A changed'
ptd-server 2023-02-25 18:57:08,872 [INFO] Set initial values for Amps Auto and Volts Auto
ptd-server 2023-02-25 18:57:08,872 [INFO] Stopping ptd...
