ptd-server 2023-03-02 05:35:02,533 [INFO] Got command from the client 'time'
ptd-server 2023-03-02 05:35:02,533 [INFO] Sending reply to client '1677756902.5339067'
ptd-server 2023-03-02 05:35:02,535 [INFO] Got command from the client 'new,,90766126-0416-4a45-a6cf-4c8a409cb807'
ptd-server 2023-03-02 05:35:02,535 [INFO] Sending reply to client 'OK 2023-03-02_05-35-02,f1a3d4e5-2e1a-4575-a67e-91fdd5068cd7'
ptd-server 2023-03-02 05:35:02,637 [INFO] Got command from the client 'time'
ptd-server 2023-03-02 05:35:02,638 [INFO] Sending reply to client '1677756902.6380239'
ptd-server 2023-03-02 05:35:02,639 [INFO] Got command from the client 'session,2023-03-02_05-35-02,start,ranging'
ptd-server 2023-03-02 05:35:02,639 [INFO] Running PTDaemon: ['/local/mnt/workspace/mlcommons/power-main/inference_v1.0/ptd-linux-x86', '-l', '/tmp/tmpqwe09ni1/ptd_logfile.txt', '-p', '8888', '49', '/dev/usbtmc0']
ptd-server 2023-03-02 05:35:19,661 [INFO] Sending to ptd: 'Hello'
ptd-server 2023-03-02 05:35:19,662 [INFO] Reply from ptd: 'Hello, PTDaemon here!'
ptd-server 2023-03-02 05:35:19,663 [INFO] Sending to ptd: 'Identify'
ptd-server 2023-03-02 05:35:19,663 [INFO] Reply from ptd: 'YokogawaWT310E,1000,1,1,1,1,0,1,1,version=1.10.0-ed9a21d2-20220817,OS=Linux 4.15.0-188-generic #199-Ubuntu SMP Wed Jun 15 20:42:56 UTC 2022 x86_64,mode=power,1,1,1,0,0,no_cal_date,YOKOGAWA;WT310E;C2XF16028V;F1.04'
ptd-server 2023-03-02 05:35:19,664 [INFO] Connected to PTDaemon
ptd-server 2023-03-02 05:35:19,664 [INFO] Sending to ptd: 'RR'
ptd-server 2023-03-02 05:35:19,664 [INFO] Reply from ptd: 'Ranges,1,5.000000,1,150.000000'
ptd-server 2023-03-02 05:35:19,664 [INFO] Initial range for Amps is Auto for Volts is Auto
ptd-server 2023-03-02 05:35:19,665 [INFO] Sending to ptd: 'SR,V,Auto'
ptd-server 2023-03-02 05:35:20,168 [INFO] Reply from ptd: 'Range V changed'
ptd-server 2023-03-02 05:35:20,168 [INFO] Sending to ptd: 'SR,A,Auto'
ptd-server 2023-03-02 05:35:20,671 [INFO] Reply from ptd: 'Range A changed'
ptd-server 2023-03-02 05:35:30,682 [INFO] Starting ranging mode
ptd-server 2023-03-02 05:35:30,682 [INFO] Sending to ptd: 'Go,1000,0,2023-03-02_05-35-02_ranging'
ptd-server 2023-03-02 05:35:30,683 [INFO] Reply from ptd: 'Starting untimed measurement, maximum 500000 samples at 1000ms with 0 rampup samples'
ptd-server 2023-03-02 05:35:30,683 [INFO] Sending reply to client 'OK'
ptd-server 2023-03-02 05:49:19,932 [INFO] Got command from the client 'session,2023-03-02_05-35-02,stop,ranging'
ptd-server 2023-03-02 05:49:29,943 [INFO] Sending to ptd: 'Stop'
ptd-server 2023-03-02 05:49:29,944 [INFO] Reply from ptd: 'Stopping untimed measurement'
ptd-server 2023-03-02 05:49:30,020 [INFO] Sending reply to client 'OK'
ptd-server 2023-03-02 05:49:30,108 [INFO] Got command from the client 'time'
ptd-server 2023-03-02 05:49:30,108 [INFO] Sending reply to client '1677757770.1084661'
ptd-server 2023-03-02 05:49:30,109 [INFO] Got command from the client 'session,2023-03-02_05-35-02,start,testing'
ptd-server 2023-03-02 05:49:30,110 [INFO] Sending to ptd: 'SR,V,120.810000'
ptd-server 2023-03-02 05:49:32,185 [INFO] Reply from ptd: 'Range V changed'
ptd-server 2023-03-02 05:49:32,185 [INFO] Sending to ptd: 'SR,A,6.022500'
ptd-server 2023-03-02 05:49:33,687 [INFO] Reply from ptd: 'Range A changed'
ptd-server 2023-03-02 05:49:43,695 [INFO] Starting testing mode
ptd-server 2023-03-02 05:49:43,696 [INFO] Sending to ptd: 'Go,1000,0,2023-03-02_05-35-02_testing'
ptd-server 2023-03-02 05:49:43,696 [INFO] Reply from ptd: 'Starting untimed measurement, maximum 500000 samples at 1000ms with 0 rampup samples'
ptd-server 2023-03-02 05:49:43,697 [INFO] Sending reply to client 'OK'
ptd-server 2023-03-02 06:03:32,990 [INFO] Got command from the client 'session,2023-03-02_05-35-02,stop,testing'
ptd-server 2023-03-02 06:03:43,000 [INFO] Sending to ptd: 'Stop'
ptd-server 2023-03-02 06:03:43,001 [INFO] Reply from ptd: 'Stopping untimed measurement'
ptd-server 2023-03-02 06:03:43,044 [INFO] Sending reply to client 'OK'
ptd-server 2023-03-02 06:03:43,049 [INFO] Got command from the client 'session,2023-03-02_05-35-02,done'
ptd-server 2023-03-02 06:03:43,049 [INFO] Sending to ptd: 'Stop'
ptd-server 2023-03-02 06:03:43,697 [INFO] Reply from ptd: 'Error: no measurement to stop'
ptd-server 2023-03-02 06:03:43,697 [INFO] Sending to ptd: 'SR,V,Auto'
ptd-server 2023-03-02 06:03:44,200 [INFO] Reply from ptd: 'Range V changed'
ptd-server 2023-03-02 06:03:44,200 [INFO] Sending to ptd: 'SR,A,Auto'
ptd-server 2023-03-02 06:03:44,703 [INFO] Reply from ptd: 'Range A changed'
ptd-server 2023-03-02 06:03:44,704 [INFO] Set initial values for Amps Auto and Volts Auto
ptd-server 2023-03-02 06:03:44,704 [INFO] Stopping ptd...
