ptd-server 2023-02-20 20:02:32,914 [INFO] Got command from the client 'time'
ptd-server 2023-02-20 20:02:32,914 [INFO] Sending reply to client '1676923352.9146535'
ptd-server 2023-02-20 20:02:32,915 [INFO] Got command from the client 'new,,a80b54ef-4f75-4f2b-a37f-318b099fc8ad'
ptd-server 2023-02-20 20:02:32,916 [INFO] Sending reply to client 'OK 2023-02-20_20-02-32,f78a86e9-54b3-48ad-b62c-73b410aa10d3'
ptd-server 2023-02-20 20:02:32,962 [INFO] Got command from the client 'time'
ptd-server 2023-02-20 20:02:32,963 [INFO] Sending reply to client '1676923352.963051'
ptd-server 2023-02-20 20:02:32,964 [INFO] Got command from the client 'session,2023-02-20_20-02-32,start,ranging'
ptd-server 2023-02-20 20:02:32,964 [INFO] Running PTDaemon: ['/home/anton/projects/mlperf/power/inference_v1.0/ptd-linux-x86', '-l', '/tmp/tmp4yl1neqp/ptd_logfile.txt', '-p', '8888', '49', '/dev/usbtmc0']
ptd-server 2023-02-20 20:02:50,037 [INFO] Sending to ptd: 'Hello'
ptd-server 2023-02-20 20:02:50,038 [INFO] Reply from ptd: 'Hello, PTDaemon here!'
ptd-server 2023-02-20 20:02:50,038 [INFO] Sending to ptd: 'Identify'
ptd-server 2023-02-20 20:02:50,038 [INFO] Reply from ptd: 'YokogawaWT310E,1000,1,1,1,1,0,1,1,version=1.10.0-ed9a21d2-20220817,OS=Linux 5.15.0-60-generic #66~20.04.1-Ubuntu SMP Wed Jan 25 09:41:30 UTC 2023 x86_64,mode=power,1,1,1,0,0,no_cal_date,YOKOGAWA;WT310E;C3XA04010E;F1.04'
ptd-server 2023-02-20 20:02:50,038 [INFO] Connected to PTDaemon
ptd-server 2023-02-20 20:02:50,039 [INFO] Sending to ptd: 'RR'
ptd-server 2023-02-20 20:02:50,039 [INFO] Reply from ptd: 'Ranges,1,0.100000,1,300.000000'
ptd-server 2023-02-20 20:02:50,039 [INFO] Initial range for Amps is Auto for Volts is Auto
ptd-server 2023-02-20 20:02:50,039 [INFO] Sending to ptd: 'SR,V,Auto'
ptd-server 2023-02-20 20:02:50,542 [INFO] Reply from ptd: 'Range V changed'
ptd-server 2023-02-20 20:02:50,542 [INFO] Sending to ptd: 'SR,A,Auto'
ptd-server 2023-02-20 20:02:51,044 [INFO] Reply from ptd: 'Range A changed'
ptd-server 2023-02-20 20:03:01,055 [INFO] Starting ranging mode
ptd-server 2023-02-20 20:03:01,055 [INFO] Sending to ptd: 'Go,1000,0,2023-02-20_20-02-32_ranging'
ptd-server 2023-02-20 20:03:01,055 [INFO] Reply from ptd: 'Starting untimed measurement, maximum 500000 samples at 1000ms with 0 rampup samples'
ptd-server 2023-02-20 20:03:01,056 [INFO] Sending reply to client 'OK'
ptd-server 2023-02-20 20:13:28,195 [INFO] Got command from the client 'session,2023-02-20_20-02-32,stop,ranging'
ptd-server 2023-02-20 20:13:38,206 [INFO] Sending to ptd: 'Stop'
ptd-server 2023-02-20 20:13:38,206 [INFO] Reply from ptd: 'Stopping untimed measurement'
ptd-server 2023-02-20 20:13:38,452 [INFO] Sending reply to client 'OK'
ptd-server 2023-02-20 20:13:38,578 [INFO] Got command from the client 'time'
ptd-server 2023-02-20 20:13:38,578 [INFO] Sending reply to client '1676924018.578419'
ptd-server 2023-02-20 20:13:38,579 [INFO] Got command from the client 'session,2023-02-20_20-02-32,start,testing'
ptd-server 2023-02-20 20:13:38,579 [INFO] Sending to ptd: 'SR,V,251.340000'
ptd-server 2023-02-20 20:13:40,556 [INFO] Reply from ptd: 'Range V changed'
ptd-server 2023-02-20 20:13:40,556 [INFO] Sending to ptd: 'SR,A,0.074460'
ptd-server 2023-02-20 20:13:42,058 [INFO] Reply from ptd: 'Range A changed'
ptd-server 2023-02-20 20:13:52,068 [INFO] Starting testing mode
ptd-server 2023-02-20 20:13:52,068 [INFO] Sending to ptd: 'Go,1000,0,2023-02-20_20-02-32_testing'
ptd-server 2023-02-20 20:13:52,068 [INFO] Reply from ptd: 'Starting untimed measurement, maximum 500000 samples at 1000ms with 0 rampup samples'
ptd-server 2023-02-20 20:13:52,069 [INFO] Sending reply to client 'OK'
ptd-server 2023-02-20 20:24:19,212 [INFO] Got command from the client 'session,2023-02-20_20-02-32,stop,testing'
ptd-server 2023-02-20 20:24:29,222 [INFO] Sending to ptd: 'Stop'
ptd-server 2023-02-20 20:24:29,223 [INFO] Reply from ptd: 'Stopping untimed measurement'
ptd-server 2023-02-20 20:24:29,350 [INFO] Sending reply to client 'OK'
ptd-server 2023-02-20 20:24:29,358 [INFO] Got command from the client 'session,2023-02-20_20-02-32,done'
ptd-server 2023-02-20 20:24:29,358 [INFO] Sending to ptd: 'Stop'
ptd-server 2023-02-20 20:24:30,068 [INFO] Reply from ptd: 'Error: no measurement to stop'
ptd-server 2023-02-20 20:24:30,068 [INFO] Sending to ptd: 'SR,V,Auto'
ptd-server 2023-02-20 20:24:30,571 [INFO] Reply from ptd: 'Range V changed'
ptd-server 2023-02-20 20:24:30,571 [INFO] Sending to ptd: 'SR,A,Auto'
ptd-server 2023-02-20 20:24:31,073 [INFO] Reply from ptd: 'Range A changed'
ptd-server 2023-02-20 20:24:31,074 [INFO] Set initial values for Amps Auto and Volts Auto
ptd-server 2023-02-20 20:24:31,074 [INFO] Stopping ptd...
