ptd-server 2023-02-23 13:21:11,328 [INFO] Got command from the client 'time'
ptd-server 2023-02-23 13:21:11,328 [INFO] Sending reply to client '1677158471.3284383'
ptd-server 2023-02-23 13:21:11,342 [INFO] Got command from the client 'new,,b9e8d2a6-3270-4245-be8d-99638ac4ebe3'
ptd-server 2023-02-23 13:21:11,343 [INFO] Sending reply to client 'OK 2023-02-23_13-21-11,0c140548-1cb0-4f39-a01f-2fdc4178001e'
ptd-server 2023-02-23 13:21:11,447 [INFO] Got command from the client 'time'
ptd-server 2023-02-23 13:21:11,447 [INFO] Sending reply to client '1677158471.4477918'
ptd-server 2023-02-23 13:21:11,471 [INFO] Got command from the client 'session,2023-02-23_13-21-11,start,ranging'
ptd-server 2023-02-23 13:21:11,472 [INFO] Running PTDaemon: ['/media/arjun/T7_Touch/hp-envy/CM/repos/local/cache/9b3695ca8255492a/power/inference_v1.0/ptd-linux-x86', '-l', '/tmp/tmpti64566v/ptd_logfile.txt', '-p', '8888', '49', '/dev/usbtmc0']
ptd-server 2023-02-23 13:21:28,571 [INFO] Sending to ptd: 'Hello'
ptd-server 2023-02-23 13:21:28,572 [INFO] Reply from ptd: 'Hello, PTDaemon here!'
ptd-server 2023-02-23 13:21:28,572 [INFO] Sending to ptd: 'Identify'
ptd-server 2023-02-23 13:21:28,573 [INFO] Reply from ptd: 'YokogawaWT310E,1000,1,1,1,1,0,1,1,version=1.10.0-ed9a21d2-20220817,OS=Linux 5.15.0-56-generic #62-Ubuntu SMP Tue Nov 22 19:54:14 UTC 2022 x86_64,mode=power,1,1,1,0,0,no_cal_date,YOKOGAWA;WT310E;C3YD21068E;F1.04'
ptd-server 2023-02-23 13:21:28,573 [INFO] Connected to PTDaemon
ptd-server 2023-02-23 13:21:28,574 [INFO] Sending to ptd: 'RR'
ptd-server 2023-02-23 13:21:28,574 [INFO] Reply from ptd: 'Ranges,0,0.100000,0,600.000000'
ptd-server 2023-02-23 13:21:28,575 [INFO] Initial range for Amps is 0.100000 for Volts is 600.000000
ptd-server 2023-02-23 13:21:28,575 [INFO] Sending to ptd: 'SR,V,Auto'
ptd-server 2023-02-23 13:21:29,079 [INFO] Reply from ptd: 'Range V changed'
ptd-server 2023-02-23 13:21:29,079 [INFO] Sending to ptd: 'SR,A,Auto'
ptd-server 2023-02-23 13:21:29,583 [INFO] Reply from ptd: 'Range A changed'
ptd-server 2023-02-23 13:21:39,594 [INFO] Starting ranging mode
ptd-server 2023-02-23 13:21:39,594 [INFO] Sending to ptd: 'Go,1000,0,2023-02-23_13-21-11_ranging'
ptd-server 2023-02-23 13:21:39,595 [INFO] Reply from ptd: 'Starting untimed measurement, maximum 500000 samples at 1000ms with 0 rampup samples'
ptd-server 2023-02-23 13:21:39,595 [INFO] Sending reply to client 'OK'
ptd-server 2023-02-23 13:32:51,779 [INFO] Got command from the client 'session,2023-02-23_13-21-11,stop,ranging'
ptd-server 2023-02-23 13:33:01,790 [INFO] Sending to ptd: 'Stop'
ptd-server 2023-02-23 13:33:01,791 [INFO] Reply from ptd: 'Stopping untimed measurement'
ptd-server 2023-02-23 13:33:01,816 [INFO] Sending reply to client 'OK'
ptd-server 2023-02-23 13:33:01,877 [INFO] Got command from the client 'time'
ptd-server 2023-02-23 13:33:01,877 [INFO] Sending reply to client '1677159181.8773282'
ptd-server 2023-02-23 13:33:01,972 [INFO] Got command from the client 'session,2023-02-23_13-21-11,start,testing'
ptd-server 2023-02-23 13:33:01,972 [INFO] Sending to ptd: 'SR,V,249.170000'
ptd-server 2023-02-23 13:33:04,098 [INFO] Reply from ptd: 'Range V changed'
ptd-server 2023-02-23 13:33:04,099 [INFO] Sending to ptd: 'SR,A,0.257490'
ptd-server 2023-02-23 13:33:05,602 [INFO] Reply from ptd: 'Range A changed'
ptd-server 2023-02-23 13:33:15,613 [INFO] Starting testing mode
ptd-server 2023-02-23 13:33:15,613 [INFO] Sending to ptd: 'Go,1000,0,2023-02-23_13-21-11_testing'
ptd-server 2023-02-23 13:33:15,614 [INFO] Reply from ptd: 'Starting untimed measurement, maximum 500000 samples at 1000ms with 0 rampup samples'
ptd-server 2023-02-23 13:33:15,614 [INFO] Sending reply to client 'OK'
ptd-server 2023-02-23 13:44:30,518 [INFO] Got command from the client 'session,2023-02-23_13-21-11,stop,testing'
ptd-server 2023-02-23 13:44:40,529 [INFO] Sending to ptd: 'Stop'
ptd-server 2023-02-23 13:44:40,530 [INFO] Reply from ptd: 'Stopping untimed measurement'
ptd-server 2023-02-23 13:44:40,572 [INFO] Sending reply to client 'OK'
ptd-server 2023-02-23 13:44:40,591 [INFO] Got command from the client 'session,2023-02-23_13-21-11,done'
ptd-server 2023-02-23 13:44:40,592 [INFO] Sending to ptd: 'Stop'
ptd-server 2023-02-23 13:44:40,615 [INFO] Reply from ptd: 'Error: no measurement to stop'
ptd-server 2023-02-23 13:44:40,615 [INFO] Sending to ptd: 'SR,V,600.000000'
ptd-server 2023-02-23 13:44:42,118 [INFO] Reply from ptd: 'Range V changed'
ptd-server 2023-02-23 13:44:42,118 [INFO] Sending to ptd: 'SR,A,0.100000'
ptd-server 2023-02-23 13:44:43,621 [INFO] Reply from ptd: 'Range A changed'
ptd-server 2023-02-23 13:44:43,622 [INFO] Set initial values for Amps 0.100000 and Volts 600.000000
ptd-server 2023-02-23 13:44:43,622 [INFO] Stopping ptd...
