ptd-server 2023-03-02 19:00:54,532 [INFO] Got command from the client 'time'
ptd-server 2023-03-02 19:00:54,533 [INFO] Sending reply to client '1677783654.5330102'
ptd-server 2023-03-02 19:00:54,535 [INFO] Got command from the client 'new,,75c408a0-b4e2-4927-82dd-08cc5df0b23d'
ptd-server 2023-03-02 19:00:54,536 [INFO] Sending reply to client 'OK 2023-03-02_19-00-54,a33fde2b-b02f-4c46-beea-b9ba034b42ab'
ptd-server 2023-03-02 19:00:54,563 [INFO] Got command from the client 'time'
ptd-server 2023-03-02 19:00:54,563 [INFO] Sending reply to client '1677783654.563362'
ptd-server 2023-03-02 19:00:54,565 [INFO] Got command from the client 'session,2023-03-02_19-00-54,start,ranging'
ptd-server 2023-03-02 19:00:54,566 [INFO] Running PTDaemon: ['/media/arjun/T7_Touch/hp-envy/CM/repos/local/cache/9b3695ca8255492a/power/inference_v1.0/ptd-linux-x86', '-l', '/tmp/tmpti64566v/ptd_logfile.txt', '-p', '8888', '49', '/dev/usbtmc0']
ptd-server 2023-03-02 19:01:11,664 [INFO] Sending to ptd: 'Hello'
ptd-server 2023-03-02 19:01:11,665 [INFO] Reply from ptd: 'Hello, PTDaemon here!'
ptd-server 2023-03-02 19:01:11,665 [INFO] Sending to ptd: 'Identify'
ptd-server 2023-03-02 19:01:11,666 [INFO] Reply from ptd: 'YokogawaWT310E,1000,1,1,1,1,0,1,1,version=1.10.0-ed9a21d2-20220817,OS=Linux 5.15.0-56-generic #62-Ubuntu SMP Tue Nov 22 19:54:14 UTC 2022 x86_64,mode=power,1,1,1,0,0,no_cal_date,YOKOGAWA;WT310E;C3YD21068E;F1.04'
ptd-server 2023-03-02 19:01:11,666 [INFO] Connected to PTDaemon
ptd-server 2023-03-02 19:01:11,667 [INFO] Sending to ptd: 'RR'
ptd-server 2023-03-02 19:01:11,667 [INFO] Reply from ptd: 'Ranges,1,1.000000,0,600.000000'
ptd-server 2023-03-02 19:01:11,668 [INFO] Initial range for Amps is Auto for Volts is 600.000000
ptd-server 2023-03-02 19:01:11,668 [INFO] Sending to ptd: 'SR,V,Auto'
ptd-server 2023-03-02 19:01:12,171 [INFO] Reply from ptd: 'Range V changed'
ptd-server 2023-03-02 19:01:12,172 [INFO] Sending to ptd: 'SR,A,Auto'
ptd-server 2023-03-02 19:01:12,675 [INFO] Reply from ptd: 'Range A changed'
ptd-server 2023-03-02 19:01:22,684 [INFO] Starting ranging mode
ptd-server 2023-03-02 19:01:22,685 [INFO] Sending to ptd: 'Go,1000,0,2023-03-02_19-00-54_ranging'
ptd-server 2023-03-02 19:01:22,685 [INFO] Reply from ptd: 'Starting untimed measurement, maximum 500000 samples at 1000ms with 0 rampup samples'
ptd-server 2023-03-02 19:01:22,685 [INFO] Sending reply to client 'OK'
ptd-server 2023-03-02 19:11:26,813 [INFO] Got command from the client 'session,2023-03-02_19-00-54,stop,ranging'
ptd-server 2023-03-02 19:11:36,824 [INFO] Sending to ptd: 'Stop'
ptd-server 2023-03-02 19:11:36,825 [INFO] Reply from ptd: 'Stopping untimed measurement'
ptd-server 2023-03-02 19:11:37,201 [INFO] Sending reply to client 'OK'
ptd-server 2023-03-02 19:11:37,225 [INFO] Got command from the client 'time'
ptd-server 2023-03-02 19:11:37,225 [INFO] Sending reply to client '1677784297.2258'
ptd-server 2023-03-02 19:11:37,227 [INFO] Got command from the client 'session,2023-03-02_19-00-54,start,testing'
ptd-server 2023-03-02 19:11:37,227 [INFO] Sending to ptd: 'SR,V,245.980000'
ptd-server 2023-03-02 19:11:39,187 [INFO] Reply from ptd: 'Range V changed'
ptd-server 2023-03-02 19:11:39,187 [INFO] Sending to ptd: 'SR,A,1.999900'
ptd-server 2023-03-02 19:11:40,689 [INFO] Reply from ptd: 'Range A changed'
ptd-server 2023-03-02 19:11:50,696 [INFO] Starting testing mode
ptd-server 2023-03-02 19:11:50,697 [INFO] Sending to ptd: 'Go,1000,0,2023-03-02_19-00-54_testing'
ptd-server 2023-03-02 19:11:50,698 [INFO] Reply from ptd: 'Starting untimed measurement, maximum 500000 samples at 1000ms with 0 rampup samples'
ptd-server 2023-03-02 19:11:50,698 [INFO] Sending reply to client 'OK'
ptd-server 2023-03-02 19:21:54,726 [INFO] Got command from the client 'session,2023-03-02_19-00-54,stop,testing'
ptd-server 2023-03-02 19:22:04,736 [INFO] Sending to ptd: 'Stop'
ptd-server 2023-03-02 19:22:04,737 [INFO] Reply from ptd: 'Stopping untimed measurement'
ptd-server 2023-03-02 19:22:04,925 [INFO] Sending reply to client 'OK'
ptd-server 2023-03-02 19:22:04,928 [INFO] Got command from the client 'session,2023-03-02_19-00-54,done'
ptd-server 2023-03-02 19:22:04,929 [INFO] Sending to ptd: 'Stop'
ptd-server 2023-03-02 19:22:05,699 [INFO] Reply from ptd: 'Error: no measurement to stop'
ptd-server 2023-03-02 19:22:05,700 [INFO] Sending to ptd: 'SR,V,600.000000'
ptd-server 2023-03-02 19:22:07,203 [INFO] Reply from ptd: 'Range V changed'
ptd-server 2023-03-02 19:22:07,204 [INFO] Sending to ptd: 'SR,A,Auto'
ptd-server 2023-03-02 19:22:07,707 [INFO] Reply from ptd: 'Range A changed'
ptd-server 2023-03-02 19:22:07,708 [INFO] Set initial values for Amps Auto and Volts 600.000000
ptd-server 2023-03-02 19:22:07,708 [INFO] Stopping ptd...
