ptd-server 2023-02-27 01:36:27,337 [INFO] Got command from the client 'time'
ptd-server 2023-02-27 01:36:27,337 [INFO] Sending reply to client '1677461787.3378618'
ptd-server 2023-02-27 01:36:27,339 [INFO] Got command from the client 'new,,ef5cad92-844b-4ec7-9d99-3c4de4defd85'
ptd-server 2023-02-27 01:36:27,340 [INFO] Sending reply to client 'OK 2023-02-27_01-36-27,84868b36-8376-4e4a-ace4-6debbde2d9e9'
ptd-server 2023-02-27 01:36:27,368 [INFO] Got command from the client 'time'
ptd-server 2023-02-27 01:36:27,368 [INFO] Sending reply to client '1677461787.3682983'
ptd-server 2023-02-27 01:36:27,373 [INFO] Got command from the client 'session,2023-02-27_01-36-27,start,ranging'
ptd-server 2023-02-27 01:36:27,373 [INFO] Running PTDaemon: ['/home/anton/projects/mlperf/power/inference_v1.0/ptd-linux-x86', '-l', '/tmp/tmpu4v721n6/ptd_logfile.txt', '-p', '8888', '49', '/dev/usbtmc0']
ptd-server 2023-02-27 01:36:44,458 [INFO] Sending to ptd: 'Hello'
ptd-server 2023-02-27 01:36:44,459 [INFO] Reply from ptd: 'Hello, PTDaemon here!'
ptd-server 2023-02-27 01:36:44,459 [INFO] Sending to ptd: 'Identify'
ptd-server 2023-02-27 01:36:44,459 [INFO] Reply from ptd: 'YokogawaWT310E,1000,1,1,1,1,0,1,1,version=1.10.0-ed9a21d2-20220817,OS=Linux 5.15.0-60-generic #66~20.04.1-Ubuntu SMP Wed Jan 25 09:41:30 UTC 2023 x86_64,mode=power,1,1,1,0,0,no_cal_date,YOKOGAWA;WT310E;C3XA04010E;F1.04'
ptd-server 2023-02-27 01:36:44,459 [INFO] Connected to PTDaemon
ptd-server 2023-02-27 01:36:44,459 [INFO] Sending to ptd: 'RR'
ptd-server 2023-02-27 01:36:44,460 [INFO] Reply from ptd: 'Ranges,0,0.100000,0,300.000000'
ptd-server 2023-02-27 01:36:44,460 [INFO] Initial range for Amps is 0.100000 for Volts is 300.000000
ptd-server 2023-02-27 01:36:44,460 [INFO] Sending to ptd: 'SR,V,Auto'
ptd-server 2023-02-27 01:36:44,962 [INFO] Reply from ptd: 'Range V changed'
ptd-server 2023-02-27 01:36:44,963 [INFO] Sending to ptd: 'SR,A,Auto'
ptd-server 2023-02-27 01:36:45,465 [INFO] Reply from ptd: 'Range A changed'
ptd-server 2023-02-27 01:36:55,472 [INFO] Starting ranging mode
ptd-server 2023-02-27 01:36:55,472 [INFO] Sending to ptd: 'Go,1000,0,2023-02-27_01-36-27_ranging'
ptd-server 2023-02-27 01:36:55,472 [INFO] Reply from ptd: 'Starting untimed measurement, maximum 500000 samples at 1000ms with 0 rampup samples'
ptd-server 2023-02-27 01:36:55,473 [INFO] Sending reply to client 'OK'
ptd-server 2023-02-27 01:47:16,744 [INFO] Got command from the client 'session,2023-02-27_01-36-27,stop,ranging'
ptd-server 2023-02-27 01:47:26,754 [INFO] Sending to ptd: 'Stop'
ptd-server 2023-02-27 01:47:26,755 [INFO] Reply from ptd: 'Stopping untimed measurement'
ptd-server 2023-02-27 01:47:27,036 [INFO] Sending reply to client 'OK'
ptd-server 2023-02-27 01:47:27,139 [INFO] Got command from the client 'time'
ptd-server 2023-02-27 01:47:27,139 [INFO] Sending reply to client '1677462447.139529'
ptd-server 2023-02-27 01:47:27,143 [INFO] Got command from the client 'session,2023-02-27_01-36-27,start,testing'
ptd-server 2023-02-27 01:47:27,144 [INFO] Sending to ptd: 'SR,V,251.820000'
ptd-server 2023-02-27 01:47:28,974 [INFO] Reply from ptd: 'Range V changed'
ptd-server 2023-02-27 01:47:28,974 [INFO] Sending to ptd: 'SR,A,0.056590'
ptd-server 2023-02-27 01:47:30,476 [INFO] Reply from ptd: 'Range A changed'
ptd-server 2023-02-27 01:47:40,486 [INFO] Starting testing mode
ptd-server 2023-02-27 01:47:40,486 [INFO] Sending to ptd: 'Go,1000,0,2023-02-27_01-36-27_testing'
ptd-server 2023-02-27 01:47:40,487 [INFO] Reply from ptd: 'Starting untimed measurement, maximum 500000 samples at 1000ms with 0 rampup samples'
ptd-server 2023-02-27 01:47:40,487 [INFO] Sending reply to client 'OK'
ptd-server 2023-02-27 01:57:57,210 [INFO] Got command from the client 'session,2023-02-27_01-36-27,stop,testing'
ptd-server 2023-02-27 01:58:07,220 [INFO] Sending to ptd: 'Stop'
ptd-server 2023-02-27 01:58:07,221 [INFO] Reply from ptd: 'Stopping untimed measurement'
ptd-server 2023-02-27 01:58:07,371 [INFO] Sending reply to client 'OK'
ptd-server 2023-02-27 01:58:07,392 [INFO] Got command from the client 'session,2023-02-27_01-36-27,done'
ptd-server 2023-02-27 01:58:07,392 [INFO] Sending to ptd: 'Stop'
ptd-server 2023-02-27 01:58:07,487 [INFO] Reply from ptd: 'Error: no measurement to stop'
ptd-server 2023-02-27 01:58:07,487 [INFO] Sending to ptd: 'SR,V,300.000000'
ptd-server 2023-02-27 01:58:08,988 [INFO] Reply from ptd: 'Range V changed'
ptd-server 2023-02-27 01:58:08,989 [INFO] Sending to ptd: 'SR,A,0.100000'
ptd-server 2023-02-27 01:58:10,490 [INFO] Reply from ptd: 'Range A changed'
ptd-server 2023-02-27 01:58:10,490 [INFO] Set initial values for Amps 0.100000 and Volts 300.000000
ptd-server 2023-02-27 01:58:10,490 [INFO] Stopping ptd...
