ptd-server 2023-02-25 08:24:32,074 [INFO] Got command from the client 'time'
ptd-server 2023-02-25 08:24:32,074 [INFO] Sending reply to client '1677335072.0743344'
ptd-server 2023-02-25 08:24:32,075 [INFO] Got command from the client 'new,,955053d3-27cf-4029-929b-12c63d0b4010'
ptd-server 2023-02-25 08:24:32,075 [INFO] Sending reply to client 'OK 2023-02-25_08-24-32,3d52f18d-d643-4d58-888c-21890bdb5d5b'
ptd-server 2023-02-25 08:24:32,092 [INFO] Got command from the client 'time'
ptd-server 2023-02-25 08:24:32,092 [INFO] Sending reply to client '1677335072.0926552'
ptd-server 2023-02-25 08:24:32,093 [INFO] Got command from the client 'session,2023-02-25_08-24-32,start,ranging'
ptd-server 2023-02-25 08:24:32,094 [INFO] Running PTDaemon: ['/home/dell/power-main/inference_v1.0/ptd-linux-x86', '-l', '/tmp/tmp6gkim7wr/ptd_logfile.txt', '-p', '8888', '-c', '3', '52', '/dev/usbtmc0']
ptd-server 2023-02-25 08:24:49,172 [INFO] Sending to ptd: 'Hello'
ptd-server 2023-02-25 08:24:49,172 [INFO] Reply from ptd: 'Hello, PTDaemon here!'
ptd-server 2023-02-25 08:24:49,172 [INFO] Sending to ptd: 'Identify'
ptd-server 2023-02-25 08:24:49,173 [INFO] Reply from ptd: 'YokogawaWT330E,1000,1,1,1,1,0,0,1,version=1.10.0-ed9a21d2-20220817,OS=Linux 5.4.0-139-generic #156-Ubuntu SMP Fri Jan 20 17:27:18 UTC 2023 x86_64,mode=power,1,1,1,0,0,no_cal_date,YOKOGAWA;WT333E;C2WB13023V;F1.04'
ptd-server 2023-02-25 08:24:49,173 [INFO] Connected to PTDaemon
ptd-server 2023-02-25 08:24:49,173 [INFO] Sending to ptd: 'RR'
ptd-server 2023-02-25 08:24:49,173 [INFO] Reply from ptd: 'Ranges,1,1.000000,1,300.000000'
ptd-server 2023-02-25 08:24:49,173 [INFO] Initial range for Amps is Auto for Volts is Auto
ptd-server 2023-02-25 08:24:49,173 [INFO] Sending to ptd: 'SR,V,Auto'
ptd-server 2023-02-25 08:24:49,680 [INFO] Reply from ptd: 'Range V changed'
ptd-server 2023-02-25 08:24:49,680 [INFO] Sending to ptd: 'SR,A,20'
ptd-server 2023-02-25 08:24:51,182 [INFO] Reply from ptd: 'Range A changed'
ptd-server 2023-02-25 08:25:01,192 [INFO] Starting ranging mode
ptd-server 2023-02-25 08:25:01,192 [INFO] Sending to ptd: 'Go,1000,0,2023-02-25_08-24-32_ranging'
ptd-server 2023-02-25 08:25:01,193 [INFO] Reply from ptd: 'Starting untimed measurement, maximum 500000 samples at 1000ms with 0 rampup samples'
ptd-server 2023-02-25 08:25:01,193 [INFO] Sending reply to client 'OK'
ptd-server 2023-02-25 08:37:21,963 [INFO] Got command from the client 'session,2023-02-25_08-24-32,stop,ranging'
ptd-server 2023-02-25 08:37:31,974 [INFO] Sending to ptd: 'Stop'
ptd-server 2023-02-25 08:37:31,974 [INFO] Reply from ptd: 'Stopping untimed measurement'
ptd-server 2023-02-25 08:37:32,014 [INFO] Sending reply to client 'OK'
ptd-server 2023-02-25 08:37:32,043 [INFO] Got command from the client 'time'
ptd-server 2023-02-25 08:37:32,043 [INFO] Sending reply to client '1677335852.043447'
ptd-server 2023-02-25 08:37:32,044 [INFO] Got command from the client 'session,2023-02-25_08-24-32,start,testing'
ptd-server 2023-02-25 08:37:32,044 [INFO] Sending to ptd: 'SR,V,214.290000'
ptd-server 2023-02-25 08:37:33,695 [INFO] Reply from ptd: 'Range V changed'
ptd-server 2023-02-25 08:37:33,695 [INFO] Sending to ptd: 'SR,A,0.734000'
ptd-server 2023-02-25 08:37:35,196 [INFO] Reply from ptd: 'Range A changed'
ptd-server 2023-02-25 08:37:45,207 [INFO] Starting testing mode
ptd-server 2023-02-25 08:37:45,207 [INFO] Sending to ptd: 'Go,1000,0,2023-02-25_08-24-32_testing'
ptd-server 2023-02-25 08:37:45,207 [INFO] Reply from ptd: 'Starting untimed measurement, maximum 500000 samples at 1000ms with 0 rampup samples'
ptd-server 2023-02-25 08:37:45,207 [INFO] Sending reply to client 'OK'
ptd-server 2023-02-25 08:50:05,886 [INFO] Got command from the client 'session,2023-02-25_08-24-32,stop,testing'
ptd-server 2023-02-25 08:50:15,896 [INFO] Sending to ptd: 'Stop'
ptd-server 2023-02-25 08:50:15,897 [INFO] Reply from ptd: 'Stopping untimed measurement'
ptd-server 2023-02-25 08:50:15,922 [INFO] Sending reply to client 'OK'
ptd-server 2023-02-25 08:50:15,931 [INFO] Got command from the client 'session,2023-02-25_08-24-32,done'
ptd-server 2023-02-25 08:50:15,931 [INFO] Sending to ptd: 'Stop'
ptd-server 2023-02-25 08:50:16,208 [INFO] Reply from ptd: 'Error: no measurement to stop'
ptd-server 2023-02-25 08:50:16,208 [INFO] Sending to ptd: 'SR,V,Auto'
ptd-server 2023-02-25 08:50:16,711 [INFO] Reply from ptd: 'Range V changed'
ptd-server 2023-02-25 08:50:16,711 [INFO] Sending to ptd: 'SR,A,Auto'
ptd-server 2023-02-25 08:50:17,214 [INFO] Reply from ptd: 'Range A changed'
ptd-server 2023-02-25 08:50:17,214 [INFO] Set initial values for Amps Auto and Volts Auto
ptd-server 2023-02-25 08:50:17,214 [INFO] Stopping ptd...
