ptd-server 2023-02-20 02:26:05,580 [INFO] Got command from the client 'time'
ptd-server 2023-02-20 02:26:05,581 [INFO] Sending reply to client '1676859965.5810328'
ptd-server 2023-02-20 02:26:05,582 [INFO] Got command from the client 'new,,d6baaa41-9777-44e9-a750-b65d5225fdf8'
ptd-server 2023-02-20 02:26:05,582 [INFO] Sending reply to client 'OK 2023-02-20_02-26-05,ede56abb-d147-4f74-ba86-52b11ceda5fb'
ptd-server 2023-02-20 02:26:05,603 [INFO] Got command from the client 'time'
ptd-server 2023-02-20 02:26:05,603 [INFO] Sending reply to client '1676859965.6031396'
ptd-server 2023-02-20 02:26:05,604 [INFO] Got command from the client 'session,2023-02-20_02-26-05,start,ranging'
ptd-server 2023-02-20 02:26:05,604 [INFO] Running PTDaemon: ['/home/anton/projects/mlperf/power/inference_v1.0/ptd-linux-x86', '-l', '/tmp/tmp4yl1neqp/ptd_logfile.txt', '-p', '8888', '49', '/dev/usbtmc0']
ptd-server 2023-02-20 02:26:22,678 [INFO] Sending to ptd: 'Hello'
ptd-server 2023-02-20 02:26:22,679 [INFO] Reply from ptd: 'Hello, PTDaemon here!'
ptd-server 2023-02-20 02:26:22,679 [INFO] Sending to ptd: 'Identify'
ptd-server 2023-02-20 02:26:22,679 [INFO] Reply from ptd: 'YokogawaWT310E,1000,1,1,1,1,0,1,1,version=1.10.0-ed9a21d2-20220817,OS=Linux 5.15.0-60-generic #66~20.04.1-Ubuntu SMP Wed Jan 25 09:41:30 UTC 2023 x86_64,mode=power,1,1,1,0,0,no_cal_date,YOKOGAWA;WT310E;C3XA04010E;F1.04'
ptd-server 2023-02-20 02:26:22,679 [INFO] Connected to PTDaemon
ptd-server 2023-02-20 02:26:22,679 [INFO] Sending to ptd: 'RR'
ptd-server 2023-02-20 02:26:22,680 [INFO] Reply from ptd: 'Ranges,0,0.500000,1,300.000000'
ptd-server 2023-02-20 02:26:22,680 [INFO] Initial range for Amps is 0.500000 for Volts is Auto
ptd-server 2023-02-20 02:26:22,680 [INFO] Sending to ptd: 'SR,V,Auto'
ptd-server 2023-02-20 02:26:23,183 [INFO] Reply from ptd: 'Range V changed'
ptd-server 2023-02-20 02:26:23,183 [INFO] Sending to ptd: 'SR,A,Auto'
ptd-server 2023-02-20 02:26:23,685 [INFO] Reply from ptd: 'Range A changed'
ptd-server 2023-02-20 02:26:33,695 [INFO] Starting ranging mode
ptd-server 2023-02-20 02:26:33,696 [INFO] Sending to ptd: 'Go,1000,0,2023-02-20_02-26-05_ranging'
ptd-server 2023-02-20 02:26:33,696 [INFO] Reply from ptd: 'Starting untimed measurement, maximum 500000 samples at 1000ms with 0 rampup samples'
ptd-server 2023-02-20 02:26:33,696 [INFO] Sending reply to client 'OK'
ptd-server 2023-02-20 02:37:03,564 [INFO] Got command from the client 'session,2023-02-20_02-26-05,stop,ranging'
ptd-server 2023-02-20 02:37:13,574 [INFO] Sending to ptd: 'Stop'
ptd-server 2023-02-20 02:37:13,574 [INFO] Reply from ptd: 'Stopping untimed measurement'
ptd-server 2023-02-20 02:37:13,707 [INFO] Sending reply to client 'OK'
ptd-server 2023-02-20 02:37:13,781 [INFO] Got command from the client 'time'
ptd-server 2023-02-20 02:37:13,781 [INFO] Sending reply to client '1676860633.7815614'
ptd-server 2023-02-20 02:37:13,782 [INFO] Got command from the client 'session,2023-02-20_02-26-05,start,testing'
ptd-server 2023-02-20 02:37:13,782 [INFO] Sending to ptd: 'SR,V,250.590000'
ptd-server 2023-02-20 02:37:15,283 [INFO] Reply from ptd: 'Range V changed'
ptd-server 2023-02-20 02:37:15,284 [INFO] Sending to ptd: 'SR,A,0.065230'
ptd-server 2023-02-20 02:37:16,785 [INFO] Reply from ptd: 'Range A changed'
ptd-server 2023-02-20 02:37:26,795 [INFO] Starting testing mode
ptd-server 2023-02-20 02:37:26,796 [INFO] Sending to ptd: 'Go,1000,0,2023-02-20_02-26-05_testing'
ptd-server 2023-02-20 02:37:26,796 [INFO] Reply from ptd: 'Starting untimed measurement, maximum 500000 samples at 1000ms with 0 rampup samples'
ptd-server 2023-02-20 02:37:26,796 [INFO] Sending reply to client 'OK'
ptd-server 2023-02-20 02:47:53,859 [INFO] Got command from the client 'session,2023-02-20_02-26-05,stop,testing'
ptd-server 2023-02-20 02:48:03,869 [INFO] Sending to ptd: 'Stop'
ptd-server 2023-02-20 02:48:03,870 [INFO] Reply from ptd: 'Stopping untimed measurement'
ptd-server 2023-02-20 02:48:03,942 [INFO] Sending reply to client 'OK'
ptd-server 2023-02-20 02:48:03,950 [INFO] Got command from the client 'session,2023-02-20_02-26-05,done'
ptd-server 2023-02-20 02:48:03,950 [INFO] Sending to ptd: 'Stop'
ptd-server 2023-02-20 02:48:04,796 [INFO] Reply from ptd: 'Error: no measurement to stop'
ptd-server 2023-02-20 02:48:04,796 [INFO] Sending to ptd: 'SR,V,Auto'
ptd-server 2023-02-20 02:48:05,299 [INFO] Reply from ptd: 'Range V changed'
ptd-server 2023-02-20 02:48:05,299 [INFO] Sending to ptd: 'SR,A,0.500000'
ptd-server 2023-02-20 02:48:06,800 [INFO] Reply from ptd: 'Range A changed'
ptd-server 2023-02-20 02:48:06,801 [INFO] Set initial values for Amps 0.500000 and Volts Auto
ptd-server 2023-02-20 02:48:06,801 [INFO] Stopping ptd...
