ptd-server 2023-02-22 11:36:20,791 [INFO] Got command from the client 'time'
ptd-server 2023-02-22 11:36:20,791 [INFO] Sending reply to client '1677065780.791458'
ptd-server 2023-02-22 11:36:20,792 [INFO] Got command from the client 'new,,45b06049-a71c-4ada-9cce-f3976a8f8aaf'
ptd-server 2023-02-22 11:36:20,793 [INFO] Sending reply to client 'OK 2023-02-22_11-36-20,d31fc20e-7bfe-4e0e-a2f5-49d05c0c9313'
ptd-server 2023-02-22 11:36:20,880 [INFO] Got command from the client 'time'
ptd-server 2023-02-22 11:36:20,880 [INFO] Sending reply to client '1677065780.8803039'
ptd-server 2023-02-22 11:36:20,881 [INFO] Got command from the client 'session,2023-02-22_11-36-20,start,ranging'
ptd-server 2023-02-22 11:36:20,881 [INFO] Running PTDaemon: ['/home/anton/projects/mlperf/power/inference_v1.0/ptd-linux-x86', '-l', '/tmp/tmp4yl1neqp/ptd_logfile.txt', '-p', '8888', '49', '/dev/usbtmc0']
ptd-server 2023-02-22 11:36:37,954 [INFO] Sending to ptd: 'Hello'
ptd-server 2023-02-22 11:36:37,955 [INFO] Reply from ptd: 'Hello, PTDaemon here!'
ptd-server 2023-02-22 11:36:37,955 [INFO] Sending to ptd: 'Identify'
ptd-server 2023-02-22 11:36:37,955 [INFO] Reply from ptd: 'YokogawaWT310E,1000,1,1,1,1,0,1,1,version=1.10.0-ed9a21d2-20220817,OS=Linux 5.15.0-60-generic #66~20.04.1-Ubuntu SMP Wed Jan 25 09:41:30 UTC 2023 x86_64,mode=power,1,1,1,0,0,no_cal_date,YOKOGAWA;WT310E;C3XA04010E;F1.04'
ptd-server 2023-02-22 11:36:37,956 [INFO] Connected to PTDaemon
ptd-server 2023-02-22 11:36:37,956 [INFO] Sending to ptd: 'RR'
ptd-server 2023-02-22 11:36:37,956 [INFO] Reply from ptd: 'Ranges,1,0.100000,1,300.000000'
ptd-server 2023-02-22 11:36:37,956 [INFO] Initial range for Amps is Auto for Volts is Auto
ptd-server 2023-02-22 11:36:37,956 [INFO] Sending to ptd: 'SR,V,Auto'
ptd-server 2023-02-22 11:36:38,459 [INFO] Reply from ptd: 'Range V changed'
ptd-server 2023-02-22 11:36:38,459 [INFO] Sending to ptd: 'SR,A,Auto'
ptd-server 2023-02-22 11:36:38,962 [INFO] Reply from ptd: 'Range A changed'
ptd-server 2023-02-22 11:36:48,972 [INFO] Starting ranging mode
ptd-server 2023-02-22 11:36:48,972 [INFO] Sending to ptd: 'Go,1000,0,2023-02-22_11-36-20_ranging'
ptd-server 2023-02-22 11:36:48,972 [INFO] Reply from ptd: 'Starting untimed measurement, maximum 500000 samples at 1000ms with 0 rampup samples'
ptd-server 2023-02-22 11:36:48,973 [INFO] Sending reply to client 'OK'
ptd-server 2023-02-22 11:47:09,858 [INFO] Got command from the client 'session,2023-02-22_11-36-20,stop,ranging'
ptd-server 2023-02-22 11:47:19,868 [INFO] Sending to ptd: 'Stop'
ptd-server 2023-02-22 11:47:19,869 [INFO] Reply from ptd: 'Stopping untimed measurement'
ptd-server 2023-02-22 11:47:20,301 [INFO] Sending reply to client 'OK'
ptd-server 2023-02-22 11:47:20,539 [INFO] Got command from the client 'time'
ptd-server 2023-02-22 11:47:20,539 [INFO] Sending reply to client '1677066440.5396507'
ptd-server 2023-02-22 11:47:20,540 [INFO] Got command from the client 'session,2023-02-22_11-36-20,start,testing'
ptd-server 2023-02-22 11:47:20,541 [INFO] Sending to ptd: 'SR,V,252.730000'
ptd-server 2023-02-22 11:47:22,042 [INFO] Reply from ptd: 'Range V changed'
ptd-server 2023-02-22 11:47:22,042 [INFO] Sending to ptd: 'SR,A,0.051400'
ptd-server 2023-02-22 11:47:23,543 [INFO] Reply from ptd: 'Range A changed'
ptd-server 2023-02-22 11:47:33,552 [INFO] Starting testing mode
ptd-server 2023-02-22 11:47:33,552 [INFO] Sending to ptd: 'Go,1000,0,2023-02-22_11-36-20_testing'
ptd-server 2023-02-22 11:47:33,552 [INFO] Reply from ptd: 'Starting untimed measurement, maximum 500000 samples at 1000ms with 0 rampup samples'
ptd-server 2023-02-22 11:47:33,552 [INFO] Sending reply to client 'OK'
ptd-server 2023-02-22 11:57:54,486 [INFO] Got command from the client 'session,2023-02-22_11-36-20,stop,testing'
ptd-server 2023-02-22 11:58:04,496 [INFO] Sending to ptd: 'Stop'
ptd-server 2023-02-22 11:58:04,496 [INFO] Reply from ptd: 'Stopping untimed measurement'
ptd-server 2023-02-22 11:58:04,729 [INFO] Sending reply to client 'OK'
ptd-server 2023-02-22 11:58:04,737 [INFO] Got command from the client 'session,2023-02-22_11-36-20,done'
ptd-server 2023-02-22 11:58:04,737 [INFO] Sending to ptd: 'Stop'
ptd-server 2023-02-22 11:58:04,737 [INFO] Reply from ptd: 'Error: no measurement to stop'
ptd-server 2023-02-22 11:58:04,737 [INFO] Sending to ptd: 'SR,V,Auto'
ptd-server 2023-02-22 11:58:05,240 [INFO] Reply from ptd: 'Range V changed'
ptd-server 2023-02-22 11:58:05,240 [INFO] Sending to ptd: 'SR,A,Auto'
ptd-server 2023-02-22 11:58:05,742 [INFO] Reply from ptd: 'Range A changed'
ptd-server 2023-02-22 11:58:05,743 [INFO] Set initial values for Amps Auto and Volts Auto
ptd-server 2023-02-22 11:58:05,743 [INFO] Stopping ptd...
