ptd-server 2023-02-24 04:35:31,422 [INFO] Got command from the client 'time'
ptd-server 2023-02-24 04:35:31,422 [INFO] Sending reply to client '1677213331.4229007'
ptd-server 2023-02-24 04:35:31,427 [INFO] Got command from the client 'new,,499bf231-1856-43cf-9606-652149c518f5'
ptd-server 2023-02-24 04:35:31,427 [INFO] Sending reply to client 'OK 2023-02-24_04-35-31,723a1ddd-c24b-42e6-b210-9389ca5d3bbb'
ptd-server 2023-02-24 04:35:31,447 [INFO] Got command from the client 'time'
ptd-server 2023-02-24 04:35:31,447 [INFO] Sending reply to client '1677213331.4472888'
ptd-server 2023-02-24 04:35:31,450 [INFO] Got command from the client 'session,2023-02-24_04-35-31,start,ranging'
ptd-server 2023-02-24 04:35:31,450 [INFO] Running PTDaemon: ['/media/arjun/T7_Touch/hp-envy/CM/repos/local/cache/9b3695ca8255492a/power/inference_v1.0/ptd-linux-x86', '-l', '/tmp/tmpti64566v/ptd_logfile.txt', '-p', '8888', '49', '/dev/usbtmc0']
ptd-server 2023-02-24 04:35:48,549 [INFO] Sending to ptd: 'Hello'
ptd-server 2023-02-24 04:35:48,550 [INFO] Reply from ptd: 'Hello, PTDaemon here!'
ptd-server 2023-02-24 04:35:48,551 [INFO] Sending to ptd: 'Identify'
ptd-server 2023-02-24 04:35:48,551 [INFO] Reply from ptd: 'YokogawaWT310E,1000,1,1,1,1,0,1,1,version=1.10.0-ed9a21d2-20220817,OS=Linux 5.15.0-56-generic #62-Ubuntu SMP Tue Nov 22 19:54:14 UTC 2022 x86_64,mode=power,1,1,1,0,0,no_cal_date,YOKOGAWA;WT310E;C3YD21068E;F1.04'
ptd-server 2023-02-24 04:35:48,552 [INFO] Connected to PTDaemon
ptd-server 2023-02-24 04:35:48,552 [INFO] Sending to ptd: 'RR'
ptd-server 2023-02-24 04:35:48,553 [INFO] Reply from ptd: 'Ranges,0,0.100000,0,600.000000'
ptd-server 2023-02-24 04:35:48,553 [INFO] Initial range for Amps is 0.100000 for Volts is 600.000000
ptd-server 2023-02-24 04:35:48,554 [INFO] Sending to ptd: 'SR,V,Auto'
ptd-server 2023-02-24 04:35:49,059 [INFO] Reply from ptd: 'Range V changed'
ptd-server 2023-02-24 04:35:49,060 [INFO] Sending to ptd: 'SR,A,Auto'
ptd-server 2023-02-24 04:35:49,563 [INFO] Reply from ptd: 'Range A changed'
ptd-server 2023-02-24 04:35:59,574 [INFO] Starting ranging mode
ptd-server 2023-02-24 04:35:59,575 [INFO] Sending to ptd: 'Go,1000,0,2023-02-24_04-35-31_ranging'
ptd-server 2023-02-24 04:35:59,575 [INFO] Reply from ptd: 'Starting untimed measurement, maximum 500000 samples at 1000ms with 0 rampup samples'
ptd-server 2023-02-24 04:35:59,576 [INFO] Sending reply to client 'OK'
ptd-server 2023-02-24 04:47:01,923 [INFO] Got command from the client 'session,2023-02-24_04-35-31,stop,ranging'
ptd-server 2023-02-24 04:47:11,934 [INFO] Sending to ptd: 'Stop'
ptd-server 2023-02-24 04:47:11,935 [INFO] Reply from ptd: 'Stopping untimed measurement'
ptd-server 2023-02-24 04:47:12,007 [INFO] Sending reply to client 'OK'
ptd-server 2023-02-24 04:47:12,060 [INFO] Got command from the client 'time'
ptd-server 2023-02-24 04:47:12,060 [INFO] Sending reply to client '1677214032.060368'
ptd-server 2023-02-24 04:47:12,064 [INFO] Got command from the client 'session,2023-02-24_04-35-31,start,testing'
ptd-server 2023-02-24 04:47:12,065 [INFO] Sending to ptd: 'SR,V,249.130000'
ptd-server 2023-02-24 04:47:14,079 [INFO] Reply from ptd: 'Range V changed'
ptd-server 2023-02-24 04:47:14,080 [INFO] Sending to ptd: 'SR,A,0.186870'
ptd-server 2023-02-24 04:47:15,583 [INFO] Reply from ptd: 'Range A changed'
ptd-server 2023-02-24 04:47:25,594 [INFO] Starting testing mode
ptd-server 2023-02-24 04:47:25,594 [INFO] Sending to ptd: 'Go,1000,0,2023-02-24_04-35-31_testing'
ptd-server 2023-02-24 04:47:25,595 [INFO] Reply from ptd: 'Starting untimed measurement, maximum 500000 samples at 1000ms with 0 rampup samples'
ptd-server 2023-02-24 04:47:25,595 [INFO] Sending reply to client 'OK'
ptd-server 2023-02-24 04:58:23,075 [INFO] Got command from the client 'session,2023-02-24_04-35-31,stop,testing'
ptd-server 2023-02-24 04:58:33,086 [INFO] Sending to ptd: 'Stop'
ptd-server 2023-02-24 04:58:33,087 [INFO] Reply from ptd: 'Stopping untimed measurement'
ptd-server 2023-02-24 04:58:33,162 [INFO] Sending reply to client 'OK'
ptd-server 2023-02-24 04:58:33,178 [INFO] Got command from the client 'session,2023-02-24_04-35-31,done'
ptd-server 2023-02-24 04:58:33,178 [INFO] Sending to ptd: 'Stop'
ptd-server 2023-02-24 04:58:33,596 [INFO] Reply from ptd: 'Error: no measurement to stop'
ptd-server 2023-02-24 04:58:33,597 [INFO] Sending to ptd: 'SR,V,600.000000'
ptd-server 2023-02-24 04:58:35,100 [INFO] Reply from ptd: 'Range V changed'
ptd-server 2023-02-24 04:58:35,100 [INFO] Sending to ptd: 'SR,A,0.100000'
ptd-server 2023-02-24 04:58:36,603 [INFO] Reply from ptd: 'Range A changed'
ptd-server 2023-02-24 04:58:36,603 [INFO] Set initial values for Amps 0.100000 and Volts 600.000000
ptd-server 2023-02-24 04:58:36,604 [INFO] Stopping ptd...
