ptd-server 2023-02-25 07:31:45,336 [INFO] Got command from the client 'time'
ptd-server 2023-02-25 07:31:45,337 [INFO] Sending reply to client '1677331905.3370368'
ptd-server 2023-02-25 07:31:45,337 [INFO] Got command from the client 'new,,facd2651-bf11-4fe6-93ed-6efdb367d6b4'
ptd-server 2023-02-25 07:31:45,338 [INFO] Sending reply to client 'OK 2023-02-25_07-31-45,7a70c282-06d9-4664-baa1-43be356ecaae'
ptd-server 2023-02-25 07:31:45,372 [INFO] Got command from the client 'time'
ptd-server 2023-02-25 07:31:45,372 [INFO] Sending reply to client '1677331905.3722498'
ptd-server 2023-02-25 07:31:45,373 [INFO] Got command from the client 'session,2023-02-25_07-31-45,start,ranging'
ptd-server 2023-02-25 07:31:45,373 [INFO] Running PTDaemon: ['/home/dell/power-main/inference_v1.0/ptd-linux-x86', '-l', '/tmp/tmp6gkim7wr/ptd_logfile.txt', '-p', '8888', '-c', '3', '52', '/dev/usbtmc0']
ptd-server 2023-02-25 07:32:02,451 [INFO] Sending to ptd: 'Hello'
ptd-server 2023-02-25 07:32:02,451 [INFO] Reply from ptd: 'Hello, PTDaemon here!'
ptd-server 2023-02-25 07:32:02,451 [INFO] Sending to ptd: 'Identify'
ptd-server 2023-02-25 07:32:02,452 [INFO] Reply from ptd: 'YokogawaWT330E,1000,1,1,1,1,0,0,1,version=1.10.0-ed9a21d2-20220817,OS=Linux 5.4.0-139-generic #156-Ubuntu SMP Fri Jan 20 17:27:18 UTC 2023 x86_64,mode=power,1,1,1,0,0,no_cal_date,YOKOGAWA;WT333E;C2WB13023V;F1.04'
ptd-server 2023-02-25 07:32:02,452 [INFO] Connected to PTDaemon
ptd-server 2023-02-25 07:32:02,452 [INFO] Sending to ptd: 'RR'
ptd-server 2023-02-25 07:32:02,452 [INFO] Reply from ptd: 'Ranges,1,1.000000,1,300.000000'
ptd-server 2023-02-25 07:32:02,452 [INFO] Initial range for Amps is Auto for Volts is Auto
ptd-server 2023-02-25 07:32:02,452 [INFO] Sending to ptd: 'SR,V,Auto'
ptd-server 2023-02-25 07:32:02,957 [INFO] Reply from ptd: 'Range V changed'
ptd-server 2023-02-25 07:32:02,957 [INFO] Sending to ptd: 'SR,A,20'
ptd-server 2023-02-25 07:32:04,458 [INFO] Reply from ptd: 'Range A changed'
ptd-server 2023-02-25 07:32:14,469 [INFO] Starting ranging mode
ptd-server 2023-02-25 07:32:14,469 [INFO] Sending to ptd: 'Go,1000,0,2023-02-25_07-31-45_ranging'
ptd-server 2023-02-25 07:32:14,469 [INFO] Reply from ptd: 'Starting untimed measurement, maximum 500000 samples at 1000ms with 0 rampup samples'
ptd-server 2023-02-25 07:32:14,469 [INFO] Sending reply to client 'OK'
ptd-server 2023-02-25 07:44:36,071 [INFO] Got command from the client 'session,2023-02-25_07-31-45,stop,ranging'
ptd-server 2023-02-25 07:44:46,081 [INFO] Sending to ptd: 'Stop'
ptd-server 2023-02-25 07:44:46,082 [INFO] Reply from ptd: 'Stopping untimed measurement'
ptd-server 2023-02-25 07:44:46,118 [INFO] Sending reply to client 'OK'
ptd-server 2023-02-25 07:44:46,146 [INFO] Got command from the client 'time'
ptd-server 2023-02-25 07:44:46,146 [INFO] Sending reply to client '1677332686.1465592'
ptd-server 2023-02-25 07:44:46,147 [INFO] Got command from the client 'session,2023-02-25_07-31-45,start,testing'
ptd-server 2023-02-25 07:44:46,147 [INFO] Sending to ptd: 'SR,V,214.940000'
ptd-server 2023-02-25 07:44:47,971 [INFO] Reply from ptd: 'Range V changed'
ptd-server 2023-02-25 07:44:47,971 [INFO] Sending to ptd: 'SR,A,0.711000'
ptd-server 2023-02-25 07:44:49,473 [INFO] Reply from ptd: 'Range A changed'
ptd-server 2023-02-25 07:44:59,483 [INFO] Starting testing mode
ptd-server 2023-02-25 07:44:59,483 [INFO] Sending to ptd: 'Go,1000,0,2023-02-25_07-31-45_testing'
ptd-server 2023-02-25 07:44:59,484 [INFO] Reply from ptd: 'Starting untimed measurement, maximum 500000 samples at 1000ms with 0 rampup samples'
ptd-server 2023-02-25 07:44:59,484 [INFO] Sending reply to client 'OK'
ptd-server 2023-02-25 07:57:22,589 [INFO] Got command from the client 'session,2023-02-25_07-31-45,stop,testing'
ptd-server 2023-02-25 07:57:32,599 [INFO] Sending to ptd: 'Stop'
ptd-server 2023-02-25 07:57:32,599 [INFO] Reply from ptd: 'Stopping untimed measurement'
ptd-server 2023-02-25 07:57:32,621 [INFO] Sending reply to client 'OK'
ptd-server 2023-02-25 07:57:32,630 [INFO] Got command from the client 'session,2023-02-25_07-31-45,done'
ptd-server 2023-02-25 07:57:32,630 [INFO] Sending to ptd: 'Stop'
ptd-server 2023-02-25 07:57:33,485 [INFO] Reply from ptd: 'Error: no measurement to stop'
ptd-server 2023-02-25 07:57:33,485 [INFO] Sending to ptd: 'SR,V,Auto'
ptd-server 2023-02-25 07:57:33,987 [INFO] Reply from ptd: 'Range V changed'
ptd-server 2023-02-25 07:57:33,988 [INFO] Sending to ptd: 'SR,A,Auto'
ptd-server 2023-02-25 07:57:34,490 [INFO] Reply from ptd: 'Range A changed'
ptd-server 2023-02-25 07:57:34,490 [INFO] Set initial values for Amps Auto and Volts Auto
ptd-server 2023-02-25 07:57:34,491 [INFO] Stopping ptd...
