ptd-server 2023-03-01 16:43:52,184 [INFO] Got command from the client 'stop'
ptd-server 2023-03-01 16:43:52,184 [INFO] The server will be stopped after processing this client
ptd-server 2023-03-01 16:43:52,184 [INFO] Sending reply to client 'OK'
ptd-server 2023-03-01 16:43:52,394 [INFO] Got command from the client 'time'
ptd-server 2023-03-01 16:43:52,395 [INFO] Sending reply to client '1677717832.395091'
ptd-server 2023-03-01 16:43:52,396 [INFO] Got command from the client 'new,,c1c625b1-3326-40c0-a3f6-6c8c632ce1f9'
ptd-server 2023-03-01 16:43:52,396 [INFO] Sending reply to client 'OK 2023-03-01_16-43-52,e15e574e-3b85-4e3a-86f9-48648b02cdd9'
ptd-server 2023-03-01 16:43:52,607 [INFO] Got command from the client 'time'
ptd-server 2023-03-01 16:43:52,607 [INFO] Sending reply to client '1677717832.607587'
ptd-server 2023-03-01 16:43:52,608 [INFO] Got command from the client 'session,2023-03-01_16-43-52,start,ranging'
ptd-server 2023-03-01 16:43:52,608 [INFO] Running PTDaemon: ['/usr/bin/ptd-linux-x86', '-l', '/tmp/tmp7mvzg_ea/ptd_logfile.txt', '-p', '8888', '-c', '1,3', '-y', '77', '10.117.41.199']
ptd-server 2023-03-01 16:44:12,395 [INFO] Sending to ptd: 'Hello'
ptd-server 2023-03-01 16:44:12,396 [INFO] Reply from ptd: 'Hello, PTDaemon here!'
ptd-server 2023-03-01 16:44:12,396 [INFO] Sending to ptd: 'Identify'
ptd-server 2023-03-01 16:44:12,396 [INFO] Reply from ptd: 'YokogawaWT330_multichannel,1000,1,1,1,1,0,0,1,version=1.10.0-ed9a21d2-20220817,OS=Linux 5.15.0-60-generic #66~20.04.1-Ubuntu SMP Wed Jan 25 09:41:30 UTC 2023 x86_64,mode=power,1,1,3,0,0,no_cal_date,YOKOGAWA;WT333E;C2WL21011V;F1.04'
ptd-server 2023-03-01 16:44:12,396 [INFO] Connected to PTDaemon
ptd-server 2023-03-01 16:44:12,397 [INFO] Sending to ptd: 'RR'
ptd-server 2023-03-01 16:44:12,397 [INFO] Reply from ptd: 'Ranges,0,5.000000,0,300.000000'
ptd-server 2023-03-01 16:44:12,397 [INFO] Initial range for Amps is 5.000000 for Volts is 300.000000
ptd-server 2023-03-01 16:44:12,397 [INFO] Sending to ptd: 'SR,V,Auto'
ptd-server 2023-03-01 16:44:17,453 [INFO] Reply from ptd: 'Range V changed'
ptd-server 2023-03-01 16:44:17,453 [INFO] Sending to ptd: 'SR,A,Auto'
ptd-server 2023-03-01 16:44:22,509 [INFO] Reply from ptd: 'Range A changed'
ptd-server 2023-03-01 16:44:32,520 [INFO] Starting ranging mode
ptd-server 2023-03-01 16:44:32,520 [INFO] Sending to ptd: 'Go,1000,0,2023-03-01_16-43-52_ranging'
ptd-server 2023-03-01 16:44:32,520 [INFO] Reply from ptd: 'Starting untimed measurement, maximum 500000 samples at 1000ms with 0 rampup samples'
ptd-server 2023-03-01 16:44:32,521 [INFO] Sending reply to client 'OK'
ptd-server 2023-03-01 17:10:50,787 [INFO] Got command from the client 'session,2023-03-01_16-43-52,stop,ranging'
ptd-server 2023-03-01 17:11:00,797 [INFO] Sending to ptd: 'Stop'
ptd-server 2023-03-01 17:11:00,798 [INFO] Reply from ptd: 'Stopping untimed measurement'
ptd-server 2023-03-01 17:11:00,845 [INFO] Sending reply to client 'OK'
ptd-server 2023-03-01 17:11:01,176 [INFO] Got command from the client 'time'
ptd-server 2023-03-01 17:11:01,176 [INFO] Sending reply to client '1677719461.1763198'
ptd-server 2023-03-01 17:11:01,177 [INFO] Got command from the client 'session,2023-03-01_16-43-52,start,testing'
ptd-server 2023-03-01 17:11:01,177 [INFO] Sending to ptd: 'SR,V,206.140000'
ptd-server 2023-03-01 17:11:07,576 [INFO] Reply from ptd: 'Range V changed'
ptd-server 2023-03-01 17:11:07,577 [INFO] Sending to ptd: 'SR,A,4.169400'
ptd-server 2023-03-01 17:11:13,132 [INFO] Reply from ptd: 'Range A changed'
ptd-server 2023-03-01 17:11:23,143 [INFO] Starting testing mode
ptd-server 2023-03-01 17:11:23,143 [INFO] Sending to ptd: 'Go,1000,0,2023-03-01_16-43-52_testing'
ptd-server 2023-03-01 17:11:23,143 [INFO] Reply from ptd: 'Starting untimed measurement, maximum 500000 samples at 1000ms with 0 rampup samples'
ptd-server 2023-03-01 17:11:23,143 [INFO] Sending reply to client 'OK'
ptd-server 2023-03-01 17:37:37,048 [INFO] Got command from the client 'session,2023-03-01_16-43-52,stop,testing'
ptd-server 2023-03-01 17:37:47,059 [INFO] Sending to ptd: 'Stop'
ptd-server 2023-03-01 17:37:47,059 [INFO] Reply from ptd: 'Stopping untimed measurement'
ptd-server 2023-03-01 17:37:47,070 [INFO] Sending reply to client 'OK'
ptd-server 2023-03-01 17:37:47,276 [INFO] Got command from the client 'session,2023-03-01_16-43-52,done'
ptd-server 2023-03-01 17:37:47,277 [INFO] Sending to ptd: 'Stop'
ptd-server 2023-03-01 17:37:47,277 [INFO] Reply from ptd: 'Error: no measurement to stop'
ptd-server 2023-03-01 17:37:47,277 [INFO] Sending to ptd: 'SR,V,300.000000'
ptd-server 2023-03-01 17:37:53,333 [INFO] Reply from ptd: 'Range V changed'
ptd-server 2023-03-01 17:37:53,333 [INFO] Sending to ptd: 'SR,A,5.000000'
ptd-server 2023-03-01 17:37:58,889 [INFO] Reply from ptd: 'Range A changed'
ptd-server 2023-03-01 17:37:58,889 [INFO] Set initial values for Amps 5.000000 and Volts 300.000000
ptd-server 2023-03-01 17:37:58,889 [INFO] Stopping ptd...
