ptd-server 2023-02-14 12:14:20,629 [INFO] Got command from the client 'time'
ptd-server 2023-02-14 12:14:20,629 [INFO] Sending reply to client '1676376860.629182'
ptd-server 2023-02-14 12:14:20,631 [INFO] Got command from the client 'new,,33b4791e-a803-4b5c-a304-8d0fa9f5ae40'
ptd-server 2023-02-14 12:14:20,633 [INFO] Sending reply to client 'OK 2023-02-14_12-14-20,ed542639-df23-4851-928e-e7234209fb48'
ptd-server 2023-02-14 12:14:20,663 [INFO] Got command from the client 'time'
ptd-server 2023-02-14 12:14:20,663 [INFO] Sending reply to client '1676376860.6631322'
ptd-server 2023-02-14 12:14:20,665 [INFO] Got command from the client 'session,2023-02-14_12-14-20,start,ranging'
ptd-server 2023-02-14 12:14:20,665 [INFO] Running PTDaemon: ['/home/anton/projects/mlperf/power/inference_v1.0/ptd-linux-x86', '-l', '/tmp/tmp4yl1neqp/ptd_logfile.txt', '-p', '8888', '49', '/dev/usbtmc0']
ptd-server 2023-02-14 12:14:37,740 [INFO] Sending to ptd: 'Hello'
ptd-server 2023-02-14 12:14:37,740 [INFO] Reply from ptd: 'Hello, PTDaemon here!'
ptd-server 2023-02-14 12:14:37,740 [INFO] Sending to ptd: 'Identify'
ptd-server 2023-02-14 12:14:37,741 [INFO] Reply from ptd: 'YokogawaWT310E,1000,1,1,1,1,0,1,1,version=1.10.0-ed9a21d2-20220817,OS=Linux 5.15.0-60-generic #66~20.04.1-Ubuntu SMP Wed Jan 25 09:41:30 UTC 2023 x86_64,mode=power,1,1,1,0,0,no_cal_date,YOKOGAWA;WT310E;C3XA04010E;F1.04'
ptd-server 2023-02-14 12:14:37,741 [INFO] Connected to PTDaemon
ptd-server 2023-02-14 12:14:37,741 [INFO] Sending to ptd: 'RR'
ptd-server 2023-02-14 12:14:37,741 [INFO] Reply from ptd: 'Ranges,0,0.500000,1,300.000000'
ptd-server 2023-02-14 12:14:37,742 [INFO] Initial range for Amps is 0.500000 for Volts is Auto
ptd-server 2023-02-14 12:14:37,742 [INFO] Sending to ptd: 'SR,V,Auto'
ptd-server 2023-02-14 12:14:38,244 [INFO] Reply from ptd: 'Range V changed'
ptd-server 2023-02-14 12:14:38,244 [INFO] Sending to ptd: 'SR,A,Auto'
ptd-server 2023-02-14 12:14:38,747 [INFO] Reply from ptd: 'Range A changed'
ptd-server 2023-02-14 12:14:48,757 [INFO] Starting ranging mode
ptd-server 2023-02-14 12:14:48,757 [INFO] Sending to ptd: 'Go,1000,0,2023-02-14_12-14-20_ranging'
ptd-server 2023-02-14 12:14:48,757 [INFO] Reply from ptd: 'Starting untimed measurement, maximum 500000 samples at 1000ms with 0 rampup samples'
ptd-server 2023-02-14 12:14:48,758 [INFO] Sending reply to client 'OK'
ptd-server 2023-02-14 12:27:53,505 [INFO] Got command from the client 'session,2023-02-14_12-14-20,stop,ranging'
ptd-server 2023-02-14 12:28:03,515 [INFO] Sending to ptd: 'Stop'
ptd-server 2023-02-14 12:28:03,515 [INFO] Reply from ptd: 'Stopping untimed measurement'
ptd-server 2023-02-14 12:28:03,595 [INFO] Sending reply to client 'OK'
ptd-server 2023-02-14 12:28:03,685 [INFO] Got command from the client 'time'
ptd-server 2023-02-14 12:28:03,685 [INFO] Sending reply to client '1676377683.6854663'
ptd-server 2023-02-14 12:28:03,687 [INFO] Got command from the client 'session,2023-02-14_12-14-20,start,testing'
ptd-server 2023-02-14 12:28:03,688 [INFO] Sending to ptd: 'SR,V,253.140000'
ptd-server 2023-02-14 12:28:05,259 [INFO] Reply from ptd: 'Range V changed'
ptd-server 2023-02-14 12:28:05,259 [INFO] Sending to ptd: 'SR,A,0.208840'
ptd-server 2023-02-14 12:28:06,760 [INFO] Reply from ptd: 'Range A changed'
ptd-server 2023-02-14 12:28:16,771 [INFO] Starting testing mode
ptd-server 2023-02-14 12:28:16,771 [INFO] Sending to ptd: 'Go,1000,0,2023-02-14_12-14-20_testing'
ptd-server 2023-02-14 12:28:16,771 [INFO] Reply from ptd: 'Starting untimed measurement, maximum 500000 samples at 1000ms with 0 rampup samples'
ptd-server 2023-02-14 12:28:16,771 [INFO] Sending reply to client 'OK'
ptd-server 2023-02-14 12:41:22,873 [INFO] Got command from the client 'session,2023-02-14_12-14-20,stop,testing'
ptd-server 2023-02-14 12:41:32,883 [INFO] Sending to ptd: 'Stop'
ptd-server 2023-02-14 12:41:32,883 [INFO] Reply from ptd: 'Stopping untimed measurement'
ptd-server 2023-02-14 12:41:32,922 [INFO] Sending reply to client 'OK'
ptd-server 2023-02-14 12:41:32,957 [INFO] Got command from the client 'session,2023-02-14_12-14-20,done'
ptd-server 2023-02-14 12:41:32,957 [INFO] Sending to ptd: 'Stop'
ptd-server 2023-02-14 12:41:33,771 [INFO] Reply from ptd: 'Error: no measurement to stop'
ptd-server 2023-02-14 12:41:33,772 [INFO] Sending to ptd: 'SR,V,Auto'
ptd-server 2023-02-14 12:41:34,274 [INFO] Reply from ptd: 'Range V changed'
ptd-server 2023-02-14 12:41:34,274 [INFO] Sending to ptd: 'SR,A,0.500000'
ptd-server 2023-02-14 12:41:35,776 [INFO] Reply from ptd: 'Range A changed'
ptd-server 2023-02-14 12:41:35,776 [INFO] Set initial values for Amps 0.500000 and Volts Auto
ptd-server 2023-02-14 12:41:35,776 [INFO] Stopping ptd...
