ptd-server 2023-02-14 16:02:08,344 [INFO] Got command from the client 'time'
ptd-server 2023-02-14 16:02:08,345 [INFO] Sending reply to client '1676390528.3450592'
ptd-server 2023-02-14 16:02:08,347 [INFO] Got command from the client 'new,,ffc2d633-2d78-44fd-a836-664801d64ae7'
ptd-server 2023-02-14 16:02:08,347 [INFO] Sending reply to client 'OK 2023-02-14_16-02-08,a731098a-3d8f-4af8-99a6-1becb2840fc7'
ptd-server 2023-02-14 16:02:08,377 [INFO] Got command from the client 'time'
ptd-server 2023-02-14 16:02:08,378 [INFO] Sending reply to client '1676390528.3779824'
ptd-server 2023-02-14 16:02:08,380 [INFO] Got command from the client 'session,2023-02-14_16-02-08,start,ranging'
ptd-server 2023-02-14 16:02:08,380 [INFO] Running PTDaemon: ['/home/anton/projects/mlperf/power/inference_v1.0/ptd-linux-x86', '-l', '/tmp/tmp4yl1neqp/ptd_logfile.txt', '-p', '8888', '49', '/dev/usbtmc0']
ptd-server 2023-02-14 16:02:25,454 [INFO] Sending to ptd: 'Hello'
ptd-server 2023-02-14 16:02:25,454 [INFO] Reply from ptd: 'Hello, PTDaemon here!'
ptd-server 2023-02-14 16:02:25,454 [INFO] Sending to ptd: 'Identify'
ptd-server 2023-02-14 16:02:25,455 [INFO] Reply from ptd: 'YokogawaWT310E,1000,1,1,1,1,0,1,1,version=1.10.0-ed9a21d2-20220817,OS=Linux 5.15.0-60-generic #66~20.04.1-Ubuntu SMP Wed Jan 25 09:41:30 UTC 2023 x86_64,mode=power,1,1,1,0,0,no_cal_date,YOKOGAWA;WT310E;C3XA04010E;F1.04'
ptd-server 2023-02-14 16:02:25,455 [INFO] Connected to PTDaemon
ptd-server 2023-02-14 16:02:25,455 [INFO] Sending to ptd: 'RR'
ptd-server 2023-02-14 16:02:25,455 [INFO] Reply from ptd: 'Ranges,0,0.500000,1,300.000000'
ptd-server 2023-02-14 16:02:25,455 [INFO] Initial range for Amps is 0.500000 for Volts is Auto
ptd-server 2023-02-14 16:02:25,456 [INFO] Sending to ptd: 'SR,V,Auto'
ptd-server 2023-02-14 16:02:25,958 [INFO] Reply from ptd: 'Range V changed'
ptd-server 2023-02-14 16:02:25,958 [INFO] Sending to ptd: 'SR,A,Auto'
ptd-server 2023-02-14 16:02:26,461 [INFO] Reply from ptd: 'Range A changed'
ptd-server 2023-02-14 16:02:36,471 [INFO] Starting ranging mode
ptd-server 2023-02-14 16:02:36,471 [INFO] Sending to ptd: 'Go,1000,0,2023-02-14_16-02-08_ranging'
ptd-server 2023-02-14 16:02:36,472 [INFO] Reply from ptd: 'Starting untimed measurement, maximum 500000 samples at 1000ms with 0 rampup samples'
ptd-server 2023-02-14 16:02:36,472 [INFO] Sending reply to client 'OK'
ptd-server 2023-02-14 16:15:22,421 [INFO] Got command from the client 'session,2023-02-14_16-02-08,stop,ranging'
ptd-server 2023-02-14 16:15:32,432 [INFO] Sending to ptd: 'Stop'
ptd-server 2023-02-14 16:15:32,432 [INFO] Reply from ptd: 'Stopping untimed measurement'
ptd-server 2023-02-14 16:15:32,529 [INFO] Sending reply to client 'OK'
ptd-server 2023-02-14 16:15:32,685 [INFO] Got command from the client 'time'
ptd-server 2023-02-14 16:15:32,685 [INFO] Sending reply to client '1676391332.6855123'
ptd-server 2023-02-14 16:15:32,687 [INFO] Got command from the client 'session,2023-02-14_16-02-08,start,testing'
ptd-server 2023-02-14 16:15:32,687 [INFO] Sending to ptd: 'SR,V,251.170000'
ptd-server 2023-02-14 16:15:34,189 [INFO] Reply from ptd: 'Range V changed'
ptd-server 2023-02-14 16:15:34,189 [INFO] Sending to ptd: 'SR,A,0.190000'
ptd-server 2023-02-14 16:15:35,690 [INFO] Reply from ptd: 'Range A changed'
ptd-server 2023-02-14 16:15:45,701 [INFO] Starting testing mode
ptd-server 2023-02-14 16:15:45,701 [INFO] Sending to ptd: 'Go,1000,0,2023-02-14_16-02-08_testing'
ptd-server 2023-02-14 16:15:45,701 [INFO] Reply from ptd: 'Starting untimed measurement, maximum 500000 samples at 1000ms with 0 rampup samples'
ptd-server 2023-02-14 16:15:45,702 [INFO] Sending reply to client 'OK'
ptd-server 2023-02-14 16:28:43,104 [INFO] Got command from the client 'session,2023-02-14_16-02-08,stop,testing'
ptd-server 2023-02-14 16:28:53,114 [INFO] Sending to ptd: 'Stop'
ptd-server 2023-02-14 16:28:53,115 [INFO] Reply from ptd: 'Stopping untimed measurement'
ptd-server 2023-02-14 16:28:53,162 [INFO] Sending reply to client 'OK'
ptd-server 2023-02-14 16:28:53,198 [INFO] Got command from the client 'session,2023-02-14_16-02-08,done'
ptd-server 2023-02-14 16:28:53,199 [INFO] Sending to ptd: 'Stop'
ptd-server 2023-02-14 16:28:53,702 [INFO] Reply from ptd: 'Error: no measurement to stop'
ptd-server 2023-02-14 16:28:53,702 [INFO] Sending to ptd: 'SR,V,Auto'
ptd-server 2023-02-14 16:28:54,204 [INFO] Reply from ptd: 'Range V changed'
ptd-server 2023-02-14 16:28:54,205 [INFO] Sending to ptd: 'SR,A,0.500000'
ptd-server 2023-02-14 16:28:55,706 [INFO] Reply from ptd: 'Range A changed'
ptd-server 2023-02-14 16:28:55,706 [INFO] Set initial values for Amps 0.500000 and Volts Auto
ptd-server 2023-02-14 16:28:55,706 [INFO] Stopping ptd...
