client 2023-03-01 17:08:53,971 [WARNING] Removing loadgen logs directory '/home/firefly/CK/ck-mlperf/program/image-classification-tflite-loadgen/tmp/loadgen_logs'
client 2023-03-01 17:08:53,973 [INFO] Sending command to the server: 'mlcommons/power client v3'
client 2023-03-01 17:08:53,973 [INFO] Got response: 'mlcommons/power server v3'
client 2023-03-01 17:08:53,974 [INFO] Synchronizing with the server and with time.google.com...
client 2023-03-01 17:08:54,037 [INFO] NTP:offset = -0.000 s, delay = 0.012 s 
client 2023-03-01 17:08:54,037 [INFO] Sending command to the server: 'time'
client 2023-03-01 17:08:54,039 [INFO] Got response: '1677690534.0400105'
client 2023-03-01 17:08:54,039 [INFO] The time difference between the client and the server is within range -2.462 ms..-0.283 ms
client 2023-03-01 17:08:54,040 [INFO] Sending command to the server: 'new,,56e94469-7f1c-4ec6-932f-c246801e25ad'
client 2023-03-01 17:08:54,042 [INFO] Got response: 'OK 2023-03-01_17-08-54,6718fbc1-6f2a-434e-aeb4-5fe85e9ca24a'
client 2023-03-01 17:08:54,042 [INFO] Session id is '2023-03-01_17-08-54'
client 2023-03-01 17:08:54,042 [INFO] Sources: {"sources": {"__init__.py": "da39a3ee5e6b4b0d3255bfef95601890afd80709", "client.py": "33ca4f26368777ac06e01f9567b714a4b8063886", "lib/__init__.py": "da39a3ee5e6b4b0d3255bfef95601890afd80709", "lib/client.py": "4c2b78fb4849a7e5b584ef792d82aaed20b17f57", "lib/common.py": "624d0c0acc7c39aaff3674f0b99d6a09da53d1dc", "lib/external/__init__.py": "da39a3ee5e6b4b0d3255bfef95601890afd80709", "lib/external/ntplib.py": "4da8f970656505a40483206ef2b5d3dd5e81711d", "lib/server.py": "cda0cdfaee9bfa1249c64a7dd4f89b7bf1b279f0", "lib/source_hashes.py": "60a2e02193209e8d392803326208d5466342da18", "lib/summary.py": "aa92f0a3f975eecd44d3c0cd0236342ccc9f941d", "lib/time_sync.py": "3210db56eb0ff0df57bf4293dc4d4b03fffd46f1", "server.py": "c3f90f2f7eeb4db30727556d0c815ebc89b3d28b", "tests/unit/__init__.py": "da39a3ee5e6b4b0d3255bfef95601890afd80709", "tests/unit/test_server.py": "99ae15aef722f2000ee6ed1ae1523637bf1ae42b", "tests/unit/test_source_hashes.py": "00468a2907583c593e6574a1f6b404e4651c221a"}, "modules": {"ptd_client_server.lib.client": "lib/client.py", "ptd_client_server.lib.common": "lib/common.py", "ptd_client_server.lib.external.ntplib": "lib/external/ntplib.py", "ptd_client_server.lib.source_hashes": "lib/source_hashes.py", "ptd_client_server.lib.summary": "lib/summary.py", "ptd_client_server.lib.time_sync": "lib/time_sync.py"}}
client 2023-03-01 17:08:54,043 [INFO] Running workload in ranging mode
client 2023-03-01 17:08:54,043 [INFO] Synchronizing with the server and with time.google.com...
client 2023-03-01 17:08:54,065 [INFO] NTP:offset = -0.001 s, delay = 0.013 s 
client 2023-03-01 17:08:54,065 [INFO] Sending command to the server: 'time'
client 2023-03-01 17:08:54,067 [INFO] Got response: '1677690534.0680294'
client 2023-03-01 17:08:54,068 [INFO] The time difference between the client and the server is within range -2.491 ms..0.412 ms
client 2023-03-01 17:08:54,069 [INFO] Sending command to the server: 'session,2023-03-01_17-08-54,start,ranging'
client 2023-03-01 17:09:22,176 [INFO] Got response: 'OK'
client 2023-03-01 17:09:22,177 [INFO] Running the workload 'ck benchmark program:image-classification-tflite-loadgen --env.CK_SILENT_MODE=YES --skip_print_timers --dep_add_tags.compiler=gcc,v9 --dep_add_tags.python=v3 --dep_add_tags.mlperf-inference-src=r3.0 --dep_add_tags.weights=mobilenet,v1-0.75-224,non-quantized --dep_add_tags.images=crop.875,preprocessed,using-opencv --dep_add_tags.library=tflite,v2.11.0,with.ruy --env.CK_LOADGEN_DATASET_SIZE=1024 --env.CK_LOADGEN_MODE=PerformanceOnly --env.CK_LOADGEN_SCENARIO=SingleStream --env.CK_LOADGEN_TARGET_LATENCY=$CK_LOADGEN_TARGET_LATENCY --skip_stat_analysis --process_multi_keys --repetitions=1 --record --record_repo=local --record_uoa=mlperf_v3.0-open-firefly-tflite-v2.11.0-ruy-mobilenet-v1-0.75-224-non-quantized-singlestream-performance-target_latency.$CK_LOADGEN_TARGET_LATENCY-power.workload --tags=mlperf,round.v3.0,division.open,task.image-classification,platform.firefly,scenario.singlestream,mode.performance,workload.mobilenet-v1-0.75-224-non-quantized,preprocessed_using.opencv,inference_engine.tflite,inference_engine_version.v2.11.0,inference_engine_backend.ruy,target_latency.$CK_LOADGEN_TARGET_LATENCY,power.workload "@@@{\'meta\': {\'ck_benchmark_program\': \'ck benchmark program:image-classification-tflite-loadgen --env.CK_SILENT_MODE=YES --skip_print_timers --dep_add_tags.compiler=gcc,v9 --dep_add_tags.python=v3 --dep_add_tags.mlperf-inference-src=r3.0 --dep_add_tags.weights=mobilenet,v1-0.75-224,non-quantized --dep_add_tags.images=crop.875,preprocessed,using-opencv --dep_add_tags.library=tflite,v2.11.0,with.ruy --env.CK_LOADGEN_DATASET_SIZE=1024 --env.CK_LOADGEN_MODE=PerformanceOnly --env.CK_LOADGEN_SCENARIO=SingleStream --env.CK_LOADGEN_TARGET_LATENCY=$CK_LOADGEN_TARGET_LATENCY --skip_stat_analysis --process_multi_keys --repetitions=1 --record --record_repo=local --record_uoa=mlperf_v3.0-open-firefly-tflite-v2.11.0-ruy-mobilenet-v1-0.75-224-non-quantized-singlestream-performance-target_latency.$CK_LOADGEN_TARGET_LATENCY-power.workload --tags=mlperf,round.v3.0,division.open,task.image-classification,platform.firefly,scenario.singlestream,mode.performance,workload.mobilenet-v1-0.75-224-non-quantized,preprocessed_using.opencv,inference_engine.tflite,inference_engine_version.v2.11.0,inference_engine_backend.ruy,target_latency.$CK_LOADGEN_TARGET_LATENCY,power.workload\'}}" && cat `ck find program:image-classification-tflite-loadgen`/tmp/mlperf_log_summary.txt && mkdir -p "$CK_MLPERF_POWER_CLIENT_LOADGEN_LOGS" && cp "$CK_MLPERF_POWER_CLIENT_LOADGEN_LOGS"/../mlperf_log_* "$CK_MLPERF_POWER_CLIENT_LOADGEN_LOGS"/'
client 2023-03-01 17:19:45,818 [INFO] Sending command to the server: 'session,2023-03-01_17-08-54,stop,ranging'
client 2023-03-01 17:19:56,459 [INFO] Got response: 'OK'
client 2023-03-01 17:19:56,479 [INFO] Copying loadgen logs from '/home/firefly/CK/ck-mlperf/program/image-classification-tflite-loadgen/tmp/loadgen_logs' to '/home/firefly/CK/ck-mlperf/program/mlperf-power-client/tmp/2023-03-01_17-08-54/ranging'
client 2023-03-01 17:19:56,481 [INFO] Running workload in testing mode
client 2023-03-01 17:19:56,481 [INFO] Synchronizing with the server and with time.google.com...
client 2023-03-01 17:19:56,549 [INFO] NTP:offset = 0.001 s, delay = 0.012 s 
client 2023-03-01 17:19:56,550 [INFO] Sending command to the server: 'time'
client 2023-03-01 17:19:56,553 [INFO] Got response: '1677691196.5539243'
client 2023-03-01 17:19:56,554 [INFO] The time difference between the client and the server is within range -3.167 ms..0.443 ms
client 2023-03-01 17:19:56,556 [INFO] Sending command to the server: 'session,2023-03-01_17-08-54,start,testing'
client 2023-03-01 17:20:09,573 [INFO] Got response: 'OK'
client 2023-03-01 17:20:09,573 [INFO] Running the workload 'ck benchmark program:image-classification-tflite-loadgen --env.CK_SILENT_MODE=YES --skip_print_timers --dep_add_tags.compiler=gcc,v9 --dep_add_tags.python=v3 --dep_add_tags.mlperf-inference-src=r3.0 --dep_add_tags.weights=mobilenet,v1-0.75-224,non-quantized --dep_add_tags.images=crop.875,preprocessed,using-opencv --dep_add_tags.library=tflite,v2.11.0,with.ruy --env.CK_LOADGEN_DATASET_SIZE=1024 --env.CK_LOADGEN_MODE=PerformanceOnly --env.CK_LOADGEN_SCENARIO=SingleStream --env.CK_LOADGEN_TARGET_LATENCY=$CK_LOADGEN_TARGET_LATENCY --skip_stat_analysis --process_multi_keys --repetitions=1 --record --record_repo=local --record_uoa=mlperf_v3.0-open-firefly-tflite-v2.11.0-ruy-mobilenet-v1-0.75-224-non-quantized-singlestream-performance-target_latency.$CK_LOADGEN_TARGET_LATENCY-power.workload --tags=mlperf,round.v3.0,division.open,task.image-classification,platform.firefly,scenario.singlestream,mode.performance,workload.mobilenet-v1-0.75-224-non-quantized,preprocessed_using.opencv,inference_engine.tflite,inference_engine_version.v2.11.0,inference_engine_backend.ruy,target_latency.$CK_LOADGEN_TARGET_LATENCY,power.workload "@@@{\'meta\': {\'ck_benchmark_program\': \'ck benchmark program:image-classification-tflite-loadgen --env.CK_SILENT_MODE=YES --skip_print_timers --dep_add_tags.compiler=gcc,v9 --dep_add_tags.python=v3 --dep_add_tags.mlperf-inference-src=r3.0 --dep_add_tags.weights=mobilenet,v1-0.75-224,non-quantized --dep_add_tags.images=crop.875,preprocessed,using-opencv --dep_add_tags.library=tflite,v2.11.0,with.ruy --env.CK_LOADGEN_DATASET_SIZE=1024 --env.CK_LOADGEN_MODE=PerformanceOnly --env.CK_LOADGEN_SCENARIO=SingleStream --env.CK_LOADGEN_TARGET_LATENCY=$CK_LOADGEN_TARGET_LATENCY --skip_stat_analysis --process_multi_keys --repetitions=1 --record --record_repo=local --record_uoa=mlperf_v3.0-open-firefly-tflite-v2.11.0-ruy-mobilenet-v1-0.75-224-non-quantized-singlestream-performance-target_latency.$CK_LOADGEN_TARGET_LATENCY-power.workload --tags=mlperf,round.v3.0,division.open,task.image-classification,platform.firefly,scenario.singlestream,mode.performance,workload.mobilenet-v1-0.75-224-non-quantized,preprocessed_using.opencv,inference_engine.tflite,inference_engine_version.v2.11.0,inference_engine_backend.ruy,target_latency.$CK_LOADGEN_TARGET_LATENCY,power.workload\'}}" && cat `ck find program:image-classification-tflite-loadgen`/tmp/mlperf_log_summary.txt && mkdir -p "$CK_MLPERF_POWER_CLIENT_LOADGEN_LOGS" && cp "$CK_MLPERF_POWER_CLIENT_LOADGEN_LOGS"/../mlperf_log_* "$CK_MLPERF_POWER_CLIENT_LOADGEN_LOGS"/'
client 2023-03-01 17:30:32,897 [INFO] Sending command to the server: 'session,2023-03-01_17-08-54,stop,testing'
client 2023-03-01 17:30:43,233 [INFO] Got response: 'OK'
client 2023-03-01 17:30:43,239 [INFO] Copying loadgen logs from '/home/firefly/CK/ck-mlperf/program/image-classification-tflite-loadgen/tmp/loadgen_logs' to '/home/firefly/CK/ck-mlperf/program/mlperf-power-client/tmp/2023-03-01_17-08-54/run_1'
client 2023-03-01 17:30:43,243 [INFO] Done runs
