ptd-server 2023-02-22 17:45:16,397 [INFO] Got command from the client 'time'
ptd-server 2023-02-22 17:45:16,397 [INFO] Sending reply to client '1677087916.3975909'
ptd-server 2023-02-22 17:45:16,403 [INFO] Got command from the client 'new,,a1845ead-f9fe-48d0-9a16-196ac8c6cf2e'
ptd-server 2023-02-22 17:45:16,404 [INFO] Sending reply to client 'OK 2023-02-22_17-45-16,81e5e805-4c10-4515-98df-390d7b48967b'
ptd-server 2023-02-22 17:45:16,428 [INFO] Got command from the client 'time'
ptd-server 2023-02-22 17:45:16,429 [INFO] Sending reply to client '1677087916.429268'
ptd-server 2023-02-22 17:45:16,435 [INFO] Got command from the client 'session,2023-02-22_17-45-16,start,ranging'
ptd-server 2023-02-22 17:45:16,435 [INFO] Running PTDaemon: ['/media/arjun/T7_Touch/hp-envy/CM/repos/local/cache/9b3695ca8255492a/power/inference_v1.0/ptd-linux-x86', '-l', '/tmp/tmp4rr_3znp/ptd_logfile.txt', '-p', '8888', '49', '/dev/usbtmc0']
ptd-server 2023-02-22 17:45:33,534 [INFO] Sending to ptd: 'Hello'
ptd-server 2023-02-22 17:45:33,535 [INFO] Reply from ptd: 'Hello, PTDaemon here!'
ptd-server 2023-02-22 17:45:33,535 [INFO] Sending to ptd: 'Identify'
ptd-server 2023-02-22 17:45:33,536 [INFO] Reply from ptd: 'YokogawaWT310E,1000,1,1,1,1,0,1,1,version=1.10.0-ed9a21d2-20220817,OS=Linux 5.15.0-56-generic #62-Ubuntu SMP Tue Nov 22 19:54:14 UTC 2022 x86_64,mode=power,1,1,1,0,0,no_cal_date,YOKOGAWA;WT310E;C3YD21068E;F1.04'
ptd-server 2023-02-22 17:45:33,537 [INFO] Connected to PTDaemon
ptd-server 2023-02-22 17:45:33,537 [INFO] Sending to ptd: 'RR'
ptd-server 2023-02-22 17:45:33,537 [INFO] Reply from ptd: 'Ranges,0,0.100000,0,600.000000'
ptd-server 2023-02-22 17:45:33,538 [INFO] Initial range for Amps is 0.100000 for Volts is 600.000000
ptd-server 2023-02-22 17:45:33,538 [INFO] Sending to ptd: 'SR,V,Auto'
ptd-server 2023-02-22 17:45:34,042 [INFO] Reply from ptd: 'Range V changed'
ptd-server 2023-02-22 17:45:34,042 [INFO] Sending to ptd: 'SR,A,Auto'
ptd-server 2023-02-22 17:45:34,546 [INFO] Reply from ptd: 'Range A changed'
ptd-server 2023-02-22 17:45:44,556 [INFO] Starting ranging mode
ptd-server 2023-02-22 17:45:44,557 [INFO] Sending to ptd: 'Go,1000,0,2023-02-22_17-45-16_ranging'
ptd-server 2023-02-22 17:45:44,558 [INFO] Reply from ptd: 'Starting untimed measurement, maximum 500000 samples at 1000ms with 0 rampup samples'
ptd-server 2023-02-22 17:45:44,558 [INFO] Sending reply to client 'OK'
ptd-server 2023-02-22 17:57:23,101 [INFO] Got command from the client 'session,2023-02-22_17-45-16,stop,ranging'
ptd-server 2023-02-22 17:57:33,112 [INFO] Sending to ptd: 'Stop'
ptd-server 2023-02-22 17:57:33,113 [INFO] Reply from ptd: 'Stopping untimed measurement'
ptd-server 2023-02-22 17:57:33,189 [INFO] Sending reply to client 'OK'
ptd-server 2023-02-22 17:57:33,243 [INFO] Got command from the client 'time'
ptd-server 2023-02-22 17:57:33,243 [INFO] Sending reply to client '1677088653.2432456'
ptd-server 2023-02-22 17:57:33,247 [INFO] Got command from the client 'session,2023-02-22_17-45-16,start,testing'
ptd-server 2023-02-22 17:57:33,247 [INFO] Sending to ptd: 'SR,V,246.710000'
ptd-server 2023-02-22 17:57:35,062 [INFO] Reply from ptd: 'Range V changed'
ptd-server 2023-02-22 17:57:35,063 [INFO] Sending to ptd: 'SR,A,0.260330'
ptd-server 2023-02-22 17:57:36,565 [INFO] Reply from ptd: 'Range A changed'
ptd-server 2023-02-22 17:57:46,576 [INFO] Starting testing mode
ptd-server 2023-02-22 17:57:46,577 [INFO] Sending to ptd: 'Go,1000,0,2023-02-22_17-45-16_testing'
ptd-server 2023-02-22 17:57:46,578 [INFO] Reply from ptd: 'Starting untimed measurement, maximum 500000 samples at 1000ms with 0 rampup samples'
ptd-server 2023-02-22 17:57:46,578 [INFO] Sending reply to client 'OK'
ptd-server 2023-02-22 18:09:28,789 [INFO] Got command from the client 'session,2023-02-22_17-45-16,stop,testing'
ptd-server 2023-02-22 18:09:38,800 [INFO] Sending to ptd: 'Stop'
ptd-server 2023-02-22 18:09:38,801 [INFO] Reply from ptd: 'Stopping untimed measurement'
ptd-server 2023-02-22 18:09:38,839 [INFO] Sending reply to client 'OK'
ptd-server 2023-02-22 18:09:38,855 [INFO] Got command from the client 'session,2023-02-22_17-45-16,done'
ptd-server 2023-02-22 18:09:38,855 [INFO] Sending to ptd: 'Stop'
ptd-server 2023-02-22 18:09:39,580 [INFO] Reply from ptd: 'Error: no measurement to stop'
ptd-server 2023-02-22 18:09:39,580 [INFO] Sending to ptd: 'SR,V,600.000000'
ptd-server 2023-02-22 18:09:41,084 [INFO] Reply from ptd: 'Range V changed'
ptd-server 2023-02-22 18:09:41,084 [INFO] Sending to ptd: 'SR,A,0.100000'
ptd-server 2023-02-22 18:09:42,587 [INFO] Reply from ptd: 'Range A changed'
ptd-server 2023-02-22 18:09:42,588 [INFO] Set initial values for Amps 0.100000 and Volts 600.000000
ptd-server 2023-02-22 18:09:42,588 [INFO] Stopping ptd...
