ptd-server 2023-02-24 07:39:08,762 [INFO] Got command from the client 'time'
ptd-server 2023-02-24 07:39:08,762 [INFO] Sending reply to client '1677245948.7628684'
ptd-server 2023-02-24 07:39:08,764 [INFO] Got command from the client 'new,,35472fde-f806-4664-ab9a-ba63accb2119'
ptd-server 2023-02-24 07:39:08,764 [INFO] Sending reply to client 'OK 2023-02-24_07-39-08,eb07465e-d982-4ac7-9f06-00775149d91f'
ptd-server 2023-02-24 07:39:08,845 [INFO] Got command from the client 'time'
ptd-server 2023-02-24 07:39:08,846 [INFO] Sending reply to client '1677245948.8461301'
ptd-server 2023-02-24 07:39:08,847 [INFO] Got command from the client 'session,2023-02-24_07-39-08,start,ranging'
ptd-server 2023-02-24 07:39:08,847 [INFO] Running PTDaemon: ['/local/mnt/workspace/mlcommons/power-main/inference_v1.0/ptd-linux-x86', '-l', '/tmp/tmpqybqiqrs/ptd_logfile.txt', '-p', '8888', '-c', '1,2', '77', '/dev/usbtmc0']
ptd-server 2023-02-24 07:39:27,380 [INFO] Sending to ptd: 'Hello'
ptd-server 2023-02-24 07:39:27,381 [INFO] Reply from ptd: 'Hello, PTDaemon here!'
ptd-server 2023-02-24 07:39:27,381 [INFO] Sending to ptd: 'Identify'
ptd-server 2023-02-24 07:39:27,381 [INFO] Reply from ptd: 'YokogawaWT330_multichannel,1000,1,1,1,1,0,0,1,version=1.10.0-ed9a21d2-20220817,OS=Linux 5.4.0-120-generic #136~18.04.1-Ubuntu SMP Fri Jun 10 18:00:44 UTC 2022 x86_64,mode=power,1,1,2,0,0,no_cal_date,YOKOGAWA;WT333E;C2XC17004V;F1.04'
ptd-server 2023-02-24 07:39:27,382 [INFO] Connected to PTDaemon
ptd-server 2023-02-24 07:39:27,382 [INFO] Sending to ptd: 'RR'
ptd-server 2023-02-24 07:39:27,382 [INFO] Reply from ptd: 'Ranges,1,2.000000,1,300.000000'
ptd-server 2023-02-24 07:39:27,383 [INFO] Initial range for Amps is Auto for Volts is Auto
ptd-server 2023-02-24 07:39:27,383 [INFO] Sending to ptd: 'SR,V,Auto'
ptd-server 2023-02-24 07:39:32,436 [INFO] Reply from ptd: 'Range V changed'
ptd-server 2023-02-24 07:39:32,437 [INFO] Sending to ptd: 'SR,A,Auto'
ptd-server 2023-02-24 07:39:37,490 [INFO] Reply from ptd: 'Range A changed'
ptd-server 2023-02-24 07:39:47,501 [INFO] Starting ranging mode
ptd-server 2023-02-24 07:39:47,501 [INFO] Sending to ptd: 'Go,1000,0,2023-02-24_07-39-08_ranging'
ptd-server 2023-02-24 07:39:47,502 [INFO] Reply from ptd: 'Starting untimed measurement, maximum 500000 samples at 1000ms with 0 rampup samples'
ptd-server 2023-02-24 07:39:47,502 [INFO] Sending reply to client 'OK'
ptd-server 2023-02-24 07:58:25,925 [INFO] Got command from the client 'session,2023-02-24_07-39-08,stop,ranging'
ptd-server 2023-02-24 07:58:35,935 [INFO] Sending to ptd: 'Stop'
ptd-server 2023-02-24 07:58:35,936 [INFO] Reply from ptd: 'Stopping untimed measurement'
ptd-server 2023-02-24 07:58:36,000 [INFO] Sending reply to client 'OK'
ptd-server 2023-02-24 07:58:36,088 [INFO] Got command from the client 'time'
ptd-server 2023-02-24 07:58:36,088 [INFO] Sending reply to client '1677247116.0884063'
ptd-server 2023-02-24 07:58:36,089 [INFO] Got command from the client 'session,2023-02-24_07-39-08,start,testing'
ptd-server 2023-02-24 07:58:36,089 [INFO] Sending to ptd: 'SR,V,206.890000'
ptd-server 2023-02-24 07:58:42,555 [INFO] Reply from ptd: 'Range V changed'
ptd-server 2023-02-24 07:58:42,555 [INFO] Sending to ptd: 'SR,A,4.161500'
ptd-server 2023-02-24 07:58:48,108 [INFO] Reply from ptd: 'Range A changed'
ptd-server 2023-02-24 07:58:58,118 [INFO] Starting testing mode
ptd-server 2023-02-24 07:58:58,118 [INFO] Sending to ptd: 'Go,1000,0,2023-02-24_07-39-08_testing'
ptd-server 2023-02-24 07:58:58,119 [INFO] Reply from ptd: 'Starting untimed measurement, maximum 500000 samples at 1000ms with 0 rampup samples'
ptd-server 2023-02-24 07:58:58,119 [INFO] Sending reply to client 'OK'
ptd-server 2023-02-24 08:17:40,884 [INFO] Got command from the client 'session,2023-02-24_07-39-08,stop,testing'
ptd-server 2023-02-24 08:17:50,895 [INFO] Sending to ptd: 'Stop'
ptd-server 2023-02-24 08:17:50,895 [INFO] Reply from ptd: 'Stopping untimed measurement'
ptd-server 2023-02-24 08:17:50,924 [INFO] Sending reply to client 'OK'
ptd-server 2023-02-24 08:17:50,929 [INFO] Got command from the client 'session,2023-02-24_07-39-08,done'
ptd-server 2023-02-24 08:17:50,929 [INFO] Sending to ptd: 'Stop'
ptd-server 2023-02-24 08:17:51,120 [INFO] Reply from ptd: 'Error: no measurement to stop'
ptd-server 2023-02-24 08:17:51,121 [INFO] Sending to ptd: 'SR,V,Auto'
ptd-server 2023-02-24 08:17:56,174 [INFO] Reply from ptd: 'Range V changed'
ptd-server 2023-02-24 08:17:56,174 [INFO] Sending to ptd: 'SR,A,Auto'
ptd-server 2023-02-24 08:18:01,228 [INFO] Reply from ptd: 'Range A changed'
ptd-server 2023-02-24 08:18:01,228 [INFO] Set initial values for Amps Auto and Volts Auto
ptd-server 2023-02-24 08:18:01,228 [INFO] Stopping ptd...
