ptd-server 2023-02-20 05:45:15,941 [INFO] Got command from the client 'time'
ptd-server 2023-02-20 05:45:15,941 [INFO] Sending reply to client '1676871915.9415932'
ptd-server 2023-02-20 05:45:15,942 [INFO] Got command from the client 'new,,4663a830-b37b-4211-a187-b7875bbe8db2'
ptd-server 2023-02-20 05:45:15,943 [INFO] Sending reply to client 'OK 2023-02-20_05-45-15,899ec1c7-dbdc-4fe4-aa21-dde23725ab67'
ptd-server 2023-02-20 05:45:15,986 [INFO] Got command from the client 'time'
ptd-server 2023-02-20 05:45:15,986 [INFO] Sending reply to client '1676871915.9861712'
ptd-server 2023-02-20 05:45:15,987 [INFO] Got command from the client 'session,2023-02-20_05-45-15,start,ranging'
ptd-server 2023-02-20 05:45:15,987 [INFO] Running PTDaemon: ['/home/anton/projects/mlperf/power/inference_v1.0/ptd-linux-x86', '-l', '/tmp/tmp4yl1neqp/ptd_logfile.txt', '-p', '8888', '49', '/dev/usbtmc0']
ptd-server 2023-02-20 05:45:33,060 [INFO] Sending to ptd: 'Hello'
ptd-server 2023-02-20 05:45:33,061 [INFO] Reply from ptd: 'Hello, PTDaemon here!'
ptd-server 2023-02-20 05:45:33,061 [INFO] Sending to ptd: 'Identify'
ptd-server 2023-02-20 05:45:33,061 [INFO] Reply from ptd: 'YokogawaWT310E,1000,1,1,1,1,0,1,1,version=1.10.0-ed9a21d2-20220817,OS=Linux 5.15.0-60-generic #66~20.04.1-Ubuntu SMP Wed Jan 25 09:41:30 UTC 2023 x86_64,mode=power,1,1,1,0,0,no_cal_date,YOKOGAWA;WT310E;C3XA04010E;F1.04'
ptd-server 2023-02-20 05:45:33,061 [INFO] Connected to PTDaemon
ptd-server 2023-02-20 05:45:33,062 [INFO] Sending to ptd: 'RR'
ptd-server 2023-02-20 05:45:33,062 [INFO] Reply from ptd: 'Ranges,0,0.500000,1,300.000000'
ptd-server 2023-02-20 05:45:33,062 [INFO] Initial range for Amps is 0.500000 for Volts is Auto
ptd-server 2023-02-20 05:45:33,062 [INFO] Sending to ptd: 'SR,V,Auto'
ptd-server 2023-02-20 05:45:33,565 [INFO] Reply from ptd: 'Range V changed'
ptd-server 2023-02-20 05:45:33,565 [INFO] Sending to ptd: 'SR,A,Auto'
ptd-server 2023-02-20 05:45:34,067 [INFO] Reply from ptd: 'Range A changed'
ptd-server 2023-02-20 05:45:44,078 [INFO] Starting ranging mode
ptd-server 2023-02-20 05:45:44,078 [INFO] Sending to ptd: 'Go,1000,0,2023-02-20_05-45-15_ranging'
ptd-server 2023-02-20 05:45:44,078 [INFO] Reply from ptd: 'Starting untimed measurement, maximum 500000 samples at 1000ms with 0 rampup samples'
ptd-server 2023-02-20 05:45:44,078 [INFO] Sending reply to client 'OK'
ptd-server 2023-02-20 05:56:11,398 [INFO] Got command from the client 'session,2023-02-20_05-45-15,stop,ranging'
ptd-server 2023-02-20 05:56:21,409 [INFO] Sending to ptd: 'Stop'
ptd-server 2023-02-20 05:56:21,409 [INFO] Reply from ptd: 'Stopping untimed measurement'
ptd-server 2023-02-20 05:56:21,564 [INFO] Sending reply to client 'OK'
ptd-server 2023-02-20 05:56:21,602 [INFO] Got command from the client 'time'
ptd-server 2023-02-20 05:56:21,602 [INFO] Sending reply to client '1676872581.602485'
ptd-server 2023-02-20 05:56:21,603 [INFO] Got command from the client 'session,2023-02-20_05-45-15,start,testing'
ptd-server 2023-02-20 05:56:21,603 [INFO] Sending to ptd: 'SR,V,252.810000'
ptd-server 2023-02-20 05:56:23,579 [INFO] Reply from ptd: 'Range V changed'
ptd-server 2023-02-20 05:56:23,579 [INFO] Sending to ptd: 'SR,A,0.070290'
ptd-server 2023-02-20 05:56:25,080 [INFO] Reply from ptd: 'Range A changed'
ptd-server 2023-02-20 05:56:35,091 [INFO] Starting testing mode
ptd-server 2023-02-20 05:56:35,091 [INFO] Sending to ptd: 'Go,1000,0,2023-02-20_05-45-15_testing'
ptd-server 2023-02-20 05:56:35,091 [INFO] Reply from ptd: 'Starting untimed measurement, maximum 500000 samples at 1000ms with 0 rampup samples'
ptd-server 2023-02-20 05:56:35,092 [INFO] Sending reply to client 'OK'
ptd-server 2023-02-20 06:07:02,303 [INFO] Got command from the client 'session,2023-02-20_05-45-15,stop,testing'
ptd-server 2023-02-20 06:07:12,314 [INFO] Sending to ptd: 'Stop'
ptd-server 2023-02-20 06:07:12,314 [INFO] Reply from ptd: 'Stopping untimed measurement'
ptd-server 2023-02-20 06:07:12,401 [INFO] Sending reply to client 'OK'
ptd-server 2023-02-20 06:07:12,409 [INFO] Got command from the client 'session,2023-02-20_05-45-15,done'
ptd-server 2023-02-20 06:07:12,409 [INFO] Sending to ptd: 'Stop'
ptd-server 2023-02-20 06:07:13,091 [INFO] Reply from ptd: 'Error: no measurement to stop'
ptd-server 2023-02-20 06:07:13,091 [INFO] Sending to ptd: 'SR,V,Auto'
ptd-server 2023-02-20 06:07:13,594 [INFO] Reply from ptd: 'Range V changed'
ptd-server 2023-02-20 06:07:13,594 [INFO] Sending to ptd: 'SR,A,0.500000'
ptd-server 2023-02-20 06:07:15,095 [INFO] Reply from ptd: 'Range A changed'
ptd-server 2023-02-20 06:07:15,096 [INFO] Set initial values for Amps 0.500000 and Volts Auto
ptd-server 2023-02-20 06:07:15,096 [INFO] Stopping ptd...
