ptd-server 2023-02-22 18:29:58,336 [INFO] Got command from the client 'time'
ptd-server 2023-02-22 18:29:58,336 [INFO] Sending reply to client '1677090598.3368926'
ptd-server 2023-02-22 18:29:58,341 [INFO] Got command from the client 'new,,ad242faf-9299-4d07-a410-46722d2cdf39'
ptd-server 2023-02-22 18:29:58,343 [INFO] Sending reply to client 'OK 2023-02-22_18-29-58,8fbcd3e9-0fab-42f6-8d84-21fc40ace038'
ptd-server 2023-02-22 18:29:58,365 [INFO] Got command from the client 'time'
ptd-server 2023-02-22 18:29:58,365 [INFO] Sending reply to client '1677090598.365885'
ptd-server 2023-02-22 18:29:58,369 [INFO] Got command from the client 'session,2023-02-22_18-29-58,start,ranging'
ptd-server 2023-02-22 18:29:58,370 [INFO] Running PTDaemon: ['/media/arjun/T7_Touch/hp-envy/CM/repos/local/cache/9b3695ca8255492a/power/inference_v1.0/ptd-linux-x86', '-l', '/tmp/tmp4rr_3znp/ptd_logfile.txt', '-p', '8888', '49', '/dev/usbtmc0']
ptd-server 2023-02-22 18:30:15,464 [INFO] Sending to ptd: 'Hello'
ptd-server 2023-02-22 18:30:15,465 [INFO] Reply from ptd: 'Hello, PTDaemon here!'
ptd-server 2023-02-22 18:30:15,465 [INFO] Sending to ptd: 'Identify'
ptd-server 2023-02-22 18:30:15,466 [INFO] Reply from ptd: 'YokogawaWT310E,1000,1,1,1,1,0,1,1,version=1.10.0-ed9a21d2-20220817,OS=Linux 5.15.0-56-generic #62-Ubuntu SMP Tue Nov 22 19:54:14 UTC 2022 x86_64,mode=power,1,1,1,0,0,no_cal_date,YOKOGAWA;WT310E;C3YD21068E;F1.04'
ptd-server 2023-02-22 18:30:15,466 [INFO] Connected to PTDaemon
ptd-server 2023-02-22 18:30:15,467 [INFO] Sending to ptd: 'RR'
ptd-server 2023-02-22 18:30:15,468 [INFO] Reply from ptd: 'Ranges,0,0.100000,0,600.000000'
ptd-server 2023-02-22 18:30:15,468 [INFO] Initial range for Amps is 0.100000 for Volts is 600.000000
ptd-server 2023-02-22 18:30:15,468 [INFO] Sending to ptd: 'SR,V,Auto'
ptd-server 2023-02-22 18:30:15,972 [INFO] Reply from ptd: 'Range V changed'
ptd-server 2023-02-22 18:30:15,972 [INFO] Sending to ptd: 'SR,A,Auto'
ptd-server 2023-02-22 18:30:16,476 [INFO] Reply from ptd: 'Range A changed'
ptd-server 2023-02-22 18:30:26,487 [INFO] Starting ranging mode
ptd-server 2023-02-22 18:30:26,488 [INFO] Sending to ptd: 'Go,1000,0,2023-02-22_18-29-58_ranging'
ptd-server 2023-02-22 18:30:26,489 [INFO] Reply from ptd: 'Starting untimed measurement, maximum 500000 samples at 1000ms with 0 rampup samples'
ptd-server 2023-02-22 18:30:26,489 [INFO] Sending reply to client 'OK'
ptd-server 2023-02-22 18:40:52,346 [INFO] Got command from the client 'session,2023-02-22_18-29-58,stop,ranging'
ptd-server 2023-02-22 18:41:02,357 [INFO] Sending to ptd: 'Stop'
ptd-server 2023-02-22 18:41:02,358 [INFO] Reply from ptd: 'Stopping untimed measurement'
ptd-server 2023-02-22 18:41:02,433 [INFO] Sending reply to client 'OK'
ptd-server 2023-02-22 18:41:02,492 [INFO] Got command from the client 'time'
ptd-server 2023-02-22 18:41:02,492 [INFO] Sending reply to client '1677091262.4926343'
ptd-server 2023-02-22 18:41:02,496 [INFO] Got command from the client 'session,2023-02-22_18-29-58,start,testing'
ptd-server 2023-02-22 18:41:02,496 [INFO] Sending to ptd: 'SR,V,248.840000'
ptd-server 2023-02-22 18:41:03,999 [INFO] Reply from ptd: 'Range V changed'
ptd-server 2023-02-22 18:41:03,999 [INFO] Sending to ptd: 'SR,A,0.269980'
ptd-server 2023-02-22 18:41:05,502 [INFO] Reply from ptd: 'Range A changed'
ptd-server 2023-02-22 18:41:15,513 [INFO] Starting testing mode
ptd-server 2023-02-22 18:41:15,514 [INFO] Sending to ptd: 'Go,1000,0,2023-02-22_18-29-58_testing'
ptd-server 2023-02-22 18:41:15,515 [INFO] Reply from ptd: 'Starting untimed measurement, maximum 500000 samples at 1000ms with 0 rampup samples'
ptd-server 2023-02-22 18:41:15,515 [INFO] Sending reply to client 'OK'
ptd-server 2023-02-22 18:51:39,309 [INFO] Got command from the client 'session,2023-02-22_18-29-58,stop,testing'
ptd-server 2023-02-22 18:51:49,320 [INFO] Sending to ptd: 'Stop'
ptd-server 2023-02-22 18:51:49,321 [INFO] Reply from ptd: 'Stopping untimed measurement'
ptd-server 2023-02-22 18:51:49,363 [INFO] Sending reply to client 'OK'
ptd-server 2023-02-22 18:51:49,378 [INFO] Got command from the client 'session,2023-02-22_18-29-58,done'
ptd-server 2023-02-22 18:51:49,379 [INFO] Sending to ptd: 'Stop'
ptd-server 2023-02-22 18:51:49,516 [INFO] Reply from ptd: 'Error: no measurement to stop'
ptd-server 2023-02-22 18:51:49,516 [INFO] Sending to ptd: 'SR,V,600.000000'
ptd-server 2023-02-22 18:51:51,019 [INFO] Reply from ptd: 'Range V changed'
ptd-server 2023-02-22 18:51:51,020 [INFO] Sending to ptd: 'SR,A,0.100000'
ptd-server 2023-02-22 18:51:52,523 [INFO] Reply from ptd: 'Range A changed'
ptd-server 2023-02-22 18:51:52,523 [INFO] Set initial values for Amps 0.100000 and Volts 600.000000
ptd-server 2023-02-22 18:51:52,524 [INFO] Stopping ptd...
