ptd-server 2023-02-24 04:30:02,126 [INFO] Got command from the client 'time'
ptd-server 2023-02-24 04:30:02,126 [INFO] Sending reply to client '1677213002.1261773'
ptd-server 2023-02-24 04:30:02,127 [INFO] Got command from the client 'new,,fafbbab3-a346-4e78-95e0-78f46191e6d2'
ptd-server 2023-02-24 04:30:02,127 [INFO] Sending reply to client 'OK 2023-02-24_04-30-02,4ed46281-40cb-480a-8453-1a909e817f55'
ptd-server 2023-02-24 04:30:02,151 [INFO] Got command from the client 'time'
ptd-server 2023-02-24 04:30:02,151 [INFO] Sending reply to client '1677213002.1516101'
ptd-server 2023-02-24 04:30:02,152 [INFO] Got command from the client 'session,2023-02-24_04-30-02,start,ranging'
ptd-server 2023-02-24 04:30:02,153 [INFO] Running PTDaemon: ['/home/anton/projects/mlperf/power/inference_v1.0/ptd-linux-x86', '-l', '/tmp/tmp4yl1neqp/ptd_logfile.txt', '-p', '8888', '49', '/dev/usbtmc0']
ptd-server 2023-02-24 04:30:19,226 [INFO] Sending to ptd: 'Hello'
ptd-server 2023-02-24 04:30:19,227 [INFO] Reply from ptd: 'Hello, PTDaemon here!'
ptd-server 2023-02-24 04:30:19,227 [INFO] Sending to ptd: 'Identify'
ptd-server 2023-02-24 04:30:19,227 [INFO] Reply from ptd: 'YokogawaWT310E,1000,1,1,1,1,0,1,1,version=1.10.0-ed9a21d2-20220817,OS=Linux 5.15.0-60-generic #66~20.04.1-Ubuntu SMP Wed Jan 25 09:41:30 UTC 2023 x86_64,mode=power,1,1,1,0,0,no_cal_date,YOKOGAWA;WT310E;C3XA04010E;F1.04'
ptd-server 2023-02-24 04:30:19,228 [INFO] Connected to PTDaemon
ptd-server 2023-02-24 04:30:19,228 [INFO] Sending to ptd: 'RR'
ptd-server 2023-02-24 04:30:19,228 [INFO] Reply from ptd: 'Ranges,1,0.100000,1,300.000000'
ptd-server 2023-02-24 04:30:19,228 [INFO] Initial range for Amps is Auto for Volts is Auto
ptd-server 2023-02-24 04:30:19,228 [INFO] Sending to ptd: 'SR,V,Auto'
ptd-server 2023-02-24 04:30:19,731 [INFO] Reply from ptd: 'Range V changed'
ptd-server 2023-02-24 04:30:19,731 [INFO] Sending to ptd: 'SR,A,Auto'
ptd-server 2023-02-24 04:30:20,233 [INFO] Reply from ptd: 'Range A changed'
ptd-server 2023-02-24 04:30:30,244 [INFO] Starting ranging mode
ptd-server 2023-02-24 04:30:30,244 [INFO] Sending to ptd: 'Go,1000,0,2023-02-24_04-30-02_ranging'
ptd-server 2023-02-24 04:30:30,244 [INFO] Reply from ptd: 'Starting untimed measurement, maximum 500000 samples at 1000ms with 0 rampup samples'
ptd-server 2023-02-24 04:30:30,244 [INFO] Sending reply to client 'OK'
ptd-server 2023-02-24 04:40:46,666 [INFO] Got command from the client 'session,2023-02-24_04-30-02,stop,ranging'
ptd-server 2023-02-24 04:40:56,676 [INFO] Sending to ptd: 'Stop'
ptd-server 2023-02-24 04:40:56,677 [INFO] Reply from ptd: 'Stopping untimed measurement'
ptd-server 2023-02-24 04:40:57,288 [INFO] Sending reply to client 'OK'
ptd-server 2023-02-24 04:40:57,386 [INFO] Got command from the client 'time'
ptd-server 2023-02-24 04:40:57,386 [INFO] Sending reply to client '1677213657.3863468'
ptd-server 2023-02-24 04:40:57,387 [INFO] Got command from the client 'session,2023-02-24_04-30-02,start,testing'
ptd-server 2023-02-24 04:40:57,387 [INFO] Sending to ptd: 'SR,V,248.940000'
ptd-server 2023-02-24 04:40:58,889 [INFO] Reply from ptd: 'Range V changed'
ptd-server 2023-02-24 04:40:58,889 [INFO] Sending to ptd: 'SR,A,0.057270'
ptd-server 2023-02-24 04:41:00,390 [INFO] Reply from ptd: 'Range A changed'
ptd-server 2023-02-24 04:41:10,401 [INFO] Starting testing mode
ptd-server 2023-02-24 04:41:10,401 [INFO] Sending to ptd: 'Go,1000,0,2023-02-24_04-30-02_testing'
ptd-server 2023-02-24 04:41:10,401 [INFO] Reply from ptd: 'Starting untimed measurement, maximum 500000 samples at 1000ms with 0 rampup samples'
ptd-server 2023-02-24 04:41:10,401 [INFO] Sending reply to client 'OK'
ptd-server 2023-02-24 04:51:26,724 [INFO] Got command from the client 'session,2023-02-24_04-30-02,stop,testing'
ptd-server 2023-02-24 04:51:36,734 [INFO] Sending to ptd: 'Stop'
ptd-server 2023-02-24 04:51:36,735 [INFO] Reply from ptd: 'Stopping untimed measurement'
ptd-server 2023-02-24 04:51:37,043 [INFO] Sending reply to client 'OK'
ptd-server 2023-02-24 04:51:37,051 [INFO] Got command from the client 'session,2023-02-24_04-30-02,done'
ptd-server 2023-02-24 04:51:37,051 [INFO] Sending to ptd: 'Stop'
ptd-server 2023-02-24 04:51:37,401 [INFO] Reply from ptd: 'Error: no measurement to stop'
ptd-server 2023-02-24 04:51:37,401 [INFO] Sending to ptd: 'SR,V,Auto'
ptd-server 2023-02-24 04:51:37,904 [INFO] Reply from ptd: 'Range V changed'
ptd-server 2023-02-24 04:51:37,904 [INFO] Sending to ptd: 'SR,A,Auto'
ptd-server 2023-02-24 04:51:38,406 [INFO] Reply from ptd: 'Range A changed'
ptd-server 2023-02-24 04:51:38,407 [INFO] Set initial values for Amps Auto and Volts Auto
ptd-server 2023-02-24 04:51:38,407 [INFO] Stopping ptd...
