ptd-server 2023-03-01 09:27:48,344 [INFO] Got command from the client 'time'
ptd-server 2023-03-01 09:27:48,344 [INFO] Sending reply to client '1677662868.3442054'
ptd-server 2023-03-01 09:27:48,346 [INFO] Got command from the client 'new,,847a3809-f393-443f-9b1c-148e0449848f'
ptd-server 2023-03-01 09:27:48,346 [INFO] Sending reply to client 'OK 2023-03-01_09-27-48,b54b7cf4-33dc-4ece-abea-6b08898b1bfc'
ptd-server 2023-03-01 09:27:48,373 [INFO] Got command from the client 'time'
ptd-server 2023-03-01 09:27:48,373 [INFO] Sending reply to client '1677662868.3737457'
ptd-server 2023-03-01 09:27:48,376 [INFO] Got command from the client 'session,2023-03-01_09-27-48,start,ranging'
ptd-server 2023-03-01 09:27:48,377 [INFO] Running PTDaemon: ['/home/anton/projects/mlperf/power/inference_v1.0/ptd-linux-x86', '-l', '/tmp/tmpu4v721n6/ptd_logfile.txt', '-p', '8888', '49', '/dev/usbtmc0']
ptd-server 2023-03-01 09:28:05,464 [INFO] Sending to ptd: 'Hello'
ptd-server 2023-03-01 09:28:05,464 [INFO] Reply from ptd: 'Hello, PTDaemon here!'
ptd-server 2023-03-01 09:28:05,464 [INFO] Sending to ptd: 'Identify'
ptd-server 2023-03-01 09:28:05,465 [INFO] Reply from ptd: 'YokogawaWT310E,1000,1,1,1,1,0,1,1,version=1.10.0-ed9a21d2-20220817,OS=Linux 5.15.0-60-generic #66~20.04.1-Ubuntu SMP Wed Jan 25 09:41:30 UTC 2023 x86_64,mode=power,1,1,1,0,0,no_cal_date,YOKOGAWA;WT310E;C3XA04010E;F1.04'
ptd-server 2023-03-01 09:28:05,465 [INFO] Connected to PTDaemon
ptd-server 2023-03-01 09:28:05,465 [INFO] Sending to ptd: 'RR'
ptd-server 2023-03-01 09:28:05,465 [INFO] Reply from ptd: 'Ranges,0,0.100000,0,300.000000'
ptd-server 2023-03-01 09:28:05,465 [INFO] Initial range for Amps is 0.100000 for Volts is 300.000000
ptd-server 2023-03-01 09:28:05,465 [INFO] Sending to ptd: 'SR,V,Auto'
ptd-server 2023-03-01 09:28:05,968 [INFO] Reply from ptd: 'Range V changed'
ptd-server 2023-03-01 09:28:05,968 [INFO] Sending to ptd: 'SR,A,Auto'
ptd-server 2023-03-01 09:28:06,471 [INFO] Reply from ptd: 'Range A changed'
ptd-server 2023-03-01 09:28:16,480 [INFO] Starting ranging mode
ptd-server 2023-03-01 09:28:16,480 [INFO] Sending to ptd: 'Go,1000,0,2023-03-01_09-27-48_ranging'
ptd-server 2023-03-01 09:28:16,480 [INFO] Reply from ptd: 'Starting untimed measurement, maximum 500000 samples at 1000ms with 0 rampup samples'
ptd-server 2023-03-01 09:28:16,481 [INFO] Sending reply to client 'OK'
ptd-server 2023-03-01 09:38:40,991 [INFO] Got command from the client 'session,2023-03-01_09-27-48,stop,ranging'
ptd-server 2023-03-01 09:38:51,000 [INFO] Sending to ptd: 'Stop'
ptd-server 2023-03-01 09:38:51,000 [INFO] Reply from ptd: 'Stopping untimed measurement'
ptd-server 2023-03-01 09:38:51,605 [INFO] Sending reply to client 'OK'
ptd-server 2023-03-01 09:38:51,658 [INFO] Got command from the client 'time'
ptd-server 2023-03-01 09:38:51,658 [INFO] Sending reply to client '1677663531.6586175'
ptd-server 2023-03-01 09:38:51,660 [INFO] Got command from the client 'session,2023-03-01_09-27-48,start,testing'
ptd-server 2023-03-01 09:38:51,660 [INFO] Sending to ptd: 'SR,V,250.340000'
ptd-server 2023-03-01 09:38:53,161 [INFO] Reply from ptd: 'Range V changed'
ptd-server 2023-03-01 09:38:53,162 [INFO] Sending to ptd: 'SR,A,0.077730'
ptd-server 2023-03-01 09:38:54,663 [INFO] Reply from ptd: 'Range A changed'
ptd-server 2023-03-01 09:39:04,672 [INFO] Starting testing mode
ptd-server 2023-03-01 09:39:04,672 [INFO] Sending to ptd: 'Go,1000,0,2023-03-01_09-27-48_testing'
ptd-server 2023-03-01 09:39:04,672 [INFO] Reply from ptd: 'Starting untimed measurement, maximum 500000 samples at 1000ms with 0 rampup samples'
ptd-server 2023-03-01 09:39:04,673 [INFO] Sending reply to client 'OK'
ptd-server 2023-03-01 09:49:28,867 [INFO] Got command from the client 'session,2023-03-01_09-27-48,stop,testing'
ptd-server 2023-03-01 09:49:38,876 [INFO] Sending to ptd: 'Stop'
ptd-server 2023-03-01 09:49:38,876 [INFO] Reply from ptd: 'Stopping untimed measurement'
ptd-server 2023-03-01 09:49:39,186 [INFO] Sending reply to client 'OK'
ptd-server 2023-03-01 09:49:39,207 [INFO] Got command from the client 'session,2023-03-01_09-27-48,done'
ptd-server 2023-03-01 09:49:39,207 [INFO] Sending to ptd: 'Stop'
ptd-server 2023-03-01 09:49:39,672 [INFO] Reply from ptd: 'Error: no measurement to stop'
ptd-server 2023-03-01 09:49:39,672 [INFO] Sending to ptd: 'SR,V,300.000000'
ptd-server 2023-03-01 09:49:41,174 [INFO] Reply from ptd: 'Range V changed'
ptd-server 2023-03-01 09:49:41,174 [INFO] Sending to ptd: 'SR,A,0.100000'
ptd-server 2023-03-01 09:49:42,675 [INFO] Reply from ptd: 'Range A changed'
ptd-server 2023-03-01 09:49:42,675 [INFO] Set initial values for Amps 0.100000 and Volts 300.000000
ptd-server 2023-03-01 09:49:42,676 [INFO] Stopping ptd...
