client 2023-02-21 17:53:12,096 [WARNING] Removing loadgen logs directory '/home/khadas/CK/ck-mlperf/program/image-classification-armnn-tflite-loadgen/tmp/loadgen_logs'
client 2023-02-21 17:53:12,097 [INFO] Sending command to the server: 'mlcommons/power client v3'
client 2023-02-21 17:53:12,098 [INFO] Got response: 'mlcommons/power server v3'
client 2023-02-21 17:53:12,098 [INFO] Synchronizing with the server and with time.google.com...
client 2023-02-21 17:53:12,122 [INFO] NTP:offset = -0.000 s, delay = 0.012 s 
client 2023-02-21 17:53:12,122 [INFO] Sending command to the server: 'time'
client 2023-02-21 17:53:12,123 [INFO] Got response: '1677001992.1228776'
client 2023-02-21 17:53:12,123 [INFO] The time difference between the client and the server is within range -0.154 ms..0.850 ms
client 2023-02-21 17:53:12,123 [INFO] Sending command to the server: 'new,,5fe11ca5-0dce-47d0-a733-7a86a535959e'
client 2023-02-21 17:53:12,125 [INFO] Got response: 'OK 2023-02-21_17-53-12,1d5e1354-708d-480c-80ce-afa8d00567c7'
client 2023-02-21 17:53:12,125 [INFO] Session id is '2023-02-21_17-53-12'
client 2023-02-21 17:53:12,125 [INFO] Sources: {"sources": {"__init__.py": "da39a3ee5e6b4b0d3255bfef95601890afd80709", "client.py": "33ca4f26368777ac06e01f9567b714a4b8063886", "lib/__init__.py": "da39a3ee5e6b4b0d3255bfef95601890afd80709", "lib/client.py": "4c2b78fb4849a7e5b584ef792d82aaed20b17f57", "lib/common.py": "624d0c0acc7c39aaff3674f0b99d6a09da53d1dc", "lib/external/__init__.py": "da39a3ee5e6b4b0d3255bfef95601890afd80709", "lib/external/ntplib.py": "4da8f970656505a40483206ef2b5d3dd5e81711d", "lib/server.py": "cda0cdfaee9bfa1249c64a7dd4f89b7bf1b279f0", "lib/source_hashes.py": "60a2e02193209e8d392803326208d5466342da18", "lib/summary.py": "aa92f0a3f975eecd44d3c0cd0236342ccc9f941d", "lib/time_sync.py": "3210db56eb0ff0df57bf4293dc4d4b03fffd46f1", "server.py": "c3f90f2f7eeb4db30727556d0c815ebc89b3d28b", "tests/unit/__init__.py": "da39a3ee5e6b4b0d3255bfef95601890afd80709", "tests/unit/test_server.py": "99ae15aef722f2000ee6ed1ae1523637bf1ae42b", "tests/unit/test_source_hashes.py": "00468a2907583c593e6574a1f6b404e4651c221a"}, "modules": {"ptd_client_server.lib.client": "lib/client.py", "ptd_client_server.lib.common": "lib/common.py", "ptd_client_server.lib.external.ntplib": "lib/external/ntplib.py", "ptd_client_server.lib.source_hashes": "lib/source_hashes.py", "ptd_client_server.lib.summary": "lib/summary.py", "ptd_client_server.lib.time_sync": "lib/time_sync.py"}}
client 2023-02-21 17:53:12,125 [INFO] Running workload in ranging mode
client 2023-02-21 17:53:12,126 [INFO] Synchronizing with the server and with time.google.com...
client 2023-02-21 17:53:12,147 [INFO] NTP:offset = -0.001 s, delay = 0.016 s 
client 2023-02-21 17:53:12,147 [INFO] Sending command to the server: 'time'
client 2023-02-21 17:53:12,148 [INFO] Got response: '1677001992.148009'
client 2023-02-21 17:53:12,148 [INFO] The time difference between the client and the server is within range -0.110 ms..0.865 ms
client 2023-02-21 17:53:12,149 [INFO] Sending command to the server: 'session,2023-02-21_17-53-12,start,ranging'
client 2023-02-21 17:53:40,241 [INFO] Got response: 'OK'
client 2023-02-21 17:53:40,242 [INFO] Running the workload 'ck benchmark program:image-classification-armnn-tflite-loadgen --env.CK_SILENT_MODE=YES --skip_print_timers --dep_add_tags.compiler=gcc,v11 --dep_add_tags.python=v3 --dep_add_tags.mlperf-inference-src=r3.0 --dep_add_tags.weights=mobilenet,v3-large-minimalistic_224_1.0_float --dep_add_tags.images=crop.875,preprocessed,using-opencv --dep_add_tags.library=armnn,rel.22.11,opencl --env.CK_LOADGEN_DATASET_SIZE=1024 --env.CK_LOADGEN_MODE=PerformanceOnly --env.CK_LOADGEN_SCENARIO=SingleStream --env.USE_NEON=0 --env.USE_OPENCL=1 --env.CK_LOADGEN_TARGET_LATENCY=$CK_LOADGEN_TARGET_LATENCY --skip_stat_analysis --process_multi_keys --repetitions=1 --record --record_repo=local --record_uoa=mlperf_v3.0-open-vim4-armnn-v22.11-opencl-mobilenet-v3-large-minimalistic_224_1.0_float-singlestream-performance-target_latency.$CK_LOADGEN_TARGET_LATENCY-power.workload --tags=mlperf,round.v3.0,division.open,task.image-classification,platform.vim4,scenario.singlestream,mode.performance,workload.mobilenet-v3-large-minimalistic_224_1.0_float,preprocessed_using.opencv,inference_engine.armnn,inference_engine_version.v22.11,inference_engine_backend.opencl,target_latency.$CK_LOADGEN_TARGET_LATENCY,power.workload "@@@{\'meta\': {\'ck_benchmark_program\': \'ck benchmark program:image-classification-armnn-tflite-loadgen --env.CK_SILENT_MODE=YES --skip_print_timers --dep_add_tags.compiler=gcc,v11 --dep_add_tags.python=v3 --dep_add_tags.mlperf-inference-src=r3.0 --dep_add_tags.weights=mobilenet,v3-large-minimalistic_224_1.0_float --dep_add_tags.images=crop.875,preprocessed,using-opencv --dep_add_tags.library=armnn,rel.22.11,opencl --env.CK_LOADGEN_DATASET_SIZE=1024 --env.CK_LOADGEN_MODE=PerformanceOnly --env.CK_LOADGEN_SCENARIO=SingleStream --env.USE_NEON=0 --env.USE_OPENCL=1 --env.CK_LOADGEN_TARGET_LATENCY=$CK_LOADGEN_TARGET_LATENCY --skip_stat_analysis --process_multi_keys --repetitions=1 --record --record_repo=local --record_uoa=mlperf_v3.0-open-vim4-armnn-v22.11-opencl-mobilenet-v3-large-minimalistic_224_1.0_float-singlestream-performance-target_latency.$CK_LOADGEN_TARGET_LATENCY-power.workload --tags=mlperf,round.v3.0,division.open,task.image-classification,platform.vim4,scenario.singlestream,mode.performance,workload.mobilenet-v3-large-minimalistic_224_1.0_float,preprocessed_using.opencv,inference_engine.armnn,inference_engine_version.v22.11,inference_engine_backend.opencl,target_latency.$CK_LOADGEN_TARGET_LATENCY,power.workload\'}}" && cat `ck find program:image-classification-armnn-tflite-loadgen`/tmp/mlperf_log_summary.txt && mkdir -p "$CK_MLPERF_POWER_CLIENT_LOADGEN_LOGS" && cp "$CK_MLPERF_POWER_CLIENT_LOADGEN_LOGS"/../mlperf_log_* "$CK_MLPERF_POWER_CLIENT_LOADGEN_LOGS"/'
client 2023-02-21 18:04:00,296 [INFO] Sending command to the server: 'session,2023-02-21_17-53-12,stop,ranging'
client 2023-02-21 18:04:10,639 [INFO] Got response: 'OK'
client 2023-02-21 18:04:10,649 [INFO] Copying loadgen logs from '/home/khadas/CK/ck-mlperf/program/image-classification-armnn-tflite-loadgen/tmp/loadgen_logs' to '/home/khadas/CK/ck-mlperf/program/mlperf-power-client/tmp/2023-02-21_17-53-12/ranging'
client 2023-02-21 18:04:10,650 [INFO] Running workload in testing mode
client 2023-02-21 18:04:10,650 [INFO] Synchronizing with the server and with time.google.com...
client 2023-02-21 18:04:10,754 [INFO] NTP:offset = -0.000 s, delay = 0.011 s 
client 2023-02-21 18:04:10,755 [INFO] Sending command to the server: 'time'
client 2023-02-21 18:04:10,756 [INFO] Got response: '1677002650.755186'
client 2023-02-21 18:04:10,756 [INFO] The time difference between the client and the server is within range -0.026 ms..1.266 ms
client 2023-02-21 18:04:10,756 [INFO] Sending command to the server: 'session,2023-02-21_17-53-12,start,testing'
client 2023-02-21 18:04:24,255 [INFO] Got response: 'OK'
client 2023-02-21 18:04:24,255 [INFO] Running the workload 'ck benchmark program:image-classification-armnn-tflite-loadgen --env.CK_SILENT_MODE=YES --skip_print_timers --dep_add_tags.compiler=gcc,v11 --dep_add_tags.python=v3 --dep_add_tags.mlperf-inference-src=r3.0 --dep_add_tags.weights=mobilenet,v3-large-minimalistic_224_1.0_float --dep_add_tags.images=crop.875,preprocessed,using-opencv --dep_add_tags.library=armnn,rel.22.11,opencl --env.CK_LOADGEN_DATASET_SIZE=1024 --env.CK_LOADGEN_MODE=PerformanceOnly --env.CK_LOADGEN_SCENARIO=SingleStream --env.USE_NEON=0 --env.USE_OPENCL=1 --env.CK_LOADGEN_TARGET_LATENCY=$CK_LOADGEN_TARGET_LATENCY --skip_stat_analysis --process_multi_keys --repetitions=1 --record --record_repo=local --record_uoa=mlperf_v3.0-open-vim4-armnn-v22.11-opencl-mobilenet-v3-large-minimalistic_224_1.0_float-singlestream-performance-target_latency.$CK_LOADGEN_TARGET_LATENCY-power.workload --tags=mlperf,round.v3.0,division.open,task.image-classification,platform.vim4,scenario.singlestream,mode.performance,workload.mobilenet-v3-large-minimalistic_224_1.0_float,preprocessed_using.opencv,inference_engine.armnn,inference_engine_version.v22.11,inference_engine_backend.opencl,target_latency.$CK_LOADGEN_TARGET_LATENCY,power.workload "@@@{\'meta\': {\'ck_benchmark_program\': \'ck benchmark program:image-classification-armnn-tflite-loadgen --env.CK_SILENT_MODE=YES --skip_print_timers --dep_add_tags.compiler=gcc,v11 --dep_add_tags.python=v3 --dep_add_tags.mlperf-inference-src=r3.0 --dep_add_tags.weights=mobilenet,v3-large-minimalistic_224_1.0_float --dep_add_tags.images=crop.875,preprocessed,using-opencv --dep_add_tags.library=armnn,rel.22.11,opencl --env.CK_LOADGEN_DATASET_SIZE=1024 --env.CK_LOADGEN_MODE=PerformanceOnly --env.CK_LOADGEN_SCENARIO=SingleStream --env.USE_NEON=0 --env.USE_OPENCL=1 --env.CK_LOADGEN_TARGET_LATENCY=$CK_LOADGEN_TARGET_LATENCY --skip_stat_analysis --process_multi_keys --repetitions=1 --record --record_repo=local --record_uoa=mlperf_v3.0-open-vim4-armnn-v22.11-opencl-mobilenet-v3-large-minimalistic_224_1.0_float-singlestream-performance-target_latency.$CK_LOADGEN_TARGET_LATENCY-power.workload --tags=mlperf,round.v3.0,division.open,task.image-classification,platform.vim4,scenario.singlestream,mode.performance,workload.mobilenet-v3-large-minimalistic_224_1.0_float,preprocessed_using.opencv,inference_engine.armnn,inference_engine_version.v22.11,inference_engine_backend.opencl,target_latency.$CK_LOADGEN_TARGET_LATENCY,power.workload\'}}" && cat `ck find program:image-classification-armnn-tflite-loadgen`/tmp/mlperf_log_summary.txt && mkdir -p "$CK_MLPERF_POWER_CLIENT_LOADGEN_LOGS" && cp "$CK_MLPERF_POWER_CLIENT_LOADGEN_LOGS"/../mlperf_log_* "$CK_MLPERF_POWER_CLIENT_LOADGEN_LOGS"/'
client 2023-02-21 18:14:44,280 [INFO] Sending command to the server: 'session,2023-02-21_17-53-12,stop,testing'
client 2023-02-21 18:14:54,467 [INFO] Got response: 'OK'
client 2023-02-21 18:14:54,469 [INFO] Copying loadgen logs from '/home/khadas/CK/ck-mlperf/program/image-classification-armnn-tflite-loadgen/tmp/loadgen_logs' to '/home/khadas/CK/ck-mlperf/program/mlperf-power-client/tmp/2023-02-21_17-53-12/run_1'
client 2023-02-21 18:14:54,471 [INFO] Done runs
