ptd-server 2023-03-01 00:17:10,772 [INFO] Got command from the client 'time'
ptd-server 2023-03-01 00:17:10,772 [INFO] Sending reply to client '1677629830.7725954'
ptd-server 2023-03-01 00:17:10,774 [INFO] Got command from the client 'new,,294372a5-9dc7-456d-b9e3-990cd312c66f'
ptd-server 2023-03-01 00:17:10,775 [INFO] Sending reply to client 'OK 2023-03-01_00-17-10,1c4ab190-2ba3-43bf-bedc-3ffd792f6b0a'
ptd-server 2023-03-01 00:17:10,797 [INFO] Got command from the client 'time'
ptd-server 2023-03-01 00:17:10,797 [INFO] Sending reply to client '1677629830.7976148'
ptd-server 2023-03-01 00:17:10,798 [INFO] Got command from the client 'session,2023-03-01_00-17-10,start,ranging'
ptd-server 2023-03-01 00:17:10,799 [INFO] Running PTDaemon: ['/home/anton/projects/mlperf/power/inference_v1.0/ptd-linux-x86', '-l', '/tmp/tmpu4v721n6/ptd_logfile.txt', '-p', '8888', '49', '/dev/usbtmc0']
ptd-server 2023-03-01 00:17:27,887 [INFO] Sending to ptd: 'Hello'
ptd-server 2023-03-01 00:17:27,887 [INFO] Reply from ptd: 'Hello, PTDaemon here!'
ptd-server 2023-03-01 00:17:27,888 [INFO] Sending to ptd: 'Identify'
ptd-server 2023-03-01 00:17:27,888 [INFO] Reply from ptd: 'YokogawaWT310E,1000,1,1,1,1,0,1,1,version=1.10.0-ed9a21d2-20220817,OS=Linux 5.15.0-60-generic #66~20.04.1-Ubuntu SMP Wed Jan 25 09:41:30 UTC 2023 x86_64,mode=power,1,1,1,0,0,no_cal_date,YOKOGAWA;WT310E;C3XA04010E;F1.04'
ptd-server 2023-03-01 00:17:27,888 [INFO] Connected to PTDaemon
ptd-server 2023-03-01 00:17:27,888 [INFO] Sending to ptd: 'RR'
ptd-server 2023-03-01 00:17:27,888 [INFO] Reply from ptd: 'Ranges,0,0.100000,0,300.000000'
ptd-server 2023-03-01 00:17:27,888 [INFO] Initial range for Amps is 0.100000 for Volts is 300.000000
ptd-server 2023-03-01 00:17:27,889 [INFO] Sending to ptd: 'SR,V,Auto'
ptd-server 2023-03-01 00:17:28,391 [INFO] Reply from ptd: 'Range V changed'
ptd-server 2023-03-01 00:17:28,391 [INFO] Sending to ptd: 'SR,A,Auto'
ptd-server 2023-03-01 00:17:28,894 [INFO] Reply from ptd: 'Range A changed'
ptd-server 2023-03-01 00:17:38,904 [INFO] Starting ranging mode
ptd-server 2023-03-01 00:17:38,904 [INFO] Sending to ptd: 'Go,1000,0,2023-03-01_00-17-10_ranging'
ptd-server 2023-03-01 00:17:38,905 [INFO] Reply from ptd: 'Starting untimed measurement, maximum 500000 samples at 1000ms with 0 rampup samples'
ptd-server 2023-03-01 00:17:38,905 [INFO] Sending reply to client 'OK'
ptd-server 2023-03-01 00:28:02,995 [INFO] Got command from the client 'session,2023-03-01_00-17-10,stop,ranging'
ptd-server 2023-03-01 00:28:13,006 [INFO] Sending to ptd: 'Stop'
ptd-server 2023-03-01 00:28:13,006 [INFO] Reply from ptd: 'Stopping untimed measurement'
ptd-server 2023-03-01 00:28:13,536 [INFO] Sending reply to client 'OK'
ptd-server 2023-03-01 00:28:13,582 [INFO] Got command from the client 'time'
ptd-server 2023-03-01 00:28:13,582 [INFO] Sending reply to client '1677630493.5825098'
ptd-server 2023-03-01 00:28:13,585 [INFO] Got command from the client 'session,2023-03-01_00-17-10,start,testing'
ptd-server 2023-03-01 00:28:13,585 [INFO] Sending to ptd: 'SR,V,252.440000'
ptd-server 2023-03-01 00:28:15,406 [INFO] Reply from ptd: 'Range V changed'
ptd-server 2023-03-01 00:28:15,406 [INFO] Sending to ptd: 'SR,A,0.073170'
ptd-server 2023-03-01 00:28:16,908 [INFO] Reply from ptd: 'Range A changed'
ptd-server 2023-03-01 00:28:26,918 [INFO] Starting testing mode
ptd-server 2023-03-01 00:28:26,918 [INFO] Sending to ptd: 'Go,1000,0,2023-03-01_00-17-10_testing'
ptd-server 2023-03-01 00:28:26,919 [INFO] Reply from ptd: 'Starting untimed measurement, maximum 500000 samples at 1000ms with 0 rampup samples'
ptd-server 2023-03-01 00:28:26,919 [INFO] Sending reply to client 'OK'
ptd-server 2023-03-01 00:38:50,594 [INFO] Got command from the client 'session,2023-03-01_00-17-10,stop,testing'
ptd-server 2023-03-01 00:39:00,604 [INFO] Sending to ptd: 'Stop'
ptd-server 2023-03-01 00:39:00,604 [INFO] Reply from ptd: 'Stopping untimed measurement'
ptd-server 2023-03-01 00:39:00,886 [INFO] Sending reply to client 'OK'
ptd-server 2023-03-01 00:39:00,905 [INFO] Got command from the client 'session,2023-03-01_00-17-10,done'
ptd-server 2023-03-01 00:39:00,905 [INFO] Sending to ptd: 'Stop'
ptd-server 2023-03-01 00:39:00,919 [INFO] Reply from ptd: 'Error: no measurement to stop'
ptd-server 2023-03-01 00:39:00,919 [INFO] Sending to ptd: 'SR,V,300.000000'
ptd-server 2023-03-01 00:39:02,421 [INFO] Reply from ptd: 'Range V changed'
ptd-server 2023-03-01 00:39:02,421 [INFO] Sending to ptd: 'SR,A,0.100000'
ptd-server 2023-03-01 00:39:03,922 [INFO] Reply from ptd: 'Range A changed'
ptd-server 2023-03-01 00:39:03,922 [INFO] Set initial values for Amps 0.100000 and Volts 300.000000
ptd-server 2023-03-01 00:39:03,923 [INFO] Stopping ptd...
