client 2023-02-24 22:53:00,865 [INFO] Sending command to the server: 'mlcommons/power client v3'
client 2023-02-24 22:53:00,867 [INFO] Got response: 'mlcommons/power server v3'
client 2023-02-24 22:53:00,867 [INFO] Sending command to the server: 'stop'
client 2023-02-24 22:53:00,868 [INFO] Got response: 'OK'
client 2023-02-24 22:53:00,868 [INFO] Synchronizing with the server and with ib-01.dc4-in.nvidia.com...
client 2023-02-24 22:53:01,085 [INFO] NTP:offset = 0.000 s, delay = 0.212 s 
client 2023-02-24 22:53:01,085 [INFO] Sending command to the server: 'time'
client 2023-02-24 22:53:01,087 [INFO] Got response: '1677279181.0873668'
client 2023-02-24 22:53:01,087 [INFO] The time difference between the client and the server is within range -1.488 ms..0.179 ms
client 2023-02-24 22:53:01,087 [INFO] Sending command to the server: 'new,,20a024af-ecdb-420e-8314-b7feeab811a3'
client 2023-02-24 22:53:01,089 [INFO] Got response: 'OK 2023-02-24_14-53-01,c78b4b48-590d-478e-9ecb-7b6486343b86'
client 2023-02-24 22:53:01,089 [INFO] Session id is '2023-02-24_14-53-01'
client 2023-02-24 22:53:01,089 [INFO] Sources: {"sources": {"__init__.py": "da39a3ee5e6b4b0d3255bfef95601890afd80709", "client.py": "33ca4f26368777ac06e01f9567b714a4b8063886", "lib/__init__.py": "da39a3ee5e6b4b0d3255bfef95601890afd80709", "lib/client.py": "4c2b78fb4849a7e5b584ef792d82aaed20b17f57", "lib/common.py": "624d0c0acc7c39aaff3674f0b99d6a09da53d1dc", "lib/external/__init__.py": "da39a3ee5e6b4b0d3255bfef95601890afd80709", "lib/external/ntplib.py": "4da8f970656505a40483206ef2b5d3dd5e81711d", "lib/server.py": "cda0cdfaee9bfa1249c64a7dd4f89b7bf1b279f0", "lib/source_hashes.py": "60a2e02193209e8d392803326208d5466342da18", "lib/summary.py": "aa92f0a3f975eecd44d3c0cd0236342ccc9f941d", "lib/time_sync.py": "3210db56eb0ff0df57bf4293dc4d4b03fffd46f1", "server.py": "c3f90f2f7eeb4db30727556d0c815ebc89b3d28b", "tests/unit/__init__.py": "da39a3ee5e6b4b0d3255bfef95601890afd80709", "tests/unit/test_server.py": "99ae15aef722f2000ee6ed1ae1523637bf1ae42b", "tests/unit/test_source_hashes.py": "00468a2907583c593e6574a1f6b404e4651c221a"}, "modules": {"ptd_client_server.lib.client": "lib/client.py", "ptd_client_server.lib.common": "lib/common.py", "ptd_client_server.lib.external.ntplib": "lib/external/ntplib.py", "ptd_client_server.lib.source_hashes": "lib/source_hashes.py", "ptd_client_server.lib.summary": "lib/summary.py", "ptd_client_server.lib.time_sync": "lib/time_sync.py"}}
client 2023-02-24 22:53:01,117 [INFO] Running workload in ranging mode
client 2023-02-24 22:53:01,117 [INFO] Synchronizing with the server and with ib-01.dc4-in.nvidia.com...
client 2023-02-24 22:53:01,330 [INFO] NTP:offset = 0.000 s, delay = 0.212 s 
client 2023-02-24 22:53:01,330 [INFO] Sending command to the server: 'time'
client 2023-02-24 22:53:01,332 [INFO] Got response: '1677279181.3323083'
client 2023-02-24 22:53:01,332 [INFO] The time difference between the client and the server is within range -1.454 ms..0.003 ms
client 2023-02-24 22:53:01,332 [INFO] Sending command to the server: 'session,2023-02-24_14-53-01,start,ranging'
client 2023-02-24 22:53:41,242 [INFO] Got response: 'OK'
client 2023-02-24 22:53:41,242 [INFO] Running the workload 'LOG_DIR=/work/build/power_logs_temp python3 -m code.main --benchmarks=bert --scenarios=Offline --config_ver=maxq_high_accuracy --test_mode=PerformanceOnly --action="run_harness" \\\n\t\t2>&1 | tee -a /work/build/power_logs/2023.02.24-22.52.43/stdout.txt \\\n\t\t&& if [ ! -d /work/build/power_logs/2023.02.24-22.52.43/ranging_tmp ]; \\\n\t\t\tthen mkdir /work/build/power_logs/2023.02.24-22.52.43/ranging_tmp \\\n\t\t\t\t&& mv /work/build/power_logs_temp/* /work/build/power_logs/2023.02.24-22.52.43/ranging_tmp/ \\\n\t\t\t\t&& cp -v /work/build/power_logs/2023.02.24-22.52.43/ranging_tmp/*/*/*/mlperf_log_detail.txt /work/build/power_logs_temp/ \\\n\t\t\t\t&& cp -v /work/build/power_logs/2023.02.24-22.52.43/ranging_tmp/*/*/*/mlperf_log_summary.txt /work/build/power_logs_temp/; \\\n\t\t\telse mkdir /work/build/power_logs/2023.02.24-22.52.43/testing_tmp \\\n\t\t\t\t&& mv /work/build/power_logs_temp/* /work/build/power_logs/2023.02.24-22.52.43/testing_tmp/ \\\n\t\t\t\t&& cp -v /work/build/power_logs/2023.02.24-22.52.43/testing_tmp/*/*/*/mlperf_log_detail.txt /work/build/power_logs_temp/ \\\n\t\t\t\t&& cp -v /work/build/power_logs/2023.02.24-22.52.43/testing_tmp/*/*/*/mlperf_log_summary.txt /work/build/power_logs_temp/; fi'
client 2023-02-24 23:05:18,180 [INFO] Sending command to the server: 'session,2023-02-24_14-53-01,stop,ranging'
client 2023-02-24 23:05:28,223 [INFO] Got response: 'OK'
client 2023-02-24 23:05:28,233 [INFO] Copying loadgen logs from '/work/build/power_logs_temp' to '/work/build/power_logs/2023.02.24-22.52.43/2023-02-24_14-53-01/ranging'
client 2023-02-24 23:05:28,244 [INFO] Running workload in testing mode
client 2023-02-24 23:05:28,244 [INFO] Synchronizing with the server and with ib-01.dc4-in.nvidia.com...
client 2023-02-24 23:05:28,459 [INFO] NTP:offset = 0.001 s, delay = 0.212 s 
client 2023-02-24 23:05:28,459 [INFO] Sending command to the server: 'time'
client 2023-02-24 23:05:28,460 [INFO] Got response: '1677279928.4610384'
client 2023-02-24 23:05:28,460 [INFO] The time difference between the client and the server is within range -1.614 ms..-0.090 ms
client 2023-02-24 23:05:28,461 [INFO] Sending command to the server: 'session,2023-02-24_14-53-01,start,testing'
client 2023-02-24 23:05:50,080 [INFO] Got response: 'OK'
client 2023-02-24 23:05:50,080 [INFO] Running the workload 'LOG_DIR=/work/build/power_logs_temp python3 -m code.main --benchmarks=bert --scenarios=Offline --config_ver=maxq_high_accuracy --test_mode=PerformanceOnly --action="run_harness" \\\n\t\t2>&1 | tee -a /work/build/power_logs/2023.02.24-22.52.43/stdout.txt \\\n\t\t&& if [ ! -d /work/build/power_logs/2023.02.24-22.52.43/ranging_tmp ]; \\\n\t\t\tthen mkdir /work/build/power_logs/2023.02.24-22.52.43/ranging_tmp \\\n\t\t\t\t&& mv /work/build/power_logs_temp/* /work/build/power_logs/2023.02.24-22.52.43/ranging_tmp/ \\\n\t\t\t\t&& cp -v /work/build/power_logs/2023.02.24-22.52.43/ranging_tmp/*/*/*/mlperf_log_detail.txt /work/build/power_logs_temp/ \\\n\t\t\t\t&& cp -v /work/build/power_logs/2023.02.24-22.52.43/ranging_tmp/*/*/*/mlperf_log_summary.txt /work/build/power_logs_temp/; \\\n\t\t\telse mkdir /work/build/power_logs/2023.02.24-22.52.43/testing_tmp \\\n\t\t\t\t&& mv /work/build/power_logs_temp/* /work/build/power_logs/2023.02.24-22.52.43/testing_tmp/ \\\n\t\t\t\t&& cp -v /work/build/power_logs/2023.02.24-22.52.43/testing_tmp/*/*/*/mlperf_log_detail.txt /work/build/power_logs_temp/ \\\n\t\t\t\t&& cp -v /work/build/power_logs/2023.02.24-22.52.43/testing_tmp/*/*/*/mlperf_log_summary.txt /work/build/power_logs_temp/; fi'
client 2023-02-24 23:17:18,875 [INFO] Sending command to the server: 'session,2023-02-24_14-53-01,stop,testing'
client 2023-02-24 23:17:28,892 [INFO] Got response: 'OK'
client 2023-02-24 23:17:28,896 [INFO] Copying loadgen logs from '/work/build/power_logs_temp' to '/work/build/power_logs/2023.02.24-22.52.43/2023-02-24_14-53-01/run_1'
client 2023-02-24 23:17:28,908 [INFO] Done runs
