ptd-server 2023-02-24 14:53:00,868 [INFO] Got command from the client 'stop'
ptd-server 2023-02-24 14:53:00,868 [INFO] The server will be stopped after processing this client
ptd-server 2023-02-24 14:53:00,868 [INFO] Sending reply to client 'OK'
ptd-server 2023-02-24 14:53:01,087 [INFO] Got command from the client 'time'
ptd-server 2023-02-24 14:53:01,087 [INFO] Sending reply to client '1677279181.0873668'
ptd-server 2023-02-24 14:53:01,088 [INFO] Got command from the client 'new,,20a024af-ecdb-420e-8314-b7feeab811a3'
ptd-server 2023-02-24 14:53:01,089 [INFO] Sending reply to client 'OK 2023-02-24_14-53-01,c78b4b48-590d-478e-9ecb-7b6486343b86'
ptd-server 2023-02-24 14:53:01,332 [INFO] Got command from the client 'time'
ptd-server 2023-02-24 14:53:01,332 [INFO] Sending reply to client '1677279181.3323083'
ptd-server 2023-02-24 14:53:01,333 [INFO] Got command from the client 'session,2023-02-24_14-53-01,start,ranging'
ptd-server 2023-02-24 14:53:01,333 [INFO] Running PTDaemon: ['/usr/bin/ptd-linux-x86', '-l', '/tmp/tmp9c_q4p2d/ptd_logfile.txt', '-p', '8888', '-c', '1,3', '-y', '77', '10.117.68.101']
ptd-server 2023-02-24 14:53:21,119 [INFO] Sending to ptd: 'Hello'
ptd-server 2023-02-24 14:53:21,120 [INFO] Reply from ptd: 'Hello, PTDaemon here!'
ptd-server 2023-02-24 14:53:21,120 [INFO] Sending to ptd: 'Identify'
ptd-server 2023-02-24 14:53:21,120 [INFO] Reply from ptd: 'YokogawaWT330_multichannel,1000,1,1,1,1,0,0,1,version=1.10.0-ed9a21d2-20220817,OS=Linux 5.15.0-60-generic #66~20.04.1-Ubuntu SMP Wed Jan 25 09:41:30 UTC 2023 x86_64,mode=power,1,1,3,0,0,no_cal_date,YOKOGAWA;WT333E;C2XL24034V;F1.04'
ptd-server 2023-02-24 14:53:21,120 [INFO] Connected to PTDaemon
ptd-server 2023-02-24 14:53:21,120 [INFO] Sending to ptd: 'RR'
ptd-server 2023-02-24 14:53:21,120 [INFO] Reply from ptd: 'Ranges,1,2.000000,1,300.000000'
ptd-server 2023-02-24 14:53:21,120 [INFO] Initial range for Amps is Auto for Volts is Auto
ptd-server 2023-02-24 14:53:21,120 [INFO] Sending to ptd: 'SR,V,Auto'
ptd-server 2023-02-24 14:53:26,176 [INFO] Reply from ptd: 'Range V changed'
ptd-server 2023-02-24 14:53:26,176 [INFO] Sending to ptd: 'SR,A,Auto'
ptd-server 2023-02-24 14:53:31,231 [INFO] Reply from ptd: 'Range A changed'
ptd-server 2023-02-24 14:53:41,241 [INFO] Starting ranging mode
ptd-server 2023-02-24 14:53:41,242 [INFO] Sending to ptd: 'Go,1000,0,2023-02-24_14-53-01_ranging'
ptd-server 2023-02-24 14:53:41,242 [INFO] Reply from ptd: 'Starting untimed measurement, maximum 500000 samples at 1000ms with 0 rampup samples'
ptd-server 2023-02-24 14:53:41,242 [INFO] Sending reply to client 'OK'
ptd-server 2023-02-24 15:05:18,182 [INFO] Got command from the client 'session,2023-02-24_14-53-01,stop,ranging'
ptd-server 2023-02-24 15:05:28,192 [INFO] Sending to ptd: 'Stop'
ptd-server 2023-02-24 15:05:28,193 [INFO] Reply from ptd: 'Stopping untimed measurement'
ptd-server 2023-02-24 15:05:28,223 [INFO] Sending reply to client 'OK'
ptd-server 2023-02-24 15:05:28,460 [INFO] Got command from the client 'time'
ptd-server 2023-02-24 15:05:28,461 [INFO] Sending reply to client '1677279928.4610384'
ptd-server 2023-02-24 15:05:28,462 [INFO] Got command from the client 'session,2023-02-24_14-53-01,start,testing'
ptd-server 2023-02-24 15:05:28,462 [INFO] Sending to ptd: 'SR,V,206.580000'
ptd-server 2023-02-24 15:05:34,517 [INFO] Reply from ptd: 'Range V changed'
ptd-server 2023-02-24 15:05:34,517 [INFO] Sending to ptd: 'SR,A,5.498200'
ptd-server 2023-02-24 15:05:40,071 [INFO] Reply from ptd: 'Range A changed'
ptd-server 2023-02-24 15:05:50,079 [INFO] Starting testing mode
ptd-server 2023-02-24 15:05:50,079 [INFO] Sending to ptd: 'Go,1000,0,2023-02-24_14-53-01_testing'
ptd-server 2023-02-24 15:05:50,080 [INFO] Reply from ptd: 'Starting untimed measurement, maximum 500000 samples at 1000ms with 0 rampup samples'
ptd-server 2023-02-24 15:05:50,080 [INFO] Sending reply to client 'OK'
ptd-server 2023-02-24 15:17:18,878 [INFO] Got command from the client 'session,2023-02-24_14-53-01,stop,testing'
ptd-server 2023-02-24 15:17:28,887 [INFO] Sending to ptd: 'Stop'
ptd-server 2023-02-24 15:17:28,887 [INFO] Reply from ptd: 'Stopping untimed measurement'
ptd-server 2023-02-24 15:17:28,893 [INFO] Sending reply to client 'OK'
ptd-server 2023-02-24 15:17:28,937 [INFO] Got command from the client 'session,2023-02-24_14-53-01,done'
ptd-server 2023-02-24 15:17:28,937 [INFO] Sending to ptd: 'Stop'
ptd-server 2023-02-24 15:17:29,081 [INFO] Reply from ptd: 'Error: no measurement to stop'
ptd-server 2023-02-24 15:17:29,081 [INFO] Sending to ptd: 'SR,V,Auto'
ptd-server 2023-02-24 15:17:34,136 [INFO] Reply from ptd: 'Range V changed'
ptd-server 2023-02-24 15:17:34,136 [INFO] Sending to ptd: 'SR,A,Auto'
ptd-server 2023-02-24 15:17:39,192 [INFO] Reply from ptd: 'Range A changed'
ptd-server 2023-02-24 15:17:39,192 [INFO] Set initial values for Amps Auto and Volts Auto
ptd-server 2023-02-24 15:17:39,192 [INFO] Stopping ptd...
