ptd-server 2023-02-27 10:34:06,901 [INFO] Got command from the client 'time'
ptd-server 2023-02-27 10:34:06,901 [INFO] Sending reply to client '1677515646.9015095'
ptd-server 2023-02-27 10:34:06,902 [INFO] Got command from the client 'new,,f974da13-ce4d-40a5-9b39-b0897daf126b'
ptd-server 2023-02-27 10:34:06,903 [INFO] Sending reply to client 'OK 2023-02-27_10-34-06,24054335-db7b-46df-8c42-7dd7412953c9'
ptd-server 2023-02-27 10:34:07,004 [INFO] Got command from the client 'time'
ptd-server 2023-02-27 10:34:07,004 [INFO] Sending reply to client '1677515647.004738'
ptd-server 2023-02-27 10:34:07,005 [INFO] Got command from the client 'session,2023-02-27_10-34-06,start,ranging'
ptd-server 2023-02-27 10:34:07,006 [INFO] Running PTDaemon: ['/local/mnt/workspace/mlcommons/power-main/inference_v1.0/ptd-linux-x86', '-l', '/tmp/tmpan3h5n7p/ptd_logfile.txt', '-p', '8888', '-c', '1', '49', '/dev/usbtmc0']
ptd-server 2023-02-27 10:34:24,030 [INFO] Sending to ptd: 'Hello'
ptd-server 2023-02-27 10:34:24,031 [INFO] Reply from ptd: 'Hello, PTDaemon here!'
ptd-server 2023-02-27 10:34:24,032 [INFO] Sending to ptd: 'Identify'
ptd-server 2023-02-27 10:34:24,032 [INFO] Reply from ptd: 'YokogawaWT310E,1000,1,1,1,1,0,1,1,version=1.10.0-ed9a21d2-20220817,OS=Linux 5.4.0-120-generic #136~18.04.1-Ubuntu SMP Fri Jun 10 18:00:44 UTC 2022 x86_64,mode=power,1,1,1,0,0,no_cal_date,YOKOGAWA;WT310E;C2YK12023V;F1.04'
ptd-server 2023-02-27 10:34:24,032 [INFO] Connected to PTDaemon
ptd-server 2023-02-27 10:34:24,032 [INFO] Sending to ptd: 'RR'
ptd-server 2023-02-27 10:34:24,033 [INFO] Reply from ptd: 'Ranges,1,2.000000,1,150.000000'
ptd-server 2023-02-27 10:34:24,033 [INFO] Initial range for Amps is Auto for Volts is Auto
ptd-server 2023-02-27 10:34:24,033 [INFO] Sending to ptd: 'SR,V,Auto'
ptd-server 2023-02-27 10:34:24,537 [INFO] Reply from ptd: 'Range V changed'
ptd-server 2023-02-27 10:34:24,537 [INFO] Sending to ptd: 'SR,A,Auto'
ptd-server 2023-02-27 10:34:25,040 [INFO] Reply from ptd: 'Range A changed'
ptd-server 2023-02-27 10:34:35,051 [INFO] Starting ranging mode
ptd-server 2023-02-27 10:34:35,051 [INFO] Sending to ptd: 'Go,1000,0,2023-02-27_10-34-06_ranging'
ptd-server 2023-02-27 10:34:35,052 [INFO] Reply from ptd: 'Starting untimed measurement, maximum 500000 samples at 1000ms with 0 rampup samples'
ptd-server 2023-02-27 10:34:35,052 [INFO] Sending reply to client 'OK'
ptd-server 2023-02-27 10:47:58,329 [INFO] Got command from the client 'session,2023-02-27_10-34-06,stop,ranging'
ptd-server 2023-02-27 10:48:08,333 [INFO] Sending to ptd: 'Stop'
ptd-server 2023-02-27 10:48:08,334 [INFO] Reply from ptd: 'Stopping untimed measurement'
ptd-server 2023-02-27 10:48:08,394 [INFO] Sending reply to client 'OK'
ptd-server 2023-02-27 10:48:08,501 [INFO] Got command from the client 'time'
ptd-server 2023-02-27 10:48:08,501 [INFO] Sending reply to client '1677516488.5015652'
ptd-server 2023-02-27 10:48:08,502 [INFO] Got command from the client 'session,2023-02-27_10-34-06,start,testing'
ptd-server 2023-02-27 10:48:08,502 [INFO] Sending to ptd: 'SR,V,120.970000'
ptd-server 2023-02-27 10:48:10,554 [INFO] Reply from ptd: 'Range V changed'
ptd-server 2023-02-27 10:48:10,555 [INFO] Sending to ptd: 'SR,A,4.415100'
ptd-server 2023-02-27 10:48:12,057 [INFO] Reply from ptd: 'Range A changed'
ptd-server 2023-02-27 10:48:22,068 [INFO] Starting testing mode
ptd-server 2023-02-27 10:48:22,068 [INFO] Sending to ptd: 'Go,1000,0,2023-02-27_10-34-06_testing'
ptd-server 2023-02-27 10:48:22,069 [INFO] Reply from ptd: 'Starting untimed measurement, maximum 500000 samples at 1000ms with 0 rampup samples'
ptd-server 2023-02-27 10:48:22,069 [INFO] Sending reply to client 'OK'
ptd-server 2023-02-27 11:01:44,812 [INFO] Got command from the client 'session,2023-02-27_10-34-06,stop,testing'
ptd-server 2023-02-27 11:01:54,819 [INFO] Sending to ptd: 'Stop'
ptd-server 2023-02-27 11:01:54,819 [INFO] Reply from ptd: 'Stopping untimed measurement'
ptd-server 2023-02-27 11:01:54,852 [INFO] Sending reply to client 'OK'
ptd-server 2023-02-27 11:01:54,857 [INFO] Got command from the client 'session,2023-02-27_10-34-06,done'
ptd-server 2023-02-27 11:01:54,858 [INFO] Sending to ptd: 'Stop'
ptd-server 2023-02-27 11:01:55,069 [INFO] Reply from ptd: 'Error: no measurement to stop'
ptd-server 2023-02-27 11:01:55,069 [INFO] Sending to ptd: 'SR,V,Auto'
ptd-server 2023-02-27 11:01:55,573 [INFO] Reply from ptd: 'Range V changed'
ptd-server 2023-02-27 11:01:55,573 [INFO] Sending to ptd: 'SR,A,Auto'
ptd-server 2023-02-27 11:01:56,076 [INFO] Reply from ptd: 'Range A changed'
ptd-server 2023-02-27 11:01:56,076 [INFO] Set initial values for Amps Auto and Volts Auto
ptd-server 2023-02-27 11:01:56,077 [INFO] Stopping ptd...
