client 2023-03-01 05:36:22,139 [INFO] Sending command to the server: 'mlcommons/power client v3'
client 2023-03-01 05:36:22,140 [INFO] Got response: 'mlcommons/power server v3'
client 2023-03-01 05:36:22,140 [INFO] Sending command to the server: 'stop'
client 2023-03-01 05:36:22,141 [INFO] Got response: 'OK'
client 2023-03-01 05:36:22,141 [INFO] Synchronizing with the server and with time.stdtime.gov.tw...
client 2023-03-01 05:36:22,150 [INFO] NTP:offset = -0.000 s, delay = 0.005 s 
client 2023-03-01 05:36:22,151 [INFO] Sending command to the server: 'time'
client 2023-03-01 05:36:22,151 [INFO] Got response: '1677648982.147314'
client 2023-03-01 05:36:22,152 [INFO] The time difference between the client and the server is within range 3.828 ms..4.733 ms
client 2023-03-01 05:36:22,152 [INFO] Sending command to the server: 'new,,f9d2d349-9fc0-479a-88aa-fc28b975c457'
client 2023-03-01 05:36:22,153 [INFO] Got response: 'OK 2023-03-01_05-36-22,57147164-ca5d-4eae-9c15-77a58a03281f'
client 2023-03-01 05:36:22,153 [INFO] Session id is '2023-03-01_05-36-22'
client 2023-03-01 05:36:22,153 [INFO] Sources: {"sources": {"__init__.py": "da39a3ee5e6b4b0d3255bfef95601890afd80709", "client.py": "33ca4f26368777ac06e01f9567b714a4b8063886", "lib/__init__.py": "da39a3ee5e6b4b0d3255bfef95601890afd80709", "lib/client.py": "4c2b78fb4849a7e5b584ef792d82aaed20b17f57", "lib/common.py": "624d0c0acc7c39aaff3674f0b99d6a09da53d1dc", "lib/external/__init__.py": "da39a3ee5e6b4b0d3255bfef95601890afd80709", "lib/external/ntplib.py": "4da8f970656505a40483206ef2b5d3dd5e81711d", "lib/server.py": "cda0cdfaee9bfa1249c64a7dd4f89b7bf1b279f0", "lib/source_hashes.py": "60a2e02193209e8d392803326208d5466342da18", "lib/summary.py": "aa92f0a3f975eecd44d3c0cd0236342ccc9f941d", "lib/time_sync.py": "3210db56eb0ff0df57bf4293dc4d4b03fffd46f1", "server.py": "c3f90f2f7eeb4db30727556d0c815ebc89b3d28b", "tests/unit/__init__.py": "da39a3ee5e6b4b0d3255bfef95601890afd80709", "tests/unit/test_server.py": "99ae15aef722f2000ee6ed1ae1523637bf1ae42b", "tests/unit/test_source_hashes.py": "00468a2907583c593e6574a1f6b404e4651c221a"}, "modules": {"ptd_client_server.lib.client": "lib/client.py", "ptd_client_server.lib.common": "lib/common.py", "ptd_client_server.lib.external.ntplib": "lib/external/ntplib.py", "ptd_client_server.lib.source_hashes": "lib/source_hashes.py", "ptd_client_server.lib.summary": "lib/summary.py", "ptd_client_server.lib.time_sync": "lib/time_sync.py"}}
client 2023-03-01 05:36:22,154 [INFO] Running workload in ranging mode
client 2023-03-01 05:36:22,154 [INFO] Synchronizing with the server and with time.stdtime.gov.tw...
client 2023-03-01 05:36:22,160 [INFO] NTP:offset = -0.000 s, delay = 0.005 s 
client 2023-03-01 05:36:22,160 [INFO] Sending command to the server: 'time'
client 2023-03-01 05:36:22,161 [INFO] Got response: '1677648982.1569552'
client 2023-03-01 05:36:22,161 [INFO] The time difference between the client and the server is within range 3.854 ms..4.748 ms
client 2023-03-01 05:36:22,161 [INFO] Sending command to the server: 'session,2023-03-01_05-36-22,start,ranging'
client 2023-03-01 05:36:50,256 [INFO] Got response: 'OK'
client 2023-03-01 05:36:50,256 [INFO] Running the workload 'LOG_DIR=/home/neuchips/chanceli/Submission_official_230301_8cards_amd/MLCommons/v3.0/closed/Neuchips/build/power_logs_temp python3 code/main.py --benchmarks=dlrm --scenarios=server --test_mode=PerformanceOnly --config_ver=high_accuracy --action="run_harness" \\\n\t\t2>&1 | tee -a /home/neuchips/chanceli/Submission_official_230301_8cards_amd/MLCommons/v3.0/closed/Neuchips/build/power_logs/2023.03.01-05.36.15/stdout.txt \\\n\t\t&& if [ ! -d /home/neuchips/chanceli/Submission_official_230301_8cards_amd/MLCommons/v3.0/closed/Neuchips/build/power_logs/2023.03.01-05.36.15/ranging_tmp ]; \\\n\t\t\tthen mkdir /home/neuchips/chanceli/Submission_official_230301_8cards_amd/MLCommons/v3.0/closed/Neuchips/build/power_logs/2023.03.01-05.36.15/ranging_tmp \\\n\t\t\t\t&& mv /home/neuchips/chanceli/Submission_official_230301_8cards_amd/MLCommons/v3.0/closed/Neuchips/build/power_logs_temp/* /home/neuchips/chanceli/Submission_official_230301_8cards_amd/MLCommons/v3.0/closed/Neuchips/build/power_logs/2023.03.01-05.36.15/ranging_tmp/ \\\n\t\t\t\t&& cp -v /home/neuchips/chanceli/Submission_official_230301_8cards_amd/MLCommons/v3.0/closed/Neuchips/build/power_logs/2023.03.01-05.36.15/ranging_tmp/*/*/*/mlperf_log_detail.txt /home/neuchips/chanceli/Submission_official_230301_8cards_amd/MLCommons/v3.0/closed/Neuchips/build/power_logs_temp/ \\\n\t\t\t\t&& cp -v /home/neuchips/chanceli/Submission_official_230301_8cards_amd/MLCommons/v3.0/closed/Neuchips/build/power_logs/2023.03.01-05.36.15/ranging_tmp/*/*/*/mlperf_log_summary.txt /home/neuchips/chanceli/Submission_official_230301_8cards_amd/MLCommons/v3.0/closed/Neuchips/build/power_logs_temp/; \\\n\t\t\telse mkdir /home/neuchips/chanceli/Submission_official_230301_8cards_amd/MLCommons/v3.0/closed/Neuchips/build/power_logs/2023.03.01-05.36.15/testing_tmp \\\n\t\t\t\t&& mv /home/neuchips/chanceli/Submission_official_230301_8cards_amd/MLCommons/v3.0/closed/Neuchips/build/power_logs_temp/* /home/neuchips/chanceli/Submission_official_230301_8cards_amd/MLCommons/v3.0/closed/Neuchips/build/power_logs/2023.03.01-05.36.15/testing_tmp/ \\\n\t\t\t\t&& cp -v /home/neuchips/chanceli/Submission_official_230301_8cards_amd/MLCommons/v3.0/closed/Neuchips/build/power_logs/2023.03.01-05.36.15/testing_tmp/*/*/*/mlperf_log_detail.txt /home/neuchips/chanceli/Submission_official_230301_8cards_amd/MLCommons/v3.0/closed/Neuchips/build/power_logs_temp/ \\\n\t\t\t\t&& cp -v /home/neuchips/chanceli/Submission_official_230301_8cards_amd/MLCommons/v3.0/closed/Neuchips/build/power_logs/2023.03.01-05.36.15/testing_tmp/*/*/*/mlperf_log_summary.txt /home/neuchips/chanceli/Submission_official_230301_8cards_amd/MLCommons/v3.0/closed/Neuchips/build/power_logs_temp/; fi'
client 2023-03-01 05:58:06,627 [INFO] Sending command to the server: 'session,2023-03-01_05-36-22,stop,ranging'
client 2023-03-01 05:58:16,651 [INFO] Got response: 'OK'
client 2023-03-01 05:58:16,665 [INFO] Copying loadgen logs from '/home/neuchips/chanceli/Submission_official_230301_8cards_amd/MLCommons/v3.0/closed/Neuchips/build/power_logs_temp' to '/home/neuchips/chanceli/Submission_official_230301_8cards_amd/MLCommons/v3.0/closed/Neuchips/build/power_logs/2023.03.01-05.36.15/2023-03-01_05-36-22/ranging'
client 2023-03-01 05:58:16,668 [INFO] Running workload in testing mode
client 2023-03-01 05:58:16,668 [INFO] Synchronizing with the server and with time.stdtime.gov.tw...
client 2023-03-01 05:58:16,675 [INFO] NTP:offset = 0.000 s, delay = 0.005 s 
client 2023-03-01 05:58:16,675 [INFO] Sending command to the server: 'time'
client 2023-03-01 05:58:16,675 [INFO] Got response: '1677650296.6731067'
client 2023-03-01 05:58:16,675 [INFO] The time difference between the client and the server is within range 2.131 ms..2.666 ms
client 2023-03-01 05:58:16,675 [INFO] Sending command to the server: 'session,2023-03-01_05-36-22,start,testing'
client 2023-03-01 05:58:30,269 [INFO] Got response: 'OK'
client 2023-03-01 05:58:30,269 [INFO] Running the workload 'LOG_DIR=/home/neuchips/chanceli/Submission_official_230301_8cards_amd/MLCommons/v3.0/closed/Neuchips/build/power_logs_temp python3 code/main.py --benchmarks=dlrm --scenarios=server --test_mode=PerformanceOnly --config_ver=high_accuracy --action="run_harness" \\\n\t\t2>&1 | tee -a /home/neuchips/chanceli/Submission_official_230301_8cards_amd/MLCommons/v3.0/closed/Neuchips/build/power_logs/2023.03.01-05.36.15/stdout.txt \\\n\t\t&& if [ ! -d /home/neuchips/chanceli/Submission_official_230301_8cards_amd/MLCommons/v3.0/closed/Neuchips/build/power_logs/2023.03.01-05.36.15/ranging_tmp ]; \\\n\t\t\tthen mkdir /home/neuchips/chanceli/Submission_official_230301_8cards_amd/MLCommons/v3.0/closed/Neuchips/build/power_logs/2023.03.01-05.36.15/ranging_tmp \\\n\t\t\t\t&& mv /home/neuchips/chanceli/Submission_official_230301_8cards_amd/MLCommons/v3.0/closed/Neuchips/build/power_logs_temp/* /home/neuchips/chanceli/Submission_official_230301_8cards_amd/MLCommons/v3.0/closed/Neuchips/build/power_logs/2023.03.01-05.36.15/ranging_tmp/ \\\n\t\t\t\t&& cp -v /home/neuchips/chanceli/Submission_official_230301_8cards_amd/MLCommons/v3.0/closed/Neuchips/build/power_logs/2023.03.01-05.36.15/ranging_tmp/*/*/*/mlperf_log_detail.txt /home/neuchips/chanceli/Submission_official_230301_8cards_amd/MLCommons/v3.0/closed/Neuchips/build/power_logs_temp/ \\\n\t\t\t\t&& cp -v /home/neuchips/chanceli/Submission_official_230301_8cards_amd/MLCommons/v3.0/closed/Neuchips/build/power_logs/2023.03.01-05.36.15/ranging_tmp/*/*/*/mlperf_log_summary.txt /home/neuchips/chanceli/Submission_official_230301_8cards_amd/MLCommons/v3.0/closed/Neuchips/build/power_logs_temp/; \\\n\t\t\telse mkdir /home/neuchips/chanceli/Submission_official_230301_8cards_amd/MLCommons/v3.0/closed/Neuchips/build/power_logs/2023.03.01-05.36.15/testing_tmp \\\n\t\t\t\t&& mv /home/neuchips/chanceli/Submission_official_230301_8cards_amd/MLCommons/v3.0/closed/Neuchips/build/power_logs_temp/* /home/neuchips/chanceli/Submission_official_230301_8cards_amd/MLCommons/v3.0/closed/Neuchips/build/power_logs/2023.03.01-05.36.15/testing_tmp/ \\\n\t\t\t\t&& cp -v /home/neuchips/chanceli/Submission_official_230301_8cards_amd/MLCommons/v3.0/closed/Neuchips/build/power_logs/2023.03.01-05.36.15/testing_tmp/*/*/*/mlperf_log_detail.txt /home/neuchips/chanceli/Submission_official_230301_8cards_amd/MLCommons/v3.0/closed/Neuchips/build/power_logs_temp/ \\\n\t\t\t\t&& cp -v /home/neuchips/chanceli/Submission_official_230301_8cards_amd/MLCommons/v3.0/closed/Neuchips/build/power_logs/2023.03.01-05.36.15/testing_tmp/*/*/*/mlperf_log_summary.txt /home/neuchips/chanceli/Submission_official_230301_8cards_amd/MLCommons/v3.0/closed/Neuchips/build/power_logs_temp/; fi'
client 2023-03-01 06:19:35,530 [INFO] Sending command to the server: 'session,2023-03-01_05-36-22,stop,testing'
client 2023-03-01 06:19:45,548 [INFO] Got response: 'OK'
client 2023-03-01 06:19:45,556 [INFO] Copying loadgen logs from '/home/neuchips/chanceli/Submission_official_230301_8cards_amd/MLCommons/v3.0/closed/Neuchips/build/power_logs_temp' to '/home/neuchips/chanceli/Submission_official_230301_8cards_amd/MLCommons/v3.0/closed/Neuchips/build/power_logs/2023.03.01-05.36.15/2023-03-01_05-36-22/run_1'
client 2023-03-01 06:19:45,558 [INFO] Done runs
