ptd-server 2023-03-01 05:36:22,136 [INFO] Got command from the client 'stop'
ptd-server 2023-03-01 05:36:22,136 [INFO] The server will be stopped after processing this client
ptd-server 2023-03-01 05:36:22,136 [INFO] Sending reply to client 'OK'
ptd-server 2023-03-01 05:36:22,147 [INFO] Got command from the client 'time'
ptd-server 2023-03-01 05:36:22,147 [INFO] Sending reply to client '1677648982.147314'
ptd-server 2023-03-01 05:36:22,148 [INFO] Got command from the client 'new,,f9d2d349-9fc0-479a-88aa-fc28b975c457'
ptd-server 2023-03-01 05:36:22,149 [INFO] Sending reply to client 'OK 2023-03-01_05-36-22,57147164-ca5d-4eae-9c15-77a58a03281f'
ptd-server 2023-03-01 05:36:22,156 [INFO] Got command from the client 'time'
ptd-server 2023-03-01 05:36:22,156 [INFO] Sending reply to client '1677648982.1569552'
ptd-server 2023-03-01 05:36:22,157 [INFO] Got command from the client 'session,2023-03-01_05-36-22,start,ranging'
ptd-server 2023-03-01 05:36:22,158 [INFO] Running PTDaemon: ['/home/lab/PTD/binaries/ptd-linux-x86', '-l', '/tmp/tmpiekk53w3/ptd_logfile.txt', '-p', '8888', '52', '/dev/usbtmc0']
ptd-server 2023-03-01 05:36:39,234 [INFO] Sending to ptd: 'Hello'
ptd-server 2023-03-01 05:36:39,235 [INFO] Reply from ptd: 'Hello, PTDaemon here!'
ptd-server 2023-03-01 05:36:39,235 [INFO] Sending to ptd: 'Identify'
ptd-server 2023-03-01 05:36:39,235 [INFO] Reply from ptd: 'YokogawaWT330,1000,1,1,1,1,0,0,1,version=1.10.0-ed9a21d2-20220817,OS=Linux 5.15.0-60-generic #66-Ubuntu SMP Fri Jan 20 14:29:49 UTC 2023 x86_64,mode=power,1,1,1,0,0,no_cal_date,YOKOGAWA;WT332;C2PM04060V;F1.03'
ptd-server 2023-03-01 05:36:39,235 [INFO] Connected to PTDaemon
ptd-server 2023-03-01 05:36:39,236 [INFO] Sending to ptd: 'RR'
ptd-server 2023-03-01 05:36:39,236 [INFO] Reply from ptd: 'Ranges,1,5.000000,1,600.000000'
ptd-server 2023-03-01 05:36:39,236 [INFO] Initial range for Amps is Auto for Volts is Auto
ptd-server 2023-03-01 05:36:39,236 [INFO] Sending to ptd: 'SR,V,Auto'
ptd-server 2023-03-01 05:36:39,738 [INFO] Reply from ptd: 'Range V changed'
ptd-server 2023-03-01 05:36:39,739 [INFO] Sending to ptd: 'SR,A,Auto'
ptd-server 2023-03-01 05:36:40,240 [INFO] Reply from ptd: 'Range A changed'
ptd-server 2023-03-01 05:36:50,251 [INFO] Starting ranging mode
ptd-server 2023-03-01 05:36:50,251 [INFO] Sending to ptd: 'Go,1000,0,2023-03-01_05-36-22_ranging'
ptd-server 2023-03-01 05:36:50,252 [INFO] Reply from ptd: 'Starting untimed measurement, maximum 500000 samples at 1000ms with 0 rampup samples'
ptd-server 2023-03-01 05:36:50,252 [INFO] Sending reply to client 'OK'
ptd-server 2023-03-01 05:58:06,625 [INFO] Got command from the client 'session,2023-03-01_05-36-22,stop,ranging'
ptd-server 2023-03-01 05:58:16,636 [INFO] Sending to ptd: 'Stop'
ptd-server 2023-03-01 05:58:16,636 [INFO] Reply from ptd: 'Stopping untimed measurement'
ptd-server 2023-03-01 05:58:16,648 [INFO] Sending reply to client 'OK'
ptd-server 2023-03-01 05:58:16,673 [INFO] Got command from the client 'time'
ptd-server 2023-03-01 05:58:16,673 [INFO] Sending reply to client '1677650296.6731067'
ptd-server 2023-03-01 05:58:16,673 [INFO] Got command from the client 'session,2023-03-01_05-36-22,start,testing'
ptd-server 2023-03-01 05:58:16,673 [INFO] Sending to ptd: 'SR,V,220.610000'
ptd-server 2023-03-01 05:58:18,753 [INFO] Reply from ptd: 'Range V changed'
ptd-server 2023-03-01 05:58:18,753 [INFO] Sending to ptd: 'SR,A,3.817600'
ptd-server 2023-03-01 05:58:20,255 [INFO] Reply from ptd: 'Range A changed'
ptd-server 2023-03-01 05:58:30,265 [INFO] Starting testing mode
ptd-server 2023-03-01 05:58:30,265 [INFO] Sending to ptd: 'Go,1000,0,2023-03-01_05-36-22_testing'
ptd-server 2023-03-01 05:58:30,266 [INFO] Reply from ptd: 'Starting untimed measurement, maximum 500000 samples at 1000ms with 0 rampup samples'
ptd-server 2023-03-01 05:58:30,266 [INFO] Sending reply to client 'OK'
ptd-server 2023-03-01 06:19:35,530 [INFO] Got command from the client 'session,2023-03-01_05-36-22,stop,testing'
ptd-server 2023-03-01 06:19:45,540 [INFO] Sending to ptd: 'Stop'
ptd-server 2023-03-01 06:19:45,541 [INFO] Reply from ptd: 'Stopping untimed measurement'
ptd-server 2023-03-01 06:19:45,547 [INFO] Sending reply to client 'OK'
ptd-server 2023-03-01 06:19:45,565 [INFO] Got command from the client 'session,2023-03-01_05-36-22,done'
ptd-server 2023-03-01 06:19:45,565 [INFO] Sending to ptd: 'Stop'
ptd-server 2023-03-01 06:19:46,266 [INFO] Reply from ptd: 'Error: no measurement to stop'
ptd-server 2023-03-01 06:19:46,266 [INFO] Sending to ptd: 'SR,V,Auto'
ptd-server 2023-03-01 06:19:46,768 [INFO] Reply from ptd: 'Range V changed'
ptd-server 2023-03-01 06:19:46,769 [INFO] Sending to ptd: 'SR,A,Auto'
ptd-server 2023-03-01 06:19:47,271 [INFO] Reply from ptd: 'Range A changed'
ptd-server 2023-03-01 06:19:47,271 [INFO] Set initial values for Amps Auto and Volts Auto
ptd-server 2023-03-01 06:19:47,271 [INFO] Stopping ptd...
