client 2023-03-02 08:29:37,949 [INFO] Creating output directory '/home/arjun/phoenix_results_closed/valid_results/phoenix_Amd_Am5-nvidia_original-gpu-tensorrt-vdefault-default_config/rnnt/singlestream/performance/tmp_power'
client 2023-03-02 08:29:38,054 [INFO] Sending command to the server: 'mlcommons/power client v3'
client 2023-03-02 08:29:38,058 [INFO] Got response: 'mlcommons/power server v3'
client 2023-03-02 08:29:38,058 [INFO] Synchronizing with the server and with time.google.com...
client 2023-03-02 08:29:38,074 [INFO] NTP:offset = -0.007 s, delay = 0.014 s 
client 2023-03-02 08:29:38,074 [INFO] Sending command to the server: 'time'
client 2023-03-02 08:29:38,077 [INFO] Got response: '1677745778.0721838'
client 2023-03-02 08:29:38,077 [INFO] The time difference between the client and the server is within range 1.973 ms..5.064 ms
client 2023-03-02 08:29:38,077 [INFO] Sending command to the server: 'new,,2232445d-9a55-433a-b28b-3594f9ae590b'
client 2023-03-02 08:29:38,081 [INFO] Got response: 'OK 2023-03-02_08-29-38,9db77e80-f2e6-45ee-b8b3-5544829cc3fc'
client 2023-03-02 08:29:38,081 [INFO] Session id is '2023-03-02_08-29-38'
client 2023-03-02 08:29:38,081 [INFO] Sources: {"sources": {"__init__.py": "da39a3ee5e6b4b0d3255bfef95601890afd80709", "client.py": "33ca4f26368777ac06e01f9567b714a4b8063886", "lib/__init__.py": "da39a3ee5e6b4b0d3255bfef95601890afd80709", "lib/client.py": "4c2b78fb4849a7e5b584ef792d82aaed20b17f57", "lib/common.py": "624d0c0acc7c39aaff3674f0b99d6a09da53d1dc", "lib/external/__init__.py": "da39a3ee5e6b4b0d3255bfef95601890afd80709", "lib/external/ntplib.py": "4da8f970656505a40483206ef2b5d3dd5e81711d", "lib/server.py": "cda0cdfaee9bfa1249c64a7dd4f89b7bf1b279f0", "lib/source_hashes.py": "60a2e02193209e8d392803326208d5466342da18", "lib/summary.py": "aa92f0a3f975eecd44d3c0cd0236342ccc9f941d", "lib/time_sync.py": "3210db56eb0ff0df57bf4293dc4d4b03fffd46f1", "server.py": "c3f90f2f7eeb4db30727556d0c815ebc89b3d28b", "tests/unit/__init__.py": "da39a3ee5e6b4b0d3255bfef95601890afd80709", "tests/unit/test_server.py": "99ae15aef722f2000ee6ed1ae1523637bf1ae42b", "tests/unit/test_source_hashes.py": "00468a2907583c593e6574a1f6b404e4651c221a"}, "modules": {"ptd_client_server.lib.client": "lib/client.py", "ptd_client_server.lib.common": "lib/common.py", "ptd_client_server.lib.external.ntplib": "lib/external/ntplib.py", "ptd_client_server.lib.source_hashes": "lib/source_hashes.py", "ptd_client_server.lib.summary": "lib/summary.py", "ptd_client_server.lib.time_sync": "lib/time_sync.py"}}
client 2023-03-02 08:29:38,081 [INFO] Running workload in ranging mode
client 2023-03-02 08:29:38,081 [INFO] Synchronizing with the server and with time.google.com...
client 2023-03-02 08:29:38,097 [INFO] NTP:offset = -0.006 s, delay = 0.015 s 
client 2023-03-02 08:29:38,097 [INFO] Sending command to the server: 'time'
client 2023-03-02 08:29:38,099 [INFO] Got response: '1677745778.0951912'
client 2023-03-02 08:29:38,099 [INFO] The time difference between the client and the server is within range 2.032 ms..4.310 ms
client 2023-03-02 08:29:38,099 [INFO] Sending command to the server: 'session,2023-03-02_08-29-38,start,ranging'
client 2023-03-02 08:30:06,230 [INFO] Got response: 'OK'
client 2023-03-02 08:30:06,230 [INFO] Running the workload 'make run_harness RUN_ARGS=" --benchmarks=rnnt --scenarios=singlestream --test_mode=PerformanceOnly --offline_expected_qps=14000 --single_stream_expected_latency_ns=10000000"'
client 2023-03-02 08:40:09,291 [INFO] Sending command to the server: 'session,2023-03-02_08-29-38,stop,ranging'
client 2023-03-02 08:40:19,782 [INFO] Got response: 'OK'
client 2023-03-02 08:40:19,785 [INFO] Copying loadgen logs from '/home/arjun/phoenix_results_closed/valid_results/phoenix_Amd_Am5-nvidia_original-gpu-tensorrt-vdefault-default_config/rnnt/singlestream/performance/run_1' to '/home/arjun/phoenix_results_closed/valid_results/phoenix_Amd_Am5-nvidia_original-gpu-tensorrt-vdefault-default_config/rnnt/singlestream/performance/tmp_power/ranging'
client 2023-03-02 08:40:19,785 [INFO] Running workload in testing mode
client 2023-03-02 08:40:19,785 [INFO] Synchronizing with the server and with time.google.com...
client 2023-03-02 08:40:19,800 [INFO] NTP:offset = -0.007 s, delay = 0.014 s 
client 2023-03-02 08:40:19,800 [INFO] Sending command to the server: 'time'
client 2023-03-02 08:40:19,802 [INFO] Got response: '1677746419.7978108'
client 2023-03-02 08:40:19,802 [INFO] The time difference between the client and the server is within range 2.771 ms..4.836 ms
client 2023-03-02 08:40:19,802 [INFO] Sending command to the server: 'session,2023-03-02_08-29-38,start,testing'
client 2023-03-02 08:40:33,250 [INFO] Got response: 'OK'
client 2023-03-02 08:40:33,250 [INFO] Running the workload 'make run_harness RUN_ARGS=" --benchmarks=rnnt --scenarios=singlestream --test_mode=PerformanceOnly --offline_expected_qps=14000 --single_stream_expected_latency_ns=10000000"'
client 2023-03-02 08:50:36,050 [INFO] Sending command to the server: 'session,2023-03-02_08-29-38,stop,testing'
client 2023-03-02 08:50:46,442 [INFO] Got response: 'OK'
client 2023-03-02 08:50:46,442 [INFO] Copying loadgen logs from '/home/arjun/phoenix_results_closed/valid_results/phoenix_Amd_Am5-nvidia_original-gpu-tensorrt-vdefault-default_config/rnnt/singlestream/performance/run_1' to '/home/arjun/phoenix_results_closed/valid_results/phoenix_Amd_Am5-nvidia_original-gpu-tensorrt-vdefault-default_config/rnnt/singlestream/performance/tmp_power/run_1'
client 2023-03-02 08:50:46,442 [INFO] Done runs
