ptd-server 2023-03-02 07:27:20,879 [INFO] Got command from the client 'time'
ptd-server 2023-03-02 07:27:20,879 [INFO] Sending reply to client '1677742040.879279'
ptd-server 2023-03-02 07:27:20,880 [INFO] Got command from the client 'new,,37fc0d0c-5e57-4eb6-a67f-f58504b1901d'
ptd-server 2023-03-02 07:27:20,881 [INFO] Sending reply to client 'OK 2023-03-02_07-27-20,bc904f2a-5b9e-45e4-abc9-c2f5077196c7'
ptd-server 2023-03-02 07:27:20,905 [INFO] Got command from the client 'time'
ptd-server 2023-03-02 07:27:20,905 [INFO] Sending reply to client '1677742040.9053974'
ptd-server 2023-03-02 07:27:20,907 [INFO] Got command from the client 'session,2023-03-02_07-27-20,start,ranging'
ptd-server 2023-03-02 07:27:20,907 [INFO] Running PTDaemon: ['/home/anton/projects/mlperf/power/inference_v1.0/ptd-linux-x86', '-l', '/tmp/tmpjo7pgaee/ptd_logfile.txt', '-p', '8888', '49', '/dev/usbtmc0']
ptd-server 2023-03-02 07:27:37,995 [INFO] Sending to ptd: 'Hello'
ptd-server 2023-03-02 07:27:37,995 [INFO] Reply from ptd: 'Hello, PTDaemon here!'
ptd-server 2023-03-02 07:27:37,995 [INFO] Sending to ptd: 'Identify'
ptd-server 2023-03-02 07:27:37,996 [INFO] Reply from ptd: 'YokogawaWT310E,1000,1,1,1,1,0,1,1,version=1.10.0-ed9a21d2-20220817,OS=Linux 5.15.0-60-generic #66~20.04.1-Ubuntu SMP Wed Jan 25 09:41:30 UTC 2023 x86_64,mode=power,1,1,1,0,0,no_cal_date,YOKOGAWA;WT310E;C3XA04010E;F1.04'
ptd-server 2023-03-02 07:27:37,996 [INFO] Connected to PTDaemon
ptd-server 2023-03-02 07:27:37,996 [INFO] Sending to ptd: 'RR'
ptd-server 2023-03-02 07:27:37,996 [INFO] Reply from ptd: 'Ranges,1,0.100000,1,300.000000'
ptd-server 2023-03-02 07:27:37,996 [INFO] Initial range for Amps is Auto for Volts is Auto
ptd-server 2023-03-02 07:27:37,997 [INFO] Sending to ptd: 'SR,V,Auto'
ptd-server 2023-03-02 07:27:38,499 [INFO] Reply from ptd: 'Range V changed'
ptd-server 2023-03-02 07:27:38,499 [INFO] Sending to ptd: 'SR,A,Auto'
ptd-server 2023-03-02 07:27:39,002 [INFO] Reply from ptd: 'Range A changed'
ptd-server 2023-03-02 07:27:49,012 [INFO] Starting ranging mode
ptd-server 2023-03-02 07:27:49,012 [INFO] Sending to ptd: 'Go,1000,0,2023-03-02_07-27-20_ranging'
ptd-server 2023-03-02 07:27:49,012 [INFO] Reply from ptd: 'Starting untimed measurement, maximum 500000 samples at 1000ms with 0 rampup samples'
ptd-server 2023-03-02 07:27:49,013 [INFO] Sending reply to client 'OK'
ptd-server 2023-03-02 07:38:13,010 [INFO] Got command from the client 'session,2023-03-02_07-27-20,stop,ranging'
ptd-server 2023-03-02 07:38:23,020 [INFO] Sending to ptd: 'Stop'
ptd-server 2023-03-02 07:38:23,021 [INFO] Reply from ptd: 'Stopping untimed measurement'
ptd-server 2023-03-02 07:38:23,084 [INFO] Sending reply to client 'OK'
ptd-server 2023-03-02 07:38:23,171 [INFO] Got command from the client 'time'
ptd-server 2023-03-02 07:38:23,172 [INFO] Sending reply to client '1677742703.1720579'
ptd-server 2023-03-02 07:38:23,174 [INFO] Got command from the client 'session,2023-03-02_07-27-20,start,testing'
ptd-server 2023-03-02 07:38:23,174 [INFO] Sending to ptd: 'SR,V,251.360000'
ptd-server 2023-03-02 07:38:25,515 [INFO] Reply from ptd: 'Range V changed'
ptd-server 2023-03-02 07:38:25,515 [INFO] Sending to ptd: 'SR,A,0.106050'
ptd-server 2023-03-02 07:38:27,016 [INFO] Reply from ptd: 'Range A changed'
ptd-server 2023-03-02 07:38:37,026 [INFO] Starting testing mode
ptd-server 2023-03-02 07:38:37,027 [INFO] Sending to ptd: 'Go,1000,0,2023-03-02_07-27-20_testing'
ptd-server 2023-03-02 07:38:37,027 [INFO] Reply from ptd: 'Starting untimed measurement, maximum 500000 samples at 1000ms with 0 rampup samples'
ptd-server 2023-03-02 07:38:37,027 [INFO] Sending reply to client 'OK'
ptd-server 2023-03-02 07:49:00,804 [INFO] Got command from the client 'session,2023-03-02_07-27-20,stop,testing'
ptd-server 2023-03-02 07:49:10,815 [INFO] Sending to ptd: 'Stop'
ptd-server 2023-03-02 07:49:10,815 [INFO] Reply from ptd: 'Stopping untimed measurement'
ptd-server 2023-03-02 07:49:10,847 [INFO] Sending reply to client 'OK'
ptd-server 2023-03-02 07:49:10,867 [INFO] Got command from the client 'session,2023-03-02_07-27-20,done'
ptd-server 2023-03-02 07:49:10,867 [INFO] Sending to ptd: 'Stop'
ptd-server 2023-03-02 07:49:11,028 [INFO] Reply from ptd: 'Error: no measurement to stop'
ptd-server 2023-03-02 07:49:11,028 [INFO] Sending to ptd: 'SR,V,Auto'
ptd-server 2023-03-02 07:49:11,530 [INFO] Reply from ptd: 'Range V changed'
ptd-server 2023-03-02 07:49:11,531 [INFO] Sending to ptd: 'SR,A,Auto'
ptd-server 2023-03-02 07:49:12,033 [INFO] Reply from ptd: 'Range A changed'
ptd-server 2023-03-02 07:49:12,033 [INFO] Set initial values for Amps Auto and Volts Auto
ptd-server 2023-03-02 07:49:12,033 [INFO] Stopping ptd...
