ptd-server 2023-02-27 21:10:00,095 [INFO] Got command from the client 'time'
ptd-server 2023-02-27 21:10:00,095 [INFO] Sending reply to client '1677532200.095862'
ptd-server 2023-02-27 21:10:00,097 [INFO] Got command from the client 'new,,208e77f7-ce29-49dd-8f61-3c83854f8a9d'
ptd-server 2023-02-27 21:10:00,098 [INFO] Sending reply to client 'OK 2023-02-27_21-10-00,b614b5f4-55db-49ae-b58d-3a9f0e857f69'
ptd-server 2023-02-27 21:10:00,123 [INFO] Got command from the client 'time'
ptd-server 2023-02-27 21:10:00,123 [INFO] Sending reply to client '1677532200.1236439'
ptd-server 2023-02-27 21:10:00,125 [INFO] Got command from the client 'session,2023-02-27_21-10-00,start,ranging'
ptd-server 2023-02-27 21:10:00,126 [INFO] Running PTDaemon: ['/home/anton/projects/mlperf/power/inference_v1.0/ptd-linux-x86', '-l', '/tmp/tmpu4v721n6/ptd_logfile.txt', '-p', '8888', '49', '/dev/usbtmc0']
ptd-server 2023-02-27 21:10:17,212 [INFO] Sending to ptd: 'Hello'
ptd-server 2023-02-27 21:10:17,213 [INFO] Reply from ptd: 'Hello, PTDaemon here!'
ptd-server 2023-02-27 21:10:17,213 [INFO] Sending to ptd: 'Identify'
ptd-server 2023-02-27 21:10:17,213 [INFO] Reply from ptd: 'YokogawaWT310E,1000,1,1,1,1,0,1,1,version=1.10.0-ed9a21d2-20220817,OS=Linux 5.15.0-60-generic #66~20.04.1-Ubuntu SMP Wed Jan 25 09:41:30 UTC 2023 x86_64,mode=power,1,1,1,0,0,no_cal_date,YOKOGAWA;WT310E;C3XA04010E;F1.04'
ptd-server 2023-02-27 21:10:17,213 [INFO] Connected to PTDaemon
ptd-server 2023-02-27 21:10:17,213 [INFO] Sending to ptd: 'RR'
ptd-server 2023-02-27 21:10:17,214 [INFO] Reply from ptd: 'Ranges,0,0.100000,0,300.000000'
ptd-server 2023-02-27 21:10:17,214 [INFO] Initial range for Amps is 0.100000 for Volts is 300.000000
ptd-server 2023-02-27 21:10:17,214 [INFO] Sending to ptd: 'SR,V,Auto'
ptd-server 2023-02-27 21:10:17,716 [INFO] Reply from ptd: 'Range V changed'
ptd-server 2023-02-27 21:10:17,717 [INFO] Sending to ptd: 'SR,A,Auto'
ptd-server 2023-02-27 21:10:18,219 [INFO] Reply from ptd: 'Range A changed'
ptd-server 2023-02-27 21:10:28,228 [INFO] Starting ranging mode
ptd-server 2023-02-27 21:10:28,228 [INFO] Sending to ptd: 'Go,1000,0,2023-02-27_21-10-00_ranging'
ptd-server 2023-02-27 21:10:28,229 [INFO] Reply from ptd: 'Starting untimed measurement, maximum 500000 samples at 1000ms with 0 rampup samples'
ptd-server 2023-02-27 21:10:28,229 [INFO] Sending reply to client 'OK'
ptd-server 2023-02-27 21:20:45,819 [INFO] Got command from the client 'session,2023-02-27_21-10-00,stop,ranging'
ptd-server 2023-02-27 21:20:55,828 [INFO] Sending to ptd: 'Stop'
ptd-server 2023-02-27 21:20:55,828 [INFO] Reply from ptd: 'Stopping untimed measurement'
ptd-server 2023-02-27 21:20:56,198 [INFO] Sending reply to client 'OK'
ptd-server 2023-02-27 21:20:56,242 [INFO] Got command from the client 'time'
ptd-server 2023-02-27 21:20:56,242 [INFO] Sending reply to client '1677532856.2427852'
ptd-server 2023-02-27 21:20:56,245 [INFO] Got command from the client 'session,2023-02-27_21-10-00,start,testing'
ptd-server 2023-02-27 21:20:56,245 [INFO] Sending to ptd: 'SR,V,253.310000'
ptd-server 2023-02-27 21:20:57,746 [INFO] Reply from ptd: 'Range V changed'
ptd-server 2023-02-27 21:20:57,746 [INFO] Sending to ptd: 'SR,A,0.060130'
ptd-server 2023-02-27 21:20:59,248 [INFO] Reply from ptd: 'Range A changed'
ptd-server 2023-02-27 21:21:09,258 [INFO] Starting testing mode
ptd-server 2023-02-27 21:21:09,258 [INFO] Sending to ptd: 'Go,1000,0,2023-02-27_21-10-00_testing'
ptd-server 2023-02-27 21:21:09,259 [INFO] Reply from ptd: 'Starting untimed measurement, maximum 500000 samples at 1000ms with 0 rampup samples'
ptd-server 2023-02-27 21:21:09,259 [INFO] Sending reply to client 'OK'
ptd-server 2023-02-27 21:31:26,641 [INFO] Got command from the client 'session,2023-02-27_21-10-00,stop,testing'
ptd-server 2023-02-27 21:31:36,651 [INFO] Sending to ptd: 'Stop'
ptd-server 2023-02-27 21:31:36,652 [INFO] Reply from ptd: 'Stopping untimed measurement'
ptd-server 2023-02-27 21:31:36,841 [INFO] Sending reply to client 'OK'
ptd-server 2023-02-27 21:31:36,861 [INFO] Got command from the client 'session,2023-02-27_21-10-00,done'
ptd-server 2023-02-27 21:31:36,861 [INFO] Sending to ptd: 'Stop'
ptd-server 2023-02-27 21:31:37,259 [INFO] Reply from ptd: 'Error: no measurement to stop'
ptd-server 2023-02-27 21:31:37,260 [INFO] Sending to ptd: 'SR,V,300.000000'
ptd-server 2023-02-27 21:31:38,761 [INFO] Reply from ptd: 'Range V changed'
ptd-server 2023-02-27 21:31:38,761 [INFO] Sending to ptd: 'SR,A,0.100000'
ptd-server 2023-02-27 21:31:40,262 [INFO] Reply from ptd: 'Range A changed'
ptd-server 2023-02-27 21:31:40,262 [INFO] Set initial values for Amps 0.100000 and Volts 300.000000
ptd-server 2023-02-27 21:31:40,263 [INFO] Stopping ptd...
