ptd-server 2023-03-01 02:07:18,415 [INFO] Got command from the client 'time'
ptd-server 2023-03-01 02:07:18,416 [INFO] Sending reply to client '1677636438.4160874'
ptd-server 2023-03-01 02:07:18,418 [INFO] Got command from the client 'new,,a70073bc-a9f4-4a67-8bc0-29f7542b34b5'
ptd-server 2023-03-01 02:07:18,418 [INFO] Sending reply to client 'OK 2023-03-01_02-07-18,eeed1144-d86e-4287-9d08-835b0017692c'
ptd-server 2023-03-01 02:07:18,449 [INFO] Got command from the client 'time'
ptd-server 2023-03-01 02:07:18,450 [INFO] Sending reply to client '1677636438.4501722'
ptd-server 2023-03-01 02:07:18,452 [INFO] Got command from the client 'session,2023-03-01_02-07-18,start,ranging'
ptd-server 2023-03-01 02:07:18,452 [INFO] Running PTDaemon: ['/home/anton/projects/mlperf/power/inference_v1.0/ptd-linux-x86', '-l', '/tmp/tmpu4v721n6/ptd_logfile.txt', '-p', '8888', '49', '/dev/usbtmc0']
ptd-server 2023-03-01 02:07:35,538 [INFO] Sending to ptd: 'Hello'
ptd-server 2023-03-01 02:07:35,539 [INFO] Reply from ptd: 'Hello, PTDaemon here!'
ptd-server 2023-03-01 02:07:35,539 [INFO] Sending to ptd: 'Identify'
ptd-server 2023-03-01 02:07:35,539 [INFO] Reply from ptd: 'YokogawaWT310E,1000,1,1,1,1,0,1,1,version=1.10.0-ed9a21d2-20220817,OS=Linux 5.15.0-60-generic #66~20.04.1-Ubuntu SMP Wed Jan 25 09:41:30 UTC 2023 x86_64,mode=power,1,1,1,0,0,no_cal_date,YOKOGAWA;WT310E;C3XA04010E;F1.04'
ptd-server 2023-03-01 02:07:35,539 [INFO] Connected to PTDaemon
ptd-server 2023-03-01 02:07:35,539 [INFO] Sending to ptd: 'RR'
ptd-server 2023-03-01 02:07:35,540 [INFO] Reply from ptd: 'Ranges,0,0.100000,0,300.000000'
ptd-server 2023-03-01 02:07:35,540 [INFO] Initial range for Amps is 0.100000 for Volts is 300.000000
ptd-server 2023-03-01 02:07:35,540 [INFO] Sending to ptd: 'SR,V,Auto'
ptd-server 2023-03-01 02:07:36,042 [INFO] Reply from ptd: 'Range V changed'
ptd-server 2023-03-01 02:07:36,042 [INFO] Sending to ptd: 'SR,A,Auto'
ptd-server 2023-03-01 02:07:36,545 [INFO] Reply from ptd: 'Range A changed'
ptd-server 2023-03-01 02:07:46,552 [INFO] Starting ranging mode
ptd-server 2023-03-01 02:07:46,552 [INFO] Sending to ptd: 'Go,1000,0,2023-03-01_02-07-18_ranging'
ptd-server 2023-03-01 02:07:46,552 [INFO] Reply from ptd: 'Starting untimed measurement, maximum 500000 samples at 1000ms with 0 rampup samples'
ptd-server 2023-03-01 02:07:46,553 [INFO] Sending reply to client 'OK'
ptd-server 2023-03-01 02:18:10,791 [INFO] Got command from the client 'session,2023-03-01_02-07-18,stop,ranging'
ptd-server 2023-03-01 02:18:20,800 [INFO] Sending to ptd: 'Stop'
ptd-server 2023-03-01 02:18:20,800 [INFO] Reply from ptd: 'Stopping untimed measurement'
ptd-server 2023-03-01 02:18:21,346 [INFO] Sending reply to client 'OK'
ptd-server 2023-03-01 02:18:21,437 [INFO] Got command from the client 'time'
ptd-server 2023-03-01 02:18:21,437 [INFO] Sending reply to client '1677637101.4373424'
ptd-server 2023-03-01 02:18:21,440 [INFO] Got command from the client 'session,2023-03-01_02-07-18,start,testing'
ptd-server 2023-03-01 02:18:21,440 [INFO] Sending to ptd: 'SR,V,252.680000'
ptd-server 2023-03-01 02:18:23,054 [INFO] Reply from ptd: 'Range V changed'
ptd-server 2023-03-01 02:18:23,054 [INFO] Sending to ptd: 'SR,A,0.078900'
ptd-server 2023-03-01 02:18:24,555 [INFO] Reply from ptd: 'Range A changed'
ptd-server 2023-03-01 02:18:34,564 [INFO] Starting testing mode
ptd-server 2023-03-01 02:18:34,564 [INFO] Sending to ptd: 'Go,1000,0,2023-03-01_02-07-18_testing'
ptd-server 2023-03-01 02:18:34,564 [INFO] Reply from ptd: 'Starting untimed measurement, maximum 500000 samples at 1000ms with 0 rampup samples'
ptd-server 2023-03-01 02:18:34,565 [INFO] Sending reply to client 'OK'
ptd-server 2023-03-01 02:28:58,716 [INFO] Got command from the client 'session,2023-03-01_02-07-18,stop,testing'
ptd-server 2023-03-01 02:29:08,726 [INFO] Sending to ptd: 'Stop'
ptd-server 2023-03-01 02:29:08,727 [INFO] Reply from ptd: 'Stopping untimed measurement'
ptd-server 2023-03-01 02:29:09,008 [INFO] Sending reply to client 'OK'
ptd-server 2023-03-01 02:29:09,029 [INFO] Got command from the client 'session,2023-03-01_02-07-18,done'
ptd-server 2023-03-01 02:29:09,030 [INFO] Sending to ptd: 'Stop'
ptd-server 2023-03-01 02:29:09,565 [INFO] Reply from ptd: 'Error: no measurement to stop'
ptd-server 2023-03-01 02:29:09,565 [INFO] Sending to ptd: 'SR,V,300.000000'
ptd-server 2023-03-01 02:29:11,066 [INFO] Reply from ptd: 'Range V changed'
ptd-server 2023-03-01 02:29:11,067 [INFO] Sending to ptd: 'SR,A,0.100000'
ptd-server 2023-03-01 02:29:12,568 [INFO] Reply from ptd: 'Range A changed'
ptd-server 2023-03-01 02:29:12,568 [INFO] Set initial values for Amps 0.100000 and Volts 300.000000
ptd-server 2023-03-01 02:29:12,568 [INFO] Stopping ptd...
