ptd-server 2023-02-22 00:00:49,855 [INFO] Got command from the client 'time'
ptd-server 2023-02-22 00:00:49,855 [INFO] Sending reply to client '1677024049.8553874'
ptd-server 2023-02-22 00:00:49,856 [INFO] Got command from the client 'new,,c2538e13-6506-47a4-aa30-fccbab442eab'
ptd-server 2023-02-22 00:00:49,856 [INFO] Sending reply to client 'OK 2023-02-22_00-00-49,e1721ef7-1d89-455b-938e-8218541b1639'
ptd-server 2023-02-22 00:00:49,882 [INFO] Got command from the client 'time'
ptd-server 2023-02-22 00:00:49,882 [INFO] Sending reply to client '1677024049.8824975'
ptd-server 2023-02-22 00:00:49,883 [INFO] Got command from the client 'session,2023-02-22_00-00-49,start,ranging'
ptd-server 2023-02-22 00:00:49,883 [INFO] Running PTDaemon: ['/home/anton/projects/mlperf/power/inference_v1.0/ptd-linux-x86', '-l', '/tmp/tmp4yl1neqp/ptd_logfile.txt', '-p', '8888', '49', '/dev/usbtmc0']
ptd-server 2023-02-22 00:01:06,957 [INFO] Sending to ptd: 'Hello'
ptd-server 2023-02-22 00:01:06,957 [INFO] Reply from ptd: 'Hello, PTDaemon here!'
ptd-server 2023-02-22 00:01:06,957 [INFO] Sending to ptd: 'Identify'
ptd-server 2023-02-22 00:01:06,958 [INFO] Reply from ptd: 'YokogawaWT310E,1000,1,1,1,1,0,1,1,version=1.10.0-ed9a21d2-20220817,OS=Linux 5.15.0-60-generic #66~20.04.1-Ubuntu SMP Wed Jan 25 09:41:30 UTC 2023 x86_64,mode=power,1,1,1,0,0,no_cal_date,YOKOGAWA;WT310E;C3XA04010E;F1.04'
ptd-server 2023-02-22 00:01:06,958 [INFO] Connected to PTDaemon
ptd-server 2023-02-22 00:01:06,958 [INFO] Sending to ptd: 'RR'
ptd-server 2023-02-22 00:01:06,958 [INFO] Reply from ptd: 'Ranges,1,0.100000,1,300.000000'
ptd-server 2023-02-22 00:01:06,959 [INFO] Initial range for Amps is Auto for Volts is Auto
ptd-server 2023-02-22 00:01:06,959 [INFO] Sending to ptd: 'SR,V,Auto'
ptd-server 2023-02-22 00:01:07,461 [INFO] Reply from ptd: 'Range V changed'
ptd-server 2023-02-22 00:01:07,461 [INFO] Sending to ptd: 'SR,A,Auto'
ptd-server 2023-02-22 00:01:07,964 [INFO] Reply from ptd: 'Range A changed'
ptd-server 2023-02-22 00:01:17,974 [INFO] Starting ranging mode
ptd-server 2023-02-22 00:01:17,974 [INFO] Sending to ptd: 'Go,1000,0,2023-02-22_00-00-49_ranging'
ptd-server 2023-02-22 00:01:17,975 [INFO] Reply from ptd: 'Starting untimed measurement, maximum 500000 samples at 1000ms with 0 rampup samples'
ptd-server 2023-02-22 00:01:17,975 [INFO] Sending reply to client 'OK'
ptd-server 2023-02-22 00:11:37,566 [INFO] Got command from the client 'session,2023-02-22_00-00-49,stop,ranging'
ptd-server 2023-02-22 00:11:47,576 [INFO] Sending to ptd: 'Stop'
ptd-server 2023-02-22 00:11:47,577 [INFO] Reply from ptd: 'Stopping untimed measurement'
ptd-server 2023-02-22 00:11:47,959 [INFO] Sending reply to client 'OK'
ptd-server 2023-02-22 00:11:48,029 [INFO] Got command from the client 'time'
ptd-server 2023-02-22 00:11:48,029 [INFO] Sending reply to client '1677024708.0295026'
ptd-server 2023-02-22 00:11:48,030 [INFO] Got command from the client 'session,2023-02-22_00-00-49,start,testing'
ptd-server 2023-02-22 00:11:48,030 [INFO] Sending to ptd: 'SR,V,252.500000'
ptd-server 2023-02-22 00:11:49,531 [INFO] Reply from ptd: 'Range V changed'
ptd-server 2023-02-22 00:11:49,532 [INFO] Sending to ptd: 'SR,A,0.047420'
ptd-server 2023-02-22 00:11:51,033 [INFO] Reply from ptd: 'Range A changed'
ptd-server 2023-02-22 00:12:01,043 [INFO] Starting testing mode
ptd-server 2023-02-22 00:12:01,044 [INFO] Sending to ptd: 'Go,1000,0,2023-02-22_00-00-49_testing'
ptd-server 2023-02-22 00:12:01,044 [INFO] Reply from ptd: 'Starting untimed measurement, maximum 500000 samples at 1000ms with 0 rampup samples'
ptd-server 2023-02-22 00:12:01,044 [INFO] Sending reply to client 'OK'
ptd-server 2023-02-22 00:22:20,551 [INFO] Got command from the client 'session,2023-02-22_00-00-49,stop,testing'
ptd-server 2023-02-22 00:22:30,562 [INFO] Sending to ptd: 'Stop'
ptd-server 2023-02-22 00:22:30,562 [INFO] Reply from ptd: 'Stopping untimed measurement'
ptd-server 2023-02-22 00:22:30,760 [INFO] Sending reply to client 'OK'
ptd-server 2023-02-22 00:22:30,767 [INFO] Got command from the client 'session,2023-02-22_00-00-49,done'
ptd-server 2023-02-22 00:22:30,768 [INFO] Sending to ptd: 'Stop'
ptd-server 2023-02-22 00:22:31,045 [INFO] Reply from ptd: 'Error: no measurement to stop'
ptd-server 2023-02-22 00:22:31,045 [INFO] Sending to ptd: 'SR,V,Auto'
ptd-server 2023-02-22 00:22:31,547 [INFO] Reply from ptd: 'Range V changed'
ptd-server 2023-02-22 00:22:31,548 [INFO] Sending to ptd: 'SR,A,Auto'
ptd-server 2023-02-22 00:22:32,050 [INFO] Reply from ptd: 'Range A changed'
ptd-server 2023-02-22 00:22:32,050 [INFO] Set initial values for Amps Auto and Volts Auto
ptd-server 2023-02-22 00:22:32,050 [INFO] Stopping ptd...
