ptd-server 2023-02-23 09:09:12,578 [INFO] Got command from the client 'time'
ptd-server 2023-02-23 09:09:12,578 [INFO] Sending reply to client '1677143352.5786152'
ptd-server 2023-02-23 09:09:12,582 [INFO] Got command from the client 'new,,92fa5f07-4908-4fde-ac4a-84f7273d82e3'
ptd-server 2023-02-23 09:09:12,583 [INFO] Sending reply to client 'OK 2023-02-23_09-09-12,1f95ffac-c7a3-420b-befd-ff0ab4da0af0'
ptd-server 2023-02-23 09:09:12,604 [INFO] Got command from the client 'time'
ptd-server 2023-02-23 09:09:12,605 [INFO] Sending reply to client '1677143352.6051211'
ptd-server 2023-02-23 09:09:12,612 [INFO] Got command from the client 'session,2023-02-23_09-09-12,start,ranging'
ptd-server 2023-02-23 09:09:12,613 [INFO] Running PTDaemon: ['/media/arjun/T7_Touch/hp-envy/CM/repos/local/cache/9b3695ca8255492a/power/inference_v1.0/ptd-linux-x86', '-l', '/tmp/tmpti64566v/ptd_logfile.txt', '-p', '8888', '49', '/dev/usbtmc0']
ptd-server 2023-02-23 09:09:29,707 [INFO] Sending to ptd: 'Hello'
ptd-server 2023-02-23 09:09:29,708 [INFO] Reply from ptd: 'Hello, PTDaemon here!'
ptd-server 2023-02-23 09:09:29,709 [INFO] Sending to ptd: 'Identify'
ptd-server 2023-02-23 09:09:29,709 [INFO] Reply from ptd: 'YokogawaWT310E,1000,1,1,1,1,0,1,1,version=1.10.0-ed9a21d2-20220817,OS=Linux 5.15.0-56-generic #62-Ubuntu SMP Tue Nov 22 19:54:14 UTC 2022 x86_64,mode=power,1,1,1,0,0,no_cal_date,YOKOGAWA;WT310E;C3YD21068E;F1.04'
ptd-server 2023-02-23 09:09:29,710 [INFO] Connected to PTDaemon
ptd-server 2023-02-23 09:09:29,710 [INFO] Sending to ptd: 'RR'
ptd-server 2023-02-23 09:09:29,711 [INFO] Reply from ptd: 'Ranges,0,0.100000,0,600.000000'
ptd-server 2023-02-23 09:09:29,711 [INFO] Initial range for Amps is 0.100000 for Volts is 600.000000
ptd-server 2023-02-23 09:09:29,711 [INFO] Sending to ptd: 'SR,V,Auto'
ptd-server 2023-02-23 09:09:30,214 [INFO] Reply from ptd: 'Range V changed'
ptd-server 2023-02-23 09:09:30,215 [INFO] Sending to ptd: 'SR,A,Auto'
ptd-server 2023-02-23 09:09:30,719 [INFO] Reply from ptd: 'Range A changed'
ptd-server 2023-02-23 09:09:40,726 [INFO] Starting ranging mode
ptd-server 2023-02-23 09:09:40,726 [INFO] Sending to ptd: 'Go,1000,0,2023-02-23_09-09-12_ranging'
ptd-server 2023-02-23 09:09:40,727 [INFO] Reply from ptd: 'Starting untimed measurement, maximum 500000 samples at 1000ms with 0 rampup samples'
ptd-server 2023-02-23 09:09:40,728 [INFO] Sending reply to client 'OK'
ptd-server 2023-02-23 09:20:41,679 [INFO] Got command from the client 'session,2023-02-23_09-09-12,stop,ranging'
ptd-server 2023-02-23 09:20:51,689 [INFO] Sending to ptd: 'Stop'
ptd-server 2023-02-23 09:20:51,690 [INFO] Reply from ptd: 'Stopping untimed measurement'
ptd-server 2023-02-23 09:20:51,700 [INFO] Sending reply to client 'OK'
ptd-server 2023-02-23 09:20:51,767 [INFO] Got command from the client 'time'
ptd-server 2023-02-23 09:20:51,767 [INFO] Sending reply to client '1677144051.7675464'
ptd-server 2023-02-23 09:20:51,770 [INFO] Got command from the client 'session,2023-02-23_09-09-12,start,testing'
ptd-server 2023-02-23 09:20:51,770 [INFO] Sending to ptd: 'SR,V,247.900000'
ptd-server 2023-02-23 09:20:53,272 [INFO] Reply from ptd: 'Range V changed'
ptd-server 2023-02-23 09:20:53,273 [INFO] Sending to ptd: 'SR,A,0.174670'
ptd-server 2023-02-23 09:20:54,775 [INFO] Reply from ptd: 'Range A changed'
ptd-server 2023-02-23 09:21:04,786 [INFO] Starting testing mode
ptd-server 2023-02-23 09:21:04,787 [INFO] Sending to ptd: 'Go,1000,0,2023-02-23_09-09-12_testing'
ptd-server 2023-02-23 09:21:04,788 [INFO] Reply from ptd: 'Starting untimed measurement, maximum 500000 samples at 1000ms with 0 rampup samples'
ptd-server 2023-02-23 09:21:04,788 [INFO] Sending reply to client 'OK'
ptd-server 2023-02-23 09:32:03,249 [INFO] Got command from the client 'session,2023-02-23_09-09-12,stop,testing'
ptd-server 2023-02-23 09:32:13,260 [INFO] Sending to ptd: 'Stop'
ptd-server 2023-02-23 09:32:13,261 [INFO] Reply from ptd: 'Stopping untimed measurement'
ptd-server 2023-02-23 09:32:13,268 [INFO] Sending reply to client 'OK'
ptd-server 2023-02-23 09:32:13,283 [INFO] Got command from the client 'session,2023-02-23_09-09-12,done'
ptd-server 2023-02-23 09:32:13,283 [INFO] Sending to ptd: 'Stop'
ptd-server 2023-02-23 09:32:13,789 [INFO] Reply from ptd: 'Error: no measurement to stop'
ptd-server 2023-02-23 09:32:13,789 [INFO] Sending to ptd: 'SR,V,600.000000'
ptd-server 2023-02-23 09:32:15,292 [INFO] Reply from ptd: 'Range V changed'
ptd-server 2023-02-23 09:32:15,293 [INFO] Sending to ptd: 'SR,A,0.100000'
ptd-server 2023-02-23 09:32:16,795 [INFO] Reply from ptd: 'Range A changed'
ptd-server 2023-02-23 09:32:16,796 [INFO] Set initial values for Amps 0.100000 and Volts 600.000000
ptd-server 2023-02-23 09:32:16,796 [INFO] Stopping ptd...
