ptd-server 2023-03-01 20:52:37,114 [INFO] Got command from the client 'time'
ptd-server 2023-03-01 20:52:37,114 [INFO] Sending reply to client '1677725557.1142614'
ptd-server 2023-03-01 20:52:37,115 [INFO] Got command from the client 'new,,03130ebd-8a12-4739-a1f0-3f0cec8a770e'
ptd-server 2023-03-01 20:52:37,116 [INFO] Sending reply to client 'OK 2023-03-01_20-52-37,cbb0837c-c2e8-4dc9-b29f-90323ecb6e18'
ptd-server 2023-03-01 20:52:37,219 [INFO] Got command from the client 'time'
ptd-server 2023-03-01 20:52:37,220 [INFO] Sending reply to client '1677725557.2200515'
ptd-server 2023-03-01 20:52:37,221 [INFO] Got command from the client 'session,2023-03-01_20-52-37,start,ranging'
ptd-server 2023-03-01 20:52:37,221 [INFO] Running PTDaemon: ['/local/mnt/workspace/mlcommons/power-main/inference_v1.0/ptd-linux-x86', '-l', '/tmp/tmp5oeeq6__/ptd_logfile.txt', '-p', '8888', '-c', '1', '52', '/dev/usbtmc0']
ptd-server 2023-03-01 20:52:54,245 [INFO] Sending to ptd: 'Hello'
ptd-server 2023-03-01 20:52:54,246 [INFO] Reply from ptd: 'Hello, PTDaemon here!'
ptd-server 2023-03-01 20:52:54,246 [INFO] Sending to ptd: 'Identify'
ptd-server 2023-03-01 20:52:54,246 [INFO] Reply from ptd: 'YokogawaWT330E,1000,1,1,1,1,0,0,1,version=1.10.0-ed9a21d2-20220817,OS=Linux 5.4.0-120-generic #136~18.04.1-Ubuntu SMP Fri Jun 10 18:00:44 UTC 2022 x86_64,mode=power,1,1,1,0,0,no_cal_date,YOKOGAWA;WT333E;C2XC17005V;F1.04'
ptd-server 2023-03-01 20:52:54,247 [INFO] Connected to PTDaemon
ptd-server 2023-03-01 20:52:54,247 [INFO] Sending to ptd: 'RR'
ptd-server 2023-03-01 20:52:54,248 [INFO] Reply from ptd: 'Ranges,0,10.000000,0,150.000000'
ptd-server 2023-03-01 20:52:54,248 [INFO] Initial range for Amps is 10.000000 for Volts is 150.000000
ptd-server 2023-03-01 20:52:54,248 [INFO] Sending to ptd: 'SR,V,Auto'
ptd-server 2023-03-01 20:52:54,754 [INFO] Reply from ptd: 'Range V changed'
ptd-server 2023-03-01 20:52:54,754 [INFO] Sending to ptd: 'SR,A,Auto'
ptd-server 2023-03-01 20:52:55,257 [INFO] Reply from ptd: 'Range A changed'
ptd-server 2023-03-01 20:53:05,268 [INFO] Starting ranging mode
ptd-server 2023-03-01 20:53:05,268 [INFO] Sending to ptd: 'Go,1000,0,2023-03-01_20-52-37_ranging'
ptd-server 2023-03-01 20:53:05,269 [INFO] Reply from ptd: 'Starting untimed measurement, maximum 500000 samples at 1000ms with 0 rampup samples'
ptd-server 2023-03-01 20:53:05,269 [INFO] Sending reply to client 'OK'
ptd-server 2023-03-01 21:05:24,565 [INFO] Got command from the client 'session,2023-03-01_20-52-37,stop,ranging'
ptd-server 2023-03-01 21:05:34,576 [INFO] Sending to ptd: 'Stop'
ptd-server 2023-03-01 21:05:34,577 [INFO] Reply from ptd: 'Stopping untimed measurement'
ptd-server 2023-03-01 21:05:34,601 [INFO] Sending reply to client 'OK'
ptd-server 2023-03-01 21:05:34,713 [INFO] Got command from the client 'time'
ptd-server 2023-03-01 21:05:34,714 [INFO] Sending reply to client '1677726334.7139938'
ptd-server 2023-03-01 21:05:34,715 [INFO] Got command from the client 'session,2023-03-01_20-52-37,start,testing'
ptd-server 2023-03-01 21:05:34,715 [INFO] Sending to ptd: 'SR,V,121.520000'
ptd-server 2023-03-01 21:05:36,772 [INFO] Reply from ptd: 'Range V changed'
ptd-server 2023-03-01 21:05:36,772 [INFO] Sending to ptd: 'SR,A,1.792000'
ptd-server 2023-03-01 21:05:38,274 [INFO] Reply from ptd: 'Range A changed'
ptd-server 2023-03-01 21:05:48,285 [INFO] Starting testing mode
ptd-server 2023-03-01 21:05:48,285 [INFO] Sending to ptd: 'Go,1000,0,2023-03-01_20-52-37_testing'
ptd-server 2023-03-01 21:05:48,286 [INFO] Reply from ptd: 'Starting untimed measurement, maximum 500000 samples at 1000ms with 0 rampup samples'
ptd-server 2023-03-01 21:05:48,286 [INFO] Sending reply to client 'OK'
ptd-server 2023-03-01 21:18:06,715 [INFO] Got command from the client 'session,2023-03-01_20-52-37,stop,testing'
ptd-server 2023-03-01 21:18:16,726 [INFO] Sending to ptd: 'Stop'
ptd-server 2023-03-01 21:18:16,726 [INFO] Reply from ptd: 'Stopping untimed measurement'
ptd-server 2023-03-01 21:18:16,739 [INFO] Sending reply to client 'OK'
ptd-server 2023-03-01 21:18:16,747 [INFO] Got command from the client 'session,2023-03-01_20-52-37,done'
ptd-server 2023-03-01 21:18:16,748 [INFO] Sending to ptd: 'Stop'
ptd-server 2023-03-01 21:18:17,287 [INFO] Reply from ptd: 'Error: no measurement to stop'
ptd-server 2023-03-01 21:18:17,288 [INFO] Sending to ptd: 'SR,V,150.000000'
ptd-server 2023-03-01 21:18:18,790 [INFO] Reply from ptd: 'Range V changed'
ptd-server 2023-03-01 21:18:18,790 [INFO] Sending to ptd: 'SR,A,10.000000'
ptd-server 2023-03-01 21:18:20,292 [INFO] Reply from ptd: 'Range A changed'
ptd-server 2023-03-01 21:18:20,292 [INFO] Set initial values for Amps 10.000000 and Volts 150.000000
ptd-server 2023-03-01 21:18:20,293 [INFO] Stopping ptd...
