ptd-server 2023-02-21 08:29:10,591 [INFO] Got command from the client 'time'
ptd-server 2023-02-21 08:29:10,592 [INFO] Sending reply to client '1676968150.5920174'
ptd-server 2023-02-21 08:29:10,593 [INFO] Got command from the client 'new,,54372f0b-949d-4398-a37d-e91dbe7241d2'
ptd-server 2023-02-21 08:29:10,593 [INFO] Sending reply to client 'OK 2023-02-21_08-29-10,168cb463-5faa-4502-8379-5a8556f3a792'
ptd-server 2023-02-21 08:29:10,616 [INFO] Got command from the client 'time'
ptd-server 2023-02-21 08:29:10,616 [INFO] Sending reply to client '1676968150.6167068'
ptd-server 2023-02-21 08:29:10,617 [INFO] Got command from the client 'session,2023-02-21_08-29-10,start,ranging'
ptd-server 2023-02-21 08:29:10,618 [INFO] Running PTDaemon: ['/home/anton/projects/mlperf/power/inference_v1.0/ptd-linux-x86', '-l', '/tmp/tmp4yl1neqp/ptd_logfile.txt', '-p', '8888', '49', '/dev/usbtmc0']
ptd-server 2023-02-21 08:29:27,691 [INFO] Sending to ptd: 'Hello'
ptd-server 2023-02-21 08:29:27,692 [INFO] Reply from ptd: 'Hello, PTDaemon here!'
ptd-server 2023-02-21 08:29:27,692 [INFO] Sending to ptd: 'Identify'
ptd-server 2023-02-21 08:29:27,692 [INFO] Reply from ptd: 'YokogawaWT310E,1000,1,1,1,1,0,1,1,version=1.10.0-ed9a21d2-20220817,OS=Linux 5.15.0-60-generic #66~20.04.1-Ubuntu SMP Wed Jan 25 09:41:30 UTC 2023 x86_64,mode=power,1,1,1,0,0,no_cal_date,YOKOGAWA;WT310E;C3XA04010E;F1.04'
ptd-server 2023-02-21 08:29:27,692 [INFO] Connected to PTDaemon
ptd-server 2023-02-21 08:29:27,692 [INFO] Sending to ptd: 'RR'
ptd-server 2023-02-21 08:29:27,693 [INFO] Reply from ptd: 'Ranges,1,0.100000,1,300.000000'
ptd-server 2023-02-21 08:29:27,693 [INFO] Initial range for Amps is Auto for Volts is Auto
ptd-server 2023-02-21 08:29:27,693 [INFO] Sending to ptd: 'SR,V,Auto'
ptd-server 2023-02-21 08:29:28,195 [INFO] Reply from ptd: 'Range V changed'
ptd-server 2023-02-21 08:29:28,196 [INFO] Sending to ptd: 'SR,A,Auto'
ptd-server 2023-02-21 08:29:28,698 [INFO] Reply from ptd: 'Range A changed'
ptd-server 2023-02-21 08:29:38,708 [INFO] Starting ranging mode
ptd-server 2023-02-21 08:29:38,709 [INFO] Sending to ptd: 'Go,1000,0,2023-02-21_08-29-10_ranging'
ptd-server 2023-02-21 08:29:38,709 [INFO] Reply from ptd: 'Starting untimed measurement, maximum 500000 samples at 1000ms with 0 rampup samples'
ptd-server 2023-02-21 08:29:38,709 [INFO] Sending reply to client 'OK'
ptd-server 2023-02-21 08:40:05,931 [INFO] Got command from the client 'session,2023-02-21_08-29-10,stop,ranging'
ptd-server 2023-02-21 08:40:15,941 [INFO] Sending to ptd: 'Stop'
ptd-server 2023-02-21 08:40:15,942 [INFO] Reply from ptd: 'Stopping untimed measurement'
ptd-server 2023-02-21 08:40:16,225 [INFO] Sending reply to client 'OK'
ptd-server 2023-02-21 08:40:16,263 [INFO] Got command from the client 'time'
ptd-server 2023-02-21 08:40:16,263 [INFO] Sending reply to client '1676968816.263588'
ptd-server 2023-02-21 08:40:16,264 [INFO] Got command from the client 'session,2023-02-21_08-29-10,start,testing'
ptd-server 2023-02-21 08:40:16,264 [INFO] Sending to ptd: 'SR,V,250.920000'
ptd-server 2023-02-21 08:40:18,210 [INFO] Reply from ptd: 'Range V changed'
ptd-server 2023-02-21 08:40:18,211 [INFO] Sending to ptd: 'SR,A,0.065320'
ptd-server 2023-02-21 08:40:19,712 [INFO] Reply from ptd: 'Range A changed'
ptd-server 2023-02-21 08:40:29,722 [INFO] Starting testing mode
ptd-server 2023-02-21 08:40:29,722 [INFO] Sending to ptd: 'Go,1000,0,2023-02-21_08-29-10_testing'
ptd-server 2023-02-21 08:40:29,723 [INFO] Reply from ptd: 'Starting untimed measurement, maximum 500000 samples at 1000ms with 0 rampup samples'
ptd-server 2023-02-21 08:40:29,723 [INFO] Sending reply to client 'OK'
ptd-server 2023-02-21 08:50:56,787 [INFO] Got command from the client 'session,2023-02-21_08-29-10,stop,testing'
ptd-server 2023-02-21 08:51:06,798 [INFO] Sending to ptd: 'Stop'
ptd-server 2023-02-21 08:51:06,798 [INFO] Reply from ptd: 'Stopping untimed measurement'
ptd-server 2023-02-21 08:51:06,952 [INFO] Sending reply to client 'OK'
ptd-server 2023-02-21 08:51:06,960 [INFO] Got command from the client 'session,2023-02-21_08-29-10,done'
ptd-server 2023-02-21 08:51:06,961 [INFO] Sending to ptd: 'Stop'
ptd-server 2023-02-21 08:51:07,724 [INFO] Reply from ptd: 'Error: no measurement to stop'
ptd-server 2023-02-21 08:51:07,724 [INFO] Sending to ptd: 'SR,V,Auto'
ptd-server 2023-02-21 08:51:08,227 [INFO] Reply from ptd: 'Range V changed'
ptd-server 2023-02-21 08:51:08,227 [INFO] Sending to ptd: 'SR,A,Auto'
ptd-server 2023-02-21 08:51:08,729 [INFO] Reply from ptd: 'Range A changed'
ptd-server 2023-02-21 08:51:08,729 [INFO] Set initial values for Amps Auto and Volts Auto
ptd-server 2023-02-21 08:51:08,730 [INFO] Stopping ptd...
