ptd-server 2023-02-22 01:50:48,686 [INFO] Got command from the client 'time'
ptd-server 2023-02-22 01:50:48,686 [INFO] Sending reply to client '1677030648.6866844'
ptd-server 2023-02-22 01:50:48,687 [INFO] Got command from the client 'new,,d6b1f31e-6c60-4273-a050-5bc5bec0c32c'
ptd-server 2023-02-22 01:50:48,688 [INFO] Sending reply to client 'OK 2023-02-22_01-50-48,b4f8341b-e650-4f91-854b-dc296e2ae9fa'
ptd-server 2023-02-22 01:50:48,712 [INFO] Got command from the client 'time'
ptd-server 2023-02-22 01:50:48,712 [INFO] Sending reply to client '1677030648.7124286'
ptd-server 2023-02-22 01:50:48,713 [INFO] Got command from the client 'session,2023-02-22_01-50-48,start,ranging'
ptd-server 2023-02-22 01:50:48,713 [INFO] Running PTDaemon: ['/home/anton/projects/mlperf/power/inference_v1.0/ptd-linux-x86', '-l', '/tmp/tmp4yl1neqp/ptd_logfile.txt', '-p', '8888', '49', '/dev/usbtmc0']
ptd-server 2023-02-22 01:51:05,788 [INFO] Sending to ptd: 'Hello'
ptd-server 2023-02-22 01:51:05,788 [INFO] Reply from ptd: 'Hello, PTDaemon here!'
ptd-server 2023-02-22 01:51:05,789 [INFO] Sending to ptd: 'Identify'
ptd-server 2023-02-22 01:51:05,789 [INFO] Reply from ptd: 'YokogawaWT310E,1000,1,1,1,1,0,1,1,version=1.10.0-ed9a21d2-20220817,OS=Linux 5.15.0-60-generic #66~20.04.1-Ubuntu SMP Wed Jan 25 09:41:30 UTC 2023 x86_64,mode=power,1,1,1,0,0,no_cal_date,YOKOGAWA;WT310E;C3XA04010E;F1.04'
ptd-server 2023-02-22 01:51:05,789 [INFO] Connected to PTDaemon
ptd-server 2023-02-22 01:51:05,789 [INFO] Sending to ptd: 'RR'
ptd-server 2023-02-22 01:51:05,790 [INFO] Reply from ptd: 'Ranges,1,0.100000,1,300.000000'
ptd-server 2023-02-22 01:51:05,790 [INFO] Initial range for Amps is Auto for Volts is Auto
ptd-server 2023-02-22 01:51:05,790 [INFO] Sending to ptd: 'SR,V,Auto'
ptd-server 2023-02-22 01:51:06,292 [INFO] Reply from ptd: 'Range V changed'
ptd-server 2023-02-22 01:51:06,293 [INFO] Sending to ptd: 'SR,A,Auto'
ptd-server 2023-02-22 01:51:06,795 [INFO] Reply from ptd: 'Range A changed'
ptd-server 2023-02-22 01:51:16,805 [INFO] Starting ranging mode
ptd-server 2023-02-22 01:51:16,805 [INFO] Sending to ptd: 'Go,1000,0,2023-02-22_01-50-48_ranging'
ptd-server 2023-02-22 01:51:16,806 [INFO] Reply from ptd: 'Starting untimed measurement, maximum 500000 samples at 1000ms with 0 rampup samples'
ptd-server 2023-02-22 01:51:16,806 [INFO] Sending reply to client 'OK'
ptd-server 2023-02-22 02:01:48,626 [INFO] Got command from the client 'session,2023-02-22_01-50-48,stop,ranging'
ptd-server 2023-02-22 02:01:58,637 [INFO] Sending to ptd: 'Stop'
ptd-server 2023-02-22 02:01:58,637 [INFO] Reply from ptd: 'Stopping untimed measurement'
ptd-server 2023-02-22 02:01:59,012 [INFO] Sending reply to client 'OK'
ptd-server 2023-02-22 02:01:59,046 [INFO] Got command from the client 'time'
ptd-server 2023-02-22 02:01:59,046 [INFO] Sending reply to client '1677031319.046233'
ptd-server 2023-02-22 02:01:59,047 [INFO] Got command from the client 'session,2023-02-22_01-50-48,start,testing'
ptd-server 2023-02-22 02:01:59,047 [INFO] Sending to ptd: 'SR,V,252.320000'
ptd-server 2023-02-22 02:02:00,548 [INFO] Reply from ptd: 'Range V changed'
ptd-server 2023-02-22 02:02:00,549 [INFO] Sending to ptd: 'SR,A,0.050800'
ptd-server 2023-02-22 02:02:02,050 [INFO] Reply from ptd: 'Range A changed'
ptd-server 2023-02-22 02:02:12,056 [INFO] Starting testing mode
ptd-server 2023-02-22 02:02:12,056 [INFO] Sending to ptd: 'Go,1000,0,2023-02-22_01-50-48_testing'
ptd-server 2023-02-22 02:02:12,056 [INFO] Reply from ptd: 'Starting untimed measurement, maximum 500000 samples at 1000ms with 0 rampup samples'
ptd-server 2023-02-22 02:02:12,057 [INFO] Sending reply to client 'OK'
ptd-server 2023-02-22 02:12:43,791 [INFO] Got command from the client 'session,2023-02-22_01-50-48,stop,testing'
ptd-server 2023-02-22 02:12:53,801 [INFO] Sending to ptd: 'Stop'
ptd-server 2023-02-22 02:12:53,801 [INFO] Reply from ptd: 'Stopping untimed measurement'
ptd-server 2023-02-22 02:12:54,004 [INFO] Sending reply to client 'OK'
ptd-server 2023-02-22 02:12:54,012 [INFO] Got command from the client 'session,2023-02-22_01-50-48,done'
ptd-server 2023-02-22 02:12:54,012 [INFO] Sending to ptd: 'Stop'
ptd-server 2023-02-22 02:12:54,057 [INFO] Reply from ptd: 'Error: no measurement to stop'
ptd-server 2023-02-22 02:12:54,057 [INFO] Sending to ptd: 'SR,V,Auto'
ptd-server 2023-02-22 02:12:54,559 [INFO] Reply from ptd: 'Range V changed'
ptd-server 2023-02-22 02:12:54,559 [INFO] Sending to ptd: 'SR,A,Auto'
ptd-server 2023-02-22 02:12:55,062 [INFO] Reply from ptd: 'Range A changed'
ptd-server 2023-02-22 02:12:55,062 [INFO] Set initial values for Amps Auto and Volts Auto
ptd-server 2023-02-22 02:12:55,062 [INFO] Stopping ptd...
