ptd-server 2023-02-20 09:48:25,172 [INFO] Got command from the client 'time'
ptd-server 2023-02-20 09:48:25,172 [INFO] Sending reply to client '1676886505.1721475'
ptd-server 2023-02-20 09:48:25,173 [INFO] Got command from the client 'new,,20a8418d-cf3a-428f-9fe2-6afafdad702e'
ptd-server 2023-02-20 09:48:25,173 [INFO] Sending reply to client 'OK 2023-02-20_09-48-25,8406ca40-e79e-4eb2-9f75-4350f1c2b302'
ptd-server 2023-02-20 09:48:25,198 [INFO] Got command from the client 'time'
ptd-server 2023-02-20 09:48:25,199 [INFO] Sending reply to client '1676886505.1991134'
ptd-server 2023-02-20 09:48:25,200 [INFO] Got command from the client 'session,2023-02-20_09-48-25,start,ranging'
ptd-server 2023-02-20 09:48:25,200 [INFO] Running PTDaemon: ['/home/anton/projects/mlperf/power/inference_v1.0/ptd-linux-x86', '-l', '/tmp/tmp4yl1neqp/ptd_logfile.txt', '-p', '8888', '49', '/dev/usbtmc0']
ptd-server 2023-02-20 09:48:42,273 [INFO] Sending to ptd: 'Hello'
ptd-server 2023-02-20 09:48:42,274 [INFO] Reply from ptd: 'Hello, PTDaemon here!'
ptd-server 2023-02-20 09:48:42,274 [INFO] Sending to ptd: 'Identify'
ptd-server 2023-02-20 09:48:42,274 [INFO] Reply from ptd: 'YokogawaWT310E,1000,1,1,1,1,0,1,1,version=1.10.0-ed9a21d2-20220817,OS=Linux 5.15.0-60-generic #66~20.04.1-Ubuntu SMP Wed Jan 25 09:41:30 UTC 2023 x86_64,mode=power,1,1,1,0,0,no_cal_date,YOKOGAWA;WT310E;C3XA04010E;F1.04'
ptd-server 2023-02-20 09:48:42,274 [INFO] Connected to PTDaemon
ptd-server 2023-02-20 09:48:42,274 [INFO] Sending to ptd: 'RR'
ptd-server 2023-02-20 09:48:42,275 [INFO] Reply from ptd: 'Ranges,1,0.100000,1,300.000000'
ptd-server 2023-02-20 09:48:42,275 [INFO] Initial range for Amps is Auto for Volts is Auto
ptd-server 2023-02-20 09:48:42,275 [INFO] Sending to ptd: 'SR,V,Auto'
ptd-server 2023-02-20 09:48:42,777 [INFO] Reply from ptd: 'Range V changed'
ptd-server 2023-02-20 09:48:42,778 [INFO] Sending to ptd: 'SR,A,Auto'
ptd-server 2023-02-20 09:48:43,280 [INFO] Reply from ptd: 'Range A changed'
ptd-server 2023-02-20 09:48:53,290 [INFO] Starting ranging mode
ptd-server 2023-02-20 09:48:53,291 [INFO] Sending to ptd: 'Go,1000,0,2023-02-20_09-48-25_ranging'
ptd-server 2023-02-20 09:48:53,291 [INFO] Reply from ptd: 'Starting untimed measurement, maximum 500000 samples at 1000ms with 0 rampup samples'
ptd-server 2023-02-20 09:48:53,291 [INFO] Sending reply to client 'OK'
ptd-server 2023-02-20 09:59:21,123 [INFO] Got command from the client 'session,2023-02-20_09-48-25,stop,ranging'
ptd-server 2023-02-20 09:59:31,134 [INFO] Sending to ptd: 'Stop'
ptd-server 2023-02-20 09:59:31,134 [INFO] Reply from ptd: 'Stopping untimed measurement'
ptd-server 2023-02-20 09:59:31,308 [INFO] Sending reply to client 'OK'
ptd-server 2023-02-20 09:59:31,378 [INFO] Got command from the client 'time'
ptd-server 2023-02-20 09:59:31,378 [INFO] Sending reply to client '1676887171.3786588'
ptd-server 2023-02-20 09:59:31,379 [INFO] Got command from the client 'session,2023-02-20_09-48-25,start,testing'
ptd-server 2023-02-20 09:59:31,380 [INFO] Sending to ptd: 'SR,V,252.430000'
ptd-server 2023-02-20 09:59:32,881 [INFO] Reply from ptd: 'Range V changed'
ptd-server 2023-02-20 09:59:32,881 [INFO] Sending to ptd: 'SR,A,0.063530'
ptd-server 2023-02-20 09:59:34,382 [INFO] Reply from ptd: 'Range A changed'
ptd-server 2023-02-20 09:59:44,393 [INFO] Starting testing mode
ptd-server 2023-02-20 09:59:44,393 [INFO] Sending to ptd: 'Go,1000,0,2023-02-20_09-48-25_testing'
ptd-server 2023-02-20 09:59:44,393 [INFO] Reply from ptd: 'Starting untimed measurement, maximum 500000 samples at 1000ms with 0 rampup samples'
ptd-server 2023-02-20 09:59:44,393 [INFO] Sending reply to client 'OK'
ptd-server 2023-02-20 10:10:12,118 [INFO] Got command from the client 'session,2023-02-20_09-48-25,stop,testing'
ptd-server 2023-02-20 10:10:22,129 [INFO] Sending to ptd: 'Stop'
ptd-server 2023-02-20 10:10:22,129 [INFO] Reply from ptd: 'Stopping untimed measurement'
ptd-server 2023-02-20 10:10:22,228 [INFO] Sending reply to client 'OK'
ptd-server 2023-02-20 10:10:22,236 [INFO] Got command from the client 'session,2023-02-20_09-48-25,done'
ptd-server 2023-02-20 10:10:22,236 [INFO] Sending to ptd: 'Stop'
ptd-server 2023-02-20 10:10:22,393 [INFO] Reply from ptd: 'Error: no measurement to stop'
ptd-server 2023-02-20 10:10:22,394 [INFO] Sending to ptd: 'SR,V,Auto'
ptd-server 2023-02-20 10:10:22,896 [INFO] Reply from ptd: 'Range V changed'
ptd-server 2023-02-20 10:10:22,896 [INFO] Sending to ptd: 'SR,A,Auto'
ptd-server 2023-02-20 10:10:23,398 [INFO] Reply from ptd: 'Range A changed'
ptd-server 2023-02-20 10:10:23,399 [INFO] Set initial values for Amps Auto and Volts Auto
ptd-server 2023-02-20 10:10:23,399 [INFO] Stopping ptd...
