client 2023-02-23 13:51:14,390 [INFO] Creating output directory '/home/arjun/mobilenet_results/valid_results/arjun_orin-tflite_cpp-cpu-tflite-vmaster-default_config/mobilenet-v1-precision_float-0.75-192/singlestream/performance/tmp_power'
client 2023-02-23 13:51:14,485 [INFO] Sending command to the server: 'mlcommons/power client v3'
client 2023-02-23 13:51:14,488 [INFO] Got response: 'mlcommons/power server v3'
client 2023-02-23 13:51:14,489 [INFO] Synchronizing with the server and with time.google.com...
client 2023-02-23 13:51:14,536 [INFO] NTP:offset = 0.003 s, delay = 0.015 s 
client 2023-02-23 13:51:14,536 [INFO] Sending command to the server: 'time'
client 2023-02-23 13:51:14,539 [INFO] Got response: '1677160274.544184'
client 2023-02-23 13:51:14,540 [INFO] The time difference between the client and the server is within range -7.309 ms..-4.173 ms
client 2023-02-23 13:51:14,540 [INFO] Sending command to the server: 'new,,0b271398-fc94-4c6f-9928-7c88884bd713'
client 2023-02-23 13:51:14,544 [INFO] Got response: 'OK 2023-02-23_13-51-14,497730db-cf15-4487-888d-ee68a6c912bd'
client 2023-02-23 13:51:14,544 [INFO] Session id is '2023-02-23_13-51-14'
client 2023-02-23 13:51:14,544 [INFO] Sources: {"sources": {"__init__.py": "da39a3ee5e6b4b0d3255bfef95601890afd80709", "client.py": "33ca4f26368777ac06e01f9567b714a4b8063886", "lib/__init__.py": "da39a3ee5e6b4b0d3255bfef95601890afd80709", "lib/client.py": "4c2b78fb4849a7e5b584ef792d82aaed20b17f57", "lib/common.py": "624d0c0acc7c39aaff3674f0b99d6a09da53d1dc", "lib/external/__init__.py": "da39a3ee5e6b4b0d3255bfef95601890afd80709", "lib/external/ntplib.py": "4da8f970656505a40483206ef2b5d3dd5e81711d", "lib/server.py": "cda0cdfaee9bfa1249c64a7dd4f89b7bf1b279f0", "lib/source_hashes.py": "60a2e02193209e8d392803326208d5466342da18", "lib/summary.py": "aa92f0a3f975eecd44d3c0cd0236342ccc9f941d", "lib/time_sync.py": "3210db56eb0ff0df57bf4293dc4d4b03fffd46f1", "server.py": "c3f90f2f7eeb4db30727556d0c815ebc89b3d28b", "tests/unit/__init__.py": "da39a3ee5e6b4b0d3255bfef95601890afd80709", "tests/unit/test_server.py": "99ae15aef722f2000ee6ed1ae1523637bf1ae42b", "tests/unit/test_source_hashes.py": "00468a2907583c593e6574a1f6b404e4651c221a"}, "modules": {"ptd_client_server.lib.client": "lib/client.py", "ptd_client_server.lib.common": "lib/common.py", "ptd_client_server.lib.external.ntplib": "lib/external/ntplib.py", "ptd_client_server.lib.source_hashes": "lib/source_hashes.py", "ptd_client_server.lib.summary": "lib/summary.py", "ptd_client_server.lib.time_sync": "lib/time_sync.py"}}
client 2023-02-23 13:51:14,545 [INFO] Running workload in ranging mode
client 2023-02-23 13:51:14,545 [INFO] Synchronizing with the server and with time.google.com...
client 2023-02-23 13:51:14,582 [INFO] NTP:offset = 0.013 s, delay = 0.035 s 
client 2023-02-23 13:51:14,583 [INFO] Sending command to the server: 'time'
client 2023-02-23 13:51:14,588 [INFO] Got response: '1677160274.5910118'
client 2023-02-23 13:51:14,588 [INFO] The time difference between the client and the server is within range -7.992 ms..-2.498 ms
client 2023-02-23 13:51:14,588 [INFO] Sending command to the server: 'session,2023-02-23_13-51-14,start,ranging'
client 2023-02-23 13:51:42,712 [INFO] Got response: 'OK'
client 2023-02-23 13:51:42,712 [INFO] Running the workload '/home/arjun/run.out'
client 2023-02-23 14:02:43,947 [INFO] Sending command to the server: 'session,2023-02-23_13-51-14,stop,ranging'
client 2023-02-23 14:02:54,077 [INFO] Got response: 'OK'
client 2023-02-23 14:02:54,101 [INFO] Copying loadgen logs from '/home/arjun/mobilenet_results/valid_results/arjun_orin-tflite_cpp-cpu-tflite-vmaster-default_config/mobilenet-v1-precision_float-0.75-192/singlestream/performance/run_1' to '/home/arjun/mobilenet_results/valid_results/arjun_orin-tflite_cpp-cpu-tflite-vmaster-default_config/mobilenet-v1-precision_float-0.75-192/singlestream/performance/tmp_power/ranging'
client 2023-02-23 14:02:54,103 [INFO] Running workload in testing mode
client 2023-02-23 14:02:54,104 [INFO] Synchronizing with the server and with time.google.com...
client 2023-02-23 14:02:54,126 [INFO] NTP:offset = 0.003 s, delay = 0.017 s 
client 2023-02-23 14:02:54,126 [INFO] Sending command to the server: 'time'
client 2023-02-23 14:02:54,131 [INFO] Got response: '1677160974.132975'
client 2023-02-23 14:02:54,131 [INFO] The time difference between the client and the server is within range -6.374 ms..-1.374 ms
client 2023-02-23 14:02:54,131 [INFO] Sending command to the server: 'session,2023-02-23_13-51-14,start,testing'
client 2023-02-23 14:03:07,734 [INFO] Got response: 'OK'
client 2023-02-23 14:03:07,735 [INFO] Running the workload '/home/arjun/run.out'
client 2023-02-23 14:14:09,373 [INFO] Sending command to the server: 'session,2023-02-23_13-51-14,stop,testing'
client 2023-02-23 14:14:19,444 [INFO] Got response: 'OK'
client 2023-02-23 14:14:19,449 [INFO] Copying loadgen logs from '/home/arjun/mobilenet_results/valid_results/arjun_orin-tflite_cpp-cpu-tflite-vmaster-default_config/mobilenet-v1-precision_float-0.75-192/singlestream/performance/run_1' to '/home/arjun/mobilenet_results/valid_results/arjun_orin-tflite_cpp-cpu-tflite-vmaster-default_config/mobilenet-v1-precision_float-0.75-192/singlestream/performance/tmp_power/run_1'
client 2023-02-23 14:14:19,451 [INFO] Done runs
