ptd-server 2023-02-13 03:48:58,437 [INFO] Got command from the client 'time'
ptd-server 2023-02-13 03:48:58,437 [INFO] Sending reply to client '1676260138.4371364'
ptd-server 2023-02-13 03:48:58,439 [INFO] Got command from the client 'new,,7e7e7618-76d9-4e1f-aed5-322cc793b255'
ptd-server 2023-02-13 03:48:58,440 [INFO] Sending reply to client 'OK 2023-02-13_03-48-58,d6704e00-0ba6-4516-99d4-6977e419db3c'
ptd-server 2023-02-13 03:48:58,464 [INFO] Got command from the client 'time'
ptd-server 2023-02-13 03:48:58,464 [INFO] Sending reply to client '1676260138.4647546'
ptd-server 2023-02-13 03:48:58,466 [INFO] Got command from the client 'session,2023-02-13_03-48-58,start,ranging'
ptd-server 2023-02-13 03:48:58,467 [INFO] Running PTDaemon: ['/home/anton/projects/mlperf/power/inference_v1.0/ptd-linux-x86', '-l', '/tmp/tmp4yl1neqp/ptd_logfile.txt', '-p', '8888', '49', '/dev/usbtmc0']
ptd-server 2023-02-13 03:49:15,540 [INFO] Sending to ptd: 'Hello'
ptd-server 2023-02-13 03:49:15,541 [INFO] Reply from ptd: 'Hello, PTDaemon here!'
ptd-server 2023-02-13 03:49:15,541 [INFO] Sending to ptd: 'Identify'
ptd-server 2023-02-13 03:49:15,542 [INFO] Reply from ptd: 'YokogawaWT310E,1000,1,1,1,1,0,1,1,version=1.10.0-ed9a21d2-20220817,OS=Linux 5.15.0-60-generic #66~20.04.1-Ubuntu SMP Wed Jan 25 09:41:30 UTC 2023 x86_64,mode=power,1,1,1,0,0,no_cal_date,YOKOGAWA;WT310E;C3XA04010E;F1.04'
ptd-server 2023-02-13 03:49:15,542 [INFO] Connected to PTDaemon
ptd-server 2023-02-13 03:49:15,542 [INFO] Sending to ptd: 'RR'
ptd-server 2023-02-13 03:49:15,542 [INFO] Reply from ptd: 'Ranges,0,0.500000,1,300.000000'
ptd-server 2023-02-13 03:49:15,542 [INFO] Initial range for Amps is 0.500000 for Volts is Auto
ptd-server 2023-02-13 03:49:15,542 [INFO] Sending to ptd: 'SR,V,Auto'
ptd-server 2023-02-13 03:49:16,045 [INFO] Reply from ptd: 'Range V changed'
ptd-server 2023-02-13 03:49:16,045 [INFO] Sending to ptd: 'SR,A,Auto'
ptd-server 2023-02-13 03:49:16,547 [INFO] Reply from ptd: 'Range A changed'
ptd-server 2023-02-13 03:49:26,558 [INFO] Starting ranging mode
ptd-server 2023-02-13 03:49:26,558 [INFO] Sending to ptd: 'Go,1000,0,2023-02-13_03-48-58_ranging'
ptd-server 2023-02-13 03:49:26,558 [INFO] Reply from ptd: 'Starting untimed measurement, maximum 500000 samples at 1000ms with 0 rampup samples'
ptd-server 2023-02-13 03:49:26,558 [INFO] Sending reply to client 'OK'
ptd-server 2023-02-13 04:01:45,489 [INFO] Got command from the client 'session,2023-02-13_03-48-58,stop,ranging'
ptd-server 2023-02-13 04:01:55,499 [INFO] Sending to ptd: 'Stop'
ptd-server 2023-02-13 04:01:55,499 [INFO] Reply from ptd: 'Stopping untimed measurement'
ptd-server 2023-02-13 04:01:55,558 [INFO] Sending reply to client 'OK'
ptd-server 2023-02-13 04:01:55,661 [INFO] Got command from the client 'time'
ptd-server 2023-02-13 04:01:55,661 [INFO] Sending reply to client '1676260915.6619334'
ptd-server 2023-02-13 04:01:55,664 [INFO] Got command from the client 'session,2023-02-13_03-48-58,start,testing'
ptd-server 2023-02-13 04:01:55,664 [INFO] Sending to ptd: 'SR,V,252.560000'
ptd-server 2023-02-13 04:01:57,166 [INFO] Reply from ptd: 'Range V changed'
ptd-server 2023-02-13 04:01:57,166 [INFO] Sending to ptd: 'SR,A,0.163060'
ptd-server 2023-02-13 04:01:58,667 [INFO] Reply from ptd: 'Range A changed'
ptd-server 2023-02-13 04:02:08,678 [INFO] Starting testing mode
ptd-server 2023-02-13 04:02:08,678 [INFO] Sending to ptd: 'Go,1000,0,2023-02-13_03-48-58_testing'
ptd-server 2023-02-13 04:02:08,678 [INFO] Reply from ptd: 'Starting untimed measurement, maximum 500000 samples at 1000ms with 0 rampup samples'
ptd-server 2023-02-13 04:02:08,678 [INFO] Sending reply to client 'OK'
ptd-server 2023-02-13 04:14:27,532 [INFO] Got command from the client 'session,2023-02-13_03-48-58,stop,testing'
ptd-server 2023-02-13 04:14:37,542 [INFO] Sending to ptd: 'Stop'
ptd-server 2023-02-13 04:14:37,542 [INFO] Reply from ptd: 'Stopping untimed measurement'
ptd-server 2023-02-13 04:14:37,572 [INFO] Sending reply to client 'OK'
ptd-server 2023-02-13 04:14:37,601 [INFO] Got command from the client 'session,2023-02-13_03-48-58,done'
ptd-server 2023-02-13 04:14:37,601 [INFO] Sending to ptd: 'Stop'
ptd-server 2023-02-13 04:14:37,678 [INFO] Reply from ptd: 'Error: no measurement to stop'
ptd-server 2023-02-13 04:14:37,678 [INFO] Sending to ptd: 'SR,V,Auto'
ptd-server 2023-02-13 04:14:38,181 [INFO] Reply from ptd: 'Range V changed'
ptd-server 2023-02-13 04:14:38,181 [INFO] Sending to ptd: 'SR,A,0.500000'
ptd-server 2023-02-13 04:14:39,683 [INFO] Reply from ptd: 'Range A changed'
ptd-server 2023-02-13 04:14:39,683 [INFO] Set initial values for Amps 0.500000 and Volts Auto
ptd-server 2023-02-13 04:14:39,683 [INFO] Stopping ptd...
