ptd-server 2023-02-27 13:02:48,043 [INFO] Got command from the client 'time'
ptd-server 2023-02-27 13:02:48,043 [INFO] Sending reply to client '1677502968.0435982'
ptd-server 2023-02-27 13:02:48,051 [INFO] Got command from the client 'new,,ef2cbe74-e15a-4ab6-aa76-26485728a8a6'
ptd-server 2023-02-27 13:02:48,052 [INFO] Sending reply to client 'OK 2023-02-27_13-02-48,c2ae4db9-dc5f-41e7-9086-8961bb801d3a'
ptd-server 2023-02-27 13:02:48,070 [INFO] Got command from the client 'time'
ptd-server 2023-02-27 13:02:48,070 [INFO] Sending reply to client '1677502968.070885'
ptd-server 2023-02-27 13:02:48,074 [INFO] Got command from the client 'session,2023-02-27_13-02-48,start,ranging'
ptd-server 2023-02-27 13:02:48,074 [INFO] Running PTDaemon: ['/media/arjun/T7_Touch/hp-envy/CM/repos/local/cache/9b3695ca8255492a/power/inference_v1.0/ptd-linux-x86', '-l', '/tmp/tmpti64566v/ptd_logfile.txt', '-p', '8888', '49', '/dev/usbtmc0']
ptd-server 2023-02-27 13:03:05,164 [INFO] Sending to ptd: 'Hello'
ptd-server 2023-02-27 13:03:05,165 [INFO] Reply from ptd: 'Hello, PTDaemon here!'
ptd-server 2023-02-27 13:03:05,165 [INFO] Sending to ptd: 'Identify'
ptd-server 2023-02-27 13:03:05,166 [INFO] Reply from ptd: 'YokogawaWT310E,1000,1,1,1,1,0,1,1,version=1.10.0-ed9a21d2-20220817,OS=Linux 5.15.0-56-generic #62-Ubuntu SMP Tue Nov 22 19:54:14 UTC 2022 x86_64,mode=power,1,1,1,0,0,no_cal_date,YOKOGAWA;WT310E;C3YD21068E;F1.04'
ptd-server 2023-02-27 13:03:05,166 [INFO] Connected to PTDaemon
ptd-server 2023-02-27 13:03:05,166 [INFO] Sending to ptd: 'RR'
ptd-server 2023-02-27 13:03:05,167 [INFO] Reply from ptd: 'Ranges,0,0.100000,0,600.000000'
ptd-server 2023-02-27 13:03:05,167 [INFO] Initial range for Amps is 0.100000 for Volts is 600.000000
ptd-server 2023-02-27 13:03:05,167 [INFO] Sending to ptd: 'SR,V,Auto'
ptd-server 2023-02-27 13:03:05,671 [INFO] Reply from ptd: 'Range V changed'
ptd-server 2023-02-27 13:03:05,672 [INFO] Sending to ptd: 'SR,A,Auto'
ptd-server 2023-02-27 13:03:06,175 [INFO] Reply from ptd: 'Range A changed'
ptd-server 2023-02-27 13:03:16,186 [INFO] Starting ranging mode
ptd-server 2023-02-27 13:03:16,186 [INFO] Sending to ptd: 'Go,1000,0,2023-02-27_13-02-48_ranging'
ptd-server 2023-02-27 13:03:16,187 [INFO] Reply from ptd: 'Starting untimed measurement, maximum 500000 samples at 1000ms with 0 rampup samples'
ptd-server 2023-02-27 13:03:16,188 [INFO] Sending reply to client 'OK'
ptd-server 2023-02-27 13:16:58,047 [INFO] Got command from the client 'session,2023-02-27_13-02-48,stop,ranging'
ptd-server 2023-02-27 13:17:08,058 [INFO] Sending to ptd: 'Stop'
ptd-server 2023-02-27 13:17:08,058 [INFO] Reply from ptd: 'Stopping untimed measurement'
ptd-server 2023-02-27 13:17:08,322 [INFO] Sending reply to client 'OK'
ptd-server 2023-02-27 13:17:08,370 [INFO] Got command from the client 'time'
ptd-server 2023-02-27 13:17:08,370 [INFO] Sending reply to client '1677503828.370934'
ptd-server 2023-02-27 13:17:08,373 [INFO] Got command from the client 'session,2023-02-27_13-02-48,start,testing'
ptd-server 2023-02-27 13:17:08,374 [INFO] Sending to ptd: 'SR,V,245.820000'
ptd-server 2023-02-27 13:17:09,876 [INFO] Reply from ptd: 'Range V changed'
ptd-server 2023-02-27 13:17:09,877 [INFO] Sending to ptd: 'SR,A,0.200210'
ptd-server 2023-02-27 13:17:11,380 [INFO] Reply from ptd: 'Range A changed'
ptd-server 2023-02-27 13:17:21,386 [INFO] Starting testing mode
ptd-server 2023-02-27 13:17:21,386 [INFO] Sending to ptd: 'Go,1000,0,2023-02-27_13-02-48_testing'
ptd-server 2023-02-27 13:17:21,387 [INFO] Reply from ptd: 'Starting untimed measurement, maximum 500000 samples at 1000ms with 0 rampup samples'
ptd-server 2023-02-27 13:17:21,387 [INFO] Sending reply to client 'OK'
ptd-server 2023-02-27 13:31:16,470 [INFO] Got command from the client 'session,2023-02-27_13-02-48,stop,testing'
ptd-server 2023-02-27 13:31:26,481 [INFO] Sending to ptd: 'Stop'
ptd-server 2023-02-27 13:31:26,483 [INFO] Reply from ptd: 'Stopping untimed measurement'
ptd-server 2023-02-27 13:31:26,610 [INFO] Sending reply to client 'OK'
ptd-server 2023-02-27 13:31:26,616 [INFO] Got command from the client 'session,2023-02-27_13-02-48,done'
ptd-server 2023-02-27 13:31:26,617 [INFO] Sending to ptd: 'Stop'
ptd-server 2023-02-27 13:31:27,389 [INFO] Reply from ptd: 'Error: no measurement to stop'
ptd-server 2023-02-27 13:31:27,390 [INFO] Sending to ptd: 'SR,V,600.000000'
ptd-server 2023-02-27 13:31:28,893 [INFO] Reply from ptd: 'Range V changed'
ptd-server 2023-02-27 13:31:28,893 [INFO] Sending to ptd: 'SR,A,0.100000'
ptd-server 2023-02-27 13:31:30,396 [INFO] Reply from ptd: 'Range A changed'
ptd-server 2023-02-27 13:31:30,397 [INFO] Set initial values for Amps 0.100000 and Volts 600.000000
ptd-server 2023-02-27 13:31:30,397 [INFO] Stopping ptd...
