ptd-server 2023-02-24 10:51:58,922 [INFO] Got command from the client 'time'
ptd-server 2023-02-24 10:51:58,922 [INFO] Sending reply to client '1677235918.9227667'
ptd-server 2023-02-24 10:51:58,925 [INFO] Got command from the client 'new,,c75dfa30-b3de-432c-8cf0-d39897ed2711'
ptd-server 2023-02-24 10:51:58,926 [INFO] Sending reply to client 'OK 2023-02-24_10-51-58,bc27054c-955b-4648-9b82-453a003d86b1'
ptd-server 2023-02-24 10:51:58,949 [INFO] Got command from the client 'time'
ptd-server 2023-02-24 10:51:58,949 [INFO] Sending reply to client '1677235918.9497104'
ptd-server 2023-02-24 10:51:58,954 [INFO] Got command from the client 'session,2023-02-24_10-51-58,start,ranging'
ptd-server 2023-02-24 10:51:58,955 [INFO] Running PTDaemon: ['/media/arjun/T7_Touch/hp-envy/CM/repos/local/cache/9b3695ca8255492a/power/inference_v1.0/ptd-linux-x86', '-l', '/tmp/tmpti64566v/ptd_logfile.txt', '-p', '8888', '49', '/dev/usbtmc0']
ptd-server 2023-02-24 10:52:16,047 [INFO] Sending to ptd: 'Hello'
ptd-server 2023-02-24 10:52:16,048 [INFO] Reply from ptd: 'Hello, PTDaemon here!'
ptd-server 2023-02-24 10:52:16,048 [INFO] Sending to ptd: 'Identify'
ptd-server 2023-02-24 10:52:16,049 [INFO] Reply from ptd: 'YokogawaWT310E,1000,1,1,1,1,0,1,1,version=1.10.0-ed9a21d2-20220817,OS=Linux 5.15.0-56-generic #62-Ubuntu SMP Tue Nov 22 19:54:14 UTC 2022 x86_64,mode=power,1,1,1,0,0,no_cal_date,YOKOGAWA;WT310E;C3YD21068E;F1.04'
ptd-server 2023-02-24 10:52:16,049 [INFO] Connected to PTDaemon
ptd-server 2023-02-24 10:52:16,049 [INFO] Sending to ptd: 'RR'
ptd-server 2023-02-24 10:52:16,050 [INFO] Reply from ptd: 'Ranges,0,0.100000,0,600.000000'
ptd-server 2023-02-24 10:52:16,051 [INFO] Initial range for Amps is 0.100000 for Volts is 600.000000
ptd-server 2023-02-24 10:52:16,051 [INFO] Sending to ptd: 'SR,V,Auto'
ptd-server 2023-02-24 10:52:16,555 [INFO] Reply from ptd: 'Range V changed'
ptd-server 2023-02-24 10:52:16,555 [INFO] Sending to ptd: 'SR,A,Auto'
ptd-server 2023-02-24 10:52:17,059 [INFO] Reply from ptd: 'Range A changed'
ptd-server 2023-02-24 10:52:27,070 [INFO] Starting ranging mode
ptd-server 2023-02-24 10:52:27,070 [INFO] Sending to ptd: 'Go,1000,0,2023-02-24_10-51-58_ranging'
ptd-server 2023-02-24 10:52:27,071 [INFO] Reply from ptd: 'Starting untimed measurement, maximum 500000 samples at 1000ms with 0 rampup samples'
ptd-server 2023-02-24 10:52:27,071 [INFO] Sending reply to client 'OK'
ptd-server 2023-02-24 11:03:30,057 [INFO] Got command from the client 'session,2023-02-24_10-51-58,stop,ranging'
ptd-server 2023-02-24 11:03:40,067 [INFO] Sending to ptd: 'Stop'
ptd-server 2023-02-24 11:03:40,069 [INFO] Reply from ptd: 'Stopping untimed measurement'
ptd-server 2023-02-24 11:03:40,200 [INFO] Sending reply to client 'OK'
ptd-server 2023-02-24 11:03:40,262 [INFO] Got command from the client 'time'
ptd-server 2023-02-24 11:03:40,262 [INFO] Sending reply to client '1677236620.2624114'
ptd-server 2023-02-24 11:03:40,266 [INFO] Got command from the client 'session,2023-02-24_10-51-58,start,testing'
ptd-server 2023-02-24 11:03:40,266 [INFO] Sending to ptd: 'SR,V,246.380000'
ptd-server 2023-02-24 11:03:41,769 [INFO] Reply from ptd: 'Range V changed'
ptd-server 2023-02-24 11:03:41,769 [INFO] Sending to ptd: 'SR,A,0.170250'
ptd-server 2023-02-24 11:03:43,272 [INFO] Reply from ptd: 'Range A changed'
ptd-server 2023-02-24 11:03:53,282 [INFO] Starting testing mode
ptd-server 2023-02-24 11:03:53,282 [INFO] Sending to ptd: 'Go,1000,0,2023-02-24_10-51-58_testing'
ptd-server 2023-02-24 11:03:53,283 [INFO] Reply from ptd: 'Starting untimed measurement, maximum 500000 samples at 1000ms with 0 rampup samples'
ptd-server 2023-02-24 11:03:53,284 [INFO] Sending reply to client 'OK'
ptd-server 2023-02-24 11:14:53,998 [INFO] Got command from the client 'session,2023-02-24_10-51-58,stop,testing'
ptd-server 2023-02-24 11:15:04,009 [INFO] Sending to ptd: 'Stop'
ptd-server 2023-02-24 11:15:04,010 [INFO] Reply from ptd: 'Stopping untimed measurement'
ptd-server 2023-02-24 11:15:04,057 [INFO] Sending reply to client 'OK'
ptd-server 2023-02-24 11:15:04,074 [INFO] Got command from the client 'session,2023-02-24_10-51-58,done'
ptd-server 2023-02-24 11:15:04,074 [INFO] Sending to ptd: 'Stop'
ptd-server 2023-02-24 11:15:04,284 [INFO] Reply from ptd: 'Error: no measurement to stop'
ptd-server 2023-02-24 11:15:04,285 [INFO] Sending to ptd: 'SR,V,600.000000'
ptd-server 2023-02-24 11:15:05,788 [INFO] Reply from ptd: 'Range V changed'
ptd-server 2023-02-24 11:15:05,788 [INFO] Sending to ptd: 'SR,A,0.100000'
ptd-server 2023-02-24 11:15:07,292 [INFO] Reply from ptd: 'Range A changed'
ptd-server 2023-02-24 11:15:07,292 [INFO] Set initial values for Amps 0.100000 and Volts 600.000000
ptd-server 2023-02-24 11:15:07,292 [INFO] Stopping ptd...
