ptd-server 2023-02-24 10:39:36,094 [INFO] Got command from the client 'time'
ptd-server 2023-02-24 10:39:36,094 [INFO] Sending reply to client '1677235176.0948942'
ptd-server 2023-02-24 10:39:36,096 [INFO] Got command from the client 'new,,322741b8-6ac3-4e1d-a8c9-58ac98823bec'
ptd-server 2023-02-24 10:39:36,096 [INFO] Sending reply to client 'OK 2023-02-24_10-39-36,a9a45b46-a13f-492f-a7b9-a154df82fd77'
ptd-server 2023-02-24 10:39:36,116 [INFO] Got command from the client 'time'
ptd-server 2023-02-24 10:39:36,116 [INFO] Sending reply to client '1677235176.1165268'
ptd-server 2023-02-24 10:39:36,117 [INFO] Got command from the client 'session,2023-02-24_10-39-36,start,ranging'
ptd-server 2023-02-24 10:39:36,117 [INFO] Running PTDaemon: ['/home/anton/projects/mlperf/power/inference_v1.0/ptd-linux-x86', '-l', '/tmp/tmp4yl1neqp/ptd_logfile.txt', '-p', '8888', '49', '/dev/usbtmc0']
ptd-server 2023-02-24 10:39:53,192 [INFO] Sending to ptd: 'Hello'
ptd-server 2023-02-24 10:39:53,193 [INFO] Reply from ptd: 'Hello, PTDaemon here!'
ptd-server 2023-02-24 10:39:53,193 [INFO] Sending to ptd: 'Identify'
ptd-server 2023-02-24 10:39:53,193 [INFO] Reply from ptd: 'YokogawaWT310E,1000,1,1,1,1,0,1,1,version=1.10.0-ed9a21d2-20220817,OS=Linux 5.15.0-60-generic #66~20.04.1-Ubuntu SMP Wed Jan 25 09:41:30 UTC 2023 x86_64,mode=power,1,1,1,0,0,no_cal_date,YOKOGAWA;WT310E;C3XA04010E;F1.04'
ptd-server 2023-02-24 10:39:53,193 [INFO] Connected to PTDaemon
ptd-server 2023-02-24 10:39:53,194 [INFO] Sending to ptd: 'RR'
ptd-server 2023-02-24 10:39:53,194 [INFO] Reply from ptd: 'Ranges,1,0.100000,1,300.000000'
ptd-server 2023-02-24 10:39:53,194 [INFO] Initial range for Amps is Auto for Volts is Auto
ptd-server 2023-02-24 10:39:53,194 [INFO] Sending to ptd: 'SR,V,Auto'
ptd-server 2023-02-24 10:39:53,697 [INFO] Reply from ptd: 'Range V changed'
ptd-server 2023-02-24 10:39:53,697 [INFO] Sending to ptd: 'SR,A,Auto'
ptd-server 2023-02-24 10:39:54,199 [INFO] Reply from ptd: 'Range A changed'
ptd-server 2023-02-24 10:40:04,210 [INFO] Starting ranging mode
ptd-server 2023-02-24 10:40:04,210 [INFO] Sending to ptd: 'Go,1000,0,2023-02-24_10-39-36_ranging'
ptd-server 2023-02-24 10:40:04,210 [INFO] Reply from ptd: 'Starting untimed measurement, maximum 500000 samples at 1000ms with 0 rampup samples'
ptd-server 2023-02-24 10:40:04,210 [INFO] Sending reply to client 'OK'
ptd-server 2023-02-24 10:50:20,503 [INFO] Got command from the client 'session,2023-02-24_10-39-36,stop,ranging'
ptd-server 2023-02-24 10:50:30,512 [INFO] Sending to ptd: 'Stop'
ptd-server 2023-02-24 10:50:30,513 [INFO] Reply from ptd: 'Stopping untimed measurement'
ptd-server 2023-02-24 10:50:31,149 [INFO] Sending reply to client 'OK'
ptd-server 2023-02-24 10:50:31,246 [INFO] Got command from the client 'time'
ptd-server 2023-02-24 10:50:31,246 [INFO] Sending reply to client '1677235831.246692'
ptd-server 2023-02-24 10:50:31,247 [INFO] Got command from the client 'session,2023-02-24_10-39-36,start,testing'
ptd-server 2023-02-24 10:50:31,247 [INFO] Sending to ptd: 'SR,V,250.570000'
ptd-server 2023-02-24 10:50:32,749 [INFO] Reply from ptd: 'Range V changed'
ptd-server 2023-02-24 10:50:32,749 [INFO] Sending to ptd: 'SR,A,0.048510'
ptd-server 2023-02-24 10:50:34,250 [INFO] Reply from ptd: 'Range A changed'
ptd-server 2023-02-24 10:50:44,260 [INFO] Starting testing mode
ptd-server 2023-02-24 10:50:44,261 [INFO] Sending to ptd: 'Go,1000,0,2023-02-24_10-39-36_testing'
ptd-server 2023-02-24 10:50:44,261 [INFO] Reply from ptd: 'Starting untimed measurement, maximum 500000 samples at 1000ms with 0 rampup samples'
ptd-server 2023-02-24 10:50:44,261 [INFO] Sending reply to client 'OK'
ptd-server 2023-02-24 11:01:00,497 [INFO] Got command from the client 'session,2023-02-24_10-39-36,stop,testing'
ptd-server 2023-02-24 11:01:10,508 [INFO] Sending to ptd: 'Stop'
ptd-server 2023-02-24 11:01:10,508 [INFO] Reply from ptd: 'Stopping untimed measurement'
ptd-server 2023-02-24 11:01:10,843 [INFO] Sending reply to client 'OK'
ptd-server 2023-02-24 11:01:10,851 [INFO] Got command from the client 'session,2023-02-24_10-39-36,done'
ptd-server 2023-02-24 11:01:10,851 [INFO] Sending to ptd: 'Stop'
ptd-server 2023-02-24 11:01:11,262 [INFO] Reply from ptd: 'Error: no measurement to stop'
ptd-server 2023-02-24 11:01:11,262 [INFO] Sending to ptd: 'SR,V,Auto'
ptd-server 2023-02-24 11:01:11,764 [INFO] Reply from ptd: 'Range V changed'
ptd-server 2023-02-24 11:01:11,765 [INFO] Sending to ptd: 'SR,A,Auto'
ptd-server 2023-02-24 11:01:12,267 [INFO] Reply from ptd: 'Range A changed'
ptd-server 2023-02-24 11:01:12,267 [INFO] Set initial values for Amps Auto and Volts Auto
ptd-server 2023-02-24 11:01:12,267 [INFO] Stopping ptd...
