ptd-server 2023-02-24 03:46:33,951 [INFO] Got command from the client 'time'
ptd-server 2023-02-24 03:46:33,951 [INFO] Sending reply to client '1677210393.9517317'
ptd-server 2023-02-24 03:46:33,952 [INFO] Got command from the client 'new,,9f4d4e2b-cfde-4e82-b598-557c9c8f9018'
ptd-server 2023-02-24 03:46:33,953 [INFO] Sending reply to client 'OK 2023-02-24_03-46-33,f3bc08a2-de32-47d1-8a1b-bfcaa25fa377'
ptd-server 2023-02-24 03:46:33,976 [INFO] Got command from the client 'time'
ptd-server 2023-02-24 03:46:33,976 [INFO] Sending reply to client '1677210393.9765902'
ptd-server 2023-02-24 03:46:33,977 [INFO] Got command from the client 'session,2023-02-24_03-46-33,start,ranging'
ptd-server 2023-02-24 03:46:33,977 [INFO] Running PTDaemon: ['/home/anton/projects/mlperf/power/inference_v1.0/ptd-linux-x86', '-l', '/tmp/tmp4yl1neqp/ptd_logfile.txt', '-p', '8888', '49', '/dev/usbtmc0']
ptd-server 2023-02-24 03:46:51,052 [INFO] Sending to ptd: 'Hello'
ptd-server 2023-02-24 03:46:51,052 [INFO] Reply from ptd: 'Hello, PTDaemon here!'
ptd-server 2023-02-24 03:46:51,053 [INFO] Sending to ptd: 'Identify'
ptd-server 2023-02-24 03:46:51,053 [INFO] Reply from ptd: 'YokogawaWT310E,1000,1,1,1,1,0,1,1,version=1.10.0-ed9a21d2-20220817,OS=Linux 5.15.0-60-generic #66~20.04.1-Ubuntu SMP Wed Jan 25 09:41:30 UTC 2023 x86_64,mode=power,1,1,1,0,0,no_cal_date,YOKOGAWA;WT310E;C3XA04010E;F1.04'
ptd-server 2023-02-24 03:46:51,053 [INFO] Connected to PTDaemon
ptd-server 2023-02-24 03:46:51,053 [INFO] Sending to ptd: 'RR'
ptd-server 2023-02-24 03:46:51,053 [INFO] Reply from ptd: 'Ranges,1,0.100000,1,300.000000'
ptd-server 2023-02-24 03:46:51,054 [INFO] Initial range for Amps is Auto for Volts is Auto
ptd-server 2023-02-24 03:46:51,054 [INFO] Sending to ptd: 'SR,V,Auto'
ptd-server 2023-02-24 03:46:51,556 [INFO] Reply from ptd: 'Range V changed'
ptd-server 2023-02-24 03:46:51,556 [INFO] Sending to ptd: 'SR,A,Auto'
ptd-server 2023-02-24 03:46:52,059 [INFO] Reply from ptd: 'Range A changed'
ptd-server 2023-02-24 03:47:02,069 [INFO] Starting ranging mode
ptd-server 2023-02-24 03:47:02,069 [INFO] Sending to ptd: 'Go,1000,0,2023-02-24_03-46-33_ranging'
ptd-server 2023-02-24 03:47:02,070 [INFO] Reply from ptd: 'Starting untimed measurement, maximum 500000 samples at 1000ms with 0 rampup samples'
ptd-server 2023-02-24 03:47:02,070 [INFO] Sending reply to client 'OK'
ptd-server 2023-02-24 03:57:18,407 [INFO] Got command from the client 'session,2023-02-24_03-46-33,stop,ranging'
ptd-server 2023-02-24 03:57:28,418 [INFO] Sending to ptd: 'Stop'
ptd-server 2023-02-24 03:57:28,418 [INFO] Reply from ptd: 'Stopping untimed measurement'
ptd-server 2023-02-24 03:57:29,013 [INFO] Sending reply to client 'OK'
ptd-server 2023-02-24 03:57:29,049 [INFO] Got command from the client 'time'
ptd-server 2023-02-24 03:57:29,049 [INFO] Sending reply to client '1677211049.049249'
ptd-server 2023-02-24 03:57:29,050 [INFO] Got command from the client 'session,2023-02-24_03-46-33,start,testing'
ptd-server 2023-02-24 03:57:29,050 [INFO] Sending to ptd: 'SR,V,249.960000'
ptd-server 2023-02-24 03:57:30,572 [INFO] Reply from ptd: 'Range V changed'
ptd-server 2023-02-24 03:57:30,572 [INFO] Sending to ptd: 'SR,A,0.049430'
ptd-server 2023-02-24 03:57:32,073 [INFO] Reply from ptd: 'Range A changed'
ptd-server 2023-02-24 03:57:42,084 [INFO] Starting testing mode
ptd-server 2023-02-24 03:57:42,084 [INFO] Sending to ptd: 'Go,1000,0,2023-02-24_03-46-33_testing'
ptd-server 2023-02-24 03:57:42,084 [INFO] Reply from ptd: 'Starting untimed measurement, maximum 500000 samples at 1000ms with 0 rampup samples'
ptd-server 2023-02-24 03:57:42,084 [INFO] Sending reply to client 'OK'
ptd-server 2023-02-24 04:07:58,504 [INFO] Got command from the client 'session,2023-02-24_03-46-33,stop,testing'
ptd-server 2023-02-24 04:08:08,507 [INFO] Sending to ptd: 'Stop'
ptd-server 2023-02-24 04:08:08,508 [INFO] Reply from ptd: 'Stopping untimed measurement'
ptd-server 2023-02-24 04:08:08,819 [INFO] Sending reply to client 'OK'
ptd-server 2023-02-24 04:08:08,827 [INFO] Got command from the client 'session,2023-02-24_03-46-33,done'
ptd-server 2023-02-24 04:08:08,827 [INFO] Sending to ptd: 'Stop'
ptd-server 2023-02-24 04:08:09,084 [INFO] Reply from ptd: 'Error: no measurement to stop'
ptd-server 2023-02-24 04:08:09,085 [INFO] Sending to ptd: 'SR,V,Auto'
ptd-server 2023-02-24 04:08:09,587 [INFO] Reply from ptd: 'Range V changed'
ptd-server 2023-02-24 04:08:09,587 [INFO] Sending to ptd: 'SR,A,Auto'
ptd-server 2023-02-24 04:08:10,090 [INFO] Reply from ptd: 'Range A changed'
ptd-server 2023-02-24 04:08:10,090 [INFO] Set initial values for Amps Auto and Volts Auto
ptd-server 2023-02-24 04:08:10,090 [INFO] Stopping ptd...
