client 2023-03-03 06:52:02,961 [INFO] Sending command to the server: 'mlcommons/power client v3'
client 2023-03-03 06:52:02,962 [INFO] Got response: 'mlcommons/power server v3'
client 2023-03-03 06:52:02,963 [INFO] Synchronizing with the server and with 192.168.88.1...
client 2023-03-03 06:52:02,991 [INFO] NTP:offset = 0.218 s, delay = 0.001 s 
client 2023-03-03 06:52:02,992 [WARNING] The time offset between the system time and 192.168.88.1 is more then 200 ms (218.145 ms)
client 2023-03-03 06:52:02,992 [INFO] Sending command to the server: 'set_ntp'
client 2023-03-03 06:52:10,133 [INFO] Got response: 'OK'
client 2023-03-03 06:52:10,134 [INFO] Synchronizing with 192.168.88.1 time using NTP...
client 2023-03-03 06:52:17,447 [INFO] Set system time at 2023-03-03 06:52:17.447520
client 2023-03-03 06:52:17,452 [INFO] NTP:offset = 0.028 s, delay = 0.001 s 
client 2023-03-03 06:52:17,453 [INFO] Sending command to the server: 'time'
client 2023-03-03 06:52:17,455 [INFO] Got response: '1677826337.4820466'
client 2023-03-03 06:52:17,456 [INFO] The time difference between the client and the server is within range -28.807 ms..-25.951 ms
client 2023-03-03 06:52:17,457 [INFO] Sending command to the server: 'new,multistream,2a689b35-1d75-41ba-b07c-4f57e1bec0b8'
client 2023-03-03 06:52:17,459 [INFO] Got response: 'OK 2023-03-02_22-52-17_multistream,6e340ad3-e937-4585-9c8f-2d23a9e0bc5c'
client 2023-03-03 06:52:17,460 [INFO] Session id is '2023-03-02_22-52-17_multistream'
client 2023-03-03 06:52:17,461 [INFO] Sources: {"sources": {"__init__.py": "da39a3ee5e6b4b0d3255bfef95601890afd80709", "client.py": "33ca4f26368777ac06e01f9567b714a4b8063886", "lib/__init__.py": "da39a3ee5e6b4b0d3255bfef95601890afd80709", "lib/client.py": "4c2b78fb4849a7e5b584ef792d82aaed20b17f57", "lib/common.py": "624d0c0acc7c39aaff3674f0b99d6a09da53d1dc", "lib/external/__init__.py": "da39a3ee5e6b4b0d3255bfef95601890afd80709", "lib/external/ntplib.py": "4da8f970656505a40483206ef2b5d3dd5e81711d", "lib/server.py": "cda0cdfaee9bfa1249c64a7dd4f89b7bf1b279f0", "lib/source_hashes.py": "60a2e02193209e8d392803326208d5466342da18", "lib/summary.py": "aa92f0a3f975eecd44d3c0cd0236342ccc9f941d", "lib/time_sync.py": "3210db56eb0ff0df57bf4293dc4d4b03fffd46f1", "server.py": "c3f90f2f7eeb4db30727556d0c815ebc89b3d28b", "tests/unit/__init__.py": "da39a3ee5e6b4b0d3255bfef95601890afd80709", "tests/unit/test_server.py": "99ae15aef722f2000ee6ed1ae1523637bf1ae42b", "tests/unit/test_source_hashes.py": "00468a2907583c593e6574a1f6b404e4651c221a"}, "modules": {"ptd_client_server.lib.client": "lib/client.py", "ptd_client_server.lib.common": "lib/common.py", "ptd_client_server.lib.external.ntplib": "lib/external/ntplib.py", "ptd_client_server.lib.source_hashes": "lib/source_hashes.py", "ptd_client_server.lib.summary": "lib/summary.py", "ptd_client_server.lib.time_sync": "lib/time_sync.py"}}
client 2023-03-03 06:52:17,483 [INFO] Running workload in ranging mode
client 2023-03-03 06:52:17,484 [INFO] Synchronizing with the server and with 192.168.88.1...
client 2023-03-03 06:52:17,488 [INFO] NTP:offset = 0.028 s, delay = 0.001 s 
client 2023-03-03 06:52:17,489 [INFO] Sending command to the server: 'time'
client 2023-03-03 06:52:17,491 [INFO] Got response: '1677826337.5184042'
client 2023-03-03 06:52:17,492 [INFO] The time difference between the client and the server is within range -28.797 ms..-26.236 ms
client 2023-03-03 06:52:17,493 [INFO] Sending command to the server: 'session,2023-03-02_22-52-17_multistream,start,ranging'
client 2023-03-03 06:52:45,267 [INFO] Got response: 'OK'
client 2023-03-03 06:52:45,268 [INFO] Running the workload './run_bs8.sh'
client 2023-03-03 07:07:17,653 [INFO] Sending command to the server: 'session,2023-03-02_22-52-17_multistream,stop,ranging'
client 2023-03-03 07:07:27,780 [INFO] Got response: 'OK'
client 2023-03-03 07:07:27,827 [INFO] Copying loadgen logs from '/mnt/power-dev/sima_workload/loadgen_out' to './2023-03-02_22-52-17_multistream/ranging'
client 2023-03-03 07:07:27,890 [INFO] Running workload in testing mode
client 2023-03-03 07:07:27,891 [INFO] Synchronizing with the server and with 192.168.88.1...
client 2023-03-03 07:07:27,895 [INFO] NTP:offset = 0.197 s, delay = 0.001 s 
client 2023-03-03 07:07:27,896 [INFO] Sending command to the server: 'time'
client 2023-03-03 07:07:27,898 [INFO] Got response: '1677827248.094169'
client 2023-03-03 07:07:27,899 [INFO] The time difference between the client and the server is within range -197.865 ms..-195.298 ms
client 2023-03-03 07:07:27,899 [INFO] Sending command to the server: 'session,2023-03-02_22-52-17_multistream,start,testing'
client 2023-03-03 07:07:41,326 [INFO] Got response: 'OK'
client 2023-03-03 07:07:41,327 [INFO] Running the workload './run_bs8.sh'
client 2023-03-03 07:22:15,815 [INFO] Sending command to the server: 'session,2023-03-02_22-52-17_multistream,stop,testing'
client 2023-03-03 07:22:25,841 [INFO] Got response: 'OK'
client 2023-03-03 07:22:25,854 [INFO] Copying loadgen logs from '/mnt/power-dev/sima_workload/loadgen_out' to './2023-03-02_22-52-17_multistream/run_1'
client 2023-03-03 07:22:25,918 [INFO] Done runs
