ptd-server 2023-02-22 22:06:04,325 [INFO] Got command from the client 'stop'
ptd-server 2023-02-22 22:06:04,325 [INFO] The server will be stopped after processing this client
ptd-server 2023-02-22 22:06:04,325 [INFO] Sending reply to client 'OK'
ptd-server 2023-02-22 22:06:04,549 [INFO] Got command from the client 'time'
ptd-server 2023-02-22 22:06:04,549 [INFO] Sending reply to client '1677132364.5497804'
ptd-server 2023-02-22 22:06:04,550 [INFO] Got command from the client 'new,,79054225-0f0c-49ed-90ed-f55b17076fae'
ptd-server 2023-02-22 22:06:04,551 [INFO] Sending reply to client 'OK 2023-02-22_22-06-04,1e4e3840-6cc5-40e6-af98-ebb3ce627d8f'
ptd-server 2023-02-22 22:06:04,775 [INFO] Got command from the client 'time'
ptd-server 2023-02-22 22:06:04,775 [INFO] Sending reply to client '1677132364.7751508'
ptd-server 2023-02-22 22:06:04,776 [INFO] Got command from the client 'session,2023-02-22_22-06-04,start,ranging'
ptd-server 2023-02-22 22:06:04,776 [INFO] Running PTDaemon: ['/usr/bin/ptd-linux-x86', '-l', '/tmp/tmph56ms620/ptd_logfile.txt', '-p', '8888', '-c', '1,3', '-y', '77', '10.117.41.199']
ptd-server 2023-02-22 22:06:24,562 [INFO] Sending to ptd: 'Hello'
ptd-server 2023-02-22 22:06:24,563 [INFO] Reply from ptd: 'Hello, PTDaemon here!'
ptd-server 2023-02-22 22:06:24,563 [INFO] Sending to ptd: 'Identify'
ptd-server 2023-02-22 22:06:24,563 [INFO] Reply from ptd: 'YokogawaWT330_multichannel,1000,1,1,1,1,0,0,1,version=1.10.0-ed9a21d2-20220817,OS=Linux 5.15.0-60-generic #66~20.04.1-Ubuntu SMP Wed Jan 25 09:41:30 UTC 2023 x86_64,mode=power,1,1,3,0,0,no_cal_date,YOKOGAWA;WT333E;C2WL21011V;F1.04'
ptd-server 2023-02-22 22:06:24,563 [INFO] Connected to PTDaemon
ptd-server 2023-02-22 22:06:24,563 [INFO] Sending to ptd: 'RR'
ptd-server 2023-02-22 22:06:24,564 [INFO] Reply from ptd: 'Ranges,1,2.000000,1,300.000000'
ptd-server 2023-02-22 22:06:24,564 [INFO] Initial range for Amps is Auto for Volts is Auto
ptd-server 2023-02-22 22:06:24,564 [INFO] Sending to ptd: 'SR,V,Auto'
ptd-server 2023-02-22 22:06:29,620 [INFO] Reply from ptd: 'Range V changed'
ptd-server 2023-02-22 22:06:29,620 [INFO] Sending to ptd: 'SR,A,Auto'
ptd-server 2023-02-22 22:06:34,676 [INFO] Reply from ptd: 'Range A changed'
ptd-server 2023-02-22 22:06:44,687 [INFO] Starting ranging mode
ptd-server 2023-02-22 22:06:44,687 [INFO] Sending to ptd: 'Go,1000,0,2023-02-22_22-06-04_ranging'
ptd-server 2023-02-22 22:06:44,688 [INFO] Reply from ptd: 'Starting untimed measurement, maximum 500000 samples at 1000ms with 0 rampup samples'
ptd-server 2023-02-22 22:06:44,688 [INFO] Sending reply to client 'OK'
ptd-server 2023-02-22 22:18:55,301 [INFO] Got command from the client 'session,2023-02-22_22-06-04,stop,ranging'
ptd-server 2023-02-22 22:19:05,311 [INFO] Sending to ptd: 'Stop'
ptd-server 2023-02-22 22:19:05,312 [INFO] Reply from ptd: 'Stopping untimed measurement'
ptd-server 2023-02-22 22:19:05,340 [INFO] Sending reply to client 'OK'
ptd-server 2023-02-22 22:19:05,595 [INFO] Got command from the client 'time'
ptd-server 2023-02-22 22:19:05,595 [INFO] Sending reply to client '1677133145.5954196'
ptd-server 2023-02-22 22:19:05,596 [INFO] Got command from the client 'session,2023-02-22_22-06-04,start,testing'
ptd-server 2023-02-22 22:19:05,596 [INFO] Sending to ptd: 'SR,V,206.110000'
ptd-server 2023-02-22 22:19:11,744 [INFO] Reply from ptd: 'Range V changed'
ptd-server 2023-02-22 22:19:11,744 [INFO] Sending to ptd: 'SR,A,3.990500'
ptd-server 2023-02-22 22:19:17,300 [INFO] Reply from ptd: 'Range A changed'
ptd-server 2023-02-22 22:19:27,310 [INFO] Starting testing mode
ptd-server 2023-02-22 22:19:27,311 [INFO] Sending to ptd: 'Go,1000,0,2023-02-22_22-06-04_testing'
ptd-server 2023-02-22 22:19:27,311 [INFO] Reply from ptd: 'Starting untimed measurement, maximum 500000 samples at 1000ms with 0 rampup samples'
ptd-server 2023-02-22 22:19:27,311 [INFO] Sending reply to client 'OK'
ptd-server 2023-02-22 22:31:56,962 [INFO] Got command from the client 'session,2023-02-22_22-06-04,stop,testing'
ptd-server 2023-02-22 22:32:06,973 [INFO] Sending to ptd: 'Stop'
ptd-server 2023-02-22 22:32:06,973 [INFO] Reply from ptd: 'Stopping untimed measurement'
ptd-server 2023-02-22 22:32:06,978 [INFO] Sending reply to client 'OK'
ptd-server 2023-02-22 22:32:07,053 [INFO] Got command from the client 'session,2023-02-22_22-06-04,done'
ptd-server 2023-02-22 22:32:07,053 [INFO] Sending to ptd: 'Stop'
ptd-server 2023-02-22 22:32:07,311 [INFO] Reply from ptd: 'Error: no measurement to stop'
ptd-server 2023-02-22 22:32:07,311 [INFO] Sending to ptd: 'SR,V,Auto'
ptd-server 2023-02-22 22:32:12,367 [INFO] Reply from ptd: 'Range V changed'
ptd-server 2023-02-22 22:32:12,368 [INFO] Sending to ptd: 'SR,A,Auto'
ptd-server 2023-02-22 22:32:17,424 [INFO] Reply from ptd: 'Range A changed'
ptd-server 2023-02-22 22:32:17,424 [INFO] Set initial values for Amps Auto and Volts Auto
ptd-server 2023-02-22 22:32:17,424 [INFO] Stopping ptd...
