client 2023-02-25 18:46:03,840 [INFO] Creating output directory '/home/arjun/mobilenet_results/valid_results/arjun_orin-tflite_armnn_cpp-cpu-armnn_tflite-v22.11-using_neon/mobilenet-v1-precision_float-1.0-224/singlestream/performance/tmp_power'
client 2023-02-25 18:46:03,843 [INFO] Sending command to the server: 'mlcommons/power client v3'
client 2023-02-25 18:46:03,847 [INFO] Got response: 'mlcommons/power server v3'
client 2023-02-25 18:46:03,847 [INFO] Synchronizing with the server and with time.google.com...
client 2023-02-25 18:46:03,880 [INFO] NTP:offset = 0.000 s, delay = 0.016 s 
client 2023-02-25 18:46:03,880 [INFO] Sending command to the server: 'time'
client 2023-02-25 18:46:03,885 [INFO] Got response: '1677350763.8833044'
client 2023-02-25 18:46:03,885 [INFO] The time difference between the client and the server is within range -2.630 ms..1.958 ms
client 2023-02-25 18:46:03,885 [INFO] Sending command to the server: 'new,,b306b596-30b9-4a76-9d6e-afcc0bd64be5'
client 2023-02-25 18:46:03,890 [INFO] Got response: 'OK 2023-02-25_18-46-03,92d5124f-a54a-4f08-92cc-32a4f84cee25'
client 2023-02-25 18:46:03,890 [INFO] Session id is '2023-02-25_18-46-03'
client 2023-02-25 18:46:03,890 [INFO] Sources: {"sources": {"__init__.py": "da39a3ee5e6b4b0d3255bfef95601890afd80709", "client.py": "33ca4f26368777ac06e01f9567b714a4b8063886", "lib/__init__.py": "da39a3ee5e6b4b0d3255bfef95601890afd80709", "lib/client.py": "4c2b78fb4849a7e5b584ef792d82aaed20b17f57", "lib/common.py": "624d0c0acc7c39aaff3674f0b99d6a09da53d1dc", "lib/external/__init__.py": "da39a3ee5e6b4b0d3255bfef95601890afd80709", "lib/external/ntplib.py": "4da8f970656505a40483206ef2b5d3dd5e81711d", "lib/server.py": "cda0cdfaee9bfa1249c64a7dd4f89b7bf1b279f0", "lib/source_hashes.py": "60a2e02193209e8d392803326208d5466342da18", "lib/summary.py": "aa92f0a3f975eecd44d3c0cd0236342ccc9f941d", "lib/time_sync.py": "3210db56eb0ff0df57bf4293dc4d4b03fffd46f1", "server.py": "c3f90f2f7eeb4db30727556d0c815ebc89b3d28b", "tests/unit/__init__.py": "da39a3ee5e6b4b0d3255bfef95601890afd80709", "tests/unit/test_server.py": "99ae15aef722f2000ee6ed1ae1523637bf1ae42b", "tests/unit/test_source_hashes.py": "00468a2907583c593e6574a1f6b404e4651c221a"}, "modules": {"ptd_client_server.lib.client": "lib/client.py", "ptd_client_server.lib.common": "lib/common.py", "ptd_client_server.lib.external.ntplib": "lib/external/ntplib.py", "ptd_client_server.lib.source_hashes": "lib/source_hashes.py", "ptd_client_server.lib.summary": "lib/summary.py", "ptd_client_server.lib.time_sync": "lib/time_sync.py"}}
client 2023-02-25 18:46:03,890 [INFO] Running workload in ranging mode
client 2023-02-25 18:46:03,890 [INFO] Synchronizing with the server and with time.google.com...
client 2023-02-25 18:46:03,907 [INFO] NTP:offset = 0.001 s, delay = 0.016 s 
client 2023-02-25 18:46:03,908 [INFO] Sending command to the server: 'time'
client 2023-02-25 18:46:03,911 [INFO] Got response: '1677350763.9108346'
client 2023-02-25 18:46:03,911 [INFO] The time difference between the client and the server is within range -2.699 ms..0.940 ms
client 2023-02-25 18:46:03,911 [INFO] Sending command to the server: 'session,2023-02-25_18-46-03,start,ranging'
client 2023-02-25 18:46:32,047 [INFO] Got response: 'OK'
client 2023-02-25 18:46:32,048 [INFO] Running the workload '/home/arjun/CM/repos/octoml@ck/cm-mlops/script/app-mlperf-inference/run.out'
client 2023-02-25 18:57:33,393 [INFO] Sending command to the server: 'session,2023-02-25_18-46-03,stop,ranging'
client 2023-02-25 18:57:43,561 [INFO] Got response: 'OK'
client 2023-02-25 18:57:43,583 [INFO] Copying loadgen logs from '/home/arjun/mobilenet_results/valid_results/arjun_orin-tflite_armnn_cpp-cpu-armnn_tflite-v22.11-using_neon/mobilenet-v1-precision_float-1.0-224/singlestream/performance/run_1' to '/home/arjun/mobilenet_results/valid_results/arjun_orin-tflite_armnn_cpp-cpu-armnn_tflite-v22.11-using_neon/mobilenet-v1-precision_float-1.0-224/singlestream/performance/tmp_power/ranging'
client 2023-02-25 18:57:43,585 [INFO] Running workload in testing mode
client 2023-02-25 18:57:43,586 [INFO] Synchronizing with the server and with time.google.com...
client 2023-02-25 18:57:43,621 [INFO] NTP:offset = 0.002 s, delay = 0.017 s 
client 2023-02-25 18:57:43,622 [INFO] Sending command to the server: 'time'
client 2023-02-25 18:57:43,625 [INFO] Got response: '1677351463.6272907'
client 2023-02-25 18:57:43,625 [INFO] The time difference between the client and the server is within range -5.157 ms..-1.647 ms
client 2023-02-25 18:57:43,625 [INFO] Sending command to the server: 'session,2023-02-25_18-46-03,start,testing'
client 2023-02-25 18:57:57,062 [INFO] Got response: 'OK'
client 2023-02-25 18:57:57,063 [INFO] Running the workload '/home/arjun/CM/repos/octoml@ck/cm-mlops/script/app-mlperf-inference/run.out'
client 2023-02-25 19:09:00,226 [INFO] Sending command to the server: 'session,2023-02-25_18-46-03,stop,testing'
client 2023-02-25 19:09:10,444 [INFO] Got response: 'OK'
client 2023-02-25 19:09:10,449 [INFO] Copying loadgen logs from '/home/arjun/mobilenet_results/valid_results/arjun_orin-tflite_armnn_cpp-cpu-armnn_tflite-v22.11-using_neon/mobilenet-v1-precision_float-1.0-224/singlestream/performance/run_1' to '/home/arjun/mobilenet_results/valid_results/arjun_orin-tflite_armnn_cpp-cpu-armnn_tflite-v22.11-using_neon/mobilenet-v1-precision_float-1.0-224/singlestream/performance/tmp_power/run_1'
client 2023-02-25 19:09:10,451 [INFO] Done runs
