ptd-server 2023-02-21 05:10:09,635 [INFO] Got command from the client 'time'
ptd-server 2023-02-21 05:10:09,635 [INFO] Sending reply to client '1676956209.6352892'
ptd-server 2023-02-21 05:10:09,636 [INFO] Got command from the client 'new,,3822cbf0-cefe-41ce-9ed4-9766b158d98d'
ptd-server 2023-02-21 05:10:09,636 [INFO] Sending reply to client 'OK 2023-02-21_05-10-09,43c881b0-7b48-4af7-9925-232189c032a8'
ptd-server 2023-02-21 05:10:09,660 [INFO] Got command from the client 'time'
ptd-server 2023-02-21 05:10:09,660 [INFO] Sending reply to client '1676956209.6602035'
ptd-server 2023-02-21 05:10:09,661 [INFO] Got command from the client 'session,2023-02-21_05-10-09,start,ranging'
ptd-server 2023-02-21 05:10:09,661 [INFO] Running PTDaemon: ['/home/anton/projects/mlperf/power/inference_v1.0/ptd-linux-x86', '-l', '/tmp/tmp4yl1neqp/ptd_logfile.txt', '-p', '8888', '49', '/dev/usbtmc0']
ptd-server 2023-02-21 05:10:26,734 [INFO] Sending to ptd: 'Hello'
ptd-server 2023-02-21 05:10:26,735 [INFO] Reply from ptd: 'Hello, PTDaemon here!'
ptd-server 2023-02-21 05:10:26,735 [INFO] Sending to ptd: 'Identify'
ptd-server 2023-02-21 05:10:26,735 [INFO] Reply from ptd: 'YokogawaWT310E,1000,1,1,1,1,0,1,1,version=1.10.0-ed9a21d2-20220817,OS=Linux 5.15.0-60-generic #66~20.04.1-Ubuntu SMP Wed Jan 25 09:41:30 UTC 2023 x86_64,mode=power,1,1,1,0,0,no_cal_date,YOKOGAWA;WT310E;C3XA04010E;F1.04'
ptd-server 2023-02-21 05:10:26,736 [INFO] Connected to PTDaemon
ptd-server 2023-02-21 05:10:26,736 [INFO] Sending to ptd: 'RR'
ptd-server 2023-02-21 05:10:26,736 [INFO] Reply from ptd: 'Ranges,1,0.100000,1,300.000000'
ptd-server 2023-02-21 05:10:26,736 [INFO] Initial range for Amps is Auto for Volts is Auto
ptd-server 2023-02-21 05:10:26,736 [INFO] Sending to ptd: 'SR,V,Auto'
ptd-server 2023-02-21 05:10:27,239 [INFO] Reply from ptd: 'Range V changed'
ptd-server 2023-02-21 05:10:27,239 [INFO] Sending to ptd: 'SR,A,Auto'
ptd-server 2023-02-21 05:10:27,741 [INFO] Reply from ptd: 'Range A changed'
ptd-server 2023-02-21 05:10:37,752 [INFO] Starting ranging mode
ptd-server 2023-02-21 05:10:37,752 [INFO] Sending to ptd: 'Go,1000,0,2023-02-21_05-10-09_ranging'
ptd-server 2023-02-21 05:10:37,752 [INFO] Reply from ptd: 'Starting untimed measurement, maximum 500000 samples at 1000ms with 0 rampup samples'
ptd-server 2023-02-21 05:10:37,753 [INFO] Sending reply to client 'OK'
ptd-server 2023-02-21 05:21:05,912 [INFO] Got command from the client 'session,2023-02-21_05-10-09,stop,ranging'
ptd-server 2023-02-21 05:21:15,922 [INFO] Sending to ptd: 'Stop'
ptd-server 2023-02-21 05:21:15,923 [INFO] Reply from ptd: 'Stopping untimed measurement'
ptd-server 2023-02-21 05:21:16,186 [INFO] Sending reply to client 'OK'
ptd-server 2023-02-21 05:21:16,270 [INFO] Got command from the client 'time'
ptd-server 2023-02-21 05:21:16,271 [INFO] Sending reply to client '1676956876.2710855'
ptd-server 2023-02-21 05:21:16,271 [INFO] Got command from the client 'session,2023-02-21_05-10-09,start,testing'
ptd-server 2023-02-21 05:21:16,272 [INFO] Sending to ptd: 'SR,V,250.890000'
ptd-server 2023-02-21 05:21:18,254 [INFO] Reply from ptd: 'Range V changed'
ptd-server 2023-02-21 05:21:18,254 [INFO] Sending to ptd: 'SR,A,0.066910'
ptd-server 2023-02-21 05:21:19,756 [INFO] Reply from ptd: 'Range A changed'
ptd-server 2023-02-21 05:21:29,766 [INFO] Starting testing mode
ptd-server 2023-02-21 05:21:29,766 [INFO] Sending to ptd: 'Go,1000,0,2023-02-21_05-10-09_testing'
ptd-server 2023-02-21 05:21:29,766 [INFO] Reply from ptd: 'Starting untimed measurement, maximum 500000 samples at 1000ms with 0 rampup samples'
ptd-server 2023-02-21 05:21:29,767 [INFO] Sending reply to client 'OK'
ptd-server 2023-02-21 05:31:57,713 [INFO] Got command from the client 'session,2023-02-21_05-10-09,stop,testing'
ptd-server 2023-02-21 05:32:07,724 [INFO] Sending to ptd: 'Stop'
ptd-server 2023-02-21 05:32:07,724 [INFO] Reply from ptd: 'Stopping untimed measurement'
ptd-server 2023-02-21 05:32:07,881 [INFO] Sending reply to client 'OK'
ptd-server 2023-02-21 05:32:07,889 [INFO] Got command from the client 'session,2023-02-21_05-10-09,done'
ptd-server 2023-02-21 05:32:07,889 [INFO] Sending to ptd: 'Stop'
ptd-server 2023-02-21 05:32:07,889 [INFO] Reply from ptd: 'Error: no measurement to stop'
ptd-server 2023-02-21 05:32:07,889 [INFO] Sending to ptd: 'SR,V,Auto'
ptd-server 2023-02-21 05:32:08,392 [INFO] Reply from ptd: 'Range V changed'
ptd-server 2023-02-21 05:32:08,392 [INFO] Sending to ptd: 'SR,A,Auto'
ptd-server 2023-02-21 05:32:08,894 [INFO] Reply from ptd: 'Range A changed'
ptd-server 2023-02-21 05:32:08,895 [INFO] Set initial values for Amps Auto and Volts Auto
ptd-server 2023-02-21 05:32:08,895 [INFO] Stopping ptd...
