client 2023-02-12 10:42:33,637 [INFO] Creating output directory '/home/arjun/CM/repos/octoml@ck/cm-mlops/script/run-mlperf-inference-app/valid_results/arjun_orin-tflite_cpp-cpu-armnn_tflite-v22.11-default_config/mobilenet-v1-precision_uint8-0.25-224/singlestream/performance/tmp_power'
client 2023-02-12 10:42:33,837 [INFO] Sending command to the server: 'mlcommons/power client v3'
client 2023-02-12 10:42:33,840 [INFO] Got response: 'mlcommons/power server v3'
client 2023-02-12 10:42:33,840 [INFO] Synchronizing with the server and with time.google.com...
client 2023-02-12 10:42:33,904 [INFO] NTP:offset = -0.001 s, delay = 0.016 s 
client 2023-02-12 10:42:33,904 [INFO] Sending command to the server: 'time'
client 2023-02-12 10:42:33,907 [INFO] Got response: '1676198553.9055662'
client 2023-02-12 10:42:33,908 [INFO] The time difference between the client and the server is within range -1.128 ms..2.509 ms
client 2023-02-12 10:42:33,908 [INFO] Sending command to the server: 'new,,9866dfec-1a52-4f9d-aa3f-16bd0a24d7a6'
client 2023-02-12 10:42:33,913 [INFO] Got response: 'OK 2023-02-12_10-42-33,f7ed8824-e207-4997-b939-e0be1ccd1f57'
client 2023-02-12 10:42:33,913 [INFO] Session id is '2023-02-12_10-42-33'
client 2023-02-12 10:42:33,913 [INFO] Sources: {"sources": {"__init__.py": "da39a3ee5e6b4b0d3255bfef95601890afd80709", "client.py": "33ca4f26368777ac06e01f9567b714a4b8063886", "lib/__init__.py": "da39a3ee5e6b4b0d3255bfef95601890afd80709", "lib/client.py": "4c2b78fb4849a7e5b584ef792d82aaed20b17f57", "lib/common.py": "624d0c0acc7c39aaff3674f0b99d6a09da53d1dc", "lib/external/__init__.py": "da39a3ee5e6b4b0d3255bfef95601890afd80709", "lib/external/ntplib.py": "4da8f970656505a40483206ef2b5d3dd5e81711d", "lib/server.py": "cda0cdfaee9bfa1249c64a7dd4f89b7bf1b279f0", "lib/source_hashes.py": "60a2e02193209e8d392803326208d5466342da18", "lib/summary.py": "aa92f0a3f975eecd44d3c0cd0236342ccc9f941d", "lib/time_sync.py": "3210db56eb0ff0df57bf4293dc4d4b03fffd46f1", "server.py": "c3f90f2f7eeb4db30727556d0c815ebc89b3d28b", "tests/unit/__init__.py": "da39a3ee5e6b4b0d3255bfef95601890afd80709", "tests/unit/test_server.py": "99ae15aef722f2000ee6ed1ae1523637bf1ae42b", "tests/unit/test_source_hashes.py": "00468a2907583c593e6574a1f6b404e4651c221a"}, "modules": {"ptd_client_server.lib.client": "lib/client.py", "ptd_client_server.lib.common": "lib/common.py", "ptd_client_server.lib.external.ntplib": "lib/external/ntplib.py", "ptd_client_server.lib.source_hashes": "lib/source_hashes.py", "ptd_client_server.lib.summary": "lib/summary.py", "ptd_client_server.lib.time_sync": "lib/time_sync.py"}}
client 2023-02-12 10:42:33,914 [INFO] Running workload in ranging mode
client 2023-02-12 10:42:33,914 [INFO] Synchronizing with the server and with time.google.com...
client 2023-02-12 10:42:33,931 [INFO] NTP:offset = -0.002 s, delay = 0.014 s 
client 2023-02-12 10:42:33,931 [INFO] Sending command to the server: 'time'
client 2023-02-12 10:42:33,934 [INFO] Got response: '1676198553.9323654'
client 2023-02-12 10:42:33,934 [INFO] The time difference between the client and the server is within range -1.118 ms..1.994 ms
client 2023-02-12 10:42:33,934 [INFO] Sending command to the server: 'session,2023-02-12_10-42-33,start,ranging'
client 2023-02-12 10:43:02,057 [INFO] Got response: 'OK'
client 2023-02-12 10:43:02,058 [INFO] Running the workload '/home/arjun/CM/repos/octoml@ck/cm-mlops/script/run-mlperf-inference-app/run.out'
client 2023-02-12 10:53:07,214 [INFO] Sending command to the server: 'session,2023-02-12_10-42-33,stop,ranging'
client 2023-02-12 10:53:17,324 [INFO] Got response: 'OK'
client 2023-02-12 10:53:17,356 [INFO] Copying loadgen logs from '/home/arjun/CM/repos/octoml@ck/cm-mlops/script/run-mlperf-inference-app/valid_results/arjun_orin-tflite_cpp-cpu-armnn_tflite-v22.11-default_config/mobilenet-v1-precision_uint8-0.25-224/singlestream/performance/run_1' to '/home/arjun/CM/repos/octoml@ck/cm-mlops/script/run-mlperf-inference-app/valid_results/arjun_orin-tflite_cpp-cpu-armnn_tflite-v22.11-default_config/mobilenet-v1-precision_uint8-0.25-224/singlestream/performance/tmp_power/ranging'
client 2023-02-12 10:53:17,358 [INFO] Running workload in testing mode
client 2023-02-12 10:53:17,359 [INFO] Synchronizing with the server and with time.google.com...
client 2023-02-12 10:53:17,377 [INFO] NTP:offset = -0.002 s, delay = 0.014 s 
client 2023-02-12 10:53:17,377 [INFO] Sending command to the server: 'time'
client 2023-02-12 10:53:17,380 [INFO] Got response: '1676199197.3780293'
client 2023-02-12 10:53:17,381 [INFO] The time difference between the client and the server is within range -0.363 ms..2.994 ms
client 2023-02-12 10:53:17,381 [INFO] Sending command to the server: 'session,2023-02-12_10-42-33,start,testing'
client 2023-02-12 10:53:31,077 [INFO] Got response: 'OK'
client 2023-02-12 10:53:31,078 [INFO] Running the workload '/home/arjun/CM/repos/octoml@ck/cm-mlops/script/run-mlperf-inference-app/run.out'
client 2023-02-12 11:03:32,227 [INFO] Sending command to the server: 'session,2023-02-12_10-42-33,stop,testing'
client 2023-02-12 11:03:42,262 [INFO] Got response: 'OK'
client 2023-02-12 11:03:42,267 [INFO] Copying loadgen logs from '/home/arjun/CM/repos/octoml@ck/cm-mlops/script/run-mlperf-inference-app/valid_results/arjun_orin-tflite_cpp-cpu-armnn_tflite-v22.11-default_config/mobilenet-v1-precision_uint8-0.25-224/singlestream/performance/run_1' to '/home/arjun/CM/repos/octoml@ck/cm-mlops/script/run-mlperf-inference-app/valid_results/arjun_orin-tflite_cpp-cpu-armnn_tflite-v22.11-default_config/mobilenet-v1-precision_uint8-0.25-224/singlestream/performance/tmp_power/run_1'
client 2023-02-12 11:03:42,269 [INFO] Done runs
