client 2023-02-27 10:42:38,823 [INFO] Creating output directory '/home/arjun/mobilenet_results/valid_results/arjun_orin-tflite_armnn_cpp-cpu-armnn_tflite-v22.11-using_neon/mobilenet-v2-precision_uint8-1.0-192/singlestream/performance/tmp_power'
client 2023-02-27 10:42:39,136 [INFO] Sending command to the server: 'mlcommons/power client v3'
client 2023-02-27 10:42:39,141 [INFO] Got response: 'mlcommons/power server v3'
client 2023-02-27 10:42:39,141 [INFO] Synchronizing with the server and with time.google.com...
client 2023-02-27 10:42:39,184 [INFO] NTP:offset = -0.001 s, delay = 0.019 s 
client 2023-02-27 10:42:39,185 [INFO] Sending command to the server: 'time'
client 2023-02-27 10:42:39,190 [INFO] Got response: '1677494559.1902132'
client 2023-02-27 10:42:39,190 [INFO] The time difference between the client and the server is within range -4.896 ms..0.737 ms
client 2023-02-27 10:42:39,191 [INFO] Sending command to the server: 'new,,5518c20b-d7e5-467a-be25-958a22c9c283'
client 2023-02-27 10:42:39,196 [INFO] Got response: 'OK 2023-02-27_10-42-39,7145486d-e026-4d09-8e41-0248ae01c094'
client 2023-02-27 10:42:39,196 [INFO] Session id is '2023-02-27_10-42-39'
client 2023-02-27 10:42:39,197 [INFO] Sources: {"sources": {"__init__.py": "da39a3ee5e6b4b0d3255bfef95601890afd80709", "client.py": "33ca4f26368777ac06e01f9567b714a4b8063886", "lib/__init__.py": "da39a3ee5e6b4b0d3255bfef95601890afd80709", "lib/client.py": "4c2b78fb4849a7e5b584ef792d82aaed20b17f57", "lib/common.py": "624d0c0acc7c39aaff3674f0b99d6a09da53d1dc", "lib/external/__init__.py": "da39a3ee5e6b4b0d3255bfef95601890afd80709", "lib/external/ntplib.py": "4da8f970656505a40483206ef2b5d3dd5e81711d", "lib/server.py": "cda0cdfaee9bfa1249c64a7dd4f89b7bf1b279f0", "lib/source_hashes.py": "60a2e02193209e8d392803326208d5466342da18", "lib/summary.py": "aa92f0a3f975eecd44d3c0cd0236342ccc9f941d", "lib/time_sync.py": "3210db56eb0ff0df57bf4293dc4d4b03fffd46f1", "server.py": "c3f90f2f7eeb4db30727556d0c815ebc89b3d28b", "tests/unit/__init__.py": "da39a3ee5e6b4b0d3255bfef95601890afd80709", "tests/unit/test_server.py": "99ae15aef722f2000ee6ed1ae1523637bf1ae42b", "tests/unit/test_source_hashes.py": "00468a2907583c593e6574a1f6b404e4651c221a"}, "modules": {"ptd_client_server.lib.client": "lib/client.py", "ptd_client_server.lib.common": "lib/common.py", "ptd_client_server.lib.external.ntplib": "lib/external/ntplib.py", "ptd_client_server.lib.source_hashes": "lib/source_hashes.py", "ptd_client_server.lib.summary": "lib/summary.py", "ptd_client_server.lib.time_sync": "lib/time_sync.py"}}
client 2023-02-27 10:42:39,197 [INFO] Running workload in ranging mode
client 2023-02-27 10:42:39,198 [INFO] Synchronizing with the server and with time.google.com...
client 2023-02-27 10:42:39,213 [INFO] NTP:offset = -0.000 s, delay = 0.013 s 
client 2023-02-27 10:42:39,213 [INFO] Sending command to the server: 'time'
client 2023-02-27 10:42:39,217 [INFO] Got response: '1677494559.2166083'
client 2023-02-27 10:42:39,217 [INFO] The time difference between the client and the server is within range -2.700 ms..0.723 ms
client 2023-02-27 10:42:39,217 [INFO] Sending command to the server: 'session,2023-02-27_10-42-39,start,ranging'
client 2023-02-27 10:43:07,350 [INFO] Got response: 'OK'
client 2023-02-27 10:43:07,351 [INFO] Running the workload '/home/arjun/run.out'
client 2023-02-27 10:56:20,594 [INFO] Sending command to the server: 'session,2023-02-27_10-42-39,stop,ranging'
client 2023-02-27 10:56:30,916 [INFO] Got response: 'OK'
client 2023-02-27 10:56:30,952 [INFO] Copying loadgen logs from '/home/arjun/mobilenet_results/valid_results/arjun_orin-tflite_armnn_cpp-cpu-armnn_tflite-v22.11-using_neon/mobilenet-v2-precision_uint8-1.0-192/singlestream/performance/run_1' to '/home/arjun/mobilenet_results/valid_results/arjun_orin-tflite_armnn_cpp-cpu-armnn_tflite-v22.11-using_neon/mobilenet-v2-precision_uint8-1.0-192/singlestream/performance/tmp_power/ranging'
client 2023-02-27 10:56:30,955 [INFO] Running workload in testing mode
client 2023-02-27 10:56:30,955 [INFO] Synchronizing with the server and with time.google.com...
client 2023-02-27 10:56:30,975 [INFO] NTP:offset = -0.002 s, delay = 0.015 s 
client 2023-02-27 10:56:30,975 [INFO] Sending command to the server: 'time'
client 2023-02-27 10:56:30,979 [INFO] Got response: '1677495390.9776495'
client 2023-02-27 10:56:30,980 [INFO] The time difference between the client and the server is within range -2.070 ms..2.513 ms
client 2023-02-27 10:56:30,980 [INFO] Sending command to the server: 'session,2023-02-27_10-42-39,start,testing'
client 2023-02-27 10:56:44,372 [INFO] Got response: 'OK'
client 2023-02-27 10:56:44,373 [INFO] Running the workload '/home/arjun/run.out'
client 2023-02-27 11:10:02,091 [INFO] Sending command to the server: 'session,2023-02-27_10-42-39,stop,testing'
client 2023-02-27 11:10:12,503 [INFO] Got response: 'OK'
client 2023-02-27 11:10:12,508 [INFO] Copying loadgen logs from '/home/arjun/mobilenet_results/valid_results/arjun_orin-tflite_armnn_cpp-cpu-armnn_tflite-v22.11-using_neon/mobilenet-v2-precision_uint8-1.0-192/singlestream/performance/run_1' to '/home/arjun/mobilenet_results/valid_results/arjun_orin-tflite_armnn_cpp-cpu-armnn_tflite-v22.11-using_neon/mobilenet-v2-precision_uint8-1.0-192/singlestream/performance/tmp_power/run_1'
client 2023-02-27 11:10:12,510 [INFO] Done runs
