ptd-server 2023-02-27 10:42:39,189 [INFO] Got command from the client 'time'
ptd-server 2023-02-27 10:42:39,190 [INFO] Sending reply to client '1677494559.1902132'
ptd-server 2023-02-27 10:42:39,193 [INFO] Got command from the client 'new,,5518c20b-d7e5-467a-be25-958a22c9c283'
ptd-server 2023-02-27 10:42:39,194 [INFO] Sending reply to client 'OK 2023-02-27_10-42-39,7145486d-e026-4d09-8e41-0248ae01c094'
ptd-server 2023-02-27 10:42:39,216 [INFO] Got command from the client 'time'
ptd-server 2023-02-27 10:42:39,216 [INFO] Sending reply to client '1677494559.2166083'
ptd-server 2023-02-27 10:42:39,219 [INFO] Got command from the client 'session,2023-02-27_10-42-39,start,ranging'
ptd-server 2023-02-27 10:42:39,220 [INFO] Running PTDaemon: ['/media/arjun/T7_Touch/hp-envy/CM/repos/local/cache/9b3695ca8255492a/power/inference_v1.0/ptd-linux-x86', '-l', '/tmp/tmpti64566v/ptd_logfile.txt', '-p', '8888', '49', '/dev/usbtmc0']
ptd-server 2023-02-27 10:42:56,324 [INFO] Sending to ptd: 'Hello'
ptd-server 2023-02-27 10:42:56,325 [INFO] Reply from ptd: 'Hello, PTDaemon here!'
ptd-server 2023-02-27 10:42:56,326 [INFO] Sending to ptd: 'Identify'
ptd-server 2023-02-27 10:42:56,326 [INFO] Reply from ptd: 'YokogawaWT310E,1000,1,1,1,1,0,1,1,version=1.10.0-ed9a21d2-20220817,OS=Linux 5.15.0-56-generic #62-Ubuntu SMP Tue Nov 22 19:54:14 UTC 2022 x86_64,mode=power,1,1,1,0,0,no_cal_date,YOKOGAWA;WT310E;C3YD21068E;F1.04'
ptd-server 2023-02-27 10:42:56,327 [INFO] Connected to PTDaemon
ptd-server 2023-02-27 10:42:56,327 [INFO] Sending to ptd: 'RR'
ptd-server 2023-02-27 10:42:56,328 [INFO] Reply from ptd: 'Ranges,0,0.100000,0,600.000000'
ptd-server 2023-02-27 10:42:56,328 [INFO] Initial range for Amps is 0.100000 for Volts is 600.000000
ptd-server 2023-02-27 10:42:56,328 [INFO] Sending to ptd: 'SR,V,Auto'
ptd-server 2023-02-27 10:42:56,832 [INFO] Reply from ptd: 'Range V changed'
ptd-server 2023-02-27 10:42:56,832 [INFO] Sending to ptd: 'SR,A,Auto'
ptd-server 2023-02-27 10:42:57,336 [INFO] Reply from ptd: 'Range A changed'
ptd-server 2023-02-27 10:43:07,347 [INFO] Starting ranging mode
ptd-server 2023-02-27 10:43:07,348 [INFO] Sending to ptd: 'Go,1000,0,2023-02-27_10-42-39_ranging'
ptd-server 2023-02-27 10:43:07,349 [INFO] Reply from ptd: 'Starting untimed measurement, maximum 500000 samples at 1000ms with 0 rampup samples'
ptd-server 2023-02-27 10:43:07,349 [INFO] Sending reply to client 'OK'
ptd-server 2023-02-27 10:56:20,656 [INFO] Got command from the client 'session,2023-02-27_10-42-39,stop,ranging'
ptd-server 2023-02-27 10:56:30,667 [INFO] Sending to ptd: 'Stop'
ptd-server 2023-02-27 10:56:30,668 [INFO] Reply from ptd: 'Stopping untimed measurement'
ptd-server 2023-02-27 10:56:30,913 [INFO] Sending reply to client 'OK'
ptd-server 2023-02-27 10:56:30,977 [INFO] Got command from the client 'time'
ptd-server 2023-02-27 10:56:30,977 [INFO] Sending reply to client '1677495390.9776495'
ptd-server 2023-02-27 10:56:30,981 [INFO] Got command from the client 'session,2023-02-27_10-42-39,start,testing'
ptd-server 2023-02-27 10:56:30,982 [INFO] Sending to ptd: 'SR,V,247.680000'
ptd-server 2023-02-27 10:56:32,852 [INFO] Reply from ptd: 'Range V changed'
ptd-server 2023-02-27 10:56:32,853 [INFO] Sending to ptd: 'SR,A,0.209370'
ptd-server 2023-02-27 10:56:34,356 [INFO] Reply from ptd: 'Range A changed'
ptd-server 2023-02-27 10:56:44,367 [INFO] Starting testing mode
ptd-server 2023-02-27 10:56:44,368 [INFO] Sending to ptd: 'Go,1000,0,2023-02-27_10-42-39_testing'
ptd-server 2023-02-27 10:56:44,369 [INFO] Reply from ptd: 'Starting untimed measurement, maximum 500000 samples at 1000ms with 0 rampup samples'
ptd-server 2023-02-27 10:56:44,369 [INFO] Sending reply to client 'OK'
ptd-server 2023-02-27 11:10:02,353 [INFO] Got command from the client 'session,2023-02-27_10-42-39,stop,testing'
ptd-server 2023-02-27 11:10:12,364 [INFO] Sending to ptd: 'Stop'
ptd-server 2023-02-27 11:10:12,365 [INFO] Reply from ptd: 'Stopping untimed measurement'
ptd-server 2023-02-27 11:10:12,501 [INFO] Sending reply to client 'OK'
ptd-server 2023-02-27 11:10:12,517 [INFO] Got command from the client 'session,2023-02-27_10-42-39,done'
ptd-server 2023-02-27 11:10:12,518 [INFO] Sending to ptd: 'Stop'
ptd-server 2023-02-27 11:10:12,518 [INFO] Reply from ptd: 'Error: no measurement to stop'
ptd-server 2023-02-27 11:10:12,518 [INFO] Sending to ptd: 'SR,V,600.000000'
ptd-server 2023-02-27 11:10:14,021 [INFO] Reply from ptd: 'Range V changed'
ptd-server 2023-02-27 11:10:14,021 [INFO] Sending to ptd: 'SR,A,0.100000'
ptd-server 2023-02-27 11:10:15,525 [INFO] Reply from ptd: 'Range A changed'
ptd-server 2023-02-27 11:10:15,526 [INFO] Set initial values for Amps 0.100000 and Volts 600.000000
ptd-server 2023-02-27 11:10:15,526 [INFO] Stopping ptd...
