ptd-server 2023-02-22 05:31:10,397 [INFO] Got command from the client 'time'
ptd-server 2023-02-22 05:31:10,397 [INFO] Sending reply to client '1677043870.397359'
ptd-server 2023-02-22 05:31:10,398 [INFO] Got command from the client 'new,,68916559-f2c1-4e59-a259-aa4c186b0466'
ptd-server 2023-02-22 05:31:10,399 [INFO] Sending reply to client 'OK 2023-02-22_05-31-10,758a69ce-6610-461d-ac4f-df37af619eb8'
ptd-server 2023-02-22 05:31:10,419 [INFO] Got command from the client 'time'
ptd-server 2023-02-22 05:31:10,419 [INFO] Sending reply to client '1677043870.4192445'
ptd-server 2023-02-22 05:31:10,420 [INFO] Got command from the client 'session,2023-02-22_05-31-10,start,ranging'
ptd-server 2023-02-22 05:31:10,420 [INFO] Running PTDaemon: ['/home/anton/projects/mlperf/power/inference_v1.0/ptd-linux-x86', '-l', '/tmp/tmp4yl1neqp/ptd_logfile.txt', '-p', '8888', '49', '/dev/usbtmc0']
ptd-server 2023-02-22 05:31:27,494 [INFO] Sending to ptd: 'Hello'
ptd-server 2023-02-22 05:31:27,495 [INFO] Reply from ptd: 'Hello, PTDaemon here!'
ptd-server 2023-02-22 05:31:27,495 [INFO] Sending to ptd: 'Identify'
ptd-server 2023-02-22 05:31:27,495 [INFO] Reply from ptd: 'YokogawaWT310E,1000,1,1,1,1,0,1,1,version=1.10.0-ed9a21d2-20220817,OS=Linux 5.15.0-60-generic #66~20.04.1-Ubuntu SMP Wed Jan 25 09:41:30 UTC 2023 x86_64,mode=power,1,1,1,0,0,no_cal_date,YOKOGAWA;WT310E;C3XA04010E;F1.04'
ptd-server 2023-02-22 05:31:27,496 [INFO] Connected to PTDaemon
ptd-server 2023-02-22 05:31:27,496 [INFO] Sending to ptd: 'RR'
ptd-server 2023-02-22 05:31:27,496 [INFO] Reply from ptd: 'Ranges,1,0.100000,1,300.000000'
ptd-server 2023-02-22 05:31:27,496 [INFO] Initial range for Amps is Auto for Volts is Auto
ptd-server 2023-02-22 05:31:27,496 [INFO] Sending to ptd: 'SR,V,Auto'
ptd-server 2023-02-22 05:31:27,999 [INFO] Reply from ptd: 'Range V changed'
ptd-server 2023-02-22 05:31:27,999 [INFO] Sending to ptd: 'SR,A,Auto'
ptd-server 2023-02-22 05:31:28,501 [INFO] Reply from ptd: 'Range A changed'
ptd-server 2023-02-22 05:31:38,512 [INFO] Starting ranging mode
ptd-server 2023-02-22 05:31:38,512 [INFO] Sending to ptd: 'Go,1000,0,2023-02-22_05-31-10_ranging'
ptd-server 2023-02-22 05:31:38,512 [INFO] Reply from ptd: 'Starting untimed measurement, maximum 500000 samples at 1000ms with 0 rampup samples'
ptd-server 2023-02-22 05:31:38,512 [INFO] Sending reply to client 'OK'
ptd-server 2023-02-22 05:42:10,201 [INFO] Got command from the client 'session,2023-02-22_05-31-10,stop,ranging'
ptd-server 2023-02-22 05:42:20,211 [INFO] Sending to ptd: 'Stop'
ptd-server 2023-02-22 05:42:20,212 [INFO] Reply from ptd: 'Stopping untimed measurement'
ptd-server 2023-02-22 05:42:20,610 [INFO] Sending reply to client 'OK'
ptd-server 2023-02-22 05:42:20,685 [INFO] Got command from the client 'time'
ptd-server 2023-02-22 05:42:20,685 [INFO] Sending reply to client '1677044540.6851778'
ptd-server 2023-02-22 05:42:20,686 [INFO] Got command from the client 'session,2023-02-22_05-31-10,start,testing'
ptd-server 2023-02-22 05:42:20,686 [INFO] Sending to ptd: 'SR,V,249.100000'
ptd-server 2023-02-22 05:42:22,187 [INFO] Reply from ptd: 'Range V changed'
ptd-server 2023-02-22 05:42:22,187 [INFO] Sending to ptd: 'SR,A,0.048900'
ptd-server 2023-02-22 05:42:23,689 [INFO] Reply from ptd: 'Range A changed'
ptd-server 2023-02-22 05:42:33,699 [INFO] Starting testing mode
ptd-server 2023-02-22 05:42:33,699 [INFO] Sending to ptd: 'Go,1000,0,2023-02-22_05-31-10_testing'
ptd-server 2023-02-22 05:42:33,700 [INFO] Reply from ptd: 'Starting untimed measurement, maximum 500000 samples at 1000ms with 0 rampup samples'
ptd-server 2023-02-22 05:42:33,700 [INFO] Sending reply to client 'OK'
ptd-server 2023-02-22 05:53:05,357 [INFO] Got command from the client 'session,2023-02-22_05-31-10,stop,testing'
ptd-server 2023-02-22 05:53:15,364 [INFO] Sending to ptd: 'Stop'
ptd-server 2023-02-22 05:53:15,364 [INFO] Reply from ptd: 'Stopping untimed measurement'
ptd-server 2023-02-22 05:53:15,577 [INFO] Sending reply to client 'OK'
ptd-server 2023-02-22 05:53:15,585 [INFO] Got command from the client 'session,2023-02-22_05-31-10,done'
ptd-server 2023-02-22 05:53:15,585 [INFO] Sending to ptd: 'Stop'
ptd-server 2023-02-22 05:53:15,700 [INFO] Reply from ptd: 'Error: no measurement to stop'
ptd-server 2023-02-22 05:53:15,700 [INFO] Sending to ptd: 'SR,V,Auto'
ptd-server 2023-02-22 05:53:16,203 [INFO] Reply from ptd: 'Range V changed'
ptd-server 2023-02-22 05:53:16,203 [INFO] Sending to ptd: 'SR,A,Auto'
ptd-server 2023-02-22 05:53:16,706 [INFO] Reply from ptd: 'Range A changed'
ptd-server 2023-02-22 05:53:16,706 [INFO] Set initial values for Amps Auto and Volts Auto
ptd-server 2023-02-22 05:53:16,706 [INFO] Stopping ptd...
