client 2023-02-22 13:15:53,200 [INFO] Creating output directory '/home/arjun/orin_results/valid_results/arjun_orin-nvidia_original-gpu-tensorrt-v8.5.2.2-default_config/bert-99/offline/performance/tmp_power'
client 2023-02-22 13:15:53,475 [INFO] Sending command to the server: 'mlcommons/power client v3'
client 2023-02-22 13:15:53,479 [INFO] Got response: 'mlcommons/power server v3'
client 2023-02-22 13:15:53,480 [INFO] Synchronizing with the server and with time.google.com...
client 2023-02-22 13:15:53,526 [INFO] NTP:offset = -0.005 s, delay = 0.015 s 
client 2023-02-22 13:15:53,527 [INFO] Sending command to the server: 'time'
client 2023-02-22 13:15:53,533 [INFO] Got response: '1677071753.526534'
client 2023-02-22 13:15:53,533 [INFO] The time difference between the client and the server is within range 0.462 ms..6.650 ms
client 2023-02-22 13:15:53,533 [INFO] Sending command to the server: 'new,,47bfe761-7741-4bf4-bb8b-69c41cfeae07'
client 2023-02-22 13:15:53,541 [INFO] Got response: 'OK 2023-02-22_13-15-53,e05a6dd7-026f-4b53-8592-19ddb9f6d8e7'
client 2023-02-22 13:15:53,541 [INFO] Session id is '2023-02-22_13-15-53'
client 2023-02-22 13:15:53,541 [INFO] Sources: {"sources": {"__init__.py": "da39a3ee5e6b4b0d3255bfef95601890afd80709", "client.py": "33ca4f26368777ac06e01f9567b714a4b8063886", "lib/__init__.py": "da39a3ee5e6b4b0d3255bfef95601890afd80709", "lib/client.py": "4c2b78fb4849a7e5b584ef792d82aaed20b17f57", "lib/common.py": "624d0c0acc7c39aaff3674f0b99d6a09da53d1dc", "lib/external/__init__.py": "da39a3ee5e6b4b0d3255bfef95601890afd80709", "lib/external/ntplib.py": "4da8f970656505a40483206ef2b5d3dd5e81711d", "lib/server.py": "cda0cdfaee9bfa1249c64a7dd4f89b7bf1b279f0", "lib/source_hashes.py": "60a2e02193209e8d392803326208d5466342da18", "lib/summary.py": "aa92f0a3f975eecd44d3c0cd0236342ccc9f941d", "lib/time_sync.py": "3210db56eb0ff0df57bf4293dc4d4b03fffd46f1", "server.py": "c3f90f2f7eeb4db30727556d0c815ebc89b3d28b", "tests/unit/__init__.py": "da39a3ee5e6b4b0d3255bfef95601890afd80709", "tests/unit/test_server.py": "99ae15aef722f2000ee6ed1ae1523637bf1ae42b", "tests/unit/test_source_hashes.py": "00468a2907583c593e6574a1f6b404e4651c221a"}, "modules": {"ptd_client_server.lib.client": "lib/client.py", "ptd_client_server.lib.common": "lib/common.py", "ptd_client_server.lib.external.ntplib": "lib/external/ntplib.py", "ptd_client_server.lib.source_hashes": "lib/source_hashes.py", "ptd_client_server.lib.summary": "lib/summary.py", "ptd_client_server.lib.time_sync": "lib/time_sync.py"}}
client 2023-02-22 13:15:53,542 [INFO] Running workload in ranging mode
client 2023-02-22 13:15:53,542 [INFO] Synchronizing with the server and with time.google.com...
client 2023-02-22 13:15:53,560 [INFO] NTP:offset = -0.002 s, delay = 0.015 s 
client 2023-02-22 13:15:53,560 [INFO] Sending command to the server: 'time'
client 2023-02-22 13:15:53,564 [INFO] Got response: '1677071753.5597222'
client 2023-02-22 13:15:53,564 [INFO] The time difference between the client and the server is within range 1.231 ms..4.550 ms
client 2023-02-22 13:15:53,564 [INFO] Sending command to the server: 'session,2023-02-22_13-15-53,start,ranging'
client 2023-02-22 13:16:21,690 [INFO] Got response: 'OK'
client 2023-02-22 13:16:21,690 [INFO] Running the workload 'make preprocess_data BENCHMARKS="bert" && make run_harness RUN_ARGS=" --benchmarks=bert --scenarios=offline --test_mode=PerformanceOnly --offline_expected_qps=440"'
client 2023-02-22 13:27:47,714 [INFO] Sending command to the server: 'session,2023-02-22_13-15-53,stop,ranging'
client 2023-02-22 13:27:57,905 [INFO] Got response: 'OK'
client 2023-02-22 13:27:57,938 [INFO] Copying loadgen logs from '/home/arjun/orin_results/valid_results/arjun_orin-nvidia_original-gpu-tensorrt-v8.5.2.2-default_config/bert-99/offline/performance/run_1' to '/home/arjun/orin_results/valid_results/arjun_orin-nvidia_original-gpu-tensorrt-v8.5.2.2-default_config/bert-99/offline/performance/tmp_power/ranging'
client 2023-02-22 13:27:57,941 [INFO] Running workload in testing mode
client 2023-02-22 13:27:57,941 [INFO] Synchronizing with the server and with time.google.com...
client 2023-02-22 13:27:57,960 [INFO] NTP:offset = 0.001 s, delay = 0.015 s 
client 2023-02-22 13:27:57,960 [INFO] Sending command to the server: 'time'
client 2023-02-22 13:27:57,965 [INFO] Got response: '1677072477.9627566'
client 2023-02-22 13:27:57,965 [INFO] The time difference between the client and the server is within range -1.952 ms..2.594 ms
client 2023-02-22 13:27:57,965 [INFO] Sending command to the server: 'session,2023-02-22_13-15-53,start,testing'
client 2023-02-22 13:28:11,705 [INFO] Got response: 'OK'
client 2023-02-22 13:28:11,706 [INFO] Running the workload 'make preprocess_data BENCHMARKS="bert" && make run_harness RUN_ARGS=" --benchmarks=bert --scenarios=offline --test_mode=PerformanceOnly --offline_expected_qps=440"'
client 2023-02-22 13:39:42,096 [INFO] Sending command to the server: 'session,2023-02-22_13-15-53,stop,testing'
client 2023-02-22 13:39:52,305 [INFO] Got response: 'OK'
client 2023-02-22 13:39:52,310 [INFO] Copying loadgen logs from '/home/arjun/orin_results/valid_results/arjun_orin-nvidia_original-gpu-tensorrt-v8.5.2.2-default_config/bert-99/offline/performance/run_1' to '/home/arjun/orin_results/valid_results/arjun_orin-nvidia_original-gpu-tensorrt-v8.5.2.2-default_config/bert-99/offline/performance/tmp_power/run_1'
client 2023-02-22 13:39:52,313 [INFO] Done runs
