ptd-server 2023-02-22 11:01:24,948 [INFO] Got command from the client 'time'
ptd-server 2023-02-22 11:01:24,948 [INFO] Sending reply to client '1677085284.948845'
ptd-server 2023-02-22 11:01:24,950 [INFO] Got command from the client 'new,,9d45986b-8162-4c71-873d-cc5db5412cf1'
ptd-server 2023-02-22 11:01:24,950 [INFO] Sending reply to client 'OK 2023-02-22_11-01-24,f5d533e3-b846-4e80-93b0-302f34234b4b'
ptd-server 2023-02-22 11:01:25,030 [INFO] Got command from the client 'time'
ptd-server 2023-02-22 11:01:25,031 [INFO] Sending reply to client '1677085285.0311306'
ptd-server 2023-02-22 11:01:25,032 [INFO] Got command from the client 'session,2023-02-22_11-01-24,start,ranging'
ptd-server 2023-02-22 11:01:25,032 [INFO] Running PTDaemon: ['/local/mnt/workspace/mlcommons/power-main/inference_v1.0/ptd-linux-x86', '-l', '/tmp/tmpqybqiqrs/ptd_logfile.txt', '-p', '8888', '-c', '1,2', '77', '/dev/usbtmc0']
ptd-server 2023-02-22 11:01:43,562 [INFO] Sending to ptd: 'Hello'
ptd-server 2023-02-22 11:01:43,563 [INFO] Reply from ptd: 'Hello, PTDaemon here!'
ptd-server 2023-02-22 11:01:43,563 [INFO] Sending to ptd: 'Identify'
ptd-server 2023-02-22 11:01:43,564 [INFO] Reply from ptd: 'YokogawaWT330_multichannel,1000,1,1,1,1,0,0,1,version=1.10.0-ed9a21d2-20220817,OS=Linux 5.4.0-120-generic #136~18.04.1-Ubuntu SMP Fri Jun 10 18:00:44 UTC 2022 x86_64,mode=power,1,1,2,0,0,no_cal_date,YOKOGAWA;WT333E;C2XC17004V;F1.04'
ptd-server 2023-02-22 11:01:43,564 [INFO] Connected to PTDaemon
ptd-server 2023-02-22 11:01:43,564 [INFO] Sending to ptd: 'RR'
ptd-server 2023-02-22 11:01:43,564 [INFO] Reply from ptd: 'Ranges,1,5.000000,1,300.000000'
ptd-server 2023-02-22 11:01:43,565 [INFO] Initial range for Amps is Auto for Volts is Auto
ptd-server 2023-02-22 11:01:43,565 [INFO] Sending to ptd: 'SR,V,Auto'
ptd-server 2023-02-22 11:01:48,618 [INFO] Reply from ptd: 'Range V changed'
ptd-server 2023-02-22 11:01:48,619 [INFO] Sending to ptd: 'SR,A,Auto'
ptd-server 2023-02-22 11:01:53,672 [INFO] Reply from ptd: 'Range A changed'
ptd-server 2023-02-22 11:02:03,683 [INFO] Starting ranging mode
ptd-server 2023-02-22 11:02:03,683 [INFO] Sending to ptd: 'Go,1000,0,2023-02-22_11-01-24_ranging'
ptd-server 2023-02-22 11:02:03,684 [INFO] Reply from ptd: 'Starting untimed measurement, maximum 500000 samples at 1000ms with 0 rampup samples'
ptd-server 2023-02-22 11:02:03,684 [INFO] Sending reply to client 'OK'
ptd-server 2023-02-22 11:16:16,343 [INFO] Got command from the client 'session,2023-02-22_11-01-24,stop,ranging'
ptd-server 2023-02-22 11:16:26,353 [INFO] Sending to ptd: 'Stop'
ptd-server 2023-02-22 11:16:26,354 [INFO] Reply from ptd: 'Stopping untimed measurement'
ptd-server 2023-02-22 11:16:26,396 [INFO] Sending reply to client 'OK'
ptd-server 2023-02-22 11:16:26,501 [INFO] Got command from the client 'time'
ptd-server 2023-02-22 11:16:26,501 [INFO] Sending reply to client '1677086186.5019495'
ptd-server 2023-02-22 11:16:26,503 [INFO] Got command from the client 'session,2023-02-22_11-01-24,start,testing'
ptd-server 2023-02-22 11:16:26,503 [INFO] Sending to ptd: 'SR,V,211.070000'
ptd-server 2023-02-22 11:16:32,736 [INFO] Reply from ptd: 'Range V changed'
ptd-server 2023-02-22 11:16:32,737 [INFO] Sending to ptd: 'SR,A,4.179400'
ptd-server 2023-02-22 11:16:38,289 [INFO] Reply from ptd: 'Range A changed'
ptd-server 2023-02-22 11:16:48,300 [INFO] Starting testing mode
ptd-server 2023-02-22 11:16:48,300 [INFO] Sending to ptd: 'Go,1000,0,2023-02-22_11-01-24_testing'
ptd-server 2023-02-22 11:16:48,301 [INFO] Reply from ptd: 'Starting untimed measurement, maximum 500000 samples at 1000ms with 0 rampup samples'
ptd-server 2023-02-22 11:16:48,301 [INFO] Sending reply to client 'OK'
ptd-server 2023-02-22 11:31:02,202 [INFO] Got command from the client 'session,2023-02-22_11-01-24,stop,testing'
ptd-server 2023-02-22 11:31:12,212 [INFO] Sending to ptd: 'Stop'
ptd-server 2023-02-22 11:31:12,213 [INFO] Reply from ptd: 'Stopping untimed measurement'
ptd-server 2023-02-22 11:31:12,230 [INFO] Sending reply to client 'OK'
ptd-server 2023-02-22 11:31:12,236 [INFO] Got command from the client 'session,2023-02-22_11-01-24,done'
ptd-server 2023-02-22 11:31:12,236 [INFO] Sending to ptd: 'Stop'
ptd-server 2023-02-22 11:31:12,301 [INFO] Reply from ptd: 'Error: no measurement to stop'
ptd-server 2023-02-22 11:31:12,301 [INFO] Sending to ptd: 'SR,V,Auto'
ptd-server 2023-02-22 11:31:17,354 [INFO] Reply from ptd: 'Range V changed'
ptd-server 2023-02-22 11:31:17,355 [INFO] Sending to ptd: 'SR,A,Auto'
ptd-server 2023-02-22 11:31:22,408 [INFO] Reply from ptd: 'Range A changed'
ptd-server 2023-02-22 11:31:22,408 [INFO] Set initial values for Amps Auto and Volts Auto
ptd-server 2023-02-22 11:31:22,409 [INFO] Stopping ptd...
