ptd-server 2023-02-28 21:43:02,499 [INFO] Got command from the client 'time'
ptd-server 2023-02-28 21:43:02,499 [INFO] Sending reply to client '1677620582.4998667'
ptd-server 2023-02-28 21:43:02,501 [INFO] Got command from the client 'new,,a56bdf84-a50f-4a1c-b088-5f51e10ea40b'
ptd-server 2023-02-28 21:43:02,502 [INFO] Sending reply to client 'OK 2023-02-28_21-43-02,41cc6d83-fd44-4e77-9af1-ff5407c1669c'
ptd-server 2023-02-28 21:43:02,527 [INFO] Got command from the client 'time'
ptd-server 2023-02-28 21:43:02,527 [INFO] Sending reply to client '1677620582.527477'
ptd-server 2023-02-28 21:43:02,529 [INFO] Got command from the client 'session,2023-02-28_21-43-02,start,ranging'
ptd-server 2023-02-28 21:43:02,529 [INFO] Running PTDaemon: ['/home/anton/projects/mlperf/power/inference_v1.0/ptd-linux-x86', '-l', '/tmp/tmpu4v721n6/ptd_logfile.txt', '-p', '8888', '49', '/dev/usbtmc0']
ptd-server 2023-02-28 21:43:19,617 [INFO] Sending to ptd: 'Hello'
ptd-server 2023-02-28 21:43:19,618 [INFO] Reply from ptd: 'Hello, PTDaemon here!'
ptd-server 2023-02-28 21:43:19,618 [INFO] Sending to ptd: 'Identify'
ptd-server 2023-02-28 21:43:19,618 [INFO] Reply from ptd: 'YokogawaWT310E,1000,1,1,1,1,0,1,1,version=1.10.0-ed9a21d2-20220817,OS=Linux 5.15.0-60-generic #66~20.04.1-Ubuntu SMP Wed Jan 25 09:41:30 UTC 2023 x86_64,mode=power,1,1,1,0,0,no_cal_date,YOKOGAWA;WT310E;C3XA04010E;F1.04'
ptd-server 2023-02-28 21:43:19,618 [INFO] Connected to PTDaemon
ptd-server 2023-02-28 21:43:19,618 [INFO] Sending to ptd: 'RR'
ptd-server 2023-02-28 21:43:19,619 [INFO] Reply from ptd: 'Ranges,0,0.100000,0,300.000000'
ptd-server 2023-02-28 21:43:19,619 [INFO] Initial range for Amps is 0.100000 for Volts is 300.000000
ptd-server 2023-02-28 21:43:19,619 [INFO] Sending to ptd: 'SR,V,Auto'
ptd-server 2023-02-28 21:43:20,121 [INFO] Reply from ptd: 'Range V changed'
ptd-server 2023-02-28 21:43:20,122 [INFO] Sending to ptd: 'SR,A,Auto'
ptd-server 2023-02-28 21:43:20,624 [INFO] Reply from ptd: 'Range A changed'
ptd-server 2023-02-28 21:43:30,634 [INFO] Starting ranging mode
ptd-server 2023-02-28 21:43:30,635 [INFO] Sending to ptd: 'Go,1000,0,2023-02-28_21-43-02_ranging'
ptd-server 2023-02-28 21:43:30,635 [INFO] Reply from ptd: 'Starting untimed measurement, maximum 500000 samples at 1000ms with 0 rampup samples'
ptd-server 2023-02-28 21:43:30,635 [INFO] Sending reply to client 'OK'
ptd-server 2023-02-28 21:53:54,321 [INFO] Got command from the client 'session,2023-02-28_21-43-02,stop,ranging'
ptd-server 2023-02-28 21:54:04,332 [INFO] Sending to ptd: 'Stop'
ptd-server 2023-02-28 21:54:04,332 [INFO] Reply from ptd: 'Stopping untimed measurement'
ptd-server 2023-02-28 21:54:04,848 [INFO] Sending reply to client 'OK'
ptd-server 2023-02-28 21:54:04,933 [INFO] Got command from the client 'time'
ptd-server 2023-02-28 21:54:04,933 [INFO] Sending reply to client '1677621244.9335606'
ptd-server 2023-02-28 21:54:04,936 [INFO] Got command from the client 'session,2023-02-28_21-43-02,start,testing'
ptd-server 2023-02-28 21:54:04,936 [INFO] Sending to ptd: 'SR,V,253.030000'
ptd-server 2023-02-28 21:54:06,437 [INFO] Reply from ptd: 'Range V changed'
ptd-server 2023-02-28 21:54:06,437 [INFO] Sending to ptd: 'SR,A,0.091640'
ptd-server 2023-02-28 21:54:07,939 [INFO] Reply from ptd: 'Range A changed'
ptd-server 2023-02-28 21:54:17,948 [INFO] Starting testing mode
ptd-server 2023-02-28 21:54:17,948 [INFO] Sending to ptd: 'Go,1000,0,2023-02-28_21-43-02_testing'
ptd-server 2023-02-28 21:54:17,948 [INFO] Reply from ptd: 'Starting untimed measurement, maximum 500000 samples at 1000ms with 0 rampup samples'
ptd-server 2023-02-28 21:54:17,949 [INFO] Sending reply to client 'OK'
ptd-server 2023-02-28 22:04:41,601 [INFO] Got command from the client 'session,2023-02-28_21-43-02,stop,testing'
ptd-server 2023-02-28 22:04:51,612 [INFO] Sending to ptd: 'Stop'
ptd-server 2023-02-28 22:04:51,612 [INFO] Reply from ptd: 'Stopping untimed measurement'
ptd-server 2023-02-28 22:04:51,874 [INFO] Sending reply to client 'OK'
ptd-server 2023-02-28 22:04:51,894 [INFO] Got command from the client 'session,2023-02-28_21-43-02,done'
ptd-server 2023-02-28 22:04:51,894 [INFO] Sending to ptd: 'Stop'
ptd-server 2023-02-28 22:04:51,949 [INFO] Reply from ptd: 'Error: no measurement to stop'
ptd-server 2023-02-28 22:04:51,949 [INFO] Sending to ptd: 'SR,V,300.000000'
ptd-server 2023-02-28 22:04:53,451 [INFO] Reply from ptd: 'Range V changed'
ptd-server 2023-02-28 22:04:53,451 [INFO] Sending to ptd: 'SR,A,0.100000'
ptd-server 2023-02-28 22:04:54,952 [INFO] Reply from ptd: 'Range A changed'
ptd-server 2023-02-28 22:04:54,952 [INFO] Set initial values for Amps 0.100000 and Volts 300.000000
ptd-server 2023-02-28 22:04:54,952 [INFO] Stopping ptd...
