ptd-server 2023-02-21 21:48:35,304 [INFO] Got command from the client 'time'
ptd-server 2023-02-21 21:48:35,305 [INFO] Sending reply to client '1677016115.3050413'
ptd-server 2023-02-21 21:48:35,306 [INFO] Got command from the client 'new,,33b9341f-f638-4947-8085-0197b390e965'
ptd-server 2023-02-21 21:48:35,306 [INFO] Sending reply to client 'OK 2023-02-21_21-48-35,5bfc9fbe-ef45-4cde-8d6c-775988dce164'
ptd-server 2023-02-21 21:48:35,436 [INFO] Got command from the client 'time'
ptd-server 2023-02-21 21:48:35,436 [INFO] Sending reply to client '1677016115.4364867'
ptd-server 2023-02-21 21:48:35,437 [INFO] Got command from the client 'session,2023-02-21_21-48-35,start,ranging'
ptd-server 2023-02-21 21:48:35,437 [INFO] Running PTDaemon: ['/home/anton/projects/mlperf/power/inference_v1.0/ptd-linux-x86', '-l', '/tmp/tmp4yl1neqp/ptd_logfile.txt', '-p', '8888', '49', '/dev/usbtmc0']
ptd-server 2023-02-21 21:48:52,512 [INFO] Sending to ptd: 'Hello'
ptd-server 2023-02-21 21:48:52,512 [INFO] Reply from ptd: 'Hello, PTDaemon here!'
ptd-server 2023-02-21 21:48:52,513 [INFO] Sending to ptd: 'Identify'
ptd-server 2023-02-21 21:48:52,513 [INFO] Reply from ptd: 'YokogawaWT310E,1000,1,1,1,1,0,1,1,version=1.10.0-ed9a21d2-20220817,OS=Linux 5.15.0-60-generic #66~20.04.1-Ubuntu SMP Wed Jan 25 09:41:30 UTC 2023 x86_64,mode=power,1,1,1,0,0,no_cal_date,YOKOGAWA;WT310E;C3XA04010E;F1.04'
ptd-server 2023-02-21 21:48:52,513 [INFO] Connected to PTDaemon
ptd-server 2023-02-21 21:48:52,513 [INFO] Sending to ptd: 'RR'
ptd-server 2023-02-21 21:48:52,514 [INFO] Reply from ptd: 'Ranges,1,0.100000,1,300.000000'
ptd-server 2023-02-21 21:48:52,514 [INFO] Initial range for Amps is Auto for Volts is Auto
ptd-server 2023-02-21 21:48:52,514 [INFO] Sending to ptd: 'SR,V,Auto'
ptd-server 2023-02-21 21:48:53,016 [INFO] Reply from ptd: 'Range V changed'
ptd-server 2023-02-21 21:48:53,016 [INFO] Sending to ptd: 'SR,A,Auto'
ptd-server 2023-02-21 21:48:53,519 [INFO] Reply from ptd: 'Range A changed'
ptd-server 2023-02-21 21:49:03,529 [INFO] Starting ranging mode
ptd-server 2023-02-21 21:49:03,529 [INFO] Sending to ptd: 'Go,1000,0,2023-02-21_21-48-35_ranging'
ptd-server 2023-02-21 21:49:03,530 [INFO] Reply from ptd: 'Starting untimed measurement, maximum 500000 samples at 1000ms with 0 rampup samples'
ptd-server 2023-02-21 21:49:03,530 [INFO] Sending reply to client 'OK'
ptd-server 2023-02-21 21:59:22,952 [INFO] Got command from the client 'session,2023-02-21_21-48-35,stop,ranging'
ptd-server 2023-02-21 21:59:32,962 [INFO] Sending to ptd: 'Stop'
ptd-server 2023-02-21 21:59:32,962 [INFO] Reply from ptd: 'Stopping untimed measurement'
ptd-server 2023-02-21 21:59:33,315 [INFO] Sending reply to client 'OK'
ptd-server 2023-02-21 21:59:33,491 [INFO] Got command from the client 'time'
ptd-server 2023-02-21 21:59:33,492 [INFO] Sending reply to client '1677016773.491996'
ptd-server 2023-02-21 21:59:33,492 [INFO] Got command from the client 'session,2023-02-21_21-48-35,start,testing'
ptd-server 2023-02-21 21:59:33,493 [INFO] Sending to ptd: 'SR,V,249.430000'
ptd-server 2023-02-21 21:59:35,032 [INFO] Reply from ptd: 'Range V changed'
ptd-server 2023-02-21 21:59:35,032 [INFO] Sending to ptd: 'SR,A,0.050530'
ptd-server 2023-02-21 21:59:36,533 [INFO] Reply from ptd: 'Range A changed'
ptd-server 2023-02-21 21:59:46,543 [INFO] Starting testing mode
ptd-server 2023-02-21 21:59:46,544 [INFO] Sending to ptd: 'Go,1000,0,2023-02-21_21-48-35_testing'
ptd-server 2023-02-21 21:59:46,544 [INFO] Reply from ptd: 'Starting untimed measurement, maximum 500000 samples at 1000ms with 0 rampup samples'
ptd-server 2023-02-21 21:59:46,544 [INFO] Sending reply to client 'OK'
ptd-server 2023-02-21 22:10:05,865 [INFO] Got command from the client 'session,2023-02-21_21-48-35,stop,testing'
ptd-server 2023-02-21 22:10:15,876 [INFO] Sending to ptd: 'Stop'
ptd-server 2023-02-21 22:10:15,876 [INFO] Reply from ptd: 'Stopping untimed measurement'
ptd-server 2023-02-21 22:10:16,069 [INFO] Sending reply to client 'OK'
ptd-server 2023-02-21 22:10:16,077 [INFO] Got command from the client 'session,2023-02-21_21-48-35,done'
ptd-server 2023-02-21 22:10:16,078 [INFO] Sending to ptd: 'Stop'
ptd-server 2023-02-21 22:10:16,545 [INFO] Reply from ptd: 'Error: no measurement to stop'
ptd-server 2023-02-21 22:10:16,545 [INFO] Sending to ptd: 'SR,V,Auto'
ptd-server 2023-02-21 22:10:17,047 [INFO] Reply from ptd: 'Range V changed'
ptd-server 2023-02-21 22:10:17,048 [INFO] Sending to ptd: 'SR,A,Auto'
ptd-server 2023-02-21 22:10:17,550 [INFO] Reply from ptd: 'Range A changed'
ptd-server 2023-02-21 22:10:17,550 [INFO] Set initial values for Amps Auto and Volts Auto
ptd-server 2023-02-21 22:10:17,550 [INFO] Stopping ptd...
