client 2023-02-24 19:58:47,141 [INFO] Creating output directory '/home/arjun/mobilenet_results/valid_results/arjun_orin-tflite_cpp-cpu-tflite-vmaster-default_config/mobilenet-v3-precision_float-small-minimalistic-224/singlestream/performance/tmp_power'
client 2023-02-24 19:58:47,144 [INFO] Sending command to the server: 'mlcommons/power client v3'
client 2023-02-24 19:58:47,150 [INFO] Got response: 'mlcommons/power server v3'
client 2023-02-24 19:58:47,150 [INFO] Synchronizing with the server and with time.google.com...
client 2023-02-24 19:58:47,181 [INFO] NTP:offset = 0.001 s, delay = 0.017 s 
client 2023-02-24 19:58:47,181 [INFO] Sending command to the server: 'time'
client 2023-02-24 19:58:47,187 [INFO] Got response: '1677268727.1856315'
client 2023-02-24 19:58:47,187 [INFO] The time difference between the client and the server is within range -4.365 ms..1.659 ms
client 2023-02-24 19:58:47,187 [INFO] Sending command to the server: 'new,,899dd70e-91bf-4c9c-b659-164965bae70d'
client 2023-02-24 19:58:47,190 [INFO] Got response: 'OK 2023-02-24_19-58-47,fcb97a49-c544-422e-9d44-d27938ddf65d'
client 2023-02-24 19:58:47,191 [INFO] Session id is '2023-02-24_19-58-47'
client 2023-02-24 19:58:47,191 [INFO] Sources: {"sources": {"__init__.py": "da39a3ee5e6b4b0d3255bfef95601890afd80709", "client.py": "33ca4f26368777ac06e01f9567b714a4b8063886", "lib/__init__.py": "da39a3ee5e6b4b0d3255bfef95601890afd80709", "lib/client.py": "4c2b78fb4849a7e5b584ef792d82aaed20b17f57", "lib/common.py": "624d0c0acc7c39aaff3674f0b99d6a09da53d1dc", "lib/external/__init__.py": "da39a3ee5e6b4b0d3255bfef95601890afd80709", "lib/external/ntplib.py": "4da8f970656505a40483206ef2b5d3dd5e81711d", "lib/server.py": "cda0cdfaee9bfa1249c64a7dd4f89b7bf1b279f0", "lib/source_hashes.py": "60a2e02193209e8d392803326208d5466342da18", "lib/summary.py": "aa92f0a3f975eecd44d3c0cd0236342ccc9f941d", "lib/time_sync.py": "3210db56eb0ff0df57bf4293dc4d4b03fffd46f1", "server.py": "c3f90f2f7eeb4db30727556d0c815ebc89b3d28b", "tests/unit/__init__.py": "da39a3ee5e6b4b0d3255bfef95601890afd80709", "tests/unit/test_server.py": "99ae15aef722f2000ee6ed1ae1523637bf1ae42b", "tests/unit/test_source_hashes.py": "00468a2907583c593e6574a1f6b404e4651c221a"}, "modules": {"ptd_client_server.lib.client": "lib/client.py", "ptd_client_server.lib.common": "lib/common.py", "ptd_client_server.lib.external.ntplib": "lib/external/ntplib.py", "ptd_client_server.lib.source_hashes": "lib/source_hashes.py", "ptd_client_server.lib.summary": "lib/summary.py", "ptd_client_server.lib.time_sync": "lib/time_sync.py"}}
client 2023-02-24 19:58:47,191 [INFO] Running workload in ranging mode
client 2023-02-24 19:58:47,191 [INFO] Synchronizing with the server and with time.google.com...
client 2023-02-24 19:58:47,210 [INFO] NTP:offset = 0.001 s, delay = 0.017 s 
client 2023-02-24 19:58:47,210 [INFO] Sending command to the server: 'time'
client 2023-02-24 19:58:47,215 [INFO] Got response: '1677268727.2146049'
client 2023-02-24 19:58:47,215 [INFO] The time difference between the client and the server is within range -4.457 ms..0.912 ms
client 2023-02-24 19:58:47,215 [INFO] Sending command to the server: 'session,2023-02-24_19-58-47,start,ranging'
client 2023-02-24 19:59:15,337 [INFO] Got response: 'OK'
client 2023-02-24 19:59:15,338 [INFO] Running the workload '/home/arjun/run.out'
client 2023-02-24 20:10:17,805 [INFO] Sending command to the server: 'session,2023-02-24_19-58-47,stop,ranging'
client 2023-02-24 20:10:27,946 [INFO] Got response: 'OK'
client 2023-02-24 20:10:27,978 [INFO] Copying loadgen logs from '/home/arjun/mobilenet_results/valid_results/arjun_orin-tflite_cpp-cpu-tflite-vmaster-default_config/mobilenet-v3-precision_float-small-minimalistic-224/singlestream/performance/run_1' to '/home/arjun/mobilenet_results/valid_results/arjun_orin-tflite_cpp-cpu-tflite-vmaster-default_config/mobilenet-v3-precision_float-small-minimalistic-224/singlestream/performance/tmp_power/ranging'
client 2023-02-24 20:10:27,980 [INFO] Running workload in testing mode
client 2023-02-24 20:10:27,980 [INFO] Synchronizing with the server and with time.google.com...
client 2023-02-24 20:10:28,000 [INFO] NTP:offset = 0.002 s, delay = 0.015 s 
client 2023-02-24 20:10:28,000 [INFO] Sending command to the server: 'time'
client 2023-02-24 20:10:28,004 [INFO] Got response: '1677269428.0028427'
client 2023-02-24 20:10:28,005 [INFO] The time difference between the client and the server is within range -2.204 ms..2.322 ms
client 2023-02-24 20:10:28,005 [INFO] Sending command to the server: 'session,2023-02-24_19-58-47,start,testing'
client 2023-02-24 20:10:41,355 [INFO] Got response: 'OK'
client 2023-02-24 20:10:41,356 [INFO] Running the workload '/home/arjun/run.out'
client 2023-02-24 20:21:39,814 [INFO] Sending command to the server: 'session,2023-02-24_19-58-47,stop,testing'
client 2023-02-24 20:21:49,893 [INFO] Got response: 'OK'
client 2023-02-24 20:21:49,895 [INFO] Copying loadgen logs from '/home/arjun/mobilenet_results/valid_results/arjun_orin-tflite_cpp-cpu-tflite-vmaster-default_config/mobilenet-v3-precision_float-small-minimalistic-224/singlestream/performance/run_1' to '/home/arjun/mobilenet_results/valid_results/arjun_orin-tflite_cpp-cpu-tflite-vmaster-default_config/mobilenet-v3-precision_float-small-minimalistic-224/singlestream/performance/tmp_power/run_1'
client 2023-02-24 20:21:49,897 [INFO] Done runs
