ptd-server 2023-02-19 19:49:27,324 [INFO] Got command from the client 'time'
ptd-server 2023-02-19 19:49:27,324 [INFO] Sending reply to client '1676836167.3247995'
ptd-server 2023-02-19 19:49:27,325 [INFO] Got command from the client 'new,,7ab34897-a7b1-4bb7-bdab-986f4ac36bef'
ptd-server 2023-02-19 19:49:27,326 [INFO] Sending reply to client 'OK 2023-02-19_19-49-27,44da5ec5-ff2f-4d7e-ac10-6d1b740f1f94'
ptd-server 2023-02-19 19:49:27,346 [INFO] Got command from the client 'time'
ptd-server 2023-02-19 19:49:27,347 [INFO] Sending reply to client '1676836167.3470848'
ptd-server 2023-02-19 19:49:27,348 [INFO] Got command from the client 'session,2023-02-19_19-49-27,start,ranging'
ptd-server 2023-02-19 19:49:27,348 [INFO] Running PTDaemon: ['/home/anton/projects/mlperf/power/inference_v1.0/ptd-linux-x86', '-l', '/tmp/tmp4yl1neqp/ptd_logfile.txt', '-p', '8888', '49', '/dev/usbtmc0']
ptd-server 2023-02-19 19:49:44,422 [INFO] Sending to ptd: 'Hello'
ptd-server 2023-02-19 19:49:44,423 [INFO] Reply from ptd: 'Hello, PTDaemon here!'
ptd-server 2023-02-19 19:49:44,423 [INFO] Sending to ptd: 'Identify'
ptd-server 2023-02-19 19:49:44,423 [INFO] Reply from ptd: 'YokogawaWT310E,1000,1,1,1,1,0,1,1,version=1.10.0-ed9a21d2-20220817,OS=Linux 5.15.0-60-generic #66~20.04.1-Ubuntu SMP Wed Jan 25 09:41:30 UTC 2023 x86_64,mode=power,1,1,1,0,0,no_cal_date,YOKOGAWA;WT310E;C3XA04010E;F1.04'
ptd-server 2023-02-19 19:49:44,423 [INFO] Connected to PTDaemon
ptd-server 2023-02-19 19:49:44,424 [INFO] Sending to ptd: 'RR'
ptd-server 2023-02-19 19:49:44,424 [INFO] Reply from ptd: 'Ranges,0,0.500000,1,300.000000'
ptd-server 2023-02-19 19:49:44,424 [INFO] Initial range for Amps is 0.500000 for Volts is Auto
ptd-server 2023-02-19 19:49:44,424 [INFO] Sending to ptd: 'SR,V,Auto'
ptd-server 2023-02-19 19:49:44,927 [INFO] Reply from ptd: 'Range V changed'
ptd-server 2023-02-19 19:49:44,927 [INFO] Sending to ptd: 'SR,A,Auto'
ptd-server 2023-02-19 19:49:45,430 [INFO] Reply from ptd: 'Range A changed'
ptd-server 2023-02-19 19:49:55,431 [INFO] Starting ranging mode
ptd-server 2023-02-19 19:49:55,431 [INFO] Sending to ptd: 'Go,1000,0,2023-02-19_19-49-27_ranging'
ptd-server 2023-02-19 19:49:55,431 [INFO] Reply from ptd: 'Starting untimed measurement, maximum 500000 samples at 1000ms with 0 rampup samples'
ptd-server 2023-02-19 19:49:55,432 [INFO] Sending reply to client 'OK'
ptd-server 2023-02-19 20:00:17,957 [INFO] Got command from the client 'session,2023-02-19_19-49-27,stop,ranging'
ptd-server 2023-02-19 20:00:27,967 [INFO] Sending to ptd: 'Stop'
ptd-server 2023-02-19 20:00:27,968 [INFO] Reply from ptd: 'Stopping untimed measurement'
ptd-server 2023-02-19 20:00:28,081 [INFO] Sending reply to client 'OK'
ptd-server 2023-02-19 20:00:28,113 [INFO] Got command from the client 'time'
ptd-server 2023-02-19 20:00:28,113 [INFO] Sending reply to client '1676836828.113191'
ptd-server 2023-02-19 20:00:28,114 [INFO] Got command from the client 'session,2023-02-19_19-49-27,start,testing'
ptd-server 2023-02-19 20:00:28,114 [INFO] Sending to ptd: 'SR,V,251.570000'
ptd-server 2023-02-19 20:00:29,932 [INFO] Reply from ptd: 'Range V changed'
ptd-server 2023-02-19 20:00:29,932 [INFO] Sending to ptd: 'SR,A,0.055330'
ptd-server 2023-02-19 20:00:31,434 [INFO] Reply from ptd: 'Range A changed'
ptd-server 2023-02-19 20:00:41,444 [INFO] Starting testing mode
ptd-server 2023-02-19 20:00:41,444 [INFO] Sending to ptd: 'Go,1000,0,2023-02-19_19-49-27_testing'
ptd-server 2023-02-19 20:00:41,445 [INFO] Reply from ptd: 'Starting untimed measurement, maximum 500000 samples at 1000ms with 0 rampup samples'
ptd-server 2023-02-19 20:00:41,445 [INFO] Sending reply to client 'OK'
ptd-server 2023-02-19 20:11:03,942 [INFO] Got command from the client 'session,2023-02-19_19-49-27,stop,testing'
ptd-server 2023-02-19 20:11:13,952 [INFO] Sending to ptd: 'Stop'
ptd-server 2023-02-19 20:11:13,952 [INFO] Reply from ptd: 'Stopping untimed measurement'
ptd-server 2023-02-19 20:11:14,017 [INFO] Sending reply to client 'OK'
ptd-server 2023-02-19 20:11:14,025 [INFO] Got command from the client 'session,2023-02-19_19-49-27,done'
ptd-server 2023-02-19 20:11:14,025 [INFO] Sending to ptd: 'Stop'
ptd-server 2023-02-19 20:11:14,446 [INFO] Reply from ptd: 'Error: no measurement to stop'
ptd-server 2023-02-19 20:11:14,446 [INFO] Sending to ptd: 'SR,V,Auto'
ptd-server 2023-02-19 20:11:14,948 [INFO] Reply from ptd: 'Range V changed'
ptd-server 2023-02-19 20:11:14,948 [INFO] Sending to ptd: 'SR,A,0.500000'
ptd-server 2023-02-19 20:11:16,450 [INFO] Reply from ptd: 'Range A changed'
ptd-server 2023-02-19 20:11:16,450 [INFO] Set initial values for Amps 0.500000 and Volts Auto
ptd-server 2023-02-19 20:11:16,450 [INFO] Stopping ptd...
