ptd-server 2023-02-27 22:15:49,770 [INFO] Got command from the client 'time'
ptd-server 2023-02-27 22:15:49,771 [INFO] Sending reply to client '1677536149.7710907'
ptd-server 2023-02-27 22:15:49,773 [INFO] Got command from the client 'new,,834bd6ca-6186-49da-afee-b84a7c07e72b'
ptd-server 2023-02-27 22:15:49,773 [INFO] Sending reply to client 'OK 2023-02-27_22-15-49,3da4bc10-7c66-4c7d-9ae1-c3703d5e08aa'
ptd-server 2023-02-27 22:15:49,799 [INFO] Got command from the client 'time'
ptd-server 2023-02-27 22:15:49,799 [INFO] Sending reply to client '1677536149.7992585'
ptd-server 2023-02-27 22:15:49,801 [INFO] Got command from the client 'session,2023-02-27_22-15-49,start,ranging'
ptd-server 2023-02-27 22:15:49,801 [INFO] Running PTDaemon: ['/home/anton/projects/mlperf/power/inference_v1.0/ptd-linux-x86', '-l', '/tmp/tmpu4v721n6/ptd_logfile.txt', '-p', '8888', '49', '/dev/usbtmc0']
ptd-server 2023-02-27 22:16:06,888 [INFO] Sending to ptd: 'Hello'
ptd-server 2023-02-27 22:16:06,888 [INFO] Reply from ptd: 'Hello, PTDaemon here!'
ptd-server 2023-02-27 22:16:06,889 [INFO] Sending to ptd: 'Identify'
ptd-server 2023-02-27 22:16:06,889 [INFO] Reply from ptd: 'YokogawaWT310E,1000,1,1,1,1,0,1,1,version=1.10.0-ed9a21d2-20220817,OS=Linux 5.15.0-60-generic #66~20.04.1-Ubuntu SMP Wed Jan 25 09:41:30 UTC 2023 x86_64,mode=power,1,1,1,0,0,no_cal_date,YOKOGAWA;WT310E;C3XA04010E;F1.04'
ptd-server 2023-02-27 22:16:06,889 [INFO] Connected to PTDaemon
ptd-server 2023-02-27 22:16:06,889 [INFO] Sending to ptd: 'RR'
ptd-server 2023-02-27 22:16:06,889 [INFO] Reply from ptd: 'Ranges,0,0.100000,0,300.000000'
ptd-server 2023-02-27 22:16:06,889 [INFO] Initial range for Amps is 0.100000 for Volts is 300.000000
ptd-server 2023-02-27 22:16:06,890 [INFO] Sending to ptd: 'SR,V,Auto'
ptd-server 2023-02-27 22:16:07,392 [INFO] Reply from ptd: 'Range V changed'
ptd-server 2023-02-27 22:16:07,392 [INFO] Sending to ptd: 'SR,A,Auto'
ptd-server 2023-02-27 22:16:07,895 [INFO] Reply from ptd: 'Range A changed'
ptd-server 2023-02-27 22:16:17,905 [INFO] Starting ranging mode
ptd-server 2023-02-27 22:16:17,905 [INFO] Sending to ptd: 'Go,1000,0,2023-02-27_22-15-49_ranging'
ptd-server 2023-02-27 22:16:17,905 [INFO] Reply from ptd: 'Starting untimed measurement, maximum 500000 samples at 1000ms with 0 rampup samples'
ptd-server 2023-02-27 22:16:17,906 [INFO] Sending reply to client 'OK'
ptd-server 2023-02-27 22:26:46,726 [INFO] Got command from the client 'session,2023-02-27_22-15-49,stop,ranging'
ptd-server 2023-02-27 22:26:56,736 [INFO] Sending to ptd: 'Stop'
ptd-server 2023-02-27 22:26:56,736 [INFO] Reply from ptd: 'Stopping untimed measurement'
ptd-server 2023-02-27 22:26:57,116 [INFO] Sending reply to client 'OK'
ptd-server 2023-02-27 22:26:57,165 [INFO] Got command from the client 'time'
ptd-server 2023-02-27 22:26:57,165 [INFO] Sending reply to client '1677536817.165601'
ptd-server 2023-02-27 22:26:57,168 [INFO] Got command from the client 'session,2023-02-27_22-15-49,start,testing'
ptd-server 2023-02-27 22:26:57,168 [INFO] Sending to ptd: 'SR,V,253.490000'
ptd-server 2023-02-27 22:26:58,669 [INFO] Reply from ptd: 'Range V changed'
ptd-server 2023-02-27 22:26:58,670 [INFO] Sending to ptd: 'SR,A,0.052010'
ptd-server 2023-02-27 22:27:00,171 [INFO] Reply from ptd: 'Range A changed'
ptd-server 2023-02-27 22:27:10,181 [INFO] Starting testing mode
ptd-server 2023-02-27 22:27:10,181 [INFO] Sending to ptd: 'Go,1000,0,2023-02-27_22-15-49_testing'
ptd-server 2023-02-27 22:27:10,182 [INFO] Reply from ptd: 'Starting untimed measurement, maximum 500000 samples at 1000ms with 0 rampup samples'
ptd-server 2023-02-27 22:27:10,182 [INFO] Sending reply to client 'OK'
ptd-server 2023-02-27 22:37:38,601 [INFO] Got command from the client 'session,2023-02-27_22-15-49,stop,testing'
ptd-server 2023-02-27 22:37:48,608 [INFO] Sending to ptd: 'Stop'
ptd-server 2023-02-27 22:37:48,608 [INFO] Reply from ptd: 'Stopping untimed measurement'
ptd-server 2023-02-27 22:37:48,810 [INFO] Sending reply to client 'OK'
ptd-server 2023-02-27 22:37:48,828 [INFO] Got command from the client 'session,2023-02-27_22-15-49,done'
ptd-server 2023-02-27 22:37:48,828 [INFO] Sending to ptd: 'Stop'
ptd-server 2023-02-27 22:37:49,183 [INFO] Reply from ptd: 'Error: no measurement to stop'
ptd-server 2023-02-27 22:37:49,183 [INFO] Sending to ptd: 'SR,V,300.000000'
ptd-server 2023-02-27 22:37:50,684 [INFO] Reply from ptd: 'Range V changed'
ptd-server 2023-02-27 22:37:50,685 [INFO] Sending to ptd: 'SR,A,0.100000'
ptd-server 2023-02-27 22:37:52,186 [INFO] Reply from ptd: 'Range A changed'
ptd-server 2023-02-27 22:37:52,186 [INFO] Set initial values for Amps 0.100000 and Volts 300.000000
ptd-server 2023-02-27 22:37:52,186 [INFO] Stopping ptd...
