client 2023-03-03 06:20:15,256 [INFO] Sending command to the server: 'mlcommons/power client v3'
client 2023-03-03 06:20:15,257 [INFO] Got response: 'mlcommons/power server v3'
client 2023-03-03 06:20:15,258 [INFO] Synchronizing with the server and with 192.168.88.1...
client 2023-03-03 06:20:15,276 [INFO] NTP:offset = 0.214 s, delay = 0.001 s 
client 2023-03-03 06:20:15,277 [WARNING] The time offset between the system time and 192.168.88.1 is more then 200 ms (214.351 ms)
client 2023-03-03 06:20:15,277 [INFO] Sending command to the server: 'set_ntp'
client 2023-03-03 06:20:22,335 [INFO] Got response: 'OK'
client 2023-03-03 06:20:22,336 [INFO] Synchronizing with 192.168.88.1 time using NTP...
client 2023-03-03 06:20:29,723 [INFO] Set system time at 2023-03-03 06:20:29.723591
client 2023-03-03 06:20:29,728 [INFO] NTP:offset = 0.058 s, delay = 0.001 s 
client 2023-03-03 06:20:29,729 [INFO] Sending command to the server: 'time'
client 2023-03-03 06:20:29,730 [INFO] Got response: '1677824429.7875726'
client 2023-03-03 06:20:29,731 [INFO] The time difference between the client and the server is within range -58.708 ms..-56.180 ms
client 2023-03-03 06:20:29,732 [INFO] Sending command to the server: 'new,singlestream,27dece53-76dc-4b5c-b708-a15173b41d94'
client 2023-03-03 06:20:29,734 [INFO] Got response: 'OK 2023-03-02_22-20-29_singlestream,b1525479-0189-4a6b-9bc5-32a1fb6a19cc'
client 2023-03-03 06:20:29,735 [INFO] Session id is '2023-03-02_22-20-29_singlestream'
client 2023-03-03 06:20:29,736 [INFO] Sources: {"sources": {"__init__.py": "da39a3ee5e6b4b0d3255bfef95601890afd80709", "client.py": "33ca4f26368777ac06e01f9567b714a4b8063886", "lib/__init__.py": "da39a3ee5e6b4b0d3255bfef95601890afd80709", "lib/client.py": "4c2b78fb4849a7e5b584ef792d82aaed20b17f57", "lib/common.py": "624d0c0acc7c39aaff3674f0b99d6a09da53d1dc", "lib/external/__init__.py": "da39a3ee5e6b4b0d3255bfef95601890afd80709", "lib/external/ntplib.py": "4da8f970656505a40483206ef2b5d3dd5e81711d", "lib/server.py": "cda0cdfaee9bfa1249c64a7dd4f89b7bf1b279f0", "lib/source_hashes.py": "60a2e02193209e8d392803326208d5466342da18", "lib/summary.py": "aa92f0a3f975eecd44d3c0cd0236342ccc9f941d", "lib/time_sync.py": "3210db56eb0ff0df57bf4293dc4d4b03fffd46f1", "server.py": "c3f90f2f7eeb4db30727556d0c815ebc89b3d28b", "tests/unit/__init__.py": "da39a3ee5e6b4b0d3255bfef95601890afd80709", "tests/unit/test_server.py": "99ae15aef722f2000ee6ed1ae1523637bf1ae42b", "tests/unit/test_source_hashes.py": "00468a2907583c593e6574a1f6b404e4651c221a"}, "modules": {"ptd_client_server.lib.client": "lib/client.py", "ptd_client_server.lib.common": "lib/common.py", "ptd_client_server.lib.external.ntplib": "lib/external/ntplib.py", "ptd_client_server.lib.source_hashes": "lib/source_hashes.py", "ptd_client_server.lib.summary": "lib/summary.py", "ptd_client_server.lib.time_sync": "lib/time_sync.py"}}
client 2023-03-03 06:20:29,758 [INFO] Running workload in ranging mode
client 2023-03-03 06:20:29,758 [INFO] Synchronizing with the server and with 192.168.88.1...
client 2023-03-03 06:20:29,762 [INFO] NTP:offset = 0.058 s, delay = 0.001 s 
client 2023-03-03 06:20:29,763 [INFO] Sending command to the server: 'time'
client 2023-03-03 06:20:29,764 [INFO] Got response: '1677824429.8217525'
client 2023-03-03 06:20:29,765 [INFO] The time difference between the client and the server is within range -58.491 ms..-56.458 ms
client 2023-03-03 06:20:29,766 [INFO] Sending command to the server: 'session,2023-03-02_22-20-29_singlestream,start,ranging'
client 2023-03-03 06:20:57,568 [INFO] Got response: 'OK'
client 2023-03-03 06:20:57,569 [INFO] Running the workload './run_bs1.sh'
client 2023-03-03 06:34:22,041 [INFO] Sending command to the server: 'session,2023-03-02_22-20-29_singlestream,stop,ranging'
client 2023-03-03 06:34:32,013 [INFO] Got response: 'OK'
client 2023-03-03 06:34:32,063 [INFO] Copying loadgen logs from '/mnt/power-dev/sima_workload/loadgen_out' to './2023-03-02_22-20-29_singlestream/ranging'
client 2023-03-03 06:34:32,117 [INFO] Running workload in testing mode
client 2023-03-03 06:34:32,118 [INFO] Synchronizing with the server and with 192.168.88.1...
client 2023-03-03 06:34:32,122 [INFO] NTP:offset = 0.288 s, delay = 0.001 s 
client 2023-03-03 06:34:32,123 [WARNING] The time offset between the system time and 192.168.88.1 is more then 200 ms (287.973 ms)
client 2023-03-03 06:34:32,124 [INFO] Sending command to the server: 'set_ntp'
client 2023-03-03 06:34:39,330 [INFO] Got response: 'OK'
client 2023-03-03 06:34:39,331 [INFO] Synchronizing with 192.168.88.1 time using NTP...
client 2023-03-03 06:34:46,635 [INFO] Set system time at 2023-03-03 06:34:46.635105
client 2023-03-03 06:34:46,640 [INFO] NTP:offset = 0.015 s, delay = 0.001 s 
client 2023-03-03 06:34:46,641 [INFO] Sending command to the server: 'time'
client 2023-03-03 06:34:46,643 [INFO] Got response: '1677825286.6573615'
client 2023-03-03 06:34:46,644 [INFO] The time difference between the client and the server is within range -16.297 ms..-13.412 ms
client 2023-03-03 06:34:46,645 [INFO] Sending command to the server: 'session,2023-03-02_22-20-29_singlestream,start,testing'
client 2023-03-03 06:34:59,541 [INFO] Got response: 'OK'
client 2023-03-03 06:34:59,542 [INFO] Running the workload './run_bs1.sh'
client 2023-03-03 06:48:24,370 [INFO] Sending command to the server: 'session,2023-03-02_22-20-29_singlestream,stop,testing'
client 2023-03-03 06:48:34,330 [INFO] Got response: 'OK'
client 2023-03-03 06:48:34,343 [INFO] Copying loadgen logs from '/mnt/power-dev/sima_workload/loadgen_out' to './2023-03-02_22-20-29_singlestream/run_1'
client 2023-03-03 06:48:34,405 [INFO] Done runs
