ptd-server 2023-03-02 22:20:15,492 [INFO] Got command from the client 'set_ntp'
ptd-server 2023-03-02 22:20:15,493 [INFO] Synchronizing with 192.168.88.1 time using NTP...
ptd-server 2023-03-02 22:20:22,601 [INFO] Set system time at 2023-03-02 22:20:22.601698
ptd-server 2023-03-02 22:20:22,602 [INFO] Sending reply to client 'OK'
ptd-server 2023-03-02 22:20:29,787 [INFO] Got command from the client 'time'
ptd-server 2023-03-02 22:20:29,787 [INFO] Sending reply to client '1677824429.7875726'
ptd-server 2023-03-02 22:20:29,790 [INFO] Got command from the client 'new,singlestream,27dece53-76dc-4b5c-b708-a15173b41d94'
ptd-server 2023-03-02 22:20:29,791 [INFO] Sending reply to client 'OK 2023-03-02_22-20-29_singlestream,b1525479-0189-4a6b-9bc5-32a1fb6a19cc'
ptd-server 2023-03-02 22:20:29,821 [INFO] Got command from the client 'time'
ptd-server 2023-03-02 22:20:29,821 [INFO] Sending reply to client '1677824429.8217525'
ptd-server 2023-03-02 22:20:29,824 [INFO] Got command from the client 'session,2023-03-02_22-20-29_singlestream,start,ranging'
ptd-server 2023-03-02 22:20:29,824 [INFO] Running PTDaemon: ['/home/victor.bittorf/repos/power/inference_v1.0/ptd-linux-x86', '-l', '/tmp/tmp7der1fs7/ptd_logfile.txt', '-p', '8888', '49', '/dev/usbtmc0']
ptd-server 2023-03-02 22:20:46,824 [INFO] Sending to ptd: 'Hello'
ptd-server 2023-03-02 22:20:46,825 [INFO] Reply from ptd: 'Hello, PTDaemon here!'
ptd-server 2023-03-02 22:20:46,825 [INFO] Sending to ptd: 'Identify'
ptd-server 2023-03-02 22:20:46,825 [INFO] Reply from ptd: 'YokogawaWT310,1000,1,1,1,1,0,1,1,version=1.10.0-ed9a21d2-20220817,OS=Linux 5.15.0-60-generic #66~20.04.1-Ubuntu SMP Wed Jan 25 09:41:30 UTC 2023 x86_64,mode=power,1,1,1,0,0,no_cal_date,YOKOGAWA;WT310;C2SF14004V;F1.01EM'
ptd-server 2023-03-02 22:20:46,826 [INFO] Connected to PTDaemon
ptd-server 2023-03-02 22:20:46,826 [INFO] Sending to ptd: 'RR'
ptd-server 2023-03-02 22:20:46,826 [INFO] Reply from ptd: 'Ranges,1,0.200000,1,150.000000'
ptd-server 2023-03-02 22:20:46,827 [INFO] Initial range for Amps is Auto for Volts is Auto
ptd-server 2023-03-02 22:20:46,827 [INFO] Sending to ptd: 'SR,V,Auto'
ptd-server 2023-03-02 22:20:47,330 [INFO] Reply from ptd: 'Range V changed'
ptd-server 2023-03-02 22:20:47,330 [INFO] Sending to ptd: 'SR,A,Auto'
ptd-server 2023-03-02 22:20:47,833 [INFO] Reply from ptd: 'Range A changed'
ptd-server 2023-03-02 22:20:57,843 [INFO] Starting ranging mode
ptd-server 2023-03-02 22:20:57,843 [INFO] Sending to ptd: 'Go,1000,0,2023-03-02_22-20-29_singlestream_ranging'
ptd-server 2023-03-02 22:20:57,844 [INFO] Reply from ptd: 'Starting untimed measurement, maximum 500000 samples at 1000ms with 0 rampup samples'
ptd-server 2023-03-02 22:20:57,844 [INFO] Sending reply to client 'OK'
ptd-server 2023-03-02 22:34:22,292 [INFO] Got command from the client 'session,2023-03-02_22-20-29_singlestream,stop,ranging'
ptd-server 2023-03-02 22:34:32,300 [INFO] Sending to ptd: 'Stop'
ptd-server 2023-03-02 22:34:32,301 [INFO] Reply from ptd: 'Stopping untimed measurement'
ptd-server 2023-03-02 22:34:32,310 [INFO] Sending reply to client 'OK'
ptd-server 2023-03-02 22:34:32,419 [INFO] Got command from the client 'set_ntp'
ptd-server 2023-03-02 22:34:32,420 [INFO] Synchronizing with 192.168.88.1 time using NTP...
ptd-server 2023-03-02 22:34:39,519 [INFO] Set system time at 2023-03-02 22:34:39.519772
ptd-server 2023-03-02 22:34:39,520 [INFO] Sending reply to client 'OK'
ptd-server 2023-03-02 22:34:46,657 [INFO] Got command from the client 'time'
ptd-server 2023-03-02 22:34:46,657 [INFO] Sending reply to client '1677825286.6573615'
ptd-server 2023-03-02 22:34:46,660 [INFO] Got command from the client 'session,2023-03-02_22-20-29_singlestream,start,testing'
ptd-server 2023-03-02 22:34:46,661 [INFO] Sending to ptd: 'SR,V,119.980000'
ptd-server 2023-03-02 22:34:48,163 [INFO] Reply from ptd: 'Range V changed'
ptd-server 2023-03-02 22:34:48,163 [INFO] Sending to ptd: 'SR,A,0.235300'
ptd-server 2023-03-02 22:34:49,665 [INFO] Reply from ptd: 'Range A changed'
ptd-server 2023-03-02 22:34:59,674 [INFO] Starting testing mode
ptd-server 2023-03-02 22:34:59,674 [INFO] Sending to ptd: 'Go,1000,0,2023-03-02_22-20-29_singlestream_testing'
ptd-server 2023-03-02 22:34:59,675 [INFO] Reply from ptd: 'Starting untimed measurement, maximum 500000 samples at 1000ms with 0 rampup samples'
ptd-server 2023-03-02 22:34:59,675 [INFO] Sending reply to client 'OK'
ptd-server 2023-03-02 22:48:24,554 [INFO] Got command from the client 'session,2023-03-02_22-20-29_singlestream,stop,testing'
ptd-server 2023-03-02 22:48:34,558 [INFO] Sending to ptd: 'Stop'
ptd-server 2023-03-02 22:48:34,558 [INFO] Reply from ptd: 'Stopping untimed measurement'
ptd-server 2023-03-02 22:48:34,562 [INFO] Sending reply to client 'OK'
ptd-server 2023-03-02 22:48:34,700 [INFO] Got command from the client 'session,2023-03-02_22-20-29_singlestream,done'
ptd-server 2023-03-02 22:48:34,700 [INFO] Sending to ptd: 'Stop'
ptd-server 2023-03-02 22:48:34,700 [INFO] Reply from ptd: 'Error: no measurement to stop'
ptd-server 2023-03-02 22:48:34,700 [INFO] Sending to ptd: 'SR,V,Auto'
ptd-server 2023-03-02 22:48:35,203 [INFO] Reply from ptd: 'Range V changed'
ptd-server 2023-03-02 22:48:35,203 [INFO] Sending to ptd: 'SR,A,Auto'
ptd-server 2023-03-02 22:48:35,706 [INFO] Reply from ptd: 'Range A changed'
ptd-server 2023-03-02 22:48:35,707 [INFO] Set initial values for Amps Auto and Volts Auto
ptd-server 2023-03-02 22:48:35,707 [INFO] Stopping ptd...
