ptd-server 2023-02-14 19:36:00,826 [INFO] Got command from the client 'time'
ptd-server 2023-02-14 19:36:00,827 [INFO] Sending reply to client '1676424960.8271172'
ptd-server 2023-02-14 19:36:00,828 [INFO] Got command from the client 'new,,bc85ba7e-f8ac-49b7-b384-d25e4ef231f8'
ptd-server 2023-02-14 19:36:00,828 [INFO] Sending reply to client 'OK 2023-02-14_19-36-00,01e43459-da07-4c28-9107-7d89706e2cb5'
ptd-server 2023-02-14 19:36:00,928 [INFO] Got command from the client 'time'
ptd-server 2023-02-14 19:36:00,928 [INFO] Sending reply to client '1676424960.928725'
ptd-server 2023-02-14 19:36:00,929 [INFO] Got command from the client 'session,2023-02-14_19-36-00,start,ranging'
ptd-server 2023-02-14 19:36:00,929 [INFO] Running PTDaemon: ['/local/mnt/workspace/mlcommons/power-main/inference_v1.0/ptd-linux-x86', '-l', '/tmp/tmp9e4egqlt/ptd_logfile.txt', '-p', '8888', '49', '/dev/usbtmc0']
ptd-server 2023-02-14 19:36:18,132 [INFO] Sending to ptd: 'Hello'
ptd-server 2023-02-14 19:36:18,132 [INFO] Reply from ptd: 'Hello, PTDaemon here!'
ptd-server 2023-02-14 19:36:18,133 [INFO] Sending to ptd: 'Identify'
ptd-server 2023-02-14 19:36:18,133 [INFO] Reply from ptd: 'YokogawaWT310E,1000,1,1,1,1,0,1,1,version=1.10.0-ed9a21d2-20220817,OS=Linux 5.4.0-120-generic #136~18.04.1-Ubuntu SMP Fri Jun 10 18:00:44 UTC 2022 x86_64,mode=power,1,1,1,0,0,no_cal_date,YOKOGAWA;WT310E;C2XF16030V;F1.04'
ptd-server 2023-02-14 19:36:18,134 [INFO] Connected to PTDaemon
ptd-server 2023-02-14 19:36:18,134 [INFO] Sending to ptd: 'RR'
ptd-server 2023-02-14 19:36:18,134 [INFO] Reply from ptd: 'Ranges,1,2.000000,1,150.000000'
ptd-server 2023-02-14 19:36:18,134 [INFO] Initial range for Amps is Auto for Volts is Auto
ptd-server 2023-02-14 19:36:18,134 [INFO] Sending to ptd: 'SR,V,Auto'
ptd-server 2023-02-14 19:36:18,637 [INFO] Reply from ptd: 'Range V changed'
ptd-server 2023-02-14 19:36:18,637 [INFO] Sending to ptd: 'SR,A,Auto'
ptd-server 2023-02-14 19:36:19,140 [INFO] Reply from ptd: 'Range A changed'
ptd-server 2023-02-14 19:36:29,149 [INFO] Starting ranging mode
ptd-server 2023-02-14 19:36:29,150 [INFO] Sending to ptd: 'Go,1000,0,2023-02-14_19-36-00_ranging'
ptd-server 2023-02-14 19:36:29,150 [INFO] Reply from ptd: 'Starting untimed measurement, maximum 500000 samples at 1000ms with 0 rampup samples'
ptd-server 2023-02-14 19:36:29,150 [INFO] Sending reply to client 'OK'
ptd-server 2023-02-14 19:49:55,086 [INFO] Got command from the client 'session,2023-02-14_19-36-00,stop,ranging'
ptd-server 2023-02-14 19:50:05,093 [INFO] Sending to ptd: 'Stop'
ptd-server 2023-02-14 19:50:05,094 [INFO] Reply from ptd: 'Stopping untimed measurement'
ptd-server 2023-02-14 19:50:05,104 [INFO] Sending reply to client 'OK'
ptd-server 2023-02-14 19:50:05,211 [INFO] Got command from the client 'time'
ptd-server 2023-02-14 19:50:05,211 [INFO] Sending reply to client '1676425805.2112205'
ptd-server 2023-02-14 19:50:05,212 [INFO] Got command from the client 'session,2023-02-14_19-36-00,start,testing'
ptd-server 2023-02-14 19:50:05,212 [INFO] Sending to ptd: 'SR,V,119.090000'
ptd-server 2023-02-14 19:50:06,714 [INFO] Reply from ptd: 'Range V changed'
ptd-server 2023-02-14 19:50:06,714 [INFO] Sending to ptd: 'SR,A,4.521300'
ptd-server 2023-02-14 19:50:08,216 [INFO] Reply from ptd: 'Range A changed'
ptd-server 2023-02-14 19:50:18,226 [INFO] Starting testing mode
ptd-server 2023-02-14 19:50:18,226 [INFO] Sending to ptd: 'Go,1000,0,2023-02-14_19-36-00_testing'
ptd-server 2023-02-14 19:50:18,227 [INFO] Reply from ptd: 'Starting untimed measurement, maximum 500000 samples at 1000ms with 0 rampup samples'
ptd-server 2023-02-14 19:50:18,227 [INFO] Sending reply to client 'OK'
ptd-server 2023-02-14 20:03:43,731 [INFO] Got command from the client 'session,2023-02-14_19-36-00,stop,testing'
ptd-server 2023-02-14 20:03:53,741 [INFO] Sending to ptd: 'Stop'
ptd-server 2023-02-14 20:03:53,742 [INFO] Reply from ptd: 'Stopping untimed measurement'
ptd-server 2023-02-14 20:03:53,747 [INFO] Sending reply to client 'OK'
ptd-server 2023-02-14 20:03:53,752 [INFO] Got command from the client 'session,2023-02-14_19-36-00,done'
ptd-server 2023-02-14 20:03:53,753 [INFO] Sending to ptd: 'Stop'
ptd-server 2023-02-14 20:03:54,227 [INFO] Reply from ptd: 'Error: no measurement to stop'
ptd-server 2023-02-14 20:03:54,228 [INFO] Sending to ptd: 'SR,V,Auto'
ptd-server 2023-02-14 20:03:54,730 [INFO] Reply from ptd: 'Range V changed'
ptd-server 2023-02-14 20:03:54,731 [INFO] Sending to ptd: 'SR,A,Auto'
ptd-server 2023-02-14 20:03:55,233 [INFO] Reply from ptd: 'Range A changed'
ptd-server 2023-02-14 20:03:55,233 [INFO] Set initial values for Amps Auto and Volts Auto
ptd-server 2023-02-14 20:03:55,234 [INFO] Stopping ptd...
