ptd-server 2023-02-23 14:56:28,362 [INFO] Got command from the client 'time'
ptd-server 2023-02-23 14:56:28,363 [INFO] Sending reply to client '1677164188.3630912'
ptd-server 2023-02-23 14:56:28,364 [INFO] Got command from the client 'new,,010b08ef-4155-4199-997a-c7581f34ffed'
ptd-server 2023-02-23 14:56:28,364 [INFO] Sending reply to client 'OK 2023-02-23_14-56-28,7f263073-9998-4ac5-92ab-21ef315f4f07'
ptd-server 2023-02-23 14:56:28,384 [INFO] Got command from the client 'time'
ptd-server 2023-02-23 14:56:28,384 [INFO] Sending reply to client '1677164188.3849032'
ptd-server 2023-02-23 14:56:28,385 [INFO] Got command from the client 'session,2023-02-23_14-56-28,start,ranging'
ptd-server 2023-02-23 14:56:28,386 [INFO] Running PTDaemon: ['/home/anton/projects/mlperf/power/inference_v1.0/ptd-linux-x86', '-l', '/tmp/tmp4yl1neqp/ptd_logfile.txt', '-p', '8888', '49', '/dev/usbtmc0']
ptd-server 2023-02-23 14:56:45,460 [INFO] Sending to ptd: 'Hello'
ptd-server 2023-02-23 14:56:45,461 [INFO] Reply from ptd: 'Hello, PTDaemon here!'
ptd-server 2023-02-23 14:56:45,461 [INFO] Sending to ptd: 'Identify'
ptd-server 2023-02-23 14:56:45,461 [INFO] Reply from ptd: 'YokogawaWT310E,1000,1,1,1,1,0,1,1,version=1.10.0-ed9a21d2-20220817,OS=Linux 5.15.0-60-generic #66~20.04.1-Ubuntu SMP Wed Jan 25 09:41:30 UTC 2023 x86_64,mode=power,1,1,1,0,0,no_cal_date,YOKOGAWA;WT310E;C3XA04010E;F1.04'
ptd-server 2023-02-23 14:56:45,461 [INFO] Connected to PTDaemon
ptd-server 2023-02-23 14:56:45,461 [INFO] Sending to ptd: 'RR'
ptd-server 2023-02-23 14:56:45,462 [INFO] Reply from ptd: 'Ranges,1,0.100000,1,300.000000'
ptd-server 2023-02-23 14:56:45,462 [INFO] Initial range for Amps is Auto for Volts is Auto
ptd-server 2023-02-23 14:56:45,462 [INFO] Sending to ptd: 'SR,V,Auto'
ptd-server 2023-02-23 14:56:45,964 [INFO] Reply from ptd: 'Range V changed'
ptd-server 2023-02-23 14:56:45,965 [INFO] Sending to ptd: 'SR,A,Auto'
ptd-server 2023-02-23 14:56:46,467 [INFO] Reply from ptd: 'Range A changed'
ptd-server 2023-02-23 14:56:56,477 [INFO] Starting ranging mode
ptd-server 2023-02-23 14:56:56,478 [INFO] Sending to ptd: 'Go,1000,0,2023-02-23_14-56-28_ranging'
ptd-server 2023-02-23 14:56:56,478 [INFO] Reply from ptd: 'Starting untimed measurement, maximum 500000 samples at 1000ms with 0 rampup samples'
ptd-server 2023-02-23 14:56:56,478 [INFO] Sending reply to client 'OK'
ptd-server 2023-02-23 15:07:12,874 [INFO] Got command from the client 'session,2023-02-23_14-56-28,stop,ranging'
ptd-server 2023-02-23 15:07:22,884 [INFO] Sending to ptd: 'Stop'
ptd-server 2023-02-23 15:07:22,884 [INFO] Reply from ptd: 'Stopping untimed measurement'
ptd-server 2023-02-23 15:07:23,422 [INFO] Sending reply to client 'OK'
ptd-server 2023-02-23 15:07:23,493 [INFO] Got command from the client 'time'
ptd-server 2023-02-23 15:07:23,493 [INFO] Sending reply to client '1677164843.4939106'
ptd-server 2023-02-23 15:07:23,494 [INFO] Got command from the client 'session,2023-02-23_14-56-28,start,testing'
ptd-server 2023-02-23 15:07:23,494 [INFO] Sending to ptd: 'SR,V,251.580000'
ptd-server 2023-02-23 15:07:24,996 [INFO] Reply from ptd: 'Range V changed'
ptd-server 2023-02-23 15:07:24,996 [INFO] Sending to ptd: 'SR,A,0.046000'
ptd-server 2023-02-23 15:07:26,497 [INFO] Reply from ptd: 'Range A changed'
ptd-server 2023-02-23 15:07:36,508 [INFO] Starting testing mode
ptd-server 2023-02-23 15:07:36,508 [INFO] Sending to ptd: 'Go,1000,0,2023-02-23_14-56-28_testing'
ptd-server 2023-02-23 15:07:36,508 [INFO] Reply from ptd: 'Starting untimed measurement, maximum 500000 samples at 1000ms with 0 rampup samples'
ptd-server 2023-02-23 15:07:36,508 [INFO] Sending reply to client 'OK'
ptd-server 2023-02-23 15:17:52,844 [INFO] Got command from the client 'session,2023-02-23_14-56-28,stop,testing'
ptd-server 2023-02-23 15:18:02,854 [INFO] Sending to ptd: 'Stop'
ptd-server 2023-02-23 15:18:02,855 [INFO] Reply from ptd: 'Stopping untimed measurement'
ptd-server 2023-02-23 15:18:03,143 [INFO] Sending reply to client 'OK'
ptd-server 2023-02-23 15:18:03,151 [INFO] Got command from the client 'session,2023-02-23_14-56-28,done'
ptd-server 2023-02-23 15:18:03,151 [INFO] Sending to ptd: 'Stop'
ptd-server 2023-02-23 15:18:03,508 [INFO] Reply from ptd: 'Error: no measurement to stop'
ptd-server 2023-02-23 15:18:03,508 [INFO] Sending to ptd: 'SR,V,Auto'
ptd-server 2023-02-23 15:18:04,011 [INFO] Reply from ptd: 'Range V changed'
ptd-server 2023-02-23 15:18:04,011 [INFO] Sending to ptd: 'SR,A,Auto'
ptd-server 2023-02-23 15:18:04,513 [INFO] Reply from ptd: 'Range A changed'
ptd-server 2023-02-23 15:18:04,514 [INFO] Set initial values for Amps Auto and Volts Auto
ptd-server 2023-02-23 15:18:04,514 [INFO] Stopping ptd...
