client 2023-02-28 03:54:03,894 [INFO] Creating output directory '/home/arjun/mobilenet_results/valid_results/arjun_orin-tflite_armnn_cpp-cpu-armnn_tflite-v22.11-using_neon/efficientnet-int8-lite1/singlestream/performance/tmp_power'
client 2023-02-28 03:54:03,975 [INFO] Sending command to the server: 'mlcommons/power client v3'
client 2023-02-28 03:54:03,978 [INFO] Got response: 'mlcommons/power server v3'
client 2023-02-28 03:54:03,978 [INFO] Synchronizing with the server and with time.google.com...
client 2023-02-28 03:54:04,004 [INFO] NTP:offset = -0.001 s, delay = 0.015 s 
client 2023-02-28 03:54:04,004 [INFO] Sending command to the server: 'time'
client 2023-02-28 03:54:04,009 [INFO] Got response: '1677556444.0075152'
client 2023-02-28 03:54:04,009 [INFO] The time difference between the client and the server is within range -2.584 ms..2.112 ms
client 2023-02-28 03:54:04,009 [INFO] Sending command to the server: 'new,,9df62769-5ece-47c8-822c-0a353b39ec80'
client 2023-02-28 03:54:04,014 [INFO] Got response: 'OK 2023-02-28_03-54-04,f107648e-9b36-4ee0-a8f1-9f63701717ba'
client 2023-02-28 03:54:04,014 [INFO] Session id is '2023-02-28_03-54-04'
client 2023-02-28 03:54:04,015 [INFO] Sources: {"sources": {"__init__.py": "da39a3ee5e6b4b0d3255bfef95601890afd80709", "client.py": "33ca4f26368777ac06e01f9567b714a4b8063886", "lib/__init__.py": "da39a3ee5e6b4b0d3255bfef95601890afd80709", "lib/client.py": "4c2b78fb4849a7e5b584ef792d82aaed20b17f57", "lib/common.py": "624d0c0acc7c39aaff3674f0b99d6a09da53d1dc", "lib/external/__init__.py": "da39a3ee5e6b4b0d3255bfef95601890afd80709", "lib/external/ntplib.py": "4da8f970656505a40483206ef2b5d3dd5e81711d", "lib/server.py": "cda0cdfaee9bfa1249c64a7dd4f89b7bf1b279f0", "lib/source_hashes.py": "60a2e02193209e8d392803326208d5466342da18", "lib/summary.py": "aa92f0a3f975eecd44d3c0cd0236342ccc9f941d", "lib/time_sync.py": "3210db56eb0ff0df57bf4293dc4d4b03fffd46f1", "server.py": "c3f90f2f7eeb4db30727556d0c815ebc89b3d28b", "tests/unit/__init__.py": "da39a3ee5e6b4b0d3255bfef95601890afd80709", "tests/unit/test_server.py": "99ae15aef722f2000ee6ed1ae1523637bf1ae42b", "tests/unit/test_source_hashes.py": "00468a2907583c593e6574a1f6b404e4651c221a"}, "modules": {"ptd_client_server.lib.client": "lib/client.py", "ptd_client_server.lib.common": "lib/common.py", "ptd_client_server.lib.external.ntplib": "lib/external/ntplib.py", "ptd_client_server.lib.source_hashes": "lib/source_hashes.py", "ptd_client_server.lib.summary": "lib/summary.py", "ptd_client_server.lib.time_sync": "lib/time_sync.py"}}
client 2023-02-28 03:54:04,015 [INFO] Running workload in ranging mode
client 2023-02-28 03:54:04,015 [INFO] Synchronizing with the server and with time.google.com...
client 2023-02-28 03:54:04,035 [INFO] NTP:offset = -0.002 s, delay = 0.017 s 
client 2023-02-28 03:54:04,035 [INFO] Sending command to the server: 'time'
client 2023-02-28 03:54:04,039 [INFO] Got response: '1677556444.0375872'
client 2023-02-28 03:54:04,039 [INFO] The time difference between the client and the server is within range -2.118 ms..2.023 ms
client 2023-02-28 03:54:04,039 [INFO] Sending command to the server: 'session,2023-02-28_03-54-04,start,ranging'
client 2023-02-28 03:54:32,167 [INFO] Got response: 'OK'
client 2023-02-28 03:54:32,167 [INFO] Running the workload '/home/arjun/run.out'
client 2023-02-28 04:09:14,904 [INFO] Sending command to the server: 'session,2023-02-28_03-54-04,stop,ranging'
client 2023-02-28 04:09:25,321 [INFO] Got response: 'OK'
client 2023-02-28 04:09:25,343 [INFO] Copying loadgen logs from '/home/arjun/mobilenet_results/valid_results/arjun_orin-tflite_armnn_cpp-cpu-armnn_tflite-v22.11-using_neon/efficientnet-int8-lite1/singlestream/performance/run_1' to '/home/arjun/mobilenet_results/valid_results/arjun_orin-tflite_armnn_cpp-cpu-armnn_tflite-v22.11-using_neon/efficientnet-int8-lite1/singlestream/performance/tmp_power/ranging'
client 2023-02-28 04:09:25,345 [INFO] Running workload in testing mode
client 2023-02-28 04:09:25,345 [INFO] Synchronizing with the server and with time.google.com...
client 2023-02-28 04:09:25,367 [INFO] NTP:offset = -0.001 s, delay = 0.017 s 
client 2023-02-28 04:09:25,368 [INFO] Sending command to the server: 'time'
client 2023-02-28 04:09:25,371 [INFO] Got response: '1677557365.3707075'
client 2023-02-28 04:09:25,371 [INFO] The time difference between the client and the server is within range -2.651 ms..1.062 ms
client 2023-02-28 04:09:25,372 [INFO] Sending command to the server: 'session,2023-02-28_03-54-04,start,testing'
client 2023-02-28 04:09:38,395 [INFO] Got response: 'OK'
client 2023-02-28 04:09:38,396 [INFO] Running the workload '/home/arjun/run.out'
client 2023-02-28 04:24:24,125 [INFO] Sending command to the server: 'session,2023-02-28_03-54-04,stop,testing'
client 2023-02-28 04:24:34,313 [INFO] Got response: 'OK'
client 2023-02-28 04:24:34,317 [INFO] Copying loadgen logs from '/home/arjun/mobilenet_results/valid_results/arjun_orin-tflite_armnn_cpp-cpu-armnn_tflite-v22.11-using_neon/efficientnet-int8-lite1/singlestream/performance/run_1' to '/home/arjun/mobilenet_results/valid_results/arjun_orin-tflite_armnn_cpp-cpu-armnn_tflite-v22.11-using_neon/efficientnet-int8-lite1/singlestream/performance/tmp_power/run_1'
client 2023-02-28 04:24:34,320 [INFO] Done runs
