ptd-server 2023-02-20 22:18:50,081 [INFO] Got command from the client 'stop'
ptd-server 2023-02-20 22:18:50,081 [INFO] The server will be stopped after processing this client
ptd-server 2023-02-20 22:18:50,081 [INFO] Sending reply to client 'OK'
ptd-server 2023-02-20 22:18:50,363 [INFO] Got command from the client 'time'
ptd-server 2023-02-20 22:18:50,363 [INFO] Sending reply to client '1676960330.3630235'
ptd-server 2023-02-20 22:18:50,363 [INFO] Got command from the client 'new,,b5526367-c5e9-4d25-89ed-562721f66ffd'
ptd-server 2023-02-20 22:18:50,363 [INFO] Sending reply to client 'OK 2023-02-20_22-18-50,084af669-6988-42e2-a792-42108d240874'
ptd-server 2023-02-20 22:18:50,644 [INFO] Got command from the client 'time'
ptd-server 2023-02-20 22:18:50,644 [INFO] Sending reply to client '1676960330.6442015'
ptd-server 2023-02-20 22:18:50,644 [INFO] Got command from the client 'session,2023-02-20_22-18-50,start,ranging'
ptd-server 2023-02-20 22:18:50,753 [INFO] Running PTDaemon: ['C:\\PTD\\ptd-windows-x86.exe', '-l', 'C:\\Users\\lab\\AppData\\Local\\Temp\\tmpmmq49oyu\\ptd_logfile.txt', '-p', '8888', '-c', '1', '-y', '52', '10.116.21.204']
ptd-server 2023-02-20 22:19:08,920 [INFO] Sending to ptd: 'Hello'
ptd-server 2023-02-20 22:19:08,920 [INFO] Reply from ptd: 'Hello, PTDaemon here!'
ptd-server 2023-02-20 22:19:08,920 [INFO] Sending to ptd: 'Identify'
ptd-server 2023-02-20 22:19:08,920 [INFO] Reply from ptd: 'YokogawaWT330E,1000,1,1,1,1,0,0,1,version=1.10.0-82175bac-20220817,OS=Windows 8 / Server 2012,mode=power,1,1,1,0,0,no_cal_date,YOKOGAWA;WT333E;C2VL22012V;F1.04'
ptd-server 2023-02-20 22:19:08,920 [INFO] Connected to PTDaemon
ptd-server 2023-02-20 22:19:08,920 [INFO] Sending to ptd: 'RR'
ptd-server 2023-02-20 22:19:08,920 [INFO] Reply from ptd: 'Ranges,1,0.500000,1,300.000000'
ptd-server 2023-02-20 22:19:08,920 [INFO] Initial range for Amps is Auto for Volts is Auto
ptd-server 2023-02-20 22:19:08,920 [INFO] Sending to ptd: 'SR,V,Auto'
ptd-server 2023-02-20 22:19:09,436 [INFO] Reply from ptd: 'Range V changed'
ptd-server 2023-02-20 22:19:09,436 [INFO] Sending to ptd: 'SR,A,Auto'
ptd-server 2023-02-20 22:19:09,951 [INFO] Reply from ptd: 'Range A changed'
ptd-server 2023-02-20 22:19:19,964 [INFO] Starting ranging mode
ptd-server 2023-02-20 22:19:19,964 [INFO] Sending to ptd: 'Go,1000,0,2023-02-20_22-18-50_ranging'
ptd-server 2023-02-20 22:19:19,964 [INFO] Reply from ptd: 'Starting untimed measurement, maximum 500000 samples at 1000ms with 0 rampup samples'
ptd-server 2023-02-20 22:19:19,964 [INFO] Sending reply to client 'OK'
ptd-server 2023-02-20 22:29:46,195 [INFO] Got command from the client 'session,2023-02-20_22-18-50,stop,ranging'
ptd-server 2023-02-20 22:29:56,224 [INFO] Sending to ptd: 'Stop'
ptd-server 2023-02-20 22:29:56,224 [INFO] Reply from ptd: 'Stopping untimed measurement'
ptd-server 2023-02-20 22:29:56,239 [INFO] Sending reply to client 'OK'
ptd-server 2023-02-20 22:29:56,598 [INFO] Got command from the client 'time'
ptd-server 2023-02-20 22:29:56,614 [INFO] Sending reply to client '1676960996.6145506'
ptd-server 2023-02-20 22:29:56,614 [INFO] Got command from the client 'session,2023-02-20_22-18-50,start,testing'
ptd-server 2023-02-20 22:29:56,614 [INFO] Sending to ptd: 'SR,V,207.040000'
ptd-server 2023-02-20 22:29:58,504 [INFO] Reply from ptd: 'Range V changed'
ptd-server 2023-02-20 22:29:58,504 [INFO] Sending to ptd: 'SR,A,0.328200'
ptd-server 2023-02-20 22:30:00,035 [INFO] Reply from ptd: 'Range A changed'
ptd-server 2023-02-20 22:30:10,048 [INFO] Starting testing mode
ptd-server 2023-02-20 22:30:10,048 [INFO] Sending to ptd: 'Go,1000,0,2023-02-20_22-18-50_testing'
ptd-server 2023-02-20 22:30:10,048 [INFO] Reply from ptd: 'Starting untimed measurement, maximum 500000 samples at 1000ms with 0 rampup samples'
ptd-server 2023-02-20 22:30:10,048 [INFO] Sending reply to client 'OK'
ptd-server 2023-02-20 22:40:27,140 [INFO] Got command from the client 'session,2023-02-20_22-18-50,stop,testing'
ptd-server 2023-02-20 22:40:37,154 [INFO] Sending to ptd: 'Stop'
ptd-server 2023-02-20 22:40:37,154 [INFO] Reply from ptd: 'Stopping untimed measurement'
ptd-server 2023-02-20 22:40:37,169 [INFO] Sending reply to client 'OK'
ptd-server 2023-02-20 22:40:37,232 [INFO] Got command from the client 'session,2023-02-20_22-18-50,done'
ptd-server 2023-02-20 22:40:37,232 [INFO] Sending to ptd: 'Stop'
ptd-server 2023-02-20 22:40:38,060 [INFO] Reply from ptd: 'Error: no measurement to stop'
ptd-server 2023-02-20 22:40:38,060 [INFO] Sending to ptd: 'SR,V,Auto'
ptd-server 2023-02-20 22:40:38,575 [INFO] Reply from ptd: 'Range V changed'
ptd-server 2023-02-20 22:40:38,575 [INFO] Sending to ptd: 'SR,A,Auto'
ptd-server 2023-02-20 22:40:39,091 [INFO] Reply from ptd: 'Range A changed'
ptd-server 2023-02-20 22:40:39,091 [INFO] Set initial values for Amps Auto and Volts Auto
ptd-server 2023-02-20 22:40:39,091 [INFO] Stopping ptd...
