ptd-server 2023-02-13 11:41:08,426 [INFO] Got command from the client 'time'
ptd-server 2023-02-13 11:41:08,426 [INFO] Sending reply to client '1676288468.4262578'
ptd-server 2023-02-13 11:41:08,428 [INFO] Got command from the client 'new,,543a6cc6-0b4b-4afd-bd08-63a445bbace1'
ptd-server 2023-02-13 11:41:08,429 [INFO] Sending reply to client 'OK 2023-02-13_11-41-08,f4372084-1856-4bc5-bdc2-f0a4cca738bb'
ptd-server 2023-02-13 11:41:08,452 [INFO] Got command from the client 'time'
ptd-server 2023-02-13 11:41:08,453 [INFO] Sending reply to client '1676288468.4530764'
ptd-server 2023-02-13 11:41:08,455 [INFO] Got command from the client 'session,2023-02-13_11-41-08,start,ranging'
ptd-server 2023-02-13 11:41:08,455 [INFO] Running PTDaemon: ['/home/anton/projects/mlperf/power/inference_v1.0/ptd-linux-x86', '-l', '/tmp/tmp4yl1neqp/ptd_logfile.txt', '-p', '8888', '49', '/dev/usbtmc0']
ptd-server 2023-02-13 11:41:25,519 [INFO] Sending to ptd: 'Hello'
ptd-server 2023-02-13 11:41:25,520 [INFO] Reply from ptd: 'Hello, PTDaemon here!'
ptd-server 2023-02-13 11:41:25,520 [INFO] Sending to ptd: 'Identify'
ptd-server 2023-02-13 11:41:25,520 [INFO] Reply from ptd: 'YokogawaWT310E,1000,1,1,1,1,0,1,1,version=1.10.0-ed9a21d2-20220817,OS=Linux 5.15.0-60-generic #66~20.04.1-Ubuntu SMP Wed Jan 25 09:41:30 UTC 2023 x86_64,mode=power,1,1,1,0,0,no_cal_date,YOKOGAWA;WT310E;C3XA04010E;F1.04'
ptd-server 2023-02-13 11:41:25,520 [INFO] Connected to PTDaemon
ptd-server 2023-02-13 11:41:25,521 [INFO] Sending to ptd: 'RR'
ptd-server 2023-02-13 11:41:25,521 [INFO] Reply from ptd: 'Ranges,0,0.500000,1,300.000000'
ptd-server 2023-02-13 11:41:25,521 [INFO] Initial range for Amps is 0.500000 for Volts is Auto
ptd-server 2023-02-13 11:41:25,521 [INFO] Sending to ptd: 'SR,V,Auto'
ptd-server 2023-02-13 11:41:26,023 [INFO] Reply from ptd: 'Range V changed'
ptd-server 2023-02-13 11:41:26,024 [INFO] Sending to ptd: 'SR,A,Auto'
ptd-server 2023-02-13 11:41:26,526 [INFO] Reply from ptd: 'Range A changed'
ptd-server 2023-02-13 11:41:36,536 [INFO] Starting ranging mode
ptd-server 2023-02-13 11:41:36,536 [INFO] Sending to ptd: 'Go,1000,0,2023-02-13_11-41-08_ranging'
ptd-server 2023-02-13 11:41:36,537 [INFO] Reply from ptd: 'Starting untimed measurement, maximum 500000 samples at 1000ms with 0 rampup samples'
ptd-server 2023-02-13 11:41:36,537 [INFO] Sending reply to client 'OK'
ptd-server 2023-02-13 11:54:32,524 [INFO] Got command from the client 'session,2023-02-13_11-41-08,stop,ranging'
ptd-server 2023-02-13 11:54:42,532 [INFO] Sending to ptd: 'Stop'
ptd-server 2023-02-13 11:54:42,532 [INFO] Reply from ptd: 'Stopping untimed measurement'
ptd-server 2023-02-13 11:54:42,607 [INFO] Sending reply to client 'OK'
ptd-server 2023-02-13 11:54:42,675 [INFO] Got command from the client 'time'
ptd-server 2023-02-13 11:54:42,675 [INFO] Sending reply to client '1676289282.6757681'
ptd-server 2023-02-13 11:54:42,678 [INFO] Got command from the client 'session,2023-02-13_11-41-08,start,testing'
ptd-server 2023-02-13 11:54:42,678 [INFO] Sending to ptd: 'SR,V,252.680000'
ptd-server 2023-02-13 11:54:44,179 [INFO] Reply from ptd: 'Range V changed'
ptd-server 2023-02-13 11:54:44,180 [INFO] Sending to ptd: 'SR,A,0.205800'
ptd-server 2023-02-13 11:54:45,681 [INFO] Reply from ptd: 'Range A changed'
ptd-server 2023-02-13 11:54:55,691 [INFO] Starting testing mode
ptd-server 2023-02-13 11:54:55,691 [INFO] Sending to ptd: 'Go,1000,0,2023-02-13_11-41-08_testing'
ptd-server 2023-02-13 11:54:55,692 [INFO] Reply from ptd: 'Starting untimed measurement, maximum 500000 samples at 1000ms with 0 rampup samples'
ptd-server 2023-02-13 11:54:55,692 [INFO] Sending reply to client 'OK'
ptd-server 2023-02-13 12:07:56,151 [INFO] Got command from the client 'session,2023-02-13_11-41-08,stop,testing'
ptd-server 2023-02-13 12:08:06,160 [INFO] Sending to ptd: 'Stop'
ptd-server 2023-02-13 12:08:06,160 [INFO] Reply from ptd: 'Stopping untimed measurement'
ptd-server 2023-02-13 12:08:06,196 [INFO] Sending reply to client 'OK'
ptd-server 2023-02-13 12:08:06,219 [INFO] Got command from the client 'session,2023-02-13_11-41-08,done'
ptd-server 2023-02-13 12:08:06,219 [INFO] Sending to ptd: 'Stop'
ptd-server 2023-02-13 12:08:06,693 [INFO] Reply from ptd: 'Error: no measurement to stop'
ptd-server 2023-02-13 12:08:06,693 [INFO] Sending to ptd: 'SR,V,Auto'
ptd-server 2023-02-13 12:08:07,195 [INFO] Reply from ptd: 'Range V changed'
ptd-server 2023-02-13 12:08:07,195 [INFO] Sending to ptd: 'SR,A,0.500000'
ptd-server 2023-02-13 12:08:08,697 [INFO] Reply from ptd: 'Range A changed'
ptd-server 2023-02-13 12:08:08,697 [INFO] Set initial values for Amps 0.500000 and Volts Auto
ptd-server 2023-02-13 12:08:08,697 [INFO] Stopping ptd...
