ptd-server 2023-02-21 14:33:32,831 [INFO] Got command from the client 'time'
ptd-server 2023-02-21 14:33:32,831 [INFO] Sending reply to client '1676990012.8317857'
ptd-server 2023-02-21 14:33:32,832 [INFO] Got command from the client 'new,,90c209ac-dc61-458c-925c-a80106c4889a'
ptd-server 2023-02-21 14:33:32,833 [INFO] Sending reply to client 'OK 2023-02-21_14-33-32,ac6b0cb3-9932-4308-a6c7-e94940ccb58d'
ptd-server 2023-02-21 14:33:32,853 [INFO] Got command from the client 'time'
ptd-server 2023-02-21 14:33:32,853 [INFO] Sending reply to client '1676990012.8535173'
ptd-server 2023-02-21 14:33:32,854 [INFO] Got command from the client 'session,2023-02-21_14-33-32,start,ranging'
ptd-server 2023-02-21 14:33:32,854 [INFO] Running PTDaemon: ['/home/anton/projects/mlperf/power/inference_v1.0/ptd-linux-x86', '-l', '/tmp/tmp4yl1neqp/ptd_logfile.txt', '-p', '8888', '49', '/dev/usbtmc0']
ptd-server 2023-02-21 14:33:49,928 [INFO] Sending to ptd: 'Hello'
ptd-server 2023-02-21 14:33:49,929 [INFO] Reply from ptd: 'Hello, PTDaemon here!'
ptd-server 2023-02-21 14:33:49,929 [INFO] Sending to ptd: 'Identify'
ptd-server 2023-02-21 14:33:49,929 [INFO] Reply from ptd: 'YokogawaWT310E,1000,1,1,1,1,0,1,1,version=1.10.0-ed9a21d2-20220817,OS=Linux 5.15.0-60-generic #66~20.04.1-Ubuntu SMP Wed Jan 25 09:41:30 UTC 2023 x86_64,mode=power,1,1,1,0,0,no_cal_date,YOKOGAWA;WT310E;C3XA04010E;F1.04'
ptd-server 2023-02-21 14:33:49,930 [INFO] Connected to PTDaemon
ptd-server 2023-02-21 14:33:49,930 [INFO] Sending to ptd: 'RR'
ptd-server 2023-02-21 14:33:49,930 [INFO] Reply from ptd: 'Ranges,1,0.050000,1,300.000000'
ptd-server 2023-02-21 14:33:49,930 [INFO] Initial range for Amps is Auto for Volts is Auto
ptd-server 2023-02-21 14:33:49,930 [INFO] Sending to ptd: 'SR,V,Auto'
ptd-server 2023-02-21 14:33:50,433 [INFO] Reply from ptd: 'Range V changed'
ptd-server 2023-02-21 14:33:50,433 [INFO] Sending to ptd: 'SR,A,Auto'
ptd-server 2023-02-21 14:33:50,936 [INFO] Reply from ptd: 'Range A changed'
ptd-server 2023-02-21 14:34:00,946 [INFO] Starting ranging mode
ptd-server 2023-02-21 14:34:00,946 [INFO] Sending to ptd: 'Go,1000,0,2023-02-21_14-33-32_ranging'
ptd-server 2023-02-21 14:34:00,947 [INFO] Reply from ptd: 'Starting untimed measurement, maximum 500000 samples at 1000ms with 0 rampup samples'
ptd-server 2023-02-21 14:34:00,947 [INFO] Sending reply to client 'OK'
ptd-server 2023-02-21 14:44:28,098 [INFO] Got command from the client 'session,2023-02-21_14-33-32,stop,ranging'
ptd-server 2023-02-21 14:44:38,108 [INFO] Sending to ptd: 'Stop'
ptd-server 2023-02-21 14:44:38,109 [INFO] Reply from ptd: 'Stopping untimed measurement'
ptd-server 2023-02-21 14:44:38,436 [INFO] Sending reply to client 'OK'
ptd-server 2023-02-21 14:44:38,487 [INFO] Got command from the client 'time'
ptd-server 2023-02-21 14:44:38,487 [INFO] Sending reply to client '1676990678.487292'
ptd-server 2023-02-21 14:44:38,488 [INFO] Got command from the client 'session,2023-02-21_14-33-32,start,testing'
ptd-server 2023-02-21 14:44:38,488 [INFO] Sending to ptd: 'SR,V,253.840000'
ptd-server 2023-02-21 14:44:40,449 [INFO] Reply from ptd: 'Range V changed'
ptd-server 2023-02-21 14:44:40,449 [INFO] Sending to ptd: 'SR,A,0.064530'
ptd-server 2023-02-21 14:44:41,950 [INFO] Reply from ptd: 'Range A changed'
ptd-server 2023-02-21 14:44:51,961 [INFO] Starting testing mode
ptd-server 2023-02-21 14:44:51,961 [INFO] Sending to ptd: 'Go,1000,0,2023-02-21_14-33-32_testing'
ptd-server 2023-02-21 14:44:51,961 [INFO] Reply from ptd: 'Starting untimed measurement, maximum 500000 samples at 1000ms with 0 rampup samples'
ptd-server 2023-02-21 14:44:51,961 [INFO] Sending reply to client 'OK'
ptd-server 2023-02-21 14:55:19,014 [INFO] Got command from the client 'session,2023-02-21_14-33-32,stop,testing'
ptd-server 2023-02-21 14:55:29,024 [INFO] Sending to ptd: 'Stop'
ptd-server 2023-02-21 14:55:29,025 [INFO] Reply from ptd: 'Stopping untimed measurement'
ptd-server 2023-02-21 14:55:29,200 [INFO] Sending reply to client 'OK'
ptd-server 2023-02-21 14:55:29,208 [INFO] Got command from the client 'session,2023-02-21_14-33-32,done'
ptd-server 2023-02-21 14:55:29,209 [INFO] Sending to ptd: 'Stop'
ptd-server 2023-02-21 14:55:29,961 [INFO] Reply from ptd: 'Error: no measurement to stop'
ptd-server 2023-02-21 14:55:29,961 [INFO] Sending to ptd: 'SR,V,Auto'
ptd-server 2023-02-21 14:55:30,464 [INFO] Reply from ptd: 'Range V changed'
ptd-server 2023-02-21 14:55:30,464 [INFO] Sending to ptd: 'SR,A,Auto'
ptd-server 2023-02-21 14:55:30,966 [INFO] Reply from ptd: 'Range A changed'
ptd-server 2023-02-21 14:55:30,967 [INFO] Set initial values for Amps Auto and Volts Auto
ptd-server 2023-02-21 14:55:30,967 [INFO] Stopping ptd...
