ptd-server 2023-02-23 12:08:30,826 [INFO] Got command from the client 'time'
ptd-server 2023-02-23 12:08:30,826 [INFO] Sending reply to client '1677154110.8262563'
ptd-server 2023-02-23 12:08:30,832 [INFO] Got command from the client 'new,,e88f149a-d89d-4cb5-942a-4835bf0a6dc0'
ptd-server 2023-02-23 12:08:30,833 [INFO] Sending reply to client 'OK 2023-02-23_12-08-30,c21af082-fade-4ce8-a75c-5f4744231a7f'
ptd-server 2023-02-23 12:08:30,893 [INFO] Got command from the client 'time'
ptd-server 2023-02-23 12:08:30,893 [INFO] Sending reply to client '1677154110.893607'
ptd-server 2023-02-23 12:08:30,897 [INFO] Got command from the client 'session,2023-02-23_12-08-30,start,ranging'
ptd-server 2023-02-23 12:08:30,898 [INFO] Running PTDaemon: ['/media/arjun/T7_Touch/hp-envy/CM/repos/local/cache/9b3695ca8255492a/power/inference_v1.0/ptd-linux-x86', '-l', '/tmp/tmpti64566v/ptd_logfile.txt', '-p', '8888', '49', '/dev/usbtmc0']
ptd-server 2023-02-23 12:08:47,992 [INFO] Sending to ptd: 'Hello'
ptd-server 2023-02-23 12:08:47,993 [INFO] Reply from ptd: 'Hello, PTDaemon here!'
ptd-server 2023-02-23 12:08:47,993 [INFO] Sending to ptd: 'Identify'
ptd-server 2023-02-23 12:08:47,994 [INFO] Reply from ptd: 'YokogawaWT310E,1000,1,1,1,1,0,1,1,version=1.10.0-ed9a21d2-20220817,OS=Linux 5.15.0-56-generic #62-Ubuntu SMP Tue Nov 22 19:54:14 UTC 2022 x86_64,mode=power,1,1,1,0,0,no_cal_date,YOKOGAWA;WT310E;C3YD21068E;F1.04'
ptd-server 2023-02-23 12:08:47,994 [INFO] Connected to PTDaemon
ptd-server 2023-02-23 12:08:47,995 [INFO] Sending to ptd: 'RR'
ptd-server 2023-02-23 12:08:47,995 [INFO] Reply from ptd: 'Ranges,0,0.100000,0,600.000000'
ptd-server 2023-02-23 12:08:47,996 [INFO] Initial range for Amps is 0.100000 for Volts is 600.000000
ptd-server 2023-02-23 12:08:47,996 [INFO] Sending to ptd: 'SR,V,Auto'
ptd-server 2023-02-23 12:08:48,499 [INFO] Reply from ptd: 'Range V changed'
ptd-server 2023-02-23 12:08:48,500 [INFO] Sending to ptd: 'SR,A,Auto'
ptd-server 2023-02-23 12:08:49,003 [INFO] Reply from ptd: 'Range A changed'
ptd-server 2023-02-23 12:08:59,014 [INFO] Starting ranging mode
ptd-server 2023-02-23 12:08:59,014 [INFO] Sending to ptd: 'Go,1000,0,2023-02-23_12-08-30_ranging'
ptd-server 2023-02-23 12:08:59,015 [INFO] Reply from ptd: 'Starting untimed measurement, maximum 500000 samples at 1000ms with 0 rampup samples'
ptd-server 2023-02-23 12:08:59,016 [INFO] Sending reply to client 'OK'
ptd-server 2023-02-23 12:20:11,024 [INFO] Got command from the client 'session,2023-02-23_12-08-30,stop,ranging'
ptd-server 2023-02-23 12:20:21,035 [INFO] Sending to ptd: 'Stop'
ptd-server 2023-02-23 12:20:21,036 [INFO] Reply from ptd: 'Stopping untimed measurement'
ptd-server 2023-02-23 12:20:21,067 [INFO] Sending reply to client 'OK'
ptd-server 2023-02-23 12:20:21,322 [INFO] Got command from the client 'time'
ptd-server 2023-02-23 12:20:21,322 [INFO] Sending reply to client '1677154821.322475'
ptd-server 2023-02-23 12:20:21,328 [INFO] Got command from the client 'session,2023-02-23_12-08-30,start,testing'
ptd-server 2023-02-23 12:20:21,328 [INFO] Sending to ptd: 'SR,V,247.610000'
ptd-server 2023-02-23 12:20:23,518 [INFO] Reply from ptd: 'Range V changed'
ptd-server 2023-02-23 12:20:23,519 [INFO] Sending to ptd: 'SR,A,0.257940'
ptd-server 2023-02-23 12:20:25,022 [INFO] Reply from ptd: 'Range A changed'
ptd-server 2023-02-23 12:20:35,030 [INFO] Starting testing mode
ptd-server 2023-02-23 12:20:35,030 [INFO] Sending to ptd: 'Go,1000,0,2023-02-23_12-08-30_testing'
ptd-server 2023-02-23 12:20:35,031 [INFO] Reply from ptd: 'Starting untimed measurement, maximum 500000 samples at 1000ms with 0 rampup samples'
ptd-server 2023-02-23 12:20:35,032 [INFO] Sending reply to client 'OK'
ptd-server 2023-02-23 12:31:56,230 [INFO] Got command from the client 'session,2023-02-23_12-08-30,stop,testing'
ptd-server 2023-02-23 12:32:06,241 [INFO] Sending to ptd: 'Stop'
ptd-server 2023-02-23 12:32:06,242 [INFO] Reply from ptd: 'Stopping untimed measurement'
ptd-server 2023-02-23 12:32:06,253 [INFO] Sending reply to client 'OK'
ptd-server 2023-02-23 12:32:06,280 [INFO] Got command from the client 'session,2023-02-23_12-08-30,done'
ptd-server 2023-02-23 12:32:06,280 [INFO] Sending to ptd: 'Stop'
ptd-server 2023-02-23 12:32:07,032 [INFO] Reply from ptd: 'Error: no measurement to stop'
ptd-server 2023-02-23 12:32:07,032 [INFO] Sending to ptd: 'SR,V,600.000000'
ptd-server 2023-02-23 12:32:08,535 [INFO] Reply from ptd: 'Range V changed'
ptd-server 2023-02-23 12:32:08,536 [INFO] Sending to ptd: 'SR,A,0.100000'
ptd-server 2023-02-23 12:32:10,039 [INFO] Reply from ptd: 'Range A changed'
ptd-server 2023-02-23 12:32:10,039 [INFO] Set initial values for Amps 0.100000 and Volts 600.000000
ptd-server 2023-02-23 12:32:10,040 [INFO] Stopping ptd...
