ptd-server 2023-02-24 16:25:19,223 [INFO] Got command from the client 'time'
ptd-server 2023-02-24 16:25:19,224 [INFO] Sending reply to client '1677255919.2242665'
ptd-server 2023-02-24 16:25:19,226 [INFO] Got command from the client 'new,,0a004ec7-38c1-4b48-8c28-95f1fcca8f35'
ptd-server 2023-02-24 16:25:19,228 [INFO] Sending reply to client 'OK 2023-02-24_16-25-19,d25da90b-93a2-4eb3-9b9a-3f01791ea326'
ptd-server 2023-02-24 16:25:19,247 [INFO] Got command from the client 'time'
ptd-server 2023-02-24 16:25:19,247 [INFO] Sending reply to client '1677255919.2476702'
ptd-server 2023-02-24 16:25:19,250 [INFO] Got command from the client 'session,2023-02-24_16-25-19,start,ranging'
ptd-server 2023-02-24 16:25:19,251 [INFO] Running PTDaemon: ['/media/arjun/T7_Touch/hp-envy/CM/repos/local/cache/9b3695ca8255492a/power/inference_v1.0/ptd-linux-x86', '-l', '/tmp/tmpti64566v/ptd_logfile.txt', '-p', '8888', '49', '/dev/usbtmc0']
ptd-server 2023-02-24 16:25:36,351 [INFO] Sending to ptd: 'Hello'
ptd-server 2023-02-24 16:25:36,352 [INFO] Reply from ptd: 'Hello, PTDaemon here!'
ptd-server 2023-02-24 16:25:36,352 [INFO] Sending to ptd: 'Identify'
ptd-server 2023-02-24 16:25:36,353 [INFO] Reply from ptd: 'YokogawaWT310E,1000,1,1,1,1,0,1,1,version=1.10.0-ed9a21d2-20220817,OS=Linux 5.15.0-56-generic #62-Ubuntu SMP Tue Nov 22 19:54:14 UTC 2022 x86_64,mode=power,1,1,1,0,0,no_cal_date,YOKOGAWA;WT310E;C3YD21068E;F1.04'
ptd-server 2023-02-24 16:25:36,354 [INFO] Connected to PTDaemon
ptd-server 2023-02-24 16:25:36,354 [INFO] Sending to ptd: 'RR'
ptd-server 2023-02-24 16:25:36,355 [INFO] Reply from ptd: 'Ranges,0,0.100000,0,600.000000'
ptd-server 2023-02-24 16:25:36,355 [INFO] Initial range for Amps is 0.100000 for Volts is 600.000000
ptd-server 2023-02-24 16:25:36,355 [INFO] Sending to ptd: 'SR,V,Auto'
ptd-server 2023-02-24 16:25:36,859 [INFO] Reply from ptd: 'Range V changed'
ptd-server 2023-02-24 16:25:36,859 [INFO] Sending to ptd: 'SR,A,Auto'
ptd-server 2023-02-24 16:25:37,362 [INFO] Reply from ptd: 'Range A changed'
ptd-server 2023-02-24 16:25:47,373 [INFO] Starting ranging mode
ptd-server 2023-02-24 16:25:47,374 [INFO] Sending to ptd: 'Go,1000,0,2023-02-24_16-25-19_ranging'
ptd-server 2023-02-24 16:25:47,374 [INFO] Reply from ptd: 'Starting untimed measurement, maximum 500000 samples at 1000ms with 0 rampup samples'
ptd-server 2023-02-24 16:25:47,375 [INFO] Sending reply to client 'OK'
ptd-server 2023-02-24 16:36:50,187 [INFO] Got command from the client 'session,2023-02-24_16-25-19,stop,ranging'
ptd-server 2023-02-24 16:37:00,198 [INFO] Sending to ptd: 'Stop'
ptd-server 2023-02-24 16:37:00,199 [INFO] Reply from ptd: 'Stopping untimed measurement'
ptd-server 2023-02-24 16:37:00,308 [INFO] Sending reply to client 'OK'
ptd-server 2023-02-24 16:37:00,352 [INFO] Got command from the client 'time'
ptd-server 2023-02-24 16:37:00,352 [INFO] Sending reply to client '1677256620.3527634'
ptd-server 2023-02-24 16:37:00,357 [INFO] Got command from the client 'session,2023-02-24_16-25-19,start,testing'
ptd-server 2023-02-24 16:37:00,357 [INFO] Sending to ptd: 'SR,V,247.000000'
ptd-server 2023-02-24 16:37:01,878 [INFO] Reply from ptd: 'Range V changed'
ptd-server 2023-02-24 16:37:01,879 [INFO] Sending to ptd: 'SR,A,0.172000'
ptd-server 2023-02-24 16:37:03,382 [INFO] Reply from ptd: 'Range A changed'
ptd-server 2023-02-24 16:37:13,393 [INFO] Starting testing mode
ptd-server 2023-02-24 16:37:13,394 [INFO] Sending to ptd: 'Go,1000,0,2023-02-24_16-25-19_testing'
ptd-server 2023-02-24 16:37:13,395 [INFO] Reply from ptd: 'Starting untimed measurement, maximum 500000 samples at 1000ms with 0 rampup samples'
ptd-server 2023-02-24 16:37:13,395 [INFO] Sending reply to client 'OK'
ptd-server 2023-02-24 16:48:14,119 [INFO] Got command from the client 'session,2023-02-24_16-25-19,stop,testing'
ptd-server 2023-02-24 16:48:24,130 [INFO] Sending to ptd: 'Stop'
ptd-server 2023-02-24 16:48:24,131 [INFO] Reply from ptd: 'Stopping untimed measurement'
ptd-server 2023-02-24 16:48:24,185 [INFO] Sending reply to client 'OK'
ptd-server 2023-02-24 16:48:24,198 [INFO] Got command from the client 'session,2023-02-24_16-25-19,done'
ptd-server 2023-02-24 16:48:24,198 [INFO] Sending to ptd: 'Stop'
ptd-server 2023-02-24 16:48:24,396 [INFO] Reply from ptd: 'Error: no measurement to stop'
ptd-server 2023-02-24 16:48:24,396 [INFO] Sending to ptd: 'SR,V,600.000000'
ptd-server 2023-02-24 16:48:25,900 [INFO] Reply from ptd: 'Range V changed'
ptd-server 2023-02-24 16:48:25,900 [INFO] Sending to ptd: 'SR,A,0.100000'
ptd-server 2023-02-24 16:48:27,404 [INFO] Reply from ptd: 'Range A changed'
ptd-server 2023-02-24 16:48:27,404 [INFO] Set initial values for Amps 0.100000 and Volts 600.000000
ptd-server 2023-02-24 16:48:27,405 [INFO] Stopping ptd...
