ptd-server 2023-02-20 01:19:43,376 [INFO] Got command from the client 'time'
ptd-server 2023-02-20 01:19:43,376 [INFO] Sending reply to client '1676855983.3768077'
ptd-server 2023-02-20 01:19:43,377 [INFO] Got command from the client 'new,,481239cc-3168-404c-8e58-86ea3fa28fe7'
ptd-server 2023-02-20 01:19:43,378 [INFO] Sending reply to client 'OK 2023-02-20_01-19-43,d9d1918a-7dbe-4628-902e-3628547e64ff'
ptd-server 2023-02-20 01:19:43,398 [INFO] Got command from the client 'time'
ptd-server 2023-02-20 01:19:43,398 [INFO] Sending reply to client '1676855983.3984501'
ptd-server 2023-02-20 01:19:43,399 [INFO] Got command from the client 'session,2023-02-20_01-19-43,start,ranging'
ptd-server 2023-02-20 01:19:43,400 [INFO] Running PTDaemon: ['/home/anton/projects/mlperf/power/inference_v1.0/ptd-linux-x86', '-l', '/tmp/tmp4yl1neqp/ptd_logfile.txt', '-p', '8888', '49', '/dev/usbtmc0']
ptd-server 2023-02-20 01:20:00,473 [INFO] Sending to ptd: 'Hello'
ptd-server 2023-02-20 01:20:00,474 [INFO] Reply from ptd: 'Hello, PTDaemon here!'
ptd-server 2023-02-20 01:20:00,474 [INFO] Sending to ptd: 'Identify'
ptd-server 2023-02-20 01:20:00,475 [INFO] Reply from ptd: 'YokogawaWT310E,1000,1,1,1,1,0,1,1,version=1.10.0-ed9a21d2-20220817,OS=Linux 5.15.0-60-generic #66~20.04.1-Ubuntu SMP Wed Jan 25 09:41:30 UTC 2023 x86_64,mode=power,1,1,1,0,0,no_cal_date,YOKOGAWA;WT310E;C3XA04010E;F1.04'
ptd-server 2023-02-20 01:20:00,475 [INFO] Connected to PTDaemon
ptd-server 2023-02-20 01:20:00,475 [INFO] Sending to ptd: 'RR'
ptd-server 2023-02-20 01:20:00,476 [INFO] Reply from ptd: 'Ranges,0,0.500000,1,300.000000'
ptd-server 2023-02-20 01:20:00,476 [INFO] Initial range for Amps is 0.500000 for Volts is Auto
ptd-server 2023-02-20 01:20:00,476 [INFO] Sending to ptd: 'SR,V,Auto'
ptd-server 2023-02-20 01:20:00,978 [INFO] Reply from ptd: 'Range V changed'
ptd-server 2023-02-20 01:20:00,979 [INFO] Sending to ptd: 'SR,A,Auto'
ptd-server 2023-02-20 01:20:01,481 [INFO] Reply from ptd: 'Range A changed'
ptd-server 2023-02-20 01:20:11,491 [INFO] Starting ranging mode
ptd-server 2023-02-20 01:20:11,492 [INFO] Sending to ptd: 'Go,1000,0,2023-02-20_01-19-43_ranging'
ptd-server 2023-02-20 01:20:11,492 [INFO] Reply from ptd: 'Starting untimed measurement, maximum 500000 samples at 1000ms with 0 rampup samples'
ptd-server 2023-02-20 01:20:11,492 [INFO] Sending reply to client 'OK'
ptd-server 2023-02-20 01:30:39,376 [INFO] Got command from the client 'session,2023-02-20_01-19-43,stop,ranging'
ptd-server 2023-02-20 01:30:49,386 [INFO] Sending to ptd: 'Stop'
ptd-server 2023-02-20 01:30:49,387 [INFO] Reply from ptd: 'Stopping untimed measurement'
ptd-server 2023-02-20 01:30:49,514 [INFO] Sending reply to client 'OK'
ptd-server 2023-02-20 01:30:49,586 [INFO] Got command from the client 'time'
ptd-server 2023-02-20 01:30:49,586 [INFO] Sending reply to client '1676856649.5866888'
ptd-server 2023-02-20 01:30:49,587 [INFO] Got command from the client 'session,2023-02-20_01-19-43,start,testing'
ptd-server 2023-02-20 01:30:49,588 [INFO] Sending to ptd: 'SR,V,251.490000'
ptd-server 2023-02-20 01:30:51,089 [INFO] Reply from ptd: 'Range V changed'
ptd-server 2023-02-20 01:30:51,089 [INFO] Sending to ptd: 'SR,A,0.071890'
ptd-server 2023-02-20 01:30:52,590 [INFO] Reply from ptd: 'Range A changed'
ptd-server 2023-02-20 01:31:02,601 [INFO] Starting testing mode
ptd-server 2023-02-20 01:31:02,601 [INFO] Sending to ptd: 'Go,1000,0,2023-02-20_01-19-43_testing'
ptd-server 2023-02-20 01:31:02,601 [INFO] Reply from ptd: 'Starting untimed measurement, maximum 500000 samples at 1000ms with 0 rampup samples'
ptd-server 2023-02-20 01:31:02,601 [INFO] Sending reply to client 'OK'
ptd-server 2023-02-20 01:41:29,530 [INFO] Got command from the client 'session,2023-02-20_01-19-43,stop,testing'
ptd-server 2023-02-20 01:41:39,540 [INFO] Sending to ptd: 'Stop'
ptd-server 2023-02-20 01:41:39,541 [INFO] Reply from ptd: 'Stopping untimed measurement'
ptd-server 2023-02-20 01:41:39,610 [INFO] Sending reply to client 'OK'
ptd-server 2023-02-20 01:41:39,617 [INFO] Got command from the client 'session,2023-02-20_01-19-43,done'
ptd-server 2023-02-20 01:41:39,618 [INFO] Sending to ptd: 'Stop'
ptd-server 2023-02-20 01:41:39,618 [INFO] Reply from ptd: 'Error: no measurement to stop'
ptd-server 2023-02-20 01:41:39,618 [INFO] Sending to ptd: 'SR,V,Auto'
ptd-server 2023-02-20 01:41:40,121 [INFO] Reply from ptd: 'Range V changed'
ptd-server 2023-02-20 01:41:40,121 [INFO] Sending to ptd: 'SR,A,0.500000'
ptd-server 2023-02-20 01:41:41,622 [INFO] Reply from ptd: 'Range A changed'
ptd-server 2023-02-20 01:41:41,622 [INFO] Set initial values for Amps 0.500000 and Volts Auto
ptd-server 2023-02-20 01:41:41,623 [INFO] Stopping ptd...
