client 2023-03-02 12:17:21,199 [INFO] Creating output directory '/home/arjun/phoenix_results_open/valid_results/phoenix_Amd_Am5-reference-cpu-deepsparse-vdefault-default_config/bert-99/offline/performance/tmp_power'
client 2023-03-02 12:17:21,432 [INFO] Sending command to the server: 'mlcommons/power client v3'
client 2023-03-02 12:17:21,434 [INFO] Got response: 'mlcommons/power server v3'
client 2023-03-02 12:17:21,434 [INFO] Synchronizing with the server and with time.google.com...
client 2023-03-02 12:17:21,450 [INFO] NTP:offset = -0.002 s, delay = 0.014 s 
client 2023-03-02 12:17:21,450 [INFO] Sending command to the server: 'time'
client 2023-03-02 12:17:21,452 [INFO] Got response: '1677759441.4493346'
client 2023-03-02 12:17:21,452 [INFO] The time difference between the client and the server is within range 0.799 ms..3.266 ms
client 2023-03-02 12:17:21,452 [INFO] Sending command to the server: 'new,,c4924c7e-3dec-418e-8980-a283099b8b06'
client 2023-03-02 12:17:21,457 [INFO] Got response: 'OK 2023-03-02_12-17-21,0d4ae509-d3bd-4e97-9fd6-5b1e43b5f01c'
client 2023-03-02 12:17:21,457 [INFO] Session id is '2023-03-02_12-17-21'
client 2023-03-02 12:17:21,457 [INFO] Sources: {"sources": {"__init__.py": "da39a3ee5e6b4b0d3255bfef95601890afd80709", "client.py": "33ca4f26368777ac06e01f9567b714a4b8063886", "lib/__init__.py": "da39a3ee5e6b4b0d3255bfef95601890afd80709", "lib/client.py": "4c2b78fb4849a7e5b584ef792d82aaed20b17f57", "lib/common.py": "624d0c0acc7c39aaff3674f0b99d6a09da53d1dc", "lib/external/__init__.py": "da39a3ee5e6b4b0d3255bfef95601890afd80709", "lib/external/ntplib.py": "4da8f970656505a40483206ef2b5d3dd5e81711d", "lib/server.py": "cda0cdfaee9bfa1249c64a7dd4f89b7bf1b279f0", "lib/source_hashes.py": "60a2e02193209e8d392803326208d5466342da18", "lib/summary.py": "aa92f0a3f975eecd44d3c0cd0236342ccc9f941d", "lib/time_sync.py": "3210db56eb0ff0df57bf4293dc4d4b03fffd46f1", "server.py": "c3f90f2f7eeb4db30727556d0c815ebc89b3d28b", "tests/unit/__init__.py": "da39a3ee5e6b4b0d3255bfef95601890afd80709", "tests/unit/test_server.py": "99ae15aef722f2000ee6ed1ae1523637bf1ae42b", "tests/unit/test_source_hashes.py": "00468a2907583c593e6574a1f6b404e4651c221a"}, "modules": {"ptd_client_server.lib.client": "lib/client.py", "ptd_client_server.lib.common": "lib/common.py", "ptd_client_server.lib.external.ntplib": "lib/external/ntplib.py", "ptd_client_server.lib.source_hashes": "lib/source_hashes.py", "ptd_client_server.lib.summary": "lib/summary.py", "ptd_client_server.lib.time_sync": "lib/time_sync.py"}}
client 2023-03-02 12:17:21,457 [INFO] Running workload in ranging mode
client 2023-03-02 12:17:21,457 [INFO] Synchronizing with the server and with time.google.com...
client 2023-03-02 12:17:21,474 [INFO] NTP:offset = -0.000 s, delay = 0.016 s 
client 2023-03-02 12:17:21,474 [INFO] Sending command to the server: 'time'
client 2023-03-02 12:17:21,476 [INFO] Got response: '1677759441.4732728'
client 2023-03-02 12:17:21,476 [INFO] The time difference between the client and the server is within range 0.996 ms..3.269 ms
client 2023-03-02 12:17:21,476 [INFO] Sending command to the server: 'session,2023-03-02_12-17-21,start,ranging'
client 2023-03-02 12:17:49,610 [INFO] Got response: 'OK'
client 2023-03-02 12:17:49,610 [INFO] Running the workload 'cd "/home/arjun/CM/repos/local/cache/54a9927265634ec0/inference/language/bert" && /usr/bin/python3 run.py --backend=deepsparse --scenario=Offline --mlperf_conf "/home/arjun/CM/repos/local/cache/54a9927265634ec0/inference/mlperf.conf" --user_conf "/home/arjun/CM/repos/octoml@ck/cm-mlops/script/generate-mlperf-inference-user-conf/tmp/4d26b2dd09024916834b1860eb8f8628.conf" --quantized --batch_size=1 --model_path=/home/arjun/CM/repos/local/cache/bc32c4a1e51549d2/oBERT-Large_95sparse_block4_qat.onnx'
client 2023-03-02 12:30:00,876 [INFO] Sending command to the server: 'session,2023-03-02_12-17-21,stop,ranging'
client 2023-03-02 12:30:11,276 [INFO] Got response: 'OK'
client 2023-03-02 12:30:11,279 [INFO] Copying loadgen logs from '/home/arjun/phoenix_results_open/valid_results/phoenix_Amd_Am5-reference-cpu-deepsparse-vdefault-default_config/bert-99/offline/performance/run_1' to '/home/arjun/phoenix_results_open/valid_results/phoenix_Amd_Am5-reference-cpu-deepsparse-vdefault-default_config/bert-99/offline/performance/tmp_power/ranging'
client 2023-03-02 12:30:11,279 [INFO] Running workload in testing mode
client 2023-03-02 12:30:11,279 [INFO] Synchronizing with the server and with time.google.com...
client 2023-03-02 12:30:11,295 [INFO] NTP:offset = -0.002 s, delay = 0.015 s 
client 2023-03-02 12:30:11,295 [INFO] Sending command to the server: 'time'
client 2023-03-02 12:30:11,303 [INFO] Got response: '1677760211.3024638'
client 2023-03-02 12:30:11,304 [INFO] The time difference between the client and the server is within range -6.942 ms..1.630 ms
client 2023-03-02 12:30:11,304 [INFO] Sending command to the server: 'session,2023-03-02_12-17-21,start,testing'
client 2023-03-02 12:30:24,628 [INFO] Got response: 'OK'
client 2023-03-02 12:30:24,628 [INFO] Running the workload 'cd "/home/arjun/CM/repos/local/cache/54a9927265634ec0/inference/language/bert" && /usr/bin/python3 run.py --backend=deepsparse --scenario=Offline --mlperf_conf "/home/arjun/CM/repos/local/cache/54a9927265634ec0/inference/mlperf.conf" --user_conf "/home/arjun/CM/repos/octoml@ck/cm-mlops/script/generate-mlperf-inference-user-conf/tmp/4d26b2dd09024916834b1860eb8f8628.conf" --quantized --batch_size=1 --model_path=/home/arjun/CM/repos/local/cache/bc32c4a1e51549d2/oBERT-Large_95sparse_block4_qat.onnx'
client 2023-03-02 12:42:33,243 [INFO] Sending command to the server: 'session,2023-03-02_12-17-21,stop,testing'
client 2023-03-02 12:42:43,470 [INFO] Got response: 'OK'
client 2023-03-02 12:42:43,470 [INFO] Copying loadgen logs from '/home/arjun/phoenix_results_open/valid_results/phoenix_Amd_Am5-reference-cpu-deepsparse-vdefault-default_config/bert-99/offline/performance/run_1' to '/home/arjun/phoenix_results_open/valid_results/phoenix_Amd_Am5-reference-cpu-deepsparse-vdefault-default_config/bert-99/offline/performance/tmp_power/run_1'
client 2023-03-02 12:42:43,471 [INFO] Done runs
