ptd-server 2023-03-02 12:17:21,449 [INFO] Got command from the client 'time'
ptd-server 2023-03-02 12:17:21,449 [INFO] Sending reply to client '1677759441.4493346'
ptd-server 2023-03-02 12:17:21,451 [INFO] Got command from the client 'new,,c4924c7e-3dec-418e-8980-a283099b8b06'
ptd-server 2023-03-02 12:17:21,453 [INFO] Sending reply to client 'OK 2023-03-02_12-17-21,0d4ae509-d3bd-4e97-9fd6-5b1e43b5f01c'
ptd-server 2023-03-02 12:17:21,472 [INFO] Got command from the client 'time'
ptd-server 2023-03-02 12:17:21,473 [INFO] Sending reply to client '1677759441.4732728'
ptd-server 2023-03-02 12:17:21,475 [INFO] Got command from the client 'session,2023-03-02_12-17-21,start,ranging'
ptd-server 2023-03-02 12:17:21,476 [INFO] Running PTDaemon: ['/media/arjun/T7_Touch/hp-envy/CM/repos/local/cache/9b3695ca8255492a/power/inference_v1.0/ptd-linux-x86', '-l', '/tmp/tmpti64566v/ptd_logfile.txt', '-p', '8888', '49', '/dev/usbtmc0']
ptd-server 2023-03-02 12:17:38,581 [INFO] Sending to ptd: 'Hello'
ptd-server 2023-03-02 12:17:38,582 [INFO] Reply from ptd: 'Hello, PTDaemon here!'
ptd-server 2023-03-02 12:17:38,582 [INFO] Sending to ptd: 'Identify'
ptd-server 2023-03-02 12:17:38,584 [INFO] Reply from ptd: 'YokogawaWT310E,1000,1,1,1,1,0,1,1,version=1.10.0-ed9a21d2-20220817,OS=Linux 5.15.0-56-generic #62-Ubuntu SMP Tue Nov 22 19:54:14 UTC 2022 x86_64,mode=power,1,1,1,0,0,no_cal_date,YOKOGAWA;WT310E;C3YD21068E;F1.04'
ptd-server 2023-03-02 12:17:38,584 [INFO] Connected to PTDaemon
ptd-server 2023-03-02 12:17:38,584 [INFO] Sending to ptd: 'RR'
ptd-server 2023-03-02 12:17:38,585 [INFO] Reply from ptd: 'Ranges,1,1.000000,0,600.000000'
ptd-server 2023-03-02 12:17:38,586 [INFO] Initial range for Amps is Auto for Volts is 600.000000
ptd-server 2023-03-02 12:17:38,586 [INFO] Sending to ptd: 'SR,V,Auto'
ptd-server 2023-03-02 12:17:39,090 [INFO] Reply from ptd: 'Range V changed'
ptd-server 2023-03-02 12:17:39,090 [INFO] Sending to ptd: 'SR,A,Auto'
ptd-server 2023-03-02 12:17:39,594 [INFO] Reply from ptd: 'Range A changed'
ptd-server 2023-03-02 12:17:49,605 [INFO] Starting ranging mode
ptd-server 2023-03-02 12:17:49,605 [INFO] Sending to ptd: 'Go,1000,0,2023-03-02_12-17-21_ranging'
ptd-server 2023-03-02 12:17:49,606 [INFO] Reply from ptd: 'Starting untimed measurement, maximum 500000 samples at 1000ms with 0 rampup samples'
ptd-server 2023-03-02 12:17:49,606 [INFO] Sending reply to client 'OK'
ptd-server 2023-03-02 12:30:00,912 [INFO] Got command from the client 'session,2023-03-02_12-17-21,stop,ranging'
ptd-server 2023-03-02 12:30:10,923 [INFO] Sending to ptd: 'Stop'
ptd-server 2023-03-02 12:30:10,924 [INFO] Reply from ptd: 'Stopping untimed measurement'
ptd-server 2023-03-02 12:30:11,275 [INFO] Sending reply to client 'OK'
ptd-server 2023-03-02 12:30:11,302 [INFO] Got command from the client 'time'
ptd-server 2023-03-02 12:30:11,302 [INFO] Sending reply to client '1677760211.3024638'
ptd-server 2023-03-02 12:30:11,305 [INFO] Got command from the client 'session,2023-03-02_12-17-21,start,testing'
ptd-server 2023-03-02 12:30:11,305 [INFO] Sending to ptd: 'SR,V,249.200000'
ptd-server 2023-03-02 12:30:13,110 [INFO] Reply from ptd: 'Range V changed'
ptd-server 2023-03-02 12:30:13,110 [INFO] Sending to ptd: 'SR,A,1.219200'
ptd-server 2023-03-02 12:30:14,614 [INFO] Reply from ptd: 'Range A changed'
ptd-server 2023-03-02 12:30:24,625 [INFO] Starting testing mode
ptd-server 2023-03-02 12:30:24,625 [INFO] Sending to ptd: 'Go,1000,0,2023-03-02_12-17-21_testing'
ptd-server 2023-03-02 12:30:24,626 [INFO] Reply from ptd: 'Starting untimed measurement, maximum 500000 samples at 1000ms with 0 rampup samples'
ptd-server 2023-03-02 12:30:24,627 [INFO] Sending reply to client 'OK'
ptd-server 2023-03-02 12:42:33,279 [INFO] Got command from the client 'session,2023-03-02_12-17-21,stop,testing'
ptd-server 2023-03-02 12:42:43,290 [INFO] Sending to ptd: 'Stop'
ptd-server 2023-03-02 12:42:43,291 [INFO] Reply from ptd: 'Stopping untimed measurement'
ptd-server 2023-03-02 12:42:43,469 [INFO] Sending reply to client 'OK'
ptd-server 2023-03-02 12:42:43,473 [INFO] Got command from the client 'session,2023-03-02_12-17-21,done'
ptd-server 2023-03-02 12:42:43,473 [INFO] Sending to ptd: 'Stop'
ptd-server 2023-03-02 12:42:43,627 [INFO] Reply from ptd: 'Error: no measurement to stop'
ptd-server 2023-03-02 12:42:43,627 [INFO] Sending to ptd: 'SR,V,600.000000'
ptd-server 2023-03-02 12:42:45,130 [INFO] Reply from ptd: 'Range V changed'
ptd-server 2023-03-02 12:42:45,130 [INFO] Sending to ptd: 'SR,A,Auto'
ptd-server 2023-03-02 12:42:45,633 [INFO] Reply from ptd: 'Range A changed'
ptd-server 2023-03-02 12:42:45,634 [INFO] Set initial values for Amps Auto and Volts 600.000000
ptd-server 2023-03-02 12:42:45,634 [INFO] Stopping ptd...
