ptd-server 2023-02-12 04:50:35,875 [INFO] Got command from the client 'time'
ptd-server 2023-02-12 04:50:35,875 [INFO] Sending reply to client '1676177435.8754373'
ptd-server 2023-02-12 04:50:35,879 [INFO] Got command from the client 'new,,c7bb1dd4-7eea-47cd-9801-04eb34058c92'
ptd-server 2023-02-12 04:50:35,880 [INFO] Sending reply to client 'OK 2023-02-12_04-50-35,c8a2b267-cfb1-4bae-9c8e-cb221188b64d'
ptd-server 2023-02-12 04:50:35,902 [INFO] Got command from the client 'time'
ptd-server 2023-02-12 04:50:35,902 [INFO] Sending reply to client '1676177435.9025934'
ptd-server 2023-02-12 04:50:35,906 [INFO] Got command from the client 'session,2023-02-12_04-50-35,start,ranging'
ptd-server 2023-02-12 04:50:35,907 [INFO] Running PTDaemon: ['/media/arjun/T7_Touch/hp-envy/CM/repos/local/cache/9b3695ca8255492a/power/inference_v1.0/ptd-linux-x86', '-l', '/tmp/tmp6_9o2crq/ptd_logfile.txt', '-p', '8888', '49', '/dev/usbtmc0']
ptd-server 2023-02-12 04:50:53,002 [INFO] Sending to ptd: 'Hello'
ptd-server 2023-02-12 04:50:53,004 [INFO] Reply from ptd: 'Hello, PTDaemon here!'
ptd-server 2023-02-12 04:50:53,004 [INFO] Sending to ptd: 'Identify'
ptd-server 2023-02-12 04:50:53,005 [INFO] Reply from ptd: 'YokogawaWT310E,1000,1,1,1,1,0,1,1,version=1.10.0-ed9a21d2-20220817,OS=Linux 5.15.0-56-generic #62-Ubuntu SMP Tue Nov 22 19:54:14 UTC 2022 x86_64,mode=power,1,1,1,0,0,no_cal_date,YOKOGAWA;WT310E;C3YD21068E;F1.04'
ptd-server 2023-02-12 04:50:53,005 [INFO] Connected to PTDaemon
ptd-server 2023-02-12 04:50:53,006 [INFO] Sending to ptd: 'RR'
ptd-server 2023-02-12 04:50:53,006 [INFO] Reply from ptd: 'Ranges,0,0.100000,0,600.000000'
ptd-server 2023-02-12 04:50:53,007 [INFO] Initial range for Amps is 0.100000 for Volts is 600.000000
ptd-server 2023-02-12 04:50:53,007 [INFO] Sending to ptd: 'SR,V,Auto'
ptd-server 2023-02-12 04:50:53,511 [INFO] Reply from ptd: 'Range V changed'
ptd-server 2023-02-12 04:50:53,511 [INFO] Sending to ptd: 'SR,A,Auto'
ptd-server 2023-02-12 04:50:54,015 [INFO] Reply from ptd: 'Range A changed'
ptd-server 2023-02-12 04:51:04,026 [INFO] Starting ranging mode
ptd-server 2023-02-12 04:51:04,027 [INFO] Sending to ptd: 'Go,1000,0,2023-02-12_04-50-35_ranging'
ptd-server 2023-02-12 04:51:04,028 [INFO] Reply from ptd: 'Starting untimed measurement, maximum 500000 samples at 1000ms with 0 rampup samples'
ptd-server 2023-02-12 04:51:04,028 [INFO] Sending reply to client 'OK'
ptd-server 2023-02-12 05:01:04,997 [INFO] Got command from the client 'session,2023-02-12_04-50-35,stop,ranging'
ptd-server 2023-02-12 05:01:15,008 [INFO] Sending to ptd: 'Stop'
ptd-server 2023-02-12 05:01:15,009 [INFO] Reply from ptd: 'Stopping untimed measurement'
ptd-server 2023-02-12 05:01:15,032 [INFO] Sending reply to client 'OK'
ptd-server 2023-02-12 05:01:15,098 [INFO] Got command from the client 'time'
ptd-server 2023-02-12 05:01:15,098 [INFO] Sending reply to client '1676178075.098782'
ptd-server 2023-02-12 05:01:15,103 [INFO] Got command from the client 'session,2023-02-12_04-50-35,start,testing'
ptd-server 2023-02-12 05:01:15,103 [INFO] Sending to ptd: 'SR,V,249.180000'
ptd-server 2023-02-12 05:01:16,606 [INFO] Reply from ptd: 'Range V changed'
ptd-server 2023-02-12 05:01:16,607 [INFO] Sending to ptd: 'SR,A,0.245570'
ptd-server 2023-02-12 05:01:18,110 [INFO] Reply from ptd: 'Range A changed'
ptd-server 2023-02-12 05:01:28,121 [INFO] Starting testing mode
ptd-server 2023-02-12 05:01:28,122 [INFO] Sending to ptd: 'Go,1000,0,2023-02-12_04-50-35_testing'
ptd-server 2023-02-12 05:01:28,123 [INFO] Reply from ptd: 'Starting untimed measurement, maximum 500000 samples at 1000ms with 0 rampup samples'
ptd-server 2023-02-12 05:01:28,123 [INFO] Sending reply to client 'OK'
ptd-server 2023-02-12 05:11:29,004 [INFO] Got command from the client 'session,2023-02-12_04-50-35,stop,testing'
ptd-server 2023-02-12 05:11:39,013 [INFO] Sending to ptd: 'Stop'
ptd-server 2023-02-12 05:11:39,013 [INFO] Reply from ptd: 'Stopping untimed measurement'
ptd-server 2023-02-12 05:11:39,026 [INFO] Sending reply to client 'OK'
ptd-server 2023-02-12 05:11:39,042 [INFO] Got command from the client 'session,2023-02-12_04-50-35,done'
ptd-server 2023-02-12 05:11:39,042 [INFO] Sending to ptd: 'Stop'
ptd-server 2023-02-12 05:11:39,124 [INFO] Reply from ptd: 'Error: no measurement to stop'
ptd-server 2023-02-12 05:11:39,124 [INFO] Sending to ptd: 'SR,V,600.000000'
ptd-server 2023-02-12 05:11:40,627 [INFO] Reply from ptd: 'Range V changed'
ptd-server 2023-02-12 05:11:40,627 [INFO] Sending to ptd: 'SR,A,0.100000'
ptd-server 2023-02-12 05:11:42,130 [INFO] Reply from ptd: 'Range A changed'
ptd-server 2023-02-12 05:11:42,130 [INFO] Set initial values for Amps 0.100000 and Volts 600.000000
ptd-server 2023-02-12 05:11:42,130 [INFO] Stopping ptd...
