ptd-server 2023-02-12 16:53:53,620 [INFO] Got command from the client 'time'
ptd-server 2023-02-12 16:53:53,620 [INFO] Sending reply to client '1676220833.6206849'
ptd-server 2023-02-12 16:53:53,624 [INFO] Got command from the client 'new,,f0ba8bb3-aad6-44a1-8be0-bd7396a1fbb2'
ptd-server 2023-02-12 16:53:53,625 [INFO] Sending reply to client 'OK 2023-02-12_16-53-53,0fad1e1b-19ae-4760-a103-76f7dab4bd55'
ptd-server 2023-02-12 16:53:53,649 [INFO] Got command from the client 'time'
ptd-server 2023-02-12 16:53:53,649 [INFO] Sending reply to client '1676220833.6495304'
ptd-server 2023-02-12 16:53:53,654 [INFO] Got command from the client 'session,2023-02-12_16-53-53,start,ranging'
ptd-server 2023-02-12 16:53:53,654 [INFO] Running PTDaemon: ['/media/arjun/T7_Touch/hp-envy/CM/repos/local/cache/9b3695ca8255492a/power/inference_v1.0/ptd-linux-x86', '-l', '/tmp/tmp6_9o2crq/ptd_logfile.txt', '-p', '8888', '49', '/dev/usbtmc0']
ptd-server 2023-02-12 16:54:10,759 [INFO] Sending to ptd: 'Hello'
ptd-server 2023-02-12 16:54:10,759 [INFO] Reply from ptd: 'Hello, PTDaemon here!'
ptd-server 2023-02-12 16:54:10,760 [INFO] Sending to ptd: 'Identify'
ptd-server 2023-02-12 16:54:10,760 [INFO] Reply from ptd: 'YokogawaWT310E,1000,1,1,1,1,0,1,1,version=1.10.0-ed9a21d2-20220817,OS=Linux 5.15.0-56-generic #62-Ubuntu SMP Tue Nov 22 19:54:14 UTC 2022 x86_64,mode=power,1,1,1,0,0,no_cal_date,YOKOGAWA;WT310E;C3YD21068E;F1.04'
ptd-server 2023-02-12 16:54:10,761 [INFO] Connected to PTDaemon
ptd-server 2023-02-12 16:54:10,761 [INFO] Sending to ptd: 'RR'
ptd-server 2023-02-12 16:54:10,762 [INFO] Reply from ptd: 'Ranges,0,0.100000,0,600.000000'
ptd-server 2023-02-12 16:54:10,762 [INFO] Initial range for Amps is 0.100000 for Volts is 600.000000
ptd-server 2023-02-12 16:54:10,762 [INFO] Sending to ptd: 'SR,V,Auto'
ptd-server 2023-02-12 16:54:11,266 [INFO] Reply from ptd: 'Range V changed'
ptd-server 2023-02-12 16:54:11,266 [INFO] Sending to ptd: 'SR,A,Auto'
ptd-server 2023-02-12 16:54:11,770 [INFO] Reply from ptd: 'Range A changed'
ptd-server 2023-02-12 16:54:21,780 [INFO] Starting ranging mode
ptd-server 2023-02-12 16:54:21,781 [INFO] Sending to ptd: 'Go,1000,0,2023-02-12_16-53-53_ranging'
ptd-server 2023-02-12 16:54:21,781 [INFO] Reply from ptd: 'Starting untimed measurement, maximum 500000 samples at 1000ms with 0 rampup samples'
ptd-server 2023-02-12 16:54:21,782 [INFO] Sending reply to client 'OK'
ptd-server 2023-02-12 17:04:23,555 [INFO] Got command from the client 'session,2023-02-12_16-53-53,stop,ranging'
ptd-server 2023-02-12 17:04:33,566 [INFO] Sending to ptd: 'Stop'
ptd-server 2023-02-12 17:04:33,567 [INFO] Reply from ptd: 'Stopping untimed measurement'
ptd-server 2023-02-12 17:04:33,633 [INFO] Sending reply to client 'OK'
ptd-server 2023-02-12 17:04:33,699 [INFO] Got command from the client 'time'
ptd-server 2023-02-12 17:04:33,700 [INFO] Sending reply to client '1676221473.6999981'
ptd-server 2023-02-12 17:04:33,703 [INFO] Got command from the client 'session,2023-02-12_16-53-53,start,testing'
ptd-server 2023-02-12 17:04:33,703 [INFO] Sending to ptd: 'SR,V,246.740000'
ptd-server 2023-02-12 17:04:35,285 [INFO] Reply from ptd: 'Range V changed'
ptd-server 2023-02-12 17:04:35,286 [INFO] Sending to ptd: 'SR,A,0.224360'
ptd-server 2023-02-12 17:04:36,788 [INFO] Reply from ptd: 'Range A changed'
ptd-server 2023-02-12 17:04:46,799 [INFO] Starting testing mode
ptd-server 2023-02-12 17:04:46,799 [INFO] Sending to ptd: 'Go,1000,0,2023-02-12_16-53-53_testing'
ptd-server 2023-02-12 17:04:46,800 [INFO] Reply from ptd: 'Starting untimed measurement, maximum 500000 samples at 1000ms with 0 rampup samples'
ptd-server 2023-02-12 17:04:46,800 [INFO] Sending reply to client 'OK'
ptd-server 2023-02-12 17:14:47,508 [INFO] Got command from the client 'session,2023-02-12_16-53-53,stop,testing'
ptd-server 2023-02-12 17:14:57,519 [INFO] Sending to ptd: 'Stop'
ptd-server 2023-02-12 17:14:57,520 [INFO] Reply from ptd: 'Stopping untimed measurement'
ptd-server 2023-02-12 17:14:57,555 [INFO] Sending reply to client 'OK'
ptd-server 2023-02-12 17:14:57,572 [INFO] Got command from the client 'session,2023-02-12_16-53-53,done'
ptd-server 2023-02-12 17:14:57,572 [INFO] Sending to ptd: 'Stop'
ptd-server 2023-02-12 17:14:57,801 [INFO] Reply from ptd: 'Error: no measurement to stop'
ptd-server 2023-02-12 17:14:57,801 [INFO] Sending to ptd: 'SR,V,600.000000'
ptd-server 2023-02-12 17:14:59,303 [INFO] Reply from ptd: 'Range V changed'
ptd-server 2023-02-12 17:14:59,304 [INFO] Sending to ptd: 'SR,A,0.100000'
ptd-server 2023-02-12 17:15:00,807 [INFO] Reply from ptd: 'Range A changed'
ptd-server 2023-02-12 17:15:00,807 [INFO] Set initial values for Amps 0.100000 and Volts 600.000000
ptd-server 2023-02-12 17:15:00,807 [INFO] Stopping ptd...
