ptd-server 2023-03-01 03:57:25,216 [INFO] Got command from the client 'time'
ptd-server 2023-03-01 03:57:25,216 [INFO] Sending reply to client '1677643045.216479'
ptd-server 2023-03-01 03:57:25,218 [INFO] Got command from the client 'new,,d9cae7c0-e7e2-450d-adcf-c9635eb1a746'
ptd-server 2023-03-01 03:57:25,219 [INFO] Sending reply to client 'OK 2023-03-01_03-57-25,d6525da7-d787-40cc-a254-7abeca664cf0'
ptd-server 2023-03-01 03:57:25,249 [INFO] Got command from the client 'time'
ptd-server 2023-03-01 03:57:25,249 [INFO] Sending reply to client '1677643045.249255'
ptd-server 2023-03-01 03:57:25,251 [INFO] Got command from the client 'session,2023-03-01_03-57-25,start,ranging'
ptd-server 2023-03-01 03:57:25,251 [INFO] Running PTDaemon: ['/home/anton/projects/mlperf/power/inference_v1.0/ptd-linux-x86', '-l', '/tmp/tmpu4v721n6/ptd_logfile.txt', '-p', '8888', '49', '/dev/usbtmc0']
ptd-server 2023-03-01 03:57:42,339 [INFO] Sending to ptd: 'Hello'
ptd-server 2023-03-01 03:57:42,339 [INFO] Reply from ptd: 'Hello, PTDaemon here!'
ptd-server 2023-03-01 03:57:42,339 [INFO] Sending to ptd: 'Identify'
ptd-server 2023-03-01 03:57:42,340 [INFO] Reply from ptd: 'YokogawaWT310E,1000,1,1,1,1,0,1,1,version=1.10.0-ed9a21d2-20220817,OS=Linux 5.15.0-60-generic #66~20.04.1-Ubuntu SMP Wed Jan 25 09:41:30 UTC 2023 x86_64,mode=power,1,1,1,0,0,no_cal_date,YOKOGAWA;WT310E;C3XA04010E;F1.04'
ptd-server 2023-03-01 03:57:42,340 [INFO] Connected to PTDaemon
ptd-server 2023-03-01 03:57:42,340 [INFO] Sending to ptd: 'RR'
ptd-server 2023-03-01 03:57:42,340 [INFO] Reply from ptd: 'Ranges,0,0.100000,0,300.000000'
ptd-server 2023-03-01 03:57:42,340 [INFO] Initial range for Amps is 0.100000 for Volts is 300.000000
ptd-server 2023-03-01 03:57:42,340 [INFO] Sending to ptd: 'SR,V,Auto'
ptd-server 2023-03-01 03:57:42,843 [INFO] Reply from ptd: 'Range V changed'
ptd-server 2023-03-01 03:57:42,843 [INFO] Sending to ptd: 'SR,A,Auto'
ptd-server 2023-03-01 03:57:43,345 [INFO] Reply from ptd: 'Range A changed'
ptd-server 2023-03-01 03:57:53,356 [INFO] Starting ranging mode
ptd-server 2023-03-01 03:57:53,356 [INFO] Sending to ptd: 'Go,1000,0,2023-03-01_03-57-25_ranging'
ptd-server 2023-03-01 03:57:53,356 [INFO] Reply from ptd: 'Starting untimed measurement, maximum 500000 samples at 1000ms with 0 rampup samples'
ptd-server 2023-03-01 03:57:53,357 [INFO] Sending reply to client 'OK'
ptd-server 2023-03-01 04:08:17,206 [INFO] Got command from the client 'session,2023-03-01_03-57-25,stop,ranging'
ptd-server 2023-03-01 04:08:27,217 [INFO] Sending to ptd: 'Stop'
ptd-server 2023-03-01 04:08:27,217 [INFO] Reply from ptd: 'Stopping untimed measurement'
ptd-server 2023-03-01 04:08:27,769 [INFO] Sending reply to client 'OK'
ptd-server 2023-03-01 04:08:27,820 [INFO] Got command from the client 'time'
ptd-server 2023-03-01 04:08:27,820 [INFO] Sending reply to client '1677643707.8202426'
ptd-server 2023-03-01 04:08:27,822 [INFO] Got command from the client 'session,2023-03-01_03-57-25,start,testing'
ptd-server 2023-03-01 04:08:27,822 [INFO] Sending to ptd: 'SR,V,251.570000'
ptd-server 2023-03-01 04:08:29,324 [INFO] Reply from ptd: 'Range V changed'
ptd-server 2023-03-01 04:08:29,324 [INFO] Sending to ptd: 'SR,A,0.088690'
ptd-server 2023-03-01 04:08:30,825 [INFO] Reply from ptd: 'Range A changed'
ptd-server 2023-03-01 04:08:40,836 [INFO] Starting testing mode
ptd-server 2023-03-01 04:08:40,836 [INFO] Sending to ptd: 'Go,1000,0,2023-03-01_03-57-25_testing'
ptd-server 2023-03-01 04:08:40,836 [INFO] Reply from ptd: 'Starting untimed measurement, maximum 500000 samples at 1000ms with 0 rampup samples'
ptd-server 2023-03-01 04:08:40,836 [INFO] Sending reply to client 'OK'
ptd-server 2023-03-01 04:19:04,655 [INFO] Got command from the client 'session,2023-03-01_03-57-25,stop,testing'
ptd-server 2023-03-01 04:19:14,664 [INFO] Sending to ptd: 'Stop'
ptd-server 2023-03-01 04:19:14,664 [INFO] Reply from ptd: 'Stopping untimed measurement'
ptd-server 2023-03-01 04:19:14,965 [INFO] Sending reply to client 'OK'
ptd-server 2023-03-01 04:19:14,984 [INFO] Got command from the client 'session,2023-03-01_03-57-25,done'
ptd-server 2023-03-01 04:19:14,984 [INFO] Sending to ptd: 'Stop'
ptd-server 2023-03-01 04:19:14,985 [INFO] Reply from ptd: 'Error: no measurement to stop'
ptd-server 2023-03-01 04:19:14,985 [INFO] Sending to ptd: 'SR,V,300.000000'
ptd-server 2023-03-01 04:19:16,486 [INFO] Reply from ptd: 'Range V changed'
ptd-server 2023-03-01 04:19:16,486 [INFO] Sending to ptd: 'SR,A,0.100000'
ptd-server 2023-03-01 04:19:17,988 [INFO] Reply from ptd: 'Range A changed'
ptd-server 2023-03-01 04:19:17,988 [INFO] Set initial values for Amps 0.100000 and Volts 300.000000
ptd-server 2023-03-01 04:19:17,988 [INFO] Stopping ptd...
