ptd-server 2023-02-23 12:35:06,801 [INFO] Got command from the client 'time'
ptd-server 2023-02-23 12:35:06,801 [INFO] Sending reply to client '1677155706.8016355'
ptd-server 2023-02-23 12:35:06,805 [INFO] Got command from the client 'new,,7412ddfb-9c98-474a-a0fa-4b640163f9ce'
ptd-server 2023-02-23 12:35:06,807 [INFO] Sending reply to client 'OK 2023-02-23_12-35-06,0d385b7c-7852-42d6-a051-1845889db454'
ptd-server 2023-02-23 12:35:06,835 [INFO] Got command from the client 'time'
ptd-server 2023-02-23 12:35:06,835 [INFO] Sending reply to client '1677155706.8356588'
ptd-server 2023-02-23 12:35:06,838 [INFO] Got command from the client 'session,2023-02-23_12-35-06,start,ranging'
ptd-server 2023-02-23 12:35:06,839 [INFO] Running PTDaemon: ['/media/arjun/T7_Touch/hp-envy/CM/repos/local/cache/9b3695ca8255492a/power/inference_v1.0/ptd-linux-x86', '-l', '/tmp/tmpti64566v/ptd_logfile.txt', '-p', '8888', '49', '/dev/usbtmc0']
ptd-server 2023-02-23 12:35:23,935 [INFO] Sending to ptd: 'Hello'
ptd-server 2023-02-23 12:35:23,935 [INFO] Reply from ptd: 'Hello, PTDaemon here!'
ptd-server 2023-02-23 12:35:23,936 [INFO] Sending to ptd: 'Identify'
ptd-server 2023-02-23 12:35:23,936 [INFO] Reply from ptd: 'YokogawaWT310E,1000,1,1,1,1,0,1,1,version=1.10.0-ed9a21d2-20220817,OS=Linux 5.15.0-56-generic #62-Ubuntu SMP Tue Nov 22 19:54:14 UTC 2022 x86_64,mode=power,1,1,1,0,0,no_cal_date,YOKOGAWA;WT310E;C3YD21068E;F1.04'
ptd-server 2023-02-23 12:35:23,937 [INFO] Connected to PTDaemon
ptd-server 2023-02-23 12:35:23,937 [INFO] Sending to ptd: 'RR'
ptd-server 2023-02-23 12:35:23,938 [INFO] Reply from ptd: 'Ranges,0,0.100000,0,600.000000'
ptd-server 2023-02-23 12:35:23,938 [INFO] Initial range for Amps is 0.100000 for Volts is 600.000000
ptd-server 2023-02-23 12:35:23,938 [INFO] Sending to ptd: 'SR,V,Auto'
ptd-server 2023-02-23 12:35:24,442 [INFO] Reply from ptd: 'Range V changed'
ptd-server 2023-02-23 12:35:24,442 [INFO] Sending to ptd: 'SR,A,Auto'
ptd-server 2023-02-23 12:35:24,946 [INFO] Reply from ptd: 'Range A changed'
ptd-server 2023-02-23 12:35:34,957 [INFO] Starting ranging mode
ptd-server 2023-02-23 12:35:34,957 [INFO] Sending to ptd: 'Go,1000,0,2023-02-23_12-35-06_ranging'
ptd-server 2023-02-23 12:35:34,958 [INFO] Reply from ptd: 'Starting untimed measurement, maximum 500000 samples at 1000ms with 0 rampup samples'
ptd-server 2023-02-23 12:35:34,958 [INFO] Sending reply to client 'OK'
ptd-server 2023-02-23 12:46:35,152 [INFO] Got command from the client 'session,2023-02-23_12-35-06,stop,ranging'
ptd-server 2023-02-23 12:46:45,163 [INFO] Sending to ptd: 'Stop'
ptd-server 2023-02-23 12:46:45,164 [INFO] Reply from ptd: 'Stopping untimed measurement'
ptd-server 2023-02-23 12:46:45,189 [INFO] Sending reply to client 'OK'
ptd-server 2023-02-23 12:46:45,240 [INFO] Got command from the client 'time'
ptd-server 2023-02-23 12:46:45,240 [INFO] Sending reply to client '1677156405.2405279'
ptd-server 2023-02-23 12:46:45,243 [INFO] Got command from the client 'session,2023-02-23_12-35-06,start,testing'
ptd-server 2023-02-23 12:46:45,243 [INFO] Sending to ptd: 'SR,V,247.770000'
ptd-server 2023-02-23 12:46:47,461 [INFO] Reply from ptd: 'Range V changed'
ptd-server 2023-02-23 12:46:47,461 [INFO] Sending to ptd: 'SR,A,0.177740'
ptd-server 2023-02-23 12:46:48,964 [INFO] Reply from ptd: 'Range A changed'
ptd-server 2023-02-23 12:46:58,975 [INFO] Starting testing mode
ptd-server 2023-02-23 12:46:58,976 [INFO] Sending to ptd: 'Go,1000,0,2023-02-23_12-35-06_testing'
ptd-server 2023-02-23 12:46:58,977 [INFO] Reply from ptd: 'Starting untimed measurement, maximum 500000 samples at 1000ms with 0 rampup samples'
ptd-server 2023-02-23 12:46:58,977 [INFO] Sending reply to client 'OK'
ptd-server 2023-02-23 12:58:00,211 [INFO] Got command from the client 'session,2023-02-23_12-35-06,stop,testing'
ptd-server 2023-02-23 12:58:10,222 [INFO] Sending to ptd: 'Stop'
ptd-server 2023-02-23 12:58:10,223 [INFO] Reply from ptd: 'Stopping untimed measurement'
ptd-server 2023-02-23 12:58:10,234 [INFO] Sending reply to client 'OK'
ptd-server 2023-02-23 12:58:10,250 [INFO] Got command from the client 'session,2023-02-23_12-35-06,done'
ptd-server 2023-02-23 12:58:10,250 [INFO] Sending to ptd: 'Stop'
ptd-server 2023-02-23 12:58:10,978 [INFO] Reply from ptd: 'Error: no measurement to stop'
ptd-server 2023-02-23 12:58:10,979 [INFO] Sending to ptd: 'SR,V,600.000000'
ptd-server 2023-02-23 12:58:12,482 [INFO] Reply from ptd: 'Range V changed'
ptd-server 2023-02-23 12:58:12,482 [INFO] Sending to ptd: 'SR,A,0.100000'
ptd-server 2023-02-23 12:58:13,985 [INFO] Reply from ptd: 'Range A changed'
ptd-server 2023-02-23 12:58:13,985 [INFO] Set initial values for Amps 0.100000 and Volts 600.000000
ptd-server 2023-02-23 12:58:13,986 [INFO] Stopping ptd...
