ptd-server 2023-02-23 21:53:48,108 [INFO] Got command from the client 'stop'
ptd-server 2023-02-23 21:53:48,108 [INFO] The server will be stopped after processing this client
ptd-server 2023-02-23 21:53:48,108 [INFO] Sending reply to client 'OK'
ptd-server 2023-02-23 21:53:48,110 [INFO] Got command from the client 'time'
ptd-server 2023-02-23 21:53:48,111 [INFO] Sending reply to client '1677189228.111167'
ptd-server 2023-02-23 21:53:48,111 [INFO] Got command from the client 'new,,e4f54ae3-c36f-4c73-91b2-40692c6aef1a'
ptd-server 2023-02-23 21:53:48,111 [INFO] Sending reply to client 'OK 2023-02-23_21-53-48,b0587cb9-4d7a-48f3-95b2-73b672f502a0'
ptd-server 2023-02-23 21:53:48,113 [INFO] Got command from the client 'time'
ptd-server 2023-02-23 21:53:48,113 [INFO] Sending reply to client '1677189228.1139407'
ptd-server 2023-02-23 21:53:48,114 [INFO] Got command from the client 'session,2023-02-23_21-53-48,start,ranging'
ptd-server 2023-02-23 21:53:48,225 [INFO] Running PTDaemon: ['C:\\PTD\\ptd-windows-x86.exe', '-l', 'C:\\Users\\pa\\AppData\\Local\\Temp\\tmpvgi1j2l0\\ptd_logfile.txt', '-p', '8888', '-c', '1,2', '-y', '77', 'C2WL21005V']
ptd-server 2023-02-23 21:54:07,516 [INFO] Sending to ptd: 'Hello'
ptd-server 2023-02-23 21:54:07,516 [INFO] Reply from ptd: 'Hello, PTDaemon here!'
ptd-server 2023-02-23 21:54:07,517 [INFO] Sending to ptd: 'Identify'
ptd-server 2023-02-23 21:54:07,517 [INFO] Reply from ptd: 'YokogawaWT330_multichannel,1000,1,1,1,1,0,0,1,version=1.10.0-82175bac-20220817,OS=Windows 8 / Server 2012,mode=power,1,1,2,0,0,no_cal_date,YOKOGAWA;WT333;C2WL21005V;F1.04EM'
ptd-server 2023-02-23 21:54:07,518 [INFO] Connected to PTDaemon
ptd-server 2023-02-23 21:54:07,518 [INFO] Sending to ptd: 'RR'
ptd-server 2023-02-23 21:54:07,518 [INFO] Reply from ptd: 'Ranges,1,5.000000,1,150.000000'
ptd-server 2023-02-23 21:54:07,518 [INFO] Initial range for Amps is Auto for Volts is Auto
ptd-server 2023-02-23 21:54:07,519 [INFO] Sending to ptd: 'SR,V,Auto'
ptd-server 2023-02-23 21:54:12,585 [INFO] Reply from ptd: 'Range V changed'
ptd-server 2023-02-23 21:54:12,585 [INFO] Sending to ptd: 'SR,A,Auto'
ptd-server 2023-02-23 21:54:17,657 [INFO] Reply from ptd: 'Range A changed'
ptd-server 2023-02-23 21:54:27,663 [INFO] Starting ranging mode
ptd-server 2023-02-23 21:54:27,663 [INFO] Sending to ptd: 'Go,1000,0,2023-02-23_21-53-48_ranging'
ptd-server 2023-02-23 21:54:27,663 [INFO] Reply from ptd: 'Starting untimed measurement, maximum 500000 samples at 1000ms with 0 rampup samples'
ptd-server 2023-02-23 21:54:27,664 [INFO] Sending reply to client 'OK'
ptd-server 2023-02-23 22:04:36,559 [INFO] Got command from the client 'session,2023-02-23_21-53-48,stop,ranging'
ptd-server 2023-02-23 22:04:46,567 [INFO] Sending to ptd: 'Stop'
ptd-server 2023-02-23 22:04:46,567 [INFO] Reply from ptd: 'Stopping untimed measurement'
ptd-server 2023-02-23 22:04:46,593 [INFO] Sending reply to client 'OK'
ptd-server 2023-02-23 22:04:46,601 [INFO] Got command from the client 'time'
ptd-server 2023-02-23 22:04:46,602 [INFO] Sending reply to client '1677189886.6020756'
ptd-server 2023-02-23 22:04:46,602 [INFO] Got command from the client 'session,2023-02-23_21-53-48,start,testing'
ptd-server 2023-02-23 22:04:46,602 [INFO] Sending to ptd: 'SR,V,120.620000'
ptd-server 2023-02-23 22:04:52,759 [INFO] Reply from ptd: 'Range V changed'
ptd-server 2023-02-23 22:04:52,760 [INFO] Sending to ptd: 'SR,A,3.384000'
ptd-server 2023-02-23 22:04:58,335 [INFO] Reply from ptd: 'Range A changed'
ptd-server 2023-02-23 22:05:08,345 [INFO] Starting testing mode
ptd-server 2023-02-23 22:05:08,346 [INFO] Sending to ptd: 'Go,1000,0,2023-02-23_21-53-48_testing'
ptd-server 2023-02-23 22:05:08,346 [INFO] Reply from ptd: 'Starting untimed measurement, maximum 500000 samples at 1000ms with 0 rampup samples'
ptd-server 2023-02-23 22:05:08,346 [INFO] Sending reply to client 'OK'
ptd-server 2023-02-23 22:15:16,564 [INFO] Got command from the client 'session,2023-02-23_21-53-48,stop,testing'
ptd-server 2023-02-23 22:15:26,568 [INFO] Sending to ptd: 'Stop'
ptd-server 2023-02-23 22:15:26,568 [INFO] Reply from ptd: 'Stopping untimed measurement'
ptd-server 2023-02-23 22:15:26,580 [INFO] Sending reply to client 'OK'
ptd-server 2023-02-23 22:15:26,590 [INFO] Got command from the client 'session,2023-02-23_21-53-48,done'
ptd-server 2023-02-23 22:15:26,590 [INFO] Sending to ptd: 'Stop'
ptd-server 2023-02-23 22:15:27,358 [INFO] Reply from ptd: 'Error: no measurement to stop'
ptd-server 2023-02-23 22:15:27,359 [INFO] Sending to ptd: 'SR,V,Auto'
ptd-server 2023-02-23 22:15:32,429 [INFO] Reply from ptd: 'Range V changed'
ptd-server 2023-02-23 22:15:32,429 [INFO] Sending to ptd: 'SR,A,Auto'
ptd-server 2023-02-23 22:15:37,493 [INFO] Reply from ptd: 'Range A changed'
ptd-server 2023-02-23 22:15:37,493 [INFO] Set initial values for Amps Auto and Volts Auto
ptd-server 2023-02-23 22:15:37,494 [INFO] Stopping ptd...
