ptd-server 2023-02-27 01:58:18,654 [INFO] Got command from the client 'time'
ptd-server 2023-02-27 01:58:18,654 [INFO] Sending reply to client '1677463098.6547427'
ptd-server 2023-02-27 01:58:18,656 [INFO] Got command from the client 'new,,28f87de6-a2b2-463e-a8bf-1b27af49dc8b'
ptd-server 2023-02-27 01:58:18,656 [INFO] Sending reply to client 'OK 2023-02-27_01-58-18,e288ae3f-ea95-4efa-a419-cdc868be5346'
ptd-server 2023-02-27 01:58:18,683 [INFO] Got command from the client 'time'
ptd-server 2023-02-27 01:58:18,683 [INFO] Sending reply to client '1677463098.6835234'
ptd-server 2023-02-27 01:58:18,685 [INFO] Got command from the client 'session,2023-02-27_01-58-18,start,ranging'
ptd-server 2023-02-27 01:58:18,686 [INFO] Running PTDaemon: ['/home/anton/projects/mlperf/power/inference_v1.0/ptd-linux-x86', '-l', '/tmp/tmpu4v721n6/ptd_logfile.txt', '-p', '8888', '49', '/dev/usbtmc0']
ptd-server 2023-02-27 01:58:35,772 [INFO] Sending to ptd: 'Hello'
ptd-server 2023-02-27 01:58:35,772 [INFO] Reply from ptd: 'Hello, PTDaemon here!'
ptd-server 2023-02-27 01:58:35,772 [INFO] Sending to ptd: 'Identify'
ptd-server 2023-02-27 01:58:35,773 [INFO] Reply from ptd: 'YokogawaWT310E,1000,1,1,1,1,0,1,1,version=1.10.0-ed9a21d2-20220817,OS=Linux 5.15.0-60-generic #66~20.04.1-Ubuntu SMP Wed Jan 25 09:41:30 UTC 2023 x86_64,mode=power,1,1,1,0,0,no_cal_date,YOKOGAWA;WT310E;C3XA04010E;F1.04'
ptd-server 2023-02-27 01:58:35,773 [INFO] Connected to PTDaemon
ptd-server 2023-02-27 01:58:35,773 [INFO] Sending to ptd: 'RR'
ptd-server 2023-02-27 01:58:35,773 [INFO] Reply from ptd: 'Ranges,0,0.100000,0,300.000000'
ptd-server 2023-02-27 01:58:35,773 [INFO] Initial range for Amps is 0.100000 for Volts is 300.000000
ptd-server 2023-02-27 01:58:35,773 [INFO] Sending to ptd: 'SR,V,Auto'
ptd-server 2023-02-27 01:58:36,276 [INFO] Reply from ptd: 'Range V changed'
ptd-server 2023-02-27 01:58:36,276 [INFO] Sending to ptd: 'SR,A,Auto'
ptd-server 2023-02-27 01:58:36,779 [INFO] Reply from ptd: 'Range A changed'
ptd-server 2023-02-27 01:58:46,789 [INFO] Starting ranging mode
ptd-server 2023-02-27 01:58:46,789 [INFO] Sending to ptd: 'Go,1000,0,2023-02-27_01-58-18_ranging'
ptd-server 2023-02-27 01:58:46,789 [INFO] Reply from ptd: 'Starting untimed measurement, maximum 500000 samples at 1000ms with 0 rampup samples'
ptd-server 2023-02-27 01:58:46,790 [INFO] Sending reply to client 'OK'
ptd-server 2023-02-27 02:09:08,703 [INFO] Got command from the client 'session,2023-02-27_01-58-18,stop,ranging'
ptd-server 2023-02-27 02:09:18,714 [INFO] Sending to ptd: 'Stop'
ptd-server 2023-02-27 02:09:18,714 [INFO] Reply from ptd: 'Stopping untimed measurement'
ptd-server 2023-02-27 02:09:18,991 [INFO] Sending reply to client 'OK'
ptd-server 2023-02-27 02:09:19,088 [INFO] Got command from the client 'time'
ptd-server 2023-02-27 02:09:19,089 [INFO] Sending reply to client '1677463759.0890331'
ptd-server 2023-02-27 02:09:19,090 [INFO] Got command from the client 'session,2023-02-27_01-58-18,start,testing'
ptd-server 2023-02-27 02:09:19,090 [INFO] Sending to ptd: 'SR,V,252.120000'
ptd-server 2023-02-27 02:09:20,592 [INFO] Reply from ptd: 'Range V changed'
ptd-server 2023-02-27 02:09:20,592 [INFO] Sending to ptd: 'SR,A,0.052480'
ptd-server 2023-02-27 02:09:22,093 [INFO] Reply from ptd: 'Range A changed'
ptd-server 2023-02-27 02:09:32,100 [INFO] Starting testing mode
ptd-server 2023-02-27 02:09:32,100 [INFO] Sending to ptd: 'Go,1000,0,2023-02-27_01-58-18_testing'
ptd-server 2023-02-27 02:09:32,100 [INFO] Reply from ptd: 'Starting untimed measurement, maximum 500000 samples at 1000ms with 0 rampup samples'
ptd-server 2023-02-27 02:09:32,101 [INFO] Sending reply to client 'OK'
ptd-server 2023-02-27 02:19:54,434 [INFO] Got command from the client 'session,2023-02-27_01-58-18,stop,testing'
ptd-server 2023-02-27 02:20:04,444 [INFO] Sending to ptd: 'Stop'
ptd-server 2023-02-27 02:20:04,444 [INFO] Reply from ptd: 'Stopping untimed measurement'
ptd-server 2023-02-27 02:20:04,598 [INFO] Sending reply to client 'OK'
ptd-server 2023-02-27 02:20:04,615 [INFO] Got command from the client 'session,2023-02-27_01-58-18,done'
ptd-server 2023-02-27 02:20:04,615 [INFO] Sending to ptd: 'Stop'
ptd-server 2023-02-27 02:20:05,100 [INFO] Reply from ptd: 'Error: no measurement to stop'
ptd-server 2023-02-27 02:20:05,101 [INFO] Sending to ptd: 'SR,V,300.000000'
ptd-server 2023-02-27 02:20:06,602 [INFO] Reply from ptd: 'Range V changed'
ptd-server 2023-02-27 02:20:06,602 [INFO] Sending to ptd: 'SR,A,0.100000'
ptd-server 2023-02-27 02:20:08,103 [INFO] Reply from ptd: 'Range A changed'
ptd-server 2023-02-27 02:20:08,104 [INFO] Set initial values for Amps 0.100000 and Volts 300.000000
ptd-server 2023-02-27 02:20:08,104 [INFO] Stopping ptd...
