ptd-server 2023-02-25 20:12:59,286 [INFO] Got command from the client 'time'
ptd-server 2023-02-25 20:12:59,286 [INFO] Sending reply to client '1677377579.2869475'
ptd-server 2023-02-25 20:12:59,287 [INFO] Got command from the client 'new,,9b0d0f14-55f8-4831-9421-b4bfdac80750'
ptd-server 2023-02-25 20:12:59,288 [INFO] Sending reply to client 'OK 2023-02-25_20-12-59,6a9a7ab0-77de-4dba-bb37-a9ba2cfcd36a'
ptd-server 2023-02-25 20:12:59,390 [INFO] Got command from the client 'time'
ptd-server 2023-02-25 20:12:59,390 [INFO] Sending reply to client '1677377579.3903809'
ptd-server 2023-02-25 20:12:59,391 [INFO] Got command from the client 'session,2023-02-25_20-12-59,start,ranging'
ptd-server 2023-02-25 20:12:59,391 [INFO] Running PTDaemon: ['/local/mnt/workspace/mlcommons/power-main/inference_v1.0/ptd-linux-x86', '-l', '/tmp/tmpan3h5n7p/ptd_logfile.txt', '-p', '8888', '-c', '1', '49', '/dev/usbtmc0']
ptd-server 2023-02-25 20:13:16,415 [INFO] Sending to ptd: 'Hello'
ptd-server 2023-02-25 20:13:16,416 [INFO] Reply from ptd: 'Hello, PTDaemon here!'
ptd-server 2023-02-25 20:13:16,416 [INFO] Sending to ptd: 'Identify'
ptd-server 2023-02-25 20:13:16,416 [INFO] Reply from ptd: 'YokogawaWT310E,1000,1,1,1,1,0,1,1,version=1.10.0-ed9a21d2-20220817,OS=Linux 5.4.0-120-generic #136~18.04.1-Ubuntu SMP Fri Jun 10 18:00:44 UTC 2022 x86_64,mode=power,1,1,1,0,0,no_cal_date,YOKOGAWA;WT310E;C2YK12023V;F1.04'
ptd-server 2023-02-25 20:13:16,417 [INFO] Connected to PTDaemon
ptd-server 2023-02-25 20:13:16,417 [INFO] Sending to ptd: 'RR'
ptd-server 2023-02-25 20:13:16,418 [INFO] Reply from ptd: 'Ranges,1,5.000000,1,150.000000'
ptd-server 2023-02-25 20:13:16,418 [INFO] Initial range for Amps is Auto for Volts is Auto
ptd-server 2023-02-25 20:13:16,418 [INFO] Sending to ptd: 'SR,V,Auto'
ptd-server 2023-02-25 20:13:16,921 [INFO] Reply from ptd: 'Range V changed'
ptd-server 2023-02-25 20:13:16,922 [INFO] Sending to ptd: 'SR,A,Auto'
ptd-server 2023-02-25 20:13:17,425 [INFO] Reply from ptd: 'Range A changed'
ptd-server 2023-02-25 20:13:27,435 [INFO] Starting ranging mode
ptd-server 2023-02-25 20:13:27,436 [INFO] Sending to ptd: 'Go,1000,0,2023-02-25_20-12-59_ranging'
ptd-server 2023-02-25 20:13:27,436 [INFO] Reply from ptd: 'Starting untimed measurement, maximum 500000 samples at 1000ms with 0 rampup samples'
ptd-server 2023-02-25 20:13:27,437 [INFO] Sending reply to client 'OK'
ptd-server 2023-02-25 20:27:07,709 [INFO] Got command from the client 'session,2023-02-25_20-12-59,stop,ranging'
ptd-server 2023-02-25 20:27:17,719 [INFO] Sending to ptd: 'Stop'
ptd-server 2023-02-25 20:27:17,720 [INFO] Reply from ptd: 'Stopping untimed measurement'
ptd-server 2023-02-25 20:27:17,740 [INFO] Sending reply to client 'OK'
ptd-server 2023-02-25 20:27:17,847 [INFO] Got command from the client 'time'
ptd-server 2023-02-25 20:27:17,847 [INFO] Sending reply to client '1677378437.8479095'
ptd-server 2023-02-25 20:27:17,848 [INFO] Got command from the client 'session,2023-02-25_20-12-59,start,testing'
ptd-server 2023-02-25 20:27:17,849 [INFO] Sending to ptd: 'SR,V,123.240000'
ptd-server 2023-02-25 20:27:19,938 [INFO] Reply from ptd: 'Range V changed'
ptd-server 2023-02-25 20:27:19,939 [INFO] Sending to ptd: 'SR,A,3.519900'
ptd-server 2023-02-25 20:27:21,441 [INFO] Reply from ptd: 'Range A changed'
ptd-server 2023-02-25 20:27:31,452 [INFO] Starting testing mode
ptd-server 2023-02-25 20:27:31,452 [INFO] Sending to ptd: 'Go,1000,0,2023-02-25_20-12-59_testing'
ptd-server 2023-02-25 20:27:31,453 [INFO] Reply from ptd: 'Starting untimed measurement, maximum 500000 samples at 1000ms with 0 rampup samples'
ptd-server 2023-02-25 20:27:31,453 [INFO] Sending reply to client 'OK'
ptd-server 2023-02-25 20:41:11,897 [INFO] Got command from the client 'session,2023-02-25_20-12-59,stop,testing'
ptd-server 2023-02-25 20:41:21,908 [INFO] Sending to ptd: 'Stop'
ptd-server 2023-02-25 20:41:21,908 [INFO] Reply from ptd: 'Stopping untimed measurement'
ptd-server 2023-02-25 20:41:21,917 [INFO] Sending reply to client 'OK'
ptd-server 2023-02-25 20:41:21,922 [INFO] Got command from the client 'session,2023-02-25_20-12-59,done'
ptd-server 2023-02-25 20:41:21,923 [INFO] Sending to ptd: 'Stop'
ptd-server 2023-02-25 20:41:22,454 [INFO] Reply from ptd: 'Error: no measurement to stop'
ptd-server 2023-02-25 20:41:22,454 [INFO] Sending to ptd: 'SR,V,Auto'
ptd-server 2023-02-25 20:41:22,957 [INFO] Reply from ptd: 'Range V changed'
ptd-server 2023-02-25 20:41:22,958 [INFO] Sending to ptd: 'SR,A,Auto'
ptd-server 2023-02-25 20:41:23,461 [INFO] Reply from ptd: 'Range A changed'
ptd-server 2023-02-25 20:41:23,461 [INFO] Set initial values for Amps Auto and Volts Auto
ptd-server 2023-02-25 20:41:23,461 [INFO] Stopping ptd...
