client 2023-02-23 17:40:27,668 [INFO] Creating output directory '/home/arjun/mobilenet_results/valid_results/arjun_orin-tflite_cpp-cpu-tflite-vmaster-default_config/mobilenet-v1-precision_float-0.5-192/singlestream/performance/tmp_power'
client 2023-02-23 17:40:27,757 [INFO] Sending command to the server: 'mlcommons/power client v3'
client 2023-02-23 17:40:27,760 [INFO] Got response: 'mlcommons/power server v3'
client 2023-02-23 17:40:27,760 [INFO] Synchronizing with the server and with time.google.com...
client 2023-02-23 17:40:27,793 [INFO] NTP:offset = 0.001 s, delay = 0.019 s 
client 2023-02-23 17:40:27,793 [INFO] Sending command to the server: 'time'
client 2023-02-23 17:40:27,798 [INFO] Got response: '1677174027.7993877'
client 2023-02-23 17:40:27,798 [INFO] The time difference between the client and the server is within range -5.750 ms..-0.775 ms
client 2023-02-23 17:40:27,798 [INFO] Sending command to the server: 'new,,58770aa0-4bf3-4e80-b379-81d3c36a09e5'
client 2023-02-23 17:40:27,803 [INFO] Got response: 'OK 2023-02-23_17-40-27,0ece4c6f-bad6-406e-a534-bfd231b0b80e'
client 2023-02-23 17:40:27,803 [INFO] Session id is '2023-02-23_17-40-27'
client 2023-02-23 17:40:27,803 [INFO] Sources: {"sources": {"__init__.py": "da39a3ee5e6b4b0d3255bfef95601890afd80709", "client.py": "33ca4f26368777ac06e01f9567b714a4b8063886", "lib/__init__.py": "da39a3ee5e6b4b0d3255bfef95601890afd80709", "lib/client.py": "4c2b78fb4849a7e5b584ef792d82aaed20b17f57", "lib/common.py": "624d0c0acc7c39aaff3674f0b99d6a09da53d1dc", "lib/external/__init__.py": "da39a3ee5e6b4b0d3255bfef95601890afd80709", "lib/external/ntplib.py": "4da8f970656505a40483206ef2b5d3dd5e81711d", "lib/server.py": "cda0cdfaee9bfa1249c64a7dd4f89b7bf1b279f0", "lib/source_hashes.py": "60a2e02193209e8d392803326208d5466342da18", "lib/summary.py": "aa92f0a3f975eecd44d3c0cd0236342ccc9f941d", "lib/time_sync.py": "3210db56eb0ff0df57bf4293dc4d4b03fffd46f1", "server.py": "c3f90f2f7eeb4db30727556d0c815ebc89b3d28b", "tests/unit/__init__.py": "da39a3ee5e6b4b0d3255bfef95601890afd80709", "tests/unit/test_server.py": "99ae15aef722f2000ee6ed1ae1523637bf1ae42b", "tests/unit/test_source_hashes.py": "00468a2907583c593e6574a1f6b404e4651c221a"}, "modules": {"ptd_client_server.lib.client": "lib/client.py", "ptd_client_server.lib.common": "lib/common.py", "ptd_client_server.lib.external.ntplib": "lib/external/ntplib.py", "ptd_client_server.lib.source_hashes": "lib/source_hashes.py", "ptd_client_server.lib.summary": "lib/summary.py", "ptd_client_server.lib.time_sync": "lib/time_sync.py"}}
client 2023-02-23 17:40:27,804 [INFO] Running workload in ranging mode
client 2023-02-23 17:40:27,804 [INFO] Synchronizing with the server and with time.google.com...
client 2023-02-23 17:40:27,824 [INFO] NTP:offset = 0.000 s, delay = 0.018 s 
client 2023-02-23 17:40:27,825 [INFO] Sending command to the server: 'time'
client 2023-02-23 17:40:27,834 [INFO] Got response: '1677174027.8354151'
client 2023-02-23 17:40:27,834 [INFO] The time difference between the client and the server is within range -10.441 ms..-0.714 ms
client 2023-02-23 17:40:27,834 [INFO] Sending command to the server: 'session,2023-02-23_17-40-27,start,ranging'
client 2023-02-23 17:40:55,967 [INFO] Got response: 'OK'
client 2023-02-23 17:40:55,968 [INFO] Running the workload '/home/arjun/run.out'
client 2023-02-23 17:51:49,441 [INFO] Sending command to the server: 'session,2023-02-23_17-40-27,stop,ranging'
client 2023-02-23 17:51:59,608 [INFO] Got response: 'OK'
client 2023-02-23 17:51:59,648 [INFO] Copying loadgen logs from '/home/arjun/mobilenet_results/valid_results/arjun_orin-tflite_cpp-cpu-tflite-vmaster-default_config/mobilenet-v1-precision_float-0.5-192/singlestream/performance/run_1' to '/home/arjun/mobilenet_results/valid_results/arjun_orin-tflite_cpp-cpu-tflite-vmaster-default_config/mobilenet-v1-precision_float-0.5-192/singlestream/performance/tmp_power/ranging'
client 2023-02-23 17:51:59,651 [INFO] Running workload in testing mode
client 2023-02-23 17:51:59,651 [INFO] Synchronizing with the server and with time.google.com...
client 2023-02-23 17:51:59,676 [INFO] NTP:offset = -0.000 s, delay = 0.020 s 
client 2023-02-23 17:51:59,677 [INFO] Sending command to the server: 'time'
client 2023-02-23 17:51:59,819 [INFO] Got response: '1677174719.819129'
client 2023-02-23 17:51:59,819 [INFO] The time difference between the client and the server is within range -142.040 ms..0.121 ms
client 2023-02-23 17:51:59,819 [INFO] Sending command to the server: 'session,2023-02-23_17-40-27,start,testing'
client 2023-02-23 17:52:12,989 [INFO] Got response: 'OK'
client 2023-02-23 17:52:12,990 [INFO] Running the workload '/home/arjun/run.out'
client 2023-02-23 18:03:04,791 [INFO] Sending command to the server: 'session,2023-02-23_17-40-27,stop,testing'
client 2023-02-23 18:03:14,891 [INFO] Got response: 'OK'
client 2023-02-23 18:03:14,896 [INFO] Copying loadgen logs from '/home/arjun/mobilenet_results/valid_results/arjun_orin-tflite_cpp-cpu-tflite-vmaster-default_config/mobilenet-v1-precision_float-0.5-192/singlestream/performance/run_1' to '/home/arjun/mobilenet_results/valid_results/arjun_orin-tflite_cpp-cpu-tflite-vmaster-default_config/mobilenet-v1-precision_float-0.5-192/singlestream/performance/tmp_power/run_1'
client 2023-02-23 18:03:14,898 [INFO] Done runs
