ptd-server 2023-02-23 17:40:27,799 [INFO] Got command from the client 'time'
ptd-server 2023-02-23 17:40:27,799 [INFO] Sending reply to client '1677174027.7993877'
ptd-server 2023-02-23 17:40:27,802 [INFO] Got command from the client 'new,,58770aa0-4bf3-4e80-b379-81d3c36a09e5'
ptd-server 2023-02-23 17:40:27,804 [INFO] Sending reply to client 'OK 2023-02-23_17-40-27,0ece4c6f-bad6-406e-a534-bfd231b0b80e'
ptd-server 2023-02-23 17:40:27,835 [INFO] Got command from the client 'time'
ptd-server 2023-02-23 17:40:27,835 [INFO] Sending reply to client '1677174027.8354151'
ptd-server 2023-02-23 17:40:27,842 [INFO] Got command from the client 'session,2023-02-23_17-40-27,start,ranging'
ptd-server 2023-02-23 17:40:27,843 [INFO] Running PTDaemon: ['/media/arjun/T7_Touch/hp-envy/CM/repos/local/cache/9b3695ca8255492a/power/inference_v1.0/ptd-linux-x86', '-l', '/tmp/tmpti64566v/ptd_logfile.txt', '-p', '8888', '49', '/dev/usbtmc0']
ptd-server 2023-02-23 17:40:44,942 [INFO] Sending to ptd: 'Hello'
ptd-server 2023-02-23 17:40:44,943 [INFO] Reply from ptd: 'Hello, PTDaemon here!'
ptd-server 2023-02-23 17:40:44,943 [INFO] Sending to ptd: 'Identify'
ptd-server 2023-02-23 17:40:44,944 [INFO] Reply from ptd: 'YokogawaWT310E,1000,1,1,1,1,0,1,1,version=1.10.0-ed9a21d2-20220817,OS=Linux 5.15.0-56-generic #62-Ubuntu SMP Tue Nov 22 19:54:14 UTC 2022 x86_64,mode=power,1,1,1,0,0,no_cal_date,YOKOGAWA;WT310E;C3YD21068E;F1.04'
ptd-server 2023-02-23 17:40:44,944 [INFO] Connected to PTDaemon
ptd-server 2023-02-23 17:40:44,944 [INFO] Sending to ptd: 'RR'
ptd-server 2023-02-23 17:40:44,945 [INFO] Reply from ptd: 'Ranges,0,0.100000,0,600.000000'
ptd-server 2023-02-23 17:40:44,945 [INFO] Initial range for Amps is 0.100000 for Volts is 600.000000
ptd-server 2023-02-23 17:40:44,946 [INFO] Sending to ptd: 'SR,V,Auto'
ptd-server 2023-02-23 17:40:45,449 [INFO] Reply from ptd: 'Range V changed'
ptd-server 2023-02-23 17:40:45,450 [INFO] Sending to ptd: 'SR,A,Auto'
ptd-server 2023-02-23 17:40:45,953 [INFO] Reply from ptd: 'Range A changed'
ptd-server 2023-02-23 17:40:55,964 [INFO] Starting ranging mode
ptd-server 2023-02-23 17:40:55,965 [INFO] Sending to ptd: 'Go,1000,0,2023-02-23_17-40-27_ranging'
ptd-server 2023-02-23 17:40:55,966 [INFO] Reply from ptd: 'Starting untimed measurement, maximum 500000 samples at 1000ms with 0 rampup samples'
ptd-server 2023-02-23 17:40:55,966 [INFO] Sending reply to client 'OK'
ptd-server 2023-02-23 17:51:49,558 [INFO] Got command from the client 'session,2023-02-23_17-40-27,stop,ranging'
ptd-server 2023-02-23 17:51:59,569 [INFO] Sending to ptd: 'Stop'
ptd-server 2023-02-23 17:51:59,570 [INFO] Reply from ptd: 'Stopping untimed measurement'
ptd-server 2023-02-23 17:51:59,607 [INFO] Sending reply to client 'OK'
ptd-server 2023-02-23 17:51:59,818 [INFO] Got command from the client 'time'
ptd-server 2023-02-23 17:51:59,819 [INFO] Sending reply to client '1677174719.819129'
ptd-server 2023-02-23 17:51:59,882 [INFO] Got command from the client 'session,2023-02-23_17-40-27,start,testing'
ptd-server 2023-02-23 17:51:59,883 [INFO] Sending to ptd: 'SR,V,249.660000'
ptd-server 2023-02-23 17:52:01,469 [INFO] Reply from ptd: 'Range V changed'
ptd-server 2023-02-23 17:52:01,470 [INFO] Sending to ptd: 'SR,A,0.175440'
ptd-server 2023-02-23 17:52:02,972 [INFO] Reply from ptd: 'Range A changed'
ptd-server 2023-02-23 17:52:12,983 [INFO] Starting testing mode
ptd-server 2023-02-23 17:52:12,984 [INFO] Sending to ptd: 'Go,1000,0,2023-02-23_17-40-27_testing'
ptd-server 2023-02-23 17:52:12,985 [INFO] Reply from ptd: 'Starting untimed measurement, maximum 500000 samples at 1000ms with 0 rampup samples'
ptd-server 2023-02-23 17:52:12,985 [INFO] Sending reply to client 'OK'
ptd-server 2023-02-23 18:03:04,855 [INFO] Got command from the client 'session,2023-02-23_17-40-27,stop,testing'
ptd-server 2023-02-23 18:03:14,866 [INFO] Sending to ptd: 'Stop'
ptd-server 2023-02-23 18:03:14,867 [INFO] Reply from ptd: 'Stopping untimed measurement'
ptd-server 2023-02-23 18:03:14,889 [INFO] Sending reply to client 'OK'
ptd-server 2023-02-23 18:03:14,906 [INFO] Got command from the client 'session,2023-02-23_17-40-27,done'
ptd-server 2023-02-23 18:03:14,906 [INFO] Sending to ptd: 'Stop'
ptd-server 2023-02-23 18:03:14,987 [INFO] Reply from ptd: 'Error: no measurement to stop'
ptd-server 2023-02-23 18:03:14,987 [INFO] Sending to ptd: 'SR,V,600.000000'
ptd-server 2023-02-23 18:03:16,490 [INFO] Reply from ptd: 'Range V changed'
ptd-server 2023-02-23 18:03:16,491 [INFO] Sending to ptd: 'SR,A,0.100000'
ptd-server 2023-02-23 18:03:17,994 [INFO] Reply from ptd: 'Range A changed'
ptd-server 2023-02-23 18:03:17,994 [INFO] Set initial values for Amps 0.100000 and Volts 600.000000
ptd-server 2023-02-23 18:03:17,995 [INFO] Stopping ptd...
