ptd-server 2023-02-25 13:27:30,529 [INFO] Got command from the client 'time'
ptd-server 2023-02-25 13:27:30,529 [INFO] Sending reply to client '1677331650.5292575'
ptd-server 2023-02-25 13:27:30,531 [INFO] Got command from the client 'new,,9d93d72b-2069-4a76-922b-4c752a1d4227'
ptd-server 2023-02-25 13:27:30,531 [INFO] Sending reply to client 'OK 2023-02-25_13-27-30,35457b35-6d17-4d4d-b1b2-67f0d4a69060'
ptd-server 2023-02-25 13:27:30,555 [INFO] Got command from the client 'time'
ptd-server 2023-02-25 13:27:30,556 [INFO] Sending reply to client '1677331650.5561574'
ptd-server 2023-02-25 13:27:30,557 [INFO] Got command from the client 'session,2023-02-25_13-27-30,start,ranging'
ptd-server 2023-02-25 13:27:30,558 [INFO] Running PTDaemon: ['/home/anton/projects/mlperf/power/inference_v1.0/ptd-linux-x86', '-l', '/tmp/tmpu4v721n6/ptd_logfile.txt', '-p', '8888', '49', '/dev/usbtmc0']
ptd-server 2023-02-25 13:27:47,644 [INFO] Sending to ptd: 'Hello'
ptd-server 2023-02-25 13:27:47,645 [INFO] Reply from ptd: 'Hello, PTDaemon here!'
ptd-server 2023-02-25 13:27:47,645 [INFO] Sending to ptd: 'Identify'
ptd-server 2023-02-25 13:27:47,645 [INFO] Reply from ptd: 'YokogawaWT310E,1000,1,1,1,1,0,1,1,version=1.10.0-ed9a21d2-20220817,OS=Linux 5.15.0-60-generic #66~20.04.1-Ubuntu SMP Wed Jan 25 09:41:30 UTC 2023 x86_64,mode=power,1,1,1,0,0,no_cal_date,YOKOGAWA;WT310E;C3XA04010E;F1.04'
ptd-server 2023-02-25 13:27:47,646 [INFO] Connected to PTDaemon
ptd-server 2023-02-25 13:27:47,646 [INFO] Sending to ptd: 'RR'
ptd-server 2023-02-25 13:27:47,646 [INFO] Reply from ptd: 'Ranges,0,0.100000,0,300.000000'
ptd-server 2023-02-25 13:27:47,646 [INFO] Initial range for Amps is 0.100000 for Volts is 300.000000
ptd-server 2023-02-25 13:27:47,646 [INFO] Sending to ptd: 'SR,V,Auto'
ptd-server 2023-02-25 13:27:48,149 [INFO] Reply from ptd: 'Range V changed'
ptd-server 2023-02-25 13:27:48,149 [INFO] Sending to ptd: 'SR,A,Auto'
ptd-server 2023-02-25 13:27:48,651 [INFO] Reply from ptd: 'Range A changed'
ptd-server 2023-02-25 13:27:58,661 [INFO] Starting ranging mode
ptd-server 2023-02-25 13:27:58,662 [INFO] Sending to ptd: 'Go,1000,0,2023-02-25_13-27-30_ranging'
ptd-server 2023-02-25 13:27:58,662 [INFO] Reply from ptd: 'Starting untimed measurement, maximum 500000 samples at 1000ms with 0 rampup samples'
ptd-server 2023-02-25 13:27:58,662 [INFO] Sending reply to client 'OK'
ptd-server 2023-02-25 13:38:13,807 [INFO] Got command from the client 'session,2023-02-25_13-27-30,stop,ranging'
ptd-server 2023-02-25 13:38:23,817 [INFO] Sending to ptd: 'Stop'
ptd-server 2023-02-25 13:38:23,818 [INFO] Reply from ptd: 'Stopping untimed measurement'
ptd-server 2023-02-25 13:38:23,918 [INFO] Sending reply to client 'OK'
ptd-server 2023-02-25 13:38:23,970 [INFO] Got command from the client 'time'
ptd-server 2023-02-25 13:38:23,970 [INFO] Sending reply to client '1677332303.9701896'
ptd-server 2023-02-25 13:38:23,973 [INFO] Got command from the client 'session,2023-02-25_13-27-30,start,testing'
ptd-server 2023-02-25 13:38:23,973 [INFO] Sending to ptd: 'SR,V,250.920000'
ptd-server 2023-02-25 13:38:26,163 [INFO] Reply from ptd: 'Range V changed'
ptd-server 2023-02-25 13:38:26,163 [INFO] Sending to ptd: 'SR,A,0.045050'
ptd-server 2023-02-25 13:38:27,665 [INFO] Reply from ptd: 'Range A changed'
ptd-server 2023-02-25 13:38:37,675 [INFO] Starting testing mode
ptd-server 2023-02-25 13:38:37,675 [INFO] Sending to ptd: 'Go,1000,0,2023-02-25_13-27-30_testing'
ptd-server 2023-02-25 13:38:37,676 [INFO] Reply from ptd: 'Starting untimed measurement, maximum 500000 samples at 1000ms with 0 rampup samples'
ptd-server 2023-02-25 13:38:37,676 [INFO] Sending reply to client 'OK'
ptd-server 2023-02-25 13:48:52,725 [INFO] Got command from the client 'session,2023-02-25_13-27-30,stop,testing'
ptd-server 2023-02-25 13:49:02,732 [INFO] Sending to ptd: 'Stop'
ptd-server 2023-02-25 13:49:02,732 [INFO] Reply from ptd: 'Stopping untimed measurement'
ptd-server 2023-02-25 13:49:02,783 [INFO] Sending reply to client 'OK'
ptd-server 2023-02-25 13:49:02,803 [INFO] Got command from the client 'session,2023-02-25_13-27-30,done'
ptd-server 2023-02-25 13:49:02,804 [INFO] Sending to ptd: 'Stop'
ptd-server 2023-02-25 13:49:03,677 [INFO] Reply from ptd: 'Error: no measurement to stop'
ptd-server 2023-02-25 13:49:03,677 [INFO] Sending to ptd: 'SR,V,300.000000'
ptd-server 2023-02-25 13:49:05,178 [INFO] Reply from ptd: 'Range V changed'
ptd-server 2023-02-25 13:49:05,179 [INFO] Sending to ptd: 'SR,A,0.100000'
ptd-server 2023-02-25 13:49:06,680 [INFO] Reply from ptd: 'Range A changed'
ptd-server 2023-02-25 13:49:06,680 [INFO] Set initial values for Amps 0.100000 and Volts 300.000000
ptd-server 2023-02-25 13:49:06,680 [INFO] Stopping ptd...
