client 2023-02-28 19:16:40,415 [INFO] Sending command to the server: 'mlcommons/power client v3'
client 2023-02-28 19:16:40,416 [INFO] Got response: 'mlcommons/power server v3'
client 2023-02-28 19:16:40,416 [INFO] Sending command to the server: 'stop'
client 2023-02-28 19:16:40,416 [INFO] Got response: 'OK'
client 2023-02-28 19:16:40,417 [INFO] Synchronizing with the server and with ib-01.dc4-in.nvidia.com...
client 2023-02-28 19:16:40,627 [INFO] NTP:offset = 0.001 s, delay = 0.205 s 
client 2023-02-28 19:16:40,627 [INFO] Sending command to the server: 'time'
client 2023-02-28 19:16:40,628 [INFO] Got response: '1677611800.6301353'
client 2023-02-28 19:16:40,628 [INFO] The time difference between the client and the server is within range -2.728 ms..-1.648 ms
client 2023-02-28 19:16:40,628 [INFO] Sending command to the server: 'new,,9091f90e-9065-4421-8b48-e4cca7b305a3'
client 2023-02-28 19:16:40,630 [INFO] Got response: 'OK 2023-02-28_11-16-40,3c38328e-c68c-4f68-a654-67a2c850784e'
client 2023-02-28 19:16:40,630 [INFO] Session id is '2023-02-28_11-16-40'
client 2023-02-28 19:16:40,630 [INFO] Sources: {"sources": {"__init__.py": "da39a3ee5e6b4b0d3255bfef95601890afd80709", "client.py": "33ca4f26368777ac06e01f9567b714a4b8063886", "lib/__init__.py": "da39a3ee5e6b4b0d3255bfef95601890afd80709", "lib/client.py": "4c2b78fb4849a7e5b584ef792d82aaed20b17f57", "lib/common.py": "624d0c0acc7c39aaff3674f0b99d6a09da53d1dc", "lib/external/__init__.py": "da39a3ee5e6b4b0d3255bfef95601890afd80709", "lib/external/ntplib.py": "4da8f970656505a40483206ef2b5d3dd5e81711d", "lib/server.py": "cda0cdfaee9bfa1249c64a7dd4f89b7bf1b279f0", "lib/source_hashes.py": "60a2e02193209e8d392803326208d5466342da18", "lib/summary.py": "aa92f0a3f975eecd44d3c0cd0236342ccc9f941d", "lib/time_sync.py": "3210db56eb0ff0df57bf4293dc4d4b03fffd46f1", "server.py": "c3f90f2f7eeb4db30727556d0c815ebc89b3d28b", "tests/unit/__init__.py": "da39a3ee5e6b4b0d3255bfef95601890afd80709", "tests/unit/test_server.py": "99ae15aef722f2000ee6ed1ae1523637bf1ae42b", "tests/unit/test_source_hashes.py": "00468a2907583c593e6574a1f6b404e4651c221a"}, "modules": {"ptd_client_server.lib.client": "lib/client.py", "ptd_client_server.lib.common": "lib/common.py", "ptd_client_server.lib.external.ntplib": "lib/external/ntplib.py", "ptd_client_server.lib.source_hashes": "lib/source_hashes.py", "ptd_client_server.lib.summary": "lib/summary.py", "ptd_client_server.lib.time_sync": "lib/time_sync.py"}}
client 2023-02-28 19:16:40,634 [INFO] Running workload in ranging mode
client 2023-02-28 19:16:40,634 [INFO] Synchronizing with the server and with ib-01.dc4-in.nvidia.com...
client 2023-02-28 19:16:40,841 [INFO] NTP:offset = 0.001 s, delay = 0.205 s 
client 2023-02-28 19:16:40,841 [INFO] Sending command to the server: 'time'
client 2023-02-28 19:16:40,842 [INFO] Got response: '1677611800.8440218'
client 2023-02-28 19:16:40,842 [INFO] The time difference between the client and the server is within range -2.635 ms..-1.417 ms
client 2023-02-28 19:16:40,842 [INFO] Sending command to the server: 'session,2023-02-28_11-16-40,start,ranging'
client 2023-02-28 19:17:20,751 [INFO] Got response: 'OK'
client 2023-02-28 19:17:20,751 [INFO] Running the workload 'LOG_DIR=/work/build/power_logs_temp python3 -m code.main --benchmarks=bert --scenarios=Server --config_ver=maxq_high_accuracy --test_mode=PerformanceOnly --action="run_harness" \\\n\t\t2>&1 | tee -a /work/build/power_logs/2023.02.28-19.16.21/stdout.txt \\\n\t\t&& if [ ! -d /work/build/power_logs/2023.02.28-19.16.21/ranging_tmp ]; \\\n\t\t\tthen mkdir /work/build/power_logs/2023.02.28-19.16.21/ranging_tmp \\\n\t\t\t\t&& mv /work/build/power_logs_temp/* /work/build/power_logs/2023.02.28-19.16.21/ranging_tmp/ \\\n\t\t\t\t&& cp -v /work/build/power_logs/2023.02.28-19.16.21/ranging_tmp/*/*/*/mlperf_log_detail.txt /work/build/power_logs_temp/ \\\n\t\t\t\t&& cp -v /work/build/power_logs/2023.02.28-19.16.21/ranging_tmp/*/*/*/mlperf_log_summary.txt /work/build/power_logs_temp/; \\\n\t\t\telse mkdir /work/build/power_logs/2023.02.28-19.16.21/testing_tmp \\\n\t\t\t\t&& mv /work/build/power_logs_temp/* /work/build/power_logs/2023.02.28-19.16.21/testing_tmp/ \\\n\t\t\t\t&& cp -v /work/build/power_logs/2023.02.28-19.16.21/testing_tmp/*/*/*/mlperf_log_detail.txt /work/build/power_logs_temp/ \\\n\t\t\t\t&& cp -v /work/build/power_logs/2023.02.28-19.16.21/testing_tmp/*/*/*/mlperf_log_summary.txt /work/build/power_logs_temp/; fi'
client 2023-02-28 19:28:20,488 [INFO] Sending command to the server: 'session,2023-02-28_11-16-40,stop,ranging'
client 2023-02-28 19:28:30,529 [INFO] Got response: 'OK'
client 2023-02-28 19:28:30,569 [INFO] Copying loadgen logs from '/work/build/power_logs_temp' to '/work/build/power_logs/2023.02.28-19.16.21/2023-02-28_11-16-40/ranging'
client 2023-02-28 19:28:30,587 [INFO] Running workload in testing mode
client 2023-02-28 19:28:30,587 [INFO] Synchronizing with the server and with ib-01.dc4-in.nvidia.com...
client 2023-02-28 19:28:30,797 [INFO] NTP:offset = -0.000 s, delay = 0.207 s 
client 2023-02-28 19:28:30,797 [INFO] Sending command to the server: 'time'
client 2023-02-28 19:28:30,798 [INFO] Got response: '1677612510.8006046'
client 2023-02-28 19:28:30,798 [INFO] The time difference between the client and the server is within range -3.365 ms..-2.163 ms
client 2023-02-28 19:28:30,798 [INFO] Sending command to the server: 'session,2023-02-28_11-16-40,start,testing'
client 2023-02-28 19:28:52,422 [INFO] Got response: 'OK'
client 2023-02-28 19:28:52,422 [INFO] Running the workload 'LOG_DIR=/work/build/power_logs_temp python3 -m code.main --benchmarks=bert --scenarios=Server --config_ver=maxq_high_accuracy --test_mode=PerformanceOnly --action="run_harness" \\\n\t\t2>&1 | tee -a /work/build/power_logs/2023.02.28-19.16.21/stdout.txt \\\n\t\t&& if [ ! -d /work/build/power_logs/2023.02.28-19.16.21/ranging_tmp ]; \\\n\t\t\tthen mkdir /work/build/power_logs/2023.02.28-19.16.21/ranging_tmp \\\n\t\t\t\t&& mv /work/build/power_logs_temp/* /work/build/power_logs/2023.02.28-19.16.21/ranging_tmp/ \\\n\t\t\t\t&& cp -v /work/build/power_logs/2023.02.28-19.16.21/ranging_tmp/*/*/*/mlperf_log_detail.txt /work/build/power_logs_temp/ \\\n\t\t\t\t&& cp -v /work/build/power_logs/2023.02.28-19.16.21/ranging_tmp/*/*/*/mlperf_log_summary.txt /work/build/power_logs_temp/; \\\n\t\t\telse mkdir /work/build/power_logs/2023.02.28-19.16.21/testing_tmp \\\n\t\t\t\t&& mv /work/build/power_logs_temp/* /work/build/power_logs/2023.02.28-19.16.21/testing_tmp/ \\\n\t\t\t\t&& cp -v /work/build/power_logs/2023.02.28-19.16.21/testing_tmp/*/*/*/mlperf_log_detail.txt /work/build/power_logs_temp/ \\\n\t\t\t\t&& cp -v /work/build/power_logs/2023.02.28-19.16.21/testing_tmp/*/*/*/mlperf_log_summary.txt /work/build/power_logs_temp/; fi'
client 2023-02-28 19:39:51,291 [INFO] Sending command to the server: 'session,2023-02-28_11-16-40,stop,testing'
client 2023-02-28 19:40:01,304 [INFO] Got response: 'OK'
client 2023-02-28 19:40:01,312 [INFO] Copying loadgen logs from '/work/build/power_logs_temp' to '/work/build/power_logs/2023.02.28-19.16.21/2023-02-28_11-16-40/run_1'
client 2023-02-28 19:40:01,330 [INFO] Done runs
