ptd-server 2023-02-23 23:04:00,579 [INFO] Got command from the client 'time'
ptd-server 2023-02-23 23:04:00,579 [INFO] Sending reply to client '1677193440.5796757'
ptd-server 2023-02-23 23:04:00,580 [INFO] Got command from the client 'new,,25441bf0-8149-4c39-858b-82c394ad7986'
ptd-server 2023-02-23 23:04:00,581 [INFO] Sending reply to client 'OK 2023-02-23_23-04-00,6da4dc50-f125-43f7-8cac-aec872cf501a'
ptd-server 2023-02-23 23:04:00,689 [INFO] Got command from the client 'time'
ptd-server 2023-02-23 23:04:00,689 [INFO] Sending reply to client '1677193440.6896775'
ptd-server 2023-02-23 23:04:00,690 [INFO] Got command from the client 'session,2023-02-23_23-04-00,start,ranging'
ptd-server 2023-02-23 23:04:00,690 [INFO] Running PTDaemon: ['/home/anton/projects/mlperf/power/inference_v1.0/ptd-linux-x86', '-l', '/tmp/tmp4yl1neqp/ptd_logfile.txt', '-p', '8888', '49', '/dev/usbtmc0']
ptd-server 2023-02-23 23:04:17,764 [INFO] Sending to ptd: 'Hello'
ptd-server 2023-02-23 23:04:17,765 [INFO] Reply from ptd: 'Hello, PTDaemon here!'
ptd-server 2023-02-23 23:04:17,765 [INFO] Sending to ptd: 'Identify'
ptd-server 2023-02-23 23:04:17,765 [INFO] Reply from ptd: 'YokogawaWT310E,1000,1,1,1,1,0,1,1,version=1.10.0-ed9a21d2-20220817,OS=Linux 5.15.0-60-generic #66~20.04.1-Ubuntu SMP Wed Jan 25 09:41:30 UTC 2023 x86_64,mode=power,1,1,1,0,0,no_cal_date,YOKOGAWA;WT310E;C3XA04010E;F1.04'
ptd-server 2023-02-23 23:04:17,765 [INFO] Connected to PTDaemon
ptd-server 2023-02-23 23:04:17,765 [INFO] Sending to ptd: 'RR'
ptd-server 2023-02-23 23:04:17,766 [INFO] Reply from ptd: 'Ranges,1,0.100000,1,300.000000'
ptd-server 2023-02-23 23:04:17,766 [INFO] Initial range for Amps is Auto for Volts is Auto
ptd-server 2023-02-23 23:04:17,766 [INFO] Sending to ptd: 'SR,V,Auto'
ptd-server 2023-02-23 23:04:18,268 [INFO] Reply from ptd: 'Range V changed'
ptd-server 2023-02-23 23:04:18,269 [INFO] Sending to ptd: 'SR,A,Auto'
ptd-server 2023-02-23 23:04:18,771 [INFO] Reply from ptd: 'Range A changed'
ptd-server 2023-02-23 23:04:28,781 [INFO] Starting ranging mode
ptd-server 2023-02-23 23:04:28,782 [INFO] Sending to ptd: 'Go,1000,0,2023-02-23_23-04-00_ranging'
ptd-server 2023-02-23 23:04:28,782 [INFO] Reply from ptd: 'Starting untimed measurement, maximum 500000 samples at 1000ms with 0 rampup samples'
ptd-server 2023-02-23 23:04:28,782 [INFO] Sending reply to client 'OK'
ptd-server 2023-02-23 23:14:45,157 [INFO] Got command from the client 'session,2023-02-23_23-04-00,stop,ranging'
ptd-server 2023-02-23 23:14:55,167 [INFO] Sending to ptd: 'Stop'
ptd-server 2023-02-23 23:14:55,167 [INFO] Reply from ptd: 'Stopping untimed measurement'
ptd-server 2023-02-23 23:14:55,735 [INFO] Sending reply to client 'OK'
ptd-server 2023-02-23 23:14:55,766 [INFO] Got command from the client 'time'
ptd-server 2023-02-23 23:14:55,766 [INFO] Sending reply to client '1677194095.7669117'
ptd-server 2023-02-23 23:14:55,768 [INFO] Got command from the client 'session,2023-02-23_23-04-00,start,testing'
ptd-server 2023-02-23 23:14:55,768 [INFO] Sending to ptd: 'SR,V,251.700000'
ptd-server 2023-02-23 23:14:57,284 [INFO] Reply from ptd: 'Range V changed'
ptd-server 2023-02-23 23:14:57,284 [INFO] Sending to ptd: 'SR,A,0.048460'
ptd-server 2023-02-23 23:14:58,785 [INFO] Reply from ptd: 'Range A changed'
ptd-server 2023-02-23 23:15:08,792 [INFO] Starting testing mode
ptd-server 2023-02-23 23:15:08,792 [INFO] Sending to ptd: 'Go,1000,0,2023-02-23_23-04-00_testing'
ptd-server 2023-02-23 23:15:08,792 [INFO] Reply from ptd: 'Starting untimed measurement, maximum 500000 samples at 1000ms with 0 rampup samples'
ptd-server 2023-02-23 23:15:08,793 [INFO] Sending reply to client 'OK'
ptd-server 2023-02-23 23:25:25,088 [INFO] Got command from the client 'session,2023-02-23_23-04-00,stop,testing'
ptd-server 2023-02-23 23:25:35,098 [INFO] Sending to ptd: 'Stop'
ptd-server 2023-02-23 23:25:35,099 [INFO] Reply from ptd: 'Stopping untimed measurement'
ptd-server 2023-02-23 23:25:35,394 [INFO] Sending reply to client 'OK'
ptd-server 2023-02-23 23:25:35,402 [INFO] Got command from the client 'session,2023-02-23_23-04-00,done'
ptd-server 2023-02-23 23:25:35,402 [INFO] Sending to ptd: 'Stop'
ptd-server 2023-02-23 23:25:35,793 [INFO] Reply from ptd: 'Error: no measurement to stop'
ptd-server 2023-02-23 23:25:35,793 [INFO] Sending to ptd: 'SR,V,Auto'
ptd-server 2023-02-23 23:25:36,295 [INFO] Reply from ptd: 'Range V changed'
ptd-server 2023-02-23 23:25:36,295 [INFO] Sending to ptd: 'SR,A,Auto'
ptd-server 2023-02-23 23:25:36,798 [INFO] Reply from ptd: 'Range A changed'
ptd-server 2023-02-23 23:25:36,798 [INFO] Set initial values for Amps Auto and Volts Auto
ptd-server 2023-02-23 23:25:36,798 [INFO] Stopping ptd...
