client 2023-02-24 06:09:32,345 [INFO] Sending command to the server: 'mlcommons/power client v3'
client 2023-02-24 06:09:32,352 [INFO] Got response: 'mlcommons/power server v3'
client 2023-02-24 06:09:32,353 [INFO] Sending command to the server: 'stop'
client 2023-02-24 06:09:32,357 [INFO] Got response: 'OK'
client 2023-02-24 06:09:32,358 [INFO] Synchronizing with the server and with ib-01.dc4-in.nvidia.com...
client 2023-02-24 06:09:32,659 [INFO] NTP:offset = 0.007 s, delay = 0.235 s 
client 2023-02-24 06:09:32,660 [INFO] Sending command to the server: 'time'
client 2023-02-24 06:09:32,669 [INFO] Got response: '1677218972.7699473'
client 2023-02-24 06:09:32,670 [INFO] The time difference between the client and the server is within range -109.309 ms..-99.146 ms
client 2023-02-24 06:09:32,674 [INFO] Sending command to the server: 'new,,408446a7-02f1-4352-8c32-5730030615b7'
client 2023-02-24 06:09:32,680 [INFO] Got response: 'OK 2023-02-23_22-09-32,74efd8af-666f-49d4-8bd4-2abd5b44a5a4'
client 2023-02-24 06:09:32,681 [INFO] Session id is '2023-02-23_22-09-32'
client 2023-02-24 06:09:32,682 [INFO] Sources: {"sources": {"__init__.py": "da39a3ee5e6b4b0d3255bfef95601890afd80709", "client.py": "33ca4f26368777ac06e01f9567b714a4b8063886", "lib/__init__.py": "da39a3ee5e6b4b0d3255bfef95601890afd80709", "lib/client.py": "4c2b78fb4849a7e5b584ef792d82aaed20b17f57", "lib/common.py": "624d0c0acc7c39aaff3674f0b99d6a09da53d1dc", "lib/external/__init__.py": "da39a3ee5e6b4b0d3255bfef95601890afd80709", "lib/external/ntplib.py": "4da8f970656505a40483206ef2b5d3dd5e81711d", "lib/server.py": "cda0cdfaee9bfa1249c64a7dd4f89b7bf1b279f0", "lib/source_hashes.py": "60a2e02193209e8d392803326208d5466342da18", "lib/summary.py": "aa92f0a3f975eecd44d3c0cd0236342ccc9f941d", "lib/time_sync.py": "3210db56eb0ff0df57bf4293dc4d4b03fffd46f1", "server.py": "c3f90f2f7eeb4db30727556d0c815ebc89b3d28b", "tests/unit/__init__.py": "da39a3ee5e6b4b0d3255bfef95601890afd80709", "tests/unit/test_server.py": "99ae15aef722f2000ee6ed1ae1523637bf1ae42b", "tests/unit/test_source_hashes.py": "00468a2907583c593e6574a1f6b404e4651c221a"}, "modules": {"ptd_client_server.lib.client": "lib/client.py", "ptd_client_server.lib.common": "lib/common.py", "ptd_client_server.lib.external.ntplib": "lib/external/ntplib.py", "ptd_client_server.lib.source_hashes": "lib/source_hashes.py", "ptd_client_server.lib.summary": "lib/summary.py", "ptd_client_server.lib.time_sync": "lib/time_sync.py"}}
client 2023-02-24 06:09:32,697 [INFO] Running workload in ranging mode
client 2023-02-24 06:09:32,698 [INFO] Synchronizing with the server and with ib-01.dc4-in.nvidia.com...
client 2023-02-24 06:09:32,948 [INFO] NTP:offset = 0.005 s, delay = 0.232 s 
client 2023-02-24 06:09:32,949 [INFO] Sending command to the server: 'time'
client 2023-02-24 06:09:32,953 [INFO] Got response: '1677218973.06671'
client 2023-02-24 06:09:32,954 [INFO] The time difference between the client and the server is within range -117.186 ms..-112.146 ms
client 2023-02-24 06:09:32,955 [INFO] Sending command to the server: 'session,2023-02-23_22-09-32,start,ranging'
client 2023-02-24 06:10:02,296 [INFO] Got response: 'OK'
client 2023-02-24 06:10:02,297 [INFO] Running the workload 'LOG_DIR=/work/build/power_logs_temp python3 -m code.main --benchmarks=resnet50 --scenarios=SingleStream --test_mode=PerformanceOnly --config_ver=maxq --action="run_harness" \\\n\t\t2>&1 | tee -a /work/build/power_logs/2023.02.24-06.08.24/stdout.txt \\\n\t\t&& if [ ! -d /work/build/power_logs/2023.02.24-06.08.24/ranging_tmp ]; \\\n\t\t\tthen mkdir /work/build/power_logs/2023.02.24-06.08.24/ranging_tmp \\\n\t\t\t\t&& mv /work/build/power_logs_temp/* /work/build/power_logs/2023.02.24-06.08.24/ranging_tmp/ \\\n\t\t\t\t&& cp -v /work/build/power_logs/2023.02.24-06.08.24/ranging_tmp/*/*/*/mlperf_log_detail.txt /work/build/power_logs_temp/ \\\n\t\t\t\t&& cp -v /work/build/power_logs/2023.02.24-06.08.24/ranging_tmp/*/*/*/mlperf_log_summary.txt /work/build/power_logs_temp/; \\\n\t\t\telse mkdir /work/build/power_logs/2023.02.24-06.08.24/testing_tmp \\\n\t\t\t\t&& mv /work/build/power_logs_temp/* /work/build/power_logs/2023.02.24-06.08.24/testing_tmp/ \\\n\t\t\t\t&& cp -v /work/build/power_logs/2023.02.24-06.08.24/testing_tmp/*/*/*/mlperf_log_detail.txt /work/build/power_logs_temp/ \\\n\t\t\t\t&& cp -v /work/build/power_logs/2023.02.24-06.08.24/testing_tmp/*/*/*/mlperf_log_summary.txt /work/build/power_logs_temp/; fi'
client 2023-02-24 06:20:59,862 [INFO] Sending command to the server: 'session,2023-02-23_22-09-32,stop,ranging'
client 2023-02-24 06:21:09,897 [INFO] Got response: 'OK'
client 2023-02-24 06:21:10,029 [INFO] Copying loadgen logs from '/work/build/power_logs_temp' to '/work/build/power_logs/2023.02.24-06.08.24/2023-02-23_22-09-32/ranging'
client 2023-02-24 06:21:10,120 [INFO] Running workload in testing mode
client 2023-02-24 06:21:10,121 [INFO] Synchronizing with the server and with ib-01.dc4-in.nvidia.com...
client 2023-02-24 06:21:10,369 [INFO] NTP:offset = 0.011 s, delay = 0.228 s 
client 2023-02-24 06:21:10,370 [INFO] Sending command to the server: 'time'
client 2023-02-24 06:21:10,375 [INFO] Got response: '1677219670.498656'
client 2023-02-24 06:21:10,376 [INFO] The time difference between the client and the server is within range -127.827 ms..-122.074 ms
client 2023-02-24 06:21:10,377 [INFO] Sending command to the server: 'session,2023-02-23_22-09-32,start,testing'
client 2023-02-24 06:21:23,455 [INFO] Got response: 'OK'
client 2023-02-24 06:21:23,457 [INFO] Running the workload 'LOG_DIR=/work/build/power_logs_temp python3 -m code.main --benchmarks=resnet50 --scenarios=SingleStream --test_mode=PerformanceOnly --config_ver=maxq --action="run_harness" \\\n\t\t2>&1 | tee -a /work/build/power_logs/2023.02.24-06.08.24/stdout.txt \\\n\t\t&& if [ ! -d /work/build/power_logs/2023.02.24-06.08.24/ranging_tmp ]; \\\n\t\t\tthen mkdir /work/build/power_logs/2023.02.24-06.08.24/ranging_tmp \\\n\t\t\t\t&& mv /work/build/power_logs_temp/* /work/build/power_logs/2023.02.24-06.08.24/ranging_tmp/ \\\n\t\t\t\t&& cp -v /work/build/power_logs/2023.02.24-06.08.24/ranging_tmp/*/*/*/mlperf_log_detail.txt /work/build/power_logs_temp/ \\\n\t\t\t\t&& cp -v /work/build/power_logs/2023.02.24-06.08.24/ranging_tmp/*/*/*/mlperf_log_summary.txt /work/build/power_logs_temp/; \\\n\t\t\telse mkdir /work/build/power_logs/2023.02.24-06.08.24/testing_tmp \\\n\t\t\t\t&& mv /work/build/power_logs_temp/* /work/build/power_logs/2023.02.24-06.08.24/testing_tmp/ \\\n\t\t\t\t&& cp -v /work/build/power_logs/2023.02.24-06.08.24/testing_tmp/*/*/*/mlperf_log_detail.txt /work/build/power_logs_temp/ \\\n\t\t\t\t&& cp -v /work/build/power_logs/2023.02.24-06.08.24/testing_tmp/*/*/*/mlperf_log_summary.txt /work/build/power_logs_temp/; fi'
client 2023-02-24 06:32:05,732 [INFO] Sending command to the server: 'session,2023-02-23_22-09-32,stop,testing'
client 2023-02-24 06:32:15,765 [INFO] Got response: 'OK'
client 2023-02-24 06:32:15,821 [INFO] Copying loadgen logs from '/work/build/power_logs_temp' to '/work/build/power_logs/2023.02.24-06.08.24/2023-02-23_22-09-32/run_1'
client 2023-02-24 06:32:15,885 [INFO] Done runs
