ptd-server 2023-02-28 23:33:09,541 [INFO] Got command from the client 'time'
ptd-server 2023-02-28 23:33:09,541 [INFO] Sending reply to client '1677627189.5412445'
ptd-server 2023-02-28 23:33:09,543 [INFO] Got command from the client 'new,,7085057b-7621-42bf-a9c6-cb81814f700b'
ptd-server 2023-02-28 23:33:09,543 [INFO] Sending reply to client 'OK 2023-02-28_23-33-09,6f899ca3-73a3-4e90-a0e0-ac53b95a3e2f'
ptd-server 2023-02-28 23:33:09,568 [INFO] Got command from the client 'time'
ptd-server 2023-02-28 23:33:09,568 [INFO] Sending reply to client '1677627189.5682864'
ptd-server 2023-02-28 23:33:09,572 [INFO] Got command from the client 'session,2023-02-28_23-33-09,start,ranging'
ptd-server 2023-02-28 23:33:09,572 [INFO] Running PTDaemon: ['/home/anton/projects/mlperf/power/inference_v1.0/ptd-linux-x86', '-l', '/tmp/tmpu4v721n6/ptd_logfile.txt', '-p', '8888', '49', '/dev/usbtmc0']
ptd-server 2023-02-28 23:33:26,659 [INFO] Sending to ptd: 'Hello'
ptd-server 2023-02-28 23:33:26,660 [INFO] Reply from ptd: 'Hello, PTDaemon here!'
ptd-server 2023-02-28 23:33:26,660 [INFO] Sending to ptd: 'Identify'
ptd-server 2023-02-28 23:33:26,660 [INFO] Reply from ptd: 'YokogawaWT310E,1000,1,1,1,1,0,1,1,version=1.10.0-ed9a21d2-20220817,OS=Linux 5.15.0-60-generic #66~20.04.1-Ubuntu SMP Wed Jan 25 09:41:30 UTC 2023 x86_64,mode=power,1,1,1,0,0,no_cal_date,YOKOGAWA;WT310E;C3XA04010E;F1.04'
ptd-server 2023-02-28 23:33:26,660 [INFO] Connected to PTDaemon
ptd-server 2023-02-28 23:33:26,660 [INFO] Sending to ptd: 'RR'
ptd-server 2023-02-28 23:33:26,661 [INFO] Reply from ptd: 'Ranges,0,0.100000,0,300.000000'
ptd-server 2023-02-28 23:33:26,661 [INFO] Initial range for Amps is 0.100000 for Volts is 300.000000
ptd-server 2023-02-28 23:33:26,661 [INFO] Sending to ptd: 'SR,V,Auto'
ptd-server 2023-02-28 23:33:27,163 [INFO] Reply from ptd: 'Range V changed'
ptd-server 2023-02-28 23:33:27,164 [INFO] Sending to ptd: 'SR,A,Auto'
ptd-server 2023-02-28 23:33:27,666 [INFO] Reply from ptd: 'Range A changed'
ptd-server 2023-02-28 23:33:37,676 [INFO] Starting ranging mode
ptd-server 2023-02-28 23:33:37,677 [INFO] Sending to ptd: 'Go,1000,0,2023-02-28_23-33-09_ranging'
ptd-server 2023-02-28 23:33:37,677 [INFO] Reply from ptd: 'Starting untimed measurement, maximum 500000 samples at 1000ms with 0 rampup samples'
ptd-server 2023-02-28 23:33:37,677 [INFO] Sending reply to client 'OK'
ptd-server 2023-02-28 23:44:01,115 [INFO] Got command from the client 'session,2023-02-28_23-33-09,stop,ranging'
ptd-server 2023-02-28 23:44:11,124 [INFO] Sending to ptd: 'Stop'
ptd-server 2023-02-28 23:44:11,124 [INFO] Reply from ptd: 'Stopping untimed measurement'
ptd-server 2023-02-28 23:44:11,657 [INFO] Sending reply to client 'OK'
ptd-server 2023-02-28 23:44:11,703 [INFO] Got command from the client 'time'
ptd-server 2023-02-28 23:44:11,703 [INFO] Sending reply to client '1677627851.7037525'
ptd-server 2023-02-28 23:44:11,705 [INFO] Got command from the client 'session,2023-02-28_23-33-09,start,testing'
ptd-server 2023-02-28 23:44:11,706 [INFO] Sending to ptd: 'SR,V,251.170000'
ptd-server 2023-02-28 23:44:13,207 [INFO] Reply from ptd: 'Range V changed'
ptd-server 2023-02-28 23:44:13,207 [INFO] Sending to ptd: 'SR,A,0.083590'
ptd-server 2023-02-28 23:44:14,708 [INFO] Reply from ptd: 'Range A changed'
ptd-server 2023-02-28 23:44:24,716 [INFO] Starting testing mode
ptd-server 2023-02-28 23:44:24,716 [INFO] Sending to ptd: 'Go,1000,0,2023-02-28_23-33-09_testing'
ptd-server 2023-02-28 23:44:24,716 [INFO] Reply from ptd: 'Starting untimed measurement, maximum 500000 samples at 1000ms with 0 rampup samples'
ptd-server 2023-02-28 23:44:24,717 [INFO] Sending reply to client 'OK'
ptd-server 2023-02-28 23:54:48,545 [INFO] Got command from the client 'session,2023-02-28_23-33-09,stop,testing'
ptd-server 2023-02-28 23:54:58,555 [INFO] Sending to ptd: 'Stop'
ptd-server 2023-02-28 23:54:58,556 [INFO] Reply from ptd: 'Stopping untimed measurement'
ptd-server 2023-02-28 23:54:58,829 [INFO] Sending reply to client 'OK'
ptd-server 2023-02-28 23:54:58,841 [INFO] Got command from the client 'session,2023-02-28_23-33-09,done'
ptd-server 2023-02-28 23:54:58,841 [INFO] Sending to ptd: 'Stop'
ptd-server 2023-02-28 23:54:58,841 [INFO] Reply from ptd: 'Error: no measurement to stop'
ptd-server 2023-02-28 23:54:58,842 [INFO] Sending to ptd: 'SR,V,300.000000'
ptd-server 2023-02-28 23:55:00,343 [INFO] Reply from ptd: 'Range V changed'
ptd-server 2023-02-28 23:55:00,343 [INFO] Sending to ptd: 'SR,A,0.100000'
ptd-server 2023-02-28 23:55:01,844 [INFO] Reply from ptd: 'Range A changed'
ptd-server 2023-02-28 23:55:01,845 [INFO] Set initial values for Amps 0.100000 and Volts 300.000000
ptd-server 2023-02-28 23:55:01,845 [INFO] Stopping ptd...
