ptd-server 2023-02-25 07:17:51,854 [INFO] Got command from the client 'time'
ptd-server 2023-02-25 07:17:51,854 [INFO] Sending reply to client '1677309471.854386'
ptd-server 2023-02-25 07:17:51,855 [INFO] Got command from the client 'new,,146a1fb8-0e1c-4c64-9838-7c112b772c3f'
ptd-server 2023-02-25 07:17:51,856 [INFO] Sending reply to client 'OK 2023-02-25_07-17-51,f611c2d5-09b1-490c-a473-bbcd63ac1a9b'
ptd-server 2023-02-25 07:17:51,879 [INFO] Got command from the client 'time'
ptd-server 2023-02-25 07:17:51,879 [INFO] Sending reply to client '1677309471.8798547'
ptd-server 2023-02-25 07:17:51,881 [INFO] Got command from the client 'session,2023-02-25_07-17-51,start,ranging'
ptd-server 2023-02-25 07:17:51,882 [INFO] Running PTDaemon: ['/home/anton/projects/mlperf/power/inference_v1.0/ptd-linux-x86', '-l', '/tmp/tmpu4v721n6/ptd_logfile.txt', '-p', '8888', '49', '/dev/usbtmc0']
ptd-server 2023-02-25 07:18:08,968 [INFO] Sending to ptd: 'Hello'
ptd-server 2023-02-25 07:18:08,969 [INFO] Reply from ptd: 'Hello, PTDaemon here!'
ptd-server 2023-02-25 07:18:08,969 [INFO] Sending to ptd: 'Identify'
ptd-server 2023-02-25 07:18:08,969 [INFO] Reply from ptd: 'YokogawaWT310E,1000,1,1,1,1,0,1,1,version=1.10.0-ed9a21d2-20220817,OS=Linux 5.15.0-60-generic #66~20.04.1-Ubuntu SMP Wed Jan 25 09:41:30 UTC 2023 x86_64,mode=power,1,1,1,0,0,no_cal_date,YOKOGAWA;WT310E;C3XA04010E;F1.04'
ptd-server 2023-02-25 07:18:08,970 [INFO] Connected to PTDaemon
ptd-server 2023-02-25 07:18:08,970 [INFO] Sending to ptd: 'RR'
ptd-server 2023-02-25 07:18:08,970 [INFO] Reply from ptd: 'Ranges,0,0.100000,0,300.000000'
ptd-server 2023-02-25 07:18:08,970 [INFO] Initial range for Amps is 0.100000 for Volts is 300.000000
ptd-server 2023-02-25 07:18:08,970 [INFO] Sending to ptd: 'SR,V,Auto'
ptd-server 2023-02-25 07:18:09,473 [INFO] Reply from ptd: 'Range V changed'
ptd-server 2023-02-25 07:18:09,473 [INFO] Sending to ptd: 'SR,A,Auto'
ptd-server 2023-02-25 07:18:09,975 [INFO] Reply from ptd: 'Range A changed'
ptd-server 2023-02-25 07:18:19,986 [INFO] Starting ranging mode
ptd-server 2023-02-25 07:18:19,986 [INFO] Sending to ptd: 'Go,1000,0,2023-02-25_07-17-51_ranging'
ptd-server 2023-02-25 07:18:19,987 [INFO] Reply from ptd: 'Starting untimed measurement, maximum 500000 samples at 1000ms with 0 rampup samples'
ptd-server 2023-02-25 07:18:19,987 [INFO] Sending reply to client 'OK'
ptd-server 2023-02-25 07:28:38,116 [INFO] Got command from the client 'session,2023-02-25_07-17-51,stop,ranging'
ptd-server 2023-02-25 07:28:48,124 [INFO] Sending to ptd: 'Stop'
ptd-server 2023-02-25 07:28:48,124 [INFO] Reply from ptd: 'Stopping untimed measurement'
ptd-server 2023-02-25 07:28:48,180 [INFO] Sending reply to client 'OK'
ptd-server 2023-02-25 07:28:48,234 [INFO] Got command from the client 'time'
ptd-server 2023-02-25 07:28:48,235 [INFO] Sending reply to client '1677310128.2350218'
ptd-server 2023-02-25 07:28:48,237 [INFO] Got command from the client 'session,2023-02-25_07-17-51,start,testing'
ptd-server 2023-02-25 07:28:48,237 [INFO] Sending to ptd: 'SR,V,252.420000'
ptd-server 2023-02-25 07:28:50,488 [INFO] Reply from ptd: 'Range V changed'
ptd-server 2023-02-25 07:28:50,489 [INFO] Sending to ptd: 'SR,A,0.059500'
ptd-server 2023-02-25 07:28:51,990 [INFO] Reply from ptd: 'Range A changed'
ptd-server 2023-02-25 07:29:02,000 [INFO] Starting testing mode
ptd-server 2023-02-25 07:29:02,000 [INFO] Sending to ptd: 'Go,1000,0,2023-02-25_07-17-51_testing'
ptd-server 2023-02-25 07:29:02,000 [INFO] Reply from ptd: 'Starting untimed measurement, maximum 500000 samples at 1000ms with 0 rampup samples'
ptd-server 2023-02-25 07:29:02,001 [INFO] Sending reply to client 'OK'
ptd-server 2023-02-25 07:39:17,115 [INFO] Got command from the client 'session,2023-02-25_07-17-51,stop,testing'
ptd-server 2023-02-25 07:39:27,124 [INFO] Sending to ptd: 'Stop'
ptd-server 2023-02-25 07:39:27,124 [INFO] Reply from ptd: 'Stopping untimed measurement'
ptd-server 2023-02-25 07:39:27,152 [INFO] Sending reply to client 'OK'
ptd-server 2023-02-25 07:39:27,176 [INFO] Got command from the client 'session,2023-02-25_07-17-51,done'
ptd-server 2023-02-25 07:39:27,177 [INFO] Sending to ptd: 'Stop'
ptd-server 2023-02-25 07:39:28,000 [INFO] Reply from ptd: 'Error: no measurement to stop'
ptd-server 2023-02-25 07:39:28,000 [INFO] Sending to ptd: 'SR,V,300.000000'
ptd-server 2023-02-25 07:39:29,502 [INFO] Reply from ptd: 'Range V changed'
ptd-server 2023-02-25 07:39:29,502 [INFO] Sending to ptd: 'SR,A,0.100000'
ptd-server 2023-02-25 07:39:31,003 [INFO] Reply from ptd: 'Range A changed'
ptd-server 2023-02-25 07:39:31,004 [INFO] Set initial values for Amps 0.100000 and Volts 300.000000
ptd-server 2023-02-25 07:39:31,004 [INFO] Stopping ptd...
