ptd-server 2023-02-28 14:30:04,775 [INFO] Got command from the client 'time'
ptd-server 2023-02-28 14:30:04,776 [INFO] Sending reply to client '1677594604.7760928'
ptd-server 2023-02-28 14:30:04,778 [INFO] Got command from the client 'new,,75b77d64-9a9e-4ae2-93e6-d0599846f84d'
ptd-server 2023-02-28 14:30:04,778 [INFO] Sending reply to client 'OK 2023-02-28_14-30-04,d8020e75-98ef-436e-a0e1-660ce43e6a7e'
ptd-server 2023-02-28 14:30:04,806 [INFO] Got command from the client 'time'
ptd-server 2023-02-28 14:30:04,806 [INFO] Sending reply to client '1677594604.806777'
ptd-server 2023-02-28 14:30:04,810 [INFO] Got command from the client 'session,2023-02-28_14-30-04,start,ranging'
ptd-server 2023-02-28 14:30:04,811 [INFO] Running PTDaemon: ['/home/anton/projects/mlperf/power/inference_v1.0/ptd-linux-x86', '-l', '/tmp/tmpu4v721n6/ptd_logfile.txt', '-p', '8888', '49', '/dev/usbtmc0']
ptd-server 2023-02-28 14:30:21,899 [INFO] Sending to ptd: 'Hello'
ptd-server 2023-02-28 14:30:21,900 [INFO] Reply from ptd: 'Hello, PTDaemon here!'
ptd-server 2023-02-28 14:30:21,900 [INFO] Sending to ptd: 'Identify'
ptd-server 2023-02-28 14:30:21,900 [INFO] Reply from ptd: 'YokogawaWT310E,1000,1,1,1,1,0,1,1,version=1.10.0-ed9a21d2-20220817,OS=Linux 5.15.0-60-generic #66~20.04.1-Ubuntu SMP Wed Jan 25 09:41:30 UTC 2023 x86_64,mode=power,1,1,1,0,0,no_cal_date,YOKOGAWA;WT310E;C3XA04010E;F1.04'
ptd-server 2023-02-28 14:30:21,900 [INFO] Connected to PTDaemon
ptd-server 2023-02-28 14:30:21,900 [INFO] Sending to ptd: 'RR'
ptd-server 2023-02-28 14:30:21,901 [INFO] Reply from ptd: 'Ranges,0,0.100000,0,300.000000'
ptd-server 2023-02-28 14:30:21,901 [INFO] Initial range for Amps is 0.100000 for Volts is 300.000000
ptd-server 2023-02-28 14:30:21,901 [INFO] Sending to ptd: 'SR,V,Auto'
ptd-server 2023-02-28 14:30:22,403 [INFO] Reply from ptd: 'Range V changed'
ptd-server 2023-02-28 14:30:22,404 [INFO] Sending to ptd: 'SR,A,Auto'
ptd-server 2023-02-28 14:30:22,906 [INFO] Reply from ptd: 'Range A changed'
ptd-server 2023-02-28 14:30:32,916 [INFO] Starting ranging mode
ptd-server 2023-02-28 14:30:32,917 [INFO] Sending to ptd: 'Go,1000,0,2023-02-28_14-30-04_ranging'
ptd-server 2023-02-28 14:30:32,917 [INFO] Reply from ptd: 'Starting untimed measurement, maximum 500000 samples at 1000ms with 0 rampup samples'
ptd-server 2023-02-28 14:30:32,917 [INFO] Sending reply to client 'OK'
ptd-server 2023-02-28 14:40:56,835 [INFO] Got command from the client 'session,2023-02-28_14-30-04,stop,ranging'
ptd-server 2023-02-28 14:41:06,844 [INFO] Sending to ptd: 'Stop'
ptd-server 2023-02-28 14:41:06,844 [INFO] Reply from ptd: 'Stopping untimed measurement'
ptd-server 2023-02-28 14:41:07,367 [INFO] Sending reply to client 'OK'
ptd-server 2023-02-28 14:41:07,450 [INFO] Got command from the client 'time'
ptd-server 2023-02-28 14:41:07,450 [INFO] Sending reply to client '1677595267.4508948'
ptd-server 2023-02-28 14:41:07,452 [INFO] Got command from the client 'session,2023-02-28_14-30-04,start,testing'
ptd-server 2023-02-28 14:41:07,453 [INFO] Sending to ptd: 'SR,V,252.910000'
ptd-server 2023-02-28 14:41:08,954 [INFO] Reply from ptd: 'Range V changed'
ptd-server 2023-02-28 14:41:08,954 [INFO] Sending to ptd: 'SR,A,0.077580'
ptd-server 2023-02-28 14:41:10,455 [INFO] Reply from ptd: 'Range A changed'
ptd-server 2023-02-28 14:41:20,466 [INFO] Starting testing mode
ptd-server 2023-02-28 14:41:20,466 [INFO] Sending to ptd: 'Go,1000,0,2023-02-28_14-30-04_testing'
ptd-server 2023-02-28 14:41:20,466 [INFO] Reply from ptd: 'Starting untimed measurement, maximum 500000 samples at 1000ms with 0 rampup samples'
ptd-server 2023-02-28 14:41:20,466 [INFO] Sending reply to client 'OK'
ptd-server 2023-02-28 14:51:44,291 [INFO] Got command from the client 'session,2023-02-28_14-30-04,stop,testing'
ptd-server 2023-02-28 14:51:54,302 [INFO] Sending to ptd: 'Stop'
ptd-server 2023-02-28 14:51:54,302 [INFO] Reply from ptd: 'Stopping untimed measurement'
ptd-server 2023-02-28 14:51:54,553 [INFO] Sending reply to client 'OK'
ptd-server 2023-02-28 14:51:54,571 [INFO] Got command from the client 'session,2023-02-28_14-30-04,done'
ptd-server 2023-02-28 14:51:54,572 [INFO] Sending to ptd: 'Stop'
ptd-server 2023-02-28 14:51:54,572 [INFO] Reply from ptd: 'Error: no measurement to stop'
ptd-server 2023-02-28 14:51:54,572 [INFO] Sending to ptd: 'SR,V,300.000000'
ptd-server 2023-02-28 14:51:56,073 [INFO] Reply from ptd: 'Range V changed'
ptd-server 2023-02-28 14:51:56,074 [INFO] Sending to ptd: 'SR,A,0.100000'
ptd-server 2023-02-28 14:51:57,575 [INFO] Reply from ptd: 'Range A changed'
ptd-server 2023-02-28 14:51:57,575 [INFO] Set initial values for Amps 0.100000 and Volts 300.000000
ptd-server 2023-02-28 14:51:57,575 [INFO] Stopping ptd...
