client 2023-02-23 03:54:49,424 [INFO] Sending command to the server: 'mlcommons/power client v3'
client 2023-02-23 03:54:49,426 [INFO] Got response: 'mlcommons/power server v3'
client 2023-02-23 03:54:49,426 [INFO] Sending command to the server: 'stop'
client 2023-02-23 03:54:49,427 [INFO] Got response: 'OK'
client 2023-02-23 03:54:49,427 [INFO] Synchronizing with the server and with ib-01.dc4-in.nvidia.com...
client 2023-02-23 03:54:49,650 [INFO] NTP:offset = -0.000 s, delay = 0.218 s 
client 2023-02-23 03:54:49,650 [INFO] Sending command to the server: 'time'
client 2023-02-23 03:54:49,651 [INFO] Got response: '1677124489.6528046'
client 2023-02-23 03:54:49,652 [INFO] The time difference between the client and the server is within range -2.530 ms..-0.697 ms
client 2023-02-23 03:54:49,652 [INFO] Sending command to the server: 'new,,9debd147-f8fc-4e99-9e8f-5d99729a1b98'
client 2023-02-23 03:54:49,653 [INFO] Got response: 'OK 2023-02-22_19-54-49,c60907c6-f5d1-4383-86e5-d95913c52883'
client 2023-02-23 03:54:49,654 [INFO] Session id is '2023-02-22_19-54-49'
client 2023-02-23 03:54:49,654 [INFO] Sources: {"sources": {"__init__.py": "da39a3ee5e6b4b0d3255bfef95601890afd80709", "client.py": "33ca4f26368777ac06e01f9567b714a4b8063886", "lib/__init__.py": "da39a3ee5e6b4b0d3255bfef95601890afd80709", "lib/client.py": "4c2b78fb4849a7e5b584ef792d82aaed20b17f57", "lib/common.py": "624d0c0acc7c39aaff3674f0b99d6a09da53d1dc", "lib/external/__init__.py": "da39a3ee5e6b4b0d3255bfef95601890afd80709", "lib/external/ntplib.py": "4da8f970656505a40483206ef2b5d3dd5e81711d", "lib/server.py": "cda0cdfaee9bfa1249c64a7dd4f89b7bf1b279f0", "lib/source_hashes.py": "60a2e02193209e8d392803326208d5466342da18", "lib/summary.py": "aa92f0a3f975eecd44d3c0cd0236342ccc9f941d", "lib/time_sync.py": "3210db56eb0ff0df57bf4293dc4d4b03fffd46f1", "server.py": "c3f90f2f7eeb4db30727556d0c815ebc89b3d28b", "tests/unit/__init__.py": "da39a3ee5e6b4b0d3255bfef95601890afd80709", "tests/unit/test_server.py": "99ae15aef722f2000ee6ed1ae1523637bf1ae42b", "tests/unit/test_source_hashes.py": "00468a2907583c593e6574a1f6b404e4651c221a"}, "modules": {"ptd_client_server.lib.client": "lib/client.py", "ptd_client_server.lib.common": "lib/common.py", "ptd_client_server.lib.external.ntplib": "lib/external/ntplib.py", "ptd_client_server.lib.source_hashes": "lib/source_hashes.py", "ptd_client_server.lib.summary": "lib/summary.py", "ptd_client_server.lib.time_sync": "lib/time_sync.py"}}
client 2023-02-23 03:54:49,676 [INFO] Running workload in ranging mode
client 2023-02-23 03:54:49,677 [INFO] Synchronizing with the server and with ib-01.dc4-in.nvidia.com...
client 2023-02-23 03:54:49,898 [INFO] NTP:offset = 0.000 s, delay = 0.219 s 
client 2023-02-23 03:54:49,898 [INFO] Sending command to the server: 'time'
client 2023-02-23 03:54:49,900 [INFO] Got response: '1677124489.9009862'
client 2023-02-23 03:54:49,900 [INFO] The time difference between the client and the server is within range -2.424 ms..-0.863 ms
client 2023-02-23 03:54:49,900 [INFO] Sending command to the server: 'session,2023-02-22_19-54-49,start,ranging'
client 2023-02-23 03:55:29,810 [INFO] Got response: 'OK'
client 2023-02-23 03:55:29,810 [INFO] Running the workload 'LOG_DIR=/work/build/power_logs_temp python3 -m code.main --benchmarks=bert --scenarios=Server --test_mode=PerformanceOnly --config_ver=maxq_high_accuracy --action="run_harness" \\\n\t\t2>&1 | tee -a /work/build/power_logs/2023.02.23-03.54.28/stdout.txt \\\n\t\t&& if [ ! -d /work/build/power_logs/2023.02.23-03.54.28/ranging_tmp ]; \\\n\t\t\tthen mkdir /work/build/power_logs/2023.02.23-03.54.28/ranging_tmp \\\n\t\t\t\t&& mv /work/build/power_logs_temp/* /work/build/power_logs/2023.02.23-03.54.28/ranging_tmp/ \\\n\t\t\t\t&& cp -v /work/build/power_logs/2023.02.23-03.54.28/ranging_tmp/*/*/*/mlperf_log_detail.txt /work/build/power_logs_temp/ \\\n\t\t\t\t&& cp -v /work/build/power_logs/2023.02.23-03.54.28/ranging_tmp/*/*/*/mlperf_log_summary.txt /work/build/power_logs_temp/; \\\n\t\t\telse mkdir /work/build/power_logs/2023.02.23-03.54.28/testing_tmp \\\n\t\t\t\t&& mv /work/build/power_logs_temp/* /work/build/power_logs/2023.02.23-03.54.28/testing_tmp/ \\\n\t\t\t\t&& cp -v /work/build/power_logs/2023.02.23-03.54.28/testing_tmp/*/*/*/mlperf_log_detail.txt /work/build/power_logs_temp/ \\\n\t\t\t\t&& cp -v /work/build/power_logs/2023.02.23-03.54.28/testing_tmp/*/*/*/mlperf_log_summary.txt /work/build/power_logs_temp/; fi'
client 2023-02-23 04:06:25,996 [INFO] Sending command to the server: 'session,2023-02-22_19-54-49,stop,ranging'
client 2023-02-23 04:06:36,038 [INFO] Got response: 'OK'
client 2023-02-23 04:06:36,051 [INFO] Copying loadgen logs from '/work/build/power_logs_temp' to '/work/build/power_logs/2023.02.23-03.54.28/2023-02-22_19-54-49/ranging'
client 2023-02-23 04:06:36,069 [INFO] Running workload in testing mode
client 2023-02-23 04:06:36,069 [INFO] Synchronizing with the server and with ib-01.dc4-in.nvidia.com...
client 2023-02-23 04:06:36,291 [INFO] NTP:offset = 0.000 s, delay = 0.218 s 
client 2023-02-23 04:06:36,291 [INFO] Sending command to the server: 'time'
client 2023-02-23 04:06:36,292 [INFO] Got response: '1677125196.2941742'
client 2023-02-23 04:06:36,292 [INFO] The time difference between the client and the server is within range -2.835 ms..-1.403 ms
client 2023-02-23 04:06:36,292 [INFO] Sending command to the server: 'session,2023-02-22_19-54-49,start,testing'
client 2023-02-23 04:06:58,429 [INFO] Got response: 'OK'
client 2023-02-23 04:06:58,429 [INFO] Running the workload 'LOG_DIR=/work/build/power_logs_temp python3 -m code.main --benchmarks=bert --scenarios=Server --test_mode=PerformanceOnly --config_ver=maxq_high_accuracy --action="run_harness" \\\n\t\t2>&1 | tee -a /work/build/power_logs/2023.02.23-03.54.28/stdout.txt \\\n\t\t&& if [ ! -d /work/build/power_logs/2023.02.23-03.54.28/ranging_tmp ]; \\\n\t\t\tthen mkdir /work/build/power_logs/2023.02.23-03.54.28/ranging_tmp \\\n\t\t\t\t&& mv /work/build/power_logs_temp/* /work/build/power_logs/2023.02.23-03.54.28/ranging_tmp/ \\\n\t\t\t\t&& cp -v /work/build/power_logs/2023.02.23-03.54.28/ranging_tmp/*/*/*/mlperf_log_detail.txt /work/build/power_logs_temp/ \\\n\t\t\t\t&& cp -v /work/build/power_logs/2023.02.23-03.54.28/ranging_tmp/*/*/*/mlperf_log_summary.txt /work/build/power_logs_temp/; \\\n\t\t\telse mkdir /work/build/power_logs/2023.02.23-03.54.28/testing_tmp \\\n\t\t\t\t&& mv /work/build/power_logs_temp/* /work/build/power_logs/2023.02.23-03.54.28/testing_tmp/ \\\n\t\t\t\t&& cp -v /work/build/power_logs/2023.02.23-03.54.28/testing_tmp/*/*/*/mlperf_log_detail.txt /work/build/power_logs_temp/ \\\n\t\t\t\t&& cp -v /work/build/power_logs/2023.02.23-03.54.28/testing_tmp/*/*/*/mlperf_log_summary.txt /work/build/power_logs_temp/; fi'
client 2023-02-23 04:17:54,298 [INFO] Sending command to the server: 'session,2023-02-22_19-54-49,stop,testing'
client 2023-02-23 04:18:04,315 [INFO] Got response: 'OK'
client 2023-02-23 04:18:04,322 [INFO] Copying loadgen logs from '/work/build/power_logs_temp' to '/work/build/power_logs/2023.02.23-03.54.28/2023-02-22_19-54-49/run_1'
client 2023-02-23 04:18:04,339 [INFO] Done runs
