ptd-server 2023-02-22 19:54:49,428 [INFO] Got command from the client 'stop'
ptd-server 2023-02-22 19:54:49,428 [INFO] The server will be stopped after processing this client
ptd-server 2023-02-22 19:54:49,428 [INFO] Sending reply to client 'OK'
ptd-server 2023-02-22 19:54:49,652 [INFO] Got command from the client 'time'
ptd-server 2023-02-22 19:54:49,652 [INFO] Sending reply to client '1677124489.6528046'
ptd-server 2023-02-22 19:54:49,654 [INFO] Got command from the client 'new,,9debd147-f8fc-4e99-9e8f-5d99729a1b98'
ptd-server 2023-02-22 19:54:49,655 [INFO] Sending reply to client 'OK 2023-02-22_19-54-49,c60907c6-f5d1-4383-86e5-d95913c52883'
ptd-server 2023-02-22 19:54:49,900 [INFO] Got command from the client 'time'
ptd-server 2023-02-22 19:54:49,901 [INFO] Sending reply to client '1677124489.9009862'
ptd-server 2023-02-22 19:54:49,902 [INFO] Got command from the client 'session,2023-02-22_19-54-49,start,ranging'
ptd-server 2023-02-22 19:54:49,902 [INFO] Running PTDaemon: ['/usr/bin/ptd-linux-x86', '-l', '/tmp/tmp6lpyxpnn/ptd_logfile.txt', '-p', '8888', '-c', '1,3', '-y', '77', '10.117.41.199']
ptd-server 2023-02-22 19:55:09,687 [INFO] Sending to ptd: 'Hello'
ptd-server 2023-02-22 19:55:09,687 [INFO] Reply from ptd: 'Hello, PTDaemon here!'
ptd-server 2023-02-22 19:55:09,688 [INFO] Sending to ptd: 'Identify'
ptd-server 2023-02-22 19:55:09,688 [INFO] Reply from ptd: 'YokogawaWT330_multichannel,1000,1,1,1,1,0,0,1,version=1.10.0-ed9a21d2-20220817,OS=Linux 5.15.0-60-generic #66~20.04.1-Ubuntu SMP Wed Jan 25 09:41:30 UTC 2023 x86_64,mode=power,1,1,3,0,0,no_cal_date,YOKOGAWA;WT333E;C2WL21011V;F1.04'
ptd-server 2023-02-22 19:55:09,688 [INFO] Connected to PTDaemon
ptd-server 2023-02-22 19:55:09,688 [INFO] Sending to ptd: 'RR'
ptd-server 2023-02-22 19:55:09,688 [INFO] Reply from ptd: 'Ranges,1,2.000000,1,300.000000'
ptd-server 2023-02-22 19:55:09,688 [INFO] Initial range for Amps is Auto for Volts is Auto
ptd-server 2023-02-22 19:55:09,688 [INFO] Sending to ptd: 'SR,V,Auto'
ptd-server 2023-02-22 19:55:14,744 [INFO] Reply from ptd: 'Range V changed'
ptd-server 2023-02-22 19:55:14,744 [INFO] Sending to ptd: 'SR,A,Auto'
ptd-server 2023-02-22 19:55:19,799 [INFO] Reply from ptd: 'Range A changed'
ptd-server 2023-02-22 19:55:29,810 [INFO] Starting ranging mode
ptd-server 2023-02-22 19:55:29,810 [INFO] Sending to ptd: 'Go,1000,0,2023-02-22_19-54-49_ranging'
ptd-server 2023-02-22 19:55:29,810 [INFO] Reply from ptd: 'Starting untimed measurement, maximum 500000 samples at 1000ms with 0 rampup samples'
ptd-server 2023-02-22 19:55:29,811 [INFO] Sending reply to client 'OK'
ptd-server 2023-02-22 20:06:25,999 [INFO] Got command from the client 'session,2023-02-22_19-54-49,stop,ranging'
ptd-server 2023-02-22 20:06:36,009 [INFO] Sending to ptd: 'Stop'
ptd-server 2023-02-22 20:06:36,010 [INFO] Reply from ptd: 'Stopping untimed measurement'
ptd-server 2023-02-22 20:06:36,039 [INFO] Sending reply to client 'OK'
ptd-server 2023-02-22 20:06:36,294 [INFO] Got command from the client 'time'
ptd-server 2023-02-22 20:06:36,294 [INFO] Sending reply to client '1677125196.2941742'
ptd-server 2023-02-22 20:06:36,295 [INFO] Got command from the client 'session,2023-02-22_19-54-49,start,testing'
ptd-server 2023-02-22 20:06:36,295 [INFO] Sending to ptd: 'SR,V,206.100000'
ptd-server 2023-02-22 20:06:42,864 [INFO] Reply from ptd: 'Range V changed'
ptd-server 2023-02-22 20:06:42,865 [INFO] Sending to ptd: 'SR,A,3.914200'
ptd-server 2023-02-22 20:06:48,419 [INFO] Reply from ptd: 'Range A changed'
ptd-server 2023-02-22 20:06:58,430 [INFO] Starting testing mode
ptd-server 2023-02-22 20:06:58,430 [INFO] Sending to ptd: 'Go,1000,0,2023-02-22_19-54-49_testing'
ptd-server 2023-02-22 20:06:58,430 [INFO] Reply from ptd: 'Starting untimed measurement, maximum 500000 samples at 1000ms with 0 rampup samples'
ptd-server 2023-02-22 20:06:58,431 [INFO] Sending reply to client 'OK'
ptd-server 2023-02-22 20:17:54,302 [INFO] Got command from the client 'session,2023-02-22_19-54-49,stop,testing'
ptd-server 2023-02-22 20:18:04,312 [INFO] Sending to ptd: 'Stop'
ptd-server 2023-02-22 20:18:04,313 [INFO] Reply from ptd: 'Stopping untimed measurement'
ptd-server 2023-02-22 20:18:04,318 [INFO] Sending reply to client 'OK'
ptd-server 2023-02-22 20:18:04,366 [INFO] Got command from the client 'session,2023-02-22_19-54-49,done'
ptd-server 2023-02-22 20:18:04,367 [INFO] Sending to ptd: 'Stop'
ptd-server 2023-02-22 20:18:04,431 [INFO] Reply from ptd: 'Error: no measurement to stop'
ptd-server 2023-02-22 20:18:04,431 [INFO] Sending to ptd: 'SR,V,Auto'
ptd-server 2023-02-22 20:18:09,486 [INFO] Reply from ptd: 'Range V changed'
ptd-server 2023-02-22 20:18:09,486 [INFO] Sending to ptd: 'SR,A,Auto'
ptd-server 2023-02-22 20:18:14,542 [INFO] Reply from ptd: 'Range A changed'
ptd-server 2023-02-22 20:18:14,542 [INFO] Set initial values for Amps Auto and Volts Auto
ptd-server 2023-02-22 20:18:14,542 [INFO] Stopping ptd...
