client 2023-03-03 07:13:12,156 [INFO] Creating output directory '/home/arjun/phoenix_results_closed/valid_results/phoenix_Amd_Am5-nvidia_original-gpu-tensorrt-vdefault-default_config/3d-unet-99.9/singlestream/performance/tmp_power'
client 2023-03-03 07:13:12,258 [INFO] Sending command to the server: 'mlcommons/power client v3'
client 2023-03-03 07:13:12,260 [INFO] Got response: 'mlcommons/power server v3'
client 2023-03-03 07:13:12,261 [INFO] Synchronizing with the server and with time.google.com...
client 2023-03-03 07:13:12,291 [INFO] NTP:offset = -0.003 s, delay = 0.017 s 
client 2023-03-03 07:13:12,291 [INFO] Sending command to the server: 'time'
client 2023-03-03 07:13:12,293 [INFO] Got response: '1677827592.2905354'
client 2023-03-03 07:13:12,294 [INFO] The time difference between the client and the server is within range 0.980 ms..3.465 ms
client 2023-03-03 07:13:12,294 [INFO] Sending command to the server: 'new,,29a080ec-5fa6-48d0-996e-4ff3fe5f2420'
client 2023-03-03 07:13:12,297 [INFO] Got response: 'OK 2023-03-03_07-13-12,f2b8dbf4-8010-4094-a5d0-ea15a9c8d5e0'
client 2023-03-03 07:13:12,297 [INFO] Session id is '2023-03-03_07-13-12'
client 2023-03-03 07:13:12,297 [INFO] Sources: {"sources": {"__init__.py": "da39a3ee5e6b4b0d3255bfef95601890afd80709", "client.py": "33ca4f26368777ac06e01f9567b714a4b8063886", "lib/__init__.py": "da39a3ee5e6b4b0d3255bfef95601890afd80709", "lib/client.py": "4c2b78fb4849a7e5b584ef792d82aaed20b17f57", "lib/common.py": "624d0c0acc7c39aaff3674f0b99d6a09da53d1dc", "lib/external/__init__.py": "da39a3ee5e6b4b0d3255bfef95601890afd80709", "lib/external/ntplib.py": "4da8f970656505a40483206ef2b5d3dd5e81711d", "lib/server.py": "cda0cdfaee9bfa1249c64a7dd4f89b7bf1b279f0", "lib/source_hashes.py": "60a2e02193209e8d392803326208d5466342da18", "lib/summary.py": "aa92f0a3f975eecd44d3c0cd0236342ccc9f941d", "lib/time_sync.py": "3210db56eb0ff0df57bf4293dc4d4b03fffd46f1", "server.py": "c3f90f2f7eeb4db30727556d0c815ebc89b3d28b", "tests/unit/__init__.py": "da39a3ee5e6b4b0d3255bfef95601890afd80709", "tests/unit/test_server.py": "99ae15aef722f2000ee6ed1ae1523637bf1ae42b", "tests/unit/test_source_hashes.py": "00468a2907583c593e6574a1f6b404e4651c221a"}, "modules": {"ptd_client_server.lib.client": "lib/client.py", "ptd_client_server.lib.common": "lib/common.py", "ptd_client_server.lib.external.ntplib": "lib/external/ntplib.py", "ptd_client_server.lib.source_hashes": "lib/source_hashes.py", "ptd_client_server.lib.summary": "lib/summary.py", "ptd_client_server.lib.time_sync": "lib/time_sync.py"}}
client 2023-03-03 07:13:12,297 [INFO] Running workload in ranging mode
client 2023-03-03 07:13:12,297 [INFO] Synchronizing with the server and with time.google.com...
client 2023-03-03 07:13:12,314 [INFO] NTP:offset = -0.003 s, delay = 0.017 s 
client 2023-03-03 07:13:12,314 [INFO] Sending command to the server: 'time'
client 2023-03-03 07:13:12,317 [INFO] Got response: '1677827592.3144827'
client 2023-03-03 07:13:12,317 [INFO] The time difference between the client and the server is within range 0.342 ms..3.175 ms
client 2023-03-03 07:13:12,317 [INFO] Sending command to the server: 'session,2023-03-03_07-13-12,start,ranging'
client 2023-03-03 07:13:40,449 [INFO] Got response: 'OK'
client 2023-03-03 07:13:40,449 [INFO] Running the workload 'make run_harness RUN_ARGS=" --benchmarks=3d-unet --scenarios=singlestream --test_mode=PerformanceOnly --offline_expected_qps=5 --single_stream_expected_latency_ns=430000000"'
client 2023-03-03 07:24:08,722 [INFO] Sending command to the server: 'session,2023-03-03_07-13-12,stop,ranging'
client 2023-03-03 07:24:19,158 [INFO] Got response: 'OK'
client 2023-03-03 07:24:19,160 [INFO] Copying loadgen logs from '/home/arjun/phoenix_results_closed/valid_results/phoenix_Amd_Am5-nvidia_original-gpu-tensorrt-vdefault-default_config/3d-unet-99.9/singlestream/performance/run_1' to '/home/arjun/phoenix_results_closed/valid_results/phoenix_Amd_Am5-nvidia_original-gpu-tensorrt-vdefault-default_config/3d-unet-99.9/singlestream/performance/tmp_power/ranging'
client 2023-03-03 07:24:19,160 [INFO] Running workload in testing mode
client 2023-03-03 07:24:19,160 [INFO] Synchronizing with the server and with time.google.com...
client 2023-03-03 07:24:19,177 [INFO] NTP:offset = -0.004 s, delay = 0.017 s 
client 2023-03-03 07:24:19,177 [INFO] Sending command to the server: 'time'
client 2023-03-03 07:24:19,179 [INFO] Got response: '1677828259.1773722'
client 2023-03-03 07:24:19,179 [INFO] The time difference between the client and the server is within range 0.370 ms..2.196 ms
client 2023-03-03 07:24:19,179 [INFO] Sending command to the server: 'session,2023-03-03_07-13-12,start,testing'
client 2023-03-03 07:24:32,467 [INFO] Got response: 'OK'
client 2023-03-03 07:24:32,467 [INFO] Running the workload 'make run_harness RUN_ARGS=" --benchmarks=3d-unet --scenarios=singlestream --test_mode=PerformanceOnly --offline_expected_qps=5 --single_stream_expected_latency_ns=430000000"'
client 2023-03-03 07:35:01,578 [INFO] Sending command to the server: 'session,2023-03-03_07-13-12,stop,testing'
client 2023-03-03 07:35:11,795 [INFO] Got response: 'OK'
client 2023-03-03 07:35:11,796 [INFO] Copying loadgen logs from '/home/arjun/phoenix_results_closed/valid_results/phoenix_Amd_Am5-nvidia_original-gpu-tensorrt-vdefault-default_config/3d-unet-99.9/singlestream/performance/run_1' to '/home/arjun/phoenix_results_closed/valid_results/phoenix_Amd_Am5-nvidia_original-gpu-tensorrt-vdefault-default_config/3d-unet-99.9/singlestream/performance/tmp_power/run_1'
client 2023-03-03 07:35:11,796 [INFO] Done runs
