ptd-server 2023-02-20 05:23:06,924 [INFO] Got command from the client 'time'
ptd-server 2023-02-20 05:23:06,924 [INFO] Sending reply to client '1676870586.9244893'
ptd-server 2023-02-20 05:23:06,925 [INFO] Got command from the client 'new,,9dcdd0a6-070e-41c7-b4c6-22a557a13133'
ptd-server 2023-02-20 05:23:06,926 [INFO] Sending reply to client 'OK 2023-02-20_05-23-06,ff6767b4-24aa-4d8b-bdc4-db7c8e7b1404'
ptd-server 2023-02-20 05:23:06,947 [INFO] Got command from the client 'time'
ptd-server 2023-02-20 05:23:06,947 [INFO] Sending reply to client '1676870586.947918'
ptd-server 2023-02-20 05:23:06,948 [INFO] Got command from the client 'session,2023-02-20_05-23-06,start,ranging'
ptd-server 2023-02-20 05:23:06,949 [INFO] Running PTDaemon: ['/home/anton/projects/mlperf/power/inference_v1.0/ptd-linux-x86', '-l', '/tmp/tmp4yl1neqp/ptd_logfile.txt', '-p', '8888', '49', '/dev/usbtmc0']
ptd-server 2023-02-20 05:23:24,021 [INFO] Sending to ptd: 'Hello'
ptd-server 2023-02-20 05:23:24,022 [INFO] Reply from ptd: 'Hello, PTDaemon here!'
ptd-server 2023-02-20 05:23:24,022 [INFO] Sending to ptd: 'Identify'
ptd-server 2023-02-20 05:23:24,022 [INFO] Reply from ptd: 'YokogawaWT310E,1000,1,1,1,1,0,1,1,version=1.10.0-ed9a21d2-20220817,OS=Linux 5.15.0-60-generic #66~20.04.1-Ubuntu SMP Wed Jan 25 09:41:30 UTC 2023 x86_64,mode=power,1,1,1,0,0,no_cal_date,YOKOGAWA;WT310E;C3XA04010E;F1.04'
ptd-server 2023-02-20 05:23:24,023 [INFO] Connected to PTDaemon
ptd-server 2023-02-20 05:23:24,023 [INFO] Sending to ptd: 'RR'
ptd-server 2023-02-20 05:23:24,023 [INFO] Reply from ptd: 'Ranges,0,0.500000,1,300.000000'
ptd-server 2023-02-20 05:23:24,023 [INFO] Initial range for Amps is 0.500000 for Volts is Auto
ptd-server 2023-02-20 05:23:24,023 [INFO] Sending to ptd: 'SR,V,Auto'
ptd-server 2023-02-20 05:23:24,526 [INFO] Reply from ptd: 'Range V changed'
ptd-server 2023-02-20 05:23:24,526 [INFO] Sending to ptd: 'SR,A,Auto'
ptd-server 2023-02-20 05:23:25,028 [INFO] Reply from ptd: 'Range A changed'
ptd-server 2023-02-20 05:23:35,039 [INFO] Starting ranging mode
ptd-server 2023-02-20 05:23:35,039 [INFO] Sending to ptd: 'Go,1000,0,2023-02-20_05-23-06_ranging'
ptd-server 2023-02-20 05:23:35,039 [INFO] Reply from ptd: 'Starting untimed measurement, maximum 500000 samples at 1000ms with 0 rampup samples'
ptd-server 2023-02-20 05:23:35,040 [INFO] Sending reply to client 'OK'
ptd-server 2023-02-20 05:34:04,079 [INFO] Got command from the client 'session,2023-02-20_05-23-06,stop,ranging'
ptd-server 2023-02-20 05:34:14,090 [INFO] Sending to ptd: 'Stop'
ptd-server 2023-02-20 05:34:14,090 [INFO] Reply from ptd: 'Stopping untimed measurement'
ptd-server 2023-02-20 05:34:14,239 [INFO] Sending reply to client 'OK'
ptd-server 2023-02-20 05:34:14,318 [INFO] Got command from the client 'time'
ptd-server 2023-02-20 05:34:14,318 [INFO] Sending reply to client '1676871254.3182569'
ptd-server 2023-02-20 05:34:14,319 [INFO] Got command from the client 'session,2023-02-20_05-23-06,start,testing'
ptd-server 2023-02-20 05:34:14,319 [INFO] Sending to ptd: 'SR,V,252.750000'
ptd-server 2023-02-20 05:34:16,541 [INFO] Reply from ptd: 'Range V changed'
ptd-server 2023-02-20 05:34:16,541 [INFO] Sending to ptd: 'SR,A,0.068770'
ptd-server 2023-02-20 05:34:18,043 [INFO] Reply from ptd: 'Range A changed'
ptd-server 2023-02-20 05:34:28,053 [INFO] Starting testing mode
ptd-server 2023-02-20 05:34:28,053 [INFO] Sending to ptd: 'Go,1000,0,2023-02-20_05-23-06_testing'
ptd-server 2023-02-20 05:34:28,053 [INFO] Reply from ptd: 'Starting untimed measurement, maximum 500000 samples at 1000ms with 0 rampup samples'
ptd-server 2023-02-20 05:34:28,054 [INFO] Sending reply to client 'OK'
ptd-server 2023-02-20 05:44:55,139 [INFO] Got command from the client 'session,2023-02-20_05-23-06,stop,testing'
ptd-server 2023-02-20 05:45:05,150 [INFO] Sending to ptd: 'Stop'
ptd-server 2023-02-20 05:45:05,150 [INFO] Reply from ptd: 'Stopping untimed measurement'
ptd-server 2023-02-20 05:45:05,234 [INFO] Sending reply to client 'OK'
ptd-server 2023-02-20 05:45:05,242 [INFO] Got command from the client 'session,2023-02-20_05-23-06,done'
ptd-server 2023-02-20 05:45:05,242 [INFO] Sending to ptd: 'Stop'
ptd-server 2023-02-20 05:45:06,053 [INFO] Reply from ptd: 'Error: no measurement to stop'
ptd-server 2023-02-20 05:45:06,053 [INFO] Sending to ptd: 'SR,V,Auto'
ptd-server 2023-02-20 05:45:06,556 [INFO] Reply from ptd: 'Range V changed'
ptd-server 2023-02-20 05:45:06,556 [INFO] Sending to ptd: 'SR,A,0.500000'
ptd-server 2023-02-20 05:45:08,058 [INFO] Reply from ptd: 'Range A changed'
ptd-server 2023-02-20 05:45:08,058 [INFO] Set initial values for Amps 0.500000 and Volts Auto
ptd-server 2023-02-20 05:45:08,058 [INFO] Stopping ptd...
