ptd-server 2023-02-12 07:47:17,813 [INFO] Got command from the client 'time'
ptd-server 2023-02-12 07:47:17,813 [INFO] Sending reply to client '1676188037.813523'
ptd-server 2023-02-12 07:47:17,818 [INFO] Got command from the client 'new,,59dd80ee-2729-473c-9940-322ac9f7654b'
ptd-server 2023-02-12 07:47:17,819 [INFO] Sending reply to client 'OK 2023-02-12_07-47-17,2a32ad2d-3bd6-46f8-ba13-1e8a1c418a7d'
ptd-server 2023-02-12 07:47:17,839 [INFO] Got command from the client 'time'
ptd-server 2023-02-12 07:47:17,839 [INFO] Sending reply to client '1676188037.8398988'
ptd-server 2023-02-12 07:47:17,843 [INFO] Got command from the client 'session,2023-02-12_07-47-17,start,ranging'
ptd-server 2023-02-12 07:47:17,843 [INFO] Running PTDaemon: ['/media/arjun/T7_Touch/hp-envy/CM/repos/local/cache/9b3695ca8255492a/power/inference_v1.0/ptd-linux-x86', '-l', '/tmp/tmp6_9o2crq/ptd_logfile.txt', '-p', '8888', '49', '/dev/usbtmc0']
ptd-server 2023-02-12 07:47:34,936 [INFO] Sending to ptd: 'Hello'
ptd-server 2023-02-12 07:47:34,937 [INFO] Reply from ptd: 'Hello, PTDaemon here!'
ptd-server 2023-02-12 07:47:34,937 [INFO] Sending to ptd: 'Identify'
ptd-server 2023-02-12 07:47:34,938 [INFO] Reply from ptd: 'YokogawaWT310E,1000,1,1,1,1,0,1,1,version=1.10.0-ed9a21d2-20220817,OS=Linux 5.15.0-56-generic #62-Ubuntu SMP Tue Nov 22 19:54:14 UTC 2022 x86_64,mode=power,1,1,1,0,0,no_cal_date,YOKOGAWA;WT310E;C3YD21068E;F1.04'
ptd-server 2023-02-12 07:47:34,938 [INFO] Connected to PTDaemon
ptd-server 2023-02-12 07:47:34,939 [INFO] Sending to ptd: 'RR'
ptd-server 2023-02-12 07:47:34,939 [INFO] Reply from ptd: 'Ranges,0,0.100000,0,600.000000'
ptd-server 2023-02-12 07:47:34,940 [INFO] Initial range for Amps is 0.100000 for Volts is 600.000000
ptd-server 2023-02-12 07:47:34,940 [INFO] Sending to ptd: 'SR,V,Auto'
ptd-server 2023-02-12 07:47:35,444 [INFO] Reply from ptd: 'Range V changed'
ptd-server 2023-02-12 07:47:35,444 [INFO] Sending to ptd: 'SR,A,Auto'
ptd-server 2023-02-12 07:47:35,947 [INFO] Reply from ptd: 'Range A changed'
ptd-server 2023-02-12 07:47:45,959 [INFO] Starting ranging mode
ptd-server 2023-02-12 07:47:45,959 [INFO] Sending to ptd: 'Go,1000,0,2023-02-12_07-47-17_ranging'
ptd-server 2023-02-12 07:47:45,960 [INFO] Reply from ptd: 'Starting untimed measurement, maximum 500000 samples at 1000ms with 0 rampup samples'
ptd-server 2023-02-12 07:47:45,960 [INFO] Sending reply to client 'OK'
ptd-server 2023-02-12 07:57:48,734 [INFO] Got command from the client 'session,2023-02-12_07-47-17,stop,ranging'
ptd-server 2023-02-12 07:57:58,745 [INFO] Sending to ptd: 'Stop'
ptd-server 2023-02-12 07:57:58,746 [INFO] Reply from ptd: 'Stopping untimed measurement'
ptd-server 2023-02-12 07:57:58,781 [INFO] Sending reply to client 'OK'
ptd-server 2023-02-12 07:57:58,831 [INFO] Got command from the client 'time'
ptd-server 2023-02-12 07:57:58,831 [INFO] Sending reply to client '1676188678.8318136'
ptd-server 2023-02-12 07:57:58,836 [INFO] Got command from the client 'session,2023-02-12_07-47-17,start,testing'
ptd-server 2023-02-12 07:57:58,836 [INFO] Sending to ptd: 'SR,V,246.690000'
ptd-server 2023-02-12 07:58:00,464 [INFO] Reply from ptd: 'Range V changed'
ptd-server 2023-02-12 07:58:00,464 [INFO] Sending to ptd: 'SR,A,0.239230'
ptd-server 2023-02-12 07:58:01,967 [INFO] Reply from ptd: 'Range A changed'
ptd-server 2023-02-12 07:58:11,978 [INFO] Starting testing mode
ptd-server 2023-02-12 07:58:11,979 [INFO] Sending to ptd: 'Go,1000,0,2023-02-12_07-47-17_testing'
ptd-server 2023-02-12 07:58:11,980 [INFO] Reply from ptd: 'Starting untimed measurement, maximum 500000 samples at 1000ms with 0 rampup samples'
ptd-server 2023-02-12 07:58:11,980 [INFO] Sending reply to client 'OK'
ptd-server 2023-02-12 08:08:12,807 [INFO] Got command from the client 'session,2023-02-12_07-47-17,stop,testing'
ptd-server 2023-02-12 08:08:22,817 [INFO] Sending to ptd: 'Stop'
ptd-server 2023-02-12 08:08:22,818 [INFO] Reply from ptd: 'Stopping untimed measurement'
ptd-server 2023-02-12 08:08:22,835 [INFO] Sending reply to client 'OK'
ptd-server 2023-02-12 08:08:22,851 [INFO] Got command from the client 'session,2023-02-12_07-47-17,done'
ptd-server 2023-02-12 08:08:22,851 [INFO] Sending to ptd: 'Stop'
ptd-server 2023-02-12 08:08:22,981 [INFO] Reply from ptd: 'Error: no measurement to stop'
ptd-server 2023-02-12 08:08:22,982 [INFO] Sending to ptd: 'SR,V,600.000000'
ptd-server 2023-02-12 08:08:24,485 [INFO] Reply from ptd: 'Range V changed'
ptd-server 2023-02-12 08:08:24,486 [INFO] Sending to ptd: 'SR,A,0.100000'
ptd-server 2023-02-12 08:08:25,989 [INFO] Reply from ptd: 'Range A changed'
ptd-server 2023-02-12 08:08:25,989 [INFO] Set initial values for Amps 0.100000 and Volts 600.000000
ptd-server 2023-02-12 08:08:25,990 [INFO] Stopping ptd...
