ptd-server 2023-02-26 15:57:52,927 [INFO] Got command from the client 'time'
ptd-server 2023-02-26 15:57:52,927 [INFO] Sending reply to client '1677427072.927232'
ptd-server 2023-02-26 15:57:52,928 [INFO] Got command from the client 'new,,e316b980-dc03-4eda-b4db-1cdc0b81fb47'
ptd-server 2023-02-26 15:57:52,929 [INFO] Sending reply to client 'OK 2023-02-26_15-57-52,3ee8ae70-3eb2-4588-b787-9a94426c4ccc'
ptd-server 2023-02-26 15:57:52,955 [INFO] Got command from the client 'time'
ptd-server 2023-02-26 15:57:52,956 [INFO] Sending reply to client '1677427072.956094'
ptd-server 2023-02-26 15:57:52,957 [INFO] Got command from the client 'session,2023-02-26_15-57-52,start,ranging'
ptd-server 2023-02-26 15:57:52,958 [INFO] Running PTDaemon: ['/home/anton/projects/mlperf/power/inference_v1.0/ptd-linux-x86', '-l', '/tmp/tmpu4v721n6/ptd_logfile.txt', '-p', '8888', '49', '/dev/usbtmc0']
ptd-server 2023-02-26 15:58:10,046 [INFO] Sending to ptd: 'Hello'
ptd-server 2023-02-26 15:58:10,047 [INFO] Reply from ptd: 'Hello, PTDaemon here!'
ptd-server 2023-02-26 15:58:10,047 [INFO] Sending to ptd: 'Identify'
ptd-server 2023-02-26 15:58:10,047 [INFO] Reply from ptd: 'YokogawaWT310E,1000,1,1,1,1,0,1,1,version=1.10.0-ed9a21d2-20220817,OS=Linux 5.15.0-60-generic #66~20.04.1-Ubuntu SMP Wed Jan 25 09:41:30 UTC 2023 x86_64,mode=power,1,1,1,0,0,no_cal_date,YOKOGAWA;WT310E;C3XA04010E;F1.04'
ptd-server 2023-02-26 15:58:10,047 [INFO] Connected to PTDaemon
ptd-server 2023-02-26 15:58:10,047 [INFO] Sending to ptd: 'RR'
ptd-server 2023-02-26 15:58:10,048 [INFO] Reply from ptd: 'Ranges,0,0.100000,0,300.000000'
ptd-server 2023-02-26 15:58:10,048 [INFO] Initial range for Amps is 0.100000 for Volts is 300.000000
ptd-server 2023-02-26 15:58:10,048 [INFO] Sending to ptd: 'SR,V,Auto'
ptd-server 2023-02-26 15:58:10,550 [INFO] Reply from ptd: 'Range V changed'
ptd-server 2023-02-26 15:58:10,550 [INFO] Sending to ptd: 'SR,A,Auto'
ptd-server 2023-02-26 15:58:11,053 [INFO] Reply from ptd: 'Range A changed'
ptd-server 2023-02-26 15:58:21,060 [INFO] Starting ranging mode
ptd-server 2023-02-26 15:58:21,060 [INFO] Sending to ptd: 'Go,1000,0,2023-02-26_15-57-52_ranging'
ptd-server 2023-02-26 15:58:21,060 [INFO] Reply from ptd: 'Starting untimed measurement, maximum 500000 samples at 1000ms with 0 rampup samples'
ptd-server 2023-02-26 15:58:21,061 [INFO] Sending reply to client 'OK'
ptd-server 2023-02-26 16:08:43,850 [INFO] Got command from the client 'session,2023-02-26_15-57-52,stop,ranging'
ptd-server 2023-02-26 16:08:53,860 [INFO] Sending to ptd: 'Stop'
ptd-server 2023-02-26 16:08:53,860 [INFO] Reply from ptd: 'Stopping untimed measurement'
ptd-server 2023-02-26 16:08:54,104 [INFO] Sending reply to client 'OK'
ptd-server 2023-02-26 16:08:55,101 [INFO] Got command from the client 'time'
ptd-server 2023-02-26 16:08:55,101 [INFO] Sending reply to client '1677427735.1016896'
ptd-server 2023-02-26 16:08:55,103 [INFO] Got command from the client 'session,2023-02-26_15-57-52,start,testing'
ptd-server 2023-02-26 16:08:55,103 [INFO] Sending to ptd: 'SR,V,251.020000'
ptd-server 2023-02-26 16:08:56,604 [INFO] Reply from ptd: 'Range V changed'
ptd-server 2023-02-26 16:08:56,605 [INFO] Sending to ptd: 'SR,A,0.070910'
ptd-server 2023-02-26 16:08:58,106 [INFO] Reply from ptd: 'Range A changed'
ptd-server 2023-02-26 16:09:08,116 [INFO] Starting testing mode
ptd-server 2023-02-26 16:09:08,116 [INFO] Sending to ptd: 'Go,1000,0,2023-02-26_15-57-52_testing'
ptd-server 2023-02-26 16:09:08,116 [INFO] Reply from ptd: 'Starting untimed measurement, maximum 500000 samples at 1000ms with 0 rampup samples'
ptd-server 2023-02-26 16:09:08,117 [INFO] Sending reply to client 'OK'
ptd-server 2023-02-26 16:19:23,741 [INFO] Got command from the client 'session,2023-02-26_15-57-52,stop,testing'
ptd-server 2023-02-26 16:19:33,748 [INFO] Sending to ptd: 'Stop'
ptd-server 2023-02-26 16:19:33,748 [INFO] Reply from ptd: 'Stopping untimed measurement'
ptd-server 2023-02-26 16:19:33,882 [INFO] Sending reply to client 'OK'
ptd-server 2023-02-26 16:19:33,901 [INFO] Got command from the client 'session,2023-02-26_15-57-52,done'
ptd-server 2023-02-26 16:19:33,902 [INFO] Sending to ptd: 'Stop'
ptd-server 2023-02-26 16:19:34,117 [INFO] Reply from ptd: 'Error: no measurement to stop'
ptd-server 2023-02-26 16:19:34,117 [INFO] Sending to ptd: 'SR,V,300.000000'
ptd-server 2023-02-26 16:19:35,618 [INFO] Reply from ptd: 'Range V changed'
ptd-server 2023-02-26 16:19:35,618 [INFO] Sending to ptd: 'SR,A,0.100000'
ptd-server 2023-02-26 16:19:37,120 [INFO] Reply from ptd: 'Range A changed'
ptd-server 2023-02-26 16:19:37,120 [INFO] Set initial values for Amps 0.100000 and Volts 300.000000
ptd-server 2023-02-26 16:19:37,120 [INFO] Stopping ptd...
