ptd-server 2023-03-01 01:01:13,791 [INFO] Got command from the client 'time'
ptd-server 2023-03-01 01:01:13,792 [INFO] Sending reply to client '1677632473.792128'
ptd-server 2023-03-01 01:01:13,794 [INFO] Got command from the client 'new,,f4f99e45-bf6a-4dcc-8c6e-7eea6196759c'
ptd-server 2023-03-01 01:01:13,794 [INFO] Sending reply to client 'OK 2023-03-01_01-01-13,57eff4d8-847e-4800-ae8f-d01aed68a9fe'
ptd-server 2023-03-01 01:01:13,818 [INFO] Got command from the client 'time'
ptd-server 2023-03-01 01:01:13,819 [INFO] Sending reply to client '1677632473.819019'
ptd-server 2023-03-01 01:01:13,822 [INFO] Got command from the client 'session,2023-03-01_01-01-13,start,ranging'
ptd-server 2023-03-01 01:01:13,822 [INFO] Running PTDaemon: ['/home/anton/projects/mlperf/power/inference_v1.0/ptd-linux-x86', '-l', '/tmp/tmpu4v721n6/ptd_logfile.txt', '-p', '8888', '49', '/dev/usbtmc0']
ptd-server 2023-03-01 01:01:30,910 [INFO] Sending to ptd: 'Hello'
ptd-server 2023-03-01 01:01:30,911 [INFO] Reply from ptd: 'Hello, PTDaemon here!'
ptd-server 2023-03-01 01:01:30,911 [INFO] Sending to ptd: 'Identify'
ptd-server 2023-03-01 01:01:30,911 [INFO] Reply from ptd: 'YokogawaWT310E,1000,1,1,1,1,0,1,1,version=1.10.0-ed9a21d2-20220817,OS=Linux 5.15.0-60-generic #66~20.04.1-Ubuntu SMP Wed Jan 25 09:41:30 UTC 2023 x86_64,mode=power,1,1,1,0,0,no_cal_date,YOKOGAWA;WT310E;C3XA04010E;F1.04'
ptd-server 2023-03-01 01:01:30,911 [INFO] Connected to PTDaemon
ptd-server 2023-03-01 01:01:30,911 [INFO] Sending to ptd: 'RR'
ptd-server 2023-03-01 01:01:30,911 [INFO] Reply from ptd: 'Ranges,0,0.100000,0,300.000000'
ptd-server 2023-03-01 01:01:30,912 [INFO] Initial range for Amps is 0.100000 for Volts is 300.000000
ptd-server 2023-03-01 01:01:30,912 [INFO] Sending to ptd: 'SR,V,Auto'
ptd-server 2023-03-01 01:01:31,414 [INFO] Reply from ptd: 'Range V changed'
ptd-server 2023-03-01 01:01:31,414 [INFO] Sending to ptd: 'SR,A,Auto'
ptd-server 2023-03-01 01:01:31,917 [INFO] Reply from ptd: 'Range A changed'
ptd-server 2023-03-01 01:01:41,924 [INFO] Starting ranging mode
ptd-server 2023-03-01 01:01:41,924 [INFO] Sending to ptd: 'Go,1000,0,2023-03-01_01-01-13_ranging'
ptd-server 2023-03-01 01:01:41,925 [INFO] Reply from ptd: 'Starting untimed measurement, maximum 500000 samples at 1000ms with 0 rampup samples'
ptd-server 2023-03-01 01:01:41,925 [INFO] Sending reply to client 'OK'
ptd-server 2023-03-01 01:12:05,342 [INFO] Got command from the client 'session,2023-03-01_01-01-13,stop,ranging'
ptd-server 2023-03-01 01:12:15,352 [INFO] Sending to ptd: 'Stop'
ptd-server 2023-03-01 01:12:15,352 [INFO] Reply from ptd: 'Stopping untimed measurement'
ptd-server 2023-03-01 01:12:15,884 [INFO] Sending reply to client 'OK'
ptd-server 2023-03-01 01:12:15,977 [INFO] Got command from the client 'time'
ptd-server 2023-03-01 01:12:15,977 [INFO] Sending reply to client '1677633135.9778233'
ptd-server 2023-03-01 01:12:15,980 [INFO] Got command from the client 'session,2023-03-01_01-01-13,start,testing'
ptd-server 2023-03-01 01:12:15,980 [INFO] Sending to ptd: 'SR,V,250.900000'
ptd-server 2023-03-01 01:12:17,481 [INFO] Reply from ptd: 'Range V changed'
ptd-server 2023-03-01 01:12:17,482 [INFO] Sending to ptd: 'SR,A,0.094170'
ptd-server 2023-03-01 01:12:18,983 [INFO] Reply from ptd: 'Range A changed'
ptd-server 2023-03-01 01:12:28,992 [INFO] Starting testing mode
ptd-server 2023-03-01 01:12:28,992 [INFO] Sending to ptd: 'Go,1000,0,2023-03-01_01-01-13_testing'
ptd-server 2023-03-01 01:12:28,992 [INFO] Reply from ptd: 'Starting untimed measurement, maximum 500000 samples at 1000ms with 0 rampup samples'
ptd-server 2023-03-01 01:12:28,993 [INFO] Sending reply to client 'OK'
ptd-server 2023-03-01 01:22:52,597 [INFO] Got command from the client 'session,2023-03-01_01-01-13,stop,testing'
ptd-server 2023-03-01 01:23:02,607 [INFO] Sending to ptd: 'Stop'
ptd-server 2023-03-01 01:23:02,607 [INFO] Reply from ptd: 'Stopping untimed measurement'
ptd-server 2023-03-01 01:23:02,895 [INFO] Sending reply to client 'OK'
ptd-server 2023-03-01 01:23:02,916 [INFO] Got command from the client 'session,2023-03-01_01-01-13,done'
ptd-server 2023-03-01 01:23:02,916 [INFO] Sending to ptd: 'Stop'
ptd-server 2023-03-01 01:23:02,992 [INFO] Reply from ptd: 'Error: no measurement to stop'
ptd-server 2023-03-01 01:23:02,993 [INFO] Sending to ptd: 'SR,V,300.000000'
ptd-server 2023-03-01 01:23:04,494 [INFO] Reply from ptd: 'Range V changed'
ptd-server 2023-03-01 01:23:04,494 [INFO] Sending to ptd: 'SR,A,0.100000'
ptd-server 2023-03-01 01:23:05,995 [INFO] Reply from ptd: 'Range A changed'
ptd-server 2023-03-01 01:23:05,996 [INFO] Set initial values for Amps 0.100000 and Volts 300.000000
ptd-server 2023-03-01 01:23:05,996 [INFO] Stopping ptd...
