ptd-server 2023-02-24 23:55:44,848 [INFO] Got command from the client 'time'
ptd-server 2023-02-24 23:55:44,848 [INFO] Sending reply to client '1677282944.8487248'
ptd-server 2023-02-24 23:55:44,853 [INFO] Got command from the client 'new,,107ee648-a3bf-451e-bbe0-6f8bbc456bbc'
ptd-server 2023-02-24 23:55:44,854 [INFO] Sending reply to client 'OK 2023-02-24_23-55-44,60589964-6896-46c0-9d0c-7cdca2b7d887'
ptd-server 2023-02-24 23:55:44,880 [INFO] Got command from the client 'time'
ptd-server 2023-02-24 23:55:44,880 [INFO] Sending reply to client '1677282944.880798'
ptd-server 2023-02-24 23:55:44,884 [INFO] Got command from the client 'session,2023-02-24_23-55-44,start,ranging'
ptd-server 2023-02-24 23:55:44,884 [INFO] Running PTDaemon: ['/media/arjun/T7_Touch/hp-envy/CM/repos/local/cache/9b3695ca8255492a/power/inference_v1.0/ptd-linux-x86', '-l', '/tmp/tmpti64566v/ptd_logfile.txt', '-p', '8888', '49', '/dev/usbtmc0']
ptd-server 2023-02-24 23:56:01,990 [INFO] Sending to ptd: 'Hello'
ptd-server 2023-02-24 23:56:01,991 [INFO] Reply from ptd: 'Hello, PTDaemon here!'
ptd-server 2023-02-24 23:56:01,992 [INFO] Sending to ptd: 'Identify'
ptd-server 2023-02-24 23:56:01,993 [INFO] Reply from ptd: 'YokogawaWT310E,1000,1,1,1,1,0,1,1,version=1.10.0-ed9a21d2-20220817,OS=Linux 5.15.0-56-generic #62-Ubuntu SMP Tue Nov 22 19:54:14 UTC 2022 x86_64,mode=power,1,1,1,0,0,no_cal_date,YOKOGAWA;WT310E;C3YD21068E;F1.04'
ptd-server 2023-02-24 23:56:01,993 [INFO] Connected to PTDaemon
ptd-server 2023-02-24 23:56:01,993 [INFO] Sending to ptd: 'RR'
ptd-server 2023-02-24 23:56:01,994 [INFO] Reply from ptd: 'Ranges,0,0.100000,0,600.000000'
ptd-server 2023-02-24 23:56:01,995 [INFO] Initial range for Amps is 0.100000 for Volts is 600.000000
ptd-server 2023-02-24 23:56:01,995 [INFO] Sending to ptd: 'SR,V,Auto'
ptd-server 2023-02-24 23:56:02,499 [INFO] Reply from ptd: 'Range V changed'
ptd-server 2023-02-24 23:56:02,499 [INFO] Sending to ptd: 'SR,A,Auto'
ptd-server 2023-02-24 23:56:03,003 [INFO] Reply from ptd: 'Range A changed'
ptd-server 2023-02-24 23:56:13,014 [INFO] Starting ranging mode
ptd-server 2023-02-24 23:56:13,014 [INFO] Sending to ptd: 'Go,1000,0,2023-02-24_23-55-44_ranging'
ptd-server 2023-02-24 23:56:13,015 [INFO] Reply from ptd: 'Starting untimed measurement, maximum 500000 samples at 1000ms with 0 rampup samples'
ptd-server 2023-02-24 23:56:13,015 [INFO] Sending reply to client 'OK'
ptd-server 2023-02-25 00:07:17,020 [INFO] Got command from the client 'session,2023-02-24_23-55-44,stop,ranging'
ptd-server 2023-02-25 00:07:27,031 [INFO] Sending to ptd: 'Stop'
ptd-server 2023-02-25 00:07:27,032 [INFO] Reply from ptd: 'Stopping untimed measurement'
ptd-server 2023-02-25 00:07:27,161 [INFO] Sending reply to client 'OK'
ptd-server 2023-02-25 00:07:27,228 [INFO] Got command from the client 'time'
ptd-server 2023-02-25 00:07:27,229 [INFO] Sending reply to client '1677283647.2290094'
ptd-server 2023-02-25 00:07:27,232 [INFO] Got command from the client 'session,2023-02-24_23-55-44,start,testing'
ptd-server 2023-02-25 00:07:27,232 [INFO] Sending to ptd: 'SR,V,248.620000'
ptd-server 2023-02-25 00:07:29,519 [INFO] Reply from ptd: 'Range V changed'
ptd-server 2023-02-25 00:07:29,519 [INFO] Sending to ptd: 'SR,A,0.176160'
ptd-server 2023-02-25 00:07:31,022 [INFO] Reply from ptd: 'Range A changed'
ptd-server 2023-02-25 00:07:41,034 [INFO] Starting testing mode
ptd-server 2023-02-25 00:07:41,034 [INFO] Sending to ptd: 'Go,1000,0,2023-02-24_23-55-44_testing'
ptd-server 2023-02-25 00:07:41,035 [INFO] Reply from ptd: 'Starting untimed measurement, maximum 500000 samples at 1000ms with 0 rampup samples'
ptd-server 2023-02-25 00:07:41,035 [INFO] Sending reply to client 'OK'
ptd-server 2023-02-25 00:18:41,055 [INFO] Got command from the client 'session,2023-02-24_23-55-44,stop,testing'
ptd-server 2023-02-25 00:18:51,066 [INFO] Sending to ptd: 'Stop'
ptd-server 2023-02-25 00:18:51,067 [INFO] Reply from ptd: 'Stopping untimed measurement'
ptd-server 2023-02-25 00:18:51,167 [INFO] Sending reply to client 'OK'
ptd-server 2023-02-25 00:18:51,183 [INFO] Got command from the client 'session,2023-02-24_23-55-44,done'
ptd-server 2023-02-25 00:18:51,183 [INFO] Sending to ptd: 'Stop'
ptd-server 2023-02-25 00:18:52,036 [INFO] Reply from ptd: 'Error: no measurement to stop'
ptd-server 2023-02-25 00:18:52,036 [INFO] Sending to ptd: 'SR,V,600.000000'
ptd-server 2023-02-25 00:18:53,539 [INFO] Reply from ptd: 'Range V changed'
ptd-server 2023-02-25 00:18:53,540 [INFO] Sending to ptd: 'SR,A,0.100000'
ptd-server 2023-02-25 00:18:55,043 [INFO] Reply from ptd: 'Range A changed'
ptd-server 2023-02-25 00:18:55,043 [INFO] Set initial values for Amps 0.100000 and Volts 600.000000
ptd-server 2023-02-25 00:18:55,044 [INFO] Stopping ptd...
