ptd-server 2023-03-02 14:52:31,983 [INFO] Got command from the client 'time'
ptd-server 2023-03-02 14:52:31,983 [INFO] Sending reply to client '1677790351.9834383'
ptd-server 2023-03-02 14:52:31,984 [INFO] Got command from the client 'new,,f9a8ffdb-bf4c-4817-afd5-e73d8551f273'
ptd-server 2023-03-02 14:52:31,985 [INFO] Sending reply to client 'OK 2023-03-02_14-52-31,0d925624-b6cf-4768-a96f-5597dc81a0f4'
ptd-server 2023-03-02 14:52:32,065 [INFO] Got command from the client 'time'
ptd-server 2023-03-02 14:52:32,066 [INFO] Sending reply to client '1677790352.0662215'
ptd-server 2023-03-02 14:52:32,067 [INFO] Got command from the client 'session,2023-03-02_14-52-31,start,ranging'
ptd-server 2023-03-02 14:52:32,067 [INFO] Running PTDaemon: ['/local/mnt/workspace/mlcommons/power-main/inference_v1.0/ptd-linux-x86', '-l', '/tmp/tmpqybqiqrs/ptd_logfile.txt', '-p', '8888', '-c', '1,2', '77', '/dev/usbtmc0']
ptd-server 2023-03-02 14:52:50,590 [INFO] Sending to ptd: 'Hello'
ptd-server 2023-03-02 14:52:50,591 [INFO] Reply from ptd: 'Hello, PTDaemon here!'
ptd-server 2023-03-02 14:52:50,591 [INFO] Sending to ptd: 'Identify'
ptd-server 2023-03-02 14:52:50,592 [INFO] Reply from ptd: 'YokogawaWT330_multichannel,1000,1,1,1,1,0,0,1,version=1.10.0-ed9a21d2-20220817,OS=Linux 5.4.0-120-generic #136~18.04.1-Ubuntu SMP Fri Jun 10 18:00:44 UTC 2022 x86_64,mode=power,1,1,2,0,0,no_cal_date,YOKOGAWA;WT333E;C2XC17004V;F1.04'
ptd-server 2023-03-02 14:52:50,592 [INFO] Connected to PTDaemon
ptd-server 2023-03-02 14:52:50,592 [INFO] Sending to ptd: 'RR'
ptd-server 2023-03-02 14:52:50,593 [INFO] Reply from ptd: 'Ranges,1,2.000000,1,300.000000'
ptd-server 2023-03-02 14:52:50,593 [INFO] Initial range for Amps is Auto for Volts is Auto
ptd-server 2023-03-02 14:52:50,593 [INFO] Sending to ptd: 'SR,V,Auto'
ptd-server 2023-03-02 14:52:55,647 [INFO] Reply from ptd: 'Range V changed'
ptd-server 2023-03-02 14:52:55,647 [INFO] Sending to ptd: 'SR,A,Auto'
ptd-server 2023-03-02 14:53:00,701 [INFO] Reply from ptd: 'Range A changed'
ptd-server 2023-03-02 14:53:10,711 [INFO] Starting ranging mode
ptd-server 2023-03-02 14:53:10,711 [INFO] Sending to ptd: 'Go,1000,0,2023-03-02_14-52-31_ranging'
ptd-server 2023-03-02 14:53:10,712 [INFO] Reply from ptd: 'Starting untimed measurement, maximum 500000 samples at 1000ms with 0 rampup samples'
ptd-server 2023-03-02 14:53:10,712 [INFO] Sending reply to client 'OK'
ptd-server 2023-03-02 15:09:01,128 [INFO] Got command from the client 'session,2023-03-02_14-52-31,stop,ranging'
ptd-server 2023-03-02 15:09:11,138 [INFO] Sending to ptd: 'Stop'
ptd-server 2023-03-02 15:09:11,139 [INFO] Reply from ptd: 'Stopping untimed measurement'
ptd-server 2023-03-02 15:09:11,275 [INFO] Sending reply to client 'OK'
ptd-server 2023-03-02 15:09:11,383 [INFO] Got command from the client 'time'
ptd-server 2023-03-02 15:09:11,383 [INFO] Sending reply to client '1677791351.3832886'
ptd-server 2023-03-02 15:09:11,384 [INFO] Got command from the client 'session,2023-03-02_14-52-31,start,testing'
ptd-server 2023-03-02 15:09:11,384 [INFO] Sending to ptd: 'SR,V,208.750000'
ptd-server 2023-03-02 15:09:17,764 [INFO] Reply from ptd: 'Range V changed'
ptd-server 2023-03-02 15:09:17,765 [INFO] Sending to ptd: 'SR,A,4.988600'
ptd-server 2023-03-02 15:09:23,317 [INFO] Reply from ptd: 'Range A changed'
ptd-server 2023-03-02 15:09:33,328 [INFO] Starting testing mode
ptd-server 2023-03-02 15:09:33,328 [INFO] Sending to ptd: 'Go,1000,0,2023-03-02_14-52-31_testing'
ptd-server 2023-03-02 15:09:33,329 [INFO] Reply from ptd: 'Starting untimed measurement, maximum 500000 samples at 1000ms with 0 rampup samples'
ptd-server 2023-03-02 15:09:33,329 [INFO] Sending reply to client 'OK'
ptd-server 2023-03-02 15:25:20,746 [INFO] Got command from the client 'session,2023-03-02_14-52-31,stop,testing'
ptd-server 2023-03-02 15:25:30,757 [INFO] Sending to ptd: 'Stop'
ptd-server 2023-03-02 15:25:30,757 [INFO] Reply from ptd: 'Stopping untimed measurement'
ptd-server 2023-03-02 15:25:30,828 [INFO] Sending reply to client 'OK'
ptd-server 2023-03-02 15:25:30,833 [INFO] Got command from the client 'session,2023-03-02_14-52-31,done'
ptd-server 2023-03-02 15:25:30,833 [INFO] Sending to ptd: 'Stop'
ptd-server 2023-03-02 15:25:31,329 [INFO] Reply from ptd: 'Error: no measurement to stop'
ptd-server 2023-03-02 15:25:31,329 [INFO] Sending to ptd: 'SR,V,Auto'
ptd-server 2023-03-02 15:25:36,383 [INFO] Reply from ptd: 'Range V changed'
ptd-server 2023-03-02 15:25:36,383 [INFO] Sending to ptd: 'SR,A,Auto'
ptd-server 2023-03-02 15:25:41,436 [INFO] Reply from ptd: 'Range A changed'
ptd-server 2023-03-02 15:25:41,437 [INFO] Set initial values for Amps Auto and Volts Auto
ptd-server 2023-03-02 15:25:41,437 [INFO] Stopping ptd...
