ptd-server 2023-02-18 04:20:15,625 [INFO] Got command from the client 'stop'
ptd-server 2023-02-18 04:20:15,625 [INFO] The server will be stopped after processing this client
ptd-server 2023-02-18 04:20:15,625 [INFO] Sending reply to client 'OK'
ptd-server 2023-02-18 04:20:15,853 [INFO] Got command from the client 'time'
ptd-server 2023-02-18 04:20:15,853 [INFO] Sending reply to client '1676722815.8532348'
ptd-server 2023-02-18 04:20:15,854 [INFO] Got command from the client 'new,,07326e7c-dbb7-4c76-97c8-21a4f7017222'
ptd-server 2023-02-18 04:20:15,855 [INFO] Sending reply to client 'OK 2023-02-18_04-20-15,817cabb5-70f7-44f8-82e3-5a435d5e14dc'
ptd-server 2023-02-18 04:20:16,076 [INFO] Got command from the client 'time'
ptd-server 2023-02-18 04:20:16,076 [INFO] Sending reply to client '1676722816.076349'
ptd-server 2023-02-18 04:20:16,078 [INFO] Got command from the client 'session,2023-02-18_04-20-15,start,ranging'
ptd-server 2023-02-18 04:20:16,078 [INFO] Running PTDaemon: ['/usr/bin/ptd-linux-x86', '-l', '/tmp/tmpbw0ug8n4/ptd_logfile.txt', '-p', '8888', '-c', '1', '-y', '52', '10.116.21.204']
ptd-server 2023-02-18 04:20:33,253 [INFO] Sending to ptd: 'Hello'
ptd-server 2023-02-18 04:20:33,254 [INFO] Reply from ptd: 'Hello, PTDaemon here!'
ptd-server 2023-02-18 04:20:33,254 [INFO] Sending to ptd: 'Identify'
ptd-server 2023-02-18 04:20:33,255 [INFO] Reply from ptd: 'YokogawaWT330E,1000,1,1,1,1,0,0,1,version=1.10.0-ed9a21d2-20220817,OS=Linux 5.15.0-60-generic #66~20.04.1-Ubuntu SMP Wed Jan 25 09:41:30 UTC 2023 x86_64,mode=power,1,1,1,0,0,no_cal_date,YOKOGAWA;WT333E;C2VL22012V;F1.04'
ptd-server 2023-02-18 04:20:33,255 [INFO] Connected to PTDaemon
ptd-server 2023-02-18 04:20:33,255 [INFO] Sending to ptd: 'RR'
ptd-server 2023-02-18 04:20:33,255 [INFO] Reply from ptd: 'Ranges,1,0.500000,1,300.000000'
ptd-server 2023-02-18 04:20:33,255 [INFO] Initial range for Amps is Auto for Volts is Auto
ptd-server 2023-02-18 04:20:33,255 [INFO] Sending to ptd: 'SR,V,Auto'
ptd-server 2023-02-18 04:20:33,762 [INFO] Reply from ptd: 'Range V changed'
ptd-server 2023-02-18 04:20:33,762 [INFO] Sending to ptd: 'SR,A,Auto'
ptd-server 2023-02-18 04:20:34,269 [INFO] Reply from ptd: 'Range A changed'
ptd-server 2023-02-18 04:20:44,279 [INFO] Starting ranging mode
ptd-server 2023-02-18 04:20:44,280 [INFO] Sending to ptd: 'Go,1000,0,2023-02-18_04-20-15_ranging'
ptd-server 2023-02-18 04:20:44,280 [INFO] Reply from ptd: 'Starting untimed measurement, maximum 500000 samples at 1000ms with 0 rampup samples'
ptd-server 2023-02-18 04:20:44,280 [INFO] Sending reply to client 'OK'
ptd-server 2023-02-18 05:51:04,688 [INFO] Got command from the client 'session,2023-02-18_04-20-15,stop,ranging'
ptd-server 2023-02-18 05:51:14,699 [INFO] Sending to ptd: 'Stop'
ptd-server 2023-02-18 05:51:14,699 [INFO] Reply from ptd: 'Stopping untimed measurement'
ptd-server 2023-02-18 05:51:14,752 [INFO] Sending reply to client 'OK'
ptd-server 2023-02-18 05:51:15,022 [INFO] Got command from the client 'time'
ptd-server 2023-02-18 05:51:15,022 [INFO] Sending reply to client '1676728275.0224488'
ptd-server 2023-02-18 05:51:15,024 [INFO] Got command from the client 'session,2023-02-18_04-20-15,start,testing'
ptd-server 2023-02-18 05:51:15,024 [INFO] Sending to ptd: 'SR,V,207.080000'
ptd-server 2023-02-18 05:51:16,786 [INFO] Reply from ptd: 'Range V changed'
ptd-server 2023-02-18 05:51:16,788 [INFO] Sending to ptd: 'SR,A,0.475200'
ptd-server 2023-02-18 05:51:18,293 [INFO] Reply from ptd: 'Range A changed'
ptd-server 2023-02-18 05:51:28,304 [INFO] Starting testing mode
ptd-server 2023-02-18 05:51:28,304 [INFO] Sending to ptd: 'Go,1000,0,2023-02-18_04-20-15_testing'
ptd-server 2023-02-18 05:51:28,305 [INFO] Reply from ptd: 'Starting untimed measurement, maximum 500000 samples at 1000ms with 0 rampup samples'
ptd-server 2023-02-18 05:51:28,305 [INFO] Sending reply to client 'OK'
ptd-server 2023-02-18 07:21:08,466 [INFO] Got command from the client 'session,2023-02-18_04-20-15,stop,testing'
ptd-server 2023-02-18 07:21:18,467 [INFO] Sending to ptd: 'Stop'
ptd-server 2023-02-18 07:21:18,467 [INFO] Reply from ptd: 'Stopping untimed measurement'
ptd-server 2023-02-18 07:21:18,489 [INFO] Sending reply to client 'OK'
ptd-server 2023-02-18 07:21:18,532 [INFO] Got command from the client 'session,2023-02-18_04-20-15,done'
ptd-server 2023-02-18 07:21:18,532 [INFO] Sending to ptd: 'Stop'
ptd-server 2023-02-18 07:21:19,305 [INFO] Reply from ptd: 'Error: no measurement to stop'
ptd-server 2023-02-18 07:21:19,306 [INFO] Sending to ptd: 'SR,V,Auto'
ptd-server 2023-02-18 07:21:19,813 [INFO] Reply from ptd: 'Range V changed'
ptd-server 2023-02-18 07:21:19,813 [INFO] Sending to ptd: 'SR,A,Auto'
ptd-server 2023-02-18 07:21:20,319 [INFO] Reply from ptd: 'Range A changed'
ptd-server 2023-02-18 07:21:20,320 [INFO] Set initial values for Amps Auto and Volts Auto
ptd-server 2023-02-18 07:21:20,320 [INFO] Stopping ptd...
