client 2023-02-24 07:53:19,570 [INFO] Creating output directory '/home/arjun/mobilenet_results/valid_results/arjun_orin-tflite_cpp-cpu-tflite-vmaster-default_config/mobilenet-v2-precision_float-0.75-128/singlestream/performance/tmp_power'
client 2023-02-24 07:53:19,697 [INFO] Sending command to the server: 'mlcommons/power client v3'
client 2023-02-24 07:53:19,701 [INFO] Got response: 'mlcommons/power server v3'
client 2023-02-24 07:53:19,701 [INFO] Synchronizing with the server and with time.google.com...
client 2023-02-24 07:53:19,734 [INFO] NTP:offset = 0.001 s, delay = 0.015 s 
client 2023-02-24 07:53:19,734 [INFO] Sending command to the server: 'time'
client 2023-02-24 07:53:19,737 [INFO] Got response: '1677225199.7390225'
client 2023-02-24 07:53:19,737 [INFO] The time difference between the client and the server is within range -4.586 ms..-1.067 ms
client 2023-02-24 07:53:19,738 [INFO] Sending command to the server: 'new,,7ae47248-41e3-4826-9c16-468040b2ec12'
client 2023-02-24 07:53:19,742 [INFO] Got response: 'OK 2023-02-24_07-53-19,77746648-f89f-4a2e-81dc-b8fdc79c0ef7'
client 2023-02-24 07:53:19,742 [INFO] Session id is '2023-02-24_07-53-19'
client 2023-02-24 07:53:19,743 [INFO] Sources: {"sources": {"__init__.py": "da39a3ee5e6b4b0d3255bfef95601890afd80709", "client.py": "33ca4f26368777ac06e01f9567b714a4b8063886", "lib/__init__.py": "da39a3ee5e6b4b0d3255bfef95601890afd80709", "lib/client.py": "4c2b78fb4849a7e5b584ef792d82aaed20b17f57", "lib/common.py": "624d0c0acc7c39aaff3674f0b99d6a09da53d1dc", "lib/external/__init__.py": "da39a3ee5e6b4b0d3255bfef95601890afd80709", "lib/external/ntplib.py": "4da8f970656505a40483206ef2b5d3dd5e81711d", "lib/server.py": "cda0cdfaee9bfa1249c64a7dd4f89b7bf1b279f0", "lib/source_hashes.py": "60a2e02193209e8d392803326208d5466342da18", "lib/summary.py": "aa92f0a3f975eecd44d3c0cd0236342ccc9f941d", "lib/time_sync.py": "3210db56eb0ff0df57bf4293dc4d4b03fffd46f1", "server.py": "c3f90f2f7eeb4db30727556d0c815ebc89b3d28b", "tests/unit/__init__.py": "da39a3ee5e6b4b0d3255bfef95601890afd80709", "tests/unit/test_server.py": "99ae15aef722f2000ee6ed1ae1523637bf1ae42b", "tests/unit/test_source_hashes.py": "00468a2907583c593e6574a1f6b404e4651c221a"}, "modules": {"ptd_client_server.lib.client": "lib/client.py", "ptd_client_server.lib.common": "lib/common.py", "ptd_client_server.lib.external.ntplib": "lib/external/ntplib.py", "ptd_client_server.lib.source_hashes": "lib/source_hashes.py", "ptd_client_server.lib.summary": "lib/summary.py", "ptd_client_server.lib.time_sync": "lib/time_sync.py"}}
client 2023-02-24 07:53:19,744 [INFO] Running workload in ranging mode
client 2023-02-24 07:53:19,744 [INFO] Synchronizing with the server and with time.google.com...
client 2023-02-24 07:53:19,762 [INFO] NTP:offset = 0.002 s, delay = 0.016 s 
client 2023-02-24 07:53:19,762 [INFO] Sending command to the server: 'time'
client 2023-02-24 07:53:19,764 [INFO] Got response: '1677225199.7665265'
client 2023-02-24 07:53:19,765 [INFO] The time difference between the client and the server is within range -3.846 ms..-1.431 ms
client 2023-02-24 07:53:19,765 [INFO] Sending command to the server: 'session,2023-02-24_07-53-19,start,ranging'
client 2023-02-24 07:53:47,891 [INFO] Got response: 'OK'
client 2023-02-24 07:53:47,891 [INFO] Running the workload '/home/arjun/run.out'
client 2023-02-24 08:04:35,868 [INFO] Sending command to the server: 'session,2023-02-24_07-53-19,stop,ranging'
client 2023-02-24 08:04:46,144 [INFO] Got response: 'OK'
client 2023-02-24 08:04:46,165 [INFO] Copying loadgen logs from '/home/arjun/mobilenet_results/valid_results/arjun_orin-tflite_cpp-cpu-tflite-vmaster-default_config/mobilenet-v2-precision_float-0.75-128/singlestream/performance/run_1' to '/home/arjun/mobilenet_results/valid_results/arjun_orin-tflite_cpp-cpu-tflite-vmaster-default_config/mobilenet-v2-precision_float-0.75-128/singlestream/performance/tmp_power/ranging'
client 2023-02-24 08:04:46,166 [INFO] Running workload in testing mode
client 2023-02-24 08:04:46,167 [INFO] Synchronizing with the server and with time.google.com...
client 2023-02-24 08:04:46,184 [INFO] NTP:offset = 0.000 s, delay = 0.016 s 
client 2023-02-24 08:04:46,184 [INFO] Sending command to the server: 'time'
client 2023-02-24 08:04:46,190 [INFO] Got response: '1677225886.1912453'
client 2023-02-24 08:04:46,190 [INFO] The time difference between the client and the server is within range -6.599 ms..-1.013 ms
client 2023-02-24 08:04:46,190 [INFO] Sending command to the server: 'session,2023-02-24_07-53-19,start,testing'
client 2023-02-24 08:04:59,912 [INFO] Got response: 'OK'
client 2023-02-24 08:04:59,913 [INFO] Running the workload '/home/arjun/run.out'
client 2023-02-24 08:15:46,726 [INFO] Sending command to the server: 'session,2023-02-24_07-53-19,stop,testing'
client 2023-02-24 08:15:56,790 [INFO] Got response: 'OK'
client 2023-02-24 08:15:56,794 [INFO] Copying loadgen logs from '/home/arjun/mobilenet_results/valid_results/arjun_orin-tflite_cpp-cpu-tflite-vmaster-default_config/mobilenet-v2-precision_float-0.75-128/singlestream/performance/run_1' to '/home/arjun/mobilenet_results/valid_results/arjun_orin-tflite_cpp-cpu-tflite-vmaster-default_config/mobilenet-v2-precision_float-0.75-128/singlestream/performance/tmp_power/run_1'
client 2023-02-24 08:15:56,797 [INFO] Done runs
