ptd-server 2023-02-24 07:53:19,738 [INFO] Got command from the client 'time'
ptd-server 2023-02-24 07:53:19,739 [INFO] Sending reply to client '1677225199.7390225'
ptd-server 2023-02-24 07:53:19,743 [INFO] Got command from the client 'new,,7ae47248-41e3-4826-9c16-468040b2ec12'
ptd-server 2023-02-24 07:53:19,743 [INFO] Sending reply to client 'OK 2023-02-24_07-53-19,77746648-f89f-4a2e-81dc-b8fdc79c0ef7'
ptd-server 2023-02-24 07:53:19,766 [INFO] Got command from the client 'time'
ptd-server 2023-02-24 07:53:19,766 [INFO] Sending reply to client '1677225199.7665265'
ptd-server 2023-02-24 07:53:19,769 [INFO] Got command from the client 'session,2023-02-24_07-53-19,start,ranging'
ptd-server 2023-02-24 07:53:19,769 [INFO] Running PTDaemon: ['/media/arjun/T7_Touch/hp-envy/CM/repos/local/cache/9b3695ca8255492a/power/inference_v1.0/ptd-linux-x86', '-l', '/tmp/tmpti64566v/ptd_logfile.txt', '-p', '8888', '49', '/dev/usbtmc0']
ptd-server 2023-02-24 07:53:36,867 [INFO] Sending to ptd: 'Hello'
ptd-server 2023-02-24 07:53:36,867 [INFO] Reply from ptd: 'Hello, PTDaemon here!'
ptd-server 2023-02-24 07:53:36,868 [INFO] Sending to ptd: 'Identify'
ptd-server 2023-02-24 07:53:36,869 [INFO] Reply from ptd: 'YokogawaWT310E,1000,1,1,1,1,0,1,1,version=1.10.0-ed9a21d2-20220817,OS=Linux 5.15.0-56-generic #62-Ubuntu SMP Tue Nov 22 19:54:14 UTC 2022 x86_64,mode=power,1,1,1,0,0,no_cal_date,YOKOGAWA;WT310E;C3YD21068E;F1.04'
ptd-server 2023-02-24 07:53:36,869 [INFO] Connected to PTDaemon
ptd-server 2023-02-24 07:53:36,869 [INFO] Sending to ptd: 'RR'
ptd-server 2023-02-24 07:53:36,870 [INFO] Reply from ptd: 'Ranges,0,0.100000,0,600.000000'
ptd-server 2023-02-24 07:53:36,870 [INFO] Initial range for Amps is 0.100000 for Volts is 600.000000
ptd-server 2023-02-24 07:53:36,871 [INFO] Sending to ptd: 'SR,V,Auto'
ptd-server 2023-02-24 07:53:37,375 [INFO] Reply from ptd: 'Range V changed'
ptd-server 2023-02-24 07:53:37,375 [INFO] Sending to ptd: 'SR,A,Auto'
ptd-server 2023-02-24 07:53:37,879 [INFO] Reply from ptd: 'Range A changed'
ptd-server 2023-02-24 07:53:47,890 [INFO] Starting ranging mode
ptd-server 2023-02-24 07:53:47,891 [INFO] Sending to ptd: 'Go,1000,0,2023-02-24_07-53-19_ranging'
ptd-server 2023-02-24 07:53:47,891 [INFO] Reply from ptd: 'Starting untimed measurement, maximum 500000 samples at 1000ms with 0 rampup samples'
ptd-server 2023-02-24 07:53:47,892 [INFO] Sending reply to client 'OK'
ptd-server 2023-02-24 08:04:36,051 [INFO] Got command from the client 'session,2023-02-24_07-53-19,stop,ranging'
ptd-server 2023-02-24 08:04:46,062 [INFO] Sending to ptd: 'Stop'
ptd-server 2023-02-24 08:04:46,063 [INFO] Reply from ptd: 'Stopping untimed measurement'
ptd-server 2023-02-24 08:04:46,144 [INFO] Sending reply to client 'OK'
ptd-server 2023-02-24 08:04:46,191 [INFO] Got command from the client 'time'
ptd-server 2023-02-24 08:04:46,191 [INFO] Sending reply to client '1677225886.1912453'
ptd-server 2023-02-24 08:04:46,194 [INFO] Got command from the client 'session,2023-02-24_07-53-19,start,testing'
ptd-server 2023-02-24 08:04:46,194 [INFO] Sending to ptd: 'SR,V,250.610000'
ptd-server 2023-02-24 08:04:48,395 [INFO] Reply from ptd: 'Range V changed'
ptd-server 2023-02-24 08:04:48,395 [INFO] Sending to ptd: 'SR,A,0.180780'
ptd-server 2023-02-24 08:04:49,899 [INFO] Reply from ptd: 'Range A changed'
ptd-server 2023-02-24 08:04:59,909 [INFO] Starting testing mode
ptd-server 2023-02-24 08:04:59,910 [INFO] Sending to ptd: 'Go,1000,0,2023-02-24_07-53-19_testing'
ptd-server 2023-02-24 08:04:59,910 [INFO] Reply from ptd: 'Starting untimed measurement, maximum 500000 samples at 1000ms with 0 rampup samples'
ptd-server 2023-02-24 08:04:59,911 [INFO] Sending reply to client 'OK'
ptd-server 2023-02-24 08:15:46,736 [INFO] Got command from the client 'session,2023-02-24_07-53-19,stop,testing'
ptd-server 2023-02-24 08:15:56,747 [INFO] Sending to ptd: 'Stop'
ptd-server 2023-02-24 08:15:56,748 [INFO] Reply from ptd: 'Stopping untimed measurement'
ptd-server 2023-02-24 08:15:56,790 [INFO] Sending reply to client 'OK'
ptd-server 2023-02-24 08:15:56,807 [INFO] Got command from the client 'session,2023-02-24_07-53-19,done'
ptd-server 2023-02-24 08:15:56,807 [INFO] Sending to ptd: 'Stop'
ptd-server 2023-02-24 08:15:56,911 [INFO] Reply from ptd: 'Error: no measurement to stop'
ptd-server 2023-02-24 08:15:56,911 [INFO] Sending to ptd: 'SR,V,600.000000'
ptd-server 2023-02-24 08:15:58,415 [INFO] Reply from ptd: 'Range V changed'
ptd-server 2023-02-24 08:15:58,415 [INFO] Sending to ptd: 'SR,A,0.100000'
ptd-server 2023-02-24 08:15:59,918 [INFO] Reply from ptd: 'Range A changed'
ptd-server 2023-02-24 08:15:59,919 [INFO] Set initial values for Amps 0.100000 and Volts 600.000000
ptd-server 2023-02-24 08:15:59,919 [INFO] Stopping ptd...
