ptd-server 2023-02-21 17:09:27,365 [INFO] Got command from the client 'time'
ptd-server 2023-02-21 17:09:27,365 [INFO] Sending reply to client '1676999367.3657382'
ptd-server 2023-02-21 17:09:27,366 [INFO] Got command from the client 'new,,41b99337-0aa5-47a3-86fc-2df3b7c7ee26'
ptd-server 2023-02-21 17:09:27,367 [INFO] Sending reply to client 'OK 2023-02-21_17-09-27,f0665445-5504-444f-826e-55775b125c01'
ptd-server 2023-02-21 17:09:27,387 [INFO] Got command from the client 'time'
ptd-server 2023-02-21 17:09:27,387 [INFO] Sending reply to client '1676999367.3873394'
ptd-server 2023-02-21 17:09:27,388 [INFO] Got command from the client 'session,2023-02-21_17-09-27,start,ranging'
ptd-server 2023-02-21 17:09:27,388 [INFO] Running PTDaemon: ['/home/anton/projects/mlperf/power/inference_v1.0/ptd-linux-x86', '-l', '/tmp/tmp4yl1neqp/ptd_logfile.txt', '-p', '8888', '49', '/dev/usbtmc0']
ptd-server 2023-02-21 17:09:44,462 [INFO] Sending to ptd: 'Hello'
ptd-server 2023-02-21 17:09:44,462 [INFO] Reply from ptd: 'Hello, PTDaemon here!'
ptd-server 2023-02-21 17:09:44,462 [INFO] Sending to ptd: 'Identify'
ptd-server 2023-02-21 17:09:44,463 [INFO] Reply from ptd: 'YokogawaWT310E,1000,1,1,1,1,0,1,1,version=1.10.0-ed9a21d2-20220817,OS=Linux 5.15.0-60-generic #66~20.04.1-Ubuntu SMP Wed Jan 25 09:41:30 UTC 2023 x86_64,mode=power,1,1,1,0,0,no_cal_date,YOKOGAWA;WT310E;C3XA04010E;F1.04'
ptd-server 2023-02-21 17:09:44,463 [INFO] Connected to PTDaemon
ptd-server 2023-02-21 17:09:44,463 [INFO] Sending to ptd: 'RR'
ptd-server 2023-02-21 17:09:44,463 [INFO] Reply from ptd: 'Ranges,1,0.100000,1,300.000000'
ptd-server 2023-02-21 17:09:44,463 [INFO] Initial range for Amps is Auto for Volts is Auto
ptd-server 2023-02-21 17:09:44,463 [INFO] Sending to ptd: 'SR,V,Auto'
ptd-server 2023-02-21 17:09:44,966 [INFO] Reply from ptd: 'Range V changed'
ptd-server 2023-02-21 17:09:44,966 [INFO] Sending to ptd: 'SR,A,Auto'
ptd-server 2023-02-21 17:09:45,468 [INFO] Reply from ptd: 'Range A changed'
ptd-server 2023-02-21 17:09:55,476 [INFO] Starting ranging mode
ptd-server 2023-02-21 17:09:55,476 [INFO] Sending to ptd: 'Go,1000,0,2023-02-21_17-09-27_ranging'
ptd-server 2023-02-21 17:09:55,476 [INFO] Reply from ptd: 'Starting untimed measurement, maximum 500000 samples at 1000ms with 0 rampup samples'
ptd-server 2023-02-21 17:09:55,477 [INFO] Sending reply to client 'OK'
ptd-server 2023-02-21 17:20:17,047 [INFO] Got command from the client 'session,2023-02-21_17-09-27,stop,ranging'
ptd-server 2023-02-21 17:20:27,058 [INFO] Sending to ptd: 'Stop'
ptd-server 2023-02-21 17:20:27,058 [INFO] Reply from ptd: 'Stopping untimed measurement'
ptd-server 2023-02-21 17:20:27,385 [INFO] Sending reply to client 'OK'
ptd-server 2023-02-21 17:20:27,686 [INFO] Got command from the client 'time'
ptd-server 2023-02-21 17:20:27,686 [INFO] Sending reply to client '1677000027.6863403'
ptd-server 2023-02-21 17:20:27,687 [INFO] Got command from the client 'session,2023-02-21_17-09-27,start,testing'
ptd-server 2023-02-21 17:20:27,687 [INFO] Sending to ptd: 'SR,V,250.520000'
ptd-server 2023-02-21 17:20:29,189 [INFO] Reply from ptd: 'Range V changed'
ptd-server 2023-02-21 17:20:29,189 [INFO] Sending to ptd: 'SR,A,0.046750'
ptd-server 2023-02-21 17:20:30,690 [INFO] Reply from ptd: 'Range A changed'
ptd-server 2023-02-21 17:20:40,701 [INFO] Starting testing mode
ptd-server 2023-02-21 17:20:40,701 [INFO] Sending to ptd: 'Go,1000,0,2023-02-21_17-09-27_testing'
ptd-server 2023-02-21 17:20:40,701 [INFO] Reply from ptd: 'Starting untimed measurement, maximum 500000 samples at 1000ms with 0 rampup samples'
ptd-server 2023-02-21 17:20:40,701 [INFO] Sending reply to client 'OK'
ptd-server 2023-02-21 17:31:02,198 [INFO] Got command from the client 'session,2023-02-21_17-09-27,stop,testing'
ptd-server 2023-02-21 17:31:12,209 [INFO] Sending to ptd: 'Stop'
ptd-server 2023-02-21 17:31:12,209 [INFO] Reply from ptd: 'Stopping untimed measurement'
ptd-server 2023-02-21 17:31:12,389 [INFO] Sending reply to client 'OK'
ptd-server 2023-02-21 17:31:12,397 [INFO] Got command from the client 'session,2023-02-21_17-09-27,done'
ptd-server 2023-02-21 17:31:12,397 [INFO] Sending to ptd: 'Stop'
ptd-server 2023-02-21 17:31:12,702 [INFO] Reply from ptd: 'Error: no measurement to stop'
ptd-server 2023-02-21 17:31:12,702 [INFO] Sending to ptd: 'SR,V,Auto'
ptd-server 2023-02-21 17:31:13,205 [INFO] Reply from ptd: 'Range V changed'
ptd-server 2023-02-21 17:31:13,205 [INFO] Sending to ptd: 'SR,A,Auto'
ptd-server 2023-02-21 17:31:13,707 [INFO] Reply from ptd: 'Range A changed'
ptd-server 2023-02-21 17:31:13,707 [INFO] Set initial values for Amps Auto and Volts Auto
ptd-server 2023-02-21 17:31:13,708 [INFO] Stopping ptd...
