ptd-server 2023-02-25 13:49:14,723 [INFO] Got command from the client 'time'
ptd-server 2023-02-25 13:49:14,723 [INFO] Sending reply to client '1677332954.723408'
ptd-server 2023-02-25 13:49:14,724 [INFO] Got command from the client 'new,,ae7407f7-31fb-421f-b536-e300648b99b7'
ptd-server 2023-02-25 13:49:14,725 [INFO] Sending reply to client 'OK 2023-02-25_13-49-14,b9235a3e-c64a-4e10-b125-9b976b5cebfc'
ptd-server 2023-02-25 13:49:14,750 [INFO] Got command from the client 'time'
ptd-server 2023-02-25 13:49:14,750 [INFO] Sending reply to client '1677332954.7509696'
ptd-server 2023-02-25 13:49:14,752 [INFO] Got command from the client 'session,2023-02-25_13-49-14,start,ranging'
ptd-server 2023-02-25 13:49:14,752 [INFO] Running PTDaemon: ['/home/anton/projects/mlperf/power/inference_v1.0/ptd-linux-x86', '-l', '/tmp/tmpu4v721n6/ptd_logfile.txt', '-p', '8888', '49', '/dev/usbtmc0']
ptd-server 2023-02-25 13:49:31,838 [INFO] Sending to ptd: 'Hello'
ptd-server 2023-02-25 13:49:31,839 [INFO] Reply from ptd: 'Hello, PTDaemon here!'
ptd-server 2023-02-25 13:49:31,839 [INFO] Sending to ptd: 'Identify'
ptd-server 2023-02-25 13:49:31,839 [INFO] Reply from ptd: 'YokogawaWT310E,1000,1,1,1,1,0,1,1,version=1.10.0-ed9a21d2-20220817,OS=Linux 5.15.0-60-generic #66~20.04.1-Ubuntu SMP Wed Jan 25 09:41:30 UTC 2023 x86_64,mode=power,1,1,1,0,0,no_cal_date,YOKOGAWA;WT310E;C3XA04010E;F1.04'
ptd-server 2023-02-25 13:49:31,839 [INFO] Connected to PTDaemon
ptd-server 2023-02-25 13:49:31,839 [INFO] Sending to ptd: 'RR'
ptd-server 2023-02-25 13:49:31,840 [INFO] Reply from ptd: 'Ranges,0,0.100000,0,300.000000'
ptd-server 2023-02-25 13:49:31,840 [INFO] Initial range for Amps is 0.100000 for Volts is 300.000000
ptd-server 2023-02-25 13:49:31,840 [INFO] Sending to ptd: 'SR,V,Auto'
ptd-server 2023-02-25 13:49:32,342 [INFO] Reply from ptd: 'Range V changed'
ptd-server 2023-02-25 13:49:32,343 [INFO] Sending to ptd: 'SR,A,Auto'
ptd-server 2023-02-25 13:49:32,845 [INFO] Reply from ptd: 'Range A changed'
ptd-server 2023-02-25 13:49:42,852 [INFO] Starting ranging mode
ptd-server 2023-02-25 13:49:42,852 [INFO] Sending to ptd: 'Go,1000,0,2023-02-25_13-49-14_ranging'
ptd-server 2023-02-25 13:49:42,852 [INFO] Reply from ptd: 'Starting untimed measurement, maximum 500000 samples at 1000ms with 0 rampup samples'
ptd-server 2023-02-25 13:49:42,853 [INFO] Sending reply to client 'OK'
ptd-server 2023-02-25 13:59:58,163 [INFO] Got command from the client 'session,2023-02-25_13-49-14,stop,ranging'
ptd-server 2023-02-25 14:00:08,172 [INFO] Sending to ptd: 'Stop'
ptd-server 2023-02-25 14:00:08,172 [INFO] Reply from ptd: 'Stopping untimed measurement'
ptd-server 2023-02-25 14:00:08,276 [INFO] Sending reply to client 'OK'
ptd-server 2023-02-25 14:00:08,324 [INFO] Got command from the client 'time'
ptd-server 2023-02-25 14:00:08,324 [INFO] Sending reply to client '1677333608.324907'
ptd-server 2023-02-25 14:00:08,326 [INFO] Got command from the client 'session,2023-02-25_13-49-14,start,testing'
ptd-server 2023-02-25 14:00:08,327 [INFO] Sending to ptd: 'SR,V,252.030000'
ptd-server 2023-02-25 14:00:10,354 [INFO] Reply from ptd: 'Range V changed'
ptd-server 2023-02-25 14:00:10,355 [INFO] Sending to ptd: 'SR,A,0.043570'
ptd-server 2023-02-25 14:00:11,856 [INFO] Reply from ptd: 'Range A changed'
ptd-server 2023-02-25 14:00:21,866 [INFO] Starting testing mode
ptd-server 2023-02-25 14:00:21,867 [INFO] Sending to ptd: 'Go,1000,0,2023-02-25_13-49-14_testing'
ptd-server 2023-02-25 14:00:21,867 [INFO] Reply from ptd: 'Starting untimed measurement, maximum 500000 samples at 1000ms with 0 rampup samples'
ptd-server 2023-02-25 14:00:21,867 [INFO] Sending reply to client 'OK'
ptd-server 2023-02-25 14:10:37,061 [INFO] Got command from the client 'session,2023-02-25_13-49-14,stop,testing'
ptd-server 2023-02-25 14:10:47,064 [INFO] Sending to ptd: 'Stop'
ptd-server 2023-02-25 14:10:47,064 [INFO] Reply from ptd: 'Stopping untimed measurement'
ptd-server 2023-02-25 14:10:47,118 [INFO] Sending reply to client 'OK'
ptd-server 2023-02-25 14:10:47,142 [INFO] Got command from the client 'session,2023-02-25_13-49-14,done'
ptd-server 2023-02-25 14:10:47,142 [INFO] Sending to ptd: 'Stop'
ptd-server 2023-02-25 14:10:47,867 [INFO] Reply from ptd: 'Error: no measurement to stop'
ptd-server 2023-02-25 14:10:47,867 [INFO] Sending to ptd: 'SR,V,300.000000'
ptd-server 2023-02-25 14:10:49,369 [INFO] Reply from ptd: 'Range V changed'
ptd-server 2023-02-25 14:10:49,369 [INFO] Sending to ptd: 'SR,A,0.100000'
ptd-server 2023-02-25 14:10:50,870 [INFO] Reply from ptd: 'Range A changed'
ptd-server 2023-02-25 14:10:50,870 [INFO] Set initial values for Amps 0.100000 and Volts 300.000000
ptd-server 2023-02-25 14:10:50,870 [INFO] Stopping ptd...
