ptd-server 2023-02-26 03:32:07,579 [INFO] Got command from the client 'time'
ptd-server 2023-02-26 03:32:07,579 [INFO] Sending reply to client '1677382327.579296'
ptd-server 2023-02-26 03:32:07,581 [INFO] Got command from the client 'new,,b7089386-732d-4771-882c-1f47c5c78b3d'
ptd-server 2023-02-26 03:32:07,581 [INFO] Sending reply to client 'OK 2023-02-26_03-32-07,dcb47da1-6476-4801-a863-c8877040ebf4'
ptd-server 2023-02-26 03:32:07,605 [INFO] Got command from the client 'time'
ptd-server 2023-02-26 03:32:07,605 [INFO] Sending reply to client '1677382327.6055691'
ptd-server 2023-02-26 03:32:07,608 [INFO] Got command from the client 'session,2023-02-26_03-32-07,start,ranging'
ptd-server 2023-02-26 03:32:07,608 [INFO] Running PTDaemon: ['/home/anton/projects/mlperf/power/inference_v1.0/ptd-linux-x86', '-l', '/tmp/tmpu4v721n6/ptd_logfile.txt', '-p', '8888', '49', '/dev/usbtmc0']
ptd-server 2023-02-26 03:32:24,696 [INFO] Sending to ptd: 'Hello'
ptd-server 2023-02-26 03:32:24,697 [INFO] Reply from ptd: 'Hello, PTDaemon here!'
ptd-server 2023-02-26 03:32:24,697 [INFO] Sending to ptd: 'Identify'
ptd-server 2023-02-26 03:32:24,697 [INFO] Reply from ptd: 'YokogawaWT310E,1000,1,1,1,1,0,1,1,version=1.10.0-ed9a21d2-20220817,OS=Linux 5.15.0-60-generic #66~20.04.1-Ubuntu SMP Wed Jan 25 09:41:30 UTC 2023 x86_64,mode=power,1,1,1,0,0,no_cal_date,YOKOGAWA;WT310E;C3XA04010E;F1.04'
ptd-server 2023-02-26 03:32:24,698 [INFO] Connected to PTDaemon
ptd-server 2023-02-26 03:32:24,698 [INFO] Sending to ptd: 'RR'
ptd-server 2023-02-26 03:32:24,698 [INFO] Reply from ptd: 'Ranges,0,0.100000,0,300.000000'
ptd-server 2023-02-26 03:32:24,698 [INFO] Initial range for Amps is 0.100000 for Volts is 300.000000
ptd-server 2023-02-26 03:32:24,698 [INFO] Sending to ptd: 'SR,V,Auto'
ptd-server 2023-02-26 03:32:25,201 [INFO] Reply from ptd: 'Range V changed'
ptd-server 2023-02-26 03:32:25,201 [INFO] Sending to ptd: 'SR,A,Auto'
ptd-server 2023-02-26 03:32:25,703 [INFO] Reply from ptd: 'Range A changed'
ptd-server 2023-02-26 03:32:35,714 [INFO] Starting ranging mode
ptd-server 2023-02-26 03:32:35,714 [INFO] Sending to ptd: 'Go,1000,0,2023-02-26_03-32-07_ranging'
ptd-server 2023-02-26 03:32:35,714 [INFO] Reply from ptd: 'Starting untimed measurement, maximum 500000 samples at 1000ms with 0 rampup samples'
ptd-server 2023-02-26 03:32:35,714 [INFO] Sending reply to client 'OK'
ptd-server 2023-02-26 03:42:51,005 [INFO] Got command from the client 'session,2023-02-26_03-32-07,stop,ranging'
ptd-server 2023-02-26 03:43:01,016 [INFO] Sending to ptd: 'Stop'
ptd-server 2023-02-26 03:43:01,016 [INFO] Reply from ptd: 'Stopping untimed measurement'
ptd-server 2023-02-26 03:43:01,195 [INFO] Sending reply to client 'OK'
ptd-server 2023-02-26 03:43:01,244 [INFO] Got command from the client 'time'
ptd-server 2023-02-26 03:43:01,244 [INFO] Sending reply to client '1677382981.2448392'
ptd-server 2023-02-26 03:43:01,246 [INFO] Got command from the client 'session,2023-02-26_03-32-07,start,testing'
ptd-server 2023-02-26 03:43:01,246 [INFO] Sending to ptd: 'SR,V,251.610000'
ptd-server 2023-02-26 03:43:03,216 [INFO] Reply from ptd: 'Range V changed'
ptd-server 2023-02-26 03:43:03,216 [INFO] Sending to ptd: 'SR,A,0.059350'
ptd-server 2023-02-26 03:43:04,717 [INFO] Reply from ptd: 'Range A changed'
ptd-server 2023-02-26 03:43:14,728 [INFO] Starting testing mode
ptd-server 2023-02-26 03:43:14,728 [INFO] Sending to ptd: 'Go,1000,0,2023-02-26_03-32-07_testing'
ptd-server 2023-02-26 03:43:14,728 [INFO] Reply from ptd: 'Starting untimed measurement, maximum 500000 samples at 1000ms with 0 rampup samples'
ptd-server 2023-02-26 03:43:14,728 [INFO] Sending reply to client 'OK'
ptd-server 2023-02-26 03:53:30,026 [INFO] Got command from the client 'session,2023-02-26_03-32-07,stop,testing'
ptd-server 2023-02-26 03:53:40,036 [INFO] Sending to ptd: 'Stop'
ptd-server 2023-02-26 03:53:40,036 [INFO] Reply from ptd: 'Stopping untimed measurement'
ptd-server 2023-02-26 03:53:40,137 [INFO] Sending reply to client 'OK'
ptd-server 2023-02-26 03:53:40,164 [INFO] Got command from the client 'session,2023-02-26_03-32-07,done'
ptd-server 2023-02-26 03:53:40,164 [INFO] Sending to ptd: 'Stop'
ptd-server 2023-02-26 03:53:40,729 [INFO] Reply from ptd: 'Error: no measurement to stop'
ptd-server 2023-02-26 03:53:40,729 [INFO] Sending to ptd: 'SR,V,300.000000'
ptd-server 2023-02-26 03:53:42,230 [INFO] Reply from ptd: 'Range V changed'
ptd-server 2023-02-26 03:53:42,230 [INFO] Sending to ptd: 'SR,A,0.100000'
ptd-server 2023-02-26 03:53:43,732 [INFO] Reply from ptd: 'Range A changed'
ptd-server 2023-02-26 03:53:43,732 [INFO] Set initial values for Amps 0.100000 and Volts 300.000000
ptd-server 2023-02-26 03:53:43,732 [INFO] Stopping ptd...
