ptd-server 2023-02-27 08:32:15,198 [INFO] Got command from the client 'time'
ptd-server 2023-02-27 08:32:15,198 [INFO] Sending reply to client '1677486735.1982462'
ptd-server 2023-02-27 08:32:15,200 [INFO] Got command from the client 'new,,80549c9a-e6d5-495a-8cb1-7df88bd3e5a4'
ptd-server 2023-02-27 08:32:15,200 [INFO] Sending reply to client 'OK 2023-02-27_08-32-15,f4b21af2-1091-4212-85df-1c344b597c33'
ptd-server 2023-02-27 08:32:15,225 [INFO] Got command from the client 'time'
ptd-server 2023-02-27 08:32:15,225 [INFO] Sending reply to client '1677486735.225684'
ptd-server 2023-02-27 08:32:15,228 [INFO] Got command from the client 'session,2023-02-27_08-32-15,start,ranging'
ptd-server 2023-02-27 08:32:15,229 [INFO] Running PTDaemon: ['/home/anton/projects/mlperf/power/inference_v1.0/ptd-linux-x86', '-l', '/tmp/tmpu4v721n6/ptd_logfile.txt', '-p', '8888', '49', '/dev/usbtmc0']
ptd-server 2023-02-27 08:32:32,314 [INFO] Sending to ptd: 'Hello'
ptd-server 2023-02-27 08:32:32,315 [INFO] Reply from ptd: 'Hello, PTDaemon here!'
ptd-server 2023-02-27 08:32:32,315 [INFO] Sending to ptd: 'Identify'
ptd-server 2023-02-27 08:32:32,315 [INFO] Reply from ptd: 'YokogawaWT310E,1000,1,1,1,1,0,1,1,version=1.10.0-ed9a21d2-20220817,OS=Linux 5.15.0-60-generic #66~20.04.1-Ubuntu SMP Wed Jan 25 09:41:30 UTC 2023 x86_64,mode=power,1,1,1,0,0,no_cal_date,YOKOGAWA;WT310E;C3XA04010E;F1.04'
ptd-server 2023-02-27 08:32:32,315 [INFO] Connected to PTDaemon
ptd-server 2023-02-27 08:32:32,316 [INFO] Sending to ptd: 'RR'
ptd-server 2023-02-27 08:32:32,316 [INFO] Reply from ptd: 'Ranges,0,0.100000,0,300.000000'
ptd-server 2023-02-27 08:32:32,316 [INFO] Initial range for Amps is 0.100000 for Volts is 300.000000
ptd-server 2023-02-27 08:32:32,316 [INFO] Sending to ptd: 'SR,V,Auto'
ptd-server 2023-02-27 08:32:32,818 [INFO] Reply from ptd: 'Range V changed'
ptd-server 2023-02-27 08:32:32,819 [INFO] Sending to ptd: 'SR,A,Auto'
ptd-server 2023-02-27 08:32:33,321 [INFO] Reply from ptd: 'Range A changed'
ptd-server 2023-02-27 08:32:43,331 [INFO] Starting ranging mode
ptd-server 2023-02-27 08:32:43,332 [INFO] Sending to ptd: 'Go,1000,0,2023-02-27_08-32-15_ranging'
ptd-server 2023-02-27 08:32:43,332 [INFO] Reply from ptd: 'Starting untimed measurement, maximum 500000 samples at 1000ms with 0 rampup samples'
ptd-server 2023-02-27 08:32:43,332 [INFO] Sending reply to client 'OK'
ptd-server 2023-02-27 08:43:05,443 [INFO] Got command from the client 'session,2023-02-27_08-32-15,stop,ranging'
ptd-server 2023-02-27 08:43:15,452 [INFO] Sending to ptd: 'Stop'
ptd-server 2023-02-27 08:43:15,452 [INFO] Reply from ptd: 'Stopping untimed measurement'
ptd-server 2023-02-27 08:43:15,786 [INFO] Sending reply to client 'OK'
ptd-server 2023-02-27 08:43:15,883 [INFO] Got command from the client 'time'
ptd-server 2023-02-27 08:43:15,883 [INFO] Sending reply to client '1677487395.8836074'
ptd-server 2023-02-27 08:43:15,888 [INFO] Got command from the client 'session,2023-02-27_08-32-15,start,testing'
ptd-server 2023-02-27 08:43:15,888 [INFO] Sending to ptd: 'SR,V,251.830000'
ptd-server 2023-02-27 08:43:17,833 [INFO] Reply from ptd: 'Range V changed'
ptd-server 2023-02-27 08:43:17,833 [INFO] Sending to ptd: 'SR,A,0.052660'
ptd-server 2023-02-27 08:43:19,334 [INFO] Reply from ptd: 'Range A changed'
ptd-server 2023-02-27 08:43:29,344 [INFO] Starting testing mode
ptd-server 2023-02-27 08:43:29,344 [INFO] Sending to ptd: 'Go,1000,0,2023-02-27_08-32-15_testing'
ptd-server 2023-02-27 08:43:29,344 [INFO] Reply from ptd: 'Starting untimed measurement, maximum 500000 samples at 1000ms with 0 rampup samples'
ptd-server 2023-02-27 08:43:29,345 [INFO] Sending reply to client 'OK'
ptd-server 2023-02-27 08:53:51,404 [INFO] Got command from the client 'session,2023-02-27_08-32-15,stop,testing'
ptd-server 2023-02-27 08:54:01,414 [INFO] Sending to ptd: 'Stop'
ptd-server 2023-02-27 08:54:01,415 [INFO] Reply from ptd: 'Stopping untimed measurement'
ptd-server 2023-02-27 08:54:01,590 [INFO] Sending reply to client 'OK'
ptd-server 2023-02-27 08:54:01,612 [INFO] Got command from the client 'session,2023-02-27_08-32-15,done'
ptd-server 2023-02-27 08:54:01,612 [INFO] Sending to ptd: 'Stop'
ptd-server 2023-02-27 08:54:02,345 [INFO] Reply from ptd: 'Error: no measurement to stop'
ptd-server 2023-02-27 08:54:02,345 [INFO] Sending to ptd: 'SR,V,300.000000'
ptd-server 2023-02-27 08:54:03,846 [INFO] Reply from ptd: 'Range V changed'
ptd-server 2023-02-27 08:54:03,847 [INFO] Sending to ptd: 'SR,A,0.100000'
ptd-server 2023-02-27 08:54:05,348 [INFO] Reply from ptd: 'Range A changed'
ptd-server 2023-02-27 08:54:05,348 [INFO] Set initial values for Amps 0.100000 and Volts 300.000000
ptd-server 2023-02-27 08:54:05,348 [INFO] Stopping ptd...
