ptd-server 2023-02-27 06:20:54,701 [INFO] Got command from the client 'time'
ptd-server 2023-02-27 06:20:54,701 [INFO] Sending reply to client '1677478854.7014909'
ptd-server 2023-02-27 06:20:54,703 [INFO] Got command from the client 'new,,a377a985-9c92-418e-acb8-6a1c80bd4c9c'
ptd-server 2023-02-27 06:20:54,703 [INFO] Sending reply to client 'OK 2023-02-27_06-20-54,7e3c345e-226c-4296-a64b-92916cef479c'
ptd-server 2023-02-27 06:20:54,725 [INFO] Got command from the client 'time'
ptd-server 2023-02-27 06:20:54,725 [INFO] Sending reply to client '1677478854.725305'
ptd-server 2023-02-27 06:20:54,727 [INFO] Got command from the client 'session,2023-02-27_06-20-54,start,ranging'
ptd-server 2023-02-27 06:20:54,727 [INFO] Running PTDaemon: ['/home/anton/projects/mlperf/power/inference_v1.0/ptd-linux-x86', '-l', '/tmp/tmpu4v721n6/ptd_logfile.txt', '-p', '8888', '49', '/dev/usbtmc0']
ptd-server 2023-02-27 06:21:11,813 [INFO] Sending to ptd: 'Hello'
ptd-server 2023-02-27 06:21:11,814 [INFO] Reply from ptd: 'Hello, PTDaemon here!'
ptd-server 2023-02-27 06:21:11,814 [INFO] Sending to ptd: 'Identify'
ptd-server 2023-02-27 06:21:11,814 [INFO] Reply from ptd: 'YokogawaWT310E,1000,1,1,1,1,0,1,1,version=1.10.0-ed9a21d2-20220817,OS=Linux 5.15.0-60-generic #66~20.04.1-Ubuntu SMP Wed Jan 25 09:41:30 UTC 2023 x86_64,mode=power,1,1,1,0,0,no_cal_date,YOKOGAWA;WT310E;C3XA04010E;F1.04'
ptd-server 2023-02-27 06:21:11,815 [INFO] Connected to PTDaemon
ptd-server 2023-02-27 06:21:11,815 [INFO] Sending to ptd: 'RR'
ptd-server 2023-02-27 06:21:11,815 [INFO] Reply from ptd: 'Ranges,0,0.100000,0,300.000000'
ptd-server 2023-02-27 06:21:11,815 [INFO] Initial range for Amps is 0.100000 for Volts is 300.000000
ptd-server 2023-02-27 06:21:11,815 [INFO] Sending to ptd: 'SR,V,Auto'
ptd-server 2023-02-27 06:21:12,318 [INFO] Reply from ptd: 'Range V changed'
ptd-server 2023-02-27 06:21:12,318 [INFO] Sending to ptd: 'SR,A,Auto'
ptd-server 2023-02-27 06:21:12,820 [INFO] Reply from ptd: 'Range A changed'
ptd-server 2023-02-27 06:21:22,828 [INFO] Starting ranging mode
ptd-server 2023-02-27 06:21:22,828 [INFO] Sending to ptd: 'Go,1000,0,2023-02-27_06-20-54_ranging'
ptd-server 2023-02-27 06:21:22,828 [INFO] Reply from ptd: 'Starting untimed measurement, maximum 500000 samples at 1000ms with 0 rampup samples'
ptd-server 2023-02-27 06:21:22,829 [INFO] Sending reply to client 'OK'
ptd-server 2023-02-27 06:31:45,157 [INFO] Got command from the client 'session,2023-02-27_06-20-54,stop,ranging'
ptd-server 2023-02-27 06:31:55,168 [INFO] Sending to ptd: 'Stop'
ptd-server 2023-02-27 06:31:55,168 [INFO] Reply from ptd: 'Stopping untimed measurement'
ptd-server 2023-02-27 06:31:55,470 [INFO] Sending reply to client 'OK'
ptd-server 2023-02-27 06:31:55,557 [INFO] Got command from the client 'time'
ptd-server 2023-02-27 06:31:55,557 [INFO] Sending reply to client '1677479515.5578127'
ptd-server 2023-02-27 06:31:55,559 [INFO] Got command from the client 'session,2023-02-27_06-20-54,start,testing'
ptd-server 2023-02-27 06:31:55,559 [INFO] Sending to ptd: 'SR,V,251.970000'
ptd-server 2023-02-27 06:31:57,330 [INFO] Reply from ptd: 'Range V changed'
ptd-server 2023-02-27 06:31:57,331 [INFO] Sending to ptd: 'SR,A,0.053300'
ptd-server 2023-02-27 06:31:58,832 [INFO] Reply from ptd: 'Range A changed'
ptd-server 2023-02-27 06:32:08,842 [INFO] Starting testing mode
ptd-server 2023-02-27 06:32:08,842 [INFO] Sending to ptd: 'Go,1000,0,2023-02-27_06-20-54_testing'
ptd-server 2023-02-27 06:32:08,843 [INFO] Reply from ptd: 'Starting untimed measurement, maximum 500000 samples at 1000ms with 0 rampup samples'
ptd-server 2023-02-27 06:32:08,843 [INFO] Sending reply to client 'OK'
ptd-server 2023-02-27 06:42:31,049 [INFO] Got command from the client 'session,2023-02-27_06-20-54,stop,testing'
ptd-server 2023-02-27 06:42:41,059 [INFO] Sending to ptd: 'Stop'
ptd-server 2023-02-27 06:42:41,060 [INFO] Reply from ptd: 'Stopping untimed measurement'
ptd-server 2023-02-27 06:42:41,229 [INFO] Sending reply to client 'OK'
ptd-server 2023-02-27 06:42:41,248 [INFO] Got command from the client 'session,2023-02-27_06-20-54,done'
ptd-server 2023-02-27 06:42:41,249 [INFO] Sending to ptd: 'Stop'
ptd-server 2023-02-27 06:42:41,844 [INFO] Reply from ptd: 'Error: no measurement to stop'
ptd-server 2023-02-27 06:42:41,844 [INFO] Sending to ptd: 'SR,V,300.000000'
ptd-server 2023-02-27 06:42:43,345 [INFO] Reply from ptd: 'Range V changed'
ptd-server 2023-02-27 06:42:43,345 [INFO] Sending to ptd: 'SR,A,0.100000'
ptd-server 2023-02-27 06:42:44,847 [INFO] Reply from ptd: 'Range A changed'
ptd-server 2023-02-27 06:42:44,847 [INFO] Set initial values for Amps 0.100000 and Volts 300.000000
ptd-server 2023-02-27 06:42:44,847 [INFO] Stopping ptd...
