ptd-server 2023-03-01 16:08:28,584 [INFO] Got command from the client 'time'
ptd-server 2023-03-01 16:08:28,585 [INFO] Sending reply to client '1677708508.5849972'
ptd-server 2023-03-01 16:08:28,586 [INFO] Got command from the client 'new,,a361a025-3de5-4836-9d3b-a85fed8e6ce4'
ptd-server 2023-03-01 16:08:28,586 [INFO] Sending reply to client 'OK 2023-03-01_16-08-28,350a02b1-0557-4fe0-adad-9d4215ede53f'
ptd-server 2023-03-01 16:08:28,687 [INFO] Got command from the client 'time'
ptd-server 2023-03-01 16:08:28,687 [INFO] Sending reply to client '1677708508.6876519'
ptd-server 2023-03-01 16:08:28,688 [INFO] Got command from the client 'session,2023-03-01_16-08-28,start,ranging'
ptd-server 2023-03-01 16:08:28,689 [INFO] Running PTDaemon: ['/local/mnt/workspace/mlcommons/power-main/inference_v1.0/ptd-linux-x86', '-l', '/tmp/tmp1xnxlcf3/ptd_logfile.txt', '-p', '8888', '-c', '2', '52', '/dev/usbtmc0']
ptd-server 2023-03-01 16:08:45,709 [INFO] Sending to ptd: 'Hello'
ptd-server 2023-03-01 16:08:45,710 [INFO] Reply from ptd: 'Hello, PTDaemon here!'
ptd-server 2023-03-01 16:08:45,710 [INFO] Sending to ptd: 'Identify'
ptd-server 2023-03-01 16:08:45,711 [INFO] Reply from ptd: 'YokogawaWT330E,1000,1,1,1,1,0,0,1,version=1.10.0-ed9a21d2-20220817,OS=Linux 5.4.0-120-generic #136~18.04.1-Ubuntu SMP Fri Jun 10 18:00:44 UTC 2022 x86_64,mode=power,1,1,1,0,0,no_cal_date,YOKOGAWA;WT333E;C2XC17005V;F1.04'
ptd-server 2023-03-01 16:08:45,711 [INFO] Connected to PTDaemon
ptd-server 2023-03-01 16:08:45,711 [INFO] Sending to ptd: 'RR'
ptd-server 2023-03-01 16:08:45,712 [INFO] Reply from ptd: 'Ranges,0,10.000000,0,150.000000'
ptd-server 2023-03-01 16:08:45,712 [INFO] Initial range for Amps is 10.000000 for Volts is 150.000000
ptd-server 2023-03-01 16:08:45,712 [INFO] Sending to ptd: 'SR,V,Auto'
ptd-server 2023-03-01 16:08:46,220 [INFO] Reply from ptd: 'Range V changed'
ptd-server 2023-03-01 16:08:46,220 [INFO] Sending to ptd: 'SR,A,Auto'
ptd-server 2023-03-01 16:08:46,723 [INFO] Reply from ptd: 'Range A changed'
ptd-server 2023-03-01 16:08:56,734 [INFO] Starting ranging mode
ptd-server 2023-03-01 16:08:56,735 [INFO] Sending to ptd: 'Go,1000,0,2023-03-01_16-08-28_ranging'
ptd-server 2023-03-01 16:08:56,735 [INFO] Reply from ptd: 'Starting untimed measurement, maximum 500000 samples at 1000ms with 0 rampup samples'
ptd-server 2023-03-01 16:08:56,736 [INFO] Sending reply to client 'OK'
ptd-server 2023-03-01 16:22:20,658 [INFO] Got command from the client 'session,2023-03-01_16-08-28,stop,ranging'
ptd-server 2023-03-01 16:22:30,669 [INFO] Sending to ptd: 'Stop'
ptd-server 2023-03-01 16:22:30,670 [INFO] Reply from ptd: 'Stopping untimed measurement'
ptd-server 2023-03-01 16:22:30,701 [INFO] Sending reply to client 'OK'
ptd-server 2023-03-01 16:22:30,795 [INFO] Got command from the client 'time'
ptd-server 2023-03-01 16:22:30,795 [INFO] Sending reply to client '1677709350.7957218'
ptd-server 2023-03-01 16:22:30,796 [INFO] Got command from the client 'session,2023-03-01_16-08-28,start,testing'
ptd-server 2023-03-01 16:22:30,797 [INFO] Sending to ptd: 'SR,V,121.050000'
ptd-server 2023-03-01 16:22:32,299 [INFO] Reply from ptd: 'Range V changed'
ptd-server 2023-03-01 16:22:32,299 [INFO] Sending to ptd: 'SR,A,1.344400'
ptd-server 2023-03-01 16:22:33,801 [INFO] Reply from ptd: 'Range A changed'
ptd-server 2023-03-01 16:22:43,812 [INFO] Starting testing mode
ptd-server 2023-03-01 16:22:43,812 [INFO] Sending to ptd: 'Go,1000,0,2023-03-01_16-08-28_testing'
ptd-server 2023-03-01 16:22:43,813 [INFO] Reply from ptd: 'Starting untimed measurement, maximum 500000 samples at 1000ms with 0 rampup samples'
ptd-server 2023-03-01 16:22:43,813 [INFO] Sending reply to client 'OK'
ptd-server 2023-03-01 16:36:07,514 [INFO] Got command from the client 'session,2023-03-01_16-08-28,stop,testing'
ptd-server 2023-03-01 16:36:17,525 [INFO] Sending to ptd: 'Stop'
ptd-server 2023-03-01 16:36:17,526 [INFO] Reply from ptd: 'Stopping untimed measurement'
ptd-server 2023-03-01 16:36:17,542 [INFO] Sending reply to client 'OK'
ptd-server 2023-03-01 16:36:17,551 [INFO] Got command from the client 'session,2023-03-01_16-08-28,done'
ptd-server 2023-03-01 16:36:17,551 [INFO] Sending to ptd: 'Stop'
ptd-server 2023-03-01 16:36:17,814 [INFO] Reply from ptd: 'Error: no measurement to stop'
ptd-server 2023-03-01 16:36:17,814 [INFO] Sending to ptd: 'SR,V,150.000000'
ptd-server 2023-03-01 16:36:19,316 [INFO] Reply from ptd: 'Range V changed'
ptd-server 2023-03-01 16:36:19,316 [INFO] Sending to ptd: 'SR,A,10.000000'
ptd-server 2023-03-01 16:36:20,818 [INFO] Reply from ptd: 'Range A changed'
ptd-server 2023-03-01 16:36:20,819 [INFO] Set initial values for Amps 10.000000 and Volts 150.000000
ptd-server 2023-03-01 16:36:20,819 [INFO] Stopping ptd...
