ptd-server 2023-02-25 20:06:35,610 [INFO] Got command from the client 'time'
ptd-server 2023-02-25 20:06:35,610 [INFO] Sending reply to client '1677355595.6101875'
ptd-server 2023-02-25 20:06:35,611 [INFO] Got command from the client 'new,,546e3250-f5b8-4af1-8d13-14d64fae5d40'
ptd-server 2023-02-25 20:06:35,612 [INFO] Sending reply to client 'OK 2023-02-25_20-06-35,75d2ad29-3180-4bbb-ae36-d60aa299f818'
ptd-server 2023-02-25 20:06:35,634 [INFO] Got command from the client 'time'
ptd-server 2023-02-25 20:06:35,634 [INFO] Sending reply to client '1677355595.6347158'
ptd-server 2023-02-25 20:06:35,636 [INFO] Got command from the client 'session,2023-02-25_20-06-35,start,ranging'
ptd-server 2023-02-25 20:06:35,636 [INFO] Running PTDaemon: ['/home/anton/projects/mlperf/power/inference_v1.0/ptd-linux-x86', '-l', '/tmp/tmpu4v721n6/ptd_logfile.txt', '-p', '8888', '49', '/dev/usbtmc0']
ptd-server 2023-02-25 20:06:52,723 [INFO] Sending to ptd: 'Hello'
ptd-server 2023-02-25 20:06:52,724 [INFO] Reply from ptd: 'Hello, PTDaemon here!'
ptd-server 2023-02-25 20:06:52,724 [INFO] Sending to ptd: 'Identify'
ptd-server 2023-02-25 20:06:52,724 [INFO] Reply from ptd: 'YokogawaWT310E,1000,1,1,1,1,0,1,1,version=1.10.0-ed9a21d2-20220817,OS=Linux 5.15.0-60-generic #66~20.04.1-Ubuntu SMP Wed Jan 25 09:41:30 UTC 2023 x86_64,mode=power,1,1,1,0,0,no_cal_date,YOKOGAWA;WT310E;C3XA04010E;F1.04'
ptd-server 2023-02-25 20:06:52,724 [INFO] Connected to PTDaemon
ptd-server 2023-02-25 20:06:52,724 [INFO] Sending to ptd: 'RR'
ptd-server 2023-02-25 20:06:52,724 [INFO] Reply from ptd: 'Ranges,0,0.100000,0,300.000000'
ptd-server 2023-02-25 20:06:52,725 [INFO] Initial range for Amps is 0.100000 for Volts is 300.000000
ptd-server 2023-02-25 20:06:52,725 [INFO] Sending to ptd: 'SR,V,Auto'
ptd-server 2023-02-25 20:06:53,227 [INFO] Reply from ptd: 'Range V changed'
ptd-server 2023-02-25 20:06:53,227 [INFO] Sending to ptd: 'SR,A,Auto'
ptd-server 2023-02-25 20:06:53,730 [INFO] Reply from ptd: 'Range A changed'
ptd-server 2023-02-25 20:07:03,740 [INFO] Starting ranging mode
ptd-server 2023-02-25 20:07:03,740 [INFO] Sending to ptd: 'Go,1000,0,2023-02-25_20-06-35_ranging'
ptd-server 2023-02-25 20:07:03,740 [INFO] Reply from ptd: 'Starting untimed measurement, maximum 500000 samples at 1000ms with 0 rampup samples'
ptd-server 2023-02-25 20:07:03,741 [INFO] Sending reply to client 'OK'
ptd-server 2023-02-25 20:17:19,017 [INFO] Got command from the client 'session,2023-02-25_20-06-35,stop,ranging'
ptd-server 2023-02-25 20:17:29,028 [INFO] Sending to ptd: 'Stop'
ptd-server 2023-02-25 20:17:29,028 [INFO] Reply from ptd: 'Stopping untimed measurement'
ptd-server 2023-02-25 20:17:29,174 [INFO] Sending reply to client 'OK'
ptd-server 2023-02-25 20:17:29,263 [INFO] Got command from the client 'time'
ptd-server 2023-02-25 20:17:29,263 [INFO] Sending reply to client '1677356249.2635615'
ptd-server 2023-02-25 20:17:29,266 [INFO] Got command from the client 'session,2023-02-25_20-06-35,start,testing'
ptd-server 2023-02-25 20:17:29,266 [INFO] Sending to ptd: 'SR,V,251.550000'
ptd-server 2023-02-25 20:17:31,242 [INFO] Reply from ptd: 'Range V changed'
ptd-server 2023-02-25 20:17:31,242 [INFO] Sending to ptd: 'SR,A,0.043030'
ptd-server 2023-02-25 20:17:32,744 [INFO] Reply from ptd: 'Range A changed'
ptd-server 2023-02-25 20:17:42,754 [INFO] Starting testing mode
ptd-server 2023-02-25 20:17:42,754 [INFO] Sending to ptd: 'Go,1000,0,2023-02-25_20-06-35_testing'
ptd-server 2023-02-25 20:17:42,755 [INFO] Reply from ptd: 'Starting untimed measurement, maximum 500000 samples at 1000ms with 0 rampup samples'
ptd-server 2023-02-25 20:17:42,755 [INFO] Sending reply to client 'OK'
ptd-server 2023-02-25 20:27:57,682 [INFO] Got command from the client 'session,2023-02-25_20-06-35,stop,testing'
ptd-server 2023-02-25 20:28:07,693 [INFO] Sending to ptd: 'Stop'
ptd-server 2023-02-25 20:28:07,693 [INFO] Reply from ptd: 'Stopping untimed measurement'
ptd-server 2023-02-25 20:28:07,768 [INFO] Sending reply to client 'OK'
ptd-server 2023-02-25 20:28:07,785 [INFO] Got command from the client 'session,2023-02-25_20-06-35,done'
ptd-server 2023-02-25 20:28:07,785 [INFO] Sending to ptd: 'Stop'
ptd-server 2023-02-25 20:28:07,786 [INFO] Reply from ptd: 'Error: no measurement to stop'
ptd-server 2023-02-25 20:28:07,786 [INFO] Sending to ptd: 'SR,V,300.000000'
ptd-server 2023-02-25 20:28:09,287 [INFO] Reply from ptd: 'Range V changed'
ptd-server 2023-02-25 20:28:09,287 [INFO] Sending to ptd: 'SR,A,0.100000'
ptd-server 2023-02-25 20:28:10,789 [INFO] Reply from ptd: 'Range A changed'
ptd-server 2023-02-25 20:28:10,789 [INFO] Set initial values for Amps 0.100000 and Volts 300.000000
ptd-server 2023-02-25 20:28:10,789 [INFO] Stopping ptd...
