ptd-server 2023-02-27 06:42:54,183 [INFO] Got command from the client 'time'
ptd-server 2023-02-27 06:42:54,184 [INFO] Sending reply to client '1677480174.1840484'
ptd-server 2023-02-27 06:42:54,185 [INFO] Got command from the client 'new,,2c63cc58-f290-4b14-94ee-8859617b6788'
ptd-server 2023-02-27 06:42:54,186 [INFO] Sending reply to client 'OK 2023-02-27_06-42-54,421613bc-1c5e-4dc8-9ddf-396362e2e495'
ptd-server 2023-02-27 06:42:54,215 [INFO] Got command from the client 'time'
ptd-server 2023-02-27 06:42:54,215 [INFO] Sending reply to client '1677480174.2153866'
ptd-server 2023-02-27 06:42:54,218 [INFO] Got command from the client 'session,2023-02-27_06-42-54,start,ranging'
ptd-server 2023-02-27 06:42:54,219 [INFO] Running PTDaemon: ['/home/anton/projects/mlperf/power/inference_v1.0/ptd-linux-x86', '-l', '/tmp/tmpu4v721n6/ptd_logfile.txt', '-p', '8888', '49', '/dev/usbtmc0']
ptd-server 2023-02-27 06:43:11,306 [INFO] Sending to ptd: 'Hello'
ptd-server 2023-02-27 06:43:11,306 [INFO] Reply from ptd: 'Hello, PTDaemon here!'
ptd-server 2023-02-27 06:43:11,307 [INFO] Sending to ptd: 'Identify'
ptd-server 2023-02-27 06:43:11,307 [INFO] Reply from ptd: 'YokogawaWT310E,1000,1,1,1,1,0,1,1,version=1.10.0-ed9a21d2-20220817,OS=Linux 5.15.0-60-generic #66~20.04.1-Ubuntu SMP Wed Jan 25 09:41:30 UTC 2023 x86_64,mode=power,1,1,1,0,0,no_cal_date,YOKOGAWA;WT310E;C3XA04010E;F1.04'
ptd-server 2023-02-27 06:43:11,307 [INFO] Connected to PTDaemon
ptd-server 2023-02-27 06:43:11,307 [INFO] Sending to ptd: 'RR'
ptd-server 2023-02-27 06:43:11,307 [INFO] Reply from ptd: 'Ranges,0,0.100000,0,300.000000'
ptd-server 2023-02-27 06:43:11,307 [INFO] Initial range for Amps is 0.100000 for Volts is 300.000000
ptd-server 2023-02-27 06:43:11,308 [INFO] Sending to ptd: 'SR,V,Auto'
ptd-server 2023-02-27 06:43:11,810 [INFO] Reply from ptd: 'Range V changed'
ptd-server 2023-02-27 06:43:11,810 [INFO] Sending to ptd: 'SR,A,Auto'
ptd-server 2023-02-27 06:43:12,313 [INFO] Reply from ptd: 'Range A changed'
ptd-server 2023-02-27 06:43:22,323 [INFO] Starting ranging mode
ptd-server 2023-02-27 06:43:22,323 [INFO] Sending to ptd: 'Go,1000,0,2023-02-27_06-42-54_ranging'
ptd-server 2023-02-27 06:43:22,324 [INFO] Reply from ptd: 'Starting untimed measurement, maximum 500000 samples at 1000ms with 0 rampup samples'
ptd-server 2023-02-27 06:43:22,324 [INFO] Sending reply to client 'OK'
ptd-server 2023-02-27 06:53:39,236 [INFO] Got command from the client 'session,2023-02-27_06-42-54,stop,ranging'
ptd-server 2023-02-27 06:53:49,246 [INFO] Sending to ptd: 'Stop'
ptd-server 2023-02-27 06:53:49,246 [INFO] Reply from ptd: 'Stopping untimed measurement'
ptd-server 2023-02-27 06:53:49,550 [INFO] Sending reply to client 'OK'
ptd-server 2023-02-27 06:53:49,644 [INFO] Got command from the client 'time'
ptd-server 2023-02-27 06:53:49,644 [INFO] Sending reply to client '1677480829.6446338'
ptd-server 2023-02-27 06:53:49,648 [INFO] Got command from the client 'session,2023-02-27_06-42-54,start,testing'
ptd-server 2023-02-27 06:53:49,648 [INFO] Sending to ptd: 'SR,V,251.960000'
ptd-server 2023-02-27 06:53:51,149 [INFO] Reply from ptd: 'Range V changed'
ptd-server 2023-02-27 06:53:51,149 [INFO] Sending to ptd: 'SR,A,0.056120'
ptd-server 2023-02-27 06:53:52,651 [INFO] Reply from ptd: 'Range A changed'
ptd-server 2023-02-27 06:54:02,660 [INFO] Starting testing mode
ptd-server 2023-02-27 06:54:02,660 [INFO] Sending to ptd: 'Go,1000,0,2023-02-27_06-42-54_testing'
ptd-server 2023-02-27 06:54:02,660 [INFO] Reply from ptd: 'Starting untimed measurement, maximum 500000 samples at 1000ms with 0 rampup samples'
ptd-server 2023-02-27 06:54:02,661 [INFO] Sending reply to client 'OK'
ptd-server 2023-02-27 07:04:19,738 [INFO] Got command from the client 'session,2023-02-27_06-42-54,stop,testing'
ptd-server 2023-02-27 07:04:29,748 [INFO] Sending to ptd: 'Stop'
ptd-server 2023-02-27 07:04:29,749 [INFO] Reply from ptd: 'Stopping untimed measurement'
ptd-server 2023-02-27 07:04:29,910 [INFO] Sending reply to client 'OK'
ptd-server 2023-02-27 07:04:29,929 [INFO] Got command from the client 'session,2023-02-27_06-42-54,done'
ptd-server 2023-02-27 07:04:29,929 [INFO] Sending to ptd: 'Stop'
ptd-server 2023-02-27 07:04:30,661 [INFO] Reply from ptd: 'Error: no measurement to stop'
ptd-server 2023-02-27 07:04:30,661 [INFO] Sending to ptd: 'SR,V,300.000000'
ptd-server 2023-02-27 07:04:32,162 [INFO] Reply from ptd: 'Range V changed'
ptd-server 2023-02-27 07:04:32,163 [INFO] Sending to ptd: 'SR,A,0.100000'
ptd-server 2023-02-27 07:04:33,664 [INFO] Reply from ptd: 'Range A changed'
ptd-server 2023-02-27 07:04:33,664 [INFO] Set initial values for Amps 0.100000 and Volts 300.000000
ptd-server 2023-02-27 07:04:33,664 [INFO] Stopping ptd...
