ptd-server 2023-02-26 14:09:00,497 [INFO] Got command from the client 'time'
ptd-server 2023-02-26 14:09:00,498 [INFO] Sending reply to client '1677420540.4980214'
ptd-server 2023-02-26 14:09:00,499 [INFO] Got command from the client 'new,,1c8f5f06-8666-484c-aa06-d7e514183a47'
ptd-server 2023-02-26 14:09:00,500 [INFO] Sending reply to client 'OK 2023-02-26_14-09-00,8e3e1ba4-0972-49b7-bfaa-ac92458fd384'
ptd-server 2023-02-26 14:09:00,522 [INFO] Got command from the client 'time'
ptd-server 2023-02-26 14:09:00,522 [INFO] Sending reply to client '1677420540.5229118'
ptd-server 2023-02-26 14:09:00,524 [INFO] Got command from the client 'session,2023-02-26_14-09-00,start,ranging'
ptd-server 2023-02-26 14:09:00,524 [INFO] Running PTDaemon: ['/home/anton/projects/mlperf/power/inference_v1.0/ptd-linux-x86', '-l', '/tmp/tmpu4v721n6/ptd_logfile.txt', '-p', '8888', '49', '/dev/usbtmc0']
ptd-server 2023-02-26 14:09:17,610 [INFO] Sending to ptd: 'Hello'
ptd-server 2023-02-26 14:09:17,610 [INFO] Reply from ptd: 'Hello, PTDaemon here!'
ptd-server 2023-02-26 14:09:17,610 [INFO] Sending to ptd: 'Identify'
ptd-server 2023-02-26 14:09:17,611 [INFO] Reply from ptd: 'YokogawaWT310E,1000,1,1,1,1,0,1,1,version=1.10.0-ed9a21d2-20220817,OS=Linux 5.15.0-60-generic #66~20.04.1-Ubuntu SMP Wed Jan 25 09:41:30 UTC 2023 x86_64,mode=power,1,1,1,0,0,no_cal_date,YOKOGAWA;WT310E;C3XA04010E;F1.04'
ptd-server 2023-02-26 14:09:17,611 [INFO] Connected to PTDaemon
ptd-server 2023-02-26 14:09:17,611 [INFO] Sending to ptd: 'RR'
ptd-server 2023-02-26 14:09:17,611 [INFO] Reply from ptd: 'Ranges,0,0.100000,0,300.000000'
ptd-server 2023-02-26 14:09:17,611 [INFO] Initial range for Amps is 0.100000 for Volts is 300.000000
ptd-server 2023-02-26 14:09:17,611 [INFO] Sending to ptd: 'SR,V,Auto'
ptd-server 2023-02-26 14:09:18,114 [INFO] Reply from ptd: 'Range V changed'
ptd-server 2023-02-26 14:09:18,114 [INFO] Sending to ptd: 'SR,A,Auto'
ptd-server 2023-02-26 14:09:18,617 [INFO] Reply from ptd: 'Range A changed'
ptd-server 2023-02-26 14:09:28,624 [INFO] Starting ranging mode
ptd-server 2023-02-26 14:09:28,624 [INFO] Sending to ptd: 'Go,1000,0,2023-02-26_14-09-00_ranging'
ptd-server 2023-02-26 14:09:28,624 [INFO] Reply from ptd: 'Starting untimed measurement, maximum 500000 samples at 1000ms with 0 rampup samples'
ptd-server 2023-02-26 14:09:28,625 [INFO] Sending reply to client 'OK'
ptd-server 2023-02-26 14:19:44,121 [INFO] Got command from the client 'session,2023-02-26_14-09-00,stop,ranging'
ptd-server 2023-02-26 14:19:54,132 [INFO] Sending to ptd: 'Stop'
ptd-server 2023-02-26 14:19:54,132 [INFO] Reply from ptd: 'Stopping untimed measurement'
ptd-server 2023-02-26 14:19:54,395 [INFO] Sending reply to client 'OK'
ptd-server 2023-02-26 14:19:54,444 [INFO] Got command from the client 'time'
ptd-server 2023-02-26 14:19:54,444 [INFO] Sending reply to client '1677421194.444376'
ptd-server 2023-02-26 14:19:54,448 [INFO] Got command from the client 'session,2023-02-26_14-09-00,start,testing'
ptd-server 2023-02-26 14:19:54,448 [INFO] Sending to ptd: 'SR,V,251.320000'
ptd-server 2023-02-26 14:19:56,126 [INFO] Reply from ptd: 'Range V changed'
ptd-server 2023-02-26 14:19:56,126 [INFO] Sending to ptd: 'SR,A,0.059440'
ptd-server 2023-02-26 14:19:57,627 [INFO] Reply from ptd: 'Range A changed'
ptd-server 2023-02-26 14:20:07,637 [INFO] Starting testing mode
ptd-server 2023-02-26 14:20:07,638 [INFO] Sending to ptd: 'Go,1000,0,2023-02-26_14-09-00_testing'
ptd-server 2023-02-26 14:20:07,638 [INFO] Reply from ptd: 'Starting untimed measurement, maximum 500000 samples at 1000ms with 0 rampup samples'
ptd-server 2023-02-26 14:20:07,638 [INFO] Sending reply to client 'OK'
ptd-server 2023-02-26 14:30:23,032 [INFO] Got command from the client 'session,2023-02-26_14-09-00,stop,testing'
ptd-server 2023-02-26 14:30:33,036 [INFO] Sending to ptd: 'Stop'
ptd-server 2023-02-26 14:30:33,036 [INFO] Reply from ptd: 'Stopping untimed measurement'
ptd-server 2023-02-26 14:30:33,166 [INFO] Sending reply to client 'OK'
ptd-server 2023-02-26 14:30:33,185 [INFO] Got command from the client 'session,2023-02-26_14-09-00,done'
ptd-server 2023-02-26 14:30:33,185 [INFO] Sending to ptd: 'Stop'
ptd-server 2023-02-26 14:30:33,638 [INFO] Reply from ptd: 'Error: no measurement to stop'
ptd-server 2023-02-26 14:30:33,639 [INFO] Sending to ptd: 'SR,V,300.000000'
ptd-server 2023-02-26 14:30:35,140 [INFO] Reply from ptd: 'Range V changed'
ptd-server 2023-02-26 14:30:35,140 [INFO] Sending to ptd: 'SR,A,0.100000'
ptd-server 2023-02-26 14:30:36,642 [INFO] Reply from ptd: 'Range A changed'
ptd-server 2023-02-26 14:30:36,642 [INFO] Set initial values for Amps 0.100000 and Volts 300.000000
ptd-server 2023-02-26 14:30:36,642 [INFO] Stopping ptd...
