ptd-server 2023-02-20 14:35:46,566 [INFO] Got command from the client 'time'
ptd-server 2023-02-20 14:35:46,566 [INFO] Sending reply to client '1676903746.5665011'
ptd-server 2023-02-20 14:35:46,567 [INFO] Got command from the client 'new,,4fdcb66b-9ef7-4516-94c1-78792db1e872'
ptd-server 2023-02-20 14:35:46,568 [INFO] Sending reply to client 'OK 2023-02-20_14-35-46,29ce98f2-a166-4483-9ed1-5c4e2105aee4'
ptd-server 2023-02-20 14:35:46,593 [INFO] Got command from the client 'time'
ptd-server 2023-02-20 14:35:46,593 [INFO] Sending reply to client '1676903746.5935266'
ptd-server 2023-02-20 14:35:46,594 [INFO] Got command from the client 'session,2023-02-20_14-35-46,start,ranging'
ptd-server 2023-02-20 14:35:46,595 [INFO] Running PTDaemon: ['/home/anton/projects/mlperf/power/inference_v1.0/ptd-linux-x86', '-l', '/tmp/tmp4yl1neqp/ptd_logfile.txt', '-p', '8888', '49', '/dev/usbtmc0']
ptd-server 2023-02-20 14:36:03,665 [INFO] Sending to ptd: 'Hello'
ptd-server 2023-02-20 14:36:03,666 [INFO] Reply from ptd: 'Hello, PTDaemon here!'
ptd-server 2023-02-20 14:36:03,666 [INFO] Sending to ptd: 'Identify'
ptd-server 2023-02-20 14:36:03,666 [INFO] Reply from ptd: 'YokogawaWT310E,1000,1,1,1,1,0,1,1,version=1.10.0-ed9a21d2-20220817,OS=Linux 5.15.0-60-generic #66~20.04.1-Ubuntu SMP Wed Jan 25 09:41:30 UTC 2023 x86_64,mode=power,1,1,1,0,0,no_cal_date,YOKOGAWA;WT310E;C3XA04010E;F1.04'
ptd-server 2023-02-20 14:36:03,666 [INFO] Connected to PTDaemon
ptd-server 2023-02-20 14:36:03,667 [INFO] Sending to ptd: 'RR'
ptd-server 2023-02-20 14:36:03,667 [INFO] Reply from ptd: 'Ranges,1,0.100000,1,300.000000'
ptd-server 2023-02-20 14:36:03,667 [INFO] Initial range for Amps is Auto for Volts is Auto
ptd-server 2023-02-20 14:36:03,667 [INFO] Sending to ptd: 'SR,V,Auto'
ptd-server 2023-02-20 14:36:04,169 [INFO] Reply from ptd: 'Range V changed'
ptd-server 2023-02-20 14:36:04,170 [INFO] Sending to ptd: 'SR,A,Auto'
ptd-server 2023-02-20 14:36:04,672 [INFO] Reply from ptd: 'Range A changed'
ptd-server 2023-02-20 14:36:14,682 [INFO] Starting ranging mode
ptd-server 2023-02-20 14:36:14,683 [INFO] Sending to ptd: 'Go,1000,0,2023-02-20_14-35-46_ranging'
ptd-server 2023-02-20 14:36:14,683 [INFO] Reply from ptd: 'Starting untimed measurement, maximum 500000 samples at 1000ms with 0 rampup samples'
ptd-server 2023-02-20 14:36:14,683 [INFO] Sending reply to client 'OK'
ptd-server 2023-02-20 14:46:43,571 [INFO] Got command from the client 'session,2023-02-20_14-35-46,stop,ranging'
ptd-server 2023-02-20 14:46:53,582 [INFO] Sending to ptd: 'Stop'
ptd-server 2023-02-20 14:46:53,582 [INFO] Reply from ptd: 'Stopping untimed measurement'
ptd-server 2023-02-20 14:46:53,782 [INFO] Sending reply to client 'OK'
ptd-server 2023-02-20 14:46:53,853 [INFO] Got command from the client 'time'
ptd-server 2023-02-20 14:46:53,853 [INFO] Sending reply to client '1676904413.8534026'
ptd-server 2023-02-20 14:46:53,854 [INFO] Got command from the client 'session,2023-02-20_14-35-46,start,testing'
ptd-server 2023-02-20 14:46:53,854 [INFO] Sending to ptd: 'SR,V,253.920000'
ptd-server 2023-02-20 14:46:55,355 [INFO] Reply from ptd: 'Range V changed'
ptd-server 2023-02-20 14:46:55,356 [INFO] Sending to ptd: 'SR,A,0.061210'
ptd-server 2023-02-20 14:46:56,857 [INFO] Reply from ptd: 'Range A changed'
ptd-server 2023-02-20 14:47:06,867 [INFO] Starting testing mode
ptd-server 2023-02-20 14:47:06,867 [INFO] Sending to ptd: 'Go,1000,0,2023-02-20_14-35-46_testing'
ptd-server 2023-02-20 14:47:06,868 [INFO] Reply from ptd: 'Starting untimed measurement, maximum 500000 samples at 1000ms with 0 rampup samples'
ptd-server 2023-02-20 14:47:06,868 [INFO] Sending reply to client 'OK'
ptd-server 2023-02-20 14:57:34,129 [INFO] Got command from the client 'session,2023-02-20_14-35-46,stop,testing'
ptd-server 2023-02-20 14:57:44,139 [INFO] Sending to ptd: 'Stop'
ptd-server 2023-02-20 14:57:44,140 [INFO] Reply from ptd: 'Stopping untimed measurement'
ptd-server 2023-02-20 14:57:44,256 [INFO] Sending reply to client 'OK'
ptd-server 2023-02-20 14:57:44,264 [INFO] Got command from the client 'session,2023-02-20_14-35-46,done'
ptd-server 2023-02-20 14:57:44,264 [INFO] Sending to ptd: 'Stop'
ptd-server 2023-02-20 14:57:44,869 [INFO] Reply from ptd: 'Error: no measurement to stop'
ptd-server 2023-02-20 14:57:44,869 [INFO] Sending to ptd: 'SR,V,Auto'
ptd-server 2023-02-20 14:57:45,371 [INFO] Reply from ptd: 'Range V changed'
ptd-server 2023-02-20 14:57:45,371 [INFO] Sending to ptd: 'SR,A,Auto'
ptd-server 2023-02-20 14:57:45,874 [INFO] Reply from ptd: 'Range A changed'
ptd-server 2023-02-20 14:57:45,874 [INFO] Set initial values for Amps Auto and Volts Auto
ptd-server 2023-02-20 14:57:45,874 [INFO] Stopping ptd...
