ptd-server 2023-03-02 04:31:23,561 [INFO] Got command from the client 'time'
ptd-server 2023-03-02 04:31:23,561 [INFO] Sending reply to client '1677731483.5612283'
ptd-server 2023-03-02 04:31:23,562 [INFO] Got command from the client 'new,,17125e68-743b-4113-b5b4-cc49c684bc00'
ptd-server 2023-03-02 04:31:23,563 [INFO] Sending reply to client 'OK 2023-03-02_04-31-23,26a827d5-4545-41e5-8529-6358f8817244'
ptd-server 2023-03-02 04:31:23,588 [INFO] Got command from the client 'time'
ptd-server 2023-03-02 04:31:23,588 [INFO] Sending reply to client '1677731483.5885842'
ptd-server 2023-03-02 04:31:23,590 [INFO] Got command from the client 'session,2023-03-02_04-31-23,start,ranging'
ptd-server 2023-03-02 04:31:23,591 [INFO] Running PTDaemon: ['/home/anton/projects/mlperf/power/inference_v1.0/ptd-linux-x86', '-l', '/tmp/tmpjo7pgaee/ptd_logfile.txt', '-p', '8888', '49', '/dev/usbtmc0']
ptd-server 2023-03-02 04:31:40,678 [INFO] Sending to ptd: 'Hello'
ptd-server 2023-03-02 04:31:40,678 [INFO] Reply from ptd: 'Hello, PTDaemon here!'
ptd-server 2023-03-02 04:31:40,679 [INFO] Sending to ptd: 'Identify'
ptd-server 2023-03-02 04:31:40,679 [INFO] Reply from ptd: 'YokogawaWT310E,1000,1,1,1,1,0,1,1,version=1.10.0-ed9a21d2-20220817,OS=Linux 5.15.0-60-generic #66~20.04.1-Ubuntu SMP Wed Jan 25 09:41:30 UTC 2023 x86_64,mode=power,1,1,1,0,0,no_cal_date,YOKOGAWA;WT310E;C3XA04010E;F1.04'
ptd-server 2023-03-02 04:31:40,679 [INFO] Connected to PTDaemon
ptd-server 2023-03-02 04:31:40,679 [INFO] Sending to ptd: 'RR'
ptd-server 2023-03-02 04:31:40,679 [INFO] Reply from ptd: 'Ranges,1,0.100000,1,300.000000'
ptd-server 2023-03-02 04:31:40,680 [INFO] Initial range for Amps is Auto for Volts is Auto
ptd-server 2023-03-02 04:31:40,680 [INFO] Sending to ptd: 'SR,V,Auto'
ptd-server 2023-03-02 04:31:41,182 [INFO] Reply from ptd: 'Range V changed'
ptd-server 2023-03-02 04:31:41,182 [INFO] Sending to ptd: 'SR,A,Auto'
ptd-server 2023-03-02 04:31:41,685 [INFO] Reply from ptd: 'Range A changed'
ptd-server 2023-03-02 04:31:51,693 [INFO] Starting ranging mode
ptd-server 2023-03-02 04:31:51,694 [INFO] Sending to ptd: 'Go,1000,0,2023-03-02_04-31-23_ranging'
ptd-server 2023-03-02 04:31:51,694 [INFO] Reply from ptd: 'Starting untimed measurement, maximum 500000 samples at 1000ms with 0 rampup samples'
ptd-server 2023-03-02 04:31:51,694 [INFO] Sending reply to client 'OK'
ptd-server 2023-03-02 04:42:15,795 [INFO] Got command from the client 'session,2023-03-02_04-31-23,stop,ranging'
ptd-server 2023-03-02 04:42:25,806 [INFO] Sending to ptd: 'Stop'
ptd-server 2023-03-02 04:42:25,806 [INFO] Reply from ptd: 'Stopping untimed measurement'
ptd-server 2023-03-02 04:42:25,848 [INFO] Sending reply to client 'OK'
ptd-server 2023-03-02 04:42:25,936 [INFO] Got command from the client 'time'
ptd-server 2023-03-02 04:42:25,936 [INFO] Sending reply to client '1677732145.936868'
ptd-server 2023-03-02 04:42:25,939 [INFO] Got command from the client 'session,2023-03-02_04-31-23,start,testing'
ptd-server 2023-03-02 04:42:25,939 [INFO] Sending to ptd: 'SR,V,249.260000'
ptd-server 2023-03-02 04:42:28,196 [INFO] Reply from ptd: 'Range V changed'
ptd-server 2023-03-02 04:42:28,196 [INFO] Sending to ptd: 'SR,A,0.087150'
ptd-server 2023-03-02 04:42:29,697 [INFO] Reply from ptd: 'Range A changed'
ptd-server 2023-03-02 04:42:39,704 [INFO] Starting testing mode
ptd-server 2023-03-02 04:42:39,704 [INFO] Sending to ptd: 'Go,1000,0,2023-03-02_04-31-23_testing'
ptd-server 2023-03-02 04:42:39,704 [INFO] Reply from ptd: 'Starting untimed measurement, maximum 500000 samples at 1000ms with 0 rampup samples'
ptd-server 2023-03-02 04:42:39,705 [INFO] Sending reply to client 'OK'
ptd-server 2023-03-02 04:53:03,726 [INFO] Got command from the client 'session,2023-03-02_04-31-23,stop,testing'
ptd-server 2023-03-02 04:53:13,736 [INFO] Sending to ptd: 'Stop'
ptd-server 2023-03-02 04:53:13,736 [INFO] Reply from ptd: 'Stopping untimed measurement'
ptd-server 2023-03-02 04:53:13,757 [INFO] Sending reply to client 'OK'
ptd-server 2023-03-02 04:53:13,777 [INFO] Got command from the client 'session,2023-03-02_04-31-23,done'
ptd-server 2023-03-02 04:53:13,777 [INFO] Sending to ptd: 'Stop'
ptd-server 2023-03-02 04:53:14,704 [INFO] Reply from ptd: 'Error: no measurement to stop'
ptd-server 2023-03-02 04:53:14,704 [INFO] Sending to ptd: 'SR,V,Auto'
ptd-server 2023-03-02 04:53:15,207 [INFO] Reply from ptd: 'Range V changed'
ptd-server 2023-03-02 04:53:15,207 [INFO] Sending to ptd: 'SR,A,Auto'
ptd-server 2023-03-02 04:53:15,710 [INFO] Reply from ptd: 'Range A changed'
ptd-server 2023-03-02 04:53:15,710 [INFO] Set initial values for Amps Auto and Volts Auto
ptd-server 2023-03-02 04:53:15,710 [INFO] Stopping ptd...
