ptd-server 2023-02-21 09:13:22,918 [INFO] Got command from the client 'time'
ptd-server 2023-02-21 09:13:22,918 [INFO] Sending reply to client '1676970802.918843'
ptd-server 2023-02-21 09:13:22,919 [INFO] Got command from the client 'new,,67e958f1-ba4f-4ee0-96e2-bd40c780fd50'
ptd-server 2023-02-21 09:13:22,920 [INFO] Sending reply to client 'OK 2023-02-21_09-13-22,bd435a82-ab59-4888-9195-d68bc9bc8409'
ptd-server 2023-02-21 09:13:22,946 [INFO] Got command from the client 'time'
ptd-server 2023-02-21 09:13:22,947 [INFO] Sending reply to client '1676970802.94712'
ptd-server 2023-02-21 09:13:22,948 [INFO] Got command from the client 'session,2023-02-21_09-13-22,start,ranging'
ptd-server 2023-02-21 09:13:22,948 [INFO] Running PTDaemon: ['/home/anton/projects/mlperf/power/inference_v1.0/ptd-linux-x86', '-l', '/tmp/tmp4yl1neqp/ptd_logfile.txt', '-p', '8888', '49', '/dev/usbtmc0']
ptd-server 2023-02-21 09:13:40,022 [INFO] Sending to ptd: 'Hello'
ptd-server 2023-02-21 09:13:40,023 [INFO] Reply from ptd: 'Hello, PTDaemon here!'
ptd-server 2023-02-21 09:13:40,023 [INFO] Sending to ptd: 'Identify'
ptd-server 2023-02-21 09:13:40,023 [INFO] Reply from ptd: 'YokogawaWT310E,1000,1,1,1,1,0,1,1,version=1.10.0-ed9a21d2-20220817,OS=Linux 5.15.0-60-generic #66~20.04.1-Ubuntu SMP Wed Jan 25 09:41:30 UTC 2023 x86_64,mode=power,1,1,1,0,0,no_cal_date,YOKOGAWA;WT310E;C3XA04010E;F1.04'
ptd-server 2023-02-21 09:13:40,023 [INFO] Connected to PTDaemon
ptd-server 2023-02-21 09:13:40,023 [INFO] Sending to ptd: 'RR'
ptd-server 2023-02-21 09:13:40,024 [INFO] Reply from ptd: 'Ranges,1,0.100000,1,300.000000'
ptd-server 2023-02-21 09:13:40,024 [INFO] Initial range for Amps is Auto for Volts is Auto
ptd-server 2023-02-21 09:13:40,024 [INFO] Sending to ptd: 'SR,V,Auto'
ptd-server 2023-02-21 09:13:40,527 [INFO] Reply from ptd: 'Range V changed'
ptd-server 2023-02-21 09:13:40,527 [INFO] Sending to ptd: 'SR,A,Auto'
ptd-server 2023-02-21 09:13:41,029 [INFO] Reply from ptd: 'Range A changed'
ptd-server 2023-02-21 09:13:51,040 [INFO] Starting ranging mode
ptd-server 2023-02-21 09:13:51,040 [INFO] Sending to ptd: 'Go,1000,0,2023-02-21_09-13-22_ranging'
ptd-server 2023-02-21 09:13:51,040 [INFO] Reply from ptd: 'Starting untimed measurement, maximum 500000 samples at 1000ms with 0 rampup samples'
ptd-server 2023-02-21 09:13:51,040 [INFO] Sending reply to client 'OK'
ptd-server 2023-02-21 09:24:18,136 [INFO] Got command from the client 'session,2023-02-21_09-13-22,stop,ranging'
ptd-server 2023-02-21 09:24:28,146 [INFO] Sending to ptd: 'Stop'
ptd-server 2023-02-21 09:24:28,147 [INFO] Reply from ptd: 'Stopping untimed measurement'
ptd-server 2023-02-21 09:24:28,433 [INFO] Sending reply to client 'OK'
ptd-server 2023-02-21 09:24:28,462 [INFO] Got command from the client 'time'
ptd-server 2023-02-21 09:24:28,462 [INFO] Sending reply to client '1676971468.4629483'
ptd-server 2023-02-21 09:24:28,463 [INFO] Got command from the client 'session,2023-02-21_09-13-22,start,testing'
ptd-server 2023-02-21 09:24:28,463 [INFO] Sending to ptd: 'SR,V,250.880000'
ptd-server 2023-02-21 09:24:30,542 [INFO] Reply from ptd: 'Range V changed'
ptd-server 2023-02-21 09:24:30,542 [INFO] Sending to ptd: 'SR,A,0.070530'
ptd-server 2023-02-21 09:24:32,043 [INFO] Reply from ptd: 'Range A changed'
ptd-server 2023-02-21 09:24:42,054 [INFO] Starting testing mode
ptd-server 2023-02-21 09:24:42,054 [INFO] Sending to ptd: 'Go,1000,0,2023-02-21_09-13-22_testing'
ptd-server 2023-02-21 09:24:42,054 [INFO] Reply from ptd: 'Starting untimed measurement, maximum 500000 samples at 1000ms with 0 rampup samples'
ptd-server 2023-02-21 09:24:42,055 [INFO] Sending reply to client 'OK'
ptd-server 2023-02-21 09:35:09,064 [INFO] Got command from the client 'session,2023-02-21_09-13-22,stop,testing'
ptd-server 2023-02-21 09:35:19,072 [INFO] Sending to ptd: 'Stop'
ptd-server 2023-02-21 09:35:19,072 [INFO] Reply from ptd: 'Stopping untimed measurement'
ptd-server 2023-02-21 09:35:19,238 [INFO] Sending reply to client 'OK'
ptd-server 2023-02-21 09:35:19,246 [INFO] Got command from the client 'session,2023-02-21_09-13-22,done'
ptd-server 2023-02-21 09:35:19,246 [INFO] Sending to ptd: 'Stop'
ptd-server 2023-02-21 09:35:20,055 [INFO] Reply from ptd: 'Error: no measurement to stop'
ptd-server 2023-02-21 09:35:20,055 [INFO] Sending to ptd: 'SR,V,Auto'
ptd-server 2023-02-21 09:35:20,558 [INFO] Reply from ptd: 'Range V changed'
ptd-server 2023-02-21 09:35:20,558 [INFO] Sending to ptd: 'SR,A,Auto'
ptd-server 2023-02-21 09:35:21,060 [INFO] Reply from ptd: 'Range A changed'
ptd-server 2023-02-21 09:35:21,060 [INFO] Set initial values for Amps Auto and Volts Auto
ptd-server 2023-02-21 09:35:21,061 [INFO] Stopping ptd...
