ptd-server 2023-02-25 19:04:53,942 [INFO] Got command from the client 'time'
ptd-server 2023-02-25 19:04:53,942 [INFO] Sending reply to client '1677373493.9428508'
ptd-server 2023-02-25 19:04:53,944 [INFO] Got command from the client 'new,,1dfc793e-019d-4f92-8d86-b81b675b9e40'
ptd-server 2023-02-25 19:04:53,944 [INFO] Sending reply to client 'OK 2023-02-25_19-04-53,1a930769-5793-4b63-b81a-7f8b8f4936e6'
ptd-server 2023-02-25 19:04:54,025 [INFO] Got command from the client 'time'
ptd-server 2023-02-25 19:04:54,026 [INFO] Sending reply to client '1677373494.026165'
ptd-server 2023-02-25 19:04:54,027 [INFO] Got command from the client 'session,2023-02-25_19-04-53,start,ranging'
ptd-server 2023-02-25 19:04:54,027 [INFO] Running PTDaemon: ['/local/mnt/workspace/mlcommons/power-main/inference_v1.0/ptd-linux-x86', '-l', '/tmp/tmp8r9yunve/ptd_logfile.txt', '-p', '8888', '-c', '1', '52', '/dev/usbtmc0']
ptd-server 2023-02-25 19:05:11,048 [INFO] Sending to ptd: 'Hello'
ptd-server 2023-02-25 19:05:11,049 [INFO] Reply from ptd: 'Hello, PTDaemon here!'
ptd-server 2023-02-25 19:05:11,049 [INFO] Sending to ptd: 'Identify'
ptd-server 2023-02-25 19:05:11,049 [INFO] Reply from ptd: 'YokogawaWT330,1000,1,1,1,1,0,0,1,version=1.10.0-ed9a21d2-20220817,OS=Linux 5.4.0-120-generic #136~18.04.1-Ubuntu SMP Fri Jun 10 18:00:44 UTC 2022 x86_64,mode=power,1,1,1,0,0,no_cal_date,YOKOGAWA;WT333;C2SF14011V;F1.01EM'
ptd-server 2023-02-25 19:05:11,050 [INFO] Connected to PTDaemon
ptd-server 2023-02-25 19:05:11,050 [INFO] Sending to ptd: 'RR'
ptd-server 2023-02-25 19:05:11,050 [INFO] Reply from ptd: 'Ranges,0,5.000000,0,150.000000'
ptd-server 2023-02-25 19:05:11,051 [INFO] Initial range for Amps is 5.000000 for Volts is 150.000000
ptd-server 2023-02-25 19:05:11,051 [INFO] Sending to ptd: 'SR,V,Auto'
ptd-server 2023-02-25 19:05:11,593 [INFO] Reply from ptd: 'Range V changed'
ptd-server 2023-02-25 19:05:11,593 [INFO] Sending to ptd: 'SR,A,Auto'
ptd-server 2023-02-25 19:05:12,096 [INFO] Reply from ptd: 'Range A changed'
ptd-server 2023-02-25 19:05:22,107 [INFO] Starting ranging mode
ptd-server 2023-02-25 19:05:22,107 [INFO] Sending to ptd: 'Go,1000,0,2023-02-25_19-04-53_ranging'
ptd-server 2023-02-25 19:05:22,108 [INFO] Reply from ptd: 'Starting untimed measurement, maximum 500000 samples at 1000ms with 0 rampup samples'
ptd-server 2023-02-25 19:05:22,108 [INFO] Sending reply to client 'OK'
ptd-server 2023-02-25 19:19:31,529 [INFO] Got command from the client 'session,2023-02-25_19-04-53,stop,ranging'
ptd-server 2023-02-25 19:19:41,540 [INFO] Sending to ptd: 'Stop'
ptd-server 2023-02-25 19:19:41,541 [INFO] Reply from ptd: 'Stopping untimed measurement'
ptd-server 2023-02-25 19:19:41,558 [INFO] Sending reply to client 'OK'
ptd-server 2023-02-25 19:19:41,671 [INFO] Got command from the client 'time'
ptd-server 2023-02-25 19:19:41,671 [INFO] Sending reply to client '1677374381.6713877'
ptd-server 2023-02-25 19:19:41,672 [INFO] Got command from the client 'session,2023-02-25_19-04-53,start,testing'
ptd-server 2023-02-25 19:19:41,673 [INFO] Sending to ptd: 'SR,V,123.030000'
ptd-server 2023-02-25 19:19:43,609 [INFO] Reply from ptd: 'Range V changed'
ptd-server 2023-02-25 19:19:43,610 [INFO] Sending to ptd: 'SR,A,3.576500'
ptd-server 2023-02-25 19:19:45,112 [INFO] Reply from ptd: 'Range A changed'
ptd-server 2023-02-25 19:19:55,122 [INFO] Starting testing mode
ptd-server 2023-02-25 19:19:55,123 [INFO] Sending to ptd: 'Go,1000,0,2023-02-25_19-04-53_testing'
ptd-server 2023-02-25 19:19:55,123 [INFO] Reply from ptd: 'Starting untimed measurement, maximum 500000 samples at 1000ms with 0 rampup samples'
ptd-server 2023-02-25 19:19:55,124 [INFO] Sending reply to client 'OK'
ptd-server 2023-02-25 19:34:03,248 [INFO] Got command from the client 'session,2023-02-25_19-04-53,stop,testing'
ptd-server 2023-02-25 19:34:13,259 [INFO] Sending to ptd: 'Stop'
ptd-server 2023-02-25 19:34:13,260 [INFO] Reply from ptd: 'Stopping untimed measurement'
ptd-server 2023-02-25 19:34:13,267 [INFO] Sending reply to client 'OK'
ptd-server 2023-02-25 19:34:13,275 [INFO] Got command from the client 'session,2023-02-25_19-04-53,done'
ptd-server 2023-02-25 19:34:13,275 [INFO] Sending to ptd: 'Stop'
ptd-server 2023-02-25 19:34:14,124 [INFO] Reply from ptd: 'Error: no measurement to stop'
ptd-server 2023-02-25 19:34:14,124 [INFO] Sending to ptd: 'SR,V,150.000000'
ptd-server 2023-02-25 19:34:15,627 [INFO] Reply from ptd: 'Range V changed'
ptd-server 2023-02-25 19:34:15,627 [INFO] Sending to ptd: 'SR,A,5.000000'
ptd-server 2023-02-25 19:34:17,129 [INFO] Reply from ptd: 'Range A changed'
ptd-server 2023-02-25 19:34:17,129 [INFO] Set initial values for Amps 5.000000 and Volts 150.000000
ptd-server 2023-02-25 19:34:17,130 [INFO] Stopping ptd...
