client 2023-02-27 22:28:50,222 [INFO] Creating output directory '/home/arjun/mobilenet_results/valid_results/arjun_orin-tflite_armnn_cpp-cpu-armnn_tflite-v22.11-using_neon/mobilenet-v1-precision_uint8-0.5-160/singlestream/performance/tmp_power'
client 2023-02-27 22:28:50,225 [INFO] Sending command to the server: 'mlcommons/power client v3'
client 2023-02-27 22:28:50,228 [INFO] Got response: 'mlcommons/power server v3'
client 2023-02-27 22:28:50,228 [INFO] Synchronizing with the server and with time.google.com...
client 2023-02-27 22:28:50,263 [INFO] NTP:offset = -0.000 s, delay = 0.018 s 
client 2023-02-27 22:28:50,263 [INFO] Sending command to the server: 'time'
client 2023-02-27 22:28:50,268 [INFO] Got response: '1677536930.2678711'
client 2023-02-27 22:28:50,268 [INFO] The time difference between the client and the server is within range -4.221 ms..0.802 ms
client 2023-02-27 22:28:50,268 [INFO] Sending command to the server: 'new,,b6842fea-1bcf-4cba-9560-d13f428c8efc'
client 2023-02-27 22:28:50,272 [INFO] Got response: 'OK 2023-02-27_22-28-50,ffb12fdd-7e81-48e6-80dd-1eb69e955661'
client 2023-02-27 22:28:50,272 [INFO] Session id is '2023-02-27_22-28-50'
client 2023-02-27 22:28:50,272 [INFO] Sources: {"sources": {"__init__.py": "da39a3ee5e6b4b0d3255bfef95601890afd80709", "client.py": "33ca4f26368777ac06e01f9567b714a4b8063886", "lib/__init__.py": "da39a3ee5e6b4b0d3255bfef95601890afd80709", "lib/client.py": "4c2b78fb4849a7e5b584ef792d82aaed20b17f57", "lib/common.py": "624d0c0acc7c39aaff3674f0b99d6a09da53d1dc", "lib/external/__init__.py": "da39a3ee5e6b4b0d3255bfef95601890afd80709", "lib/external/ntplib.py": "4da8f970656505a40483206ef2b5d3dd5e81711d", "lib/server.py": "cda0cdfaee9bfa1249c64a7dd4f89b7bf1b279f0", "lib/source_hashes.py": "60a2e02193209e8d392803326208d5466342da18", "lib/summary.py": "aa92f0a3f975eecd44d3c0cd0236342ccc9f941d", "lib/time_sync.py": "3210db56eb0ff0df57bf4293dc4d4b03fffd46f1", "server.py": "c3f90f2f7eeb4db30727556d0c815ebc89b3d28b", "tests/unit/__init__.py": "da39a3ee5e6b4b0d3255bfef95601890afd80709", "tests/unit/test_server.py": "99ae15aef722f2000ee6ed1ae1523637bf1ae42b", "tests/unit/test_source_hashes.py": "00468a2907583c593e6574a1f6b404e4651c221a"}, "modules": {"ptd_client_server.lib.client": "lib/client.py", "ptd_client_server.lib.common": "lib/common.py", "ptd_client_server.lib.external.ntplib": "lib/external/ntplib.py", "ptd_client_server.lib.source_hashes": "lib/source_hashes.py", "ptd_client_server.lib.summary": "lib/summary.py", "ptd_client_server.lib.time_sync": "lib/time_sync.py"}}
client 2023-02-27 22:28:50,273 [INFO] Running workload in ranging mode
client 2023-02-27 22:28:50,273 [INFO] Synchronizing with the server and with time.google.com...
client 2023-02-27 22:28:50,293 [INFO] NTP:offset = -0.001 s, delay = 0.020 s 
client 2023-02-27 22:28:50,294 [INFO] Sending command to the server: 'time'
client 2023-02-27 22:28:50,298 [INFO] Got response: '1677536930.297159'
client 2023-02-27 22:28:50,298 [INFO] The time difference between the client and the server is within range -3.074 ms..1.057 ms
client 2023-02-27 22:28:50,298 [INFO] Sending command to the server: 'session,2023-02-27_22-28-50,start,ranging'
client 2023-02-27 22:29:18,425 [INFO] Got response: 'OK'
client 2023-02-27 22:29:18,426 [INFO] Running the workload '/home/arjun/run.out'
client 2023-02-27 22:43:34,907 [INFO] Sending command to the server: 'session,2023-02-27_22-28-50,stop,ranging'
client 2023-02-27 22:43:45,506 [INFO] Got response: 'OK'
client 2023-02-27 22:43:45,536 [INFO] Copying loadgen logs from '/home/arjun/mobilenet_results/valid_results/arjun_orin-tflite_armnn_cpp-cpu-armnn_tflite-v22.11-using_neon/mobilenet-v1-precision_uint8-0.5-160/singlestream/performance/run_1' to '/home/arjun/mobilenet_results/valid_results/arjun_orin-tflite_armnn_cpp-cpu-armnn_tflite-v22.11-using_neon/mobilenet-v1-precision_uint8-0.5-160/singlestream/performance/tmp_power/ranging'
client 2023-02-27 22:43:45,538 [INFO] Running workload in testing mode
client 2023-02-27 22:43:45,538 [INFO] Synchronizing with the server and with time.google.com...
client 2023-02-27 22:43:45,561 [INFO] NTP:offset = -0.000 s, delay = 0.018 s 
client 2023-02-27 22:43:45,561 [INFO] Sending command to the server: 'time'
client 2023-02-27 22:43:45,565 [INFO] Got response: '1677537825.5637217'
client 2023-02-27 22:43:45,565 [INFO] The time difference between the client and the server is within range -1.840 ms..2.005 ms
client 2023-02-27 22:43:45,566 [INFO] Sending command to the server: 'session,2023-02-27_22-28-50,start,testing'
client 2023-02-27 22:43:58,580 [INFO] Got response: 'OK'
client 2023-02-27 22:43:58,582 [INFO] Running the workload '/home/arjun/run.out'
client 2023-02-27 22:58:10,548 [INFO] Sending command to the server: 'session,2023-02-27_22-28-50,stop,testing'
client 2023-02-27 22:58:20,780 [INFO] Got response: 'OK'
client 2023-02-27 22:58:20,786 [INFO] Copying loadgen logs from '/home/arjun/mobilenet_results/valid_results/arjun_orin-tflite_armnn_cpp-cpu-armnn_tflite-v22.11-using_neon/mobilenet-v1-precision_uint8-0.5-160/singlestream/performance/run_1' to '/home/arjun/mobilenet_results/valid_results/arjun_orin-tflite_armnn_cpp-cpu-armnn_tflite-v22.11-using_neon/mobilenet-v1-precision_uint8-0.5-160/singlestream/performance/tmp_power/run_1'
client 2023-02-27 22:58:20,788 [INFO] Done runs
