ptd-server 2023-02-27 22:28:50,267 [INFO] Got command from the client 'time'
ptd-server 2023-02-27 22:28:50,267 [INFO] Sending reply to client '1677536930.2678711'
ptd-server 2023-02-27 22:28:50,270 [INFO] Got command from the client 'new,,b6842fea-1bcf-4cba-9560-d13f428c8efc'
ptd-server 2023-02-27 22:28:50,271 [INFO] Sending reply to client 'OK 2023-02-27_22-28-50,ffb12fdd-7e81-48e6-80dd-1eb69e955661'
ptd-server 2023-02-27 22:28:50,296 [INFO] Got command from the client 'time'
ptd-server 2023-02-27 22:28:50,297 [INFO] Sending reply to client '1677536930.297159'
ptd-server 2023-02-27 22:28:50,300 [INFO] Got command from the client 'session,2023-02-27_22-28-50,start,ranging'
ptd-server 2023-02-27 22:28:50,301 [INFO] Running PTDaemon: ['/media/arjun/T7_Touch/hp-envy/CM/repos/local/cache/9b3695ca8255492a/power/inference_v1.0/ptd-linux-x86', '-l', '/tmp/tmpti64566v/ptd_logfile.txt', '-p', '8888', '49', '/dev/usbtmc0']
ptd-server 2023-02-27 22:29:07,402 [INFO] Sending to ptd: 'Hello'
ptd-server 2023-02-27 22:29:07,403 [INFO] Reply from ptd: 'Hello, PTDaemon here!'
ptd-server 2023-02-27 22:29:07,404 [INFO] Sending to ptd: 'Identify'
ptd-server 2023-02-27 22:29:07,405 [INFO] Reply from ptd: 'YokogawaWT310E,1000,1,1,1,1,0,1,1,version=1.10.0-ed9a21d2-20220817,OS=Linux 5.15.0-56-generic #62-Ubuntu SMP Tue Nov 22 19:54:14 UTC 2022 x86_64,mode=power,1,1,1,0,0,no_cal_date,YOKOGAWA;WT310E;C3YD21068E;F1.04'
ptd-server 2023-02-27 22:29:07,405 [INFO] Connected to PTDaemon
ptd-server 2023-02-27 22:29:07,405 [INFO] Sending to ptd: 'RR'
ptd-server 2023-02-27 22:29:07,406 [INFO] Reply from ptd: 'Ranges,0,0.100000,0,600.000000'
ptd-server 2023-02-27 22:29:07,407 [INFO] Initial range for Amps is 0.100000 for Volts is 600.000000
ptd-server 2023-02-27 22:29:07,407 [INFO] Sending to ptd: 'SR,V,Auto'
ptd-server 2023-02-27 22:29:07,911 [INFO] Reply from ptd: 'Range V changed'
ptd-server 2023-02-27 22:29:07,911 [INFO] Sending to ptd: 'SR,A,Auto'
ptd-server 2023-02-27 22:29:08,415 [INFO] Reply from ptd: 'Range A changed'
ptd-server 2023-02-27 22:29:18,421 [INFO] Starting ranging mode
ptd-server 2023-02-27 22:29:18,421 [INFO] Sending to ptd: 'Go,1000,0,2023-02-27_22-28-50_ranging'
ptd-server 2023-02-27 22:29:18,422 [INFO] Reply from ptd: 'Starting untimed measurement, maximum 500000 samples at 1000ms with 0 rampup samples'
ptd-server 2023-02-27 22:29:18,423 [INFO] Sending reply to client 'OK'
ptd-server 2023-02-27 22:43:35,197 [INFO] Got command from the client 'session,2023-02-27_22-28-50,stop,ranging'
ptd-server 2023-02-27 22:43:45,208 [INFO] Sending to ptd: 'Stop'
ptd-server 2023-02-27 22:43:45,209 [INFO] Reply from ptd: 'Stopping untimed measurement'
ptd-server 2023-02-27 22:43:45,504 [INFO] Sending reply to client 'OK'
ptd-server 2023-02-27 22:43:45,563 [INFO] Got command from the client 'time'
ptd-server 2023-02-27 22:43:45,563 [INFO] Sending reply to client '1677537825.5637217'
ptd-server 2023-02-27 22:43:45,567 [INFO] Got command from the client 'session,2023-02-27_22-28-50,start,testing'
ptd-server 2023-02-27 22:43:45,567 [INFO] Sending to ptd: 'SR,V,248.920000'
ptd-server 2023-02-27 22:43:47,071 [INFO] Reply from ptd: 'Range V changed'
ptd-server 2023-02-27 22:43:47,071 [INFO] Sending to ptd: 'SR,A,0.204760'
ptd-server 2023-02-27 22:43:48,574 [INFO] Reply from ptd: 'Range A changed'
ptd-server 2023-02-27 22:43:58,576 [INFO] Starting testing mode
ptd-server 2023-02-27 22:43:58,577 [INFO] Sending to ptd: 'Go,1000,0,2023-02-27_22-28-50_testing'
ptd-server 2023-02-27 22:43:58,578 [INFO] Reply from ptd: 'Starting untimed measurement, maximum 500000 samples at 1000ms with 0 rampup samples'
ptd-server 2023-02-27 22:43:58,578 [INFO] Sending reply to client 'OK'
ptd-server 2023-02-27 22:58:10,617 [INFO] Got command from the client 'session,2023-02-27_22-28-50,stop,testing'
ptd-server 2023-02-27 22:58:20,628 [INFO] Sending to ptd: 'Stop'
ptd-server 2023-02-27 22:58:20,629 [INFO] Reply from ptd: 'Stopping untimed measurement'
ptd-server 2023-02-27 22:58:20,778 [INFO] Sending reply to client 'OK'
ptd-server 2023-02-27 22:58:20,795 [INFO] Got command from the client 'session,2023-02-27_22-28-50,done'
ptd-server 2023-02-27 22:58:20,795 [INFO] Sending to ptd: 'Stop'
ptd-server 2023-02-27 22:58:21,580 [INFO] Reply from ptd: 'Error: no measurement to stop'
ptd-server 2023-02-27 22:58:21,580 [INFO] Sending to ptd: 'SR,V,600.000000'
ptd-server 2023-02-27 22:58:23,083 [INFO] Reply from ptd: 'Range V changed'
ptd-server 2023-02-27 22:58:23,084 [INFO] Sending to ptd: 'SR,A,0.100000'
ptd-server 2023-02-27 22:58:24,587 [INFO] Reply from ptd: 'Range A changed'
ptd-server 2023-02-27 22:58:24,588 [INFO] Set initial values for Amps 0.100000 and Volts 600.000000
ptd-server 2023-02-27 22:58:24,588 [INFO] Stopping ptd...
