ptd-server 2023-02-21 14:55:54,864 [INFO] Got command from the client 'time'
ptd-server 2023-02-21 14:55:54,864 [INFO] Sending reply to client '1676991354.8644016'
ptd-server 2023-02-21 14:55:54,867 [INFO] Got command from the client 'new,,de06fd73-cfa0-48b0-a931-29962b97933a'
ptd-server 2023-02-21 14:55:54,868 [INFO] Sending reply to client 'OK 2023-02-21_14-55-54,996821ed-83f3-4eb1-ad1e-cda73ff521a4'
ptd-server 2023-02-21 14:55:54,896 [INFO] Got command from the client 'time'
ptd-server 2023-02-21 14:55:54,896 [INFO] Sending reply to client '1676991354.8964436'
ptd-server 2023-02-21 14:55:54,903 [INFO] Got command from the client 'session,2023-02-21_14-55-54,start,ranging'
ptd-server 2023-02-21 14:55:54,903 [INFO] Running PTDaemon: ['/media/arjun/T7_Touch/hp-envy/CM/repos/local/cache/9b3695ca8255492a/power/inference_v1.0/ptd-linux-x86', '-l', '/tmp/tmp4rr_3znp/ptd_logfile.txt', '-p', '8888', '49', '/dev/usbtmc0']
ptd-server 2023-02-21 14:56:11,998 [INFO] Sending to ptd: 'Hello'
ptd-server 2023-02-21 14:56:11,999 [INFO] Reply from ptd: 'Hello, PTDaemon here!'
ptd-server 2023-02-21 14:56:12,000 [INFO] Sending to ptd: 'Identify'
ptd-server 2023-02-21 14:56:12,001 [INFO] Reply from ptd: 'YokogawaWT310E,1000,1,1,1,1,0,1,1,version=1.10.0-ed9a21d2-20220817,OS=Linux 5.15.0-56-generic #62-Ubuntu SMP Tue Nov 22 19:54:14 UTC 2022 x86_64,mode=power,1,1,1,0,0,no_cal_date,YOKOGAWA;WT310E;C3YD21068E;F1.04'
ptd-server 2023-02-21 14:56:12,001 [INFO] Connected to PTDaemon
ptd-server 2023-02-21 14:56:12,001 [INFO] Sending to ptd: 'RR'
ptd-server 2023-02-21 14:56:12,002 [INFO] Reply from ptd: 'Ranges,0,0.100000,0,600.000000'
ptd-server 2023-02-21 14:56:12,002 [INFO] Initial range for Amps is 0.100000 for Volts is 600.000000
ptd-server 2023-02-21 14:56:12,003 [INFO] Sending to ptd: 'SR,V,Auto'
ptd-server 2023-02-21 14:56:12,507 [INFO] Reply from ptd: 'Range V changed'
ptd-server 2023-02-21 14:56:12,508 [INFO] Sending to ptd: 'SR,A,Auto'
ptd-server 2023-02-21 14:56:13,012 [INFO] Reply from ptd: 'Range A changed'
ptd-server 2023-02-21 14:56:23,023 [INFO] Starting ranging mode
ptd-server 2023-02-21 14:56:23,023 [INFO] Sending to ptd: 'Go,1000,0,2023-02-21_14-55-54_ranging'
ptd-server 2023-02-21 14:56:23,024 [INFO] Reply from ptd: 'Starting untimed measurement, maximum 500000 samples at 1000ms with 0 rampup samples'
ptd-server 2023-02-21 14:56:23,025 [INFO] Sending reply to client 'OK'
ptd-server 2023-02-21 15:27:52,715 [INFO] Got command from the client 'session,2023-02-21_14-55-54,stop,ranging'
ptd-server 2023-02-21 15:28:02,726 [INFO] Sending to ptd: 'Stop'
ptd-server 2023-02-21 15:28:02,727 [INFO] Reply from ptd: 'Stopping untimed measurement'
ptd-server 2023-02-21 15:28:02,746 [INFO] Sending reply to client 'OK'
ptd-server 2023-02-21 15:28:02,837 [INFO] Got command from the client 'time'
ptd-server 2023-02-21 15:28:02,837 [INFO] Sending reply to client '1676993282.837974'
ptd-server 2023-02-21 15:28:02,841 [INFO] Got command from the client 'session,2023-02-21_14-55-54,start,testing'
ptd-server 2023-02-21 15:28:02,841 [INFO] Sending to ptd: 'SR,V,247.430000'
ptd-server 2023-02-21 15:28:04,528 [INFO] Reply from ptd: 'Range V changed'
ptd-server 2023-02-21 15:28:04,528 [INFO] Sending to ptd: 'SR,A,0.292670'
ptd-server 2023-02-21 15:28:06,032 [INFO] Reply from ptd: 'Range A changed'
ptd-server 2023-02-21 15:28:16,042 [INFO] Starting testing mode
ptd-server 2023-02-21 15:28:16,043 [INFO] Sending to ptd: 'Go,1000,0,2023-02-21_14-55-54_testing'
ptd-server 2023-02-21 15:28:16,044 [INFO] Reply from ptd: 'Starting untimed measurement, maximum 500000 samples at 1000ms with 0 rampup samples'
ptd-server 2023-02-21 15:28:16,044 [INFO] Sending reply to client 'OK'
ptd-server 2023-02-21 15:59:29,549 [INFO] Got command from the client 'session,2023-02-21_14-55-54,stop,testing'
ptd-server 2023-02-21 15:59:39,553 [INFO] Sending to ptd: 'Stop'
ptd-server 2023-02-21 15:59:39,554 [INFO] Reply from ptd: 'Stopping untimed measurement'
ptd-server 2023-02-21 15:59:39,561 [INFO] Sending reply to client 'OK'
ptd-server 2023-02-21 15:59:39,576 [INFO] Got command from the client 'session,2023-02-21_14-55-54,done'
ptd-server 2023-02-21 15:59:39,576 [INFO] Sending to ptd: 'Stop'
ptd-server 2023-02-21 15:59:40,045 [INFO] Reply from ptd: 'Error: no measurement to stop'
ptd-server 2023-02-21 15:59:40,046 [INFO] Sending to ptd: 'SR,V,600.000000'
ptd-server 2023-02-21 15:59:41,548 [INFO] Reply from ptd: 'Range V changed'
ptd-server 2023-02-21 15:59:41,549 [INFO] Sending to ptd: 'SR,A,0.100000'
ptd-server 2023-02-21 15:59:43,052 [INFO] Reply from ptd: 'Range A changed'
ptd-server 2023-02-21 15:59:43,052 [INFO] Set initial values for Amps 0.100000 and Volts 600.000000
ptd-server 2023-02-21 15:59:43,052 [INFO] Stopping ptd...
