ptd-server 2023-02-21 08:51:16,726 [INFO] Got command from the client 'time'
ptd-server 2023-02-21 08:51:16,727 [INFO] Sending reply to client '1676969476.7270405'
ptd-server 2023-02-21 08:51:16,728 [INFO] Got command from the client 'new,,38627718-8ee5-4737-a485-4efafc74a205'
ptd-server 2023-02-21 08:51:16,728 [INFO] Sending reply to client 'OK 2023-02-21_08-51-16,c3abf002-ec81-4c48-b12d-bb83d940a214'
ptd-server 2023-02-21 08:51:16,780 [INFO] Got command from the client 'time'
ptd-server 2023-02-21 08:51:16,780 [INFO] Sending reply to client '1676969476.7801545'
ptd-server 2023-02-21 08:51:16,781 [INFO] Got command from the client 'session,2023-02-21_08-51-16,start,ranging'
ptd-server 2023-02-21 08:51:16,781 [INFO] Running PTDaemon: ['/home/anton/projects/mlperf/power/inference_v1.0/ptd-linux-x86', '-l', '/tmp/tmp4yl1neqp/ptd_logfile.txt', '-p', '8888', '49', '/dev/usbtmc0']
ptd-server 2023-02-21 08:51:33,855 [INFO] Sending to ptd: 'Hello'
ptd-server 2023-02-21 08:51:33,856 [INFO] Reply from ptd: 'Hello, PTDaemon here!'
ptd-server 2023-02-21 08:51:33,856 [INFO] Sending to ptd: 'Identify'
ptd-server 2023-02-21 08:51:33,856 [INFO] Reply from ptd: 'YokogawaWT310E,1000,1,1,1,1,0,1,1,version=1.10.0-ed9a21d2-20220817,OS=Linux 5.15.0-60-generic #66~20.04.1-Ubuntu SMP Wed Jan 25 09:41:30 UTC 2023 x86_64,mode=power,1,1,1,0,0,no_cal_date,YOKOGAWA;WT310E;C3XA04010E;F1.04'
ptd-server 2023-02-21 08:51:33,856 [INFO] Connected to PTDaemon
ptd-server 2023-02-21 08:51:33,856 [INFO] Sending to ptd: 'RR'
ptd-server 2023-02-21 08:51:33,857 [INFO] Reply from ptd: 'Ranges,1,0.100000,1,300.000000'
ptd-server 2023-02-21 08:51:33,857 [INFO] Initial range for Amps is Auto for Volts is Auto
ptd-server 2023-02-21 08:51:33,857 [INFO] Sending to ptd: 'SR,V,Auto'
ptd-server 2023-02-21 08:51:34,359 [INFO] Reply from ptd: 'Range V changed'
ptd-server 2023-02-21 08:51:34,359 [INFO] Sending to ptd: 'SR,A,Auto'
ptd-server 2023-02-21 08:51:34,862 [INFO] Reply from ptd: 'Range A changed'
ptd-server 2023-02-21 08:51:44,872 [INFO] Starting ranging mode
ptd-server 2023-02-21 08:51:44,872 [INFO] Sending to ptd: 'Go,1000,0,2023-02-21_08-51-16_ranging'
ptd-server 2023-02-21 08:51:44,873 [INFO] Reply from ptd: 'Starting untimed measurement, maximum 500000 samples at 1000ms with 0 rampup samples'
ptd-server 2023-02-21 08:51:44,873 [INFO] Sending reply to client 'OK'
ptd-server 2023-02-21 09:02:12,689 [INFO] Got command from the client 'session,2023-02-21_08-51-16,stop,ranging'
ptd-server 2023-02-21 09:02:22,700 [INFO] Sending to ptd: 'Stop'
ptd-server 2023-02-21 09:02:22,700 [INFO] Reply from ptd: 'Stopping untimed measurement'
ptd-server 2023-02-21 09:02:22,982 [INFO] Sending reply to client 'OK'
ptd-server 2023-02-21 09:02:23,016 [INFO] Got command from the client 'time'
ptd-server 2023-02-21 09:02:23,016 [INFO] Sending reply to client '1676970143.0165246'
ptd-server 2023-02-21 09:02:23,017 [INFO] Got command from the client 'session,2023-02-21_08-51-16,start,testing'
ptd-server 2023-02-21 09:02:23,017 [INFO] Sending to ptd: 'SR,V,251.650000'
ptd-server 2023-02-21 09:02:24,519 [INFO] Reply from ptd: 'Range V changed'
ptd-server 2023-02-21 09:02:24,519 [INFO] Sending to ptd: 'SR,A,0.067830'
ptd-server 2023-02-21 09:02:26,020 [INFO] Reply from ptd: 'Range A changed'
ptd-server 2023-02-21 09:02:36,031 [INFO] Starting testing mode
ptd-server 2023-02-21 09:02:36,031 [INFO] Sending to ptd: 'Go,1000,0,2023-02-21_08-51-16_testing'
ptd-server 2023-02-21 09:02:36,031 [INFO] Reply from ptd: 'Starting untimed measurement, maximum 500000 samples at 1000ms with 0 rampup samples'
ptd-server 2023-02-21 09:02:36,031 [INFO] Sending reply to client 'OK'
ptd-server 2023-02-21 09:13:03,711 [INFO] Got command from the client 'session,2023-02-21_08-51-16,stop,testing'
ptd-server 2023-02-21 09:13:13,721 [INFO] Sending to ptd: 'Stop'
ptd-server 2023-02-21 09:13:13,721 [INFO] Reply from ptd: 'Stopping untimed measurement'
ptd-server 2023-02-21 09:13:13,878 [INFO] Sending reply to client 'OK'
ptd-server 2023-02-21 09:13:13,885 [INFO] Got command from the client 'session,2023-02-21_08-51-16,done'
ptd-server 2023-02-21 09:13:13,886 [INFO] Sending to ptd: 'Stop'
ptd-server 2023-02-21 09:13:14,032 [INFO] Reply from ptd: 'Error: no measurement to stop'
ptd-server 2023-02-21 09:13:14,032 [INFO] Sending to ptd: 'SR,V,Auto'
ptd-server 2023-02-21 09:13:14,535 [INFO] Reply from ptd: 'Range V changed'
ptd-server 2023-02-21 09:13:14,535 [INFO] Sending to ptd: 'SR,A,Auto'
ptd-server 2023-02-21 09:13:15,037 [INFO] Reply from ptd: 'Range A changed'
ptd-server 2023-02-21 09:13:15,037 [INFO] Set initial values for Amps Auto and Volts Auto
ptd-server 2023-02-21 09:13:15,037 [INFO] Stopping ptd...
