ptd-server 2023-02-24 19:27:25,731 [INFO] Got command from the client 'time'
ptd-server 2023-02-24 19:27:25,731 [INFO] Sending reply to client '1677266845.7311316'
ptd-server 2023-02-24 19:27:25,734 [INFO] Got command from the client 'new,,61337abc-60ac-42c7-b0b0-910d19f6a063'
ptd-server 2023-02-24 19:27:25,734 [INFO] Sending reply to client 'OK 2023-02-24_19-27-25,809af0f1-b9d8-4dfb-a8d3-095ec3094c3a'
ptd-server 2023-02-24 19:27:25,757 [INFO] Got command from the client 'time'
ptd-server 2023-02-24 19:27:25,757 [INFO] Sending reply to client '1677266845.7574184'
ptd-server 2023-02-24 19:27:25,760 [INFO] Got command from the client 'session,2023-02-24_19-27-25,start,ranging'
ptd-server 2023-02-24 19:27:25,760 [INFO] Running PTDaemon: ['/media/arjun/T7_Touch/hp-envy/CM/repos/local/cache/9b3695ca8255492a/power/inference_v1.0/ptd-linux-x86', '-l', '/tmp/tmpti64566v/ptd_logfile.txt', '-p', '8888', '49', '/dev/usbtmc0']
ptd-server 2023-02-24 19:27:42,853 [INFO] Sending to ptd: 'Hello'
ptd-server 2023-02-24 19:27:42,854 [INFO] Reply from ptd: 'Hello, PTDaemon here!'
ptd-server 2023-02-24 19:27:42,854 [INFO] Sending to ptd: 'Identify'
ptd-server 2023-02-24 19:27:42,855 [INFO] Reply from ptd: 'YokogawaWT310E,1000,1,1,1,1,0,1,1,version=1.10.0-ed9a21d2-20220817,OS=Linux 5.15.0-56-generic #62-Ubuntu SMP Tue Nov 22 19:54:14 UTC 2022 x86_64,mode=power,1,1,1,0,0,no_cal_date,YOKOGAWA;WT310E;C3YD21068E;F1.04'
ptd-server 2023-02-24 19:27:42,855 [INFO] Connected to PTDaemon
ptd-server 2023-02-24 19:27:42,855 [INFO] Sending to ptd: 'RR'
ptd-server 2023-02-24 19:27:42,856 [INFO] Reply from ptd: 'Ranges,0,0.100000,0,600.000000'
ptd-server 2023-02-24 19:27:42,856 [INFO] Initial range for Amps is 0.100000 for Volts is 600.000000
ptd-server 2023-02-24 19:27:42,857 [INFO] Sending to ptd: 'SR,V,Auto'
ptd-server 2023-02-24 19:27:43,360 [INFO] Reply from ptd: 'Range V changed'
ptd-server 2023-02-24 19:27:43,361 [INFO] Sending to ptd: 'SR,A,Auto'
ptd-server 2023-02-24 19:27:43,864 [INFO] Reply from ptd: 'Range A changed'
ptd-server 2023-02-24 19:27:53,875 [INFO] Starting ranging mode
ptd-server 2023-02-24 19:27:53,875 [INFO] Sending to ptd: 'Go,1000,0,2023-02-24_19-27-25_ranging'
ptd-server 2023-02-24 19:27:53,876 [INFO] Reply from ptd: 'Starting untimed measurement, maximum 500000 samples at 1000ms with 0 rampup samples'
ptd-server 2023-02-24 19:27:53,877 [INFO] Sending reply to client 'OK'
ptd-server 2023-02-24 19:39:26,103 [INFO] Got command from the client 'session,2023-02-24_19-27-25,stop,ranging'
ptd-server 2023-02-24 19:39:36,114 [INFO] Sending to ptd: 'Stop'
ptd-server 2023-02-24 19:39:36,115 [INFO] Reply from ptd: 'Stopping untimed measurement'
ptd-server 2023-02-24 19:39:36,235 [INFO] Sending reply to client 'OK'
ptd-server 2023-02-24 19:39:36,286 [INFO] Got command from the client 'time'
ptd-server 2023-02-24 19:39:36,286 [INFO] Sending reply to client '1677267576.2861817'
ptd-server 2023-02-24 19:39:36,290 [INFO] Got command from the client 'session,2023-02-24_19-27-25,start,testing'
ptd-server 2023-02-24 19:39:36,290 [INFO] Sending to ptd: 'SR,V,250.000000'
ptd-server 2023-02-24 19:39:38,380 [INFO] Reply from ptd: 'Range V changed'
ptd-server 2023-02-24 19:39:38,381 [INFO] Sending to ptd: 'SR,A,0.245020'
ptd-server 2023-02-24 19:39:39,884 [INFO] Reply from ptd: 'Range A changed'
ptd-server 2023-02-24 19:39:49,895 [INFO] Starting testing mode
ptd-server 2023-02-24 19:39:49,895 [INFO] Sending to ptd: 'Go,1000,0,2023-02-24_19-27-25_testing'
ptd-server 2023-02-24 19:39:49,896 [INFO] Reply from ptd: 'Starting untimed measurement, maximum 500000 samples at 1000ms with 0 rampup samples'
ptd-server 2023-02-24 19:39:49,896 [INFO] Sending reply to client 'OK'
ptd-server 2023-02-24 19:51:20,960 [INFO] Got command from the client 'session,2023-02-24_19-27-25,stop,testing'
ptd-server 2023-02-24 19:51:30,971 [INFO] Sending to ptd: 'Stop'
ptd-server 2023-02-24 19:51:30,972 [INFO] Reply from ptd: 'Stopping untimed measurement'
ptd-server 2023-02-24 19:51:31,033 [INFO] Sending reply to client 'OK'
ptd-server 2023-02-24 19:51:31,049 [INFO] Got command from the client 'session,2023-02-24_19-27-25,done'
ptd-server 2023-02-24 19:51:31,050 [INFO] Sending to ptd: 'Stop'
ptd-server 2023-02-24 19:51:31,898 [INFO] Reply from ptd: 'Error: no measurement to stop'
ptd-server 2023-02-24 19:51:31,898 [INFO] Sending to ptd: 'SR,V,600.000000'
ptd-server 2023-02-24 19:51:33,401 [INFO] Reply from ptd: 'Range V changed'
ptd-server 2023-02-24 19:51:33,402 [INFO] Sending to ptd: 'SR,A,0.100000'
ptd-server 2023-02-24 19:51:34,905 [INFO] Reply from ptd: 'Range A changed'
ptd-server 2023-02-24 19:51:34,905 [INFO] Set initial values for Amps 0.100000 and Volts 600.000000
ptd-server 2023-02-24 19:51:34,905 [INFO] Stopping ptd...
