ptd-server 2023-02-24 07:23:54,469 [INFO] Got command from the client 'time'
ptd-server 2023-02-24 07:23:54,469 [INFO] Sending reply to client '1677223434.4694679'
ptd-server 2023-02-24 07:23:54,470 [INFO] Got command from the client 'new,,1f9d1049-b84c-4f2f-83b5-1ed87e784f8e'
ptd-server 2023-02-24 07:23:54,471 [INFO] Sending reply to client 'OK 2023-02-24_07-23-54,a7e8033a-6a47-4f09-9edb-a8e24f2fc0bb'
ptd-server 2023-02-24 07:23:54,491 [INFO] Got command from the client 'time'
ptd-server 2023-02-24 07:23:54,492 [INFO] Sending reply to client '1677223434.4920776'
ptd-server 2023-02-24 07:23:54,493 [INFO] Got command from the client 'session,2023-02-24_07-23-54,start,ranging'
ptd-server 2023-02-24 07:23:54,493 [INFO] Running PTDaemon: ['/home/anton/projects/mlperf/power/inference_v1.0/ptd-linux-x86', '-l', '/tmp/tmp4yl1neqp/ptd_logfile.txt', '-p', '8888', '49', '/dev/usbtmc0']
ptd-server 2023-02-24 07:24:11,566 [INFO] Sending to ptd: 'Hello'
ptd-server 2023-02-24 07:24:11,567 [INFO] Reply from ptd: 'Hello, PTDaemon here!'
ptd-server 2023-02-24 07:24:11,567 [INFO] Sending to ptd: 'Identify'
ptd-server 2023-02-24 07:24:11,568 [INFO] Reply from ptd: 'YokogawaWT310E,1000,1,1,1,1,0,1,1,version=1.10.0-ed9a21d2-20220817,OS=Linux 5.15.0-60-generic #66~20.04.1-Ubuntu SMP Wed Jan 25 09:41:30 UTC 2023 x86_64,mode=power,1,1,1,0,0,no_cal_date,YOKOGAWA;WT310E;C3XA04010E;F1.04'
ptd-server 2023-02-24 07:24:11,568 [INFO] Connected to PTDaemon
ptd-server 2023-02-24 07:24:11,568 [INFO] Sending to ptd: 'RR'
ptd-server 2023-02-24 07:24:11,568 [INFO] Reply from ptd: 'Ranges,1,0.100000,1,300.000000'
ptd-server 2023-02-24 07:24:11,569 [INFO] Initial range for Amps is Auto for Volts is Auto
ptd-server 2023-02-24 07:24:11,569 [INFO] Sending to ptd: 'SR,V,Auto'
ptd-server 2023-02-24 07:24:12,071 [INFO] Reply from ptd: 'Range V changed'
ptd-server 2023-02-24 07:24:12,071 [INFO] Sending to ptd: 'SR,A,Auto'
ptd-server 2023-02-24 07:24:12,574 [INFO] Reply from ptd: 'Range A changed'
ptd-server 2023-02-24 07:24:22,584 [INFO] Starting ranging mode
ptd-server 2023-02-24 07:24:22,584 [INFO] Sending to ptd: 'Go,1000,0,2023-02-24_07-23-54_ranging'
ptd-server 2023-02-24 07:24:22,585 [INFO] Reply from ptd: 'Starting untimed measurement, maximum 500000 samples at 1000ms with 0 rampup samples'
ptd-server 2023-02-24 07:24:22,585 [INFO] Sending reply to client 'OK'
ptd-server 2023-02-24 07:34:38,872 [INFO] Got command from the client 'session,2023-02-24_07-23-54,stop,ranging'
ptd-server 2023-02-24 07:34:48,882 [INFO] Sending to ptd: 'Stop'
ptd-server 2023-02-24 07:34:48,883 [INFO] Reply from ptd: 'Stopping untimed measurement'
ptd-server 2023-02-24 07:34:49,501 [INFO] Sending reply to client 'OK'
ptd-server 2023-02-24 07:34:49,572 [INFO] Got command from the client 'time'
ptd-server 2023-02-24 07:34:49,572 [INFO] Sending reply to client '1677224089.5723252'
ptd-server 2023-02-24 07:34:49,573 [INFO] Got command from the client 'session,2023-02-24_07-23-54,start,testing'
ptd-server 2023-02-24 07:34:49,573 [INFO] Sending to ptd: 'SR,V,249.850000'
ptd-server 2023-02-24 07:34:51,086 [INFO] Reply from ptd: 'Range V changed'
ptd-server 2023-02-24 07:34:51,086 [INFO] Sending to ptd: 'SR,A,0.050910'
ptd-server 2023-02-24 07:34:52,588 [INFO] Reply from ptd: 'Range A changed'
ptd-server 2023-02-24 07:35:02,598 [INFO] Starting testing mode
ptd-server 2023-02-24 07:35:02,598 [INFO] Sending to ptd: 'Go,1000,0,2023-02-24_07-23-54_testing'
ptd-server 2023-02-24 07:35:02,599 [INFO] Reply from ptd: 'Starting untimed measurement, maximum 500000 samples at 1000ms with 0 rampup samples'
ptd-server 2023-02-24 07:35:02,599 [INFO] Sending reply to client 'OK'
ptd-server 2023-02-24 07:45:18,850 [INFO] Got command from the client 'session,2023-02-24_07-23-54,stop,testing'
ptd-server 2023-02-24 07:45:28,861 [INFO] Sending to ptd: 'Stop'
ptd-server 2023-02-24 07:45:28,861 [INFO] Reply from ptd: 'Stopping untimed measurement'
ptd-server 2023-02-24 07:45:29,186 [INFO] Sending reply to client 'OK'
ptd-server 2023-02-24 07:45:29,194 [INFO] Got command from the client 'session,2023-02-24_07-23-54,done'
ptd-server 2023-02-24 07:45:29,194 [INFO] Sending to ptd: 'Stop'
ptd-server 2023-02-24 07:45:29,599 [INFO] Reply from ptd: 'Error: no measurement to stop'
ptd-server 2023-02-24 07:45:29,599 [INFO] Sending to ptd: 'SR,V,Auto'
ptd-server 2023-02-24 07:45:30,102 [INFO] Reply from ptd: 'Range V changed'
ptd-server 2023-02-24 07:45:30,102 [INFO] Sending to ptd: 'SR,A,Auto'
ptd-server 2023-02-24 07:45:30,605 [INFO] Reply from ptd: 'Range A changed'
ptd-server 2023-02-24 07:45:30,605 [INFO] Set initial values for Amps Auto and Volts Auto
ptd-server 2023-02-24 07:45:30,605 [INFO] Stopping ptd...
