ptd-server 2023-02-23 14:34:44,331 [INFO] Got command from the client 'time'
ptd-server 2023-02-23 14:34:44,331 [INFO] Sending reply to client '1677162884.3318148'
ptd-server 2023-02-23 14:34:44,333 [INFO] Got command from the client 'new,,ed54e5b9-dc3c-404f-ad8e-83e3e77e8266'
ptd-server 2023-02-23 14:34:44,333 [INFO] Sending reply to client 'OK 2023-02-23_14-34-44,ed404c43-e54d-414d-8a30-3a3c85e84d66'
ptd-server 2023-02-23 14:34:44,353 [INFO] Got command from the client 'time'
ptd-server 2023-02-23 14:34:44,353 [INFO] Sending reply to client '1677162884.3531446'
ptd-server 2023-02-23 14:34:44,354 [INFO] Got command from the client 'session,2023-02-23_14-34-44,start,ranging'
ptd-server 2023-02-23 14:34:44,354 [INFO] Running PTDaemon: ['/home/anton/projects/mlperf/power/inference_v1.0/ptd-linux-x86', '-l', '/tmp/tmp4yl1neqp/ptd_logfile.txt', '-p', '8888', '49', '/dev/usbtmc0']
ptd-server 2023-02-23 14:35:01,426 [INFO] Sending to ptd: 'Hello'
ptd-server 2023-02-23 14:35:01,427 [INFO] Reply from ptd: 'Hello, PTDaemon here!'
ptd-server 2023-02-23 14:35:01,427 [INFO] Sending to ptd: 'Identify'
ptd-server 2023-02-23 14:35:01,428 [INFO] Reply from ptd: 'YokogawaWT310E,1000,1,1,1,1,0,1,1,version=1.10.0-ed9a21d2-20220817,OS=Linux 5.15.0-60-generic #66~20.04.1-Ubuntu SMP Wed Jan 25 09:41:30 UTC 2023 x86_64,mode=power,1,1,1,0,0,no_cal_date,YOKOGAWA;WT310E;C3XA04010E;F1.04'
ptd-server 2023-02-23 14:35:01,428 [INFO] Connected to PTDaemon
ptd-server 2023-02-23 14:35:01,428 [INFO] Sending to ptd: 'RR'
ptd-server 2023-02-23 14:35:01,428 [INFO] Reply from ptd: 'Ranges,1,0.100000,1,300.000000'
ptd-server 2023-02-23 14:35:01,428 [INFO] Initial range for Amps is Auto for Volts is Auto
ptd-server 2023-02-23 14:35:01,428 [INFO] Sending to ptd: 'SR,V,Auto'
ptd-server 2023-02-23 14:35:01,931 [INFO] Reply from ptd: 'Range V changed'
ptd-server 2023-02-23 14:35:01,931 [INFO] Sending to ptd: 'SR,A,Auto'
ptd-server 2023-02-23 14:35:02,433 [INFO] Reply from ptd: 'Range A changed'
ptd-server 2023-02-23 14:35:12,444 [INFO] Starting ranging mode
ptd-server 2023-02-23 14:35:12,444 [INFO] Sending to ptd: 'Go,1000,0,2023-02-23_14-34-44_ranging'
ptd-server 2023-02-23 14:35:12,444 [INFO] Reply from ptd: 'Starting untimed measurement, maximum 500000 samples at 1000ms with 0 rampup samples'
ptd-server 2023-02-23 14:35:12,445 [INFO] Sending reply to client 'OK'
ptd-server 2023-02-23 14:45:28,854 [INFO] Got command from the client 'session,2023-02-23_14-34-44,stop,ranging'
ptd-server 2023-02-23 14:45:38,864 [INFO] Sending to ptd: 'Stop'
ptd-server 2023-02-23 14:45:38,864 [INFO] Reply from ptd: 'Stopping untimed measurement'
ptd-server 2023-02-23 14:45:39,430 [INFO] Sending reply to client 'OK'
ptd-server 2023-02-23 14:45:39,470 [INFO] Got command from the client 'time'
ptd-server 2023-02-23 14:45:39,471 [INFO] Sending reply to client '1677163539.4710147'
ptd-server 2023-02-23 14:45:39,471 [INFO] Got command from the client 'session,2023-02-23_14-34-44,start,testing'
ptd-server 2023-02-23 14:45:39,472 [INFO] Sending to ptd: 'SR,V,251.220000'
ptd-server 2023-02-23 14:45:40,973 [INFO] Reply from ptd: 'Range V changed'
ptd-server 2023-02-23 14:45:40,973 [INFO] Sending to ptd: 'SR,A,0.050070'
ptd-server 2023-02-23 14:45:42,474 [INFO] Reply from ptd: 'Range A changed'
ptd-server 2023-02-23 14:45:52,485 [INFO] Starting testing mode
ptd-server 2023-02-23 14:45:52,485 [INFO] Sending to ptd: 'Go,1000,0,2023-02-23_14-34-44_testing'
ptd-server 2023-02-23 14:45:52,485 [INFO] Reply from ptd: 'Starting untimed measurement, maximum 500000 samples at 1000ms with 0 rampup samples'
ptd-server 2023-02-23 14:45:52,486 [INFO] Sending reply to client 'OK'
ptd-server 2023-02-23 14:56:08,782 [INFO] Got command from the client 'session,2023-02-23_14-34-44,stop,testing'
ptd-server 2023-02-23 14:56:18,792 [INFO] Sending to ptd: 'Stop'
ptd-server 2023-02-23 14:56:18,793 [INFO] Reply from ptd: 'Stopping untimed measurement'
ptd-server 2023-02-23 14:56:19,075 [INFO] Sending reply to client 'OK'
ptd-server 2023-02-23 14:56:19,083 [INFO] Got command from the client 'session,2023-02-23_14-34-44,done'
ptd-server 2023-02-23 14:56:19,083 [INFO] Sending to ptd: 'Stop'
ptd-server 2023-02-23 14:56:19,486 [INFO] Reply from ptd: 'Error: no measurement to stop'
ptd-server 2023-02-23 14:56:19,486 [INFO] Sending to ptd: 'SR,V,Auto'
ptd-server 2023-02-23 14:56:19,989 [INFO] Reply from ptd: 'Range V changed'
ptd-server 2023-02-23 14:56:19,989 [INFO] Sending to ptd: 'SR,A,Auto'
ptd-server 2023-02-23 14:56:20,491 [INFO] Reply from ptd: 'Range A changed'
ptd-server 2023-02-23 14:56:20,491 [INFO] Set initial values for Amps Auto and Volts Auto
ptd-server 2023-02-23 14:56:20,492 [INFO] Stopping ptd...
