ptd-server 2023-02-21 20:20:26,468 [INFO] Got command from the client 'time'
ptd-server 2023-02-21 20:20:26,468 [INFO] Sending reply to client '1677010826.4686246'
ptd-server 2023-02-21 20:20:26,469 [INFO] Got command from the client 'new,,bb1eace4-f543-46f6-b122-e34879261b28'
ptd-server 2023-02-21 20:20:26,470 [INFO] Sending reply to client 'OK 2023-02-21_20-20-26,52f27544-d94e-4a3c-8831-e9e9bec2bf9b'
ptd-server 2023-02-21 20:20:26,592 [INFO] Got command from the client 'time'
ptd-server 2023-02-21 20:20:26,592 [INFO] Sending reply to client '1677010826.5924668'
ptd-server 2023-02-21 20:20:26,593 [INFO] Got command from the client 'session,2023-02-21_20-20-26,start,ranging'
ptd-server 2023-02-21 20:20:26,593 [INFO] Running PTDaemon: ['/home/anton/projects/mlperf/power/inference_v1.0/ptd-linux-x86', '-l', '/tmp/tmp4yl1neqp/ptd_logfile.txt', '-p', '8888', '49', '/dev/usbtmc0']
ptd-server 2023-02-21 20:20:43,668 [INFO] Sending to ptd: 'Hello'
ptd-server 2023-02-21 20:20:43,669 [INFO] Reply from ptd: 'Hello, PTDaemon here!'
ptd-server 2023-02-21 20:20:43,669 [INFO] Sending to ptd: 'Identify'
ptd-server 2023-02-21 20:20:43,669 [INFO] Reply from ptd: 'YokogawaWT310E,1000,1,1,1,1,0,1,1,version=1.10.0-ed9a21d2-20220817,OS=Linux 5.15.0-60-generic #66~20.04.1-Ubuntu SMP Wed Jan 25 09:41:30 UTC 2023 x86_64,mode=power,1,1,1,0,0,no_cal_date,YOKOGAWA;WT310E;C3XA04010E;F1.04'
ptd-server 2023-02-21 20:20:43,669 [INFO] Connected to PTDaemon
ptd-server 2023-02-21 20:20:43,669 [INFO] Sending to ptd: 'RR'
ptd-server 2023-02-21 20:20:43,670 [INFO] Reply from ptd: 'Ranges,1,0.100000,1,300.000000'
ptd-server 2023-02-21 20:20:43,670 [INFO] Initial range for Amps is Auto for Volts is Auto
ptd-server 2023-02-21 20:20:43,670 [INFO] Sending to ptd: 'SR,V,Auto'
ptd-server 2023-02-21 20:20:44,172 [INFO] Reply from ptd: 'Range V changed'
ptd-server 2023-02-21 20:20:44,173 [INFO] Sending to ptd: 'SR,A,Auto'
ptd-server 2023-02-21 20:20:44,675 [INFO] Reply from ptd: 'Range A changed'
ptd-server 2023-02-21 20:20:54,685 [INFO] Starting ranging mode
ptd-server 2023-02-21 20:20:54,686 [INFO] Sending to ptd: 'Go,1000,0,2023-02-21_20-20-26_ranging'
ptd-server 2023-02-21 20:20:54,686 [INFO] Reply from ptd: 'Starting untimed measurement, maximum 500000 samples at 1000ms with 0 rampup samples'
ptd-server 2023-02-21 20:20:54,686 [INFO] Sending reply to client 'OK'
ptd-server 2023-02-21 20:31:14,243 [INFO] Got command from the client 'session,2023-02-21_20-20-26,stop,ranging'
ptd-server 2023-02-21 20:31:24,253 [INFO] Sending to ptd: 'Stop'
ptd-server 2023-02-21 20:31:24,254 [INFO] Reply from ptd: 'Stopping untimed measurement'
ptd-server 2023-02-21 20:31:24,601 [INFO] Sending reply to client 'OK'
ptd-server 2023-02-21 20:31:24,717 [INFO] Got command from the client 'time'
ptd-server 2023-02-21 20:31:24,718 [INFO] Sending reply to client '1677011484.7180827'
ptd-server 2023-02-21 20:31:24,719 [INFO] Got command from the client 'session,2023-02-21_20-20-26,start,testing'
ptd-server 2023-02-21 20:31:24,719 [INFO] Sending to ptd: 'SR,V,252.810000'
ptd-server 2023-02-21 20:31:26,220 [INFO] Reply from ptd: 'Range V changed'
ptd-server 2023-02-21 20:31:26,220 [INFO] Sending to ptd: 'SR,A,0.047530'
ptd-server 2023-02-21 20:31:27,722 [INFO] Reply from ptd: 'Range A changed'
ptd-server 2023-02-21 20:31:37,732 [INFO] Starting testing mode
ptd-server 2023-02-21 20:31:37,732 [INFO] Sending to ptd: 'Go,1000,0,2023-02-21_20-20-26_testing'
ptd-server 2023-02-21 20:31:37,733 [INFO] Reply from ptd: 'Starting untimed measurement, maximum 500000 samples at 1000ms with 0 rampup samples'
ptd-server 2023-02-21 20:31:37,733 [INFO] Sending reply to client 'OK'
ptd-server 2023-02-21 20:41:57,263 [INFO] Got command from the client 'session,2023-02-21_20-20-26,stop,testing'
ptd-server 2023-02-21 20:42:07,273 [INFO] Sending to ptd: 'Stop'
ptd-server 2023-02-21 20:42:07,274 [INFO] Reply from ptd: 'Stopping untimed measurement'
ptd-server 2023-02-21 20:42:07,464 [INFO] Sending reply to client 'OK'
ptd-server 2023-02-21 20:42:07,472 [INFO] Got command from the client 'session,2023-02-21_20-20-26,done'
ptd-server 2023-02-21 20:42:07,472 [INFO] Sending to ptd: 'Stop'
ptd-server 2023-02-21 20:42:07,734 [INFO] Reply from ptd: 'Error: no measurement to stop'
ptd-server 2023-02-21 20:42:07,734 [INFO] Sending to ptd: 'SR,V,Auto'
ptd-server 2023-02-21 20:42:08,236 [INFO] Reply from ptd: 'Range V changed'
ptd-server 2023-02-21 20:42:08,237 [INFO] Sending to ptd: 'SR,A,Auto'
ptd-server 2023-02-21 20:42:08,739 [INFO] Reply from ptd: 'Range A changed'
ptd-server 2023-02-21 20:42:08,739 [INFO] Set initial values for Amps Auto and Volts Auto
ptd-server 2023-02-21 20:42:08,739 [INFO] Stopping ptd...
