client 2023-02-27 19:14:12,199 [INFO] Creating output directory '/home/arjun/mobilenet_results/valid_results/arjun_orin-tflite_armnn_cpp-cpu-armnn_tflite-v22.11-using_neon/mobilenet-v1-precision_uint8-1.0-128/singlestream/performance/tmp_power'
client 2023-02-27 19:14:12,412 [INFO] Sending command to the server: 'mlcommons/power client v3'
client 2023-02-27 19:14:12,416 [INFO] Got response: 'mlcommons/power server v3'
client 2023-02-27 19:14:12,416 [INFO] Synchronizing with the server and with time.google.com...
client 2023-02-27 19:14:12,441 [INFO] NTP:offset = 0.003 s, delay = 0.014 s 
client 2023-02-27 19:14:12,441 [INFO] Sending command to the server: 'time'
client 2023-02-27 19:14:12,444 [INFO] Got response: '1677525252.450986'
client 2023-02-27 19:14:12,444 [INFO] The time difference between the client and the server is within range -9.478 ms..-6.146 ms
client 2023-02-27 19:14:12,445 [INFO] Sending command to the server: 'new,,e3ca1b90-69fb-455a-bd85-cfd7ae177765'
client 2023-02-27 19:14:12,449 [INFO] Got response: 'OK 2023-02-27_19-14-12,39bf717b-66bb-43a7-9b15-3b786e652a2d'
client 2023-02-27 19:14:12,449 [INFO] Session id is '2023-02-27_19-14-12'
client 2023-02-27 19:14:12,449 [INFO] Sources: {"sources": {"__init__.py": "da39a3ee5e6b4b0d3255bfef95601890afd80709", "client.py": "33ca4f26368777ac06e01f9567b714a4b8063886", "lib/__init__.py": "da39a3ee5e6b4b0d3255bfef95601890afd80709", "lib/client.py": "4c2b78fb4849a7e5b584ef792d82aaed20b17f57", "lib/common.py": "624d0c0acc7c39aaff3674f0b99d6a09da53d1dc", "lib/external/__init__.py": "da39a3ee5e6b4b0d3255bfef95601890afd80709", "lib/external/ntplib.py": "4da8f970656505a40483206ef2b5d3dd5e81711d", "lib/server.py": "cda0cdfaee9bfa1249c64a7dd4f89b7bf1b279f0", "lib/source_hashes.py": "60a2e02193209e8d392803326208d5466342da18", "lib/summary.py": "aa92f0a3f975eecd44d3c0cd0236342ccc9f941d", "lib/time_sync.py": "3210db56eb0ff0df57bf4293dc4d4b03fffd46f1", "server.py": "c3f90f2f7eeb4db30727556d0c815ebc89b3d28b", "tests/unit/__init__.py": "da39a3ee5e6b4b0d3255bfef95601890afd80709", "tests/unit/test_server.py": "99ae15aef722f2000ee6ed1ae1523637bf1ae42b", "tests/unit/test_source_hashes.py": "00468a2907583c593e6574a1f6b404e4651c221a"}, "modules": {"ptd_client_server.lib.client": "lib/client.py", "ptd_client_server.lib.common": "lib/common.py", "ptd_client_server.lib.external.ntplib": "lib/external/ntplib.py", "ptd_client_server.lib.source_hashes": "lib/source_hashes.py", "ptd_client_server.lib.summary": "lib/summary.py", "ptd_client_server.lib.time_sync": "lib/time_sync.py"}}
client 2023-02-27 19:14:12,450 [INFO] Running workload in ranging mode
client 2023-02-27 19:14:12,450 [INFO] Synchronizing with the server and with time.google.com...
client 2023-02-27 19:14:12,472 [INFO] NTP:offset = 0.003 s, delay = 0.019 s 
client 2023-02-27 19:14:12,473 [INFO] Sending command to the server: 'time'
client 2023-02-27 19:14:12,477 [INFO] Got response: '1677525252.4828947'
client 2023-02-27 19:14:12,477 [INFO] The time difference between the client and the server is within range -9.736 ms..-4.969 ms
client 2023-02-27 19:14:12,478 [INFO] Sending command to the server: 'session,2023-02-27_19-14-12,start,ranging'
client 2023-02-27 19:14:40,609 [INFO] Got response: 'OK'
client 2023-02-27 19:14:40,610 [INFO] Running the workload '/home/arjun/run.out'
client 2023-02-27 19:26:16,872 [INFO] Sending command to the server: 'session,2023-02-27_19-14-12,stop,ranging'
client 2023-02-27 19:26:27,205 [INFO] Got response: 'OK'
client 2023-02-27 19:26:27,225 [INFO] Copying loadgen logs from '/home/arjun/mobilenet_results/valid_results/arjun_orin-tflite_armnn_cpp-cpu-armnn_tflite-v22.11-using_neon/mobilenet-v1-precision_uint8-1.0-128/singlestream/performance/run_1' to '/home/arjun/mobilenet_results/valid_results/arjun_orin-tflite_armnn_cpp-cpu-armnn_tflite-v22.11-using_neon/mobilenet-v1-precision_uint8-1.0-128/singlestream/performance/tmp_power/ranging'
client 2023-02-27 19:26:27,226 [INFO] Running workload in testing mode
client 2023-02-27 19:26:27,226 [INFO] Synchronizing with the server and with time.google.com...
client 2023-02-27 19:26:27,250 [INFO] NTP:offset = 0.005 s, delay = 0.019 s 
client 2023-02-27 19:26:27,250 [INFO] Sending command to the server: 'time'
client 2023-02-27 19:26:27,253 [INFO] Got response: '1677525987.2583997'
client 2023-02-27 19:26:27,253 [INFO] The time difference between the client and the server is within range -7.994 ms..-5.012 ms
client 2023-02-27 19:26:27,253 [INFO] Sending command to the server: 'session,2023-02-27_19-14-12,start,testing'
client 2023-02-27 19:26:40,629 [INFO] Got response: 'OK'
client 2023-02-27 19:26:40,630 [INFO] Running the workload '/home/arjun/run.out'
client 2023-02-27 19:38:18,634 [INFO] Sending command to the server: 'session,2023-02-27_19-14-12,stop,testing'
client 2023-02-27 19:38:28,785 [INFO] Got response: 'OK'
client 2023-02-27 19:38:28,787 [INFO] Copying loadgen logs from '/home/arjun/mobilenet_results/valid_results/arjun_orin-tflite_armnn_cpp-cpu-armnn_tflite-v22.11-using_neon/mobilenet-v1-precision_uint8-1.0-128/singlestream/performance/run_1' to '/home/arjun/mobilenet_results/valid_results/arjun_orin-tflite_armnn_cpp-cpu-armnn_tflite-v22.11-using_neon/mobilenet-v1-precision_uint8-1.0-128/singlestream/performance/tmp_power/run_1'
client 2023-02-27 19:38:28,789 [INFO] Done runs
