ptd-server 2023-03-03 11:06:51,174 [INFO] Got command from the client 'time'
ptd-server 2023-03-03 11:06:51,175 [INFO] Sending reply to client '1677863211.1751347'
ptd-server 2023-03-03 11:06:51,176 [INFO] Got command from the client 'new,,05aba8c6-14d3-419b-a33d-8a80b151d592'
ptd-server 2023-03-03 11:06:51,176 [INFO] Sending reply to client 'OK 2023-03-03_11-06-51,1c4d6fb0-7599-4a71-a85f-4fe97ff178e1'
ptd-server 2023-03-03 11:06:51,276 [INFO] Got command from the client 'time'
ptd-server 2023-03-03 11:06:51,277 [INFO] Sending reply to client '1677863211.277107'
ptd-server 2023-03-03 11:06:51,278 [INFO] Got command from the client 'session,2023-03-03_11-06-51,start,ranging'
ptd-server 2023-03-03 11:06:51,278 [INFO] Running PTDaemon: ['/local/mnt/workspace/mlcommons/power-main/inference_v1.0/ptd-linux-x86', '-l', '/tmp/tmpqwe09ni1/ptd_logfile.txt', '-p', '8888', '49', '/dev/usbtmc0']
ptd-server 2023-03-03 11:07:08,302 [INFO] Sending to ptd: 'Hello'
ptd-server 2023-03-03 11:07:08,303 [INFO] Reply from ptd: 'Hello, PTDaemon here!'
ptd-server 2023-03-03 11:07:08,303 [INFO] Sending to ptd: 'Identify'
ptd-server 2023-03-03 11:07:08,304 [INFO] Reply from ptd: 'YokogawaWT310E,1000,1,1,1,1,0,1,1,version=1.10.0-ed9a21d2-20220817,OS=Linux 4.15.0-188-generic #199-Ubuntu SMP Wed Jun 15 20:42:56 UTC 2022 x86_64,mode=power,1,1,1,0,0,no_cal_date,YOKOGAWA;WT310E;C2XF16028V;F1.04'
ptd-server 2023-03-03 11:07:08,304 [INFO] Connected to PTDaemon
ptd-server 2023-03-03 11:07:08,304 [INFO] Sending to ptd: 'RR'
ptd-server 2023-03-03 11:07:08,305 [INFO] Reply from ptd: 'Ranges,1,5.000000,1,150.000000'
ptd-server 2023-03-03 11:07:08,305 [INFO] Initial range for Amps is Auto for Volts is Auto
ptd-server 2023-03-03 11:07:08,305 [INFO] Sending to ptd: 'SR,V,Auto'
ptd-server 2023-03-03 11:07:08,809 [INFO] Reply from ptd: 'Range V changed'
ptd-server 2023-03-03 11:07:08,809 [INFO] Sending to ptd: 'SR,A,Auto'
ptd-server 2023-03-03 11:07:09,312 [INFO] Reply from ptd: 'Range A changed'
ptd-server 2023-03-03 11:07:19,323 [INFO] Starting ranging mode
ptd-server 2023-03-03 11:07:19,323 [INFO] Sending to ptd: 'Go,1000,0,2023-03-03_11-06-51_ranging'
ptd-server 2023-03-03 11:07:19,324 [INFO] Reply from ptd: 'Starting untimed measurement, maximum 500000 samples at 1000ms with 0 rampup samples'
ptd-server 2023-03-03 11:07:19,324 [INFO] Sending reply to client 'OK'
ptd-server 2023-03-03 11:20:39,553 [INFO] Got command from the client 'session,2023-03-03_11-06-51,stop,ranging'
ptd-server 2023-03-03 11:20:49,563 [INFO] Sending to ptd: 'Stop'
ptd-server 2023-03-03 11:20:49,564 [INFO] Reply from ptd: 'Stopping untimed measurement'
ptd-server 2023-03-03 11:20:49,663 [INFO] Sending reply to client 'OK'
ptd-server 2023-03-03 11:20:49,771 [INFO] Got command from the client 'time'
ptd-server 2023-03-03 11:20:49,772 [INFO] Sending reply to client '1677864049.77222'
ptd-server 2023-03-03 11:20:49,773 [INFO] Got command from the client 'session,2023-03-03_11-06-51,start,testing'
ptd-server 2023-03-03 11:20:49,773 [INFO] Sending to ptd: 'SR,V,119.520000'
ptd-server 2023-03-03 11:20:51,826 [INFO] Reply from ptd: 'Range V changed'
ptd-server 2023-03-03 11:20:51,826 [INFO] Sending to ptd: 'SR,A,6.779000'
ptd-server 2023-03-03 11:20:53,328 [INFO] Reply from ptd: 'Range A changed'
ptd-server 2023-03-03 11:21:03,339 [INFO] Starting testing mode
ptd-server 2023-03-03 11:21:03,339 [INFO] Sending to ptd: 'Go,1000,0,2023-03-03_11-06-51_testing'
ptd-server 2023-03-03 11:21:03,340 [INFO] Reply from ptd: 'Starting untimed measurement, maximum 500000 samples at 1000ms with 0 rampup samples'
ptd-server 2023-03-03 11:21:03,340 [INFO] Sending reply to client 'OK'
ptd-server 2023-03-03 11:34:23,846 [INFO] Got command from the client 'session,2023-03-03_11-06-51,stop,testing'
ptd-server 2023-03-03 11:34:33,857 [INFO] Sending to ptd: 'Stop'
ptd-server 2023-03-03 11:34:33,858 [INFO] Reply from ptd: 'Stopping untimed measurement'
ptd-server 2023-03-03 11:34:33,916 [INFO] Sending reply to client 'OK'
ptd-server 2023-03-03 11:34:33,922 [INFO] Got command from the client 'session,2023-03-03_11-06-51,done'
ptd-server 2023-03-03 11:34:33,922 [INFO] Sending to ptd: 'Stop'
ptd-server 2023-03-03 11:34:34,341 [INFO] Reply from ptd: 'Error: no measurement to stop'
ptd-server 2023-03-03 11:34:34,341 [INFO] Sending to ptd: 'SR,V,Auto'
ptd-server 2023-03-03 11:34:34,844 [INFO] Reply from ptd: 'Range V changed'
ptd-server 2023-03-03 11:34:34,845 [INFO] Sending to ptd: 'SR,A,Auto'
ptd-server 2023-03-03 11:34:35,348 [INFO] Reply from ptd: 'Range A changed'
ptd-server 2023-03-03 11:34:35,348 [INFO] Set initial values for Amps Auto and Volts Auto
ptd-server 2023-03-03 11:34:35,348 [INFO] Stopping ptd...
