ptd-server 2023-02-25 01:51:11,099 [INFO] Got command from the client 'time'
ptd-server 2023-02-25 01:51:11,099 [INFO] Sending reply to client '1677289871.0995994'
ptd-server 2023-02-25 01:51:11,100 [INFO] Got command from the client 'new,,92ca6dba-d963-4429-af8c-5cbafdbb1010'
ptd-server 2023-02-25 01:51:11,101 [INFO] Sending reply to client 'OK 2023-02-25_01-51-11,2718377c-e031-459f-a0d5-7e789d0485da'
ptd-server 2023-02-25 01:51:11,162 [INFO] Got command from the client 'time'
ptd-server 2023-02-25 01:51:11,162 [INFO] Sending reply to client '1677289871.1628199'
ptd-server 2023-02-25 01:51:11,163 [INFO] Got command from the client 'session,2023-02-25_01-51-11,start,ranging'
ptd-server 2023-02-25 01:51:11,164 [INFO] Running PTDaemon: ['/home/anton/projects/mlperf/power/inference_v1.0/ptd-linux-x86', '-l', '/tmp/tmpu4v721n6/ptd_logfile.txt', '-p', '8888', '49', '/dev/usbtmc0']
ptd-server 2023-02-25 01:51:28,250 [INFO] Sending to ptd: 'Hello'
ptd-server 2023-02-25 01:51:28,251 [INFO] Reply from ptd: 'Hello, PTDaemon here!'
ptd-server 2023-02-25 01:51:28,251 [INFO] Sending to ptd: 'Identify'
ptd-server 2023-02-25 01:51:28,251 [INFO] Reply from ptd: 'YokogawaWT310E,1000,1,1,1,1,0,1,1,version=1.10.0-ed9a21d2-20220817,OS=Linux 5.15.0-60-generic #66~20.04.1-Ubuntu SMP Wed Jan 25 09:41:30 UTC 2023 x86_64,mode=power,1,1,1,0,0,no_cal_date,YOKOGAWA;WT310E;C3XA04010E;F1.04'
ptd-server 2023-02-25 01:51:28,252 [INFO] Connected to PTDaemon
ptd-server 2023-02-25 01:51:28,252 [INFO] Sending to ptd: 'RR'
ptd-server 2023-02-25 01:51:28,252 [INFO] Reply from ptd: 'Ranges,0,0.100000,0,300.000000'
ptd-server 2023-02-25 01:51:28,252 [INFO] Initial range for Amps is 0.100000 for Volts is 300.000000
ptd-server 2023-02-25 01:51:28,252 [INFO] Sending to ptd: 'SR,V,Auto'
ptd-server 2023-02-25 01:51:28,755 [INFO] Reply from ptd: 'Range V changed'
ptd-server 2023-02-25 01:51:28,755 [INFO] Sending to ptd: 'SR,A,Auto'
ptd-server 2023-02-25 01:51:29,257 [INFO] Reply from ptd: 'Range A changed'
ptd-server 2023-02-25 01:51:39,268 [INFO] Starting ranging mode
ptd-server 2023-02-25 01:51:39,268 [INFO] Sending to ptd: 'Go,1000,0,2023-02-25_01-51-11_ranging'
ptd-server 2023-02-25 01:51:39,268 [INFO] Reply from ptd: 'Starting untimed measurement, maximum 500000 samples at 1000ms with 0 rampup samples'
ptd-server 2023-02-25 01:51:39,268 [INFO] Sending reply to client 'OK'
ptd-server 2023-02-25 02:01:55,692 [INFO] Got command from the client 'session,2023-02-25_01-51-11,stop,ranging'
ptd-server 2023-02-25 02:02:05,703 [INFO] Sending to ptd: 'Stop'
ptd-server 2023-02-25 02:02:05,703 [INFO] Reply from ptd: 'Stopping untimed measurement'
ptd-server 2023-02-25 02:02:05,728 [INFO] Sending reply to client 'OK'
ptd-server 2023-02-25 02:02:05,800 [INFO] Got command from the client 'time'
ptd-server 2023-02-25 02:02:05,801 [INFO] Sending reply to client '1677290525.8010983'
ptd-server 2023-02-25 02:02:05,802 [INFO] Got command from the client 'session,2023-02-25_01-51-11,start,testing'
ptd-server 2023-02-25 02:02:05,802 [INFO] Sending to ptd: 'SR,V,252.710000'
ptd-server 2023-02-25 02:02:07,770 [INFO] Reply from ptd: 'Range V changed'
ptd-server 2023-02-25 02:02:07,770 [INFO] Sending to ptd: 'SR,A,0.060580'
ptd-server 2023-02-25 02:02:09,271 [INFO] Reply from ptd: 'Range A changed'
ptd-server 2023-02-25 02:02:19,282 [INFO] Starting testing mode
ptd-server 2023-02-25 02:02:19,282 [INFO] Sending to ptd: 'Go,1000,0,2023-02-25_01-51-11_testing'
ptd-server 2023-02-25 02:02:19,282 [INFO] Reply from ptd: 'Starting untimed measurement, maximum 500000 samples at 1000ms with 0 rampup samples'
ptd-server 2023-02-25 02:02:19,282 [INFO] Sending reply to client 'OK'
ptd-server 2023-02-25 02:12:35,730 [INFO] Got command from the client 'session,2023-02-25_01-51-11,stop,testing'
ptd-server 2023-02-25 02:12:45,740 [INFO] Sending to ptd: 'Stop'
ptd-server 2023-02-25 02:12:45,741 [INFO] Reply from ptd: 'Stopping untimed measurement'
ptd-server 2023-02-25 02:12:45,754 [INFO] Sending reply to client 'OK'
ptd-server 2023-02-25 02:12:45,762 [INFO] Got command from the client 'session,2023-02-25_01-51-11,done'
ptd-server 2023-02-25 02:12:45,762 [INFO] Sending to ptd: 'Stop'
ptd-server 2023-02-25 02:12:46,283 [INFO] Reply from ptd: 'Error: no measurement to stop'
ptd-server 2023-02-25 02:12:46,283 [INFO] Sending to ptd: 'SR,V,300.000000'
ptd-server 2023-02-25 02:12:47,784 [INFO] Reply from ptd: 'Range V changed'
ptd-server 2023-02-25 02:12:47,784 [INFO] Sending to ptd: 'SR,A,0.100000'
ptd-server 2023-02-25 02:12:49,286 [INFO] Reply from ptd: 'Range A changed'
ptd-server 2023-02-25 02:12:49,286 [INFO] Set initial values for Amps 0.100000 and Volts 300.000000
ptd-server 2023-02-25 02:12:49,286 [INFO] Stopping ptd...
