client 2023-02-26 17:47:47,232 [INFO] Sending command to the server: 'mlcommons/power client v3'
client 2023-02-26 17:47:47,232 [INFO] Got response: 'mlcommons/power server v3'
client 2023-02-26 17:47:47,232 [INFO] Sending command to the server: 'stop'
client 2023-02-26 17:47:47,233 [INFO] Got response: 'OK'
client 2023-02-26 17:47:47,233 [INFO] Synchronizing with the server and with 192.168.123.123...
client 2023-02-26 17:47:47,235 [INFO] NTP:offset = 0.000 s, delay = 0.000 s 
client 2023-02-26 17:47:47,235 [INFO] Sending command to the server: 'time'
client 2023-02-26 17:47:47,236 [INFO] Got response: '1677433667.2307127'
client 2023-02-26 17:47:47,236 [INFO] The time difference between the client and the server is within range 4.884 ms..5.527 ms
client 2023-02-26 17:47:47,236 [INFO] Sending command to the server: 'new,,21f5a567-1945-4476-b8ea-db0da609e551'
client 2023-02-26 17:47:47,237 [INFO] Got response: 'OK 2023-02-26_17-47-47,d4b67cb7-025f-444d-9d0c-25ef11ee8216'
client 2023-02-26 17:47:47,237 [INFO] Session id is '2023-02-26_17-47-47'
client 2023-02-26 17:47:47,237 [INFO] Sources: {"sources": {"__init__.py": "da39a3ee5e6b4b0d3255bfef95601890afd80709", "client.py": "33ca4f26368777ac06e01f9567b714a4b8063886", "lib/__init__.py": "da39a3ee5e6b4b0d3255bfef95601890afd80709", "lib/client.py": "4c2b78fb4849a7e5b584ef792d82aaed20b17f57", "lib/common.py": "624d0c0acc7c39aaff3674f0b99d6a09da53d1dc", "lib/external/__init__.py": "da39a3ee5e6b4b0d3255bfef95601890afd80709", "lib/external/ntplib.py": "4da8f970656505a40483206ef2b5d3dd5e81711d", "lib/server.py": "cda0cdfaee9bfa1249c64a7dd4f89b7bf1b279f0", "lib/source_hashes.py": "60a2e02193209e8d392803326208d5466342da18", "lib/summary.py": "aa92f0a3f975eecd44d3c0cd0236342ccc9f941d", "lib/time_sync.py": "3210db56eb0ff0df57bf4293dc4d4b03fffd46f1", "server.py": "c3f90f2f7eeb4db30727556d0c815ebc89b3d28b", "tests/unit/__init__.py": "da39a3ee5e6b4b0d3255bfef95601890afd80709", "tests/unit/test_server.py": "99ae15aef722f2000ee6ed1ae1523637bf1ae42b", "tests/unit/test_source_hashes.py": "00468a2907583c593e6574a1f6b404e4651c221a"}, "modules": {"ptd_client_server.lib.client": "lib/client.py", "ptd_client_server.lib.common": "lib/common.py", "ptd_client_server.lib.external.ntplib": "lib/external/ntplib.py", "ptd_client_server.lib.source_hashes": "lib/source_hashes.py", "ptd_client_server.lib.summary": "lib/summary.py", "ptd_client_server.lib.time_sync": "lib/time_sync.py"}}
client 2023-02-26 17:47:47,237 [INFO] Running workload in ranging mode
client 2023-02-26 17:47:47,237 [INFO] Synchronizing with the server and with 192.168.123.123...
client 2023-02-26 17:47:47,238 [INFO] NTP:offset = 0.000 s, delay = 0.000 s 
client 2023-02-26 17:47:47,238 [INFO] Sending command to the server: 'time'
client 2023-02-26 17:47:47,239 [INFO] Got response: '1677433667.2333941'
client 2023-02-26 17:47:47,239 [INFO] The time difference between the client and the server is within range 5.093 ms..5.639 ms
client 2023-02-26 17:47:47,239 [INFO] Sending command to the server: 'session,2023-02-26_17-47-47,start,ranging'
client 2023-02-26 17:48:27,001 [INFO] Got response: 'OK'
client 2023-02-26 17:48:27,002 [INFO] Running the workload 'LOG_DIR=/work/build/power_logs_temp python3 -m code.main --benchmarks=3d-unet --scenarios=singlestream --config_ver=maxq_high_accuracy --action="run_harness" \\\n\t\t2>&1 | tee -a /work/build/power_logs/2023.02.26-17.47.24/stdout.txt \\\n\t\t&& if [ ! -d /work/build/power_logs/2023.02.26-17.47.24/ranging_tmp ]; \\\n\t\t\tthen mkdir /work/build/power_logs/2023.02.26-17.47.24/ranging_tmp \\\n\t\t\t\t&& mv /work/build/power_logs_temp/* /work/build/power_logs/2023.02.26-17.47.24/ranging_tmp/ \\\n\t\t\t\t&& cp -v /work/build/power_logs/2023.02.26-17.47.24/ranging_tmp/*/*/*/mlperf_log_detail.txt /work/build/power_logs_temp/ \\\n\t\t\t\t&& cp -v /work/build/power_logs/2023.02.26-17.47.24/ranging_tmp/*/*/*/mlperf_log_summary.txt /work/build/power_logs_temp/; \\\n\t\t\telse mkdir /work/build/power_logs/2023.02.26-17.47.24/testing_tmp \\\n\t\t\t\t&& mv /work/build/power_logs_temp/* /work/build/power_logs/2023.02.26-17.47.24/testing_tmp/ \\\n\t\t\t\t&& cp -v /work/build/power_logs/2023.02.26-17.47.24/testing_tmp/*/*/*/mlperf_log_detail.txt /work/build/power_logs_temp/ \\\n\t\t\t\t&& cp -v /work/build/power_logs/2023.02.26-17.47.24/testing_tmp/*/*/*/mlperf_log_summary.txt /work/build/power_logs_temp/; fi'
client 2023-02-26 18:21:24,748 [INFO] Sending command to the server: 'session,2023-02-26_17-47-47,stop,ranging'
client 2023-02-26 18:21:34,826 [INFO] Got response: 'OK'
client 2023-02-26 18:21:34,830 [INFO] Copying loadgen logs from '/work/build/power_logs_temp' to '/work/build/power_logs/2023.02.26-17.47.24/2023-02-26_17-47-47/ranging'
client 2023-02-26 18:21:34,832 [INFO] Running workload in testing mode
client 2023-02-26 18:21:34,832 [INFO] Synchronizing with the server and with 192.168.123.123...
client 2023-02-26 18:21:34,833 [INFO] NTP:offset = 0.000 s, delay = 0.000 s 
client 2023-02-26 18:21:34,833 [INFO] Sending command to the server: 'time'
client 2023-02-26 18:21:34,834 [INFO] Got response: '1677435694.753591'
client 2023-02-26 18:21:34,834 [INFO] The time difference between the client and the server is within range 80.020 ms..80.600 ms
client 2023-02-26 18:21:34,834 [INFO] Sending command to the server: 'session,2023-02-26_17-47-47,start,testing'
client 2023-02-26 18:21:56,752 [INFO] Got response: 'OK'
client 2023-02-26 18:21:56,752 [INFO] Running the workload 'LOG_DIR=/work/build/power_logs_temp python3 -m code.main --benchmarks=3d-unet --scenarios=singlestream --config_ver=maxq_high_accuracy --action="run_harness" \\\n\t\t2>&1 | tee -a /work/build/power_logs/2023.02.26-17.47.24/stdout.txt \\\n\t\t&& if [ ! -d /work/build/power_logs/2023.02.26-17.47.24/ranging_tmp ]; \\\n\t\t\tthen mkdir /work/build/power_logs/2023.02.26-17.47.24/ranging_tmp \\\n\t\t\t\t&& mv /work/build/power_logs_temp/* /work/build/power_logs/2023.02.26-17.47.24/ranging_tmp/ \\\n\t\t\t\t&& cp -v /work/build/power_logs/2023.02.26-17.47.24/ranging_tmp/*/*/*/mlperf_log_detail.txt /work/build/power_logs_temp/ \\\n\t\t\t\t&& cp -v /work/build/power_logs/2023.02.26-17.47.24/ranging_tmp/*/*/*/mlperf_log_summary.txt /work/build/power_logs_temp/; \\\n\t\t\telse mkdir /work/build/power_logs/2023.02.26-17.47.24/testing_tmp \\\n\t\t\t\t&& mv /work/build/power_logs_temp/* /work/build/power_logs/2023.02.26-17.47.24/testing_tmp/ \\\n\t\t\t\t&& cp -v /work/build/power_logs/2023.02.26-17.47.24/testing_tmp/*/*/*/mlperf_log_detail.txt /work/build/power_logs_temp/ \\\n\t\t\t\t&& cp -v /work/build/power_logs/2023.02.26-17.47.24/testing_tmp/*/*/*/mlperf_log_summary.txt /work/build/power_logs_temp/; fi'
client 2023-02-26 18:55:02,860 [INFO] Sending command to the server: 'session,2023-02-26_17-47-47,stop,testing'
client 2023-02-26 18:55:12,881 [INFO] Got response: 'OK'
client 2023-02-26 18:55:12,883 [INFO] Copying loadgen logs from '/work/build/power_logs_temp' to '/work/build/power_logs/2023.02.26-17.47.24/2023-02-26_17-47-47/run_1'
client 2023-02-26 18:55:12,886 [INFO] Done runs
