client 2023-02-28 04:46:51,368 [INFO] Sending command to the server: 'mlcommons/power client v3'
client 2023-02-28 04:46:51,370 [INFO] Got response: 'mlcommons/power server v3'
client 2023-02-28 04:46:51,370 [INFO] Sending command to the server: 'stop'
client 2023-02-28 04:46:51,372 [INFO] Got response: 'OK'
client 2023-02-28 04:46:51,372 [INFO] Synchronizing with the server and with 100.64.0.18...
client 2023-02-28 04:46:51,375 [INFO] NTP:offset = -0.000 s, delay = 0.001 s 
client 2023-02-28 04:46:51,376 [INFO] Sending command to the server: 'time'
client 2023-02-28 04:46:51,377 [INFO] Got response: '1677559611.376195'
client 2023-02-28 04:46:51,377 [INFO] The time difference between the client and the server is within range -0.163 ms..1.670 ms
client 2023-02-28 04:46:51,377 [INFO] Sending command to the server: 'new,,75fb5c22-21ed-48c3-87d7-64ea5c544301'
client 2023-02-28 04:46:51,383 [INFO] Got response: 'OK 2023-02-28_04-46-51,31403db9-c73d-49a0-838e-54c0a5ebfef5'
client 2023-02-28 04:46:51,383 [INFO] Session id is '2023-02-28_04-46-51'
client 2023-02-28 04:46:51,383 [INFO] Sources: {"sources": {"__init__.py": "da39a3ee5e6b4b0d3255bfef95601890afd80709", "client.py": "33ca4f26368777ac06e01f9567b714a4b8063886", "lib/__init__.py": "da39a3ee5e6b4b0d3255bfef95601890afd80709", "lib/client.py": "4c2b78fb4849a7e5b584ef792d82aaed20b17f57", "lib/common.py": "624d0c0acc7c39aaff3674f0b99d6a09da53d1dc", "lib/external/__init__.py": "da39a3ee5e6b4b0d3255bfef95601890afd80709", "lib/external/ntplib.py": "4da8f970656505a40483206ef2b5d3dd5e81711d", "lib/server.py": "cda0cdfaee9bfa1249c64a7dd4f89b7bf1b279f0", "lib/source_hashes.py": "60a2e02193209e8d392803326208d5466342da18", "lib/summary.py": "aa92f0a3f975eecd44d3c0cd0236342ccc9f941d", "lib/time_sync.py": "3210db56eb0ff0df57bf4293dc4d4b03fffd46f1", "server.py": "c3f90f2f7eeb4db30727556d0c815ebc89b3d28b", "tests/unit/__init__.py": "da39a3ee5e6b4b0d3255bfef95601890afd80709", "tests/unit/test_server.py": "99ae15aef722f2000ee6ed1ae1523637bf1ae42b", "tests/unit/test_source_hashes.py": "00468a2907583c593e6574a1f6b404e4651c221a"}, "modules": {"ptd_client_server.lib.client": "lib/client.py", "ptd_client_server.lib.common": "lib/common.py", "ptd_client_server.lib.external.ntplib": "lib/external/ntplib.py", "ptd_client_server.lib.source_hashes": "lib/source_hashes.py", "ptd_client_server.lib.summary": "lib/summary.py", "ptd_client_server.lib.time_sync": "lib/time_sync.py"}}
client 2023-02-28 04:46:51,384 [INFO] Running workload in ranging mode
client 2023-02-28 04:46:51,384 [INFO] Synchronizing with the server and with 100.64.0.18...
client 2023-02-28 04:46:51,385 [INFO] NTP:offset = -0.000 s, delay = 0.001 s 
client 2023-02-28 04:46:51,385 [INFO] Sending command to the server: 'time'
client 2023-02-28 04:46:51,387 [INFO] Got response: '1677559611.3854759'
client 2023-02-28 04:46:51,387 [INFO] The time difference between the client and the server is within range -0.108 ms..1.640 ms
client 2023-02-28 04:46:51,387 [INFO] Sending command to the server: 'session,2023-02-28_04-46-51,start,ranging'
client 2023-02-28 04:47:15,593 [INFO] Got response: 'OK'
client 2023-02-28 04:47:15,593 [INFO] Running the workload 'LOG_DIR=/work/build/power_logs_temp python3 -m code.main --benchmarks=resnet50 --scenarios=multistream --config_ver=default_maxq --test_mode=PerformanceOnly --action="run_harness" \\\n\t\t2>&1 | tee -a /work/build/power_logs/2023.02.28-04.46.34/stdout.txt \\\n\t\t&& if [ ! -d /work/build/power_logs/2023.02.28-04.46.34/ranging_tmp ]; \\\n\t\t\tthen mkdir /work/build/power_logs/2023.02.28-04.46.34/ranging_tmp \\\n\t\t\t\t&& mv /work/build/power_logs_temp/* /work/build/power_logs/2023.02.28-04.46.34/ranging_tmp/ \\\n\t\t\t\t&& cp -v /work/build/power_logs/2023.02.28-04.46.34/ranging_tmp/*/*/*/mlperf_log_detail.txt /work/build/power_logs_temp/ \\\n\t\t\t\t&& cp -v /work/build/power_logs/2023.02.28-04.46.34/ranging_tmp/*/*/*/mlperf_log_summary.txt /work/build/power_logs_temp/; \\\n\t\t\telse mkdir /work/build/power_logs/2023.02.28-04.46.34/testing_tmp \\\n\t\t\t\t&& mv /work/build/power_logs_temp/* /work/build/power_logs/2023.02.28-04.46.34/testing_tmp/ \\\n\t\t\t\t&& cp -v /work/build/power_logs/2023.02.28-04.46.34/testing_tmp/*/*/*/mlperf_log_detail.txt /work/build/power_logs_temp/ \\\n\t\t\t\t&& cp -v /work/build/power_logs/2023.02.28-04.46.34/testing_tmp/*/*/*/mlperf_log_summary.txt /work/build/power_logs_temp/; fi'
client 2023-02-28 05:01:12,342 [INFO] Sending command to the server: 'session,2023-02-28_04-46-51,stop,ranging'
client 2023-02-28 05:01:22,408 [INFO] Got response: 'OK'
client 2023-02-28 05:01:22,418 [INFO] Copying loadgen logs from '/work/build/power_logs_temp' to '/work/build/power_logs/2023.02.28-04.46.34/2023-02-28_04-46-51/ranging'
client 2023-02-28 05:01:22,419 [INFO] Running workload in testing mode
client 2023-02-28 05:01:22,419 [INFO] Synchronizing with the server and with 100.64.0.18...
client 2023-02-28 05:01:22,421 [INFO] NTP:offset = -0.000 s, delay = 0.001 s 
client 2023-02-28 05:01:22,421 [INFO] Sending command to the server: 'time'
client 2023-02-28 05:01:22,422 [INFO] Got response: '1677560482.385968'
client 2023-02-28 05:01:22,422 [INFO] The time difference between the client and the server is within range 35.663 ms..36.790 ms
client 2023-02-28 05:01:22,422 [INFO] Sending command to the server: 'session,2023-02-28_04-46-51,start,testing'
client 2023-02-28 05:01:35,712 [INFO] Got response: 'OK'
client 2023-02-28 05:01:35,713 [INFO] Running the workload 'LOG_DIR=/work/build/power_logs_temp python3 -m code.main --benchmarks=resnet50 --scenarios=multistream --config_ver=default_maxq --test_mode=PerformanceOnly --action="run_harness" \\\n\t\t2>&1 | tee -a /work/build/power_logs/2023.02.28-04.46.34/stdout.txt \\\n\t\t&& if [ ! -d /work/build/power_logs/2023.02.28-04.46.34/ranging_tmp ]; \\\n\t\t\tthen mkdir /work/build/power_logs/2023.02.28-04.46.34/ranging_tmp \\\n\t\t\t\t&& mv /work/build/power_logs_temp/* /work/build/power_logs/2023.02.28-04.46.34/ranging_tmp/ \\\n\t\t\t\t&& cp -v /work/build/power_logs/2023.02.28-04.46.34/ranging_tmp/*/*/*/mlperf_log_detail.txt /work/build/power_logs_temp/ \\\n\t\t\t\t&& cp -v /work/build/power_logs/2023.02.28-04.46.34/ranging_tmp/*/*/*/mlperf_log_summary.txt /work/build/power_logs_temp/; \\\n\t\t\telse mkdir /work/build/power_logs/2023.02.28-04.46.34/testing_tmp \\\n\t\t\t\t&& mv /work/build/power_logs_temp/* /work/build/power_logs/2023.02.28-04.46.34/testing_tmp/ \\\n\t\t\t\t&& cp -v /work/build/power_logs/2023.02.28-04.46.34/testing_tmp/*/*/*/mlperf_log_detail.txt /work/build/power_logs_temp/ \\\n\t\t\t\t&& cp -v /work/build/power_logs/2023.02.28-04.46.34/testing_tmp/*/*/*/mlperf_log_summary.txt /work/build/power_logs_temp/; fi'
client 2023-02-28 05:15:33,471 [INFO] Sending command to the server: 'session,2023-02-28_04-46-51,stop,testing'
client 2023-02-28 05:15:43,485 [INFO] Got response: 'OK'
client 2023-02-28 05:15:43,487 [INFO] Copying loadgen logs from '/work/build/power_logs_temp' to '/work/build/power_logs/2023.02.28-04.46.34/2023-02-28_04-46-51/run_1'
client 2023-02-28 05:15:43,488 [INFO] Done runs
