ptd-server 2023-02-28 04:46:51,370 [INFO] Got command from the client 'stop'
ptd-server 2023-02-28 04:46:51,370 [INFO] The server will be stopped after processing this client
ptd-server 2023-02-28 04:46:51,370 [INFO] Sending reply to client 'OK'
ptd-server 2023-02-28 04:46:51,375 [INFO] Got command from the client 'time'
ptd-server 2023-02-28 04:46:51,376 [INFO] Sending reply to client '1677559611.376195'
ptd-server 2023-02-28 04:46:51,377 [INFO] Got command from the client 'new,,75fb5c22-21ed-48c3-87d7-64ea5c544301'
ptd-server 2023-02-28 04:46:51,381 [INFO] Sending reply to client 'OK 2023-02-28_04-46-51,31403db9-c73d-49a0-838e-54c0a5ebfef5'
ptd-server 2023-02-28 04:46:51,384 [INFO] Got command from the client 'time'
ptd-server 2023-02-28 04:46:51,385 [INFO] Sending reply to client '1677559611.3854759'
ptd-server 2023-02-28 04:46:51,386 [INFO] Got command from the client 'session,2023-02-28_04-46-51,start,ranging'
ptd-server 2023-02-28 04:46:51,497 [INFO] Running PTDaemon: ['C:\\power-dev\\ptd_client_server\\ptd-windows-x86.exe', '-l', 'C:\\Users\\root\\AppData\\Local\\Temp\\tmp5eszs2_8\\ptd_logfile.txt', '-p', '8888', '-c', '1', '-g', '8', '1']
ptd-server 2023-02-28 04:47:04,512 [INFO] Sending to ptd: 'Hello'
ptd-server 2023-02-28 04:47:04,513 [INFO] Reply from ptd: 'Hello, PTDaemon here!'
ptd-server 2023-02-28 04:47:04,514 [INFO] Sending to ptd: 'Identify'
ptd-server 2023-02-28 04:47:04,515 [INFO] Reply from ptd: 'YokogawaWT210,1000,1,1,1,1,0,0,1,version=1.10.0-82175bac-20220817,OS=Windows 8 / Server 2012,mode=power,1,1,1,0,0,no_cal_date,YOKOGAWA;760401;0;F1.12'
ptd-server 2023-02-28 04:47:04,516 [INFO] Connected to PTDaemon
ptd-server 2023-02-28 04:47:04,516 [INFO] Sending to ptd: 'RR'
ptd-server 2023-02-28 04:47:04,517 [INFO] Reply from ptd: 'Ranges,1,1.000000,1,300.000000'
ptd-server 2023-02-28 04:47:04,518 [INFO] Initial range for Amps is Auto for Volts is Auto
ptd-server 2023-02-28 04:47:04,518 [INFO] Sending to ptd: 'SR,V,Auto'
ptd-server 2023-02-28 04:47:05,045 [INFO] Reply from ptd: 'Range V changed'
ptd-server 2023-02-28 04:47:05,046 [INFO] Sending to ptd: 'SR,A,Auto'
ptd-server 2023-02-28 04:47:05,575 [INFO] Reply from ptd: 'Range A changed'
ptd-server 2023-02-28 04:47:15,588 [INFO] Starting ranging mode
ptd-server 2023-02-28 04:47:15,588 [INFO] Sending to ptd: 'Go,1000,0,2023-02-28_04-46-51_ranging'
ptd-server 2023-02-28 04:47:15,589 [INFO] Reply from ptd: 'Starting untimed measurement, maximum 500000 samples at 1000ms with 0 rampup samples'
ptd-server 2023-02-28 04:47:15,590 [INFO] Sending reply to client 'OK'
ptd-server 2023-02-28 05:01:12,307 [INFO] Got command from the client 'session,2023-02-28_04-46-51,stop,ranging'
ptd-server 2023-02-28 05:01:22,312 [INFO] Sending to ptd: 'Stop'
ptd-server 2023-02-28 05:01:22,313 [INFO] Reply from ptd: 'Stopping untimed measurement'
ptd-server 2023-02-28 05:01:22,371 [INFO] Sending reply to client 'OK'
ptd-server 2023-02-28 05:01:22,385 [INFO] Got command from the client 'time'
ptd-server 2023-02-28 05:01:22,385 [INFO] Sending reply to client '1677560482.385968'
ptd-server 2023-02-28 05:01:22,386 [INFO] Got command from the client 'session,2023-02-28_04-46-51,start,testing'
ptd-server 2023-02-28 05:01:22,387 [INFO] Sending to ptd: 'SR,V,212.520000'
ptd-server 2023-02-28 05:01:24,129 [INFO] Reply from ptd: 'Range V changed'
ptd-server 2023-02-28 05:01:24,130 [INFO] Sending to ptd: 'SR,A,1.041900'
ptd-server 2023-02-28 05:01:25,662 [INFO] Reply from ptd: 'Range A changed'
ptd-server 2023-02-28 05:01:35,672 [INFO] Starting testing mode
ptd-server 2023-02-28 05:01:35,672 [INFO] Sending to ptd: 'Go,1000,0,2023-02-28_04-46-51_testing'
ptd-server 2023-02-28 05:01:35,673 [INFO] Reply from ptd: 'Starting untimed measurement, maximum 500000 samples at 1000ms with 0 rampup samples'
ptd-server 2023-02-28 05:01:35,674 [INFO] Sending reply to client 'OK'
ptd-server 2023-02-28 05:15:33,400 [INFO] Got command from the client 'session,2023-02-28_04-46-51,stop,testing'
ptd-server 2023-02-28 05:15:43,401 [INFO] Sending to ptd: 'Stop'
ptd-server 2023-02-28 05:15:43,402 [INFO] Reply from ptd: 'Stopping untimed measurement'
ptd-server 2023-02-28 05:15:43,412 [INFO] Sending reply to client 'OK'
ptd-server 2023-02-28 05:15:43,420 [INFO] Got command from the client 'session,2023-02-28_04-46-51,done'
ptd-server 2023-02-28 05:15:43,421 [INFO] Sending to ptd: 'Stop'
ptd-server 2023-02-28 05:15:43,682 [INFO] Reply from ptd: 'Error: no measurement to stop'
ptd-server 2023-02-28 05:15:43,683 [INFO] Sending to ptd: 'SR,V,Auto'
ptd-server 2023-02-28 05:15:44,200 [INFO] Reply from ptd: 'Range V changed'
ptd-server 2023-02-28 05:15:44,202 [INFO] Sending to ptd: 'SR,A,Auto'
ptd-server 2023-02-28 05:15:44,729 [INFO] Reply from ptd: 'Range A changed'
ptd-server 2023-02-28 05:15:44,731 [INFO] Set initial values for Amps Auto and Volts Auto
ptd-server 2023-02-28 05:15:44,731 [INFO] Stopping ptd...
