ptd-server 2023-02-22 13:05:16,284 [INFO] Got command from the client 'time'
ptd-server 2023-02-22 13:05:16,284 [INFO] Sending reply to client '1677071116.284209'
ptd-server 2023-02-22 13:05:16,285 [INFO] Got command from the client 'new,,730f7a12-30b3-4f1f-8a30-970be6dc06e0'
ptd-server 2023-02-22 13:05:16,285 [INFO] Sending reply to client 'OK 2023-02-22_13-05-16,16aa8fd7-cfa6-46e9-910f-f1db12f49998'
ptd-server 2023-02-22 13:05:16,308 [INFO] Got command from the client 'time'
ptd-server 2023-02-22 13:05:16,308 [INFO] Sending reply to client '1677071116.308275'
ptd-server 2023-02-22 13:05:16,309 [INFO] Got command from the client 'session,2023-02-22_13-05-16,start,ranging'
ptd-server 2023-02-22 13:05:16,309 [INFO] Running PTDaemon: ['/home/anton/projects/mlperf/power/inference_v1.0/ptd-linux-x86', '-l', '/tmp/tmp4yl1neqp/ptd_logfile.txt', '-p', '8888', '49', '/dev/usbtmc0']
ptd-server 2023-02-22 13:05:33,383 [INFO] Sending to ptd: 'Hello'
ptd-server 2023-02-22 13:05:33,384 [INFO] Reply from ptd: 'Hello, PTDaemon here!'
ptd-server 2023-02-22 13:05:33,384 [INFO] Sending to ptd: 'Identify'
ptd-server 2023-02-22 13:05:33,384 [INFO] Reply from ptd: 'YokogawaWT310E,1000,1,1,1,1,0,1,1,version=1.10.0-ed9a21d2-20220817,OS=Linux 5.15.0-60-generic #66~20.04.1-Ubuntu SMP Wed Jan 25 09:41:30 UTC 2023 x86_64,mode=power,1,1,1,0,0,no_cal_date,YOKOGAWA;WT310E;C3XA04010E;F1.04'
ptd-server 2023-02-22 13:05:33,384 [INFO] Connected to PTDaemon
ptd-server 2023-02-22 13:05:33,384 [INFO] Sending to ptd: 'RR'
ptd-server 2023-02-22 13:05:33,385 [INFO] Reply from ptd: 'Ranges,1,0.100000,1,300.000000'
ptd-server 2023-02-22 13:05:33,385 [INFO] Initial range for Amps is Auto for Volts is Auto
ptd-server 2023-02-22 13:05:33,385 [INFO] Sending to ptd: 'SR,V,Auto'
ptd-server 2023-02-22 13:05:33,887 [INFO] Reply from ptd: 'Range V changed'
ptd-server 2023-02-22 13:05:33,888 [INFO] Sending to ptd: 'SR,A,Auto'
ptd-server 2023-02-22 13:05:34,390 [INFO] Reply from ptd: 'Range A changed'
ptd-server 2023-02-22 13:05:44,396 [INFO] Starting ranging mode
ptd-server 2023-02-22 13:05:44,396 [INFO] Sending to ptd: 'Go,1000,0,2023-02-22_13-05-16_ranging'
ptd-server 2023-02-22 13:05:44,397 [INFO] Reply from ptd: 'Starting untimed measurement, maximum 500000 samples at 1000ms with 0 rampup samples'
ptd-server 2023-02-22 13:05:44,397 [INFO] Sending reply to client 'OK'
ptd-server 2023-02-22 13:16:04,463 [INFO] Got command from the client 'session,2023-02-22_13-05-16,stop,ranging'
ptd-server 2023-02-22 13:16:14,473 [INFO] Sending to ptd: 'Stop'
ptd-server 2023-02-22 13:16:14,474 [INFO] Reply from ptd: 'Stopping untimed measurement'
ptd-server 2023-02-22 13:16:14,910 [INFO] Sending reply to client 'OK'
ptd-server 2023-02-22 13:16:14,941 [INFO] Got command from the client 'time'
ptd-server 2023-02-22 13:16:14,941 [INFO] Sending reply to client '1677071774.9414067'
ptd-server 2023-02-22 13:16:14,942 [INFO] Got command from the client 'session,2023-02-22_13-05-16,start,testing'
ptd-server 2023-02-22 13:16:14,942 [INFO] Sending to ptd: 'SR,V,249.950000'
ptd-server 2023-02-22 13:16:16,899 [INFO] Reply from ptd: 'Range V changed'
ptd-server 2023-02-22 13:16:16,899 [INFO] Sending to ptd: 'SR,A,0.050950'
ptd-server 2023-02-22 13:16:18,400 [INFO] Reply from ptd: 'Range A changed'
ptd-server 2023-02-22 13:16:28,411 [INFO] Starting testing mode
ptd-server 2023-02-22 13:16:28,411 [INFO] Sending to ptd: 'Go,1000,0,2023-02-22_13-05-16_testing'
ptd-server 2023-02-22 13:16:28,411 [INFO] Reply from ptd: 'Starting untimed measurement, maximum 500000 samples at 1000ms with 0 rampup samples'
ptd-server 2023-02-22 13:16:28,411 [INFO] Sending reply to client 'OK'
ptd-server 2023-02-22 13:26:48,411 [INFO] Got command from the client 'session,2023-02-22_13-05-16,stop,testing'
ptd-server 2023-02-22 13:26:58,421 [INFO] Sending to ptd: 'Stop'
ptd-server 2023-02-22 13:26:58,422 [INFO] Reply from ptd: 'Stopping untimed measurement'
ptd-server 2023-02-22 13:26:58,660 [INFO] Sending reply to client 'OK'
ptd-server 2023-02-22 13:26:58,668 [INFO] Got command from the client 'session,2023-02-22_13-05-16,done'
ptd-server 2023-02-22 13:26:58,668 [INFO] Sending to ptd: 'Stop'
ptd-server 2023-02-22 13:26:59,412 [INFO] Reply from ptd: 'Error: no measurement to stop'
ptd-server 2023-02-22 13:26:59,412 [INFO] Sending to ptd: 'SR,V,Auto'
ptd-server 2023-02-22 13:26:59,915 [INFO] Reply from ptd: 'Range V changed'
ptd-server 2023-02-22 13:26:59,915 [INFO] Sending to ptd: 'SR,A,Auto'
ptd-server 2023-02-22 13:27:00,417 [INFO] Reply from ptd: 'Range A changed'
ptd-server 2023-02-22 13:27:00,417 [INFO] Set initial values for Amps Auto and Volts Auto
ptd-server 2023-02-22 13:27:00,417 [INFO] Stopping ptd...
