ptd-server 2023-03-01 02:51:21,777 [INFO] Got command from the client 'time'
ptd-server 2023-03-01 02:51:21,778 [INFO] Sending reply to client '1677639081.7781003'
ptd-server 2023-03-01 02:51:21,780 [INFO] Got command from the client 'new,,d1e5247d-0f01-4aa7-b587-8a477fde8cd6'
ptd-server 2023-03-01 02:51:21,780 [INFO] Sending reply to client 'OK 2023-03-01_02-51-21,29d815d9-e713-4984-9a2b-8cec09fdbae9'
ptd-server 2023-03-01 02:51:21,809 [INFO] Got command from the client 'time'
ptd-server 2023-03-01 02:51:21,809 [INFO] Sending reply to client '1677639081.8094044'
ptd-server 2023-03-01 02:51:21,810 [INFO] Got command from the client 'session,2023-03-01_02-51-21,start,ranging'
ptd-server 2023-03-01 02:51:21,811 [INFO] Running PTDaemon: ['/home/anton/projects/mlperf/power/inference_v1.0/ptd-linux-x86', '-l', '/tmp/tmpu4v721n6/ptd_logfile.txt', '-p', '8888', '49', '/dev/usbtmc0']
ptd-server 2023-03-01 02:51:38,899 [INFO] Sending to ptd: 'Hello'
ptd-server 2023-03-01 02:51:38,900 [INFO] Reply from ptd: 'Hello, PTDaemon here!'
ptd-server 2023-03-01 02:51:38,900 [INFO] Sending to ptd: 'Identify'
ptd-server 2023-03-01 02:51:38,900 [INFO] Reply from ptd: 'YokogawaWT310E,1000,1,1,1,1,0,1,1,version=1.10.0-ed9a21d2-20220817,OS=Linux 5.15.0-60-generic #66~20.04.1-Ubuntu SMP Wed Jan 25 09:41:30 UTC 2023 x86_64,mode=power,1,1,1,0,0,no_cal_date,YOKOGAWA;WT310E;C3XA04010E;F1.04'
ptd-server 2023-03-01 02:51:38,900 [INFO] Connected to PTDaemon
ptd-server 2023-03-01 02:51:38,900 [INFO] Sending to ptd: 'RR'
ptd-server 2023-03-01 02:51:38,900 [INFO] Reply from ptd: 'Ranges,0,0.100000,0,300.000000'
ptd-server 2023-03-01 02:51:38,901 [INFO] Initial range for Amps is 0.100000 for Volts is 300.000000
ptd-server 2023-03-01 02:51:38,901 [INFO] Sending to ptd: 'SR,V,Auto'
ptd-server 2023-03-01 02:51:39,403 [INFO] Reply from ptd: 'Range V changed'
ptd-server 2023-03-01 02:51:39,403 [INFO] Sending to ptd: 'SR,A,Auto'
ptd-server 2023-03-01 02:51:39,906 [INFO] Reply from ptd: 'Range A changed'
ptd-server 2023-03-01 02:51:49,916 [INFO] Starting ranging mode
ptd-server 2023-03-01 02:51:49,916 [INFO] Sending to ptd: 'Go,1000,0,2023-03-01_02-51-21_ranging'
ptd-server 2023-03-01 02:51:49,916 [INFO] Reply from ptd: 'Starting untimed measurement, maximum 500000 samples at 1000ms with 0 rampup samples'
ptd-server 2023-03-01 02:51:49,917 [INFO] Sending reply to client 'OK'
ptd-server 2023-03-01 03:02:13,243 [INFO] Got command from the client 'session,2023-03-01_02-51-21,stop,ranging'
ptd-server 2023-03-01 03:02:23,253 [INFO] Sending to ptd: 'Stop'
ptd-server 2023-03-01 03:02:23,253 [INFO] Reply from ptd: 'Stopping untimed measurement'
ptd-server 2023-03-01 03:02:23,795 [INFO] Sending reply to client 'OK'
ptd-server 2023-03-01 03:02:23,875 [INFO] Got command from the client 'time'
ptd-server 2023-03-01 03:02:23,875 [INFO] Sending reply to client '1677639743.8752308'
ptd-server 2023-03-01 03:02:23,877 [INFO] Got command from the client 'session,2023-03-01_02-51-21,start,testing'
ptd-server 2023-03-01 03:02:23,877 [INFO] Sending to ptd: 'SR,V,252.390000'
ptd-server 2023-03-01 03:02:25,418 [INFO] Reply from ptd: 'Range V changed'
ptd-server 2023-03-01 03:02:25,418 [INFO] Sending to ptd: 'SR,A,0.081350'
ptd-server 2023-03-01 03:02:26,919 [INFO] Reply from ptd: 'Range A changed'
ptd-server 2023-03-01 03:02:36,930 [INFO] Starting testing mode
ptd-server 2023-03-01 03:02:36,930 [INFO] Sending to ptd: 'Go,1000,0,2023-03-01_02-51-21_testing'
ptd-server 2023-03-01 03:02:36,930 [INFO] Reply from ptd: 'Starting untimed measurement, maximum 500000 samples at 1000ms with 0 rampup samples'
ptd-server 2023-03-01 03:02:36,931 [INFO] Sending reply to client 'OK'
ptd-server 2023-03-01 03:13:00,537 [INFO] Got command from the client 'session,2023-03-01_02-51-21,stop,testing'
ptd-server 2023-03-01 03:13:10,544 [INFO] Sending to ptd: 'Stop'
ptd-server 2023-03-01 03:13:10,544 [INFO] Reply from ptd: 'Stopping untimed measurement'
ptd-server 2023-03-01 03:13:10,838 [INFO] Sending reply to client 'OK'
ptd-server 2023-03-01 03:13:10,857 [INFO] Got command from the client 'session,2023-03-01_02-51-21,done'
ptd-server 2023-03-01 03:13:10,857 [INFO] Sending to ptd: 'Stop'
ptd-server 2023-03-01 03:13:10,931 [INFO] Reply from ptd: 'Error: no measurement to stop'
ptd-server 2023-03-01 03:13:10,931 [INFO] Sending to ptd: 'SR,V,300.000000'
ptd-server 2023-03-01 03:13:12,432 [INFO] Reply from ptd: 'Range V changed'
ptd-server 2023-03-01 03:13:12,432 [INFO] Sending to ptd: 'SR,A,0.100000'
ptd-server 2023-03-01 03:13:13,934 [INFO] Reply from ptd: 'Range A changed'
ptd-server 2023-03-01 03:13:13,934 [INFO] Set initial values for Amps 0.100000 and Volts 300.000000
ptd-server 2023-03-01 03:13:13,934 [INFO] Stopping ptd...
