ptd-server 2023-02-23 19:26:39,377 [INFO] Got command from the client 'time'
ptd-server 2023-02-23 19:26:39,377 [INFO] Sending reply to client '1677180399.3778028'
ptd-server 2023-02-23 19:26:39,378 [INFO] Got command from the client 'new,,fa65f281-3c53-4dd3-a5c4-fd16ee95a5a8'
ptd-server 2023-02-23 19:26:39,379 [INFO] Sending reply to client 'OK 2023-02-23_19-26-39,7a5e9b10-470e-41cf-b286-185376af0419'
ptd-server 2023-02-23 19:26:39,405 [INFO] Got command from the client 'time'
ptd-server 2023-02-23 19:26:39,405 [INFO] Sending reply to client '1677180399.4055016'
ptd-server 2023-02-23 19:26:39,406 [INFO] Got command from the client 'session,2023-02-23_19-26-39,start,ranging'
ptd-server 2023-02-23 19:26:39,406 [INFO] Running PTDaemon: ['/home/anton/projects/mlperf/power/inference_v1.0/ptd-linux-x86', '-l', '/tmp/tmp4yl1neqp/ptd_logfile.txt', '-p', '8888', '49', '/dev/usbtmc0']
ptd-server 2023-02-23 19:26:56,480 [INFO] Sending to ptd: 'Hello'
ptd-server 2023-02-23 19:26:56,481 [INFO] Reply from ptd: 'Hello, PTDaemon here!'
ptd-server 2023-02-23 19:26:56,481 [INFO] Sending to ptd: 'Identify'
ptd-server 2023-02-23 19:26:56,481 [INFO] Reply from ptd: 'YokogawaWT310E,1000,1,1,1,1,0,1,1,version=1.10.0-ed9a21d2-20220817,OS=Linux 5.15.0-60-generic #66~20.04.1-Ubuntu SMP Wed Jan 25 09:41:30 UTC 2023 x86_64,mode=power,1,1,1,0,0,no_cal_date,YOKOGAWA;WT310E;C3XA04010E;F1.04'
ptd-server 2023-02-23 19:26:56,481 [INFO] Connected to PTDaemon
ptd-server 2023-02-23 19:26:56,482 [INFO] Sending to ptd: 'RR'
ptd-server 2023-02-23 19:26:56,482 [INFO] Reply from ptd: 'Ranges,1,0.100000,1,300.000000'
ptd-server 2023-02-23 19:26:56,482 [INFO] Initial range for Amps is Auto for Volts is Auto
ptd-server 2023-02-23 19:26:56,482 [INFO] Sending to ptd: 'SR,V,Auto'
ptd-server 2023-02-23 19:26:56,985 [INFO] Reply from ptd: 'Range V changed'
ptd-server 2023-02-23 19:26:56,985 [INFO] Sending to ptd: 'SR,A,Auto'
ptd-server 2023-02-23 19:26:57,487 [INFO] Reply from ptd: 'Range A changed'
ptd-server 2023-02-23 19:27:07,498 [INFO] Starting ranging mode
ptd-server 2023-02-23 19:27:07,498 [INFO] Sending to ptd: 'Go,1000,0,2023-02-23_19-26-39_ranging'
ptd-server 2023-02-23 19:27:07,498 [INFO] Reply from ptd: 'Starting untimed measurement, maximum 500000 samples at 1000ms with 0 rampup samples'
ptd-server 2023-02-23 19:27:07,498 [INFO] Sending reply to client 'OK'
ptd-server 2023-02-23 19:37:23,903 [INFO] Got command from the client 'session,2023-02-23_19-26-39,stop,ranging'
ptd-server 2023-02-23 19:37:33,913 [INFO] Sending to ptd: 'Stop'
ptd-server 2023-02-23 19:37:33,914 [INFO] Reply from ptd: 'Stopping untimed measurement'
ptd-server 2023-02-23 19:37:34,474 [INFO] Sending reply to client 'OK'
ptd-server 2023-02-23 19:37:34,562 [INFO] Got command from the client 'time'
ptd-server 2023-02-23 19:37:34,562 [INFO] Sending reply to client '1677181054.5626242'
ptd-server 2023-02-23 19:37:34,563 [INFO] Got command from the client 'session,2023-02-23_19-26-39,start,testing'
ptd-server 2023-02-23 19:37:34,563 [INFO] Sending to ptd: 'SR,V,250.170000'
ptd-server 2023-02-23 19:37:36,065 [INFO] Reply from ptd: 'Range V changed'
ptd-server 2023-02-23 19:37:36,065 [INFO] Sending to ptd: 'SR,A,0.049300'
ptd-server 2023-02-23 19:37:37,566 [INFO] Reply from ptd: 'Range A changed'
ptd-server 2023-02-23 19:37:47,576 [INFO] Starting testing mode
ptd-server 2023-02-23 19:37:47,577 [INFO] Sending to ptd: 'Go,1000,0,2023-02-23_19-26-39_testing'
ptd-server 2023-02-23 19:37:47,577 [INFO] Reply from ptd: 'Starting untimed measurement, maximum 500000 samples at 1000ms with 0 rampup samples'
ptd-server 2023-02-23 19:37:47,577 [INFO] Sending reply to client 'OK'
ptd-server 2023-02-23 19:48:03,893 [INFO] Got command from the client 'session,2023-02-23_19-26-39,stop,testing'
ptd-server 2023-02-23 19:48:13,904 [INFO] Sending to ptd: 'Stop'
ptd-server 2023-02-23 19:48:13,904 [INFO] Reply from ptd: 'Stopping untimed measurement'
ptd-server 2023-02-23 19:48:14,200 [INFO] Sending reply to client 'OK'
ptd-server 2023-02-23 19:48:14,208 [INFO] Got command from the client 'session,2023-02-23_19-26-39,done'
ptd-server 2023-02-23 19:48:14,208 [INFO] Sending to ptd: 'Stop'
ptd-server 2023-02-23 19:48:14,577 [INFO] Reply from ptd: 'Error: no measurement to stop'
ptd-server 2023-02-23 19:48:14,577 [INFO] Sending to ptd: 'SR,V,Auto'
ptd-server 2023-02-23 19:48:15,080 [INFO] Reply from ptd: 'Range V changed'
ptd-server 2023-02-23 19:48:15,080 [INFO] Sending to ptd: 'SR,A,Auto'
ptd-server 2023-02-23 19:48:15,582 [INFO] Reply from ptd: 'Range A changed'
ptd-server 2023-02-23 19:48:15,582 [INFO] Set initial values for Amps Auto and Volts Auto
ptd-server 2023-02-23 19:48:15,583 [INFO] Stopping ptd...
