ptd-server 2023-02-25 07:57:42,380 [INFO] Got command from the client 'time'
ptd-server 2023-02-25 07:57:42,380 [INFO] Sending reply to client '1677333462.3803153'
ptd-server 2023-02-25 07:57:42,381 [INFO] Got command from the client 'new,,22523e35-e4d3-4f26-8e93-2dea124870c7'
ptd-server 2023-02-25 07:57:42,381 [INFO] Sending reply to client 'OK 2023-02-25_07-57-42,beca8a22-a854-4bde-b88d-49a6492e5a98'
ptd-server 2023-02-25 07:57:42,399 [INFO] Got command from the client 'time'
ptd-server 2023-02-25 07:57:42,399 [INFO] Sending reply to client '1677333462.3997047'
ptd-server 2023-02-25 07:57:42,400 [INFO] Got command from the client 'session,2023-02-25_07-57-42,start,ranging'
ptd-server 2023-02-25 07:57:42,401 [INFO] Running PTDaemon: ['/home/dell/power-main/inference_v1.0/ptd-linux-x86', '-l', '/tmp/tmp6gkim7wr/ptd_logfile.txt', '-p', '8888', '-c', '3', '52', '/dev/usbtmc0']
ptd-server 2023-02-25 07:57:59,478 [INFO] Sending to ptd: 'Hello'
ptd-server 2023-02-25 07:57:59,479 [INFO] Reply from ptd: 'Hello, PTDaemon here!'
ptd-server 2023-02-25 07:57:59,479 [INFO] Sending to ptd: 'Identify'
ptd-server 2023-02-25 07:57:59,479 [INFO] Reply from ptd: 'YokogawaWT330E,1000,1,1,1,1,0,0,1,version=1.10.0-ed9a21d2-20220817,OS=Linux 5.4.0-139-generic #156-Ubuntu SMP Fri Jan 20 17:27:18 UTC 2023 x86_64,mode=power,1,1,1,0,0,no_cal_date,YOKOGAWA;WT333E;C2WB13023V;F1.04'
ptd-server 2023-02-25 07:57:59,480 [INFO] Connected to PTDaemon
ptd-server 2023-02-25 07:57:59,480 [INFO] Sending to ptd: 'RR'
ptd-server 2023-02-25 07:57:59,480 [INFO] Reply from ptd: 'Ranges,1,1.000000,1,300.000000'
ptd-server 2023-02-25 07:57:59,480 [INFO] Initial range for Amps is Auto for Volts is Auto
ptd-server 2023-02-25 07:57:59,480 [INFO] Sending to ptd: 'SR,V,Auto'
ptd-server 2023-02-25 07:57:59,992 [INFO] Reply from ptd: 'Range V changed'
ptd-server 2023-02-25 07:57:59,992 [INFO] Sending to ptd: 'SR,A,20'
ptd-server 2023-02-25 07:58:01,494 [INFO] Reply from ptd: 'Range A changed'
ptd-server 2023-02-25 07:58:11,504 [INFO] Starting ranging mode
ptd-server 2023-02-25 07:58:11,505 [INFO] Sending to ptd: 'Go,1000,0,2023-02-25_07-57-42_ranging'
ptd-server 2023-02-25 07:58:11,505 [INFO] Reply from ptd: 'Starting untimed measurement, maximum 500000 samples at 1000ms with 0 rampup samples'
ptd-server 2023-02-25 07:58:11,505 [INFO] Sending reply to client 'OK'
ptd-server 2023-02-25 08:11:00,035 [INFO] Got command from the client 'session,2023-02-25_07-57-42,stop,ranging'
ptd-server 2023-02-25 08:11:10,040 [INFO] Sending to ptd: 'Stop'
ptd-server 2023-02-25 08:11:10,040 [INFO] Reply from ptd: 'Stopping untimed measurement'
ptd-server 2023-02-25 08:11:10,079 [INFO] Sending reply to client 'OK'
ptd-server 2023-02-25 08:11:10,125 [INFO] Got command from the client 'time'
ptd-server 2023-02-25 08:11:10,125 [INFO] Sending reply to client '1677334270.125519'
ptd-server 2023-02-25 08:11:10,126 [INFO] Got command from the client 'session,2023-02-25_07-57-42,start,testing'
ptd-server 2023-02-25 08:11:10,126 [INFO] Sending to ptd: 'SR,V,214.700000'
ptd-server 2023-02-25 08:11:12,007 [INFO] Reply from ptd: 'Range V changed'
ptd-server 2023-02-25 08:11:12,007 [INFO] Sending to ptd: 'SR,A,0.804000'
ptd-server 2023-02-25 08:11:13,509 [INFO] Reply from ptd: 'Range A changed'
ptd-server 2023-02-25 08:11:23,519 [INFO] Starting testing mode
ptd-server 2023-02-25 08:11:23,519 [INFO] Sending to ptd: 'Go,1000,0,2023-02-25_07-57-42_testing'
ptd-server 2023-02-25 08:11:23,519 [INFO] Reply from ptd: 'Starting untimed measurement, maximum 500000 samples at 1000ms with 0 rampup samples'
ptd-server 2023-02-25 08:11:23,520 [INFO] Sending reply to client 'OK'
ptd-server 2023-02-25 08:24:10,575 [INFO] Got command from the client 'session,2023-02-25_07-57-42,stop,testing'
ptd-server 2023-02-25 08:24:20,586 [INFO] Sending to ptd: 'Stop'
ptd-server 2023-02-25 08:24:20,586 [INFO] Reply from ptd: 'Stopping untimed measurement'
ptd-server 2023-02-25 08:24:20,611 [INFO] Sending reply to client 'OK'
ptd-server 2023-02-25 08:24:20,619 [INFO] Got command from the client 'session,2023-02-25_07-57-42,done'
ptd-server 2023-02-25 08:24:20,619 [INFO] Sending to ptd: 'Stop'
ptd-server 2023-02-25 08:24:21,521 [INFO] Reply from ptd: 'Error: no measurement to stop'
ptd-server 2023-02-25 08:24:21,521 [INFO] Sending to ptd: 'SR,V,Auto'
ptd-server 2023-02-25 08:24:22,024 [INFO] Reply from ptd: 'Range V changed'
ptd-server 2023-02-25 08:24:22,024 [INFO] Sending to ptd: 'SR,A,Auto'
ptd-server 2023-02-25 08:24:22,526 [INFO] Reply from ptd: 'Range A changed'
ptd-server 2023-02-25 08:24:22,527 [INFO] Set initial values for Amps Auto and Volts Auto
ptd-server 2023-02-25 08:24:22,527 [INFO] Stopping ptd...
