ptd-server 2023-02-24 18:54:53,719 [INFO] Got command from the client 'time'
ptd-server 2023-02-24 18:54:53,719 [INFO] Sending reply to client '1677264893.7196765'
ptd-server 2023-02-24 18:54:53,724 [INFO] Got command from the client 'new,,ae59bd8f-6f69-4aef-b0cc-57c348ce36c8'
ptd-server 2023-02-24 18:54:53,725 [INFO] Sending reply to client 'OK 2023-02-24_18-54-53,313a10bd-6c2b-4cb6-a0d1-be2b7bdadf02'
ptd-server 2023-02-24 18:54:53,753 [INFO] Got command from the client 'time'
ptd-server 2023-02-24 18:54:53,754 [INFO] Sending reply to client '1677264893.7539208'
ptd-server 2023-02-24 18:54:53,762 [INFO] Got command from the client 'session,2023-02-24_18-54-53,start,ranging'
ptd-server 2023-02-24 18:54:53,763 [INFO] Running PTDaemon: ['/media/arjun/T7_Touch/hp-envy/CM/repos/local/cache/9b3695ca8255492a/power/inference_v1.0/ptd-linux-x86', '-l', '/tmp/tmpti64566v/ptd_logfile.txt', '-p', '8888', '49', '/dev/usbtmc0']
ptd-server 2023-02-24 18:55:10,858 [INFO] Sending to ptd: 'Hello'
ptd-server 2023-02-24 18:55:10,859 [INFO] Reply from ptd: 'Hello, PTDaemon here!'
ptd-server 2023-02-24 18:55:10,859 [INFO] Sending to ptd: 'Identify'
ptd-server 2023-02-24 18:55:10,860 [INFO] Reply from ptd: 'YokogawaWT310E,1000,1,1,1,1,0,1,1,version=1.10.0-ed9a21d2-20220817,OS=Linux 5.15.0-56-generic #62-Ubuntu SMP Tue Nov 22 19:54:14 UTC 2022 x86_64,mode=power,1,1,1,0,0,no_cal_date,YOKOGAWA;WT310E;C3YD21068E;F1.04'
ptd-server 2023-02-24 18:55:10,860 [INFO] Connected to PTDaemon
ptd-server 2023-02-24 18:55:10,860 [INFO] Sending to ptd: 'RR'
ptd-server 2023-02-24 18:55:10,861 [INFO] Reply from ptd: 'Ranges,0,0.100000,0,600.000000'
ptd-server 2023-02-24 18:55:10,861 [INFO] Initial range for Amps is 0.100000 for Volts is 600.000000
ptd-server 2023-02-24 18:55:10,862 [INFO] Sending to ptd: 'SR,V,Auto'
ptd-server 2023-02-24 18:55:11,365 [INFO] Reply from ptd: 'Range V changed'
ptd-server 2023-02-24 18:55:11,366 [INFO] Sending to ptd: 'SR,A,Auto'
ptd-server 2023-02-24 18:55:11,869 [INFO] Reply from ptd: 'Range A changed'
ptd-server 2023-02-24 18:55:21,880 [INFO] Starting ranging mode
ptd-server 2023-02-24 18:55:21,880 [INFO] Sending to ptd: 'Go,1000,0,2023-02-24_18-54-53_ranging'
ptd-server 2023-02-24 18:55:21,882 [INFO] Reply from ptd: 'Starting untimed measurement, maximum 500000 samples at 1000ms with 0 rampup samples'
ptd-server 2023-02-24 18:55:21,882 [INFO] Sending reply to client 'OK'
ptd-server 2023-02-24 19:06:12,189 [INFO] Got command from the client 'session,2023-02-24_18-54-53,stop,ranging'
ptd-server 2023-02-24 19:06:22,200 [INFO] Sending to ptd: 'Stop'
ptd-server 2023-02-24 19:06:22,201 [INFO] Reply from ptd: 'Stopping untimed measurement'
ptd-server 2023-02-24 19:06:22,319 [INFO] Sending reply to client 'OK'
ptd-server 2023-02-24 19:06:22,370 [INFO] Got command from the client 'time'
ptd-server 2023-02-24 19:06:22,370 [INFO] Sending reply to client '1677265582.3701775'
ptd-server 2023-02-24 19:06:22,373 [INFO] Got command from the client 'session,2023-02-24_18-54-53,start,testing'
ptd-server 2023-02-24 19:06:22,373 [INFO] Sending to ptd: 'SR,V,249.970000'
ptd-server 2023-02-24 19:06:24,386 [INFO] Reply from ptd: 'Range V changed'
ptd-server 2023-02-24 19:06:24,386 [INFO] Sending to ptd: 'SR,A,0.173430'
ptd-server 2023-02-24 19:06:25,889 [INFO] Reply from ptd: 'Range A changed'
ptd-server 2023-02-24 19:06:35,890 [INFO] Starting testing mode
ptd-server 2023-02-24 19:06:35,890 [INFO] Sending to ptd: 'Go,1000,0,2023-02-24_18-54-53_testing'
ptd-server 2023-02-24 19:06:35,891 [INFO] Reply from ptd: 'Starting untimed measurement, maximum 500000 samples at 1000ms with 0 rampup samples'
ptd-server 2023-02-24 19:06:35,891 [INFO] Sending reply to client 'OK'
ptd-server 2023-02-24 19:17:20,735 [INFO] Got command from the client 'session,2023-02-24_18-54-53,stop,testing'
ptd-server 2023-02-24 19:17:30,746 [INFO] Sending to ptd: 'Stop'
ptd-server 2023-02-24 19:17:30,746 [INFO] Reply from ptd: 'Stopping untimed measurement'
ptd-server 2023-02-24 19:17:30,812 [INFO] Sending reply to client 'OK'
ptd-server 2023-02-24 19:17:30,829 [INFO] Got command from the client 'session,2023-02-24_18-54-53,done'
ptd-server 2023-02-24 19:17:30,829 [INFO] Sending to ptd: 'Stop'
ptd-server 2023-02-24 19:17:30,892 [INFO] Reply from ptd: 'Error: no measurement to stop'
ptd-server 2023-02-24 19:17:30,892 [INFO] Sending to ptd: 'SR,V,600.000000'
ptd-server 2023-02-24 19:17:32,395 [INFO] Reply from ptd: 'Range V changed'
ptd-server 2023-02-24 19:17:32,396 [INFO] Sending to ptd: 'SR,A,0.100000'
ptd-server 2023-02-24 19:17:33,899 [INFO] Reply from ptd: 'Range A changed'
ptd-server 2023-02-24 19:17:33,899 [INFO] Set initial values for Amps 0.100000 and Volts 600.000000
ptd-server 2023-02-24 19:17:33,900 [INFO] Stopping ptd...
