ptd-server 2023-03-02 23:27:26,725 [INFO] Got command from the client 'time'
ptd-server 2023-03-02 23:27:26,726 [INFO] Sending reply to client '1677828446.726228'
ptd-server 2023-03-02 23:27:26,729 [INFO] Got command from the client 'new,offline,536287c7-e23d-44ae-94d5-fbc61df0fac6'
ptd-server 2023-03-02 23:27:26,729 [INFO] Sending reply to client 'OK 2023-03-02_23-27-26_offline,0939eeb4-5be3-40cb-af26-7a05ee730507'
ptd-server 2023-03-02 23:27:26,752 [INFO] Got command from the client 'time'
ptd-server 2023-03-02 23:27:26,753 [INFO] Sending reply to client '1677828446.7530391'
ptd-server 2023-03-02 23:27:26,756 [INFO] Got command from the client 'session,2023-03-02_23-27-26_offline,start,ranging'
ptd-server 2023-03-02 23:27:26,756 [INFO] Running PTDaemon: ['/home/victor.bittorf/repos/power/inference_v1.0/ptd-linux-x86', '-l', '/tmp/tmp7der1fs7/ptd_logfile.txt', '-p', '8888', '49', '/dev/usbtmc0']
ptd-server 2023-03-02 23:27:43,750 [INFO] Sending to ptd: 'Hello'
ptd-server 2023-03-02 23:27:43,750 [INFO] Reply from ptd: 'Hello, PTDaemon here!'
ptd-server 2023-03-02 23:27:43,751 [INFO] Sending to ptd: 'Identify'
ptd-server 2023-03-02 23:27:43,751 [INFO] Reply from ptd: 'YokogawaWT310,1000,1,1,1,1,0,1,1,version=1.10.0-ed9a21d2-20220817,OS=Linux 5.15.0-60-generic #66~20.04.1-Ubuntu SMP Wed Jan 25 09:41:30 UTC 2023 x86_64,mode=power,1,1,1,0,0,no_cal_date,YOKOGAWA;WT310;C2SF14004V;F1.01EM'
ptd-server 2023-03-02 23:27:43,751 [INFO] Connected to PTDaemon
ptd-server 2023-03-02 23:27:43,751 [INFO] Sending to ptd: 'RR'
ptd-server 2023-03-02 23:27:43,751 [INFO] Reply from ptd: 'Ranges,1,0.200000,1,150.000000'
ptd-server 2023-03-02 23:27:43,751 [INFO] Initial range for Amps is Auto for Volts is Auto
ptd-server 2023-03-02 23:27:43,751 [INFO] Sending to ptd: 'SR,V,Auto'
ptd-server 2023-03-02 23:27:44,254 [INFO] Reply from ptd: 'Range V changed'
ptd-server 2023-03-02 23:27:44,255 [INFO] Sending to ptd: 'SR,A,Auto'
ptd-server 2023-03-02 23:27:44,757 [INFO] Reply from ptd: 'Range A changed'
ptd-server 2023-03-02 23:27:54,768 [INFO] Starting ranging mode
ptd-server 2023-03-02 23:27:54,768 [INFO] Sending to ptd: 'Go,1000,0,2023-03-02_23-27-26_offline_ranging'
ptd-server 2023-03-02 23:27:54,768 [INFO] Reply from ptd: 'Starting untimed measurement, maximum 500000 samples at 1000ms with 0 rampup samples'
ptd-server 2023-03-02 23:27:54,769 [INFO] Sending reply to client 'OK'
ptd-server 2023-03-02 23:42:36,741 [INFO] Got command from the client 'session,2023-03-02_23-27-26_offline,stop,ranging'
ptd-server 2023-03-02 23:42:46,752 [INFO] Sending to ptd: 'Stop'
ptd-server 2023-03-02 23:42:46,752 [INFO] Reply from ptd: 'Stopping untimed measurement'
ptd-server 2023-03-02 23:42:46,764 [INFO] Sending reply to client 'OK'
ptd-server 2023-03-02 23:42:46,897 [INFO] Got command from the client 'set_ntp'
ptd-server 2023-03-02 23:42:46,897 [INFO] Synchronizing with 192.168.88.1 time using NTP...
ptd-server 2023-03-02 23:42:54,001 [INFO] Set system time at 2023-03-02 23:42:54.001729
ptd-server 2023-03-02 23:42:54,002 [INFO] Sending reply to client 'OK'
ptd-server 2023-03-02 23:43:01,118 [INFO] Got command from the client 'time'
ptd-server 2023-03-02 23:43:01,118 [INFO] Sending reply to client '1677829381.1185546'
ptd-server 2023-03-02 23:43:01,121 [INFO] Got command from the client 'session,2023-03-02_23-27-26_offline,start,testing'
ptd-server 2023-03-02 23:43:01,122 [INFO] Sending to ptd: 'SR,V,118.650000'
ptd-server 2023-03-02 23:43:02,623 [INFO] Reply from ptd: 'Range V changed'
ptd-server 2023-03-02 23:43:02,624 [INFO] Sending to ptd: 'SR,A,0.281960'
ptd-server 2023-03-02 23:43:04,126 [INFO] Reply from ptd: 'Range A changed'
ptd-server 2023-03-02 23:43:14,134 [INFO] Starting testing mode
ptd-server 2023-03-02 23:43:14,134 [INFO] Sending to ptd: 'Go,1000,0,2023-03-02_23-27-26_offline_testing'
ptd-server 2023-03-02 23:43:14,134 [INFO] Reply from ptd: 'Starting untimed measurement, maximum 500000 samples at 1000ms with 0 rampup samples'
ptd-server 2023-03-02 23:43:14,134 [INFO] Sending reply to client 'OK'
ptd-server 2023-03-02 23:58:16,255 [INFO] Got command from the client 'session,2023-03-02_23-27-26_offline,stop,testing'
ptd-server 2023-03-02 23:58:26,266 [INFO] Sending to ptd: 'Stop'
ptd-server 2023-03-02 23:58:26,266 [INFO] Reply from ptd: 'Stopping untimed measurement'
ptd-server 2023-03-02 23:58:26,273 [INFO] Sending reply to client 'OK'
ptd-server 2023-03-02 23:58:26,428 [INFO] Got command from the client 'session,2023-03-02_23-27-26_offline,done'
ptd-server 2023-03-02 23:58:26,428 [INFO] Sending to ptd: 'Stop'
ptd-server 2023-03-02 23:58:27,134 [INFO] Reply from ptd: 'Error: no measurement to stop'
ptd-server 2023-03-02 23:58:27,134 [INFO] Sending to ptd: 'SR,V,Auto'
ptd-server 2023-03-02 23:58:27,637 [INFO] Reply from ptd: 'Range V changed'
ptd-server 2023-03-02 23:58:27,637 [INFO] Sending to ptd: 'SR,A,Auto'
ptd-server 2023-03-02 23:58:28,140 [INFO] Reply from ptd: 'Range A changed'
ptd-server 2023-03-02 23:58:28,140 [INFO] Set initial values for Amps Auto and Volts Auto
ptd-server 2023-03-02 23:58:28,141 [INFO] Stopping ptd...
