ptd-server 2023-02-22 13:27:08,282 [INFO] Got command from the client 'time'
ptd-server 2023-02-22 13:27:08,282 [INFO] Sending reply to client '1677072428.282217'
ptd-server 2023-02-22 13:27:08,283 [INFO] Got command from the client 'new,,6b2153e0-020e-42ee-9558-fa244d5a41cb'
ptd-server 2023-02-22 13:27:08,283 [INFO] Sending reply to client 'OK 2023-02-22_13-27-08,2f041860-14ca-49b1-8c04-23a51fb8594c'
ptd-server 2023-02-22 13:27:08,306 [INFO] Got command from the client 'time'
ptd-server 2023-02-22 13:27:08,306 [INFO] Sending reply to client '1677072428.306741'
ptd-server 2023-02-22 13:27:08,307 [INFO] Got command from the client 'session,2023-02-22_13-27-08,start,ranging'
ptd-server 2023-02-22 13:27:08,307 [INFO] Running PTDaemon: ['/home/anton/projects/mlperf/power/inference_v1.0/ptd-linux-x86', '-l', '/tmp/tmp4yl1neqp/ptd_logfile.txt', '-p', '8888', '49', '/dev/usbtmc0']
ptd-server 2023-02-22 13:27:25,382 [INFO] Sending to ptd: 'Hello'
ptd-server 2023-02-22 13:27:25,382 [INFO] Reply from ptd: 'Hello, PTDaemon here!'
ptd-server 2023-02-22 13:27:25,383 [INFO] Sending to ptd: 'Identify'
ptd-server 2023-02-22 13:27:25,383 [INFO] Reply from ptd: 'YokogawaWT310E,1000,1,1,1,1,0,1,1,version=1.10.0-ed9a21d2-20220817,OS=Linux 5.15.0-60-generic #66~20.04.1-Ubuntu SMP Wed Jan 25 09:41:30 UTC 2023 x86_64,mode=power,1,1,1,0,0,no_cal_date,YOKOGAWA;WT310E;C3XA04010E;F1.04'
ptd-server 2023-02-22 13:27:25,383 [INFO] Connected to PTDaemon
ptd-server 2023-02-22 13:27:25,383 [INFO] Sending to ptd: 'RR'
ptd-server 2023-02-22 13:27:25,384 [INFO] Reply from ptd: 'Ranges,1,0.100000,1,300.000000'
ptd-server 2023-02-22 13:27:25,384 [INFO] Initial range for Amps is Auto for Volts is Auto
ptd-server 2023-02-22 13:27:25,384 [INFO] Sending to ptd: 'SR,V,Auto'
ptd-server 2023-02-22 13:27:25,886 [INFO] Reply from ptd: 'Range V changed'
ptd-server 2023-02-22 13:27:25,887 [INFO] Sending to ptd: 'SR,A,Auto'
ptd-server 2023-02-22 13:27:26,389 [INFO] Reply from ptd: 'Range A changed'
ptd-server 2023-02-22 13:27:36,399 [INFO] Starting ranging mode
ptd-server 2023-02-22 13:27:36,400 [INFO] Sending to ptd: 'Go,1000,0,2023-02-22_13-27-08_ranging'
ptd-server 2023-02-22 13:27:36,400 [INFO] Reply from ptd: 'Starting untimed measurement, maximum 500000 samples at 1000ms with 0 rampup samples'
ptd-server 2023-02-22 13:27:36,400 [INFO] Sending reply to client 'OK'
ptd-server 2023-02-22 13:38:10,118 [INFO] Got command from the client 'session,2023-02-22_13-27-08,stop,ranging'
ptd-server 2023-02-22 13:38:20,129 [INFO] Sending to ptd: 'Stop'
ptd-server 2023-02-22 13:38:20,129 [INFO] Reply from ptd: 'Stopping untimed measurement'
ptd-server 2023-02-22 13:38:20,574 [INFO] Sending reply to client 'OK'
ptd-server 2023-02-22 13:38:20,669 [INFO] Got command from the client 'time'
ptd-server 2023-02-22 13:38:20,669 [INFO] Sending reply to client '1677073100.6694853'
ptd-server 2023-02-22 13:38:20,670 [INFO] Got command from the client 'session,2023-02-22_13-27-08,start,testing'
ptd-server 2023-02-22 13:38:20,670 [INFO] Sending to ptd: 'SR,V,250.720000'
ptd-server 2023-02-22 13:38:22,171 [INFO] Reply from ptd: 'Range V changed'
ptd-server 2023-02-22 13:38:22,172 [INFO] Sending to ptd: 'SR,A,0.050200'
ptd-server 2023-02-22 13:38:23,673 [INFO] Reply from ptd: 'Range A changed'
ptd-server 2023-02-22 13:38:33,683 [INFO] Starting testing mode
ptd-server 2023-02-22 13:38:33,684 [INFO] Sending to ptd: 'Go,1000,0,2023-02-22_13-27-08_testing'
ptd-server 2023-02-22 13:38:33,684 [INFO] Reply from ptd: 'Starting untimed measurement, maximum 500000 samples at 1000ms with 0 rampup samples'
ptd-server 2023-02-22 13:38:33,684 [INFO] Sending reply to client 'OK'
ptd-server 2023-02-22 13:49:07,437 [INFO] Got command from the client 'session,2023-02-22_13-27-08,stop,testing'
ptd-server 2023-02-22 13:49:17,444 [INFO] Sending to ptd: 'Stop'
ptd-server 2023-02-22 13:49:17,444 [INFO] Reply from ptd: 'Stopping untimed measurement'
ptd-server 2023-02-22 13:49:17,674 [INFO] Sending reply to client 'OK'
ptd-server 2023-02-22 13:49:17,682 [INFO] Got command from the client 'session,2023-02-22_13-27-08,done'
ptd-server 2023-02-22 13:49:17,682 [INFO] Sending to ptd: 'Stop'
ptd-server 2023-02-22 13:49:17,684 [INFO] Reply from ptd: 'Error: no measurement to stop'
ptd-server 2023-02-22 13:49:17,684 [INFO] Sending to ptd: 'SR,V,Auto'
ptd-server 2023-02-22 13:49:18,187 [INFO] Reply from ptd: 'Range V changed'
ptd-server 2023-02-22 13:49:18,187 [INFO] Sending to ptd: 'SR,A,Auto'
ptd-server 2023-02-22 13:49:18,689 [INFO] Reply from ptd: 'Range A changed'
ptd-server 2023-02-22 13:49:18,690 [INFO] Set initial values for Amps Auto and Volts Auto
ptd-server 2023-02-22 13:49:18,690 [INFO] Stopping ptd...
