ptd-server 2023-02-23 21:01:16,963 [INFO] Got command from the client 'time'
ptd-server 2023-02-23 21:01:16,963 [INFO] Sending reply to client '1677186076.9636426'
ptd-server 2023-02-23 21:01:16,966 [INFO] Got command from the client 'new,,41b7fd3e-2d42-4afa-8937-13258ef65f89'
ptd-server 2023-02-23 21:01:16,967 [INFO] Sending reply to client 'OK 2023-02-23_21-01-16,b6877f0e-3e28-4202-9104-7989f49a5757'
ptd-server 2023-02-23 21:01:16,990 [INFO] Got command from the client 'time'
ptd-server 2023-02-23 21:01:16,990 [INFO] Sending reply to client '1677186076.990346'
ptd-server 2023-02-23 21:01:16,993 [INFO] Got command from the client 'session,2023-02-23_21-01-16,start,ranging'
ptd-server 2023-02-23 21:01:16,994 [INFO] Running PTDaemon: ['/media/arjun/T7_Touch/hp-envy/CM/repos/local/cache/9b3695ca8255492a/power/inference_v1.0/ptd-linux-x86', '-l', '/tmp/tmpti64566v/ptd_logfile.txt', '-p', '8888', '49', '/dev/usbtmc0']
ptd-server 2023-02-23 21:01:34,088 [INFO] Sending to ptd: 'Hello'
ptd-server 2023-02-23 21:01:34,089 [INFO] Reply from ptd: 'Hello, PTDaemon here!'
ptd-server 2023-02-23 21:01:34,089 [INFO] Sending to ptd: 'Identify'
ptd-server 2023-02-23 21:01:34,090 [INFO] Reply from ptd: 'YokogawaWT310E,1000,1,1,1,1,0,1,1,version=1.10.0-ed9a21d2-20220817,OS=Linux 5.15.0-56-generic #62-Ubuntu SMP Tue Nov 22 19:54:14 UTC 2022 x86_64,mode=power,1,1,1,0,0,no_cal_date,YOKOGAWA;WT310E;C3YD21068E;F1.04'
ptd-server 2023-02-23 21:01:34,090 [INFO] Connected to PTDaemon
ptd-server 2023-02-23 21:01:34,090 [INFO] Sending to ptd: 'RR'
ptd-server 2023-02-23 21:01:34,091 [INFO] Reply from ptd: 'Ranges,0,0.100000,0,600.000000'
ptd-server 2023-02-23 21:01:34,091 [INFO] Initial range for Amps is 0.100000 for Volts is 600.000000
ptd-server 2023-02-23 21:01:34,092 [INFO] Sending to ptd: 'SR,V,Auto'
ptd-server 2023-02-23 21:01:34,595 [INFO] Reply from ptd: 'Range V changed'
ptd-server 2023-02-23 21:01:34,595 [INFO] Sending to ptd: 'SR,A,Auto'
ptd-server 2023-02-23 21:01:35,099 [INFO] Reply from ptd: 'Range A changed'
ptd-server 2023-02-23 21:01:45,110 [INFO] Starting ranging mode
ptd-server 2023-02-23 21:01:45,110 [INFO] Sending to ptd: 'Go,1000,0,2023-02-23_21-01-16_ranging'
ptd-server 2023-02-23 21:01:45,111 [INFO] Reply from ptd: 'Starting untimed measurement, maximum 500000 samples at 1000ms with 0 rampup samples'
ptd-server 2023-02-23 21:01:45,111 [INFO] Sending reply to client 'OK'
ptd-server 2023-02-23 21:13:18,078 [INFO] Got command from the client 'session,2023-02-23_21-01-16,stop,ranging'
ptd-server 2023-02-23 21:13:28,089 [INFO] Sending to ptd: 'Stop'
ptd-server 2023-02-23 21:13:28,090 [INFO] Reply from ptd: 'Stopping untimed measurement'
ptd-server 2023-02-23 21:13:28,142 [INFO] Sending reply to client 'OK'
ptd-server 2023-02-23 21:13:28,261 [INFO] Got command from the client 'time'
ptd-server 2023-02-23 21:13:28,261 [INFO] Sending reply to client '1677186808.2615318'
ptd-server 2023-02-23 21:13:28,267 [INFO] Got command from the client 'session,2023-02-23_21-01-16,start,testing'
ptd-server 2023-02-23 21:13:28,267 [INFO] Sending to ptd: 'SR,V,249.210000'
ptd-server 2023-02-23 21:13:29,770 [INFO] Reply from ptd: 'Range V changed'
ptd-server 2023-02-23 21:13:29,770 [INFO] Sending to ptd: 'SR,A,0.247790'
ptd-server 2023-02-23 21:13:31,273 [INFO] Reply from ptd: 'Range A changed'
ptd-server 2023-02-23 21:13:41,284 [INFO] Starting testing mode
ptd-server 2023-02-23 21:13:41,284 [INFO] Sending to ptd: 'Go,1000,0,2023-02-23_21-01-16_testing'
ptd-server 2023-02-23 21:13:41,285 [INFO] Reply from ptd: 'Starting untimed measurement, maximum 500000 samples at 1000ms with 0 rampup samples'
ptd-server 2023-02-23 21:13:41,286 [INFO] Sending reply to client 'OK'
ptd-server 2023-02-23 21:25:02,640 [INFO] Got command from the client 'session,2023-02-23_21-01-16,stop,testing'
ptd-server 2023-02-23 21:25:12,651 [INFO] Sending to ptd: 'Stop'
ptd-server 2023-02-23 21:25:12,652 [INFO] Reply from ptd: 'Stopping untimed measurement'
ptd-server 2023-02-23 21:25:12,678 [INFO] Sending reply to client 'OK'
ptd-server 2023-02-23 21:25:12,695 [INFO] Got command from the client 'session,2023-02-23_21-01-16,done'
ptd-server 2023-02-23 21:25:12,695 [INFO] Sending to ptd: 'Stop'
ptd-server 2023-02-23 21:25:13,286 [INFO] Reply from ptd: 'Error: no measurement to stop'
ptd-server 2023-02-23 21:25:13,287 [INFO] Sending to ptd: 'SR,V,600.000000'
ptd-server 2023-02-23 21:25:14,790 [INFO] Reply from ptd: 'Range V changed'
ptd-server 2023-02-23 21:25:14,790 [INFO] Sending to ptd: 'SR,A,0.100000'
ptd-server 2023-02-23 21:25:16,293 [INFO] Reply from ptd: 'Range A changed'
ptd-server 2023-02-23 21:25:16,293 [INFO] Set initial values for Amps 0.100000 and Volts 600.000000
ptd-server 2023-02-23 21:25:16,293 [INFO] Stopping ptd...
