ptd-server 2023-02-27 00:52:39,130 [INFO] Got command from the client 'time'
ptd-server 2023-02-27 00:52:39,130 [INFO] Sending reply to client '1677459159.1303167'
ptd-server 2023-02-27 00:52:39,132 [INFO] Got command from the client 'new,,ea93ee74-d303-443b-be39-f27d17cedc29'
ptd-server 2023-02-27 00:52:39,132 [INFO] Sending reply to client 'OK 2023-02-27_00-52-39,57a0786b-9b4b-4282-ad32-36a5bf918af2'
ptd-server 2023-02-27 00:52:39,197 [INFO] Got command from the client 'time'
ptd-server 2023-02-27 00:52:39,197 [INFO] Sending reply to client '1677459159.1976163'
ptd-server 2023-02-27 00:52:39,199 [INFO] Got command from the client 'session,2023-02-27_00-52-39,start,ranging'
ptd-server 2023-02-27 00:52:39,199 [INFO] Running PTDaemon: ['/home/anton/projects/mlperf/power/inference_v1.0/ptd-linux-x86', '-l', '/tmp/tmpu4v721n6/ptd_logfile.txt', '-p', '8888', '49', '/dev/usbtmc0']
ptd-server 2023-02-27 00:52:56,288 [INFO] Sending to ptd: 'Hello'
ptd-server 2023-02-27 00:52:56,288 [INFO] Reply from ptd: 'Hello, PTDaemon here!'
ptd-server 2023-02-27 00:52:56,289 [INFO] Sending to ptd: 'Identify'
ptd-server 2023-02-27 00:52:56,289 [INFO] Reply from ptd: 'YokogawaWT310E,1000,1,1,1,1,0,1,1,version=1.10.0-ed9a21d2-20220817,OS=Linux 5.15.0-60-generic #66~20.04.1-Ubuntu SMP Wed Jan 25 09:41:30 UTC 2023 x86_64,mode=power,1,1,1,0,0,no_cal_date,YOKOGAWA;WT310E;C3XA04010E;F1.04'
ptd-server 2023-02-27 00:52:56,289 [INFO] Connected to PTDaemon
ptd-server 2023-02-27 00:52:56,289 [INFO] Sending to ptd: 'RR'
ptd-server 2023-02-27 00:52:56,289 [INFO] Reply from ptd: 'Ranges,0,0.100000,0,300.000000'
ptd-server 2023-02-27 00:52:56,290 [INFO] Initial range for Amps is 0.100000 for Volts is 300.000000
ptd-server 2023-02-27 00:52:56,290 [INFO] Sending to ptd: 'SR,V,Auto'
ptd-server 2023-02-27 00:52:56,792 [INFO] Reply from ptd: 'Range V changed'
ptd-server 2023-02-27 00:52:56,792 [INFO] Sending to ptd: 'SR,A,Auto'
ptd-server 2023-02-27 00:52:57,295 [INFO] Reply from ptd: 'Range A changed'
ptd-server 2023-02-27 00:53:07,304 [INFO] Starting ranging mode
ptd-server 2023-02-27 00:53:07,304 [INFO] Sending to ptd: 'Go,1000,0,2023-02-27_00-52-39_ranging'
ptd-server 2023-02-27 00:53:07,304 [INFO] Reply from ptd: 'Starting untimed measurement, maximum 500000 samples at 1000ms with 0 rampup samples'
ptd-server 2023-02-27 00:53:07,305 [INFO] Sending reply to client 'OK'
ptd-server 2023-02-27 01:03:27,486 [INFO] Got command from the client 'session,2023-02-27_00-52-39,stop,ranging'
ptd-server 2023-02-27 01:03:37,496 [INFO] Sending to ptd: 'Stop'
ptd-server 2023-02-27 01:03:37,496 [INFO] Reply from ptd: 'Stopping untimed measurement'
ptd-server 2023-02-27 01:03:37,774 [INFO] Sending reply to client 'OK'
ptd-server 2023-02-27 01:03:37,923 [INFO] Got command from the client 'time'
ptd-server 2023-02-27 01:03:37,923 [INFO] Sending reply to client '1677459817.9233742'
ptd-server 2023-02-27 01:03:37,926 [INFO] Got command from the client 'session,2023-02-27_00-52-39,start,testing'
ptd-server 2023-02-27 01:03:37,927 [INFO] Sending to ptd: 'SR,V,250.310000'
ptd-server 2023-02-27 01:03:39,806 [INFO] Reply from ptd: 'Range V changed'
ptd-server 2023-02-27 01:03:39,806 [INFO] Sending to ptd: 'SR,A,0.055600'
ptd-server 2023-02-27 01:03:41,308 [INFO] Reply from ptd: 'Range A changed'
ptd-server 2023-02-27 01:03:51,316 [INFO] Starting testing mode
ptd-server 2023-02-27 01:03:51,316 [INFO] Sending to ptd: 'Go,1000,0,2023-02-27_00-52-39_testing'
ptd-server 2023-02-27 01:03:51,316 [INFO] Reply from ptd: 'Starting untimed measurement, maximum 500000 samples at 1000ms with 0 rampup samples'
ptd-server 2023-02-27 01:03:51,317 [INFO] Sending reply to client 'OK'
ptd-server 2023-02-27 01:14:08,073 [INFO] Got command from the client 'session,2023-02-27_00-52-39,stop,testing'
ptd-server 2023-02-27 01:14:18,081 [INFO] Sending to ptd: 'Stop'
ptd-server 2023-02-27 01:14:18,081 [INFO] Reply from ptd: 'Stopping untimed measurement'
ptd-server 2023-02-27 01:14:18,232 [INFO] Sending reply to client 'OK'
ptd-server 2023-02-27 01:14:18,257 [INFO] Got command from the client 'session,2023-02-27_00-52-39,done'
ptd-server 2023-02-27 01:14:18,257 [INFO] Sending to ptd: 'Stop'
ptd-server 2023-02-27 01:14:18,317 [INFO] Reply from ptd: 'Error: no measurement to stop'
ptd-server 2023-02-27 01:14:18,317 [INFO] Sending to ptd: 'SR,V,300.000000'
ptd-server 2023-02-27 01:14:19,818 [INFO] Reply from ptd: 'Range V changed'
ptd-server 2023-02-27 01:14:19,818 [INFO] Sending to ptd: 'SR,A,0.100000'
ptd-server 2023-02-27 01:14:21,320 [INFO] Reply from ptd: 'Range A changed'
ptd-server 2023-02-27 01:14:21,320 [INFO] Set initial values for Amps 0.100000 and Volts 300.000000
ptd-server 2023-02-27 01:14:21,320 [INFO] Stopping ptd...
