ptd-server 2023-02-27 08:10:26,802 [INFO] Got command from the client 'time'
ptd-server 2023-02-27 08:10:26,802 [INFO] Sending reply to client '1677485426.8026857'
ptd-server 2023-02-27 08:10:26,804 [INFO] Got command from the client 'new,,7eb0cec1-cc76-498e-95bd-14569fb3483a'
ptd-server 2023-02-27 08:10:26,805 [INFO] Sending reply to client 'OK 2023-02-27_08-10-26,6a2e006f-1004-414b-a1f8-aae438473df3'
ptd-server 2023-02-27 08:10:26,844 [INFO] Got command from the client 'time'
ptd-server 2023-02-27 08:10:26,844 [INFO] Sending reply to client '1677485426.8446262'
ptd-server 2023-02-27 08:10:26,847 [INFO] Got command from the client 'session,2023-02-27_08-10-26,start,ranging'
ptd-server 2023-02-27 08:10:26,847 [INFO] Running PTDaemon: ['/home/anton/projects/mlperf/power/inference_v1.0/ptd-linux-x86', '-l', '/tmp/tmpu4v721n6/ptd_logfile.txt', '-p', '8888', '49', '/dev/usbtmc0']
ptd-server 2023-02-27 08:10:43,935 [INFO] Sending to ptd: 'Hello'
ptd-server 2023-02-27 08:10:43,936 [INFO] Reply from ptd: 'Hello, PTDaemon here!'
ptd-server 2023-02-27 08:10:43,936 [INFO] Sending to ptd: 'Identify'
ptd-server 2023-02-27 08:10:43,936 [INFO] Reply from ptd: 'YokogawaWT310E,1000,1,1,1,1,0,1,1,version=1.10.0-ed9a21d2-20220817,OS=Linux 5.15.0-60-generic #66~20.04.1-Ubuntu SMP Wed Jan 25 09:41:30 UTC 2023 x86_64,mode=power,1,1,1,0,0,no_cal_date,YOKOGAWA;WT310E;C3XA04010E;F1.04'
ptd-server 2023-02-27 08:10:43,936 [INFO] Connected to PTDaemon
ptd-server 2023-02-27 08:10:43,937 [INFO] Sending to ptd: 'RR'
ptd-server 2023-02-27 08:10:43,937 [INFO] Reply from ptd: 'Ranges,0,0.100000,0,300.000000'
ptd-server 2023-02-27 08:10:43,937 [INFO] Initial range for Amps is 0.100000 for Volts is 300.000000
ptd-server 2023-02-27 08:10:43,937 [INFO] Sending to ptd: 'SR,V,Auto'
ptd-server 2023-02-27 08:10:44,439 [INFO] Reply from ptd: 'Range V changed'
ptd-server 2023-02-27 08:10:44,440 [INFO] Sending to ptd: 'SR,A,Auto'
ptd-server 2023-02-27 08:10:44,942 [INFO] Reply from ptd: 'Range A changed'
ptd-server 2023-02-27 08:10:54,952 [INFO] Starting ranging mode
ptd-server 2023-02-27 08:10:54,953 [INFO] Sending to ptd: 'Go,1000,0,2023-02-27_08-10-26_ranging'
ptd-server 2023-02-27 08:10:54,953 [INFO] Reply from ptd: 'Starting untimed measurement, maximum 500000 samples at 1000ms with 0 rampup samples'
ptd-server 2023-02-27 08:10:54,953 [INFO] Sending reply to client 'OK'
ptd-server 2023-02-27 08:21:11,984 [INFO] Got command from the client 'session,2023-02-27_08-10-26,stop,ranging'
ptd-server 2023-02-27 08:21:21,992 [INFO] Sending to ptd: 'Stop'
ptd-server 2023-02-27 08:21:21,992 [INFO] Reply from ptd: 'Stopping untimed measurement'
ptd-server 2023-02-27 08:21:22,307 [INFO] Sending reply to client 'OK'
ptd-server 2023-02-27 08:21:22,352 [INFO] Got command from the client 'time'
ptd-server 2023-02-27 08:21:22,352 [INFO] Sending reply to client '1677486082.3525095'
ptd-server 2023-02-27 08:21:22,355 [INFO] Got command from the client 'session,2023-02-27_08-10-26,start,testing'
ptd-server 2023-02-27 08:21:22,355 [INFO] Sending to ptd: 'SR,V,251.510000'
ptd-server 2023-02-27 08:21:24,454 [INFO] Reply from ptd: 'Range V changed'
ptd-server 2023-02-27 08:21:24,454 [INFO] Sending to ptd: 'SR,A,0.056070'
ptd-server 2023-02-27 08:21:25,956 [INFO] Reply from ptd: 'Range A changed'
ptd-server 2023-02-27 08:21:35,964 [INFO] Starting testing mode
ptd-server 2023-02-27 08:21:35,964 [INFO] Sending to ptd: 'Go,1000,0,2023-02-27_08-10-26_testing'
ptd-server 2023-02-27 08:21:35,964 [INFO] Reply from ptd: 'Starting untimed measurement, maximum 500000 samples at 1000ms with 0 rampup samples'
ptd-server 2023-02-27 08:21:35,965 [INFO] Sending reply to client 'OK'
ptd-server 2023-02-27 08:31:52,984 [INFO] Got command from the client 'session,2023-02-27_08-10-26,stop,testing'
ptd-server 2023-02-27 08:32:02,994 [INFO] Sending to ptd: 'Stop'
ptd-server 2023-02-27 08:32:02,994 [INFO] Reply from ptd: 'Stopping untimed measurement'
ptd-server 2023-02-27 08:32:03,158 [INFO] Sending reply to client 'OK'
ptd-server 2023-02-27 08:32:03,177 [INFO] Got command from the client 'session,2023-02-27_08-10-26,done'
ptd-server 2023-02-27 08:32:03,177 [INFO] Sending to ptd: 'Stop'
ptd-server 2023-02-27 08:32:03,965 [INFO] Reply from ptd: 'Error: no measurement to stop'
ptd-server 2023-02-27 08:32:03,965 [INFO] Sending to ptd: 'SR,V,300.000000'
ptd-server 2023-02-27 08:32:05,466 [INFO] Reply from ptd: 'Range V changed'
ptd-server 2023-02-27 08:32:05,466 [INFO] Sending to ptd: 'SR,A,0.100000'
ptd-server 2023-02-27 08:32:06,967 [INFO] Reply from ptd: 'Range A changed'
ptd-server 2023-02-27 08:32:06,968 [INFO] Set initial values for Amps 0.100000 and Volts 300.000000
ptd-server 2023-02-27 08:32:06,968 [INFO] Stopping ptd...
