client 2023-02-23 22:51:32,044 [INFO] Creating output directory '/home/arjun/mobilenet_results/valid_results/arjun_orin-tflite_cpp-cpu-tflite-vmaster-default_config/mobilenet-v1-precision_uint8-0.25-160/singlestream/performance/tmp_power'
client 2023-02-23 22:51:32,298 [INFO] Sending command to the server: 'mlcommons/power client v3'
client 2023-02-23 22:51:32,301 [INFO] Got response: 'mlcommons/power server v3'
client 2023-02-23 22:51:32,301 [INFO] Synchronizing with the server and with time.google.com...
client 2023-02-23 22:51:32,336 [INFO] NTP:offset = -0.002 s, delay = 0.014 s 
client 2023-02-23 22:51:32,337 [INFO] Sending command to the server: 'time'
client 2023-02-23 22:51:32,341 [INFO] Got response: '1677192692.3395827'
client 2023-02-23 22:51:32,341 [INFO] The time difference between the client and the server is within range -2.422 ms..2.071 ms
client 2023-02-23 22:51:32,341 [INFO] Sending command to the server: 'new,,5a3ec21b-d559-46a2-8a23-e6542d34c561'
client 2023-02-23 22:51:32,347 [INFO] Got response: 'OK 2023-02-23_22-51-32,7f607053-89d5-4593-bbbb-7a1e1c9c5ce9'
client 2023-02-23 22:51:32,347 [INFO] Session id is '2023-02-23_22-51-32'
client 2023-02-23 22:51:32,347 [INFO] Sources: {"sources": {"__init__.py": "da39a3ee5e6b4b0d3255bfef95601890afd80709", "client.py": "33ca4f26368777ac06e01f9567b714a4b8063886", "lib/__init__.py": "da39a3ee5e6b4b0d3255bfef95601890afd80709", "lib/client.py": "4c2b78fb4849a7e5b584ef792d82aaed20b17f57", "lib/common.py": "624d0c0acc7c39aaff3674f0b99d6a09da53d1dc", "lib/external/__init__.py": "da39a3ee5e6b4b0d3255bfef95601890afd80709", "lib/external/ntplib.py": "4da8f970656505a40483206ef2b5d3dd5e81711d", "lib/server.py": "cda0cdfaee9bfa1249c64a7dd4f89b7bf1b279f0", "lib/source_hashes.py": "60a2e02193209e8d392803326208d5466342da18", "lib/summary.py": "aa92f0a3f975eecd44d3c0cd0236342ccc9f941d", "lib/time_sync.py": "3210db56eb0ff0df57bf4293dc4d4b03fffd46f1", "server.py": "c3f90f2f7eeb4db30727556d0c815ebc89b3d28b", "tests/unit/__init__.py": "da39a3ee5e6b4b0d3255bfef95601890afd80709", "tests/unit/test_server.py": "99ae15aef722f2000ee6ed1ae1523637bf1ae42b", "tests/unit/test_source_hashes.py": "00468a2907583c593e6574a1f6b404e4651c221a"}, "modules": {"ptd_client_server.lib.client": "lib/client.py", "ptd_client_server.lib.common": "lib/common.py", "ptd_client_server.lib.external.ntplib": "lib/external/ntplib.py", "ptd_client_server.lib.source_hashes": "lib/source_hashes.py", "ptd_client_server.lib.summary": "lib/summary.py", "ptd_client_server.lib.time_sync": "lib/time_sync.py"}}
client 2023-02-23 22:51:32,348 [INFO] Running workload in ranging mode
client 2023-02-23 22:51:32,348 [INFO] Synchronizing with the server and with time.google.com...
client 2023-02-23 22:51:32,365 [INFO] NTP:offset = -0.003 s, delay = 0.015 s 
client 2023-02-23 22:51:32,365 [INFO] Sending command to the server: 'time'
client 2023-02-23 22:51:32,368 [INFO] Got response: '1677192692.3668432'
client 2023-02-23 22:51:32,368 [INFO] The time difference between the client and the server is within range -0.975 ms..1.956 ms
client 2023-02-23 22:51:32,369 [INFO] Sending command to the server: 'session,2023-02-23_22-51-32,start,ranging'
client 2023-02-23 22:52:00,491 [INFO] Got response: 'OK'
client 2023-02-23 22:52:00,491 [INFO] Running the workload '/home/arjun/run.out'
client 2023-02-23 23:03:23,110 [INFO] Sending command to the server: 'session,2023-02-23_22-51-32,stop,ranging'
client 2023-02-23 23:03:33,180 [INFO] Got response: 'OK'
client 2023-02-23 23:03:33,211 [INFO] Copying loadgen logs from '/home/arjun/mobilenet_results/valid_results/arjun_orin-tflite_cpp-cpu-tflite-vmaster-default_config/mobilenet-v1-precision_uint8-0.25-160/singlestream/performance/run_1' to '/home/arjun/mobilenet_results/valid_results/arjun_orin-tflite_cpp-cpu-tflite-vmaster-default_config/mobilenet-v1-precision_uint8-0.25-160/singlestream/performance/tmp_power/ranging'
client 2023-02-23 23:03:33,214 [INFO] Running workload in testing mode
client 2023-02-23 23:03:33,214 [INFO] Synchronizing with the server and with time.google.com...
client 2023-02-23 23:03:33,245 [INFO] NTP:offset = -0.002 s, delay = 0.015 s 
client 2023-02-23 23:03:33,245 [INFO] Sending command to the server: 'time'
client 2023-02-23 23:03:33,250 [INFO] Got response: '1677193413.2473633'
client 2023-02-23 23:03:33,250 [INFO] The time difference between the client and the server is within range -1.881 ms..3.007 ms
client 2023-02-23 23:03:33,250 [INFO] Sending command to the server: 'session,2023-02-23_22-51-32,start,testing'
client 2023-02-23 23:03:46,511 [INFO] Got response: 'OK'
client 2023-02-23 23:03:46,511 [INFO] Running the workload '/home/arjun/run.out'
client 2023-02-23 23:15:18,036 [INFO] Sending command to the server: 'session,2023-02-23_22-51-32,stop,testing'
client 2023-02-23 23:15:28,087 [INFO] Got response: 'OK'
client 2023-02-23 23:15:28,092 [INFO] Copying loadgen logs from '/home/arjun/mobilenet_results/valid_results/arjun_orin-tflite_cpp-cpu-tflite-vmaster-default_config/mobilenet-v1-precision_uint8-0.25-160/singlestream/performance/run_1' to '/home/arjun/mobilenet_results/valid_results/arjun_orin-tflite_cpp-cpu-tflite-vmaster-default_config/mobilenet-v1-precision_uint8-0.25-160/singlestream/performance/tmp_power/run_1'
client 2023-02-23 23:15:28,094 [INFO] Done runs
