ptd-server 2023-02-21 18:52:16,568 [INFO] Got command from the client 'time'
ptd-server 2023-02-21 18:52:16,568 [INFO] Sending reply to client '1677005536.5684712'
ptd-server 2023-02-21 18:52:16,569 [INFO] Got command from the client 'new,,a1a16168-cd9f-439b-8307-6845c4a9fdcf'
ptd-server 2023-02-21 18:52:16,570 [INFO] Sending reply to client 'OK 2023-02-21_18-52-16,5f059dba-5594-4251-9475-b14975af1134'
ptd-server 2023-02-21 18:52:16,609 [INFO] Got command from the client 'time'
ptd-server 2023-02-21 18:52:16,609 [INFO] Sending reply to client '1677005536.609938'
ptd-server 2023-02-21 18:52:16,610 [INFO] Got command from the client 'session,2023-02-21_18-52-16,start,ranging'
ptd-server 2023-02-21 18:52:16,611 [INFO] Running PTDaemon: ['/home/anton/projects/mlperf/power/inference_v1.0/ptd-linux-x86', '-l', '/tmp/tmp4yl1neqp/ptd_logfile.txt', '-p', '8888', '49', '/dev/usbtmc0']
ptd-server 2023-02-21 18:52:33,685 [INFO] Sending to ptd: 'Hello'
ptd-server 2023-02-21 18:52:33,685 [INFO] Reply from ptd: 'Hello, PTDaemon here!'
ptd-server 2023-02-21 18:52:33,685 [INFO] Sending to ptd: 'Identify'
ptd-server 2023-02-21 18:52:33,686 [INFO] Reply from ptd: 'YokogawaWT310E,1000,1,1,1,1,0,1,1,version=1.10.0-ed9a21d2-20220817,OS=Linux 5.15.0-60-generic #66~20.04.1-Ubuntu SMP Wed Jan 25 09:41:30 UTC 2023 x86_64,mode=power,1,1,1,0,0,no_cal_date,YOKOGAWA;WT310E;C3XA04010E;F1.04'
ptd-server 2023-02-21 18:52:33,686 [INFO] Connected to PTDaemon
ptd-server 2023-02-21 18:52:33,686 [INFO] Sending to ptd: 'RR'
ptd-server 2023-02-21 18:52:33,686 [INFO] Reply from ptd: 'Ranges,1,0.100000,1,300.000000'
ptd-server 2023-02-21 18:52:33,686 [INFO] Initial range for Amps is Auto for Volts is Auto
ptd-server 2023-02-21 18:52:33,686 [INFO] Sending to ptd: 'SR,V,Auto'
ptd-server 2023-02-21 18:52:34,189 [INFO] Reply from ptd: 'Range V changed'
ptd-server 2023-02-21 18:52:34,189 [INFO] Sending to ptd: 'SR,A,Auto'
ptd-server 2023-02-21 18:52:34,692 [INFO] Reply from ptd: 'Range A changed'
ptd-server 2023-02-21 18:52:44,702 [INFO] Starting ranging mode
ptd-server 2023-02-21 18:52:44,702 [INFO] Sending to ptd: 'Go,1000,0,2023-02-21_18-52-16_ranging'
ptd-server 2023-02-21 18:52:44,703 [INFO] Reply from ptd: 'Starting untimed measurement, maximum 500000 samples at 1000ms with 0 rampup samples'
ptd-server 2023-02-21 18:52:44,703 [INFO] Sending reply to client 'OK'
ptd-server 2023-02-21 19:03:04,447 [INFO] Got command from the client 'session,2023-02-21_18-52-16,stop,ranging'
ptd-server 2023-02-21 19:03:14,457 [INFO] Sending to ptd: 'Stop'
ptd-server 2023-02-21 19:03:14,458 [INFO] Reply from ptd: 'Stopping untimed measurement'
ptd-server 2023-02-21 19:03:14,807 [INFO] Sending reply to client 'OK'
ptd-server 2023-02-21 19:03:14,841 [INFO] Got command from the client 'time'
ptd-server 2023-02-21 19:03:14,841 [INFO] Sending reply to client '1677006194.8418138'
ptd-server 2023-02-21 19:03:14,842 [INFO] Got command from the client 'session,2023-02-21_18-52-16,start,testing'
ptd-server 2023-02-21 19:03:14,842 [INFO] Sending to ptd: 'SR,V,250.360000'
ptd-server 2023-02-21 19:03:16,344 [INFO] Reply from ptd: 'Range V changed'
ptd-server 2023-02-21 19:03:16,344 [INFO] Sending to ptd: 'SR,A,0.051880'
ptd-server 2023-02-21 19:03:17,845 [INFO] Reply from ptd: 'Range A changed'
ptd-server 2023-02-21 19:03:27,856 [INFO] Starting testing mode
ptd-server 2023-02-21 19:03:27,856 [INFO] Sending to ptd: 'Go,1000,0,2023-02-21_18-52-16_testing'
ptd-server 2023-02-21 19:03:27,856 [INFO] Reply from ptd: 'Starting untimed measurement, maximum 500000 samples at 1000ms with 0 rampup samples'
ptd-server 2023-02-21 19:03:27,856 [INFO] Sending reply to client 'OK'
ptd-server 2023-02-21 19:13:47,548 [INFO] Got command from the client 'session,2023-02-21_18-52-16,stop,testing'
ptd-server 2023-02-21 19:13:57,558 [INFO] Sending to ptd: 'Stop'
ptd-server 2023-02-21 19:13:57,559 [INFO] Reply from ptd: 'Stopping untimed measurement'
ptd-server 2023-02-21 19:13:57,738 [INFO] Sending reply to client 'OK'
ptd-server 2023-02-21 19:13:57,746 [INFO] Got command from the client 'session,2023-02-21_18-52-16,done'
ptd-server 2023-02-21 19:13:57,746 [INFO] Sending to ptd: 'Stop'
ptd-server 2023-02-21 19:13:57,857 [INFO] Reply from ptd: 'Error: no measurement to stop'
ptd-server 2023-02-21 19:13:57,857 [INFO] Sending to ptd: 'SR,V,Auto'
ptd-server 2023-02-21 19:13:58,359 [INFO] Reply from ptd: 'Range V changed'
ptd-server 2023-02-21 19:13:58,359 [INFO] Sending to ptd: 'SR,A,Auto'
ptd-server 2023-02-21 19:13:58,862 [INFO] Reply from ptd: 'Range A changed'
ptd-server 2023-02-21 19:13:58,862 [INFO] Set initial values for Amps Auto and Volts Auto
ptd-server 2023-02-21 19:13:58,862 [INFO] Stopping ptd...
