ptd-server 2023-03-01 23:57:58,848 [INFO] Got command from the client 'time'
ptd-server 2023-03-01 23:57:58,848 [INFO] Sending reply to client '1677715078.8484986'
ptd-server 2023-03-01 23:57:58,850 [INFO] Got command from the client 'new,,babbe2f5-f7d3-45e5-9a18-d283327746be'
ptd-server 2023-03-01 23:57:58,851 [INFO] Sending reply to client 'OK 2023-03-01_23-57-58,4668f4ef-faa0-4105-b5cb-7af88e79cd49'
ptd-server 2023-03-01 23:57:58,876 [INFO] Got command from the client 'time'
ptd-server 2023-03-01 23:57:58,876 [INFO] Sending reply to client '1677715078.876854'
ptd-server 2023-03-01 23:57:58,880 [INFO] Got command from the client 'session,2023-03-01_23-57-58,start,ranging'
ptd-server 2023-03-01 23:57:58,880 [INFO] Running PTDaemon: ['/home/anton/projects/mlperf/power/inference_v1.0/ptd-linux-x86', '-l', '/tmp/tmpjo7pgaee/ptd_logfile.txt', '-p', '8888', '49', '/dev/usbtmc0']
ptd-server 2023-03-01 23:58:15,967 [INFO] Sending to ptd: 'Hello'
ptd-server 2023-03-01 23:58:15,967 [INFO] Reply from ptd: 'Hello, PTDaemon here!'
ptd-server 2023-03-01 23:58:15,967 [INFO] Sending to ptd: 'Identify'
ptd-server 2023-03-01 23:58:15,968 [INFO] Reply from ptd: 'YokogawaWT310E,1000,1,1,1,1,0,1,1,version=1.10.0-ed9a21d2-20220817,OS=Linux 5.15.0-60-generic #66~20.04.1-Ubuntu SMP Wed Jan 25 09:41:30 UTC 2023 x86_64,mode=power,1,1,1,0,0,no_cal_date,YOKOGAWA;WT310E;C3XA04010E;F1.04'
ptd-server 2023-03-01 23:58:15,968 [INFO] Connected to PTDaemon
ptd-server 2023-03-01 23:58:15,968 [INFO] Sending to ptd: 'RR'
ptd-server 2023-03-01 23:58:15,968 [INFO] Reply from ptd: 'Ranges,1,0.100000,1,300.000000'
ptd-server 2023-03-01 23:58:15,968 [INFO] Initial range for Amps is Auto for Volts is Auto
ptd-server 2023-03-01 23:58:15,969 [INFO] Sending to ptd: 'SR,V,Auto'
ptd-server 2023-03-01 23:58:16,471 [INFO] Reply from ptd: 'Range V changed'
ptd-server 2023-03-01 23:58:16,471 [INFO] Sending to ptd: 'SR,A,Auto'
ptd-server 2023-03-01 23:58:16,974 [INFO] Reply from ptd: 'Range A changed'
ptd-server 2023-03-01 23:58:26,983 [INFO] Starting ranging mode
ptd-server 2023-03-01 23:58:26,983 [INFO] Sending to ptd: 'Go,1000,0,2023-03-01_23-57-58_ranging'
ptd-server 2023-03-01 23:58:26,984 [INFO] Reply from ptd: 'Starting untimed measurement, maximum 500000 samples at 1000ms with 0 rampup samples'
ptd-server 2023-03-01 23:58:26,984 [INFO] Sending reply to client 'OK'
ptd-server 2023-03-02 00:08:50,877 [INFO] Got command from the client 'session,2023-03-01_23-57-58,stop,ranging'
ptd-server 2023-03-02 00:09:00,887 [INFO] Sending to ptd: 'Stop'
ptd-server 2023-03-02 00:09:00,888 [INFO] Reply from ptd: 'Stopping untimed measurement'
ptd-server 2023-03-02 00:09:00,899 [INFO] Sending reply to client 'OK'
ptd-server 2023-03-02 00:09:00,990 [INFO] Got command from the client 'time'
ptd-server 2023-03-02 00:09:00,990 [INFO] Sending reply to client '1677715740.9905524'
ptd-server 2023-03-02 00:09:00,994 [INFO] Got command from the client 'session,2023-03-01_23-57-58,start,testing'
ptd-server 2023-03-02 00:09:00,994 [INFO] Sending to ptd: 'SR,V,253.400000'
ptd-server 2023-03-02 00:09:02,496 [INFO] Reply from ptd: 'Range V changed'
ptd-server 2023-03-02 00:09:02,496 [INFO] Sending to ptd: 'SR,A,0.077200'
ptd-server 2023-03-02 00:09:03,997 [INFO] Reply from ptd: 'Range A changed'
ptd-server 2023-03-02 00:09:14,004 [INFO] Starting testing mode
ptd-server 2023-03-02 00:09:14,004 [INFO] Sending to ptd: 'Go,1000,0,2023-03-01_23-57-58_testing'
ptd-server 2023-03-02 00:09:14,004 [INFO] Reply from ptd: 'Starting untimed measurement, maximum 500000 samples at 1000ms with 0 rampup samples'
ptd-server 2023-03-02 00:09:14,005 [INFO] Sending reply to client 'OK'
ptd-server 2023-03-02 00:19:38,060 [INFO] Got command from the client 'session,2023-03-01_23-57-58,stop,testing'
ptd-server 2023-03-02 00:19:48,068 [INFO] Sending to ptd: 'Stop'
ptd-server 2023-03-02 00:19:48,068 [INFO] Reply from ptd: 'Stopping untimed measurement'
ptd-server 2023-03-02 00:19:48,072 [INFO] Sending reply to client 'OK'
ptd-server 2023-03-02 00:19:48,084 [INFO] Got command from the client 'session,2023-03-01_23-57-58,done'
ptd-server 2023-03-02 00:19:48,085 [INFO] Sending to ptd: 'Stop'
ptd-server 2023-03-02 00:19:49,004 [INFO] Reply from ptd: 'Error: no measurement to stop'
ptd-server 2023-03-02 00:19:49,005 [INFO] Sending to ptd: 'SR,V,Auto'
ptd-server 2023-03-02 00:19:49,507 [INFO] Reply from ptd: 'Range V changed'
ptd-server 2023-03-02 00:19:49,507 [INFO] Sending to ptd: 'SR,A,Auto'
ptd-server 2023-03-02 00:19:50,010 [INFO] Reply from ptd: 'Range A changed'
ptd-server 2023-03-02 00:19:50,010 [INFO] Set initial values for Amps Auto and Volts Auto
ptd-server 2023-03-02 00:19:50,010 [INFO] Stopping ptd...
