ptd-server 2023-02-22 23:11:21,660 [INFO] Got command from the client 'time'
ptd-server 2023-02-22 23:11:21,660 [INFO] Sending reply to client '1677107481.6603928'
ptd-server 2023-02-22 23:11:21,661 [INFO] Got command from the client 'new,,cffaba07-074f-44cf-8397-1ef5eb4a0c8c'
ptd-server 2023-02-22 23:11:21,662 [INFO] Sending reply to client 'OK 2023-02-22_23-11-21,9c5bab0c-577b-4b15-8143-a08e9962e97f'
ptd-server 2023-02-22 23:11:21,684 [INFO] Got command from the client 'time'
ptd-server 2023-02-22 23:11:21,684 [INFO] Sending reply to client '1677107481.684903'
ptd-server 2023-02-22 23:11:21,685 [INFO] Got command from the client 'session,2023-02-22_23-11-21,start,ranging'
ptd-server 2023-02-22 23:11:21,686 [INFO] Running PTDaemon: ['/home/anton/projects/mlperf/power/inference_v1.0/ptd-linux-x86', '-l', '/tmp/tmp4yl1neqp/ptd_logfile.txt', '-p', '8888', '49', '/dev/usbtmc0']
ptd-server 2023-02-22 23:11:38,760 [INFO] Sending to ptd: 'Hello'
ptd-server 2023-02-22 23:11:38,761 [INFO] Reply from ptd: 'Hello, PTDaemon here!'
ptd-server 2023-02-22 23:11:38,761 [INFO] Sending to ptd: 'Identify'
ptd-server 2023-02-22 23:11:38,761 [INFO] Reply from ptd: 'YokogawaWT310E,1000,1,1,1,1,0,1,1,version=1.10.0-ed9a21d2-20220817,OS=Linux 5.15.0-60-generic #66~20.04.1-Ubuntu SMP Wed Jan 25 09:41:30 UTC 2023 x86_64,mode=power,1,1,1,0,0,no_cal_date,YOKOGAWA;WT310E;C3XA04010E;F1.04'
ptd-server 2023-02-22 23:11:38,761 [INFO] Connected to PTDaemon
ptd-server 2023-02-22 23:11:38,762 [INFO] Sending to ptd: 'RR'
ptd-server 2023-02-22 23:11:38,762 [INFO] Reply from ptd: 'Ranges,1,0.100000,1,300.000000'
ptd-server 2023-02-22 23:11:38,762 [INFO] Initial range for Amps is Auto for Volts is Auto
ptd-server 2023-02-22 23:11:38,762 [INFO] Sending to ptd: 'SR,V,Auto'
ptd-server 2023-02-22 23:11:39,265 [INFO] Reply from ptd: 'Range V changed'
ptd-server 2023-02-22 23:11:39,265 [INFO] Sending to ptd: 'SR,A,Auto'
ptd-server 2023-02-22 23:11:39,767 [INFO] Reply from ptd: 'Range A changed'
ptd-server 2023-02-22 23:11:49,777 [INFO] Starting ranging mode
ptd-server 2023-02-22 23:11:49,778 [INFO] Sending to ptd: 'Go,1000,0,2023-02-22_23-11-21_ranging'
ptd-server 2023-02-22 23:11:49,778 [INFO] Reply from ptd: 'Starting untimed measurement, maximum 500000 samples at 1000ms with 0 rampup samples'
ptd-server 2023-02-22 23:11:49,778 [INFO] Sending reply to client 'OK'
ptd-server 2023-02-22 23:22:08,395 [INFO] Got command from the client 'session,2023-02-22_23-11-21,stop,ranging'
ptd-server 2023-02-22 23:22:18,405 [INFO] Sending to ptd: 'Stop'
ptd-server 2023-02-22 23:22:18,406 [INFO] Reply from ptd: 'Stopping untimed measurement'
ptd-server 2023-02-22 23:22:18,883 [INFO] Sending reply to client 'OK'
ptd-server 2023-02-22 23:22:18,958 [INFO] Got command from the client 'time'
ptd-server 2023-02-22 23:22:18,958 [INFO] Sending reply to client '1677108138.9588883'
ptd-server 2023-02-22 23:22:18,959 [INFO] Got command from the client 'session,2023-02-22_23-11-21,start,testing'
ptd-server 2023-02-22 23:22:18,960 [INFO] Sending to ptd: 'SR,V,253.260000'
ptd-server 2023-02-22 23:22:20,461 [INFO] Reply from ptd: 'Range V changed'
ptd-server 2023-02-22 23:22:20,461 [INFO] Sending to ptd: 'SR,A,0.051590'
ptd-server 2023-02-22 23:22:21,962 [INFO] Reply from ptd: 'Range A changed'
ptd-server 2023-02-22 23:22:31,973 [INFO] Starting testing mode
ptd-server 2023-02-22 23:22:31,973 [INFO] Sending to ptd: 'Go,1000,0,2023-02-22_23-11-21_testing'
ptd-server 2023-02-22 23:22:31,973 [INFO] Reply from ptd: 'Starting untimed measurement, maximum 500000 samples at 1000ms with 0 rampup samples'
ptd-server 2023-02-22 23:22:31,973 [INFO] Sending reply to client 'OK'
ptd-server 2023-02-22 23:32:50,607 [INFO] Got command from the client 'session,2023-02-22_23-11-21,stop,testing'
ptd-server 2023-02-22 23:33:00,617 [INFO] Sending to ptd: 'Stop'
ptd-server 2023-02-22 23:33:00,618 [INFO] Reply from ptd: 'Stopping untimed measurement'
ptd-server 2023-02-22 23:33:00,862 [INFO] Sending reply to client 'OK'
ptd-server 2023-02-22 23:33:00,870 [INFO] Got command from the client 'session,2023-02-22_23-11-21,done'
ptd-server 2023-02-22 23:33:00,870 [INFO] Sending to ptd: 'Stop'
ptd-server 2023-02-22 23:33:00,973 [INFO] Reply from ptd: 'Error: no measurement to stop'
ptd-server 2023-02-22 23:33:00,973 [INFO] Sending to ptd: 'SR,V,Auto'
ptd-server 2023-02-22 23:33:01,476 [INFO] Reply from ptd: 'Range V changed'
ptd-server 2023-02-22 23:33:01,476 [INFO] Sending to ptd: 'SR,A,Auto'
ptd-server 2023-02-22 23:33:01,979 [INFO] Reply from ptd: 'Range A changed'
ptd-server 2023-02-22 23:33:01,979 [INFO] Set initial values for Amps Auto and Volts Auto
ptd-server 2023-02-22 23:33:01,979 [INFO] Stopping ptd...
