ptd-server 2023-02-25 05:50:54,777 [INFO] Got command from the client 'time'
ptd-server 2023-02-25 05:50:54,777 [INFO] Sending reply to client '1677304254.7778387'
ptd-server 2023-02-25 05:50:54,779 [INFO] Got command from the client 'new,,6742ab2b-1879-47a9-849c-1cd9f97a4de2'
ptd-server 2023-02-25 05:50:54,779 [INFO] Sending reply to client 'OK 2023-02-25_05-50-54,d07785a2-94b9-4482-8bf6-9c94296c6d83'
ptd-server 2023-02-25 05:50:54,806 [INFO] Got command from the client 'time'
ptd-server 2023-02-25 05:50:54,807 [INFO] Sending reply to client '1677304254.8070624'
ptd-server 2023-02-25 05:50:54,809 [INFO] Got command from the client 'session,2023-02-25_05-50-54,start,ranging'
ptd-server 2023-02-25 05:50:54,809 [INFO] Running PTDaemon: ['/home/anton/projects/mlperf/power/inference_v1.0/ptd-linux-x86', '-l', '/tmp/tmpu4v721n6/ptd_logfile.txt', '-p', '8888', '49', '/dev/usbtmc0']
ptd-server 2023-02-25 05:51:11,895 [INFO] Sending to ptd: 'Hello'
ptd-server 2023-02-25 05:51:11,896 [INFO] Reply from ptd: 'Hello, PTDaemon here!'
ptd-server 2023-02-25 05:51:11,896 [INFO] Sending to ptd: 'Identify'
ptd-server 2023-02-25 05:51:11,896 [INFO] Reply from ptd: 'YokogawaWT310E,1000,1,1,1,1,0,1,1,version=1.10.0-ed9a21d2-20220817,OS=Linux 5.15.0-60-generic #66~20.04.1-Ubuntu SMP Wed Jan 25 09:41:30 UTC 2023 x86_64,mode=power,1,1,1,0,0,no_cal_date,YOKOGAWA;WT310E;C3XA04010E;F1.04'
ptd-server 2023-02-25 05:51:11,897 [INFO] Connected to PTDaemon
ptd-server 2023-02-25 05:51:11,897 [INFO] Sending to ptd: 'RR'
ptd-server 2023-02-25 05:51:11,897 [INFO] Reply from ptd: 'Ranges,0,0.100000,0,300.000000'
ptd-server 2023-02-25 05:51:11,897 [INFO] Initial range for Amps is 0.100000 for Volts is 300.000000
ptd-server 2023-02-25 05:51:11,897 [INFO] Sending to ptd: 'SR,V,Auto'
ptd-server 2023-02-25 05:51:12,400 [INFO] Reply from ptd: 'Range V changed'
ptd-server 2023-02-25 05:51:12,400 [INFO] Sending to ptd: 'SR,A,Auto'
ptd-server 2023-02-25 05:51:12,902 [INFO] Reply from ptd: 'Range A changed'
ptd-server 2023-02-25 05:51:22,912 [INFO] Starting ranging mode
ptd-server 2023-02-25 05:51:22,912 [INFO] Sending to ptd: 'Go,1000,0,2023-02-25_05-50-54_ranging'
ptd-server 2023-02-25 05:51:22,912 [INFO] Reply from ptd: 'Starting untimed measurement, maximum 500000 samples at 1000ms with 0 rampup samples'
ptd-server 2023-02-25 05:51:22,913 [INFO] Sending reply to client 'OK'
ptd-server 2023-02-25 06:01:39,748 [INFO] Got command from the client 'session,2023-02-25_05-50-54,stop,ranging'
ptd-server 2023-02-25 06:01:49,758 [INFO] Sending to ptd: 'Stop'
ptd-server 2023-02-25 06:01:49,759 [INFO] Reply from ptd: 'Stopping untimed measurement'
ptd-server 2023-02-25 06:01:49,805 [INFO] Sending reply to client 'OK'
ptd-server 2023-02-25 06:01:49,850 [INFO] Got command from the client 'time'
ptd-server 2023-02-25 06:01:49,850 [INFO] Sending reply to client '1677304909.8509061'
ptd-server 2023-02-25 06:01:49,853 [INFO] Got command from the client 'session,2023-02-25_05-50-54,start,testing'
ptd-server 2023-02-25 06:01:49,853 [INFO] Sending to ptd: 'SR,V,250.180000'
ptd-server 2023-02-25 06:01:51,415 [INFO] Reply from ptd: 'Range V changed'
ptd-server 2023-02-25 06:01:51,415 [INFO] Sending to ptd: 'SR,A,0.045780'
ptd-server 2023-02-25 06:01:52,916 [INFO] Reply from ptd: 'Range A changed'
ptd-server 2023-02-25 06:02:02,924 [INFO] Starting testing mode
ptd-server 2023-02-25 06:02:02,924 [INFO] Sending to ptd: 'Go,1000,0,2023-02-25_05-50-54_testing'
ptd-server 2023-02-25 06:02:02,924 [INFO] Reply from ptd: 'Starting untimed measurement, maximum 500000 samples at 1000ms with 0 rampup samples'
ptd-server 2023-02-25 06:02:02,925 [INFO] Sending reply to client 'OK'
ptd-server 2023-02-25 06:12:18,276 [INFO] Got command from the client 'session,2023-02-25_05-50-54,stop,testing'
ptd-server 2023-02-25 06:12:28,286 [INFO] Sending to ptd: 'Stop'
ptd-server 2023-02-25 06:12:28,287 [INFO] Reply from ptd: 'Stopping untimed measurement'
ptd-server 2023-02-25 06:12:28,310 [INFO] Sending reply to client 'OK'
ptd-server 2023-02-25 06:12:28,330 [INFO] Got command from the client 'session,2023-02-25_05-50-54,done'
ptd-server 2023-02-25 06:12:28,331 [INFO] Sending to ptd: 'Stop'
ptd-server 2023-02-25 06:12:28,925 [INFO] Reply from ptd: 'Error: no measurement to stop'
ptd-server 2023-02-25 06:12:28,925 [INFO] Sending to ptd: 'SR,V,300.000000'
ptd-server 2023-02-25 06:12:30,426 [INFO] Reply from ptd: 'Range V changed'
ptd-server 2023-02-25 06:12:30,427 [INFO] Sending to ptd: 'SR,A,0.100000'
ptd-server 2023-02-25 06:12:31,928 [INFO] Reply from ptd: 'Range A changed'
ptd-server 2023-02-25 06:12:31,928 [INFO] Set initial values for Amps 0.100000 and Volts 300.000000
ptd-server 2023-02-25 06:12:31,928 [INFO] Stopping ptd...
