client 2023-02-27 15:05:28,283 [INFO] Creating output directory '/home/arjun/mobilenet_results/valid_results/arjun_orin-tflite_armnn_cpp-cpu-armnn_tflite-v22.11-using_neon/mobilenet-v2-precision_uint8-0.5-160/singlestream/performance/tmp_power'
client 2023-02-27 15:05:28,482 [INFO] Sending command to the server: 'mlcommons/power client v3'
client 2023-02-27 15:05:28,485 [INFO] Got response: 'mlcommons/power server v3'
client 2023-02-27 15:05:28,485 [INFO] Synchronizing with the server and with time.google.com...
client 2023-02-27 15:05:28,513 [INFO] NTP:offset = 0.000 s, delay = 0.017 s 
client 2023-02-27 15:05:28,513 [INFO] Sending command to the server: 'time'
client 2023-02-27 15:05:28,517 [INFO] Got response: '1677510328.5166767'
client 2023-02-27 15:05:28,517 [INFO] The time difference between the client and the server is within range -3.351 ms..0.471 ms
client 2023-02-27 15:05:28,517 [INFO] Sending command to the server: 'new,,655b50fd-f6b3-4b6e-8c35-d2bfa0fd760a'
client 2023-02-27 15:05:28,522 [INFO] Got response: 'OK 2023-02-27_15-05-28,1d34644f-0cee-4270-95ec-b554220d4cd2'
client 2023-02-27 15:05:28,522 [INFO] Session id is '2023-02-27_15-05-28'
client 2023-02-27 15:05:28,522 [INFO] Sources: {"sources": {"__init__.py": "da39a3ee5e6b4b0d3255bfef95601890afd80709", "client.py": "33ca4f26368777ac06e01f9567b714a4b8063886", "lib/__init__.py": "da39a3ee5e6b4b0d3255bfef95601890afd80709", "lib/client.py": "4c2b78fb4849a7e5b584ef792d82aaed20b17f57", "lib/common.py": "624d0c0acc7c39aaff3674f0b99d6a09da53d1dc", "lib/external/__init__.py": "da39a3ee5e6b4b0d3255bfef95601890afd80709", "lib/external/ntplib.py": "4da8f970656505a40483206ef2b5d3dd5e81711d", "lib/server.py": "cda0cdfaee9bfa1249c64a7dd4f89b7bf1b279f0", "lib/source_hashes.py": "60a2e02193209e8d392803326208d5466342da18", "lib/summary.py": "aa92f0a3f975eecd44d3c0cd0236342ccc9f941d", "lib/time_sync.py": "3210db56eb0ff0df57bf4293dc4d4b03fffd46f1", "server.py": "c3f90f2f7eeb4db30727556d0c815ebc89b3d28b", "tests/unit/__init__.py": "da39a3ee5e6b4b0d3255bfef95601890afd80709", "tests/unit/test_server.py": "99ae15aef722f2000ee6ed1ae1523637bf1ae42b", "tests/unit/test_source_hashes.py": "00468a2907583c593e6574a1f6b404e4651c221a"}, "modules": {"ptd_client_server.lib.client": "lib/client.py", "ptd_client_server.lib.common": "lib/common.py", "ptd_client_server.lib.external.ntplib": "lib/external/ntplib.py", "ptd_client_server.lib.source_hashes": "lib/source_hashes.py", "ptd_client_server.lib.summary": "lib/summary.py", "ptd_client_server.lib.time_sync": "lib/time_sync.py"}}
client 2023-02-27 15:05:28,523 [INFO] Running workload in ranging mode
client 2023-02-27 15:05:28,523 [INFO] Synchronizing with the server and with time.google.com...
client 2023-02-27 15:05:28,542 [INFO] NTP:offset = -0.000 s, delay = 0.017 s 
client 2023-02-27 15:05:28,542 [INFO] Sending command to the server: 'time'
client 2023-02-27 15:05:28,546 [INFO] Got response: '1677510328.5462246'
client 2023-02-27 15:05:28,546 [INFO] The time difference between the client and the server is within range -3.664 ms..0.262 ms
client 2023-02-27 15:05:28,546 [INFO] Sending command to the server: 'session,2023-02-27_15-05-28,start,ranging'
client 2023-02-27 15:05:56,678 [INFO] Got response: 'OK'
client 2023-02-27 15:05:56,678 [INFO] Running the workload '/home/arjun/run.out'
client 2023-02-27 15:20:40,684 [INFO] Sending command to the server: 'session,2023-02-27_15-05-28,stop,ranging'
client 2023-02-27 15:20:51,058 [INFO] Got response: 'OK'
client 2023-02-27 15:20:51,064 [INFO] Copying loadgen logs from '/home/arjun/mobilenet_results/valid_results/arjun_orin-tflite_armnn_cpp-cpu-armnn_tflite-v22.11-using_neon/mobilenet-v2-precision_uint8-0.5-160/singlestream/performance/run_1' to '/home/arjun/mobilenet_results/valid_results/arjun_orin-tflite_armnn_cpp-cpu-armnn_tflite-v22.11-using_neon/mobilenet-v2-precision_uint8-0.5-160/singlestream/performance/tmp_power/ranging'
client 2023-02-27 15:20:51,065 [INFO] Running workload in testing mode
client 2023-02-27 15:20:51,065 [INFO] Synchronizing with the server and with time.google.com...
client 2023-02-27 15:20:51,080 [INFO] NTP:offset = -0.001 s, delay = 0.014 s 
client 2023-02-27 15:20:51,081 [INFO] Sending command to the server: 'time'
client 2023-02-27 15:20:51,086 [INFO] Got response: '1677511251.0838833'
client 2023-02-27 15:20:51,086 [INFO] The time difference between the client and the server is within range -2.755 ms..2.842 ms
client 2023-02-27 15:20:51,086 [INFO] Sending command to the server: 'session,2023-02-27_15-05-28,start,testing'
client 2023-02-27 15:21:04,697 [INFO] Got response: 'OK'
client 2023-02-27 15:21:04,698 [INFO] Running the workload '/home/arjun/run.out'
client 2023-02-27 15:35:53,069 [INFO] Sending command to the server: 'session,2023-02-27_15-05-28,stop,testing'
client 2023-02-27 15:36:03,400 [INFO] Got response: 'OK'
client 2023-02-27 15:36:03,405 [INFO] Copying loadgen logs from '/home/arjun/mobilenet_results/valid_results/arjun_orin-tflite_armnn_cpp-cpu-armnn_tflite-v22.11-using_neon/mobilenet-v2-precision_uint8-0.5-160/singlestream/performance/run_1' to '/home/arjun/mobilenet_results/valid_results/arjun_orin-tflite_armnn_cpp-cpu-armnn_tflite-v22.11-using_neon/mobilenet-v2-precision_uint8-0.5-160/singlestream/performance/tmp_power/run_1'
client 2023-02-27 15:36:03,407 [INFO] Done runs
