ptd-server 2023-02-14 23:13:54,473 [INFO] Got command from the client 'time'
ptd-server 2023-02-14 23:13:54,474 [INFO] Sending reply to client '1676438034.474051'
ptd-server 2023-02-14 23:13:54,475 [INFO] Got command from the client 'new,,f8add75f-6da9-48a5-a3c3-15fbb2e04bef'
ptd-server 2023-02-14 23:13:54,475 [INFO] Sending reply to client 'OK 2023-02-14_23-13-54,605381f8-ad72-4cb0-a354-659962d8e94e'
ptd-server 2023-02-14 23:13:54,556 [INFO] Got command from the client 'time'
ptd-server 2023-02-14 23:13:54,556 [INFO] Sending reply to client '1676438034.5566447'
ptd-server 2023-02-14 23:13:54,557 [INFO] Got command from the client 'session,2023-02-14_23-13-54,start,ranging'
ptd-server 2023-02-14 23:13:54,558 [INFO] Running PTDaemon: ['/local/mnt/workspace/mlcommons/power-main/inference_v1.0/ptd-linux-x86', '-l', '/tmp/tmp9e4egqlt/ptd_logfile.txt', '-p', '8888', '49', '/dev/usbtmc0']
ptd-server 2023-02-14 23:14:11,579 [INFO] Sending to ptd: 'Hello'
ptd-server 2023-02-14 23:14:11,580 [INFO] Reply from ptd: 'Hello, PTDaemon here!'
ptd-server 2023-02-14 23:14:11,580 [INFO] Sending to ptd: 'Identify'
ptd-server 2023-02-14 23:14:11,580 [INFO] Reply from ptd: 'YokogawaWT310E,1000,1,1,1,1,0,1,1,version=1.10.0-ed9a21d2-20220817,OS=Linux 5.4.0-120-generic #136~18.04.1-Ubuntu SMP Fri Jun 10 18:00:44 UTC 2022 x86_64,mode=power,1,1,1,0,0,no_cal_date,YOKOGAWA;WT310E;C2XF16030V;F1.04'
ptd-server 2023-02-14 23:14:11,581 [INFO] Connected to PTDaemon
ptd-server 2023-02-14 23:14:11,581 [INFO] Sending to ptd: 'RR'
ptd-server 2023-02-14 23:14:11,581 [INFO] Reply from ptd: 'Ranges,1,2.000000,1,150.000000'
ptd-server 2023-02-14 23:14:11,582 [INFO] Initial range for Amps is Auto for Volts is Auto
ptd-server 2023-02-14 23:14:11,582 [INFO] Sending to ptd: 'SR,V,Auto'
ptd-server 2023-02-14 23:14:12,089 [INFO] Reply from ptd: 'Range V changed'
ptd-server 2023-02-14 23:14:12,089 [INFO] Sending to ptd: 'SR,A,Auto'
ptd-server 2023-02-14 23:14:12,592 [INFO] Reply from ptd: 'Range A changed'
ptd-server 2023-02-14 23:14:22,603 [INFO] Starting ranging mode
ptd-server 2023-02-14 23:14:22,603 [INFO] Sending to ptd: 'Go,1000,0,2023-02-14_23-13-54_ranging'
ptd-server 2023-02-14 23:14:22,604 [INFO] Reply from ptd: 'Starting untimed measurement, maximum 500000 samples at 1000ms with 0 rampup samples'
ptd-server 2023-02-14 23:14:22,604 [INFO] Sending reply to client 'OK'
ptd-server 2023-02-14 23:26:45,421 [INFO] Got command from the client 'session,2023-02-14_23-13-54,stop,ranging'
ptd-server 2023-02-14 23:26:55,431 [INFO] Sending to ptd: 'Stop'
ptd-server 2023-02-14 23:26:55,432 [INFO] Reply from ptd: 'Stopping untimed measurement'
ptd-server 2023-02-14 23:26:55,450 [INFO] Sending reply to client 'OK'
ptd-server 2023-02-14 23:26:55,558 [INFO] Got command from the client 'time'
ptd-server 2023-02-14 23:26:55,559 [INFO] Sending reply to client '1676438815.5589817'
ptd-server 2023-02-14 23:26:55,560 [INFO] Got command from the client 'session,2023-02-14_23-13-54,start,testing'
ptd-server 2023-02-14 23:26:55,560 [INFO] Sending to ptd: 'SR,V,120.440000'
ptd-server 2023-02-14 23:26:57,107 [INFO] Reply from ptd: 'Range V changed'
ptd-server 2023-02-14 23:26:57,107 [INFO] Sending to ptd: 'SR,A,1.960400'
ptd-server 2023-02-14 23:26:58,609 [INFO] Reply from ptd: 'Range A changed'
ptd-server 2023-02-14 23:27:08,620 [INFO] Starting testing mode
ptd-server 2023-02-14 23:27:08,620 [INFO] Sending to ptd: 'Go,1000,0,2023-02-14_23-13-54_testing'
ptd-server 2023-02-14 23:27:08,621 [INFO] Reply from ptd: 'Starting untimed measurement, maximum 500000 samples at 1000ms with 0 rampup samples'
ptd-server 2023-02-14 23:27:08,621 [INFO] Sending reply to client 'OK'
ptd-server 2023-02-14 23:39:31,393 [INFO] Got command from the client 'session,2023-02-14_23-13-54,stop,testing'
ptd-server 2023-02-14 23:39:41,403 [INFO] Sending to ptd: 'Stop'
ptd-server 2023-02-14 23:39:41,404 [INFO] Reply from ptd: 'Stopping untimed measurement'
ptd-server 2023-02-14 23:39:41,413 [INFO] Sending reply to client 'OK'
ptd-server 2023-02-14 23:39:41,419 [INFO] Got command from the client 'session,2023-02-14_23-13-54,done'
ptd-server 2023-02-14 23:39:41,419 [INFO] Sending to ptd: 'Stop'
ptd-server 2023-02-14 23:39:41,622 [INFO] Reply from ptd: 'Error: no measurement to stop'
ptd-server 2023-02-14 23:39:41,622 [INFO] Sending to ptd: 'SR,V,Auto'
ptd-server 2023-02-14 23:39:42,125 [INFO] Reply from ptd: 'Range V changed'
ptd-server 2023-02-14 23:39:42,125 [INFO] Sending to ptd: 'SR,A,Auto'
ptd-server 2023-02-14 23:39:42,629 [INFO] Reply from ptd: 'Range A changed'
ptd-server 2023-02-14 23:39:42,629 [INFO] Set initial values for Amps Auto and Volts Auto
ptd-server 2023-02-14 23:39:42,629 [INFO] Stopping ptd...
