ptd-server 2023-03-03 21:21:46,382 [INFO] Got command from the client 'time'
ptd-server 2023-03-03 21:21:46,382 [INFO] Sending reply to client '1677878506.3824594'
ptd-server 2023-03-03 21:21:46,387 [INFO] Got command from the client 'new,,c98a12de-063d-4b11-9400-3252e7cc8c94'
ptd-server 2023-03-03 21:21:46,388 [INFO] Sending reply to client 'OK 2023-03-03_21-21-46,da78cf05-3363-43df-8e8b-634bb1b36fc6'
ptd-server 2023-03-03 21:21:46,416 [INFO] Got command from the client 'time'
ptd-server 2023-03-03 21:21:46,417 [INFO] Sending reply to client '1677878506.4169936'
ptd-server 2023-03-03 21:21:46,420 [INFO] Got command from the client 'session,2023-03-03_21-21-46,start,ranging'
ptd-server 2023-03-03 21:21:46,420 [INFO] Running PTDaemon: ['/media/arjun/T7_Touch/hp-envy/CM/repos/local/cache/9b3695ca8255492a/power/inference_v1.0/ptd-linux-x86', '-l', '/tmp/tmpti64566v/ptd_logfile.txt', '-p', '8888', '49', '/dev/usbtmc0']
ptd-server 2023-03-03 21:22:03,506 [INFO] Sending to ptd: 'Hello'
ptd-server 2023-03-03 21:22:03,508 [INFO] Reply from ptd: 'Hello, PTDaemon here!'
ptd-server 2023-03-03 21:22:03,508 [INFO] Sending to ptd: 'Identify'
ptd-server 2023-03-03 21:22:03,509 [INFO] Reply from ptd: 'YokogawaWT310E,1000,1,1,1,1,0,1,1,version=1.10.0-ed9a21d2-20220817,OS=Linux 5.15.0-56-generic #62-Ubuntu SMP Tue Nov 22 19:54:14 UTC 2022 x86_64,mode=power,1,1,1,0,0,no_cal_date,YOKOGAWA;WT310E;C3YD21068E;F1.04'
ptd-server 2023-03-03 21:22:03,509 [INFO] Connected to PTDaemon
ptd-server 2023-03-03 21:22:03,510 [INFO] Sending to ptd: 'RR'
ptd-server 2023-03-03 21:22:03,510 [INFO] Reply from ptd: 'Ranges,1,0.200000,0,600.000000'
ptd-server 2023-03-03 21:22:03,510 [INFO] Initial range for Amps is Auto for Volts is 600.000000
ptd-server 2023-03-03 21:22:03,511 [INFO] Sending to ptd: 'SR,V,Auto'
ptd-server 2023-03-03 21:22:04,014 [INFO] Reply from ptd: 'Range V changed'
ptd-server 2023-03-03 21:22:04,014 [INFO] Sending to ptd: 'SR,A,Auto'
ptd-server 2023-03-03 21:22:04,518 [INFO] Reply from ptd: 'Range A changed'
ptd-server 2023-03-03 21:22:14,529 [INFO] Starting ranging mode
ptd-server 2023-03-03 21:22:14,529 [INFO] Sending to ptd: 'Go,1000,0,2023-03-03_21-21-46_ranging'
ptd-server 2023-03-03 21:22:14,530 [INFO] Reply from ptd: 'Starting untimed measurement, maximum 500000 samples at 1000ms with 0 rampup samples'
ptd-server 2023-03-03 21:22:14,530 [INFO] Sending reply to client 'OK'
ptd-server 2023-03-03 21:35:06,383 [INFO] Got command from the client 'session,2023-03-03_21-21-46,stop,ranging'
ptd-server 2023-03-03 21:35:16,395 [INFO] Sending to ptd: 'Stop'
ptd-server 2023-03-03 21:35:16,396 [INFO] Reply from ptd: 'Stopping untimed measurement'
ptd-server 2023-03-03 21:35:16,833 [INFO] Sending reply to client 'OK'
ptd-server 2023-03-03 21:35:16,895 [INFO] Got command from the client 'time'
ptd-server 2023-03-03 21:35:16,895 [INFO] Sending reply to client '1677879316.8955543'
ptd-server 2023-03-03 21:35:16,903 [INFO] Got command from the client 'session,2023-03-03_21-21-46,start,testing'
ptd-server 2023-03-03 21:35:16,903 [INFO] Sending to ptd: 'SR,V,246.550000'
ptd-server 2023-03-03 21:35:18,404 [INFO] Reply from ptd: 'Range V changed'
ptd-server 2023-03-03 21:35:18,404 [INFO] Sending to ptd: 'SR,A,0.187560'
ptd-server 2023-03-03 21:35:19,907 [INFO] Reply from ptd: 'Range A changed'
ptd-server 2023-03-03 21:35:29,917 [INFO] Starting testing mode
ptd-server 2023-03-03 21:35:29,917 [INFO] Sending to ptd: 'Go,1000,0,2023-03-03_21-21-46_testing'
ptd-server 2023-03-03 21:35:29,918 [INFO] Reply from ptd: 'Starting untimed measurement, maximum 500000 samples at 1000ms with 0 rampup samples'
ptd-server 2023-03-03 21:35:29,919 [INFO] Sending reply to client 'OK'
ptd-server 2023-03-03 21:48:22,682 [INFO] Got command from the client 'session,2023-03-03_21-21-46,stop,testing'
ptd-server 2023-03-03 21:48:32,693 [INFO] Sending to ptd: 'Stop'
ptd-server 2023-03-03 21:48:32,694 [INFO] Reply from ptd: 'Stopping untimed measurement'
ptd-server 2023-03-03 21:48:32,901 [INFO] Sending reply to client 'OK'
ptd-server 2023-03-03 21:48:32,919 [INFO] Got command from the client 'session,2023-03-03_21-21-46,done'
ptd-server 2023-03-03 21:48:32,919 [INFO] Sending to ptd: 'Stop'
ptd-server 2023-03-03 21:48:32,919 [INFO] Reply from ptd: 'Error: no measurement to stop'
ptd-server 2023-03-03 21:48:32,920 [INFO] Sending to ptd: 'SR,V,600.000000'
ptd-server 2023-03-03 21:48:34,421 [INFO] Reply from ptd: 'Range V changed'
ptd-server 2023-03-03 21:48:34,422 [INFO] Sending to ptd: 'SR,A,Auto'
ptd-server 2023-03-03 21:48:34,924 [INFO] Reply from ptd: 'Range A changed'
ptd-server 2023-03-03 21:48:34,925 [INFO] Set initial values for Amps Auto and Volts 600.000000
ptd-server 2023-03-03 21:48:34,925 [INFO] Stopping ptd...
