client 2023-02-25 04:03:53,726 [INFO] Creating output directory '/home/arjun/mobilenet_results/valid_results/arjun_orin-tflite_cpp-cpu-tflite-vmaster-default_config/efficientnet-int8-lite3/singlestream/performance/tmp_power'
client 2023-02-25 04:03:53,731 [INFO] Sending command to the server: 'mlcommons/power client v3'
client 2023-02-25 04:03:53,734 [INFO] Got response: 'mlcommons/power server v3'
client 2023-02-25 04:03:53,734 [INFO] Synchronizing with the server and with time.google.com...
client 2023-02-25 04:03:53,781 [INFO] NTP:offset = -0.000 s, delay = 0.017 s 
client 2023-02-25 04:03:53,781 [INFO] Sending command to the server: 'time'
client 2023-02-25 04:03:53,784 [INFO] Got response: '1677297833.7843301'
client 2023-02-25 04:03:53,784 [INFO] The time difference between the client and the server is within range -2.494 ms..0.536 ms
client 2023-02-25 04:03:53,785 [INFO] Sending command to the server: 'new,,e9fc6c45-63e4-48d9-b755-61a2f2f12bf0'
client 2023-02-25 04:03:53,789 [INFO] Got response: 'OK 2023-02-25_04-03-53,5b013e39-6dc5-42d7-89ae-1bb573bbfb28'
client 2023-02-25 04:03:53,789 [INFO] Session id is '2023-02-25_04-03-53'
client 2023-02-25 04:03:53,789 [INFO] Sources: {"sources": {"__init__.py": "da39a3ee5e6b4b0d3255bfef95601890afd80709", "client.py": "33ca4f26368777ac06e01f9567b714a4b8063886", "lib/__init__.py": "da39a3ee5e6b4b0d3255bfef95601890afd80709", "lib/client.py": "4c2b78fb4849a7e5b584ef792d82aaed20b17f57", "lib/common.py": "624d0c0acc7c39aaff3674f0b99d6a09da53d1dc", "lib/external/__init__.py": "da39a3ee5e6b4b0d3255bfef95601890afd80709", "lib/external/ntplib.py": "4da8f970656505a40483206ef2b5d3dd5e81711d", "lib/server.py": "cda0cdfaee9bfa1249c64a7dd4f89b7bf1b279f0", "lib/source_hashes.py": "60a2e02193209e8d392803326208d5466342da18", "lib/summary.py": "aa92f0a3f975eecd44d3c0cd0236342ccc9f941d", "lib/time_sync.py": "3210db56eb0ff0df57bf4293dc4d4b03fffd46f1", "server.py": "c3f90f2f7eeb4db30727556d0c815ebc89b3d28b", "tests/unit/__init__.py": "da39a3ee5e6b4b0d3255bfef95601890afd80709", "tests/unit/test_server.py": "99ae15aef722f2000ee6ed1ae1523637bf1ae42b", "tests/unit/test_source_hashes.py": "00468a2907583c593e6574a1f6b404e4651c221a"}, "modules": {"ptd_client_server.lib.client": "lib/client.py", "ptd_client_server.lib.common": "lib/common.py", "ptd_client_server.lib.external.ntplib": "lib/external/ntplib.py", "ptd_client_server.lib.source_hashes": "lib/source_hashes.py", "ptd_client_server.lib.summary": "lib/summary.py", "ptd_client_server.lib.time_sync": "lib/time_sync.py"}}
client 2023-02-25 04:03:53,790 [INFO] Running workload in ranging mode
client 2023-02-25 04:03:53,790 [INFO] Synchronizing with the server and with time.google.com...
client 2023-02-25 04:03:53,806 [INFO] NTP:offset = -0.000 s, delay = 0.015 s 
client 2023-02-25 04:03:53,806 [INFO] Sending command to the server: 'time'
client 2023-02-25 04:03:53,809 [INFO] Got response: '1677297833.8088453'
client 2023-02-25 04:03:53,809 [INFO] The time difference between the client and the server is within range -2.091 ms..0.567 ms
client 2023-02-25 04:03:53,809 [INFO] Sending command to the server: 'session,2023-02-25_04-03-53,start,ranging'
client 2023-02-25 04:04:21,894 [INFO] Got response: 'OK'
client 2023-02-25 04:04:21,895 [INFO] Running the workload '/home/arjun/run.out'
client 2023-02-25 04:15:26,302 [INFO] Sending command to the server: 'session,2023-02-25_04-03-53,stop,ranging'
client 2023-02-25 04:15:36,638 [INFO] Got response: 'OK'
client 2023-02-25 04:15:36,648 [INFO] Copying loadgen logs from '/home/arjun/mobilenet_results/valid_results/arjun_orin-tflite_cpp-cpu-tflite-vmaster-default_config/efficientnet-int8-lite3/singlestream/performance/run_1' to '/home/arjun/mobilenet_results/valid_results/arjun_orin-tflite_cpp-cpu-tflite-vmaster-default_config/efficientnet-int8-lite3/singlestream/performance/tmp_power/ranging'
client 2023-02-25 04:15:36,648 [INFO] Running workload in testing mode
client 2023-02-25 04:15:36,648 [INFO] Synchronizing with the server and with time.google.com...
client 2023-02-25 04:15:36,678 [INFO] NTP:offset = -0.001 s, delay = 0.015 s 
client 2023-02-25 04:15:36,678 [INFO] Sending command to the server: 'time'
client 2023-02-25 04:15:36,681 [INFO] Got response: '1677298536.6805863'
client 2023-02-25 04:15:36,681 [INFO] The time difference between the client and the server is within range -2.266 ms..0.920 ms
client 2023-02-25 04:15:36,681 [INFO] Sending command to the server: 'session,2023-02-25_04-03-53,start,testing'
client 2023-02-25 04:15:49,907 [INFO] Got response: 'OK'
client 2023-02-25 04:15:49,907 [INFO] Running the workload '/home/arjun/run.out'
client 2023-02-25 04:26:52,937 [INFO] Sending command to the server: 'session,2023-02-25_04-03-53,stop,testing'
client 2023-02-25 04:27:03,315 [INFO] Got response: 'OK'
client 2023-02-25 04:27:03,320 [INFO] Copying loadgen logs from '/home/arjun/mobilenet_results/valid_results/arjun_orin-tflite_cpp-cpu-tflite-vmaster-default_config/efficientnet-int8-lite3/singlestream/performance/run_1' to '/home/arjun/mobilenet_results/valid_results/arjun_orin-tflite_cpp-cpu-tflite-vmaster-default_config/efficientnet-int8-lite3/singlestream/performance/tmp_power/run_1'
client 2023-02-25 04:27:03,322 [INFO] Done runs
