ptd-server 2023-03-01 07:59:42,155 [INFO] Got command from the client 'time'
ptd-server 2023-03-01 07:59:42,155 [INFO] Sending reply to client '1677657582.1559532'
ptd-server 2023-03-01 07:59:42,157 [INFO] Got command from the client 'new,,f4307505-259b-47ed-9e6b-95ef68db9571'
ptd-server 2023-03-01 07:59:42,158 [INFO] Sending reply to client 'OK 2023-03-01_07-59-42,600aa6f5-74df-41df-a006-2b971144a9c4'
ptd-server 2023-03-01 07:59:42,184 [INFO] Got command from the client 'time'
ptd-server 2023-03-01 07:59:42,185 [INFO] Sending reply to client '1677657582.1850314'
ptd-server 2023-03-01 07:59:42,186 [INFO] Got command from the client 'session,2023-03-01_07-59-42,start,ranging'
ptd-server 2023-03-01 07:59:42,187 [INFO] Running PTDaemon: ['/home/anton/projects/mlperf/power/inference_v1.0/ptd-linux-x86', '-l', '/tmp/tmpu4v721n6/ptd_logfile.txt', '-p', '8888', '49', '/dev/usbtmc0']
ptd-server 2023-03-01 07:59:59,273 [INFO] Sending to ptd: 'Hello'
ptd-server 2023-03-01 07:59:59,274 [INFO] Reply from ptd: 'Hello, PTDaemon here!'
ptd-server 2023-03-01 07:59:59,274 [INFO] Sending to ptd: 'Identify'
ptd-server 2023-03-01 07:59:59,275 [INFO] Reply from ptd: 'YokogawaWT310E,1000,1,1,1,1,0,1,1,version=1.10.0-ed9a21d2-20220817,OS=Linux 5.15.0-60-generic #66~20.04.1-Ubuntu SMP Wed Jan 25 09:41:30 UTC 2023 x86_64,mode=power,1,1,1,0,0,no_cal_date,YOKOGAWA;WT310E;C3XA04010E;F1.04'
ptd-server 2023-03-01 07:59:59,275 [INFO] Connected to PTDaemon
ptd-server 2023-03-01 07:59:59,275 [INFO] Sending to ptd: 'RR'
ptd-server 2023-03-01 07:59:59,275 [INFO] Reply from ptd: 'Ranges,0,0.100000,0,300.000000'
ptd-server 2023-03-01 07:59:59,275 [INFO] Initial range for Amps is 0.100000 for Volts is 300.000000
ptd-server 2023-03-01 07:59:59,275 [INFO] Sending to ptd: 'SR,V,Auto'
ptd-server 2023-03-01 07:59:59,778 [INFO] Reply from ptd: 'Range V changed'
ptd-server 2023-03-01 07:59:59,778 [INFO] Sending to ptd: 'SR,A,Auto'
ptd-server 2023-03-01 08:00:00,280 [INFO] Reply from ptd: 'Range A changed'
ptd-server 2023-03-01 08:00:10,288 [INFO] Starting ranging mode
ptd-server 2023-03-01 08:00:10,288 [INFO] Sending to ptd: 'Go,1000,0,2023-03-01_07-59-42_ranging'
ptd-server 2023-03-01 08:00:10,288 [INFO] Reply from ptd: 'Starting untimed measurement, maximum 500000 samples at 1000ms with 0 rampup samples'
ptd-server 2023-03-01 08:00:10,289 [INFO] Sending reply to client 'OK'
ptd-server 2023-03-01 08:10:34,266 [INFO] Got command from the client 'session,2023-03-01_07-59-42,stop,ranging'
ptd-server 2023-03-01 08:10:44,276 [INFO] Sending to ptd: 'Stop'
ptd-server 2023-03-01 08:10:44,276 [INFO] Reply from ptd: 'Stopping untimed measurement'
ptd-server 2023-03-01 08:10:44,858 [INFO] Sending reply to client 'OK'
ptd-server 2023-03-01 08:10:44,949 [INFO] Got command from the client 'time'
ptd-server 2023-03-01 08:10:44,949 [INFO] Sending reply to client '1677658244.9496264'
ptd-server 2023-03-01 08:10:44,953 [INFO] Got command from the client 'session,2023-03-01_07-59-42,start,testing'
ptd-server 2023-03-01 08:10:44,954 [INFO] Sending to ptd: 'SR,V,252.640000'
ptd-server 2023-03-01 08:10:46,455 [INFO] Reply from ptd: 'Range V changed'
ptd-server 2023-03-01 08:10:46,455 [INFO] Sending to ptd: 'SR,A,0.081080'
ptd-server 2023-03-01 08:10:47,956 [INFO] Reply from ptd: 'Range A changed'
ptd-server 2023-03-01 08:10:57,967 [INFO] Starting testing mode
ptd-server 2023-03-01 08:10:57,967 [INFO] Sending to ptd: 'Go,1000,0,2023-03-01_07-59-42_testing'
ptd-server 2023-03-01 08:10:57,967 [INFO] Reply from ptd: 'Starting untimed measurement, maximum 500000 samples at 1000ms with 0 rampup samples'
ptd-server 2023-03-01 08:10:57,967 [INFO] Sending reply to client 'OK'
ptd-server 2023-03-01 08:21:21,724 [INFO] Got command from the client 'session,2023-03-01_07-59-42,stop,testing'
ptd-server 2023-03-01 08:21:31,735 [INFO] Sending to ptd: 'Stop'
ptd-server 2023-03-01 08:21:31,735 [INFO] Reply from ptd: 'Stopping untimed measurement'
ptd-server 2023-03-01 08:21:32,032 [INFO] Sending reply to client 'OK'
ptd-server 2023-03-01 08:21:32,050 [INFO] Got command from the client 'session,2023-03-01_07-59-42,done'
ptd-server 2023-03-01 08:21:32,050 [INFO] Sending to ptd: 'Stop'
ptd-server 2023-03-01 08:21:32,050 [INFO] Reply from ptd: 'Error: no measurement to stop'
ptd-server 2023-03-01 08:21:32,050 [INFO] Sending to ptd: 'SR,V,300.000000'
ptd-server 2023-03-01 08:21:33,552 [INFO] Reply from ptd: 'Range V changed'
ptd-server 2023-03-01 08:21:33,552 [INFO] Sending to ptd: 'SR,A,0.100000'
ptd-server 2023-03-01 08:21:35,053 [INFO] Reply from ptd: 'Range A changed'
ptd-server 2023-03-01 08:21:35,053 [INFO] Set initial values for Amps 0.100000 and Volts 300.000000
ptd-server 2023-03-01 08:21:35,053 [INFO] Stopping ptd...
