ptd-server 2023-02-27 07:04:41,808 [INFO] Got command from the client 'time'
ptd-server 2023-02-27 07:04:41,808 [INFO] Sending reply to client '1677481481.8084583'
ptd-server 2023-02-27 07:04:41,809 [INFO] Got command from the client 'new,,6e18483a-b85c-48f8-8578-68434908d150'
ptd-server 2023-02-27 07:04:41,810 [INFO] Sending reply to client 'OK 2023-02-27_07-04-41,e144e50c-202a-4627-b36f-28113b107d40'
ptd-server 2023-02-27 07:04:41,834 [INFO] Got command from the client 'time'
ptd-server 2023-02-27 07:04:41,834 [INFO] Sending reply to client '1677481481.8342767'
ptd-server 2023-02-27 07:04:41,836 [INFO] Got command from the client 'session,2023-02-27_07-04-41,start,ranging'
ptd-server 2023-02-27 07:04:41,836 [INFO] Running PTDaemon: ['/home/anton/projects/mlperf/power/inference_v1.0/ptd-linux-x86', '-l', '/tmp/tmpu4v721n6/ptd_logfile.txt', '-p', '8888', '49', '/dev/usbtmc0']
ptd-server 2023-02-27 07:04:58,923 [INFO] Sending to ptd: 'Hello'
ptd-server 2023-02-27 07:04:58,924 [INFO] Reply from ptd: 'Hello, PTDaemon here!'
ptd-server 2023-02-27 07:04:58,924 [INFO] Sending to ptd: 'Identify'
ptd-server 2023-02-27 07:04:58,924 [INFO] Reply from ptd: 'YokogawaWT310E,1000,1,1,1,1,0,1,1,version=1.10.0-ed9a21d2-20220817,OS=Linux 5.15.0-60-generic #66~20.04.1-Ubuntu SMP Wed Jan 25 09:41:30 UTC 2023 x86_64,mode=power,1,1,1,0,0,no_cal_date,YOKOGAWA;WT310E;C3XA04010E;F1.04'
ptd-server 2023-02-27 07:04:58,924 [INFO] Connected to PTDaemon
ptd-server 2023-02-27 07:04:58,924 [INFO] Sending to ptd: 'RR'
ptd-server 2023-02-27 07:04:58,925 [INFO] Reply from ptd: 'Ranges,0,0.100000,0,300.000000'
ptd-server 2023-02-27 07:04:58,925 [INFO] Initial range for Amps is 0.100000 for Volts is 300.000000
ptd-server 2023-02-27 07:04:58,925 [INFO] Sending to ptd: 'SR,V,Auto'
ptd-server 2023-02-27 07:04:59,427 [INFO] Reply from ptd: 'Range V changed'
ptd-server 2023-02-27 07:04:59,428 [INFO] Sending to ptd: 'SR,A,Auto'
ptd-server 2023-02-27 07:04:59,930 [INFO] Reply from ptd: 'Range A changed'
ptd-server 2023-02-27 07:05:09,935 [INFO] Starting ranging mode
ptd-server 2023-02-27 07:05:09,935 [INFO] Sending to ptd: 'Go,1000,0,2023-02-27_07-04-41_ranging'
ptd-server 2023-02-27 07:05:09,935 [INFO] Reply from ptd: 'Starting untimed measurement, maximum 500000 samples at 1000ms with 0 rampup samples'
ptd-server 2023-02-27 07:05:09,936 [INFO] Sending reply to client 'OK'
ptd-server 2023-02-27 07:15:32,216 [INFO] Got command from the client 'session,2023-02-27_07-04-41,stop,ranging'
ptd-server 2023-02-27 07:15:42,224 [INFO] Sending to ptd: 'Stop'
ptd-server 2023-02-27 07:15:42,224 [INFO] Reply from ptd: 'Stopping untimed measurement'
ptd-server 2023-02-27 07:15:42,535 [INFO] Sending reply to client 'OK'
ptd-server 2023-02-27 07:15:42,578 [INFO] Got command from the client 'time'
ptd-server 2023-02-27 07:15:42,579 [INFO] Sending reply to client '1677482142.5791304'
ptd-server 2023-02-27 07:15:42,582 [INFO] Got command from the client 'session,2023-02-27_07-04-41,start,testing'
ptd-server 2023-02-27 07:15:42,582 [INFO] Sending to ptd: 'SR,V,251.900000'
ptd-server 2023-02-27 07:15:44,438 [INFO] Reply from ptd: 'Range V changed'
ptd-server 2023-02-27 07:15:44,438 [INFO] Sending to ptd: 'SR,A,0.051870'
ptd-server 2023-02-27 07:15:45,939 [INFO] Reply from ptd: 'Range A changed'
ptd-server 2023-02-27 07:15:55,948 [INFO] Starting testing mode
ptd-server 2023-02-27 07:15:55,948 [INFO] Sending to ptd: 'Go,1000,0,2023-02-27_07-04-41_testing'
ptd-server 2023-02-27 07:15:55,948 [INFO] Reply from ptd: 'Starting untimed measurement, maximum 500000 samples at 1000ms with 0 rampup samples'
ptd-server 2023-02-27 07:15:55,949 [INFO] Sending reply to client 'OK'
ptd-server 2023-02-27 07:26:18,170 [INFO] Got command from the client 'session,2023-02-27_07-04-41,stop,testing'
ptd-server 2023-02-27 07:26:28,180 [INFO] Sending to ptd: 'Stop'
ptd-server 2023-02-27 07:26:28,180 [INFO] Reply from ptd: 'Stopping untimed measurement'
ptd-server 2023-02-27 07:26:28,337 [INFO] Sending reply to client 'OK'
ptd-server 2023-02-27 07:26:28,357 [INFO] Got command from the client 'session,2023-02-27_07-04-41,done'
ptd-server 2023-02-27 07:26:28,357 [INFO] Sending to ptd: 'Stop'
ptd-server 2023-02-27 07:26:28,948 [INFO] Reply from ptd: 'Error: no measurement to stop'
ptd-server 2023-02-27 07:26:28,949 [INFO] Sending to ptd: 'SR,V,300.000000'
ptd-server 2023-02-27 07:26:30,450 [INFO] Reply from ptd: 'Range V changed'
ptd-server 2023-02-27 07:26:30,450 [INFO] Sending to ptd: 'SR,A,0.100000'
ptd-server 2023-02-27 07:26:31,951 [INFO] Reply from ptd: 'Range A changed'
ptd-server 2023-02-27 07:26:31,952 [INFO] Set initial values for Amps 0.100000 and Volts 300.000000
ptd-server 2023-02-27 07:26:31,952 [INFO] Stopping ptd...
