ptd-server 2023-02-28 22:46:13,644 [INFO] Got command from the client 'time'
ptd-server 2023-02-28 22:46:13,644 [INFO] Sending reply to client '1677624373.644276'
ptd-server 2023-02-28 22:46:13,648 [INFO] Got command from the client 'new,,e788e686-b201-4e86-8f33-25ed7753cf12'
ptd-server 2023-02-28 22:46:13,648 [INFO] Sending reply to client 'OK 2023-02-28_22-46-13,5a04e7ca-b167-4f1a-97e8-239df1ef005b'
ptd-server 2023-02-28 22:46:13,671 [INFO] Got command from the client 'time'
ptd-server 2023-02-28 22:46:13,672 [INFO] Sending reply to client '1677624373.672147'
ptd-server 2023-02-28 22:46:13,675 [INFO] Got command from the client 'session,2023-02-28_22-46-13,start,ranging'
ptd-server 2023-02-28 22:46:13,675 [INFO] Running PTDaemon: ['/media/arjun/T7_Touch/hp-envy/CM/repos/local/cache/9b3695ca8255492a/power/inference_v1.0/ptd-linux-x86', '-l', '/tmp/tmpti64566v/ptd_logfile.txt', '-p', '8888', '49', '/dev/usbtmc0']
ptd-server 2023-02-28 22:46:30,773 [INFO] Sending to ptd: 'Hello'
ptd-server 2023-02-28 22:46:30,773 [INFO] Reply from ptd: 'Hello, PTDaemon here!'
ptd-server 2023-02-28 22:46:30,773 [INFO] Sending to ptd: 'Identify'
ptd-server 2023-02-28 22:46:30,774 [INFO] Reply from ptd: 'YokogawaWT310E,1000,1,1,1,1,0,1,1,version=1.10.0-ed9a21d2-20220817,OS=Linux 5.15.0-56-generic #62-Ubuntu SMP Tue Nov 22 19:54:14 UTC 2022 x86_64,mode=power,1,1,1,0,0,no_cal_date,YOKOGAWA;WT310E;C3YD21068E;F1.04'
ptd-server 2023-02-28 22:46:30,774 [INFO] Connected to PTDaemon
ptd-server 2023-02-28 22:46:30,774 [INFO] Sending to ptd: 'RR'
ptd-server 2023-02-28 22:46:30,774 [INFO] Reply from ptd: 'Ranges,0,0.100000,0,600.000000'
ptd-server 2023-02-28 22:46:30,774 [INFO] Initial range for Amps is 0.100000 for Volts is 600.000000
ptd-server 2023-02-28 22:46:30,774 [INFO] Sending to ptd: 'SR,V,Auto'
ptd-server 2023-02-28 22:46:31,277 [INFO] Reply from ptd: 'Range V changed'
ptd-server 2023-02-28 22:46:31,278 [INFO] Sending to ptd: 'SR,A,Auto'
ptd-server 2023-02-28 22:46:31,781 [INFO] Reply from ptd: 'Range A changed'
ptd-server 2023-02-28 22:46:41,792 [INFO] Starting ranging mode
ptd-server 2023-02-28 22:46:41,792 [INFO] Sending to ptd: 'Go,1000,0,2023-02-28_22-46-13_ranging'
ptd-server 2023-02-28 22:46:41,793 [INFO] Reply from ptd: 'Starting untimed measurement, maximum 500000 samples at 1000ms with 0 rampup samples'
ptd-server 2023-02-28 22:46:41,793 [INFO] Sending reply to client 'OK'
ptd-server 2023-02-28 22:59:37,045 [INFO] Got command from the client 'session,2023-02-28_22-46-13,stop,ranging'
ptd-server 2023-02-28 22:59:47,057 [INFO] Sending to ptd: 'Stop'
ptd-server 2023-02-28 22:59:47,058 [INFO] Reply from ptd: 'Stopping untimed measurement'
ptd-server 2023-02-28 22:59:47,428 [INFO] Sending reply to client 'OK'
ptd-server 2023-02-28 22:59:47,494 [INFO] Got command from the client 'time'
ptd-server 2023-02-28 22:59:47,495 [INFO] Sending reply to client '1677625187.495095'
ptd-server 2023-02-28 22:59:47,499 [INFO] Got command from the client 'session,2023-02-28_22-46-13,start,testing'
ptd-server 2023-02-28 22:59:47,499 [INFO] Sending to ptd: 'SR,V,247.930000'
ptd-server 2023-02-28 22:59:49,296 [INFO] Reply from ptd: 'Range V changed'
ptd-server 2023-02-28 22:59:49,296 [INFO] Sending to ptd: 'SR,A,0.283970'
ptd-server 2023-02-28 22:59:50,800 [INFO] Reply from ptd: 'Range A changed'
ptd-server 2023-02-28 23:00:00,811 [INFO] Starting testing mode
ptd-server 2023-02-28 23:00:00,811 [INFO] Sending to ptd: 'Go,1000,0,2023-02-28_22-46-13_testing'
ptd-server 2023-02-28 23:00:00,812 [INFO] Reply from ptd: 'Starting untimed measurement, maximum 500000 samples at 1000ms with 0 rampup samples'
ptd-server 2023-02-28 23:00:00,812 [INFO] Sending reply to client 'OK'
ptd-server 2023-02-28 23:12:57,918 [INFO] Got command from the client 'session,2023-02-28_22-46-13,stop,testing'
ptd-server 2023-02-28 23:13:07,921 [INFO] Sending to ptd: 'Stop'
ptd-server 2023-02-28 23:13:07,922 [INFO] Reply from ptd: 'Stopping untimed measurement'
ptd-server 2023-02-28 23:13:08,091 [INFO] Sending reply to client 'OK'
ptd-server 2023-02-28 23:13:08,107 [INFO] Got command from the client 'session,2023-02-28_22-46-13,done'
ptd-server 2023-02-28 23:13:08,107 [INFO] Sending to ptd: 'Stop'
ptd-server 2023-02-28 23:13:08,813 [INFO] Reply from ptd: 'Error: no measurement to stop'
ptd-server 2023-02-28 23:13:08,814 [INFO] Sending to ptd: 'SR,V,600.000000'
ptd-server 2023-02-28 23:13:10,317 [INFO] Reply from ptd: 'Range V changed'
ptd-server 2023-02-28 23:13:10,318 [INFO] Sending to ptd: 'SR,A,0.100000'
ptd-server 2023-02-28 23:13:11,821 [INFO] Reply from ptd: 'Range A changed'
ptd-server 2023-02-28 23:13:11,821 [INFO] Set initial values for Amps 0.100000 and Volts 600.000000
ptd-server 2023-02-28 23:13:11,821 [INFO] Stopping ptd...
