ptd-server 2023-02-21 00:44:57,681 [INFO] Got command from the client 'time'
ptd-server 2023-02-21 00:44:57,681 [INFO] Sending reply to client '1676940297.6815968'
ptd-server 2023-02-21 00:44:57,682 [INFO] Got command from the client 'new,,f566188d-b7e6-4888-97cf-0b3b1c67fd20'
ptd-server 2023-02-21 00:44:57,683 [INFO] Sending reply to client 'OK 2023-02-21_00-44-57,05126bf1-4920-4e12-9455-6bbf930f0e5d'
ptd-server 2023-02-21 00:44:57,759 [INFO] Got command from the client 'time'
ptd-server 2023-02-21 00:44:57,760 [INFO] Sending reply to client '1676940297.760099'
ptd-server 2023-02-21 00:44:57,761 [INFO] Got command from the client 'session,2023-02-21_00-44-57,start,ranging'
ptd-server 2023-02-21 00:44:57,761 [INFO] Running PTDaemon: ['/home/anton/projects/mlperf/power/inference_v1.0/ptd-linux-x86', '-l', '/tmp/tmp4yl1neqp/ptd_logfile.txt', '-p', '8888', '49', '/dev/usbtmc0']
ptd-server 2023-02-21 00:45:14,835 [INFO] Sending to ptd: 'Hello'
ptd-server 2023-02-21 00:45:14,835 [INFO] Reply from ptd: 'Hello, PTDaemon here!'
ptd-server 2023-02-21 00:45:14,835 [INFO] Sending to ptd: 'Identify'
ptd-server 2023-02-21 00:45:14,836 [INFO] Reply from ptd: 'YokogawaWT310E,1000,1,1,1,1,0,1,1,version=1.10.0-ed9a21d2-20220817,OS=Linux 5.15.0-60-generic #66~20.04.1-Ubuntu SMP Wed Jan 25 09:41:30 UTC 2023 x86_64,mode=power,1,1,1,0,0,no_cal_date,YOKOGAWA;WT310E;C3XA04010E;F1.04'
ptd-server 2023-02-21 00:45:14,836 [INFO] Connected to PTDaemon
ptd-server 2023-02-21 00:45:14,836 [INFO] Sending to ptd: 'RR'
ptd-server 2023-02-21 00:45:14,836 [INFO] Reply from ptd: 'Ranges,1,0.100000,1,300.000000'
ptd-server 2023-02-21 00:45:14,837 [INFO] Initial range for Amps is Auto for Volts is Auto
ptd-server 2023-02-21 00:45:14,837 [INFO] Sending to ptd: 'SR,V,Auto'
ptd-server 2023-02-21 00:45:15,339 [INFO] Reply from ptd: 'Range V changed'
ptd-server 2023-02-21 00:45:15,339 [INFO] Sending to ptd: 'SR,A,Auto'
ptd-server 2023-02-21 00:45:15,842 [INFO] Reply from ptd: 'Range A changed'
ptd-server 2023-02-21 00:45:25,852 [INFO] Starting ranging mode
ptd-server 2023-02-21 00:45:25,852 [INFO] Sending to ptd: 'Go,1000,0,2023-02-21_00-44-57_ranging'
ptd-server 2023-02-21 00:45:25,853 [INFO] Reply from ptd: 'Starting untimed measurement, maximum 500000 samples at 1000ms with 0 rampup samples'
ptd-server 2023-02-21 00:45:25,853 [INFO] Sending reply to client 'OK'
ptd-server 2023-02-21 00:55:53,050 [INFO] Got command from the client 'session,2023-02-21_00-44-57,stop,ranging'
ptd-server 2023-02-21 00:56:03,054 [INFO] Sending to ptd: 'Stop'
ptd-server 2023-02-21 00:56:03,054 [INFO] Reply from ptd: 'Stopping untimed measurement'
ptd-server 2023-02-21 00:56:03,298 [INFO] Sending reply to client 'OK'
ptd-server 2023-02-21 00:56:03,328 [INFO] Got command from the client 'time'
ptd-server 2023-02-21 00:56:03,328 [INFO] Sending reply to client '1676940963.3289182'
ptd-server 2023-02-21 00:56:03,329 [INFO] Got command from the client 'session,2023-02-21_00-44-57,start,testing'
ptd-server 2023-02-21 00:56:03,330 [INFO] Sending to ptd: 'SR,V,251.760000'
ptd-server 2023-02-21 00:56:05,354 [INFO] Reply from ptd: 'Range V changed'
ptd-server 2023-02-21 00:56:05,355 [INFO] Sending to ptd: 'SR,A,0.070990'
ptd-server 2023-02-21 00:56:06,856 [INFO] Reply from ptd: 'Range A changed'
ptd-server 2023-02-21 00:56:16,866 [INFO] Starting testing mode
ptd-server 2023-02-21 00:56:16,866 [INFO] Sending to ptd: 'Go,1000,0,2023-02-21_00-44-57_testing'
ptd-server 2023-02-21 00:56:16,867 [INFO] Reply from ptd: 'Starting untimed measurement, maximum 500000 samples at 1000ms with 0 rampup samples'
ptd-server 2023-02-21 00:56:16,867 [INFO] Sending reply to client 'OK'
ptd-server 2023-02-21 01:06:43,997 [INFO] Got command from the client 'session,2023-02-21_00-44-57,stop,testing'
ptd-server 2023-02-21 01:06:54,007 [INFO] Sending to ptd: 'Stop'
ptd-server 2023-02-21 01:06:54,008 [INFO] Reply from ptd: 'Stopping untimed measurement'
ptd-server 2023-02-21 01:06:54,137 [INFO] Sending reply to client 'OK'
ptd-server 2023-02-21 01:06:54,145 [INFO] Got command from the client 'session,2023-02-21_00-44-57,done'
ptd-server 2023-02-21 01:06:54,145 [INFO] Sending to ptd: 'Stop'
ptd-server 2023-02-21 01:06:54,867 [INFO] Reply from ptd: 'Error: no measurement to stop'
ptd-server 2023-02-21 01:06:54,867 [INFO] Sending to ptd: 'SR,V,Auto'
ptd-server 2023-02-21 01:06:55,370 [INFO] Reply from ptd: 'Range V changed'
ptd-server 2023-02-21 01:06:55,370 [INFO] Sending to ptd: 'SR,A,Auto'
ptd-server 2023-02-21 01:06:55,873 [INFO] Reply from ptd: 'Range A changed'
ptd-server 2023-02-21 01:06:55,873 [INFO] Set initial values for Amps Auto and Volts Auto
ptd-server 2023-02-21 01:06:55,873 [INFO] Stopping ptd...
