ptd-server 2023-02-27 13:28:46,483 [INFO] Got command from the client 'time'
ptd-server 2023-02-27 13:28:46,483 [INFO] Sending reply to client '1677504526.4835002'
ptd-server 2023-02-27 13:28:46,485 [INFO] Got command from the client 'new,,545b47e3-c41f-41b0-9529-e6e20bdddade'
ptd-server 2023-02-27 13:28:46,485 [INFO] Sending reply to client 'OK 2023-02-27_13-28-46,429721cd-0391-4262-ad27-d640401cdfe9'
ptd-server 2023-02-27 13:28:46,509 [INFO] Got command from the client 'time'
ptd-server 2023-02-27 13:28:46,509 [INFO] Sending reply to client '1677504526.509199'
ptd-server 2023-02-27 13:28:46,511 [INFO] Got command from the client 'session,2023-02-27_13-28-46,start,ranging'
ptd-server 2023-02-27 13:28:46,511 [INFO] Running PTDaemon: ['/home/anton/projects/mlperf/power/inference_v1.0/ptd-linux-x86', '-l', '/tmp/tmpu4v721n6/ptd_logfile.txt', '-p', '8888', '49', '/dev/usbtmc0']
ptd-server 2023-02-27 13:29:03,597 [INFO] Sending to ptd: 'Hello'
ptd-server 2023-02-27 13:29:03,597 [INFO] Reply from ptd: 'Hello, PTDaemon here!'
ptd-server 2023-02-27 13:29:03,598 [INFO] Sending to ptd: 'Identify'
ptd-server 2023-02-27 13:29:03,598 [INFO] Reply from ptd: 'YokogawaWT310E,1000,1,1,1,1,0,1,1,version=1.10.0-ed9a21d2-20220817,OS=Linux 5.15.0-60-generic #66~20.04.1-Ubuntu SMP Wed Jan 25 09:41:30 UTC 2023 x86_64,mode=power,1,1,1,0,0,no_cal_date,YOKOGAWA;WT310E;C3XA04010E;F1.04'
ptd-server 2023-02-27 13:29:03,598 [INFO] Connected to PTDaemon
ptd-server 2023-02-27 13:29:03,598 [INFO] Sending to ptd: 'RR'
ptd-server 2023-02-27 13:29:03,598 [INFO] Reply from ptd: 'Ranges,0,0.100000,0,300.000000'
ptd-server 2023-02-27 13:29:03,599 [INFO] Initial range for Amps is 0.100000 for Volts is 300.000000
ptd-server 2023-02-27 13:29:03,599 [INFO] Sending to ptd: 'SR,V,Auto'
ptd-server 2023-02-27 13:29:04,101 [INFO] Reply from ptd: 'Range V changed'
ptd-server 2023-02-27 13:29:04,101 [INFO] Sending to ptd: 'SR,A,Auto'
ptd-server 2023-02-27 13:29:04,604 [INFO] Reply from ptd: 'Range A changed'
ptd-server 2023-02-27 13:29:14,612 [INFO] Starting ranging mode
ptd-server 2023-02-27 13:29:14,612 [INFO] Sending to ptd: 'Go,1000,0,2023-02-27_13-28-46_ranging'
ptd-server 2023-02-27 13:29:14,612 [INFO] Reply from ptd: 'Starting untimed measurement, maximum 500000 samples at 1000ms with 0 rampup samples'
ptd-server 2023-02-27 13:29:14,613 [INFO] Sending reply to client 'OK'
ptd-server 2023-02-27 13:39:48,095 [INFO] Got command from the client 'session,2023-02-27_13-28-46,stop,ranging'
ptd-server 2023-02-27 13:39:58,104 [INFO] Sending to ptd: 'Stop'
ptd-server 2023-02-27 13:39:58,104 [INFO] Reply from ptd: 'Stopping untimed measurement'
ptd-server 2023-02-27 13:39:58,447 [INFO] Sending reply to client 'OK'
ptd-server 2023-02-27 13:39:58,494 [INFO] Got command from the client 'time'
ptd-server 2023-02-27 13:39:58,494 [INFO] Sending reply to client '1677505198.494795'
ptd-server 2023-02-27 13:39:58,498 [INFO] Got command from the client 'session,2023-02-27_13-28-46,start,testing'
ptd-server 2023-02-27 13:39:58,498 [INFO] Sending to ptd: 'SR,V,253.460000'
ptd-server 2023-02-27 13:40:00,114 [INFO] Reply from ptd: 'Range V changed'
ptd-server 2023-02-27 13:40:00,115 [INFO] Sending to ptd: 'SR,A,0.052450'
ptd-server 2023-02-27 13:40:01,616 [INFO] Reply from ptd: 'Range A changed'
ptd-server 2023-02-27 13:40:11,626 [INFO] Starting testing mode
ptd-server 2023-02-27 13:40:11,626 [INFO] Sending to ptd: 'Go,1000,0,2023-02-27_13-28-46_testing'
ptd-server 2023-02-27 13:40:11,627 [INFO] Reply from ptd: 'Starting untimed measurement, maximum 500000 samples at 1000ms with 0 rampup samples'
ptd-server 2023-02-27 13:40:11,627 [INFO] Sending reply to client 'OK'
ptd-server 2023-02-27 13:50:45,002 [INFO] Got command from the client 'session,2023-02-27_13-28-46,stop,testing'
ptd-server 2023-02-27 13:50:55,013 [INFO] Sending to ptd: 'Stop'
ptd-server 2023-02-27 13:50:55,013 [INFO] Reply from ptd: 'Stopping untimed measurement'
ptd-server 2023-02-27 13:50:55,190 [INFO] Sending reply to client 'OK'
ptd-server 2023-02-27 13:50:55,208 [INFO] Got command from the client 'session,2023-02-27_13-28-46,done'
ptd-server 2023-02-27 13:50:55,209 [INFO] Sending to ptd: 'Stop'
ptd-server 2023-02-27 13:50:55,627 [INFO] Reply from ptd: 'Error: no measurement to stop'
ptd-server 2023-02-27 13:50:55,627 [INFO] Sending to ptd: 'SR,V,300.000000'
ptd-server 2023-02-27 13:50:57,129 [INFO] Reply from ptd: 'Range V changed'
ptd-server 2023-02-27 13:50:57,129 [INFO] Sending to ptd: 'SR,A,0.100000'
ptd-server 2023-02-27 13:50:58,630 [INFO] Reply from ptd: 'Range A changed'
ptd-server 2023-02-27 13:50:58,630 [INFO] Set initial values for Amps 0.100000 and Volts 300.000000
ptd-server 2023-02-27 13:50:58,630 [INFO] Stopping ptd...
