client 2023-02-27 23:41:41,279 [INFO] Creating output directory '/home/arjun/mobilenet_results/valid_results/arjun_orin-tflite_armnn_cpp-cpu-armnn_tflite-v22.11-using_neon/mobilenet-v2-precision_float-0.5-128/singlestream/performance/tmp_power'
client 2023-02-27 23:41:41,518 [INFO] Sending command to the server: 'mlcommons/power client v3'
client 2023-02-27 23:41:41,522 [INFO] Got response: 'mlcommons/power server v3'
client 2023-02-27 23:41:41,522 [INFO] Synchronizing with the server and with time.google.com...
client 2023-02-27 23:41:41,581 [INFO] NTP:offset = 0.017 s, delay = 0.047 s 
client 2023-02-27 23:41:41,581 [INFO] Sending command to the server: 'time'
client 2023-02-27 23:41:41,585 [INFO] Got response: '1677541301.5866468'
client 2023-02-27 23:41:41,586 [INFO] The time difference between the client and the server is within range -5.043 ms..-0.702 ms
client 2023-02-27 23:41:41,586 [INFO] Sending command to the server: 'new,,a3cbd4b2-7688-40ba-90e1-9b78757309ea'
client 2023-02-27 23:41:41,592 [INFO] Got response: 'OK 2023-02-27_23-41-41,b983ac6b-5843-472e-9e71-14c8a1fc0c95'
client 2023-02-27 23:41:41,592 [INFO] Session id is '2023-02-27_23-41-41'
client 2023-02-27 23:41:41,592 [INFO] Sources: {"sources": {"__init__.py": "da39a3ee5e6b4b0d3255bfef95601890afd80709", "client.py": "33ca4f26368777ac06e01f9567b714a4b8063886", "lib/__init__.py": "da39a3ee5e6b4b0d3255bfef95601890afd80709", "lib/client.py": "4c2b78fb4849a7e5b584ef792d82aaed20b17f57", "lib/common.py": "624d0c0acc7c39aaff3674f0b99d6a09da53d1dc", "lib/external/__init__.py": "da39a3ee5e6b4b0d3255bfef95601890afd80709", "lib/external/ntplib.py": "4da8f970656505a40483206ef2b5d3dd5e81711d", "lib/server.py": "cda0cdfaee9bfa1249c64a7dd4f89b7bf1b279f0", "lib/source_hashes.py": "60a2e02193209e8d392803326208d5466342da18", "lib/summary.py": "aa92f0a3f975eecd44d3c0cd0236342ccc9f941d", "lib/time_sync.py": "3210db56eb0ff0df57bf4293dc4d4b03fffd46f1", "server.py": "c3f90f2f7eeb4db30727556d0c815ebc89b3d28b", "tests/unit/__init__.py": "da39a3ee5e6b4b0d3255bfef95601890afd80709", "tests/unit/test_server.py": "99ae15aef722f2000ee6ed1ae1523637bf1ae42b", "tests/unit/test_source_hashes.py": "00468a2907583c593e6574a1f6b404e4651c221a"}, "modules": {"ptd_client_server.lib.client": "lib/client.py", "ptd_client_server.lib.common": "lib/common.py", "ptd_client_server.lib.external.ntplib": "lib/external/ntplib.py", "ptd_client_server.lib.source_hashes": "lib/source_hashes.py", "ptd_client_server.lib.summary": "lib/summary.py", "ptd_client_server.lib.time_sync": "lib/time_sync.py"}}
client 2023-02-27 23:41:41,593 [INFO] Running workload in ranging mode
client 2023-02-27 23:41:41,593 [INFO] Synchronizing with the server and with time.google.com...
client 2023-02-27 23:41:41,638 [INFO] NTP:offset = 0.016 s, delay = 0.043 s 
client 2023-02-27 23:41:41,638 [INFO] Sending command to the server: 'time'
client 2023-02-27 23:41:41,642 [INFO] Got response: '1677541301.643695'
client 2023-02-27 23:41:41,643 [INFO] The time difference between the client and the server is within range -4.774 ms..-0.554 ms
client 2023-02-27 23:41:41,643 [INFO] Sending command to the server: 'session,2023-02-27_23-41-41,start,ranging'
client 2023-02-27 23:42:09,774 [INFO] Got response: 'OK'
client 2023-02-27 23:42:09,775 [INFO] Running the workload '/home/arjun/run.out'
client 2023-02-27 23:57:39,575 [INFO] Sending command to the server: 'session,2023-02-27_23-41-41,stop,ranging'
client 2023-02-27 23:57:49,891 [INFO] Got response: 'OK'
client 2023-02-27 23:57:49,908 [INFO] Copying loadgen logs from '/home/arjun/mobilenet_results/valid_results/arjun_orin-tflite_armnn_cpp-cpu-armnn_tflite-v22.11-using_neon/mobilenet-v2-precision_float-0.5-128/singlestream/performance/run_1' to '/home/arjun/mobilenet_results/valid_results/arjun_orin-tflite_armnn_cpp-cpu-armnn_tflite-v22.11-using_neon/mobilenet-v2-precision_float-0.5-128/singlestream/performance/tmp_power/ranging'
client 2023-02-27 23:57:49,910 [INFO] Running workload in testing mode
client 2023-02-27 23:57:49,910 [INFO] Synchronizing with the server and with time.google.com...
client 2023-02-27 23:57:49,951 [INFO] NTP:offset = 0.010 s, delay = 0.038 s 
client 2023-02-27 23:57:49,952 [INFO] Sending command to the server: 'time'
client 2023-02-27 23:57:49,956 [INFO] Got response: '1677542269.956239'
client 2023-02-27 23:57:49,956 [INFO] The time difference between the client and the server is within range -4.041 ms..0.165 ms
client 2023-02-27 23:57:49,956 [INFO] Sending command to the server: 'session,2023-02-27_23-41-41,start,testing'
client 2023-02-27 23:58:02,979 [INFO] Got response: 'OK'
client 2023-02-27 23:58:02,979 [INFO] Running the workload '/home/arjun/run.out'
client 2023-02-28 00:13:38,259 [INFO] Sending command to the server: 'session,2023-02-27_23-41-41,stop,testing'
client 2023-02-28 00:13:48,425 [INFO] Got response: 'OK'
client 2023-02-28 00:13:48,429 [INFO] Copying loadgen logs from '/home/arjun/mobilenet_results/valid_results/arjun_orin-tflite_armnn_cpp-cpu-armnn_tflite-v22.11-using_neon/mobilenet-v2-precision_float-0.5-128/singlestream/performance/run_1' to '/home/arjun/mobilenet_results/valid_results/arjun_orin-tflite_armnn_cpp-cpu-armnn_tflite-v22.11-using_neon/mobilenet-v2-precision_float-0.5-128/singlestream/performance/tmp_power/run_1'
client 2023-02-28 00:13:48,431 [INFO] Done runs
