client 2023-02-12 15:28:18,135 [INFO] Creating output directory '/home/arjun/CM/repos/octoml@ck/cm-mlops/script/run-mlperf-inference-app/valid_results/arjun_orin-tflite_cpp-cpu-armnn_tflite-v22.11-default_config/mobilenet-v2-precision_float-0.75-224/singlestream/performance/tmp_power'
client 2023-02-12 15:28:18,351 [INFO] Sending command to the server: 'mlcommons/power client v3'
client 2023-02-12 15:28:18,354 [INFO] Got response: 'mlcommons/power server v3'
client 2023-02-12 15:28:18,354 [INFO] Synchronizing with the server and with time.google.com...
client 2023-02-12 15:28:18,387 [INFO] NTP:offset = 0.000 s, delay = 0.015 s 
client 2023-02-12 15:28:18,387 [INFO] Sending command to the server: 'time'
client 2023-02-12 15:28:18,391 [INFO] Got response: '1676215698.3901992'
client 2023-02-12 15:28:18,391 [INFO] The time difference between the client and the server is within range -2.462 ms..1.026 ms
client 2023-02-12 15:28:18,391 [INFO] Sending command to the server: 'new,,e954143c-ca4c-414e-8984-d34851163827'
client 2023-02-12 15:28:18,394 [INFO] Got response: 'OK 2023-02-12_15-28-18,93087991-3de5-46e0-8042-7ba276dd8a62'
client 2023-02-12 15:28:18,395 [INFO] Session id is '2023-02-12_15-28-18'
client 2023-02-12 15:28:18,395 [INFO] Sources: {"sources": {"__init__.py": "da39a3ee5e6b4b0d3255bfef95601890afd80709", "client.py": "33ca4f26368777ac06e01f9567b714a4b8063886", "lib/__init__.py": "da39a3ee5e6b4b0d3255bfef95601890afd80709", "lib/client.py": "4c2b78fb4849a7e5b584ef792d82aaed20b17f57", "lib/common.py": "624d0c0acc7c39aaff3674f0b99d6a09da53d1dc", "lib/external/__init__.py": "da39a3ee5e6b4b0d3255bfef95601890afd80709", "lib/external/ntplib.py": "4da8f970656505a40483206ef2b5d3dd5e81711d", "lib/server.py": "cda0cdfaee9bfa1249c64a7dd4f89b7bf1b279f0", "lib/source_hashes.py": "60a2e02193209e8d392803326208d5466342da18", "lib/summary.py": "aa92f0a3f975eecd44d3c0cd0236342ccc9f941d", "lib/time_sync.py": "3210db56eb0ff0df57bf4293dc4d4b03fffd46f1", "server.py": "c3f90f2f7eeb4db30727556d0c815ebc89b3d28b", "tests/unit/__init__.py": "da39a3ee5e6b4b0d3255bfef95601890afd80709", "tests/unit/test_server.py": "99ae15aef722f2000ee6ed1ae1523637bf1ae42b", "tests/unit/test_source_hashes.py": "00468a2907583c593e6574a1f6b404e4651c221a"}, "modules": {"ptd_client_server.lib.client": "lib/client.py", "ptd_client_server.lib.common": "lib/common.py", "ptd_client_server.lib.external.ntplib": "lib/external/ntplib.py", "ptd_client_server.lib.source_hashes": "lib/source_hashes.py", "ptd_client_server.lib.summary": "lib/summary.py", "ptd_client_server.lib.time_sync": "lib/time_sync.py"}}
client 2023-02-12 15:28:18,396 [INFO] Running workload in ranging mode
client 2023-02-12 15:28:18,396 [INFO] Synchronizing with the server and with time.google.com...
client 2023-02-12 15:28:18,414 [INFO] NTP:offset = 0.000 s, delay = 0.016 s 
client 2023-02-12 15:28:18,415 [INFO] Sending command to the server: 'time'
client 2023-02-12 15:28:18,418 [INFO] Got response: '1676215698.4173813'
client 2023-02-12 15:28:18,418 [INFO] The time difference between the client and the server is within range -2.297 ms..0.945 ms
client 2023-02-12 15:28:18,418 [INFO] Sending command to the server: 'session,2023-02-12_15-28-18,start,ranging'
client 2023-02-12 15:28:46,571 [INFO] Got response: 'OK'
client 2023-02-12 15:28:46,571 [INFO] Running the workload '/home/arjun/CM/repos/octoml@ck/cm-mlops/script/run-mlperf-inference-app/run.out'
client 2023-02-12 15:38:50,052 [INFO] Sending command to the server: 'session,2023-02-12_15-28-18,stop,ranging'
client 2023-02-12 15:39:00,442 [INFO] Got response: 'OK'
client 2023-02-12 15:39:00,480 [INFO] Copying loadgen logs from '/home/arjun/CM/repos/octoml@ck/cm-mlops/script/run-mlperf-inference-app/valid_results/arjun_orin-tflite_cpp-cpu-armnn_tflite-v22.11-default_config/mobilenet-v2-precision_float-0.75-224/singlestream/performance/run_1' to '/home/arjun/CM/repos/octoml@ck/cm-mlops/script/run-mlperf-inference-app/valid_results/arjun_orin-tflite_cpp-cpu-armnn_tflite-v22.11-default_config/mobilenet-v2-precision_float-0.75-224/singlestream/performance/tmp_power/ranging'
client 2023-02-12 15:39:00,482 [INFO] Running workload in testing mode
client 2023-02-12 15:39:00,482 [INFO] Synchronizing with the server and with time.google.com...
client 2023-02-12 15:39:00,500 [INFO] NTP:offset = -0.001 s, delay = 0.015 s 
client 2023-02-12 15:39:00,500 [INFO] Sending command to the server: 'time'
client 2023-02-12 15:39:00,504 [INFO] Got response: '1676216340.5042634'
client 2023-02-12 15:39:00,505 [INFO] The time difference between the client and the server is within range -3.537 ms..0.807 ms
client 2023-02-12 15:39:00,505 [INFO] Sending command to the server: 'session,2023-02-12_15-28-18,start,testing'
client 2023-02-12 15:39:13,563 [INFO] Got response: 'OK'
client 2023-02-12 15:39:13,563 [INFO] Running the workload '/home/arjun/CM/repos/octoml@ck/cm-mlops/script/run-mlperf-inference-app/run.out'
client 2023-02-12 15:49:14,245 [INFO] Sending command to the server: 'session,2023-02-12_15-28-18,stop,testing'
client 2023-02-12 15:49:24,372 [INFO] Got response: 'OK'
client 2023-02-12 15:49:24,376 [INFO] Copying loadgen logs from '/home/arjun/CM/repos/octoml@ck/cm-mlops/script/run-mlperf-inference-app/valid_results/arjun_orin-tflite_cpp-cpu-armnn_tflite-v22.11-default_config/mobilenet-v2-precision_float-0.75-224/singlestream/performance/run_1' to '/home/arjun/CM/repos/octoml@ck/cm-mlops/script/run-mlperf-inference-app/valid_results/arjun_orin-tflite_cpp-cpu-armnn_tflite-v22.11-default_config/mobilenet-v2-precision_float-0.75-224/singlestream/performance/tmp_power/run_1'
client 2023-02-12 15:49:24,379 [INFO] Done runs
