ptd-server 2023-02-27 12:30:50,027 [INFO] Got command from the client 'time'
ptd-server 2023-02-27 12:30:50,028 [INFO] Sending reply to client '1677501050.0282905'
ptd-server 2023-02-27 12:30:50,030 [INFO] Got command from the client 'new,,b42659d0-79e9-49fc-906e-1be79c494763'
ptd-server 2023-02-27 12:30:50,032 [INFO] Sending reply to client 'OK 2023-02-27_12-30-50,bc3a504e-30be-4c3b-b999-3075fad18f63'
ptd-server 2023-02-27 12:30:50,053 [INFO] Got command from the client 'time'
ptd-server 2023-02-27 12:30:50,053 [INFO] Sending reply to client '1677501050.0534809'
ptd-server 2023-02-27 12:30:50,057 [INFO] Got command from the client 'session,2023-02-27_12-30-50,start,ranging'
ptd-server 2023-02-27 12:30:50,058 [INFO] Running PTDaemon: ['/media/arjun/T7_Touch/hp-envy/CM/repos/local/cache/9b3695ca8255492a/power/inference_v1.0/ptd-linux-x86', '-l', '/tmp/tmpti64566v/ptd_logfile.txt', '-p', '8888', '49', '/dev/usbtmc0']
ptd-server 2023-02-27 12:31:07,160 [INFO] Sending to ptd: 'Hello'
ptd-server 2023-02-27 12:31:07,161 [INFO] Reply from ptd: 'Hello, PTDaemon here!'
ptd-server 2023-02-27 12:31:07,161 [INFO] Sending to ptd: 'Identify'
ptd-server 2023-02-27 12:31:07,162 [INFO] Reply from ptd: 'YokogawaWT310E,1000,1,1,1,1,0,1,1,version=1.10.0-ed9a21d2-20220817,OS=Linux 5.15.0-56-generic #62-Ubuntu SMP Tue Nov 22 19:54:14 UTC 2022 x86_64,mode=power,1,1,1,0,0,no_cal_date,YOKOGAWA;WT310E;C3YD21068E;F1.04'
ptd-server 2023-02-27 12:31:07,162 [INFO] Connected to PTDaemon
ptd-server 2023-02-27 12:31:07,163 [INFO] Sending to ptd: 'RR'
ptd-server 2023-02-27 12:31:07,163 [INFO] Reply from ptd: 'Ranges,0,0.100000,0,600.000000'
ptd-server 2023-02-27 12:31:07,164 [INFO] Initial range for Amps is 0.100000 for Volts is 600.000000
ptd-server 2023-02-27 12:31:07,164 [INFO] Sending to ptd: 'SR,V,Auto'
ptd-server 2023-02-27 12:31:07,668 [INFO] Reply from ptd: 'Range V changed'
ptd-server 2023-02-27 12:31:07,668 [INFO] Sending to ptd: 'SR,A,Auto'
ptd-server 2023-02-27 12:31:08,172 [INFO] Reply from ptd: 'Range A changed'
ptd-server 2023-02-27 12:31:18,178 [INFO] Starting ranging mode
ptd-server 2023-02-27 12:31:18,178 [INFO] Sending to ptd: 'Go,1000,0,2023-02-27_12-30-50_ranging'
ptd-server 2023-02-27 12:31:18,179 [INFO] Reply from ptd: 'Starting untimed measurement, maximum 500000 samples at 1000ms with 0 rampup samples'
ptd-server 2023-02-27 12:31:18,179 [INFO] Sending reply to client 'OK'
ptd-server 2023-02-27 12:46:23,441 [INFO] Got command from the client 'session,2023-02-27_12-30-50,stop,ranging'
ptd-server 2023-02-27 12:46:33,452 [INFO] Sending to ptd: 'Stop'
ptd-server 2023-02-27 12:46:33,453 [INFO] Reply from ptd: 'Stopping untimed measurement'
ptd-server 2023-02-27 12:46:33,730 [INFO] Sending reply to client 'OK'
ptd-server 2023-02-27 12:46:33,779 [INFO] Got command from the client 'time'
ptd-server 2023-02-27 12:46:33,779 [INFO] Sending reply to client '1677501993.7796156'
ptd-server 2023-02-27 12:46:33,782 [INFO] Got command from the client 'session,2023-02-27_12-30-50,start,testing'
ptd-server 2023-02-27 12:46:33,782 [INFO] Sending to ptd: 'SR,V,247.980000'
ptd-server 2023-02-27 12:46:35,683 [INFO] Reply from ptd: 'Range V changed'
ptd-server 2023-02-27 12:46:35,683 [INFO] Sending to ptd: 'SR,A,0.207520'
ptd-server 2023-02-27 12:46:37,186 [INFO] Reply from ptd: 'Range A changed'
ptd-server 2023-02-27 12:46:47,197 [INFO] Starting testing mode
ptd-server 2023-02-27 12:46:47,197 [INFO] Sending to ptd: 'Go,1000,0,2023-02-27_12-30-50_testing'
ptd-server 2023-02-27 12:46:47,198 [INFO] Reply from ptd: 'Starting untimed measurement, maximum 500000 samples at 1000ms with 0 rampup samples'
ptd-server 2023-02-27 12:46:47,198 [INFO] Sending reply to client 'OK'
ptd-server 2023-02-27 13:01:53,322 [INFO] Got command from the client 'session,2023-02-27_12-30-50,stop,testing'
ptd-server 2023-02-27 13:02:03,333 [INFO] Sending to ptd: 'Stop'
ptd-server 2023-02-27 13:02:03,334 [INFO] Reply from ptd: 'Stopping untimed measurement'
ptd-server 2023-02-27 13:02:03,461 [INFO] Sending reply to client 'OK'
ptd-server 2023-02-27 13:02:03,477 [INFO] Got command from the client 'session,2023-02-27_12-30-50,done'
ptd-server 2023-02-27 13:02:03,478 [INFO] Sending to ptd: 'Stop'
ptd-server 2023-02-27 13:02:04,200 [INFO] Reply from ptd: 'Error: no measurement to stop'
ptd-server 2023-02-27 13:02:04,200 [INFO] Sending to ptd: 'SR,V,600.000000'
ptd-server 2023-02-27 13:02:05,703 [INFO] Reply from ptd: 'Range V changed'
ptd-server 2023-02-27 13:02:05,703 [INFO] Sending to ptd: 'SR,A,0.100000'
ptd-server 2023-02-27 13:02:07,206 [INFO] Reply from ptd: 'Range A changed'
ptd-server 2023-02-27 13:02:07,207 [INFO] Set initial values for Amps 0.100000 and Volts 600.000000
ptd-server 2023-02-27 13:02:07,207 [INFO] Stopping ptd...
