ptd-server 2023-02-22 11:58:13,667 [INFO] Got command from the client 'time'
ptd-server 2023-02-22 11:58:13,667 [INFO] Sending reply to client '1677067093.6673605'
ptd-server 2023-02-22 11:58:13,668 [INFO] Got command from the client 'new,,8060dc84-2853-4703-b46b-7f0b915e500f'
ptd-server 2023-02-22 11:58:13,669 [INFO] Sending reply to client 'OK 2023-02-22_11-58-13,91e58266-e57d-445b-9118-768b5ac0b183'
ptd-server 2023-02-22 11:58:13,749 [INFO] Got command from the client 'time'
ptd-server 2023-02-22 11:58:13,749 [INFO] Sending reply to client '1677067093.7491415'
ptd-server 2023-02-22 11:58:13,750 [INFO] Got command from the client 'session,2023-02-22_11-58-13,start,ranging'
ptd-server 2023-02-22 11:58:13,750 [INFO] Running PTDaemon: ['/home/anton/projects/mlperf/power/inference_v1.0/ptd-linux-x86', '-l', '/tmp/tmp4yl1neqp/ptd_logfile.txt', '-p', '8888', '49', '/dev/usbtmc0']
ptd-server 2023-02-22 11:58:30,824 [INFO] Sending to ptd: 'Hello'
ptd-server 2023-02-22 11:58:30,825 [INFO] Reply from ptd: 'Hello, PTDaemon here!'
ptd-server 2023-02-22 11:58:30,825 [INFO] Sending to ptd: 'Identify'
ptd-server 2023-02-22 11:58:30,825 [INFO] Reply from ptd: 'YokogawaWT310E,1000,1,1,1,1,0,1,1,version=1.10.0-ed9a21d2-20220817,OS=Linux 5.15.0-60-generic #66~20.04.1-Ubuntu SMP Wed Jan 25 09:41:30 UTC 2023 x86_64,mode=power,1,1,1,0,0,no_cal_date,YOKOGAWA;WT310E;C3XA04010E;F1.04'
ptd-server 2023-02-22 11:58:30,825 [INFO] Connected to PTDaemon
ptd-server 2023-02-22 11:58:30,826 [INFO] Sending to ptd: 'RR'
ptd-server 2023-02-22 11:58:30,826 [INFO] Reply from ptd: 'Ranges,1,0.100000,1,300.000000'
ptd-server 2023-02-22 11:58:30,826 [INFO] Initial range for Amps is Auto for Volts is Auto
ptd-server 2023-02-22 11:58:30,826 [INFO] Sending to ptd: 'SR,V,Auto'
ptd-server 2023-02-22 11:58:31,329 [INFO] Reply from ptd: 'Range V changed'
ptd-server 2023-02-22 11:58:31,329 [INFO] Sending to ptd: 'SR,A,Auto'
ptd-server 2023-02-22 11:58:31,832 [INFO] Reply from ptd: 'Range A changed'
ptd-server 2023-02-22 11:58:41,842 [INFO] Starting ranging mode
ptd-server 2023-02-22 11:58:41,842 [INFO] Sending to ptd: 'Go,1000,0,2023-02-22_11-58-13_ranging'
ptd-server 2023-02-22 11:58:41,842 [INFO] Reply from ptd: 'Starting untimed measurement, maximum 500000 samples at 1000ms with 0 rampup samples'
ptd-server 2023-02-22 11:58:41,843 [INFO] Sending reply to client 'OK'
ptd-server 2023-02-22 12:09:26,974 [INFO] Got command from the client 'session,2023-02-22_11-58-13,stop,ranging'
ptd-server 2023-02-22 12:09:36,985 [INFO] Sending to ptd: 'Stop'
ptd-server 2023-02-22 12:09:36,985 [INFO] Reply from ptd: 'Stopping untimed measurement'
ptd-server 2023-02-22 12:09:37,417 [INFO] Sending reply to client 'OK'
ptd-server 2023-02-22 12:09:37,487 [INFO] Got command from the client 'time'
ptd-server 2023-02-22 12:09:37,487 [INFO] Sending reply to client '1677067777.4878879'
ptd-server 2023-02-22 12:09:37,488 [INFO] Got command from the client 'session,2023-02-22_11-58-13,start,testing'
ptd-server 2023-02-22 12:09:37,488 [INFO] Sending to ptd: 'SR,V,251.870000'
ptd-server 2023-02-22 12:09:39,344 [INFO] Reply from ptd: 'Range V changed'
ptd-server 2023-02-22 12:09:39,345 [INFO] Sending to ptd: 'SR,A,0.048550'
ptd-server 2023-02-22 12:09:40,846 [INFO] Reply from ptd: 'Range A changed'
ptd-server 2023-02-22 12:09:50,856 [INFO] Starting testing mode
ptd-server 2023-02-22 12:09:50,857 [INFO] Sending to ptd: 'Go,1000,0,2023-02-22_11-58-13_testing'
ptd-server 2023-02-22 12:09:50,857 [INFO] Reply from ptd: 'Starting untimed measurement, maximum 500000 samples at 1000ms with 0 rampup samples'
ptd-server 2023-02-22 12:09:50,857 [INFO] Sending reply to client 'OK'
ptd-server 2023-02-22 12:20:35,939 [INFO] Got command from the client 'session,2023-02-22_11-58-13,stop,testing'
ptd-server 2023-02-22 12:20:45,949 [INFO] Sending to ptd: 'Stop'
ptd-server 2023-02-22 12:20:45,950 [INFO] Reply from ptd: 'Stopping untimed measurement'
ptd-server 2023-02-22 12:20:46,188 [INFO] Sending reply to client 'OK'
ptd-server 2023-02-22 12:20:46,196 [INFO] Got command from the client 'session,2023-02-22_11-58-13,done'
ptd-server 2023-02-22 12:20:46,197 [INFO] Sending to ptd: 'Stop'
ptd-server 2023-02-22 12:20:46,857 [INFO] Reply from ptd: 'Error: no measurement to stop'
ptd-server 2023-02-22 12:20:46,858 [INFO] Sending to ptd: 'SR,V,Auto'
ptd-server 2023-02-22 12:20:47,360 [INFO] Reply from ptd: 'Range V changed'
ptd-server 2023-02-22 12:20:47,360 [INFO] Sending to ptd: 'SR,A,Auto'
ptd-server 2023-02-22 12:20:47,863 [INFO] Reply from ptd: 'Range A changed'
ptd-server 2023-02-22 12:20:47,863 [INFO] Set initial values for Amps Auto and Volts Auto
ptd-server 2023-02-22 12:20:47,863 [INFO] Stopping ptd...
