ptd-server 2023-02-27 11:05:28,905 [INFO] Got command from the client 'time'
ptd-server 2023-02-27 11:05:28,905 [INFO] Sending reply to client '1677495928.905209'
ptd-server 2023-02-27 11:05:28,907 [INFO] Got command from the client 'new,,54885dc5-84ff-4c91-979d-4825c531aa88'
ptd-server 2023-02-27 11:05:28,907 [INFO] Sending reply to client 'OK 2023-02-27_11-05-28,106d59a5-9fa3-4ac7-8e9c-50f717e2e953'
ptd-server 2023-02-27 11:05:28,933 [INFO] Got command from the client 'time'
ptd-server 2023-02-27 11:05:28,933 [INFO] Sending reply to client '1677495928.9338598'
ptd-server 2023-02-27 11:05:28,935 [INFO] Got command from the client 'session,2023-02-27_11-05-28,start,ranging'
ptd-server 2023-02-27 11:05:28,935 [INFO] Running PTDaemon: ['/home/anton/projects/mlperf/power/inference_v1.0/ptd-linux-x86', '-l', '/tmp/tmpu4v721n6/ptd_logfile.txt', '-p', '8888', '49', '/dev/usbtmc0']
ptd-server 2023-02-27 11:05:46,021 [INFO] Sending to ptd: 'Hello'
ptd-server 2023-02-27 11:05:46,021 [INFO] Reply from ptd: 'Hello, PTDaemon here!'
ptd-server 2023-02-27 11:05:46,022 [INFO] Sending to ptd: 'Identify'
ptd-server 2023-02-27 11:05:46,022 [INFO] Reply from ptd: 'YokogawaWT310E,1000,1,1,1,1,0,1,1,version=1.10.0-ed9a21d2-20220817,OS=Linux 5.15.0-60-generic #66~20.04.1-Ubuntu SMP Wed Jan 25 09:41:30 UTC 2023 x86_64,mode=power,1,1,1,0,0,no_cal_date,YOKOGAWA;WT310E;C3XA04010E;F1.04'
ptd-server 2023-02-27 11:05:46,022 [INFO] Connected to PTDaemon
ptd-server 2023-02-27 11:05:46,022 [INFO] Sending to ptd: 'RR'
ptd-server 2023-02-27 11:05:46,022 [INFO] Reply from ptd: 'Ranges,0,0.100000,0,300.000000'
ptd-server 2023-02-27 11:05:46,023 [INFO] Initial range for Amps is 0.100000 for Volts is 300.000000
ptd-server 2023-02-27 11:05:46,023 [INFO] Sending to ptd: 'SR,V,Auto'
ptd-server 2023-02-27 11:05:46,525 [INFO] Reply from ptd: 'Range V changed'
ptd-server 2023-02-27 11:05:46,525 [INFO] Sending to ptd: 'SR,A,Auto'
ptd-server 2023-02-27 11:05:47,028 [INFO] Reply from ptd: 'Range A changed'
ptd-server 2023-02-27 11:05:57,036 [INFO] Starting ranging mode
ptd-server 2023-02-27 11:05:57,036 [INFO] Sending to ptd: 'Go,1000,0,2023-02-27_11-05-28_ranging'
ptd-server 2023-02-27 11:05:57,036 [INFO] Reply from ptd: 'Starting untimed measurement, maximum 500000 samples at 1000ms with 0 rampup samples'
ptd-server 2023-02-27 11:05:57,037 [INFO] Sending reply to client 'OK'
ptd-server 2023-02-27 11:16:13,794 [INFO] Got command from the client 'session,2023-02-27_11-05-28,stop,ranging'
ptd-server 2023-02-27 11:16:23,800 [INFO] Sending to ptd: 'Stop'
ptd-server 2023-02-27 11:16:23,800 [INFO] Reply from ptd: 'Stopping untimed measurement'
ptd-server 2023-02-27 11:16:24,166 [INFO] Sending reply to client 'OK'
ptd-server 2023-02-27 11:16:24,217 [INFO] Got command from the client 'time'
ptd-server 2023-02-27 11:16:24,217 [INFO] Sending reply to client '1677496584.21763'
ptd-server 2023-02-27 11:16:24,219 [INFO] Got command from the client 'session,2023-02-27_11-05-28,start,testing'
ptd-server 2023-02-27 11:16:24,219 [INFO] Sending to ptd: 'SR,V,250.520000'
ptd-server 2023-02-27 11:16:25,721 [INFO] Reply from ptd: 'Range V changed'
ptd-server 2023-02-27 11:16:25,721 [INFO] Sending to ptd: 'SR,A,0.056380'
ptd-server 2023-02-27 11:16:27,222 [INFO] Reply from ptd: 'Range A changed'
ptd-server 2023-02-27 11:16:37,232 [INFO] Starting testing mode
ptd-server 2023-02-27 11:16:37,232 [INFO] Sending to ptd: 'Go,1000,0,2023-02-27_11-05-28_testing'
ptd-server 2023-02-27 11:16:37,232 [INFO] Reply from ptd: 'Starting untimed measurement, maximum 500000 samples at 1000ms with 0 rampup samples'
ptd-server 2023-02-27 11:16:37,232 [INFO] Sending reply to client 'OK'
ptd-server 2023-02-27 11:26:54,238 [INFO] Got command from the client 'session,2023-02-27_11-05-28,stop,testing'
ptd-server 2023-02-27 11:27:04,249 [INFO] Sending to ptd: 'Stop'
ptd-server 2023-02-27 11:27:04,249 [INFO] Reply from ptd: 'Stopping untimed measurement'
ptd-server 2023-02-27 11:27:04,434 [INFO] Sending reply to client 'OK'
ptd-server 2023-02-27 11:27:04,456 [INFO] Got command from the client 'session,2023-02-27_11-05-28,done'
ptd-server 2023-02-27 11:27:04,456 [INFO] Sending to ptd: 'Stop'
ptd-server 2023-02-27 11:27:05,233 [INFO] Reply from ptd: 'Error: no measurement to stop'
ptd-server 2023-02-27 11:27:05,233 [INFO] Sending to ptd: 'SR,V,300.000000'
ptd-server 2023-02-27 11:27:06,734 [INFO] Reply from ptd: 'Range V changed'
ptd-server 2023-02-27 11:27:06,734 [INFO] Sending to ptd: 'SR,A,0.100000'
ptd-server 2023-02-27 11:27:08,236 [INFO] Reply from ptd: 'Range A changed'
ptd-server 2023-02-27 11:27:08,236 [INFO] Set initial values for Amps 0.100000 and Volts 300.000000
ptd-server 2023-02-27 11:27:08,236 [INFO] Stopping ptd...
