ptd-server 2023-02-23 08:40:25,404 [INFO] Got command from the client 'time'
ptd-server 2023-02-23 08:40:25,404 [INFO] Sending reply to client '1677141625.4044533'
ptd-server 2023-02-23 08:40:25,405 [INFO] Got command from the client 'new,,fe8e2e7e-6030-4061-bea2-da623c865914'
ptd-server 2023-02-23 08:40:25,406 [INFO] Sending reply to client 'OK 2023-02-23_08-40-25,332779dd-9646-44de-acb5-64f0cc1dbbf3'
ptd-server 2023-02-23 08:40:25,426 [INFO] Got command from the client 'time'
ptd-server 2023-02-23 08:40:25,426 [INFO] Sending reply to client '1677141625.4265327'
ptd-server 2023-02-23 08:40:25,427 [INFO] Got command from the client 'session,2023-02-23_08-40-25,start,ranging'
ptd-server 2023-02-23 08:40:25,427 [INFO] Running PTDaemon: ['/home/anton/projects/mlperf/power/inference_v1.0/ptd-linux-x86', '-l', '/tmp/tmp4yl1neqp/ptd_logfile.txt', '-p', '8888', '49', '/dev/usbtmc0']
ptd-server 2023-02-23 08:40:42,502 [INFO] Sending to ptd: 'Hello'
ptd-server 2023-02-23 08:40:42,502 [INFO] Reply from ptd: 'Hello, PTDaemon here!'
ptd-server 2023-02-23 08:40:42,502 [INFO] Sending to ptd: 'Identify'
ptd-server 2023-02-23 08:40:42,503 [INFO] Reply from ptd: 'YokogawaWT310E,1000,1,1,1,1,0,1,1,version=1.10.0-ed9a21d2-20220817,OS=Linux 5.15.0-60-generic #66~20.04.1-Ubuntu SMP Wed Jan 25 09:41:30 UTC 2023 x86_64,mode=power,1,1,1,0,0,no_cal_date,YOKOGAWA;WT310E;C3XA04010E;F1.04'
ptd-server 2023-02-23 08:40:42,503 [INFO] Connected to PTDaemon
ptd-server 2023-02-23 08:40:42,503 [INFO] Sending to ptd: 'RR'
ptd-server 2023-02-23 08:40:42,503 [INFO] Reply from ptd: 'Ranges,1,0.100000,1,300.000000'
ptd-server 2023-02-23 08:40:42,504 [INFO] Initial range for Amps is Auto for Volts is Auto
ptd-server 2023-02-23 08:40:42,504 [INFO] Sending to ptd: 'SR,V,Auto'
ptd-server 2023-02-23 08:40:43,006 [INFO] Reply from ptd: 'Range V changed'
ptd-server 2023-02-23 08:40:43,006 [INFO] Sending to ptd: 'SR,A,Auto'
ptd-server 2023-02-23 08:40:43,509 [INFO] Reply from ptd: 'Range A changed'
ptd-server 2023-02-23 08:40:53,519 [INFO] Starting ranging mode
ptd-server 2023-02-23 08:40:53,519 [INFO] Sending to ptd: 'Go,1000,0,2023-02-23_08-40-25_ranging'
ptd-server 2023-02-23 08:40:53,520 [INFO] Reply from ptd: 'Starting untimed measurement, maximum 500000 samples at 1000ms with 0 rampup samples'
ptd-server 2023-02-23 08:40:53,520 [INFO] Sending reply to client 'OK'
ptd-server 2023-02-23 08:51:12,231 [INFO] Got command from the client 'session,2023-02-23_08-40-25,stop,ranging'
ptd-server 2023-02-23 08:51:22,242 [INFO] Sending to ptd: 'Stop'
ptd-server 2023-02-23 08:51:22,242 [INFO] Reply from ptd: 'Stopping untimed measurement'
ptd-server 2023-02-23 08:51:22,766 [INFO] Sending reply to client 'OK'
ptd-server 2023-02-23 08:51:22,814 [INFO] Got command from the client 'time'
ptd-server 2023-02-23 08:51:22,814 [INFO] Sending reply to client '1677142282.814229'
ptd-server 2023-02-23 08:51:22,815 [INFO] Got command from the client 'session,2023-02-23_08-40-25,start,testing'
ptd-server 2023-02-23 08:51:22,815 [INFO] Sending to ptd: 'SR,V,252.880000'
ptd-server 2023-02-23 08:51:24,317 [INFO] Reply from ptd: 'Range V changed'
ptd-server 2023-02-23 08:51:24,317 [INFO] Sending to ptd: 'SR,A,0.049480'
ptd-server 2023-02-23 08:51:25,818 [INFO] Reply from ptd: 'Range A changed'
ptd-server 2023-02-23 08:51:35,828 [INFO] Starting testing mode
ptd-server 2023-02-23 08:51:35,829 [INFO] Sending to ptd: 'Go,1000,0,2023-02-23_08-40-25_testing'
ptd-server 2023-02-23 08:51:35,829 [INFO] Reply from ptd: 'Starting untimed measurement, maximum 500000 samples at 1000ms with 0 rampup samples'
ptd-server 2023-02-23 08:51:35,829 [INFO] Sending reply to client 'OK'
ptd-server 2023-02-23 09:01:54,368 [INFO] Got command from the client 'session,2023-02-23_08-40-25,stop,testing'
ptd-server 2023-02-23 09:02:04,379 [INFO] Sending to ptd: 'Stop'
ptd-server 2023-02-23 09:02:04,379 [INFO] Reply from ptd: 'Stopping untimed measurement'
ptd-server 2023-02-23 09:02:04,647 [INFO] Sending reply to client 'OK'
ptd-server 2023-02-23 09:02:04,655 [INFO] Got command from the client 'session,2023-02-23_08-40-25,done'
ptd-server 2023-02-23 09:02:04,655 [INFO] Sending to ptd: 'Stop'
ptd-server 2023-02-23 09:02:04,829 [INFO] Reply from ptd: 'Error: no measurement to stop'
ptd-server 2023-02-23 09:02:04,829 [INFO] Sending to ptd: 'SR,V,Auto'
ptd-server 2023-02-23 09:02:05,332 [INFO] Reply from ptd: 'Range V changed'
ptd-server 2023-02-23 09:02:05,332 [INFO] Sending to ptd: 'SR,A,Auto'
ptd-server 2023-02-23 09:02:05,834 [INFO] Reply from ptd: 'Range A changed'
ptd-server 2023-02-23 09:02:05,834 [INFO] Set initial values for Amps Auto and Volts Auto
ptd-server 2023-02-23 09:02:05,835 [INFO] Stopping ptd...
