ptd-server 2023-02-21 17:31:21,787 [INFO] Got command from the client 'time'
ptd-server 2023-02-21 17:31:21,787 [INFO] Sending reply to client '1677000681.787776'
ptd-server 2023-02-21 17:31:21,789 [INFO] Got command from the client 'new,,2c3f210f-2e35-4df2-9d55-cddf68e35a03'
ptd-server 2023-02-21 17:31:21,789 [INFO] Sending reply to client 'OK 2023-02-21_17-31-21,04fb3a55-82f2-4efc-8c46-ee86721c6ddf'
ptd-server 2023-02-21 17:31:21,893 [INFO] Got command from the client 'time'
ptd-server 2023-02-21 17:31:21,893 [INFO] Sending reply to client '1677000681.8934999'
ptd-server 2023-02-21 17:31:21,894 [INFO] Got command from the client 'session,2023-02-21_17-31-21,start,ranging'
ptd-server 2023-02-21 17:31:21,894 [INFO] Running PTDaemon: ['/home/anton/projects/mlperf/power/inference_v1.0/ptd-linux-x86', '-l', '/tmp/tmp4yl1neqp/ptd_logfile.txt', '-p', '8888', '49', '/dev/usbtmc0']
ptd-server 2023-02-21 17:31:38,968 [INFO] Sending to ptd: 'Hello'
ptd-server 2023-02-21 17:31:38,969 [INFO] Reply from ptd: 'Hello, PTDaemon here!'
ptd-server 2023-02-21 17:31:38,969 [INFO] Sending to ptd: 'Identify'
ptd-server 2023-02-21 17:31:38,970 [INFO] Reply from ptd: 'YokogawaWT310E,1000,1,1,1,1,0,1,1,version=1.10.0-ed9a21d2-20220817,OS=Linux 5.15.0-60-generic #66~20.04.1-Ubuntu SMP Wed Jan 25 09:41:30 UTC 2023 x86_64,mode=power,1,1,1,0,0,no_cal_date,YOKOGAWA;WT310E;C3XA04010E;F1.04'
ptd-server 2023-02-21 17:31:38,970 [INFO] Connected to PTDaemon
ptd-server 2023-02-21 17:31:38,970 [INFO] Sending to ptd: 'RR'
ptd-server 2023-02-21 17:31:38,970 [INFO] Reply from ptd: 'Ranges,1,0.100000,1,300.000000'
ptd-server 2023-02-21 17:31:38,970 [INFO] Initial range for Amps is Auto for Volts is Auto
ptd-server 2023-02-21 17:31:38,970 [INFO] Sending to ptd: 'SR,V,Auto'
ptd-server 2023-02-21 17:31:39,473 [INFO] Reply from ptd: 'Range V changed'
ptd-server 2023-02-21 17:31:39,473 [INFO] Sending to ptd: 'SR,A,Auto'
ptd-server 2023-02-21 17:31:39,975 [INFO] Reply from ptd: 'Range A changed'
ptd-server 2023-02-21 17:31:49,986 [INFO] Starting ranging mode
ptd-server 2023-02-21 17:31:49,986 [INFO] Sending to ptd: 'Go,1000,0,2023-02-21_17-31-21_ranging'
ptd-server 2023-02-21 17:31:49,986 [INFO] Reply from ptd: 'Starting untimed measurement, maximum 500000 samples at 1000ms with 0 rampup samples'
ptd-server 2023-02-21 17:31:49,987 [INFO] Sending reply to client 'OK'
ptd-server 2023-02-21 17:42:09,749 [INFO] Got command from the client 'session,2023-02-21_17-31-21,stop,ranging'
ptd-server 2023-02-21 17:42:19,759 [INFO] Sending to ptd: 'Stop'
ptd-server 2023-02-21 17:42:19,760 [INFO] Reply from ptd: 'Stopping untimed measurement'
ptd-server 2023-02-21 17:42:20,093 [INFO] Sending reply to client 'OK'
ptd-server 2023-02-21 17:42:20,163 [INFO] Got command from the client 'time'
ptd-server 2023-02-21 17:42:20,163 [INFO] Sending reply to client '1677001340.1633048'
ptd-server 2023-02-21 17:42:20,164 [INFO] Got command from the client 'session,2023-02-21_17-31-21,start,testing'
ptd-server 2023-02-21 17:42:20,164 [INFO] Sending to ptd: 'SR,V,248.870000'
ptd-server 2023-02-21 17:42:21,665 [INFO] Reply from ptd: 'Range V changed'
ptd-server 2023-02-21 17:42:21,666 [INFO] Sending to ptd: 'SR,A,0.046830'
ptd-server 2023-02-21 17:42:23,167 [INFO] Reply from ptd: 'Range A changed'
ptd-server 2023-02-21 17:42:33,177 [INFO] Starting testing mode
ptd-server 2023-02-21 17:42:33,178 [INFO] Sending to ptd: 'Go,1000,0,2023-02-21_17-31-21_testing'
ptd-server 2023-02-21 17:42:33,178 [INFO] Reply from ptd: 'Starting untimed measurement, maximum 500000 samples at 1000ms with 0 rampup samples'
ptd-server 2023-02-21 17:42:33,178 [INFO] Sending reply to client 'OK'
ptd-server 2023-02-21 17:52:52,813 [INFO] Got command from the client 'session,2023-02-21_17-31-21,stop,testing'
ptd-server 2023-02-21 17:53:02,824 [INFO] Sending to ptd: 'Stop'
ptd-server 2023-02-21 17:53:02,824 [INFO] Reply from ptd: 'Stopping untimed measurement'
ptd-server 2023-02-21 17:53:02,997 [INFO] Sending reply to client 'OK'
ptd-server 2023-02-21 17:53:03,005 [INFO] Got command from the client 'session,2023-02-21_17-31-21,done'
ptd-server 2023-02-21 17:53:03,005 [INFO] Sending to ptd: 'Stop'
ptd-server 2023-02-21 17:53:03,179 [INFO] Reply from ptd: 'Error: no measurement to stop'
ptd-server 2023-02-21 17:53:03,179 [INFO] Sending to ptd: 'SR,V,Auto'
ptd-server 2023-02-21 17:53:03,682 [INFO] Reply from ptd: 'Range V changed'
ptd-server 2023-02-21 17:53:03,682 [INFO] Sending to ptd: 'SR,A,Auto'
ptd-server 2023-02-21 17:53:04,184 [INFO] Reply from ptd: 'Range A changed'
ptd-server 2023-02-21 17:53:04,184 [INFO] Set initial values for Amps Auto and Volts Auto
ptd-server 2023-02-21 17:53:04,185 [INFO] Stopping ptd...
