client 2023-02-28 21:15:10,748 [INFO] Creating output directory '/home/arjun/mobilenet_results/valid_results/arjun_orin-tflite_armnn_cpp-cpu-armnn_tflite-v22.11-using_neon/efficientnet-fp32-lite2/singlestream/performance/tmp_power'
client 2023-02-28 21:15:11,064 [INFO] Sending command to the server: 'mlcommons/power client v3'
client 2023-02-28 21:15:11,068 [INFO] Got response: 'mlcommons/power server v3'
client 2023-02-28 21:15:11,068 [INFO] Synchronizing with the server and with time.google.com...
client 2023-02-28 21:15:11,099 [INFO] NTP:offset = 0.002 s, delay = 0.016 s 
client 2023-02-28 21:15:11,100 [INFO] Sending command to the server: 'time'
client 2023-02-28 21:15:11,103 [INFO] Got response: '1677618911.1044245'
client 2023-02-28 21:15:11,103 [INFO] The time difference between the client and the server is within range -4.171 ms..-0.543 ms
client 2023-02-28 21:15:11,104 [INFO] Sending command to the server: 'new,,4b039130-34b3-46b6-aa3c-b03d1af48a9b'
client 2023-02-28 21:15:11,108 [INFO] Got response: 'OK 2023-02-28_21-15-11,d14f826a-9fc9-47b1-94da-e223102e4177'
client 2023-02-28 21:15:11,109 [INFO] Session id is '2023-02-28_21-15-11'
client 2023-02-28 21:15:11,109 [INFO] Sources: {"sources": {"__init__.py": "da39a3ee5e6b4b0d3255bfef95601890afd80709", "client.py": "33ca4f26368777ac06e01f9567b714a4b8063886", "lib/__init__.py": "da39a3ee5e6b4b0d3255bfef95601890afd80709", "lib/client.py": "4c2b78fb4849a7e5b584ef792d82aaed20b17f57", "lib/common.py": "624d0c0acc7c39aaff3674f0b99d6a09da53d1dc", "lib/external/__init__.py": "da39a3ee5e6b4b0d3255bfef95601890afd80709", "lib/external/ntplib.py": "4da8f970656505a40483206ef2b5d3dd5e81711d", "lib/server.py": "cda0cdfaee9bfa1249c64a7dd4f89b7bf1b279f0", "lib/source_hashes.py": "60a2e02193209e8d392803326208d5466342da18", "lib/summary.py": "aa92f0a3f975eecd44d3c0cd0236342ccc9f941d", "lib/time_sync.py": "3210db56eb0ff0df57bf4293dc4d4b03fffd46f1", "server.py": "c3f90f2f7eeb4db30727556d0c815ebc89b3d28b", "tests/unit/__init__.py": "da39a3ee5e6b4b0d3255bfef95601890afd80709", "tests/unit/test_server.py": "99ae15aef722f2000ee6ed1ae1523637bf1ae42b", "tests/unit/test_source_hashes.py": "00468a2907583c593e6574a1f6b404e4651c221a"}, "modules": {"ptd_client_server.lib.client": "lib/client.py", "ptd_client_server.lib.common": "lib/common.py", "ptd_client_server.lib.external.ntplib": "lib/external/ntplib.py", "ptd_client_server.lib.source_hashes": "lib/source_hashes.py", "ptd_client_server.lib.summary": "lib/summary.py", "ptd_client_server.lib.time_sync": "lib/time_sync.py"}}
client 2023-02-28 21:15:11,110 [INFO] Running workload in ranging mode
client 2023-02-28 21:15:11,110 [INFO] Synchronizing with the server and with time.google.com...
client 2023-02-28 21:15:11,128 [INFO] NTP:offset = 0.000 s, delay = 0.016 s 
client 2023-02-28 21:15:11,128 [INFO] Sending command to the server: 'time'
client 2023-02-28 21:15:11,132 [INFO] Got response: '1677618911.1325002'
client 2023-02-28 21:15:11,132 [INFO] The time difference between the client and the server is within range -4.273 ms..0.333 ms
client 2023-02-28 21:15:11,133 [INFO] Sending command to the server: 'session,2023-02-28_21-15-11,start,ranging'
client 2023-02-28 21:15:39,263 [INFO] Got response: 'OK'
client 2023-02-28 21:15:39,264 [INFO] Running the workload '/home/arjun/run.out'
client 2023-02-28 21:26:30,744 [INFO] Sending command to the server: 'session,2023-02-28_21-15-11,stop,ranging'
client 2023-02-28 21:26:41,086 [INFO] Got response: 'OK'
client 2023-02-28 21:26:41,101 [INFO] Copying loadgen logs from '/home/arjun/mobilenet_results/valid_results/arjun_orin-tflite_armnn_cpp-cpu-armnn_tflite-v22.11-using_neon/efficientnet-fp32-lite2/singlestream/performance/run_1' to '/home/arjun/mobilenet_results/valid_results/arjun_orin-tflite_armnn_cpp-cpu-armnn_tflite-v22.11-using_neon/efficientnet-fp32-lite2/singlestream/performance/tmp_power/ranging'
client 2023-02-28 21:26:41,103 [INFO] Running workload in testing mode
client 2023-02-28 21:26:41,103 [INFO] Synchronizing with the server and with time.google.com...
client 2023-02-28 21:26:41,121 [INFO] NTP:offset = 0.000 s, delay = 0.016 s 
client 2023-02-28 21:26:41,122 [INFO] Sending command to the server: 'time'
client 2023-02-28 21:26:41,126 [INFO] Got response: '1677619601.1267066'
client 2023-02-28 21:26:41,127 [INFO] The time difference between the client and the server is within range -4.565 ms..0.258 ms
client 2023-02-28 21:26:41,127 [INFO] Sending command to the server: 'session,2023-02-28_21-15-11,start,testing'
client 2023-02-28 21:26:54,282 [INFO] Got response: 'OK'
client 2023-02-28 21:26:54,282 [INFO] Running the workload '/home/arjun/run.out'
client 2023-02-28 21:37:41,110 [INFO] Sending command to the server: 'session,2023-02-28_21-15-11,stop,testing'
client 2023-02-28 21:37:51,292 [INFO] Got response: 'OK'
client 2023-02-28 21:37:51,294 [INFO] Copying loadgen logs from '/home/arjun/mobilenet_results/valid_results/arjun_orin-tflite_armnn_cpp-cpu-armnn_tflite-v22.11-using_neon/efficientnet-fp32-lite2/singlestream/performance/run_1' to '/home/arjun/mobilenet_results/valid_results/arjun_orin-tflite_armnn_cpp-cpu-armnn_tflite-v22.11-using_neon/efficientnet-fp32-lite2/singlestream/performance/tmp_power/run_1'
client 2023-02-28 21:37:51,294 [INFO] Done runs
