client 2023-02-12 10:14:39,967 [INFO] Creating output directory '/home/arjun/CM/repos/octoml@ck/cm-mlops/script/run-mlperf-inference-app/valid_results/arjun_orin-tflite_cpp-cpu-armnn_tflite-v22.11-default_config/mobilenet-v1-precision_float-0.25-224/singlestream/performance/tmp_power'
client 2023-02-12 10:14:39,971 [INFO] Sending command to the server: 'mlcommons/power client v3'
client 2023-02-12 10:14:39,974 [INFO] Got response: 'mlcommons/power server v3'
client 2023-02-12 10:14:39,974 [INFO] Synchronizing with the server and with time.google.com...
client 2023-02-12 10:14:39,997 [INFO] NTP:offset = -0.000 s, delay = 0.016 s 
client 2023-02-12 10:14:39,997 [INFO] Sending command to the server: 'time'
client 2023-02-12 10:14:40,001 [INFO] Got response: '1676196879.9993858'
client 2023-02-12 10:14:40,001 [INFO] The time difference between the client and the server is within range -1.888 ms..2.117 ms
client 2023-02-12 10:14:40,001 [INFO] Sending command to the server: 'new,,560b9727-f10b-4bd7-a3ba-9595ff1e3941'
client 2023-02-12 10:14:40,006 [INFO] Got response: 'OK 2023-02-12_10-14-40,30929591-7b17-4bde-9ccb-b6738b59d5dc'
client 2023-02-12 10:14:40,006 [INFO] Session id is '2023-02-12_10-14-40'
client 2023-02-12 10:14:40,006 [INFO] Sources: {"sources": {"__init__.py": "da39a3ee5e6b4b0d3255bfef95601890afd80709", "client.py": "33ca4f26368777ac06e01f9567b714a4b8063886", "lib/__init__.py": "da39a3ee5e6b4b0d3255bfef95601890afd80709", "lib/client.py": "4c2b78fb4849a7e5b584ef792d82aaed20b17f57", "lib/common.py": "624d0c0acc7c39aaff3674f0b99d6a09da53d1dc", "lib/external/__init__.py": "da39a3ee5e6b4b0d3255bfef95601890afd80709", "lib/external/ntplib.py": "4da8f970656505a40483206ef2b5d3dd5e81711d", "lib/server.py": "cda0cdfaee9bfa1249c64a7dd4f89b7bf1b279f0", "lib/source_hashes.py": "60a2e02193209e8d392803326208d5466342da18", "lib/summary.py": "aa92f0a3f975eecd44d3c0cd0236342ccc9f941d", "lib/time_sync.py": "3210db56eb0ff0df57bf4293dc4d4b03fffd46f1", "server.py": "c3f90f2f7eeb4db30727556d0c815ebc89b3d28b", "tests/unit/__init__.py": "da39a3ee5e6b4b0d3255bfef95601890afd80709", "tests/unit/test_server.py": "99ae15aef722f2000ee6ed1ae1523637bf1ae42b", "tests/unit/test_source_hashes.py": "00468a2907583c593e6574a1f6b404e4651c221a"}, "modules": {"ptd_client_server.lib.client": "lib/client.py", "ptd_client_server.lib.common": "lib/common.py", "ptd_client_server.lib.external.ntplib": "lib/external/ntplib.py", "ptd_client_server.lib.source_hashes": "lib/source_hashes.py", "ptd_client_server.lib.summary": "lib/summary.py", "ptd_client_server.lib.time_sync": "lib/time_sync.py"}}
client 2023-02-12 10:14:40,006 [INFO] Running workload in ranging mode
client 2023-02-12 10:14:40,006 [INFO] Synchronizing with the server and with time.google.com...
client 2023-02-12 10:14:40,025 [INFO] NTP:offset = -0.002 s, delay = 0.018 s 
client 2023-02-12 10:14:40,026 [INFO] Sending command to the server: 'time'
client 2023-02-12 10:14:40,029 [INFO] Got response: '1676196880.0267944'
client 2023-02-12 10:14:40,029 [INFO] The time difference between the client and the server is within range -0.742 ms..2.376 ms
client 2023-02-12 10:14:40,029 [INFO] Sending command to the server: 'session,2023-02-12_10-14-40,start,ranging'
client 2023-02-12 10:15:08,157 [INFO] Got response: 'OK'
client 2023-02-12 10:15:08,159 [INFO] Running the workload '/home/arjun/CM/repos/octoml@ck/cm-mlops/script/run-mlperf-inference-app/run.out'
client 2023-02-12 10:25:11,758 [INFO] Sending command to the server: 'session,2023-02-12_10-14-40,stop,ranging'
client 2023-02-12 10:25:21,814 [INFO] Got response: 'OK'
client 2023-02-12 10:25:21,854 [INFO] Copying loadgen logs from '/home/arjun/CM/repos/octoml@ck/cm-mlops/script/run-mlperf-inference-app/valid_results/arjun_orin-tflite_cpp-cpu-armnn_tflite-v22.11-default_config/mobilenet-v1-precision_float-0.25-224/singlestream/performance/run_1' to '/home/arjun/CM/repos/octoml@ck/cm-mlops/script/run-mlperf-inference-app/valid_results/arjun_orin-tflite_cpp-cpu-armnn_tflite-v22.11-default_config/mobilenet-v1-precision_float-0.25-224/singlestream/performance/tmp_power/ranging'
client 2023-02-12 10:25:21,856 [INFO] Running workload in testing mode
client 2023-02-12 10:25:21,856 [INFO] Synchronizing with the server and with time.google.com...
client 2023-02-12 10:25:21,942 [INFO] NTP:offset = -0.033 s, delay = 0.081 s 
client 2023-02-12 10:25:21,942 [INFO] Sending command to the server: 'time'
client 2023-02-12 10:25:21,957 [INFO] Got response: '1676197521.9551668'
client 2023-02-12 10:25:21,957 [INFO] The time difference between the client and the server is within range -12.729 ms..2.758 ms
client 2023-02-12 10:25:21,958 [INFO] Sending command to the server: 'session,2023-02-12_10-14-40,start,testing'
client 2023-02-12 10:25:35,177 [INFO] Got response: 'OK'
client 2023-02-12 10:25:35,178 [INFO] Running the workload '/home/arjun/CM/repos/octoml@ck/cm-mlops/script/run-mlperf-inference-app/run.out'
client 2023-02-12 10:35:36,142 [INFO] Sending command to the server: 'session,2023-02-12_10-14-40,stop,testing'
client 2023-02-12 10:35:46,521 [INFO] Got response: 'OK'
client 2023-02-12 10:35:46,526 [INFO] Copying loadgen logs from '/home/arjun/CM/repos/octoml@ck/cm-mlops/script/run-mlperf-inference-app/valid_results/arjun_orin-tflite_cpp-cpu-armnn_tflite-v22.11-default_config/mobilenet-v1-precision_float-0.25-224/singlestream/performance/run_1' to '/home/arjun/CM/repos/octoml@ck/cm-mlops/script/run-mlperf-inference-app/valid_results/arjun_orin-tflite_cpp-cpu-armnn_tflite-v22.11-default_config/mobilenet-v1-precision_float-0.25-224/singlestream/performance/tmp_power/run_1'
client 2023-02-12 10:35:46,537 [INFO] Done runs
