ptd-server 2023-02-26 01:21:42,090 [INFO] Got command from the client 'time'
ptd-server 2023-02-26 01:21:42,090 [INFO] Sending reply to client '1677374502.0903623'
ptd-server 2023-02-26 01:21:42,092 [INFO] Got command from the client 'new,,781d45bf-96d9-4a5a-8037-9f09efaf96be'
ptd-server 2023-02-26 01:21:42,093 [INFO] Sending reply to client 'OK 2023-02-26_01-21-42,0cb78c4d-3298-4822-ab8e-49588379a542'
ptd-server 2023-02-26 01:21:42,117 [INFO] Got command from the client 'time'
ptd-server 2023-02-26 01:21:42,117 [INFO] Sending reply to client '1677374502.1173956'
ptd-server 2023-02-26 01:21:42,118 [INFO] Got command from the client 'session,2023-02-26_01-21-42,start,ranging'
ptd-server 2023-02-26 01:21:42,119 [INFO] Running PTDaemon: ['/home/anton/projects/mlperf/power/inference_v1.0/ptd-linux-x86', '-l', '/tmp/tmpu4v721n6/ptd_logfile.txt', '-p', '8888', '49', '/dev/usbtmc0']
ptd-server 2023-02-26 01:21:59,205 [INFO] Sending to ptd: 'Hello'
ptd-server 2023-02-26 01:21:59,205 [INFO] Reply from ptd: 'Hello, PTDaemon here!'
ptd-server 2023-02-26 01:21:59,205 [INFO] Sending to ptd: 'Identify'
ptd-server 2023-02-26 01:21:59,206 [INFO] Reply from ptd: 'YokogawaWT310E,1000,1,1,1,1,0,1,1,version=1.10.0-ed9a21d2-20220817,OS=Linux 5.15.0-60-generic #66~20.04.1-Ubuntu SMP Wed Jan 25 09:41:30 UTC 2023 x86_64,mode=power,1,1,1,0,0,no_cal_date,YOKOGAWA;WT310E;C3XA04010E;F1.04'
ptd-server 2023-02-26 01:21:59,206 [INFO] Connected to PTDaemon
ptd-server 2023-02-26 01:21:59,206 [INFO] Sending to ptd: 'RR'
ptd-server 2023-02-26 01:21:59,206 [INFO] Reply from ptd: 'Ranges,0,0.100000,0,300.000000'
ptd-server 2023-02-26 01:21:59,206 [INFO] Initial range for Amps is 0.100000 for Volts is 300.000000
ptd-server 2023-02-26 01:21:59,206 [INFO] Sending to ptd: 'SR,V,Auto'
ptd-server 2023-02-26 01:21:59,709 [INFO] Reply from ptd: 'Range V changed'
ptd-server 2023-02-26 01:21:59,709 [INFO] Sending to ptd: 'SR,A,Auto'
ptd-server 2023-02-26 01:22:00,212 [INFO] Reply from ptd: 'Range A changed'
ptd-server 2023-02-26 01:22:10,220 [INFO] Starting ranging mode
ptd-server 2023-02-26 01:22:10,220 [INFO] Sending to ptd: 'Go,1000,0,2023-02-26_01-21-42_ranging'
ptd-server 2023-02-26 01:22:10,220 [INFO] Reply from ptd: 'Starting untimed measurement, maximum 500000 samples at 1000ms with 0 rampup samples'
ptd-server 2023-02-26 01:22:10,221 [INFO] Sending reply to client 'OK'
ptd-server 2023-02-26 01:32:25,258 [INFO] Got command from the client 'session,2023-02-26_01-21-42,stop,ranging'
ptd-server 2023-02-26 01:32:35,268 [INFO] Sending to ptd: 'Stop'
ptd-server 2023-02-26 01:32:35,268 [INFO] Reply from ptd: 'Stopping untimed measurement'
ptd-server 2023-02-26 01:32:35,447 [INFO] Sending reply to client 'OK'
ptd-server 2023-02-26 01:32:35,492 [INFO] Got command from the client 'time'
ptd-server 2023-02-26 01:32:35,492 [INFO] Sending reply to client '1677375155.4924946'
ptd-server 2023-02-26 01:32:35,494 [INFO] Got command from the client 'session,2023-02-26_01-21-42,start,testing'
ptd-server 2023-02-26 01:32:35,495 [INFO] Sending to ptd: 'SR,V,251.990000'
ptd-server 2023-02-26 01:32:37,722 [INFO] Reply from ptd: 'Range V changed'
ptd-server 2023-02-26 01:32:37,722 [INFO] Sending to ptd: 'SR,A,0.054090'
ptd-server 2023-02-26 01:32:39,224 [INFO] Reply from ptd: 'Range A changed'
ptd-server 2023-02-26 01:32:49,232 [INFO] Starting testing mode
ptd-server 2023-02-26 01:32:49,232 [INFO] Sending to ptd: 'Go,1000,0,2023-02-26_01-21-42_testing'
ptd-server 2023-02-26 01:32:49,232 [INFO] Reply from ptd: 'Starting untimed measurement, maximum 500000 samples at 1000ms with 0 rampup samples'
ptd-server 2023-02-26 01:32:49,233 [INFO] Sending reply to client 'OK'
ptd-server 2023-02-26 01:43:04,383 [INFO] Got command from the client 'session,2023-02-26_01-21-42,stop,testing'
ptd-server 2023-02-26 01:43:14,393 [INFO] Sending to ptd: 'Stop'
ptd-server 2023-02-26 01:43:14,394 [INFO] Reply from ptd: 'Stopping untimed measurement'
ptd-server 2023-02-26 01:43:14,486 [INFO] Sending reply to client 'OK'
ptd-server 2023-02-26 01:43:14,505 [INFO] Got command from the client 'session,2023-02-26_01-21-42,done'
ptd-server 2023-02-26 01:43:14,505 [INFO] Sending to ptd: 'Stop'
ptd-server 2023-02-26 01:43:15,232 [INFO] Reply from ptd: 'Error: no measurement to stop'
ptd-server 2023-02-26 01:43:15,232 [INFO] Sending to ptd: 'SR,V,300.000000'
ptd-server 2023-02-26 01:43:16,733 [INFO] Reply from ptd: 'Range V changed'
ptd-server 2023-02-26 01:43:16,734 [INFO] Sending to ptd: 'SR,A,0.100000'
ptd-server 2023-02-26 01:43:18,235 [INFO] Reply from ptd: 'Range A changed'
ptd-server 2023-02-26 01:43:18,235 [INFO] Set initial values for Amps 0.100000 and Volts 300.000000
ptd-server 2023-02-26 01:43:18,235 [INFO] Stopping ptd...
