ptd-server 2023-02-21 03:41:45,417 [INFO] Got command from the client 'time'
ptd-server 2023-02-21 03:41:45,417 [INFO] Sending reply to client '1676950905.4172251'
ptd-server 2023-02-21 03:41:45,418 [INFO] Got command from the client 'new,,6455ee85-3e1c-4909-a889-433df47490e8'
ptd-server 2023-02-21 03:41:45,418 [INFO] Sending reply to client 'OK 2023-02-21_03-41-45,42256ce8-af9d-4c2c-9d29-6be2e4928841'
ptd-server 2023-02-21 03:41:45,442 [INFO] Got command from the client 'time'
ptd-server 2023-02-21 03:41:45,442 [INFO] Sending reply to client '1676950905.4422622'
ptd-server 2023-02-21 03:41:45,443 [INFO] Got command from the client 'session,2023-02-21_03-41-45,start,ranging'
ptd-server 2023-02-21 03:41:45,443 [INFO] Running PTDaemon: ['/home/anton/projects/mlperf/power/inference_v1.0/ptd-linux-x86', '-l', '/tmp/tmp4yl1neqp/ptd_logfile.txt', '-p', '8888', '49', '/dev/usbtmc0']
ptd-server 2023-02-21 03:42:02,517 [INFO] Sending to ptd: 'Hello'
ptd-server 2023-02-21 03:42:02,517 [INFO] Reply from ptd: 'Hello, PTDaemon here!'
ptd-server 2023-02-21 03:42:02,518 [INFO] Sending to ptd: 'Identify'
ptd-server 2023-02-21 03:42:02,518 [INFO] Reply from ptd: 'YokogawaWT310E,1000,1,1,1,1,0,1,1,version=1.10.0-ed9a21d2-20220817,OS=Linux 5.15.0-60-generic #66~20.04.1-Ubuntu SMP Wed Jan 25 09:41:30 UTC 2023 x86_64,mode=power,1,1,1,0,0,no_cal_date,YOKOGAWA;WT310E;C3XA04010E;F1.04'
ptd-server 2023-02-21 03:42:02,518 [INFO] Connected to PTDaemon
ptd-server 2023-02-21 03:42:02,518 [INFO] Sending to ptd: 'RR'
ptd-server 2023-02-21 03:42:02,519 [INFO] Reply from ptd: 'Ranges,1,0.100000,1,300.000000'
ptd-server 2023-02-21 03:42:02,519 [INFO] Initial range for Amps is Auto for Volts is Auto
ptd-server 2023-02-21 03:42:02,519 [INFO] Sending to ptd: 'SR,V,Auto'
ptd-server 2023-02-21 03:42:03,021 [INFO] Reply from ptd: 'Range V changed'
ptd-server 2023-02-21 03:42:03,021 [INFO] Sending to ptd: 'SR,A,Auto'
ptd-server 2023-02-21 03:42:03,524 [INFO] Reply from ptd: 'Range A changed'
ptd-server 2023-02-21 03:42:13,534 [INFO] Starting ranging mode
ptd-server 2023-02-21 03:42:13,534 [INFO] Sending to ptd: 'Go,1000,0,2023-02-21_03-41-45_ranging'
ptd-server 2023-02-21 03:42:13,535 [INFO] Reply from ptd: 'Starting untimed measurement, maximum 500000 samples at 1000ms with 0 rampup samples'
ptd-server 2023-02-21 03:42:13,535 [INFO] Sending reply to client 'OK'
ptd-server 2023-02-21 03:52:41,416 [INFO] Got command from the client 'session,2023-02-21_03-41-45,stop,ranging'
ptd-server 2023-02-21 03:52:51,426 [INFO] Sending to ptd: 'Stop'
ptd-server 2023-02-21 03:52:51,427 [INFO] Reply from ptd: 'Stopping untimed measurement'
ptd-server 2023-02-21 03:52:51,683 [INFO] Sending reply to client 'OK'
ptd-server 2023-02-21 03:52:51,755 [INFO] Got command from the client 'time'
ptd-server 2023-02-21 03:52:51,755 [INFO] Sending reply to client '1676951571.7559683'
ptd-server 2023-02-21 03:52:51,756 [INFO] Got command from the client 'session,2023-02-21_03-41-45,start,testing'
ptd-server 2023-02-21 03:52:51,757 [INFO] Sending to ptd: 'SR,V,253.060000'
ptd-server 2023-02-21 03:52:53,258 [INFO] Reply from ptd: 'Range V changed'
ptd-server 2023-02-21 03:52:53,258 [INFO] Sending to ptd: 'SR,A,0.066670'
ptd-server 2023-02-21 03:52:54,759 [INFO] Reply from ptd: 'Range A changed'
ptd-server 2023-02-21 03:53:04,760 [INFO] Starting testing mode
ptd-server 2023-02-21 03:53:04,760 [INFO] Sending to ptd: 'Go,1000,0,2023-02-21_03-41-45_testing'
ptd-server 2023-02-21 03:53:04,760 [INFO] Reply from ptd: 'Starting untimed measurement, maximum 500000 samples at 1000ms with 0 rampup samples'
ptd-server 2023-02-21 03:53:04,761 [INFO] Sending reply to client 'OK'
ptd-server 2023-02-21 04:03:32,599 [INFO] Got command from the client 'session,2023-02-21_03-41-45,stop,testing'
ptd-server 2023-02-21 04:03:42,609 [INFO] Sending to ptd: 'Stop'
ptd-server 2023-02-21 04:03:42,609 [INFO] Reply from ptd: 'Stopping untimed measurement'
ptd-server 2023-02-21 04:03:42,751 [INFO] Sending reply to client 'OK'
ptd-server 2023-02-21 04:03:42,759 [INFO] Got command from the client 'session,2023-02-21_03-41-45,done'
ptd-server 2023-02-21 04:03:42,759 [INFO] Sending to ptd: 'Stop'
ptd-server 2023-02-21 04:03:42,760 [INFO] Reply from ptd: 'Error: no measurement to stop'
ptd-server 2023-02-21 04:03:42,760 [INFO] Sending to ptd: 'SR,V,Auto'
ptd-server 2023-02-21 04:03:43,263 [INFO] Reply from ptd: 'Range V changed'
ptd-server 2023-02-21 04:03:43,263 [INFO] Sending to ptd: 'SR,A,Auto'
ptd-server 2023-02-21 04:03:43,765 [INFO] Reply from ptd: 'Range A changed'
ptd-server 2023-02-21 04:03:43,765 [INFO] Set initial values for Amps Auto and Volts Auto
ptd-server 2023-02-21 04:03:43,766 [INFO] Stopping ptd...
