ptd-server 2023-02-21 00:22:51,621 [INFO] Got command from the client 'time'
ptd-server 2023-02-21 00:22:51,622 [INFO] Sending reply to client '1676938971.6221251'
ptd-server 2023-02-21 00:22:51,623 [INFO] Got command from the client 'new,,539be4fb-1bab-4c71-8fc3-d36e64c852ad'
ptd-server 2023-02-21 00:22:51,623 [INFO] Sending reply to client 'OK 2023-02-21_00-22-51,76a4b226-b07a-4e98-9e91-daf2622529a3'
ptd-server 2023-02-21 00:22:51,644 [INFO] Got command from the client 'time'
ptd-server 2023-02-21 00:22:51,644 [INFO] Sending reply to client '1676938971.6444302'
ptd-server 2023-02-21 00:22:51,645 [INFO] Got command from the client 'session,2023-02-21_00-22-51,start,ranging'
ptd-server 2023-02-21 00:22:51,645 [INFO] Running PTDaemon: ['/home/anton/projects/mlperf/power/inference_v1.0/ptd-linux-x86', '-l', '/tmp/tmp4yl1neqp/ptd_logfile.txt', '-p', '8888', '49', '/dev/usbtmc0']
ptd-server 2023-02-21 00:23:08,719 [INFO] Sending to ptd: 'Hello'
ptd-server 2023-02-21 00:23:08,720 [INFO] Reply from ptd: 'Hello, PTDaemon here!'
ptd-server 2023-02-21 00:23:08,720 [INFO] Sending to ptd: 'Identify'
ptd-server 2023-02-21 00:23:08,721 [INFO] Reply from ptd: 'YokogawaWT310E,1000,1,1,1,1,0,1,1,version=1.10.0-ed9a21d2-20220817,OS=Linux 5.15.0-60-generic #66~20.04.1-Ubuntu SMP Wed Jan 25 09:41:30 UTC 2023 x86_64,mode=power,1,1,1,0,0,no_cal_date,YOKOGAWA;WT310E;C3XA04010E;F1.04'
ptd-server 2023-02-21 00:23:08,721 [INFO] Connected to PTDaemon
ptd-server 2023-02-21 00:23:08,721 [INFO] Sending to ptd: 'RR'
ptd-server 2023-02-21 00:23:08,721 [INFO] Reply from ptd: 'Ranges,1,0.100000,1,300.000000'
ptd-server 2023-02-21 00:23:08,721 [INFO] Initial range for Amps is Auto for Volts is Auto
ptd-server 2023-02-21 00:23:08,721 [INFO] Sending to ptd: 'SR,V,Auto'
ptd-server 2023-02-21 00:23:09,224 [INFO] Reply from ptd: 'Range V changed'
ptd-server 2023-02-21 00:23:09,224 [INFO] Sending to ptd: 'SR,A,Auto'
ptd-server 2023-02-21 00:23:09,726 [INFO] Reply from ptd: 'Range A changed'
ptd-server 2023-02-21 00:23:19,737 [INFO] Starting ranging mode
ptd-server 2023-02-21 00:23:19,737 [INFO] Sending to ptd: 'Go,1000,0,2023-02-21_00-22-51_ranging'
ptd-server 2023-02-21 00:23:19,737 [INFO] Reply from ptd: 'Starting untimed measurement, maximum 500000 samples at 1000ms with 0 rampup samples'
ptd-server 2023-02-21 00:23:19,738 [INFO] Sending reply to client 'OK'
ptd-server 2023-02-21 00:33:46,885 [INFO] Got command from the client 'session,2023-02-21_00-22-51,stop,ranging'
ptd-server 2023-02-21 00:33:56,896 [INFO] Sending to ptd: 'Stop'
ptd-server 2023-02-21 00:33:56,896 [INFO] Reply from ptd: 'Stopping untimed measurement'
ptd-server 2023-02-21 00:33:57,143 [INFO] Sending reply to client 'OK'
ptd-server 2023-02-21 00:33:57,218 [INFO] Got command from the client 'time'
ptd-server 2023-02-21 00:33:57,218 [INFO] Sending reply to client '1676939637.218635'
ptd-server 2023-02-21 00:33:57,219 [INFO] Got command from the client 'session,2023-02-21_00-22-51,start,testing'
ptd-server 2023-02-21 00:33:57,219 [INFO] Sending to ptd: 'SR,V,253.220000'
ptd-server 2023-02-21 00:33:59,238 [INFO] Reply from ptd: 'Range V changed'
ptd-server 2023-02-21 00:33:59,239 [INFO] Sending to ptd: 'SR,A,0.075550'
ptd-server 2023-02-21 00:34:00,740 [INFO] Reply from ptd: 'Range A changed'
ptd-server 2023-02-21 00:34:10,750 [INFO] Starting testing mode
ptd-server 2023-02-21 00:34:10,750 [INFO] Sending to ptd: 'Go,1000,0,2023-02-21_00-22-51_testing'
ptd-server 2023-02-21 00:34:10,751 [INFO] Reply from ptd: 'Starting untimed measurement, maximum 500000 samples at 1000ms with 0 rampup samples'
ptd-server 2023-02-21 00:34:10,751 [INFO] Sending reply to client 'OK'
ptd-server 2023-02-21 00:44:37,829 [INFO] Got command from the client 'session,2023-02-21_00-22-51,stop,testing'
ptd-server 2023-02-21 00:44:47,836 [INFO] Sending to ptd: 'Stop'
ptd-server 2023-02-21 00:44:47,836 [INFO] Reply from ptd: 'Stopping untimed measurement'
ptd-server 2023-02-21 00:44:47,974 [INFO] Sending reply to client 'OK'
ptd-server 2023-02-21 00:44:47,982 [INFO] Got command from the client 'session,2023-02-21_00-22-51,done'
ptd-server 2023-02-21 00:44:47,983 [INFO] Sending to ptd: 'Stop'
ptd-server 2023-02-21 00:44:48,751 [INFO] Reply from ptd: 'Error: no measurement to stop'
ptd-server 2023-02-21 00:44:48,751 [INFO] Sending to ptd: 'SR,V,Auto'
ptd-server 2023-02-21 00:44:49,254 [INFO] Reply from ptd: 'Range V changed'
ptd-server 2023-02-21 00:44:49,254 [INFO] Sending to ptd: 'SR,A,Auto'
ptd-server 2023-02-21 00:44:49,756 [INFO] Reply from ptd: 'Range A changed'
ptd-server 2023-02-21 00:44:49,757 [INFO] Set initial values for Amps Auto and Volts Auto
ptd-server 2023-02-21 00:44:49,757 [INFO] Stopping ptd...
