ptd-server 2023-02-20 11:50:08,419 [INFO] Got command from the client 'time'
ptd-server 2023-02-20 11:50:08,420 [INFO] Sending reply to client '1676915408.4200742'
ptd-server 2023-02-20 11:50:08,421 [INFO] Got command from the client 'new,,c1baf17b-2151-4f39-b089-bd6c8557fd38'
ptd-server 2023-02-20 11:50:08,421 [INFO] Sending reply to client 'OK 2023-02-20_11-50-08,b6fb7dc6-c955-4291-90a9-33e88b03a5f7'
ptd-server 2023-02-20 11:50:08,503 [INFO] Got command from the client 'time'
ptd-server 2023-02-20 11:50:08,503 [INFO] Sending reply to client '1676915408.503579'
ptd-server 2023-02-20 11:50:08,504 [INFO] Got command from the client 'session,2023-02-20_11-50-08,start,ranging'
ptd-server 2023-02-20 11:50:08,505 [INFO] Running PTDaemon: ['/local/mnt/workspace/mlcommons/power-main/inference_v1.0/ptd-linux-x86', '-l', '/tmp/tmpqybqiqrs/ptd_logfile.txt', '-p', '8888', '-c', '1,2', '77', '/dev/usbtmc0']
ptd-server 2023-02-20 11:50:27,161 [INFO] Sending to ptd: 'Hello'
ptd-server 2023-02-20 11:50:27,162 [INFO] Reply from ptd: 'Hello, PTDaemon here!'
ptd-server 2023-02-20 11:50:27,162 [INFO] Sending to ptd: 'Identify'
ptd-server 2023-02-20 11:50:27,162 [INFO] Reply from ptd: 'YokogawaWT330_multichannel,1000,1,1,1,1,0,0,1,version=1.10.0-ed9a21d2-20220817,OS=Linux 5.4.0-120-generic #136~18.04.1-Ubuntu SMP Fri Jun 10 18:00:44 UTC 2022 x86_64,mode=power,1,1,2,0,0,no_cal_date,YOKOGAWA;WT333E;C2XC17004V;F1.04'
ptd-server 2023-02-20 11:50:27,163 [INFO] Connected to PTDaemon
ptd-server 2023-02-20 11:50:27,163 [INFO] Sending to ptd: 'RR'
ptd-server 2023-02-20 11:50:27,163 [INFO] Reply from ptd: 'Ranges,1,5.000000,1,300.000000'
ptd-server 2023-02-20 11:50:27,164 [INFO] Initial range for Amps is Auto for Volts is Auto
ptd-server 2023-02-20 11:50:27,164 [INFO] Sending to ptd: 'SR,V,Auto'
ptd-server 2023-02-20 11:50:32,217 [INFO] Reply from ptd: 'Range V changed'
ptd-server 2023-02-20 11:50:32,217 [INFO] Sending to ptd: 'SR,A,Auto'
ptd-server 2023-02-20 11:50:37,271 [INFO] Reply from ptd: 'Range A changed'
ptd-server 2023-02-20 11:50:47,282 [INFO] Starting ranging mode
ptd-server 2023-02-20 11:50:47,282 [INFO] Sending to ptd: 'Go,1000,0,2023-02-20_11-50-08_ranging'
ptd-server 2023-02-20 11:50:47,283 [INFO] Reply from ptd: 'Starting untimed measurement, maximum 500000 samples at 1000ms with 0 rampup samples'
ptd-server 2023-02-20 11:50:47,283 [INFO] Sending reply to client 'OK'
ptd-server 2023-02-20 12:05:44,350 [INFO] Got command from the client 'session,2023-02-20_11-50-08,stop,ranging'
ptd-server 2023-02-20 12:05:54,361 [INFO] Sending to ptd: 'Stop'
ptd-server 2023-02-20 12:05:54,362 [INFO] Reply from ptd: 'Stopping untimed measurement'
ptd-server 2023-02-20 12:05:54,385 [INFO] Sending reply to client 'OK'
ptd-server 2023-02-20 12:05:54,495 [INFO] Got command from the client 'time'
ptd-server 2023-02-20 12:05:54,495 [INFO] Sending reply to client '1676916354.4956515'
ptd-server 2023-02-20 12:05:54,496 [INFO] Got command from the client 'session,2023-02-20_11-50-08,start,testing'
ptd-server 2023-02-20 12:05:54,497 [INFO] Sending to ptd: 'SR,V,208.470000'
ptd-server 2023-02-20 12:06:01,336 [INFO] Reply from ptd: 'Range V changed'
ptd-server 2023-02-20 12:06:01,336 [INFO] Sending to ptd: 'SR,A,4.637300'
ptd-server 2023-02-20 12:06:06,889 [INFO] Reply from ptd: 'Range A changed'
ptd-server 2023-02-20 12:06:16,895 [INFO] Starting testing mode
ptd-server 2023-02-20 12:06:16,895 [INFO] Sending to ptd: 'Go,1000,0,2023-02-20_11-50-08_testing'
ptd-server 2023-02-20 12:06:16,896 [INFO] Reply from ptd: 'Starting untimed measurement, maximum 500000 samples at 1000ms with 0 rampup samples'
ptd-server 2023-02-20 12:06:16,896 [INFO] Sending reply to client 'OK'
ptd-server 2023-02-20 12:21:15,776 [INFO] Got command from the client 'session,2023-02-20_11-50-08,stop,testing'
ptd-server 2023-02-20 12:21:25,786 [INFO] Sending to ptd: 'Stop'
ptd-server 2023-02-20 12:21:25,787 [INFO] Reply from ptd: 'Stopping untimed measurement'
ptd-server 2023-02-20 12:21:25,793 [INFO] Sending reply to client 'OK'
ptd-server 2023-02-20 12:21:25,798 [INFO] Got command from the client 'session,2023-02-20_11-50-08,done'
ptd-server 2023-02-20 12:21:25,798 [INFO] Sending to ptd: 'Stop'
ptd-server 2023-02-20 12:21:25,897 [INFO] Reply from ptd: 'Error: no measurement to stop'
ptd-server 2023-02-20 12:21:25,897 [INFO] Sending to ptd: 'SR,V,Auto'
ptd-server 2023-02-20 12:21:30,950 [INFO] Reply from ptd: 'Range V changed'
ptd-server 2023-02-20 12:21:30,951 [INFO] Sending to ptd: 'SR,A,Auto'
ptd-server 2023-02-20 12:21:36,004 [INFO] Reply from ptd: 'Range A changed'
ptd-server 2023-02-20 12:21:36,004 [INFO] Set initial values for Amps Auto and Volts Auto
ptd-server 2023-02-20 12:21:36,004 [INFO] Stopping ptd...
