ptd-server 2023-02-23 23:43:17,622 [INFO] Got command from the client 'time'
ptd-server 2023-02-23 23:43:17,622 [INFO] Sending reply to client '1677195797.6224709'
ptd-server 2023-02-23 23:43:17,625 [INFO] Got command from the client 'new,,1099bee7-aed6-4927-96c7-db20b769689f'
ptd-server 2023-02-23 23:43:17,626 [INFO] Sending reply to client 'OK 2023-02-23_23-43-17,e53685df-05e5-424f-afac-f51850b58483'
ptd-server 2023-02-23 23:43:17,652 [INFO] Got command from the client 'time'
ptd-server 2023-02-23 23:43:17,652 [INFO] Sending reply to client '1677195797.6525767'
ptd-server 2023-02-23 23:43:17,655 [INFO] Got command from the client 'session,2023-02-23_23-43-17,start,ranging'
ptd-server 2023-02-23 23:43:17,656 [INFO] Running PTDaemon: ['/media/arjun/T7_Touch/hp-envy/CM/repos/local/cache/9b3695ca8255492a/power/inference_v1.0/ptd-linux-x86', '-l', '/tmp/tmpti64566v/ptd_logfile.txt', '-p', '8888', '49', '/dev/usbtmc0']
ptd-server 2023-02-23 23:43:34,755 [INFO] Sending to ptd: 'Hello'
ptd-server 2023-02-23 23:43:34,756 [INFO] Reply from ptd: 'Hello, PTDaemon here!'
ptd-server 2023-02-23 23:43:34,757 [INFO] Sending to ptd: 'Identify'
ptd-server 2023-02-23 23:43:34,758 [INFO] Reply from ptd: 'YokogawaWT310E,1000,1,1,1,1,0,1,1,version=1.10.0-ed9a21d2-20220817,OS=Linux 5.15.0-56-generic #62-Ubuntu SMP Tue Nov 22 19:54:14 UTC 2022 x86_64,mode=power,1,1,1,0,0,no_cal_date,YOKOGAWA;WT310E;C3YD21068E;F1.04'
ptd-server 2023-02-23 23:43:34,758 [INFO] Connected to PTDaemon
ptd-server 2023-02-23 23:43:34,758 [INFO] Sending to ptd: 'RR'
ptd-server 2023-02-23 23:43:34,759 [INFO] Reply from ptd: 'Ranges,0,0.100000,0,600.000000'
ptd-server 2023-02-23 23:43:34,759 [INFO] Initial range for Amps is 0.100000 for Volts is 600.000000
ptd-server 2023-02-23 23:43:34,759 [INFO] Sending to ptd: 'SR,V,Auto'
ptd-server 2023-02-23 23:43:35,263 [INFO] Reply from ptd: 'Range V changed'
ptd-server 2023-02-23 23:43:35,263 [INFO] Sending to ptd: 'SR,A,Auto'
ptd-server 2023-02-23 23:43:35,767 [INFO] Reply from ptd: 'Range A changed'
ptd-server 2023-02-23 23:43:45,778 [INFO] Starting ranging mode
ptd-server 2023-02-23 23:43:45,778 [INFO] Sending to ptd: 'Go,1000,0,2023-02-23_23-43-17_ranging'
ptd-server 2023-02-23 23:43:45,779 [INFO] Reply from ptd: 'Starting untimed measurement, maximum 500000 samples at 1000ms with 0 rampup samples'
ptd-server 2023-02-23 23:43:45,779 [INFO] Sending reply to client 'OK'
ptd-server 2023-02-23 23:54:57,309 [INFO] Got command from the client 'session,2023-02-23_23-43-17,stop,ranging'
ptd-server 2023-02-23 23:55:07,320 [INFO] Sending to ptd: 'Stop'
ptd-server 2023-02-23 23:55:07,321 [INFO] Reply from ptd: 'Stopping untimed measurement'
ptd-server 2023-02-23 23:55:07,377 [INFO] Sending reply to client 'OK'
ptd-server 2023-02-23 23:55:07,438 [INFO] Got command from the client 'time'
ptd-server 2023-02-23 23:55:07,438 [INFO] Sending reply to client '1677196507.4381223'
ptd-server 2023-02-23 23:55:07,442 [INFO] Got command from the client 'session,2023-02-23_23-43-17,start,testing'
ptd-server 2023-02-23 23:55:07,442 [INFO] Sending to ptd: 'SR,V,246.820000'
ptd-server 2023-02-23 23:55:09,282 [INFO] Reply from ptd: 'Range V changed'
ptd-server 2023-02-23 23:55:09,282 [INFO] Sending to ptd: 'SR,A,0.249020'
ptd-server 2023-02-23 23:55:10,785 [INFO] Reply from ptd: 'Range A changed'
ptd-server 2023-02-23 23:55:20,796 [INFO] Starting testing mode
ptd-server 2023-02-23 23:55:20,797 [INFO] Sending to ptd: 'Go,1000,0,2023-02-23_23-43-17_testing'
ptd-server 2023-02-23 23:55:20,797 [INFO] Reply from ptd: 'Starting untimed measurement, maximum 500000 samples at 1000ms with 0 rampup samples'
ptd-server 2023-02-23 23:55:20,798 [INFO] Sending reply to client 'OK'
ptd-server 2023-02-24 00:06:31,142 [INFO] Got command from the client 'session,2023-02-23_23-43-17,stop,testing'
ptd-server 2023-02-24 00:06:41,153 [INFO] Sending to ptd: 'Stop'
ptd-server 2023-02-24 00:06:41,154 [INFO] Reply from ptd: 'Stopping untimed measurement'
ptd-server 2023-02-24 00:06:41,184 [INFO] Sending reply to client 'OK'
ptd-server 2023-02-24 00:06:41,199 [INFO] Got command from the client 'session,2023-02-23_23-43-17,done'
ptd-server 2023-02-24 00:06:41,199 [INFO] Sending to ptd: 'Stop'
ptd-server 2023-02-24 00:06:41,798 [INFO] Reply from ptd: 'Error: no measurement to stop'
ptd-server 2023-02-24 00:06:41,798 [INFO] Sending to ptd: 'SR,V,600.000000'
ptd-server 2023-02-24 00:06:43,301 [INFO] Reply from ptd: 'Range V changed'
ptd-server 2023-02-24 00:06:43,301 [INFO] Sending to ptd: 'SR,A,0.100000'
ptd-server 2023-02-24 00:06:44,804 [INFO] Reply from ptd: 'Range A changed'
ptd-server 2023-02-24 00:06:44,804 [INFO] Set initial values for Amps 0.100000 and Volts 600.000000
ptd-server 2023-02-24 00:06:44,804 [INFO] Stopping ptd...
