ptd-server 2023-02-28 23:51:37,223 [INFO] Got command from the client 'time'
ptd-server 2023-02-28 23:51:37,224 [INFO] Sending reply to client '1677628297.2242253'
ptd-server 2023-02-28 23:51:37,229 [INFO] Got command from the client 'new,,9e6bd53a-7d80-42cc-ac69-f488e892f449'
ptd-server 2023-02-28 23:51:37,230 [INFO] Sending reply to client 'OK 2023-02-28_23-51-37,ff7a66c0-e8ac-4c19-be70-ca03eb104a59'
ptd-server 2023-02-28 23:51:37,250 [INFO] Got command from the client 'time'
ptd-server 2023-02-28 23:51:37,251 [INFO] Sending reply to client '1677628297.250989'
ptd-server 2023-02-28 23:51:37,254 [INFO] Got command from the client 'session,2023-02-28_23-51-37,start,ranging'
ptd-server 2023-02-28 23:51:37,255 [INFO] Running PTDaemon: ['/media/arjun/T7_Touch/hp-envy/CM/repos/local/cache/9b3695ca8255492a/power/inference_v1.0/ptd-linux-x86', '-l', '/tmp/tmpti64566v/ptd_logfile.txt', '-p', '8888', '49', '/dev/usbtmc0']
ptd-server 2023-02-28 23:51:54,337 [INFO] Sending to ptd: 'Hello'
ptd-server 2023-02-28 23:51:54,338 [INFO] Reply from ptd: 'Hello, PTDaemon here!'
ptd-server 2023-02-28 23:51:54,338 [INFO] Sending to ptd: 'Identify'
ptd-server 2023-02-28 23:51:54,339 [INFO] Reply from ptd: 'YokogawaWT310E,1000,1,1,1,1,0,1,1,version=1.10.0-ed9a21d2-20220817,OS=Linux 5.15.0-56-generic #62-Ubuntu SMP Tue Nov 22 19:54:14 UTC 2022 x86_64,mode=power,1,1,1,0,0,no_cal_date,YOKOGAWA;WT310E;C3YD21068E;F1.04'
ptd-server 2023-02-28 23:51:54,339 [INFO] Connected to PTDaemon
ptd-server 2023-02-28 23:51:54,339 [INFO] Sending to ptd: 'RR'
ptd-server 2023-02-28 23:51:54,340 [INFO] Reply from ptd: 'Ranges,0,0.100000,0,600.000000'
ptd-server 2023-02-28 23:51:54,340 [INFO] Initial range for Amps is 0.100000 for Volts is 600.000000
ptd-server 2023-02-28 23:51:54,340 [INFO] Sending to ptd: 'SR,V,Auto'
ptd-server 2023-02-28 23:51:54,844 [INFO] Reply from ptd: 'Range V changed'
ptd-server 2023-02-28 23:51:54,845 [INFO] Sending to ptd: 'SR,A,Auto'
ptd-server 2023-02-28 23:51:55,348 [INFO] Reply from ptd: 'Range A changed'
ptd-server 2023-02-28 23:52:05,359 [INFO] Starting ranging mode
ptd-server 2023-02-28 23:52:05,359 [INFO] Sending to ptd: 'Go,1000,0,2023-02-28_23-51-37_ranging'
ptd-server 2023-02-28 23:52:05,360 [INFO] Reply from ptd: 'Starting untimed measurement, maximum 500000 samples at 1000ms with 0 rampup samples'
ptd-server 2023-02-28 23:52:05,361 [INFO] Sending reply to client 'OK'
ptd-server 2023-03-01 00:03:23,137 [INFO] Got command from the client 'session,2023-02-28_23-51-37,stop,ranging'
ptd-server 2023-03-01 00:03:33,148 [INFO] Sending to ptd: 'Stop'
ptd-server 2023-03-01 00:03:33,149 [INFO] Reply from ptd: 'Stopping untimed measurement'
ptd-server 2023-03-01 00:03:33,487 [INFO] Sending reply to client 'OK'
ptd-server 2023-03-01 00:03:33,539 [INFO] Got command from the client 'time'
ptd-server 2023-03-01 00:03:33,539 [INFO] Sending reply to client '1677629013.539504'
ptd-server 2023-03-01 00:03:33,542 [INFO] Got command from the client 'session,2023-02-28_23-51-37,start,testing'
ptd-server 2023-03-01 00:03:33,543 [INFO] Sending to ptd: 'SR,V,250.090000'
ptd-server 2023-03-01 00:03:35,045 [INFO] Reply from ptd: 'Range V changed'
ptd-server 2023-03-01 00:03:35,046 [INFO] Sending to ptd: 'SR,A,0.240060'
ptd-server 2023-03-01 00:03:36,549 [INFO] Reply from ptd: 'Range A changed'
ptd-server 2023-03-01 00:03:46,560 [INFO] Starting testing mode
ptd-server 2023-03-01 00:03:46,560 [INFO] Sending to ptd: 'Go,1000,0,2023-02-28_23-51-37_testing'
ptd-server 2023-03-01 00:03:46,561 [INFO] Reply from ptd: 'Starting untimed measurement, maximum 500000 samples at 1000ms with 0 rampup samples'
ptd-server 2023-03-01 00:03:46,561 [INFO] Sending reply to client 'OK'
ptd-server 2023-03-01 00:15:06,520 [INFO] Got command from the client 'session,2023-02-28_23-51-37,stop,testing'
ptd-server 2023-03-01 00:15:16,531 [INFO] Sending to ptd: 'Stop'
ptd-server 2023-03-01 00:15:16,532 [INFO] Reply from ptd: 'Stopping untimed measurement'
ptd-server 2023-03-01 00:15:16,703 [INFO] Sending reply to client 'OK'
ptd-server 2023-03-01 00:15:16,720 [INFO] Got command from the client 'session,2023-02-28_23-51-37,done'
ptd-server 2023-03-01 00:15:16,720 [INFO] Sending to ptd: 'Stop'
ptd-server 2023-03-01 00:15:16,720 [INFO] Reply from ptd: 'Error: no measurement to stop'
ptd-server 2023-03-01 00:15:16,720 [INFO] Sending to ptd: 'SR,V,600.000000'
ptd-server 2023-03-01 00:15:18,223 [INFO] Reply from ptd: 'Range V changed'
ptd-server 2023-03-01 00:15:18,223 [INFO] Sending to ptd: 'SR,A,0.100000'
ptd-server 2023-03-01 00:15:19,726 [INFO] Reply from ptd: 'Range A changed'
ptd-server 2023-03-01 00:15:19,726 [INFO] Set initial values for Amps 0.100000 and Volts 600.000000
ptd-server 2023-03-01 00:15:19,726 [INFO] Stopping ptd...
