ptd-server 2023-02-27 09:37:58,984 [INFO] Got command from the client 'time'
ptd-server 2023-02-27 09:37:58,984 [INFO] Sending reply to client '1677490678.9845963'
ptd-server 2023-02-27 09:37:58,986 [INFO] Got command from the client 'new,,df564eab-b9fc-4a2e-9a81-ff2f68a43f2a'
ptd-server 2023-02-27 09:37:58,987 [INFO] Sending reply to client 'OK 2023-02-27_09-37-58,0498ec4f-4cef-4f67-96f5-2c8edcf60934'
ptd-server 2023-02-27 09:37:59,015 [INFO] Got command from the client 'time'
ptd-server 2023-02-27 09:37:59,015 [INFO] Sending reply to client '1677490679.0154762'
ptd-server 2023-02-27 09:37:59,017 [INFO] Got command from the client 'session,2023-02-27_09-37-58,start,ranging'
ptd-server 2023-02-27 09:37:59,017 [INFO] Running PTDaemon: ['/home/anton/projects/mlperf/power/inference_v1.0/ptd-linux-x86', '-l', '/tmp/tmpu4v721n6/ptd_logfile.txt', '-p', '8888', '49', '/dev/usbtmc0']
ptd-server 2023-02-27 09:38:16,103 [INFO] Sending to ptd: 'Hello'
ptd-server 2023-02-27 09:38:16,103 [INFO] Reply from ptd: 'Hello, PTDaemon here!'
ptd-server 2023-02-27 09:38:16,103 [INFO] Sending to ptd: 'Identify'
ptd-server 2023-02-27 09:38:16,104 [INFO] Reply from ptd: 'YokogawaWT310E,1000,1,1,1,1,0,1,1,version=1.10.0-ed9a21d2-20220817,OS=Linux 5.15.0-60-generic #66~20.04.1-Ubuntu SMP Wed Jan 25 09:41:30 UTC 2023 x86_64,mode=power,1,1,1,0,0,no_cal_date,YOKOGAWA;WT310E;C3XA04010E;F1.04'
ptd-server 2023-02-27 09:38:16,104 [INFO] Connected to PTDaemon
ptd-server 2023-02-27 09:38:16,104 [INFO] Sending to ptd: 'RR'
ptd-server 2023-02-27 09:38:16,104 [INFO] Reply from ptd: 'Ranges,0,0.100000,0,300.000000'
ptd-server 2023-02-27 09:38:16,104 [INFO] Initial range for Amps is 0.100000 for Volts is 300.000000
ptd-server 2023-02-27 09:38:16,105 [INFO] Sending to ptd: 'SR,V,Auto'
ptd-server 2023-02-27 09:38:16,607 [INFO] Reply from ptd: 'Range V changed'
ptd-server 2023-02-27 09:38:16,607 [INFO] Sending to ptd: 'SR,A,Auto'
ptd-server 2023-02-27 09:38:17,110 [INFO] Reply from ptd: 'Range A changed'
ptd-server 2023-02-27 09:38:27,120 [INFO] Starting ranging mode
ptd-server 2023-02-27 09:38:27,120 [INFO] Sending to ptd: 'Go,1000,0,2023-02-27_09-37-58_ranging'
ptd-server 2023-02-27 09:38:27,120 [INFO] Reply from ptd: 'Starting untimed measurement, maximum 500000 samples at 1000ms with 0 rampup samples'
ptd-server 2023-02-27 09:38:27,121 [INFO] Sending reply to client 'OK'
ptd-server 2023-02-27 09:48:44,222 [INFO] Got command from the client 'session,2023-02-27_09-37-58,stop,ranging'
ptd-server 2023-02-27 09:48:54,232 [INFO] Sending to ptd: 'Stop'
ptd-server 2023-02-27 09:48:54,232 [INFO] Reply from ptd: 'Stopping untimed measurement'
ptd-server 2023-02-27 09:48:54,567 [INFO] Sending reply to client 'OK'
ptd-server 2023-02-27 09:48:54,613 [INFO] Got command from the client 'time'
ptd-server 2023-02-27 09:48:54,613 [INFO] Sending reply to client '1677491334.613748'
ptd-server 2023-02-27 09:48:54,615 [INFO] Got command from the client 'session,2023-02-27_09-37-58,start,testing'
ptd-server 2023-02-27 09:48:54,615 [INFO] Sending to ptd: 'SR,V,251.330000'
ptd-server 2023-02-27 09:48:56,622 [INFO] Reply from ptd: 'Range V changed'
ptd-server 2023-02-27 09:48:56,623 [INFO] Sending to ptd: 'SR,A,0.053150'
ptd-server 2023-02-27 09:48:58,124 [INFO] Reply from ptd: 'Range A changed'
ptd-server 2023-02-27 09:49:08,132 [INFO] Starting testing mode
ptd-server 2023-02-27 09:49:08,132 [INFO] Sending to ptd: 'Go,1000,0,2023-02-27_09-37-58_testing'
ptd-server 2023-02-27 09:49:08,132 [INFO] Reply from ptd: 'Starting untimed measurement, maximum 500000 samples at 1000ms with 0 rampup samples'
ptd-server 2023-02-27 09:49:08,133 [INFO] Sending reply to client 'OK'
ptd-server 2023-02-27 09:59:25,059 [INFO] Got command from the client 'session,2023-02-27_09-37-58,stop,testing'
ptd-server 2023-02-27 09:59:35,069 [INFO] Sending to ptd: 'Stop'
ptd-server 2023-02-27 09:59:35,069 [INFO] Reply from ptd: 'Stopping untimed measurement'
ptd-server 2023-02-27 09:59:35,242 [INFO] Sending reply to client 'OK'
ptd-server 2023-02-27 09:59:35,263 [INFO] Got command from the client 'session,2023-02-27_09-37-58,done'
ptd-server 2023-02-27 09:59:35,263 [INFO] Sending to ptd: 'Stop'
ptd-server 2023-02-27 09:59:35,263 [INFO] Reply from ptd: 'Error: no measurement to stop'
ptd-server 2023-02-27 09:59:35,263 [INFO] Sending to ptd: 'SR,V,300.000000'
ptd-server 2023-02-27 09:59:36,765 [INFO] Reply from ptd: 'Range V changed'
ptd-server 2023-02-27 09:59:36,765 [INFO] Sending to ptd: 'SR,A,0.100000'
ptd-server 2023-02-27 09:59:38,266 [INFO] Reply from ptd: 'Range A changed'
ptd-server 2023-02-27 09:59:38,266 [INFO] Set initial values for Amps 0.100000 and Volts 300.000000
ptd-server 2023-02-27 09:59:38,266 [INFO] Stopping ptd...
