ptd-server 2023-02-26 03:28:55,802 [INFO] Got command from the client 'time'
ptd-server 2023-02-26 03:28:55,802 [INFO] Sending reply to client '1677382135.8025987'
ptd-server 2023-02-26 03:28:55,805 [INFO] Got command from the client 'new,,c6d5bd34-50f4-460b-8c91-441a2275967d'
ptd-server 2023-02-26 03:28:55,806 [INFO] Sending reply to client 'OK 2023-02-26_03-28-55,26a40a82-3ef5-46b9-a1f4-8f505e23be2f'
ptd-server 2023-02-26 03:28:55,828 [INFO] Got command from the client 'time'
ptd-server 2023-02-26 03:28:55,828 [INFO] Sending reply to client '1677382135.8285987'
ptd-server 2023-02-26 03:28:55,831 [INFO] Got command from the client 'session,2023-02-26_03-28-55,start,ranging'
ptd-server 2023-02-26 03:28:55,831 [INFO] Running PTDaemon: ['/media/arjun/T7_Touch/hp-envy/CM/repos/local/cache/9b3695ca8255492a/power/inference_v1.0/ptd-linux-x86', '-l', '/tmp/tmpti64566v/ptd_logfile.txt', '-p', '8888', '49', '/dev/usbtmc0']
ptd-server 2023-02-26 03:29:12,935 [INFO] Sending to ptd: 'Hello'
ptd-server 2023-02-26 03:29:12,936 [INFO] Reply from ptd: 'Hello, PTDaemon here!'
ptd-server 2023-02-26 03:29:12,937 [INFO] Sending to ptd: 'Identify'
ptd-server 2023-02-26 03:29:12,938 [INFO] Reply from ptd: 'YokogawaWT310E,1000,1,1,1,1,0,1,1,version=1.10.0-ed9a21d2-20220817,OS=Linux 5.15.0-56-generic #62-Ubuntu SMP Tue Nov 22 19:54:14 UTC 2022 x86_64,mode=power,1,1,1,0,0,no_cal_date,YOKOGAWA;WT310E;C3YD21068E;F1.04'
ptd-server 2023-02-26 03:29:12,938 [INFO] Connected to PTDaemon
ptd-server 2023-02-26 03:29:12,938 [INFO] Sending to ptd: 'RR'
ptd-server 2023-02-26 03:29:12,939 [INFO] Reply from ptd: 'Ranges,0,0.100000,0,600.000000'
ptd-server 2023-02-26 03:29:12,939 [INFO] Initial range for Amps is 0.100000 for Volts is 600.000000
ptd-server 2023-02-26 03:29:12,939 [INFO] Sending to ptd: 'SR,V,Auto'
ptd-server 2023-02-26 03:29:13,443 [INFO] Reply from ptd: 'Range V changed'
ptd-server 2023-02-26 03:29:13,443 [INFO] Sending to ptd: 'SR,A,Auto'
ptd-server 2023-02-26 03:29:13,947 [INFO] Reply from ptd: 'Range A changed'
ptd-server 2023-02-26 03:29:23,958 [INFO] Starting ranging mode
ptd-server 2023-02-26 03:29:23,958 [INFO] Sending to ptd: 'Go,1000,0,2023-02-26_03-28-55_ranging'
ptd-server 2023-02-26 03:29:23,959 [INFO] Reply from ptd: 'Starting untimed measurement, maximum 500000 samples at 1000ms with 0 rampup samples'
ptd-server 2023-02-26 03:29:23,959 [INFO] Sending reply to client 'OK'
ptd-server 2023-02-26 03:39:44,128 [INFO] Got command from the client 'session,2023-02-26_03-28-55,stop,ranging'
ptd-server 2023-02-26 03:39:54,139 [INFO] Sending to ptd: 'Stop'
ptd-server 2023-02-26 03:39:54,140 [INFO] Reply from ptd: 'Stopping untimed measurement'
ptd-server 2023-02-26 03:39:54,324 [INFO] Sending reply to client 'OK'
ptd-server 2023-02-26 03:39:54,378 [INFO] Got command from the client 'time'
ptd-server 2023-02-26 03:39:54,378 [INFO] Sending reply to client '1677382794.378686'
ptd-server 2023-02-26 03:39:54,382 [INFO] Got command from the client 'session,2023-02-26_03-28-55,start,testing'
ptd-server 2023-02-26 03:39:54,382 [INFO] Sending to ptd: 'SR,V,248.110000'
ptd-server 2023-02-26 03:39:56,462 [INFO] Reply from ptd: 'Range V changed'
ptd-server 2023-02-26 03:39:56,462 [INFO] Sending to ptd: 'SR,A,0.202270'
ptd-server 2023-02-26 03:39:57,965 [INFO] Reply from ptd: 'Range A changed'
ptd-server 2023-02-26 03:40:07,976 [INFO] Starting testing mode
ptd-server 2023-02-26 03:40:07,977 [INFO] Sending to ptd: 'Go,1000,0,2023-02-26_03-28-55_testing'
ptd-server 2023-02-26 03:40:07,978 [INFO] Reply from ptd: 'Starting untimed measurement, maximum 500000 samples at 1000ms with 0 rampup samples'
ptd-server 2023-02-26 03:40:07,978 [INFO] Sending reply to client 'OK'
ptd-server 2023-02-26 03:50:27,817 [INFO] Got command from the client 'session,2023-02-26_03-28-55,stop,testing'
ptd-server 2023-02-26 03:50:37,828 [INFO] Sending to ptd: 'Stop'
ptd-server 2023-02-26 03:50:37,829 [INFO] Reply from ptd: 'Stopping untimed measurement'
ptd-server 2023-02-26 03:50:37,961 [INFO] Sending reply to client 'OK'
ptd-server 2023-02-26 03:50:37,977 [INFO] Got command from the client 'session,2023-02-26_03-28-55,done'
ptd-server 2023-02-26 03:50:37,977 [INFO] Sending to ptd: 'Stop'
ptd-server 2023-02-26 03:50:37,978 [INFO] Reply from ptd: 'Error: no measurement to stop'
ptd-server 2023-02-26 03:50:37,979 [INFO] Sending to ptd: 'SR,V,600.000000'
ptd-server 2023-02-26 03:50:39,481 [INFO] Reply from ptd: 'Range V changed'
ptd-server 2023-02-26 03:50:39,482 [INFO] Sending to ptd: 'SR,A,0.100000'
ptd-server 2023-02-26 03:50:40,985 [INFO] Reply from ptd: 'Range A changed'
ptd-server 2023-02-26 03:50:40,986 [INFO] Set initial values for Amps 0.100000 and Volts 600.000000
ptd-server 2023-02-26 03:50:40,986 [INFO] Stopping ptd...
