ptd-server 2023-02-28 15:50:30,111 [INFO] Got command from the client 'stop'
ptd-server 2023-02-28 15:50:30,112 [INFO] The server will be stopped after processing this client
ptd-server 2023-02-28 15:50:30,112 [INFO] Sending reply to client 'OK'
ptd-server 2023-02-28 15:50:30,320 [INFO] Got command from the client 'time'
ptd-server 2023-02-28 15:50:30,320 [INFO] Sending reply to client '1677628230.320721'
ptd-server 2023-02-28 15:50:30,322 [INFO] Got command from the client 'new,,078a4555-a642-415f-8ae6-b1765c4ebff6'
ptd-server 2023-02-28 15:50:30,322 [INFO] Sending reply to client 'OK 2023-02-28_15-50-30,58ae7054-46f9-46a7-aaf7-00507ebbdafc'
ptd-server 2023-02-28 15:50:30,534 [INFO] Got command from the client 'time'
ptd-server 2023-02-28 15:50:30,534 [INFO] Sending reply to client '1677628230.534329'
ptd-server 2023-02-28 15:50:30,535 [INFO] Got command from the client 'session,2023-02-28_15-50-30,start,ranging'
ptd-server 2023-02-28 15:50:30,536 [INFO] Running PTDaemon: ['/usr/bin/ptd-linux-x86', '-l', '/tmp/tmpzm50bgqv/ptd_logfile.txt', '-p', '8888', '-c', '1,3', '-y', '77', '10.117.41.199']
ptd-server 2023-02-28 15:50:50,322 [INFO] Sending to ptd: 'Hello'
ptd-server 2023-02-28 15:50:50,323 [INFO] Reply from ptd: 'Hello, PTDaemon here!'
ptd-server 2023-02-28 15:50:50,323 [INFO] Sending to ptd: 'Identify'
ptd-server 2023-02-28 15:50:50,324 [INFO] Reply from ptd: 'YokogawaWT330_multichannel,1000,1,1,1,1,0,0,1,version=1.10.0-ed9a21d2-20220817,OS=Linux 5.15.0-60-generic #66~20.04.1-Ubuntu SMP Wed Jan 25 09:41:30 UTC 2023 x86_64,mode=power,1,1,3,0,0,no_cal_date,YOKOGAWA;WT333E;C2WL21011V;F1.04'
ptd-server 2023-02-28 15:50:50,324 [INFO] Connected to PTDaemon
ptd-server 2023-02-28 15:50:50,324 [INFO] Sending to ptd: 'RR'
ptd-server 2023-02-28 15:50:50,324 [INFO] Reply from ptd: 'Ranges,1,2.000000,1,300.000000'
ptd-server 2023-02-28 15:50:50,324 [INFO] Initial range for Amps is Auto for Volts is Auto
ptd-server 2023-02-28 15:50:50,324 [INFO] Sending to ptd: 'SR,V,Auto'
ptd-server 2023-02-28 15:50:55,380 [INFO] Reply from ptd: 'Range V changed'
ptd-server 2023-02-28 15:50:55,380 [INFO] Sending to ptd: 'SR,A,Auto'
ptd-server 2023-02-28 15:51:00,435 [INFO] Reply from ptd: 'Range A changed'
ptd-server 2023-02-28 15:51:10,445 [INFO] Starting ranging mode
ptd-server 2023-02-28 15:51:10,446 [INFO] Sending to ptd: 'Go,1000,0,2023-02-28_15-50-30_ranging'
ptd-server 2023-02-28 15:51:10,446 [INFO] Reply from ptd: 'Starting untimed measurement, maximum 500000 samples at 1000ms with 0 rampup samples'
ptd-server 2023-02-28 15:51:10,446 [INFO] Sending reply to client 'OK'
ptd-server 2023-02-28 16:04:01,405 [INFO] Got command from the client 'session,2023-02-28_15-50-30,stop,ranging'
ptd-server 2023-02-28 16:04:11,416 [INFO] Sending to ptd: 'Stop'
ptd-server 2023-02-28 16:04:11,417 [INFO] Reply from ptd: 'Stopping untimed measurement'
ptd-server 2023-02-28 16:04:11,446 [INFO] Sending reply to client 'OK'
ptd-server 2023-02-28 16:04:11,687 [INFO] Got command from the client 'time'
ptd-server 2023-02-28 16:04:11,687 [INFO] Sending reply to client '1677629051.6873975'
ptd-server 2023-02-28 16:04:11,688 [INFO] Got command from the client 'session,2023-02-28_15-50-30,start,testing'
ptd-server 2023-02-28 16:04:11,689 [INFO] Sending to ptd: 'SR,V,206.120000'
ptd-server 2023-02-28 16:04:17,743 [INFO] Reply from ptd: 'Range V changed'
ptd-server 2023-02-28 16:04:17,743 [INFO] Sending to ptd: 'SR,A,3.792300'
ptd-server 2023-02-28 16:04:23,298 [INFO] Reply from ptd: 'Range A changed'
ptd-server 2023-02-28 16:04:33,309 [INFO] Starting testing mode
ptd-server 2023-02-28 16:04:33,309 [INFO] Sending to ptd: 'Go,1000,0,2023-02-28_15-50-30_testing'
ptd-server 2023-02-28 16:04:33,309 [INFO] Reply from ptd: 'Starting untimed measurement, maximum 500000 samples at 1000ms with 0 rampup samples'
ptd-server 2023-02-28 16:04:33,310 [INFO] Sending reply to client 'OK'
ptd-server 2023-02-28 16:17:11,002 [INFO] Got command from the client 'session,2023-02-28_15-50-30,stop,testing'
ptd-server 2023-02-28 16:17:21,012 [INFO] Sending to ptd: 'Stop'
ptd-server 2023-02-28 16:17:21,013 [INFO] Reply from ptd: 'Stopping untimed measurement'
ptd-server 2023-02-28 16:17:21,018 [INFO] Sending reply to client 'OK'
ptd-server 2023-02-28 16:17:21,084 [INFO] Got command from the client 'session,2023-02-28_15-50-30,done'
ptd-server 2023-02-28 16:17:21,084 [INFO] Sending to ptd: 'Stop'
ptd-server 2023-02-28 16:17:21,310 [INFO] Reply from ptd: 'Error: no measurement to stop'
ptd-server 2023-02-28 16:17:21,310 [INFO] Sending to ptd: 'SR,V,Auto'
ptd-server 2023-02-28 16:17:26,365 [INFO] Reply from ptd: 'Range V changed'
ptd-server 2023-02-28 16:17:26,365 [INFO] Sending to ptd: 'SR,A,Auto'
ptd-server 2023-02-28 16:17:31,420 [INFO] Reply from ptd: 'Range A changed'
ptd-server 2023-02-28 16:17:31,420 [INFO] Set initial values for Amps Auto and Volts Auto
ptd-server 2023-02-28 16:17:31,421 [INFO] Stopping ptd...
