ptd-server 2023-02-23 09:46:01,404 [INFO] Got command from the client 'time'
ptd-server 2023-02-23 09:46:01,404 [INFO] Sending reply to client '1677145561.4043386'
ptd-server 2023-02-23 09:46:01,405 [INFO] Got command from the client 'new,,e0ea3be6-62da-4835-9c46-18a69c4e5216'
ptd-server 2023-02-23 09:46:01,405 [INFO] Sending reply to client 'OK 2023-02-23_09-46-01,cc87b720-d053-4179-b119-342793b8b78b'
ptd-server 2023-02-23 09:46:01,428 [INFO] Got command from the client 'time'
ptd-server 2023-02-23 09:46:01,428 [INFO] Sending reply to client '1677145561.4283197'
ptd-server 2023-02-23 09:46:01,429 [INFO] Got command from the client 'session,2023-02-23_09-46-01,start,ranging'
ptd-server 2023-02-23 09:46:01,429 [INFO] Running PTDaemon: ['/home/anton/projects/mlperf/power/inference_v1.0/ptd-linux-x86', '-l', '/tmp/tmp4yl1neqp/ptd_logfile.txt', '-p', '8888', '49', '/dev/usbtmc0']
ptd-server 2023-02-23 09:46:18,503 [INFO] Sending to ptd: 'Hello'
ptd-server 2023-02-23 09:46:18,504 [INFO] Reply from ptd: 'Hello, PTDaemon here!'
ptd-server 2023-02-23 09:46:18,504 [INFO] Sending to ptd: 'Identify'
ptd-server 2023-02-23 09:46:18,504 [INFO] Reply from ptd: 'YokogawaWT310E,1000,1,1,1,1,0,1,1,version=1.10.0-ed9a21d2-20220817,OS=Linux 5.15.0-60-generic #66~20.04.1-Ubuntu SMP Wed Jan 25 09:41:30 UTC 2023 x86_64,mode=power,1,1,1,0,0,no_cal_date,YOKOGAWA;WT310E;C3XA04010E;F1.04'
ptd-server 2023-02-23 09:46:18,504 [INFO] Connected to PTDaemon
ptd-server 2023-02-23 09:46:18,504 [INFO] Sending to ptd: 'RR'
ptd-server 2023-02-23 09:46:18,505 [INFO] Reply from ptd: 'Ranges,1,0.100000,1,300.000000'
ptd-server 2023-02-23 09:46:18,505 [INFO] Initial range for Amps is Auto for Volts is Auto
ptd-server 2023-02-23 09:46:18,505 [INFO] Sending to ptd: 'SR,V,Auto'
ptd-server 2023-02-23 09:46:19,007 [INFO] Reply from ptd: 'Range V changed'
ptd-server 2023-02-23 09:46:19,008 [INFO] Sending to ptd: 'SR,A,Auto'
ptd-server 2023-02-23 09:46:19,510 [INFO] Reply from ptd: 'Range A changed'
ptd-server 2023-02-23 09:46:29,520 [INFO] Starting ranging mode
ptd-server 2023-02-23 09:46:29,521 [INFO] Sending to ptd: 'Go,1000,0,2023-02-23_09-46-01_ranging'
ptd-server 2023-02-23 09:46:29,521 [INFO] Reply from ptd: 'Starting untimed measurement, maximum 500000 samples at 1000ms with 0 rampup samples'
ptd-server 2023-02-23 09:46:29,521 [INFO] Sending reply to client 'OK'
ptd-server 2023-02-23 09:56:53,108 [INFO] Got command from the client 'session,2023-02-23_09-46-01,stop,ranging'
ptd-server 2023-02-23 09:57:03,118 [INFO] Sending to ptd: 'Stop'
ptd-server 2023-02-23 09:57:03,119 [INFO] Reply from ptd: 'Stopping untimed measurement'
ptd-server 2023-02-23 09:57:03,666 [INFO] Sending reply to client 'OK'
ptd-server 2023-02-23 09:57:03,737 [INFO] Got command from the client 'time'
ptd-server 2023-02-23 09:57:03,737 [INFO] Sending reply to client '1677146223.737451'
ptd-server 2023-02-23 09:57:03,738 [INFO] Got command from the client 'session,2023-02-23_09-46-01,start,testing'
ptd-server 2023-02-23 09:57:03,738 [INFO] Sending to ptd: 'SR,V,253.720000'
ptd-server 2023-02-23 09:57:05,239 [INFO] Reply from ptd: 'Range V changed'
ptd-server 2023-02-23 09:57:05,240 [INFO] Sending to ptd: 'SR,A,0.047830'
ptd-server 2023-02-23 09:57:06,741 [INFO] Reply from ptd: 'Range A changed'
ptd-server 2023-02-23 09:57:16,748 [INFO] Starting testing mode
ptd-server 2023-02-23 09:57:16,748 [INFO] Sending to ptd: 'Go,1000,0,2023-02-23_09-46-01_testing'
ptd-server 2023-02-23 09:57:16,748 [INFO] Reply from ptd: 'Starting untimed measurement, maximum 500000 samples at 1000ms with 0 rampup samples'
ptd-server 2023-02-23 09:57:16,749 [INFO] Sending reply to client 'OK'
ptd-server 2023-02-23 10:07:40,267 [INFO] Got command from the client 'session,2023-02-23_09-46-01,stop,testing'
ptd-server 2023-02-23 10:07:50,278 [INFO] Sending to ptd: 'Stop'
ptd-server 2023-02-23 10:07:50,278 [INFO] Reply from ptd: 'Stopping untimed measurement'
ptd-server 2023-02-23 10:07:50,553 [INFO] Sending reply to client 'OK'
ptd-server 2023-02-23 10:07:50,561 [INFO] Got command from the client 'session,2023-02-23_09-46-01,done'
ptd-server 2023-02-23 10:07:50,561 [INFO] Sending to ptd: 'Stop'
ptd-server 2023-02-23 10:07:50,749 [INFO] Reply from ptd: 'Error: no measurement to stop'
ptd-server 2023-02-23 10:07:50,749 [INFO] Sending to ptd: 'SR,V,Auto'
ptd-server 2023-02-23 10:07:51,251 [INFO] Reply from ptd: 'Range V changed'
ptd-server 2023-02-23 10:07:51,252 [INFO] Sending to ptd: 'SR,A,Auto'
ptd-server 2023-02-23 10:07:51,754 [INFO] Reply from ptd: 'Range A changed'
ptd-server 2023-02-23 10:07:51,754 [INFO] Set initial values for Amps Auto and Volts Auto
ptd-server 2023-02-23 10:07:51,754 [INFO] Stopping ptd...
