ptd-server 2023-02-24 16:13:07,982 [INFO] Got command from the client 'stop'
ptd-server 2023-02-24 16:13:07,982 [INFO] The server will be stopped after processing this client
ptd-server 2023-02-24 16:13:07,982 [INFO] Sending reply to client 'OK'
ptd-server 2023-02-24 16:13:08,199 [INFO] Got command from the client 'time'
ptd-server 2023-02-24 16:13:08,199 [INFO] Sending reply to client '1677283988.1997795'
ptd-server 2023-02-24 16:13:08,200 [INFO] Got command from the client 'new,,dd3b7cae-4417-44e1-81ff-e19a7a2b3578'
ptd-server 2023-02-24 16:13:08,201 [INFO] Sending reply to client 'OK 2023-02-24_16-13-08,ba7ab669-b7fb-4274-807f-c572819aef10'
ptd-server 2023-02-24 16:13:08,418 [INFO] Got command from the client 'time'
ptd-server 2023-02-24 16:13:08,418 [INFO] Sending reply to client '1677283988.418579'
ptd-server 2023-02-24 16:13:08,419 [INFO] Got command from the client 'session,2023-02-24_16-13-08,start,ranging'
ptd-server 2023-02-24 16:13:08,419 [INFO] Running PTDaemon: ['/usr/bin/ptd-linux-x86', '-l', '/tmp/tmpb8rl2731/ptd_logfile.txt', '-p', '8888', '-c', '1,3', '-y', '77', '10.117.68.101']
ptd-server 2023-02-24 16:13:28,204 [INFO] Sending to ptd: 'Hello'
ptd-server 2023-02-24 16:13:28,205 [INFO] Reply from ptd: 'Hello, PTDaemon here!'
ptd-server 2023-02-24 16:13:28,205 [INFO] Sending to ptd: 'Identify'
ptd-server 2023-02-24 16:13:28,205 [INFO] Reply from ptd: 'YokogawaWT330_multichannel,1000,1,1,1,1,0,0,1,version=1.10.0-ed9a21d2-20220817,OS=Linux 5.15.0-60-generic #66~20.04.1-Ubuntu SMP Wed Jan 25 09:41:30 UTC 2023 x86_64,mode=power,1,1,3,0,0,no_cal_date,YOKOGAWA;WT333E;C2XL24034V;F1.04'
ptd-server 2023-02-24 16:13:28,205 [INFO] Connected to PTDaemon
ptd-server 2023-02-24 16:13:28,205 [INFO] Sending to ptd: 'RR'
ptd-server 2023-02-24 16:13:28,205 [INFO] Reply from ptd: 'Ranges,1,2.000000,1,300.000000'
ptd-server 2023-02-24 16:13:28,205 [INFO] Initial range for Amps is Auto for Volts is Auto
ptd-server 2023-02-24 16:13:28,205 [INFO] Sending to ptd: 'SR,V,Auto'
ptd-server 2023-02-24 16:13:33,261 [INFO] Reply from ptd: 'Range V changed'
ptd-server 2023-02-24 16:13:33,261 [INFO] Sending to ptd: 'SR,A,Auto'
ptd-server 2023-02-24 16:13:38,316 [INFO] Reply from ptd: 'Range A changed'
ptd-server 2023-02-24 16:13:48,326 [INFO] Starting ranging mode
ptd-server 2023-02-24 16:13:48,327 [INFO] Sending to ptd: 'Go,1000,0,2023-02-24_16-13-08_ranging'
ptd-server 2023-02-24 16:13:48,327 [INFO] Reply from ptd: 'Starting untimed measurement, maximum 500000 samples at 1000ms with 0 rampup samples'
ptd-server 2023-02-24 16:13:48,327 [INFO] Sending reply to client 'OK'
ptd-server 2023-02-24 16:29:54,878 [INFO] Got command from the client 'session,2023-02-24_16-13-08,stop,ranging'
ptd-server 2023-02-24 16:30:04,889 [INFO] Sending to ptd: 'Stop'
ptd-server 2023-02-24 16:30:04,889 [INFO] Reply from ptd: 'Stopping untimed measurement'
ptd-server 2023-02-24 16:30:04,924 [INFO] Sending reply to client 'OK'
ptd-server 2023-02-24 16:30:05,163 [INFO] Got command from the client 'time'
ptd-server 2023-02-24 16:30:05,163 [INFO] Sending reply to client '1677285005.1634972'
ptd-server 2023-02-24 16:30:05,164 [INFO] Got command from the client 'session,2023-02-24_16-13-08,start,testing'
ptd-server 2023-02-24 16:30:05,164 [INFO] Sending to ptd: 'SR,V,206.570000'
ptd-server 2023-02-24 16:30:11,381 [INFO] Reply from ptd: 'Range V changed'
ptd-server 2023-02-24 16:30:11,382 [INFO] Sending to ptd: 'SR,A,3.791600'
ptd-server 2023-02-24 16:30:16,936 [INFO] Reply from ptd: 'Range A changed'
ptd-server 2023-02-24 16:30:26,946 [INFO] Starting testing mode
ptd-server 2023-02-24 16:30:26,947 [INFO] Sending to ptd: 'Go,1000,0,2023-02-24_16-13-08_testing'
ptd-server 2023-02-24 16:30:26,947 [INFO] Reply from ptd: 'Starting untimed measurement, maximum 500000 samples at 1000ms with 0 rampup samples'
ptd-server 2023-02-24 16:30:26,947 [INFO] Sending reply to client 'OK'
ptd-server 2023-02-24 16:46:20,656 [INFO] Got command from the client 'session,2023-02-24_16-13-08,stop,testing'
ptd-server 2023-02-24 16:46:30,667 [INFO] Sending to ptd: 'Stop'
ptd-server 2023-02-24 16:46:30,667 [INFO] Reply from ptd: 'Stopping untimed measurement'
ptd-server 2023-02-24 16:46:30,674 [INFO] Sending reply to client 'OK'
ptd-server 2023-02-24 16:46:30,702 [INFO] Got command from the client 'session,2023-02-24_16-13-08,done'
ptd-server 2023-02-24 16:46:30,703 [INFO] Sending to ptd: 'Stop'
ptd-server 2023-02-24 16:46:30,947 [INFO] Reply from ptd: 'Error: no measurement to stop'
ptd-server 2023-02-24 16:46:30,947 [INFO] Sending to ptd: 'SR,V,Auto'
ptd-server 2023-02-24 16:46:36,002 [INFO] Reply from ptd: 'Range V changed'
ptd-server 2023-02-24 16:46:36,003 [INFO] Sending to ptd: 'SR,A,Auto'
ptd-server 2023-02-24 16:46:41,058 [INFO] Reply from ptd: 'Range A changed'
ptd-server 2023-02-24 16:46:41,058 [INFO] Set initial values for Amps Auto and Volts Auto
ptd-server 2023-02-24 16:46:41,058 [INFO] Stopping ptd...
