ptd-server 2023-02-25 18:10:03,581 [INFO] Got command from the client 'time'
ptd-server 2023-02-25 18:10:03,581 [INFO] Sending reply to client '1677348603.58162'
ptd-server 2023-02-25 18:10:03,582 [INFO] Got command from the client 'new,,bc4ab1d6-992b-4032-8fe7-ac94d97048d9'
ptd-server 2023-02-25 18:10:03,583 [INFO] Sending reply to client 'OK 2023-02-25_18-10-03,12a8be73-00e2-46c9-be26-8c9bc5d2c7dd'
ptd-server 2023-02-25 18:10:03,606 [INFO] Got command from the client 'time'
ptd-server 2023-02-25 18:10:03,606 [INFO] Sending reply to client '1677348603.606222'
ptd-server 2023-02-25 18:10:03,608 [INFO] Got command from the client 'session,2023-02-25_18-10-03,start,ranging'
ptd-server 2023-02-25 18:10:03,609 [INFO] Running PTDaemon: ['/home/anton/projects/mlperf/power/inference_v1.0/ptd-linux-x86', '-l', '/tmp/tmpu4v721n6/ptd_logfile.txt', '-p', '8888', '49', '/dev/usbtmc0']
ptd-server 2023-02-25 18:10:20,694 [INFO] Sending to ptd: 'Hello'
ptd-server 2023-02-25 18:10:20,695 [INFO] Reply from ptd: 'Hello, PTDaemon here!'
ptd-server 2023-02-25 18:10:20,695 [INFO] Sending to ptd: 'Identify'
ptd-server 2023-02-25 18:10:20,695 [INFO] Reply from ptd: 'YokogawaWT310E,1000,1,1,1,1,0,1,1,version=1.10.0-ed9a21d2-20220817,OS=Linux 5.15.0-60-generic #66~20.04.1-Ubuntu SMP Wed Jan 25 09:41:30 UTC 2023 x86_64,mode=power,1,1,1,0,0,no_cal_date,YOKOGAWA;WT310E;C3XA04010E;F1.04'
ptd-server 2023-02-25 18:10:20,695 [INFO] Connected to PTDaemon
ptd-server 2023-02-25 18:10:20,695 [INFO] Sending to ptd: 'RR'
ptd-server 2023-02-25 18:10:20,696 [INFO] Reply from ptd: 'Ranges,0,0.100000,0,300.000000'
ptd-server 2023-02-25 18:10:20,696 [INFO] Initial range for Amps is 0.100000 for Volts is 300.000000
ptd-server 2023-02-25 18:10:20,696 [INFO] Sending to ptd: 'SR,V,Auto'
ptd-server 2023-02-25 18:10:21,198 [INFO] Reply from ptd: 'Range V changed'
ptd-server 2023-02-25 18:10:21,199 [INFO] Sending to ptd: 'SR,A,Auto'
ptd-server 2023-02-25 18:10:21,701 [INFO] Reply from ptd: 'Range A changed'
ptd-server 2023-02-25 18:10:31,708 [INFO] Starting ranging mode
ptd-server 2023-02-25 18:10:31,708 [INFO] Sending to ptd: 'Go,1000,0,2023-02-25_18-10-03_ranging'
ptd-server 2023-02-25 18:10:31,708 [INFO] Reply from ptd: 'Starting untimed measurement, maximum 500000 samples at 1000ms with 0 rampup samples'
ptd-server 2023-02-25 18:10:31,709 [INFO] Sending reply to client 'OK'
ptd-server 2023-02-25 18:20:46,850 [INFO] Got command from the client 'session,2023-02-25_18-10-03,stop,ranging'
ptd-server 2023-02-25 18:20:56,860 [INFO] Sending to ptd: 'Stop'
ptd-server 2023-02-25 18:20:56,861 [INFO] Reply from ptd: 'Stopping untimed measurement'
ptd-server 2023-02-25 18:20:56,996 [INFO] Sending reply to client 'OK'
ptd-server 2023-02-25 18:20:57,085 [INFO] Got command from the client 'time'
ptd-server 2023-02-25 18:20:57,085 [INFO] Sending reply to client '1677349257.0855246'
ptd-server 2023-02-25 18:20:57,087 [INFO] Got command from the client 'session,2023-02-25_18-10-03,start,testing'
ptd-server 2023-02-25 18:20:57,088 [INFO] Sending to ptd: 'SR,V,250.380000'
ptd-server 2023-02-25 18:20:59,210 [INFO] Reply from ptd: 'Range V changed'
ptd-server 2023-02-25 18:20:59,210 [INFO] Sending to ptd: 'SR,A,0.058010'
ptd-server 2023-02-25 18:21:00,712 [INFO] Reply from ptd: 'Range A changed'
ptd-server 2023-02-25 18:21:10,722 [INFO] Starting testing mode
ptd-server 2023-02-25 18:21:10,722 [INFO] Sending to ptd: 'Go,1000,0,2023-02-25_18-10-03_testing'
ptd-server 2023-02-25 18:21:10,722 [INFO] Reply from ptd: 'Starting untimed measurement, maximum 500000 samples at 1000ms with 0 rampup samples'
ptd-server 2023-02-25 18:21:10,723 [INFO] Sending reply to client 'OK'
ptd-server 2023-02-25 18:31:25,718 [INFO] Got command from the client 'session,2023-02-25_18-10-03,stop,testing'
ptd-server 2023-02-25 18:31:35,728 [INFO] Sending to ptd: 'Stop'
ptd-server 2023-02-25 18:31:35,728 [INFO] Reply from ptd: 'Stopping untimed measurement'
ptd-server 2023-02-25 18:31:35,797 [INFO] Sending reply to client 'OK'
ptd-server 2023-02-25 18:31:35,817 [INFO] Got command from the client 'session,2023-02-25_18-10-03,done'
ptd-server 2023-02-25 18:31:35,817 [INFO] Sending to ptd: 'Stop'
ptd-server 2023-02-25 18:31:36,723 [INFO] Reply from ptd: 'Error: no measurement to stop'
ptd-server 2023-02-25 18:31:36,723 [INFO] Sending to ptd: 'SR,V,300.000000'
ptd-server 2023-02-25 18:31:38,224 [INFO] Reply from ptd: 'Range V changed'
ptd-server 2023-02-25 18:31:38,224 [INFO] Sending to ptd: 'SR,A,0.100000'
ptd-server 2023-02-25 18:31:39,726 [INFO] Reply from ptd: 'Range A changed'
ptd-server 2023-02-25 18:31:39,726 [INFO] Set initial values for Amps 0.100000 and Volts 300.000000
ptd-server 2023-02-25 18:31:39,726 [INFO] Stopping ptd...
