ptd-server 2023-02-28 14:08:04,120 [INFO] Got command from the client 'time'
ptd-server 2023-02-28 14:08:04,120 [INFO] Sending reply to client '1677593284.1205444'
ptd-server 2023-02-28 14:08:04,121 [INFO] Got command from the client 'new,,2d663cea-a271-4770-8d92-6ebe050b97bf'
ptd-server 2023-02-28 14:08:04,122 [INFO] Sending reply to client 'OK 2023-02-28_14-08-04,8eb60a71-bf70-422a-9edf-0ca6df4b560a'
ptd-server 2023-02-28 14:08:04,145 [INFO] Got command from the client 'time'
ptd-server 2023-02-28 14:08:04,146 [INFO] Sending reply to client '1677593284.1460962'
ptd-server 2023-02-28 14:08:04,149 [INFO] Got command from the client 'session,2023-02-28_14-08-04,start,ranging'
ptd-server 2023-02-28 14:08:04,149 [INFO] Running PTDaemon: ['/home/anton/projects/mlperf/power/inference_v1.0/ptd-linux-x86', '-l', '/tmp/tmpu4v721n6/ptd_logfile.txt', '-p', '8888', '49', '/dev/usbtmc0']
ptd-server 2023-02-28 14:08:21,237 [INFO] Sending to ptd: 'Hello'
ptd-server 2023-02-28 14:08:21,238 [INFO] Reply from ptd: 'Hello, PTDaemon here!'
ptd-server 2023-02-28 14:08:21,238 [INFO] Sending to ptd: 'Identify'
ptd-server 2023-02-28 14:08:21,238 [INFO] Reply from ptd: 'YokogawaWT310E,1000,1,1,1,1,0,1,1,version=1.10.0-ed9a21d2-20220817,OS=Linux 5.15.0-60-generic #66~20.04.1-Ubuntu SMP Wed Jan 25 09:41:30 UTC 2023 x86_64,mode=power,1,1,1,0,0,no_cal_date,YOKOGAWA;WT310E;C3XA04010E;F1.04'
ptd-server 2023-02-28 14:08:21,238 [INFO] Connected to PTDaemon
ptd-server 2023-02-28 14:08:21,238 [INFO] Sending to ptd: 'RR'
ptd-server 2023-02-28 14:08:21,238 [INFO] Reply from ptd: 'Ranges,0,0.100000,0,300.000000'
ptd-server 2023-02-28 14:08:21,239 [INFO] Initial range for Amps is 0.100000 for Volts is 300.000000
ptd-server 2023-02-28 14:08:21,239 [INFO] Sending to ptd: 'SR,V,Auto'
ptd-server 2023-02-28 14:08:21,741 [INFO] Reply from ptd: 'Range V changed'
ptd-server 2023-02-28 14:08:21,741 [INFO] Sending to ptd: 'SR,A,Auto'
ptd-server 2023-02-28 14:08:22,244 [INFO] Reply from ptd: 'Range A changed'
ptd-server 2023-02-28 14:08:32,254 [INFO] Starting ranging mode
ptd-server 2023-02-28 14:08:32,254 [INFO] Sending to ptd: 'Go,1000,0,2023-02-28_14-08-04_ranging'
ptd-server 2023-02-28 14:08:32,255 [INFO] Reply from ptd: 'Starting untimed measurement, maximum 500000 samples at 1000ms with 0 rampup samples'
ptd-server 2023-02-28 14:08:32,255 [INFO] Sending reply to client 'OK'
ptd-server 2023-02-28 14:18:55,958 [INFO] Got command from the client 'session,2023-02-28_14-08-04,stop,ranging'
ptd-server 2023-02-28 14:19:05,969 [INFO] Sending to ptd: 'Stop'
ptd-server 2023-02-28 14:19:05,969 [INFO] Reply from ptd: 'Stopping untimed measurement'
ptd-server 2023-02-28 14:19:06,441 [INFO] Sending reply to client 'OK'
ptd-server 2023-02-28 14:19:06,488 [INFO] Got command from the client 'time'
ptd-server 2023-02-28 14:19:06,488 [INFO] Sending reply to client '1677593946.488563'
ptd-server 2023-02-28 14:19:06,491 [INFO] Got command from the client 'session,2023-02-28_14-08-04,start,testing'
ptd-server 2023-02-28 14:19:06,491 [INFO] Sending to ptd: 'SR,V,250.840000'
ptd-server 2023-02-28 14:19:07,992 [INFO] Reply from ptd: 'Range V changed'
ptd-server 2023-02-28 14:19:07,992 [INFO] Sending to ptd: 'SR,A,0.079310'
ptd-server 2023-02-28 14:19:09,493 [INFO] Reply from ptd: 'Range A changed'
ptd-server 2023-02-28 14:19:19,504 [INFO] Starting testing mode
ptd-server 2023-02-28 14:19:19,504 [INFO] Sending to ptd: 'Go,1000,0,2023-02-28_14-08-04_testing'
ptd-server 2023-02-28 14:19:19,504 [INFO] Reply from ptd: 'Starting untimed measurement, maximum 500000 samples at 1000ms with 0 rampup samples'
ptd-server 2023-02-28 14:19:19,504 [INFO] Sending reply to client 'OK'
ptd-server 2023-02-28 14:29:43,086 [INFO] Got command from the client 'session,2023-02-28_14-08-04,stop,testing'
ptd-server 2023-02-28 14:29:53,097 [INFO] Sending to ptd: 'Stop'
ptd-server 2023-02-28 14:29:53,097 [INFO] Reply from ptd: 'Stopping untimed measurement'
ptd-server 2023-02-28 14:29:53,349 [INFO] Sending reply to client 'OK'
ptd-server 2023-02-28 14:29:53,373 [INFO] Got command from the client 'session,2023-02-28_14-08-04,done'
ptd-server 2023-02-28 14:29:53,373 [INFO] Sending to ptd: 'Stop'
ptd-server 2023-02-28 14:29:53,504 [INFO] Reply from ptd: 'Error: no measurement to stop'
ptd-server 2023-02-28 14:29:53,504 [INFO] Sending to ptd: 'SR,V,300.000000'
ptd-server 2023-02-28 14:29:55,006 [INFO] Reply from ptd: 'Range V changed'
ptd-server 2023-02-28 14:29:55,006 [INFO] Sending to ptd: 'SR,A,0.100000'
ptd-server 2023-02-28 14:29:56,507 [INFO] Reply from ptd: 'Range A changed'
ptd-server 2023-02-28 14:29:56,507 [INFO] Set initial values for Amps 0.100000 and Volts 300.000000
ptd-server 2023-02-28 14:29:56,508 [INFO] Stopping ptd...
