client 2023-02-28 01:53:21,179 [INFO] Creating output directory '/home/arjun/mobilenet_results/valid_results/arjun_orin-tflite_armnn_cpp-cpu-armnn_tflite-v22.11-using_neon/mobilenet-v3-precision_float-large-minimalistic-224/singlestream/performance/tmp_power'
client 2023-02-28 01:53:21,400 [INFO] Sending command to the server: 'mlcommons/power client v3'
client 2023-02-28 01:53:21,403 [INFO] Got response: 'mlcommons/power server v3'
client 2023-02-28 01:53:21,403 [INFO] Synchronizing with the server and with time.google.com...
client 2023-02-28 01:53:21,432 [INFO] NTP:offset = -0.003 s, delay = 0.018 s 
client 2023-02-28 01:53:21,433 [INFO] Sending command to the server: 'time'
client 2023-02-28 01:53:21,438 [INFO] Got response: '1677549201.4366465'
client 2023-02-28 01:53:21,438 [INFO] The time difference between the client and the server is within range -3.475 ms..1.763 ms
client 2023-02-28 01:53:21,438 [INFO] Sending command to the server: 'new,,3bcb915f-2f47-46ec-b4c1-16d95cba818b'
client 2023-02-28 01:53:21,443 [INFO] Got response: 'OK 2023-02-28_01-53-21,e7856e15-54e3-4c30-82c0-c93a011091d8'
client 2023-02-28 01:53:21,443 [INFO] Session id is '2023-02-28_01-53-21'
client 2023-02-28 01:53:21,444 [INFO] Sources: {"sources": {"__init__.py": "da39a3ee5e6b4b0d3255bfef95601890afd80709", "client.py": "33ca4f26368777ac06e01f9567b714a4b8063886", "lib/__init__.py": "da39a3ee5e6b4b0d3255bfef95601890afd80709", "lib/client.py": "4c2b78fb4849a7e5b584ef792d82aaed20b17f57", "lib/common.py": "624d0c0acc7c39aaff3674f0b99d6a09da53d1dc", "lib/external/__init__.py": "da39a3ee5e6b4b0d3255bfef95601890afd80709", "lib/external/ntplib.py": "4da8f970656505a40483206ef2b5d3dd5e81711d", "lib/server.py": "cda0cdfaee9bfa1249c64a7dd4f89b7bf1b279f0", "lib/source_hashes.py": "60a2e02193209e8d392803326208d5466342da18", "lib/summary.py": "aa92f0a3f975eecd44d3c0cd0236342ccc9f941d", "lib/time_sync.py": "3210db56eb0ff0df57bf4293dc4d4b03fffd46f1", "server.py": "c3f90f2f7eeb4db30727556d0c815ebc89b3d28b", "tests/unit/__init__.py": "da39a3ee5e6b4b0d3255bfef95601890afd80709", "tests/unit/test_server.py": "99ae15aef722f2000ee6ed1ae1523637bf1ae42b", "tests/unit/test_source_hashes.py": "00468a2907583c593e6574a1f6b404e4651c221a"}, "modules": {"ptd_client_server.lib.client": "lib/client.py", "ptd_client_server.lib.common": "lib/common.py", "ptd_client_server.lib.external.ntplib": "lib/external/ntplib.py", "ptd_client_server.lib.source_hashes": "lib/source_hashes.py", "ptd_client_server.lib.summary": "lib/summary.py", "ptd_client_server.lib.time_sync": "lib/time_sync.py"}}
client 2023-02-28 01:53:21,444 [INFO] Running workload in ranging mode
client 2023-02-28 01:53:21,444 [INFO] Synchronizing with the server and with time.google.com...
client 2023-02-28 01:53:21,460 [INFO] NTP:offset = -0.000 s, delay = 0.014 s 
client 2023-02-28 01:53:21,461 [INFO] Sending command to the server: 'time'
client 2023-02-28 01:53:21,464 [INFO] Got response: '1677549201.46369'
client 2023-02-28 01:53:21,464 [INFO] The time difference between the client and the server is within range -2.710 ms..1.140 ms
client 2023-02-28 01:53:21,465 [INFO] Sending command to the server: 'session,2023-02-28_01-53-21,start,ranging'
client 2023-02-28 01:53:49,593 [INFO] Got response: 'OK'
client 2023-02-28 01:53:49,593 [INFO] Running the workload '/home/arjun/run.out'
client 2023-02-28 02:08:35,566 [INFO] Sending command to the server: 'session,2023-02-28_01-53-21,stop,ranging'
client 2023-02-28 02:08:46,200 [INFO] Got response: 'OK'
client 2023-02-28 02:08:46,222 [INFO] Copying loadgen logs from '/home/arjun/mobilenet_results/valid_results/arjun_orin-tflite_armnn_cpp-cpu-armnn_tflite-v22.11-using_neon/mobilenet-v3-precision_float-large-minimalistic-224/singlestream/performance/run_1' to '/home/arjun/mobilenet_results/valid_results/arjun_orin-tflite_armnn_cpp-cpu-armnn_tflite-v22.11-using_neon/mobilenet-v3-precision_float-large-minimalistic-224/singlestream/performance/tmp_power/ranging'
client 2023-02-28 02:08:46,224 [INFO] Running workload in testing mode
client 2023-02-28 02:08:46,225 [INFO] Synchronizing with the server and with time.google.com...
client 2023-02-28 02:08:46,244 [INFO] NTP:offset = 0.002 s, delay = 0.015 s 
client 2023-02-28 02:08:46,244 [INFO] Sending command to the server: 'time'
client 2023-02-28 02:08:46,247 [INFO] Got response: '1677550126.2459702'
client 2023-02-28 02:08:46,247 [INFO] The time difference between the client and the server is within range -1.433 ms..1.231 ms
client 2023-02-28 02:08:46,247 [INFO] Sending command to the server: 'session,2023-02-28_01-53-21,start,testing'
client 2023-02-28 02:08:59,605 [INFO] Got response: 'OK'
client 2023-02-28 02:08:59,606 [INFO] Running the workload '/home/arjun/run.out'
client 2023-02-28 02:23:34,609 [INFO] Sending command to the server: 'session,2023-02-28_01-53-21,stop,testing'
client 2023-02-28 02:23:44,844 [INFO] Got response: 'OK'
client 2023-02-28 02:23:44,849 [INFO] Copying loadgen logs from '/home/arjun/mobilenet_results/valid_results/arjun_orin-tflite_armnn_cpp-cpu-armnn_tflite-v22.11-using_neon/mobilenet-v3-precision_float-large-minimalistic-224/singlestream/performance/run_1' to '/home/arjun/mobilenet_results/valid_results/arjun_orin-tflite_armnn_cpp-cpu-armnn_tflite-v22.11-using_neon/mobilenet-v3-precision_float-large-minimalistic-224/singlestream/performance/tmp_power/run_1'
client 2023-02-28 02:23:44,851 [INFO] Done runs
