ptd-server 2023-02-27 03:47:50,970 [INFO] Got command from the client 'time'
ptd-server 2023-02-27 03:47:50,971 [INFO] Sending reply to client '1677469670.9711068'
ptd-server 2023-02-27 03:47:50,972 [INFO] Got command from the client 'new,,c5f4acf4-cde9-484d-a017-c3a9e2a9849d'
ptd-server 2023-02-27 03:47:50,973 [INFO] Sending reply to client 'OK 2023-02-27_03-47-50,94a78d26-83cd-4f7e-bf56-751cac0b317e'
ptd-server 2023-02-27 03:47:51,014 [INFO] Got command from the client 'time'
ptd-server 2023-02-27 03:47:51,014 [INFO] Sending reply to client '1677469671.0142653'
ptd-server 2023-02-27 03:47:51,016 [INFO] Got command from the client 'session,2023-02-27_03-47-50,start,ranging'
ptd-server 2023-02-27 03:47:51,017 [INFO] Running PTDaemon: ['/home/anton/projects/mlperf/power/inference_v1.0/ptd-linux-x86', '-l', '/tmp/tmpu4v721n6/ptd_logfile.txt', '-p', '8888', '49', '/dev/usbtmc0']
ptd-server 2023-02-27 03:48:08,104 [INFO] Sending to ptd: 'Hello'
ptd-server 2023-02-27 03:48:08,105 [INFO] Reply from ptd: 'Hello, PTDaemon here!'
ptd-server 2023-02-27 03:48:08,105 [INFO] Sending to ptd: 'Identify'
ptd-server 2023-02-27 03:48:08,105 [INFO] Reply from ptd: 'YokogawaWT310E,1000,1,1,1,1,0,1,1,version=1.10.0-ed9a21d2-20220817,OS=Linux 5.15.0-60-generic #66~20.04.1-Ubuntu SMP Wed Jan 25 09:41:30 UTC 2023 x86_64,mode=power,1,1,1,0,0,no_cal_date,YOKOGAWA;WT310E;C3XA04010E;F1.04'
ptd-server 2023-02-27 03:48:08,105 [INFO] Connected to PTDaemon
ptd-server 2023-02-27 03:48:08,106 [INFO] Sending to ptd: 'RR'
ptd-server 2023-02-27 03:48:08,106 [INFO] Reply from ptd: 'Ranges,0,0.100000,0,300.000000'
ptd-server 2023-02-27 03:48:08,106 [INFO] Initial range for Amps is 0.100000 for Volts is 300.000000
ptd-server 2023-02-27 03:48:08,106 [INFO] Sending to ptd: 'SR,V,Auto'
ptd-server 2023-02-27 03:48:08,608 [INFO] Reply from ptd: 'Range V changed'
ptd-server 2023-02-27 03:48:08,609 [INFO] Sending to ptd: 'SR,A,Auto'
ptd-server 2023-02-27 03:48:09,111 [INFO] Reply from ptd: 'Range A changed'
ptd-server 2023-02-27 03:48:19,121 [INFO] Starting ranging mode
ptd-server 2023-02-27 03:48:19,122 [INFO] Sending to ptd: 'Go,1000,0,2023-02-27_03-47-50_ranging'
ptd-server 2023-02-27 03:48:19,122 [INFO] Reply from ptd: 'Starting untimed measurement, maximum 500000 samples at 1000ms with 0 rampup samples'
ptd-server 2023-02-27 03:48:19,122 [INFO] Sending reply to client 'OK'
ptd-server 2023-02-27 03:58:36,261 [INFO] Got command from the client 'session,2023-02-27_03-47-50,stop,ranging'
ptd-server 2023-02-27 03:58:46,271 [INFO] Sending to ptd: 'Stop'
ptd-server 2023-02-27 03:58:46,272 [INFO] Reply from ptd: 'Stopping untimed measurement'
ptd-server 2023-02-27 03:58:46,558 [INFO] Sending reply to client 'OK'
ptd-server 2023-02-27 03:58:46,779 [INFO] Got command from the client 'time'
ptd-server 2023-02-27 03:58:46,779 [INFO] Sending reply to client '1677470326.7796934'
ptd-server 2023-02-27 03:58:46,781 [INFO] Got command from the client 'session,2023-02-27_03-47-50,start,testing'
ptd-server 2023-02-27 03:58:46,781 [INFO] Sending to ptd: 'SR,V,252.040000'
ptd-server 2023-02-27 03:58:48,624 [INFO] Reply from ptd: 'Range V changed'
ptd-server 2023-02-27 03:58:48,624 [INFO] Sending to ptd: 'SR,A,0.056900'
ptd-server 2023-02-27 03:58:50,125 [INFO] Reply from ptd: 'Range A changed'
ptd-server 2023-02-27 03:59:00,136 [INFO] Starting testing mode
ptd-server 2023-02-27 03:59:00,136 [INFO] Sending to ptd: 'Go,1000,0,2023-02-27_03-47-50_testing'
ptd-server 2023-02-27 03:59:00,136 [INFO] Reply from ptd: 'Starting untimed measurement, maximum 500000 samples at 1000ms with 0 rampup samples'
ptd-server 2023-02-27 03:59:00,136 [INFO] Sending reply to client 'OK'
ptd-server 2023-02-27 04:09:17,146 [INFO] Got command from the client 'session,2023-02-27_03-47-50,stop,testing'
ptd-server 2023-02-27 04:09:27,156 [INFO] Sending to ptd: 'Stop'
ptd-server 2023-02-27 04:09:27,157 [INFO] Reply from ptd: 'Stopping untimed measurement'
ptd-server 2023-02-27 04:09:27,308 [INFO] Sending reply to client 'OK'
ptd-server 2023-02-27 04:09:27,327 [INFO] Got command from the client 'session,2023-02-27_03-47-50,done'
ptd-server 2023-02-27 04:09:27,327 [INFO] Sending to ptd: 'Stop'
ptd-server 2023-02-27 04:09:28,136 [INFO] Reply from ptd: 'Error: no measurement to stop'
ptd-server 2023-02-27 04:09:28,136 [INFO] Sending to ptd: 'SR,V,300.000000'
ptd-server 2023-02-27 04:09:29,638 [INFO] Reply from ptd: 'Range V changed'
ptd-server 2023-02-27 04:09:29,638 [INFO] Sending to ptd: 'SR,A,0.100000'
ptd-server 2023-02-27 04:09:31,139 [INFO] Reply from ptd: 'Range A changed'
ptd-server 2023-02-27 04:09:31,139 [INFO] Set initial values for Amps 0.100000 and Volts 300.000000
ptd-server 2023-02-27 04:09:31,139 [INFO] Stopping ptd...
