ptd-server 2023-02-22 17:12:40,465 [INFO] Got command from the client 'time'
ptd-server 2023-02-22 17:12:40,465 [INFO] Sending reply to client '1677085960.4652452'
ptd-server 2023-02-22 17:12:40,466 [INFO] Got command from the client 'new,,f4b91dcb-dc6b-45af-bc07-dffbb11f21d2'
ptd-server 2023-02-22 17:12:40,467 [INFO] Sending reply to client 'OK 2023-02-22_17-12-40,5fc6e19c-1a41-4998-bcf6-8bf45651a83e'
ptd-server 2023-02-22 17:12:40,489 [INFO] Got command from the client 'time'
ptd-server 2023-02-22 17:12:40,489 [INFO] Sending reply to client '1677085960.489576'
ptd-server 2023-02-22 17:12:40,490 [INFO] Got command from the client 'session,2023-02-22_17-12-40,start,ranging'
ptd-server 2023-02-22 17:12:40,491 [INFO] Running PTDaemon: ['/home/anton/projects/mlperf/power/inference_v1.0/ptd-linux-x86', '-l', '/tmp/tmp4yl1neqp/ptd_logfile.txt', '-p', '8888', '49', '/dev/usbtmc0']
ptd-server 2023-02-22 17:12:57,565 [INFO] Sending to ptd: 'Hello'
ptd-server 2023-02-22 17:12:57,566 [INFO] Reply from ptd: 'Hello, PTDaemon here!'
ptd-server 2023-02-22 17:12:57,566 [INFO] Sending to ptd: 'Identify'
ptd-server 2023-02-22 17:12:57,566 [INFO] Reply from ptd: 'YokogawaWT310E,1000,1,1,1,1,0,1,1,version=1.10.0-ed9a21d2-20220817,OS=Linux 5.15.0-60-generic #66~20.04.1-Ubuntu SMP Wed Jan 25 09:41:30 UTC 2023 x86_64,mode=power,1,1,1,0,0,no_cal_date,YOKOGAWA;WT310E;C3XA04010E;F1.04'
ptd-server 2023-02-22 17:12:57,567 [INFO] Connected to PTDaemon
ptd-server 2023-02-22 17:12:57,567 [INFO] Sending to ptd: 'RR'
ptd-server 2023-02-22 17:12:57,567 [INFO] Reply from ptd: 'Ranges,1,0.100000,1,300.000000'
ptd-server 2023-02-22 17:12:57,567 [INFO] Initial range for Amps is Auto for Volts is Auto
ptd-server 2023-02-22 17:12:57,567 [INFO] Sending to ptd: 'SR,V,Auto'
ptd-server 2023-02-22 17:12:58,070 [INFO] Reply from ptd: 'Range V changed'
ptd-server 2023-02-22 17:12:58,070 [INFO] Sending to ptd: 'SR,A,Auto'
ptd-server 2023-02-22 17:12:58,573 [INFO] Reply from ptd: 'Range A changed'
ptd-server 2023-02-22 17:13:08,583 [INFO] Starting ranging mode
ptd-server 2023-02-22 17:13:08,583 [INFO] Sending to ptd: 'Go,1000,0,2023-02-22_17-12-40_ranging'
ptd-server 2023-02-22 17:13:08,584 [INFO] Reply from ptd: 'Starting untimed measurement, maximum 500000 samples at 1000ms with 0 rampup samples'
ptd-server 2023-02-22 17:13:08,584 [INFO] Sending reply to client 'OK'
ptd-server 2023-02-22 17:23:25,245 [INFO] Got command from the client 'session,2023-02-22_17-12-40,stop,ranging'
ptd-server 2023-02-22 17:23:35,255 [INFO] Sending to ptd: 'Stop'
ptd-server 2023-02-22 17:23:35,256 [INFO] Reply from ptd: 'Stopping untimed measurement'
ptd-server 2023-02-22 17:23:35,703 [INFO] Sending reply to client 'OK'
ptd-server 2023-02-22 17:23:35,774 [INFO] Got command from the client 'time'
ptd-server 2023-02-22 17:23:35,774 [INFO] Sending reply to client '1677086615.7748213'
ptd-server 2023-02-22 17:23:35,776 [INFO] Got command from the client 'session,2023-02-22_17-12-40,start,testing'
ptd-server 2023-02-22 17:23:35,776 [INFO] Sending to ptd: 'SR,V,251.200000'
ptd-server 2023-02-22 17:23:37,277 [INFO] Reply from ptd: 'Range V changed'
ptd-server 2023-02-22 17:23:37,277 [INFO] Sending to ptd: 'SR,A,0.061160'
ptd-server 2023-02-22 17:23:38,779 [INFO] Reply from ptd: 'Range A changed'
ptd-server 2023-02-22 17:23:48,789 [INFO] Starting testing mode
ptd-server 2023-02-22 17:23:48,789 [INFO] Sending to ptd: 'Go,1000,0,2023-02-22_17-12-40_testing'
ptd-server 2023-02-22 17:23:48,790 [INFO] Reply from ptd: 'Starting untimed measurement, maximum 500000 samples at 1000ms with 0 rampup samples'
ptd-server 2023-02-22 17:23:48,790 [INFO] Sending reply to client 'OK'
ptd-server 2023-02-22 17:34:05,359 [INFO] Got command from the client 'session,2023-02-22_17-12-40,stop,testing'
ptd-server 2023-02-22 17:34:15,369 [INFO] Sending to ptd: 'Stop'
ptd-server 2023-02-22 17:34:15,370 [INFO] Reply from ptd: 'Stopping untimed measurement'
ptd-server 2023-02-22 17:34:15,609 [INFO] Sending reply to client 'OK'
ptd-server 2023-02-22 17:34:15,618 [INFO] Got command from the client 'session,2023-02-22_17-12-40,done'
ptd-server 2023-02-22 17:34:15,618 [INFO] Sending to ptd: 'Stop'
ptd-server 2023-02-22 17:34:15,790 [INFO] Reply from ptd: 'Error: no measurement to stop'
ptd-server 2023-02-22 17:34:15,791 [INFO] Sending to ptd: 'SR,V,Auto'
ptd-server 2023-02-22 17:34:16,293 [INFO] Reply from ptd: 'Range V changed'
ptd-server 2023-02-22 17:34:16,293 [INFO] Sending to ptd: 'SR,A,Auto'
ptd-server 2023-02-22 17:34:16,796 [INFO] Reply from ptd: 'Range A changed'
ptd-server 2023-02-22 17:34:16,796 [INFO] Set initial values for Amps Auto and Volts Auto
ptd-server 2023-02-22 17:34:16,796 [INFO] Stopping ptd...
