client 2023-02-26 14:52:35,015 [WARNING] Removing loadgen logs directory '/home/firefly/CK/ck-mlperf/program/image-classification-armnn-tflite-loadgen/tmp/loadgen_logs'
client 2023-02-26 14:52:35,017 [INFO] Sending command to the server: 'mlcommons/power client v3'
client 2023-02-26 14:52:35,018 [INFO] Got response: 'mlcommons/power server v3'
client 2023-02-26 14:52:35,018 [INFO] Synchronizing with the server and with time.google.com...
client 2023-02-26 14:52:35,041 [INFO] NTP:offset = 0.001 s, delay = 0.012 s 
client 2023-02-26 14:52:35,041 [INFO] Sending command to the server: 'time'
client 2023-02-26 14:52:35,042 [INFO] Got response: '1677423155.0430827'
client 2023-02-26 14:52:35,042 [INFO] The time difference between the client and the server is within range -1.630 ms..-0.185 ms
client 2023-02-26 14:52:35,043 [INFO] Sending command to the server: 'new,,89c18a69-cf18-4625-8a18-f6c958809315'
client 2023-02-26 14:52:35,044 [INFO] Got response: 'OK 2023-02-26_14-52-35,4c3caa1b-fe91-408d-8eb3-9af9bfe51989'
client 2023-02-26 14:52:35,044 [INFO] Session id is '2023-02-26_14-52-35'
client 2023-02-26 14:52:35,045 [INFO] Sources: {"sources": {"__init__.py": "da39a3ee5e6b4b0d3255bfef95601890afd80709", "client.py": "33ca4f26368777ac06e01f9567b714a4b8063886", "lib/__init__.py": "da39a3ee5e6b4b0d3255bfef95601890afd80709", "lib/client.py": "4c2b78fb4849a7e5b584ef792d82aaed20b17f57", "lib/common.py": "624d0c0acc7c39aaff3674f0b99d6a09da53d1dc", "lib/external/__init__.py": "da39a3ee5e6b4b0d3255bfef95601890afd80709", "lib/external/ntplib.py": "4da8f970656505a40483206ef2b5d3dd5e81711d", "lib/server.py": "cda0cdfaee9bfa1249c64a7dd4f89b7bf1b279f0", "lib/source_hashes.py": "60a2e02193209e8d392803326208d5466342da18", "lib/summary.py": "aa92f0a3f975eecd44d3c0cd0236342ccc9f941d", "lib/time_sync.py": "3210db56eb0ff0df57bf4293dc4d4b03fffd46f1", "server.py": "c3f90f2f7eeb4db30727556d0c815ebc89b3d28b", "tests/unit/__init__.py": "da39a3ee5e6b4b0d3255bfef95601890afd80709", "tests/unit/test_server.py": "99ae15aef722f2000ee6ed1ae1523637bf1ae42b", "tests/unit/test_source_hashes.py": "00468a2907583c593e6574a1f6b404e4651c221a"}, "modules": {"ptd_client_server.lib.client": "lib/client.py", "ptd_client_server.lib.common": "lib/common.py", "ptd_client_server.lib.external.ntplib": "lib/external/ntplib.py", "ptd_client_server.lib.source_hashes": "lib/source_hashes.py", "ptd_client_server.lib.summary": "lib/summary.py", "ptd_client_server.lib.time_sync": "lib/time_sync.py"}}
client 2023-02-26 14:52:35,045 [INFO] Running workload in ranging mode
client 2023-02-26 14:52:35,045 [INFO] Synchronizing with the server and with time.google.com...
client 2023-02-26 14:52:35,065 [INFO] NTP:offset = 0.001 s, delay = 0.011 s 
client 2023-02-26 14:52:35,066 [INFO] Sending command to the server: 'time'
client 2023-02-26 14:52:35,067 [INFO] Got response: '1677423155.067712'
client 2023-02-26 14:52:35,067 [INFO] The time difference between the client and the server is within range -1.730 ms..0.003 ms
client 2023-02-26 14:52:35,068 [INFO] Sending command to the server: 'session,2023-02-26_14-52-35,start,ranging'
client 2023-02-26 14:53:03,174 [INFO] Got response: 'OK'
client 2023-02-26 14:53:03,175 [INFO] Running the workload 'ck benchmark program:image-classification-armnn-tflite-loadgen --env.CK_SILENT_MODE=YES --skip_print_timers --dep_add_tags.compiler=gcc,v9 --dep_add_tags.python=v3 --dep_add_tags.mlperf-inference-src=r3.0 --dep_add_tags.weights=efficientnet,lite2,quantized --dep_add_tags.images=crop.875,preprocessed,using-opencv --dep_add_tags.library=armnn,rel.22.11,neon --env.CK_LOADGEN_DATASET_SIZE=1024 --env.USE_NEON=1 --env.USE_OPENCL=0 --env.CK_LOADGEN_MODE=PerformanceOnly --env.CK_LOADGEN_SCENARIO=SingleStream --env.CK_LOADGEN_TARGET_LATENCY=$CK_LOADGEN_TARGET_LATENCY --skip_stat_analysis --process_multi_keys --repetitions=1 --record --record_repo=local --record_uoa=mlperf_v3.0-open-firefly-armnn-v22.11-neon-efficientnet-lite2-quantized-singlestream-performance-target_latency.$CK_LOADGEN_TARGET_LATENCY-power.workload --tags=mlperf,round.v3.0,division.open,task.image-classification,platform.firefly,scenario.singlestream,mode.performance,workload.efficientnet-lite2-quantized,preprocessed_using.opencv,inference_engine.armnn,inference_engine_version.v22.11,inference_engine_backend.neon,target_latency.$CK_LOADGEN_TARGET_LATENCY,power.workload "@@@{\'meta\': {\'ck_benchmark_program\': \'ck benchmark program:image-classification-armnn-tflite-loadgen --env.CK_SILENT_MODE=YES --skip_print_timers --dep_add_tags.compiler=gcc,v9 --dep_add_tags.python=v3 --dep_add_tags.mlperf-inference-src=r3.0 --dep_add_tags.weights=efficientnet,lite2,quantized --dep_add_tags.images=crop.875,preprocessed,using-opencv --dep_add_tags.library=armnn,rel.22.11,neon --env.CK_LOADGEN_DATASET_SIZE=1024 --env.USE_NEON=1 --env.USE_OPENCL=0 --env.CK_LOADGEN_MODE=PerformanceOnly --env.CK_LOADGEN_SCENARIO=SingleStream --env.CK_LOADGEN_TARGET_LATENCY=$CK_LOADGEN_TARGET_LATENCY --skip_stat_analysis --process_multi_keys --repetitions=1 --record --record_repo=local --record_uoa=mlperf_v3.0-open-firefly-armnn-v22.11-neon-efficientnet-lite2-quantized-singlestream-performance-target_latency.$CK_LOADGEN_TARGET_LATENCY-power.workload --tags=mlperf,round.v3.0,division.open,task.image-classification,platform.firefly,scenario.singlestream,mode.performance,workload.efficientnet-lite2-quantized,preprocessed_using.opencv,inference_engine.armnn,inference_engine_version.v22.11,inference_engine_backend.neon,target_latency.$CK_LOADGEN_TARGET_LATENCY,power.workload\'}}" && cat `ck find program:image-classification-armnn-tflite-loadgen`/tmp/mlperf_log_summary.txt && mkdir -p "$CK_MLPERF_POWER_CLIENT_LOADGEN_LOGS" && cp "$CK_MLPERF_POWER_CLIENT_LOADGEN_LOGS"/../mlperf_log_* "$CK_MLPERF_POWER_CLIENT_LOADGEN_LOGS"/'
client 2023-02-26 15:03:18,587 [INFO] Sending command to the server: 'session,2023-02-26_14-52-35,stop,ranging'
client 2023-02-26 15:03:28,857 [INFO] Got response: 'OK'
client 2023-02-26 15:03:28,872 [INFO] Copying loadgen logs from '/home/firefly/CK/ck-mlperf/program/image-classification-armnn-tflite-loadgen/tmp/loadgen_logs' to '/home/firefly/CK/ck-mlperf/program/mlperf-power-client/tmp/2023-02-26_14-52-35/ranging'
client 2023-02-26 15:03:28,874 [INFO] Running workload in testing mode
client 2023-02-26 15:03:28,874 [INFO] Synchronizing with the server and with time.google.com...
client 2023-02-26 15:03:28,895 [INFO] NTP:offset = 0.000 s, delay = 0.012 s 
client 2023-02-26 15:03:28,895 [INFO] Sending command to the server: 'time'
client 2023-02-26 15:03:28,897 [INFO] Got response: '1677423808.8977067'
client 2023-02-26 15:03:28,897 [INFO] The time difference between the client and the server is within range -1.830 ms..-0.376 ms
client 2023-02-26 15:03:28,897 [INFO] Sending command to the server: 'session,2023-02-26_14-52-35,start,testing'
client 2023-02-26 15:03:42,188 [INFO] Got response: 'OK'
client 2023-02-26 15:03:42,189 [INFO] Running the workload 'ck benchmark program:image-classification-armnn-tflite-loadgen --env.CK_SILENT_MODE=YES --skip_print_timers --dep_add_tags.compiler=gcc,v9 --dep_add_tags.python=v3 --dep_add_tags.mlperf-inference-src=r3.0 --dep_add_tags.weights=efficientnet,lite2,quantized --dep_add_tags.images=crop.875,preprocessed,using-opencv --dep_add_tags.library=armnn,rel.22.11,neon --env.CK_LOADGEN_DATASET_SIZE=1024 --env.USE_NEON=1 --env.USE_OPENCL=0 --env.CK_LOADGEN_MODE=PerformanceOnly --env.CK_LOADGEN_SCENARIO=SingleStream --env.CK_LOADGEN_TARGET_LATENCY=$CK_LOADGEN_TARGET_LATENCY --skip_stat_analysis --process_multi_keys --repetitions=1 --record --record_repo=local --record_uoa=mlperf_v3.0-open-firefly-armnn-v22.11-neon-efficientnet-lite2-quantized-singlestream-performance-target_latency.$CK_LOADGEN_TARGET_LATENCY-power.workload --tags=mlperf,round.v3.0,division.open,task.image-classification,platform.firefly,scenario.singlestream,mode.performance,workload.efficientnet-lite2-quantized,preprocessed_using.opencv,inference_engine.armnn,inference_engine_version.v22.11,inference_engine_backend.neon,target_latency.$CK_LOADGEN_TARGET_LATENCY,power.workload "@@@{\'meta\': {\'ck_benchmark_program\': \'ck benchmark program:image-classification-armnn-tflite-loadgen --env.CK_SILENT_MODE=YES --skip_print_timers --dep_add_tags.compiler=gcc,v9 --dep_add_tags.python=v3 --dep_add_tags.mlperf-inference-src=r3.0 --dep_add_tags.weights=efficientnet,lite2,quantized --dep_add_tags.images=crop.875,preprocessed,using-opencv --dep_add_tags.library=armnn,rel.22.11,neon --env.CK_LOADGEN_DATASET_SIZE=1024 --env.USE_NEON=1 --env.USE_OPENCL=0 --env.CK_LOADGEN_MODE=PerformanceOnly --env.CK_LOADGEN_SCENARIO=SingleStream --env.CK_LOADGEN_TARGET_LATENCY=$CK_LOADGEN_TARGET_LATENCY --skip_stat_analysis --process_multi_keys --repetitions=1 --record --record_repo=local --record_uoa=mlperf_v3.0-open-firefly-armnn-v22.11-neon-efficientnet-lite2-quantized-singlestream-performance-target_latency.$CK_LOADGEN_TARGET_LATENCY-power.workload --tags=mlperf,round.v3.0,division.open,task.image-classification,platform.firefly,scenario.singlestream,mode.performance,workload.efficientnet-lite2-quantized,preprocessed_using.opencv,inference_engine.armnn,inference_engine_version.v22.11,inference_engine_backend.neon,target_latency.$CK_LOADGEN_TARGET_LATENCY,power.workload\'}}" && cat `ck find program:image-classification-armnn-tflite-loadgen`/tmp/mlperf_log_summary.txt && mkdir -p "$CK_MLPERF_POWER_CLIENT_LOADGEN_LOGS" && cp "$CK_MLPERF_POWER_CLIENT_LOADGEN_LOGS"/../mlperf_log_* "$CK_MLPERF_POWER_CLIENT_LOADGEN_LOGS"/'
client 2023-02-26 15:13:57,289 [INFO] Sending command to the server: 'session,2023-02-26_14-52-35,stop,testing'
client 2023-02-26 15:14:07,431 [INFO] Got response: 'OK'
client 2023-02-26 15:14:07,442 [INFO] Copying loadgen logs from '/home/firefly/CK/ck-mlperf/program/image-classification-armnn-tflite-loadgen/tmp/loadgen_logs' to '/home/firefly/CK/ck-mlperf/program/mlperf-power-client/tmp/2023-02-26_14-52-35/run_1'
client 2023-02-26 15:14:07,444 [INFO] Done runs
