ptd-server 2023-02-24 18:59:40,405 [INFO] Got command from the client 'time'
ptd-server 2023-02-24 18:59:40,405 [INFO] Sending reply to client '1677265180.4052238'
ptd-server 2023-02-24 18:59:40,406 [INFO] Got command from the client 'new,,aa0948f0-40ae-483d-ac8a-8b3853f1b8ad'
ptd-server 2023-02-24 18:59:40,406 [INFO] Sending reply to client 'OK 2023-02-24_18-59-40,f3239d98-7b61-49d4-8e07-c3c2f72cbeb8'
ptd-server 2023-02-24 18:59:40,428 [INFO] Got command from the client 'time'
ptd-server 2023-02-24 18:59:40,428 [INFO] Sending reply to client '1677265180.4282668'
ptd-server 2023-02-24 18:59:40,429 [INFO] Got command from the client 'session,2023-02-24_18-59-40,start,ranging'
ptd-server 2023-02-24 18:59:40,429 [INFO] Running PTDaemon: ['/home/anton/projects/mlperf/power/inference_v1.0/ptd-linux-x86', '-l', '/tmp/tmp4yl1neqp/ptd_logfile.txt', '-p', '8888', '49', '/dev/usbtmc0']
ptd-server 2023-02-24 18:59:57,503 [INFO] Sending to ptd: 'Hello'
ptd-server 2023-02-24 18:59:57,503 [INFO] Reply from ptd: 'Hello, PTDaemon here!'
ptd-server 2023-02-24 18:59:57,503 [INFO] Sending to ptd: 'Identify'
ptd-server 2023-02-24 18:59:57,504 [INFO] Reply from ptd: 'YokogawaWT310E,1000,1,1,1,1,0,1,1,version=1.10.0-ed9a21d2-20220817,OS=Linux 5.15.0-60-generic #66~20.04.1-Ubuntu SMP Wed Jan 25 09:41:30 UTC 2023 x86_64,mode=power,1,1,1,0,0,no_cal_date,YOKOGAWA;WT310E;C3XA04010E;F1.04'
ptd-server 2023-02-24 18:59:57,504 [INFO] Connected to PTDaemon
ptd-server 2023-02-24 18:59:57,504 [INFO] Sending to ptd: 'RR'
ptd-server 2023-02-24 18:59:57,504 [INFO] Reply from ptd: 'Ranges,1,0.100000,1,300.000000'
ptd-server 2023-02-24 18:59:57,505 [INFO] Initial range for Amps is Auto for Volts is Auto
ptd-server 2023-02-24 18:59:57,505 [INFO] Sending to ptd: 'SR,V,Auto'
ptd-server 2023-02-24 18:59:58,007 [INFO] Reply from ptd: 'Range V changed'
ptd-server 2023-02-24 18:59:58,007 [INFO] Sending to ptd: 'SR,A,Auto'
ptd-server 2023-02-24 18:59:58,510 [INFO] Reply from ptd: 'Range A changed'
ptd-server 2023-02-24 19:00:08,520 [INFO] Starting ranging mode
ptd-server 2023-02-24 19:00:08,520 [INFO] Sending to ptd: 'Go,1000,0,2023-02-24_18-59-40_ranging'
ptd-server 2023-02-24 19:00:08,521 [INFO] Reply from ptd: 'Starting untimed measurement, maximum 500000 samples at 1000ms with 0 rampup samples'
ptd-server 2023-02-24 19:00:08,521 [INFO] Sending reply to client 'OK'
ptd-server 2023-02-24 19:10:24,846 [INFO] Got command from the client 'session,2023-02-24_18-59-40,stop,ranging'
ptd-server 2023-02-24 19:10:34,856 [INFO] Sending to ptd: 'Stop'
ptd-server 2023-02-24 19:10:34,857 [INFO] Reply from ptd: 'Stopping untimed measurement'
ptd-server 2023-02-24 19:10:35,544 [INFO] Sending reply to client 'OK'
ptd-server 2023-02-24 19:10:35,619 [INFO] Got command from the client 'time'
ptd-server 2023-02-24 19:10:35,619 [INFO] Sending reply to client '1677265835.6191592'
ptd-server 2023-02-24 19:10:35,620 [INFO] Got command from the client 'session,2023-02-24_18-59-40,start,testing'
ptd-server 2023-02-24 19:10:35,620 [INFO] Sending to ptd: 'SR,V,250.290000'
ptd-server 2023-02-24 19:10:37,121 [INFO] Reply from ptd: 'Range V changed'
ptd-server 2023-02-24 19:10:37,122 [INFO] Sending to ptd: 'SR,A,0.060640'
ptd-server 2023-02-24 19:10:38,623 [INFO] Reply from ptd: 'Range A changed'
ptd-server 2023-02-24 19:10:48,633 [INFO] Starting testing mode
ptd-server 2023-02-24 19:10:48,633 [INFO] Sending to ptd: 'Go,1000,0,2023-02-24_18-59-40_testing'
ptd-server 2023-02-24 19:10:48,634 [INFO] Reply from ptd: 'Starting untimed measurement, maximum 500000 samples at 1000ms with 0 rampup samples'
ptd-server 2023-02-24 19:10:48,634 [INFO] Sending reply to client 'OK'
ptd-server 2023-02-24 19:21:04,899 [INFO] Got command from the client 'session,2023-02-24_18-59-40,stop,testing'
ptd-server 2023-02-24 19:21:14,909 [INFO] Sending to ptd: 'Stop'
ptd-server 2023-02-24 19:21:14,910 [INFO] Reply from ptd: 'Stopping untimed measurement'
ptd-server 2023-02-24 19:21:15,268 [INFO] Sending reply to client 'OK'
ptd-server 2023-02-24 19:21:15,276 [INFO] Got command from the client 'session,2023-02-24_18-59-40,done'
ptd-server 2023-02-24 19:21:15,276 [INFO] Sending to ptd: 'Stop'
ptd-server 2023-02-24 19:21:15,634 [INFO] Reply from ptd: 'Error: no measurement to stop'
ptd-server 2023-02-24 19:21:15,635 [INFO] Sending to ptd: 'SR,V,Auto'
ptd-server 2023-02-24 19:21:16,137 [INFO] Reply from ptd: 'Range V changed'
ptd-server 2023-02-24 19:21:16,137 [INFO] Sending to ptd: 'SR,A,Auto'
ptd-server 2023-02-24 19:21:16,640 [INFO] Reply from ptd: 'Range A changed'
ptd-server 2023-02-24 19:21:16,640 [INFO] Set initial values for Amps Auto and Volts Auto
ptd-server 2023-02-24 19:21:16,640 [INFO] Stopping ptd...
