ptd-server 2023-02-27 23:22:01,111 [INFO] Got command from the client 'time'
ptd-server 2023-02-27 23:22:01,112 [INFO] Sending reply to client '1677540121.1120667'
ptd-server 2023-02-27 23:22:01,114 [INFO] Got command from the client 'new,,8a6e3980-5480-4e57-acc2-dceefdd85512'
ptd-server 2023-02-27 23:22:01,114 [INFO] Sending reply to client 'OK 2023-02-27_23-22-01,9fa73959-185e-432c-af50-b45642157383'
ptd-server 2023-02-27 23:22:01,138 [INFO] Got command from the client 'time'
ptd-server 2023-02-27 23:22:01,138 [INFO] Sending reply to client '1677540121.1383908'
ptd-server 2023-02-27 23:22:01,141 [INFO] Got command from the client 'session,2023-02-27_23-22-01,start,ranging'
ptd-server 2023-02-27 23:22:01,142 [INFO] Running PTDaemon: ['/home/anton/projects/mlperf/power/inference_v1.0/ptd-linux-x86', '-l', '/tmp/tmpu4v721n6/ptd_logfile.txt', '-p', '8888', '49', '/dev/usbtmc0']
ptd-server 2023-02-27 23:22:18,229 [INFO] Sending to ptd: 'Hello'
ptd-server 2023-02-27 23:22:18,230 [INFO] Reply from ptd: 'Hello, PTDaemon here!'
ptd-server 2023-02-27 23:22:18,230 [INFO] Sending to ptd: 'Identify'
ptd-server 2023-02-27 23:22:18,230 [INFO] Reply from ptd: 'YokogawaWT310E,1000,1,1,1,1,0,1,1,version=1.10.0-ed9a21d2-20220817,OS=Linux 5.15.0-60-generic #66~20.04.1-Ubuntu SMP Wed Jan 25 09:41:30 UTC 2023 x86_64,mode=power,1,1,1,0,0,no_cal_date,YOKOGAWA;WT310E;C3XA04010E;F1.04'
ptd-server 2023-02-27 23:22:18,230 [INFO] Connected to PTDaemon
ptd-server 2023-02-27 23:22:18,230 [INFO] Sending to ptd: 'RR'
ptd-server 2023-02-27 23:22:18,231 [INFO] Reply from ptd: 'Ranges,0,0.100000,0,300.000000'
ptd-server 2023-02-27 23:22:18,231 [INFO] Initial range for Amps is 0.100000 for Volts is 300.000000
ptd-server 2023-02-27 23:22:18,231 [INFO] Sending to ptd: 'SR,V,Auto'
ptd-server 2023-02-27 23:22:18,733 [INFO] Reply from ptd: 'Range V changed'
ptd-server 2023-02-27 23:22:18,734 [INFO] Sending to ptd: 'SR,A,Auto'
ptd-server 2023-02-27 23:22:19,236 [INFO] Reply from ptd: 'Range A changed'
ptd-server 2023-02-27 23:22:29,246 [INFO] Starting ranging mode
ptd-server 2023-02-27 23:22:29,247 [INFO] Sending to ptd: 'Go,1000,0,2023-02-27_23-22-01_ranging'
ptd-server 2023-02-27 23:22:29,247 [INFO] Reply from ptd: 'Starting untimed measurement, maximum 500000 samples at 1000ms with 0 rampup samples'
ptd-server 2023-02-27 23:22:29,247 [INFO] Sending reply to client 'OK'
ptd-server 2023-02-27 23:32:47,165 [INFO] Got command from the client 'session,2023-02-27_23-22-01,stop,ranging'
ptd-server 2023-02-27 23:32:57,175 [INFO] Sending to ptd: 'Stop'
ptd-server 2023-02-27 23:32:57,176 [INFO] Reply from ptd: 'Stopping untimed measurement'
ptd-server 2023-02-27 23:32:57,576 [INFO] Sending reply to client 'OK'
ptd-server 2023-02-27 23:32:57,664 [INFO] Got command from the client 'time'
ptd-server 2023-02-27 23:32:57,664 [INFO] Sending reply to client '1677540777.664321'
ptd-server 2023-02-27 23:32:57,666 [INFO] Got command from the client 'session,2023-02-27_23-22-01,start,testing'
ptd-server 2023-02-27 23:32:57,666 [INFO] Sending to ptd: 'SR,V,252.130000'
ptd-server 2023-02-27 23:32:59,167 [INFO] Reply from ptd: 'Range V changed'
ptd-server 2023-02-27 23:32:59,168 [INFO] Sending to ptd: 'SR,A,0.068290'
ptd-server 2023-02-27 23:33:00,669 [INFO] Reply from ptd: 'Range A changed'
ptd-server 2023-02-27 23:33:10,679 [INFO] Starting testing mode
ptd-server 2023-02-27 23:33:10,679 [INFO] Sending to ptd: 'Go,1000,0,2023-02-27_23-22-01_testing'
ptd-server 2023-02-27 23:33:10,680 [INFO] Reply from ptd: 'Starting untimed measurement, maximum 500000 samples at 1000ms with 0 rampup samples'
ptd-server 2023-02-27 23:33:10,680 [INFO] Sending reply to client 'OK'
ptd-server 2023-02-27 23:43:28,462 [INFO] Got command from the client 'session,2023-02-27_23-22-01,stop,testing'
ptd-server 2023-02-27 23:43:38,472 [INFO] Sending to ptd: 'Stop'
ptd-server 2023-02-27 23:43:38,472 [INFO] Reply from ptd: 'Stopping untimed measurement'
ptd-server 2023-02-27 23:43:38,685 [INFO] Sending reply to client 'OK'
ptd-server 2023-02-27 23:43:38,705 [INFO] Got command from the client 'session,2023-02-27_23-22-01,done'
ptd-server 2023-02-27 23:43:38,705 [INFO] Sending to ptd: 'Stop'
ptd-server 2023-02-27 23:43:38,706 [INFO] Reply from ptd: 'Error: no measurement to stop'
ptd-server 2023-02-27 23:43:38,706 [INFO] Sending to ptd: 'SR,V,300.000000'
ptd-server 2023-02-27 23:43:40,207 [INFO] Reply from ptd: 'Range V changed'
ptd-server 2023-02-27 23:43:40,207 [INFO] Sending to ptd: 'SR,A,0.100000'
ptd-server 2023-02-27 23:43:41,709 [INFO] Reply from ptd: 'Range A changed'
ptd-server 2023-02-27 23:43:41,709 [INFO] Set initial values for Amps 0.100000 and Volts 300.000000
ptd-server 2023-02-27 23:43:41,709 [INFO] Stopping ptd...
