ptd-server 2023-02-21 15:40:44,686 [INFO] Got command from the client 'time'
ptd-server 2023-02-21 15:40:44,687 [INFO] Sending reply to client '1676994044.6870518'
ptd-server 2023-02-21 15:40:44,688 [INFO] Got command from the client 'new,,e5a72f00-770f-44d9-8421-6c340475388f'
ptd-server 2023-02-21 15:40:44,688 [INFO] Sending reply to client 'OK 2023-02-21_15-40-44,ad26bad0-f42f-4443-8e5c-4f734461b2ec'
ptd-server 2023-02-21 15:40:44,716 [INFO] Got command from the client 'time'
ptd-server 2023-02-21 15:40:44,716 [INFO] Sending reply to client '1676994044.7165523'
ptd-server 2023-02-21 15:40:44,717 [INFO] Got command from the client 'session,2023-02-21_15-40-44,start,ranging'
ptd-server 2023-02-21 15:40:44,717 [INFO] Running PTDaemon: ['/home/anton/projects/mlperf/power/inference_v1.0/ptd-linux-x86', '-l', '/tmp/tmp4yl1neqp/ptd_logfile.txt', '-p', '8888', '49', '/dev/usbtmc0']
ptd-server 2023-02-21 15:41:01,784 [INFO] Sending to ptd: 'Hello'
ptd-server 2023-02-21 15:41:01,784 [INFO] Reply from ptd: 'Hello, PTDaemon here!'
ptd-server 2023-02-21 15:41:01,785 [INFO] Sending to ptd: 'Identify'
ptd-server 2023-02-21 15:41:01,785 [INFO] Reply from ptd: 'YokogawaWT310E,1000,1,1,1,1,0,1,1,version=1.10.0-ed9a21d2-20220817,OS=Linux 5.15.0-60-generic #66~20.04.1-Ubuntu SMP Wed Jan 25 09:41:30 UTC 2023 x86_64,mode=power,1,1,1,0,0,no_cal_date,YOKOGAWA;WT310E;C3XA04010E;F1.04'
ptd-server 2023-02-21 15:41:01,785 [INFO] Connected to PTDaemon
ptd-server 2023-02-21 15:41:01,785 [INFO] Sending to ptd: 'RR'
ptd-server 2023-02-21 15:41:01,786 [INFO] Reply from ptd: 'Ranges,1,0.100000,1,300.000000'
ptd-server 2023-02-21 15:41:01,786 [INFO] Initial range for Amps is Auto for Volts is Auto
ptd-server 2023-02-21 15:41:01,786 [INFO] Sending to ptd: 'SR,V,Auto'
ptd-server 2023-02-21 15:41:02,288 [INFO] Reply from ptd: 'Range V changed'
ptd-server 2023-02-21 15:41:02,289 [INFO] Sending to ptd: 'SR,A,Auto'
ptd-server 2023-02-21 15:41:02,791 [INFO] Reply from ptd: 'Range A changed'
ptd-server 2023-02-21 15:41:12,801 [INFO] Starting ranging mode
ptd-server 2023-02-21 15:41:12,802 [INFO] Sending to ptd: 'Go,1000,0,2023-02-21_15-40-44_ranging'
ptd-server 2023-02-21 15:41:12,802 [INFO] Reply from ptd: 'Starting untimed measurement, maximum 500000 samples at 1000ms with 0 rampup samples'
ptd-server 2023-02-21 15:41:12,802 [INFO] Sending reply to client 'OK'
ptd-server 2023-02-21 15:51:33,918 [INFO] Got command from the client 'session,2023-02-21_15-40-44,stop,ranging'
ptd-server 2023-02-21 15:51:43,928 [INFO] Sending to ptd: 'Stop'
ptd-server 2023-02-21 15:51:43,929 [INFO] Reply from ptd: 'Stopping untimed measurement'
ptd-server 2023-02-21 15:51:44,272 [INFO] Sending reply to client 'OK'
ptd-server 2023-02-21 15:51:44,306 [INFO] Got command from the client 'time'
ptd-server 2023-02-21 15:51:44,307 [INFO] Sending reply to client '1676994704.307099'
ptd-server 2023-02-21 15:51:44,307 [INFO] Got command from the client 'session,2023-02-21_15-40-44,start,testing'
ptd-server 2023-02-21 15:51:44,308 [INFO] Sending to ptd: 'SR,V,251.070000'
ptd-server 2023-02-21 15:51:46,304 [INFO] Reply from ptd: 'Range V changed'
ptd-server 2023-02-21 15:51:46,304 [INFO] Sending to ptd: 'SR,A,0.045870'
ptd-server 2023-02-21 15:51:47,805 [INFO] Reply from ptd: 'Range A changed'
ptd-server 2023-02-21 15:51:57,816 [INFO] Starting testing mode
ptd-server 2023-02-21 15:51:57,816 [INFO] Sending to ptd: 'Go,1000,0,2023-02-21_15-40-44_testing'
ptd-server 2023-02-21 15:51:57,816 [INFO] Reply from ptd: 'Starting untimed measurement, maximum 500000 samples at 1000ms with 0 rampup samples'
ptd-server 2023-02-21 15:51:57,816 [INFO] Sending reply to client 'OK'
ptd-server 2023-02-21 16:02:18,862 [INFO] Got command from the client 'session,2023-02-21_15-40-44,stop,testing'
ptd-server 2023-02-21 16:02:28,872 [INFO] Sending to ptd: 'Stop'
ptd-server 2023-02-21 16:02:28,873 [INFO] Reply from ptd: 'Stopping untimed measurement'
ptd-server 2023-02-21 16:02:29,056 [INFO] Sending reply to client 'OK'
ptd-server 2023-02-21 16:02:29,064 [INFO] Got command from the client 'session,2023-02-21_15-40-44,done'
ptd-server 2023-02-21 16:02:29,064 [INFO] Sending to ptd: 'Stop'
ptd-server 2023-02-21 16:02:29,817 [INFO] Reply from ptd: 'Error: no measurement to stop'
ptd-server 2023-02-21 16:02:29,817 [INFO] Sending to ptd: 'SR,V,Auto'
ptd-server 2023-02-21 16:02:30,320 [INFO] Reply from ptd: 'Range V changed'
ptd-server 2023-02-21 16:02:30,320 [INFO] Sending to ptd: 'SR,A,Auto'
ptd-server 2023-02-21 16:02:30,823 [INFO] Reply from ptd: 'Range A changed'
ptd-server 2023-02-21 16:02:30,823 [INFO] Set initial values for Amps Auto and Volts Auto
ptd-server 2023-02-21 16:02:30,823 [INFO] Stopping ptd...
