ptd-server 2023-02-24 13:43:32,523 [INFO] Got command from the client 'time'
ptd-server 2023-02-24 13:43:32,524 [INFO] Sending reply to client '1677246212.5242972'
ptd-server 2023-02-24 13:43:32,527 [INFO] Got command from the client 'new,,22462c03-0d30-4e2f-9236-0e3330e72245'
ptd-server 2023-02-24 13:43:32,529 [INFO] Sending reply to client 'OK 2023-02-24_13-43-32,01a64486-b37b-4572-80f2-63471bc61951'
ptd-server 2023-02-24 13:43:32,556 [INFO] Got command from the client 'time'
ptd-server 2023-02-24 13:43:32,557 [INFO] Sending reply to client '1677246212.5569782'
ptd-server 2023-02-24 13:43:32,562 [INFO] Got command from the client 'session,2023-02-24_13-43-32,start,ranging'
ptd-server 2023-02-24 13:43:32,563 [INFO] Running PTDaemon: ['/media/arjun/T7_Touch/hp-envy/CM/repos/local/cache/9b3695ca8255492a/power/inference_v1.0/ptd-linux-x86', '-l', '/tmp/tmpti64566v/ptd_logfile.txt', '-p', '8888', '49', '/dev/usbtmc0']
ptd-server 2023-02-24 13:43:49,660 [INFO] Sending to ptd: 'Hello'
ptd-server 2023-02-24 13:43:49,661 [INFO] Reply from ptd: 'Hello, PTDaemon here!'
ptd-server 2023-02-24 13:43:49,661 [INFO] Sending to ptd: 'Identify'
ptd-server 2023-02-24 13:43:49,662 [INFO] Reply from ptd: 'YokogawaWT310E,1000,1,1,1,1,0,1,1,version=1.10.0-ed9a21d2-20220817,OS=Linux 5.15.0-56-generic #62-Ubuntu SMP Tue Nov 22 19:54:14 UTC 2022 x86_64,mode=power,1,1,1,0,0,no_cal_date,YOKOGAWA;WT310E;C3YD21068E;F1.04'
ptd-server 2023-02-24 13:43:49,662 [INFO] Connected to PTDaemon
ptd-server 2023-02-24 13:43:49,662 [INFO] Sending to ptd: 'RR'
ptd-server 2023-02-24 13:43:49,663 [INFO] Reply from ptd: 'Ranges,0,0.100000,0,600.000000'
ptd-server 2023-02-24 13:43:49,664 [INFO] Initial range for Amps is 0.100000 for Volts is 600.000000
ptd-server 2023-02-24 13:43:49,664 [INFO] Sending to ptd: 'SR,V,Auto'
ptd-server 2023-02-24 13:43:50,168 [INFO] Reply from ptd: 'Range V changed'
ptd-server 2023-02-24 13:43:50,168 [INFO] Sending to ptd: 'SR,A,Auto'
ptd-server 2023-02-24 13:43:50,672 [INFO] Reply from ptd: 'Range A changed'
ptd-server 2023-02-24 13:44:00,682 [INFO] Starting ranging mode
ptd-server 2023-02-24 13:44:00,683 [INFO] Sending to ptd: 'Go,1000,0,2023-02-24_13-43-32_ranging'
ptd-server 2023-02-24 13:44:00,684 [INFO] Reply from ptd: 'Starting untimed measurement, maximum 500000 samples at 1000ms with 0 rampup samples'
ptd-server 2023-02-24 13:44:00,684 [INFO] Sending reply to client 'OK'
ptd-server 2023-02-24 13:55:03,693 [INFO] Got command from the client 'session,2023-02-24_13-43-32,stop,ranging'
ptd-server 2023-02-24 13:55:13,698 [INFO] Sending to ptd: 'Stop'
ptd-server 2023-02-24 13:55:13,698 [INFO] Reply from ptd: 'Stopping untimed measurement'
ptd-server 2023-02-24 13:55:13,821 [INFO] Sending reply to client 'OK'
ptd-server 2023-02-24 13:55:13,893 [INFO] Got command from the client 'time'
ptd-server 2023-02-24 13:55:13,893 [INFO] Sending reply to client '1677246913.8936863'
ptd-server 2023-02-24 13:55:13,899 [INFO] Got command from the client 'session,2023-02-24_13-43-32,start,testing'
ptd-server 2023-02-24 13:55:13,899 [INFO] Sending to ptd: 'SR,V,247.930000'
ptd-server 2023-02-24 13:55:16,187 [INFO] Reply from ptd: 'Range V changed'
ptd-server 2023-02-24 13:55:16,187 [INFO] Sending to ptd: 'SR,A,0.167160'
ptd-server 2023-02-24 13:55:17,690 [INFO] Reply from ptd: 'Range A changed'
ptd-server 2023-02-24 13:55:27,701 [INFO] Starting testing mode
ptd-server 2023-02-24 13:55:27,701 [INFO] Sending to ptd: 'Go,1000,0,2023-02-24_13-43-32_testing'
ptd-server 2023-02-24 13:55:27,702 [INFO] Reply from ptd: 'Starting untimed measurement, maximum 500000 samples at 1000ms with 0 rampup samples'
ptd-server 2023-02-24 13:55:27,703 [INFO] Sending reply to client 'OK'
ptd-server 2023-02-24 14:06:26,198 [INFO] Got command from the client 'session,2023-02-24_13-43-32,stop,testing'
ptd-server 2023-02-24 14:06:36,209 [INFO] Sending to ptd: 'Stop'
ptd-server 2023-02-24 14:06:36,210 [INFO] Reply from ptd: 'Stopping untimed measurement'
ptd-server 2023-02-24 14:06:36,262 [INFO] Sending reply to client 'OK'
ptd-server 2023-02-24 14:06:36,281 [INFO] Got command from the client 'session,2023-02-24_13-43-32,done'
ptd-server 2023-02-24 14:06:36,281 [INFO] Sending to ptd: 'Stop'
ptd-server 2023-02-24 14:06:36,704 [INFO] Reply from ptd: 'Error: no measurement to stop'
ptd-server 2023-02-24 14:06:36,704 [INFO] Sending to ptd: 'SR,V,600.000000'
ptd-server 2023-02-24 14:06:38,206 [INFO] Reply from ptd: 'Range V changed'
ptd-server 2023-02-24 14:06:38,206 [INFO] Sending to ptd: 'SR,A,0.100000'
ptd-server 2023-02-24 14:06:39,709 [INFO] Reply from ptd: 'Range A changed'
ptd-server 2023-02-24 14:06:39,709 [INFO] Set initial values for Amps 0.100000 and Volts 600.000000
ptd-server 2023-02-24 14:06:39,709 [INFO] Stopping ptd...
