client 2023-02-21 11:58:50,319 [WARNING] Removing loadgen logs directory '/home/khadas/CK/ck-mlperf/program/image-classification-tflite-loadgen/tmp/loadgen_logs'
client 2023-02-21 11:58:50,321 [INFO] Sending command to the server: 'mlcommons/power client v3'
client 2023-02-21 11:58:50,322 [INFO] Got response: 'mlcommons/power server v3'
client 2023-02-21 11:58:50,322 [INFO] Synchronizing with the server and with time.google.com...
client 2023-02-21 11:58:50,345 [INFO] NTP:offset = -0.000 s, delay = 0.011 s 
client 2023-02-21 11:58:50,346 [INFO] Sending command to the server: 'time'
client 2023-02-21 11:58:50,347 [INFO] Got response: '1676980730.3465307'
client 2023-02-21 11:58:50,347 [INFO] The time difference between the client and the server is within range -0.529 ms..0.730 ms
client 2023-02-21 11:58:50,347 [INFO] Sending command to the server: 'new,,aff7c64b-bc14-43c2-9d92-6d2e480a60b1'
client 2023-02-21 11:58:50,348 [INFO] Got response: 'OK 2023-02-21_11-58-50,1f71f43a-ebc0-4366-a89a-4180efe0cff0'
client 2023-02-21 11:58:50,348 [INFO] Session id is '2023-02-21_11-58-50'
client 2023-02-21 11:58:50,349 [INFO] Sources: {"sources": {"__init__.py": "da39a3ee5e6b4b0d3255bfef95601890afd80709", "client.py": "33ca4f26368777ac06e01f9567b714a4b8063886", "lib/__init__.py": "da39a3ee5e6b4b0d3255bfef95601890afd80709", "lib/client.py": "4c2b78fb4849a7e5b584ef792d82aaed20b17f57", "lib/common.py": "624d0c0acc7c39aaff3674f0b99d6a09da53d1dc", "lib/external/__init__.py": "da39a3ee5e6b4b0d3255bfef95601890afd80709", "lib/external/ntplib.py": "4da8f970656505a40483206ef2b5d3dd5e81711d", "lib/server.py": "cda0cdfaee9bfa1249c64a7dd4f89b7bf1b279f0", "lib/source_hashes.py": "60a2e02193209e8d392803326208d5466342da18", "lib/summary.py": "aa92f0a3f975eecd44d3c0cd0236342ccc9f941d", "lib/time_sync.py": "3210db56eb0ff0df57bf4293dc4d4b03fffd46f1", "server.py": "c3f90f2f7eeb4db30727556d0c815ebc89b3d28b", "tests/unit/__init__.py": "da39a3ee5e6b4b0d3255bfef95601890afd80709", "tests/unit/test_server.py": "99ae15aef722f2000ee6ed1ae1523637bf1ae42b", "tests/unit/test_source_hashes.py": "00468a2907583c593e6574a1f6b404e4651c221a"}, "modules": {"ptd_client_server.lib.client": "lib/client.py", "ptd_client_server.lib.common": "lib/common.py", "ptd_client_server.lib.external.ntplib": "lib/external/ntplib.py", "ptd_client_server.lib.source_hashes": "lib/source_hashes.py", "ptd_client_server.lib.summary": "lib/summary.py", "ptd_client_server.lib.time_sync": "lib/time_sync.py"}}
client 2023-02-21 11:58:50,349 [INFO] Running workload in ranging mode
client 2023-02-21 11:58:50,349 [INFO] Synchronizing with the server and with time.google.com...
client 2023-02-21 11:58:50,375 [INFO] NTP:offset = -0.001 s, delay = 0.012 s 
client 2023-02-21 11:58:50,376 [INFO] Sending command to the server: 'time'
client 2023-02-21 11:58:50,377 [INFO] Got response: '1676980730.3765516'
client 2023-02-21 11:58:50,377 [INFO] The time difference between the client and the server is within range -0.514 ms..0.735 ms
client 2023-02-21 11:58:50,377 [INFO] Sending command to the server: 'session,2023-02-21_11-58-50,start,ranging'
client 2023-02-21 11:59:18,469 [INFO] Got response: 'OK'
client 2023-02-21 11:59:18,470 [INFO] Running the workload 'ck benchmark program:image-classification-tflite-loadgen --env.CK_SILENT_MODE=YES --skip_print_timers --dep_add_tags.compiler=gcc,v11 --dep_add_tags.python=v3 --dep_add_tags.mlperf-inference-src=r3.0 --dep_add_tags.weights=mobilenet,v3-small-minimalistic_224_1.0_float --dep_add_tags.images=crop.875,preprocessed,using-opencv --dep_add_tags.library=tflite,v2.11.0,with.ruy --env.CK_LOADGEN_DATASET_SIZE=1024 --env.CK_LOADGEN_MODE=PerformanceOnly --env.CK_LOADGEN_SCENARIO=SingleStream --env.CK_LOADGEN_TARGET_LATENCY=$CK_LOADGEN_TARGET_LATENCY --skip_stat_analysis --process_multi_keys --repetitions=1 --record --record_repo=local --record_uoa=mlperf_v3.0-open-vim4-tflite-v2.11.0-ruy-mobilenet-v3-small-minimalistic_224_1.0_float-singlestream-performance-target_latency.$CK_LOADGEN_TARGET_LATENCY-power.workload --tags=mlperf,round.v3.0,division.open,task.image-classification,platform.vim4,scenario.singlestream,mode.performance,workload.mobilenet-v3-small-minimalistic_224_1.0_float,preprocessed_using.opencv,inference_engine.tflite,inference_engine_version.v2.11.0,inference_engine_backend.ruy,target_latency.$CK_LOADGEN_TARGET_LATENCY,power.workload "@@@{\'meta\': {\'ck_benchmark_program\': \'ck benchmark program:image-classification-tflite-loadgen --env.CK_SILENT_MODE=YES --skip_print_timers --dep_add_tags.compiler=gcc,v11 --dep_add_tags.python=v3 --dep_add_tags.mlperf-inference-src=r3.0 --dep_add_tags.weights=mobilenet,v3-small-minimalistic_224_1.0_float --dep_add_tags.images=crop.875,preprocessed,using-opencv --dep_add_tags.library=tflite,v2.11.0,with.ruy --env.CK_LOADGEN_DATASET_SIZE=1024 --env.CK_LOADGEN_MODE=PerformanceOnly --env.CK_LOADGEN_SCENARIO=SingleStream --env.CK_LOADGEN_TARGET_LATENCY=$CK_LOADGEN_TARGET_LATENCY --skip_stat_analysis --process_multi_keys --repetitions=1 --record --record_repo=local --record_uoa=mlperf_v3.0-open-vim4-tflite-v2.11.0-ruy-mobilenet-v3-small-minimalistic_224_1.0_float-singlestream-performance-target_latency.$CK_LOADGEN_TARGET_LATENCY-power.workload --tags=mlperf,round.v3.0,division.open,task.image-classification,platform.vim4,scenario.singlestream,mode.performance,workload.mobilenet-v3-small-minimalistic_224_1.0_float,preprocessed_using.opencv,inference_engine.tflite,inference_engine_version.v2.11.0,inference_engine_backend.ruy,target_latency.$CK_LOADGEN_TARGET_LATENCY,power.workload\'}}" && cat `ck find program:image-classification-tflite-loadgen`/tmp/mlperf_log_summary.txt && mkdir -p "$CK_MLPERF_POWER_CLIENT_LOADGEN_LOGS" && cp "$CK_MLPERF_POWER_CLIENT_LOADGEN_LOGS"/../mlperf_log_* "$CK_MLPERF_POWER_CLIENT_LOADGEN_LOGS"/'
client 2023-02-21 12:09:46,788 [INFO] Sending command to the server: 'session,2023-02-21_11-58-50,stop,ranging'
client 2023-02-21 12:09:57,106 [INFO] Got response: 'OK'
client 2023-02-21 12:09:57,115 [INFO] Copying loadgen logs from '/home/khadas/CK/ck-mlperf/program/image-classification-tflite-loadgen/tmp/loadgen_logs' to '/home/khadas/CK/ck-mlperf/program/mlperf-power-client/tmp/2023-02-21_11-58-50/ranging'
client 2023-02-21 12:09:57,117 [INFO] Running workload in testing mode
client 2023-02-21 12:09:57,117 [INFO] Synchronizing with the server and with time.google.com...
client 2023-02-21 12:09:57,182 [INFO] NTP:offset = -0.001 s, delay = 0.012 s 
client 2023-02-21 12:09:57,182 [INFO] Sending command to the server: 'time'
client 2023-02-21 12:09:57,183 [INFO] Got response: '1676981397.1823828'
client 2023-02-21 12:09:57,183 [INFO] The time difference between the client and the server is within range -0.137 ms..0.828 ms
client 2023-02-21 12:09:57,183 [INFO] Sending command to the server: 'session,2023-02-21_11-58-50,start,testing'
client 2023-02-21 12:10:10,482 [INFO] Got response: 'OK'
client 2023-02-21 12:10:10,482 [INFO] Running the workload 'ck benchmark program:image-classification-tflite-loadgen --env.CK_SILENT_MODE=YES --skip_print_timers --dep_add_tags.compiler=gcc,v11 --dep_add_tags.python=v3 --dep_add_tags.mlperf-inference-src=r3.0 --dep_add_tags.weights=mobilenet,v3-small-minimalistic_224_1.0_float --dep_add_tags.images=crop.875,preprocessed,using-opencv --dep_add_tags.library=tflite,v2.11.0,with.ruy --env.CK_LOADGEN_DATASET_SIZE=1024 --env.CK_LOADGEN_MODE=PerformanceOnly --env.CK_LOADGEN_SCENARIO=SingleStream --env.CK_LOADGEN_TARGET_LATENCY=$CK_LOADGEN_TARGET_LATENCY --skip_stat_analysis --process_multi_keys --repetitions=1 --record --record_repo=local --record_uoa=mlperf_v3.0-open-vim4-tflite-v2.11.0-ruy-mobilenet-v3-small-minimalistic_224_1.0_float-singlestream-performance-target_latency.$CK_LOADGEN_TARGET_LATENCY-power.workload --tags=mlperf,round.v3.0,division.open,task.image-classification,platform.vim4,scenario.singlestream,mode.performance,workload.mobilenet-v3-small-minimalistic_224_1.0_float,preprocessed_using.opencv,inference_engine.tflite,inference_engine_version.v2.11.0,inference_engine_backend.ruy,target_latency.$CK_LOADGEN_TARGET_LATENCY,power.workload "@@@{\'meta\': {\'ck_benchmark_program\': \'ck benchmark program:image-classification-tflite-loadgen --env.CK_SILENT_MODE=YES --skip_print_timers --dep_add_tags.compiler=gcc,v11 --dep_add_tags.python=v3 --dep_add_tags.mlperf-inference-src=r3.0 --dep_add_tags.weights=mobilenet,v3-small-minimalistic_224_1.0_float --dep_add_tags.images=crop.875,preprocessed,using-opencv --dep_add_tags.library=tflite,v2.11.0,with.ruy --env.CK_LOADGEN_DATASET_SIZE=1024 --env.CK_LOADGEN_MODE=PerformanceOnly --env.CK_LOADGEN_SCENARIO=SingleStream --env.CK_LOADGEN_TARGET_LATENCY=$CK_LOADGEN_TARGET_LATENCY --skip_stat_analysis --process_multi_keys --repetitions=1 --record --record_repo=local --record_uoa=mlperf_v3.0-open-vim4-tflite-v2.11.0-ruy-mobilenet-v3-small-minimalistic_224_1.0_float-singlestream-performance-target_latency.$CK_LOADGEN_TARGET_LATENCY-power.workload --tags=mlperf,round.v3.0,division.open,task.image-classification,platform.vim4,scenario.singlestream,mode.performance,workload.mobilenet-v3-small-minimalistic_224_1.0_float,preprocessed_using.opencv,inference_engine.tflite,inference_engine_version.v2.11.0,inference_engine_backend.ruy,target_latency.$CK_LOADGEN_TARGET_LATENCY,power.workload\'}}" && cat `ck find program:image-classification-tflite-loadgen`/tmp/mlperf_log_summary.txt && mkdir -p "$CK_MLPERF_POWER_CLIENT_LOADGEN_LOGS" && cp "$CK_MLPERF_POWER_CLIENT_LOADGEN_LOGS"/../mlperf_log_* "$CK_MLPERF_POWER_CLIENT_LOADGEN_LOGS"/'
client 2023-02-21 12:20:37,588 [INFO] Sending command to the server: 'session,2023-02-21_11-58-50,stop,testing'
client 2023-02-21 12:20:47,781 [INFO] Got response: 'OK'
client 2023-02-21 12:20:47,783 [INFO] Copying loadgen logs from '/home/khadas/CK/ck-mlperf/program/image-classification-tflite-loadgen/tmp/loadgen_logs' to '/home/khadas/CK/ck-mlperf/program/mlperf-power-client/tmp/2023-02-21_11-58-50/run_1'
client 2023-02-21 12:20:47,784 [INFO] Done runs
