ptd-server 2023-02-21 11:58:50,346 [INFO] Got command from the client 'time'
ptd-server 2023-02-21 11:58:50,346 [INFO] Sending reply to client '1676980730.3465307'
ptd-server 2023-02-21 11:58:50,347 [INFO] Got command from the client 'new,,aff7c64b-bc14-43c2-9d92-6d2e480a60b1'
ptd-server 2023-02-21 11:58:50,348 [INFO] Sending reply to client 'OK 2023-02-21_11-58-50,1f71f43a-ebc0-4366-a89a-4180efe0cff0'
ptd-server 2023-02-21 11:58:50,376 [INFO] Got command from the client 'time'
ptd-server 2023-02-21 11:58:50,376 [INFO] Sending reply to client '1676980730.3765516'
ptd-server 2023-02-21 11:58:50,377 [INFO] Got command from the client 'session,2023-02-21_11-58-50,start,ranging'
ptd-server 2023-02-21 11:58:50,378 [INFO] Running PTDaemon: ['/home/anton/projects/mlperf/power/inference_v1.0/ptd-linux-x86', '-l', '/tmp/tmp4yl1neqp/ptd_logfile.txt', '-p', '8888', '49', '/dev/usbtmc0']
ptd-server 2023-02-21 11:59:07,452 [INFO] Sending to ptd: 'Hello'
ptd-server 2023-02-21 11:59:07,453 [INFO] Reply from ptd: 'Hello, PTDaemon here!'
ptd-server 2023-02-21 11:59:07,453 [INFO] Sending to ptd: 'Identify'
ptd-server 2023-02-21 11:59:07,453 [INFO] Reply from ptd: 'YokogawaWT310E,1000,1,1,1,1,0,1,1,version=1.10.0-ed9a21d2-20220817,OS=Linux 5.15.0-60-generic #66~20.04.1-Ubuntu SMP Wed Jan 25 09:41:30 UTC 2023 x86_64,mode=power,1,1,1,0,0,no_cal_date,YOKOGAWA;WT310E;C3XA04010E;F1.04'
ptd-server 2023-02-21 11:59:07,453 [INFO] Connected to PTDaemon
ptd-server 2023-02-21 11:59:07,453 [INFO] Sending to ptd: 'RR'
ptd-server 2023-02-21 11:59:07,454 [INFO] Reply from ptd: 'Ranges,1,0.100000,1,300.000000'
ptd-server 2023-02-21 11:59:07,454 [INFO] Initial range for Amps is Auto for Volts is Auto
ptd-server 2023-02-21 11:59:07,454 [INFO] Sending to ptd: 'SR,V,Auto'
ptd-server 2023-02-21 11:59:07,956 [INFO] Reply from ptd: 'Range V changed'
ptd-server 2023-02-21 11:59:07,957 [INFO] Sending to ptd: 'SR,A,Auto'
ptd-server 2023-02-21 11:59:08,459 [INFO] Reply from ptd: 'Range A changed'
ptd-server 2023-02-21 11:59:18,468 [INFO] Starting ranging mode
ptd-server 2023-02-21 11:59:18,468 [INFO] Sending to ptd: 'Go,1000,0,2023-02-21_11-58-50_ranging'
ptd-server 2023-02-21 11:59:18,468 [INFO] Reply from ptd: 'Starting untimed measurement, maximum 500000 samples at 1000ms with 0 rampup samples'
ptd-server 2023-02-21 11:59:18,469 [INFO] Sending reply to client 'OK'
ptd-server 2023-02-21 12:09:46,788 [INFO] Got command from the client 'session,2023-02-21_11-58-50,stop,ranging'
ptd-server 2023-02-21 12:09:56,798 [INFO] Sending to ptd: 'Stop'
ptd-server 2023-02-21 12:09:56,799 [INFO] Reply from ptd: 'Stopping untimed measurement'
ptd-server 2023-02-21 12:09:57,105 [INFO] Sending reply to client 'OK'
ptd-server 2023-02-21 12:09:57,182 [INFO] Got command from the client 'time'
ptd-server 2023-02-21 12:09:57,182 [INFO] Sending reply to client '1676981397.1823828'
ptd-server 2023-02-21 12:09:57,183 [INFO] Got command from the client 'session,2023-02-21_11-58-50,start,testing'
ptd-server 2023-02-21 12:09:57,183 [INFO] Sending to ptd: 'SR,V,252.540000'
ptd-server 2023-02-21 12:09:58,970 [INFO] Reply from ptd: 'Range V changed'
ptd-server 2023-02-21 12:09:58,970 [INFO] Sending to ptd: 'SR,A,0.056110'
ptd-server 2023-02-21 12:10:00,472 [INFO] Reply from ptd: 'Range A changed'
ptd-server 2023-02-21 12:10:10,480 [INFO] Starting testing mode
ptd-server 2023-02-21 12:10:10,480 [INFO] Sending to ptd: 'Go,1000,0,2023-02-21_11-58-50_testing'
ptd-server 2023-02-21 12:10:10,480 [INFO] Reply from ptd: 'Starting untimed measurement, maximum 500000 samples at 1000ms with 0 rampup samples'
ptd-server 2023-02-21 12:10:10,481 [INFO] Sending reply to client 'OK'
ptd-server 2023-02-21 12:20:37,588 [INFO] Got command from the client 'session,2023-02-21_11-58-50,stop,testing'
ptd-server 2023-02-21 12:20:47,596 [INFO] Sending to ptd: 'Stop'
ptd-server 2023-02-21 12:20:47,596 [INFO] Reply from ptd: 'Stopping untimed measurement'
ptd-server 2023-02-21 12:20:47,779 [INFO] Sending reply to client 'OK'
ptd-server 2023-02-21 12:20:47,787 [INFO] Got command from the client 'session,2023-02-21_11-58-50,done'
ptd-server 2023-02-21 12:20:47,787 [INFO] Sending to ptd: 'Stop'
ptd-server 2023-02-21 12:20:48,481 [INFO] Reply from ptd: 'Error: no measurement to stop'
ptd-server 2023-02-21 12:20:48,481 [INFO] Sending to ptd: 'SR,V,Auto'
ptd-server 2023-02-21 12:20:48,983 [INFO] Reply from ptd: 'Range V changed'
ptd-server 2023-02-21 12:20:48,984 [INFO] Sending to ptd: 'SR,A,Auto'
ptd-server 2023-02-21 12:20:49,486 [INFO] Reply from ptd: 'Range A changed'
ptd-server 2023-02-21 12:20:49,486 [INFO] Set initial values for Amps Auto and Volts Auto
ptd-server 2023-02-21 12:20:49,486 [INFO] Stopping ptd...
