ptd-server 2023-02-20 23:15:39,014 [INFO] Got command from the client 'time'
ptd-server 2023-02-20 23:15:39,015 [INFO] Sending reply to client '1676934939.0151162'
ptd-server 2023-02-20 23:15:39,016 [INFO] Got command from the client 'new,,cb775323-f727-48fe-ab5f-051ba2580bf6'
ptd-server 2023-02-20 23:15:39,016 [INFO] Sending reply to client 'OK 2023-02-20_23-15-39,c7e508ee-ebef-42b6-afb1-ed43bd474242'
ptd-server 2023-02-20 23:15:39,053 [INFO] Got command from the client 'time'
ptd-server 2023-02-20 23:15:39,053 [INFO] Sending reply to client '1676934939.053741'
ptd-server 2023-02-20 23:15:39,054 [INFO] Got command from the client 'session,2023-02-20_23-15-39,start,ranging'
ptd-server 2023-02-20 23:15:39,055 [INFO] Running PTDaemon: ['/home/anton/projects/mlperf/power/inference_v1.0/ptd-linux-x86', '-l', '/tmp/tmp4yl1neqp/ptd_logfile.txt', '-p', '8888', '49', '/dev/usbtmc0']
ptd-server 2023-02-20 23:15:56,129 [INFO] Sending to ptd: 'Hello'
ptd-server 2023-02-20 23:15:56,130 [INFO] Reply from ptd: 'Hello, PTDaemon here!'
ptd-server 2023-02-20 23:15:56,130 [INFO] Sending to ptd: 'Identify'
ptd-server 2023-02-20 23:15:56,130 [INFO] Reply from ptd: 'YokogawaWT310E,1000,1,1,1,1,0,1,1,version=1.10.0-ed9a21d2-20220817,OS=Linux 5.15.0-60-generic #66~20.04.1-Ubuntu SMP Wed Jan 25 09:41:30 UTC 2023 x86_64,mode=power,1,1,1,0,0,no_cal_date,YOKOGAWA;WT310E;C3XA04010E;F1.04'
ptd-server 2023-02-20 23:15:56,130 [INFO] Connected to PTDaemon
ptd-server 2023-02-20 23:15:56,130 [INFO] Sending to ptd: 'RR'
ptd-server 2023-02-20 23:15:56,131 [INFO] Reply from ptd: 'Ranges,1,0.100000,1,300.000000'
ptd-server 2023-02-20 23:15:56,131 [INFO] Initial range for Amps is Auto for Volts is Auto
ptd-server 2023-02-20 23:15:56,131 [INFO] Sending to ptd: 'SR,V,Auto'
ptd-server 2023-02-20 23:15:56,633 [INFO] Reply from ptd: 'Range V changed'
ptd-server 2023-02-20 23:15:56,634 [INFO] Sending to ptd: 'SR,A,Auto'
ptd-server 2023-02-20 23:15:57,136 [INFO] Reply from ptd: 'Range A changed'
ptd-server 2023-02-20 23:16:07,146 [INFO] Starting ranging mode
ptd-server 2023-02-20 23:16:07,147 [INFO] Sending to ptd: 'Go,1000,0,2023-02-20_23-15-39_ranging'
ptd-server 2023-02-20 23:16:07,147 [INFO] Reply from ptd: 'Starting untimed measurement, maximum 500000 samples at 1000ms with 0 rampup samples'
ptd-server 2023-02-20 23:16:07,147 [INFO] Sending reply to client 'OK'
ptd-server 2023-02-20 23:26:34,169 [INFO] Got command from the client 'session,2023-02-20_23-15-39,stop,ranging'
ptd-server 2023-02-20 23:26:44,179 [INFO] Sending to ptd: 'Stop'
ptd-server 2023-02-20 23:26:44,180 [INFO] Reply from ptd: 'Stopping untimed measurement'
ptd-server 2023-02-20 23:26:44,418 [INFO] Sending reply to client 'OK'
ptd-server 2023-02-20 23:26:44,552 [INFO] Got command from the client 'time'
ptd-server 2023-02-20 23:26:44,552 [INFO] Sending reply to client '1676935604.5522022'
ptd-server 2023-02-20 23:26:44,553 [INFO] Got command from the client 'session,2023-02-20_23-15-39,start,testing'
ptd-server 2023-02-20 23:26:44,553 [INFO] Sending to ptd: 'SR,V,251.430000'
ptd-server 2023-02-20 23:26:46,648 [INFO] Reply from ptd: 'Range V changed'
ptd-server 2023-02-20 23:26:46,648 [INFO] Sending to ptd: 'SR,A,0.074500'
ptd-server 2023-02-20 23:26:48,150 [INFO] Reply from ptd: 'Range A changed'
ptd-server 2023-02-20 23:26:58,160 [INFO] Starting testing mode
ptd-server 2023-02-20 23:26:58,160 [INFO] Sending to ptd: 'Go,1000,0,2023-02-20_23-15-39_testing'
ptd-server 2023-02-20 23:26:58,160 [INFO] Reply from ptd: 'Starting untimed measurement, maximum 500000 samples at 1000ms with 0 rampup samples'
ptd-server 2023-02-20 23:26:58,161 [INFO] Sending reply to client 'OK'
ptd-server 2023-02-20 23:37:25,251 [INFO] Got command from the client 'session,2023-02-20_23-15-39,stop,testing'
ptd-server 2023-02-20 23:37:35,261 [INFO] Sending to ptd: 'Stop'
ptd-server 2023-02-20 23:37:35,261 [INFO] Reply from ptd: 'Stopping untimed measurement'
ptd-server 2023-02-20 23:37:35,392 [INFO] Sending reply to client 'OK'
ptd-server 2023-02-20 23:37:35,399 [INFO] Got command from the client 'session,2023-02-20_23-15-39,done'
ptd-server 2023-02-20 23:37:35,400 [INFO] Sending to ptd: 'Stop'
ptd-server 2023-02-20 23:37:36,160 [INFO] Reply from ptd: 'Error: no measurement to stop'
ptd-server 2023-02-20 23:37:36,160 [INFO] Sending to ptd: 'SR,V,Auto'
ptd-server 2023-02-20 23:37:36,663 [INFO] Reply from ptd: 'Range V changed'
ptd-server 2023-02-20 23:37:36,663 [INFO] Sending to ptd: 'SR,A,Auto'
ptd-server 2023-02-20 23:37:37,166 [INFO] Reply from ptd: 'Range A changed'
ptd-server 2023-02-20 23:37:37,166 [INFO] Set initial values for Amps Auto and Volts Auto
ptd-server 2023-02-20 23:37:37,166 [INFO] Stopping ptd...
