client 2023-02-28 09:05:45,446 [INFO] Creating output directory '/home/arjun/mobilenet_results/valid_results/arjun_orin-tflite_cpp-cpu-tflite-vmaster-default_config/mobilenet-v1-precision_float-0.75-160/singlestream/performance/tmp_power'
client 2023-02-28 09:05:45,725 [INFO] Sending command to the server: 'mlcommons/power client v3'
client 2023-02-28 09:05:45,729 [INFO] Got response: 'mlcommons/power server v3'
client 2023-02-28 09:05:45,729 [INFO] Synchronizing with the server and with time.google.com...
client 2023-02-28 09:05:45,777 [INFO] NTP:offset = -0.000 s, delay = 0.016 s 
client 2023-02-28 09:05:45,777 [INFO] Sending command to the server: 'time'
client 2023-02-28 09:05:45,781 [INFO] Got response: '1677575145.7803376'
client 2023-02-28 09:05:45,781 [INFO] The time difference between the client and the server is within range -2.962 ms..0.883 ms
client 2023-02-28 09:05:45,781 [INFO] Sending command to the server: 'new,,fc2bf922-03a7-415f-9896-9458d106092e'
client 2023-02-28 09:05:45,785 [INFO] Got response: 'OK 2023-02-28_09-05-45,6909ddff-9b9d-4b3a-9fc2-211e6a6bcfb0'
client 2023-02-28 09:05:45,785 [INFO] Session id is '2023-02-28_09-05-45'
client 2023-02-28 09:05:45,785 [INFO] Sources: {"sources": {"__init__.py": "da39a3ee5e6b4b0d3255bfef95601890afd80709", "client.py": "33ca4f26368777ac06e01f9567b714a4b8063886", "lib/__init__.py": "da39a3ee5e6b4b0d3255bfef95601890afd80709", "lib/client.py": "4c2b78fb4849a7e5b584ef792d82aaed20b17f57", "lib/common.py": "624d0c0acc7c39aaff3674f0b99d6a09da53d1dc", "lib/external/__init__.py": "da39a3ee5e6b4b0d3255bfef95601890afd80709", "lib/external/ntplib.py": "4da8f970656505a40483206ef2b5d3dd5e81711d", "lib/server.py": "cda0cdfaee9bfa1249c64a7dd4f89b7bf1b279f0", "lib/source_hashes.py": "60a2e02193209e8d392803326208d5466342da18", "lib/summary.py": "aa92f0a3f975eecd44d3c0cd0236342ccc9f941d", "lib/time_sync.py": "3210db56eb0ff0df57bf4293dc4d4b03fffd46f1", "server.py": "c3f90f2f7eeb4db30727556d0c815ebc89b3d28b", "tests/unit/__init__.py": "da39a3ee5e6b4b0d3255bfef95601890afd80709", "tests/unit/test_server.py": "99ae15aef722f2000ee6ed1ae1523637bf1ae42b", "tests/unit/test_source_hashes.py": "00468a2907583c593e6574a1f6b404e4651c221a"}, "modules": {"ptd_client_server.lib.client": "lib/client.py", "ptd_client_server.lib.common": "lib/common.py", "ptd_client_server.lib.external.ntplib": "lib/external/ntplib.py", "ptd_client_server.lib.source_hashes": "lib/source_hashes.py", "ptd_client_server.lib.summary": "lib/summary.py", "ptd_client_server.lib.time_sync": "lib/time_sync.py"}}
client 2023-02-28 09:05:45,786 [INFO] Running workload in ranging mode
client 2023-02-28 09:05:45,786 [INFO] Synchronizing with the server and with time.google.com...
client 2023-02-28 09:05:45,805 [INFO] NTP:offset = 0.000 s, delay = 0.016 s 
client 2023-02-28 09:05:45,805 [INFO] Sending command to the server: 'time'
client 2023-02-28 09:05:45,810 [INFO] Got response: '1677575145.8091924'
client 2023-02-28 09:05:45,810 [INFO] The time difference between the client and the server is within range -3.395 ms..0.972 ms
client 2023-02-28 09:05:45,810 [INFO] Sending command to the server: 'session,2023-02-28_09-05-45,start,ranging'
client 2023-02-28 09:06:13,940 [INFO] Got response: 'OK'
client 2023-02-28 09:06:13,941 [INFO] Running the workload '/home/arjun/run.out'
client 2023-02-28 09:23:48,048 [INFO] Sending command to the server: 'session,2023-02-28_09-05-45,stop,ranging'
client 2023-02-28 09:23:58,580 [INFO] Got response: 'OK'
client 2023-02-28 09:23:58,596 [INFO] Copying loadgen logs from '/home/arjun/mobilenet_results/valid_results/arjun_orin-tflite_cpp-cpu-tflite-vmaster-default_config/mobilenet-v1-precision_float-0.75-160/singlestream/performance/run_1' to '/home/arjun/mobilenet_results/valid_results/arjun_orin-tflite_cpp-cpu-tflite-vmaster-default_config/mobilenet-v1-precision_float-0.75-160/singlestream/performance/tmp_power/ranging'
client 2023-02-28 09:23:58,597 [INFO] Running workload in testing mode
client 2023-02-28 09:23:58,597 [INFO] Synchronizing with the server and with time.google.com...
client 2023-02-28 09:23:58,616 [INFO] NTP:offset = 0.001 s, delay = 0.016 s 
client 2023-02-28 09:23:58,616 [INFO] Sending command to the server: 'time'
client 2023-02-28 09:23:58,619 [INFO] Got response: '1677576238.6191049'
client 2023-02-28 09:23:58,619 [INFO] The time difference between the client and the server is within range -2.507 ms..0.765 ms
client 2023-02-28 09:23:58,620 [INFO] Sending command to the server: 'session,2023-02-28_09-05-45,start,testing'
client 2023-02-28 09:24:11,959 [INFO] Got response: 'OK'
client 2023-02-28 09:24:11,960 [INFO] Running the workload '/home/arjun/run.out'
client 2023-02-28 09:41:41,657 [INFO] Sending command to the server: 'session,2023-02-28_09-05-45,stop,testing'
client 2023-02-28 09:41:51,883 [INFO] Got response: 'OK'
client 2023-02-28 09:41:51,888 [INFO] Copying loadgen logs from '/home/arjun/mobilenet_results/valid_results/arjun_orin-tflite_cpp-cpu-tflite-vmaster-default_config/mobilenet-v1-precision_float-0.75-160/singlestream/performance/run_1' to '/home/arjun/mobilenet_results/valid_results/arjun_orin-tflite_cpp-cpu-tflite-vmaster-default_config/mobilenet-v1-precision_float-0.75-160/singlestream/performance/tmp_power/run_1'
client 2023-02-28 09:41:51,891 [INFO] Done runs
