ptd-server 2023-02-20 07:13:44,056 [INFO] Got command from the client 'time'
ptd-server 2023-02-20 07:13:44,056 [INFO] Sending reply to client '1676877224.0569644'
ptd-server 2023-02-20 07:13:44,058 [INFO] Got command from the client 'new,,2401cc71-5357-4309-a2d4-5ee0b8189c02'
ptd-server 2023-02-20 07:13:44,058 [INFO] Sending reply to client 'OK 2023-02-20_07-13-44,ece2b7eb-b595-4643-90e2-ceb918f96c99'
ptd-server 2023-02-20 07:13:44,082 [INFO] Got command from the client 'time'
ptd-server 2023-02-20 07:13:44,082 [INFO] Sending reply to client '1676877224.082477'
ptd-server 2023-02-20 07:13:44,083 [INFO] Got command from the client 'session,2023-02-20_07-13-44,start,ranging'
ptd-server 2023-02-20 07:13:44,083 [INFO] Running PTDaemon: ['/home/anton/projects/mlperf/power/inference_v1.0/ptd-linux-x86', '-l', '/tmp/tmp4yl1neqp/ptd_logfile.txt', '-p', '8888', '49', '/dev/usbtmc0']
ptd-server 2023-02-20 07:14:01,158 [INFO] Sending to ptd: 'Hello'
ptd-server 2023-02-20 07:14:01,158 [INFO] Reply from ptd: 'Hello, PTDaemon here!'
ptd-server 2023-02-20 07:14:01,158 [INFO] Sending to ptd: 'Identify'
ptd-server 2023-02-20 07:14:01,159 [INFO] Reply from ptd: 'YokogawaWT310E,1000,1,1,1,1,0,1,1,version=1.10.0-ed9a21d2-20220817,OS=Linux 5.15.0-60-generic #66~20.04.1-Ubuntu SMP Wed Jan 25 09:41:30 UTC 2023 x86_64,mode=power,1,1,1,0,0,no_cal_date,YOKOGAWA;WT310E;C3XA04010E;F1.04'
ptd-server 2023-02-20 07:14:01,159 [INFO] Connected to PTDaemon
ptd-server 2023-02-20 07:14:01,159 [INFO] Sending to ptd: 'RR'
ptd-server 2023-02-20 07:14:01,159 [INFO] Reply from ptd: 'Ranges,0,0.500000,1,300.000000'
ptd-server 2023-02-20 07:14:01,159 [INFO] Initial range for Amps is 0.500000 for Volts is Auto
ptd-server 2023-02-20 07:14:01,160 [INFO] Sending to ptd: 'SR,V,Auto'
ptd-server 2023-02-20 07:14:01,662 [INFO] Reply from ptd: 'Range V changed'
ptd-server 2023-02-20 07:14:01,662 [INFO] Sending to ptd: 'SR,A,Auto'
ptd-server 2023-02-20 07:14:02,165 [INFO] Reply from ptd: 'Range A changed'
ptd-server 2023-02-20 07:14:12,175 [INFO] Starting ranging mode
ptd-server 2023-02-20 07:14:12,175 [INFO] Sending to ptd: 'Go,1000,0,2023-02-20_07-13-44_ranging'
ptd-server 2023-02-20 07:14:12,176 [INFO] Reply from ptd: 'Starting untimed measurement, maximum 500000 samples at 1000ms with 0 rampup samples'
ptd-server 2023-02-20 07:14:12,176 [INFO] Sending reply to client 'OK'
ptd-server 2023-02-20 07:24:39,874 [INFO] Got command from the client 'session,2023-02-20_07-13-44,stop,ranging'
ptd-server 2023-02-20 07:24:49,885 [INFO] Sending to ptd: 'Stop'
ptd-server 2023-02-20 07:24:49,885 [INFO] Reply from ptd: 'Stopping untimed measurement'
ptd-server 2023-02-20 07:24:50,063 [INFO] Sending reply to client 'OK'
ptd-server 2023-02-20 07:24:50,134 [INFO] Got command from the client 'time'
ptd-server 2023-02-20 07:24:50,134 [INFO] Sending reply to client '1676877890.1347027'
ptd-server 2023-02-20 07:24:50,135 [INFO] Got command from the client 'session,2023-02-20_07-13-44,start,testing'
ptd-server 2023-02-20 07:24:50,135 [INFO] Sending to ptd: 'SR,V,252.160000'
ptd-server 2023-02-20 07:24:51,678 [INFO] Reply from ptd: 'Range V changed'
ptd-server 2023-02-20 07:24:51,678 [INFO] Sending to ptd: 'SR,A,0.071330'
ptd-server 2023-02-20 07:24:53,179 [INFO] Reply from ptd: 'Range A changed'
ptd-server 2023-02-20 07:25:03,189 [INFO] Starting testing mode
ptd-server 2023-02-20 07:25:03,190 [INFO] Sending to ptd: 'Go,1000,0,2023-02-20_07-13-44_testing'
ptd-server 2023-02-20 07:25:03,190 [INFO] Reply from ptd: 'Starting untimed measurement, maximum 500000 samples at 1000ms with 0 rampup samples'
ptd-server 2023-02-20 07:25:03,190 [INFO] Sending reply to client 'OK'
ptd-server 2023-02-20 07:35:30,967 [INFO] Got command from the client 'session,2023-02-20_07-13-44,stop,testing'
ptd-server 2023-02-20 07:35:40,977 [INFO] Sending to ptd: 'Stop'
ptd-server 2023-02-20 07:35:40,978 [INFO] Reply from ptd: 'Stopping untimed measurement'
ptd-server 2023-02-20 07:35:41,067 [INFO] Sending reply to client 'OK'
ptd-server 2023-02-20 07:35:41,075 [INFO] Got command from the client 'session,2023-02-20_07-13-44,done'
ptd-server 2023-02-20 07:35:41,076 [INFO] Sending to ptd: 'Stop'
ptd-server 2023-02-20 07:35:41,190 [INFO] Reply from ptd: 'Error: no measurement to stop'
ptd-server 2023-02-20 07:35:41,190 [INFO] Sending to ptd: 'SR,V,Auto'
ptd-server 2023-02-20 07:35:41,693 [INFO] Reply from ptd: 'Range V changed'
ptd-server 2023-02-20 07:35:41,693 [INFO] Sending to ptd: 'SR,A,0.500000'
ptd-server 2023-02-20 07:35:43,195 [INFO] Reply from ptd: 'Range A changed'
ptd-server 2023-02-20 07:35:43,195 [INFO] Set initial values for Amps 0.500000 and Volts Auto
ptd-server 2023-02-20 07:35:43,195 [INFO] Stopping ptd...
