ptd-server 2023-02-24 12:28:18,149 [INFO] Got command from the client 'time'
ptd-server 2023-02-24 12:28:18,150 [INFO] Sending reply to client '1677241698.1500294'
ptd-server 2023-02-24 12:28:18,151 [INFO] Got command from the client 'new,,026c950c-7ffc-4516-aa1e-1ec99bd98e0c'
ptd-server 2023-02-24 12:28:18,151 [INFO] Sending reply to client 'OK 2023-02-24_12-28-18,da66b615-738b-4a91-a6af-1430184a7754'
ptd-server 2023-02-24 12:28:18,266 [INFO] Got command from the client 'time'
ptd-server 2023-02-24 12:28:18,266 [INFO] Sending reply to client '1677241698.266459'
ptd-server 2023-02-24 12:28:18,267 [INFO] Got command from the client 'session,2023-02-24_12-28-18,start,ranging'
ptd-server 2023-02-24 12:28:18,267 [INFO] Running PTDaemon: ['/home/anton/projects/mlperf/power/inference_v1.0/ptd-linux-x86', '-l', '/tmp/tmp4yl1neqp/ptd_logfile.txt', '-p', '8888', '49', '/dev/usbtmc0']
ptd-server 2023-02-24 12:28:35,341 [INFO] Sending to ptd: 'Hello'
ptd-server 2023-02-24 12:28:35,342 [INFO] Reply from ptd: 'Hello, PTDaemon here!'
ptd-server 2023-02-24 12:28:35,342 [INFO] Sending to ptd: 'Identify'
ptd-server 2023-02-24 12:28:35,343 [INFO] Reply from ptd: 'YokogawaWT310E,1000,1,1,1,1,0,1,1,version=1.10.0-ed9a21d2-20220817,OS=Linux 5.15.0-60-generic #66~20.04.1-Ubuntu SMP Wed Jan 25 09:41:30 UTC 2023 x86_64,mode=power,1,1,1,0,0,no_cal_date,YOKOGAWA;WT310E;C3XA04010E;F1.04'
ptd-server 2023-02-24 12:28:35,343 [INFO] Connected to PTDaemon
ptd-server 2023-02-24 12:28:35,343 [INFO] Sending to ptd: 'RR'
ptd-server 2023-02-24 12:28:35,343 [INFO] Reply from ptd: 'Ranges,1,0.100000,1,300.000000'
ptd-server 2023-02-24 12:28:35,343 [INFO] Initial range for Amps is Auto for Volts is Auto
ptd-server 2023-02-24 12:28:35,343 [INFO] Sending to ptd: 'SR,V,Auto'
ptd-server 2023-02-24 12:28:35,846 [INFO] Reply from ptd: 'Range V changed'
ptd-server 2023-02-24 12:28:35,846 [INFO] Sending to ptd: 'SR,A,Auto'
ptd-server 2023-02-24 12:28:36,349 [INFO] Reply from ptd: 'Range A changed'
ptd-server 2023-02-24 12:28:46,359 [INFO] Starting ranging mode
ptd-server 2023-02-24 12:28:46,359 [INFO] Sending to ptd: 'Go,1000,0,2023-02-24_12-28-18_ranging'
ptd-server 2023-02-24 12:28:46,360 [INFO] Reply from ptd: 'Starting untimed measurement, maximum 500000 samples at 1000ms with 0 rampup samples'
ptd-server 2023-02-24 12:28:46,360 [INFO] Sending reply to client 'OK'
ptd-server 2023-02-24 12:39:02,910 [INFO] Got command from the client 'session,2023-02-24_12-28-18,stop,ranging'
ptd-server 2023-02-24 12:39:12,920 [INFO] Sending to ptd: 'Stop'
ptd-server 2023-02-24 12:39:12,921 [INFO] Reply from ptd: 'Stopping untimed measurement'
ptd-server 2023-02-24 12:39:13,582 [INFO] Sending reply to client 'OK'
ptd-server 2023-02-24 12:39:13,717 [INFO] Got command from the client 'time'
ptd-server 2023-02-24 12:39:13,717 [INFO] Sending reply to client '1677242353.7177095'
ptd-server 2023-02-24 12:39:13,718 [INFO] Got command from the client 'session,2023-02-24_12-28-18,start,testing'
ptd-server 2023-02-24 12:39:13,718 [INFO] Sending to ptd: 'SR,V,254.170000'
ptd-server 2023-02-24 12:39:15,220 [INFO] Reply from ptd: 'Range V changed'
ptd-server 2023-02-24 12:39:15,220 [INFO] Sending to ptd: 'SR,A,0.056920'
ptd-server 2023-02-24 12:39:16,721 [INFO] Reply from ptd: 'Range A changed'
ptd-server 2023-02-24 12:39:26,732 [INFO] Starting testing mode
ptd-server 2023-02-24 12:39:26,732 [INFO] Sending to ptd: 'Go,1000,0,2023-02-24_12-28-18_testing'
ptd-server 2023-02-24 12:39:26,732 [INFO] Reply from ptd: 'Starting untimed measurement, maximum 500000 samples at 1000ms with 0 rampup samples'
ptd-server 2023-02-24 12:39:26,733 [INFO] Sending reply to client 'OK'
ptd-server 2023-02-24 12:49:43,171 [INFO] Got command from the client 'session,2023-02-24_12-28-18,stop,testing'
ptd-server 2023-02-24 12:49:53,182 [INFO] Sending to ptd: 'Stop'
ptd-server 2023-02-24 12:49:53,182 [INFO] Reply from ptd: 'Stopping untimed measurement'
ptd-server 2023-02-24 12:49:53,517 [INFO] Sending reply to client 'OK'
ptd-server 2023-02-24 12:49:53,525 [INFO] Got command from the client 'session,2023-02-24_12-28-18,done'
ptd-server 2023-02-24 12:49:53,525 [INFO] Sending to ptd: 'Stop'
ptd-server 2023-02-24 12:49:53,732 [INFO] Reply from ptd: 'Error: no measurement to stop'
ptd-server 2023-02-24 12:49:53,732 [INFO] Sending to ptd: 'SR,V,Auto'
ptd-server 2023-02-24 12:49:54,235 [INFO] Reply from ptd: 'Range V changed'
ptd-server 2023-02-24 12:49:54,235 [INFO] Sending to ptd: 'SR,A,Auto'
ptd-server 2023-02-24 12:49:54,737 [INFO] Reply from ptd: 'Range A changed'
ptd-server 2023-02-24 12:49:54,737 [INFO] Set initial values for Amps Auto and Volts Auto
ptd-server 2023-02-24 12:49:54,738 [INFO] Stopping ptd...
