ptd-server 2023-02-27 04:53:22,349 [INFO] Got command from the client 'time'
ptd-server 2023-02-27 04:53:22,350 [INFO] Sending reply to client '1677473602.3500314'
ptd-server 2023-02-27 04:53:22,351 [INFO] Got command from the client 'new,,56237047-4326-46b5-acaf-ed25391de781'
ptd-server 2023-02-27 04:53:22,352 [INFO] Sending reply to client 'OK 2023-02-27_04-53-22,fe9a43aa-4f31-407e-89e9-52070a44fe0b'
ptd-server 2023-02-27 04:53:22,376 [INFO] Got command from the client 'time'
ptd-server 2023-02-27 04:53:22,376 [INFO] Sending reply to client '1677473602.376335'
ptd-server 2023-02-27 04:53:22,380 [INFO] Got command from the client 'session,2023-02-27_04-53-22,start,ranging'
ptd-server 2023-02-27 04:53:22,380 [INFO] Running PTDaemon: ['/home/anton/projects/mlperf/power/inference_v1.0/ptd-linux-x86', '-l', '/tmp/tmpu4v721n6/ptd_logfile.txt', '-p', '8888', '49', '/dev/usbtmc0']
ptd-server 2023-02-27 04:53:39,468 [INFO] Sending to ptd: 'Hello'
ptd-server 2023-02-27 04:53:39,469 [INFO] Reply from ptd: 'Hello, PTDaemon here!'
ptd-server 2023-02-27 04:53:39,469 [INFO] Sending to ptd: 'Identify'
ptd-server 2023-02-27 04:53:39,469 [INFO] Reply from ptd: 'YokogawaWT310E,1000,1,1,1,1,0,1,1,version=1.10.0-ed9a21d2-20220817,OS=Linux 5.15.0-60-generic #66~20.04.1-Ubuntu SMP Wed Jan 25 09:41:30 UTC 2023 x86_64,mode=power,1,1,1,0,0,no_cal_date,YOKOGAWA;WT310E;C3XA04010E;F1.04'
ptd-server 2023-02-27 04:53:39,470 [INFO] Connected to PTDaemon
ptd-server 2023-02-27 04:53:39,470 [INFO] Sending to ptd: 'RR'
ptd-server 2023-02-27 04:53:39,470 [INFO] Reply from ptd: 'Ranges,0,0.100000,0,300.000000'
ptd-server 2023-02-27 04:53:39,470 [INFO] Initial range for Amps is 0.100000 for Volts is 300.000000
ptd-server 2023-02-27 04:53:39,470 [INFO] Sending to ptd: 'SR,V,Auto'
ptd-server 2023-02-27 04:53:39,973 [INFO] Reply from ptd: 'Range V changed'
ptd-server 2023-02-27 04:53:39,973 [INFO] Sending to ptd: 'SR,A,Auto'
ptd-server 2023-02-27 04:53:40,475 [INFO] Reply from ptd: 'Range A changed'
ptd-server 2023-02-27 04:53:50,484 [INFO] Starting ranging mode
ptd-server 2023-02-27 04:53:50,484 [INFO] Sending to ptd: 'Go,1000,0,2023-02-27_04-53-22_ranging'
ptd-server 2023-02-27 04:53:50,484 [INFO] Reply from ptd: 'Starting untimed measurement, maximum 500000 samples at 1000ms with 0 rampup samples'
ptd-server 2023-02-27 04:53:50,485 [INFO] Sending reply to client 'OK'
ptd-server 2023-02-27 05:04:12,616 [INFO] Got command from the client 'session,2023-02-27_04-53-22,stop,ranging'
ptd-server 2023-02-27 05:04:22,627 [INFO] Sending to ptd: 'Stop'
ptd-server 2023-02-27 05:04:22,627 [INFO] Reply from ptd: 'Stopping untimed measurement'
ptd-server 2023-02-27 05:04:22,914 [INFO] Sending reply to client 'OK'
ptd-server 2023-02-27 05:04:23,039 [INFO] Got command from the client 'time'
ptd-server 2023-02-27 05:04:23,039 [INFO] Sending reply to client '1677474263.0392573'
ptd-server 2023-02-27 05:04:23,042 [INFO] Got command from the client 'session,2023-02-27_04-53-22,start,testing'
ptd-server 2023-02-27 05:04:23,042 [INFO] Sending to ptd: 'SR,V,251.370000'
ptd-server 2023-02-27 05:04:24,986 [INFO] Reply from ptd: 'Range V changed'
ptd-server 2023-02-27 05:04:24,986 [INFO] Sending to ptd: 'SR,A,0.057040'
ptd-server 2023-02-27 05:04:26,487 [INFO] Reply from ptd: 'Range A changed'
ptd-server 2023-02-27 05:04:36,498 [INFO] Starting testing mode
ptd-server 2023-02-27 05:04:36,498 [INFO] Sending to ptd: 'Go,1000,0,2023-02-27_04-53-22_testing'
ptd-server 2023-02-27 05:04:36,498 [INFO] Reply from ptd: 'Starting untimed measurement, maximum 500000 samples at 1000ms with 0 rampup samples'
ptd-server 2023-02-27 05:04:36,498 [INFO] Sending reply to client 'OK'
ptd-server 2023-02-27 05:14:58,814 [INFO] Got command from the client 'session,2023-02-27_04-53-22,stop,testing'
ptd-server 2023-02-27 05:15:08,824 [INFO] Sending to ptd: 'Stop'
ptd-server 2023-02-27 05:15:08,824 [INFO] Reply from ptd: 'Stopping untimed measurement'
ptd-server 2023-02-27 05:15:08,983 [INFO] Sending reply to client 'OK'
ptd-server 2023-02-27 05:15:09,003 [INFO] Got command from the client 'session,2023-02-27_04-53-22,done'
ptd-server 2023-02-27 05:15:09,003 [INFO] Sending to ptd: 'Stop'
ptd-server 2023-02-27 05:15:09,498 [INFO] Reply from ptd: 'Error: no measurement to stop'
ptd-server 2023-02-27 05:15:09,499 [INFO] Sending to ptd: 'SR,V,300.000000'
ptd-server 2023-02-27 05:15:11,000 [INFO] Reply from ptd: 'Range V changed'
ptd-server 2023-02-27 05:15:11,000 [INFO] Sending to ptd: 'SR,A,0.100000'
ptd-server 2023-02-27 05:15:12,501 [INFO] Reply from ptd: 'Range A changed'
ptd-server 2023-02-27 05:15:12,501 [INFO] Set initial values for Amps 0.100000 and Volts 300.000000
ptd-server 2023-02-27 05:15:12,501 [INFO] Stopping ptd...
