ptd-server 2023-02-23 05:45:19,717 [INFO] Got command from the client 'time'
ptd-server 2023-02-23 05:45:19,717 [INFO] Sending reply to client '1677131119.717752'
ptd-server 2023-02-23 05:45:19,718 [INFO] Got command from the client 'new,,2efa6a24-ff0e-496d-af93-d9c699f35c68'
ptd-server 2023-02-23 05:45:19,719 [INFO] Sending reply to client 'OK 2023-02-23_05-45-19,ac6ce379-4d5c-4b05-8379-d81e3d55d817'
ptd-server 2023-02-23 05:45:19,741 [INFO] Got command from the client 'time'
ptd-server 2023-02-23 05:45:19,741 [INFO] Sending reply to client '1677131119.7419214'
ptd-server 2023-02-23 05:45:19,742 [INFO] Got command from the client 'session,2023-02-23_05-45-19,start,ranging'
ptd-server 2023-02-23 05:45:19,743 [INFO] Running PTDaemon: ['/home/anton/projects/mlperf/power/inference_v1.0/ptd-linux-x86', '-l', '/tmp/tmp4yl1neqp/ptd_logfile.txt', '-p', '8888', '49', '/dev/usbtmc0']
ptd-server 2023-02-23 05:45:36,817 [INFO] Sending to ptd: 'Hello'
ptd-server 2023-02-23 05:45:36,818 [INFO] Reply from ptd: 'Hello, PTDaemon here!'
ptd-server 2023-02-23 05:45:36,818 [INFO] Sending to ptd: 'Identify'
ptd-server 2023-02-23 05:45:36,819 [INFO] Reply from ptd: 'YokogawaWT310E,1000,1,1,1,1,0,1,1,version=1.10.0-ed9a21d2-20220817,OS=Linux 5.15.0-60-generic #66~20.04.1-Ubuntu SMP Wed Jan 25 09:41:30 UTC 2023 x86_64,mode=power,1,1,1,0,0,no_cal_date,YOKOGAWA;WT310E;C3XA04010E;F1.04'
ptd-server 2023-02-23 05:45:36,819 [INFO] Connected to PTDaemon
ptd-server 2023-02-23 05:45:36,819 [INFO] Sending to ptd: 'RR'
ptd-server 2023-02-23 05:45:36,819 [INFO] Reply from ptd: 'Ranges,1,0.100000,1,300.000000'
ptd-server 2023-02-23 05:45:36,819 [INFO] Initial range for Amps is Auto for Volts is Auto
ptd-server 2023-02-23 05:45:36,820 [INFO] Sending to ptd: 'SR,V,Auto'
ptd-server 2023-02-23 05:45:37,322 [INFO] Reply from ptd: 'Range V changed'
ptd-server 2023-02-23 05:45:37,322 [INFO] Sending to ptd: 'SR,A,Auto'
ptd-server 2023-02-23 05:45:37,825 [INFO] Reply from ptd: 'Range A changed'
ptd-server 2023-02-23 05:45:47,835 [INFO] Starting ranging mode
ptd-server 2023-02-23 05:45:47,835 [INFO] Sending to ptd: 'Go,1000,0,2023-02-23_05-45-19_ranging'
ptd-server 2023-02-23 05:45:47,836 [INFO] Reply from ptd: 'Starting untimed measurement, maximum 500000 samples at 1000ms with 0 rampup samples'
ptd-server 2023-02-23 05:45:47,836 [INFO] Sending reply to client 'OK'
ptd-server 2023-02-23 05:56:06,378 [INFO] Got command from the client 'session,2023-02-23_05-45-19,stop,ranging'
ptd-server 2023-02-23 05:56:16,388 [INFO] Sending to ptd: 'Stop'
ptd-server 2023-02-23 05:56:16,389 [INFO] Reply from ptd: 'Stopping untimed measurement'
ptd-server 2023-02-23 05:56:16,890 [INFO] Sending reply to client 'OK'
ptd-server 2023-02-23 05:56:16,920 [INFO] Got command from the client 'time'
ptd-server 2023-02-23 05:56:16,921 [INFO] Sending reply to client '1677131776.9210553'
ptd-server 2023-02-23 05:56:16,922 [INFO] Got command from the client 'session,2023-02-23_05-45-19,start,testing'
ptd-server 2023-02-23 05:56:16,922 [INFO] Sending to ptd: 'SR,V,252.090000'
ptd-server 2023-02-23 05:56:18,423 [INFO] Reply from ptd: 'Range V changed'
ptd-server 2023-02-23 05:56:18,423 [INFO] Sending to ptd: 'SR,A,0.051310'
ptd-server 2023-02-23 05:56:19,925 [INFO] Reply from ptd: 'Range A changed'
ptd-server 2023-02-23 05:56:29,935 [INFO] Starting testing mode
ptd-server 2023-02-23 05:56:29,935 [INFO] Sending to ptd: 'Go,1000,0,2023-02-23_05-45-19_testing'
ptd-server 2023-02-23 05:56:29,936 [INFO] Reply from ptd: 'Starting untimed measurement, maximum 500000 samples at 1000ms with 0 rampup samples'
ptd-server 2023-02-23 05:56:29,936 [INFO] Sending reply to client 'OK'
ptd-server 2023-02-23 06:06:48,420 [INFO] Got command from the client 'session,2023-02-23_05-45-19,stop,testing'
ptd-server 2023-02-23 06:06:58,430 [INFO] Sending to ptd: 'Stop'
ptd-server 2023-02-23 06:06:58,431 [INFO] Reply from ptd: 'Stopping untimed measurement'
ptd-server 2023-02-23 06:06:58,691 [INFO] Sending reply to client 'OK'
ptd-server 2023-02-23 06:06:58,699 [INFO] Got command from the client 'session,2023-02-23_05-45-19,done'
ptd-server 2023-02-23 06:06:58,699 [INFO] Sending to ptd: 'Stop'
ptd-server 2023-02-23 06:06:58,937 [INFO] Reply from ptd: 'Error: no measurement to stop'
ptd-server 2023-02-23 06:06:58,937 [INFO] Sending to ptd: 'SR,V,Auto'
ptd-server 2023-02-23 06:06:59,440 [INFO] Reply from ptd: 'Range V changed'
ptd-server 2023-02-23 06:06:59,440 [INFO] Sending to ptd: 'SR,A,Auto'
ptd-server 2023-02-23 06:06:59,942 [INFO] Reply from ptd: 'Range A changed'
ptd-server 2023-02-23 06:06:59,942 [INFO] Set initial values for Amps Auto and Volts Auto
ptd-server 2023-02-23 06:06:59,943 [INFO] Stopping ptd...
