ptd-server 2023-02-22 04:47:06,051 [INFO] Got command from the client 'time'
ptd-server 2023-02-22 04:47:06,051 [INFO] Sending reply to client '1677041226.05179'
ptd-server 2023-02-22 04:47:06,052 [INFO] Got command from the client 'new,,6b89fab7-cd9b-4675-b755-cdb07f2564f1'
ptd-server 2023-02-22 04:47:06,053 [INFO] Sending reply to client 'OK 2023-02-22_04-47-06,d7b0d336-40a2-4745-87fb-ed7fa1a78280'
ptd-server 2023-02-22 04:47:06,077 [INFO] Got command from the client 'time'
ptd-server 2023-02-22 04:47:06,077 [INFO] Sending reply to client '1677041226.0771816'
ptd-server 2023-02-22 04:47:06,078 [INFO] Got command from the client 'session,2023-02-22_04-47-06,start,ranging'
ptd-server 2023-02-22 04:47:06,078 [INFO] Running PTDaemon: ['/home/anton/projects/mlperf/power/inference_v1.0/ptd-linux-x86', '-l', '/tmp/tmp4yl1neqp/ptd_logfile.txt', '-p', '8888', '49', '/dev/usbtmc0']
ptd-server 2023-02-22 04:47:23,152 [INFO] Sending to ptd: 'Hello'
ptd-server 2023-02-22 04:47:23,153 [INFO] Reply from ptd: 'Hello, PTDaemon here!'
ptd-server 2023-02-22 04:47:23,153 [INFO] Sending to ptd: 'Identify'
ptd-server 2023-02-22 04:47:23,154 [INFO] Reply from ptd: 'YokogawaWT310E,1000,1,1,1,1,0,1,1,version=1.10.0-ed9a21d2-20220817,OS=Linux 5.15.0-60-generic #66~20.04.1-Ubuntu SMP Wed Jan 25 09:41:30 UTC 2023 x86_64,mode=power,1,1,1,0,0,no_cal_date,YOKOGAWA;WT310E;C3XA04010E;F1.04'
ptd-server 2023-02-22 04:47:23,154 [INFO] Connected to PTDaemon
ptd-server 2023-02-22 04:47:23,154 [INFO] Sending to ptd: 'RR'
ptd-server 2023-02-22 04:47:23,155 [INFO] Reply from ptd: 'Ranges,1,0.100000,1,300.000000'
ptd-server 2023-02-22 04:47:23,155 [INFO] Initial range for Amps is Auto for Volts is Auto
ptd-server 2023-02-22 04:47:23,155 [INFO] Sending to ptd: 'SR,V,Auto'
ptd-server 2023-02-22 04:47:23,657 [INFO] Reply from ptd: 'Range V changed'
ptd-server 2023-02-22 04:47:23,658 [INFO] Sending to ptd: 'SR,A,Auto'
ptd-server 2023-02-22 04:47:24,160 [INFO] Reply from ptd: 'Range A changed'
ptd-server 2023-02-22 04:47:34,171 [INFO] Starting ranging mode
ptd-server 2023-02-22 04:47:34,171 [INFO] Sending to ptd: 'Go,1000,0,2023-02-22_04-47-06_ranging'
ptd-server 2023-02-22 04:47:34,171 [INFO] Reply from ptd: 'Starting untimed measurement, maximum 500000 samples at 1000ms with 0 rampup samples'
ptd-server 2023-02-22 04:47:34,171 [INFO] Sending reply to client 'OK'
ptd-server 2023-02-22 04:58:06,059 [INFO] Got command from the client 'session,2023-02-22_04-47-06,stop,ranging'
ptd-server 2023-02-22 04:58:16,069 [INFO] Sending to ptd: 'Stop'
ptd-server 2023-02-22 04:58:16,070 [INFO] Reply from ptd: 'Stopping untimed measurement'
ptd-server 2023-02-22 04:58:16,464 [INFO] Sending reply to client 'OK'
ptd-server 2023-02-22 04:58:16,540 [INFO] Got command from the client 'time'
ptd-server 2023-02-22 04:58:16,540 [INFO] Sending reply to client '1677041896.5409224'
ptd-server 2023-02-22 04:58:16,541 [INFO] Got command from the client 'session,2023-02-22_04-47-06,start,testing'
ptd-server 2023-02-22 04:58:16,541 [INFO] Sending to ptd: 'SR,V,251.740000'
ptd-server 2023-02-22 04:58:18,043 [INFO] Reply from ptd: 'Range V changed'
ptd-server 2023-02-22 04:58:18,043 [INFO] Sending to ptd: 'SR,A,0.053500'
ptd-server 2023-02-22 04:58:19,544 [INFO] Reply from ptd: 'Range A changed'
ptd-server 2023-02-22 04:58:29,555 [INFO] Starting testing mode
ptd-server 2023-02-22 04:58:29,555 [INFO] Sending to ptd: 'Go,1000,0,2023-02-22_04-47-06_testing'
ptd-server 2023-02-22 04:58:29,555 [INFO] Reply from ptd: 'Starting untimed measurement, maximum 500000 samples at 1000ms with 0 rampup samples'
ptd-server 2023-02-22 04:58:29,556 [INFO] Sending reply to client 'OK'
ptd-server 2023-02-22 05:09:01,247 [INFO] Got command from the client 'session,2023-02-22_04-47-06,stop,testing'
ptd-server 2023-02-22 05:09:11,256 [INFO] Sending to ptd: 'Stop'
ptd-server 2023-02-22 05:09:11,256 [INFO] Reply from ptd: 'Stopping untimed measurement'
ptd-server 2023-02-22 05:09:11,471 [INFO] Sending reply to client 'OK'
ptd-server 2023-02-22 05:09:11,479 [INFO] Got command from the client 'session,2023-02-22_04-47-06,done'
ptd-server 2023-02-22 05:09:11,479 [INFO] Sending to ptd: 'Stop'
ptd-server 2023-02-22 05:09:11,556 [INFO] Reply from ptd: 'Error: no measurement to stop'
ptd-server 2023-02-22 05:09:11,556 [INFO] Sending to ptd: 'SR,V,Auto'
ptd-server 2023-02-22 05:09:12,058 [INFO] Reply from ptd: 'Range V changed'
ptd-server 2023-02-22 05:09:12,059 [INFO] Sending to ptd: 'SR,A,Auto'
ptd-server 2023-02-22 05:09:12,561 [INFO] Reply from ptd: 'Range A changed'
ptd-server 2023-02-22 05:09:12,561 [INFO] Set initial values for Amps Auto and Volts Auto
ptd-server 2023-02-22 05:09:12,561 [INFO] Stopping ptd...
