ptd-server 2023-02-21 07:00:43,192 [INFO] Got command from the client 'time'
ptd-server 2023-02-21 07:00:43,192 [INFO] Sending reply to client '1676962843.1925347'
ptd-server 2023-02-21 07:00:43,193 [INFO] Got command from the client 'new,,07f410ab-a478-48dc-a0a0-6d4343efa9d1'
ptd-server 2023-02-21 07:00:43,194 [INFO] Sending reply to client 'OK 2023-02-21_07-00-43,a2768ca9-1d8d-41ec-8358-3e8d6e285730'
ptd-server 2023-02-21 07:00:43,221 [INFO] Got command from the client 'time'
ptd-server 2023-02-21 07:00:43,221 [INFO] Sending reply to client '1676962843.2213356'
ptd-server 2023-02-21 07:00:43,222 [INFO] Got command from the client 'session,2023-02-21_07-00-43,start,ranging'
ptd-server 2023-02-21 07:00:43,222 [INFO] Running PTDaemon: ['/home/anton/projects/mlperf/power/inference_v1.0/ptd-linux-x86', '-l', '/tmp/tmp4yl1neqp/ptd_logfile.txt', '-p', '8888', '49', '/dev/usbtmc0']
ptd-server 2023-02-21 07:01:00,296 [INFO] Sending to ptd: 'Hello'
ptd-server 2023-02-21 07:01:00,297 [INFO] Reply from ptd: 'Hello, PTDaemon here!'
ptd-server 2023-02-21 07:01:00,297 [INFO] Sending to ptd: 'Identify'
ptd-server 2023-02-21 07:01:00,297 [INFO] Reply from ptd: 'YokogawaWT310E,1000,1,1,1,1,0,1,1,version=1.10.0-ed9a21d2-20220817,OS=Linux 5.15.0-60-generic #66~20.04.1-Ubuntu SMP Wed Jan 25 09:41:30 UTC 2023 x86_64,mode=power,1,1,1,0,0,no_cal_date,YOKOGAWA;WT310E;C3XA04010E;F1.04'
ptd-server 2023-02-21 07:01:00,297 [INFO] Connected to PTDaemon
ptd-server 2023-02-21 07:01:00,297 [INFO] Sending to ptd: 'RR'
ptd-server 2023-02-21 07:01:00,298 [INFO] Reply from ptd: 'Ranges,1,0.100000,1,300.000000'
ptd-server 2023-02-21 07:01:00,298 [INFO] Initial range for Amps is Auto for Volts is Auto
ptd-server 2023-02-21 07:01:00,298 [INFO] Sending to ptd: 'SR,V,Auto'
ptd-server 2023-02-21 07:01:00,800 [INFO] Reply from ptd: 'Range V changed'
ptd-server 2023-02-21 07:01:00,801 [INFO] Sending to ptd: 'SR,A,Auto'
ptd-server 2023-02-21 07:01:01,303 [INFO] Reply from ptd: 'Range A changed'
ptd-server 2023-02-21 07:01:11,313 [INFO] Starting ranging mode
ptd-server 2023-02-21 07:01:11,314 [INFO] Sending to ptd: 'Go,1000,0,2023-02-21_07-00-43_ranging'
ptd-server 2023-02-21 07:01:11,314 [INFO] Reply from ptd: 'Starting untimed measurement, maximum 500000 samples at 1000ms with 0 rampup samples'
ptd-server 2023-02-21 07:01:11,314 [INFO] Sending reply to client 'OK'
ptd-server 2023-02-21 07:11:38,717 [INFO] Got command from the client 'session,2023-02-21_07-00-43,stop,ranging'
ptd-server 2023-02-21 07:11:48,727 [INFO] Sending to ptd: 'Stop'
ptd-server 2023-02-21 07:11:48,728 [INFO] Reply from ptd: 'Stopping untimed measurement'
ptd-server 2023-02-21 07:11:49,033 [INFO] Sending reply to client 'OK'
ptd-server 2023-02-21 07:11:49,065 [INFO] Got command from the client 'time'
ptd-server 2023-02-21 07:11:49,065 [INFO] Sending reply to client '1676963509.06547'
ptd-server 2023-02-21 07:11:49,066 [INFO] Got command from the client 'session,2023-02-21_07-00-43,start,testing'
ptd-server 2023-02-21 07:11:49,066 [INFO] Sending to ptd: 'SR,V,252.070000'
ptd-server 2023-02-21 07:11:50,816 [INFO] Reply from ptd: 'Range V changed'
ptd-server 2023-02-21 07:11:50,816 [INFO] Sending to ptd: 'SR,A,0.064680'
ptd-server 2023-02-21 07:11:52,317 [INFO] Reply from ptd: 'Range A changed'
ptd-server 2023-02-21 07:12:02,328 [INFO] Starting testing mode
ptd-server 2023-02-21 07:12:02,328 [INFO] Sending to ptd: 'Go,1000,0,2023-02-21_07-00-43_testing'
ptd-server 2023-02-21 07:12:02,328 [INFO] Reply from ptd: 'Starting untimed measurement, maximum 500000 samples at 1000ms with 0 rampup samples'
ptd-server 2023-02-21 07:12:02,328 [INFO] Sending reply to client 'OK'
ptd-server 2023-02-21 07:22:29,702 [INFO] Got command from the client 'session,2023-02-21_07-00-43,stop,testing'
ptd-server 2023-02-21 07:22:39,713 [INFO] Sending to ptd: 'Stop'
ptd-server 2023-02-21 07:22:39,713 [INFO] Reply from ptd: 'Stopping untimed measurement'
ptd-server 2023-02-21 07:22:39,866 [INFO] Sending reply to client 'OK'
ptd-server 2023-02-21 07:22:39,873 [INFO] Got command from the client 'session,2023-02-21_07-00-43,done'
ptd-server 2023-02-21 07:22:39,874 [INFO] Sending to ptd: 'Stop'
ptd-server 2023-02-21 07:22:40,328 [INFO] Reply from ptd: 'Error: no measurement to stop'
ptd-server 2023-02-21 07:22:40,329 [INFO] Sending to ptd: 'SR,V,Auto'
ptd-server 2023-02-21 07:22:40,831 [INFO] Reply from ptd: 'Range V changed'
ptd-server 2023-02-21 07:22:40,831 [INFO] Sending to ptd: 'SR,A,Auto'
ptd-server 2023-02-21 07:22:41,334 [INFO] Reply from ptd: 'Range A changed'
ptd-server 2023-02-21 07:22:41,334 [INFO] Set initial values for Amps Auto and Volts Auto
ptd-server 2023-02-21 07:22:41,334 [INFO] Stopping ptd...
