ptd-server 2023-02-21 08:07:03,563 [INFO] Got command from the client 'time'
ptd-server 2023-02-21 08:07:03,563 [INFO] Sending reply to client '1676966823.5634627'
ptd-server 2023-02-21 08:07:03,564 [INFO] Got command from the client 'new,,6f4cb1c2-ab7a-4327-b569-b298e372fe36'
ptd-server 2023-02-21 08:07:03,565 [INFO] Sending reply to client 'OK 2023-02-21_08-07-03,cf20169c-b95b-4430-a350-c80262f8e5af'
ptd-server 2023-02-21 08:07:03,600 [INFO] Got command from the client 'time'
ptd-server 2023-02-21 08:07:03,600 [INFO] Sending reply to client '1676966823.6009262'
ptd-server 2023-02-21 08:07:03,601 [INFO] Got command from the client 'session,2023-02-21_08-07-03,start,ranging'
ptd-server 2023-02-21 08:07:03,602 [INFO] Running PTDaemon: ['/home/anton/projects/mlperf/power/inference_v1.0/ptd-linux-x86', '-l', '/tmp/tmp4yl1neqp/ptd_logfile.txt', '-p', '8888', '49', '/dev/usbtmc0']
ptd-server 2023-02-21 08:07:20,675 [INFO] Sending to ptd: 'Hello'
ptd-server 2023-02-21 08:07:20,676 [INFO] Reply from ptd: 'Hello, PTDaemon here!'
ptd-server 2023-02-21 08:07:20,676 [INFO] Sending to ptd: 'Identify'
ptd-server 2023-02-21 08:07:20,676 [INFO] Reply from ptd: 'YokogawaWT310E,1000,1,1,1,1,0,1,1,version=1.10.0-ed9a21d2-20220817,OS=Linux 5.15.0-60-generic #66~20.04.1-Ubuntu SMP Wed Jan 25 09:41:30 UTC 2023 x86_64,mode=power,1,1,1,0,0,no_cal_date,YOKOGAWA;WT310E;C3XA04010E;F1.04'
ptd-server 2023-02-21 08:07:20,676 [INFO] Connected to PTDaemon
ptd-server 2023-02-21 08:07:20,677 [INFO] Sending to ptd: 'RR'
ptd-server 2023-02-21 08:07:20,677 [INFO] Reply from ptd: 'Ranges,1,0.100000,1,300.000000'
ptd-server 2023-02-21 08:07:20,677 [INFO] Initial range for Amps is Auto for Volts is Auto
ptd-server 2023-02-21 08:07:20,677 [INFO] Sending to ptd: 'SR,V,Auto'
ptd-server 2023-02-21 08:07:21,180 [INFO] Reply from ptd: 'Range V changed'
ptd-server 2023-02-21 08:07:21,180 [INFO] Sending to ptd: 'SR,A,Auto'
ptd-server 2023-02-21 08:07:21,682 [INFO] Reply from ptd: 'Range A changed'
ptd-server 2023-02-21 08:07:31,692 [INFO] Starting ranging mode
ptd-server 2023-02-21 08:07:31,693 [INFO] Sending to ptd: 'Go,1000,0,2023-02-21_08-07-03_ranging'
ptd-server 2023-02-21 08:07:31,693 [INFO] Reply from ptd: 'Starting untimed measurement, maximum 500000 samples at 1000ms with 0 rampup samples'
ptd-server 2023-02-21 08:07:31,693 [INFO] Sending reply to client 'OK'
ptd-server 2023-02-21 08:18:00,206 [INFO] Got command from the client 'session,2023-02-21_08-07-03,stop,ranging'
ptd-server 2023-02-21 08:18:10,216 [INFO] Sending to ptd: 'Stop'
ptd-server 2023-02-21 08:18:10,217 [INFO] Reply from ptd: 'Stopping untimed measurement'
ptd-server 2023-02-21 08:18:10,500 [INFO] Sending reply to client 'OK'
ptd-server 2023-02-21 08:18:10,532 [INFO] Got command from the client 'time'
ptd-server 2023-02-21 08:18:10,532 [INFO] Sending reply to client '1676967490.5328655'
ptd-server 2023-02-21 08:18:10,534 [INFO] Got command from the client 'session,2023-02-21_08-07-03,start,testing'
ptd-server 2023-02-21 08:18:10,534 [INFO] Sending to ptd: 'SR,V,251.740000'
ptd-server 2023-02-21 08:18:12,194 [INFO] Reply from ptd: 'Range V changed'
ptd-server 2023-02-21 08:18:12,194 [INFO] Sending to ptd: 'SR,A,0.072340'
ptd-server 2023-02-21 08:18:13,696 [INFO] Reply from ptd: 'Range A changed'
ptd-server 2023-02-21 08:18:23,706 [INFO] Starting testing mode
ptd-server 2023-02-21 08:18:23,706 [INFO] Sending to ptd: 'Go,1000,0,2023-02-21_08-07-03_testing'
ptd-server 2023-02-21 08:18:23,707 [INFO] Reply from ptd: 'Starting untimed measurement, maximum 500000 samples at 1000ms with 0 rampup samples'
ptd-server 2023-02-21 08:18:23,707 [INFO] Sending reply to client 'OK'
ptd-server 2023-02-21 08:28:51,051 [INFO] Got command from the client 'session,2023-02-21_08-07-03,stop,testing'
ptd-server 2023-02-21 08:29:01,062 [INFO] Sending to ptd: 'Stop'
ptd-server 2023-02-21 08:29:01,062 [INFO] Reply from ptd: 'Stopping untimed measurement'
ptd-server 2023-02-21 08:29:01,216 [INFO] Sending reply to client 'OK'
ptd-server 2023-02-21 08:29:01,224 [INFO] Got command from the client 'session,2023-02-21_08-07-03,done'
ptd-server 2023-02-21 08:29:01,224 [INFO] Sending to ptd: 'Stop'
ptd-server 2023-02-21 08:29:01,708 [INFO] Reply from ptd: 'Error: no measurement to stop'
ptd-server 2023-02-21 08:29:01,708 [INFO] Sending to ptd: 'SR,V,Auto'
ptd-server 2023-02-21 08:29:02,211 [INFO] Reply from ptd: 'Range V changed'
ptd-server 2023-02-21 08:29:02,211 [INFO] Sending to ptd: 'SR,A,Auto'
ptd-server 2023-02-21 08:29:02,714 [INFO] Reply from ptd: 'Range A changed'
ptd-server 2023-02-21 08:29:02,714 [INFO] Set initial values for Amps Auto and Volts Auto
ptd-server 2023-02-21 08:29:02,714 [INFO] Stopping ptd...
