ptd-server 2023-03-01 19:21:21,963 [INFO] Got command from the client 'time'
ptd-server 2023-03-01 19:21:21,963 [INFO] Sending reply to client '1677720081.9636133'
ptd-server 2023-03-01 19:21:21,965 [INFO] Got command from the client 'new,,66f104b1-1077-4013-9811-88db8a8f2d51'
ptd-server 2023-03-01 19:21:21,965 [INFO] Sending reply to client 'OK 2023-03-01_19-21-21,6926616f-5770-4dd2-bb70-c4f5f814b5b5'
ptd-server 2023-03-01 19:21:22,047 [INFO] Got command from the client 'time'
ptd-server 2023-03-01 19:21:22,047 [INFO] Sending reply to client '1677720082.0472527'
ptd-server 2023-03-01 19:21:22,048 [INFO] Got command from the client 'session,2023-03-01_19-21-21,start,ranging'
ptd-server 2023-03-01 19:21:22,049 [INFO] Running PTDaemon: ['/local/mnt/workspace/mlcommons/power-main/inference_v1.0/ptd-linux-x86', '-l', '/tmp/tmp5oeeq6__/ptd_logfile.txt', '-p', '8888', '-c', '1', '52', '/dev/usbtmc0']
ptd-server 2023-03-01 19:21:39,073 [INFO] Sending to ptd: 'Hello'
ptd-server 2023-03-01 19:21:39,074 [INFO] Reply from ptd: 'Hello, PTDaemon here!'
ptd-server 2023-03-01 19:21:39,074 [INFO] Sending to ptd: 'Identify'
ptd-server 2023-03-01 19:21:39,075 [INFO] Reply from ptd: 'YokogawaWT330E,1000,1,1,1,1,0,0,1,version=1.10.0-ed9a21d2-20220817,OS=Linux 5.4.0-120-generic #136~18.04.1-Ubuntu SMP Fri Jun 10 18:00:44 UTC 2022 x86_64,mode=power,1,1,1,0,0,no_cal_date,YOKOGAWA;WT333E;C2XC17005V;F1.04'
ptd-server 2023-03-01 19:21:39,075 [INFO] Connected to PTDaemon
ptd-server 2023-03-01 19:21:39,075 [INFO] Sending to ptd: 'RR'
ptd-server 2023-03-01 19:21:39,076 [INFO] Reply from ptd: 'Ranges,0,10.000000,0,150.000000'
ptd-server 2023-03-01 19:21:39,076 [INFO] Initial range for Amps is 10.000000 for Volts is 150.000000
ptd-server 2023-03-01 19:21:39,076 [INFO] Sending to ptd: 'SR,V,Auto'
ptd-server 2023-03-01 19:21:39,583 [INFO] Reply from ptd: 'Range V changed'
ptd-server 2023-03-01 19:21:39,583 [INFO] Sending to ptd: 'SR,A,Auto'
ptd-server 2023-03-01 19:21:40,086 [INFO] Reply from ptd: 'Range A changed'
ptd-server 2023-03-01 19:21:50,097 [INFO] Starting ranging mode
ptd-server 2023-03-01 19:21:50,097 [INFO] Sending to ptd: 'Go,1000,0,2023-03-01_19-21-21_ranging'
ptd-server 2023-03-01 19:21:50,097 [INFO] Reply from ptd: 'Starting untimed measurement, maximum 500000 samples at 1000ms with 0 rampup samples'
ptd-server 2023-03-01 19:21:50,098 [INFO] Sending reply to client 'OK'
ptd-server 2023-03-01 19:35:22,076 [INFO] Got command from the client 'session,2023-03-01_19-21-21,stop,ranging'
ptd-server 2023-03-01 19:35:32,087 [INFO] Sending to ptd: 'Stop'
ptd-server 2023-03-01 19:35:32,088 [INFO] Reply from ptd: 'Stopping untimed measurement'
ptd-server 2023-03-01 19:35:32,104 [INFO] Sending reply to client 'OK'
ptd-server 2023-03-01 19:35:32,217 [INFO] Got command from the client 'time'
ptd-server 2023-03-01 19:35:32,217 [INFO] Sending reply to client '1677720932.217906'
ptd-server 2023-03-01 19:35:32,219 [INFO] Got command from the client 'session,2023-03-01_19-21-21,start,testing'
ptd-server 2023-03-01 19:35:32,219 [INFO] Sending to ptd: 'SR,V,122.820000'
ptd-server 2023-03-01 19:35:33,721 [INFO] Reply from ptd: 'Range V changed'
ptd-server 2023-03-01 19:35:33,722 [INFO] Sending to ptd: 'SR,A,2.915600'
ptd-server 2023-03-01 19:35:35,224 [INFO] Reply from ptd: 'Range A changed'
ptd-server 2023-03-01 19:35:45,234 [INFO] Starting testing mode
ptd-server 2023-03-01 19:35:45,235 [INFO] Sending to ptd: 'Go,1000,0,2023-03-01_19-21-21_testing'
ptd-server 2023-03-01 19:35:45,235 [INFO] Reply from ptd: 'Starting untimed measurement, maximum 500000 samples at 1000ms with 0 rampup samples'
ptd-server 2023-03-01 19:35:45,236 [INFO] Sending reply to client 'OK'
ptd-server 2023-03-01 19:49:17,093 [INFO] Got command from the client 'session,2023-03-01_19-21-21,stop,testing'
ptd-server 2023-03-01 19:49:27,104 [INFO] Sending to ptd: 'Stop'
ptd-server 2023-03-01 19:49:27,104 [INFO] Reply from ptd: 'Stopping untimed measurement'
ptd-server 2023-03-01 19:49:27,112 [INFO] Sending reply to client 'OK'
ptd-server 2023-03-01 19:49:27,120 [INFO] Got command from the client 'session,2023-03-01_19-21-21,done'
ptd-server 2023-03-01 19:49:27,120 [INFO] Sending to ptd: 'Stop'
ptd-server 2023-03-01 19:49:27,235 [INFO] Reply from ptd: 'Error: no measurement to stop'
ptd-server 2023-03-01 19:49:27,236 [INFO] Sending to ptd: 'SR,V,150.000000'
ptd-server 2023-03-01 19:49:28,738 [INFO] Reply from ptd: 'Range V changed'
ptd-server 2023-03-01 19:49:28,738 [INFO] Sending to ptd: 'SR,A,10.000000'
ptd-server 2023-03-01 19:49:30,240 [INFO] Reply from ptd: 'Range A changed'
ptd-server 2023-03-01 19:49:30,241 [INFO] Set initial values for Amps 10.000000 and Volts 150.000000
ptd-server 2023-03-01 19:49:30,241 [INFO] Stopping ptd...
