ptd-server 2023-02-27 23:41:41,586 [INFO] Got command from the client 'time'
ptd-server 2023-02-27 23:41:41,586 [INFO] Sending reply to client '1677541301.5866468'
ptd-server 2023-02-27 23:41:41,590 [INFO] Got command from the client 'new,,a3cbd4b2-7688-40ba-90e1-9b78757309ea'
ptd-server 2023-02-27 23:41:41,591 [INFO] Sending reply to client 'OK 2023-02-27_23-41-41,b983ac6b-5843-472e-9e71-14c8a1fc0c95'
ptd-server 2023-02-27 23:41:41,643 [INFO] Got command from the client 'time'
ptd-server 2023-02-27 23:41:41,643 [INFO] Sending reply to client '1677541301.643695'
ptd-server 2023-02-27 23:41:41,647 [INFO] Got command from the client 'session,2023-02-27_23-41-41,start,ranging'
ptd-server 2023-02-27 23:41:41,648 [INFO] Running PTDaemon: ['/media/arjun/T7_Touch/hp-envy/CM/repos/local/cache/9b3695ca8255492a/power/inference_v1.0/ptd-linux-x86', '-l', '/tmp/tmpti64566v/ptd_logfile.txt', '-p', '8888', '49', '/dev/usbtmc0']
ptd-server 2023-02-27 23:41:58,748 [INFO] Sending to ptd: 'Hello'
ptd-server 2023-02-27 23:41:58,750 [INFO] Reply from ptd: 'Hello, PTDaemon here!'
ptd-server 2023-02-27 23:41:58,750 [INFO] Sending to ptd: 'Identify'
ptd-server 2023-02-27 23:41:58,751 [INFO] Reply from ptd: 'YokogawaWT310E,1000,1,1,1,1,0,1,1,version=1.10.0-ed9a21d2-20220817,OS=Linux 5.15.0-56-generic #62-Ubuntu SMP Tue Nov 22 19:54:14 UTC 2022 x86_64,mode=power,1,1,1,0,0,no_cal_date,YOKOGAWA;WT310E;C3YD21068E;F1.04'
ptd-server 2023-02-27 23:41:58,751 [INFO] Connected to PTDaemon
ptd-server 2023-02-27 23:41:58,751 [INFO] Sending to ptd: 'RR'
ptd-server 2023-02-27 23:41:58,752 [INFO] Reply from ptd: 'Ranges,0,0.100000,0,600.000000'
ptd-server 2023-02-27 23:41:58,752 [INFO] Initial range for Amps is 0.100000 for Volts is 600.000000
ptd-server 2023-02-27 23:41:58,753 [INFO] Sending to ptd: 'SR,V,Auto'
ptd-server 2023-02-27 23:41:59,256 [INFO] Reply from ptd: 'Range V changed'
ptd-server 2023-02-27 23:41:59,257 [INFO] Sending to ptd: 'SR,A,Auto'
ptd-server 2023-02-27 23:41:59,760 [INFO] Reply from ptd: 'Range A changed'
ptd-server 2023-02-27 23:42:09,771 [INFO] Starting ranging mode
ptd-server 2023-02-27 23:42:09,772 [INFO] Sending to ptd: 'Go,1000,0,2023-02-27_23-41-41_ranging'
ptd-server 2023-02-27 23:42:09,772 [INFO] Reply from ptd: 'Starting untimed measurement, maximum 500000 samples at 1000ms with 0 rampup samples'
ptd-server 2023-02-27 23:42:09,773 [INFO] Sending reply to client 'OK'
ptd-server 2023-02-27 23:57:39,579 [INFO] Got command from the client 'session,2023-02-27_23-41-41,stop,ranging'
ptd-server 2023-02-27 23:57:49,589 [INFO] Sending to ptd: 'Stop'
ptd-server 2023-02-27 23:57:49,590 [INFO] Reply from ptd: 'Stopping untimed measurement'
ptd-server 2023-02-27 23:57:49,891 [INFO] Sending reply to client 'OK'
ptd-server 2023-02-27 23:57:49,956 [INFO] Got command from the client 'time'
ptd-server 2023-02-27 23:57:49,956 [INFO] Sending reply to client '1677542269.956239'
ptd-server 2023-02-27 23:57:49,960 [INFO] Got command from the client 'session,2023-02-27_23-41-41,start,testing'
ptd-server 2023-02-27 23:57:49,960 [INFO] Sending to ptd: 'SR,V,249.870000'
ptd-server 2023-02-27 23:57:51,462 [INFO] Reply from ptd: 'Range V changed'
ptd-server 2023-02-27 23:57:51,463 [INFO] Sending to ptd: 'SR,A,0.203950'
ptd-server 2023-02-27 23:57:52,966 [INFO] Reply from ptd: 'Range A changed'
ptd-server 2023-02-27 23:58:02,977 [INFO] Starting testing mode
ptd-server 2023-02-27 23:58:02,977 [INFO] Sending to ptd: 'Go,1000,0,2023-02-27_23-41-41_testing'
ptd-server 2023-02-27 23:58:02,978 [INFO] Reply from ptd: 'Starting untimed measurement, maximum 500000 samples at 1000ms with 0 rampup samples'
ptd-server 2023-02-27 23:58:02,979 [INFO] Sending reply to client 'OK'
ptd-server 2023-02-28 00:13:38,262 [INFO] Got command from the client 'session,2023-02-27_23-41-41,stop,testing'
ptd-server 2023-02-28 00:13:48,273 [INFO] Sending to ptd: 'Stop'
ptd-server 2023-02-28 00:13:48,275 [INFO] Reply from ptd: 'Stopping untimed measurement'
ptd-server 2023-02-28 00:13:48,423 [INFO] Sending reply to client 'OK'
ptd-server 2023-02-28 00:13:48,440 [INFO] Got command from the client 'session,2023-02-27_23-41-41,done'
ptd-server 2023-02-28 00:13:48,440 [INFO] Sending to ptd: 'Stop'
ptd-server 2023-02-28 00:13:48,980 [INFO] Reply from ptd: 'Error: no measurement to stop'
ptd-server 2023-02-28 00:13:48,980 [INFO] Sending to ptd: 'SR,V,600.000000'
ptd-server 2023-02-28 00:13:50,483 [INFO] Reply from ptd: 'Range V changed'
ptd-server 2023-02-28 00:13:50,484 [INFO] Sending to ptd: 'SR,A,0.100000'
ptd-server 2023-02-28 00:13:51,987 [INFO] Reply from ptd: 'Range A changed'
ptd-server 2023-02-28 00:13:51,988 [INFO] Set initial values for Amps 0.100000 and Volts 600.000000
ptd-server 2023-02-28 00:13:51,989 [INFO] Stopping ptd...
