ptd-server 2023-02-24 05:13:30,299 [INFO] Got command from the client 'time'
ptd-server 2023-02-24 05:13:30,299 [INFO] Sending reply to client '1677215610.299971'
ptd-server 2023-02-24 05:13:30,301 [INFO] Got command from the client 'new,,648a3ed0-981a-4cc2-b0fd-39681c5e8ca3'
ptd-server 2023-02-24 05:13:30,301 [INFO] Sending reply to client 'OK 2023-02-24_05-13-30,17c4ad98-de4a-4076-8fd0-350142fbe6ab'
ptd-server 2023-02-24 05:13:30,322 [INFO] Got command from the client 'time'
ptd-server 2023-02-24 05:13:30,322 [INFO] Sending reply to client '1677215610.3222744'
ptd-server 2023-02-24 05:13:30,323 [INFO] Got command from the client 'session,2023-02-24_05-13-30,start,ranging'
ptd-server 2023-02-24 05:13:30,323 [INFO] Running PTDaemon: ['/home/anton/projects/mlperf/power/inference_v1.0/ptd-linux-x86', '-l', '/tmp/tmp4yl1neqp/ptd_logfile.txt', '-p', '8888', '49', '/dev/usbtmc0']
ptd-server 2023-02-24 05:13:47,397 [INFO] Sending to ptd: 'Hello'
ptd-server 2023-02-24 05:13:47,397 [INFO] Reply from ptd: 'Hello, PTDaemon here!'
ptd-server 2023-02-24 05:13:47,397 [INFO] Sending to ptd: 'Identify'
ptd-server 2023-02-24 05:13:47,398 [INFO] Reply from ptd: 'YokogawaWT310E,1000,1,1,1,1,0,1,1,version=1.10.0-ed9a21d2-20220817,OS=Linux 5.15.0-60-generic #66~20.04.1-Ubuntu SMP Wed Jan 25 09:41:30 UTC 2023 x86_64,mode=power,1,1,1,0,0,no_cal_date,YOKOGAWA;WT310E;C3XA04010E;F1.04'
ptd-server 2023-02-24 05:13:47,398 [INFO] Connected to PTDaemon
ptd-server 2023-02-24 05:13:47,398 [INFO] Sending to ptd: 'RR'
ptd-server 2023-02-24 05:13:47,398 [INFO] Reply from ptd: 'Ranges,1,0.100000,1,300.000000'
ptd-server 2023-02-24 05:13:47,398 [INFO] Initial range for Amps is Auto for Volts is Auto
ptd-server 2023-02-24 05:13:47,399 [INFO] Sending to ptd: 'SR,V,Auto'
ptd-server 2023-02-24 05:13:47,901 [INFO] Reply from ptd: 'Range V changed'
ptd-server 2023-02-24 05:13:47,901 [INFO] Sending to ptd: 'SR,A,Auto'
ptd-server 2023-02-24 05:13:48,404 [INFO] Reply from ptd: 'Range A changed'
ptd-server 2023-02-24 05:13:58,414 [INFO] Starting ranging mode
ptd-server 2023-02-24 05:13:58,414 [INFO] Sending to ptd: 'Go,1000,0,2023-02-24_05-13-30_ranging'
ptd-server 2023-02-24 05:13:58,415 [INFO] Reply from ptd: 'Starting untimed measurement, maximum 500000 samples at 1000ms with 0 rampup samples'
ptd-server 2023-02-24 05:13:58,415 [INFO] Sending reply to client 'OK'
ptd-server 2023-02-24 05:24:14,790 [INFO] Got command from the client 'session,2023-02-24_05-13-30,stop,ranging'
ptd-server 2023-02-24 05:24:24,801 [INFO] Sending to ptd: 'Stop'
ptd-server 2023-02-24 05:24:24,801 [INFO] Reply from ptd: 'Stopping untimed measurement'
ptd-server 2023-02-24 05:24:25,418 [INFO] Sending reply to client 'OK'
ptd-server 2023-02-24 05:24:25,506 [INFO] Got command from the client 'time'
ptd-server 2023-02-24 05:24:25,506 [INFO] Sending reply to client '1677216265.5068123'
ptd-server 2023-02-24 05:24:25,507 [INFO] Got command from the client 'session,2023-02-24_05-13-30,start,testing'
ptd-server 2023-02-24 05:24:25,507 [INFO] Sending to ptd: 'SR,V,253.310000'
ptd-server 2023-02-24 05:24:27,009 [INFO] Reply from ptd: 'Range V changed'
ptd-server 2023-02-24 05:24:27,009 [INFO] Sending to ptd: 'SR,A,0.060910'
ptd-server 2023-02-24 05:24:28,510 [INFO] Reply from ptd: 'Range A changed'
ptd-server 2023-02-24 05:24:38,520 [INFO] Starting testing mode
ptd-server 2023-02-24 05:24:38,521 [INFO] Sending to ptd: 'Go,1000,0,2023-02-24_05-13-30_testing'
ptd-server 2023-02-24 05:24:38,521 [INFO] Reply from ptd: 'Starting untimed measurement, maximum 500000 samples at 1000ms with 0 rampup samples'
ptd-server 2023-02-24 05:24:38,521 [INFO] Sending reply to client 'OK'
ptd-server 2023-02-24 05:34:54,868 [INFO] Got command from the client 'session,2023-02-24_05-13-30,stop,testing'
ptd-server 2023-02-24 05:35:04,878 [INFO] Sending to ptd: 'Stop'
ptd-server 2023-02-24 05:35:04,879 [INFO] Reply from ptd: 'Stopping untimed measurement'
ptd-server 2023-02-24 05:35:05,193 [INFO] Sending reply to client 'OK'
ptd-server 2023-02-24 05:35:05,201 [INFO] Got command from the client 'session,2023-02-24_05-13-30,done'
ptd-server 2023-02-24 05:35:05,201 [INFO] Sending to ptd: 'Stop'
ptd-server 2023-02-24 05:35:05,522 [INFO] Reply from ptd: 'Error: no measurement to stop'
ptd-server 2023-02-24 05:35:05,522 [INFO] Sending to ptd: 'SR,V,Auto'
ptd-server 2023-02-24 05:35:06,024 [INFO] Reply from ptd: 'Range V changed'
ptd-server 2023-02-24 05:35:06,025 [INFO] Sending to ptd: 'SR,A,Auto'
ptd-server 2023-02-24 05:35:06,527 [INFO] Reply from ptd: 'Range A changed'
ptd-server 2023-02-24 05:35:06,527 [INFO] Set initial values for Amps Auto and Volts Auto
ptd-server 2023-02-24 05:35:06,527 [INFO] Stopping ptd...
