ptd-server 2023-02-21 15:18:50,722 [INFO] Got command from the client 'time'
ptd-server 2023-02-21 15:18:50,722 [INFO] Sending reply to client '1676992730.7224214'
ptd-server 2023-02-21 15:18:50,723 [INFO] Got command from the client 'new,,0889e102-d939-45db-b024-7d0eaed8cdb9'
ptd-server 2023-02-21 15:18:50,723 [INFO] Sending reply to client 'OK 2023-02-21_15-18-50,985193a3-6b94-4bc4-a60a-3d4af5d583bc'
ptd-server 2023-02-21 15:18:50,744 [INFO] Got command from the client 'time'
ptd-server 2023-02-21 15:18:50,744 [INFO] Sending reply to client '1676992730.7444546'
ptd-server 2023-02-21 15:18:50,745 [INFO] Got command from the client 'session,2023-02-21_15-18-50,start,ranging'
ptd-server 2023-02-21 15:18:50,745 [INFO] Running PTDaemon: ['/home/anton/projects/mlperf/power/inference_v1.0/ptd-linux-x86', '-l', '/tmp/tmp4yl1neqp/ptd_logfile.txt', '-p', '8888', '49', '/dev/usbtmc0']
ptd-server 2023-02-21 15:19:07,810 [INFO] Sending to ptd: 'Hello'
ptd-server 2023-02-21 15:19:07,811 [INFO] Reply from ptd: 'Hello, PTDaemon here!'
ptd-server 2023-02-21 15:19:07,811 [INFO] Sending to ptd: 'Identify'
ptd-server 2023-02-21 15:19:07,811 [INFO] Reply from ptd: 'YokogawaWT310E,1000,1,1,1,1,0,1,1,version=1.10.0-ed9a21d2-20220817,OS=Linux 5.15.0-60-generic #66~20.04.1-Ubuntu SMP Wed Jan 25 09:41:30 UTC 2023 x86_64,mode=power,1,1,1,0,0,no_cal_date,YOKOGAWA;WT310E;C3XA04010E;F1.04'
ptd-server 2023-02-21 15:19:07,811 [INFO] Connected to PTDaemon
ptd-server 2023-02-21 15:19:07,811 [INFO] Sending to ptd: 'RR'
ptd-server 2023-02-21 15:19:07,812 [INFO] Reply from ptd: 'Ranges,1,0.100000,1,300.000000'
ptd-server 2023-02-21 15:19:07,812 [INFO] Initial range for Amps is Auto for Volts is Auto
ptd-server 2023-02-21 15:19:07,812 [INFO] Sending to ptd: 'SR,V,Auto'
ptd-server 2023-02-21 15:19:08,314 [INFO] Reply from ptd: 'Range V changed'
ptd-server 2023-02-21 15:19:08,315 [INFO] Sending to ptd: 'SR,A,Auto'
ptd-server 2023-02-21 15:19:08,817 [INFO] Reply from ptd: 'Range A changed'
ptd-server 2023-02-21 15:19:18,827 [INFO] Starting ranging mode
ptd-server 2023-02-21 15:19:18,827 [INFO] Sending to ptd: 'Go,1000,0,2023-02-21_15-18-50_ranging'
ptd-server 2023-02-21 15:19:18,828 [INFO] Reply from ptd: 'Starting untimed measurement, maximum 500000 samples at 1000ms with 0 rampup samples'
ptd-server 2023-02-21 15:19:18,828 [INFO] Sending reply to client 'OK'
ptd-server 2023-02-21 15:29:40,288 [INFO] Got command from the client 'session,2023-02-21_15-18-50,stop,ranging'
ptd-server 2023-02-21 15:29:50,298 [INFO] Sending to ptd: 'Stop'
ptd-server 2023-02-21 15:29:50,298 [INFO] Reply from ptd: 'Stopping untimed measurement'
ptd-server 2023-02-21 15:29:50,627 [INFO] Sending reply to client 'OK'
ptd-server 2023-02-21 15:29:50,658 [INFO] Got command from the client 'time'
ptd-server 2023-02-21 15:29:50,658 [INFO] Sending reply to client '1676993390.6587553'
ptd-server 2023-02-21 15:29:50,659 [INFO] Got command from the client 'session,2023-02-21_15-18-50,start,testing'
ptd-server 2023-02-21 15:29:50,660 [INFO] Sending to ptd: 'SR,V,253.120000'
ptd-server 2023-02-21 15:29:52,329 [INFO] Reply from ptd: 'Range V changed'
ptd-server 2023-02-21 15:29:52,329 [INFO] Sending to ptd: 'SR,A,0.048810'
ptd-server 2023-02-21 15:29:53,830 [INFO] Reply from ptd: 'Range A changed'
ptd-server 2023-02-21 15:30:03,841 [INFO] Starting testing mode
ptd-server 2023-02-21 15:30:03,841 [INFO] Sending to ptd: 'Go,1000,0,2023-02-21_15-18-50_testing'
ptd-server 2023-02-21 15:30:03,841 [INFO] Reply from ptd: 'Starting untimed measurement, maximum 500000 samples at 1000ms with 0 rampup samples'
ptd-server 2023-02-21 15:30:03,842 [INFO] Sending reply to client 'OK'
ptd-server 2023-02-21 15:40:25,273 [INFO] Got command from the client 'session,2023-02-21_15-18-50,stop,testing'
ptd-server 2023-02-21 15:40:35,283 [INFO] Sending to ptd: 'Stop'
ptd-server 2023-02-21 15:40:35,284 [INFO] Reply from ptd: 'Stopping untimed measurement'
ptd-server 2023-02-21 15:40:35,456 [INFO] Sending reply to client 'OK'
ptd-server 2023-02-21 15:40:35,464 [INFO] Got command from the client 'session,2023-02-21_15-18-50,done'
ptd-server 2023-02-21 15:40:35,465 [INFO] Sending to ptd: 'Stop'
ptd-server 2023-02-21 15:40:35,842 [INFO] Reply from ptd: 'Error: no measurement to stop'
ptd-server 2023-02-21 15:40:35,842 [INFO] Sending to ptd: 'SR,V,Auto'
ptd-server 2023-02-21 15:40:36,345 [INFO] Reply from ptd: 'Range V changed'
ptd-server 2023-02-21 15:40:36,345 [INFO] Sending to ptd: 'SR,A,Auto'
ptd-server 2023-02-21 15:40:36,847 [INFO] Reply from ptd: 'Range A changed'
ptd-server 2023-02-21 15:40:36,848 [INFO] Set initial values for Amps Auto and Volts Auto
ptd-server 2023-02-21 15:40:36,848 [INFO] Stopping ptd...
