client 2023-02-27 20:09:31,379 [INFO] Creating output directory '/home/arjun/mobilenet_results/valid_results/arjun_orin-tflite_armnn_cpp-cpu-armnn_tflite-v22.11-using_neon/mobilenet-v1-precision_float-0.75-160/singlestream/performance/tmp_power'
client 2023-02-27 20:09:31,521 [INFO] Sending command to the server: 'mlcommons/power client v3'
client 2023-02-27 20:09:31,525 [INFO] Got response: 'mlcommons/power server v3'
client 2023-02-27 20:09:31,525 [INFO] Synchronizing with the server and with time.google.com...
client 2023-02-27 20:09:31,558 [INFO] NTP:offset = -0.001 s, delay = 0.016 s 
client 2023-02-27 20:09:31,558 [INFO] Sending command to the server: 'time'
client 2023-02-27 20:09:31,562 [INFO] Got response: '1677528571.5616808'
client 2023-02-27 20:09:31,562 [INFO] The time difference between the client and the server is within range -3.113 ms..0.592 ms
client 2023-02-27 20:09:31,562 [INFO] Sending command to the server: 'new,,8625bc6f-155f-416e-8284-ba7e08bd330c'
client 2023-02-27 20:09:31,567 [INFO] Got response: 'OK 2023-02-27_20-09-31,2736a33c-4bb3-46cd-ad39-d9faac4328bf'
client 2023-02-27 20:09:31,567 [INFO] Session id is '2023-02-27_20-09-31'
client 2023-02-27 20:09:31,568 [INFO] Sources: {"sources": {"__init__.py": "da39a3ee5e6b4b0d3255bfef95601890afd80709", "client.py": "33ca4f26368777ac06e01f9567b714a4b8063886", "lib/__init__.py": "da39a3ee5e6b4b0d3255bfef95601890afd80709", "lib/client.py": "4c2b78fb4849a7e5b584ef792d82aaed20b17f57", "lib/common.py": "624d0c0acc7c39aaff3674f0b99d6a09da53d1dc", "lib/external/__init__.py": "da39a3ee5e6b4b0d3255bfef95601890afd80709", "lib/external/ntplib.py": "4da8f970656505a40483206ef2b5d3dd5e81711d", "lib/server.py": "cda0cdfaee9bfa1249c64a7dd4f89b7bf1b279f0", "lib/source_hashes.py": "60a2e02193209e8d392803326208d5466342da18", "lib/summary.py": "aa92f0a3f975eecd44d3c0cd0236342ccc9f941d", "lib/time_sync.py": "3210db56eb0ff0df57bf4293dc4d4b03fffd46f1", "server.py": "c3f90f2f7eeb4db30727556d0c815ebc89b3d28b", "tests/unit/__init__.py": "da39a3ee5e6b4b0d3255bfef95601890afd80709", "tests/unit/test_server.py": "99ae15aef722f2000ee6ed1ae1523637bf1ae42b", "tests/unit/test_source_hashes.py": "00468a2907583c593e6574a1f6b404e4651c221a"}, "modules": {"ptd_client_server.lib.client": "lib/client.py", "ptd_client_server.lib.common": "lib/common.py", "ptd_client_server.lib.external.ntplib": "lib/external/ntplib.py", "ptd_client_server.lib.source_hashes": "lib/source_hashes.py", "ptd_client_server.lib.summary": "lib/summary.py", "ptd_client_server.lib.time_sync": "lib/time_sync.py"}}
client 2023-02-27 20:09:31,568 [INFO] Running workload in ranging mode
client 2023-02-27 20:09:31,568 [INFO] Synchronizing with the server and with time.google.com...
client 2023-02-27 20:09:31,585 [INFO] NTP:offset = 0.001 s, delay = 0.014 s 
client 2023-02-27 20:09:31,586 [INFO] Sending command to the server: 'time'
client 2023-02-27 20:09:31,589 [INFO] Got response: '1677528571.5891876'
client 2023-02-27 20:09:31,590 [INFO] The time difference between the client and the server is within range -3.142 ms..0.801 ms
client 2023-02-27 20:09:31,590 [INFO] Sending command to the server: 'session,2023-02-27_20-09-31,start,ranging'
client 2023-02-27 20:09:59,724 [INFO] Got response: 'OK'
client 2023-02-27 20:09:59,725 [INFO] Running the workload '/home/arjun/run.out'
client 2023-02-27 20:21:21,719 [INFO] Sending command to the server: 'session,2023-02-27_20-09-31,stop,ranging'
client 2023-02-27 20:21:32,177 [INFO] Got response: 'OK'
client 2023-02-27 20:21:32,202 [INFO] Copying loadgen logs from '/home/arjun/mobilenet_results/valid_results/arjun_orin-tflite_armnn_cpp-cpu-armnn_tflite-v22.11-using_neon/mobilenet-v1-precision_float-0.75-160/singlestream/performance/run_1' to '/home/arjun/mobilenet_results/valid_results/arjun_orin-tflite_armnn_cpp-cpu-armnn_tflite-v22.11-using_neon/mobilenet-v1-precision_float-0.75-160/singlestream/performance/tmp_power/ranging'
client 2023-02-27 20:21:32,205 [INFO] Running workload in testing mode
client 2023-02-27 20:21:32,205 [INFO] Synchronizing with the server and with time.google.com...
client 2023-02-27 20:21:32,225 [INFO] NTP:offset = -0.002 s, delay = 0.015 s 
client 2023-02-27 20:21:32,225 [INFO] Sending command to the server: 'time'
client 2023-02-27 20:21:32,230 [INFO] Got response: '1677529292.229441'
client 2023-02-27 20:21:32,230 [INFO] The time difference between the client and the server is within range -3.812 ms..1.339 ms
client 2023-02-27 20:21:32,231 [INFO] Sending command to the server: 'session,2023-02-27_20-09-31,start,testing'
client 2023-02-27 20:21:45,738 [INFO] Got response: 'OK'
client 2023-02-27 20:21:45,739 [INFO] Running the workload '/home/arjun/run.out'
client 2023-02-27 20:33:06,547 [INFO] Sending command to the server: 'session,2023-02-27_20-09-31,stop,testing'
client 2023-02-27 20:33:16,950 [INFO] Got response: 'OK'
client 2023-02-27 20:33:16,955 [INFO] Copying loadgen logs from '/home/arjun/mobilenet_results/valid_results/arjun_orin-tflite_armnn_cpp-cpu-armnn_tflite-v22.11-using_neon/mobilenet-v1-precision_float-0.75-160/singlestream/performance/run_1' to '/home/arjun/mobilenet_results/valid_results/arjun_orin-tflite_armnn_cpp-cpu-armnn_tflite-v22.11-using_neon/mobilenet-v1-precision_float-0.75-160/singlestream/performance/tmp_power/run_1'
client 2023-02-27 20:33:16,957 [INFO] Done runs
