ptd-server 2023-02-27 20:09:31,561 [INFO] Got command from the client 'time'
ptd-server 2023-02-27 20:09:31,561 [INFO] Sending reply to client '1677528571.5616808'
ptd-server 2023-02-27 20:09:31,565 [INFO] Got command from the client 'new,,8625bc6f-155f-416e-8284-ba7e08bd330c'
ptd-server 2023-02-27 20:09:31,566 [INFO] Sending reply to client 'OK 2023-02-27_20-09-31,2736a33c-4bb3-46cd-ad39-d9faac4328bf'
ptd-server 2023-02-27 20:09:31,588 [INFO] Got command from the client 'time'
ptd-server 2023-02-27 20:09:31,589 [INFO] Sending reply to client '1677528571.5891876'
ptd-server 2023-02-27 20:09:31,593 [INFO] Got command from the client 'session,2023-02-27_20-09-31,start,ranging'
ptd-server 2023-02-27 20:09:31,594 [INFO] Running PTDaemon: ['/media/arjun/T7_Touch/hp-envy/CM/repos/local/cache/9b3695ca8255492a/power/inference_v1.0/ptd-linux-x86', '-l', '/tmp/tmpti64566v/ptd_logfile.txt', '-p', '8888', '49', '/dev/usbtmc0']
ptd-server 2023-02-27 20:09:48,698 [INFO] Sending to ptd: 'Hello'
ptd-server 2023-02-27 20:09:48,699 [INFO] Reply from ptd: 'Hello, PTDaemon here!'
ptd-server 2023-02-27 20:09:48,699 [INFO] Sending to ptd: 'Identify'
ptd-server 2023-02-27 20:09:48,700 [INFO] Reply from ptd: 'YokogawaWT310E,1000,1,1,1,1,0,1,1,version=1.10.0-ed9a21d2-20220817,OS=Linux 5.15.0-56-generic #62-Ubuntu SMP Tue Nov 22 19:54:14 UTC 2022 x86_64,mode=power,1,1,1,0,0,no_cal_date,YOKOGAWA;WT310E;C3YD21068E;F1.04'
ptd-server 2023-02-27 20:09:48,700 [INFO] Connected to PTDaemon
ptd-server 2023-02-27 20:09:48,700 [INFO] Sending to ptd: 'RR'
ptd-server 2023-02-27 20:09:48,701 [INFO] Reply from ptd: 'Ranges,0,0.100000,0,600.000000'
ptd-server 2023-02-27 20:09:48,701 [INFO] Initial range for Amps is 0.100000 for Volts is 600.000000
ptd-server 2023-02-27 20:09:48,702 [INFO] Sending to ptd: 'SR,V,Auto'
ptd-server 2023-02-27 20:09:49,205 [INFO] Reply from ptd: 'Range V changed'
ptd-server 2023-02-27 20:09:49,206 [INFO] Sending to ptd: 'SR,A,Auto'
ptd-server 2023-02-27 20:09:49,709 [INFO] Reply from ptd: 'Range A changed'
ptd-server 2023-02-27 20:09:59,720 [INFO] Starting ranging mode
ptd-server 2023-02-27 20:09:59,721 [INFO] Sending to ptd: 'Go,1000,0,2023-02-27_20-09-31_ranging'
ptd-server 2023-02-27 20:09:59,722 [INFO] Reply from ptd: 'Starting untimed measurement, maximum 500000 samples at 1000ms with 0 rampup samples'
ptd-server 2023-02-27 20:09:59,722 [INFO] Sending reply to client 'OK'
ptd-server 2023-02-27 20:21:21,872 [INFO] Got command from the client 'session,2023-02-27_20-09-31,stop,ranging'
ptd-server 2023-02-27 20:21:31,883 [INFO] Sending to ptd: 'Stop'
ptd-server 2023-02-27 20:21:31,885 [INFO] Reply from ptd: 'Stopping untimed measurement'
ptd-server 2023-02-27 20:21:32,175 [INFO] Sending reply to client 'OK'
ptd-server 2023-02-27 20:21:32,229 [INFO] Got command from the client 'time'
ptd-server 2023-02-27 20:21:32,229 [INFO] Sending reply to client '1677529292.229441'
ptd-server 2023-02-27 20:21:32,234 [INFO] Got command from the client 'session,2023-02-27_20-09-31,start,testing'
ptd-server 2023-02-27 20:21:32,234 [INFO] Sending to ptd: 'SR,V,249.570000'
ptd-server 2023-02-27 20:21:34,225 [INFO] Reply from ptd: 'Range V changed'
ptd-server 2023-02-27 20:21:34,225 [INFO] Sending to ptd: 'SR,A,0.240790'
ptd-server 2023-02-27 20:21:35,728 [INFO] Reply from ptd: 'Range A changed'
ptd-server 2023-02-27 20:21:45,736 [INFO] Starting testing mode
ptd-server 2023-02-27 20:21:45,737 [INFO] Sending to ptd: 'Go,1000,0,2023-02-27_20-09-31_testing'
ptd-server 2023-02-27 20:21:45,737 [INFO] Reply from ptd: 'Starting untimed measurement, maximum 500000 samples at 1000ms with 0 rampup samples'
ptd-server 2023-02-27 20:21:45,738 [INFO] Sending reply to client 'OK'
ptd-server 2023-02-27 20:33:06,796 [INFO] Got command from the client 'session,2023-02-27_20-09-31,stop,testing'
ptd-server 2023-02-27 20:33:16,807 [INFO] Sending to ptd: 'Stop'
ptd-server 2023-02-27 20:33:16,808 [INFO] Reply from ptd: 'Stopping untimed measurement'
ptd-server 2023-02-27 20:33:16,950 [INFO] Sending reply to client 'OK'
ptd-server 2023-02-27 20:33:16,967 [INFO] Got command from the client 'session,2023-02-27_20-09-31,done'
ptd-server 2023-02-27 20:33:16,967 [INFO] Sending to ptd: 'Stop'
ptd-server 2023-02-27 20:33:17,738 [INFO] Reply from ptd: 'Error: no measurement to stop'
ptd-server 2023-02-27 20:33:17,739 [INFO] Sending to ptd: 'SR,V,600.000000'
ptd-server 2023-02-27 20:33:19,242 [INFO] Reply from ptd: 'Range V changed'
ptd-server 2023-02-27 20:33:19,242 [INFO] Sending to ptd: 'SR,A,0.100000'
ptd-server 2023-02-27 20:33:20,745 [INFO] Reply from ptd: 'Range A changed'
ptd-server 2023-02-27 20:33:20,746 [INFO] Set initial values for Amps 0.100000 and Volts 600.000000
ptd-server 2023-02-27 20:33:20,746 [INFO] Stopping ptd...
