ptd-server 2023-02-25 02:12:59,205 [INFO] Got command from the client 'time'
ptd-server 2023-02-25 02:12:59,205 [INFO] Sending reply to client '1677291179.2057676'
ptd-server 2023-02-25 02:12:59,206 [INFO] Got command from the client 'new,,4d41f35a-2b8b-4c77-9e8b-e04ab0eda6d1'
ptd-server 2023-02-25 02:12:59,207 [INFO] Sending reply to client 'OK 2023-02-25_02-12-59,c7e656da-bfc3-407e-9c76-e82fe94ac9ff'
ptd-server 2023-02-25 02:12:59,229 [INFO] Got command from the client 'time'
ptd-server 2023-02-25 02:12:59,229 [INFO] Sending reply to client '1677291179.2295895'
ptd-server 2023-02-25 02:12:59,230 [INFO] Got command from the client 'session,2023-02-25_02-12-59,start,ranging'
ptd-server 2023-02-25 02:12:59,230 [INFO] Running PTDaemon: ['/home/anton/projects/mlperf/power/inference_v1.0/ptd-linux-x86', '-l', '/tmp/tmpu4v721n6/ptd_logfile.txt', '-p', '8888', '49', '/dev/usbtmc0']
ptd-server 2023-02-25 02:13:16,309 [INFO] Sending to ptd: 'Hello'
ptd-server 2023-02-25 02:13:16,310 [INFO] Reply from ptd: 'Hello, PTDaemon here!'
ptd-server 2023-02-25 02:13:16,310 [INFO] Sending to ptd: 'Identify'
ptd-server 2023-02-25 02:13:16,310 [INFO] Reply from ptd: 'YokogawaWT310E,1000,1,1,1,1,0,1,1,version=1.10.0-ed9a21d2-20220817,OS=Linux 5.15.0-60-generic #66~20.04.1-Ubuntu SMP Wed Jan 25 09:41:30 UTC 2023 x86_64,mode=power,1,1,1,0,0,no_cal_date,YOKOGAWA;WT310E;C3XA04010E;F1.04'
ptd-server 2023-02-25 02:13:16,310 [INFO] Connected to PTDaemon
ptd-server 2023-02-25 02:13:16,310 [INFO] Sending to ptd: 'RR'
ptd-server 2023-02-25 02:13:16,310 [INFO] Reply from ptd: 'Ranges,0,0.100000,0,300.000000'
ptd-server 2023-02-25 02:13:16,310 [INFO] Initial range for Amps is 0.100000 for Volts is 300.000000
ptd-server 2023-02-25 02:13:16,310 [INFO] Sending to ptd: 'SR,V,Auto'
ptd-server 2023-02-25 02:13:16,813 [INFO] Reply from ptd: 'Range V changed'
ptd-server 2023-02-25 02:13:16,813 [INFO] Sending to ptd: 'SR,A,Auto'
ptd-server 2023-02-25 02:13:17,315 [INFO] Reply from ptd: 'Range A changed'
ptd-server 2023-02-25 02:13:27,326 [INFO] Starting ranging mode
ptd-server 2023-02-25 02:13:27,326 [INFO] Sending to ptd: 'Go,1000,0,2023-02-25_02-12-59_ranging'
ptd-server 2023-02-25 02:13:27,326 [INFO] Reply from ptd: 'Starting untimed measurement, maximum 500000 samples at 1000ms with 0 rampup samples'
ptd-server 2023-02-25 02:13:27,326 [INFO] Sending reply to client 'OK'
ptd-server 2023-02-25 02:23:43,633 [INFO] Got command from the client 'session,2023-02-25_02-12-59,stop,ranging'
ptd-server 2023-02-25 02:23:53,644 [INFO] Sending to ptd: 'Stop'
ptd-server 2023-02-25 02:23:53,644 [INFO] Reply from ptd: 'Stopping untimed measurement'
ptd-server 2023-02-25 02:23:53,673 [INFO] Sending reply to client 'OK'
ptd-server 2023-02-25 02:23:53,706 [INFO] Got command from the client 'time'
ptd-server 2023-02-25 02:23:53,706 [INFO] Sending reply to client '1677291833.706207'
ptd-server 2023-02-25 02:23:53,707 [INFO] Got command from the client 'session,2023-02-25_02-12-59,start,testing'
ptd-server 2023-02-25 02:23:53,707 [INFO] Sending to ptd: 'SR,V,253.410000'
ptd-server 2023-02-25 02:23:55,828 [INFO] Reply from ptd: 'Range V changed'
ptd-server 2023-02-25 02:23:55,828 [INFO] Sending to ptd: 'SR,A,0.058400'
ptd-server 2023-02-25 02:23:57,329 [INFO] Reply from ptd: 'Range A changed'
ptd-server 2023-02-25 02:24:07,336 [INFO] Starting testing mode
ptd-server 2023-02-25 02:24:07,336 [INFO] Sending to ptd: 'Go,1000,0,2023-02-25_02-12-59_testing'
ptd-server 2023-02-25 02:24:07,336 [INFO] Reply from ptd: 'Starting untimed measurement, maximum 500000 samples at 1000ms with 0 rampup samples'
ptd-server 2023-02-25 02:24:07,337 [INFO] Sending reply to client 'OK'
ptd-server 2023-02-25 02:34:23,697 [INFO] Got command from the client 'session,2023-02-25_02-12-59,stop,testing'
ptd-server 2023-02-25 02:34:33,707 [INFO] Sending to ptd: 'Stop'
ptd-server 2023-02-25 02:34:33,708 [INFO] Reply from ptd: 'Stopping untimed measurement'
ptd-server 2023-02-25 02:34:33,721 [INFO] Sending reply to client 'OK'
ptd-server 2023-02-25 02:34:33,730 [INFO] Got command from the client 'session,2023-02-25_02-12-59,done'
ptd-server 2023-02-25 02:34:33,730 [INFO] Sending to ptd: 'Stop'
ptd-server 2023-02-25 02:34:34,337 [INFO] Reply from ptd: 'Error: no measurement to stop'
ptd-server 2023-02-25 02:34:34,337 [INFO] Sending to ptd: 'SR,V,300.000000'
ptd-server 2023-02-25 02:34:35,838 [INFO] Reply from ptd: 'Range V changed'
ptd-server 2023-02-25 02:34:35,838 [INFO] Sending to ptd: 'SR,A,0.100000'
ptd-server 2023-02-25 02:34:37,339 [INFO] Reply from ptd: 'Range A changed'
ptd-server 2023-02-25 02:34:37,340 [INFO] Set initial values for Amps 0.100000 and Volts 300.000000
ptd-server 2023-02-25 02:34:37,340 [INFO] Stopping ptd...
