ptd-server 2023-02-22 07:43:24,092 [INFO] Got command from the client 'time'
ptd-server 2023-02-22 07:43:24,093 [INFO] Sending reply to client '1677051804.0931177'
ptd-server 2023-02-22 07:43:24,094 [INFO] Got command from the client 'new,,ecb93bb3-1852-4b3a-8e63-551a813929ca'
ptd-server 2023-02-22 07:43:24,094 [INFO] Sending reply to client 'OK 2023-02-22_07-43-24,8c357776-be14-4471-8211-96ca3eb8607a'
ptd-server 2023-02-22 07:43:24,117 [INFO] Got command from the client 'time'
ptd-server 2023-02-22 07:43:24,117 [INFO] Sending reply to client '1677051804.1177478'
ptd-server 2023-02-22 07:43:24,118 [INFO] Got command from the client 'session,2023-02-22_07-43-24,start,ranging'
ptd-server 2023-02-22 07:43:24,118 [INFO] Running PTDaemon: ['/home/anton/projects/mlperf/power/inference_v1.0/ptd-linux-x86', '-l', '/tmp/tmp4yl1neqp/ptd_logfile.txt', '-p', '8888', '49', '/dev/usbtmc0']
ptd-server 2023-02-22 07:43:41,192 [INFO] Sending to ptd: 'Hello'
ptd-server 2023-02-22 07:43:41,193 [INFO] Reply from ptd: 'Hello, PTDaemon here!'
ptd-server 2023-02-22 07:43:41,193 [INFO] Sending to ptd: 'Identify'
ptd-server 2023-02-22 07:43:41,193 [INFO] Reply from ptd: 'YokogawaWT310E,1000,1,1,1,1,0,1,1,version=1.10.0-ed9a21d2-20220817,OS=Linux 5.15.0-60-generic #66~20.04.1-Ubuntu SMP Wed Jan 25 09:41:30 UTC 2023 x86_64,mode=power,1,1,1,0,0,no_cal_date,YOKOGAWA;WT310E;C3XA04010E;F1.04'
ptd-server 2023-02-22 07:43:41,194 [INFO] Connected to PTDaemon
ptd-server 2023-02-22 07:43:41,194 [INFO] Sending to ptd: 'RR'
ptd-server 2023-02-22 07:43:41,194 [INFO] Reply from ptd: 'Ranges,1,0.100000,1,300.000000'
ptd-server 2023-02-22 07:43:41,194 [INFO] Initial range for Amps is Auto for Volts is Auto
ptd-server 2023-02-22 07:43:41,195 [INFO] Sending to ptd: 'SR,V,Auto'
ptd-server 2023-02-22 07:43:41,697 [INFO] Reply from ptd: 'Range V changed'
ptd-server 2023-02-22 07:43:41,697 [INFO] Sending to ptd: 'SR,A,Auto'
ptd-server 2023-02-22 07:43:42,200 [INFO] Reply from ptd: 'Range A changed'
ptd-server 2023-02-22 07:43:52,210 [INFO] Starting ranging mode
ptd-server 2023-02-22 07:43:52,210 [INFO] Sending to ptd: 'Go,1000,0,2023-02-22_07-43-24_ranging'
ptd-server 2023-02-22 07:43:52,211 [INFO] Reply from ptd: 'Starting untimed measurement, maximum 500000 samples at 1000ms with 0 rampup samples'
ptd-server 2023-02-22 07:43:52,211 [INFO] Sending reply to client 'OK'
ptd-server 2023-02-22 07:54:23,843 [INFO] Got command from the client 'session,2023-02-22_07-43-24,stop,ranging'
ptd-server 2023-02-22 07:54:33,854 [INFO] Sending to ptd: 'Stop'
ptd-server 2023-02-22 07:54:33,854 [INFO] Reply from ptd: 'Stopping untimed measurement'
ptd-server 2023-02-22 07:54:34,264 [INFO] Sending reply to client 'OK'
ptd-server 2023-02-22 07:54:34,295 [INFO] Got command from the client 'time'
ptd-server 2023-02-22 07:54:34,295 [INFO] Sending reply to client '1677052474.2958515'
ptd-server 2023-02-22 07:54:34,296 [INFO] Got command from the client 'session,2023-02-22_07-43-24,start,testing'
ptd-server 2023-02-22 07:54:34,296 [INFO] Sending to ptd: 'SR,V,251.090000'
ptd-server 2023-02-22 07:54:35,798 [INFO] Reply from ptd: 'Range V changed'
ptd-server 2023-02-22 07:54:35,798 [INFO] Sending to ptd: 'SR,A,0.051700'
ptd-server 2023-02-22 07:54:37,299 [INFO] Reply from ptd: 'Range A changed'
ptd-server 2023-02-22 07:54:47,309 [INFO] Starting testing mode
ptd-server 2023-02-22 07:54:47,310 [INFO] Sending to ptd: 'Go,1000,0,2023-02-22_07-43-24_testing'
ptd-server 2023-02-22 07:54:47,310 [INFO] Reply from ptd: 'Starting untimed measurement, maximum 500000 samples at 1000ms with 0 rampup samples'
ptd-server 2023-02-22 07:54:47,310 [INFO] Sending reply to client 'OK'
ptd-server 2023-02-22 08:05:18,887 [INFO] Got command from the client 'session,2023-02-22_07-43-24,stop,testing'
ptd-server 2023-02-22 08:05:28,897 [INFO] Sending to ptd: 'Stop'
ptd-server 2023-02-22 08:05:28,898 [INFO] Reply from ptd: 'Stopping untimed measurement'
ptd-server 2023-02-22 08:05:29,115 [INFO] Sending reply to client 'OK'
ptd-server 2023-02-22 08:05:29,122 [INFO] Got command from the client 'session,2023-02-22_07-43-24,done'
ptd-server 2023-02-22 08:05:29,122 [INFO] Sending to ptd: 'Stop'
ptd-server 2023-02-22 08:05:29,311 [INFO] Reply from ptd: 'Error: no measurement to stop'
ptd-server 2023-02-22 08:05:29,311 [INFO] Sending to ptd: 'SR,V,Auto'
ptd-server 2023-02-22 08:05:29,814 [INFO] Reply from ptd: 'Range V changed'
ptd-server 2023-02-22 08:05:29,814 [INFO] Sending to ptd: 'SR,A,Auto'
ptd-server 2023-02-22 08:05:30,316 [INFO] Reply from ptd: 'Range A changed'
ptd-server 2023-02-22 08:05:30,316 [INFO] Set initial values for Amps Auto and Volts Auto
ptd-server 2023-02-22 08:05:30,316 [INFO] Stopping ptd...
