ptd-server 2023-02-20 10:54:43,350 [INFO] Got command from the client 'time'
ptd-server 2023-02-20 10:54:43,350 [INFO] Sending reply to client '1676890483.3505685'
ptd-server 2023-02-20 10:54:43,351 [INFO] Got command from the client 'new,,a3ccbfb1-6d57-4701-ba71-4c48dfb3f328'
ptd-server 2023-02-20 10:54:43,352 [INFO] Sending reply to client 'OK 2023-02-20_10-54-43,83e0cd88-1b9e-4eb1-a38f-4e667b96a960'
ptd-server 2023-02-20 10:54:43,411 [INFO] Got command from the client 'time'
ptd-server 2023-02-20 10:54:43,411 [INFO] Sending reply to client '1676890483.411301'
ptd-server 2023-02-20 10:54:43,412 [INFO] Got command from the client 'session,2023-02-20_10-54-43,start,ranging'
ptd-server 2023-02-20 10:54:43,412 [INFO] Running PTDaemon: ['/home/anton/projects/mlperf/power/inference_v1.0/ptd-linux-x86', '-l', '/tmp/tmp4yl1neqp/ptd_logfile.txt', '-p', '8888', '49', '/dev/usbtmc0']
ptd-server 2023-02-20 10:55:00,485 [INFO] Sending to ptd: 'Hello'
ptd-server 2023-02-20 10:55:00,486 [INFO] Reply from ptd: 'Hello, PTDaemon here!'
ptd-server 2023-02-20 10:55:00,486 [INFO] Sending to ptd: 'Identify'
ptd-server 2023-02-20 10:55:00,486 [INFO] Reply from ptd: 'YokogawaWT310E,1000,1,1,1,1,0,1,1,version=1.10.0-ed9a21d2-20220817,OS=Linux 5.15.0-60-generic #66~20.04.1-Ubuntu SMP Wed Jan 25 09:41:30 UTC 2023 x86_64,mode=power,1,1,1,0,0,no_cal_date,YOKOGAWA;WT310E;C3XA04010E;F1.04'
ptd-server 2023-02-20 10:55:00,487 [INFO] Connected to PTDaemon
ptd-server 2023-02-20 10:55:00,487 [INFO] Sending to ptd: 'RR'
ptd-server 2023-02-20 10:55:00,487 [INFO] Reply from ptd: 'Ranges,1,0.100000,1,300.000000'
ptd-server 2023-02-20 10:55:00,487 [INFO] Initial range for Amps is Auto for Volts is Auto
ptd-server 2023-02-20 10:55:00,487 [INFO] Sending to ptd: 'SR,V,Auto'
ptd-server 2023-02-20 10:55:00,990 [INFO] Reply from ptd: 'Range V changed'
ptd-server 2023-02-20 10:55:00,990 [INFO] Sending to ptd: 'SR,A,Auto'
ptd-server 2023-02-20 10:55:01,493 [INFO] Reply from ptd: 'Range A changed'
ptd-server 2023-02-20 10:55:11,503 [INFO] Starting ranging mode
ptd-server 2023-02-20 10:55:11,503 [INFO] Sending to ptd: 'Go,1000,0,2023-02-20_10-54-43_ranging'
ptd-server 2023-02-20 10:55:11,504 [INFO] Reply from ptd: 'Starting untimed measurement, maximum 500000 samples at 1000ms with 0 rampup samples'
ptd-server 2023-02-20 10:55:11,504 [INFO] Sending reply to client 'OK'
ptd-server 2023-02-20 11:05:38,848 [INFO] Got command from the client 'session,2023-02-20_10-54-43,stop,ranging'
ptd-server 2023-02-20 11:05:48,858 [INFO] Sending to ptd: 'Stop'
ptd-server 2023-02-20 11:05:48,859 [INFO] Reply from ptd: 'Stopping untimed measurement'
ptd-server 2023-02-20 11:05:49,043 [INFO] Sending reply to client 'OK'
ptd-server 2023-02-20 11:05:49,116 [INFO] Got command from the client 'time'
ptd-server 2023-02-20 11:05:49,116 [INFO] Sending reply to client '1676891149.1169384'
ptd-server 2023-02-20 11:05:49,117 [INFO] Got command from the client 'session,2023-02-20_10-54-43,start,testing'
ptd-server 2023-02-20 11:05:49,118 [INFO] Sending to ptd: 'SR,V,253.700000'
ptd-server 2023-02-20 11:05:51,005 [INFO] Reply from ptd: 'Range V changed'
ptd-server 2023-02-20 11:05:51,006 [INFO] Sending to ptd: 'SR,A,0.062180'
ptd-server 2023-02-20 11:05:52,507 [INFO] Reply from ptd: 'Range A changed'
ptd-server 2023-02-20 11:06:02,517 [INFO] Starting testing mode
ptd-server 2023-02-20 11:06:02,517 [INFO] Sending to ptd: 'Go,1000,0,2023-02-20_10-54-43_testing'
ptd-server 2023-02-20 11:06:02,518 [INFO] Reply from ptd: 'Starting untimed measurement, maximum 500000 samples at 1000ms with 0 rampup samples'
ptd-server 2023-02-20 11:06:02,518 [INFO] Sending reply to client 'OK'
ptd-server 2023-02-20 11:16:29,841 [INFO] Got command from the client 'session,2023-02-20_10-54-43,stop,testing'
ptd-server 2023-02-20 11:16:39,851 [INFO] Sending to ptd: 'Stop'
ptd-server 2023-02-20 11:16:39,852 [INFO] Reply from ptd: 'Stopping untimed measurement'
ptd-server 2023-02-20 11:16:39,951 [INFO] Sending reply to client 'OK'
ptd-server 2023-02-20 11:16:39,959 [INFO] Got command from the client 'session,2023-02-20_10-54-43,done'
ptd-server 2023-02-20 11:16:39,959 [INFO] Sending to ptd: 'Stop'
ptd-server 2023-02-20 11:16:40,519 [INFO] Reply from ptd: 'Error: no measurement to stop'
ptd-server 2023-02-20 11:16:40,519 [INFO] Sending to ptd: 'SR,V,Auto'
ptd-server 2023-02-20 11:16:41,021 [INFO] Reply from ptd: 'Range V changed'
ptd-server 2023-02-20 11:16:41,022 [INFO] Sending to ptd: 'SR,A,Auto'
ptd-server 2023-02-20 11:16:41,524 [INFO] Reply from ptd: 'Range A changed'
ptd-server 2023-02-20 11:16:41,524 [INFO] Set initial values for Amps Auto and Volts Auto
ptd-server 2023-02-20 11:16:41,524 [INFO] Stopping ptd...
