ptd-server 2023-02-26 06:47:46,030 [INFO] Got command from the client 'time'
ptd-server 2023-02-26 06:47:46,030 [INFO] Sending reply to client '1677394066.030622'
ptd-server 2023-02-26 06:47:46,032 [INFO] Got command from the client 'new,,2ed30060-1b10-4303-b53f-a78e4d8463a9'
ptd-server 2023-02-26 06:47:46,032 [INFO] Sending reply to client 'OK 2023-02-26_06-47-46,b11ec809-9a6a-46b9-ba9f-a71ef81a04cc'
ptd-server 2023-02-26 06:47:46,054 [INFO] Got command from the client 'time'
ptd-server 2023-02-26 06:47:46,054 [INFO] Sending reply to client '1677394066.054713'
ptd-server 2023-02-26 06:47:46,056 [INFO] Got command from the client 'session,2023-02-26_06-47-46,start,ranging'
ptd-server 2023-02-26 06:47:46,057 [INFO] Running PTDaemon: ['/home/anton/projects/mlperf/power/inference_v1.0/ptd-linux-x86', '-l', '/tmp/tmpu4v721n6/ptd_logfile.txt', '-p', '8888', '49', '/dev/usbtmc0']
ptd-server 2023-02-26 06:48:03,145 [INFO] Sending to ptd: 'Hello'
ptd-server 2023-02-26 06:48:03,146 [INFO] Reply from ptd: 'Hello, PTDaemon here!'
ptd-server 2023-02-26 06:48:03,146 [INFO] Sending to ptd: 'Identify'
ptd-server 2023-02-26 06:48:03,146 [INFO] Reply from ptd: 'YokogawaWT310E,1000,1,1,1,1,0,1,1,version=1.10.0-ed9a21d2-20220817,OS=Linux 5.15.0-60-generic #66~20.04.1-Ubuntu SMP Wed Jan 25 09:41:30 UTC 2023 x86_64,mode=power,1,1,1,0,0,no_cal_date,YOKOGAWA;WT310E;C3XA04010E;F1.04'
ptd-server 2023-02-26 06:48:03,146 [INFO] Connected to PTDaemon
ptd-server 2023-02-26 06:48:03,146 [INFO] Sending to ptd: 'RR'
ptd-server 2023-02-26 06:48:03,147 [INFO] Reply from ptd: 'Ranges,0,0.100000,0,300.000000'
ptd-server 2023-02-26 06:48:03,147 [INFO] Initial range for Amps is 0.100000 for Volts is 300.000000
ptd-server 2023-02-26 06:48:03,147 [INFO] Sending to ptd: 'SR,V,Auto'
ptd-server 2023-02-26 06:48:03,649 [INFO] Reply from ptd: 'Range V changed'
ptd-server 2023-02-26 06:48:03,650 [INFO] Sending to ptd: 'SR,A,Auto'
ptd-server 2023-02-26 06:48:04,152 [INFO] Reply from ptd: 'Range A changed'
ptd-server 2023-02-26 06:48:14,162 [INFO] Starting ranging mode
ptd-server 2023-02-26 06:48:14,163 [INFO] Sending to ptd: 'Go,1000,0,2023-02-26_06-47-46_ranging'
ptd-server 2023-02-26 06:48:14,163 [INFO] Reply from ptd: 'Starting untimed measurement, maximum 500000 samples at 1000ms with 0 rampup samples'
ptd-server 2023-02-26 06:48:14,163 [INFO] Sending reply to client 'OK'
ptd-server 2023-02-26 06:58:29,600 [INFO] Got command from the client 'session,2023-02-26_06-47-46,stop,ranging'
ptd-server 2023-02-26 06:58:39,608 [INFO] Sending to ptd: 'Stop'
ptd-server 2023-02-26 06:58:39,608 [INFO] Reply from ptd: 'Stopping untimed measurement'
ptd-server 2023-02-26 06:58:39,825 [INFO] Sending reply to client 'OK'
ptd-server 2023-02-26 06:58:39,917 [INFO] Got command from the client 'time'
ptd-server 2023-02-26 06:58:39,917 [INFO] Sending reply to client '1677394719.9175193'
ptd-server 2023-02-26 06:58:39,922 [INFO] Got command from the client 'session,2023-02-26_06-47-46,start,testing'
ptd-server 2023-02-26 06:58:39,922 [INFO] Sending to ptd: 'SR,V,250.440000'
ptd-server 2023-02-26 06:58:41,664 [INFO] Reply from ptd: 'Range V changed'
ptd-server 2023-02-26 06:58:41,664 [INFO] Sending to ptd: 'SR,A,0.065620'
ptd-server 2023-02-26 06:58:43,166 [INFO] Reply from ptd: 'Range A changed'
ptd-server 2023-02-26 06:58:53,176 [INFO] Starting testing mode
ptd-server 2023-02-26 06:58:53,176 [INFO] Sending to ptd: 'Go,1000,0,2023-02-26_06-47-46_testing'
ptd-server 2023-02-26 06:58:53,176 [INFO] Reply from ptd: 'Starting untimed measurement, maximum 500000 samples at 1000ms with 0 rampup samples'
ptd-server 2023-02-26 06:58:53,177 [INFO] Sending reply to client 'OK'
ptd-server 2023-02-26 07:09:08,345 [INFO] Got command from the client 'session,2023-02-26_06-47-46,stop,testing'
ptd-server 2023-02-26 07:09:18,355 [INFO] Sending to ptd: 'Stop'
ptd-server 2023-02-26 07:09:18,356 [INFO] Reply from ptd: 'Stopping untimed measurement'
ptd-server 2023-02-26 07:09:18,470 [INFO] Sending reply to client 'OK'
ptd-server 2023-02-26 07:09:18,490 [INFO] Got command from the client 'session,2023-02-26_06-47-46,done'
ptd-server 2023-02-26 07:09:18,490 [INFO] Sending to ptd: 'Stop'
ptd-server 2023-02-26 07:09:19,177 [INFO] Reply from ptd: 'Error: no measurement to stop'
ptd-server 2023-02-26 07:09:19,177 [INFO] Sending to ptd: 'SR,V,300.000000'
ptd-server 2023-02-26 07:09:20,678 [INFO] Reply from ptd: 'Range V changed'
ptd-server 2023-02-26 07:09:20,678 [INFO] Sending to ptd: 'SR,A,0.100000'
ptd-server 2023-02-26 07:09:22,180 [INFO] Reply from ptd: 'Range A changed'
ptd-server 2023-02-26 07:09:22,180 [INFO] Set initial values for Amps 0.100000 and Volts 300.000000
ptd-server 2023-02-26 07:09:22,180 [INFO] Stopping ptd...
