ptd-server 2023-02-22 09:55:37,757 [INFO] Got command from the client 'time'
ptd-server 2023-02-22 09:55:37,757 [INFO] Sending reply to client '1677059737.7578773'
ptd-server 2023-02-22 09:55:37,759 [INFO] Got command from the client 'new,,da08f10e-83ba-4ed6-8a11-e9fe0c9583b0'
ptd-server 2023-02-22 09:55:37,759 [INFO] Sending reply to client 'OK 2023-02-22_09-55-37,122c568b-52c7-4218-9591-a6e3c6587657'
ptd-server 2023-02-22 09:55:37,780 [INFO] Got command from the client 'time'
ptd-server 2023-02-22 09:55:37,780 [INFO] Sending reply to client '1677059737.780601'
ptd-server 2023-02-22 09:55:37,781 [INFO] Got command from the client 'session,2023-02-22_09-55-37,start,ranging'
ptd-server 2023-02-22 09:55:37,781 [INFO] Running PTDaemon: ['/home/anton/projects/mlperf/power/inference_v1.0/ptd-linux-x86', '-l', '/tmp/tmp4yl1neqp/ptd_logfile.txt', '-p', '8888', '49', '/dev/usbtmc0']
ptd-server 2023-02-22 09:55:54,855 [INFO] Sending to ptd: 'Hello'
ptd-server 2023-02-22 09:55:54,856 [INFO] Reply from ptd: 'Hello, PTDaemon here!'
ptd-server 2023-02-22 09:55:54,856 [INFO] Sending to ptd: 'Identify'
ptd-server 2023-02-22 09:55:54,856 [INFO] Reply from ptd: 'YokogawaWT310E,1000,1,1,1,1,0,1,1,version=1.10.0-ed9a21d2-20220817,OS=Linux 5.15.0-60-generic #66~20.04.1-Ubuntu SMP Wed Jan 25 09:41:30 UTC 2023 x86_64,mode=power,1,1,1,0,0,no_cal_date,YOKOGAWA;WT310E;C3XA04010E;F1.04'
ptd-server 2023-02-22 09:55:54,856 [INFO] Connected to PTDaemon
ptd-server 2023-02-22 09:55:54,857 [INFO] Sending to ptd: 'RR'
ptd-server 2023-02-22 09:55:54,857 [INFO] Reply from ptd: 'Ranges,1,0.100000,1,300.000000'
ptd-server 2023-02-22 09:55:54,857 [INFO] Initial range for Amps is Auto for Volts is Auto
ptd-server 2023-02-22 09:55:54,857 [INFO] Sending to ptd: 'SR,V,Auto'
ptd-server 2023-02-22 09:55:55,360 [INFO] Reply from ptd: 'Range V changed'
ptd-server 2023-02-22 09:55:55,360 [INFO] Sending to ptd: 'SR,A,Auto'
ptd-server 2023-02-22 09:55:55,862 [INFO] Reply from ptd: 'Range A changed'
ptd-server 2023-02-22 09:56:05,873 [INFO] Starting ranging mode
ptd-server 2023-02-22 09:56:05,873 [INFO] Sending to ptd: 'Go,1000,0,2023-02-22_09-55-37_ranging'
ptd-server 2023-02-22 09:56:05,873 [INFO] Reply from ptd: 'Starting untimed measurement, maximum 500000 samples at 1000ms with 0 rampup samples'
ptd-server 2023-02-22 09:56:05,874 [INFO] Sending reply to client 'OK'
ptd-server 2023-02-22 10:06:37,383 [INFO] Got command from the client 'session,2023-02-22_09-55-37,stop,ranging'
ptd-server 2023-02-22 10:06:47,393 [INFO] Sending to ptd: 'Stop'
ptd-server 2023-02-22 10:06:47,394 [INFO] Reply from ptd: 'Stopping untimed measurement'
ptd-server 2023-02-22 10:06:47,824 [INFO] Sending reply to client 'OK'
ptd-server 2023-02-22 10:06:47,893 [INFO] Got command from the client 'time'
ptd-server 2023-02-22 10:06:47,893 [INFO] Sending reply to client '1677060407.8938117'
ptd-server 2023-02-22 10:06:47,894 [INFO] Got command from the client 'session,2023-02-22_09-55-37,start,testing'
ptd-server 2023-02-22 10:06:47,894 [INFO] Sending to ptd: 'SR,V,252.160000'
ptd-server 2023-02-22 10:06:49,396 [INFO] Reply from ptd: 'Range V changed'
ptd-server 2023-02-22 10:06:49,396 [INFO] Sending to ptd: 'SR,A,0.046720'
ptd-server 2023-02-22 10:06:50,897 [INFO] Reply from ptd: 'Range A changed'
ptd-server 2023-02-22 10:07:00,908 [INFO] Starting testing mode
ptd-server 2023-02-22 10:07:00,908 [INFO] Sending to ptd: 'Go,1000,0,2023-02-22_09-55-37_testing'
ptd-server 2023-02-22 10:07:00,908 [INFO] Reply from ptd: 'Starting untimed measurement, maximum 500000 samples at 1000ms with 0 rampup samples'
ptd-server 2023-02-22 10:07:00,909 [INFO] Sending reply to client 'OK'
ptd-server 2023-02-22 10:17:32,350 [INFO] Got command from the client 'session,2023-02-22_09-55-37,stop,testing'
ptd-server 2023-02-22 10:17:42,360 [INFO] Sending to ptd: 'Stop'
ptd-server 2023-02-22 10:17:42,360 [INFO] Reply from ptd: 'Stopping untimed measurement'
ptd-server 2023-02-22 10:17:42,587 [INFO] Sending reply to client 'OK'
ptd-server 2023-02-22 10:17:42,595 [INFO] Got command from the client 'session,2023-02-22_09-55-37,done'
ptd-server 2023-02-22 10:17:42,595 [INFO] Sending to ptd: 'Stop'
ptd-server 2023-02-22 10:17:42,908 [INFO] Reply from ptd: 'Error: no measurement to stop'
ptd-server 2023-02-22 10:17:42,908 [INFO] Sending to ptd: 'SR,V,Auto'
ptd-server 2023-02-22 10:17:43,411 [INFO] Reply from ptd: 'Range V changed'
ptd-server 2023-02-22 10:17:43,411 [INFO] Sending to ptd: 'SR,A,Auto'
ptd-server 2023-02-22 10:17:43,914 [INFO] Reply from ptd: 'Range A changed'
ptd-server 2023-02-22 10:17:43,914 [INFO] Set initial values for Amps Auto and Volts Auto
ptd-server 2023-02-22 10:17:43,914 [INFO] Stopping ptd...
