client 2023-02-23 01:44:29,348 [WARNING] Removing loadgen logs directory '/home/khadas/CK/ck-mlperf/program/image-classification-armnn-tflite-loadgen/tmp/loadgen_logs'
client 2023-02-23 01:44:29,350 [INFO] Sending command to the server: 'mlcommons/power client v3'
client 2023-02-23 01:44:29,351 [INFO] Got response: 'mlcommons/power server v3'
client 2023-02-23 01:44:29,351 [INFO] Synchronizing with the server and with time.google.com...
client 2023-02-23 01:44:29,443 [INFO] NTP:offset = -0.001 s, delay = 0.013 s 
client 2023-02-23 01:44:29,443 [INFO] Sending command to the server: 'time'
client 2023-02-23 01:44:29,444 [INFO] Got response: '1677116669.4447815'
client 2023-02-23 01:44:29,444 [INFO] The time difference between the client and the server is within range -1.234 ms..-0.138 ms
client 2023-02-23 01:44:29,444 [INFO] Sending command to the server: 'new,,c5a2f011-819f-4494-8f89-6ed3e1312630'
client 2023-02-23 01:44:29,446 [INFO] Got response: 'OK 2023-02-23_01-44-29,3addf2a7-94e6-4750-85b8-0f7e88ff1acc'
client 2023-02-23 01:44:29,446 [INFO] Session id is '2023-02-23_01-44-29'
client 2023-02-23 01:44:29,446 [INFO] Sources: {"sources": {"__init__.py": "da39a3ee5e6b4b0d3255bfef95601890afd80709", "client.py": "33ca4f26368777ac06e01f9567b714a4b8063886", "lib/__init__.py": "da39a3ee5e6b4b0d3255bfef95601890afd80709", "lib/client.py": "4c2b78fb4849a7e5b584ef792d82aaed20b17f57", "lib/common.py": "624d0c0acc7c39aaff3674f0b99d6a09da53d1dc", "lib/external/__init__.py": "da39a3ee5e6b4b0d3255bfef95601890afd80709", "lib/external/ntplib.py": "4da8f970656505a40483206ef2b5d3dd5e81711d", "lib/server.py": "cda0cdfaee9bfa1249c64a7dd4f89b7bf1b279f0", "lib/source_hashes.py": "60a2e02193209e8d392803326208d5466342da18", "lib/summary.py": "aa92f0a3f975eecd44d3c0cd0236342ccc9f941d", "lib/time_sync.py": "3210db56eb0ff0df57bf4293dc4d4b03fffd46f1", "server.py": "c3f90f2f7eeb4db30727556d0c815ebc89b3d28b", "tests/unit/__init__.py": "da39a3ee5e6b4b0d3255bfef95601890afd80709", "tests/unit/test_server.py": "99ae15aef722f2000ee6ed1ae1523637bf1ae42b", "tests/unit/test_source_hashes.py": "00468a2907583c593e6574a1f6b404e4651c221a"}, "modules": {"ptd_client_server.lib.client": "lib/client.py", "ptd_client_server.lib.common": "lib/common.py", "ptd_client_server.lib.external.ntplib": "lib/external/ntplib.py", "ptd_client_server.lib.source_hashes": "lib/source_hashes.py", "ptd_client_server.lib.summary": "lib/summary.py", "ptd_client_server.lib.time_sync": "lib/time_sync.py"}}
client 2023-02-23 01:44:29,446 [INFO] Running workload in ranging mode
client 2023-02-23 01:44:29,446 [INFO] Synchronizing with the server and with time.google.com...
client 2023-02-23 01:44:29,499 [INFO] NTP:offset = -0.001 s, delay = 0.011 s 
client 2023-02-23 01:44:29,500 [INFO] Sending command to the server: 'time'
client 2023-02-23 01:44:29,500 [INFO] Got response: '1677116669.5012357'
client 2023-02-23 01:44:29,501 [INFO] The time difference between the client and the server is within range -1.230 ms..-0.224 ms
client 2023-02-23 01:44:29,501 [INFO] Sending command to the server: 'session,2023-02-23_01-44-29,start,ranging'
client 2023-02-23 01:44:57,594 [INFO] Got response: 'OK'
client 2023-02-23 01:44:57,594 [INFO] Running the workload 'ck benchmark program:image-classification-armnn-tflite-loadgen --env.CK_SILENT_MODE=YES --skip_print_timers --dep_add_tags.compiler=gcc,v11 --dep_add_tags.python=v3 --dep_add_tags.mlperf-inference-src=r3.0 --dep_add_tags.weights=mobilenet,v1-0.5-192,quantized --dep_add_tags.images=crop.875,preprocessed,using-opencv --dep_add_tags.library=armnn,rel.22.11,opencl --env.CK_LOADGEN_DATASET_SIZE=1024 --env.USE_NEON=0 --env.USE_OPENCL=1 --env.CK_LOADGEN_MODE=PerformanceOnly --env.CK_LOADGEN_SCENARIO=SingleStream --env.CK_LOADGEN_TARGET_LATENCY=$CK_LOADGEN_TARGET_LATENCY --skip_stat_analysis --process_multi_keys --repetitions=1 --record --record_repo=local --record_uoa=mlperf_v3.0-open-vim4-armnn-v22.11-opencl-mobilenet-v1-0.5-192-quantized-singlestream-performance-target_latency.$CK_LOADGEN_TARGET_LATENCY-power.workload --tags=mlperf,round.v3.0,division.open,task.image-classification,platform.vim4,scenario.singlestream,mode.performance,workload.mobilenet-v1-0.5-192-quantized,preprocessed_using.opencv,inference_engine.armnn,inference_engine_version.v22.11,inference_engine_backend.opencl,target_latency.$CK_LOADGEN_TARGET_LATENCY,power.workload "@@@{\'meta\': {\'ck_benchmark_program\': \'ck benchmark program:image-classification-armnn-tflite-loadgen --env.CK_SILENT_MODE=YES --skip_print_timers --dep_add_tags.compiler=gcc,v11 --dep_add_tags.python=v3 --dep_add_tags.mlperf-inference-src=r3.0 --dep_add_tags.weights=mobilenet,v1-0.5-192,quantized --dep_add_tags.images=crop.875,preprocessed,using-opencv --dep_add_tags.library=armnn,rel.22.11,opencl --env.CK_LOADGEN_DATASET_SIZE=1024 --env.USE_NEON=0 --env.USE_OPENCL=1 --env.CK_LOADGEN_MODE=PerformanceOnly --env.CK_LOADGEN_SCENARIO=SingleStream --env.CK_LOADGEN_TARGET_LATENCY=$CK_LOADGEN_TARGET_LATENCY --skip_stat_analysis --process_multi_keys --repetitions=1 --record --record_repo=local --record_uoa=mlperf_v3.0-open-vim4-armnn-v22.11-opencl-mobilenet-v1-0.5-192-quantized-singlestream-performance-target_latency.$CK_LOADGEN_TARGET_LATENCY-power.workload --tags=mlperf,round.v3.0,division.open,task.image-classification,platform.vim4,scenario.singlestream,mode.performance,workload.mobilenet-v1-0.5-192-quantized,preprocessed_using.opencv,inference_engine.armnn,inference_engine_version.v22.11,inference_engine_backend.opencl,target_latency.$CK_LOADGEN_TARGET_LATENCY,power.workload\'}}" && cat `ck find program:image-classification-armnn-tflite-loadgen`/tmp/mlperf_log_summary.txt && mkdir -p "$CK_MLPERF_POWER_CLIENT_LOADGEN_LOGS" && cp "$CK_MLPERF_POWER_CLIENT_LOADGEN_LOGS"/../mlperf_log_* "$CK_MLPERF_POWER_CLIENT_LOADGEN_LOGS"/'
client 2023-02-23 01:55:21,200 [INFO] Sending command to the server: 'session,2023-02-23_01-44-29,stop,ranging'
client 2023-02-23 01:55:31,694 [INFO] Got response: 'OK'
client 2023-02-23 01:55:31,703 [INFO] Copying loadgen logs from '/home/khadas/CK/ck-mlperf/program/image-classification-armnn-tflite-loadgen/tmp/loadgen_logs' to '/home/khadas/CK/ck-mlperf/program/mlperf-power-client/tmp/2023-02-23_01-44-29/ranging'
client 2023-02-23 01:55:31,704 [INFO] Running workload in testing mode
client 2023-02-23 01:55:31,704 [INFO] Synchronizing with the server and with time.google.com...
client 2023-02-23 01:55:31,776 [INFO] NTP:offset = -0.000 s, delay = 0.012 s 
client 2023-02-23 01:55:31,776 [INFO] Sending command to the server: 'time'
client 2023-02-23 01:55:31,777 [INFO] Got response: '1677117331.7777967'
client 2023-02-23 01:55:31,777 [INFO] The time difference between the client and the server is within range -1.407 ms..-0.401 ms
client 2023-02-23 01:55:31,777 [INFO] Sending command to the server: 'session,2023-02-23_01-44-29,start,testing'
client 2023-02-23 01:55:44,792 [INFO] Got response: 'OK'
client 2023-02-23 01:55:44,792 [INFO] Running the workload 'ck benchmark program:image-classification-armnn-tflite-loadgen --env.CK_SILENT_MODE=YES --skip_print_timers --dep_add_tags.compiler=gcc,v11 --dep_add_tags.python=v3 --dep_add_tags.mlperf-inference-src=r3.0 --dep_add_tags.weights=mobilenet,v1-0.5-192,quantized --dep_add_tags.images=crop.875,preprocessed,using-opencv --dep_add_tags.library=armnn,rel.22.11,opencl --env.CK_LOADGEN_DATASET_SIZE=1024 --env.USE_NEON=0 --env.USE_OPENCL=1 --env.CK_LOADGEN_MODE=PerformanceOnly --env.CK_LOADGEN_SCENARIO=SingleStream --env.CK_LOADGEN_TARGET_LATENCY=$CK_LOADGEN_TARGET_LATENCY --skip_stat_analysis --process_multi_keys --repetitions=1 --record --record_repo=local --record_uoa=mlperf_v3.0-open-vim4-armnn-v22.11-opencl-mobilenet-v1-0.5-192-quantized-singlestream-performance-target_latency.$CK_LOADGEN_TARGET_LATENCY-power.workload --tags=mlperf,round.v3.0,division.open,task.image-classification,platform.vim4,scenario.singlestream,mode.performance,workload.mobilenet-v1-0.5-192-quantized,preprocessed_using.opencv,inference_engine.armnn,inference_engine_version.v22.11,inference_engine_backend.opencl,target_latency.$CK_LOADGEN_TARGET_LATENCY,power.workload "@@@{\'meta\': {\'ck_benchmark_program\': \'ck benchmark program:image-classification-armnn-tflite-loadgen --env.CK_SILENT_MODE=YES --skip_print_timers --dep_add_tags.compiler=gcc,v11 --dep_add_tags.python=v3 --dep_add_tags.mlperf-inference-src=r3.0 --dep_add_tags.weights=mobilenet,v1-0.5-192,quantized --dep_add_tags.images=crop.875,preprocessed,using-opencv --dep_add_tags.library=armnn,rel.22.11,opencl --env.CK_LOADGEN_DATASET_SIZE=1024 --env.USE_NEON=0 --env.USE_OPENCL=1 --env.CK_LOADGEN_MODE=PerformanceOnly --env.CK_LOADGEN_SCENARIO=SingleStream --env.CK_LOADGEN_TARGET_LATENCY=$CK_LOADGEN_TARGET_LATENCY --skip_stat_analysis --process_multi_keys --repetitions=1 --record --record_repo=local --record_uoa=mlperf_v3.0-open-vim4-armnn-v22.11-opencl-mobilenet-v1-0.5-192-quantized-singlestream-performance-target_latency.$CK_LOADGEN_TARGET_LATENCY-power.workload --tags=mlperf,round.v3.0,division.open,task.image-classification,platform.vim4,scenario.singlestream,mode.performance,workload.mobilenet-v1-0.5-192-quantized,preprocessed_using.opencv,inference_engine.armnn,inference_engine_version.v22.11,inference_engine_backend.opencl,target_latency.$CK_LOADGEN_TARGET_LATENCY,power.workload\'}}" && cat `ck find program:image-classification-armnn-tflite-loadgen`/tmp/mlperf_log_summary.txt && mkdir -p "$CK_MLPERF_POWER_CLIENT_LOADGEN_LOGS" && cp "$CK_MLPERF_POWER_CLIENT_LOADGEN_LOGS"/../mlperf_log_* "$CK_MLPERF_POWER_CLIENT_LOADGEN_LOGS"/'
client 2023-02-23 02:06:08,397 [INFO] Sending command to the server: 'session,2023-02-23_01-44-29,stop,testing'
client 2023-02-23 02:06:18,669 [INFO] Got response: 'OK'
client 2023-02-23 02:06:18,671 [INFO] Copying loadgen logs from '/home/khadas/CK/ck-mlperf/program/image-classification-armnn-tflite-loadgen/tmp/loadgen_logs' to '/home/khadas/CK/ck-mlperf/program/mlperf-power-client/tmp/2023-02-23_01-44-29/run_1'
client 2023-02-23 02:06:18,672 [INFO] Done runs
