ptd-server 2023-02-25 18:31:47,840 [INFO] Got command from the client 'time'
ptd-server 2023-02-25 18:31:47,840 [INFO] Sending reply to client '1677349907.8402908'
ptd-server 2023-02-25 18:31:47,842 [INFO] Got command from the client 'new,,6b032156-c2d7-4715-bf42-4b18179346ed'
ptd-server 2023-02-25 18:31:47,842 [INFO] Sending reply to client 'OK 2023-02-25_18-31-47,7f920cad-d641-47de-be92-b10b11e61afc'
ptd-server 2023-02-25 18:31:47,869 [INFO] Got command from the client 'time'
ptd-server 2023-02-25 18:31:47,870 [INFO] Sending reply to client '1677349907.87006'
ptd-server 2023-02-25 18:31:47,871 [INFO] Got command from the client 'session,2023-02-25_18-31-47,start,ranging'
ptd-server 2023-02-25 18:31:47,872 [INFO] Running PTDaemon: ['/home/anton/projects/mlperf/power/inference_v1.0/ptd-linux-x86', '-l', '/tmp/tmpu4v721n6/ptd_logfile.txt', '-p', '8888', '49', '/dev/usbtmc0']
ptd-server 2023-02-25 18:32:04,958 [INFO] Sending to ptd: 'Hello'
ptd-server 2023-02-25 18:32:04,958 [INFO] Reply from ptd: 'Hello, PTDaemon here!'
ptd-server 2023-02-25 18:32:04,958 [INFO] Sending to ptd: 'Identify'
ptd-server 2023-02-25 18:32:04,959 [INFO] Reply from ptd: 'YokogawaWT310E,1000,1,1,1,1,0,1,1,version=1.10.0-ed9a21d2-20220817,OS=Linux 5.15.0-60-generic #66~20.04.1-Ubuntu SMP Wed Jan 25 09:41:30 UTC 2023 x86_64,mode=power,1,1,1,0,0,no_cal_date,YOKOGAWA;WT310E;C3XA04010E;F1.04'
ptd-server 2023-02-25 18:32:04,959 [INFO] Connected to PTDaemon
ptd-server 2023-02-25 18:32:04,959 [INFO] Sending to ptd: 'RR'
ptd-server 2023-02-25 18:32:04,959 [INFO] Reply from ptd: 'Ranges,0,0.100000,0,300.000000'
ptd-server 2023-02-25 18:32:04,959 [INFO] Initial range for Amps is 0.100000 for Volts is 300.000000
ptd-server 2023-02-25 18:32:04,959 [INFO] Sending to ptd: 'SR,V,Auto'
ptd-server 2023-02-25 18:32:05,462 [INFO] Reply from ptd: 'Range V changed'
ptd-server 2023-02-25 18:32:05,462 [INFO] Sending to ptd: 'SR,A,Auto'
ptd-server 2023-02-25 18:32:05,964 [INFO] Reply from ptd: 'Range A changed'
ptd-server 2023-02-25 18:32:15,975 [INFO] Starting ranging mode
ptd-server 2023-02-25 18:32:15,975 [INFO] Sending to ptd: 'Go,1000,0,2023-02-25_18-31-47_ranging'
ptd-server 2023-02-25 18:32:15,975 [INFO] Reply from ptd: 'Starting untimed measurement, maximum 500000 samples at 1000ms with 0 rampup samples'
ptd-server 2023-02-25 18:32:15,975 [INFO] Sending reply to client 'OK'
ptd-server 2023-02-25 18:42:31,055 [INFO] Got command from the client 'session,2023-02-25_18-31-47,stop,ranging'
ptd-server 2023-02-25 18:42:41,065 [INFO] Sending to ptd: 'Stop'
ptd-server 2023-02-25 18:42:41,066 [INFO] Reply from ptd: 'Stopping untimed measurement'
ptd-server 2023-02-25 18:42:41,199 [INFO] Sending reply to client 'OK'
ptd-server 2023-02-25 18:42:41,270 [INFO] Got command from the client 'time'
ptd-server 2023-02-25 18:42:41,270 [INFO] Sending reply to client '1677350561.2705188'
ptd-server 2023-02-25 18:42:41,273 [INFO] Got command from the client 'session,2023-02-25_18-31-47,start,testing'
ptd-server 2023-02-25 18:42:41,273 [INFO] Sending to ptd: 'SR,V,249.730000'
ptd-server 2023-02-25 18:42:43,476 [INFO] Reply from ptd: 'Range V changed'
ptd-server 2023-02-25 18:42:43,476 [INFO] Sending to ptd: 'SR,A,0.046040'
ptd-server 2023-02-25 18:42:44,978 [INFO] Reply from ptd: 'Range A changed'
ptd-server 2023-02-25 18:42:54,988 [INFO] Starting testing mode
ptd-server 2023-02-25 18:42:54,988 [INFO] Sending to ptd: 'Go,1000,0,2023-02-25_18-31-47_testing'
ptd-server 2023-02-25 18:42:54,988 [INFO] Reply from ptd: 'Starting untimed measurement, maximum 500000 samples at 1000ms with 0 rampup samples'
ptd-server 2023-02-25 18:42:54,989 [INFO] Sending reply to client 'OK'
ptd-server 2023-02-25 18:53:10,147 [INFO] Got command from the client 'session,2023-02-25_18-31-47,stop,testing'
ptd-server 2023-02-25 18:53:20,150 [INFO] Sending to ptd: 'Stop'
ptd-server 2023-02-25 18:53:20,151 [INFO] Reply from ptd: 'Stopping untimed measurement'
ptd-server 2023-02-25 18:53:20,219 [INFO] Sending reply to client 'OK'
ptd-server 2023-02-25 18:53:20,244 [INFO] Got command from the client 'session,2023-02-25_18-31-47,done'
ptd-server 2023-02-25 18:53:20,244 [INFO] Sending to ptd: 'Stop'
ptd-server 2023-02-25 18:53:20,989 [INFO] Reply from ptd: 'Error: no measurement to stop'
ptd-server 2023-02-25 18:53:20,989 [INFO] Sending to ptd: 'SR,V,300.000000'
ptd-server 2023-02-25 18:53:22,490 [INFO] Reply from ptd: 'Range V changed'
ptd-server 2023-02-25 18:53:22,490 [INFO] Sending to ptd: 'SR,A,0.100000'
ptd-server 2023-02-25 18:53:23,992 [INFO] Reply from ptd: 'Range A changed'
ptd-server 2023-02-25 18:53:23,992 [INFO] Set initial values for Amps 0.100000 and Volts 300.000000
ptd-server 2023-02-25 18:53:23,992 [INFO] Stopping ptd...
