client 2023-02-12 13:37:06,669 [INFO] Creating output directory '/home/arjun/CM/repos/octoml@ck/cm-mlops/script/run-mlperf-inference-app/valid_results/arjun_orin-tflite_cpp-cpu-armnn_tflite-v22.11-default_config/mobilenet-v2-precision_float-1.0-224/singlestream/performance/tmp_power'
client 2023-02-12 13:37:06,729 [INFO] Sending command to the server: 'mlcommons/power client v3'
client 2023-02-12 13:37:06,732 [INFO] Got response: 'mlcommons/power server v3'
client 2023-02-12 13:37:06,732 [INFO] Synchronizing with the server and with time.google.com...
client 2023-02-12 13:37:06,758 [INFO] NTP:offset = -0.001 s, delay = 0.018 s 
client 2023-02-12 13:37:06,759 [INFO] Sending command to the server: 'time'
client 2023-02-12 13:37:06,766 [INFO] Got response: '1676209026.7616916'
client 2023-02-12 13:37:06,766 [INFO] The time difference between the client and the server is within range -2.344 ms..4.945 ms
client 2023-02-12 13:37:06,766 [INFO] Sending command to the server: 'new,,c2134170-eb1e-4f52-96ce-bd02dea3b7f2'
client 2023-02-12 13:37:06,771 [INFO] Got response: 'OK 2023-02-12_13-37-06,cb4928f9-c699-4f1c-8ad1-056a513b730e'
client 2023-02-12 13:37:06,771 [INFO] Session id is '2023-02-12_13-37-06'
client 2023-02-12 13:37:06,771 [INFO] Sources: {"sources": {"__init__.py": "da39a3ee5e6b4b0d3255bfef95601890afd80709", "client.py": "33ca4f26368777ac06e01f9567b714a4b8063886", "lib/__init__.py": "da39a3ee5e6b4b0d3255bfef95601890afd80709", "lib/client.py": "4c2b78fb4849a7e5b584ef792d82aaed20b17f57", "lib/common.py": "624d0c0acc7c39aaff3674f0b99d6a09da53d1dc", "lib/external/__init__.py": "da39a3ee5e6b4b0d3255bfef95601890afd80709", "lib/external/ntplib.py": "4da8f970656505a40483206ef2b5d3dd5e81711d", "lib/server.py": "cda0cdfaee9bfa1249c64a7dd4f89b7bf1b279f0", "lib/source_hashes.py": "60a2e02193209e8d392803326208d5466342da18", "lib/summary.py": "aa92f0a3f975eecd44d3c0cd0236342ccc9f941d", "lib/time_sync.py": "3210db56eb0ff0df57bf4293dc4d4b03fffd46f1", "server.py": "c3f90f2f7eeb4db30727556d0c815ebc89b3d28b", "tests/unit/__init__.py": "da39a3ee5e6b4b0d3255bfef95601890afd80709", "tests/unit/test_server.py": "99ae15aef722f2000ee6ed1ae1523637bf1ae42b", "tests/unit/test_source_hashes.py": "00468a2907583c593e6574a1f6b404e4651c221a"}, "modules": {"ptd_client_server.lib.client": "lib/client.py", "ptd_client_server.lib.common": "lib/common.py", "ptd_client_server.lib.external.ntplib": "lib/external/ntplib.py", "ptd_client_server.lib.source_hashes": "lib/source_hashes.py", "ptd_client_server.lib.summary": "lib/summary.py", "ptd_client_server.lib.time_sync": "lib/time_sync.py"}}
client 2023-02-12 13:37:06,772 [INFO] Running workload in ranging mode
client 2023-02-12 13:37:06,772 [INFO] Synchronizing with the server and with time.google.com...
client 2023-02-12 13:37:06,790 [INFO] NTP:offset = -0.001 s, delay = 0.015 s 
client 2023-02-12 13:37:06,790 [INFO] Sending command to the server: 'time'
client 2023-02-12 13:37:06,793 [INFO] Got response: '1676209026.7921302'
client 2023-02-12 13:37:06,793 [INFO] The time difference between the client and the server is within range -1.679 ms..1.593 ms
client 2023-02-12 13:37:06,793 [INFO] Sending command to the server: 'session,2023-02-12_13-37-06,start,ranging'
client 2023-02-12 13:37:34,921 [INFO] Got response: 'OK'
client 2023-02-12 13:37:34,922 [INFO] Running the workload '/home/arjun/CM/repos/octoml@ck/cm-mlops/script/run-mlperf-inference-app/run.out'
client 2023-02-12 13:47:38,308 [INFO] Sending command to the server: 'session,2023-02-12_13-37-06,stop,ranging'
client 2023-02-12 13:47:48,462 [INFO] Got response: 'OK'
client 2023-02-12 13:47:48,483 [INFO] Copying loadgen logs from '/home/arjun/CM/repos/octoml@ck/cm-mlops/script/run-mlperf-inference-app/valid_results/arjun_orin-tflite_cpp-cpu-armnn_tflite-v22.11-default_config/mobilenet-v2-precision_float-1.0-224/singlestream/performance/run_1' to '/home/arjun/CM/repos/octoml@ck/cm-mlops/script/run-mlperf-inference-app/valid_results/arjun_orin-tflite_cpp-cpu-armnn_tflite-v22.11-default_config/mobilenet-v2-precision_float-1.0-224/singlestream/performance/tmp_power/ranging'
client 2023-02-12 13:47:48,485 [INFO] Running workload in testing mode
client 2023-02-12 13:47:48,486 [INFO] Synchronizing with the server and with time.google.com...
client 2023-02-12 13:47:48,521 [INFO] NTP:offset = -0.001 s, delay = 0.017 s 
client 2023-02-12 13:47:48,521 [INFO] Sending command to the server: 'time'
client 2023-02-12 13:47:48,525 [INFO] Got response: '1676209668.5254076'
client 2023-02-12 13:47:48,525 [INFO] The time difference between the client and the server is within range -3.660 ms..0.251 ms
client 2023-02-12 13:47:48,526 [INFO] Sending command to the server: 'session,2023-02-12_13-37-06,start,testing'
client 2023-02-12 13:48:01,932 [INFO] Got response: 'OK'
client 2023-02-12 13:48:01,932 [INFO] Running the workload '/home/arjun/CM/repos/octoml@ck/cm-mlops/script/run-mlperf-inference-app/run.out'
client 2023-02-12 13:58:02,573 [INFO] Sending command to the server: 'session,2023-02-12_13-37-06,stop,testing'
client 2023-02-12 13:58:12,781 [INFO] Got response: 'OK'
client 2023-02-12 13:58:12,785 [INFO] Copying loadgen logs from '/home/arjun/CM/repos/octoml@ck/cm-mlops/script/run-mlperf-inference-app/valid_results/arjun_orin-tflite_cpp-cpu-armnn_tflite-v22.11-default_config/mobilenet-v2-precision_float-1.0-224/singlestream/performance/run_1' to '/home/arjun/CM/repos/octoml@ck/cm-mlops/script/run-mlperf-inference-app/valid_results/arjun_orin-tflite_cpp-cpu-armnn_tflite-v22.11-default_config/mobilenet-v2-precision_float-1.0-224/singlestream/performance/tmp_power/run_1'
client 2023-02-12 13:58:12,788 [INFO] Done runs
