client 2023-02-26 11:55:12,845 [INFO] Creating output directory '/home/arjun/mobilenet_results/valid_results/arjun_orin-tflite_armnn_cpp-cpu-armnn_tflite-v22.11-using_neon/mobilenet-v1-precision_float-0.75-224/singlestream/performance/tmp_power'
client 2023-02-26 11:55:13,296 [INFO] Sending command to the server: 'mlcommons/power client v3'
client 2023-02-26 11:55:13,299 [INFO] Got response: 'mlcommons/power server v3'
client 2023-02-26 11:55:13,299 [INFO] Synchronizing with the server and with time.google.com...
client 2023-02-26 11:55:13,326 [INFO] NTP:offset = 0.007 s, delay = 0.015 s 
client 2023-02-26 11:55:13,326 [INFO] Sending command to the server: 'time'
client 2023-02-26 11:55:13,331 [INFO] Got response: '1677412513.3389134'
client 2023-02-26 11:55:13,331 [INFO] The time difference between the client and the server is within range -12.682 ms..-7.449 ms
client 2023-02-26 11:55:13,331 [INFO] Sending command to the server: 'new,,1729e602-d89f-4e5d-9149-9771920a8028'
client 2023-02-26 11:55:13,337 [INFO] Got response: 'OK 2023-02-26_11-55-13,8bee8fc7-63e8-4e45-bc58-45880efbd8e7'
client 2023-02-26 11:55:13,337 [INFO] Session id is '2023-02-26_11-55-13'
client 2023-02-26 11:55:13,337 [INFO] Sources: {"sources": {"__init__.py": "da39a3ee5e6b4b0d3255bfef95601890afd80709", "client.py": "33ca4f26368777ac06e01f9567b714a4b8063886", "lib/__init__.py": "da39a3ee5e6b4b0d3255bfef95601890afd80709", "lib/client.py": "4c2b78fb4849a7e5b584ef792d82aaed20b17f57", "lib/common.py": "624d0c0acc7c39aaff3674f0b99d6a09da53d1dc", "lib/external/__init__.py": "da39a3ee5e6b4b0d3255bfef95601890afd80709", "lib/external/ntplib.py": "4da8f970656505a40483206ef2b5d3dd5e81711d", "lib/server.py": "cda0cdfaee9bfa1249c64a7dd4f89b7bf1b279f0", "lib/source_hashes.py": "60a2e02193209e8d392803326208d5466342da18", "lib/summary.py": "aa92f0a3f975eecd44d3c0cd0236342ccc9f941d", "lib/time_sync.py": "3210db56eb0ff0df57bf4293dc4d4b03fffd46f1", "server.py": "c3f90f2f7eeb4db30727556d0c815ebc89b3d28b", "tests/unit/__init__.py": "da39a3ee5e6b4b0d3255bfef95601890afd80709", "tests/unit/test_server.py": "99ae15aef722f2000ee6ed1ae1523637bf1ae42b", "tests/unit/test_source_hashes.py": "00468a2907583c593e6574a1f6b404e4651c221a"}, "modules": {"ptd_client_server.lib.client": "lib/client.py", "ptd_client_server.lib.common": "lib/common.py", "ptd_client_server.lib.external.ntplib": "lib/external/ntplib.py", "ptd_client_server.lib.source_hashes": "lib/source_hashes.py", "ptd_client_server.lib.summary": "lib/summary.py", "ptd_client_server.lib.time_sync": "lib/time_sync.py"}}
client 2023-02-26 11:55:13,337 [INFO] Running workload in ranging mode
client 2023-02-26 11:55:13,337 [INFO] Synchronizing with the server and with time.google.com...
client 2023-02-26 11:55:13,351 [INFO] NTP:offset = 0.008 s, delay = 0.013 s 
client 2023-02-26 11:55:13,351 [INFO] Sending command to the server: 'time'
client 2023-02-26 11:55:13,356 [INFO] Got response: '1677412513.3634346'
client 2023-02-26 11:55:13,356 [INFO] The time difference between the client and the server is within range -11.722 ms..-6.755 ms
client 2023-02-26 11:55:13,356 [INFO] Sending command to the server: 'session,2023-02-26_11-55-13,start,ranging'
client 2023-02-26 11:55:41,485 [INFO] Got response: 'OK'
client 2023-02-26 11:55:41,485 [INFO] Running the workload '/home/arjun/run.out'
client 2023-02-26 12:07:03,966 [INFO] Sending command to the server: 'session,2023-02-26_11-55-13,stop,ranging'
client 2023-02-26 12:07:14,256 [INFO] Got response: 'OK'
client 2023-02-26 12:07:14,298 [INFO] Copying loadgen logs from '/home/arjun/mobilenet_results/valid_results/arjun_orin-tflite_armnn_cpp-cpu-armnn_tflite-v22.11-using_neon/mobilenet-v1-precision_float-0.75-224/singlestream/performance/run_1' to '/home/arjun/mobilenet_results/valid_results/arjun_orin-tflite_armnn_cpp-cpu-armnn_tflite-v22.11-using_neon/mobilenet-v1-precision_float-0.75-224/singlestream/performance/tmp_power/ranging'
client 2023-02-26 12:07:14,301 [INFO] Running workload in testing mode
client 2023-02-26 12:07:14,301 [INFO] Synchronizing with the server and with time.google.com...
client 2023-02-26 12:07:14,320 [INFO] NTP:offset = 0.010 s, delay = 0.014 s 
client 2023-02-26 12:07:14,321 [INFO] Sending command to the server: 'time'
client 2023-02-26 12:07:14,325 [INFO] Got response: '1677413234.3353155'
client 2023-02-26 12:07:14,325 [INFO] The time difference between the client and the server is within range -13.764 ms..-9.672 ms
client 2023-02-26 12:07:14,325 [INFO] Sending command to the server: 'session,2023-02-26_11-55-13,start,testing'
client 2023-02-26 12:07:27,500 [INFO] Got response: 'OK'
client 2023-02-26 12:07:27,502 [INFO] Running the workload '/home/arjun/run.out'
client 2023-02-26 12:18:36,248 [INFO] Sending command to the server: 'session,2023-02-26_11-55-13,stop,testing'
client 2023-02-26 12:18:46,396 [INFO] Got response: 'OK'
client 2023-02-26 12:18:46,398 [INFO] Copying loadgen logs from '/home/arjun/mobilenet_results/valid_results/arjun_orin-tflite_armnn_cpp-cpu-armnn_tflite-v22.11-using_neon/mobilenet-v1-precision_float-0.75-224/singlestream/performance/run_1' to '/home/arjun/mobilenet_results/valid_results/arjun_orin-tflite_armnn_cpp-cpu-armnn_tflite-v22.11-using_neon/mobilenet-v1-precision_float-0.75-224/singlestream/performance/tmp_power/run_1'
client 2023-02-26 12:18:46,398 [INFO] Done runs
