ptd-server 2023-02-12 16:26:41,263 [INFO] Got command from the client 'time'
ptd-server 2023-02-12 16:26:41,263 [INFO] Sending reply to client '1676219201.26375'
ptd-server 2023-02-12 16:26:41,267 [INFO] Got command from the client 'new,,05414e3f-4cc5-488d-babb-b4f24975fa2c'
ptd-server 2023-02-12 16:26:41,269 [INFO] Sending reply to client 'OK 2023-02-12_16-26-41,636f0f73-6d6a-42ed-b00d-8b85002d018e'
ptd-server 2023-02-12 16:26:41,294 [INFO] Got command from the client 'time'
ptd-server 2023-02-12 16:26:41,294 [INFO] Sending reply to client '1676219201.2947354'
ptd-server 2023-02-12 16:26:41,297 [INFO] Got command from the client 'session,2023-02-12_16-26-41,start,ranging'
ptd-server 2023-02-12 16:26:41,298 [INFO] Running PTDaemon: ['/media/arjun/T7_Touch/hp-envy/CM/repos/local/cache/9b3695ca8255492a/power/inference_v1.0/ptd-linux-x86', '-l', '/tmp/tmp6_9o2crq/ptd_logfile.txt', '-p', '8888', '49', '/dev/usbtmc0']
ptd-server 2023-02-12 16:26:58,393 [INFO] Sending to ptd: 'Hello'
ptd-server 2023-02-12 16:26:58,394 [INFO] Reply from ptd: 'Hello, PTDaemon here!'
ptd-server 2023-02-12 16:26:58,394 [INFO] Sending to ptd: 'Identify'
ptd-server 2023-02-12 16:26:58,395 [INFO] Reply from ptd: 'YokogawaWT310E,1000,1,1,1,1,0,1,1,version=1.10.0-ed9a21d2-20220817,OS=Linux 5.15.0-56-generic #62-Ubuntu SMP Tue Nov 22 19:54:14 UTC 2022 x86_64,mode=power,1,1,1,0,0,no_cal_date,YOKOGAWA;WT310E;C3YD21068E;F1.04'
ptd-server 2023-02-12 16:26:58,395 [INFO] Connected to PTDaemon
ptd-server 2023-02-12 16:26:58,396 [INFO] Sending to ptd: 'RR'
ptd-server 2023-02-12 16:26:58,396 [INFO] Reply from ptd: 'Ranges,0,0.100000,0,600.000000'
ptd-server 2023-02-12 16:26:58,397 [INFO] Initial range for Amps is 0.100000 for Volts is 600.000000
ptd-server 2023-02-12 16:26:58,397 [INFO] Sending to ptd: 'SR,V,Auto'
ptd-server 2023-02-12 16:26:58,900 [INFO] Reply from ptd: 'Range V changed'
ptd-server 2023-02-12 16:26:58,901 [INFO] Sending to ptd: 'SR,A,Auto'
ptd-server 2023-02-12 16:26:59,404 [INFO] Reply from ptd: 'Range A changed'
ptd-server 2023-02-12 16:27:09,416 [INFO] Starting ranging mode
ptd-server 2023-02-12 16:27:09,416 [INFO] Sending to ptd: 'Go,1000,0,2023-02-12_16-26-41_ranging'
ptd-server 2023-02-12 16:27:09,417 [INFO] Reply from ptd: 'Starting untimed measurement, maximum 500000 samples at 1000ms with 0 rampup samples'
ptd-server 2023-02-12 16:27:09,417 [INFO] Sending reply to client 'OK'
ptd-server 2023-02-12 16:37:11,301 [INFO] Got command from the client 'session,2023-02-12_16-26-41,stop,ranging'
ptd-server 2023-02-12 16:37:21,312 [INFO] Sending to ptd: 'Stop'
ptd-server 2023-02-12 16:37:21,313 [INFO] Reply from ptd: 'Stopping untimed measurement'
ptd-server 2023-02-12 16:37:21,376 [INFO] Sending reply to client 'OK'
ptd-server 2023-02-12 16:37:21,460 [INFO] Got command from the client 'time'
ptd-server 2023-02-12 16:37:21,460 [INFO] Sending reply to client '1676219841.460521'
ptd-server 2023-02-12 16:37:21,464 [INFO] Got command from the client 'session,2023-02-12_16-26-41,start,testing'
ptd-server 2023-02-12 16:37:21,464 [INFO] Sending to ptd: 'SR,V,248.710000'
ptd-server 2023-02-12 16:37:22,967 [INFO] Reply from ptd: 'Range V changed'
ptd-server 2023-02-12 16:37:22,967 [INFO] Sending to ptd: 'SR,A,0.229730'
ptd-server 2023-02-12 16:37:24,470 [INFO] Reply from ptd: 'Range A changed'
ptd-server 2023-02-12 16:37:34,481 [INFO] Starting testing mode
ptd-server 2023-02-12 16:37:34,481 [INFO] Sending to ptd: 'Go,1000,0,2023-02-12_16-26-41_testing'
ptd-server 2023-02-12 16:37:34,482 [INFO] Reply from ptd: 'Starting untimed measurement, maximum 500000 samples at 1000ms with 0 rampup samples'
ptd-server 2023-02-12 16:37:34,482 [INFO] Sending reply to client 'OK'
ptd-server 2023-02-12 16:47:35,321 [INFO] Got command from the client 'session,2023-02-12_16-26-41,stop,testing'
ptd-server 2023-02-12 16:47:45,332 [INFO] Sending to ptd: 'Stop'
ptd-server 2023-02-12 16:47:45,333 [INFO] Reply from ptd: 'Stopping untimed measurement'
ptd-server 2023-02-12 16:47:45,366 [INFO] Sending reply to client 'OK'
ptd-server 2023-02-12 16:47:45,381 [INFO] Got command from the client 'session,2023-02-12_16-26-41,done'
ptd-server 2023-02-12 16:47:45,381 [INFO] Sending to ptd: 'Stop'
ptd-server 2023-02-12 16:47:45,483 [INFO] Reply from ptd: 'Error: no measurement to stop'
ptd-server 2023-02-12 16:47:45,483 [INFO] Sending to ptd: 'SR,V,600.000000'
ptd-server 2023-02-12 16:47:46,986 [INFO] Reply from ptd: 'Range V changed'
ptd-server 2023-02-12 16:47:46,987 [INFO] Sending to ptd: 'SR,A,0.100000'
ptd-server 2023-02-12 16:47:48,489 [INFO] Reply from ptd: 'Range A changed'
ptd-server 2023-02-12 16:47:48,490 [INFO] Set initial values for Amps 0.100000 and Volts 600.000000
ptd-server 2023-02-12 16:47:48,490 [INFO] Stopping ptd...
