ptd-server 2023-02-12 00:15:05,377 [INFO] Got command from the client 'time'
ptd-server 2023-02-12 00:15:05,377 [INFO] Sending reply to client '1676160905.377735'
ptd-server 2023-02-12 00:15:05,381 [INFO] Got command from the client 'new,,63aca5f7-f5f5-47b6-bf56-7e584dbb718b'
ptd-server 2023-02-12 00:15:05,382 [INFO] Sending reply to client 'OK 2023-02-12_00-15-05,1f76e5a2-83b7-4ff4-b01a-29ebf9a70e19'
ptd-server 2023-02-12 00:15:05,406 [INFO] Got command from the client 'time'
ptd-server 2023-02-12 00:15:05,407 [INFO] Sending reply to client '1676160905.4072547'
ptd-server 2023-02-12 00:15:05,411 [INFO] Got command from the client 'session,2023-02-12_00-15-05,start,ranging'
ptd-server 2023-02-12 00:15:05,412 [INFO] Running PTDaemon: ['/media/arjun/T7_Touch/hp-envy/CM/repos/local/cache/9b3695ca8255492a/power/inference_v1.0/ptd-linux-x86', '-l', '/tmp/tmp6_9o2crq/ptd_logfile.txt', '-p', '8888', '49', '/dev/usbtmc0']
ptd-server 2023-02-12 00:15:22,505 [INFO] Sending to ptd: 'Hello'
ptd-server 2023-02-12 00:15:22,506 [INFO] Reply from ptd: 'Hello, PTDaemon here!'
ptd-server 2023-02-12 00:15:22,506 [INFO] Sending to ptd: 'Identify'
ptd-server 2023-02-12 00:15:22,507 [INFO] Reply from ptd: 'YokogawaWT310E,1000,1,1,1,1,0,1,1,version=1.10.0-ed9a21d2-20220817,OS=Linux 5.15.0-56-generic #62-Ubuntu SMP Tue Nov 22 19:54:14 UTC 2022 x86_64,mode=power,1,1,1,0,0,no_cal_date,YOKOGAWA;WT310E;C3YD21068E;F1.04'
ptd-server 2023-02-12 00:15:22,508 [INFO] Connected to PTDaemon
ptd-server 2023-02-12 00:15:22,508 [INFO] Sending to ptd: 'RR'
ptd-server 2023-02-12 00:15:22,508 [INFO] Reply from ptd: 'Ranges,0,0.100000,0,600.000000'
ptd-server 2023-02-12 00:15:22,509 [INFO] Initial range for Amps is 0.100000 for Volts is 600.000000
ptd-server 2023-02-12 00:15:22,509 [INFO] Sending to ptd: 'SR,V,Auto'
ptd-server 2023-02-12 00:15:23,013 [INFO] Reply from ptd: 'Range V changed'
ptd-server 2023-02-12 00:15:23,013 [INFO] Sending to ptd: 'SR,A,Auto'
ptd-server 2023-02-12 00:15:23,517 [INFO] Reply from ptd: 'Range A changed'
ptd-server 2023-02-12 00:15:33,528 [INFO] Starting ranging mode
ptd-server 2023-02-12 00:15:33,528 [INFO] Sending to ptd: 'Go,1000,0,2023-02-12_00-15-05_ranging'
ptd-server 2023-02-12 00:15:33,528 [INFO] Reply from ptd: 'Starting untimed measurement, maximum 500000 samples at 1000ms with 0 rampup samples'
ptd-server 2023-02-12 00:15:33,528 [INFO] Sending reply to client 'OK'
ptd-server 2023-02-12 00:25:38,494 [INFO] Got command from the client 'session,2023-02-12_00-15-05,stop,ranging'
ptd-server 2023-02-12 00:25:48,500 [INFO] Sending to ptd: 'Stop'
ptd-server 2023-02-12 00:25:48,501 [INFO] Reply from ptd: 'Stopping untimed measurement'
ptd-server 2023-02-12 00:25:48,511 [INFO] Sending reply to client 'OK'
ptd-server 2023-02-12 00:25:48,573 [INFO] Got command from the client 'time'
ptd-server 2023-02-12 00:25:48,573 [INFO] Sending reply to client '1676161548.5738149'
ptd-server 2023-02-12 00:25:48,576 [INFO] Got command from the client 'session,2023-02-12_00-15-05,start,testing'
ptd-server 2023-02-12 00:25:48,576 [INFO] Sending to ptd: 'SR,V,246.850000'
ptd-server 2023-02-12 00:25:50,079 [INFO] Reply from ptd: 'Range V changed'
ptd-server 2023-02-12 00:25:50,079 [INFO] Sending to ptd: 'SR,A,0.251050'
ptd-server 2023-02-12 00:25:51,582 [INFO] Reply from ptd: 'Range A changed'
ptd-server 2023-02-12 00:26:01,593 [INFO] Starting testing mode
ptd-server 2023-02-12 00:26:01,594 [INFO] Sending to ptd: 'Go,1000,0,2023-02-12_00-15-05_testing'
ptd-server 2023-02-12 00:26:01,595 [INFO] Reply from ptd: 'Starting untimed measurement, maximum 500000 samples at 1000ms with 0 rampup samples'
ptd-server 2023-02-12 00:26:01,595 [INFO] Sending reply to client 'OK'
ptd-server 2023-02-12 00:36:02,379 [INFO] Got command from the client 'session,2023-02-12_00-15-05,stop,testing'
ptd-server 2023-02-12 00:36:12,390 [INFO] Sending to ptd: 'Stop'
ptd-server 2023-02-12 00:36:12,391 [INFO] Reply from ptd: 'Stopping untimed measurement'
ptd-server 2023-02-12 00:36:12,396 [INFO] Sending reply to client 'OK'
ptd-server 2023-02-12 00:36:12,412 [INFO] Got command from the client 'session,2023-02-12_00-15-05,done'
ptd-server 2023-02-12 00:36:12,412 [INFO] Sending to ptd: 'Stop'
ptd-server 2023-02-12 00:36:12,597 [INFO] Reply from ptd: 'Error: no measurement to stop'
ptd-server 2023-02-12 00:36:12,597 [INFO] Sending to ptd: 'SR,V,600.000000'
ptd-server 2023-02-12 00:36:14,100 [INFO] Reply from ptd: 'Range V changed'
ptd-server 2023-02-12 00:36:14,101 [INFO] Sending to ptd: 'SR,A,0.100000'
ptd-server 2023-02-12 00:36:15,604 [INFO] Reply from ptd: 'Range A changed'
ptd-server 2023-02-12 00:36:15,604 [INFO] Set initial values for Amps 0.100000 and Volts 600.000000
ptd-server 2023-02-12 00:36:15,605 [INFO] Stopping ptd...
