ptd-server 2023-03-01 18:55:34,693 [INFO] Got command from the client 'time'
ptd-server 2023-03-01 18:55:34,693 [INFO] Sending reply to client '1677718534.6937428'
ptd-server 2023-03-01 18:55:34,695 [INFO] Got command from the client 'new,,c6d8f771-19cb-460b-a675-94a2d191d7a9'
ptd-server 2023-03-01 18:55:34,695 [INFO] Sending reply to client 'OK 2023-03-01_18-55-34,398bc989-0817-484b-855b-a51eb58a57f8'
ptd-server 2023-03-01 18:55:34,778 [INFO] Got command from the client 'time'
ptd-server 2023-03-01 18:55:34,778 [INFO] Sending reply to client '1677718534.7786393'
ptd-server 2023-03-01 18:55:34,780 [INFO] Got command from the client 'session,2023-03-01_18-55-34,start,ranging'
ptd-server 2023-03-01 18:55:34,780 [INFO] Running PTDaemon: ['/local/mnt/workspace/mlcommons/power-main/inference_v1.0/ptd-linux-x86', '-l', '/tmp/tmp5oeeq6__/ptd_logfile.txt', '-p', '8888', '-c', '1', '52', '/dev/usbtmc0']
ptd-server 2023-03-01 18:55:51,805 [INFO] Sending to ptd: 'Hello'
ptd-server 2023-03-01 18:55:51,805 [INFO] Reply from ptd: 'Hello, PTDaemon here!'
ptd-server 2023-03-01 18:55:51,806 [INFO] Sending to ptd: 'Identify'
ptd-server 2023-03-01 18:55:51,806 [INFO] Reply from ptd: 'YokogawaWT330E,1000,1,1,1,1,0,0,1,version=1.10.0-ed9a21d2-20220817,OS=Linux 5.4.0-120-generic #136~18.04.1-Ubuntu SMP Fri Jun 10 18:00:44 UTC 2022 x86_64,mode=power,1,1,1,0,0,no_cal_date,YOKOGAWA;WT333E;C2XC17005V;F1.04'
ptd-server 2023-03-01 18:55:51,807 [INFO] Connected to PTDaemon
ptd-server 2023-03-01 18:55:51,807 [INFO] Sending to ptd: 'RR'
ptd-server 2023-03-01 18:55:51,807 [INFO] Reply from ptd: 'Ranges,0,10.000000,0,150.000000'
ptd-server 2023-03-01 18:55:51,808 [INFO] Initial range for Amps is 10.000000 for Volts is 150.000000
ptd-server 2023-03-01 18:55:51,808 [INFO] Sending to ptd: 'SR,V,Auto'
ptd-server 2023-03-01 18:55:52,315 [INFO] Reply from ptd: 'Range V changed'
ptd-server 2023-03-01 18:55:52,315 [INFO] Sending to ptd: 'SR,A,Auto'
ptd-server 2023-03-01 18:55:52,818 [INFO] Reply from ptd: 'Range A changed'
ptd-server 2023-03-01 18:56:02,829 [INFO] Starting ranging mode
ptd-server 2023-03-01 18:56:02,829 [INFO] Sending to ptd: 'Go,1000,0,2023-03-01_18-55-34_ranging'
ptd-server 2023-03-01 18:56:02,830 [INFO] Reply from ptd: 'Starting untimed measurement, maximum 500000 samples at 1000ms with 0 rampup samples'
ptd-server 2023-03-01 18:56:02,830 [INFO] Sending reply to client 'OK'
ptd-server 2023-03-01 19:08:23,982 [INFO] Got command from the client 'session,2023-03-01_18-55-34,stop,ranging'
ptd-server 2023-03-01 19:08:33,993 [INFO] Sending to ptd: 'Stop'
ptd-server 2023-03-01 19:08:33,993 [INFO] Reply from ptd: 'Stopping untimed measurement'
ptd-server 2023-03-01 19:08:34,007 [INFO] Sending reply to client 'OK'
ptd-server 2023-03-01 19:08:34,119 [INFO] Got command from the client 'time'
ptd-server 2023-03-01 19:08:34,119 [INFO] Sending reply to client '1677719314.119501'
ptd-server 2023-03-01 19:08:34,121 [INFO] Got command from the client 'session,2023-03-01_18-55-34,start,testing'
ptd-server 2023-03-01 19:08:34,121 [INFO] Sending to ptd: 'SR,V,122.690000'
ptd-server 2023-03-01 19:08:36,333 [INFO] Reply from ptd: 'Range V changed'
ptd-server 2023-03-01 19:08:36,333 [INFO] Sending to ptd: 'SR,A,1.723900'
ptd-server 2023-03-01 19:08:37,835 [INFO] Reply from ptd: 'Range A changed'
ptd-server 2023-03-01 19:08:47,845 [INFO] Starting testing mode
ptd-server 2023-03-01 19:08:47,846 [INFO] Sending to ptd: 'Go,1000,0,2023-03-01_18-55-34_testing'
ptd-server 2023-03-01 19:08:47,846 [INFO] Reply from ptd: 'Starting untimed measurement, maximum 500000 samples at 1000ms with 0 rampup samples'
ptd-server 2023-03-01 19:08:47,847 [INFO] Sending reply to client 'OK'
ptd-server 2023-03-01 19:21:07,879 [INFO] Got command from the client 'session,2023-03-01_18-55-34,stop,testing'
ptd-server 2023-03-01 19:21:17,890 [INFO] Sending to ptd: 'Stop'
ptd-server 2023-03-01 19:21:17,891 [INFO] Reply from ptd: 'Stopping untimed measurement'
ptd-server 2023-03-01 19:21:17,897 [INFO] Sending reply to client 'OK'
ptd-server 2023-03-01 19:21:17,905 [INFO] Got command from the client 'session,2023-03-01_18-55-34,done'
ptd-server 2023-03-01 19:21:17,905 [INFO] Sending to ptd: 'Stop'
ptd-server 2023-03-01 19:21:18,847 [INFO] Reply from ptd: 'Error: no measurement to stop'
ptd-server 2023-03-01 19:21:18,847 [INFO] Sending to ptd: 'SR,V,150.000000'
ptd-server 2023-03-01 19:21:20,349 [INFO] Reply from ptd: 'Range V changed'
ptd-server 2023-03-01 19:21:20,350 [INFO] Sending to ptd: 'SR,A,10.000000'
ptd-server 2023-03-01 19:21:21,852 [INFO] Reply from ptd: 'Range A changed'
ptd-server 2023-03-01 19:21:21,852 [INFO] Set initial values for Amps 10.000000 and Volts 150.000000
ptd-server 2023-03-01 19:21:21,852 [INFO] Stopping ptd...
