ptd-server 2023-02-24 12:50:02,693 [INFO] Got command from the client 'time'
ptd-server 2023-02-24 12:50:02,693 [INFO] Sending reply to client '1677243002.693385'
ptd-server 2023-02-24 12:50:02,694 [INFO] Got command from the client 'new,,0f1c65a6-e97e-4aba-b4a1-43a7875c1cd9'
ptd-server 2023-02-24 12:50:02,695 [INFO] Sending reply to client 'OK 2023-02-24_12-50-02,646d70dc-ba45-4b40-8bf8-a41acbcf8ac0'
ptd-server 2023-02-24 12:50:02,851 [INFO] Got command from the client 'time'
ptd-server 2023-02-24 12:50:02,851 [INFO] Sending reply to client '1677243002.851956'
ptd-server 2023-02-24 12:50:02,853 [INFO] Got command from the client 'session,2023-02-24_12-50-02,start,ranging'
ptd-server 2023-02-24 12:50:02,853 [INFO] Running PTDaemon: ['/home/anton/projects/mlperf/power/inference_v1.0/ptd-linux-x86', '-l', '/tmp/tmp4yl1neqp/ptd_logfile.txt', '-p', '8888', '49', '/dev/usbtmc0']
ptd-server 2023-02-24 12:50:19,927 [INFO] Sending to ptd: 'Hello'
ptd-server 2023-02-24 12:50:19,928 [INFO] Reply from ptd: 'Hello, PTDaemon here!'
ptd-server 2023-02-24 12:50:19,928 [INFO] Sending to ptd: 'Identify'
ptd-server 2023-02-24 12:50:19,928 [INFO] Reply from ptd: 'YokogawaWT310E,1000,1,1,1,1,0,1,1,version=1.10.0-ed9a21d2-20220817,OS=Linux 5.15.0-60-generic #66~20.04.1-Ubuntu SMP Wed Jan 25 09:41:30 UTC 2023 x86_64,mode=power,1,1,1,0,0,no_cal_date,YOKOGAWA;WT310E;C3XA04010E;F1.04'
ptd-server 2023-02-24 12:50:19,929 [INFO] Connected to PTDaemon
ptd-server 2023-02-24 12:50:19,929 [INFO] Sending to ptd: 'RR'
ptd-server 2023-02-24 12:50:19,929 [INFO] Reply from ptd: 'Ranges,1,0.100000,1,300.000000'
ptd-server 2023-02-24 12:50:19,929 [INFO] Initial range for Amps is Auto for Volts is Auto
ptd-server 2023-02-24 12:50:19,929 [INFO] Sending to ptd: 'SR,V,Auto'
ptd-server 2023-02-24 12:50:20,432 [INFO] Reply from ptd: 'Range V changed'
ptd-server 2023-02-24 12:50:20,432 [INFO] Sending to ptd: 'SR,A,Auto'
ptd-server 2023-02-24 12:50:20,934 [INFO] Reply from ptd: 'Range A changed'
ptd-server 2023-02-24 12:50:30,945 [INFO] Starting ranging mode
ptd-server 2023-02-24 12:50:30,945 [INFO] Sending to ptd: 'Go,1000,0,2023-02-24_12-50-02_ranging'
ptd-server 2023-02-24 12:50:30,945 [INFO] Reply from ptd: 'Starting untimed measurement, maximum 500000 samples at 1000ms with 0 rampup samples'
ptd-server 2023-02-24 12:50:30,946 [INFO] Sending reply to client 'OK'
ptd-server 2023-02-24 13:00:47,243 [INFO] Got command from the client 'session,2023-02-24_12-50-02,stop,ranging'
ptd-server 2023-02-24 13:00:57,253 [INFO] Sending to ptd: 'Stop'
ptd-server 2023-02-24 13:00:57,254 [INFO] Reply from ptd: 'Stopping untimed measurement'
ptd-server 2023-02-24 13:00:57,901 [INFO] Sending reply to client 'OK'
ptd-server 2023-02-24 13:00:58,258 [INFO] Got command from the client 'time'
ptd-server 2023-02-24 13:00:58,258 [INFO] Sending reply to client '1677243658.2581842'
ptd-server 2023-02-24 13:00:58,259 [INFO] Got command from the client 'session,2023-02-24_12-50-02,start,testing'
ptd-server 2023-02-24 13:00:58,259 [INFO] Sending to ptd: 'SR,V,250.560000'
ptd-server 2023-02-24 13:00:59,761 [INFO] Reply from ptd: 'Range V changed'
ptd-server 2023-02-24 13:00:59,761 [INFO] Sending to ptd: 'SR,A,0.049540'
ptd-server 2023-02-24 13:01:01,262 [INFO] Reply from ptd: 'Range A changed'
ptd-server 2023-02-24 13:01:11,272 [INFO] Starting testing mode
ptd-server 2023-02-24 13:01:11,273 [INFO] Sending to ptd: 'Go,1000,0,2023-02-24_12-50-02_testing'
ptd-server 2023-02-24 13:01:11,273 [INFO] Reply from ptd: 'Starting untimed measurement, maximum 500000 samples at 1000ms with 0 rampup samples'
ptd-server 2023-02-24 13:01:11,273 [INFO] Sending reply to client 'OK'
ptd-server 2023-02-24 13:11:27,485 [INFO] Got command from the client 'session,2023-02-24_12-50-02,stop,testing'
ptd-server 2023-02-24 13:11:37,495 [INFO] Sending to ptd: 'Stop'
ptd-server 2023-02-24 13:11:37,495 [INFO] Reply from ptd: 'Stopping untimed measurement'
ptd-server 2023-02-24 13:11:37,830 [INFO] Sending reply to client 'OK'
ptd-server 2023-02-24 13:11:37,838 [INFO] Got command from the client 'session,2023-02-24_12-50-02,done'
ptd-server 2023-02-24 13:11:37,838 [INFO] Sending to ptd: 'Stop'
ptd-server 2023-02-24 13:11:38,273 [INFO] Reply from ptd: 'Error: no measurement to stop'
ptd-server 2023-02-24 13:11:38,274 [INFO] Sending to ptd: 'SR,V,Auto'
ptd-server 2023-02-24 13:11:38,776 [INFO] Reply from ptd: 'Range V changed'
ptd-server 2023-02-24 13:11:38,776 [INFO] Sending to ptd: 'SR,A,Auto'
ptd-server 2023-02-24 13:11:39,279 [INFO] Reply from ptd: 'Range A changed'
ptd-server 2023-02-24 13:11:39,279 [INFO] Set initial values for Amps Auto and Volts Auto
ptd-server 2023-02-24 13:11:39,279 [INFO] Stopping ptd...
