ptd-server 2023-02-24 03:24:49,962 [INFO] Got command from the client 'time'
ptd-server 2023-02-24 03:24:49,962 [INFO] Sending reply to client '1677209089.9621642'
ptd-server 2023-02-24 03:24:49,963 [INFO] Got command from the client 'new,,08023545-6a6d-47f8-a471-5e7d0753ffb3'
ptd-server 2023-02-24 03:24:49,963 [INFO] Sending reply to client 'OK 2023-02-24_03-24-49,5146817e-ae2a-4812-81bf-55533e3faa19'
ptd-server 2023-02-24 03:24:49,985 [INFO] Got command from the client 'time'
ptd-server 2023-02-24 03:24:49,985 [INFO] Sending reply to client '1677209089.9853241'
ptd-server 2023-02-24 03:24:49,986 [INFO] Got command from the client 'session,2023-02-24_03-24-49,start,ranging'
ptd-server 2023-02-24 03:24:49,986 [INFO] Running PTDaemon: ['/home/anton/projects/mlperf/power/inference_v1.0/ptd-linux-x86', '-l', '/tmp/tmp4yl1neqp/ptd_logfile.txt', '-p', '8888', '49', '/dev/usbtmc0']
ptd-server 2023-02-24 03:25:07,061 [INFO] Sending to ptd: 'Hello'
ptd-server 2023-02-24 03:25:07,062 [INFO] Reply from ptd: 'Hello, PTDaemon here!'
ptd-server 2023-02-24 03:25:07,062 [INFO] Sending to ptd: 'Identify'
ptd-server 2023-02-24 03:25:07,062 [INFO] Reply from ptd: 'YokogawaWT310E,1000,1,1,1,1,0,1,1,version=1.10.0-ed9a21d2-20220817,OS=Linux 5.15.0-60-generic #66~20.04.1-Ubuntu SMP Wed Jan 25 09:41:30 UTC 2023 x86_64,mode=power,1,1,1,0,0,no_cal_date,YOKOGAWA;WT310E;C3XA04010E;F1.04'
ptd-server 2023-02-24 03:25:07,063 [INFO] Connected to PTDaemon
ptd-server 2023-02-24 03:25:07,063 [INFO] Sending to ptd: 'RR'
ptd-server 2023-02-24 03:25:07,063 [INFO] Reply from ptd: 'Ranges,1,0.100000,1,300.000000'
ptd-server 2023-02-24 03:25:07,063 [INFO] Initial range for Amps is Auto for Volts is Auto
ptd-server 2023-02-24 03:25:07,063 [INFO] Sending to ptd: 'SR,V,Auto'
ptd-server 2023-02-24 03:25:07,566 [INFO] Reply from ptd: 'Range V changed'
ptd-server 2023-02-24 03:25:07,566 [INFO] Sending to ptd: 'SR,A,Auto'
ptd-server 2023-02-24 03:25:08,068 [INFO] Reply from ptd: 'Range A changed'
ptd-server 2023-02-24 03:25:18,079 [INFO] Starting ranging mode
ptd-server 2023-02-24 03:25:18,079 [INFO] Sending to ptd: 'Go,1000,0,2023-02-24_03-24-49_ranging'
ptd-server 2023-02-24 03:25:18,079 [INFO] Reply from ptd: 'Starting untimed measurement, maximum 500000 samples at 1000ms with 0 rampup samples'
ptd-server 2023-02-24 03:25:18,079 [INFO] Sending reply to client 'OK'
ptd-server 2023-02-24 03:35:34,415 [INFO] Got command from the client 'session,2023-02-24_03-24-49,stop,ranging'
ptd-server 2023-02-24 03:35:44,426 [INFO] Sending to ptd: 'Stop'
ptd-server 2023-02-24 03:35:44,426 [INFO] Reply from ptd: 'Stopping untimed measurement'
ptd-server 2023-02-24 03:35:45,019 [INFO] Sending reply to client 'OK'
ptd-server 2023-02-24 03:35:45,052 [INFO] Got command from the client 'time'
ptd-server 2023-02-24 03:35:45,052 [INFO] Sending reply to client '1677209745.0529528'
ptd-server 2023-02-24 03:35:45,053 [INFO] Got command from the client 'session,2023-02-24_03-24-49,start,testing'
ptd-server 2023-02-24 03:35:45,053 [INFO] Sending to ptd: 'SR,V,249.810000'
ptd-server 2023-02-24 03:35:46,580 [INFO] Reply from ptd: 'Range V changed'
ptd-server 2023-02-24 03:35:46,581 [INFO] Sending to ptd: 'SR,A,0.061370'
ptd-server 2023-02-24 03:35:48,082 [INFO] Reply from ptd: 'Range A changed'
ptd-server 2023-02-24 03:35:58,092 [INFO] Starting testing mode
ptd-server 2023-02-24 03:35:58,092 [INFO] Sending to ptd: 'Go,1000,0,2023-02-24_03-24-49_testing'
ptd-server 2023-02-24 03:35:58,093 [INFO] Reply from ptd: 'Starting untimed measurement, maximum 500000 samples at 1000ms with 0 rampup samples'
ptd-server 2023-02-24 03:35:58,093 [INFO] Sending reply to client 'OK'
ptd-server 2023-02-24 03:46:14,401 [INFO] Got command from the client 'session,2023-02-24_03-24-49,stop,testing'
ptd-server 2023-02-24 03:46:24,411 [INFO] Sending to ptd: 'Stop'
ptd-server 2023-02-24 03:46:24,412 [INFO] Reply from ptd: 'Stopping untimed measurement'
ptd-server 2023-02-24 03:46:24,721 [INFO] Sending reply to client 'OK'
ptd-server 2023-02-24 03:46:24,729 [INFO] Got command from the client 'session,2023-02-24_03-24-49,done'
ptd-server 2023-02-24 03:46:24,729 [INFO] Sending to ptd: 'Stop'
ptd-server 2023-02-24 03:46:25,093 [INFO] Reply from ptd: 'Error: no measurement to stop'
ptd-server 2023-02-24 03:46:25,094 [INFO] Sending to ptd: 'SR,V,Auto'
ptd-server 2023-02-24 03:46:25,596 [INFO] Reply from ptd: 'Range V changed'
ptd-server 2023-02-24 03:46:25,596 [INFO] Sending to ptd: 'SR,A,Auto'
ptd-server 2023-02-24 03:46:26,099 [INFO] Reply from ptd: 'Range A changed'
ptd-server 2023-02-24 03:46:26,099 [INFO] Set initial values for Amps Auto and Volts Auto
ptd-server 2023-02-24 03:46:26,099 [INFO] Stopping ptd...
