ptd-server 2023-02-26 17:47:47,227 [INFO] Got command from the client 'stop'
ptd-server 2023-02-26 17:47:47,227 [INFO] The server will be stopped after processing this client
ptd-server 2023-02-26 17:47:47,228 [INFO] Sending reply to client 'OK'
ptd-server 2023-02-26 17:47:47,230 [INFO] Got command from the client 'time'
ptd-server 2023-02-26 17:47:47,230 [INFO] Sending reply to client '1677433667.2307127'
ptd-server 2023-02-26 17:47:47,231 [INFO] Got command from the client 'new,,21f5a567-1945-4476-b8ea-db0da609e551'
ptd-server 2023-02-26 17:47:47,231 [INFO] Sending reply to client 'OK 2023-02-26_17-47-47,d4b67cb7-025f-444d-9d0c-25ef11ee8216'
ptd-server 2023-02-26 17:47:47,233 [INFO] Got command from the client 'time'
ptd-server 2023-02-26 17:47:47,233 [INFO] Sending reply to client '1677433667.2333941'
ptd-server 2023-02-26 17:47:47,233 [INFO] Got command from the client 'session,2023-02-26_17-47-47,start,ranging'
ptd-server 2023-02-26 17:47:47,340 [INFO] Running PTDaemon: ['C:\\PTD\\ptd-windows-x86.exe', '-l', 'C:\\Users\\pa\\AppData\\Local\\Temp\\tmp1etskdeb\\ptd_logfile.txt', '-p', '8888', '-c', '1,2', '-y', '77', 'C2WL21005V']
ptd-server 2023-02-26 17:48:06,839 [INFO] Sending to ptd: 'Hello'
ptd-server 2023-02-26 17:48:06,839 [INFO] Reply from ptd: 'Hello, PTDaemon here!'
ptd-server 2023-02-26 17:48:06,840 [INFO] Sending to ptd: 'Identify'
ptd-server 2023-02-26 17:48:06,840 [INFO] Reply from ptd: 'YokogawaWT330_multichannel,1000,1,1,1,1,0,0,1,version=1.10.0-82175bac-20220817,OS=Windows 8 / Server 2012,mode=power,1,1,2,0,0,no_cal_date,YOKOGAWA;WT333;C2WL21005V;F1.04EM'
ptd-server 2023-02-26 17:48:06,840 [INFO] Connected to PTDaemon
ptd-server 2023-02-26 17:48:06,840 [INFO] Sending to ptd: 'RR'
ptd-server 2023-02-26 17:48:06,841 [INFO] Reply from ptd: 'Ranges,1,5.000000,1,150.000000'
ptd-server 2023-02-26 17:48:06,841 [INFO] Initial range for Amps is Auto for Volts is Auto
ptd-server 2023-02-26 17:48:06,841 [INFO] Sending to ptd: 'SR,V,Auto'
ptd-server 2023-02-26 17:48:11,919 [INFO] Reply from ptd: 'Range V changed'
ptd-server 2023-02-26 17:48:11,919 [INFO] Sending to ptd: 'SR,A,Auto'
ptd-server 2023-02-26 17:48:16,993 [INFO] Reply from ptd: 'Range A changed'
ptd-server 2023-02-26 17:48:26,993 [INFO] Starting ranging mode
ptd-server 2023-02-26 17:48:26,994 [INFO] Sending to ptd: 'Go,1000,0,2023-02-26_17-47-47_ranging'
ptd-server 2023-02-26 17:48:26,994 [INFO] Reply from ptd: 'Starting untimed measurement, maximum 500000 samples at 1000ms with 0 rampup samples'
ptd-server 2023-02-26 17:48:26,994 [INFO] Sending reply to client 'OK'
ptd-server 2023-02-26 18:21:24,668 [INFO] Got command from the client 'session,2023-02-26_17-47-47,stop,ranging'
ptd-server 2023-02-26 18:21:34,683 [INFO] Sending to ptd: 'Stop'
ptd-server 2023-02-26 18:21:34,683 [INFO] Reply from ptd: 'Stopping untimed measurement'
ptd-server 2023-02-26 18:21:34,745 [INFO] Sending reply to client 'OK'
ptd-server 2023-02-26 18:21:34,753 [INFO] Got command from the client 'time'
ptd-server 2023-02-26 18:21:34,753 [INFO] Sending reply to client '1677435694.753591'
ptd-server 2023-02-26 18:21:34,753 [INFO] Got command from the client 'session,2023-02-26_17-47-47,start,testing'
ptd-server 2023-02-26 18:21:34,754 [INFO] Sending to ptd: 'SR,V,119.490000'
ptd-server 2023-02-26 18:21:41,091 [INFO] Reply from ptd: 'Range V changed'
ptd-server 2023-02-26 18:21:41,091 [INFO] Sending to ptd: 'SR,A,3.435300'
ptd-server 2023-02-26 18:21:46,666 [INFO] Reply from ptd: 'Range A changed'
ptd-server 2023-02-26 18:21:56,670 [INFO] Starting testing mode
ptd-server 2023-02-26 18:21:56,670 [INFO] Sending to ptd: 'Go,1000,0,2023-02-26_17-47-47_testing'
ptd-server 2023-02-26 18:21:56,670 [INFO] Reply from ptd: 'Starting untimed measurement, maximum 500000 samples at 1000ms with 0 rampup samples'
ptd-server 2023-02-26 18:21:56,671 [INFO] Sending reply to client 'OK'
ptd-server 2023-02-26 18:55:02,706 [INFO] Got command from the client 'session,2023-02-26_17-47-47,stop,testing'
ptd-server 2023-02-26 18:55:12,708 [INFO] Sending to ptd: 'Stop'
ptd-server 2023-02-26 18:55:12,708 [INFO] Reply from ptd: 'Stopping untimed measurement'
ptd-server 2023-02-26 18:55:12,726 [INFO] Sending reply to client 'OK'
ptd-server 2023-02-26 18:55:12,736 [INFO] Got command from the client 'session,2023-02-26_17-47-47,done'
ptd-server 2023-02-26 18:55:12,736 [INFO] Sending to ptd: 'Stop'
ptd-server 2023-02-26 18:55:13,677 [INFO] Reply from ptd: 'Error: no measurement to stop'
ptd-server 2023-02-26 18:55:13,677 [INFO] Sending to ptd: 'SR,V,Auto'
ptd-server 2023-02-26 18:55:18,749 [INFO] Reply from ptd: 'Range V changed'
ptd-server 2023-02-26 18:55:18,750 [INFO] Sending to ptd: 'SR,A,Auto'
ptd-server 2023-02-26 18:55:23,817 [INFO] Reply from ptd: 'Range A changed'
ptd-server 2023-02-26 18:55:23,817 [INFO] Set initial values for Amps Auto and Volts Auto
ptd-server 2023-02-26 18:55:23,818 [INFO] Stopping ptd...
