client 2023-03-01 20:36:59,557 [INFO] Sending command to the server: 'mlcommons/power client v3'
client 2023-03-01 20:36:59,558 [INFO] Got response: 'mlcommons/power server v3'
client 2023-03-01 20:36:59,558 [INFO] Sending command to the server: 'stop'
client 2023-03-01 20:36:59,560 [INFO] Got response: 'OK'
client 2023-03-01 20:36:59,560 [INFO] Synchronizing with the server and with 100.64.0.18...
client 2023-03-01 20:36:59,563 [INFO] NTP:offset = -0.000 s, delay = 0.001 s 
client 2023-03-01 20:36:59,563 [INFO] Sending command to the server: 'time'
client 2023-03-01 20:36:59,565 [INFO] Got response: '1677703019.444884'
client 2023-03-01 20:36:59,565 [INFO] The time difference between the client and the server is within range 119.024 ms..120.894 ms
client 2023-03-01 20:36:59,565 [INFO] Sending command to the server: 'new,,c690ae78-c725-463d-a550-3404315c5a53'
client 2023-03-01 20:36:59,571 [INFO] Got response: 'OK 2023-03-01_20-36-59,d0bd8f9c-58c3-4176-8e1a-a97f0cfe0600'
client 2023-03-01 20:36:59,571 [INFO] Session id is '2023-03-01_20-36-59'
client 2023-03-01 20:36:59,571 [INFO] Sources: {"sources": {"__init__.py": "da39a3ee5e6b4b0d3255bfef95601890afd80709", "client.py": "33ca4f26368777ac06e01f9567b714a4b8063886", "lib/__init__.py": "da39a3ee5e6b4b0d3255bfef95601890afd80709", "lib/client.py": "4c2b78fb4849a7e5b584ef792d82aaed20b17f57", "lib/common.py": "624d0c0acc7c39aaff3674f0b99d6a09da53d1dc", "lib/external/__init__.py": "da39a3ee5e6b4b0d3255bfef95601890afd80709", "lib/external/ntplib.py": "4da8f970656505a40483206ef2b5d3dd5e81711d", "lib/server.py": "cda0cdfaee9bfa1249c64a7dd4f89b7bf1b279f0", "lib/source_hashes.py": "60a2e02193209e8d392803326208d5466342da18", "lib/summary.py": "aa92f0a3f975eecd44d3c0cd0236342ccc9f941d", "lib/time_sync.py": "3210db56eb0ff0df57bf4293dc4d4b03fffd46f1", "server.py": "c3f90f2f7eeb4db30727556d0c815ebc89b3d28b", "tests/unit/__init__.py": "da39a3ee5e6b4b0d3255bfef95601890afd80709", "tests/unit/test_server.py": "99ae15aef722f2000ee6ed1ae1523637bf1ae42b", "tests/unit/test_source_hashes.py": "00468a2907583c593e6574a1f6b404e4651c221a"}, "modules": {"ptd_client_server.lib.client": "lib/client.py", "ptd_client_server.lib.common": "lib/common.py", "ptd_client_server.lib.external.ntplib": "lib/external/ntplib.py", "ptd_client_server.lib.source_hashes": "lib/source_hashes.py", "ptd_client_server.lib.summary": "lib/summary.py", "ptd_client_server.lib.time_sync": "lib/time_sync.py"}}
client 2023-03-01 20:36:59,572 [INFO] Running workload in ranging mode
client 2023-03-01 20:36:59,572 [INFO] Synchronizing with the server and with 100.64.0.18...
client 2023-03-01 20:36:59,573 [INFO] NTP:offset = -0.000 s, delay = 0.001 s 
client 2023-03-01 20:36:59,573 [INFO] Sending command to the server: 'time'
client 2023-03-01 20:36:59,574 [INFO] Got response: '1677703019.4539926'
client 2023-03-01 20:36:59,574 [INFO] The time difference between the client and the server is within range 119.326 ms..120.552 ms
client 2023-03-01 20:36:59,574 [INFO] Sending command to the server: 'session,2023-03-01_20-36-59,start,ranging'
client 2023-03-01 20:37:23,694 [INFO] Got response: 'OK'
client 2023-03-01 20:37:23,694 [INFO] Running the workload 'LOG_DIR=/work/build/power_logs_temp python3 -m code.main --benchmarks=retinanet \t--scenarios=Offline \t--config_ver=default_maxq \t--test_mode=PerformanceOnly  --action="run_harness" \\\n\t\t2>&1 | tee -a /work/build/power_logs/2023.03.01-20.36.42/stdout.txt \\\n\t\t&& if [ ! -d /work/build/power_logs/2023.03.01-20.36.42/ranging_tmp ]; \\\n\t\t\tthen mkdir /work/build/power_logs/2023.03.01-20.36.42/ranging_tmp \\\n\t\t\t\t&& mv /work/build/power_logs_temp/* /work/build/power_logs/2023.03.01-20.36.42/ranging_tmp/ \\\n\t\t\t\t&& cp -v /work/build/power_logs/2023.03.01-20.36.42/ranging_tmp/*/*/*/mlperf_log_detail.txt /work/build/power_logs_temp/ \\\n\t\t\t\t&& cp -v /work/build/power_logs/2023.03.01-20.36.42/ranging_tmp/*/*/*/mlperf_log_summary.txt /work/build/power_logs_temp/; \\\n\t\t\telse mkdir /work/build/power_logs/2023.03.01-20.36.42/testing_tmp \\\n\t\t\t\t&& mv /work/build/power_logs_temp/* /work/build/power_logs/2023.03.01-20.36.42/testing_tmp/ \\\n\t\t\t\t&& cp -v /work/build/power_logs/2023.03.01-20.36.42/testing_tmp/*/*/*/mlperf_log_detail.txt /work/build/power_logs_temp/ \\\n\t\t\t\t&& cp -v /work/build/power_logs/2023.03.01-20.36.42/testing_tmp/*/*/*/mlperf_log_summary.txt /work/build/power_logs_temp/; fi'
client 2023-03-01 20:49:14,996 [INFO] Sending command to the server: 'session,2023-03-01_20-36-59,stop,ranging'
client 2023-03-01 20:49:25,037 [INFO] Got response: 'OK'
client 2023-03-01 20:49:25,047 [INFO] Copying loadgen logs from '/work/build/power_logs_temp' to '/work/build/power_logs/2023.03.01-20.36.42/2023-03-01_20-36-59/ranging'
client 2023-03-01 20:49:25,047 [INFO] Running workload in testing mode
client 2023-03-01 20:49:25,048 [INFO] Synchronizing with the server and with 100.64.0.18...
client 2023-03-01 20:49:25,050 [INFO] NTP:offset = 0.000 s, delay = 0.001 s 
client 2023-03-01 20:49:25,050 [INFO] Sending command to the server: 'time'
client 2023-03-01 20:49:25,051 [INFO] Got response: '1677703764.9002264'
client 2023-03-01 20:49:25,051 [INFO] The time difference between the client and the server is within range 149.956 ms..151.409 ms
client 2023-03-01 20:49:25,051 [INFO] Sending command to the server: 'session,2023-03-01_20-36-59,start,testing'
client 2023-03-01 20:49:38,799 [INFO] Got response: 'OK'
client 2023-03-01 20:49:38,799 [INFO] Running the workload 'LOG_DIR=/work/build/power_logs_temp python3 -m code.main --benchmarks=retinanet \t--scenarios=Offline \t--config_ver=default_maxq \t--test_mode=PerformanceOnly  --action="run_harness" \\\n\t\t2>&1 | tee -a /work/build/power_logs/2023.03.01-20.36.42/stdout.txt \\\n\t\t&& if [ ! -d /work/build/power_logs/2023.03.01-20.36.42/ranging_tmp ]; \\\n\t\t\tthen mkdir /work/build/power_logs/2023.03.01-20.36.42/ranging_tmp \\\n\t\t\t\t&& mv /work/build/power_logs_temp/* /work/build/power_logs/2023.03.01-20.36.42/ranging_tmp/ \\\n\t\t\t\t&& cp -v /work/build/power_logs/2023.03.01-20.36.42/ranging_tmp/*/*/*/mlperf_log_detail.txt /work/build/power_logs_temp/ \\\n\t\t\t\t&& cp -v /work/build/power_logs/2023.03.01-20.36.42/ranging_tmp/*/*/*/mlperf_log_summary.txt /work/build/power_logs_temp/; \\\n\t\t\telse mkdir /work/build/power_logs/2023.03.01-20.36.42/testing_tmp \\\n\t\t\t\t&& mv /work/build/power_logs_temp/* /work/build/power_logs/2023.03.01-20.36.42/testing_tmp/ \\\n\t\t\t\t&& cp -v /work/build/power_logs/2023.03.01-20.36.42/testing_tmp/*/*/*/mlperf_log_detail.txt /work/build/power_logs_temp/ \\\n\t\t\t\t&& cp -v /work/build/power_logs/2023.03.01-20.36.42/testing_tmp/*/*/*/mlperf_log_summary.txt /work/build/power_logs_temp/; fi'
client 2023-03-01 21:01:31,887 [INFO] Sending command to the server: 'session,2023-03-01_20-36-59,stop,testing'
client 2023-03-01 21:01:41,931 [INFO] Got response: 'OK'
client 2023-03-01 21:01:41,933 [INFO] Copying loadgen logs from '/work/build/power_logs_temp' to '/work/build/power_logs/2023.03.01-20.36.42/2023-03-01_20-36-59/run_1'
client 2023-03-01 21:01:41,934 [INFO] Done runs
