ptd-server 2023-02-23 18:43:11,251 [INFO] Got command from the client 'time'
ptd-server 2023-02-23 18:43:11,251 [INFO] Sending reply to client '1677177791.2515633'
ptd-server 2023-02-23 18:43:11,252 [INFO] Got command from the client 'new,,8c9e9433-62ae-4d57-b1d2-3d96955046bb'
ptd-server 2023-02-23 18:43:11,253 [INFO] Sending reply to client 'OK 2023-02-23_18-43-11,185f0c13-76a3-4d90-9fba-10978110c4da'
ptd-server 2023-02-23 18:43:11,273 [INFO] Got command from the client 'time'
ptd-server 2023-02-23 18:43:11,273 [INFO] Sending reply to client '1677177791.2737384'
ptd-server 2023-02-23 18:43:11,274 [INFO] Got command from the client 'session,2023-02-23_18-43-11,start,ranging'
ptd-server 2023-02-23 18:43:11,274 [INFO] Running PTDaemon: ['/home/anton/projects/mlperf/power/inference_v1.0/ptd-linux-x86', '-l', '/tmp/tmp4yl1neqp/ptd_logfile.txt', '-p', '8888', '49', '/dev/usbtmc0']
ptd-server 2023-02-23 18:43:28,348 [INFO] Sending to ptd: 'Hello'
ptd-server 2023-02-23 18:43:28,349 [INFO] Reply from ptd: 'Hello, PTDaemon here!'
ptd-server 2023-02-23 18:43:28,349 [INFO] Sending to ptd: 'Identify'
ptd-server 2023-02-23 18:43:28,349 [INFO] Reply from ptd: 'YokogawaWT310E,1000,1,1,1,1,0,1,1,version=1.10.0-ed9a21d2-20220817,OS=Linux 5.15.0-60-generic #66~20.04.1-Ubuntu SMP Wed Jan 25 09:41:30 UTC 2023 x86_64,mode=power,1,1,1,0,0,no_cal_date,YOKOGAWA;WT310E;C3XA04010E;F1.04'
ptd-server 2023-02-23 18:43:28,349 [INFO] Connected to PTDaemon
ptd-server 2023-02-23 18:43:28,349 [INFO] Sending to ptd: 'RR'
ptd-server 2023-02-23 18:43:28,350 [INFO] Reply from ptd: 'Ranges,1,0.100000,1,300.000000'
ptd-server 2023-02-23 18:43:28,350 [INFO] Initial range for Amps is Auto for Volts is Auto
ptd-server 2023-02-23 18:43:28,350 [INFO] Sending to ptd: 'SR,V,Auto'
ptd-server 2023-02-23 18:43:28,852 [INFO] Reply from ptd: 'Range V changed'
ptd-server 2023-02-23 18:43:28,853 [INFO] Sending to ptd: 'SR,A,Auto'
ptd-server 2023-02-23 18:43:29,355 [INFO] Reply from ptd: 'Range A changed'
ptd-server 2023-02-23 18:43:39,365 [INFO] Starting ranging mode
ptd-server 2023-02-23 18:43:39,365 [INFO] Sending to ptd: 'Go,1000,0,2023-02-23_18-43-11_ranging'
ptd-server 2023-02-23 18:43:39,366 [INFO] Reply from ptd: 'Starting untimed measurement, maximum 500000 samples at 1000ms with 0 rampup samples'
ptd-server 2023-02-23 18:43:39,366 [INFO] Sending reply to client 'OK'
ptd-server 2023-02-23 18:53:55,839 [INFO] Got command from the client 'session,2023-02-23_18-43-11,stop,ranging'
ptd-server 2023-02-23 18:54:05,849 [INFO] Sending to ptd: 'Stop'
ptd-server 2023-02-23 18:54:05,850 [INFO] Reply from ptd: 'Stopping untimed measurement'
ptd-server 2023-02-23 18:54:06,401 [INFO] Sending reply to client 'OK'
ptd-server 2023-02-23 18:54:06,432 [INFO] Got command from the client 'time'
ptd-server 2023-02-23 18:54:06,433 [INFO] Sending reply to client '1677178446.4330726'
ptd-server 2023-02-23 18:54:06,433 [INFO] Got command from the client 'session,2023-02-23_18-43-11,start,testing'
ptd-server 2023-02-23 18:54:06,434 [INFO] Sending to ptd: 'SR,V,250.830000'
ptd-server 2023-02-23 18:54:07,935 [INFO] Reply from ptd: 'Range V changed'
ptd-server 2023-02-23 18:54:07,935 [INFO] Sending to ptd: 'SR,A,0.060410'
ptd-server 2023-02-23 18:54:09,437 [INFO] Reply from ptd: 'Range A changed'
ptd-server 2023-02-23 18:54:19,447 [INFO] Starting testing mode
ptd-server 2023-02-23 18:54:19,447 [INFO] Sending to ptd: 'Go,1000,0,2023-02-23_18-43-11_testing'
ptd-server 2023-02-23 18:54:19,447 [INFO] Reply from ptd: 'Starting untimed measurement, maximum 500000 samples at 1000ms with 0 rampup samples'
ptd-server 2023-02-23 18:54:19,448 [INFO] Sending reply to client 'OK'
ptd-server 2023-02-23 19:04:35,802 [INFO] Got command from the client 'session,2023-02-23_18-43-11,stop,testing'
ptd-server 2023-02-23 19:04:45,812 [INFO] Sending to ptd: 'Stop'
ptd-server 2023-02-23 19:04:45,813 [INFO] Reply from ptd: 'Stopping untimed measurement'
ptd-server 2023-02-23 19:04:46,112 [INFO] Sending reply to client 'OK'
ptd-server 2023-02-23 19:04:46,120 [INFO] Got command from the client 'session,2023-02-23_18-43-11,done'
ptd-server 2023-02-23 19:04:46,120 [INFO] Sending to ptd: 'Stop'
ptd-server 2023-02-23 19:04:46,448 [INFO] Reply from ptd: 'Error: no measurement to stop'
ptd-server 2023-02-23 19:04:46,448 [INFO] Sending to ptd: 'SR,V,Auto'
ptd-server 2023-02-23 19:04:46,950 [INFO] Reply from ptd: 'Range V changed'
ptd-server 2023-02-23 19:04:46,950 [INFO] Sending to ptd: 'SR,A,Auto'
ptd-server 2023-02-23 19:04:47,453 [INFO] Reply from ptd: 'Range A changed'
ptd-server 2023-02-23 19:04:47,453 [INFO] Set initial values for Amps Auto and Volts Auto
ptd-server 2023-02-23 19:04:47,453 [INFO] Stopping ptd...
