client 2023-02-23 22:41:35,909 [INFO] Sending command to the server: 'mlcommons/power client v3'
client 2023-02-23 22:41:35,910 [INFO] Got response: 'mlcommons/power server v3'
client 2023-02-23 22:41:35,910 [INFO] Sending command to the server: 'stop'
client 2023-02-23 22:41:35,911 [INFO] Got response: 'OK'
client 2023-02-23 22:41:35,911 [INFO] Synchronizing with the server and with 192.168.123.123...
client 2023-02-23 22:41:35,913 [INFO] NTP:offset = 0.000 s, delay = 0.000 s 
client 2023-02-23 22:41:35,913 [INFO] Sending command to the server: 'time'
client 2023-02-23 22:41:35,913 [INFO] Got response: '1677192095.7236168'
client 2023-02-23 22:41:35,913 [INFO] The time difference between the client and the server is within range 189.507 ms..190.152 ms
client 2023-02-23 22:41:35,913 [INFO] Sending command to the server: 'new,,03cb37c5-3e8b-423a-8208-0a2f749f3aab'
client 2023-02-23 22:41:35,914 [INFO] Got response: 'OK 2023-02-23_22-41-35,e7431dab-add8-4299-ae0f-ef6f1c299216'
client 2023-02-23 22:41:35,914 [INFO] Session id is '2023-02-23_22-41-35'
client 2023-02-23 22:41:35,914 [INFO] Sources: {"sources": {"__init__.py": "da39a3ee5e6b4b0d3255bfef95601890afd80709", "client.py": "33ca4f26368777ac06e01f9567b714a4b8063886", "lib/__init__.py": "da39a3ee5e6b4b0d3255bfef95601890afd80709", "lib/client.py": "4c2b78fb4849a7e5b584ef792d82aaed20b17f57", "lib/common.py": "624d0c0acc7c39aaff3674f0b99d6a09da53d1dc", "lib/external/__init__.py": "da39a3ee5e6b4b0d3255bfef95601890afd80709", "lib/external/ntplib.py": "4da8f970656505a40483206ef2b5d3dd5e81711d", "lib/server.py": "cda0cdfaee9bfa1249c64a7dd4f89b7bf1b279f0", "lib/source_hashes.py": "60a2e02193209e8d392803326208d5466342da18", "lib/summary.py": "aa92f0a3f975eecd44d3c0cd0236342ccc9f941d", "lib/time_sync.py": "3210db56eb0ff0df57bf4293dc4d4b03fffd46f1", "server.py": "c3f90f2f7eeb4db30727556d0c815ebc89b3d28b", "tests/unit/__init__.py": "da39a3ee5e6b4b0d3255bfef95601890afd80709", "tests/unit/test_server.py": "99ae15aef722f2000ee6ed1ae1523637bf1ae42b", "tests/unit/test_source_hashes.py": "00468a2907583c593e6574a1f6b404e4651c221a"}, "modules": {"ptd_client_server.lib.client": "lib/client.py", "ptd_client_server.lib.common": "lib/common.py", "ptd_client_server.lib.external.ntplib": "lib/external/ntplib.py", "ptd_client_server.lib.source_hashes": "lib/source_hashes.py", "ptd_client_server.lib.summary": "lib/summary.py", "ptd_client_server.lib.time_sync": "lib/time_sync.py"}}
client 2023-02-23 22:41:35,915 [INFO] Running workload in ranging mode
client 2023-02-23 22:41:35,915 [INFO] Synchronizing with the server and with 192.168.123.123...
client 2023-02-23 22:41:35,915 [INFO] NTP:offset = -0.000 s, delay = 0.000 s 
client 2023-02-23 22:41:35,916 [INFO] Sending command to the server: 'time'
client 2023-02-23 22:41:35,916 [INFO] Got response: '1677192095.7264857'
client 2023-02-23 22:41:35,916 [INFO] The time difference between the client and the server is within range 189.516 ms..190.053 ms
client 2023-02-23 22:41:35,916 [INFO] Sending command to the server: 'session,2023-02-23_22-41-35,start,ranging'
client 2023-02-23 22:42:15,466 [INFO] Got response: 'OK'
client 2023-02-23 22:42:15,467 [INFO] Running the workload 'LOG_DIR=/work/build/power_logs_temp python3 -m code.main --benchmarks=bert --scenarios=Singlestream --config_ver=maxq --action="run_harness" \\\n\t\t2>&1 | tee -a /work/build/power_logs/2023.02.23-22.41.23/stdout.txt \\\n\t\t&& if [ ! -d /work/build/power_logs/2023.02.23-22.41.23/ranging_tmp ]; \\\n\t\t\tthen mkdir /work/build/power_logs/2023.02.23-22.41.23/ranging_tmp \\\n\t\t\t\t&& mv /work/build/power_logs_temp/* /work/build/power_logs/2023.02.23-22.41.23/ranging_tmp/ \\\n\t\t\t\t&& cp -v /work/build/power_logs/2023.02.23-22.41.23/ranging_tmp/*/*/*/mlperf_log_detail.txt /work/build/power_logs_temp/ \\\n\t\t\t\t&& cp -v /work/build/power_logs/2023.02.23-22.41.23/ranging_tmp/*/*/*/mlperf_log_summary.txt /work/build/power_logs_temp/; \\\n\t\t\telse mkdir /work/build/power_logs/2023.02.23-22.41.23/testing_tmp \\\n\t\t\t\t&& mv /work/build/power_logs_temp/* /work/build/power_logs/2023.02.23-22.41.23/testing_tmp/ \\\n\t\t\t\t&& cp -v /work/build/power_logs/2023.02.23-22.41.23/testing_tmp/*/*/*/mlperf_log_detail.txt /work/build/power_logs_temp/ \\\n\t\t\t\t&& cp -v /work/build/power_logs/2023.02.23-22.41.23/testing_tmp/*/*/*/mlperf_log_summary.txt /work/build/power_logs_temp/; fi'
client 2023-02-23 22:52:23,031 [INFO] Sending command to the server: 'session,2023-02-23_22-41-35,stop,ranging'
client 2023-02-23 22:52:33,073 [INFO] Got response: 'OK'
client 2023-02-23 22:52:33,077 [INFO] Copying loadgen logs from '/work/build/power_logs_temp' to '/work/build/power_logs/2023.02.23-22.41.23/2023-02-23_22-41-35/ranging'
client 2023-02-23 22:52:33,080 [INFO] Running workload in testing mode
client 2023-02-23 22:52:33,080 [INFO] Synchronizing with the server and with 192.168.123.123...
client 2023-02-23 22:52:33,081 [INFO] NTP:offset = -0.000 s, delay = 0.000 s 
client 2023-02-23 22:52:33,081 [INFO] Sending command to the server: 'time'
client 2023-02-23 22:52:33,081 [INFO] Got response: '1677192752.8673193'
client 2023-02-23 22:52:33,081 [INFO] The time difference between the client and the server is within range 214.012 ms..214.557 ms
client 2023-02-23 22:52:33,081 [WARNING] The time difference between the client and the server is more than 200 ms
client 2023-02-23 22:52:33,081 [INFO] Sending command to the server: 'set_ntp'
client 2023-02-23 22:52:34,101 [INFO] Got response: 'OK'
client 2023-02-23 22:52:34,101 [INFO] Synchronizing with 192.168.123.123 time using NTP...
client 2023-02-23 22:52:41,207 [INFO] Set system time at 2023-02-23 22:52:41.207070
client 2023-02-23 22:52:41,207 [INFO] NTP:offset = 0.000 s, delay = 0.000 s 
client 2023-02-23 22:52:41,207 [INFO] Sending command to the server: 'time'
client 2023-02-23 22:52:41,208 [INFO] Got response: '1677192761.2070553'
client 2023-02-23 22:52:41,208 [INFO] The time difference between the client and the server is within range 0.848 ms..1.523 ms
client 2023-02-23 22:52:41,208 [INFO] Sending command to the server: 'session,2023-02-23_22-41-35,start,testing'
client 2023-02-23 22:53:02,894 [INFO] Got response: 'OK'
client 2023-02-23 22:53:02,894 [INFO] Running the workload 'LOG_DIR=/work/build/power_logs_temp python3 -m code.main --benchmarks=bert --scenarios=Singlestream --config_ver=maxq --action="run_harness" \\\n\t\t2>&1 | tee -a /work/build/power_logs/2023.02.23-22.41.23/stdout.txt \\\n\t\t&& if [ ! -d /work/build/power_logs/2023.02.23-22.41.23/ranging_tmp ]; \\\n\t\t\tthen mkdir /work/build/power_logs/2023.02.23-22.41.23/ranging_tmp \\\n\t\t\t\t&& mv /work/build/power_logs_temp/* /work/build/power_logs/2023.02.23-22.41.23/ranging_tmp/ \\\n\t\t\t\t&& cp -v /work/build/power_logs/2023.02.23-22.41.23/ranging_tmp/*/*/*/mlperf_log_detail.txt /work/build/power_logs_temp/ \\\n\t\t\t\t&& cp -v /work/build/power_logs/2023.02.23-22.41.23/ranging_tmp/*/*/*/mlperf_log_summary.txt /work/build/power_logs_temp/; \\\n\t\t\telse mkdir /work/build/power_logs/2023.02.23-22.41.23/testing_tmp \\\n\t\t\t\t&& mv /work/build/power_logs_temp/* /work/build/power_logs/2023.02.23-22.41.23/testing_tmp/ \\\n\t\t\t\t&& cp -v /work/build/power_logs/2023.02.23-22.41.23/testing_tmp/*/*/*/mlperf_log_detail.txt /work/build/power_logs_temp/ \\\n\t\t\t\t&& cp -v /work/build/power_logs/2023.02.23-22.41.23/testing_tmp/*/*/*/mlperf_log_summary.txt /work/build/power_logs_temp/; fi'
client 2023-02-23 23:03:07,350 [INFO] Sending command to the server: 'session,2023-02-23_22-41-35,stop,testing'
client 2023-02-23 23:03:17,371 [INFO] Got response: 'OK'
client 2023-02-23 23:03:17,373 [INFO] Copying loadgen logs from '/work/build/power_logs_temp' to '/work/build/power_logs/2023.02.23-22.41.23/2023-02-23_22-41-35/run_1'
client 2023-02-23 23:03:17,376 [INFO] Done runs
