ptd-server 2023-02-23 22:41:35,720 [INFO] Got command from the client 'stop'
ptd-server 2023-02-23 22:41:35,721 [INFO] The server will be stopped after processing this client
ptd-server 2023-02-23 22:41:35,721 [INFO] Sending reply to client 'OK'
ptd-server 2023-02-23 22:41:35,723 [INFO] Got command from the client 'time'
ptd-server 2023-02-23 22:41:35,723 [INFO] Sending reply to client '1677192095.7236168'
ptd-server 2023-02-23 22:41:35,724 [INFO] Got command from the client 'new,,03cb37c5-3e8b-423a-8208-0a2f749f3aab'
ptd-server 2023-02-23 22:41:35,724 [INFO] Sending reply to client 'OK 2023-02-23_22-41-35,e7431dab-add8-4299-ae0f-ef6f1c299216'
ptd-server 2023-02-23 22:41:35,726 [INFO] Got command from the client 'time'
ptd-server 2023-02-23 22:41:35,726 [INFO] Sending reply to client '1677192095.7264857'
ptd-server 2023-02-23 22:41:35,726 [INFO] Got command from the client 'session,2023-02-23_22-41-35,start,ranging'
ptd-server 2023-02-23 22:41:35,839 [INFO] Running PTDaemon: ['C:\\PTD\\ptd-windows-x86.exe', '-l', 'C:\\Users\\pa\\AppData\\Local\\Temp\\tmptob7pixt\\ptd_logfile.txt', '-p', '8888', '-c', '1,2', '-y', '77', 'C2WL21005V']
ptd-server 2023-02-23 22:41:55,120 [INFO] Sending to ptd: 'Hello'
ptd-server 2023-02-23 22:41:55,120 [INFO] Reply from ptd: 'Hello, PTDaemon here!'
ptd-server 2023-02-23 22:41:55,121 [INFO] Sending to ptd: 'Identify'
ptd-server 2023-02-23 22:41:55,121 [INFO] Reply from ptd: 'YokogawaWT330_multichannel,1000,1,1,1,1,0,0,1,version=1.10.0-82175bac-20220817,OS=Windows 8 / Server 2012,mode=power,1,1,2,0,0,no_cal_date,YOKOGAWA;WT333;C2WL21005V;F1.04EM'
ptd-server 2023-02-23 22:41:55,121 [INFO] Connected to PTDaemon
ptd-server 2023-02-23 22:41:55,122 [INFO] Sending to ptd: 'RR'
ptd-server 2023-02-23 22:41:55,122 [INFO] Reply from ptd: 'Ranges,1,5.000000,1,150.000000'
ptd-server 2023-02-23 22:41:55,122 [INFO] Initial range for Amps is Auto for Volts is Auto
ptd-server 2023-02-23 22:41:55,123 [INFO] Sending to ptd: 'SR,V,Auto'
ptd-server 2023-02-23 22:42:00,199 [INFO] Reply from ptd: 'Range V changed'
ptd-server 2023-02-23 22:42:00,200 [INFO] Sending to ptd: 'SR,A,Auto'
ptd-server 2023-02-23 22:42:05,270 [INFO] Reply from ptd: 'Range A changed'
ptd-server 2023-02-23 22:42:15,274 [INFO] Starting ranging mode
ptd-server 2023-02-23 22:42:15,274 [INFO] Sending to ptd: 'Go,1000,0,2023-02-23_22-41-35_ranging'
ptd-server 2023-02-23 22:42:15,274 [INFO] Reply from ptd: 'Starting untimed measurement, maximum 500000 samples at 1000ms with 0 rampup samples'
ptd-server 2023-02-23 22:42:15,275 [INFO] Sending reply to client 'OK'
ptd-server 2023-02-23 22:52:22,817 [INFO] Got command from the client 'session,2023-02-23_22-41-35,stop,ranging'
ptd-server 2023-02-23 22:52:32,832 [INFO] Sending to ptd: 'Stop'
ptd-server 2023-02-23 22:52:32,832 [INFO] Reply from ptd: 'Stopping untimed measurement'
ptd-server 2023-02-23 22:52:32,858 [INFO] Sending reply to client 'OK'
ptd-server 2023-02-23 22:52:32,867 [INFO] Got command from the client 'time'
ptd-server 2023-02-23 22:52:32,867 [INFO] Sending reply to client '1677192752.8673193'
ptd-server 2023-02-23 22:52:32,867 [INFO] Got command from the client 'set_ntp'
ptd-server 2023-02-23 22:52:32,867 [INFO] Synchronizing with 192.168.123.123 time using NTP...
ptd-server 2023-02-23 22:52:34,099 [INFO] Set system time at 2023-02-23 22:52:34.099925
ptd-server 2023-02-23 22:52:34,099 [INFO] Sending reply to client 'OK'
ptd-server 2023-02-23 22:52:41,206 [INFO] Got command from the client 'time'
ptd-server 2023-02-23 22:52:41,207 [INFO] Sending reply to client '1677192761.2070553'
ptd-server 2023-02-23 22:52:41,207 [INFO] Got command from the client 'session,2023-02-23_22-41-35,start,testing'
ptd-server 2023-02-23 22:52:41,207 [INFO] Sending to ptd: 'SR,V,120.930000'
ptd-server 2023-02-23 22:52:47,287 [INFO] Reply from ptd: 'Range V changed'
ptd-server 2023-02-23 22:52:47,287 [INFO] Sending to ptd: 'SR,A,3.374900'
ptd-server 2023-02-23 22:52:52,875 [INFO] Reply from ptd: 'Range A changed'
ptd-server 2023-02-23 22:53:02,891 [INFO] Starting testing mode
ptd-server 2023-02-23 22:53:02,891 [INFO] Sending to ptd: 'Go,1000,0,2023-02-23_22-41-35_testing'
ptd-server 2023-02-23 22:53:02,891 [INFO] Reply from ptd: 'Starting untimed measurement, maximum 500000 samples at 1000ms with 0 rampup samples'
ptd-server 2023-02-23 22:53:02,892 [INFO] Sending reply to client 'OK'
ptd-server 2023-02-23 23:03:07,326 [INFO] Got command from the client 'session,2023-02-23_22-41-35,stop,testing'
ptd-server 2023-02-23 23:03:17,331 [INFO] Sending to ptd: 'Stop'
ptd-server 2023-02-23 23:03:17,332 [INFO] Reply from ptd: 'Stopping untimed measurement'
ptd-server 2023-02-23 23:03:17,346 [INFO] Sending reply to client 'OK'
ptd-server 2023-02-23 23:03:17,357 [INFO] Got command from the client 'session,2023-02-23_22-41-35,done'
ptd-server 2023-02-23 23:03:17,357 [INFO] Sending to ptd: 'Stop'
ptd-server 2023-02-23 23:03:17,907 [INFO] Reply from ptd: 'Error: no measurement to stop'
ptd-server 2023-02-23 23:03:17,907 [INFO] Sending to ptd: 'SR,V,Auto'
ptd-server 2023-02-23 23:03:22,973 [INFO] Reply from ptd: 'Range V changed'
ptd-server 2023-02-23 23:03:22,973 [INFO] Sending to ptd: 'SR,A,Auto'
ptd-server 2023-02-23 23:03:28,044 [INFO] Reply from ptd: 'Range A changed'
ptd-server 2023-02-23 23:03:28,045 [INFO] Set initial values for Amps Auto and Volts Auto
ptd-server 2023-02-23 23:03:28,045 [INFO] Stopping ptd...
