ptd-server 2023-02-28 02:55:24,416 [INFO] Got command from the client 'time'
ptd-server 2023-02-28 02:55:24,416 [INFO] Sending reply to client '1677552924.4167438'
ptd-server 2023-02-28 02:55:24,419 [INFO] Got command from the client 'new,,0957caa0-06e3-4110-acc4-a0efb79cdc57'
ptd-server 2023-02-28 02:55:24,419 [INFO] Sending reply to client 'OK 2023-02-28_02-55-24,01f31d8a-6aa6-40b3-9a66-2fb5ab3b569c'
ptd-server 2023-02-28 02:55:24,439 [INFO] Got command from the client 'time'
ptd-server 2023-02-28 02:55:24,439 [INFO] Sending reply to client '1677552924.43933'
ptd-server 2023-02-28 02:55:24,442 [INFO] Got command from the client 'session,2023-02-28_02-55-24,start,ranging'
ptd-server 2023-02-28 02:55:24,442 [INFO] Running PTDaemon: ['/media/arjun/T7_Touch/hp-envy/CM/repos/local/cache/9b3695ca8255492a/power/inference_v1.0/ptd-linux-x86', '-l', '/tmp/tmpti64566v/ptd_logfile.txt', '-p', '8888', '49', '/dev/usbtmc0']
ptd-server 2023-02-28 02:55:41,506 [INFO] Sending to ptd: 'Hello'
ptd-server 2023-02-28 02:55:41,506 [INFO] Reply from ptd: 'Hello, PTDaemon here!'
ptd-server 2023-02-28 02:55:41,506 [INFO] Sending to ptd: 'Identify'
ptd-server 2023-02-28 02:55:41,507 [INFO] Reply from ptd: 'YokogawaWT310E,1000,1,1,1,1,0,1,1,version=1.10.0-ed9a21d2-20220817,OS=Linux 5.15.0-56-generic #62-Ubuntu SMP Tue Nov 22 19:54:14 UTC 2022 x86_64,mode=power,1,1,1,0,0,no_cal_date,YOKOGAWA;WT310E;C3YD21068E;F1.04'
ptd-server 2023-02-28 02:55:41,507 [INFO] Connected to PTDaemon
ptd-server 2023-02-28 02:55:41,507 [INFO] Sending to ptd: 'RR'
ptd-server 2023-02-28 02:55:41,507 [INFO] Reply from ptd: 'Ranges,0,0.100000,0,600.000000'
ptd-server 2023-02-28 02:55:41,507 [INFO] Initial range for Amps is 0.100000 for Volts is 600.000000
ptd-server 2023-02-28 02:55:41,507 [INFO] Sending to ptd: 'SR,V,Auto'
ptd-server 2023-02-28 02:55:42,010 [INFO] Reply from ptd: 'Range V changed'
ptd-server 2023-02-28 02:55:42,010 [INFO] Sending to ptd: 'SR,A,Auto'
ptd-server 2023-02-28 02:55:42,512 [INFO] Reply from ptd: 'Range A changed'
ptd-server 2023-02-28 02:55:52,522 [INFO] Starting ranging mode
ptd-server 2023-02-28 02:55:52,523 [INFO] Sending to ptd: 'Go,1000,0,2023-02-28_02-55-24_ranging'
ptd-server 2023-02-28 02:55:52,523 [INFO] Reply from ptd: 'Starting untimed measurement, maximum 500000 samples at 1000ms with 0 rampup samples'
ptd-server 2023-02-28 02:55:52,523 [INFO] Sending reply to client 'OK'
ptd-server 2023-02-28 03:10:47,611 [INFO] Got command from the client 'session,2023-02-28_02-55-24,stop,ranging'
ptd-server 2023-02-28 03:10:57,622 [INFO] Sending to ptd: 'Stop'
ptd-server 2023-02-28 03:10:57,622 [INFO] Reply from ptd: 'Stopping untimed measurement'
ptd-server 2023-02-28 03:10:58,083 [INFO] Sending reply to client 'OK'
ptd-server 2023-02-28 03:10:58,153 [INFO] Got command from the client 'time'
ptd-server 2023-02-28 03:10:58,153 [INFO] Sending reply to client '1677553858.153222'
ptd-server 2023-02-28 03:10:58,155 [INFO] Got command from the client 'session,2023-02-28_02-55-24,start,testing'
ptd-server 2023-02-28 03:10:58,156 [INFO] Sending to ptd: 'SR,V,247.710000'
ptd-server 2023-02-28 03:11:00,024 [INFO] Reply from ptd: 'Range V changed'
ptd-server 2023-02-28 03:11:00,024 [INFO] Sending to ptd: 'SR,A,0.208060'
ptd-server 2023-02-28 03:11:01,525 [INFO] Reply from ptd: 'Range A changed'
ptd-server 2023-02-28 03:11:11,536 [INFO] Starting testing mode
ptd-server 2023-02-28 03:11:11,536 [INFO] Sending to ptd: 'Go,1000,0,2023-02-28_02-55-24_testing'
ptd-server 2023-02-28 03:11:11,536 [INFO] Reply from ptd: 'Starting untimed measurement, maximum 500000 samples at 1000ms with 0 rampup samples'
ptd-server 2023-02-28 03:11:11,536 [INFO] Sending reply to client 'OK'
ptd-server 2023-02-28 03:26:01,638 [INFO] Got command from the client 'session,2023-02-28_02-55-24,stop,testing'
ptd-server 2023-02-28 03:26:11,649 [INFO] Sending to ptd: 'Stop'
ptd-server 2023-02-28 03:26:11,650 [INFO] Reply from ptd: 'Stopping untimed measurement'
ptd-server 2023-02-28 03:26:11,806 [INFO] Sending reply to client 'OK'
ptd-server 2023-02-28 03:26:11,825 [INFO] Got command from the client 'session,2023-02-28_02-55-24,done'
ptd-server 2023-02-28 03:26:11,825 [INFO] Sending to ptd: 'Stop'
ptd-server 2023-02-28 03:26:12,537 [INFO] Reply from ptd: 'Error: no measurement to stop'
ptd-server 2023-02-28 03:26:12,537 [INFO] Sending to ptd: 'SR,V,600.000000'
ptd-server 2023-02-28 03:26:14,041 [INFO] Reply from ptd: 'Range V changed'
ptd-server 2023-02-28 03:26:14,041 [INFO] Sending to ptd: 'SR,A,0.100000'
ptd-server 2023-02-28 03:26:15,544 [INFO] Reply from ptd: 'Range A changed'
ptd-server 2023-02-28 03:26:15,545 [INFO] Set initial values for Amps 0.100000 and Volts 600.000000
ptd-server 2023-02-28 03:26:15,545 [INFO] Stopping ptd...
