ptd-server 2023-02-25 00:24:06,078 [INFO] Got command from the client 'time'
ptd-server 2023-02-25 00:24:06,079 [INFO] Sending reply to client '1677284646.0791514'
ptd-server 2023-02-25 00:24:06,080 [INFO] Got command from the client 'new,,43cee48f-3786-409f-b868-49bf7c0e86a4'
ptd-server 2023-02-25 00:24:06,080 [INFO] Sending reply to client 'OK 2023-02-25_00-24-06,36aa47dc-28c1-4276-b1e4-58e75223225d'
ptd-server 2023-02-25 00:24:06,101 [INFO] Got command from the client 'time'
ptd-server 2023-02-25 00:24:06,101 [INFO] Sending reply to client '1677284646.1013296'
ptd-server 2023-02-25 00:24:06,102 [INFO] Got command from the client 'session,2023-02-25_00-24-06,start,ranging'
ptd-server 2023-02-25 00:24:06,102 [INFO] Running PTDaemon: ['/home/anton/projects/mlperf/power/inference_v1.0/ptd-linux-x86', '-l', '/tmp/tmpu4v721n6/ptd_logfile.txt', '-p', '8888', '49', '/dev/usbtmc0']
ptd-server 2023-02-25 00:24:23,189 [INFO] Sending to ptd: 'Hello'
ptd-server 2023-02-25 00:24:23,190 [INFO] Reply from ptd: 'Hello, PTDaemon here!'
ptd-server 2023-02-25 00:24:23,190 [INFO] Sending to ptd: 'Identify'
ptd-server 2023-02-25 00:24:23,190 [INFO] Reply from ptd: 'YokogawaWT310E,1000,1,1,1,1,0,1,1,version=1.10.0-ed9a21d2-20220817,OS=Linux 5.15.0-60-generic #66~20.04.1-Ubuntu SMP Wed Jan 25 09:41:30 UTC 2023 x86_64,mode=power,1,1,1,0,0,no_cal_date,YOKOGAWA;WT310E;C3XA04010E;F1.04'
ptd-server 2023-02-25 00:24:23,190 [INFO] Connected to PTDaemon
ptd-server 2023-02-25 00:24:23,190 [INFO] Sending to ptd: 'RR'
ptd-server 2023-02-25 00:24:23,191 [INFO] Reply from ptd: 'Ranges,0,0.100000,0,300.000000'
ptd-server 2023-02-25 00:24:23,191 [INFO] Initial range for Amps is 0.100000 for Volts is 300.000000
ptd-server 2023-02-25 00:24:23,191 [INFO] Sending to ptd: 'SR,V,Auto'
ptd-server 2023-02-25 00:24:23,694 [INFO] Reply from ptd: 'Range V changed'
ptd-server 2023-02-25 00:24:23,694 [INFO] Sending to ptd: 'SR,A,Auto'
ptd-server 2023-02-25 00:24:24,196 [INFO] Reply from ptd: 'Range A changed'
ptd-server 2023-02-25 00:24:34,206 [INFO] Starting ranging mode
ptd-server 2023-02-25 00:24:34,207 [INFO] Sending to ptd: 'Go,1000,0,2023-02-25_00-24-06_ranging'
ptd-server 2023-02-25 00:24:34,207 [INFO] Reply from ptd: 'Starting untimed measurement, maximum 500000 samples at 1000ms with 0 rampup samples'
ptd-server 2023-02-25 00:24:34,207 [INFO] Sending reply to client 'OK'
ptd-server 2023-02-25 00:34:50,648 [INFO] Got command from the client 'session,2023-02-25_00-24-06,stop,ranging'
ptd-server 2023-02-25 00:35:00,658 [INFO] Sending to ptd: 'Stop'
ptd-server 2023-02-25 00:35:00,658 [INFO] Reply from ptd: 'Stopping untimed measurement'
ptd-server 2023-02-25 00:35:00,673 [INFO] Sending reply to client 'OK'
ptd-server 2023-02-25 00:35:00,703 [INFO] Got command from the client 'time'
ptd-server 2023-02-25 00:35:00,704 [INFO] Sending reply to client '1677285300.7040575'
ptd-server 2023-02-25 00:35:00,705 [INFO] Got command from the client 'session,2023-02-25_00-24-06,start,testing'
ptd-server 2023-02-25 00:35:00,705 [INFO] Sending to ptd: 'SR,V,251.370000'
ptd-server 2023-02-25 00:35:02,708 [INFO] Reply from ptd: 'Range V changed'
ptd-server 2023-02-25 00:35:02,708 [INFO] Sending to ptd: 'SR,A,0.056220'
ptd-server 2023-02-25 00:35:04,209 [INFO] Reply from ptd: 'Range A changed'
ptd-server 2023-02-25 00:35:14,220 [INFO] Starting testing mode
ptd-server 2023-02-25 00:35:14,220 [INFO] Sending to ptd: 'Go,1000,0,2023-02-25_00-24-06_testing'
ptd-server 2023-02-25 00:35:14,220 [INFO] Reply from ptd: 'Starting untimed measurement, maximum 500000 samples at 1000ms with 0 rampup samples'
ptd-server 2023-02-25 00:35:14,221 [INFO] Sending reply to client 'OK'
ptd-server 2023-02-25 00:45:30,650 [INFO] Got command from the client 'session,2023-02-25_00-24-06,stop,testing'
ptd-server 2023-02-25 00:45:40,661 [INFO] Sending to ptd: 'Stop'
ptd-server 2023-02-25 00:45:40,661 [INFO] Reply from ptd: 'Stopping untimed measurement'
ptd-server 2023-02-25 00:45:40,667 [INFO] Sending reply to client 'OK'
ptd-server 2023-02-25 00:45:40,675 [INFO] Got command from the client 'session,2023-02-25_00-24-06,done'
ptd-server 2023-02-25 00:45:40,675 [INFO] Sending to ptd: 'Stop'
ptd-server 2023-02-25 00:45:41,221 [INFO] Reply from ptd: 'Error: no measurement to stop'
ptd-server 2023-02-25 00:45:41,221 [INFO] Sending to ptd: 'SR,V,300.000000'
ptd-server 2023-02-25 00:45:42,722 [INFO] Reply from ptd: 'Range V changed'
ptd-server 2023-02-25 00:45:42,722 [INFO] Sending to ptd: 'SR,A,0.100000'
ptd-server 2023-02-25 00:45:44,224 [INFO] Reply from ptd: 'Range A changed'
ptd-server 2023-02-25 00:45:44,224 [INFO] Set initial values for Amps 0.100000 and Volts 300.000000
ptd-server 2023-02-25 00:45:44,224 [INFO] Stopping ptd...
