ptd-server 2023-02-20 02:03:57,548 [INFO] Got command from the client 'time'
ptd-server 2023-02-20 02:03:57,548 [INFO] Sending reply to client '1676858637.5487168'
ptd-server 2023-02-20 02:03:57,549 [INFO] Got command from the client 'new,,31bec2f9-cd1a-4f12-8966-05fabd301ce4'
ptd-server 2023-02-20 02:03:57,550 [INFO] Sending reply to client 'OK 2023-02-20_02-03-57,805693a1-1dd1-4b7f-a5b3-4ea1cc515ff3'
ptd-server 2023-02-20 02:03:57,571 [INFO] Got command from the client 'time'
ptd-server 2023-02-20 02:03:57,572 [INFO] Sending reply to client '1676858637.57206'
ptd-server 2023-02-20 02:03:57,573 [INFO] Got command from the client 'session,2023-02-20_02-03-57,start,ranging'
ptd-server 2023-02-20 02:03:57,573 [INFO] Running PTDaemon: ['/home/anton/projects/mlperf/power/inference_v1.0/ptd-linux-x86', '-l', '/tmp/tmp4yl1neqp/ptd_logfile.txt', '-p', '8888', '49', '/dev/usbtmc0']
ptd-server 2023-02-20 02:04:14,647 [INFO] Sending to ptd: 'Hello'
ptd-server 2023-02-20 02:04:14,648 [INFO] Reply from ptd: 'Hello, PTDaemon here!'
ptd-server 2023-02-20 02:04:14,648 [INFO] Sending to ptd: 'Identify'
ptd-server 2023-02-20 02:04:14,648 [INFO] Reply from ptd: 'YokogawaWT310E,1000,1,1,1,1,0,1,1,version=1.10.0-ed9a21d2-20220817,OS=Linux 5.15.0-60-generic #66~20.04.1-Ubuntu SMP Wed Jan 25 09:41:30 UTC 2023 x86_64,mode=power,1,1,1,0,0,no_cal_date,YOKOGAWA;WT310E;C3XA04010E;F1.04'
ptd-server 2023-02-20 02:04:14,649 [INFO] Connected to PTDaemon
ptd-server 2023-02-20 02:04:14,649 [INFO] Sending to ptd: 'RR'
ptd-server 2023-02-20 02:04:14,649 [INFO] Reply from ptd: 'Ranges,0,0.500000,1,300.000000'
ptd-server 2023-02-20 02:04:14,649 [INFO] Initial range for Amps is 0.500000 for Volts is Auto
ptd-server 2023-02-20 02:04:14,649 [INFO] Sending to ptd: 'SR,V,Auto'
ptd-server 2023-02-20 02:04:15,152 [INFO] Reply from ptd: 'Range V changed'
ptd-server 2023-02-20 02:04:15,152 [INFO] Sending to ptd: 'SR,A,Auto'
ptd-server 2023-02-20 02:04:15,654 [INFO] Reply from ptd: 'Range A changed'
ptd-server 2023-02-20 02:04:25,665 [INFO] Starting ranging mode
ptd-server 2023-02-20 02:04:25,665 [INFO] Sending to ptd: 'Go,1000,0,2023-02-20_02-03-57_ranging'
ptd-server 2023-02-20 02:04:25,665 [INFO] Reply from ptd: 'Starting untimed measurement, maximum 500000 samples at 1000ms with 0 rampup samples'
ptd-server 2023-02-20 02:04:25,666 [INFO] Sending reply to client 'OK'
ptd-server 2023-02-20 02:14:53,945 [INFO] Got command from the client 'session,2023-02-20_02-03-57,stop,ranging'
ptd-server 2023-02-20 02:15:03,952 [INFO] Sending to ptd: 'Stop'
ptd-server 2023-02-20 02:15:03,952 [INFO] Reply from ptd: 'Stopping untimed measurement'
ptd-server 2023-02-20 02:15:04,090 [INFO] Sending reply to client 'OK'
ptd-server 2023-02-20 02:15:04,120 [INFO] Got command from the client 'time'
ptd-server 2023-02-20 02:15:04,121 [INFO] Sending reply to client '1676859304.1209948'
ptd-server 2023-02-20 02:15:04,121 [INFO] Got command from the client 'session,2023-02-20_02-03-57,start,testing'
ptd-server 2023-02-20 02:15:04,122 [INFO] Sending to ptd: 'SR,V,252.030000'
ptd-server 2023-02-20 02:15:06,167 [INFO] Reply from ptd: 'Range V changed'
ptd-server 2023-02-20 02:15:06,167 [INFO] Sending to ptd: 'SR,A,0.066990'
ptd-server 2023-02-20 02:15:07,668 [INFO] Reply from ptd: 'Range A changed'
ptd-server 2023-02-20 02:15:17,677 [INFO] Starting testing mode
ptd-server 2023-02-20 02:15:17,677 [INFO] Sending to ptd: 'Go,1000,0,2023-02-20_02-03-57_testing'
ptd-server 2023-02-20 02:15:17,678 [INFO] Reply from ptd: 'Starting untimed measurement, maximum 500000 samples at 1000ms with 0 rampup samples'
ptd-server 2023-02-20 02:15:17,678 [INFO] Sending reply to client 'OK'
ptd-server 2023-02-20 02:25:45,215 [INFO] Got command from the client 'session,2023-02-20_02-03-57,stop,testing'
ptd-server 2023-02-20 02:25:55,226 [INFO] Sending to ptd: 'Stop'
ptd-server 2023-02-20 02:25:55,226 [INFO] Reply from ptd: 'Stopping untimed measurement'
ptd-server 2023-02-20 02:25:55,297 [INFO] Sending reply to client 'OK'
ptd-server 2023-02-20 02:25:55,305 [INFO] Got command from the client 'session,2023-02-20_02-03-57,done'
ptd-server 2023-02-20 02:25:55,305 [INFO] Sending to ptd: 'Stop'
ptd-server 2023-02-20 02:25:55,679 [INFO] Reply from ptd: 'Error: no measurement to stop'
ptd-server 2023-02-20 02:25:55,679 [INFO] Sending to ptd: 'SR,V,Auto'
ptd-server 2023-02-20 02:25:56,181 [INFO] Reply from ptd: 'Range V changed'
ptd-server 2023-02-20 02:25:56,181 [INFO] Sending to ptd: 'SR,A,0.500000'
ptd-server 2023-02-20 02:25:57,683 [INFO] Reply from ptd: 'Range A changed'
ptd-server 2023-02-20 02:25:57,683 [INFO] Set initial values for Amps 0.500000 and Volts Auto
ptd-server 2023-02-20 02:25:57,683 [INFO] Stopping ptd...
