ptd-server 2023-03-01 09:05:46,927 [INFO] Got command from the client 'time'
ptd-server 2023-03-01 09:05:46,928 [INFO] Sending reply to client '1677661546.9281318'
ptd-server 2023-03-01 09:05:46,930 [INFO] Got command from the client 'new,,10069763-46db-4404-bf7d-15bab18a58db'
ptd-server 2023-03-01 09:05:46,931 [INFO] Sending reply to client 'OK 2023-03-01_09-05-46,b57921bf-69a7-4fb6-a867-808800fc2709'
ptd-server 2023-03-01 09:05:46,956 [INFO] Got command from the client 'time'
ptd-server 2023-03-01 09:05:46,956 [INFO] Sending reply to client '1677661546.9564824'
ptd-server 2023-03-01 09:05:46,957 [INFO] Got command from the client 'session,2023-03-01_09-05-46,start,ranging'
ptd-server 2023-03-01 09:05:46,957 [INFO] Running PTDaemon: ['/home/anton/projects/mlperf/power/inference_v1.0/ptd-linux-x86', '-l', '/tmp/tmpu4v721n6/ptd_logfile.txt', '-p', '8888', '49', '/dev/usbtmc0']
ptd-server 2023-03-01 09:06:04,044 [INFO] Sending to ptd: 'Hello'
ptd-server 2023-03-01 09:06:04,044 [INFO] Reply from ptd: 'Hello, PTDaemon here!'
ptd-server 2023-03-01 09:06:04,044 [INFO] Sending to ptd: 'Identify'
ptd-server 2023-03-01 09:06:04,045 [INFO] Reply from ptd: 'YokogawaWT310E,1000,1,1,1,1,0,1,1,version=1.10.0-ed9a21d2-20220817,OS=Linux 5.15.0-60-generic #66~20.04.1-Ubuntu SMP Wed Jan 25 09:41:30 UTC 2023 x86_64,mode=power,1,1,1,0,0,no_cal_date,YOKOGAWA;WT310E;C3XA04010E;F1.04'
ptd-server 2023-03-01 09:06:04,045 [INFO] Connected to PTDaemon
ptd-server 2023-03-01 09:06:04,045 [INFO] Sending to ptd: 'RR'
ptd-server 2023-03-01 09:06:04,045 [INFO] Reply from ptd: 'Ranges,0,0.100000,0,300.000000'
ptd-server 2023-03-01 09:06:04,045 [INFO] Initial range for Amps is 0.100000 for Volts is 300.000000
ptd-server 2023-03-01 09:06:04,046 [INFO] Sending to ptd: 'SR,V,Auto'
ptd-server 2023-03-01 09:06:04,548 [INFO] Reply from ptd: 'Range V changed'
ptd-server 2023-03-01 09:06:04,548 [INFO] Sending to ptd: 'SR,A,Auto'
ptd-server 2023-03-01 09:06:05,051 [INFO] Reply from ptd: 'Range A changed'
ptd-server 2023-03-01 09:06:15,060 [INFO] Starting ranging mode
ptd-server 2023-03-01 09:06:15,060 [INFO] Sending to ptd: 'Go,1000,0,2023-03-01_09-05-46_ranging'
ptd-server 2023-03-01 09:06:15,060 [INFO] Reply from ptd: 'Starting untimed measurement, maximum 500000 samples at 1000ms with 0 rampup samples'
ptd-server 2023-03-01 09:06:15,061 [INFO] Sending reply to client 'OK'
ptd-server 2023-03-01 09:16:39,109 [INFO] Got command from the client 'session,2023-03-01_09-05-46,stop,ranging'
ptd-server 2023-03-01 09:16:49,119 [INFO] Sending to ptd: 'Stop'
ptd-server 2023-03-01 09:16:49,120 [INFO] Reply from ptd: 'Stopping untimed measurement'
ptd-server 2023-03-01 09:16:49,709 [INFO] Sending reply to client 'OK'
ptd-server 2023-03-01 09:16:49,754 [INFO] Got command from the client 'time'
ptd-server 2023-03-01 09:16:49,754 [INFO] Sending reply to client '1677662209.7544665'
ptd-server 2023-03-01 09:16:49,756 [INFO] Got command from the client 'session,2023-03-01_09-05-46,start,testing'
ptd-server 2023-03-01 09:16:49,757 [INFO] Sending to ptd: 'SR,V,251.080000'
ptd-server 2023-03-01 09:16:51,562 [INFO] Reply from ptd: 'Range V changed'
ptd-server 2023-03-01 09:16:51,562 [INFO] Sending to ptd: 'SR,A,0.080290'
ptd-server 2023-03-01 09:16:53,063 [INFO] Reply from ptd: 'Range A changed'
ptd-server 2023-03-01 09:17:03,072 [INFO] Starting testing mode
ptd-server 2023-03-01 09:17:03,072 [INFO] Sending to ptd: 'Go,1000,0,2023-03-01_09-05-46_testing'
ptd-server 2023-03-01 09:17:03,072 [INFO] Reply from ptd: 'Starting untimed measurement, maximum 500000 samples at 1000ms with 0 rampup samples'
ptd-server 2023-03-01 09:17:03,073 [INFO] Sending reply to client 'OK'
ptd-server 2023-03-01 09:27:26,843 [INFO] Got command from the client 'session,2023-03-01_09-05-46,stop,testing'
ptd-server 2023-03-01 09:27:36,853 [INFO] Sending to ptd: 'Stop'
ptd-server 2023-03-01 09:27:36,854 [INFO] Reply from ptd: 'Stopping untimed measurement'
ptd-server 2023-03-01 09:27:37,169 [INFO] Sending reply to client 'OK'
ptd-server 2023-03-01 09:27:37,188 [INFO] Got command from the client 'session,2023-03-01_09-05-46,done'
ptd-server 2023-03-01 09:27:37,188 [INFO] Sending to ptd: 'Stop'
ptd-server 2023-03-01 09:27:37,188 [INFO] Reply from ptd: 'Error: no measurement to stop'
ptd-server 2023-03-01 09:27:37,189 [INFO] Sending to ptd: 'SR,V,300.000000'
ptd-server 2023-03-01 09:27:38,690 [INFO] Reply from ptd: 'Range V changed'
ptd-server 2023-03-01 09:27:38,690 [INFO] Sending to ptd: 'SR,A,0.100000'
ptd-server 2023-03-01 09:27:40,192 [INFO] Reply from ptd: 'Range A changed'
ptd-server 2023-03-01 09:27:40,192 [INFO] Set initial values for Amps 0.100000 and Volts 300.000000
ptd-server 2023-03-01 09:27:40,192 [INFO] Stopping ptd...
