ptd-server 2023-02-23 17:06:52,897 [INFO] Got command from the client 'time'
ptd-server 2023-02-23 17:06:52,897 [INFO] Sending reply to client '1677172012.8972886'
ptd-server 2023-02-23 17:06:52,898 [INFO] Got command from the client 'new,,5503b6b8-3967-421d-9ba7-dba38c0e10c0'
ptd-server 2023-02-23 17:06:52,898 [INFO] Sending reply to client 'OK 2023-02-23_17-06-52,36fbfb44-8c40-4378-986e-7be87e0255a4'
ptd-server 2023-02-23 17:06:52,924 [INFO] Got command from the client 'time'
ptd-server 2023-02-23 17:06:52,924 [INFO] Sending reply to client '1677172012.9247458'
ptd-server 2023-02-23 17:06:52,925 [INFO] Got command from the client 'session,2023-02-23_17-06-52,start,ranging'
ptd-server 2023-02-23 17:06:52,926 [INFO] Running PTDaemon: ['/home/anton/projects/mlperf/power/inference_v1.0/ptd-linux-x86', '-l', '/tmp/tmp4yl1neqp/ptd_logfile.txt', '-p', '8888', '49', '/dev/usbtmc0']
ptd-server 2023-02-23 17:07:10,000 [INFO] Sending to ptd: 'Hello'
ptd-server 2023-02-23 17:07:10,000 [INFO] Reply from ptd: 'Hello, PTDaemon here!'
ptd-server 2023-02-23 17:07:10,000 [INFO] Sending to ptd: 'Identify'
ptd-server 2023-02-23 17:07:10,001 [INFO] Reply from ptd: 'YokogawaWT310E,1000,1,1,1,1,0,1,1,version=1.10.0-ed9a21d2-20220817,OS=Linux 5.15.0-60-generic #66~20.04.1-Ubuntu SMP Wed Jan 25 09:41:30 UTC 2023 x86_64,mode=power,1,1,1,0,0,no_cal_date,YOKOGAWA;WT310E;C3XA04010E;F1.04'
ptd-server 2023-02-23 17:07:10,001 [INFO] Connected to PTDaemon
ptd-server 2023-02-23 17:07:10,001 [INFO] Sending to ptd: 'RR'
ptd-server 2023-02-23 17:07:10,001 [INFO] Reply from ptd: 'Ranges,1,0.100000,1,300.000000'
ptd-server 2023-02-23 17:07:10,002 [INFO] Initial range for Amps is Auto for Volts is Auto
ptd-server 2023-02-23 17:07:10,002 [INFO] Sending to ptd: 'SR,V,Auto'
ptd-server 2023-02-23 17:07:10,504 [INFO] Reply from ptd: 'Range V changed'
ptd-server 2023-02-23 17:07:10,504 [INFO] Sending to ptd: 'SR,A,Auto'
ptd-server 2023-02-23 17:07:11,007 [INFO] Reply from ptd: 'Range A changed'
ptd-server 2023-02-23 17:07:21,017 [INFO] Starting ranging mode
ptd-server 2023-02-23 17:07:21,017 [INFO] Sending to ptd: 'Go,1000,0,2023-02-23_17-06-52_ranging'
ptd-server 2023-02-23 17:07:21,018 [INFO] Reply from ptd: 'Starting untimed measurement, maximum 500000 samples at 1000ms with 0 rampup samples'
ptd-server 2023-02-23 17:07:21,018 [INFO] Sending reply to client 'OK'
ptd-server 2023-02-23 17:17:37,456 [INFO] Got command from the client 'session,2023-02-23_17-06-52,stop,ranging'
ptd-server 2023-02-23 17:17:47,466 [INFO] Sending to ptd: 'Stop'
ptd-server 2023-02-23 17:17:47,466 [INFO] Reply from ptd: 'Stopping untimed measurement'
ptd-server 2023-02-23 17:17:48,012 [INFO] Sending reply to client 'OK'
ptd-server 2023-02-23 17:17:48,045 [INFO] Got command from the client 'time'
ptd-server 2023-02-23 17:17:48,045 [INFO] Sending reply to client '1677172668.045851'
ptd-server 2023-02-23 17:17:48,047 [INFO] Got command from the client 'session,2023-02-23_17-06-52,start,testing'
ptd-server 2023-02-23 17:17:48,047 [INFO] Sending to ptd: 'SR,V,251.380000'
ptd-server 2023-02-23 17:17:49,548 [INFO] Reply from ptd: 'Range V changed'
ptd-server 2023-02-23 17:17:49,548 [INFO] Sending to ptd: 'SR,A,0.055690'
ptd-server 2023-02-23 17:17:51,050 [INFO] Reply from ptd: 'Range A changed'
ptd-server 2023-02-23 17:18:01,060 [INFO] Starting testing mode
ptd-server 2023-02-23 17:18:01,060 [INFO] Sending to ptd: 'Go,1000,0,2023-02-23_17-06-52_testing'
ptd-server 2023-02-23 17:18:01,061 [INFO] Reply from ptd: 'Starting untimed measurement, maximum 500000 samples at 1000ms with 0 rampup samples'
ptd-server 2023-02-23 17:18:01,061 [INFO] Sending reply to client 'OK'
ptd-server 2023-02-23 17:28:17,425 [INFO] Got command from the client 'session,2023-02-23_17-06-52,stop,testing'
ptd-server 2023-02-23 17:28:27,435 [INFO] Sending to ptd: 'Stop'
ptd-server 2023-02-23 17:28:27,436 [INFO] Reply from ptd: 'Stopping untimed measurement'
ptd-server 2023-02-23 17:28:27,720 [INFO] Sending reply to client 'OK'
ptd-server 2023-02-23 17:28:27,728 [INFO] Got command from the client 'session,2023-02-23_17-06-52,done'
ptd-server 2023-02-23 17:28:27,728 [INFO] Sending to ptd: 'Stop'
ptd-server 2023-02-23 17:28:28,061 [INFO] Reply from ptd: 'Error: no measurement to stop'
ptd-server 2023-02-23 17:28:28,061 [INFO] Sending to ptd: 'SR,V,Auto'
ptd-server 2023-02-23 17:28:28,564 [INFO] Reply from ptd: 'Range V changed'
ptd-server 2023-02-23 17:28:28,564 [INFO] Sending to ptd: 'SR,A,Auto'
ptd-server 2023-02-23 17:28:29,067 [INFO] Reply from ptd: 'Range A changed'
ptd-server 2023-02-23 17:28:29,067 [INFO] Set initial values for Amps Auto and Volts Auto
ptd-server 2023-02-23 17:28:29,067 [INFO] Stopping ptd...
