ptd-server 2023-02-22 07:21:33,796 [INFO] Got command from the client 'time'
ptd-server 2023-02-22 07:21:33,797 [INFO] Sending reply to client '1677050493.7970927'
ptd-server 2023-02-22 07:21:33,798 [INFO] Got command from the client 'new,,efb8a586-500c-45b8-b686-8feb3c512b3f'
ptd-server 2023-02-22 07:21:33,798 [INFO] Sending reply to client 'OK 2023-02-22_07-21-33,49878818-af96-45e2-b597-84d438087366'
ptd-server 2023-02-22 07:21:33,819 [INFO] Got command from the client 'time'
ptd-server 2023-02-22 07:21:33,819 [INFO] Sending reply to client '1677050493.819226'
ptd-server 2023-02-22 07:21:33,820 [INFO] Got command from the client 'session,2023-02-22_07-21-33,start,ranging'
ptd-server 2023-02-22 07:21:33,820 [INFO] Running PTDaemon: ['/home/anton/projects/mlperf/power/inference_v1.0/ptd-linux-x86', '-l', '/tmp/tmp4yl1neqp/ptd_logfile.txt', '-p', '8888', '49', '/dev/usbtmc0']
ptd-server 2023-02-22 07:21:50,895 [INFO] Sending to ptd: 'Hello'
ptd-server 2023-02-22 07:21:50,896 [INFO] Reply from ptd: 'Hello, PTDaemon here!'
ptd-server 2023-02-22 07:21:50,896 [INFO] Sending to ptd: 'Identify'
ptd-server 2023-02-22 07:21:50,896 [INFO] Reply from ptd: 'YokogawaWT310E,1000,1,1,1,1,0,1,1,version=1.10.0-ed9a21d2-20220817,OS=Linux 5.15.0-60-generic #66~20.04.1-Ubuntu SMP Wed Jan 25 09:41:30 UTC 2023 x86_64,mode=power,1,1,1,0,0,no_cal_date,YOKOGAWA;WT310E;C3XA04010E;F1.04'
ptd-server 2023-02-22 07:21:50,896 [INFO] Connected to PTDaemon
ptd-server 2023-02-22 07:21:50,896 [INFO] Sending to ptd: 'RR'
ptd-server 2023-02-22 07:21:50,897 [INFO] Reply from ptd: 'Ranges,1,0.100000,1,300.000000'
ptd-server 2023-02-22 07:21:50,897 [INFO] Initial range for Amps is Auto for Volts is Auto
ptd-server 2023-02-22 07:21:50,897 [INFO] Sending to ptd: 'SR,V,Auto'
ptd-server 2023-02-22 07:21:51,400 [INFO] Reply from ptd: 'Range V changed'
ptd-server 2023-02-22 07:21:51,400 [INFO] Sending to ptd: 'SR,A,Auto'
ptd-server 2023-02-22 07:21:51,902 [INFO] Reply from ptd: 'Range A changed'
ptd-server 2023-02-22 07:22:01,912 [INFO] Starting ranging mode
ptd-server 2023-02-22 07:22:01,913 [INFO] Sending to ptd: 'Go,1000,0,2023-02-22_07-21-33_ranging'
ptd-server 2023-02-22 07:22:01,913 [INFO] Reply from ptd: 'Starting untimed measurement, maximum 500000 samples at 1000ms with 0 rampup samples'
ptd-server 2023-02-22 07:22:01,913 [INFO] Sending reply to client 'OK'
ptd-server 2023-02-22 07:32:21,665 [INFO] Got command from the client 'session,2023-02-22_07-21-33,stop,ranging'
ptd-server 2023-02-22 07:32:31,676 [INFO] Sending to ptd: 'Stop'
ptd-server 2023-02-22 07:32:31,676 [INFO] Reply from ptd: 'Stopping untimed measurement'
ptd-server 2023-02-22 07:32:32,077 [INFO] Sending reply to client 'OK'
ptd-server 2023-02-22 07:32:32,215 [INFO] Got command from the client 'time'
ptd-server 2023-02-22 07:32:32,215 [INFO] Sending reply to client '1677051152.2156882'
ptd-server 2023-02-22 07:32:32,216 [INFO] Got command from the client 'session,2023-02-22_07-21-33,start,testing'
ptd-server 2023-02-22 07:32:32,216 [INFO] Sending to ptd: 'SR,V,252.240000'
ptd-server 2023-02-22 07:32:33,718 [INFO] Reply from ptd: 'Range V changed'
ptd-server 2023-02-22 07:32:33,718 [INFO] Sending to ptd: 'SR,A,0.051720'
ptd-server 2023-02-22 07:32:35,219 [INFO] Reply from ptd: 'Range A changed'
ptd-server 2023-02-22 07:32:45,230 [INFO] Starting testing mode
ptd-server 2023-02-22 07:32:45,230 [INFO] Sending to ptd: 'Go,1000,0,2023-02-22_07-21-33_testing'
ptd-server 2023-02-22 07:32:45,230 [INFO] Reply from ptd: 'Starting untimed measurement, maximum 500000 samples at 1000ms with 0 rampup samples'
ptd-server 2023-02-22 07:32:45,230 [INFO] Sending reply to client 'OK'
ptd-server 2023-02-22 07:43:04,900 [INFO] Got command from the client 'session,2023-02-22_07-21-33,stop,testing'
ptd-server 2023-02-22 07:43:14,911 [INFO] Sending to ptd: 'Stop'
ptd-server 2023-02-22 07:43:14,911 [INFO] Reply from ptd: 'Stopping untimed measurement'
ptd-server 2023-02-22 07:43:15,141 [INFO] Sending reply to client 'OK'
ptd-server 2023-02-22 07:43:15,149 [INFO] Got command from the client 'session,2023-02-22_07-21-33,done'
ptd-server 2023-02-22 07:43:15,149 [INFO] Sending to ptd: 'Stop'
ptd-server 2023-02-22 07:43:15,230 [INFO] Reply from ptd: 'Error: no measurement to stop'
ptd-server 2023-02-22 07:43:15,231 [INFO] Sending to ptd: 'SR,V,Auto'
ptd-server 2023-02-22 07:43:15,733 [INFO] Reply from ptd: 'Range V changed'
ptd-server 2023-02-22 07:43:15,733 [INFO] Sending to ptd: 'SR,A,Auto'
ptd-server 2023-02-22 07:43:16,236 [INFO] Reply from ptd: 'Range A changed'
ptd-server 2023-02-22 07:43:16,236 [INFO] Set initial values for Amps Auto and Volts Auto
ptd-server 2023-02-22 07:43:16,236 [INFO] Stopping ptd...
