ptd-server 2023-02-27 01:14:29,430 [INFO] Got command from the client 'time'
ptd-server 2023-02-27 01:14:29,430 [INFO] Sending reply to client '1677460469.430725'
ptd-server 2023-02-27 01:14:29,432 [INFO] Got command from the client 'new,,dd4cf4a5-c3c3-4a06-a272-6e4a0e117ddb'
ptd-server 2023-02-27 01:14:29,432 [INFO] Sending reply to client 'OK 2023-02-27_01-14-29,5e746b88-441b-47c8-8f13-9fa744f98644'
ptd-server 2023-02-27 01:14:29,509 [INFO] Got command from the client 'time'
ptd-server 2023-02-27 01:14:29,509 [INFO] Sending reply to client '1677460469.5099058'
ptd-server 2023-02-27 01:14:29,512 [INFO] Got command from the client 'session,2023-02-27_01-14-29,start,ranging'
ptd-server 2023-02-27 01:14:29,512 [INFO] Running PTDaemon: ['/home/anton/projects/mlperf/power/inference_v1.0/ptd-linux-x86', '-l', '/tmp/tmpu4v721n6/ptd_logfile.txt', '-p', '8888', '49', '/dev/usbtmc0']
ptd-server 2023-02-27 01:14:46,598 [INFO] Sending to ptd: 'Hello'
ptd-server 2023-02-27 01:14:46,599 [INFO] Reply from ptd: 'Hello, PTDaemon here!'
ptd-server 2023-02-27 01:14:46,599 [INFO] Sending to ptd: 'Identify'
ptd-server 2023-02-27 01:14:46,599 [INFO] Reply from ptd: 'YokogawaWT310E,1000,1,1,1,1,0,1,1,version=1.10.0-ed9a21d2-20220817,OS=Linux 5.15.0-60-generic #66~20.04.1-Ubuntu SMP Wed Jan 25 09:41:30 UTC 2023 x86_64,mode=power,1,1,1,0,0,no_cal_date,YOKOGAWA;WT310E;C3XA04010E;F1.04'
ptd-server 2023-02-27 01:14:46,599 [INFO] Connected to PTDaemon
ptd-server 2023-02-27 01:14:46,599 [INFO] Sending to ptd: 'RR'
ptd-server 2023-02-27 01:14:46,600 [INFO] Reply from ptd: 'Ranges,0,0.100000,0,300.000000'
ptd-server 2023-02-27 01:14:46,600 [INFO] Initial range for Amps is 0.100000 for Volts is 300.000000
ptd-server 2023-02-27 01:14:46,600 [INFO] Sending to ptd: 'SR,V,Auto'
ptd-server 2023-02-27 01:14:47,103 [INFO] Reply from ptd: 'Range V changed'
ptd-server 2023-02-27 01:14:47,103 [INFO] Sending to ptd: 'SR,A,Auto'
ptd-server 2023-02-27 01:14:47,605 [INFO] Reply from ptd: 'Range A changed'
ptd-server 2023-02-27 01:14:57,614 [INFO] Starting ranging mode
ptd-server 2023-02-27 01:14:57,615 [INFO] Sending to ptd: 'Go,1000,0,2023-02-27_01-14-29_ranging'
ptd-server 2023-02-27 01:14:57,615 [INFO] Reply from ptd: 'Starting untimed measurement, maximum 500000 samples at 1000ms with 0 rampup samples'
ptd-server 2023-02-27 01:14:57,615 [INFO] Sending reply to client 'OK'
ptd-server 2023-02-27 01:25:19,544 [INFO] Got command from the client 'session,2023-02-27_01-14-29,stop,ranging'
ptd-server 2023-02-27 01:25:29,555 [INFO] Sending to ptd: 'Stop'
ptd-server 2023-02-27 01:25:29,555 [INFO] Reply from ptd: 'Stopping untimed measurement'
ptd-server 2023-02-27 01:25:29,831 [INFO] Sending reply to client 'OK'
ptd-server 2023-02-27 01:25:30,101 [INFO] Got command from the client 'time'
ptd-server 2023-02-27 01:25:30,102 [INFO] Sending reply to client '1677461130.1021013'
ptd-server 2023-02-27 01:25:30,104 [INFO] Got command from the client 'session,2023-02-27_01-14-29,start,testing'
ptd-server 2023-02-27 01:25:30,104 [INFO] Sending to ptd: 'SR,V,250.920000'
ptd-server 2023-02-27 01:25:31,605 [INFO] Reply from ptd: 'Range V changed'
ptd-server 2023-02-27 01:25:31,606 [INFO] Sending to ptd: 'SR,A,0.051460'
ptd-server 2023-02-27 01:25:33,107 [INFO] Reply from ptd: 'Range A changed'
ptd-server 2023-02-27 01:25:43,116 [INFO] Starting testing mode
ptd-server 2023-02-27 01:25:43,116 [INFO] Sending to ptd: 'Go,1000,0,2023-02-27_01-14-29_testing'
ptd-server 2023-02-27 01:25:43,116 [INFO] Reply from ptd: 'Starting untimed measurement, maximum 500000 samples at 1000ms with 0 rampup samples'
ptd-server 2023-02-27 01:25:43,116 [INFO] Sending reply to client 'OK'
ptd-server 2023-02-27 01:36:05,349 [INFO] Got command from the client 'session,2023-02-27_01-14-29,stop,testing'
ptd-server 2023-02-27 01:36:15,356 [INFO] Sending to ptd: 'Stop'
ptd-server 2023-02-27 01:36:15,356 [INFO] Reply from ptd: 'Stopping untimed measurement'
ptd-server 2023-02-27 01:36:15,508 [INFO] Sending reply to client 'OK'
ptd-server 2023-02-27 01:36:15,530 [INFO] Got command from the client 'session,2023-02-27_01-14-29,done'
ptd-server 2023-02-27 01:36:15,530 [INFO] Sending to ptd: 'Stop'
ptd-server 2023-02-27 01:36:16,117 [INFO] Reply from ptd: 'Error: no measurement to stop'
ptd-server 2023-02-27 01:36:16,117 [INFO] Sending to ptd: 'SR,V,300.000000'
ptd-server 2023-02-27 01:36:17,618 [INFO] Reply from ptd: 'Range V changed'
ptd-server 2023-02-27 01:36:17,619 [INFO] Sending to ptd: 'SR,A,0.100000'
ptd-server 2023-02-27 01:36:19,120 [INFO] Reply from ptd: 'Range A changed'
ptd-server 2023-02-27 01:36:19,120 [INFO] Set initial values for Amps 0.100000 and Volts 300.000000
ptd-server 2023-02-27 01:36:19,120 [INFO] Stopping ptd...
