ptd-server 2023-03-01 21:21:41,770 [INFO] Got command from the client 'time'
ptd-server 2023-03-01 21:21:41,770 [INFO] Sending reply to client '1677727301.770519'
ptd-server 2023-03-01 21:21:41,772 [INFO] Got command from the client 'new,,a584ba84-8491-4731-9560-205da73230d1'
ptd-server 2023-03-01 21:21:41,772 [INFO] Sending reply to client 'OK 2023-03-01_21-21-41,7e834962-1590-457f-9dcf-918d9e4b46d1'
ptd-server 2023-03-01 21:21:41,854 [INFO] Got command from the client 'time'
ptd-server 2023-03-01 21:21:41,855 [INFO] Sending reply to client '1677727301.8550875'
ptd-server 2023-03-01 21:21:41,856 [INFO] Got command from the client 'session,2023-03-01_21-21-41,start,ranging'
ptd-server 2023-03-01 21:21:41,857 [INFO] Running PTDaemon: ['/local/mnt/workspace/mlcommons/power-main/inference_v1.0/ptd-linux-x86', '-l', '/tmp/tmp5oeeq6__/ptd_logfile.txt', '-p', '8888', '-c', '1', '52', '/dev/usbtmc0']
ptd-server 2023-03-01 21:21:58,881 [INFO] Sending to ptd: 'Hello'
ptd-server 2023-03-01 21:21:58,882 [INFO] Reply from ptd: 'Hello, PTDaemon here!'
ptd-server 2023-03-01 21:21:58,882 [INFO] Sending to ptd: 'Identify'
ptd-server 2023-03-01 21:21:58,883 [INFO] Reply from ptd: 'YokogawaWT330E,1000,1,1,1,1,0,0,1,version=1.10.0-ed9a21d2-20220817,OS=Linux 5.4.0-120-generic #136~18.04.1-Ubuntu SMP Fri Jun 10 18:00:44 UTC 2022 x86_64,mode=power,1,1,1,0,0,no_cal_date,YOKOGAWA;WT333E;C2XC17005V;F1.04'
ptd-server 2023-03-01 21:21:58,883 [INFO] Connected to PTDaemon
ptd-server 2023-03-01 21:21:58,883 [INFO] Sending to ptd: 'RR'
ptd-server 2023-03-01 21:21:58,883 [INFO] Reply from ptd: 'Ranges,0,10.000000,0,150.000000'
ptd-server 2023-03-01 21:21:58,884 [INFO] Initial range for Amps is 10.000000 for Volts is 150.000000
ptd-server 2023-03-01 21:21:58,884 [INFO] Sending to ptd: 'SR,V,Auto'
ptd-server 2023-03-01 21:21:59,391 [INFO] Reply from ptd: 'Range V changed'
ptd-server 2023-03-01 21:21:59,391 [INFO] Sending to ptd: 'SR,A,Auto'
ptd-server 2023-03-01 21:21:59,894 [INFO] Reply from ptd: 'Range A changed'
ptd-server 2023-03-01 21:22:09,905 [INFO] Starting ranging mode
ptd-server 2023-03-01 21:22:09,905 [INFO] Sending to ptd: 'Go,1000,0,2023-03-01_21-21-41_ranging'
ptd-server 2023-03-01 21:22:09,906 [INFO] Reply from ptd: 'Starting untimed measurement, maximum 500000 samples at 1000ms with 0 rampup samples'
ptd-server 2023-03-01 21:22:09,906 [INFO] Sending reply to client 'OK'
ptd-server 2023-03-01 21:36:03,474 [INFO] Got command from the client 'session,2023-03-01_21-21-41,stop,ranging'
ptd-server 2023-03-01 21:36:13,485 [INFO] Sending to ptd: 'Stop'
ptd-server 2023-03-01 21:36:13,486 [INFO] Reply from ptd: 'Stopping untimed measurement'
ptd-server 2023-03-01 21:36:13,513 [INFO] Sending reply to client 'OK'
ptd-server 2023-03-01 21:36:13,606 [INFO] Got command from the client 'time'
ptd-server 2023-03-01 21:36:13,606 [INFO] Sending reply to client '1677728173.6062605'
ptd-server 2023-03-01 21:36:13,607 [INFO] Got command from the client 'session,2023-03-01_21-21-41,start,testing'
ptd-server 2023-03-01 21:36:13,607 [INFO] Sending to ptd: 'SR,V,121.070000'
ptd-server 2023-03-01 21:36:15,409 [INFO] Reply from ptd: 'Range V changed'
ptd-server 2023-03-01 21:36:15,409 [INFO] Sending to ptd: 'SR,A,2.597900'
ptd-server 2023-03-01 21:36:16,911 [INFO] Reply from ptd: 'Range A changed'
ptd-server 2023-03-01 21:36:26,922 [INFO] Starting testing mode
ptd-server 2023-03-01 21:36:26,922 [INFO] Sending to ptd: 'Go,1000,0,2023-03-01_21-21-41_testing'
ptd-server 2023-03-01 21:36:26,923 [INFO] Reply from ptd: 'Starting untimed measurement, maximum 500000 samples at 1000ms with 0 rampup samples'
ptd-server 2023-03-01 21:36:26,923 [INFO] Sending reply to client 'OK'
ptd-server 2023-03-01 21:50:20,352 [INFO] Got command from the client 'session,2023-03-01_21-21-41,stop,testing'
ptd-server 2023-03-01 21:50:30,363 [INFO] Sending to ptd: 'Stop'
ptd-server 2023-03-01 21:50:30,364 [INFO] Reply from ptd: 'Stopping untimed measurement'
ptd-server 2023-03-01 21:50:30,377 [INFO] Sending reply to client 'OK'
ptd-server 2023-03-01 21:50:30,386 [INFO] Got command from the client 'session,2023-03-01_21-21-41,done'
ptd-server 2023-03-01 21:50:30,386 [INFO] Sending to ptd: 'Stop'
ptd-server 2023-03-01 21:50:30,924 [INFO] Reply from ptd: 'Error: no measurement to stop'
ptd-server 2023-03-01 21:50:30,924 [INFO] Sending to ptd: 'SR,V,150.000000'
ptd-server 2023-03-01 21:50:32,426 [INFO] Reply from ptd: 'Range V changed'
ptd-server 2023-03-01 21:50:32,426 [INFO] Sending to ptd: 'SR,A,10.000000'
ptd-server 2023-03-01 21:50:33,929 [INFO] Reply from ptd: 'Range A changed'
ptd-server 2023-03-01 21:50:33,929 [INFO] Set initial values for Amps 10.000000 and Volts 150.000000
ptd-server 2023-03-01 21:50:33,929 [INFO] Stopping ptd...
