ptd-server 2023-02-15 02:32:35,282 [INFO] Got command from the client 'time'
ptd-server 2023-02-15 02:32:35,282 [INFO] Sending reply to client '1676449955.282779'
ptd-server 2023-02-15 02:32:35,283 [INFO] Got command from the client 'new,,9d37de9d-b924-448c-accb-ab0e1f89cd47'
ptd-server 2023-02-15 02:32:35,284 [INFO] Sending reply to client 'OK 2023-02-15_02-32-35,d1f6d47b-26f3-4f96-ba8b-57a76f74a4be'
ptd-server 2023-02-15 02:32:35,365 [INFO] Got command from the client 'time'
ptd-server 2023-02-15 02:32:35,365 [INFO] Sending reply to client '1676449955.365516'
ptd-server 2023-02-15 02:32:35,366 [INFO] Got command from the client 'session,2023-02-15_02-32-35,start,ranging'
ptd-server 2023-02-15 02:32:35,367 [INFO] Running PTDaemon: ['/local/mnt/workspace/mlcommons/power-main/inference_v1.0/ptd-linux-x86', '-l', '/tmp/tmp9e4egqlt/ptd_logfile.txt', '-p', '8888', '49', '/dev/usbtmc0']
ptd-server 2023-02-15 02:32:52,390 [INFO] Sending to ptd: 'Hello'
ptd-server 2023-02-15 02:32:52,391 [INFO] Reply from ptd: 'Hello, PTDaemon here!'
ptd-server 2023-02-15 02:32:52,391 [INFO] Sending to ptd: 'Identify'
ptd-server 2023-02-15 02:32:52,392 [INFO] Reply from ptd: 'YokogawaWT310E,1000,1,1,1,1,0,1,1,version=1.10.0-ed9a21d2-20220817,OS=Linux 5.4.0-120-generic #136~18.04.1-Ubuntu SMP Fri Jun 10 18:00:44 UTC 2022 x86_64,mode=power,1,1,1,0,0,no_cal_date,YOKOGAWA;WT310E;C2XF16030V;F1.04'
ptd-server 2023-02-15 02:32:52,392 [INFO] Connected to PTDaemon
ptd-server 2023-02-15 02:32:52,392 [INFO] Sending to ptd: 'RR'
ptd-server 2023-02-15 02:32:52,393 [INFO] Reply from ptd: 'Ranges,1,2.000000,1,150.000000'
ptd-server 2023-02-15 02:32:52,393 [INFO] Initial range for Amps is Auto for Volts is Auto
ptd-server 2023-02-15 02:32:52,393 [INFO] Sending to ptd: 'SR,V,Auto'
ptd-server 2023-02-15 02:32:52,896 [INFO] Reply from ptd: 'Range V changed'
ptd-server 2023-02-15 02:32:52,896 [INFO] Sending to ptd: 'SR,A,Auto'
ptd-server 2023-02-15 02:32:53,399 [INFO] Reply from ptd: 'Range A changed'
ptd-server 2023-02-15 02:33:03,410 [INFO] Starting ranging mode
ptd-server 2023-02-15 02:33:03,410 [INFO] Sending to ptd: 'Go,1000,0,2023-02-15_02-32-35_ranging'
ptd-server 2023-02-15 02:33:03,411 [INFO] Reply from ptd: 'Starting untimed measurement, maximum 500000 samples at 1000ms with 0 rampup samples'
ptd-server 2023-02-15 02:33:03,411 [INFO] Sending reply to client 'OK'
ptd-server 2023-02-15 02:48:57,155 [INFO] Got command from the client 'session,2023-02-15_02-32-35,stop,ranging'
ptd-server 2023-02-15 02:49:07,166 [INFO] Sending to ptd: 'Stop'
ptd-server 2023-02-15 02:49:07,167 [INFO] Reply from ptd: 'Stopping untimed measurement'
ptd-server 2023-02-15 02:49:07,195 [INFO] Sending reply to client 'OK'
ptd-server 2023-02-15 02:49:07,283 [INFO] Got command from the client 'time'
ptd-server 2023-02-15 02:49:07,284 [INFO] Sending reply to client '1676450947.284156'
ptd-server 2023-02-15 02:49:07,285 [INFO] Got command from the client 'session,2023-02-15_02-32-35,start,testing'
ptd-server 2023-02-15 02:49:07,285 [INFO] Sending to ptd: 'SR,V,120.600000'
ptd-server 2023-02-15 02:49:08,914 [INFO] Reply from ptd: 'Range V changed'
ptd-server 2023-02-15 02:49:08,914 [INFO] Sending to ptd: 'SR,A,2.271300'
ptd-server 2023-02-15 02:49:10,416 [INFO] Reply from ptd: 'Range A changed'
ptd-server 2023-02-15 02:49:20,427 [INFO] Starting testing mode
ptd-server 2023-02-15 02:49:20,427 [INFO] Sending to ptd: 'Go,1000,0,2023-02-15_02-32-35_testing'
ptd-server 2023-02-15 02:49:20,427 [INFO] Reply from ptd: 'Starting untimed measurement, maximum 500000 samples at 1000ms with 0 rampup samples'
ptd-server 2023-02-15 02:49:20,428 [INFO] Sending reply to client 'OK'
ptd-server 2023-02-15 03:05:13,169 [INFO] Got command from the client 'session,2023-02-15_02-32-35,stop,testing'
ptd-server 2023-02-15 03:05:23,177 [INFO] Sending to ptd: 'Stop'
ptd-server 2023-02-15 03:05:23,177 [INFO] Reply from ptd: 'Stopping untimed measurement'
ptd-server 2023-02-15 03:05:23,191 [INFO] Sending reply to client 'OK'
ptd-server 2023-02-15 03:05:23,197 [INFO] Got command from the client 'session,2023-02-15_02-32-35,done'
ptd-server 2023-02-15 03:05:23,197 [INFO] Sending to ptd: 'Stop'
ptd-server 2023-02-15 03:05:23,428 [INFO] Reply from ptd: 'Error: no measurement to stop'
ptd-server 2023-02-15 03:05:23,428 [INFO] Sending to ptd: 'SR,V,Auto'
ptd-server 2023-02-15 03:05:23,931 [INFO] Reply from ptd: 'Range V changed'
ptd-server 2023-02-15 03:05:23,932 [INFO] Sending to ptd: 'SR,A,Auto'
ptd-server 2023-02-15 03:05:24,435 [INFO] Reply from ptd: 'Range A changed'
ptd-server 2023-02-15 03:05:24,435 [INFO] Set initial values for Amps Auto and Volts Auto
ptd-server 2023-02-15 03:05:24,435 [INFO] Stopping ptd...
