client 2023-02-24 17:08:36,337 [INFO] Creating output directory '/home/arjun/mobilenet_results/valid_results/arjun_orin-tflite_cpp-cpu-tflite-vmaster-default_config/mobilenet-v3-precision_uint8-large-224/singlestream/performance/tmp_power'
client 2023-02-24 17:08:36,447 [INFO] Sending command to the server: 'mlcommons/power client v3'
client 2023-02-24 17:08:36,450 [INFO] Got response: 'mlcommons/power server v3'
client 2023-02-24 17:08:36,451 [INFO] Synchronizing with the server and with time.google.com...
client 2023-02-24 17:08:36,512 [INFO] NTP:offset = -0.000 s, delay = 0.016 s 
client 2023-02-24 17:08:36,512 [INFO] Sending command to the server: 'time'
client 2023-02-24 17:08:36,516 [INFO] Got response: '1677258516.515838'
client 2023-02-24 17:08:36,517 [INFO] The time difference between the client and the server is within range -3.515 ms..1.128 ms
client 2023-02-24 17:08:36,517 [INFO] Sending command to the server: 'new,,54ba9e04-3f39-45e5-9ade-4bcde33151a6'
client 2023-02-24 17:08:36,522 [INFO] Got response: 'OK 2023-02-24_17-08-36,0f56e249-5bea-413a-90aa-e25d23329fa6'
client 2023-02-24 17:08:36,522 [INFO] Session id is '2023-02-24_17-08-36'
client 2023-02-24 17:08:36,523 [INFO] Sources: {"sources": {"__init__.py": "da39a3ee5e6b4b0d3255bfef95601890afd80709", "client.py": "33ca4f26368777ac06e01f9567b714a4b8063886", "lib/__init__.py": "da39a3ee5e6b4b0d3255bfef95601890afd80709", "lib/client.py": "4c2b78fb4849a7e5b584ef792d82aaed20b17f57", "lib/common.py": "624d0c0acc7c39aaff3674f0b99d6a09da53d1dc", "lib/external/__init__.py": "da39a3ee5e6b4b0d3255bfef95601890afd80709", "lib/external/ntplib.py": "4da8f970656505a40483206ef2b5d3dd5e81711d", "lib/server.py": "cda0cdfaee9bfa1249c64a7dd4f89b7bf1b279f0", "lib/source_hashes.py": "60a2e02193209e8d392803326208d5466342da18", "lib/summary.py": "aa92f0a3f975eecd44d3c0cd0236342ccc9f941d", "lib/time_sync.py": "3210db56eb0ff0df57bf4293dc4d4b03fffd46f1", "server.py": "c3f90f2f7eeb4db30727556d0c815ebc89b3d28b", "tests/unit/__init__.py": "da39a3ee5e6b4b0d3255bfef95601890afd80709", "tests/unit/test_server.py": "99ae15aef722f2000ee6ed1ae1523637bf1ae42b", "tests/unit/test_source_hashes.py": "00468a2907583c593e6574a1f6b404e4651c221a"}, "modules": {"ptd_client_server.lib.client": "lib/client.py", "ptd_client_server.lib.common": "lib/common.py", "ptd_client_server.lib.external.ntplib": "lib/external/ntplib.py", "ptd_client_server.lib.source_hashes": "lib/source_hashes.py", "ptd_client_server.lib.summary": "lib/summary.py", "ptd_client_server.lib.time_sync": "lib/time_sync.py"}}
client 2023-02-24 17:08:36,523 [INFO] Running workload in ranging mode
client 2023-02-24 17:08:36,523 [INFO] Synchronizing with the server and with time.google.com...
client 2023-02-24 17:08:36,544 [INFO] NTP:offset = -0.001 s, delay = 0.019 s 
client 2023-02-24 17:08:36,545 [INFO] Sending command to the server: 'time'
client 2023-02-24 17:08:36,548 [INFO] Got response: '1677258516.5484884'
client 2023-02-24 17:08:36,548 [INFO] The time difference between the client and the server is within range -3.489 ms..-0.022 ms
client 2023-02-24 17:08:36,548 [INFO] Sending command to the server: 'session,2023-02-24_17-08-36,start,ranging'
client 2023-02-24 17:09:04,678 [INFO] Got response: 'OK'
client 2023-02-24 17:09:04,679 [INFO] Running the workload '/home/arjun/run.out'
client 2023-02-24 17:20:22,493 [INFO] Sending command to the server: 'session,2023-02-24_17-08-36,stop,ranging'
client 2023-02-24 17:20:32,738 [INFO] Got response: 'OK'
client 2023-02-24 17:20:32,762 [INFO] Copying loadgen logs from '/home/arjun/mobilenet_results/valid_results/arjun_orin-tflite_cpp-cpu-tflite-vmaster-default_config/mobilenet-v3-precision_uint8-large-224/singlestream/performance/run_1' to '/home/arjun/mobilenet_results/valid_results/arjun_orin-tflite_cpp-cpu-tflite-vmaster-default_config/mobilenet-v3-precision_uint8-large-224/singlestream/performance/tmp_power/ranging'
client 2023-02-24 17:20:32,764 [INFO] Running workload in testing mode
client 2023-02-24 17:20:32,765 [INFO] Synchronizing with the server and with time.google.com...
client 2023-02-24 17:20:32,789 [INFO] NTP:offset = 0.002 s, delay = 0.020 s 
client 2023-02-24 17:20:32,789 [INFO] Sending command to the server: 'time'
client 2023-02-24 17:20:32,792 [INFO] Got response: '1677259232.793384'
client 2023-02-24 17:20:32,793 [INFO] The time difference between the client and the server is within range -4.022 ms..-0.299 ms
client 2023-02-24 17:20:32,793 [INFO] Sending command to the server: 'session,2023-02-24_17-08-36,start,testing'
client 2023-02-24 17:20:45,819 [INFO] Got response: 'OK'
client 2023-02-24 17:20:45,820 [INFO] Running the workload '/home/arjun/run.out'
client 2023-02-24 17:31:58,241 [INFO] Sending command to the server: 'session,2023-02-24_17-08-36,stop,testing'
client 2023-02-24 17:32:08,400 [INFO] Got response: 'OK'
client 2023-02-24 17:32:08,405 [INFO] Copying loadgen logs from '/home/arjun/mobilenet_results/valid_results/arjun_orin-tflite_cpp-cpu-tflite-vmaster-default_config/mobilenet-v3-precision_uint8-large-224/singlestream/performance/run_1' to '/home/arjun/mobilenet_results/valid_results/arjun_orin-tflite_cpp-cpu-tflite-vmaster-default_config/mobilenet-v3-precision_uint8-large-224/singlestream/performance/tmp_power/run_1'
client 2023-02-24 17:32:08,407 [INFO] Done runs
