ptd-server 2023-02-24 17:08:36,515 [INFO] Got command from the client 'time'
ptd-server 2023-02-24 17:08:36,515 [INFO] Sending reply to client '1677258516.515838'
ptd-server 2023-02-24 17:08:36,521 [INFO] Got command from the client 'new,,54ba9e04-3f39-45e5-9ade-4bcde33151a6'
ptd-server 2023-02-24 17:08:36,522 [INFO] Sending reply to client 'OK 2023-02-24_17-08-36,0f56e249-5bea-413a-90aa-e25d23329fa6'
ptd-server 2023-02-24 17:08:36,548 [INFO] Got command from the client 'time'
ptd-server 2023-02-24 17:08:36,548 [INFO] Sending reply to client '1677258516.5484884'
ptd-server 2023-02-24 17:08:36,552 [INFO] Got command from the client 'session,2023-02-24_17-08-36,start,ranging'
ptd-server 2023-02-24 17:08:36,553 [INFO] Running PTDaemon: ['/media/arjun/T7_Touch/hp-envy/CM/repos/local/cache/9b3695ca8255492a/power/inference_v1.0/ptd-linux-x86', '-l', '/tmp/tmpti64566v/ptd_logfile.txt', '-p', '8888', '49', '/dev/usbtmc0']
ptd-server 2023-02-24 17:08:53,652 [INFO] Sending to ptd: 'Hello'
ptd-server 2023-02-24 17:08:53,653 [INFO] Reply from ptd: 'Hello, PTDaemon here!'
ptd-server 2023-02-24 17:08:53,654 [INFO] Sending to ptd: 'Identify'
ptd-server 2023-02-24 17:08:53,655 [INFO] Reply from ptd: 'YokogawaWT310E,1000,1,1,1,1,0,1,1,version=1.10.0-ed9a21d2-20220817,OS=Linux 5.15.0-56-generic #62-Ubuntu SMP Tue Nov 22 19:54:14 UTC 2022 x86_64,mode=power,1,1,1,0,0,no_cal_date,YOKOGAWA;WT310E;C3YD21068E;F1.04'
ptd-server 2023-02-24 17:08:53,655 [INFO] Connected to PTDaemon
ptd-server 2023-02-24 17:08:53,655 [INFO] Sending to ptd: 'RR'
ptd-server 2023-02-24 17:08:53,656 [INFO] Reply from ptd: 'Ranges,0,0.100000,0,600.000000'
ptd-server 2023-02-24 17:08:53,656 [INFO] Initial range for Amps is 0.100000 for Volts is 600.000000
ptd-server 2023-02-24 17:08:53,657 [INFO] Sending to ptd: 'SR,V,Auto'
ptd-server 2023-02-24 17:08:54,160 [INFO] Reply from ptd: 'Range V changed'
ptd-server 2023-02-24 17:08:54,161 [INFO] Sending to ptd: 'SR,A,Auto'
ptd-server 2023-02-24 17:08:54,664 [INFO] Reply from ptd: 'Range A changed'
ptd-server 2023-02-24 17:09:04,675 [INFO] Starting ranging mode
ptd-server 2023-02-24 17:09:04,675 [INFO] Sending to ptd: 'Go,1000,0,2023-02-24_17-08-36_ranging'
ptd-server 2023-02-24 17:09:04,676 [INFO] Reply from ptd: 'Starting untimed measurement, maximum 500000 samples at 1000ms with 0 rampup samples'
ptd-server 2023-02-24 17:09:04,677 [INFO] Sending reply to client 'OK'
ptd-server 2023-02-24 17:20:22,596 [INFO] Got command from the client 'session,2023-02-24_17-08-36,stop,ranging'
ptd-server 2023-02-24 17:20:32,607 [INFO] Sending to ptd: 'Stop'
ptd-server 2023-02-24 17:20:32,608 [INFO] Reply from ptd: 'Stopping untimed measurement'
ptd-server 2023-02-24 17:20:32,738 [INFO] Sending reply to client 'OK'
ptd-server 2023-02-24 17:20:32,793 [INFO] Got command from the client 'time'
ptd-server 2023-02-24 17:20:32,793 [INFO] Sending reply to client '1677259232.793384'
ptd-server 2023-02-24 17:20:32,796 [INFO] Got command from the client 'session,2023-02-24_17-08-36,start,testing'
ptd-server 2023-02-24 17:20:32,796 [INFO] Sending to ptd: 'SR,V,246.520000'
ptd-server 2023-02-24 17:20:34,299 [INFO] Reply from ptd: 'Range V changed'
ptd-server 2023-02-24 17:20:34,300 [INFO] Sending to ptd: 'SR,A,0.250560'
ptd-server 2023-02-24 17:20:35,802 [INFO] Reply from ptd: 'Range A changed'
ptd-server 2023-02-24 17:20:45,813 [INFO] Starting testing mode
ptd-server 2023-02-24 17:20:45,814 [INFO] Sending to ptd: 'Go,1000,0,2023-02-24_17-08-36_testing'
ptd-server 2023-02-24 17:20:45,815 [INFO] Reply from ptd: 'Starting untimed measurement, maximum 500000 samples at 1000ms with 0 rampup samples'
ptd-server 2023-02-24 17:20:45,816 [INFO] Sending reply to client 'OK'
ptd-server 2023-02-24 17:31:58,332 [INFO] Got command from the client 'session,2023-02-24_17-08-36,stop,testing'
ptd-server 2023-02-24 17:32:08,343 [INFO] Sending to ptd: 'Stop'
ptd-server 2023-02-24 17:32:08,344 [INFO] Reply from ptd: 'Stopping untimed measurement'
ptd-server 2023-02-24 17:32:08,401 [INFO] Sending reply to client 'OK'
ptd-server 2023-02-24 17:32:08,417 [INFO] Got command from the client 'session,2023-02-24_17-08-36,done'
ptd-server 2023-02-24 17:32:08,417 [INFO] Sending to ptd: 'Stop'
ptd-server 2023-02-24 17:32:08,816 [INFO] Reply from ptd: 'Error: no measurement to stop'
ptd-server 2023-02-24 17:32:08,817 [INFO] Sending to ptd: 'SR,V,600.000000'
ptd-server 2023-02-24 17:32:10,320 [INFO] Reply from ptd: 'Range V changed'
ptd-server 2023-02-24 17:32:10,320 [INFO] Sending to ptd: 'SR,A,0.100000'
ptd-server 2023-02-24 17:32:11,823 [INFO] Reply from ptd: 'Range A changed'
ptd-server 2023-02-24 17:32:11,824 [INFO] Set initial values for Amps 0.100000 and Volts 600.000000
ptd-server 2023-02-24 17:32:11,824 [INFO] Stopping ptd...
