ptd-server 2023-02-23 22:42:16,459 [INFO] Got command from the client 'time'
ptd-server 2023-02-23 22:42:16,459 [INFO] Sending reply to client '1677192136.4598544'
ptd-server 2023-02-23 22:42:16,460 [INFO] Got command from the client 'new,,afddcaa8-73ec-4328-93ad-dcec3dfe84f4'
ptd-server 2023-02-23 22:42:16,461 [INFO] Sending reply to client 'OK 2023-02-23_22-42-16,3286da6a-20a5-467f-bc8e-aa5175d63b18'
ptd-server 2023-02-23 22:42:16,481 [INFO] Got command from the client 'time'
ptd-server 2023-02-23 22:42:16,482 [INFO] Sending reply to client '1677192136.4820898'
ptd-server 2023-02-23 22:42:16,483 [INFO] Got command from the client 'session,2023-02-23_22-42-16,start,ranging'
ptd-server 2023-02-23 22:42:16,483 [INFO] Running PTDaemon: ['/home/anton/projects/mlperf/power/inference_v1.0/ptd-linux-x86', '-l', '/tmp/tmp4yl1neqp/ptd_logfile.txt', '-p', '8888', '49', '/dev/usbtmc0']
ptd-server 2023-02-23 22:42:33,558 [INFO] Sending to ptd: 'Hello'
ptd-server 2023-02-23 22:42:33,558 [INFO] Reply from ptd: 'Hello, PTDaemon here!'
ptd-server 2023-02-23 22:42:33,559 [INFO] Sending to ptd: 'Identify'
ptd-server 2023-02-23 22:42:33,559 [INFO] Reply from ptd: 'YokogawaWT310E,1000,1,1,1,1,0,1,1,version=1.10.0-ed9a21d2-20220817,OS=Linux 5.15.0-60-generic #66~20.04.1-Ubuntu SMP Wed Jan 25 09:41:30 UTC 2023 x86_64,mode=power,1,1,1,0,0,no_cal_date,YOKOGAWA;WT310E;C3XA04010E;F1.04'
ptd-server 2023-02-23 22:42:33,559 [INFO] Connected to PTDaemon
ptd-server 2023-02-23 22:42:33,559 [INFO] Sending to ptd: 'RR'
ptd-server 2023-02-23 22:42:33,560 [INFO] Reply from ptd: 'Ranges,1,0.100000,1,300.000000'
ptd-server 2023-02-23 22:42:33,560 [INFO] Initial range for Amps is Auto for Volts is Auto
ptd-server 2023-02-23 22:42:33,560 [INFO] Sending to ptd: 'SR,V,Auto'
ptd-server 2023-02-23 22:42:34,062 [INFO] Reply from ptd: 'Range V changed'
ptd-server 2023-02-23 22:42:34,063 [INFO] Sending to ptd: 'SR,A,Auto'
ptd-server 2023-02-23 22:42:34,565 [INFO] Reply from ptd: 'Range A changed'
ptd-server 2023-02-23 22:42:44,575 [INFO] Starting ranging mode
ptd-server 2023-02-23 22:42:44,576 [INFO] Sending to ptd: 'Go,1000,0,2023-02-23_22-42-16_ranging'
ptd-server 2023-02-23 22:42:44,576 [INFO] Reply from ptd: 'Starting untimed measurement, maximum 500000 samples at 1000ms with 0 rampup samples'
ptd-server 2023-02-23 22:42:44,576 [INFO] Sending reply to client 'OK'
ptd-server 2023-02-23 22:53:00,922 [INFO] Got command from the client 'session,2023-02-23_22-42-16,stop,ranging'
ptd-server 2023-02-23 22:53:10,932 [INFO] Sending to ptd: 'Stop'
ptd-server 2023-02-23 22:53:10,933 [INFO] Reply from ptd: 'Stopping untimed measurement'
ptd-server 2023-02-23 22:53:11,510 [INFO] Sending reply to client 'OK'
ptd-server 2023-02-23 22:53:11,555 [INFO] Got command from the client 'time'
ptd-server 2023-02-23 22:53:11,555 [INFO] Sending reply to client '1677192791.5556817'
ptd-server 2023-02-23 22:53:11,556 [INFO] Got command from the client 'session,2023-02-23_22-42-16,start,testing'
ptd-server 2023-02-23 22:53:11,557 [INFO] Sending to ptd: 'SR,V,253.640000'
ptd-server 2023-02-23 22:53:13,078 [INFO] Reply from ptd: 'Range V changed'
ptd-server 2023-02-23 22:53:13,078 [INFO] Sending to ptd: 'SR,A,0.053870'
ptd-server 2023-02-23 22:53:14,579 [INFO] Reply from ptd: 'Range A changed'
ptd-server 2023-02-23 22:53:24,590 [INFO] Starting testing mode
ptd-server 2023-02-23 22:53:24,590 [INFO] Sending to ptd: 'Go,1000,0,2023-02-23_22-42-16_testing'
ptd-server 2023-02-23 22:53:24,590 [INFO] Reply from ptd: 'Starting untimed measurement, maximum 500000 samples at 1000ms with 0 rampup samples'
ptd-server 2023-02-23 22:53:24,590 [INFO] Sending reply to client 'OK'
ptd-server 2023-02-23 23:03:40,835 [INFO] Got command from the client 'session,2023-02-23_22-42-16,stop,testing'
ptd-server 2023-02-23 23:03:50,845 [INFO] Sending to ptd: 'Stop'
ptd-server 2023-02-23 23:03:50,845 [INFO] Reply from ptd: 'Stopping untimed measurement'
ptd-server 2023-02-23 23:03:51,146 [INFO] Sending reply to client 'OK'
ptd-server 2023-02-23 23:03:51,154 [INFO] Got command from the client 'session,2023-02-23_22-42-16,done'
ptd-server 2023-02-23 23:03:51,154 [INFO] Sending to ptd: 'Stop'
ptd-server 2023-02-23 23:03:51,590 [INFO] Reply from ptd: 'Error: no measurement to stop'
ptd-server 2023-02-23 23:03:51,591 [INFO] Sending to ptd: 'SR,V,Auto'
ptd-server 2023-02-23 23:03:52,093 [INFO] Reply from ptd: 'Range V changed'
ptd-server 2023-02-23 23:03:52,093 [INFO] Sending to ptd: 'SR,A,Auto'
ptd-server 2023-02-23 23:03:52,596 [INFO] Reply from ptd: 'Range A changed'
ptd-server 2023-02-23 23:03:52,596 [INFO] Set initial values for Amps Auto and Volts Auto
ptd-server 2023-02-23 23:03:52,596 [INFO] Stopping ptd...
