ptd-server 2023-03-01 10:47:51,608 [INFO] Got command from the client 'time'
ptd-server 2023-03-01 10:47:51,608 [INFO] Sending reply to client '1677667671.608411'
ptd-server 2023-03-01 10:47:51,610 [INFO] Got command from the client 'new,,638eed38-d6a7-45d2-bae4-0af2bab2c2d6'
ptd-server 2023-03-01 10:47:51,610 [INFO] Sending reply to client 'OK 2023-03-01_10-47-51,bbd3fa1e-8683-448c-b598-61e9a84f5062'
ptd-server 2023-03-01 10:47:51,637 [INFO] Got command from the client 'time'
ptd-server 2023-03-01 10:47:51,637 [INFO] Sending reply to client '1677667671.6373842'
ptd-server 2023-03-01 10:47:51,639 [INFO] Got command from the client 'session,2023-03-01_10-47-51,start,ranging'
ptd-server 2023-03-01 10:47:51,639 [INFO] Running PTDaemon: ['/home/anton/projects/mlperf/power/inference_v1.0/ptd-linux-x86', '-l', '/tmp/tmpu4v721n6/ptd_logfile.txt', '-p', '8888', '49', '/dev/usbtmc0']
ptd-server 2023-03-01 10:48:08,725 [INFO] Sending to ptd: 'Hello'
ptd-server 2023-03-01 10:48:08,726 [INFO] Reply from ptd: 'Hello, PTDaemon here!'
ptd-server 2023-03-01 10:48:08,726 [INFO] Sending to ptd: 'Identify'
ptd-server 2023-03-01 10:48:08,726 [INFO] Reply from ptd: 'YokogawaWT310E,1000,1,1,1,1,0,1,1,version=1.10.0-ed9a21d2-20220817,OS=Linux 5.15.0-60-generic #66~20.04.1-Ubuntu SMP Wed Jan 25 09:41:30 UTC 2023 x86_64,mode=power,1,1,1,0,0,no_cal_date,YOKOGAWA;WT310E;C3XA04010E;F1.04'
ptd-server 2023-03-01 10:48:08,726 [INFO] Connected to PTDaemon
ptd-server 2023-03-01 10:48:08,726 [INFO] Sending to ptd: 'RR'
ptd-server 2023-03-01 10:48:08,727 [INFO] Reply from ptd: 'Ranges,0,0.100000,0,300.000000'
ptd-server 2023-03-01 10:48:08,727 [INFO] Initial range for Amps is 0.100000 for Volts is 300.000000
ptd-server 2023-03-01 10:48:08,727 [INFO] Sending to ptd: 'SR,V,Auto'
ptd-server 2023-03-01 10:48:09,229 [INFO] Reply from ptd: 'Range V changed'
ptd-server 2023-03-01 10:48:09,230 [INFO] Sending to ptd: 'SR,A,Auto'
ptd-server 2023-03-01 10:48:09,732 [INFO] Reply from ptd: 'Range A changed'
ptd-server 2023-03-01 10:48:19,742 [INFO] Starting ranging mode
ptd-server 2023-03-01 10:48:19,743 [INFO] Sending to ptd: 'Go,1000,0,2023-03-01_10-47-51_ranging'
ptd-server 2023-03-01 10:48:19,743 [INFO] Reply from ptd: 'Starting untimed measurement, maximum 500000 samples at 1000ms with 0 rampup samples'
ptd-server 2023-03-01 10:48:19,743 [INFO] Sending reply to client 'OK'
ptd-server 2023-03-01 10:58:43,427 [INFO] Got command from the client 'session,2023-03-01_10-47-51,stop,ranging'
ptd-server 2023-03-01 10:58:53,437 [INFO] Sending to ptd: 'Stop'
ptd-server 2023-03-01 10:58:53,438 [INFO] Reply from ptd: 'Stopping untimed measurement'
ptd-server 2023-03-01 10:58:54,010 [INFO] Sending reply to client 'OK'
ptd-server 2023-03-01 10:58:54,056 [INFO] Got command from the client 'time'
ptd-server 2023-03-01 10:58:54,056 [INFO] Sending reply to client '1677668334.0564601'
ptd-server 2023-03-01 10:58:54,058 [INFO] Got command from the client 'session,2023-03-01_10-47-51,start,testing'
ptd-server 2023-03-01 10:58:54,059 [INFO] Sending to ptd: 'SR,V,252.550000'
ptd-server 2023-03-01 10:58:55,560 [INFO] Reply from ptd: 'Range V changed'
ptd-server 2023-03-01 10:58:55,560 [INFO] Sending to ptd: 'SR,A,0.072220'
ptd-server 2023-03-01 10:58:57,062 [INFO] Reply from ptd: 'Range A changed'
ptd-server 2023-03-01 10:59:07,072 [INFO] Starting testing mode
ptd-server 2023-03-01 10:59:07,072 [INFO] Sending to ptd: 'Go,1000,0,2023-03-01_10-47-51_testing'
ptd-server 2023-03-01 10:59:07,072 [INFO] Reply from ptd: 'Starting untimed measurement, maximum 500000 samples at 1000ms with 0 rampup samples'
ptd-server 2023-03-01 10:59:07,073 [INFO] Sending reply to client 'OK'
ptd-server 2023-03-01 11:09:30,982 [INFO] Got command from the client 'session,2023-03-01_10-47-51,stop,testing'
ptd-server 2023-03-01 11:09:40,992 [INFO] Sending to ptd: 'Stop'
ptd-server 2023-03-01 11:09:40,992 [INFO] Reply from ptd: 'Stopping untimed measurement'
ptd-server 2023-03-01 11:09:41,306 [INFO] Sending reply to client 'OK'
ptd-server 2023-03-01 11:09:41,325 [INFO] Got command from the client 'session,2023-03-01_10-47-51,done'
ptd-server 2023-03-01 11:09:41,325 [INFO] Sending to ptd: 'Stop'
ptd-server 2023-03-01 11:09:41,325 [INFO] Reply from ptd: 'Error: no measurement to stop'
ptd-server 2023-03-01 11:09:41,325 [INFO] Sending to ptd: 'SR,V,300.000000'
ptd-server 2023-03-01 11:09:42,826 [INFO] Reply from ptd: 'Range V changed'
ptd-server 2023-03-01 11:09:42,827 [INFO] Sending to ptd: 'SR,A,0.100000'
ptd-server 2023-03-01 11:09:44,328 [INFO] Reply from ptd: 'Range A changed'
ptd-server 2023-03-01 11:09:44,328 [INFO] Set initial values for Amps 0.100000 and Volts 300.000000
ptd-server 2023-03-01 11:09:44,328 [INFO] Stopping ptd...
