client 2023-03-02 13:27:59,126 [INFO] Creating output directory '/home/arjun/phoenix_results_open/valid_results/phoenix_Amd_Am5-reference-cpu-onnxruntime-v1.14.0-default_config/bert-99/offline/performance/tmp_power'
client 2023-03-02 13:27:59,371 [INFO] Sending command to the server: 'mlcommons/power client v3'
client 2023-03-02 13:27:59,373 [INFO] Got response: 'mlcommons/power server v3'
client 2023-03-02 13:27:59,373 [INFO] Synchronizing with the server and with time.google.com...
client 2023-03-02 13:27:59,389 [INFO] NTP:offset = -0.002 s, delay = 0.015 s 
client 2023-03-02 13:27:59,389 [INFO] Sending command to the server: 'time'
client 2023-03-02 13:27:59,394 [INFO] Got response: '1677763679.3907359'
client 2023-03-02 13:27:59,394 [INFO] The time difference between the client and the server is within range -1.415 ms..3.838 ms
client 2023-03-02 13:27:59,394 [INFO] Sending command to the server: 'new,,6481c26f-0660-47b3-86d2-a323d1d89638'
client 2023-03-02 13:27:59,397 [INFO] Got response: 'OK 2023-03-02_13-27-59,770f6262-cf46-45f2-ac4f-ef35dddc8664'
client 2023-03-02 13:27:59,397 [INFO] Session id is '2023-03-02_13-27-59'
client 2023-03-02 13:27:59,397 [INFO] Sources: {"sources": {"__init__.py": "da39a3ee5e6b4b0d3255bfef95601890afd80709", "client.py": "33ca4f26368777ac06e01f9567b714a4b8063886", "lib/__init__.py": "da39a3ee5e6b4b0d3255bfef95601890afd80709", "lib/client.py": "4c2b78fb4849a7e5b584ef792d82aaed20b17f57", "lib/common.py": "624d0c0acc7c39aaff3674f0b99d6a09da53d1dc", "lib/external/__init__.py": "da39a3ee5e6b4b0d3255bfef95601890afd80709", "lib/external/ntplib.py": "4da8f970656505a40483206ef2b5d3dd5e81711d", "lib/server.py": "cda0cdfaee9bfa1249c64a7dd4f89b7bf1b279f0", "lib/source_hashes.py": "60a2e02193209e8d392803326208d5466342da18", "lib/summary.py": "aa92f0a3f975eecd44d3c0cd0236342ccc9f941d", "lib/time_sync.py": "3210db56eb0ff0df57bf4293dc4d4b03fffd46f1", "server.py": "c3f90f2f7eeb4db30727556d0c815ebc89b3d28b", "tests/unit/__init__.py": "da39a3ee5e6b4b0d3255bfef95601890afd80709", "tests/unit/test_server.py": "99ae15aef722f2000ee6ed1ae1523637bf1ae42b", "tests/unit/test_source_hashes.py": "00468a2907583c593e6574a1f6b404e4651c221a"}, "modules": {"ptd_client_server.lib.client": "lib/client.py", "ptd_client_server.lib.common": "lib/common.py", "ptd_client_server.lib.external.ntplib": "lib/external/ntplib.py", "ptd_client_server.lib.source_hashes": "lib/source_hashes.py", "ptd_client_server.lib.summary": "lib/summary.py", "ptd_client_server.lib.time_sync": "lib/time_sync.py"}}
client 2023-03-02 13:27:59,397 [INFO] Running workload in ranging mode
client 2023-03-02 13:27:59,397 [INFO] Synchronizing with the server and with time.google.com...
client 2023-03-02 13:27:59,413 [INFO] NTP:offset = -0.001 s, delay = 0.015 s 
client 2023-03-02 13:27:59,413 [INFO] Sending command to the server: 'time'
client 2023-03-02 13:27:59,421 [INFO] Got response: '1677763679.4204006'
client 2023-03-02 13:27:59,421 [INFO] The time difference between the client and the server is within range -6.778 ms..0.880 ms
client 2023-03-02 13:27:59,421 [INFO] Sending command to the server: 'session,2023-03-02_13-27-59,start,ranging'
client 2023-03-02 13:28:27,551 [INFO] Got response: 'OK'
client 2023-03-02 13:28:27,552 [INFO] Running the workload 'cd "/home/arjun/CM/repos/local/cache/54a9927265634ec0/inference/language/bert" && /usr/bin/python3 run.py --backend=onnxruntime --scenario=Offline --mlperf_conf "/home/arjun/CM/repos/local/cache/54a9927265634ec0/inference/mlperf.conf" --user_conf "/home/arjun/CM/repos/octoml@ck/cm-mlops/script/generate-mlperf-inference-user-conf/tmp/ff05a6cabb67404b94be6f44eaad576d.conf"'
client 2023-03-02 15:12:50,569 [INFO] Sending command to the server: 'session,2023-03-02_13-27-59,stop,ranging'
client 2023-03-02 15:13:00,986 [INFO] Got response: 'OK'
client 2023-03-02 15:13:00,989 [INFO] Copying loadgen logs from '/home/arjun/phoenix_results_open/valid_results/phoenix_Amd_Am5-reference-cpu-onnxruntime-v1.14.0-default_config/bert-99/offline/performance/run_1' to '/home/arjun/phoenix_results_open/valid_results/phoenix_Amd_Am5-reference-cpu-onnxruntime-v1.14.0-default_config/bert-99/offline/performance/tmp_power/ranging'
client 2023-03-02 15:13:00,989 [INFO] Running workload in testing mode
client 2023-03-02 15:13:00,989 [INFO] Synchronizing with the server and with time.google.com...
client 2023-03-02 15:13:01,013 [INFO] NTP:offset = -0.001 s, delay = 0.012 s 
client 2023-03-02 15:13:01,013 [INFO] Sending command to the server: 'time'
client 2023-03-02 15:13:01,015 [INFO] Got response: '1677769981.0158021'
client 2023-03-02 15:13:01,015 [INFO] The time difference between the client and the server is within range -1.825 ms..0.049 ms
client 2023-03-02 15:13:01,015 [INFO] Sending command to the server: 'session,2023-03-02_13-27-59,start,testing'
client 2023-03-02 15:13:14,572 [INFO] Got response: 'OK'
client 2023-03-02 15:13:14,572 [INFO] Running the workload 'cd "/home/arjun/CM/repos/local/cache/54a9927265634ec0/inference/language/bert" && /usr/bin/python3 run.py --backend=onnxruntime --scenario=Offline --mlperf_conf "/home/arjun/CM/repos/local/cache/54a9927265634ec0/inference/mlperf.conf" --user_conf "/home/arjun/CM/repos/octoml@ck/cm-mlops/script/generate-mlperf-inference-user-conf/tmp/ff05a6cabb67404b94be6f44eaad576d.conf"'
client 2023-03-02 16:49:39,364 [INFO] Sending command to the server: 'session,2023-03-02_13-27-59,stop,testing'
client 2023-03-02 16:49:49,613 [INFO] Got response: 'OK'
client 2023-03-02 16:49:49,613 [INFO] Copying loadgen logs from '/home/arjun/phoenix_results_open/valid_results/phoenix_Amd_Am5-reference-cpu-onnxruntime-v1.14.0-default_config/bert-99/offline/performance/run_1' to '/home/arjun/phoenix_results_open/valid_results/phoenix_Amd_Am5-reference-cpu-onnxruntime-v1.14.0-default_config/bert-99/offline/performance/tmp_power/run_1'
client 2023-03-02 16:49:49,614 [INFO] Done runs
