ptd-server 2023-03-02 13:27:59,390 [INFO] Got command from the client 'time'
ptd-server 2023-03-02 13:27:59,390 [INFO] Sending reply to client '1677763679.3907359'
ptd-server 2023-03-02 13:27:59,396 [INFO] Got command from the client 'new,,6481c26f-0660-47b3-86d2-a323d1d89638'
ptd-server 2023-03-02 13:27:59,397 [INFO] Sending reply to client 'OK 2023-03-02_13-27-59,770f6262-cf46-45f2-ac4f-ef35dddc8664'
ptd-server 2023-03-02 13:27:59,420 [INFO] Got command from the client 'time'
ptd-server 2023-03-02 13:27:59,420 [INFO] Sending reply to client '1677763679.4204006'
ptd-server 2023-03-02 13:27:59,422 [INFO] Got command from the client 'session,2023-03-02_13-27-59,start,ranging'
ptd-server 2023-03-02 13:27:59,423 [INFO] Running PTDaemon: ['/media/arjun/T7_Touch/hp-envy/CM/repos/local/cache/9b3695ca8255492a/power/inference_v1.0/ptd-linux-x86', '-l', '/tmp/tmpti64566v/ptd_logfile.txt', '-p', '8888', '49', '/dev/usbtmc0']
ptd-server 2023-03-02 13:28:16,527 [INFO] Sending to ptd: 'Hello'
ptd-server 2023-03-02 13:28:16,528 [INFO] Reply from ptd: 'Hello, PTDaemon here!'
ptd-server 2023-03-02 13:28:16,528 [INFO] Sending to ptd: 'Identify'
ptd-server 2023-03-02 13:28:16,529 [INFO] Reply from ptd: 'YokogawaWT310E,1000,1,1,1,1,0,1,1,version=1.10.0-ed9a21d2-20220817,OS=Linux 5.15.0-56-generic #62-Ubuntu SMP Tue Nov 22 19:54:14 UTC 2022 x86_64,mode=power,1,1,1,0,0,no_cal_date,YOKOGAWA;WT310E;C3YD21068E;F1.04'
ptd-server 2023-03-02 13:28:16,530 [INFO] Connected to PTDaemon
ptd-server 2023-03-02 13:28:16,530 [INFO] Sending to ptd: 'RR'
ptd-server 2023-03-02 13:28:16,531 [INFO] Reply from ptd: 'Ranges,1,1.000000,0,600.000000'
ptd-server 2023-03-02 13:28:16,531 [INFO] Initial range for Amps is Auto for Volts is 600.000000
ptd-server 2023-03-02 13:28:16,531 [INFO] Sending to ptd: 'SR,V,Auto'
ptd-server 2023-03-02 13:28:17,035 [INFO] Reply from ptd: 'Range V changed'
ptd-server 2023-03-02 13:28:17,035 [INFO] Sending to ptd: 'SR,A,Auto'
ptd-server 2023-03-02 13:28:17,539 [INFO] Reply from ptd: 'Range A changed'
ptd-server 2023-03-02 13:28:27,550 [INFO] Starting ranging mode
ptd-server 2023-03-02 13:28:27,550 [INFO] Sending to ptd: 'Go,1000,0,2023-03-02_13-27-59_ranging'
ptd-server 2023-03-02 13:28:27,551 [INFO] Reply from ptd: 'Starting untimed measurement, maximum 500000 samples at 1000ms with 0 rampup samples'
ptd-server 2023-03-02 13:28:27,551 [INFO] Sending reply to client 'OK'
ptd-server 2023-03-02 15:12:50,571 [INFO] Got command from the client 'session,2023-03-02_13-27-59,stop,ranging'
ptd-server 2023-03-02 15:13:00,582 [INFO] Sending to ptd: 'Stop'
ptd-server 2023-03-02 15:13:00,583 [INFO] Reply from ptd: 'Stopping untimed measurement'
ptd-server 2023-03-02 15:13:00,985 [INFO] Sending reply to client 'OK'
ptd-server 2023-03-02 15:13:01,015 [INFO] Got command from the client 'time'
ptd-server 2023-03-02 15:13:01,015 [INFO] Sending reply to client '1677769981.0158021'
ptd-server 2023-03-02 15:13:01,017 [INFO] Got command from the client 'session,2023-03-02_13-27-59,start,testing'
ptd-server 2023-03-02 15:13:01,017 [INFO] Sending to ptd: 'SR,V,248.810000'
ptd-server 2023-03-02 15:13:03,055 [INFO] Reply from ptd: 'Range V changed'
ptd-server 2023-03-02 15:13:03,055 [INFO] Sending to ptd: 'SR,A,1.546900'
ptd-server 2023-03-02 15:13:04,558 [INFO] Reply from ptd: 'Range A changed'
ptd-server 2023-03-02 15:13:14,569 [INFO] Starting testing mode
ptd-server 2023-03-02 15:13:14,570 [INFO] Sending to ptd: 'Go,1000,0,2023-03-02_13-27-59_testing'
ptd-server 2023-03-02 15:13:14,571 [INFO] Reply from ptd: 'Starting untimed measurement, maximum 500000 samples at 1000ms with 0 rampup samples'
ptd-server 2023-03-02 15:13:14,571 [INFO] Sending reply to client 'OK'
ptd-server 2023-03-02 16:49:39,412 [INFO] Got command from the client 'session,2023-03-02_13-27-59,stop,testing'
ptd-server 2023-03-02 16:49:49,422 [INFO] Sending to ptd: 'Stop'
ptd-server 2023-03-02 16:49:49,423 [INFO] Reply from ptd: 'Stopping untimed measurement'
ptd-server 2023-03-02 16:49:49,611 [INFO] Sending reply to client 'OK'
ptd-server 2023-03-02 16:49:49,616 [INFO] Got command from the client 'session,2023-03-02_13-27-59,done'
ptd-server 2023-03-02 16:49:49,616 [INFO] Sending to ptd: 'Stop'
ptd-server 2023-03-02 16:49:49,616 [INFO] Reply from ptd: 'Error: no measurement to stop'
ptd-server 2023-03-02 16:49:49,616 [INFO] Sending to ptd: 'SR,V,600.000000'
ptd-server 2023-03-02 16:49:51,119 [INFO] Reply from ptd: 'Range V changed'
ptd-server 2023-03-02 16:49:51,120 [INFO] Sending to ptd: 'SR,A,Auto'
ptd-server 2023-03-02 16:49:51,623 [INFO] Reply from ptd: 'Range A changed'
ptd-server 2023-03-02 16:49:51,624 [INFO] Set initial values for Amps Auto and Volts 600.000000
ptd-server 2023-03-02 16:49:51,624 [INFO] Stopping ptd...
