ptd-server 2023-02-21 01:51:16,023 [INFO] Got command from the client 'time'
ptd-server 2023-02-21 01:51:16,024 [INFO] Sending reply to client '1676944276.0240152'
ptd-server 2023-02-21 01:51:16,025 [INFO] Got command from the client 'new,,2c754e4e-db3d-476d-80eb-12ff36b02f0c'
ptd-server 2023-02-21 01:51:16,025 [INFO] Sending reply to client 'OK 2023-02-21_01-51-16,fad1cf61-34c9-4b27-a059-eaf33b10dc84'
ptd-server 2023-02-21 01:51:16,064 [INFO] Got command from the client 'time'
ptd-server 2023-02-21 01:51:16,064 [INFO] Sending reply to client '1676944276.0643044'
ptd-server 2023-02-21 01:51:16,065 [INFO] Got command from the client 'session,2023-02-21_01-51-16,start,ranging'
ptd-server 2023-02-21 01:51:16,065 [INFO] Running PTDaemon: ['/home/anton/projects/mlperf/power/inference_v1.0/ptd-linux-x86', '-l', '/tmp/tmp4yl1neqp/ptd_logfile.txt', '-p', '8888', '49', '/dev/usbtmc0']
ptd-server 2023-02-21 01:51:33,139 [INFO] Sending to ptd: 'Hello'
ptd-server 2023-02-21 01:51:33,140 [INFO] Reply from ptd: 'Hello, PTDaemon here!'
ptd-server 2023-02-21 01:51:33,140 [INFO] Sending to ptd: 'Identify'
ptd-server 2023-02-21 01:51:33,140 [INFO] Reply from ptd: 'YokogawaWT310E,1000,1,1,1,1,0,1,1,version=1.10.0-ed9a21d2-20220817,OS=Linux 5.15.0-60-generic #66~20.04.1-Ubuntu SMP Wed Jan 25 09:41:30 UTC 2023 x86_64,mode=power,1,1,1,0,0,no_cal_date,YOKOGAWA;WT310E;C3XA04010E;F1.04'
ptd-server 2023-02-21 01:51:33,140 [INFO] Connected to PTDaemon
ptd-server 2023-02-21 01:51:33,140 [INFO] Sending to ptd: 'RR'
ptd-server 2023-02-21 01:51:33,141 [INFO] Reply from ptd: 'Ranges,1,0.100000,1,300.000000'
ptd-server 2023-02-21 01:51:33,141 [INFO] Initial range for Amps is Auto for Volts is Auto
ptd-server 2023-02-21 01:51:33,141 [INFO] Sending to ptd: 'SR,V,Auto'
ptd-server 2023-02-21 01:51:33,644 [INFO] Reply from ptd: 'Range V changed'
ptd-server 2023-02-21 01:51:33,644 [INFO] Sending to ptd: 'SR,A,Auto'
ptd-server 2023-02-21 01:51:34,146 [INFO] Reply from ptd: 'Range A changed'
ptd-server 2023-02-21 01:51:44,156 [INFO] Starting ranging mode
ptd-server 2023-02-21 01:51:44,157 [INFO] Sending to ptd: 'Go,1000,0,2023-02-21_01-51-16_ranging'
ptd-server 2023-02-21 01:51:44,157 [INFO] Reply from ptd: 'Starting untimed measurement, maximum 500000 samples at 1000ms with 0 rampup samples'
ptd-server 2023-02-21 01:51:44,157 [INFO] Sending reply to client 'OK'
ptd-server 2023-02-21 02:02:11,573 [INFO] Got command from the client 'session,2023-02-21_01-51-16,stop,ranging'
ptd-server 2023-02-21 02:02:21,584 [INFO] Sending to ptd: 'Stop'
ptd-server 2023-02-21 02:02:21,584 [INFO] Reply from ptd: 'Stopping untimed measurement'
ptd-server 2023-02-21 02:02:21,827 [INFO] Sending reply to client 'OK'
ptd-server 2023-02-21 02:02:21,862 [INFO] Got command from the client 'time'
ptd-server 2023-02-21 02:02:21,862 [INFO] Sending reply to client '1676944941.862538'
ptd-server 2023-02-21 02:02:21,863 [INFO] Got command from the client 'session,2023-02-21_01-51-16,start,testing'
ptd-server 2023-02-21 02:02:21,863 [INFO] Sending to ptd: 'SR,V,252.570000'
ptd-server 2023-02-21 02:02:23,658 [INFO] Reply from ptd: 'Range V changed'
ptd-server 2023-02-21 02:02:23,658 [INFO] Sending to ptd: 'SR,A,0.063800'
ptd-server 2023-02-21 02:02:25,160 [INFO] Reply from ptd: 'Range A changed'
ptd-server 2023-02-21 02:02:35,170 [INFO] Starting testing mode
ptd-server 2023-02-21 02:02:35,170 [INFO] Sending to ptd: 'Go,1000,0,2023-02-21_01-51-16_testing'
ptd-server 2023-02-21 02:02:35,171 [INFO] Reply from ptd: 'Starting untimed measurement, maximum 500000 samples at 1000ms with 0 rampup samples'
ptd-server 2023-02-21 02:02:35,171 [INFO] Sending reply to client 'OK'
ptd-server 2023-02-21 02:13:02,256 [INFO] Got command from the client 'session,2023-02-21_01-51-16,stop,testing'
ptd-server 2023-02-21 02:13:12,266 [INFO] Sending to ptd: 'Stop'
ptd-server 2023-02-21 02:13:12,266 [INFO] Reply from ptd: 'Stopping untimed measurement'
ptd-server 2023-02-21 02:13:12,400 [INFO] Sending reply to client 'OK'
ptd-server 2023-02-21 02:13:12,408 [INFO] Got command from the client 'session,2023-02-21_01-51-16,done'
ptd-server 2023-02-21 02:13:12,408 [INFO] Sending to ptd: 'Stop'
ptd-server 2023-02-21 02:13:13,171 [INFO] Reply from ptd: 'Error: no measurement to stop'
ptd-server 2023-02-21 02:13:13,172 [INFO] Sending to ptd: 'SR,V,Auto'
ptd-server 2023-02-21 02:13:13,674 [INFO] Reply from ptd: 'Range V changed'
ptd-server 2023-02-21 02:13:13,674 [INFO] Sending to ptd: 'SR,A,Auto'
ptd-server 2023-02-21 02:13:14,177 [INFO] Reply from ptd: 'Range A changed'
ptd-server 2023-02-21 02:13:14,177 [INFO] Set initial values for Amps Auto and Volts Auto
ptd-server 2023-02-21 02:13:14,177 [INFO] Stopping ptd...
