ptd-server 2023-03-02 18:32:00,595 [INFO] Got command from the client 'time'
ptd-server 2023-03-02 18:32:00,596 [INFO] Sending reply to client '1677781920.5962012'
ptd-server 2023-03-02 18:32:00,598 [INFO] Got command from the client 'new,,ca80a1d7-ad35-4b93-8ab8-4403ba101e3b'
ptd-server 2023-03-02 18:32:00,599 [INFO] Sending reply to client 'OK 2023-03-02_18-32-00,872b93f8-e303-409b-bd47-e27d2a3f2c5a'
ptd-server 2023-03-02 18:32:00,617 [INFO] Got command from the client 'time'
ptd-server 2023-03-02 18:32:00,618 [INFO] Sending reply to client '1677781920.6179419'
ptd-server 2023-03-02 18:32:00,619 [INFO] Got command from the client 'session,2023-03-02_18-32-00,start,ranging'
ptd-server 2023-03-02 18:32:00,620 [INFO] Running PTDaemon: ['/media/arjun/T7_Touch/hp-envy/CM/repos/local/cache/9b3695ca8255492a/power/inference_v1.0/ptd-linux-x86', '-l', '/tmp/tmpti64566v/ptd_logfile.txt', '-p', '8888', '49', '/dev/usbtmc0']
ptd-server 2023-03-02 18:32:17,715 [INFO] Sending to ptd: 'Hello'
ptd-server 2023-03-02 18:32:17,716 [INFO] Reply from ptd: 'Hello, PTDaemon here!'
ptd-server 2023-03-02 18:32:17,716 [INFO] Sending to ptd: 'Identify'
ptd-server 2023-03-02 18:32:17,717 [INFO] Reply from ptd: 'YokogawaWT310E,1000,1,1,1,1,0,1,1,version=1.10.0-ed9a21d2-20220817,OS=Linux 5.15.0-56-generic #62-Ubuntu SMP Tue Nov 22 19:54:14 UTC 2022 x86_64,mode=power,1,1,1,0,0,no_cal_date,YOKOGAWA;WT310E;C3YD21068E;F1.04'
ptd-server 2023-03-02 18:32:17,717 [INFO] Connected to PTDaemon
ptd-server 2023-03-02 18:32:17,717 [INFO] Sending to ptd: 'RR'
ptd-server 2023-03-02 18:32:17,718 [INFO] Reply from ptd: 'Ranges,1,1.000000,0,600.000000'
ptd-server 2023-03-02 18:32:17,718 [INFO] Initial range for Amps is Auto for Volts is 600.000000
ptd-server 2023-03-02 18:32:17,718 [INFO] Sending to ptd: 'SR,V,Auto'
ptd-server 2023-03-02 18:32:18,222 [INFO] Reply from ptd: 'Range V changed'
ptd-server 2023-03-02 18:32:18,223 [INFO] Sending to ptd: 'SR,A,Auto'
ptd-server 2023-03-02 18:32:18,726 [INFO] Reply from ptd: 'Range A changed'
ptd-server 2023-03-02 18:32:28,737 [INFO] Starting ranging mode
ptd-server 2023-03-02 18:32:28,737 [INFO] Sending to ptd: 'Go,1000,0,2023-03-02_18-32-00_ranging'
ptd-server 2023-03-02 18:32:28,738 [INFO] Reply from ptd: 'Starting untimed measurement, maximum 500000 samples at 1000ms with 0 rampup samples'
ptd-server 2023-03-02 18:32:28,738 [INFO] Sending reply to client 'OK'
ptd-server 2023-03-02 18:43:36,986 [INFO] Got command from the client 'session,2023-03-02_18-32-00,stop,ranging'
ptd-server 2023-03-02 18:43:46,997 [INFO] Sending to ptd: 'Stop'
ptd-server 2023-03-02 18:43:46,998 [INFO] Reply from ptd: 'Stopping untimed measurement'
ptd-server 2023-03-02 18:43:47,369 [INFO] Sending reply to client 'OK'
ptd-server 2023-03-02 18:43:47,391 [INFO] Got command from the client 'time'
ptd-server 2023-03-02 18:43:47,391 [INFO] Sending reply to client '1677782627.3913121'
ptd-server 2023-03-02 18:43:47,392 [INFO] Got command from the client 'session,2023-03-02_18-32-00,start,testing'
ptd-server 2023-03-02 18:43:47,392 [INFO] Sending to ptd: 'SR,V,246.450000'
ptd-server 2023-03-02 18:43:49,241 [INFO] Reply from ptd: 'Range V changed'
ptd-server 2023-03-02 18:43:49,241 [INFO] Sending to ptd: 'SR,A,2.599600'
ptd-server 2023-03-02 18:43:50,744 [INFO] Reply from ptd: 'Range A changed'
ptd-server 2023-03-02 18:44:00,752 [INFO] Starting testing mode
ptd-server 2023-03-02 18:44:00,752 [INFO] Sending to ptd: 'Go,1000,0,2023-03-02_18-32-00_testing'
ptd-server 2023-03-02 18:44:00,752 [INFO] Reply from ptd: 'Starting untimed measurement, maximum 500000 samples at 1000ms with 0 rampup samples'
ptd-server 2023-03-02 18:44:00,753 [INFO] Sending reply to client 'OK'
ptd-server 2023-03-02 18:55:07,579 [INFO] Got command from the client 'session,2023-03-02_18-32-00,stop,testing'
ptd-server 2023-03-02 18:55:17,590 [INFO] Sending to ptd: 'Stop'
ptd-server 2023-03-02 18:55:17,591 [INFO] Reply from ptd: 'Stopping untimed measurement'
ptd-server 2023-03-02 18:55:17,778 [INFO] Sending reply to client 'OK'
ptd-server 2023-03-02 18:55:17,782 [INFO] Got command from the client 'session,2023-03-02_18-32-00,done'
ptd-server 2023-03-02 18:55:17,782 [INFO] Sending to ptd: 'Stop'
ptd-server 2023-03-02 18:55:17,783 [INFO] Reply from ptd: 'Error: no measurement to stop'
ptd-server 2023-03-02 18:55:17,783 [INFO] Sending to ptd: 'SR,V,600.000000'
ptd-server 2023-03-02 18:55:19,286 [INFO] Reply from ptd: 'Range V changed'
ptd-server 2023-03-02 18:55:19,286 [INFO] Sending to ptd: 'SR,A,Auto'
ptd-server 2023-03-02 18:55:19,790 [INFO] Reply from ptd: 'Range A changed'
ptd-server 2023-03-02 18:55:19,790 [INFO] Set initial values for Amps Auto and Volts 600.000000
ptd-server 2023-03-02 18:55:19,791 [INFO] Stopping ptd...
