ptd-server 2023-02-20 18:11:46,782 [INFO] Got command from the client 'time'
ptd-server 2023-02-20 18:11:46,782 [INFO] Sending reply to client '1676916706.7825897'
ptd-server 2023-02-20 18:11:46,783 [INFO] Got command from the client 'new,,c99a6436-bdee-4b9d-a07f-76a987d791e5'
ptd-server 2023-02-20 18:11:46,784 [INFO] Sending reply to client 'OK 2023-02-20_18-11-46,919ee331-4759-4135-8919-95f19219ed8c'
ptd-server 2023-02-20 18:11:46,814 [INFO] Got command from the client 'time'
ptd-server 2023-02-20 18:11:46,814 [INFO] Sending reply to client '1676916706.8148296'
ptd-server 2023-02-20 18:11:46,815 [INFO] Got command from the client 'session,2023-02-20_18-11-46,start,ranging'
ptd-server 2023-02-20 18:11:46,816 [INFO] Running PTDaemon: ['/home/anton/projects/mlperf/power/inference_v1.0/ptd-linux-x86', '-l', '/tmp/tmp4yl1neqp/ptd_logfile.txt', '-p', '8888', '49', '/dev/usbtmc0']
ptd-server 2023-02-20 18:12:03,888 [INFO] Sending to ptd: 'Hello'
ptd-server 2023-02-20 18:12:03,889 [INFO] Reply from ptd: 'Hello, PTDaemon here!'
ptd-server 2023-02-20 18:12:03,889 [INFO] Sending to ptd: 'Identify'
ptd-server 2023-02-20 18:12:03,890 [INFO] Reply from ptd: 'YokogawaWT310E,1000,1,1,1,1,0,1,1,version=1.10.0-ed9a21d2-20220817,OS=Linux 5.15.0-60-generic #66~20.04.1-Ubuntu SMP Wed Jan 25 09:41:30 UTC 2023 x86_64,mode=power,1,1,1,0,0,no_cal_date,YOKOGAWA;WT310E;C3XA04010E;F1.04'
ptd-server 2023-02-20 18:12:03,890 [INFO] Connected to PTDaemon
ptd-server 2023-02-20 18:12:03,890 [INFO] Sending to ptd: 'RR'
ptd-server 2023-02-20 18:12:03,890 [INFO] Reply from ptd: 'Ranges,1,0.100000,1,300.000000'
ptd-server 2023-02-20 18:12:03,890 [INFO] Initial range for Amps is Auto for Volts is Auto
ptd-server 2023-02-20 18:12:03,890 [INFO] Sending to ptd: 'SR,V,Auto'
ptd-server 2023-02-20 18:12:04,393 [INFO] Reply from ptd: 'Range V changed'
ptd-server 2023-02-20 18:12:04,393 [INFO] Sending to ptd: 'SR,A,Auto'
ptd-server 2023-02-20 18:12:04,895 [INFO] Reply from ptd: 'Range A changed'
ptd-server 2023-02-20 18:12:14,906 [INFO] Starting ranging mode
ptd-server 2023-02-20 18:12:14,906 [INFO] Sending to ptd: 'Go,1000,0,2023-02-20_18-11-46_ranging'
ptd-server 2023-02-20 18:12:14,906 [INFO] Reply from ptd: 'Starting untimed measurement, maximum 500000 samples at 1000ms with 0 rampup samples'
ptd-server 2023-02-20 18:12:14,907 [INFO] Sending reply to client 'OK'
ptd-server 2023-02-20 18:22:48,285 [INFO] Got command from the client 'session,2023-02-20_18-11-46,stop,ranging'
ptd-server 2023-02-20 18:22:58,296 [INFO] Sending to ptd: 'Stop'
ptd-server 2023-02-20 18:22:58,296 [INFO] Reply from ptd: 'Stopping untimed measurement'
ptd-server 2023-02-20 18:22:58,519 [INFO] Sending reply to client 'OK'
ptd-server 2023-02-20 18:22:58,619 [INFO] Got command from the client 'time'
ptd-server 2023-02-20 18:22:58,619 [INFO] Sending reply to client '1676917378.6192725'
ptd-server 2023-02-20 18:22:58,620 [INFO] Got command from the client 'session,2023-02-20_18-11-46,start,testing'
ptd-server 2023-02-20 18:22:58,620 [INFO] Sending to ptd: 'SR,V,251.660000'
ptd-server 2023-02-20 18:23:00,407 [INFO] Reply from ptd: 'Range V changed'
ptd-server 2023-02-20 18:23:00,408 [INFO] Sending to ptd: 'SR,A,0.079810'
ptd-server 2023-02-20 18:23:01,909 [INFO] Reply from ptd: 'Range A changed'
ptd-server 2023-02-20 18:23:11,919 [INFO] Starting testing mode
ptd-server 2023-02-20 18:23:11,920 [INFO] Sending to ptd: 'Go,1000,0,2023-02-20_18-11-46_testing'
ptd-server 2023-02-20 18:23:11,920 [INFO] Reply from ptd: 'Starting untimed measurement, maximum 500000 samples at 1000ms with 0 rampup samples'
ptd-server 2023-02-20 18:23:11,920 [INFO] Sending reply to client 'OK'
ptd-server 2023-02-20 18:33:39,404 [INFO] Got command from the client 'session,2023-02-20_18-11-46,stop,testing'
ptd-server 2023-02-20 18:33:49,414 [INFO] Sending to ptd: 'Stop'
ptd-server 2023-02-20 18:33:49,414 [INFO] Reply from ptd: 'Stopping untimed measurement'
ptd-server 2023-02-20 18:33:49,537 [INFO] Sending reply to client 'OK'
ptd-server 2023-02-20 18:33:49,545 [INFO] Got command from the client 'session,2023-02-20_18-11-46,done'
ptd-server 2023-02-20 18:33:49,545 [INFO] Sending to ptd: 'Stop'
ptd-server 2023-02-20 18:33:49,921 [INFO] Reply from ptd: 'Error: no measurement to stop'
ptd-server 2023-02-20 18:33:49,921 [INFO] Sending to ptd: 'SR,V,Auto'
ptd-server 2023-02-20 18:33:50,423 [INFO] Reply from ptd: 'Range V changed'
ptd-server 2023-02-20 18:33:50,424 [INFO] Sending to ptd: 'SR,A,Auto'
ptd-server 2023-02-20 18:33:50,926 [INFO] Reply from ptd: 'Range A changed'
ptd-server 2023-02-20 18:33:50,926 [INFO] Set initial values for Amps Auto and Volts Auto
ptd-server 2023-02-20 18:33:50,926 [INFO] Stopping ptd...
