ptd-server 2023-03-02 05:37:24,428 [INFO] Got command from the client 'time'
ptd-server 2023-03-02 05:37:24,429 [INFO] Sending reply to client '1677735444.4289687'
ptd-server 2023-03-02 05:37:24,430 [INFO] Got command from the client 'new,,ecaa3189-26e0-40d6-91fe-4fe0307840a0'
ptd-server 2023-03-02 05:37:24,430 [INFO] Sending reply to client 'OK 2023-03-02_05-37-24,057f8308-e09f-4f9e-aa51-a504e5ac6915'
ptd-server 2023-03-02 05:37:24,454 [INFO] Got command from the client 'time'
ptd-server 2023-03-02 05:37:24,455 [INFO] Sending reply to client '1677735444.4551053'
ptd-server 2023-03-02 05:37:24,458 [INFO] Got command from the client 'session,2023-03-02_05-37-24,start,ranging'
ptd-server 2023-03-02 05:37:24,458 [INFO] Running PTDaemon: ['/home/anton/projects/mlperf/power/inference_v1.0/ptd-linux-x86', '-l', '/tmp/tmpjo7pgaee/ptd_logfile.txt', '-p', '8888', '49', '/dev/usbtmc0']
ptd-server 2023-03-02 05:37:41,544 [INFO] Sending to ptd: 'Hello'
ptd-server 2023-03-02 05:37:41,544 [INFO] Reply from ptd: 'Hello, PTDaemon here!'
ptd-server 2023-03-02 05:37:41,544 [INFO] Sending to ptd: 'Identify'
ptd-server 2023-03-02 05:37:41,545 [INFO] Reply from ptd: 'YokogawaWT310E,1000,1,1,1,1,0,1,1,version=1.10.0-ed9a21d2-20220817,OS=Linux 5.15.0-60-generic #66~20.04.1-Ubuntu SMP Wed Jan 25 09:41:30 UTC 2023 x86_64,mode=power,1,1,1,0,0,no_cal_date,YOKOGAWA;WT310E;C3XA04010E;F1.04'
ptd-server 2023-03-02 05:37:41,545 [INFO] Connected to PTDaemon
ptd-server 2023-03-02 05:37:41,545 [INFO] Sending to ptd: 'RR'
ptd-server 2023-03-02 05:37:41,545 [INFO] Reply from ptd: 'Ranges,1,0.100000,1,300.000000'
ptd-server 2023-03-02 05:37:41,545 [INFO] Initial range for Amps is Auto for Volts is Auto
ptd-server 2023-03-02 05:37:41,546 [INFO] Sending to ptd: 'SR,V,Auto'
ptd-server 2023-03-02 05:37:42,048 [INFO] Reply from ptd: 'Range V changed'
ptd-server 2023-03-02 05:37:42,048 [INFO] Sending to ptd: 'SR,A,Auto'
ptd-server 2023-03-02 05:37:42,551 [INFO] Reply from ptd: 'Range A changed'
ptd-server 2023-03-02 05:37:52,560 [INFO] Starting ranging mode
ptd-server 2023-03-02 05:37:52,560 [INFO] Sending to ptd: 'Go,1000,0,2023-03-02_05-37-24_ranging'
ptd-server 2023-03-02 05:37:52,560 [INFO] Reply from ptd: 'Starting untimed measurement, maximum 500000 samples at 1000ms with 0 rampup samples'
ptd-server 2023-03-02 05:37:52,561 [INFO] Sending reply to client 'OK'
ptd-server 2023-03-02 05:48:16,685 [INFO] Got command from the client 'session,2023-03-02_05-37-24,stop,ranging'
ptd-server 2023-03-02 05:48:26,695 [INFO] Sending to ptd: 'Stop'
ptd-server 2023-03-02 05:48:26,696 [INFO] Reply from ptd: 'Stopping untimed measurement'
ptd-server 2023-03-02 05:48:26,744 [INFO] Sending reply to client 'OK'
ptd-server 2023-03-02 05:48:26,792 [INFO] Got command from the client 'time'
ptd-server 2023-03-02 05:48:26,792 [INFO] Sending reply to client '1677736106.7922266'
ptd-server 2023-03-02 05:48:26,795 [INFO] Got command from the client 'session,2023-03-02_05-37-24,start,testing'
ptd-server 2023-03-02 05:48:26,795 [INFO] Sending to ptd: 'SR,V,250.570000'
ptd-server 2023-03-02 05:48:29,061 [INFO] Reply from ptd: 'Range V changed'
ptd-server 2023-03-02 05:48:29,062 [INFO] Sending to ptd: 'SR,A,0.082890'
ptd-server 2023-03-02 05:48:30,563 [INFO] Reply from ptd: 'Range A changed'
ptd-server 2023-03-02 05:48:40,572 [INFO] Starting testing mode
ptd-server 2023-03-02 05:48:40,572 [INFO] Sending to ptd: 'Go,1000,0,2023-03-02_05-37-24_testing'
ptd-server 2023-03-02 05:48:40,572 [INFO] Reply from ptd: 'Starting untimed measurement, maximum 500000 samples at 1000ms with 0 rampup samples'
ptd-server 2023-03-02 05:48:40,573 [INFO] Sending reply to client 'OK'
ptd-server 2023-03-02 05:59:04,986 [INFO] Got command from the client 'session,2023-03-02_05-37-24,stop,testing'
ptd-server 2023-03-02 05:59:14,996 [INFO] Sending to ptd: 'Stop'
ptd-server 2023-03-02 05:59:14,997 [INFO] Reply from ptd: 'Stopping untimed measurement'
ptd-server 2023-03-02 05:59:15,023 [INFO] Sending reply to client 'OK'
ptd-server 2023-03-02 05:59:15,045 [INFO] Got command from the client 'session,2023-03-02_05-37-24,done'
ptd-server 2023-03-02 05:59:15,045 [INFO] Sending to ptd: 'Stop'
ptd-server 2023-03-02 05:59:15,573 [INFO] Reply from ptd: 'Error: no measurement to stop'
ptd-server 2023-03-02 05:59:15,573 [INFO] Sending to ptd: 'SR,V,Auto'
ptd-server 2023-03-02 05:59:16,075 [INFO] Reply from ptd: 'Range V changed'
ptd-server 2023-03-02 05:59:16,076 [INFO] Sending to ptd: 'SR,A,Auto'
ptd-server 2023-03-02 05:59:16,578 [INFO] Reply from ptd: 'Range A changed'
ptd-server 2023-03-02 05:59:16,578 [INFO] Set initial values for Amps Auto and Volts Auto
ptd-server 2023-03-02 05:59:16,579 [INFO] Stopping ptd...
