ptd-server 2023-02-27 19:39:38,551 [INFO] Got command from the client 'time'
ptd-server 2023-02-27 19:39:38,551 [INFO] Sending reply to client '1677526778.5515687'
ptd-server 2023-02-27 19:39:38,555 [INFO] Got command from the client 'new,,51b86cb7-9c40-409e-adaa-e8a26004a8b8'
ptd-server 2023-02-27 19:39:38,556 [INFO] Sending reply to client 'OK 2023-02-27_19-39-38,763fa756-c6fe-4a62-bb07-8019f9e23476'
ptd-server 2023-02-27 19:39:38,576 [INFO] Got command from the client 'time'
ptd-server 2023-02-27 19:39:38,576 [INFO] Sending reply to client '1677526778.576618'
ptd-server 2023-02-27 19:39:38,583 [INFO] Got command from the client 'session,2023-02-27_19-39-38,start,ranging'
ptd-server 2023-02-27 19:39:38,584 [INFO] Running PTDaemon: ['/media/arjun/T7_Touch/hp-envy/CM/repos/local/cache/9b3695ca8255492a/power/inference_v1.0/ptd-linux-x86', '-l', '/tmp/tmpti64566v/ptd_logfile.txt', '-p', '8888', '49', '/dev/usbtmc0']
ptd-server 2023-02-27 19:39:55,682 [INFO] Sending to ptd: 'Hello'
ptd-server 2023-02-27 19:39:55,683 [INFO] Reply from ptd: 'Hello, PTDaemon here!'
ptd-server 2023-02-27 19:39:55,683 [INFO] Sending to ptd: 'Identify'
ptd-server 2023-02-27 19:39:55,684 [INFO] Reply from ptd: 'YokogawaWT310E,1000,1,1,1,1,0,1,1,version=1.10.0-ed9a21d2-20220817,OS=Linux 5.15.0-56-generic #62-Ubuntu SMP Tue Nov 22 19:54:14 UTC 2022 x86_64,mode=power,1,1,1,0,0,no_cal_date,YOKOGAWA;WT310E;C3YD21068E;F1.04'
ptd-server 2023-02-27 19:39:55,684 [INFO] Connected to PTDaemon
ptd-server 2023-02-27 19:39:55,685 [INFO] Sending to ptd: 'RR'
ptd-server 2023-02-27 19:39:55,685 [INFO] Reply from ptd: 'Ranges,0,0.100000,0,600.000000'
ptd-server 2023-02-27 19:39:55,686 [INFO] Initial range for Amps is 0.100000 for Volts is 600.000000
ptd-server 2023-02-27 19:39:55,686 [INFO] Sending to ptd: 'SR,V,Auto'
ptd-server 2023-02-27 19:39:56,189 [INFO] Reply from ptd: 'Range V changed'
ptd-server 2023-02-27 19:39:56,189 [INFO] Sending to ptd: 'SR,A,Auto'
ptd-server 2023-02-27 19:39:56,693 [INFO] Reply from ptd: 'Range A changed'
ptd-server 2023-02-27 19:40:06,704 [INFO] Starting ranging mode
ptd-server 2023-02-27 19:40:06,704 [INFO] Sending to ptd: 'Go,1000,0,2023-02-27_19-39-38_ranging'
ptd-server 2023-02-27 19:40:06,705 [INFO] Reply from ptd: 'Starting untimed measurement, maximum 500000 samples at 1000ms with 0 rampup samples'
ptd-server 2023-02-27 19:40:06,705 [INFO] Sending reply to client 'OK'
ptd-server 2023-02-27 19:53:44,415 [INFO] Got command from the client 'session,2023-02-27_19-39-38,stop,ranging'
ptd-server 2023-02-27 19:53:54,426 [INFO] Sending to ptd: 'Stop'
ptd-server 2023-02-27 19:53:54,426 [INFO] Reply from ptd: 'Stopping untimed measurement'
ptd-server 2023-02-27 19:53:54,714 [INFO] Sending reply to client 'OK'
ptd-server 2023-02-27 19:53:54,773 [INFO] Got command from the client 'time'
ptd-server 2023-02-27 19:53:54,773 [INFO] Sending reply to client '1677527634.7731547'
ptd-server 2023-02-27 19:53:54,776 [INFO] Got command from the client 'session,2023-02-27_19-39-38,start,testing'
ptd-server 2023-02-27 19:53:54,776 [INFO] Sending to ptd: 'SR,V,249.500000'
ptd-server 2023-02-27 19:53:56,279 [INFO] Reply from ptd: 'Range V changed'
ptd-server 2023-02-27 19:53:56,280 [INFO] Sending to ptd: 'SR,A,0.231360'
ptd-server 2023-02-27 19:53:57,783 [INFO] Reply from ptd: 'Range A changed'
ptd-server 2023-02-27 19:54:07,794 [INFO] Starting testing mode
ptd-server 2023-02-27 19:54:07,795 [INFO] Sending to ptd: 'Go,1000,0,2023-02-27_19-39-38_testing'
ptd-server 2023-02-27 19:54:07,796 [INFO] Reply from ptd: 'Starting untimed measurement, maximum 500000 samples at 1000ms with 0 rampup samples'
ptd-server 2023-02-27 19:54:07,796 [INFO] Sending reply to client 'OK'
ptd-server 2023-02-27 20:07:50,819 [INFO] Got command from the client 'session,2023-02-27_19-39-38,stop,testing'
ptd-server 2023-02-27 20:08:00,831 [INFO] Sending to ptd: 'Stop'
ptd-server 2023-02-27 20:08:00,832 [INFO] Reply from ptd: 'Stopping untimed measurement'
ptd-server 2023-02-27 20:08:00,983 [INFO] Sending reply to client 'OK'
ptd-server 2023-02-27 20:08:00,999 [INFO] Got command from the client 'session,2023-02-27_19-39-38,done'
ptd-server 2023-02-27 20:08:00,999 [INFO] Sending to ptd: 'Stop'
ptd-server 2023-02-27 20:08:01,797 [INFO] Reply from ptd: 'Error: no measurement to stop'
ptd-server 2023-02-27 20:08:01,798 [INFO] Sending to ptd: 'SR,V,600.000000'
ptd-server 2023-02-27 20:08:03,300 [INFO] Reply from ptd: 'Range V changed'
ptd-server 2023-02-27 20:08:03,301 [INFO] Sending to ptd: 'SR,A,0.100000'
ptd-server 2023-02-27 20:08:04,803 [INFO] Reply from ptd: 'Range A changed'
ptd-server 2023-02-27 20:08:04,804 [INFO] Set initial values for Amps 0.100000 and Volts 600.000000
ptd-server 2023-02-27 20:08:04,804 [INFO] Stopping ptd...
