ptd-server 2023-02-12 15:22:57,191 [INFO] Got command from the client 'time'
ptd-server 2023-02-12 15:22:57,192 [INFO] Sending reply to client '1676215377.1921053'
ptd-server 2023-02-12 15:22:57,192 [INFO] Got command from the client 'new,,3cdcea68-779a-4f7e-b5ef-097ff9935496'
ptd-server 2023-02-12 15:22:57,193 [INFO] Sending reply to client 'OK 2023-02-12_15-22-57,10057ce9-b920-4fdf-939e-3e34dcd007a7'
ptd-server 2023-02-12 15:22:57,209 [INFO] Got command from the client 'time'
ptd-server 2023-02-12 15:22:57,209 [INFO] Sending reply to client '1676215377.2096725'
ptd-server 2023-02-12 15:22:57,210 [INFO] Got command from the client 'session,2023-02-12_15-22-57,start,ranging'
ptd-server 2023-02-12 15:22:57,210 [INFO] Running PTDaemon: ['/home/anton/projects/mlperf/power/inference_v1.0/ptd-linux-x86', '-l', '/tmp/tmp4yl1neqp/ptd_logfile.txt', '-p', '8888', '49', '/dev/usbtmc0']
ptd-server 2023-02-12 15:23:14,287 [INFO] Sending to ptd: 'Hello'
ptd-server 2023-02-12 15:23:14,288 [INFO] Reply from ptd: 'Hello, PTDaemon here!'
ptd-server 2023-02-12 15:23:14,288 [INFO] Sending to ptd: 'Identify'
ptd-server 2023-02-12 15:23:14,288 [INFO] Reply from ptd: 'YokogawaWT310E,1000,1,1,1,1,0,1,1,version=1.10.0-ed9a21d2-20220817,OS=Linux 5.15.0-60-generic #66~20.04.1-Ubuntu SMP Wed Jan 25 09:41:30 UTC 2023 x86_64,mode=power,1,1,1,0,0,no_cal_date,YOKOGAWA;WT310E;C3XA04010E;F1.04'
ptd-server 2023-02-12 15:23:14,288 [INFO] Connected to PTDaemon
ptd-server 2023-02-12 15:23:14,289 [INFO] Sending to ptd: 'RR'
ptd-server 2023-02-12 15:23:14,289 [INFO] Reply from ptd: 'Ranges,1,0.200000,1,300.000000'
ptd-server 2023-02-12 15:23:14,289 [INFO] Initial range for Amps is Auto for Volts is Auto
ptd-server 2023-02-12 15:23:14,289 [INFO] Sending to ptd: 'SR,V,Auto'
ptd-server 2023-02-12 15:23:14,792 [INFO] Reply from ptd: 'Range V changed'
ptd-server 2023-02-12 15:23:14,792 [INFO] Sending to ptd: 'SR,A,Auto'
ptd-server 2023-02-12 15:23:15,295 [INFO] Reply from ptd: 'Range A changed'
ptd-server 2023-02-12 15:23:25,305 [INFO] Starting ranging mode
ptd-server 2023-02-12 15:23:25,305 [INFO] Sending to ptd: 'Go,1000,0,2023-02-12_15-22-57_ranging'
ptd-server 2023-02-12 15:23:25,306 [INFO] Reply from ptd: 'Starting untimed measurement, maximum 500000 samples at 1000ms with 0 rampup samples'
ptd-server 2023-02-12 15:23:25,306 [INFO] Sending reply to client 'OK'
ptd-server 2023-02-12 15:34:33,613 [INFO] Got command from the client 'session,2023-02-12_15-22-57,stop,ranging'
ptd-server 2023-02-12 15:34:43,623 [INFO] Sending to ptd: 'Stop'
ptd-server 2023-02-12 15:34:43,624 [INFO] Reply from ptd: 'Stopping untimed measurement'
ptd-server 2023-02-12 15:34:43,636 [INFO] Sending reply to client 'OK'
ptd-server 2023-02-12 15:34:43,722 [INFO] Got command from the client 'time'
ptd-server 2023-02-12 15:34:43,722 [INFO] Sending reply to client '1676216083.7227464'
ptd-server 2023-02-12 15:34:43,723 [INFO] Got command from the client 'session,2023-02-12_15-22-57,start,testing'
ptd-server 2023-02-12 15:34:43,724 [INFO] Sending to ptd: 'SR,V,250.950000'
ptd-server 2023-02-12 15:34:45,807 [INFO] Reply from ptd: 'Range V changed'
ptd-server 2023-02-12 15:34:45,808 [INFO] Sending to ptd: 'SR,A,0.170610'
ptd-server 2023-02-12 15:34:47,309 [INFO] Reply from ptd: 'Range A changed'
ptd-server 2023-02-12 15:34:57,319 [INFO] Starting testing mode
ptd-server 2023-02-12 15:34:57,319 [INFO] Sending to ptd: 'Go,1000,0,2023-02-12_15-22-57_testing'
ptd-server 2023-02-12 15:34:57,320 [INFO] Reply from ptd: 'Starting untimed measurement, maximum 500000 samples at 1000ms with 0 rampup samples'
ptd-server 2023-02-12 15:34:57,320 [INFO] Sending reply to client 'OK'
ptd-server 2023-02-12 15:46:02,501 [INFO] Got command from the client 'session,2023-02-12_15-22-57,stop,testing'
ptd-server 2023-02-12 15:46:12,511 [INFO] Sending to ptd: 'Stop'
ptd-server 2023-02-12 15:46:12,511 [INFO] Reply from ptd: 'Stopping untimed measurement'
ptd-server 2023-02-12 15:46:12,515 [INFO] Sending reply to client 'OK'
ptd-server 2023-02-12 15:46:12,523 [INFO] Got command from the client 'session,2023-02-12_15-22-57,done'
ptd-server 2023-02-12 15:46:12,523 [INFO] Sending to ptd: 'Stop'
ptd-server 2023-02-12 15:46:13,321 [INFO] Reply from ptd: 'Error: no measurement to stop'
ptd-server 2023-02-12 15:46:13,321 [INFO] Sending to ptd: 'SR,V,Auto'
ptd-server 2023-02-12 15:46:13,823 [INFO] Reply from ptd: 'Range V changed'
ptd-server 2023-02-12 15:46:13,823 [INFO] Sending to ptd: 'SR,A,Auto'
ptd-server 2023-02-12 15:46:14,326 [INFO] Reply from ptd: 'Range A changed'
ptd-server 2023-02-12 15:46:14,326 [INFO] Set initial values for Amps Auto and Volts Auto
ptd-server 2023-02-12 15:46:14,326 [INFO] Stopping ptd...
