ptd-server 2023-02-21 04:48:03,647 [INFO] Got command from the client 'time'
ptd-server 2023-02-21 04:48:03,648 [INFO] Sending reply to client '1676954883.6481266'
ptd-server 2023-02-21 04:48:03,649 [INFO] Got command from the client 'new,,2843b2f6-ceb0-4ddb-a33b-070699cb1dcc'
ptd-server 2023-02-21 04:48:03,649 [INFO] Sending reply to client 'OK 2023-02-21_04-48-03,b7a9ab44-9075-495d-ba32-f0d3318c5579'
ptd-server 2023-02-21 04:48:03,674 [INFO] Got command from the client 'time'
ptd-server 2023-02-21 04:48:03,674 [INFO] Sending reply to client '1676954883.674902'
ptd-server 2023-02-21 04:48:03,675 [INFO] Got command from the client 'session,2023-02-21_04-48-03,start,ranging'
ptd-server 2023-02-21 04:48:03,676 [INFO] Running PTDaemon: ['/home/anton/projects/mlperf/power/inference_v1.0/ptd-linux-x86', '-l', '/tmp/tmp4yl1neqp/ptd_logfile.txt', '-p', '8888', '49', '/dev/usbtmc0']
ptd-server 2023-02-21 04:48:20,750 [INFO] Sending to ptd: 'Hello'
ptd-server 2023-02-21 04:48:20,751 [INFO] Reply from ptd: 'Hello, PTDaemon here!'
ptd-server 2023-02-21 04:48:20,751 [INFO] Sending to ptd: 'Identify'
ptd-server 2023-02-21 04:48:20,752 [INFO] Reply from ptd: 'YokogawaWT310E,1000,1,1,1,1,0,1,1,version=1.10.0-ed9a21d2-20220817,OS=Linux 5.15.0-60-generic #66~20.04.1-Ubuntu SMP Wed Jan 25 09:41:30 UTC 2023 x86_64,mode=power,1,1,1,0,0,no_cal_date,YOKOGAWA;WT310E;C3XA04010E;F1.04'
ptd-server 2023-02-21 04:48:20,752 [INFO] Connected to PTDaemon
ptd-server 2023-02-21 04:48:20,752 [INFO] Sending to ptd: 'RR'
ptd-server 2023-02-21 04:48:20,752 [INFO] Reply from ptd: 'Ranges,1,0.100000,1,300.000000'
ptd-server 2023-02-21 04:48:20,753 [INFO] Initial range for Amps is Auto for Volts is Auto
ptd-server 2023-02-21 04:48:20,753 [INFO] Sending to ptd: 'SR,V,Auto'
ptd-server 2023-02-21 04:48:21,255 [INFO] Reply from ptd: 'Range V changed'
ptd-server 2023-02-21 04:48:21,255 [INFO] Sending to ptd: 'SR,A,Auto'
ptd-server 2023-02-21 04:48:21,758 [INFO] Reply from ptd: 'Range A changed'
ptd-server 2023-02-21 04:48:31,768 [INFO] Starting ranging mode
ptd-server 2023-02-21 04:48:31,768 [INFO] Sending to ptd: 'Go,1000,0,2023-02-21_04-48-03_ranging'
ptd-server 2023-02-21 04:48:31,769 [INFO] Reply from ptd: 'Starting untimed measurement, maximum 500000 samples at 1000ms with 0 rampup samples'
ptd-server 2023-02-21 04:48:31,769 [INFO] Sending reply to client 'OK'
ptd-server 2023-02-21 04:58:59,097 [INFO] Got command from the client 'session,2023-02-21_04-48-03,stop,ranging'
ptd-server 2023-02-21 04:59:09,107 [INFO] Sending to ptd: 'Stop'
ptd-server 2023-02-21 04:59:09,108 [INFO] Reply from ptd: 'Stopping untimed measurement'
ptd-server 2023-02-21 04:59:09,374 [INFO] Sending reply to client 'OK'
ptd-server 2023-02-21 04:59:09,409 [INFO] Got command from the client 'time'
ptd-server 2023-02-21 04:59:09,409 [INFO] Sending reply to client '1676955549.409738'
ptd-server 2023-02-21 04:59:09,410 [INFO] Got command from the client 'session,2023-02-21_04-48-03,start,testing'
ptd-server 2023-02-21 04:59:09,411 [INFO] Sending to ptd: 'SR,V,252.260000'
ptd-server 2023-02-21 04:59:11,270 [INFO] Reply from ptd: 'Range V changed'
ptd-server 2023-02-21 04:59:11,270 [INFO] Sending to ptd: 'SR,A,0.057950'
ptd-server 2023-02-21 04:59:12,772 [INFO] Reply from ptd: 'Range A changed'
ptd-server 2023-02-21 04:59:22,782 [INFO] Starting testing mode
ptd-server 2023-02-21 04:59:22,782 [INFO] Sending to ptd: 'Go,1000,0,2023-02-21_04-48-03_testing'
ptd-server 2023-02-21 04:59:22,782 [INFO] Reply from ptd: 'Starting untimed measurement, maximum 500000 samples at 1000ms with 0 rampup samples'
ptd-server 2023-02-21 04:59:22,783 [INFO] Sending reply to client 'OK'
ptd-server 2023-02-21 05:09:49,997 [INFO] Got command from the client 'session,2023-02-21_04-48-03,stop,testing'
ptd-server 2023-02-21 05:10:00,008 [INFO] Sending to ptd: 'Stop'
ptd-server 2023-02-21 05:10:00,008 [INFO] Reply from ptd: 'Stopping untimed measurement'
ptd-server 2023-02-21 05:10:00,158 [INFO] Sending reply to client 'OK'
ptd-server 2023-02-21 05:10:00,166 [INFO] Got command from the client 'session,2023-02-21_04-48-03,done'
ptd-server 2023-02-21 05:10:00,166 [INFO] Sending to ptd: 'Stop'
ptd-server 2023-02-21 05:10:00,783 [INFO] Reply from ptd: 'Error: no measurement to stop'
ptd-server 2023-02-21 05:10:00,783 [INFO] Sending to ptd: 'SR,V,Auto'
ptd-server 2023-02-21 05:10:01,285 [INFO] Reply from ptd: 'Range V changed'
ptd-server 2023-02-21 05:10:01,285 [INFO] Sending to ptd: 'SR,A,Auto'
ptd-server 2023-02-21 05:10:01,788 [INFO] Reply from ptd: 'Range A changed'
ptd-server 2023-02-21 05:10:01,788 [INFO] Set initial values for Amps Auto and Volts Auto
ptd-server 2023-02-21 05:10:01,788 [INFO] Stopping ptd...
