ptd-server 2023-02-27 16:12:19,342 [INFO] Got command from the client 'time'
ptd-server 2023-02-27 16:12:19,342 [INFO] Sending reply to client '1677514339.3425455'
ptd-server 2023-02-27 16:12:19,346 [INFO] Got command from the client 'new,,6925fae4-201d-4523-87cb-fdc123671cd6'
ptd-server 2023-02-27 16:12:19,347 [INFO] Sending reply to client 'OK 2023-02-27_16-12-19,2b8d839b-db32-450f-886c-ac113a25201d'
ptd-server 2023-02-27 16:12:19,370 [INFO] Got command from the client 'time'
ptd-server 2023-02-27 16:12:19,370 [INFO] Sending reply to client '1677514339.3705783'
ptd-server 2023-02-27 16:12:19,374 [INFO] Got command from the client 'session,2023-02-27_16-12-19,start,ranging'
ptd-server 2023-02-27 16:12:19,375 [INFO] Running PTDaemon: ['/media/arjun/T7_Touch/hp-envy/CM/repos/local/cache/9b3695ca8255492a/power/inference_v1.0/ptd-linux-x86', '-l', '/tmp/tmpti64566v/ptd_logfile.txt', '-p', '8888', '49', '/dev/usbtmc0']
ptd-server 2023-02-27 16:12:36,474 [INFO] Sending to ptd: 'Hello'
ptd-server 2023-02-27 16:12:36,475 [INFO] Reply from ptd: 'Hello, PTDaemon here!'
ptd-server 2023-02-27 16:12:36,476 [INFO] Sending to ptd: 'Identify'
ptd-server 2023-02-27 16:12:36,476 [INFO] Reply from ptd: 'YokogawaWT310E,1000,1,1,1,1,0,1,1,version=1.10.0-ed9a21d2-20220817,OS=Linux 5.15.0-56-generic #62-Ubuntu SMP Tue Nov 22 19:54:14 UTC 2022 x86_64,mode=power,1,1,1,0,0,no_cal_date,YOKOGAWA;WT310E;C3YD21068E;F1.04'
ptd-server 2023-02-27 16:12:36,477 [INFO] Connected to PTDaemon
ptd-server 2023-02-27 16:12:36,477 [INFO] Sending to ptd: 'RR'
ptd-server 2023-02-27 16:12:36,478 [INFO] Reply from ptd: 'Ranges,0,0.100000,0,600.000000'
ptd-server 2023-02-27 16:12:36,478 [INFO] Initial range for Amps is 0.100000 for Volts is 600.000000
ptd-server 2023-02-27 16:12:36,478 [INFO] Sending to ptd: 'SR,V,Auto'
ptd-server 2023-02-27 16:12:36,982 [INFO] Reply from ptd: 'Range V changed'
ptd-server 2023-02-27 16:12:36,983 [INFO] Sending to ptd: 'SR,A,Auto'
ptd-server 2023-02-27 16:12:37,487 [INFO] Reply from ptd: 'Range A changed'
ptd-server 2023-02-27 16:12:47,498 [INFO] Starting ranging mode
ptd-server 2023-02-27 16:12:47,498 [INFO] Sending to ptd: 'Go,1000,0,2023-02-27_16-12-19_ranging'
ptd-server 2023-02-27 16:12:47,499 [INFO] Reply from ptd: 'Starting untimed measurement, maximum 500000 samples at 1000ms with 0 rampup samples'
ptd-server 2023-02-27 16:12:47,499 [INFO] Sending reply to client 'OK'
ptd-server 2023-02-27 16:29:11,806 [INFO] Got command from the client 'session,2023-02-27_16-12-19,stop,ranging'
ptd-server 2023-02-27 16:29:21,817 [INFO] Sending to ptd: 'Stop'
ptd-server 2023-02-27 16:29:21,818 [INFO] Reply from ptd: 'Stopping untimed measurement'
ptd-server 2023-02-27 16:29:22,082 [INFO] Sending reply to client 'OK'
ptd-server 2023-02-27 16:29:22,142 [INFO] Got command from the client 'time'
ptd-server 2023-02-27 16:29:22,142 [INFO] Sending reply to client '1677515362.1425552'
ptd-server 2023-02-27 16:29:22,146 [INFO] Got command from the client 'session,2023-02-27_16-12-19,start,testing'
ptd-server 2023-02-27 16:29:22,146 [INFO] Sending to ptd: 'SR,V,247.910000'
ptd-server 2023-02-27 16:29:24,002 [INFO] Reply from ptd: 'Range V changed'
ptd-server 2023-02-27 16:29:24,002 [INFO] Sending to ptd: 'SR,A,0.196820'
ptd-server 2023-02-27 16:29:25,505 [INFO] Reply from ptd: 'Range A changed'
ptd-server 2023-02-27 16:29:35,517 [INFO] Starting testing mode
ptd-server 2023-02-27 16:29:35,517 [INFO] Sending to ptd: 'Go,1000,0,2023-02-27_16-12-19_testing'
ptd-server 2023-02-27 16:29:35,518 [INFO] Reply from ptd: 'Starting untimed measurement, maximum 500000 samples at 1000ms with 0 rampup samples'
ptd-server 2023-02-27 16:29:35,518 [INFO] Sending reply to client 'OK'
ptd-server 2023-02-27 16:45:55,727 [INFO] Got command from the client 'session,2023-02-27_16-12-19,stop,testing'
ptd-server 2023-02-27 16:46:05,734 [INFO] Sending to ptd: 'Stop'
ptd-server 2023-02-27 16:46:05,734 [INFO] Reply from ptd: 'Stopping untimed measurement'
ptd-server 2023-02-27 16:46:05,871 [INFO] Sending reply to client 'OK'
ptd-server 2023-02-27 16:46:05,879 [INFO] Got command from the client 'session,2023-02-27_16-12-19,done'
ptd-server 2023-02-27 16:46:05,879 [INFO] Sending to ptd: 'Stop'
ptd-server 2023-02-27 16:46:06,520 [INFO] Reply from ptd: 'Error: no measurement to stop'
ptd-server 2023-02-27 16:46:06,520 [INFO] Sending to ptd: 'SR,V,600.000000'
ptd-server 2023-02-27 16:46:08,023 [INFO] Reply from ptd: 'Range V changed'
ptd-server 2023-02-27 16:46:08,023 [INFO] Sending to ptd: 'SR,A,0.100000'
ptd-server 2023-02-27 16:46:09,526 [INFO] Reply from ptd: 'Range A changed'
ptd-server 2023-02-27 16:46:09,526 [INFO] Set initial values for Amps 0.100000 and Volts 600.000000
ptd-server 2023-02-27 16:46:09,527 [INFO] Stopping ptd...
