client 2023-02-27 20:34:04,607 [INFO] Creating output directory '/home/arjun/mobilenet_results/valid_results/arjun_orin-tflite_armnn_cpp-cpu-armnn_tflite-v22.11-using_neon/mobilenet-v1-precision_uint8-0.75-160/singlestream/performance/tmp_power'
client 2023-02-27 20:34:04,725 [INFO] Sending command to the server: 'mlcommons/power client v3'
client 2023-02-27 20:34:04,728 [INFO] Got response: 'mlcommons/power server v3'
client 2023-02-27 20:34:04,728 [INFO] Synchronizing with the server and with time.google.com...
client 2023-02-27 20:34:04,752 [INFO] NTP:offset = 0.001 s, delay = 0.015 s 
client 2023-02-27 20:34:04,753 [INFO] Sending command to the server: 'time'
client 2023-02-27 20:34:04,757 [INFO] Got response: '1677530044.7572634'
client 2023-02-27 20:34:04,757 [INFO] The time difference between the client and the server is within range -4.045 ms..0.155 ms
client 2023-02-27 20:34:04,757 [INFO] Sending command to the server: 'new,,adec1af3-7bf6-47cd-8d8e-65439870bab4'
client 2023-02-27 20:34:04,762 [INFO] Got response: 'OK 2023-02-27_20-34-04,66f0c836-1cf3-4c7d-993d-9229c9bced05'
client 2023-02-27 20:34:04,762 [INFO] Session id is '2023-02-27_20-34-04'
client 2023-02-27 20:34:04,762 [INFO] Sources: {"sources": {"__init__.py": "da39a3ee5e6b4b0d3255bfef95601890afd80709", "client.py": "33ca4f26368777ac06e01f9567b714a4b8063886", "lib/__init__.py": "da39a3ee5e6b4b0d3255bfef95601890afd80709", "lib/client.py": "4c2b78fb4849a7e5b584ef792d82aaed20b17f57", "lib/common.py": "624d0c0acc7c39aaff3674f0b99d6a09da53d1dc", "lib/external/__init__.py": "da39a3ee5e6b4b0d3255bfef95601890afd80709", "lib/external/ntplib.py": "4da8f970656505a40483206ef2b5d3dd5e81711d", "lib/server.py": "cda0cdfaee9bfa1249c64a7dd4f89b7bf1b279f0", "lib/source_hashes.py": "60a2e02193209e8d392803326208d5466342da18", "lib/summary.py": "aa92f0a3f975eecd44d3c0cd0236342ccc9f941d", "lib/time_sync.py": "3210db56eb0ff0df57bf4293dc4d4b03fffd46f1", "server.py": "c3f90f2f7eeb4db30727556d0c815ebc89b3d28b", "tests/unit/__init__.py": "da39a3ee5e6b4b0d3255bfef95601890afd80709", "tests/unit/test_server.py": "99ae15aef722f2000ee6ed1ae1523637bf1ae42b", "tests/unit/test_source_hashes.py": "00468a2907583c593e6574a1f6b404e4651c221a"}, "modules": {"ptd_client_server.lib.client": "lib/client.py", "ptd_client_server.lib.common": "lib/common.py", "ptd_client_server.lib.external.ntplib": "lib/external/ntplib.py", "ptd_client_server.lib.source_hashes": "lib/source_hashes.py", "ptd_client_server.lib.summary": "lib/summary.py", "ptd_client_server.lib.time_sync": "lib/time_sync.py"}}
client 2023-02-27 20:34:04,763 [INFO] Running workload in ranging mode
client 2023-02-27 20:34:04,763 [INFO] Synchronizing with the server and with time.google.com...
client 2023-02-27 20:34:04,778 [INFO] NTP:offset = 0.000 s, delay = 0.013 s 
client 2023-02-27 20:34:04,778 [INFO] Sending command to the server: 'time'
client 2023-02-27 20:34:04,782 [INFO] Got response: '1677530044.782515'
client 2023-02-27 20:34:04,782 [INFO] The time difference between the client and the server is within range -3.783 ms..-0.226 ms
client 2023-02-27 20:34:04,782 [INFO] Sending command to the server: 'session,2023-02-27_20-34-04,start,ranging'
client 2023-02-27 20:34:32,915 [INFO] Got response: 'OK'
client 2023-02-27 20:34:32,916 [INFO] Running the workload '/home/arjun/run.out'
client 2023-02-27 20:46:39,073 [INFO] Sending command to the server: 'session,2023-02-27_20-34-04,stop,ranging'
client 2023-02-27 20:46:49,519 [INFO] Got response: 'OK'
client 2023-02-27 20:46:49,535 [INFO] Copying loadgen logs from '/home/arjun/mobilenet_results/valid_results/arjun_orin-tflite_armnn_cpp-cpu-armnn_tflite-v22.11-using_neon/mobilenet-v1-precision_uint8-0.75-160/singlestream/performance/run_1' to '/home/arjun/mobilenet_results/valid_results/arjun_orin-tflite_armnn_cpp-cpu-armnn_tflite-v22.11-using_neon/mobilenet-v1-precision_uint8-0.75-160/singlestream/performance/tmp_power/ranging'
client 2023-02-27 20:46:49,536 [INFO] Running workload in testing mode
client 2023-02-27 20:46:49,536 [INFO] Synchronizing with the server and with time.google.com...
client 2023-02-27 20:46:49,564 [INFO] NTP:offset = -0.000 s, delay = 0.013 s 
client 2023-02-27 20:46:49,565 [INFO] Sending command to the server: 'time'
client 2023-02-27 20:46:49,575 [INFO] Got response: '1677530809.5679939'
client 2023-02-27 20:46:49,575 [INFO] The time difference between the client and the server is within range -2.999 ms..7.737 ms
client 2023-02-27 20:46:49,575 [INFO] Sending command to the server: 'session,2023-02-27_20-34-04,start,testing'
client 2023-02-27 20:47:02,935 [INFO] Got response: 'OK'
client 2023-02-27 20:47:02,936 [INFO] Running the workload '/home/arjun/run.out'
client 2023-02-27 20:59:07,333 [INFO] Sending command to the server: 'session,2023-02-27_20-34-04,stop,testing'
client 2023-02-27 20:59:17,781 [INFO] Got response: 'OK'
client 2023-02-27 20:59:17,785 [INFO] Copying loadgen logs from '/home/arjun/mobilenet_results/valid_results/arjun_orin-tflite_armnn_cpp-cpu-armnn_tflite-v22.11-using_neon/mobilenet-v1-precision_uint8-0.75-160/singlestream/performance/run_1' to '/home/arjun/mobilenet_results/valid_results/arjun_orin-tflite_armnn_cpp-cpu-armnn_tflite-v22.11-using_neon/mobilenet-v1-precision_uint8-0.75-160/singlestream/performance/tmp_power/run_1'
client 2023-02-27 20:59:17,788 [INFO] Done runs
