ptd-server 2023-02-27 20:34:04,756 [INFO] Got command from the client 'time'
ptd-server 2023-02-27 20:34:04,757 [INFO] Sending reply to client '1677530044.7572634'
ptd-server 2023-02-27 20:34:04,761 [INFO] Got command from the client 'new,,adec1af3-7bf6-47cd-8d8e-65439870bab4'
ptd-server 2023-02-27 20:34:04,762 [INFO] Sending reply to client 'OK 2023-02-27_20-34-04,66f0c836-1cf3-4c7d-993d-9229c9bced05'
ptd-server 2023-02-27 20:34:04,782 [INFO] Got command from the client 'time'
ptd-server 2023-02-27 20:34:04,782 [INFO] Sending reply to client '1677530044.782515'
ptd-server 2023-02-27 20:34:04,786 [INFO] Got command from the client 'session,2023-02-27_20-34-04,start,ranging'
ptd-server 2023-02-27 20:34:04,787 [INFO] Running PTDaemon: ['/media/arjun/T7_Touch/hp-envy/CM/repos/local/cache/9b3695ca8255492a/power/inference_v1.0/ptd-linux-x86', '-l', '/tmp/tmpti64566v/ptd_logfile.txt', '-p', '8888', '49', '/dev/usbtmc0']
ptd-server 2023-02-27 20:34:21,890 [INFO] Sending to ptd: 'Hello'
ptd-server 2023-02-27 20:34:21,891 [INFO] Reply from ptd: 'Hello, PTDaemon here!'
ptd-server 2023-02-27 20:34:21,891 [INFO] Sending to ptd: 'Identify'
ptd-server 2023-02-27 20:34:21,892 [INFO] Reply from ptd: 'YokogawaWT310E,1000,1,1,1,1,0,1,1,version=1.10.0-ed9a21d2-20220817,OS=Linux 5.15.0-56-generic #62-Ubuntu SMP Tue Nov 22 19:54:14 UTC 2022 x86_64,mode=power,1,1,1,0,0,no_cal_date,YOKOGAWA;WT310E;C3YD21068E;F1.04'
ptd-server 2023-02-27 20:34:21,892 [INFO] Connected to PTDaemon
ptd-server 2023-02-27 20:34:21,893 [INFO] Sending to ptd: 'RR'
ptd-server 2023-02-27 20:34:21,893 [INFO] Reply from ptd: 'Ranges,0,0.100000,0,600.000000'
ptd-server 2023-02-27 20:34:21,894 [INFO] Initial range for Amps is 0.100000 for Volts is 600.000000
ptd-server 2023-02-27 20:34:21,894 [INFO] Sending to ptd: 'SR,V,Auto'
ptd-server 2023-02-27 20:34:22,398 [INFO] Reply from ptd: 'Range V changed'
ptd-server 2023-02-27 20:34:22,398 [INFO] Sending to ptd: 'SR,A,Auto'
ptd-server 2023-02-27 20:34:22,902 [INFO] Reply from ptd: 'Range A changed'
ptd-server 2023-02-27 20:34:32,913 [INFO] Starting ranging mode
ptd-server 2023-02-27 20:34:32,913 [INFO] Sending to ptd: 'Go,1000,0,2023-02-27_20-34-04_ranging'
ptd-server 2023-02-27 20:34:32,914 [INFO] Reply from ptd: 'Starting untimed measurement, maximum 500000 samples at 1000ms with 0 rampup samples'
ptd-server 2023-02-27 20:34:32,914 [INFO] Sending reply to client 'OK'
ptd-server 2023-02-27 20:46:39,221 [INFO] Got command from the client 'session,2023-02-27_20-34-04,stop,ranging'
ptd-server 2023-02-27 20:46:49,232 [INFO] Sending to ptd: 'Stop'
ptd-server 2023-02-27 20:46:49,233 [INFO] Reply from ptd: 'Stopping untimed measurement'
ptd-server 2023-02-27 20:46:49,518 [INFO] Sending reply to client 'OK'
ptd-server 2023-02-27 20:46:49,567 [INFO] Got command from the client 'time'
ptd-server 2023-02-27 20:46:49,568 [INFO] Sending reply to client '1677530809.5679939'
ptd-server 2023-02-27 20:46:49,579 [INFO] Got command from the client 'session,2023-02-27_20-34-04,start,testing'
ptd-server 2023-02-27 20:46:49,579 [INFO] Sending to ptd: 'SR,V,249.350000'
ptd-server 2023-02-27 20:46:51,418 [INFO] Reply from ptd: 'Range V changed'
ptd-server 2023-02-27 20:46:51,418 [INFO] Sending to ptd: 'SR,A,0.212700'
ptd-server 2023-02-27 20:46:52,921 [INFO] Reply from ptd: 'Range A changed'
ptd-server 2023-02-27 20:47:02,932 [INFO] Starting testing mode
ptd-server 2023-02-27 20:47:02,932 [INFO] Sending to ptd: 'Go,1000,0,2023-02-27_20-34-04_testing'
ptd-server 2023-02-27 20:47:02,933 [INFO] Reply from ptd: 'Starting untimed measurement, maximum 500000 samples at 1000ms with 0 rampup samples'
ptd-server 2023-02-27 20:47:02,934 [INFO] Sending reply to client 'OK'
ptd-server 2023-02-27 20:59:07,582 [INFO] Got command from the client 'session,2023-02-27_20-34-04,stop,testing'
ptd-server 2023-02-27 20:59:17,593 [INFO] Sending to ptd: 'Stop'
ptd-server 2023-02-27 20:59:17,595 [INFO] Reply from ptd: 'Stopping untimed measurement'
ptd-server 2023-02-27 20:59:17,779 [INFO] Sending reply to client 'OK'
ptd-server 2023-02-27 20:59:17,794 [INFO] Got command from the client 'session,2023-02-27_20-34-04,done'
ptd-server 2023-02-27 20:59:17,795 [INFO] Sending to ptd: 'Stop'
ptd-server 2023-02-27 20:59:17,934 [INFO] Reply from ptd: 'Error: no measurement to stop'
ptd-server 2023-02-27 20:59:17,935 [INFO] Sending to ptd: 'SR,V,600.000000'
ptd-server 2023-02-27 20:59:19,438 [INFO] Reply from ptd: 'Range V changed'
ptd-server 2023-02-27 20:59:19,438 [INFO] Sending to ptd: 'SR,A,0.100000'
ptd-server 2023-02-27 20:59:20,941 [INFO] Reply from ptd: 'Range A changed'
ptd-server 2023-02-27 20:59:20,941 [INFO] Set initial values for Amps 0.100000 and Volts 600.000000
ptd-server 2023-02-27 20:59:20,941 [INFO] Stopping ptd...
