ptd-server 2023-02-14 12:41:51,663 [INFO] Got command from the client 'time'
ptd-server 2023-02-14 12:41:51,663 [INFO] Sending reply to client '1676378511.663706'
ptd-server 2023-02-14 12:41:51,665 [INFO] Got command from the client 'new,,9d38515b-a4f2-4521-8301-d779e07b6fc7'
ptd-server 2023-02-14 12:41:51,666 [INFO] Sending reply to client 'OK 2023-02-14_12-41-51,589e248f-0040-4b05-aa56-104dd9e83e4a'
ptd-server 2023-02-14 12:41:51,698 [INFO] Got command from the client 'time'
ptd-server 2023-02-14 12:41:51,698 [INFO] Sending reply to client '1676378511.6982546'
ptd-server 2023-02-14 12:41:51,700 [INFO] Got command from the client 'session,2023-02-14_12-41-51,start,ranging'
ptd-server 2023-02-14 12:41:51,700 [INFO] Running PTDaemon: ['/home/anton/projects/mlperf/power/inference_v1.0/ptd-linux-x86', '-l', '/tmp/tmp4yl1neqp/ptd_logfile.txt', '-p', '8888', '49', '/dev/usbtmc0']
ptd-server 2023-02-14 12:42:08,774 [INFO] Sending to ptd: 'Hello'
ptd-server 2023-02-14 12:42:08,774 [INFO] Reply from ptd: 'Hello, PTDaemon here!'
ptd-server 2023-02-14 12:42:08,774 [INFO] Sending to ptd: 'Identify'
ptd-server 2023-02-14 12:42:08,775 [INFO] Reply from ptd: 'YokogawaWT310E,1000,1,1,1,1,0,1,1,version=1.10.0-ed9a21d2-20220817,OS=Linux 5.15.0-60-generic #66~20.04.1-Ubuntu SMP Wed Jan 25 09:41:30 UTC 2023 x86_64,mode=power,1,1,1,0,0,no_cal_date,YOKOGAWA;WT310E;C3XA04010E;F1.04'
ptd-server 2023-02-14 12:42:08,775 [INFO] Connected to PTDaemon
ptd-server 2023-02-14 12:42:08,775 [INFO] Sending to ptd: 'RR'
ptd-server 2023-02-14 12:42:08,775 [INFO] Reply from ptd: 'Ranges,0,0.500000,1,300.000000'
ptd-server 2023-02-14 12:42:08,775 [INFO] Initial range for Amps is 0.500000 for Volts is Auto
ptd-server 2023-02-14 12:42:08,776 [INFO] Sending to ptd: 'SR,V,Auto'
ptd-server 2023-02-14 12:42:09,278 [INFO] Reply from ptd: 'Range V changed'
ptd-server 2023-02-14 12:42:09,278 [INFO] Sending to ptd: 'SR,A,Auto'
ptd-server 2023-02-14 12:42:09,781 [INFO] Reply from ptd: 'Range A changed'
ptd-server 2023-02-14 12:42:19,791 [INFO] Starting ranging mode
ptd-server 2023-02-14 12:42:19,791 [INFO] Sending to ptd: 'Go,1000,0,2023-02-14_12-41-51_ranging'
ptd-server 2023-02-14 12:42:19,792 [INFO] Reply from ptd: 'Starting untimed measurement, maximum 500000 samples at 1000ms with 0 rampup samples'
ptd-server 2023-02-14 12:42:19,792 [INFO] Sending reply to client 'OK'
ptd-server 2023-02-14 12:54:43,180 [INFO] Got command from the client 'session,2023-02-14_12-41-51,stop,ranging'
ptd-server 2023-02-14 12:54:53,190 [INFO] Sending to ptd: 'Stop'
ptd-server 2023-02-14 12:54:53,191 [INFO] Reply from ptd: 'Stopping untimed measurement'
ptd-server 2023-02-14 12:54:53,271 [INFO] Sending reply to client 'OK'
ptd-server 2023-02-14 12:54:53,422 [INFO] Got command from the client 'time'
ptd-server 2023-02-14 12:54:53,422 [INFO] Sending reply to client '1676379293.4221687'
ptd-server 2023-02-14 12:54:53,425 [INFO] Got command from the client 'session,2023-02-14_12-41-51,start,testing'
ptd-server 2023-02-14 12:54:53,425 [INFO] Sending to ptd: 'SR,V,252.170000'
ptd-server 2023-02-14 12:54:55,293 [INFO] Reply from ptd: 'Range V changed'
ptd-server 2023-02-14 12:54:55,293 [INFO] Sending to ptd: 'SR,A,0.141650'
ptd-server 2023-02-14 12:54:56,795 [INFO] Reply from ptd: 'Range A changed'
ptd-server 2023-02-14 12:55:06,805 [INFO] Starting testing mode
ptd-server 2023-02-14 12:55:06,805 [INFO] Sending to ptd: 'Go,1000,0,2023-02-14_12-41-51_testing'
ptd-server 2023-02-14 12:55:06,806 [INFO] Reply from ptd: 'Starting untimed measurement, maximum 500000 samples at 1000ms with 0 rampup samples'
ptd-server 2023-02-14 12:55:06,806 [INFO] Sending reply to client 'OK'
ptd-server 2023-02-14 13:07:30,990 [INFO] Got command from the client 'session,2023-02-14_12-41-51,stop,testing'
ptd-server 2023-02-14 13:07:41,001 [INFO] Sending to ptd: 'Stop'
ptd-server 2023-02-14 13:07:41,001 [INFO] Reply from ptd: 'Stopping untimed measurement'
ptd-server 2023-02-14 13:07:41,043 [INFO] Sending reply to client 'OK'
ptd-server 2023-02-14 13:07:41,066 [INFO] Got command from the client 'session,2023-02-14_12-41-51,done'
ptd-server 2023-02-14 13:07:41,067 [INFO] Sending to ptd: 'Stop'
ptd-server 2023-02-14 13:07:41,807 [INFO] Reply from ptd: 'Error: no measurement to stop'
ptd-server 2023-02-14 13:07:41,807 [INFO] Sending to ptd: 'SR,V,Auto'
ptd-server 2023-02-14 13:07:42,309 [INFO] Reply from ptd: 'Range V changed'
ptd-server 2023-02-14 13:07:42,310 [INFO] Sending to ptd: 'SR,A,0.500000'
ptd-server 2023-02-14 13:07:43,811 [INFO] Reply from ptd: 'Range A changed'
ptd-server 2023-02-14 13:07:43,811 [INFO] Set initial values for Amps 0.500000 and Volts Auto
ptd-server 2023-02-14 13:07:43,811 [INFO] Stopping ptd...
