ptd-server 2023-02-26 10:11:03,558 [INFO] Got command from the client 'stop'
ptd-server 2023-02-26 10:11:03,558 [INFO] The server will be stopped after processing this client
ptd-server 2023-02-26 10:11:03,558 [INFO] Sending reply to client 'OK'
ptd-server 2023-02-26 10:11:03,778 [INFO] Got command from the client 'time'
ptd-server 2023-02-26 10:11:03,778 [INFO] Sending reply to client '1677435063.7786608'
ptd-server 2023-02-26 10:11:03,779 [INFO] Got command from the client 'new,,6704124a-06ba-4162-9bd3-2951d21e6095'
ptd-server 2023-02-26 10:11:03,780 [INFO] Sending reply to client 'OK 2023-02-26_10-11-03,167bff3b-714f-424b-9ded-3c2e50216939'
ptd-server 2023-02-26 10:11:03,999 [INFO] Got command from the client 'time'
ptd-server 2023-02-26 10:11:03,999 [INFO] Sending reply to client '1677435063.9997182'
ptd-server 2023-02-26 10:11:04,001 [INFO] Got command from the client 'session,2023-02-26_10-11-03,start,ranging'
ptd-server 2023-02-26 10:11:04,001 [INFO] Running PTDaemon: ['/usr/bin/ptd-linux-x86', '-l', '/tmp/tmpsxkk6jg6/ptd_logfile.txt', '-p', '8888', '-c', '1,3', '-y', '77', '10.117.68.101']
ptd-server 2023-02-26 10:11:23,785 [INFO] Sending to ptd: 'Hello'
ptd-server 2023-02-26 10:11:23,786 [INFO] Reply from ptd: 'Hello, PTDaemon here!'
ptd-server 2023-02-26 10:11:23,786 [INFO] Sending to ptd: 'Identify'
ptd-server 2023-02-26 10:11:23,786 [INFO] Reply from ptd: 'YokogawaWT330_multichannel,1000,1,1,1,1,0,0,1,version=1.10.0-ed9a21d2-20220817,OS=Linux 5.15.0-60-generic #66~20.04.1-Ubuntu SMP Wed Jan 25 09:41:30 UTC 2023 x86_64,mode=power,1,1,3,0,0,no_cal_date,YOKOGAWA;WT333E;C2XL24034V;F1.04'
ptd-server 2023-02-26 10:11:23,786 [INFO] Connected to PTDaemon
ptd-server 2023-02-26 10:11:23,786 [INFO] Sending to ptd: 'RR'
ptd-server 2023-02-26 10:11:23,787 [INFO] Reply from ptd: 'Ranges,0,5.000000,0,300.000000'
ptd-server 2023-02-26 10:11:23,787 [INFO] Initial range for Amps is 5.000000 for Volts is 300.000000
ptd-server 2023-02-26 10:11:23,787 [INFO] Sending to ptd: 'SR,V,Auto'
ptd-server 2023-02-26 10:11:28,842 [INFO] Reply from ptd: 'Range V changed'
ptd-server 2023-02-26 10:11:28,843 [INFO] Sending to ptd: 'SR,A,Auto'
ptd-server 2023-02-26 10:11:33,898 [INFO] Reply from ptd: 'Range A changed'
ptd-server 2023-02-26 10:11:43,908 [INFO] Starting ranging mode
ptd-server 2023-02-26 10:11:43,909 [INFO] Sending to ptd: 'Go,1000,0,2023-02-26_10-11-03_ranging'
ptd-server 2023-02-26 10:11:43,909 [INFO] Reply from ptd: 'Starting untimed measurement, maximum 500000 samples at 1000ms with 0 rampup samples'
ptd-server 2023-02-26 10:11:43,909 [INFO] Sending reply to client 'OK'
ptd-server 2023-02-26 10:41:43,260 [INFO] Got command from the client 'session,2023-02-26_10-11-03,stop,ranging'
ptd-server 2023-02-26 10:41:53,270 [INFO] Sending to ptd: 'Stop'
ptd-server 2023-02-26 10:41:53,271 [INFO] Reply from ptd: 'Stopping untimed measurement'
ptd-server 2023-02-26 10:41:53,322 [INFO] Sending reply to client 'OK'
ptd-server 2023-02-26 10:41:53,619 [INFO] Got command from the client 'time'
ptd-server 2023-02-26 10:41:53,619 [INFO] Sending reply to client '1677436913.6193419'
ptd-server 2023-02-26 10:41:53,620 [INFO] Got command from the client 'session,2023-02-26_10-11-03,start,testing'
ptd-server 2023-02-26 10:41:53,620 [INFO] Sending to ptd: 'SR,V,206.810000'
ptd-server 2023-02-26 10:41:59,963 [INFO] Reply from ptd: 'Range V changed'
ptd-server 2023-02-26 10:41:59,964 [INFO] Sending to ptd: 'SR,A,4.261100'
ptd-server 2023-02-26 10:42:05,518 [INFO] Reply from ptd: 'Range A changed'
ptd-server 2023-02-26 10:42:15,529 [INFO] Starting testing mode
ptd-server 2023-02-26 10:42:15,529 [INFO] Sending to ptd: 'Go,1000,0,2023-02-26_10-11-03_testing'
ptd-server 2023-02-26 10:42:15,529 [INFO] Reply from ptd: 'Starting untimed measurement, maximum 500000 samples at 1000ms with 0 rampup samples'
ptd-server 2023-02-26 10:42:15,530 [INFO] Sending reply to client 'OK'
ptd-server 2023-02-26 11:12:10,214 [INFO] Got command from the client 'session,2023-02-26_10-11-03,stop,testing'
ptd-server 2023-02-26 11:12:20,223 [INFO] Sending to ptd: 'Stop'
ptd-server 2023-02-26 11:12:20,223 [INFO] Reply from ptd: 'Stopping untimed measurement'
ptd-server 2023-02-26 11:12:20,235 [INFO] Sending reply to client 'OK'
ptd-server 2023-02-26 11:12:20,284 [INFO] Got command from the client 'session,2023-02-26_10-11-03,done'
ptd-server 2023-02-26 11:12:20,284 [INFO] Sending to ptd: 'Stop'
ptd-server 2023-02-26 11:12:20,530 [INFO] Reply from ptd: 'Error: no measurement to stop'
ptd-server 2023-02-26 11:12:20,530 [INFO] Sending to ptd: 'SR,V,300.000000'
ptd-server 2023-02-26 11:12:26,585 [INFO] Reply from ptd: 'Range V changed'
ptd-server 2023-02-26 11:12:26,585 [INFO] Sending to ptd: 'SR,A,5.000000'
ptd-server 2023-02-26 11:12:32,139 [INFO] Reply from ptd: 'Range A changed'
ptd-server 2023-02-26 11:12:32,141 [INFO] Set initial values for Amps 5.000000 and Volts 300.000000
ptd-server 2023-02-26 11:12:32,142 [INFO] Stopping ptd...
