ptd-server 2023-02-25 15:37:55,750 [INFO] Got command from the client 'time'
ptd-server 2023-02-25 15:37:55,751 [INFO] Sending reply to client '1677339475.7510216'
ptd-server 2023-02-25 15:37:55,752 [INFO] Got command from the client 'new,,b3d047bd-ba46-4ace-9f37-f0c851f07f15'
ptd-server 2023-02-25 15:37:55,753 [INFO] Sending reply to client 'OK 2023-02-25_15-37-55,d3761978-af63-414c-a375-af3ca7e038ca'
ptd-server 2023-02-25 15:37:55,781 [INFO] Got command from the client 'time'
ptd-server 2023-02-25 15:37:55,782 [INFO] Sending reply to client '1677339475.7819748'
ptd-server 2023-02-25 15:37:55,784 [INFO] Got command from the client 'session,2023-02-25_15-37-55,start,ranging'
ptd-server 2023-02-25 15:37:55,784 [INFO] Running PTDaemon: ['/home/anton/projects/mlperf/power/inference_v1.0/ptd-linux-x86', '-l', '/tmp/tmpu4v721n6/ptd_logfile.txt', '-p', '8888', '49', '/dev/usbtmc0']
ptd-server 2023-02-25 15:38:12,870 [INFO] Sending to ptd: 'Hello'
ptd-server 2023-02-25 15:38:12,871 [INFO] Reply from ptd: 'Hello, PTDaemon here!'
ptd-server 2023-02-25 15:38:12,871 [INFO] Sending to ptd: 'Identify'
ptd-server 2023-02-25 15:38:12,871 [INFO] Reply from ptd: 'YokogawaWT310E,1000,1,1,1,1,0,1,1,version=1.10.0-ed9a21d2-20220817,OS=Linux 5.15.0-60-generic #66~20.04.1-Ubuntu SMP Wed Jan 25 09:41:30 UTC 2023 x86_64,mode=power,1,1,1,0,0,no_cal_date,YOKOGAWA;WT310E;C3XA04010E;F1.04'
ptd-server 2023-02-25 15:38:12,871 [INFO] Connected to PTDaemon
ptd-server 2023-02-25 15:38:12,871 [INFO] Sending to ptd: 'RR'
ptd-server 2023-02-25 15:38:12,872 [INFO] Reply from ptd: 'Ranges,0,0.100000,0,300.000000'
ptd-server 2023-02-25 15:38:12,872 [INFO] Initial range for Amps is 0.100000 for Volts is 300.000000
ptd-server 2023-02-25 15:38:12,872 [INFO] Sending to ptd: 'SR,V,Auto'
ptd-server 2023-02-25 15:38:13,374 [INFO] Reply from ptd: 'Range V changed'
ptd-server 2023-02-25 15:38:13,375 [INFO] Sending to ptd: 'SR,A,Auto'
ptd-server 2023-02-25 15:38:13,877 [INFO] Reply from ptd: 'Range A changed'
ptd-server 2023-02-25 15:38:23,888 [INFO] Starting ranging mode
ptd-server 2023-02-25 15:38:23,888 [INFO] Sending to ptd: 'Go,1000,0,2023-02-25_15-37-55_ranging'
ptd-server 2023-02-25 15:38:23,888 [INFO] Reply from ptd: 'Starting untimed measurement, maximum 500000 samples at 1000ms with 0 rampup samples'
ptd-server 2023-02-25 15:38:23,888 [INFO] Sending reply to client 'OK'
ptd-server 2023-02-25 15:48:38,972 [INFO] Got command from the client 'session,2023-02-25_15-37-55,stop,ranging'
ptd-server 2023-02-25 15:48:48,980 [INFO] Sending to ptd: 'Stop'
ptd-server 2023-02-25 15:48:48,980 [INFO] Reply from ptd: 'Stopping untimed measurement'
ptd-server 2023-02-25 15:48:49,094 [INFO] Sending reply to client 'OK'
ptd-server 2023-02-25 15:48:49,142 [INFO] Got command from the client 'time'
ptd-server 2023-02-25 15:48:49,142 [INFO] Sending reply to client '1677340129.1427712'
ptd-server 2023-02-25 15:48:49,144 [INFO] Got command from the client 'session,2023-02-25_15-37-55,start,testing'
ptd-server 2023-02-25 15:48:49,144 [INFO] Sending to ptd: 'SR,V,253.160000'
ptd-server 2023-02-25 15:48:51,390 [INFO] Reply from ptd: 'Range V changed'
ptd-server 2023-02-25 15:48:51,390 [INFO] Sending to ptd: 'SR,A,0.048380'
ptd-server 2023-02-25 15:48:52,891 [INFO] Reply from ptd: 'Range A changed'
ptd-server 2023-02-25 15:49:02,901 [INFO] Starting testing mode
ptd-server 2023-02-25 15:49:02,902 [INFO] Sending to ptd: 'Go,1000,0,2023-02-25_15-37-55_testing'
ptd-server 2023-02-25 15:49:02,902 [INFO] Reply from ptd: 'Starting untimed measurement, maximum 500000 samples at 1000ms with 0 rampup samples'
ptd-server 2023-02-25 15:49:02,902 [INFO] Sending reply to client 'OK'
ptd-server 2023-02-25 15:59:17,732 [INFO] Got command from the client 'session,2023-02-25_15-37-55,stop,testing'
ptd-server 2023-02-25 15:59:27,743 [INFO] Sending to ptd: 'Stop'
ptd-server 2023-02-25 15:59:27,743 [INFO] Reply from ptd: 'Stopping untimed measurement'
ptd-server 2023-02-25 15:59:27,802 [INFO] Sending reply to client 'OK'
ptd-server 2023-02-25 15:59:27,820 [INFO] Got command from the client 'session,2023-02-25_15-37-55,done'
ptd-server 2023-02-25 15:59:27,820 [INFO] Sending to ptd: 'Stop'
ptd-server 2023-02-25 15:59:27,902 [INFO] Reply from ptd: 'Error: no measurement to stop'
ptd-server 2023-02-25 15:59:27,902 [INFO] Sending to ptd: 'SR,V,300.000000'
ptd-server 2023-02-25 15:59:29,404 [INFO] Reply from ptd: 'Range V changed'
ptd-server 2023-02-25 15:59:29,404 [INFO] Sending to ptd: 'SR,A,0.100000'
ptd-server 2023-02-25 15:59:30,905 [INFO] Reply from ptd: 'Range A changed'
ptd-server 2023-02-25 15:59:30,905 [INFO] Set initial values for Amps 0.100000 and Volts 300.000000
ptd-server 2023-02-25 15:59:30,906 [INFO] Stopping ptd...
