client 2023-02-12 09:50:40,588 [INFO] Creating output directory '/home/arjun/CM/repos/octoml@ck/cm-mlops/script/run-mlperf-inference-app/valid_results/arjun_orin-tflite_cpp-cpu-armnn_tflite-v22.11-default_config/mobilenet-v1-precision_uint8-0.5-128/singlestream/performance/tmp_power'
client 2023-02-12 09:50:40,591 [INFO] Sending command to the server: 'mlcommons/power client v3'
client 2023-02-12 09:50:40,594 [INFO] Got response: 'mlcommons/power server v3'
client 2023-02-12 09:50:40,594 [INFO] Synchronizing with the server and with time.google.com...
client 2023-02-12 09:50:40,627 [INFO] NTP:offset = 0.001 s, delay = 0.013 s 
client 2023-02-12 09:50:40,627 [INFO] Sending command to the server: 'time'
client 2023-02-12 09:50:40,630 [INFO] Got response: '1676195440.6314359'
client 2023-02-12 09:50:40,630 [INFO] The time difference between the client and the server is within range -4.230 ms..-1.043 ms
client 2023-02-12 09:50:40,630 [INFO] Sending command to the server: 'new,,30c26e7c-0920-4d44-bab9-dfc9e6fb1dee'
client 2023-02-12 09:50:40,634 [INFO] Got response: 'OK 2023-02-12_09-50-40,e0979746-ecba-4446-8a87-733a516c0ce5'
client 2023-02-12 09:50:40,634 [INFO] Session id is '2023-02-12_09-50-40'
client 2023-02-12 09:50:40,635 [INFO] Sources: {"sources": {"__init__.py": "da39a3ee5e6b4b0d3255bfef95601890afd80709", "client.py": "33ca4f26368777ac06e01f9567b714a4b8063886", "lib/__init__.py": "da39a3ee5e6b4b0d3255bfef95601890afd80709", "lib/client.py": "4c2b78fb4849a7e5b584ef792d82aaed20b17f57", "lib/common.py": "624d0c0acc7c39aaff3674f0b99d6a09da53d1dc", "lib/external/__init__.py": "da39a3ee5e6b4b0d3255bfef95601890afd80709", "lib/external/ntplib.py": "4da8f970656505a40483206ef2b5d3dd5e81711d", "lib/server.py": "cda0cdfaee9bfa1249c64a7dd4f89b7bf1b279f0", "lib/source_hashes.py": "60a2e02193209e8d392803326208d5466342da18", "lib/summary.py": "aa92f0a3f975eecd44d3c0cd0236342ccc9f941d", "lib/time_sync.py": "3210db56eb0ff0df57bf4293dc4d4b03fffd46f1", "server.py": "c3f90f2f7eeb4db30727556d0c815ebc89b3d28b", "tests/unit/__init__.py": "da39a3ee5e6b4b0d3255bfef95601890afd80709", "tests/unit/test_server.py": "99ae15aef722f2000ee6ed1ae1523637bf1ae42b", "tests/unit/test_source_hashes.py": "00468a2907583c593e6574a1f6b404e4651c221a"}, "modules": {"ptd_client_server.lib.client": "lib/client.py", "ptd_client_server.lib.common": "lib/common.py", "ptd_client_server.lib.external.ntplib": "lib/external/ntplib.py", "ptd_client_server.lib.source_hashes": "lib/source_hashes.py", "ptd_client_server.lib.summary": "lib/summary.py", "ptd_client_server.lib.time_sync": "lib/time_sync.py"}}
client 2023-02-12 09:50:40,635 [INFO] Running workload in ranging mode
client 2023-02-12 09:50:40,635 [INFO] Synchronizing with the server and with time.google.com...
client 2023-02-12 09:50:40,652 [INFO] NTP:offset = 0.002 s, delay = 0.015 s 
client 2023-02-12 09:50:40,652 [INFO] Sending command to the server: 'time'
client 2023-02-12 09:50:40,655 [INFO] Got response: '1676195440.6567907'
client 2023-02-12 09:50:40,656 [INFO] The time difference between the client and the server is within range -4.282 ms..-0.800 ms
client 2023-02-12 09:50:40,656 [INFO] Sending command to the server: 'session,2023-02-12_09-50-40,start,ranging'
client 2023-02-12 09:51:08,784 [INFO] Got response: 'OK'
client 2023-02-12 09:51:08,785 [INFO] Running the workload '/home/arjun/CM/repos/octoml@ck/cm-mlops/script/run-mlperf-inference-app/run.out'
client 2023-02-12 10:01:10,159 [INFO] Sending command to the server: 'session,2023-02-12_09-50-40,stop,ranging'
client 2023-02-12 10:01:20,249 [INFO] Got response: 'OK'
client 2023-02-12 10:01:20,282 [INFO] Copying loadgen logs from '/home/arjun/CM/repos/octoml@ck/cm-mlops/script/run-mlperf-inference-app/valid_results/arjun_orin-tflite_cpp-cpu-armnn_tflite-v22.11-default_config/mobilenet-v1-precision_uint8-0.5-128/singlestream/performance/run_1' to '/home/arjun/CM/repos/octoml@ck/cm-mlops/script/run-mlperf-inference-app/valid_results/arjun_orin-tflite_cpp-cpu-armnn_tflite-v22.11-default_config/mobilenet-v1-precision_uint8-0.5-128/singlestream/performance/tmp_power/ranging'
client 2023-02-12 10:01:20,284 [INFO] Running workload in testing mode
client 2023-02-12 10:01:20,284 [INFO] Synchronizing with the server and with time.google.com...
client 2023-02-12 10:01:20,302 [INFO] NTP:offset = 0.001 s, delay = 0.014 s 
client 2023-02-12 10:01:20,302 [INFO] Sending command to the server: 'time'
client 2023-02-12 10:01:20,306 [INFO] Got response: '1676196080.305252'
client 2023-02-12 10:01:20,306 [INFO] The time difference between the client and the server is within range -2.404 ms..0.959 ms
client 2023-02-12 10:01:20,306 [INFO] Sending command to the server: 'session,2023-02-12_09-50-40,start,testing'
client 2023-02-12 10:01:33,805 [INFO] Got response: 'OK'
client 2023-02-12 10:01:33,806 [INFO] Running the workload '/home/arjun/CM/repos/octoml@ck/cm-mlops/script/run-mlperf-inference-app/run.out'
client 2023-02-12 10:11:35,089 [INFO] Sending command to the server: 'session,2023-02-12_09-50-40,stop,testing'
client 2023-02-12 10:11:45,308 [INFO] Got response: 'OK'
client 2023-02-12 10:11:45,312 [INFO] Copying loadgen logs from '/home/arjun/CM/repos/octoml@ck/cm-mlops/script/run-mlperf-inference-app/valid_results/arjun_orin-tflite_cpp-cpu-armnn_tflite-v22.11-default_config/mobilenet-v1-precision_uint8-0.5-128/singlestream/performance/run_1' to '/home/arjun/CM/repos/octoml@ck/cm-mlops/script/run-mlperf-inference-app/valid_results/arjun_orin-tflite_cpp-cpu-armnn_tflite-v22.11-default_config/mobilenet-v1-precision_uint8-0.5-128/singlestream/performance/tmp_power/run_1'
client 2023-02-12 10:11:45,314 [INFO] Done runs
