ptd-server 2023-02-12 09:50:40,631 [INFO] Got command from the client 'time'
ptd-server 2023-02-12 09:50:40,631 [INFO] Sending reply to client '1676195440.6314359'
ptd-server 2023-02-12 09:50:40,633 [INFO] Got command from the client 'new,,30c26e7c-0920-4d44-bab9-dfc9e6fb1dee'
ptd-server 2023-02-12 09:50:40,635 [INFO] Sending reply to client 'OK 2023-02-12_09-50-40,e0979746-ecba-4446-8a87-733a516c0ce5'
ptd-server 2023-02-12 09:50:40,656 [INFO] Got command from the client 'time'
ptd-server 2023-02-12 09:50:40,656 [INFO] Sending reply to client '1676195440.6567907'
ptd-server 2023-02-12 09:50:40,662 [INFO] Got command from the client 'session,2023-02-12_09-50-40,start,ranging'
ptd-server 2023-02-12 09:50:40,663 [INFO] Running PTDaemon: ['/media/arjun/T7_Touch/hp-envy/CM/repos/local/cache/9b3695ca8255492a/power/inference_v1.0/ptd-linux-x86', '-l', '/tmp/tmp6_9o2crq/ptd_logfile.txt', '-p', '8888', '49', '/dev/usbtmc0']
ptd-server 2023-02-12 09:50:57,759 [INFO] Sending to ptd: 'Hello'
ptd-server 2023-02-12 09:50:57,760 [INFO] Reply from ptd: 'Hello, PTDaemon here!'
ptd-server 2023-02-12 09:50:57,761 [INFO] Sending to ptd: 'Identify'
ptd-server 2023-02-12 09:50:57,761 [INFO] Reply from ptd: 'YokogawaWT310E,1000,1,1,1,1,0,1,1,version=1.10.0-ed9a21d2-20220817,OS=Linux 5.15.0-56-generic #62-Ubuntu SMP Tue Nov 22 19:54:14 UTC 2022 x86_64,mode=power,1,1,1,0,0,no_cal_date,YOKOGAWA;WT310E;C3YD21068E;F1.04'
ptd-server 2023-02-12 09:50:57,762 [INFO] Connected to PTDaemon
ptd-server 2023-02-12 09:50:57,762 [INFO] Sending to ptd: 'RR'
ptd-server 2023-02-12 09:50:57,763 [INFO] Reply from ptd: 'Ranges,0,0.100000,0,600.000000'
ptd-server 2023-02-12 09:50:57,763 [INFO] Initial range for Amps is 0.100000 for Volts is 600.000000
ptd-server 2023-02-12 09:50:57,763 [INFO] Sending to ptd: 'SR,V,Auto'
ptd-server 2023-02-12 09:50:58,267 [INFO] Reply from ptd: 'Range V changed'
ptd-server 2023-02-12 09:50:58,267 [INFO] Sending to ptd: 'SR,A,Auto'
ptd-server 2023-02-12 09:50:58,771 [INFO] Reply from ptd: 'Range A changed'
ptd-server 2023-02-12 09:51:08,782 [INFO] Starting ranging mode
ptd-server 2023-02-12 09:51:08,782 [INFO] Sending to ptd: 'Go,1000,0,2023-02-12_09-50-40_ranging'
ptd-server 2023-02-12 09:51:08,784 [INFO] Reply from ptd: 'Starting untimed measurement, maximum 500000 samples at 1000ms with 0 rampup samples'
ptd-server 2023-02-12 09:51:08,784 [INFO] Sending reply to client 'OK'
ptd-server 2023-02-12 10:01:10,162 [INFO] Got command from the client 'session,2023-02-12_09-50-40,stop,ranging'
ptd-server 2023-02-12 10:01:20,172 [INFO] Sending to ptd: 'Stop'
ptd-server 2023-02-12 10:01:20,174 [INFO] Reply from ptd: 'Stopping untimed measurement'
ptd-server 2023-02-12 10:01:20,248 [INFO] Sending reply to client 'OK'
ptd-server 2023-02-12 10:01:20,305 [INFO] Got command from the client 'time'
ptd-server 2023-02-12 10:01:20,305 [INFO] Sending reply to client '1676196080.305252'
ptd-server 2023-02-12 10:01:20,308 [INFO] Got command from the client 'session,2023-02-12_09-50-40,start,testing'
ptd-server 2023-02-12 10:01:20,308 [INFO] Sending to ptd: 'SR,V,247.620000'
ptd-server 2023-02-12 10:01:22,288 [INFO] Reply from ptd: 'Range V changed'
ptd-server 2023-02-12 10:01:22,288 [INFO] Sending to ptd: 'SR,A,0.204770'
ptd-server 2023-02-12 10:01:23,791 [INFO] Reply from ptd: 'Range A changed'
ptd-server 2023-02-12 10:01:33,802 [INFO] Starting testing mode
ptd-server 2023-02-12 10:01:33,802 [INFO] Sending to ptd: 'Go,1000,0,2023-02-12_09-50-40_testing'
ptd-server 2023-02-12 10:01:33,803 [INFO] Reply from ptd: 'Starting untimed measurement, maximum 500000 samples at 1000ms with 0 rampup samples'
ptd-server 2023-02-12 10:01:33,803 [INFO] Sending reply to client 'OK'
ptd-server 2023-02-12 10:11:35,273 [INFO] Got command from the client 'session,2023-02-12_09-50-40,stop,testing'
ptd-server 2023-02-12 10:11:45,284 [INFO] Sending to ptd: 'Stop'
ptd-server 2023-02-12 10:11:45,284 [INFO] Reply from ptd: 'Stopping untimed measurement'
ptd-server 2023-02-12 10:11:45,306 [INFO] Sending reply to client 'OK'
ptd-server 2023-02-12 10:11:45,321 [INFO] Got command from the client 'session,2023-02-12_09-50-40,done'
ptd-server 2023-02-12 10:11:45,321 [INFO] Sending to ptd: 'Stop'
ptd-server 2023-02-12 10:11:45,804 [INFO] Reply from ptd: 'Error: no measurement to stop'
ptd-server 2023-02-12 10:11:45,804 [INFO] Sending to ptd: 'SR,V,600.000000'
ptd-server 2023-02-12 10:11:47,307 [INFO] Reply from ptd: 'Range V changed'
ptd-server 2023-02-12 10:11:47,308 [INFO] Sending to ptd: 'SR,A,0.100000'
ptd-server 2023-02-12 10:11:48,810 [INFO] Reply from ptd: 'Range A changed'
ptd-server 2023-02-12 10:11:48,811 [INFO] Set initial values for Amps 0.100000 and Volts 600.000000
ptd-server 2023-02-12 10:11:48,811 [INFO] Stopping ptd...
