ptd-server 2023-02-26 15:14:19,296 [INFO] Got command from the client 'time'
ptd-server 2023-02-26 15:14:19,296 [INFO] Sending reply to client '1677424459.2968776'
ptd-server 2023-02-26 15:14:19,298 [INFO] Got command from the client 'new,,6015a281-c09f-4d42-9a33-e0b2a9bb30f0'
ptd-server 2023-02-26 15:14:19,299 [INFO] Sending reply to client 'OK 2023-02-26_15-14-19,ac9918fe-df82-41e0-92e8-2f409538bd62'
ptd-server 2023-02-26 15:14:19,321 [INFO] Got command from the client 'time'
ptd-server 2023-02-26 15:14:19,321 [INFO] Sending reply to client '1677424459.3212597'
ptd-server 2023-02-26 15:14:19,322 [INFO] Got command from the client 'session,2023-02-26_15-14-19,start,ranging'
ptd-server 2023-02-26 15:14:19,323 [INFO] Running PTDaemon: ['/home/anton/projects/mlperf/power/inference_v1.0/ptd-linux-x86', '-l', '/tmp/tmpu4v721n6/ptd_logfile.txt', '-p', '8888', '49', '/dev/usbtmc0']
ptd-server 2023-02-26 15:14:36,409 [INFO] Sending to ptd: 'Hello'
ptd-server 2023-02-26 15:14:36,410 [INFO] Reply from ptd: 'Hello, PTDaemon here!'
ptd-server 2023-02-26 15:14:36,410 [INFO] Sending to ptd: 'Identify'
ptd-server 2023-02-26 15:14:36,411 [INFO] Reply from ptd: 'YokogawaWT310E,1000,1,1,1,1,0,1,1,version=1.10.0-ed9a21d2-20220817,OS=Linux 5.15.0-60-generic #66~20.04.1-Ubuntu SMP Wed Jan 25 09:41:30 UTC 2023 x86_64,mode=power,1,1,1,0,0,no_cal_date,YOKOGAWA;WT310E;C3XA04010E;F1.04'
ptd-server 2023-02-26 15:14:36,411 [INFO] Connected to PTDaemon
ptd-server 2023-02-26 15:14:36,411 [INFO] Sending to ptd: 'RR'
ptd-server 2023-02-26 15:14:36,411 [INFO] Reply from ptd: 'Ranges,0,0.100000,0,300.000000'
ptd-server 2023-02-26 15:14:36,411 [INFO] Initial range for Amps is 0.100000 for Volts is 300.000000
ptd-server 2023-02-26 15:14:36,412 [INFO] Sending to ptd: 'SR,V,Auto'
ptd-server 2023-02-26 15:14:36,914 [INFO] Reply from ptd: 'Range V changed'
ptd-server 2023-02-26 15:14:36,914 [INFO] Sending to ptd: 'SR,A,Auto'
ptd-server 2023-02-26 15:14:37,417 [INFO] Reply from ptd: 'Range A changed'
ptd-server 2023-02-26 15:14:47,427 [INFO] Starting ranging mode
ptd-server 2023-02-26 15:14:47,427 [INFO] Sending to ptd: 'Go,1000,0,2023-02-26_15-14-19_ranging'
ptd-server 2023-02-26 15:14:47,428 [INFO] Reply from ptd: 'Starting untimed measurement, maximum 500000 samples at 1000ms with 0 rampup samples'
ptd-server 2023-02-26 15:14:47,428 [INFO] Sending reply to client 'OK'
ptd-server 2023-02-26 15:25:08,230 [INFO] Got command from the client 'session,2023-02-26_15-14-19,stop,ranging'
ptd-server 2023-02-26 15:25:18,240 [INFO] Sending to ptd: 'Stop'
ptd-server 2023-02-26 15:25:18,241 [INFO] Reply from ptd: 'Stopping untimed measurement'
ptd-server 2023-02-26 15:25:18,497 [INFO] Sending reply to client 'OK'
ptd-server 2023-02-26 15:25:18,543 [INFO] Got command from the client 'time'
ptd-server 2023-02-26 15:25:18,543 [INFO] Sending reply to client '1677425118.5439315'
ptd-server 2023-02-26 15:25:18,546 [INFO] Got command from the client 'session,2023-02-26_15-14-19,start,testing'
ptd-server 2023-02-26 15:25:18,546 [INFO] Sending to ptd: 'SR,V,251.720000'
ptd-server 2023-02-26 15:25:20,047 [INFO] Reply from ptd: 'Range V changed'
ptd-server 2023-02-26 15:25:20,048 [INFO] Sending to ptd: 'SR,A,0.068110'
ptd-server 2023-02-26 15:25:21,549 [INFO] Reply from ptd: 'Range A changed'
ptd-server 2023-02-26 15:25:31,559 [INFO] Starting testing mode
ptd-server 2023-02-26 15:25:31,559 [INFO] Sending to ptd: 'Go,1000,0,2023-02-26_15-14-19_testing'
ptd-server 2023-02-26 15:25:31,560 [INFO] Reply from ptd: 'Starting untimed measurement, maximum 500000 samples at 1000ms with 0 rampup samples'
ptd-server 2023-02-26 15:25:31,560 [INFO] Sending reply to client 'OK'
ptd-server 2023-02-26 15:35:46,943 [INFO] Got command from the client 'session,2023-02-26_15-14-19,stop,testing'
ptd-server 2023-02-26 15:35:56,952 [INFO] Sending to ptd: 'Stop'
ptd-server 2023-02-26 15:35:56,952 [INFO] Reply from ptd: 'Stopping untimed measurement'
ptd-server 2023-02-26 15:35:57,086 [INFO] Sending reply to client 'OK'
ptd-server 2023-02-26 15:35:57,108 [INFO] Got command from the client 'session,2023-02-26_15-14-19,done'
ptd-server 2023-02-26 15:35:57,109 [INFO] Sending to ptd: 'Stop'
ptd-server 2023-02-26 15:35:57,560 [INFO] Reply from ptd: 'Error: no measurement to stop'
ptd-server 2023-02-26 15:35:57,560 [INFO] Sending to ptd: 'SR,V,300.000000'
ptd-server 2023-02-26 15:35:59,062 [INFO] Reply from ptd: 'Range V changed'
ptd-server 2023-02-26 15:35:59,062 [INFO] Sending to ptd: 'SR,A,0.100000'
ptd-server 2023-02-26 15:36:00,563 [INFO] Reply from ptd: 'Range A changed'
ptd-server 2023-02-26 15:36:00,563 [INFO] Set initial values for Amps 0.100000 and Volts 300.000000
ptd-server 2023-02-26 15:36:00,564 [INFO] Stopping ptd...
