ptd-server 2023-03-03 19:24:21,683 [INFO] Got command from the client 'time'
ptd-server 2023-03-03 19:24:21,683 [INFO] Sending reply to client '1677871461.683736'
ptd-server 2023-03-03 19:24:21,686 [INFO] Got command from the client 'new,,352715de-7c1c-40f7-ae4b-7680022cae6b'
ptd-server 2023-03-03 19:24:21,686 [INFO] Sending reply to client 'OK 2023-03-03_19-24-21,874713d8-4abc-4969-b40d-e37212d08730'
ptd-server 2023-03-03 19:24:21,851 [INFO] Got command from the client 'time'
ptd-server 2023-03-03 19:24:21,852 [INFO] Sending reply to client '1677871461.8521485'
ptd-server 2023-03-03 19:24:21,854 [INFO] Got command from the client 'session,2023-03-03_19-24-21,start,ranging'
ptd-server 2023-03-03 19:24:21,855 [INFO] Running PTDaemon: ['/home/anton/projects/mlperf/power/inference_v1.0/ptd-linux-x86', '-l', '/tmp/tmpjo7pgaee/ptd_logfile.txt', '-p', '8888', '49', '/dev/usbtmc0']
ptd-server 2023-03-03 19:24:38,942 [INFO] Sending to ptd: 'Hello'
ptd-server 2023-03-03 19:24:38,942 [INFO] Reply from ptd: 'Hello, PTDaemon here!'
ptd-server 2023-03-03 19:24:38,943 [INFO] Sending to ptd: 'Identify'
ptd-server 2023-03-03 19:24:38,943 [INFO] Reply from ptd: 'YokogawaWT310E,1000,1,1,1,1,0,1,1,version=1.10.0-ed9a21d2-20220817,OS=Linux 5.15.0-60-generic #66~20.04.1-Ubuntu SMP Wed Jan 25 09:41:30 UTC 2023 x86_64,mode=power,1,1,1,0,0,no_cal_date,YOKOGAWA;WT310E;C3XA04010E;F1.04'
ptd-server 2023-03-03 19:24:38,943 [INFO] Connected to PTDaemon
ptd-server 2023-03-03 19:24:38,943 [INFO] Sending to ptd: 'RR'
ptd-server 2023-03-03 19:24:38,943 [INFO] Reply from ptd: 'Ranges,0,0.500000,1,300.000000'
ptd-server 2023-03-03 19:24:38,943 [INFO] Initial range for Amps is 0.500000 for Volts is Auto
ptd-server 2023-03-03 19:24:38,944 [INFO] Sending to ptd: 'SR,V,Auto'
ptd-server 2023-03-03 19:24:39,446 [INFO] Reply from ptd: 'Range V changed'
ptd-server 2023-03-03 19:24:39,446 [INFO] Sending to ptd: 'SR,A,Auto'
ptd-server 2023-03-03 19:24:39,949 [INFO] Reply from ptd: 'Range A changed'
ptd-server 2023-03-03 19:24:49,959 [INFO] Starting ranging mode
ptd-server 2023-03-03 19:24:49,959 [INFO] Sending to ptd: 'Go,1000,0,2023-03-03_19-24-21_ranging'
ptd-server 2023-03-03 19:24:49,959 [INFO] Reply from ptd: 'Starting untimed measurement, maximum 500000 samples at 1000ms with 0 rampup samples'
ptd-server 2023-03-03 19:24:49,960 [INFO] Sending reply to client 'OK'
ptd-server 2023-03-03 19:38:29,581 [INFO] Got command from the client 'session,2023-03-03_19-24-21,stop,ranging'
ptd-server 2023-03-03 19:38:39,591 [INFO] Sending to ptd: 'Stop'
ptd-server 2023-03-03 19:38:39,592 [INFO] Reply from ptd: 'Stopping untimed measurement'
ptd-server 2023-03-03 19:38:39,698 [INFO] Sending reply to client 'OK'
ptd-server 2023-03-03 19:38:39,875 [INFO] Got command from the client 'time'
ptd-server 2023-03-03 19:38:39,875 [INFO] Sending reply to client '1677872319.8753922'
ptd-server 2023-03-03 19:38:39,878 [INFO] Got command from the client 'session,2023-03-03_19-24-21,start,testing'
ptd-server 2023-03-03 19:38:39,879 [INFO] Sending to ptd: 'SR,V,251.370000'
ptd-server 2023-03-03 19:38:41,461 [INFO] Reply from ptd: 'Range V changed'
ptd-server 2023-03-03 19:38:41,461 [INFO] Sending to ptd: 'SR,A,0.226260'
ptd-server 2023-03-03 19:38:42,962 [INFO] Reply from ptd: 'Range A changed'
ptd-server 2023-03-03 19:38:52,972 [INFO] Starting testing mode
ptd-server 2023-03-03 19:38:52,972 [INFO] Sending to ptd: 'Go,1000,0,2023-03-03_19-24-21_testing'
ptd-server 2023-03-03 19:38:52,972 [INFO] Reply from ptd: 'Starting untimed measurement, maximum 500000 samples at 1000ms with 0 rampup samples'
ptd-server 2023-03-03 19:38:52,973 [INFO] Sending reply to client 'OK'
ptd-server 2023-03-03 19:52:31,683 [INFO] Got command from the client 'session,2023-03-03_19-24-21,stop,testing'
ptd-server 2023-03-03 19:52:41,692 [INFO] Sending to ptd: 'Stop'
ptd-server 2023-03-03 19:52:41,692 [INFO] Reply from ptd: 'Stopping untimed measurement'
ptd-server 2023-03-03 19:52:41,744 [INFO] Sending reply to client 'OK'
ptd-server 2023-03-03 19:52:41,779 [INFO] Got command from the client 'session,2023-03-03_19-24-21,done'
ptd-server 2023-03-03 19:52:41,779 [INFO] Sending to ptd: 'Stop'
ptd-server 2023-03-03 19:52:41,973 [INFO] Reply from ptd: 'Error: no measurement to stop'
ptd-server 2023-03-03 19:52:41,973 [INFO] Sending to ptd: 'SR,V,Auto'
ptd-server 2023-03-03 19:52:42,475 [INFO] Reply from ptd: 'Range V changed'
ptd-server 2023-03-03 19:52:42,475 [INFO] Sending to ptd: 'SR,A,0.500000'
ptd-server 2023-03-03 19:52:43,977 [INFO] Reply from ptd: 'Range A changed'
ptd-server 2023-03-03 19:52:43,977 [INFO] Set initial values for Amps 0.500000 and Volts Auto
ptd-server 2023-03-03 19:52:43,977 [INFO] Stopping ptd...
