client 2023-02-22 18:29:58,188 [INFO] Creating output directory '/home/arjun/orin_results/valid_results/arjun_orin-nvidia_original-gpu-tensorrt-v8.5.2.2-default_config/resnet50/singlestream/performance/tmp_power'
client 2023-02-22 18:29:58,298 [INFO] Sending command to the server: 'mlcommons/power client v3'
client 2023-02-22 18:29:58,301 [INFO] Got response: 'mlcommons/power server v3'
client 2023-02-22 18:29:58,302 [INFO] Synchronizing with the server and with time.google.com...
client 2023-02-22 18:29:58,336 [INFO] NTP:offset = -0.004 s, delay = 0.016 s 
client 2023-02-22 18:29:58,336 [INFO] Sending command to the server: 'time'
client 2023-02-22 18:29:58,340 [INFO] Got response: '1677090598.3368926'
client 2023-02-22 18:29:58,340 [INFO] The time difference between the client and the server is within range -0.537 ms..3.799 ms
client 2023-02-22 18:29:58,341 [INFO] Sending command to the server: 'new,,ad242faf-9299-4d07-a410-46722d2cdf39'
client 2023-02-22 18:29:58,346 [INFO] Got response: 'OK 2023-02-22_18-29-58,8fbcd3e9-0fab-42f6-8d84-21fc40ace038'
client 2023-02-22 18:29:58,347 [INFO] Session id is '2023-02-22_18-29-58'
client 2023-02-22 18:29:58,347 [INFO] Sources: {"sources": {"__init__.py": "da39a3ee5e6b4b0d3255bfef95601890afd80709", "client.py": "33ca4f26368777ac06e01f9567b714a4b8063886", "lib/__init__.py": "da39a3ee5e6b4b0d3255bfef95601890afd80709", "lib/client.py": "4c2b78fb4849a7e5b584ef792d82aaed20b17f57", "lib/common.py": "624d0c0acc7c39aaff3674f0b99d6a09da53d1dc", "lib/external/__init__.py": "da39a3ee5e6b4b0d3255bfef95601890afd80709", "lib/external/ntplib.py": "4da8f970656505a40483206ef2b5d3dd5e81711d", "lib/server.py": "cda0cdfaee9bfa1249c64a7dd4f89b7bf1b279f0", "lib/source_hashes.py": "60a2e02193209e8d392803326208d5466342da18", "lib/summary.py": "aa92f0a3f975eecd44d3c0cd0236342ccc9f941d", "lib/time_sync.py": "3210db56eb0ff0df57bf4293dc4d4b03fffd46f1", "server.py": "c3f90f2f7eeb4db30727556d0c815ebc89b3d28b", "tests/unit/__init__.py": "da39a3ee5e6b4b0d3255bfef95601890afd80709", "tests/unit/test_server.py": "99ae15aef722f2000ee6ed1ae1523637bf1ae42b", "tests/unit/test_source_hashes.py": "00468a2907583c593e6574a1f6b404e4651c221a"}, "modules": {"ptd_client_server.lib.client": "lib/client.py", "ptd_client_server.lib.common": "lib/common.py", "ptd_client_server.lib.external.ntplib": "lib/external/ntplib.py", "ptd_client_server.lib.source_hashes": "lib/source_hashes.py", "ptd_client_server.lib.summary": "lib/summary.py", "ptd_client_server.lib.time_sync": "lib/time_sync.py"}}
client 2023-02-22 18:29:58,348 [INFO] Running workload in ranging mode
client 2023-02-22 18:29:58,348 [INFO] Synchronizing with the server and with time.google.com...
client 2023-02-22 18:29:58,365 [INFO] NTP:offset = -0.003 s, delay = 0.015 s 
client 2023-02-22 18:29:58,365 [INFO] Sending command to the server: 'time'
client 2023-02-22 18:29:58,369 [INFO] Got response: '1677090598.365885'
client 2023-02-22 18:29:58,369 [INFO] The time difference between the client and the server is within range -0.283 ms..3.534 ms
client 2023-02-22 18:29:58,369 [INFO] Sending command to the server: 'session,2023-02-22_18-29-58,start,ranging'
client 2023-02-22 18:30:26,494 [INFO] Got response: 'OK'
client 2023-02-22 18:30:26,495 [INFO] Running the workload 'make preprocess_data BENCHMARKS="resnet50" && make run_harness RUN_ARGS=" --benchmarks=resnet50 --scenarios=singlestream --test_mode=PerformanceOnly --single_stream_expected_latency_ns=700000"'
client 2023-02-22 18:40:52,051 [INFO] Sending command to the server: 'session,2023-02-22_18-29-58,stop,ranging'
client 2023-02-22 18:41:02,434 [INFO] Got response: 'OK'
client 2023-02-22 18:41:02,467 [INFO] Copying loadgen logs from '/home/arjun/orin_results/valid_results/arjun_orin-nvidia_original-gpu-tensorrt-v8.5.2.2-default_config/resnet50/singlestream/performance/run_1' to '/home/arjun/orin_results/valid_results/arjun_orin-nvidia_original-gpu-tensorrt-v8.5.2.2-default_config/resnet50/singlestream/performance/tmp_power/ranging'
client 2023-02-22 18:41:02,469 [INFO] Running workload in testing mode
client 2023-02-22 18:41:02,470 [INFO] Synchronizing with the server and with time.google.com...
client 2023-02-22 18:41:02,490 [INFO] NTP:offset = 0.001 s, delay = 0.016 s 
client 2023-02-22 18:41:02,490 [INFO] Sending command to the server: 'time'
client 2023-02-22 18:41:02,494 [INFO] Got response: '1677091262.4926343'
client 2023-02-22 18:41:02,494 [INFO] The time difference between the client and the server is within range -1.888 ms..2.204 ms
client 2023-02-22 18:41:02,495 [INFO] Sending command to the server: 'session,2023-02-22_18-29-58,start,testing'
client 2023-02-22 18:41:15,517 [INFO] Got response: 'OK'
client 2023-02-22 18:41:15,518 [INFO] Running the workload 'make preprocess_data BENCHMARKS="resnet50" && make run_harness RUN_ARGS=" --benchmarks=resnet50 --scenarios=singlestream --test_mode=PerformanceOnly --single_stream_expected_latency_ns=700000"'
client 2023-02-22 18:51:39,102 [INFO] Sending command to the server: 'session,2023-02-22_18-29-58,stop,testing'
client 2023-02-22 18:51:49,362 [INFO] Got response: 'OK'
client 2023-02-22 18:51:49,367 [INFO] Copying loadgen logs from '/home/arjun/orin_results/valid_results/arjun_orin-nvidia_original-gpu-tensorrt-v8.5.2.2-default_config/resnet50/singlestream/performance/run_1' to '/home/arjun/orin_results/valid_results/arjun_orin-nvidia_original-gpu-tensorrt-v8.5.2.2-default_config/resnet50/singlestream/performance/tmp_power/run_1'
client 2023-02-22 18:51:49,369 [INFO] Done runs
