ptd-server 2023-03-02 03:38:50,638 [INFO] Got command from the client 'time'
ptd-server 2023-03-02 03:38:50,638 [INFO] Sending reply to client '1677749930.6385825'
ptd-server 2023-03-02 03:38:50,639 [INFO] Got command from the client 'new,,65ab624e-0c7a-4490-8b35-5d4bcd3c903c'
ptd-server 2023-03-02 03:38:50,640 [INFO] Sending reply to client 'OK 2023-03-02_03-38-50,2b998733-8901-4fe0-8e29-0d8bdb5b672d'
ptd-server 2023-03-02 03:38:50,741 [INFO] Got command from the client 'time'
ptd-server 2023-03-02 03:38:50,742 [INFO] Sending reply to client '1677749930.7420018'
ptd-server 2023-03-02 03:38:50,743 [INFO] Got command from the client 'session,2023-03-02_03-38-50,start,ranging'
ptd-server 2023-03-02 03:38:50,743 [INFO] Running PTDaemon: ['/local/mnt/workspace/mlcommons/power-main/inference_v1.0/ptd-linux-x86', '-l', '/tmp/tmpqwe09ni1/ptd_logfile.txt', '-p', '8888', '49', '/dev/usbtmc0']
ptd-server 2023-03-02 03:39:07,765 [INFO] Sending to ptd: 'Hello'
ptd-server 2023-03-02 03:39:07,766 [INFO] Reply from ptd: 'Hello, PTDaemon here!'
ptd-server 2023-03-02 03:39:07,766 [INFO] Sending to ptd: 'Identify'
ptd-server 2023-03-02 03:39:07,767 [INFO] Reply from ptd: 'YokogawaWT310E,1000,1,1,1,1,0,1,1,version=1.10.0-ed9a21d2-20220817,OS=Linux 4.15.0-188-generic #199-Ubuntu SMP Wed Jun 15 20:42:56 UTC 2022 x86_64,mode=power,1,1,1,0,0,no_cal_date,YOKOGAWA;WT310E;C2XF16028V;F1.04'
ptd-server 2023-03-02 03:39:07,767 [INFO] Connected to PTDaemon
ptd-server 2023-03-02 03:39:07,767 [INFO] Sending to ptd: 'RR'
ptd-server 2023-03-02 03:39:07,768 [INFO] Reply from ptd: 'Ranges,1,5.000000,1,150.000000'
ptd-server 2023-03-02 03:39:07,768 [INFO] Initial range for Amps is Auto for Volts is Auto
ptd-server 2023-03-02 03:39:07,768 [INFO] Sending to ptd: 'SR,V,Auto'
ptd-server 2023-03-02 03:39:08,272 [INFO] Reply from ptd: 'Range V changed'
ptd-server 2023-03-02 03:39:08,273 [INFO] Sending to ptd: 'SR,A,Auto'
ptd-server 2023-03-02 03:39:08,776 [INFO] Reply from ptd: 'Range A changed'
ptd-server 2023-03-02 03:39:18,786 [INFO] Starting ranging mode
ptd-server 2023-03-02 03:39:18,787 [INFO] Sending to ptd: 'Go,1000,0,2023-03-02_03-38-50_ranging'
ptd-server 2023-03-02 03:39:18,787 [INFO] Reply from ptd: 'Starting untimed measurement, maximum 500000 samples at 1000ms with 0 rampup samples'
ptd-server 2023-03-02 03:39:18,788 [INFO] Sending reply to client 'OK'
ptd-server 2023-03-02 03:52:23,875 [INFO] Got command from the client 'session,2023-03-02_03-38-50,stop,ranging'
ptd-server 2023-03-02 03:52:33,879 [INFO] Sending to ptd: 'Stop'
ptd-server 2023-03-02 03:52:33,880 [INFO] Reply from ptd: 'Stopping untimed measurement'
ptd-server 2023-03-02 03:52:33,950 [INFO] Sending reply to client 'OK'
ptd-server 2023-03-02 03:52:34,038 [INFO] Got command from the client 'time'
ptd-server 2023-03-02 03:52:34,038 [INFO] Sending reply to client '1677750754.0387313'
ptd-server 2023-03-02 03:52:34,039 [INFO] Got command from the client 'session,2023-03-02_03-38-50,start,testing'
ptd-server 2023-03-02 03:52:34,040 [INFO] Sending to ptd: 'SR,V,122.520000'
ptd-server 2023-03-02 03:52:36,290 [INFO] Reply from ptd: 'Range V changed'
ptd-server 2023-03-02 03:52:36,290 [INFO] Sending to ptd: 'SR,A,5.036300'
ptd-server 2023-03-02 03:52:37,792 [INFO] Reply from ptd: 'Range A changed'
ptd-server 2023-03-02 03:52:47,797 [INFO] Starting testing mode
ptd-server 2023-03-02 03:52:47,797 [INFO] Sending to ptd: 'Go,1000,0,2023-03-02_03-38-50_testing'
ptd-server 2023-03-02 03:52:47,797 [INFO] Reply from ptd: 'Starting untimed measurement, maximum 500000 samples at 1000ms with 0 rampup samples'
ptd-server 2023-03-02 03:52:47,798 [INFO] Sending reply to client 'OK'
ptd-server 2023-03-02 04:05:53,430 [INFO] Got command from the client 'session,2023-03-02_03-38-50,stop,testing'
ptd-server 2023-03-02 04:06:03,441 [INFO] Sending to ptd: 'Stop'
ptd-server 2023-03-02 04:06:03,441 [INFO] Reply from ptd: 'Stopping untimed measurement'
ptd-server 2023-03-02 04:06:03,482 [INFO] Sending reply to client 'OK'
ptd-server 2023-03-02 04:06:03,488 [INFO] Got command from the client 'session,2023-03-02_03-38-50,done'
ptd-server 2023-03-02 04:06:03,488 [INFO] Sending to ptd: 'Stop'
ptd-server 2023-03-02 04:06:03,797 [INFO] Reply from ptd: 'Error: no measurement to stop'
ptd-server 2023-03-02 04:06:03,798 [INFO] Sending to ptd: 'SR,V,Auto'
ptd-server 2023-03-02 04:06:04,301 [INFO] Reply from ptd: 'Range V changed'
ptd-server 2023-03-02 04:06:04,301 [INFO] Sending to ptd: 'SR,A,Auto'
ptd-server 2023-03-02 04:06:04,804 [INFO] Reply from ptd: 'Range A changed'
ptd-server 2023-03-02 04:06:04,804 [INFO] Set initial values for Amps Auto and Volts Auto
ptd-server 2023-03-02 04:06:04,805 [INFO] Stopping ptd...
