ptd-server 2023-03-03 18:31:10,810 [INFO] Got command from the client 'time'
ptd-server 2023-03-03 18:31:10,810 [INFO] Sending reply to client '1677868270.810315'
ptd-server 2023-03-03 18:31:10,812 [INFO] Got command from the client 'new,,9b848feb-bde8-4cbb-a39e-5ad56a76dbeb'
ptd-server 2023-03-03 18:31:10,814 [INFO] Sending reply to client 'OK 2023-03-03_18-31-10,5b800841-0643-4596-acfa-31fcbd634242'
ptd-server 2023-03-03 18:31:10,850 [INFO] Got command from the client 'time'
ptd-server 2023-03-03 18:31:10,850 [INFO] Sending reply to client '1677868270.850173'
ptd-server 2023-03-03 18:31:10,852 [INFO] Got command from the client 'session,2023-03-03_18-31-10,start,ranging'
ptd-server 2023-03-03 18:31:10,852 [INFO] Running PTDaemon: ['/home/anton/projects/mlperf/power/inference_v1.0/ptd-linux-x86', '-l', '/tmp/tmpjo7pgaee/ptd_logfile.txt', '-p', '8888', '49', '/dev/usbtmc0']
ptd-server 2023-03-03 18:31:27,939 [INFO] Sending to ptd: 'Hello'
ptd-server 2023-03-03 18:31:27,940 [INFO] Reply from ptd: 'Hello, PTDaemon here!'
ptd-server 2023-03-03 18:31:27,940 [INFO] Sending to ptd: 'Identify'
ptd-server 2023-03-03 18:31:27,940 [INFO] Reply from ptd: 'YokogawaWT310E,1000,1,1,1,1,0,1,1,version=1.10.0-ed9a21d2-20220817,OS=Linux 5.15.0-60-generic #66~20.04.1-Ubuntu SMP Wed Jan 25 09:41:30 UTC 2023 x86_64,mode=power,1,1,1,0,0,no_cal_date,YOKOGAWA;WT310E;C3XA04010E;F1.04'
ptd-server 2023-03-03 18:31:27,940 [INFO] Connected to PTDaemon
ptd-server 2023-03-03 18:31:27,940 [INFO] Sending to ptd: 'RR'
ptd-server 2023-03-03 18:31:27,941 [INFO] Reply from ptd: 'Ranges,0,0.500000,1,300.000000'
ptd-server 2023-03-03 18:31:27,941 [INFO] Initial range for Amps is 0.500000 for Volts is Auto
ptd-server 2023-03-03 18:31:27,941 [INFO] Sending to ptd: 'SR,V,Auto'
ptd-server 2023-03-03 18:31:28,443 [INFO] Reply from ptd: 'Range V changed'
ptd-server 2023-03-03 18:31:28,443 [INFO] Sending to ptd: 'SR,A,Auto'
ptd-server 2023-03-03 18:31:28,946 [INFO] Reply from ptd: 'Range A changed'
ptd-server 2023-03-03 18:31:38,956 [INFO] Starting ranging mode
ptd-server 2023-03-03 18:31:38,956 [INFO] Sending to ptd: 'Go,1000,0,2023-03-03_18-31-10_ranging'
ptd-server 2023-03-03 18:31:38,956 [INFO] Reply from ptd: 'Starting untimed measurement, maximum 500000 samples at 1000ms with 0 rampup samples'
ptd-server 2023-03-03 18:31:38,957 [INFO] Sending reply to client 'OK'
ptd-server 2023-03-03 18:43:57,930 [INFO] Got command from the client 'session,2023-03-03_18-31-10,stop,ranging'
ptd-server 2023-03-03 18:44:07,941 [INFO] Sending to ptd: 'Stop'
ptd-server 2023-03-03 18:44:07,941 [INFO] Reply from ptd: 'Stopping untimed measurement'
ptd-server 2023-03-03 18:44:08,045 [INFO] Sending reply to client 'OK'
ptd-server 2023-03-03 18:44:08,118 [INFO] Got command from the client 'time'
ptd-server 2023-03-03 18:44:08,118 [INFO] Sending reply to client '1677869048.1182997'
ptd-server 2023-03-03 18:44:08,121 [INFO] Got command from the client 'session,2023-03-03_18-31-10,start,testing'
ptd-server 2023-03-03 18:44:08,121 [INFO] Sending to ptd: 'SR,V,250.420000'
ptd-server 2023-03-03 18:44:09,623 [INFO] Reply from ptd: 'Range V changed'
ptd-server 2023-03-03 18:44:09,623 [INFO] Sending to ptd: 'SR,A,0.155180'
ptd-server 2023-03-03 18:44:11,124 [INFO] Reply from ptd: 'Range A changed'
ptd-server 2023-03-03 18:44:21,135 [INFO] Starting testing mode
ptd-server 2023-03-03 18:44:21,135 [INFO] Sending to ptd: 'Go,1000,0,2023-03-03_18-31-10_testing'
ptd-server 2023-03-03 18:44:21,135 [INFO] Reply from ptd: 'Starting untimed measurement, maximum 500000 samples at 1000ms with 0 rampup samples'
ptd-server 2023-03-03 18:44:21,135 [INFO] Sending reply to client 'OK'
ptd-server 2023-03-03 18:56:39,657 [INFO] Got command from the client 'session,2023-03-03_18-31-10,stop,testing'
ptd-server 2023-03-03 18:56:49,668 [INFO] Sending to ptd: 'Stop'
ptd-server 2023-03-03 18:56:49,668 [INFO] Reply from ptd: 'Stopping untimed measurement'
ptd-server 2023-03-03 18:56:49,717 [INFO] Sending reply to client 'OK'
ptd-server 2023-03-03 18:56:49,743 [INFO] Got command from the client 'session,2023-03-03_18-31-10,done'
ptd-server 2023-03-03 18:56:49,743 [INFO] Sending to ptd: 'Stop'
ptd-server 2023-03-03 18:56:50,136 [INFO] Reply from ptd: 'Error: no measurement to stop'
ptd-server 2023-03-03 18:56:50,136 [INFO] Sending to ptd: 'SR,V,Auto'
ptd-server 2023-03-03 18:56:50,638 [INFO] Reply from ptd: 'Range V changed'
ptd-server 2023-03-03 18:56:50,638 [INFO] Sending to ptd: 'SR,A,0.500000'
ptd-server 2023-03-03 18:56:52,140 [INFO] Reply from ptd: 'Range A changed'
ptd-server 2023-03-03 18:56:52,140 [INFO] Set initial values for Amps 0.500000 and Volts Auto
ptd-server 2023-03-03 18:56:52,140 [INFO] Stopping ptd...
