ptd-server 2023-02-27 22:50:22,287 [INFO] Got command from the client 'stop'
ptd-server 2023-02-27 22:50:22,287 [INFO] The server will be stopped after processing this client
ptd-server 2023-02-27 22:50:22,287 [INFO] Sending reply to client 'OK'
ptd-server 2023-02-27 22:50:22,292 [INFO] Got command from the client 'time'
ptd-server 2023-02-27 22:50:22,292 [INFO] Sending reply to client '1677538222.2929778'
ptd-server 2023-02-27 22:50:22,294 [INFO] Got command from the client 'new,,2c0ec5e6-84a4-48b9-a0a1-42b70f921bbe'
ptd-server 2023-02-27 22:50:22,298 [INFO] Sending reply to client 'OK 2023-02-27_22-50-22,c45d6731-1cea-4e90-85fa-b108daa63970'
ptd-server 2023-02-27 22:50:22,301 [INFO] Got command from the client 'time'
ptd-server 2023-02-27 22:50:22,301 [INFO] Sending reply to client '1677538222.3014448'
ptd-server 2023-02-27 22:50:22,302 [INFO] Got command from the client 'session,2023-02-27_22-50-22,start,ranging'
ptd-server 2023-02-27 22:50:22,415 [INFO] Running PTDaemon: ['C:\\power-dev\\ptd_client_server\\ptd-windows-x86.exe', '-l', 'C:\\Users\\root\\AppData\\Local\\Temp\\tmpsxg8stfx\\ptd_logfile.txt', '-p', '8888', '-c', '1', '-g', '8', '1']
ptd-server 2023-02-27 22:50:35,334 [INFO] Sending to ptd: 'Hello'
ptd-server 2023-02-27 22:50:35,335 [INFO] Reply from ptd: 'Hello, PTDaemon here!'
ptd-server 2023-02-27 22:50:35,336 [INFO] Sending to ptd: 'Identify'
ptd-server 2023-02-27 22:50:35,336 [INFO] Reply from ptd: 'YokogawaWT210,1000,1,1,1,1,0,0,1,version=1.10.0-82175bac-20220817,OS=Windows 8 / Server 2012,mode=power,1,1,1,0,0,no_cal_date,YOKOGAWA;760401;0;F1.12'
ptd-server 2023-02-27 22:50:35,336 [INFO] Connected to PTDaemon
ptd-server 2023-02-27 22:50:35,337 [INFO] Sending to ptd: 'RR'
ptd-server 2023-02-27 22:50:35,337 [INFO] Reply from ptd: 'Ranges,1,1.000000,1,300.000000'
ptd-server 2023-02-27 22:50:35,337 [INFO] Initial range for Amps is Auto for Volts is Auto
ptd-server 2023-02-27 22:50:35,338 [INFO] Sending to ptd: 'SR,V,Auto'
ptd-server 2023-02-27 22:50:35,853 [INFO] Reply from ptd: 'Range V changed'
ptd-server 2023-02-27 22:50:35,854 [INFO] Sending to ptd: 'SR,A,Auto'
ptd-server 2023-02-27 22:50:36,370 [INFO] Reply from ptd: 'Range A changed'
ptd-server 2023-02-27 22:50:46,376 [INFO] Starting ranging mode
ptd-server 2023-02-27 22:50:46,376 [INFO] Sending to ptd: 'Go,1000,0,2023-02-27_22-50-22_ranging'
ptd-server 2023-02-27 22:50:46,377 [INFO] Reply from ptd: 'Starting untimed measurement, maximum 500000 samples at 1000ms with 0 rampup samples'
ptd-server 2023-02-27 22:50:46,378 [INFO] Sending reply to client 'OK'
ptd-server 2023-02-27 23:01:00,446 [INFO] Got command from the client 'session,2023-02-27_22-50-22,stop,ranging'
ptd-server 2023-02-27 23:01:10,447 [INFO] Sending to ptd: 'Stop'
ptd-server 2023-02-27 23:01:10,448 [INFO] Reply from ptd: 'Stopping untimed measurement'
ptd-server 2023-02-27 23:01:10,475 [INFO] Sending reply to client 'OK'
ptd-server 2023-02-27 23:01:10,489 [INFO] Got command from the client 'time'
ptd-server 2023-02-27 23:01:10,489 [INFO] Sending reply to client '1677538870.4898584'
ptd-server 2023-02-27 23:01:10,491 [INFO] Got command from the client 'session,2023-02-27_22-50-22,start,testing'
ptd-server 2023-02-27 23:01:10,491 [INFO] Sending to ptd: 'SR,V,209.930000'
ptd-server 2023-02-27 23:01:12,908 [INFO] Reply from ptd: 'Range V changed'
ptd-server 2023-02-27 23:01:12,909 [INFO] Sending to ptd: 'SR,A,0.951600'
ptd-server 2023-02-27 23:01:14,443 [INFO] Reply from ptd: 'Range A changed'
ptd-server 2023-02-27 23:01:24,455 [INFO] Starting testing mode
ptd-server 2023-02-27 23:01:24,457 [INFO] Sending to ptd: 'Go,1000,0,2023-02-27_22-50-22_testing'
ptd-server 2023-02-27 23:01:24,457 [INFO] Reply from ptd: 'Starting untimed measurement, maximum 500000 samples at 1000ms with 0 rampup samples'
ptd-server 2023-02-27 23:01:24,458 [INFO] Sending reply to client 'OK'
ptd-server 2023-02-27 23:11:39,357 [INFO] Got command from the client 'session,2023-02-27_22-50-22,stop,testing'
ptd-server 2023-02-27 23:11:49,367 [INFO] Sending to ptd: 'Stop'
ptd-server 2023-02-27 23:11:49,368 [INFO] Reply from ptd: 'Stopping untimed measurement'
ptd-server 2023-02-27 23:11:49,378 [INFO] Sending reply to client 'OK'
ptd-server 2023-02-27 23:11:49,386 [INFO] Got command from the client 'session,2023-02-27_22-50-22,done'
ptd-server 2023-02-27 23:11:49,386 [INFO] Sending to ptd: 'Stop'
ptd-server 2023-02-27 23:11:49,460 [INFO] Reply from ptd: 'Error: no measurement to stop'
ptd-server 2023-02-27 23:11:49,461 [INFO] Sending to ptd: 'SR,V,Auto'
ptd-server 2023-02-27 23:11:49,978 [INFO] Reply from ptd: 'Range V changed'
ptd-server 2023-02-27 23:11:49,979 [INFO] Sending to ptd: 'SR,A,Auto'
ptd-server 2023-02-27 23:11:50,507 [INFO] Reply from ptd: 'Range A changed'
ptd-server 2023-02-27 23:11:50,508 [INFO] Set initial values for Amps Auto and Volts Auto
ptd-server 2023-02-27 23:11:50,509 [INFO] Stopping ptd...
