ptd-server 2023-02-22 18:17:55,034 [INFO] Got command from the client 'time'
ptd-server 2023-02-22 18:17:55,035 [INFO] Sending reply to client '1677089875.0349698'
ptd-server 2023-02-22 18:17:55,035 [INFO] Got command from the client 'new,,f2dfd51a-8755-426e-81a6-c437c40d3337'
ptd-server 2023-02-22 18:17:55,036 [INFO] Sending reply to client 'OK 2023-02-22_18-17-55,b3bf2146-5d99-4b77-bf24-e61ba6eb95f2'
ptd-server 2023-02-22 18:17:55,060 [INFO] Got command from the client 'time'
ptd-server 2023-02-22 18:17:55,060 [INFO] Sending reply to client '1677089875.06016'
ptd-server 2023-02-22 18:17:55,061 [INFO] Got command from the client 'session,2023-02-22_18-17-55,start,ranging'
ptd-server 2023-02-22 18:17:55,061 [INFO] Running PTDaemon: ['/home/anton/projects/mlperf/power/inference_v1.0/ptd-linux-x86', '-l', '/tmp/tmp4yl1neqp/ptd_logfile.txt', '-p', '8888', '49', '/dev/usbtmc0']
ptd-server 2023-02-22 18:18:12,134 [INFO] Sending to ptd: 'Hello'
ptd-server 2023-02-22 18:18:12,135 [INFO] Reply from ptd: 'Hello, PTDaemon here!'
ptd-server 2023-02-22 18:18:12,135 [INFO] Sending to ptd: 'Identify'
ptd-server 2023-02-22 18:18:12,135 [INFO] Reply from ptd: 'YokogawaWT310E,1000,1,1,1,1,0,1,1,version=1.10.0-ed9a21d2-20220817,OS=Linux 5.15.0-60-generic #66~20.04.1-Ubuntu SMP Wed Jan 25 09:41:30 UTC 2023 x86_64,mode=power,1,1,1,0,0,no_cal_date,YOKOGAWA;WT310E;C3XA04010E;F1.04'
ptd-server 2023-02-22 18:18:12,136 [INFO] Connected to PTDaemon
ptd-server 2023-02-22 18:18:12,136 [INFO] Sending to ptd: 'RR'
ptd-server 2023-02-22 18:18:12,136 [INFO] Reply from ptd: 'Ranges,1,0.100000,1,300.000000'
ptd-server 2023-02-22 18:18:12,136 [INFO] Initial range for Amps is Auto for Volts is Auto
ptd-server 2023-02-22 18:18:12,136 [INFO] Sending to ptd: 'SR,V,Auto'
ptd-server 2023-02-22 18:18:12,639 [INFO] Reply from ptd: 'Range V changed'
ptd-server 2023-02-22 18:18:12,639 [INFO] Sending to ptd: 'SR,A,Auto'
ptd-server 2023-02-22 18:18:13,141 [INFO] Reply from ptd: 'Range A changed'
ptd-server 2023-02-22 18:18:23,152 [INFO] Starting ranging mode
ptd-server 2023-02-22 18:18:23,152 [INFO] Sending to ptd: 'Go,1000,0,2023-02-22_18-17-55_ranging'
ptd-server 2023-02-22 18:18:23,152 [INFO] Reply from ptd: 'Starting untimed measurement, maximum 500000 samples at 1000ms with 0 rampup samples'
ptd-server 2023-02-22 18:18:23,152 [INFO] Sending reply to client 'OK'
ptd-server 2023-02-22 18:28:40,021 [INFO] Got command from the client 'session,2023-02-22_18-17-55,stop,ranging'
ptd-server 2023-02-22 18:28:50,032 [INFO] Sending to ptd: 'Stop'
ptd-server 2023-02-22 18:28:50,032 [INFO] Reply from ptd: 'Stopping untimed measurement'
ptd-server 2023-02-22 18:28:50,516 [INFO] Sending reply to client 'OK'
ptd-server 2023-02-22 18:28:50,550 [INFO] Got command from the client 'time'
ptd-server 2023-02-22 18:28:50,550 [INFO] Sending reply to client '1677090530.550234'
ptd-server 2023-02-22 18:28:50,551 [INFO] Got command from the client 'session,2023-02-22_18-17-55,start,testing'
ptd-server 2023-02-22 18:28:50,551 [INFO] Sending to ptd: 'SR,V,250.220000'
ptd-server 2023-02-22 18:28:52,052 [INFO] Reply from ptd: 'Range V changed'
ptd-server 2023-02-22 18:28:52,052 [INFO] Sending to ptd: 'SR,A,0.064430'
ptd-server 2023-02-22 18:28:53,553 [INFO] Reply from ptd: 'Range A changed'
ptd-server 2023-02-22 18:29:03,557 [INFO] Starting testing mode
ptd-server 2023-02-22 18:29:03,557 [INFO] Sending to ptd: 'Go,1000,0,2023-02-22_18-17-55_testing'
ptd-server 2023-02-22 18:29:03,558 [INFO] Reply from ptd: 'Starting untimed measurement, maximum 500000 samples at 1000ms with 0 rampup samples'
ptd-server 2023-02-22 18:29:03,558 [INFO] Sending reply to client 'OK'
ptd-server 2023-02-22 18:39:20,292 [INFO] Got command from the client 'session,2023-02-22_18-17-55,stop,testing'
ptd-server 2023-02-22 18:39:30,303 [INFO] Sending to ptd: 'Stop'
ptd-server 2023-02-22 18:39:30,303 [INFO] Reply from ptd: 'Stopping untimed measurement'
ptd-server 2023-02-22 18:39:30,543 [INFO] Sending reply to client 'OK'
ptd-server 2023-02-22 18:39:30,551 [INFO] Got command from the client 'session,2023-02-22_18-17-55,done'
ptd-server 2023-02-22 18:39:30,551 [INFO] Sending to ptd: 'Stop'
ptd-server 2023-02-22 18:39:30,558 [INFO] Reply from ptd: 'Error: no measurement to stop'
ptd-server 2023-02-22 18:39:30,558 [INFO] Sending to ptd: 'SR,V,Auto'
ptd-server 2023-02-22 18:39:31,061 [INFO] Reply from ptd: 'Range V changed'
ptd-server 2023-02-22 18:39:31,061 [INFO] Sending to ptd: 'SR,A,Auto'
ptd-server 2023-02-22 18:39:31,564 [INFO] Reply from ptd: 'Range A changed'
ptd-server 2023-02-22 18:39:31,564 [INFO] Set initial values for Amps Auto and Volts Auto
ptd-server 2023-02-22 18:39:31,564 [INFO] Stopping ptd...
