client 2023-02-26 02:26:54,759 [WARNING] Removing loadgen logs directory '/home/firefly/CK/ck-mlperf/program/image-classification-armnn-tflite-loadgen/tmp/loadgen_logs'
client 2023-02-26 02:26:54,761 [INFO] Sending command to the server: 'mlcommons/power client v3'
client 2023-02-26 02:26:54,762 [INFO] Got response: 'mlcommons/power server v3'
client 2023-02-26 02:26:54,762 [INFO] Synchronizing with the server and with time.google.com...
client 2023-02-26 02:26:54,828 [INFO] NTP:offset = -0.001 s, delay = 0.013 s 
client 2023-02-26 02:26:54,828 [INFO] Sending command to the server: 'time'
client 2023-02-26 02:26:54,829 [INFO] Got response: '1677378414.8277652'
client 2023-02-26 02:26:54,830 [INFO] The time difference between the client and the server is within range 0.606 ms..2.374 ms
client 2023-02-26 02:26:54,830 [INFO] Sending command to the server: 'new,,78cd744c-f424-4f5d-8292-11b704f1ecca'
client 2023-02-26 02:26:54,831 [INFO] Got response: 'OK 2023-02-26_02-26-54,4603f994-1996-44bf-b15b-be0d1290db1b'
client 2023-02-26 02:26:54,832 [INFO] Session id is '2023-02-26_02-26-54'
client 2023-02-26 02:26:54,832 [INFO] Sources: {"sources": {"__init__.py": "da39a3ee5e6b4b0d3255bfef95601890afd80709", "client.py": "33ca4f26368777ac06e01f9567b714a4b8063886", "lib/__init__.py": "da39a3ee5e6b4b0d3255bfef95601890afd80709", "lib/client.py": "4c2b78fb4849a7e5b584ef792d82aaed20b17f57", "lib/common.py": "624d0c0acc7c39aaff3674f0b99d6a09da53d1dc", "lib/external/__init__.py": "da39a3ee5e6b4b0d3255bfef95601890afd80709", "lib/external/ntplib.py": "4da8f970656505a40483206ef2b5d3dd5e81711d", "lib/server.py": "cda0cdfaee9bfa1249c64a7dd4f89b7bf1b279f0", "lib/source_hashes.py": "60a2e02193209e8d392803326208d5466342da18", "lib/summary.py": "aa92f0a3f975eecd44d3c0cd0236342ccc9f941d", "lib/time_sync.py": "3210db56eb0ff0df57bf4293dc4d4b03fffd46f1", "server.py": "c3f90f2f7eeb4db30727556d0c815ebc89b3d28b", "tests/unit/__init__.py": "da39a3ee5e6b4b0d3255bfef95601890afd80709", "tests/unit/test_server.py": "99ae15aef722f2000ee6ed1ae1523637bf1ae42b", "tests/unit/test_source_hashes.py": "00468a2907583c593e6574a1f6b404e4651c221a"}, "modules": {"ptd_client_server.lib.client": "lib/client.py", "ptd_client_server.lib.common": "lib/common.py", "ptd_client_server.lib.external.ntplib": "lib/external/ntplib.py", "ptd_client_server.lib.source_hashes": "lib/source_hashes.py", "ptd_client_server.lib.summary": "lib/summary.py", "ptd_client_server.lib.time_sync": "lib/time_sync.py"}}
client 2023-02-26 02:26:54,833 [INFO] Running workload in ranging mode
client 2023-02-26 02:26:54,833 [INFO] Synchronizing with the server and with time.google.com...
client 2023-02-26 02:26:54,853 [INFO] NTP:offset = -0.001 s, delay = 0.012 s 
client 2023-02-26 02:26:54,854 [INFO] Sending command to the server: 'time'
client 2023-02-26 02:26:54,856 [INFO] Got response: '1677378414.8540783'
client 2023-02-26 02:26:54,856 [INFO] The time difference between the client and the server is within range 0.246 ms..2.333 ms
client 2023-02-26 02:26:54,856 [INFO] Sending command to the server: 'session,2023-02-26_02-26-54,start,ranging'
client 2023-02-26 02:27:22,963 [INFO] Got response: 'OK'
client 2023-02-26 02:27:22,964 [INFO] Running the workload 'ck benchmark program:image-classification-armnn-tflite-loadgen --env.CK_SILENT_MODE=YES --skip_print_timers --dep_add_tags.compiler=gcc,v9 --dep_add_tags.python=v3 --dep_add_tags.mlperf-inference-src=r3.0 --dep_add_tags.weights=mobilenet,v1-1.0-224,non-quantized --dep_add_tags.images=crop.875,preprocessed,using-opencv --dep_add_tags.library=armnn,rel.22.11,neon --env.CK_LOADGEN_DATASET_SIZE=1024 --env.USE_NEON=1 --env.USE_OPENCL=0 --env.CK_LOADGEN_MODE=PerformanceOnly --env.CK_LOADGEN_SCENARIO=SingleStream --env.CK_LOADGEN_TARGET_LATENCY=$CK_LOADGEN_TARGET_LATENCY --skip_stat_analysis --process_multi_keys --repetitions=1 --record --record_repo=local --record_uoa=mlperf_v3.0-open-firefly-armnn-v22.11-neon-mobilenet-v1-1.0-224-non-quantized-singlestream-performance-target_latency.$CK_LOADGEN_TARGET_LATENCY-power.workload --tags=mlperf,round.v3.0,division.open,task.image-classification,platform.firefly,scenario.singlestream,mode.performance,workload.mobilenet-v1-1.0-224-non-quantized,preprocessed_using.opencv,inference_engine.armnn,inference_engine_version.v22.11,inference_engine_backend.neon,target_latency.$CK_LOADGEN_TARGET_LATENCY,power.workload "@@@{\'meta\': {\'ck_benchmark_program\': \'ck benchmark program:image-classification-armnn-tflite-loadgen --env.CK_SILENT_MODE=YES --skip_print_timers --dep_add_tags.compiler=gcc,v9 --dep_add_tags.python=v3 --dep_add_tags.mlperf-inference-src=r3.0 --dep_add_tags.weights=mobilenet,v1-1.0-224,non-quantized --dep_add_tags.images=crop.875,preprocessed,using-opencv --dep_add_tags.library=armnn,rel.22.11,neon --env.CK_LOADGEN_DATASET_SIZE=1024 --env.USE_NEON=1 --env.USE_OPENCL=0 --env.CK_LOADGEN_MODE=PerformanceOnly --env.CK_LOADGEN_SCENARIO=SingleStream --env.CK_LOADGEN_TARGET_LATENCY=$CK_LOADGEN_TARGET_LATENCY --skip_stat_analysis --process_multi_keys --repetitions=1 --record --record_repo=local --record_uoa=mlperf_v3.0-open-firefly-armnn-v22.11-neon-mobilenet-v1-1.0-224-non-quantized-singlestream-performance-target_latency.$CK_LOADGEN_TARGET_LATENCY-power.workload --tags=mlperf,round.v3.0,division.open,task.image-classification,platform.firefly,scenario.singlestream,mode.performance,workload.mobilenet-v1-1.0-224-non-quantized,preprocessed_using.opencv,inference_engine.armnn,inference_engine_version.v22.11,inference_engine_backend.neon,target_latency.$CK_LOADGEN_TARGET_LATENCY,power.workload\'}}" && cat `ck find program:image-classification-armnn-tflite-loadgen`/tmp/mlperf_log_summary.txt && mkdir -p "$CK_MLPERF_POWER_CLIENT_LOADGEN_LOGS" && cp "$CK_MLPERF_POWER_CLIENT_LOADGEN_LOGS"/../mlperf_log_* "$CK_MLPERF_POWER_CLIENT_LOADGEN_LOGS"/'
client 2023-02-26 02:37:38,126 [INFO] Sending command to the server: 'session,2023-02-26_02-26-54,stop,ranging'
client 2023-02-26 02:37:48,310 [INFO] Got response: 'OK'
client 2023-02-26 02:37:48,331 [INFO] Copying loadgen logs from '/home/firefly/CK/ck-mlperf/program/image-classification-armnn-tflite-loadgen/tmp/loadgen_logs' to '/home/firefly/CK/ck-mlperf/program/mlperf-power-client/tmp/2023-02-26_02-26-54/ranging'
client 2023-02-26 02:37:48,333 [INFO] Running workload in testing mode
client 2023-02-26 02:37:48,333 [INFO] Synchronizing with the server and with time.google.com...
client 2023-02-26 02:37:48,401 [INFO] NTP:offset = -0.001 s, delay = 0.016 s 
client 2023-02-26 02:37:48,402 [INFO] Sending command to the server: 'time'
client 2023-02-26 02:37:48,404 [INFO] Got response: '1677379068.4029808'
client 2023-02-26 02:37:48,406 [INFO] The time difference between the client and the server is within range -0.330 ms..2.916 ms
client 2023-02-26 02:37:48,406 [INFO] Sending command to the server: 'session,2023-02-26_02-26-54,start,testing'
client 2023-02-26 02:38:01,977 [INFO] Got response: 'OK'
client 2023-02-26 02:38:01,978 [INFO] Running the workload 'ck benchmark program:image-classification-armnn-tflite-loadgen --env.CK_SILENT_MODE=YES --skip_print_timers --dep_add_tags.compiler=gcc,v9 --dep_add_tags.python=v3 --dep_add_tags.mlperf-inference-src=r3.0 --dep_add_tags.weights=mobilenet,v1-1.0-224,non-quantized --dep_add_tags.images=crop.875,preprocessed,using-opencv --dep_add_tags.library=armnn,rel.22.11,neon --env.CK_LOADGEN_DATASET_SIZE=1024 --env.USE_NEON=1 --env.USE_OPENCL=0 --env.CK_LOADGEN_MODE=PerformanceOnly --env.CK_LOADGEN_SCENARIO=SingleStream --env.CK_LOADGEN_TARGET_LATENCY=$CK_LOADGEN_TARGET_LATENCY --skip_stat_analysis --process_multi_keys --repetitions=1 --record --record_repo=local --record_uoa=mlperf_v3.0-open-firefly-armnn-v22.11-neon-mobilenet-v1-1.0-224-non-quantized-singlestream-performance-target_latency.$CK_LOADGEN_TARGET_LATENCY-power.workload --tags=mlperf,round.v3.0,division.open,task.image-classification,platform.firefly,scenario.singlestream,mode.performance,workload.mobilenet-v1-1.0-224-non-quantized,preprocessed_using.opencv,inference_engine.armnn,inference_engine_version.v22.11,inference_engine_backend.neon,target_latency.$CK_LOADGEN_TARGET_LATENCY,power.workload "@@@{\'meta\': {\'ck_benchmark_program\': \'ck benchmark program:image-classification-armnn-tflite-loadgen --env.CK_SILENT_MODE=YES --skip_print_timers --dep_add_tags.compiler=gcc,v9 --dep_add_tags.python=v3 --dep_add_tags.mlperf-inference-src=r3.0 --dep_add_tags.weights=mobilenet,v1-1.0-224,non-quantized --dep_add_tags.images=crop.875,preprocessed,using-opencv --dep_add_tags.library=armnn,rel.22.11,neon --env.CK_LOADGEN_DATASET_SIZE=1024 --env.USE_NEON=1 --env.USE_OPENCL=0 --env.CK_LOADGEN_MODE=PerformanceOnly --env.CK_LOADGEN_SCENARIO=SingleStream --env.CK_LOADGEN_TARGET_LATENCY=$CK_LOADGEN_TARGET_LATENCY --skip_stat_analysis --process_multi_keys --repetitions=1 --record --record_repo=local --record_uoa=mlperf_v3.0-open-firefly-armnn-v22.11-neon-mobilenet-v1-1.0-224-non-quantized-singlestream-performance-target_latency.$CK_LOADGEN_TARGET_LATENCY-power.workload --tags=mlperf,round.v3.0,division.open,task.image-classification,platform.firefly,scenario.singlestream,mode.performance,workload.mobilenet-v1-1.0-224-non-quantized,preprocessed_using.opencv,inference_engine.armnn,inference_engine_version.v22.11,inference_engine_backend.neon,target_latency.$CK_LOADGEN_TARGET_LATENCY,power.workload\'}}" && cat `ck find program:image-classification-armnn-tflite-loadgen`/tmp/mlperf_log_summary.txt && mkdir -p "$CK_MLPERF_POWER_CLIENT_LOADGEN_LOGS" && cp "$CK_MLPERF_POWER_CLIENT_LOADGEN_LOGS"/../mlperf_log_* "$CK_MLPERF_POWER_CLIENT_LOADGEN_LOGS"/'
client 2023-02-26 02:48:17,209 [INFO] Sending command to the server: 'session,2023-02-26_02-26-54,stop,testing'
client 2023-02-26 02:48:27,319 [INFO] Got response: 'OK'
client 2023-02-26 02:48:27,327 [INFO] Copying loadgen logs from '/home/firefly/CK/ck-mlperf/program/image-classification-armnn-tflite-loadgen/tmp/loadgen_logs' to '/home/firefly/CK/ck-mlperf/program/mlperf-power-client/tmp/2023-02-26_02-26-54/run_1'
client 2023-02-26 02:48:27,330 [INFO] Done runs
