ptd-server 2023-02-28 21:38:39,325 [INFO] Got command from the client 'time'
ptd-server 2023-02-28 21:38:39,326 [INFO] Sending reply to client '1677620319.325934'
ptd-server 2023-02-28 21:38:39,331 [INFO] Got command from the client 'new,,e19ae80e-b9fe-48b0-a38b-a44db6016708'
ptd-server 2023-02-28 21:38:39,332 [INFO] Sending reply to client 'OK 2023-02-28_21-38-39,5c293127-02aa-4c89-b746-4b195c91f808'
ptd-server 2023-02-28 21:38:39,354 [INFO] Got command from the client 'time'
ptd-server 2023-02-28 21:38:39,354 [INFO] Sending reply to client '1677620319.354535'
ptd-server 2023-02-28 21:38:39,357 [INFO] Got command from the client 'session,2023-02-28_21-38-39,start,ranging'
ptd-server 2023-02-28 21:38:39,357 [INFO] Running PTDaemon: ['/media/arjun/T7_Touch/hp-envy/CM/repos/local/cache/9b3695ca8255492a/power/inference_v1.0/ptd-linux-x86', '-l', '/tmp/tmpti64566v/ptd_logfile.txt', '-p', '8888', '49', '/dev/usbtmc0']
ptd-server 2023-02-28 21:38:56,452 [INFO] Sending to ptd: 'Hello'
ptd-server 2023-02-28 21:38:56,453 [INFO] Reply from ptd: 'Hello, PTDaemon here!'
ptd-server 2023-02-28 21:38:56,454 [INFO] Sending to ptd: 'Identify'
ptd-server 2023-02-28 21:38:56,455 [INFO] Reply from ptd: 'YokogawaWT310E,1000,1,1,1,1,0,1,1,version=1.10.0-ed9a21d2-20220817,OS=Linux 5.15.0-56-generic #62-Ubuntu SMP Tue Nov 22 19:54:14 UTC 2022 x86_64,mode=power,1,1,1,0,0,no_cal_date,YOKOGAWA;WT310E;C3YD21068E;F1.04'
ptd-server 2023-02-28 21:38:56,455 [INFO] Connected to PTDaemon
ptd-server 2023-02-28 21:38:56,455 [INFO] Sending to ptd: 'RR'
ptd-server 2023-02-28 21:38:56,456 [INFO] Reply from ptd: 'Ranges,0,0.100000,0,600.000000'
ptd-server 2023-02-28 21:38:56,456 [INFO] Initial range for Amps is 0.100000 for Volts is 600.000000
ptd-server 2023-02-28 21:38:56,457 [INFO] Sending to ptd: 'SR,V,Auto'
ptd-server 2023-02-28 21:38:56,960 [INFO] Reply from ptd: 'Range V changed'
ptd-server 2023-02-28 21:38:56,961 [INFO] Sending to ptd: 'SR,A,Auto'
ptd-server 2023-02-28 21:38:57,465 [INFO] Reply from ptd: 'Range A changed'
ptd-server 2023-02-28 21:39:07,476 [INFO] Starting ranging mode
ptd-server 2023-02-28 21:39:07,476 [INFO] Sending to ptd: 'Go,1000,0,2023-02-28_21-38-39_ranging'
ptd-server 2023-02-28 21:39:07,477 [INFO] Reply from ptd: 'Starting untimed measurement, maximum 500000 samples at 1000ms with 0 rampup samples'
ptd-server 2023-02-28 21:39:07,478 [INFO] Sending reply to client 'OK'
ptd-server 2023-02-28 21:49:27,161 [INFO] Got command from the client 'session,2023-02-28_21-38-39,stop,ranging'
ptd-server 2023-02-28 21:49:37,172 [INFO] Sending to ptd: 'Stop'
ptd-server 2023-02-28 21:49:37,173 [INFO] Reply from ptd: 'Stopping untimed measurement'
ptd-server 2023-02-28 21:49:37,511 [INFO] Sending reply to client 'OK'
ptd-server 2023-02-28 21:49:37,563 [INFO] Got command from the client 'time'
ptd-server 2023-02-28 21:49:37,564 [INFO] Sending reply to client '1677620977.5640223'
ptd-server 2023-02-28 21:49:37,567 [INFO] Got command from the client 'session,2023-02-28_21-38-39,start,testing'
ptd-server 2023-02-28 21:49:37,567 [INFO] Sending to ptd: 'SR,V,245.080000'
ptd-server 2023-02-28 21:49:39,069 [INFO] Reply from ptd: 'Range V changed'
ptd-server 2023-02-28 21:49:39,070 [INFO] Sending to ptd: 'SR,A,0.235150'
ptd-server 2023-02-28 21:49:40,573 [INFO] Reply from ptd: 'Range A changed'
ptd-server 2023-02-28 21:49:50,584 [INFO] Starting testing mode
ptd-server 2023-02-28 21:49:50,584 [INFO] Sending to ptd: 'Go,1000,0,2023-02-28_21-38-39_testing'
ptd-server 2023-02-28 21:49:50,585 [INFO] Reply from ptd: 'Starting untimed measurement, maximum 500000 samples at 1000ms with 0 rampup samples'
ptd-server 2023-02-28 21:49:50,585 [INFO] Sending reply to client 'OK'
ptd-server 2023-02-28 22:00:12,181 [INFO] Got command from the client 'session,2023-02-28_21-38-39,stop,testing'
ptd-server 2023-02-28 22:00:22,192 [INFO] Sending to ptd: 'Stop'
ptd-server 2023-02-28 22:00:22,193 [INFO] Reply from ptd: 'Stopping untimed measurement'
ptd-server 2023-02-28 22:00:22,357 [INFO] Sending reply to client 'OK'
ptd-server 2023-02-28 22:00:22,374 [INFO] Got command from the client 'session,2023-02-28_21-38-39,done'
ptd-server 2023-02-28 22:00:22,374 [INFO] Sending to ptd: 'Stop'
ptd-server 2023-02-28 22:00:22,586 [INFO] Reply from ptd: 'Error: no measurement to stop'
ptd-server 2023-02-28 22:00:22,587 [INFO] Sending to ptd: 'SR,V,600.000000'
ptd-server 2023-02-28 22:00:24,090 [INFO] Reply from ptd: 'Range V changed'
ptd-server 2023-02-28 22:00:24,091 [INFO] Sending to ptd: 'SR,A,0.100000'
ptd-server 2023-02-28 22:00:25,594 [INFO] Reply from ptd: 'Range A changed'
ptd-server 2023-02-28 22:00:25,594 [INFO] Set initial values for Amps 0.100000 and Volts 600.000000
ptd-server 2023-02-28 22:00:25,595 [INFO] Stopping ptd...
