ptd-server 2023-02-28 19:05:21,189 [INFO] Got command from the client 'time'
ptd-server 2023-02-28 19:05:21,190 [INFO] Sending reply to client '1677611121.190022'
ptd-server 2023-02-28 19:05:21,195 [INFO] Got command from the client 'new,,c24d4b32-b08c-428e-b3de-dceb4ca2d688'
ptd-server 2023-02-28 19:05:21,196 [INFO] Sending reply to client 'OK 2023-02-28_19-05-21,97cd655f-0881-472d-a10e-5657c11f0c15'
ptd-server 2023-02-28 19:05:21,221 [INFO] Got command from the client 'time'
ptd-server 2023-02-28 19:05:21,222 [INFO] Sending reply to client '1677611121.2219956'
ptd-server 2023-02-28 19:05:21,225 [INFO] Got command from the client 'session,2023-02-28_19-05-21,start,ranging'
ptd-server 2023-02-28 19:05:21,225 [INFO] Running PTDaemon: ['/media/arjun/T7_Touch/hp-envy/CM/repos/local/cache/9b3695ca8255492a/power/inference_v1.0/ptd-linux-x86', '-l', '/tmp/tmpti64566v/ptd_logfile.txt', '-p', '8888', '49', '/dev/usbtmc0']
ptd-server 2023-02-28 19:05:38,330 [INFO] Sending to ptd: 'Hello'
ptd-server 2023-02-28 19:05:38,331 [INFO] Reply from ptd: 'Hello, PTDaemon here!'
ptd-server 2023-02-28 19:05:38,331 [INFO] Sending to ptd: 'Identify'
ptd-server 2023-02-28 19:05:38,331 [INFO] Reply from ptd: 'YokogawaWT310E,1000,1,1,1,1,0,1,1,version=1.10.0-ed9a21d2-20220817,OS=Linux 5.15.0-56-generic #62-Ubuntu SMP Tue Nov 22 19:54:14 UTC 2022 x86_64,mode=power,1,1,1,0,0,no_cal_date,YOKOGAWA;WT310E;C3YD21068E;F1.04'
ptd-server 2023-02-28 19:05:38,331 [INFO] Connected to PTDaemon
ptd-server 2023-02-28 19:05:38,331 [INFO] Sending to ptd: 'RR'
ptd-server 2023-02-28 19:05:38,332 [INFO] Reply from ptd: 'Ranges,0,0.100000,0,600.000000'
ptd-server 2023-02-28 19:05:38,332 [INFO] Initial range for Amps is 0.100000 for Volts is 600.000000
ptd-server 2023-02-28 19:05:38,332 [INFO] Sending to ptd: 'SR,V,Auto'
ptd-server 2023-02-28 19:05:38,835 [INFO] Reply from ptd: 'Range V changed'
ptd-server 2023-02-28 19:05:38,835 [INFO] Sending to ptd: 'SR,A,Auto'
ptd-server 2023-02-28 19:05:39,339 [INFO] Reply from ptd: 'Range A changed'
ptd-server 2023-02-28 19:05:49,350 [INFO] Starting ranging mode
ptd-server 2023-02-28 19:05:49,350 [INFO] Sending to ptd: 'Go,1000,0,2023-02-28_19-05-21_ranging'
ptd-server 2023-02-28 19:05:49,351 [INFO] Reply from ptd: 'Starting untimed measurement, maximum 500000 samples at 1000ms with 0 rampup samples'
ptd-server 2023-02-28 19:05:49,351 [INFO] Sending reply to client 'OK'
ptd-server 2023-02-28 19:23:22,658 [INFO] Got command from the client 'session,2023-02-28_19-05-21,stop,ranging'
ptd-server 2023-02-28 19:23:32,669 [INFO] Sending to ptd: 'Stop'
ptd-server 2023-02-28 19:23:32,670 [INFO] Reply from ptd: 'Stopping untimed measurement'
ptd-server 2023-02-28 19:23:32,994 [INFO] Sending reply to client 'OK'
ptd-server 2023-02-28 19:23:33,046 [INFO] Got command from the client 'time'
ptd-server 2023-02-28 19:23:33,047 [INFO] Sending reply to client '1677612213.046991'
ptd-server 2023-02-28 19:23:33,050 [INFO] Got command from the client 'session,2023-02-28_19-05-21,start,testing'
ptd-server 2023-02-28 19:23:33,050 [INFO] Sending to ptd: 'SR,V,248.040000'
ptd-server 2023-02-28 19:23:34,854 [INFO] Reply from ptd: 'Range V changed'
ptd-server 2023-02-28 19:23:34,855 [INFO] Sending to ptd: 'SR,A,0.172940'
ptd-server 2023-02-28 19:23:36,358 [INFO] Reply from ptd: 'Range A changed'
ptd-server 2023-02-28 19:23:46,369 [INFO] Starting testing mode
ptd-server 2023-02-28 19:23:46,369 [INFO] Sending to ptd: 'Go,1000,0,2023-02-28_19-05-21_testing'
ptd-server 2023-02-28 19:23:46,370 [INFO] Reply from ptd: 'Starting untimed measurement, maximum 500000 samples at 1000ms with 0 rampup samples'
ptd-server 2023-02-28 19:23:46,370 [INFO] Sending reply to client 'OK'
ptd-server 2023-02-28 19:41:13,617 [INFO] Got command from the client 'session,2023-02-28_19-05-21,stop,testing'
ptd-server 2023-02-28 19:41:23,629 [INFO] Sending to ptd: 'Stop'
ptd-server 2023-02-28 19:41:23,630 [INFO] Reply from ptd: 'Stopping untimed measurement'
ptd-server 2023-02-28 19:41:23,794 [INFO] Sending reply to client 'OK'
ptd-server 2023-02-28 19:41:23,811 [INFO] Got command from the client 'session,2023-02-28_19-05-21,done'
ptd-server 2023-02-28 19:41:23,812 [INFO] Sending to ptd: 'Stop'
ptd-server 2023-02-28 19:41:24,372 [INFO] Reply from ptd: 'Error: no measurement to stop'
ptd-server 2023-02-28 19:41:24,373 [INFO] Sending to ptd: 'SR,V,600.000000'
ptd-server 2023-02-28 19:41:25,875 [INFO] Reply from ptd: 'Range V changed'
ptd-server 2023-02-28 19:41:25,877 [INFO] Sending to ptd: 'SR,A,0.100000'
ptd-server 2023-02-28 19:41:27,380 [INFO] Reply from ptd: 'Range A changed'
ptd-server 2023-02-28 19:41:27,381 [INFO] Set initial values for Amps 0.100000 and Volts 600.000000
ptd-server 2023-02-28 19:41:27,381 [INFO] Stopping ptd...
