ptd-server 2023-03-02 09:10:14,177 [INFO] Got command from the client 'time'
ptd-server 2023-03-02 09:10:14,178 [INFO] Sending reply to client '1677748214.1781204'
ptd-server 2023-03-02 09:10:14,180 [INFO] Got command from the client 'new,,209f82ef-e57b-4218-979b-b3669da57392'
ptd-server 2023-03-02 09:10:14,181 [INFO] Sending reply to client 'OK 2023-03-02_09-10-14,ceefc83e-883f-430b-9061-8171aa9bd9f6'
ptd-server 2023-03-02 09:10:14,197 [INFO] Got command from the client 'time'
ptd-server 2023-03-02 09:10:14,197 [INFO] Sending reply to client '1677748214.1975617'
ptd-server 2023-03-02 09:10:14,200 [INFO] Got command from the client 'session,2023-03-02_09-10-14,start,ranging'
ptd-server 2023-03-02 09:10:14,200 [INFO] Running PTDaemon: ['/media/arjun/T7_Touch/hp-envy/CM/repos/local/cache/9b3695ca8255492a/power/inference_v1.0/ptd-linux-x86', '-l', '/tmp/tmpti64566v/ptd_logfile.txt', '-p', '8888', '49', '/dev/usbtmc0']
ptd-server 2023-03-02 09:10:31,309 [INFO] Sending to ptd: 'Hello'
ptd-server 2023-03-02 09:10:31,310 [INFO] Reply from ptd: 'Hello, PTDaemon here!'
ptd-server 2023-03-02 09:10:31,310 [INFO] Sending to ptd: 'Identify'
ptd-server 2023-03-02 09:10:31,311 [INFO] Reply from ptd: 'YokogawaWT310E,1000,1,1,1,1,0,1,1,version=1.10.0-ed9a21d2-20220817,OS=Linux 5.15.0-56-generic #62-Ubuntu SMP Tue Nov 22 19:54:14 UTC 2022 x86_64,mode=power,1,1,1,0,0,no_cal_date,YOKOGAWA;WT310E;C3YD21068E;F1.04'
ptd-server 2023-03-02 09:10:31,311 [INFO] Connected to PTDaemon
ptd-server 2023-03-02 09:10:31,311 [INFO] Sending to ptd: 'RR'
ptd-server 2023-03-02 09:10:31,312 [INFO] Reply from ptd: 'Ranges,1,1.000000,0,600.000000'
ptd-server 2023-03-02 09:10:31,313 [INFO] Initial range for Amps is Auto for Volts is 600.000000
ptd-server 2023-03-02 09:10:31,313 [INFO] Sending to ptd: 'SR,V,Auto'
ptd-server 2023-03-02 09:10:31,817 [INFO] Reply from ptd: 'Range V changed'
ptd-server 2023-03-02 09:10:31,817 [INFO] Sending to ptd: 'SR,A,Auto'
ptd-server 2023-03-02 09:10:32,321 [INFO] Reply from ptd: 'Range A changed'
ptd-server 2023-03-02 09:10:42,332 [INFO] Starting ranging mode
ptd-server 2023-03-02 09:10:42,333 [INFO] Sending to ptd: 'Go,1000,0,2023-03-02_09-10-14_ranging'
ptd-server 2023-03-02 09:10:42,334 [INFO] Reply from ptd: 'Starting untimed measurement, maximum 500000 samples at 1000ms with 0 rampup samples'
ptd-server 2023-03-02 09:10:42,334 [INFO] Sending reply to client 'OK'
ptd-server 2023-03-02 09:24:13,676 [INFO] Got command from the client 'session,2023-03-02_09-10-14,stop,ranging'
ptd-server 2023-03-02 09:24:23,677 [INFO] Sending to ptd: 'Stop'
ptd-server 2023-03-02 09:24:23,678 [INFO] Reply from ptd: 'Stopping untimed measurement'
ptd-server 2023-03-02 09:24:24,023 [INFO] Sending reply to client 'OK'
ptd-server 2023-03-02 09:24:24,045 [INFO] Got command from the client 'time'
ptd-server 2023-03-02 09:24:24,045 [INFO] Sending reply to client '1677749064.0453773'
ptd-server 2023-03-02 09:24:24,047 [INFO] Got command from the client 'session,2023-03-02_09-10-14,start,testing'
ptd-server 2023-03-02 09:24:24,047 [INFO] Sending to ptd: 'SR,V,248.230000'
ptd-server 2023-03-02 09:24:25,838 [INFO] Reply from ptd: 'Range V changed'
ptd-server 2023-03-02 09:24:25,838 [INFO] Sending to ptd: 'SR,A,1.426300'
ptd-server 2023-03-02 09:24:27,342 [INFO] Reply from ptd: 'Range A changed'
ptd-server 2023-03-02 09:24:37,353 [INFO] Starting testing mode
ptd-server 2023-03-02 09:24:37,353 [INFO] Sending to ptd: 'Go,1000,0,2023-03-02_09-10-14_testing'
ptd-server 2023-03-02 09:24:37,354 [INFO] Reply from ptd: 'Starting untimed measurement, maximum 500000 samples at 1000ms with 0 rampup samples'
ptd-server 2023-03-02 09:24:37,355 [INFO] Sending reply to client 'OK'
ptd-server 2023-03-02 09:34:47,832 [INFO] Got command from the client 'session,2023-03-02_09-10-14,stop,testing'
ptd-server 2023-03-02 09:34:57,843 [INFO] Sending to ptd: 'Stop'
ptd-server 2023-03-02 09:34:57,844 [INFO] Reply from ptd: 'Stopping untimed measurement'
ptd-server 2023-03-02 09:34:58,014 [INFO] Sending reply to client 'OK'
ptd-server 2023-03-02 09:34:58,018 [INFO] Got command from the client 'session,2023-03-02_09-10-14,done'
ptd-server 2023-03-02 09:34:58,018 [INFO] Sending to ptd: 'Stop'
ptd-server 2023-03-02 09:34:58,356 [INFO] Reply from ptd: 'Error: no measurement to stop'
ptd-server 2023-03-02 09:34:58,356 [INFO] Sending to ptd: 'SR,V,600.000000'
ptd-server 2023-03-02 09:34:59,859 [INFO] Reply from ptd: 'Range V changed'
ptd-server 2023-03-02 09:34:59,859 [INFO] Sending to ptd: 'SR,A,Auto'
ptd-server 2023-03-02 09:35:00,362 [INFO] Reply from ptd: 'Range A changed'
ptd-server 2023-03-02 09:35:00,363 [INFO] Set initial values for Amps Auto and Volts 600.000000
ptd-server 2023-03-02 09:35:00,363 [INFO] Stopping ptd...
