ptd-server 2023-02-28 23:13:57,664 [INFO] Got command from the client 'time'
ptd-server 2023-02-28 23:13:57,665 [INFO] Sending reply to client '1677626037.665152'
ptd-server 2023-02-28 23:13:57,669 [INFO] Got command from the client 'new,,dc55a974-d3e2-450b-8d97-07a2a9091e5a'
ptd-server 2023-02-28 23:13:57,670 [INFO] Sending reply to client 'OK 2023-02-28_23-13-57,cec40e4c-19f9-4d6b-bd95-51b1ecb79e13'
ptd-server 2023-02-28 23:13:57,707 [INFO] Got command from the client 'time'
ptd-server 2023-02-28 23:13:57,708 [INFO] Sending reply to client '1677626037.708283'
ptd-server 2023-02-28 23:13:57,711 [INFO] Got command from the client 'session,2023-02-28_23-13-57,start,ranging'
ptd-server 2023-02-28 23:13:57,712 [INFO] Running PTDaemon: ['/media/arjun/T7_Touch/hp-envy/CM/repos/local/cache/9b3695ca8255492a/power/inference_v1.0/ptd-linux-x86', '-l', '/tmp/tmpti64566v/ptd_logfile.txt', '-p', '8888', '49', '/dev/usbtmc0']
ptd-server 2023-02-28 23:14:14,820 [INFO] Sending to ptd: 'Hello'
ptd-server 2023-02-28 23:14:14,821 [INFO] Reply from ptd: 'Hello, PTDaemon here!'
ptd-server 2023-02-28 23:14:14,821 [INFO] Sending to ptd: 'Identify'
ptd-server 2023-02-28 23:14:14,821 [INFO] Reply from ptd: 'YokogawaWT310E,1000,1,1,1,1,0,1,1,version=1.10.0-ed9a21d2-20220817,OS=Linux 5.15.0-56-generic #62-Ubuntu SMP Tue Nov 22 19:54:14 UTC 2022 x86_64,mode=power,1,1,1,0,0,no_cal_date,YOKOGAWA;WT310E;C3YD21068E;F1.04'
ptd-server 2023-02-28 23:14:14,822 [INFO] Connected to PTDaemon
ptd-server 2023-02-28 23:14:14,822 [INFO] Sending to ptd: 'RR'
ptd-server 2023-02-28 23:14:14,822 [INFO] Reply from ptd: 'Ranges,0,0.100000,0,600.000000'
ptd-server 2023-02-28 23:14:14,823 [INFO] Initial range for Amps is 0.100000 for Volts is 600.000000
ptd-server 2023-02-28 23:14:14,823 [INFO] Sending to ptd: 'SR,V,Auto'
ptd-server 2023-02-28 23:14:15,326 [INFO] Reply from ptd: 'Range V changed'
ptd-server 2023-02-28 23:14:15,327 [INFO] Sending to ptd: 'SR,A,Auto'
ptd-server 2023-02-28 23:14:15,831 [INFO] Reply from ptd: 'Range A changed'
ptd-server 2023-02-28 23:14:25,842 [INFO] Starting ranging mode
ptd-server 2023-02-28 23:14:25,842 [INFO] Sending to ptd: 'Go,1000,0,2023-02-28_23-13-57_ranging'
ptd-server 2023-02-28 23:14:25,843 [INFO] Reply from ptd: 'Starting untimed measurement, maximum 500000 samples at 1000ms with 0 rampup samples'
ptd-server 2023-02-28 23:14:25,843 [INFO] Sending reply to client 'OK'
ptd-server 2023-02-28 23:26:30,061 [INFO] Got command from the client 'session,2023-02-28_23-13-57,stop,ranging'
ptd-server 2023-02-28 23:26:40,072 [INFO] Sending to ptd: 'Stop'
ptd-server 2023-02-28 23:26:40,073 [INFO] Reply from ptd: 'Stopping untimed measurement'
ptd-server 2023-02-28 23:26:40,421 [INFO] Sending reply to client 'OK'
ptd-server 2023-02-28 23:26:40,453 [INFO] Got command from the client 'time'
ptd-server 2023-02-28 23:26:40,453 [INFO] Sending reply to client '1677626800.4533145'
ptd-server 2023-02-28 23:26:40,455 [INFO] Got command from the client 'session,2023-02-28_23-13-57,start,testing'
ptd-server 2023-02-28 23:26:40,455 [INFO] Sending to ptd: 'SR,V,247.670000'
ptd-server 2023-02-28 23:26:42,347 [INFO] Reply from ptd: 'Range V changed'
ptd-server 2023-02-28 23:26:42,347 [INFO] Sending to ptd: 'SR,A,0.247250'
ptd-server 2023-02-28 23:26:43,850 [INFO] Reply from ptd: 'Range A changed'
ptd-server 2023-02-28 23:26:53,861 [INFO] Starting testing mode
ptd-server 2023-02-28 23:26:53,862 [INFO] Sending to ptd: 'Go,1000,0,2023-02-28_23-13-57_testing'
ptd-server 2023-02-28 23:26:53,863 [INFO] Reply from ptd: 'Starting untimed measurement, maximum 500000 samples at 1000ms with 0 rampup samples'
ptd-server 2023-02-28 23:26:53,863 [INFO] Sending reply to client 'OK'
ptd-server 2023-02-28 23:39:06,692 [INFO] Got command from the client 'session,2023-02-28_23-13-57,stop,testing'
ptd-server 2023-02-28 23:39:16,703 [INFO] Sending to ptd: 'Stop'
ptd-server 2023-02-28 23:39:16,704 [INFO] Reply from ptd: 'Stopping untimed measurement'
ptd-server 2023-02-28 23:39:16,875 [INFO] Sending reply to client 'OK'
ptd-server 2023-02-28 23:39:16,890 [INFO] Got command from the client 'session,2023-02-28_23-13-57,done'
ptd-server 2023-02-28 23:39:16,890 [INFO] Sending to ptd: 'Stop'
ptd-server 2023-02-28 23:39:16,891 [INFO] Reply from ptd: 'Error: no measurement to stop'
ptd-server 2023-02-28 23:39:16,891 [INFO] Sending to ptd: 'SR,V,600.000000'
ptd-server 2023-02-28 23:39:18,394 [INFO] Reply from ptd: 'Range V changed'
ptd-server 2023-02-28 23:39:18,394 [INFO] Sending to ptd: 'SR,A,0.100000'
ptd-server 2023-02-28 23:39:19,898 [INFO] Reply from ptd: 'Range A changed'
ptd-server 2023-02-28 23:39:19,898 [INFO] Set initial values for Amps 0.100000 and Volts 600.000000
ptd-server 2023-02-28 23:39:19,898 [INFO] Stopping ptd...
