ptd-server 2023-02-21 18:15:04,419 [INFO] Got command from the client 'time'
ptd-server 2023-02-21 18:15:04,419 [INFO] Sending reply to client '1677003304.4199133'
ptd-server 2023-02-21 18:15:04,420 [INFO] Got command from the client 'new,,a399d7bf-ff89-40e7-970c-af5508775253'
ptd-server 2023-02-21 18:15:04,421 [INFO] Sending reply to client 'OK 2023-02-21_18-15-04,8fdd8c82-ae5e-452c-a44e-fcc896564b92'
ptd-server 2023-02-21 18:15:04,511 [INFO] Got command from the client 'time'
ptd-server 2023-02-21 18:15:04,511 [INFO] Sending reply to client '1677003304.5113733'
ptd-server 2023-02-21 18:15:04,512 [INFO] Got command from the client 'session,2023-02-21_18-15-04,start,ranging'
ptd-server 2023-02-21 18:15:04,512 [INFO] Running PTDaemon: ['/home/anton/projects/mlperf/power/inference_v1.0/ptd-linux-x86', '-l', '/tmp/tmp4yl1neqp/ptd_logfile.txt', '-p', '8888', '49', '/dev/usbtmc0']
ptd-server 2023-02-21 18:15:21,586 [INFO] Sending to ptd: 'Hello'
ptd-server 2023-02-21 18:15:21,587 [INFO] Reply from ptd: 'Hello, PTDaemon here!'
ptd-server 2023-02-21 18:15:21,587 [INFO] Sending to ptd: 'Identify'
ptd-server 2023-02-21 18:15:21,588 [INFO] Reply from ptd: 'YokogawaWT310E,1000,1,1,1,1,0,1,1,version=1.10.0-ed9a21d2-20220817,OS=Linux 5.15.0-60-generic #66~20.04.1-Ubuntu SMP Wed Jan 25 09:41:30 UTC 2023 x86_64,mode=power,1,1,1,0,0,no_cal_date,YOKOGAWA;WT310E;C3XA04010E;F1.04'
ptd-server 2023-02-21 18:15:21,588 [INFO] Connected to PTDaemon
ptd-server 2023-02-21 18:15:21,588 [INFO] Sending to ptd: 'RR'
ptd-server 2023-02-21 18:15:21,588 [INFO] Reply from ptd: 'Ranges,1,0.100000,1,300.000000'
ptd-server 2023-02-21 18:15:21,588 [INFO] Initial range for Amps is Auto for Volts is Auto
ptd-server 2023-02-21 18:15:21,588 [INFO] Sending to ptd: 'SR,V,Auto'
ptd-server 2023-02-21 18:15:22,091 [INFO] Reply from ptd: 'Range V changed'
ptd-server 2023-02-21 18:15:22,091 [INFO] Sending to ptd: 'SR,A,Auto'
ptd-server 2023-02-21 18:15:22,593 [INFO] Reply from ptd: 'Range A changed'
ptd-server 2023-02-21 18:15:32,604 [INFO] Starting ranging mode
ptd-server 2023-02-21 18:15:32,604 [INFO] Sending to ptd: 'Go,1000,0,2023-02-21_18-15-04_ranging'
ptd-server 2023-02-21 18:15:32,604 [INFO] Reply from ptd: 'Starting untimed measurement, maximum 500000 samples at 1000ms with 0 rampup samples'
ptd-server 2023-02-21 18:15:32,605 [INFO] Sending reply to client 'OK'
ptd-server 2023-02-21 18:26:04,192 [INFO] Got command from the client 'session,2023-02-21_18-15-04,stop,ranging'
ptd-server 2023-02-21 18:26:14,202 [INFO] Sending to ptd: 'Stop'
ptd-server 2023-02-21 18:26:14,202 [INFO] Reply from ptd: 'Stopping untimed measurement'
ptd-server 2023-02-21 18:26:14,535 [INFO] Sending reply to client 'OK'
ptd-server 2023-02-21 18:26:14,565 [INFO] Got command from the client 'time'
ptd-server 2023-02-21 18:26:14,565 [INFO] Sending reply to client '1677003974.5656345'
ptd-server 2023-02-21 18:26:14,566 [INFO] Got command from the client 'session,2023-02-21_18-15-04,start,testing'
ptd-server 2023-02-21 18:26:14,566 [INFO] Sending to ptd: 'SR,V,249.600000'
ptd-server 2023-02-21 18:26:16,106 [INFO] Reply from ptd: 'Range V changed'
ptd-server 2023-02-21 18:26:16,106 [INFO] Sending to ptd: 'SR,A,0.050200'
ptd-server 2023-02-21 18:26:17,608 [INFO] Reply from ptd: 'Range A changed'
ptd-server 2023-02-21 18:26:27,618 [INFO] Starting testing mode
ptd-server 2023-02-21 18:26:27,618 [INFO] Sending to ptd: 'Go,1000,0,2023-02-21_18-15-04_testing'
ptd-server 2023-02-21 18:26:27,619 [INFO] Reply from ptd: 'Starting untimed measurement, maximum 500000 samples at 1000ms with 0 rampup samples'
ptd-server 2023-02-21 18:26:27,619 [INFO] Sending reply to client 'OK'
ptd-server 2023-02-21 18:36:59,053 [INFO] Got command from the client 'session,2023-02-21_18-15-04,stop,testing'
ptd-server 2023-02-21 18:37:09,060 [INFO] Sending to ptd: 'Stop'
ptd-server 2023-02-21 18:37:09,060 [INFO] Reply from ptd: 'Stopping untimed measurement'
ptd-server 2023-02-21 18:37:09,234 [INFO] Sending reply to client 'OK'
ptd-server 2023-02-21 18:37:09,243 [INFO] Got command from the client 'session,2023-02-21_18-15-04,done'
ptd-server 2023-02-21 18:37:09,243 [INFO] Sending to ptd: 'Stop'
ptd-server 2023-02-21 18:37:09,619 [INFO] Reply from ptd: 'Error: no measurement to stop'
ptd-server 2023-02-21 18:37:09,619 [INFO] Sending to ptd: 'SR,V,Auto'
ptd-server 2023-02-21 18:37:10,122 [INFO] Reply from ptd: 'Range V changed'
ptd-server 2023-02-21 18:37:10,122 [INFO] Sending to ptd: 'SR,A,Auto'
ptd-server 2023-02-21 18:37:10,629 [INFO] Reply from ptd: 'Range A changed'
ptd-server 2023-02-21 18:37:10,630 [INFO] Set initial values for Amps Auto and Volts Auto
ptd-server 2023-02-21 18:37:10,630 [INFO] Stopping ptd...
