ptd-server 2023-03-03 06:42:27,791 [INFO] Got command from the client 'time'
ptd-server 2023-03-03 06:42:27,792 [INFO] Sending reply to client '1677847347.7919958'
ptd-server 2023-03-03 06:42:27,793 [INFO] Got command from the client 'new,,32841272-b1e8-461b-bb8c-b5be77a44768'
ptd-server 2023-03-03 06:42:27,793 [INFO] Sending reply to client 'OK 2023-03-03_06-42-27,46dfef94-dd60-418e-8686-39313a34d101'
ptd-server 2023-03-03 06:42:27,873 [INFO] Got command from the client 'time'
ptd-server 2023-03-03 06:42:27,873 [INFO] Sending reply to client '1677847347.873689'
ptd-server 2023-03-03 06:42:27,874 [INFO] Got command from the client 'session,2023-03-03_06-42-27,start,ranging'
ptd-server 2023-03-03 06:42:27,875 [INFO] Running PTDaemon: ['/local/mnt/workspace/mlcommons/power-main/inference_v1.0/ptd-linux-x86', '-l', '/tmp/tmpqwe09ni1/ptd_logfile.txt', '-p', '8888', '49', '/dev/usbtmc0']
ptd-server 2023-03-03 06:42:44,897 [INFO] Sending to ptd: 'Hello'
ptd-server 2023-03-03 06:42:44,898 [INFO] Reply from ptd: 'Hello, PTDaemon here!'
ptd-server 2023-03-03 06:42:44,898 [INFO] Sending to ptd: 'Identify'
ptd-server 2023-03-03 06:42:44,899 [INFO] Reply from ptd: 'YokogawaWT310E,1000,1,1,1,1,0,1,1,version=1.10.0-ed9a21d2-20220817,OS=Linux 4.15.0-188-generic #199-Ubuntu SMP Wed Jun 15 20:42:56 UTC 2022 x86_64,mode=power,1,1,1,0,0,no_cal_date,YOKOGAWA;WT310E;C2XF16028V;F1.04'
ptd-server 2023-03-03 06:42:44,899 [INFO] Connected to PTDaemon
ptd-server 2023-03-03 06:42:44,900 [INFO] Sending to ptd: 'RR'
ptd-server 2023-03-03 06:42:44,900 [INFO] Reply from ptd: 'Ranges,1,5.000000,1,150.000000'
ptd-server 2023-03-03 06:42:44,900 [INFO] Initial range for Amps is Auto for Volts is Auto
ptd-server 2023-03-03 06:42:44,900 [INFO] Sending to ptd: 'SR,V,Auto'
ptd-server 2023-03-03 06:42:45,405 [INFO] Reply from ptd: 'Range V changed'
ptd-server 2023-03-03 06:42:45,405 [INFO] Sending to ptd: 'SR,A,Auto'
ptd-server 2023-03-03 06:42:45,908 [INFO] Reply from ptd: 'Range A changed'
ptd-server 2023-03-03 06:42:55,918 [INFO] Starting ranging mode
ptd-server 2023-03-03 06:42:55,919 [INFO] Sending to ptd: 'Go,1000,0,2023-03-03_06-42-27_ranging'
ptd-server 2023-03-03 06:42:55,919 [INFO] Reply from ptd: 'Starting untimed measurement, maximum 500000 samples at 1000ms with 0 rampup samples'
ptd-server 2023-03-03 06:42:55,920 [INFO] Sending reply to client 'OK'
ptd-server 2023-03-03 06:57:01,071 [INFO] Got command from the client 'session,2023-03-03_06-42-27,stop,ranging'
ptd-server 2023-03-03 06:57:11,082 [INFO] Sending to ptd: 'Stop'
ptd-server 2023-03-03 06:57:11,083 [INFO] Reply from ptd: 'Stopping untimed measurement'
ptd-server 2023-03-03 06:57:11,175 [INFO] Sending reply to client 'OK'
ptd-server 2023-03-03 06:57:11,281 [INFO] Got command from the client 'time'
ptd-server 2023-03-03 06:57:11,281 [INFO] Sending reply to client '1677848231.2812834'
ptd-server 2023-03-03 06:57:11,282 [INFO] Got command from the client 'session,2023-03-03_06-42-27,start,testing'
ptd-server 2023-03-03 06:57:11,282 [INFO] Sending to ptd: 'SR,V,119.880000'
ptd-server 2023-03-03 06:57:13,422 [INFO] Reply from ptd: 'Range V changed'
ptd-server 2023-03-03 06:57:13,422 [INFO] Sending to ptd: 'SR,A,6.787000'
ptd-server 2023-03-03 06:57:14,924 [INFO] Reply from ptd: 'Range A changed'
ptd-server 2023-03-03 06:57:24,935 [INFO] Starting testing mode
ptd-server 2023-03-03 06:57:24,935 [INFO] Sending to ptd: 'Go,1000,0,2023-03-03_06-42-27_testing'
ptd-server 2023-03-03 06:57:24,936 [INFO] Reply from ptd: 'Starting untimed measurement, maximum 500000 samples at 1000ms with 0 rampup samples'
ptd-server 2023-03-03 06:57:24,936 [INFO] Sending reply to client 'OK'
ptd-server 2023-03-03 07:11:30,009 [INFO] Got command from the client 'session,2023-03-03_06-42-27,stop,testing'
ptd-server 2023-03-03 07:11:40,020 [INFO] Sending to ptd: 'Stop'
ptd-server 2023-03-03 07:11:40,020 [INFO] Reply from ptd: 'Stopping untimed measurement'
ptd-server 2023-03-03 07:11:40,073 [INFO] Sending reply to client 'OK'
ptd-server 2023-03-03 07:11:40,079 [INFO] Got command from the client 'session,2023-03-03_06-42-27,done'
ptd-server 2023-03-03 07:11:40,079 [INFO] Sending to ptd: 'Stop'
ptd-server 2023-03-03 07:11:40,936 [INFO] Reply from ptd: 'Error: no measurement to stop'
ptd-server 2023-03-03 07:11:40,937 [INFO] Sending to ptd: 'SR,V,Auto'
ptd-server 2023-03-03 07:11:41,440 [INFO] Reply from ptd: 'Range V changed'
ptd-server 2023-03-03 07:11:41,440 [INFO] Sending to ptd: 'SR,A,Auto'
ptd-server 2023-03-03 07:11:41,943 [INFO] Reply from ptd: 'Range A changed'
ptd-server 2023-03-03 07:11:41,944 [INFO] Set initial values for Amps Auto and Volts Auto
ptd-server 2023-03-03 07:11:41,944 [INFO] Stopping ptd...
