ptd-server 2023-02-23 07:56:38,480 [INFO] Got command from the client 'time'
ptd-server 2023-02-23 07:56:38,480 [INFO] Sending reply to client '1677138998.4804564'
ptd-server 2023-02-23 07:56:38,481 [INFO] Got command from the client 'new,,23a9f1fc-006f-4ad1-a503-e2d4ad7b5f8c'
ptd-server 2023-02-23 07:56:38,482 [INFO] Sending reply to client 'OK 2023-02-23_07-56-38,5bfabe03-133f-4bf2-bb35-c07b40f20ab9'
ptd-server 2023-02-23 07:56:38,505 [INFO] Got command from the client 'time'
ptd-server 2023-02-23 07:56:38,505 [INFO] Sending reply to client '1677138998.5056746'
ptd-server 2023-02-23 07:56:38,506 [INFO] Got command from the client 'session,2023-02-23_07-56-38,start,ranging'
ptd-server 2023-02-23 07:56:38,507 [INFO] Running PTDaemon: ['/home/anton/projects/mlperf/power/inference_v1.0/ptd-linux-x86', '-l', '/tmp/tmp4yl1neqp/ptd_logfile.txt', '-p', '8888', '49', '/dev/usbtmc0']
ptd-server 2023-02-23 07:56:55,581 [INFO] Sending to ptd: 'Hello'
ptd-server 2023-02-23 07:56:55,582 [INFO] Reply from ptd: 'Hello, PTDaemon here!'
ptd-server 2023-02-23 07:56:55,582 [INFO] Sending to ptd: 'Identify'
ptd-server 2023-02-23 07:56:55,582 [INFO] Reply from ptd: 'YokogawaWT310E,1000,1,1,1,1,0,1,1,version=1.10.0-ed9a21d2-20220817,OS=Linux 5.15.0-60-generic #66~20.04.1-Ubuntu SMP Wed Jan 25 09:41:30 UTC 2023 x86_64,mode=power,1,1,1,0,0,no_cal_date,YOKOGAWA;WT310E;C3XA04010E;F1.04'
ptd-server 2023-02-23 07:56:55,582 [INFO] Connected to PTDaemon
ptd-server 2023-02-23 07:56:55,582 [INFO] Sending to ptd: 'RR'
ptd-server 2023-02-23 07:56:55,583 [INFO] Reply from ptd: 'Ranges,1,0.100000,1,300.000000'
ptd-server 2023-02-23 07:56:55,583 [INFO] Initial range for Amps is Auto for Volts is Auto
ptd-server 2023-02-23 07:56:55,583 [INFO] Sending to ptd: 'SR,V,Auto'
ptd-server 2023-02-23 07:56:56,085 [INFO] Reply from ptd: 'Range V changed'
ptd-server 2023-02-23 07:56:56,086 [INFO] Sending to ptd: 'SR,A,Auto'
ptd-server 2023-02-23 07:56:56,588 [INFO] Reply from ptd: 'Range A changed'
ptd-server 2023-02-23 07:57:06,598 [INFO] Starting ranging mode
ptd-server 2023-02-23 07:57:06,599 [INFO] Sending to ptd: 'Go,1000,0,2023-02-23_07-56-38_ranging'
ptd-server 2023-02-23 07:57:06,599 [INFO] Reply from ptd: 'Starting untimed measurement, maximum 500000 samples at 1000ms with 0 rampup samples'
ptd-server 2023-02-23 07:57:06,599 [INFO] Sending reply to client 'OK'
ptd-server 2023-02-23 08:07:25,267 [INFO] Got command from the client 'session,2023-02-23_07-56-38,stop,ranging'
ptd-server 2023-02-23 08:07:35,277 [INFO] Sending to ptd: 'Stop'
ptd-server 2023-02-23 08:07:35,278 [INFO] Reply from ptd: 'Stopping untimed measurement'
ptd-server 2023-02-23 08:07:35,838 [INFO] Sending reply to client 'OK'
ptd-server 2023-02-23 08:07:35,868 [INFO] Got command from the client 'time'
ptd-server 2023-02-23 08:07:35,868 [INFO] Sending reply to client '1677139655.868381'
ptd-server 2023-02-23 08:07:35,869 [INFO] Got command from the client 'session,2023-02-23_07-56-38,start,testing'
ptd-server 2023-02-23 08:07:35,869 [INFO] Sending to ptd: 'SR,V,252.260000'
ptd-server 2023-02-23 08:07:37,371 [INFO] Reply from ptd: 'Range V changed'
ptd-server 2023-02-23 08:07:37,371 [INFO] Sending to ptd: 'SR,A,0.047470'
ptd-server 2023-02-23 08:07:38,872 [INFO] Reply from ptd: 'Range A changed'
ptd-server 2023-02-23 08:07:48,882 [INFO] Starting testing mode
ptd-server 2023-02-23 08:07:48,883 [INFO] Sending to ptd: 'Go,1000,0,2023-02-23_07-56-38_testing'
ptd-server 2023-02-23 08:07:48,883 [INFO] Reply from ptd: 'Starting untimed measurement, maximum 500000 samples at 1000ms with 0 rampup samples'
ptd-server 2023-02-23 08:07:48,883 [INFO] Sending reply to client 'OK'
ptd-server 2023-02-23 08:18:07,587 [INFO] Got command from the client 'session,2023-02-23_07-56-38,stop,testing'
ptd-server 2023-02-23 08:18:17,596 [INFO] Sending to ptd: 'Stop'
ptd-server 2023-02-23 08:18:17,596 [INFO] Reply from ptd: 'Stopping untimed measurement'
ptd-server 2023-02-23 08:18:17,876 [INFO] Sending reply to client 'OK'
ptd-server 2023-02-23 08:18:17,884 [INFO] Got command from the client 'session,2023-02-23_07-56-38,done'
ptd-server 2023-02-23 08:18:17,884 [INFO] Sending to ptd: 'Stop'
ptd-server 2023-02-23 08:18:17,884 [INFO] Reply from ptd: 'Error: no measurement to stop'
ptd-server 2023-02-23 08:18:17,884 [INFO] Sending to ptd: 'SR,V,Auto'
ptd-server 2023-02-23 08:18:18,387 [INFO] Reply from ptd: 'Range V changed'
ptd-server 2023-02-23 08:18:18,387 [INFO] Sending to ptd: 'SR,A,Auto'
ptd-server 2023-02-23 08:18:18,889 [INFO] Reply from ptd: 'Range A changed'
ptd-server 2023-02-23 08:18:18,890 [INFO] Set initial values for Amps Auto and Volts Auto
ptd-server 2023-02-23 08:18:18,890 [INFO] Stopping ptd...
