client 2023-02-25 16:09:50,580 [INFO] Creating output directory '/home/arjun/mobilenet_results/valid_results/arjun_orin-tflite_armnn_cpp-cpu-armnn_tflite-v22.11-using_neon/mobilenet-v1-precision_float-0.25-192/singlestream/performance/tmp_power'
client 2023-02-25 16:09:50,729 [INFO] Sending command to the server: 'mlcommons/power client v3'
client 2023-02-25 16:09:50,734 [INFO] Got response: 'mlcommons/power server v3'
client 2023-02-25 16:09:50,734 [INFO] Synchronizing with the server and with time.google.com...
client 2023-02-25 16:09:50,800 [INFO] NTP:offset = -0.005 s, delay = 0.022 s 
client 2023-02-25 16:09:50,800 [INFO] Sending command to the server: 'time'
client 2023-02-25 16:09:50,803 [INFO] Got response: '1677341390.800354'
client 2023-02-25 16:09:50,803 [INFO] The time difference between the client and the server is within range 0.283 ms..3.448 ms
client 2023-02-25 16:09:50,804 [INFO] Sending command to the server: 'new,,6f0fc87b-19f3-451e-9370-677b18c21e1e'
client 2023-02-25 16:09:50,809 [INFO] Got response: 'OK 2023-02-25_16-09-50,c2d2a8af-d9d8-4eff-9543-1e0f6d37c5ed'
client 2023-02-25 16:09:50,809 [INFO] Session id is '2023-02-25_16-09-50'
client 2023-02-25 16:09:50,810 [INFO] Sources: {"sources": {"__init__.py": "da39a3ee5e6b4b0d3255bfef95601890afd80709", "client.py": "33ca4f26368777ac06e01f9567b714a4b8063886", "lib/__init__.py": "da39a3ee5e6b4b0d3255bfef95601890afd80709", "lib/client.py": "4c2b78fb4849a7e5b584ef792d82aaed20b17f57", "lib/common.py": "624d0c0acc7c39aaff3674f0b99d6a09da53d1dc", "lib/external/__init__.py": "da39a3ee5e6b4b0d3255bfef95601890afd80709", "lib/external/ntplib.py": "4da8f970656505a40483206ef2b5d3dd5e81711d", "lib/server.py": "cda0cdfaee9bfa1249c64a7dd4f89b7bf1b279f0", "lib/source_hashes.py": "60a2e02193209e8d392803326208d5466342da18", "lib/summary.py": "aa92f0a3f975eecd44d3c0cd0236342ccc9f941d", "lib/time_sync.py": "3210db56eb0ff0df57bf4293dc4d4b03fffd46f1", "server.py": "c3f90f2f7eeb4db30727556d0c815ebc89b3d28b", "tests/unit/__init__.py": "da39a3ee5e6b4b0d3255bfef95601890afd80709", "tests/unit/test_server.py": "99ae15aef722f2000ee6ed1ae1523637bf1ae42b", "tests/unit/test_source_hashes.py": "00468a2907583c593e6574a1f6b404e4651c221a"}, "modules": {"ptd_client_server.lib.client": "lib/client.py", "ptd_client_server.lib.common": "lib/common.py", "ptd_client_server.lib.external.ntplib": "lib/external/ntplib.py", "ptd_client_server.lib.source_hashes": "lib/source_hashes.py", "ptd_client_server.lib.summary": "lib/summary.py", "ptd_client_server.lib.time_sync": "lib/time_sync.py"}}
client 2023-02-25 16:09:50,810 [INFO] Running workload in ranging mode
client 2023-02-25 16:09:50,811 [INFO] Synchronizing with the server and with time.google.com...
client 2023-02-25 16:09:50,840 [INFO] NTP:offset = -0.002 s, delay = 0.027 s 
client 2023-02-25 16:09:50,841 [INFO] Sending command to the server: 'time'
client 2023-02-25 16:09:50,846 [INFO] Got response: '1677341390.8416624'
client 2023-02-25 16:09:50,846 [INFO] The time difference between the client and the server is within range -0.643 ms..5.001 ms
client 2023-02-25 16:09:50,846 [INFO] Sending command to the server: 'session,2023-02-25_16-09-50,start,ranging'
client 2023-02-25 16:10:18,984 [INFO] Got response: 'OK'
client 2023-02-25 16:10:18,985 [INFO] Running the workload '/home/arjun/CM/repos/octoml@ck/cm-mlops/script/run-mlperf-inference-mobilenet-models/run.out'
client 2023-02-25 16:20:46,037 [INFO] Sending command to the server: 'session,2023-02-25_16-09-50,stop,ranging'
client 2023-02-25 16:20:56,201 [INFO] Got response: 'OK'
client 2023-02-25 16:20:56,220 [INFO] Copying loadgen logs from '/home/arjun/mobilenet_results/valid_results/arjun_orin-tflite_armnn_cpp-cpu-armnn_tflite-v22.11-using_neon/mobilenet-v1-precision_float-0.25-192/singlestream/performance/run_1' to '/home/arjun/mobilenet_results/valid_results/arjun_orin-tflite_armnn_cpp-cpu-armnn_tflite-v22.11-using_neon/mobilenet-v1-precision_float-0.25-192/singlestream/performance/tmp_power/ranging'
client 2023-02-25 16:20:56,223 [INFO] Running workload in testing mode
client 2023-02-25 16:20:56,223 [INFO] Synchronizing with the server and with time.google.com...
client 2023-02-25 16:20:56,257 [INFO] NTP:offset = -0.007 s, delay = 0.017 s 
client 2023-02-25 16:20:56,258 [INFO] Sending command to the server: 'time'
client 2023-02-25 16:20:56,260 [INFO] Got response: '1677342056.2586563'
client 2023-02-25 16:20:56,261 [INFO] The time difference between the client and the server is within range -0.478 ms..2.512 ms
client 2023-02-25 16:20:56,261 [INFO] Sending command to the server: 'session,2023-02-25_16-09-50,start,testing'
client 2023-02-25 16:21:10,003 [INFO] Got response: 'OK'
client 2023-02-25 16:21:10,004 [INFO] Running the workload '/home/arjun/CM/repos/octoml@ck/cm-mlops/script/run-mlperf-inference-mobilenet-models/run.out'
client 2023-02-25 16:31:33,131 [INFO] Sending command to the server: 'session,2023-02-25_16-09-50,stop,testing'
client 2023-02-25 16:31:43,399 [INFO] Got response: 'OK'
client 2023-02-25 16:31:43,404 [INFO] Copying loadgen logs from '/home/arjun/mobilenet_results/valid_results/arjun_orin-tflite_armnn_cpp-cpu-armnn_tflite-v22.11-using_neon/mobilenet-v1-precision_float-0.25-192/singlestream/performance/run_1' to '/home/arjun/mobilenet_results/valid_results/arjun_orin-tflite_armnn_cpp-cpu-armnn_tflite-v22.11-using_neon/mobilenet-v1-precision_float-0.25-192/singlestream/performance/tmp_power/run_1'
client 2023-02-25 16:31:43,406 [INFO] Done runs
