ptd-server 2023-02-25 16:09:50,800 [INFO] Got command from the client 'time'
ptd-server 2023-02-25 16:09:50,800 [INFO] Sending reply to client '1677341390.800354'
ptd-server 2023-02-25 16:09:50,804 [INFO] Got command from the client 'new,,6f0fc87b-19f3-451e-9370-677b18c21e1e'
ptd-server 2023-02-25 16:09:50,804 [INFO] Sending reply to client 'OK 2023-02-25_16-09-50,c2d2a8af-d9d8-4eff-9543-1e0f6d37c5ed'
ptd-server 2023-02-25 16:09:50,841 [INFO] Got command from the client 'time'
ptd-server 2023-02-25 16:09:50,841 [INFO] Sending reply to client '1677341390.8416624'
ptd-server 2023-02-25 16:09:50,847 [INFO] Got command from the client 'session,2023-02-25_16-09-50,start,ranging'
ptd-server 2023-02-25 16:09:50,847 [INFO] Running PTDaemon: ['/media/arjun/T7_Touch/hp-envy/CM/repos/local/cache/9b3695ca8255492a/power/inference_v1.0/ptd-linux-x86', '-l', '/tmp/tmpti64566v/ptd_logfile.txt', '-p', '8888', '49', '/dev/usbtmc0']
ptd-server 2023-02-25 16:10:07,955 [INFO] Sending to ptd: 'Hello'
ptd-server 2023-02-25 16:10:07,956 [INFO] Reply from ptd: 'Hello, PTDaemon here!'
ptd-server 2023-02-25 16:10:07,956 [INFO] Sending to ptd: 'Identify'
ptd-server 2023-02-25 16:10:07,957 [INFO] Reply from ptd: 'YokogawaWT310E,1000,1,1,1,1,0,1,1,version=1.10.0-ed9a21d2-20220817,OS=Linux 5.15.0-56-generic #62-Ubuntu SMP Tue Nov 22 19:54:14 UTC 2022 x86_64,mode=power,1,1,1,0,0,no_cal_date,YOKOGAWA;WT310E;C3YD21068E;F1.04'
ptd-server 2023-02-25 16:10:07,957 [INFO] Connected to PTDaemon
ptd-server 2023-02-25 16:10:07,957 [INFO] Sending to ptd: 'RR'
ptd-server 2023-02-25 16:10:07,958 [INFO] Reply from ptd: 'Ranges,0,0.100000,0,600.000000'
ptd-server 2023-02-25 16:10:07,959 [INFO] Initial range for Amps is 0.100000 for Volts is 600.000000
ptd-server 2023-02-25 16:10:07,959 [INFO] Sending to ptd: 'SR,V,Auto'
ptd-server 2023-02-25 16:10:08,462 [INFO] Reply from ptd: 'Range V changed'
ptd-server 2023-02-25 16:10:08,463 [INFO] Sending to ptd: 'SR,A,Auto'
ptd-server 2023-02-25 16:10:08,966 [INFO] Reply from ptd: 'Range A changed'
ptd-server 2023-02-25 16:10:18,977 [INFO] Starting ranging mode
ptd-server 2023-02-25 16:10:18,978 [INFO] Sending to ptd: 'Go,1000,0,2023-02-25_16-09-50_ranging'
ptd-server 2023-02-25 16:10:18,978 [INFO] Reply from ptd: 'Starting untimed measurement, maximum 500000 samples at 1000ms with 0 rampup samples'
ptd-server 2023-02-25 16:10:18,979 [INFO] Sending reply to client 'OK'
ptd-server 2023-02-25 16:20:46,038 [INFO] Got command from the client 'session,2023-02-25_16-09-50,stop,ranging'
ptd-server 2023-02-25 16:20:56,049 [INFO] Sending to ptd: 'Stop'
ptd-server 2023-02-25 16:20:56,050 [INFO] Reply from ptd: 'Stopping untimed measurement'
ptd-server 2023-02-25 16:20:56,198 [INFO] Sending reply to client 'OK'
ptd-server 2023-02-25 16:20:56,258 [INFO] Got command from the client 'time'
ptd-server 2023-02-25 16:20:56,258 [INFO] Sending reply to client '1677342056.2586563'
ptd-server 2023-02-25 16:20:56,261 [INFO] Got command from the client 'session,2023-02-25_16-09-50,start,testing'
ptd-server 2023-02-25 16:20:56,262 [INFO] Sending to ptd: 'SR,V,245.030000'
ptd-server 2023-02-25 16:20:58,483 [INFO] Reply from ptd: 'Range V changed'
ptd-server 2023-02-25 16:20:58,483 [INFO] Sending to ptd: 'SR,A,0.195240'
ptd-server 2023-02-25 16:20:59,986 [INFO] Reply from ptd: 'Range A changed'
ptd-server 2023-02-25 16:21:09,998 [INFO] Starting testing mode
ptd-server 2023-02-25 16:21:09,998 [INFO] Sending to ptd: 'Go,1000,0,2023-02-25_16-09-50_testing'
ptd-server 2023-02-25 16:21:09,999 [INFO] Reply from ptd: 'Starting untimed measurement, maximum 500000 samples at 1000ms with 0 rampup samples'
ptd-server 2023-02-25 16:21:09,999 [INFO] Sending reply to client 'OK'
ptd-server 2023-02-25 16:31:33,316 [INFO] Got command from the client 'session,2023-02-25_16-09-50,stop,testing'
ptd-server 2023-02-25 16:31:43,322 [INFO] Sending to ptd: 'Stop'
ptd-server 2023-02-25 16:31:43,323 [INFO] Reply from ptd: 'Stopping untimed measurement'
ptd-server 2023-02-25 16:31:43,400 [INFO] Sending reply to client 'OK'
ptd-server 2023-02-25 16:31:43,417 [INFO] Got command from the client 'session,2023-02-25_16-09-50,done'
ptd-server 2023-02-25 16:31:43,417 [INFO] Sending to ptd: 'Stop'
ptd-server 2023-02-25 16:31:44,001 [INFO] Reply from ptd: 'Error: no measurement to stop'
ptd-server 2023-02-25 16:31:44,001 [INFO] Sending to ptd: 'SR,V,600.000000'
ptd-server 2023-02-25 16:31:45,504 [INFO] Reply from ptd: 'Range V changed'
ptd-server 2023-02-25 16:31:45,505 [INFO] Sending to ptd: 'SR,A,0.100000'
ptd-server 2023-02-25 16:31:47,007 [INFO] Reply from ptd: 'Range A changed'
ptd-server 2023-02-25 16:31:47,008 [INFO] Set initial values for Amps 0.100000 and Volts 600.000000
ptd-server 2023-02-25 16:31:47,008 [INFO] Stopping ptd...
