ptd-server 2023-02-20 06:07:23,024 [INFO] Got command from the client 'time'
ptd-server 2023-02-20 06:07:23,024 [INFO] Sending reply to client '1676873243.0248172'
ptd-server 2023-02-20 06:07:23,025 [INFO] Got command from the client 'new,,1de25621-4bdc-4e7d-ab65-5225231078ea'
ptd-server 2023-02-20 06:07:23,026 [INFO] Sending reply to client 'OK 2023-02-20_06-07-23,eb68a329-56cb-42a2-8618-557083dcf6fb'
ptd-server 2023-02-20 06:07:23,053 [INFO] Got command from the client 'time'
ptd-server 2023-02-20 06:07:23,053 [INFO] Sending reply to client '1676873243.0537026'
ptd-server 2023-02-20 06:07:23,054 [INFO] Got command from the client 'session,2023-02-20_06-07-23,start,ranging'
ptd-server 2023-02-20 06:07:23,055 [INFO] Running PTDaemon: ['/home/anton/projects/mlperf/power/inference_v1.0/ptd-linux-x86', '-l', '/tmp/tmp4yl1neqp/ptd_logfile.txt', '-p', '8888', '49', '/dev/usbtmc0']
ptd-server 2023-02-20 06:07:40,128 [INFO] Sending to ptd: 'Hello'
ptd-server 2023-02-20 06:07:40,128 [INFO] Reply from ptd: 'Hello, PTDaemon here!'
ptd-server 2023-02-20 06:07:40,129 [INFO] Sending to ptd: 'Identify'
ptd-server 2023-02-20 06:07:40,129 [INFO] Reply from ptd: 'YokogawaWT310E,1000,1,1,1,1,0,1,1,version=1.10.0-ed9a21d2-20220817,OS=Linux 5.15.0-60-generic #66~20.04.1-Ubuntu SMP Wed Jan 25 09:41:30 UTC 2023 x86_64,mode=power,1,1,1,0,0,no_cal_date,YOKOGAWA;WT310E;C3XA04010E;F1.04'
ptd-server 2023-02-20 06:07:40,129 [INFO] Connected to PTDaemon
ptd-server 2023-02-20 06:07:40,129 [INFO] Sending to ptd: 'RR'
ptd-server 2023-02-20 06:07:40,130 [INFO] Reply from ptd: 'Ranges,0,0.500000,1,300.000000'
ptd-server 2023-02-20 06:07:40,130 [INFO] Initial range for Amps is 0.500000 for Volts is Auto
ptd-server 2023-02-20 06:07:40,130 [INFO] Sending to ptd: 'SR,V,Auto'
ptd-server 2023-02-20 06:07:40,632 [INFO] Reply from ptd: 'Range V changed'
ptd-server 2023-02-20 06:07:40,632 [INFO] Sending to ptd: 'SR,A,Auto'
ptd-server 2023-02-20 06:07:41,135 [INFO] Reply from ptd: 'Range A changed'
ptd-server 2023-02-20 06:07:51,145 [INFO] Starting ranging mode
ptd-server 2023-02-20 06:07:51,145 [INFO] Sending to ptd: 'Go,1000,0,2023-02-20_06-07-23_ranging'
ptd-server 2023-02-20 06:07:51,146 [INFO] Reply from ptd: 'Starting untimed measurement, maximum 500000 samples at 1000ms with 0 rampup samples'
ptd-server 2023-02-20 06:07:51,146 [INFO] Sending reply to client 'OK'
ptd-server 2023-02-20 06:18:19,566 [INFO] Got command from the client 'session,2023-02-20_06-07-23,stop,ranging'
ptd-server 2023-02-20 06:18:29,577 [INFO] Sending to ptd: 'Stop'
ptd-server 2023-02-20 06:18:29,577 [INFO] Reply from ptd: 'Stopping untimed measurement'
ptd-server 2023-02-20 06:18:29,734 [INFO] Sending reply to client 'OK'
ptd-server 2023-02-20 06:18:29,801 [INFO] Got command from the client 'time'
ptd-server 2023-02-20 06:18:29,801 [INFO] Sending reply to client '1676873909.8012652'
ptd-server 2023-02-20 06:18:29,802 [INFO] Got command from the client 'session,2023-02-20_06-07-23,start,testing'
ptd-server 2023-02-20 06:18:29,802 [INFO] Sending to ptd: 'SR,V,249.370000'
ptd-server 2023-02-20 06:18:31,648 [INFO] Reply from ptd: 'Range V changed'
ptd-server 2023-02-20 06:18:31,648 [INFO] Sending to ptd: 'SR,A,0.070520'
ptd-server 2023-02-20 06:18:33,149 [INFO] Reply from ptd: 'Range A changed'
ptd-server 2023-02-20 06:18:43,160 [INFO] Starting testing mode
ptd-server 2023-02-20 06:18:43,160 [INFO] Sending to ptd: 'Go,1000,0,2023-02-20_06-07-23_testing'
ptd-server 2023-02-20 06:18:43,160 [INFO] Reply from ptd: 'Starting untimed measurement, maximum 500000 samples at 1000ms with 0 rampup samples'
ptd-server 2023-02-20 06:18:43,161 [INFO] Sending reply to client 'OK'
ptd-server 2023-02-20 06:29:10,122 [INFO] Got command from the client 'session,2023-02-20_06-07-23,stop,testing'
ptd-server 2023-02-20 06:29:20,132 [INFO] Sending to ptd: 'Stop'
ptd-server 2023-02-20 06:29:20,132 [INFO] Reply from ptd: 'Stopping untimed measurement'
ptd-server 2023-02-20 06:29:20,218 [INFO] Sending reply to client 'OK'
ptd-server 2023-02-20 06:29:20,226 [INFO] Got command from the client 'session,2023-02-20_06-07-23,done'
ptd-server 2023-02-20 06:29:20,226 [INFO] Sending to ptd: 'Stop'
ptd-server 2023-02-20 06:29:20,226 [INFO] Reply from ptd: 'Error: no measurement to stop'
ptd-server 2023-02-20 06:29:20,226 [INFO] Sending to ptd: 'SR,V,Auto'
ptd-server 2023-02-20 06:29:20,729 [INFO] Reply from ptd: 'Range V changed'
ptd-server 2023-02-20 06:29:20,729 [INFO] Sending to ptd: 'SR,A,0.500000'
ptd-server 2023-02-20 06:29:22,230 [INFO] Reply from ptd: 'Range A changed'
ptd-server 2023-02-20 06:29:22,231 [INFO] Set initial values for Amps 0.500000 and Volts Auto
ptd-server 2023-02-20 06:29:22,231 [INFO] Stopping ptd...
