ptd-server 2023-02-20 10:10:31,235 [INFO] Got command from the client 'time'
ptd-server 2023-02-20 10:10:31,235 [INFO] Sending reply to client '1676887831.235807'
ptd-server 2023-02-20 10:10:31,236 [INFO] Got command from the client 'new,,1134a381-7cad-4975-9048-a985e3729171'
ptd-server 2023-02-20 10:10:31,237 [INFO] Sending reply to client 'OK 2023-02-20_10-10-31,4dcf868a-995d-4b4d-b5cb-43ca4519ddbc'
ptd-server 2023-02-20 10:10:31,257 [INFO] Got command from the client 'time'
ptd-server 2023-02-20 10:10:31,257 [INFO] Sending reply to client '1676887831.257444'
ptd-server 2023-02-20 10:10:31,258 [INFO] Got command from the client 'session,2023-02-20_10-10-31,start,ranging'
ptd-server 2023-02-20 10:10:31,258 [INFO] Running PTDaemon: ['/home/anton/projects/mlperf/power/inference_v1.0/ptd-linux-x86', '-l', '/tmp/tmp4yl1neqp/ptd_logfile.txt', '-p', '8888', '49', '/dev/usbtmc0']
ptd-server 2023-02-20 10:10:48,332 [INFO] Sending to ptd: 'Hello'
ptd-server 2023-02-20 10:10:48,333 [INFO] Reply from ptd: 'Hello, PTDaemon here!'
ptd-server 2023-02-20 10:10:48,333 [INFO] Sending to ptd: 'Identify'
ptd-server 2023-02-20 10:10:48,333 [INFO] Reply from ptd: 'YokogawaWT310E,1000,1,1,1,1,0,1,1,version=1.10.0-ed9a21d2-20220817,OS=Linux 5.15.0-60-generic #66~20.04.1-Ubuntu SMP Wed Jan 25 09:41:30 UTC 2023 x86_64,mode=power,1,1,1,0,0,no_cal_date,YOKOGAWA;WT310E;C3XA04010E;F1.04'
ptd-server 2023-02-20 10:10:48,333 [INFO] Connected to PTDaemon
ptd-server 2023-02-20 10:10:48,333 [INFO] Sending to ptd: 'RR'
ptd-server 2023-02-20 10:10:48,334 [INFO] Reply from ptd: 'Ranges,1,0.100000,1,300.000000'
ptd-server 2023-02-20 10:10:48,334 [INFO] Initial range for Amps is Auto for Volts is Auto
ptd-server 2023-02-20 10:10:48,334 [INFO] Sending to ptd: 'SR,V,Auto'
ptd-server 2023-02-20 10:10:48,836 [INFO] Reply from ptd: 'Range V changed'
ptd-server 2023-02-20 10:10:48,836 [INFO] Sending to ptd: 'SR,A,Auto'
ptd-server 2023-02-20 10:10:49,339 [INFO] Reply from ptd: 'Range A changed'
ptd-server 2023-02-20 10:10:59,349 [INFO] Starting ranging mode
ptd-server 2023-02-20 10:10:59,349 [INFO] Sending to ptd: 'Go,1000,0,2023-02-20_10-10-31_ranging'
ptd-server 2023-02-20 10:10:59,350 [INFO] Reply from ptd: 'Starting untimed measurement, maximum 500000 samples at 1000ms with 0 rampup samples'
ptd-server 2023-02-20 10:10:59,350 [INFO] Sending reply to client 'OK'
ptd-server 2023-02-20 10:21:26,490 [INFO] Got command from the client 'session,2023-02-20_10-10-31,stop,ranging'
ptd-server 2023-02-20 10:21:36,500 [INFO] Sending to ptd: 'Stop'
ptd-server 2023-02-20 10:21:36,501 [INFO] Reply from ptd: 'Stopping untimed measurement'
ptd-server 2023-02-20 10:21:36,685 [INFO] Sending reply to client 'OK'
ptd-server 2023-02-20 10:21:36,764 [INFO] Got command from the client 'time'
ptd-server 2023-02-20 10:21:36,764 [INFO] Sending reply to client '1676888496.764362'
ptd-server 2023-02-20 10:21:36,765 [INFO] Got command from the client 'session,2023-02-20_10-10-31,start,testing'
ptd-server 2023-02-20 10:21:36,765 [INFO] Sending to ptd: 'SR,V,253.850000'
ptd-server 2023-02-20 10:21:38,852 [INFO] Reply from ptd: 'Range V changed'
ptd-server 2023-02-20 10:21:38,852 [INFO] Sending to ptd: 'SR,A,0.057460'
ptd-server 2023-02-20 10:21:40,353 [INFO] Reply from ptd: 'Range A changed'
ptd-server 2023-02-20 10:21:50,363 [INFO] Starting testing mode
ptd-server 2023-02-20 10:21:50,364 [INFO] Sending to ptd: 'Go,1000,0,2023-02-20_10-10-31_testing'
ptd-server 2023-02-20 10:21:50,364 [INFO] Reply from ptd: 'Starting untimed measurement, maximum 500000 samples at 1000ms with 0 rampup samples'
ptd-server 2023-02-20 10:21:50,364 [INFO] Sending reply to client 'OK'
ptd-server 2023-02-20 10:32:17,472 [INFO] Got command from the client 'session,2023-02-20_10-10-31,stop,testing'
ptd-server 2023-02-20 10:32:27,483 [INFO] Sending to ptd: 'Stop'
ptd-server 2023-02-20 10:32:27,483 [INFO] Reply from ptd: 'Stopping untimed measurement'
ptd-server 2023-02-20 10:32:27,582 [INFO] Sending reply to client 'OK'
ptd-server 2023-02-20 10:32:27,590 [INFO] Got command from the client 'session,2023-02-20_10-10-31,done'
ptd-server 2023-02-20 10:32:27,590 [INFO] Sending to ptd: 'Stop'
ptd-server 2023-02-20 10:32:28,364 [INFO] Reply from ptd: 'Error: no measurement to stop'
ptd-server 2023-02-20 10:32:28,364 [INFO] Sending to ptd: 'SR,V,Auto'
ptd-server 2023-02-20 10:32:28,867 [INFO] Reply from ptd: 'Range V changed'
ptd-server 2023-02-20 10:32:28,867 [INFO] Sending to ptd: 'SR,A,Auto'
ptd-server 2023-02-20 10:32:29,370 [INFO] Reply from ptd: 'Range A changed'
ptd-server 2023-02-20 10:32:29,370 [INFO] Set initial values for Amps Auto and Volts Auto
ptd-server 2023-02-20 10:32:29,370 [INFO] Stopping ptd...
