ptd-server 2023-02-24 17:37:22,039 [INFO] Got command from the client 'stop'
ptd-server 2023-02-24 17:37:22,039 [INFO] The server will be stopped after processing this client
ptd-server 2023-02-24 17:37:22,039 [INFO] Sending reply to client 'OK'
ptd-server 2023-02-24 17:37:22,041 [INFO] Got command from the client 'time'
ptd-server 2023-02-24 17:37:22,042 [INFO] Sending reply to client '1677260242.0420415'
ptd-server 2023-02-24 17:37:22,042 [INFO] Got command from the client 'new,,8d70f1aa-95a6-4cca-b0a7-5d0921bb9ad4'
ptd-server 2023-02-24 17:37:22,042 [INFO] Sending reply to client 'OK 2023-02-24_17-37-22,25b707bd-7723-4a10-942b-32073f92c9c2'
ptd-server 2023-02-24 17:37:22,044 [INFO] Got command from the client 'time'
ptd-server 2023-02-24 17:37:22,044 [INFO] Sending reply to client '1677260242.0448043'
ptd-server 2023-02-24 17:37:22,044 [INFO] Got command from the client 'session,2023-02-24_17-37-22,start,ranging'
ptd-server 2023-02-24 17:37:22,153 [INFO] Running PTDaemon: ['C:\\PTD\\ptd-windows-x86.exe', '-l', 'C:\\Users\\pa\\AppData\\Local\\Temp\\tmpmqnbm276\\ptd_logfile.txt', '-p', '8888', '-c', '1,2', '-y', '77', 'C2WL21005V']
ptd-server 2023-02-24 17:37:41,443 [INFO] Sending to ptd: 'Hello'
ptd-server 2023-02-24 17:37:41,444 [INFO] Reply from ptd: 'Hello, PTDaemon here!'
ptd-server 2023-02-24 17:37:41,444 [INFO] Sending to ptd: 'Identify'
ptd-server 2023-02-24 17:37:41,444 [INFO] Reply from ptd: 'YokogawaWT330_multichannel,1000,1,1,1,1,0,0,1,version=1.10.0-82175bac-20220817,OS=Windows 8 / Server 2012,mode=power,1,1,2,0,0,no_cal_date,YOKOGAWA;WT333;C2WL21005V;F1.04EM'
ptd-server 2023-02-24 17:37:41,445 [INFO] Connected to PTDaemon
ptd-server 2023-02-24 17:37:41,445 [INFO] Sending to ptd: 'RR'
ptd-server 2023-02-24 17:37:41,445 [INFO] Reply from ptd: 'Ranges,1,5.000000,1,150.000000'
ptd-server 2023-02-24 17:37:41,446 [INFO] Initial range for Amps is Auto for Volts is Auto
ptd-server 2023-02-24 17:37:41,446 [INFO] Sending to ptd: 'SR,V,Auto'
ptd-server 2023-02-24 17:37:46,522 [INFO] Reply from ptd: 'Range V changed'
ptd-server 2023-02-24 17:37:46,523 [INFO] Sending to ptd: 'SR,A,Auto'
ptd-server 2023-02-24 17:37:51,601 [INFO] Reply from ptd: 'Range A changed'
ptd-server 2023-02-24 17:38:01,610 [INFO] Starting ranging mode
ptd-server 2023-02-24 17:38:01,610 [INFO] Sending to ptd: 'Go,1000,0,2023-02-24_17-37-22_ranging'
ptd-server 2023-02-24 17:38:01,610 [INFO] Reply from ptd: 'Starting untimed measurement, maximum 500000 samples at 1000ms with 0 rampup samples'
ptd-server 2023-02-24 17:38:01,611 [INFO] Sending reply to client 'OK'
ptd-server 2023-02-24 17:49:00,384 [INFO] Got command from the client 'session,2023-02-24_17-37-22,stop,ranging'
ptd-server 2023-02-24 17:49:10,391 [INFO] Sending to ptd: 'Stop'
ptd-server 2023-02-24 17:49:10,392 [INFO] Reply from ptd: 'Stopping untimed measurement'
ptd-server 2023-02-24 17:49:10,419 [INFO] Sending reply to client 'OK'
ptd-server 2023-02-24 17:49:10,427 [INFO] Got command from the client 'time'
ptd-server 2023-02-24 17:49:10,427 [INFO] Sending reply to client '1677260950.4277399'
ptd-server 2023-02-24 17:49:10,428 [INFO] Got command from the client 'session,2023-02-24_17-37-22,start,testing'
ptd-server 2023-02-24 17:49:10,428 [INFO] Sending to ptd: 'SR,V,119.970000'
ptd-server 2023-02-24 17:49:16,702 [INFO] Reply from ptd: 'Range V changed'
ptd-server 2023-02-24 17:49:16,703 [INFO] Sending to ptd: 'SR,A,3.448900'
ptd-server 2023-02-24 17:49:22,277 [INFO] Reply from ptd: 'Range A changed'
ptd-server 2023-02-24 17:49:32,278 [INFO] Starting testing mode
ptd-server 2023-02-24 17:49:32,278 [INFO] Sending to ptd: 'Go,1000,0,2023-02-24_17-37-22_testing'
ptd-server 2023-02-24 17:49:32,279 [INFO] Reply from ptd: 'Starting untimed measurement, maximum 500000 samples at 1000ms with 0 rampup samples'
ptd-server 2023-02-24 17:49:32,279 [INFO] Sending reply to client 'OK'
ptd-server 2023-02-24 18:00:38,489 [INFO] Got command from the client 'session,2023-02-24_17-37-22,stop,testing'
ptd-server 2023-02-24 18:00:48,503 [INFO] Sending to ptd: 'Stop'
ptd-server 2023-02-24 18:00:48,503 [INFO] Reply from ptd: 'Stopping untimed measurement'
ptd-server 2023-02-24 18:00:48,517 [INFO] Sending reply to client 'OK'
ptd-server 2023-02-24 18:00:48,527 [INFO] Got command from the client 'session,2023-02-24_17-37-22,done'
ptd-server 2023-02-24 18:00:48,527 [INFO] Sending to ptd: 'Stop'
ptd-server 2023-02-24 18:00:49,294 [INFO] Reply from ptd: 'Error: no measurement to stop'
ptd-server 2023-02-24 18:00:49,295 [INFO] Sending to ptd: 'SR,V,Auto'
ptd-server 2023-02-24 18:00:54,360 [INFO] Reply from ptd: 'Range V changed'
ptd-server 2023-02-24 18:00:54,361 [INFO] Sending to ptd: 'SR,A,Auto'
ptd-server 2023-02-24 18:00:59,432 [INFO] Reply from ptd: 'Range A changed'
ptd-server 2023-02-24 18:00:59,433 [INFO] Set initial values for Amps Auto and Volts Auto
ptd-server 2023-02-24 18:00:59,433 [INFO] Stopping ptd...
