ptd-server 2023-03-02 13:03:44,895 [INFO] Got command from the client 'time'
ptd-server 2023-03-02 13:03:44,895 [INFO] Sending reply to client '1677762224.895553'
ptd-server 2023-03-02 13:03:44,897 [INFO] Got command from the client 'new,,b1b7601b-edd7-4771-9cb0-3b2aba5da0f8'
ptd-server 2023-03-02 13:03:44,898 [INFO] Sending reply to client 'OK 2023-03-02_13-03-44,7cc2daa9-7996-4098-ab2e-6b39e721050a'
ptd-server 2023-03-02 13:03:44,919 [INFO] Got command from the client 'time'
ptd-server 2023-03-02 13:03:44,919 [INFO] Sending reply to client '1677762224.9197242'
ptd-server 2023-03-02 13:03:44,921 [INFO] Got command from the client 'session,2023-03-02_13-03-44,start,ranging'
ptd-server 2023-03-02 13:03:44,922 [INFO] Running PTDaemon: ['/media/arjun/T7_Touch/hp-envy/CM/repos/local/cache/9b3695ca8255492a/power/inference_v1.0/ptd-linux-x86', '-l', '/tmp/tmpti64566v/ptd_logfile.txt', '-p', '8888', '49', '/dev/usbtmc0']
ptd-server 2023-03-02 13:04:02,027 [INFO] Sending to ptd: 'Hello'
ptd-server 2023-03-02 13:04:02,027 [INFO] Reply from ptd: 'Hello, PTDaemon here!'
ptd-server 2023-03-02 13:04:02,028 [INFO] Sending to ptd: 'Identify'
ptd-server 2023-03-02 13:04:02,029 [INFO] Reply from ptd: 'YokogawaWT310E,1000,1,1,1,1,0,1,1,version=1.10.0-ed9a21d2-20220817,OS=Linux 5.15.0-56-generic #62-Ubuntu SMP Tue Nov 22 19:54:14 UTC 2022 x86_64,mode=power,1,1,1,0,0,no_cal_date,YOKOGAWA;WT310E;C3YD21068E;F1.04'
ptd-server 2023-03-02 13:04:02,029 [INFO] Connected to PTDaemon
ptd-server 2023-03-02 13:04:02,029 [INFO] Sending to ptd: 'RR'
ptd-server 2023-03-02 13:04:02,030 [INFO] Reply from ptd: 'Ranges,1,1.000000,0,600.000000'
ptd-server 2023-03-02 13:04:02,030 [INFO] Initial range for Amps is Auto for Volts is 600.000000
ptd-server 2023-03-02 13:04:02,031 [INFO] Sending to ptd: 'SR,V,Auto'
ptd-server 2023-03-02 13:04:02,535 [INFO] Reply from ptd: 'Range V changed'
ptd-server 2023-03-02 13:04:02,535 [INFO] Sending to ptd: 'SR,A,Auto'
ptd-server 2023-03-02 13:04:03,039 [INFO] Reply from ptd: 'Range A changed'
ptd-server 2023-03-02 13:04:13,050 [INFO] Starting ranging mode
ptd-server 2023-03-02 13:04:13,051 [INFO] Sending to ptd: 'Go,1000,0,2023-03-02_13-03-44_ranging'
ptd-server 2023-03-02 13:04:13,052 [INFO] Reply from ptd: 'Starting untimed measurement, maximum 500000 samples at 1000ms with 0 rampup samples'
ptd-server 2023-03-02 13:04:13,052 [INFO] Sending reply to client 'OK'
ptd-server 2023-03-02 13:16:23,868 [INFO] Got command from the client 'session,2023-03-02_13-03-44,stop,ranging'
ptd-server 2023-03-02 13:16:33,879 [INFO] Sending to ptd: 'Stop'
ptd-server 2023-03-02 13:16:33,880 [INFO] Reply from ptd: 'Stopping untimed measurement'
ptd-server 2023-03-02 13:16:34,245 [INFO] Sending reply to client 'OK'
ptd-server 2023-03-02 13:16:34,279 [INFO] Got command from the client 'time'
ptd-server 2023-03-02 13:16:34,279 [INFO] Sending reply to client '1677762994.2798734'
ptd-server 2023-03-02 13:16:34,281 [INFO] Got command from the client 'session,2023-03-02_13-03-44,start,testing'
ptd-server 2023-03-02 13:16:34,281 [INFO] Sending to ptd: 'SR,V,247.010000'
ptd-server 2023-03-02 13:16:35,784 [INFO] Reply from ptd: 'Range V changed'
ptd-server 2023-03-02 13:16:35,784 [INFO] Sending to ptd: 'SR,A,1.527000'
ptd-server 2023-03-02 13:16:37,287 [INFO] Reply from ptd: 'Range A changed'
ptd-server 2023-03-02 13:16:47,298 [INFO] Starting testing mode
ptd-server 2023-03-02 13:16:47,298 [INFO] Sending to ptd: 'Go,1000,0,2023-03-02_13-03-44_testing'
ptd-server 2023-03-02 13:16:47,299 [INFO] Reply from ptd: 'Starting untimed measurement, maximum 500000 samples at 1000ms with 0 rampup samples'
ptd-server 2023-03-02 13:16:47,300 [INFO] Sending reply to client 'OK'
ptd-server 2023-03-02 13:27:41,589 [INFO] Got command from the client 'session,2023-03-02_13-03-44,stop,testing'
ptd-server 2023-03-02 13:27:51,600 [INFO] Sending to ptd: 'Stop'
ptd-server 2023-03-02 13:27:51,601 [INFO] Reply from ptd: 'Stopping untimed measurement'
ptd-server 2023-03-02 13:27:51,782 [INFO] Sending reply to client 'OK'
ptd-server 2023-03-02 13:27:51,786 [INFO] Got command from the client 'session,2023-03-02_13-03-44,done'
ptd-server 2023-03-02 13:27:51,786 [INFO] Sending to ptd: 'Stop'
ptd-server 2023-03-02 13:27:52,300 [INFO] Reply from ptd: 'Error: no measurement to stop'
ptd-server 2023-03-02 13:27:52,301 [INFO] Sending to ptd: 'SR,V,600.000000'
ptd-server 2023-03-02 13:27:53,803 [INFO] Reply from ptd: 'Range V changed'
ptd-server 2023-03-02 13:27:53,804 [INFO] Sending to ptd: 'SR,A,Auto'
ptd-server 2023-03-02 13:27:54,308 [INFO] Reply from ptd: 'Range A changed'
ptd-server 2023-03-02 13:27:54,308 [INFO] Set initial values for Amps Auto and Volts 600.000000
ptd-server 2023-03-02 13:27:54,309 [INFO] Stopping ptd...
