ptd-server 2023-02-28 17:26:11,084 [INFO] Got command from the client 'time'
ptd-server 2023-02-28 17:26:11,085 [INFO] Sending reply to client '1677605171.0851429'
ptd-server 2023-02-28 17:26:11,086 [INFO] Got command from the client 'new,,0004a6f1-765a-4850-8b1d-2e4b56d5bddb'
ptd-server 2023-02-28 17:26:11,087 [INFO] Sending reply to client 'OK 2023-02-28_17-26-11,869fe5cd-635b-415e-ba48-34db6fcc0dbb'
ptd-server 2023-02-28 17:26:11,109 [INFO] Got command from the client 'time'
ptd-server 2023-02-28 17:26:11,110 [INFO] Sending reply to client '1677605171.1100786'
ptd-server 2023-02-28 17:26:11,111 [INFO] Got command from the client 'session,2023-02-28_17-26-11,start,ranging'
ptd-server 2023-02-28 17:26:11,112 [INFO] Running PTDaemon: ['/home/anton/projects/mlperf/power/inference_v1.0/ptd-linux-x86', '-l', '/tmp/tmpu4v721n6/ptd_logfile.txt', '-p', '8888', '49', '/dev/usbtmc0']
ptd-server 2023-02-28 17:26:28,199 [INFO] Sending to ptd: 'Hello'
ptd-server 2023-02-28 17:26:28,200 [INFO] Reply from ptd: 'Hello, PTDaemon here!'
ptd-server 2023-02-28 17:26:28,200 [INFO] Sending to ptd: 'Identify'
ptd-server 2023-02-28 17:26:28,200 [INFO] Reply from ptd: 'YokogawaWT310E,1000,1,1,1,1,0,1,1,version=1.10.0-ed9a21d2-20220817,OS=Linux 5.15.0-60-generic #66~20.04.1-Ubuntu SMP Wed Jan 25 09:41:30 UTC 2023 x86_64,mode=power,1,1,1,0,0,no_cal_date,YOKOGAWA;WT310E;C3XA04010E;F1.04'
ptd-server 2023-02-28 17:26:28,200 [INFO] Connected to PTDaemon
ptd-server 2023-02-28 17:26:28,200 [INFO] Sending to ptd: 'RR'
ptd-server 2023-02-28 17:26:28,201 [INFO] Reply from ptd: 'Ranges,0,0.100000,0,300.000000'
ptd-server 2023-02-28 17:26:28,201 [INFO] Initial range for Amps is 0.100000 for Volts is 300.000000
ptd-server 2023-02-28 17:26:28,201 [INFO] Sending to ptd: 'SR,V,Auto'
ptd-server 2023-02-28 17:26:28,703 [INFO] Reply from ptd: 'Range V changed'
ptd-server 2023-02-28 17:26:28,704 [INFO] Sending to ptd: 'SR,A,Auto'
ptd-server 2023-02-28 17:26:29,206 [INFO] Reply from ptd: 'Range A changed'
ptd-server 2023-02-28 17:26:39,216 [INFO] Starting ranging mode
ptd-server 2023-02-28 17:26:39,217 [INFO] Sending to ptd: 'Go,1000,0,2023-02-28_17-26-11_ranging'
ptd-server 2023-02-28 17:26:39,217 [INFO] Reply from ptd: 'Starting untimed measurement, maximum 500000 samples at 1000ms with 0 rampup samples'
ptd-server 2023-02-28 17:26:39,217 [INFO] Sending reply to client 'OK'
ptd-server 2023-02-28 17:37:02,908 [INFO] Got command from the client 'session,2023-02-28_17-26-11,stop,ranging'
ptd-server 2023-02-28 17:37:12,919 [INFO] Sending to ptd: 'Stop'
ptd-server 2023-02-28 17:37:12,919 [INFO] Reply from ptd: 'Stopping untimed measurement'
ptd-server 2023-02-28 17:37:13,428 [INFO] Sending reply to client 'OK'
ptd-server 2023-02-28 17:37:13,473 [INFO] Got command from the client 'time'
ptd-server 2023-02-28 17:37:13,473 [INFO] Sending reply to client '1677605833.4734251'
ptd-server 2023-02-28 17:37:13,475 [INFO] Got command from the client 'session,2023-02-28_17-26-11,start,testing'
ptd-server 2023-02-28 17:37:13,476 [INFO] Sending to ptd: 'SR,V,249.510000'
ptd-server 2023-02-28 17:37:14,977 [INFO] Reply from ptd: 'Range V changed'
ptd-server 2023-02-28 17:37:14,977 [INFO] Sending to ptd: 'SR,A,0.080240'
ptd-server 2023-02-28 17:37:16,479 [INFO] Reply from ptd: 'Range A changed'
ptd-server 2023-02-28 17:37:26,488 [INFO] Starting testing mode
ptd-server 2023-02-28 17:37:26,488 [INFO] Sending to ptd: 'Go,1000,0,2023-02-28_17-26-11_testing'
ptd-server 2023-02-28 17:37:26,488 [INFO] Reply from ptd: 'Starting untimed measurement, maximum 500000 samples at 1000ms with 0 rampup samples'
ptd-server 2023-02-28 17:37:26,489 [INFO] Sending reply to client 'OK'
ptd-server 2023-02-28 17:47:50,050 [INFO] Got command from the client 'session,2023-02-28_17-26-11,stop,testing'
ptd-server 2023-02-28 17:48:00,060 [INFO] Sending to ptd: 'Stop'
ptd-server 2023-02-28 17:48:00,060 [INFO] Reply from ptd: 'Stopping untimed measurement'
ptd-server 2023-02-28 17:48:00,322 [INFO] Sending reply to client 'OK'
ptd-server 2023-02-28 17:48:00,340 [INFO] Got command from the client 'session,2023-02-28_17-26-11,done'
ptd-server 2023-02-28 17:48:00,340 [INFO] Sending to ptd: 'Stop'
ptd-server 2023-02-28 17:48:00,488 [INFO] Reply from ptd: 'Error: no measurement to stop'
ptd-server 2023-02-28 17:48:00,489 [INFO] Sending to ptd: 'SR,V,300.000000'
ptd-server 2023-02-28 17:48:01,990 [INFO] Reply from ptd: 'Range V changed'
ptd-server 2023-02-28 17:48:01,990 [INFO] Sending to ptd: 'SR,A,0.100000'
ptd-server 2023-02-28 17:48:03,491 [INFO] Reply from ptd: 'Range A changed'
ptd-server 2023-02-28 17:48:03,491 [INFO] Set initial values for Amps 0.100000 and Volts 300.000000
ptd-server 2023-02-28 17:48:03,492 [INFO] Stopping ptd...
