ptd-server 2023-02-25 07:26:38,962 [INFO] Got command from the client 'time'
ptd-server 2023-02-25 07:26:38,962 [INFO] Sending reply to client '1677331598.962951'
ptd-server 2023-02-25 07:26:38,965 [INFO] Got command from the client 'new,,869ec9a3-f9b2-41c8-a817-182f4626f5e7'
ptd-server 2023-02-25 07:26:38,965 [INFO] Sending reply to client 'OK 2023-02-25_07-26-38,ce3aa8bb-97c7-4091-9512-6b1205f49126'
ptd-server 2023-02-25 07:26:39,071 [INFO] Got command from the client 'time'
ptd-server 2023-02-25 07:26:39,072 [INFO] Sending reply to client '1677331599.072168'
ptd-server 2023-02-25 07:26:39,074 [INFO] Got command from the client 'session,2023-02-25_07-26-38,start,ranging'
ptd-server 2023-02-25 07:26:39,075 [INFO] Running PTDaemon: ['/local/mnt/workspace/mlcommons/power-main/inference_v1.0/ptd-linux-x86', '-l', '/tmp/tmpjxnnhn9w/ptd_logfile.txt', '-p', '8888', '-c', '1', '52', '/dev/usbtmc0']
ptd-server 2023-02-25 07:26:56,095 [INFO] Sending to ptd: 'Hello'
ptd-server 2023-02-25 07:26:56,096 [INFO] Reply from ptd: 'Hello, PTDaemon here!'
ptd-server 2023-02-25 07:26:56,096 [INFO] Sending to ptd: 'Identify'
ptd-server 2023-02-25 07:26:56,097 [INFO] Reply from ptd: 'YokogawaWT330,1000,1,1,1,1,0,0,1,version=1.10.0-ed9a21d2-20220817,OS=Linux 5.4.0-120-generic #136~18.04.1-Ubuntu SMP Fri Jun 10 18:00:44 UTC 2022 x86_64,mode=power,1,1,1,0,0,no_cal_date,YOKOGAWA;WT333;C2QH26002V;F1.06'
ptd-server 2023-02-25 07:26:56,097 [INFO] Connected to PTDaemon
ptd-server 2023-02-25 07:26:56,097 [INFO] Sending to ptd: 'RR'
ptd-server 2023-02-25 07:26:56,098 [INFO] Reply from ptd: 'Ranges,1,0.500000,1,150.000000'
ptd-server 2023-02-25 07:26:56,098 [INFO] Initial range for Amps is Auto for Volts is Auto
ptd-server 2023-02-25 07:26:56,098 [INFO] Sending to ptd: 'SR,V,Auto'
ptd-server 2023-02-25 07:26:56,641 [INFO] Reply from ptd: 'Range V changed'
ptd-server 2023-02-25 07:26:56,641 [INFO] Sending to ptd: 'SR,A,Auto'
ptd-server 2023-02-25 07:26:57,145 [INFO] Reply from ptd: 'Range A changed'
ptd-server 2023-02-25 07:27:07,153 [INFO] Starting ranging mode
ptd-server 2023-02-25 07:27:07,153 [INFO] Sending to ptd: 'Go,1000,0,2023-02-25_07-26-38_ranging'
ptd-server 2023-02-25 07:27:07,154 [INFO] Reply from ptd: 'Starting untimed measurement, maximum 500000 samples at 1000ms with 0 rampup samples'
ptd-server 2023-02-25 07:27:07,154 [INFO] Sending reply to client 'OK'
ptd-server 2023-02-25 07:39:43,455 [INFO] Got command from the client 'session,2023-02-25_07-26-38,stop,ranging'
ptd-server 2023-02-25 07:39:53,457 [INFO] Sending to ptd: 'Stop'
ptd-server 2023-02-25 07:39:53,458 [INFO] Reply from ptd: 'Stopping untimed measurement'
ptd-server 2023-02-25 07:39:53,482 [INFO] Sending reply to client 'OK'
ptd-server 2023-02-25 07:39:53,608 [INFO] Got command from the client 'time'
ptd-server 2023-02-25 07:39:53,608 [INFO] Sending reply to client '1677332393.6086771'
ptd-server 2023-02-25 07:39:53,611 [INFO] Got command from the client 'session,2023-02-25_07-26-38,start,testing'
ptd-server 2023-02-25 07:39:53,611 [INFO] Sending to ptd: 'SR,V,120.120000'
ptd-server 2023-02-25 07:39:55,656 [INFO] Reply from ptd: 'Range V changed'
ptd-server 2023-02-25 07:39:55,656 [INFO] Sending to ptd: 'SR,A,0.205030'
ptd-server 2023-02-25 07:39:57,159 [INFO] Reply from ptd: 'Range A changed'
ptd-server 2023-02-25 07:40:07,169 [INFO] Starting testing mode
ptd-server 2023-02-25 07:40:07,169 [INFO] Sending to ptd: 'Go,1000,0,2023-02-25_07-26-38_testing'
ptd-server 2023-02-25 07:40:07,170 [INFO] Reply from ptd: 'Starting untimed measurement, maximum 500000 samples at 1000ms with 0 rampup samples'
ptd-server 2023-02-25 07:40:07,170 [INFO] Sending reply to client 'OK'
ptd-server 2023-02-25 07:52:40,705 [INFO] Got command from the client 'session,2023-02-25_07-26-38,stop,testing'
ptd-server 2023-02-25 07:52:50,716 [INFO] Sending to ptd: 'Stop'
ptd-server 2023-02-25 07:52:50,716 [INFO] Reply from ptd: 'Stopping untimed measurement'
ptd-server 2023-02-25 07:52:50,728 [INFO] Sending reply to client 'OK'
ptd-server 2023-02-25 07:52:50,762 [INFO] Got command from the client 'session,2023-02-25_07-26-38,done'
ptd-server 2023-02-25 07:52:50,762 [INFO] Sending to ptd: 'Stop'
ptd-server 2023-02-25 07:52:51,171 [INFO] Reply from ptd: 'Error: no measurement to stop'
ptd-server 2023-02-25 07:52:51,171 [INFO] Sending to ptd: 'SR,V,Auto'
ptd-server 2023-02-25 07:52:51,675 [INFO] Reply from ptd: 'Range V changed'
ptd-server 2023-02-25 07:52:51,675 [INFO] Sending to ptd: 'SR,A,Auto'
ptd-server 2023-02-25 07:52:52,178 [INFO] Reply from ptd: 'Range A changed'
ptd-server 2023-02-25 07:52:52,178 [INFO] Set initial values for Amps Auto and Volts Auto
ptd-server 2023-02-25 07:52:52,179 [INFO] Stopping ptd...
