ptd-server 2023-02-13 10:31:11,758 [INFO] Got command from the client 'time'
ptd-server 2023-02-13 10:31:11,758 [INFO] Sending reply to client '1676284271.7587159'
ptd-server 2023-02-13 10:31:11,759 [INFO] Got command from the client 'new,,8d0f0d16-7238-43d5-9379-181e77b4e56a'
ptd-server 2023-02-13 10:31:11,761 [INFO] Sending reply to client 'OK 2023-02-13_10-31-11,ec0796d9-dc85-4a5f-a82e-26fa59c150f0'
ptd-server 2023-02-13 10:31:11,783 [INFO] Got command from the client 'time'
ptd-server 2023-02-13 10:31:11,783 [INFO] Sending reply to client '1676284271.7837355'
ptd-server 2023-02-13 10:31:11,786 [INFO] Got command from the client 'session,2023-02-13_10-31-11,start,ranging'
ptd-server 2023-02-13 10:31:11,786 [INFO] Running PTDaemon: ['/home/anton/projects/mlperf/power/inference_v1.0/ptd-linux-x86', '-l', '/tmp/tmp4yl1neqp/ptd_logfile.txt', '-p', '8888', '49', '/dev/usbtmc0']
ptd-server 2023-02-13 10:31:28,863 [INFO] Sending to ptd: 'Hello'
ptd-server 2023-02-13 10:31:28,864 [INFO] Reply from ptd: 'Hello, PTDaemon here!'
ptd-server 2023-02-13 10:31:28,864 [INFO] Sending to ptd: 'Identify'
ptd-server 2023-02-13 10:31:28,864 [INFO] Reply from ptd: 'YokogawaWT310E,1000,1,1,1,1,0,1,1,version=1.10.0-ed9a21d2-20220817,OS=Linux 5.15.0-60-generic #66~20.04.1-Ubuntu SMP Wed Jan 25 09:41:30 UTC 2023 x86_64,mode=power,1,1,1,0,0,no_cal_date,YOKOGAWA;WT310E;C3XA04010E;F1.04'
ptd-server 2023-02-13 10:31:28,864 [INFO] Connected to PTDaemon
ptd-server 2023-02-13 10:31:28,864 [INFO] Sending to ptd: 'RR'
ptd-server 2023-02-13 10:31:28,864 [INFO] Reply from ptd: 'Ranges,0,0.500000,1,300.000000'
ptd-server 2023-02-13 10:31:28,865 [INFO] Initial range for Amps is 0.500000 for Volts is Auto
ptd-server 2023-02-13 10:31:28,865 [INFO] Sending to ptd: 'SR,V,Auto'
ptd-server 2023-02-13 10:31:29,367 [INFO] Reply from ptd: 'Range V changed'
ptd-server 2023-02-13 10:31:29,367 [INFO] Sending to ptd: 'SR,A,Auto'
ptd-server 2023-02-13 10:31:29,869 [INFO] Reply from ptd: 'Range A changed'
ptd-server 2023-02-13 10:31:39,876 [INFO] Starting ranging mode
ptd-server 2023-02-13 10:31:39,876 [INFO] Sending to ptd: 'Go,1000,0,2023-02-13_10-31-11_ranging'
ptd-server 2023-02-13 10:31:39,876 [INFO] Reply from ptd: 'Starting untimed measurement, maximum 500000 samples at 1000ms with 0 rampup samples'
ptd-server 2023-02-13 10:31:39,877 [INFO] Sending reply to client 'OK'
ptd-server 2023-02-13 10:44:34,268 [INFO] Got command from the client 'session,2023-02-13_10-31-11,stop,ranging'
ptd-server 2023-02-13 10:44:44,278 [INFO] Sending to ptd: 'Stop'
ptd-server 2023-02-13 10:44:44,279 [INFO] Reply from ptd: 'Stopping untimed measurement'
ptd-server 2023-02-13 10:44:44,347 [INFO] Sending reply to client 'OK'
ptd-server 2023-02-13 10:44:44,412 [INFO] Got command from the client 'time'
ptd-server 2023-02-13 10:44:44,412 [INFO] Sending reply to client '1676285084.412554'
ptd-server 2023-02-13 10:44:44,416 [INFO] Got command from the client 'session,2023-02-13_10-31-11,start,testing'
ptd-server 2023-02-13 10:44:44,416 [INFO] Sending to ptd: 'SR,V,252.560000'
ptd-server 2023-02-13 10:44:46,377 [INFO] Reply from ptd: 'Range V changed'
ptd-server 2023-02-13 10:44:46,378 [INFO] Sending to ptd: 'SR,A,0.211010'
ptd-server 2023-02-13 10:44:47,879 [INFO] Reply from ptd: 'Range A changed'
ptd-server 2023-02-13 10:44:57,889 [INFO] Starting testing mode
ptd-server 2023-02-13 10:44:57,889 [INFO] Sending to ptd: 'Go,1000,0,2023-02-13_10-31-11_testing'
ptd-server 2023-02-13 10:44:57,890 [INFO] Reply from ptd: 'Starting untimed measurement, maximum 500000 samples at 1000ms with 0 rampup samples'
ptd-server 2023-02-13 10:44:57,890 [INFO] Sending reply to client 'OK'
ptd-server 2023-02-13 10:57:50,191 [INFO] Got command from the client 'session,2023-02-13_10-31-11,stop,testing'
ptd-server 2023-02-13 10:58:00,192 [INFO] Sending to ptd: 'Stop'
ptd-server 2023-02-13 10:58:00,193 [INFO] Reply from ptd: 'Stopping untimed measurement'
ptd-server 2023-02-13 10:58:00,227 [INFO] Sending reply to client 'OK'
ptd-server 2023-02-13 10:58:00,261 [INFO] Got command from the client 'session,2023-02-13_10-31-11,done'
ptd-server 2023-02-13 10:58:00,261 [INFO] Sending to ptd: 'Stop'
ptd-server 2023-02-13 10:58:00,891 [INFO] Reply from ptd: 'Error: no measurement to stop'
ptd-server 2023-02-13 10:58:00,891 [INFO] Sending to ptd: 'SR,V,Auto'
ptd-server 2023-02-13 10:58:01,393 [INFO] Reply from ptd: 'Range V changed'
ptd-server 2023-02-13 10:58:01,394 [INFO] Sending to ptd: 'SR,A,0.500000'
ptd-server 2023-02-13 10:58:02,895 [INFO] Reply from ptd: 'Range A changed'
ptd-server 2023-02-13 10:58:02,895 [INFO] Set initial values for Amps 0.500000 and Volts Auto
ptd-server 2023-02-13 10:58:02,895 [INFO] Stopping ptd...
