ptd-server 2023-02-20 12:23:07,458 [INFO] Got command from the client 'time'
ptd-server 2023-02-20 12:23:07,458 [INFO] Sending reply to client '1676895787.4588916'
ptd-server 2023-02-20 12:23:07,459 [INFO] Got command from the client 'new,,5be37fe6-4c3e-4653-9499-9331223d963a'
ptd-server 2023-02-20 12:23:07,460 [INFO] Sending reply to client 'OK 2023-02-20_12-23-07,a7f68a77-cbc4-4356-8ddc-fb8fa155b98e'
ptd-server 2023-02-20 12:23:07,480 [INFO] Got command from the client 'time'
ptd-server 2023-02-20 12:23:07,480 [INFO] Sending reply to client '1676895787.4808187'
ptd-server 2023-02-20 12:23:07,481 [INFO] Got command from the client 'session,2023-02-20_12-23-07,start,ranging'
ptd-server 2023-02-20 12:23:07,482 [INFO] Running PTDaemon: ['/home/anton/projects/mlperf/power/inference_v1.0/ptd-linux-x86', '-l', '/tmp/tmp4yl1neqp/ptd_logfile.txt', '-p', '8888', '49', '/dev/usbtmc0']
ptd-server 2023-02-20 12:23:24,555 [INFO] Sending to ptd: 'Hello'
ptd-server 2023-02-20 12:23:24,556 [INFO] Reply from ptd: 'Hello, PTDaemon here!'
ptd-server 2023-02-20 12:23:24,556 [INFO] Sending to ptd: 'Identify'
ptd-server 2023-02-20 12:23:24,556 [INFO] Reply from ptd: 'YokogawaWT310E,1000,1,1,1,1,0,1,1,version=1.10.0-ed9a21d2-20220817,OS=Linux 5.15.0-60-generic #66~20.04.1-Ubuntu SMP Wed Jan 25 09:41:30 UTC 2023 x86_64,mode=power,1,1,1,0,0,no_cal_date,YOKOGAWA;WT310E;C3XA04010E;F1.04'
ptd-server 2023-02-20 12:23:24,556 [INFO] Connected to PTDaemon
ptd-server 2023-02-20 12:23:24,557 [INFO] Sending to ptd: 'RR'
ptd-server 2023-02-20 12:23:24,557 [INFO] Reply from ptd: 'Ranges,1,0.100000,1,300.000000'
ptd-server 2023-02-20 12:23:24,557 [INFO] Initial range for Amps is Auto for Volts is Auto
ptd-server 2023-02-20 12:23:24,557 [INFO] Sending to ptd: 'SR,V,Auto'
ptd-server 2023-02-20 12:23:25,060 [INFO] Reply from ptd: 'Range V changed'
ptd-server 2023-02-20 12:23:25,060 [INFO] Sending to ptd: 'SR,A,Auto'
ptd-server 2023-02-20 12:23:25,562 [INFO] Reply from ptd: 'Range A changed'
ptd-server 2023-02-20 12:23:35,564 [INFO] Starting ranging mode
ptd-server 2023-02-20 12:23:35,564 [INFO] Sending to ptd: 'Go,1000,0,2023-02-20_12-23-07_ranging'
ptd-server 2023-02-20 12:23:35,564 [INFO] Reply from ptd: 'Starting untimed measurement, maximum 500000 samples at 1000ms with 0 rampup samples'
ptd-server 2023-02-20 12:23:35,565 [INFO] Sending reply to client 'OK'
ptd-server 2023-02-20 12:34:02,792 [INFO] Got command from the client 'session,2023-02-20_12-23-07,stop,ranging'
ptd-server 2023-02-20 12:34:12,803 [INFO] Sending to ptd: 'Stop'
ptd-server 2023-02-20 12:34:12,803 [INFO] Reply from ptd: 'Stopping untimed measurement'
ptd-server 2023-02-20 12:34:12,986 [INFO] Sending reply to client 'OK'
ptd-server 2023-02-20 12:34:13,051 [INFO] Got command from the client 'time'
ptd-server 2023-02-20 12:34:13,052 [INFO] Sending reply to client '1676896453.052036'
ptd-server 2023-02-20 12:34:13,053 [INFO] Got command from the client 'session,2023-02-20_12-23-07,start,testing'
ptd-server 2023-02-20 12:34:13,053 [INFO] Sending to ptd: 'SR,V,254.290000'
ptd-server 2023-02-20 12:34:15,067 [INFO] Reply from ptd: 'Range V changed'
ptd-server 2023-02-20 12:34:15,067 [INFO] Sending to ptd: 'SR,A,0.060260'
ptd-server 2023-02-20 12:34:16,569 [INFO] Reply from ptd: 'Range A changed'
ptd-server 2023-02-20 12:34:26,579 [INFO] Starting testing mode
ptd-server 2023-02-20 12:34:26,579 [INFO] Sending to ptd: 'Go,1000,0,2023-02-20_12-23-07_testing'
ptd-server 2023-02-20 12:34:26,579 [INFO] Reply from ptd: 'Starting untimed measurement, maximum 500000 samples at 1000ms with 0 rampup samples'
ptd-server 2023-02-20 12:34:26,580 [INFO] Sending reply to client 'OK'
ptd-server 2023-02-20 12:44:53,705 [INFO] Got command from the client 'session,2023-02-20_12-23-07,stop,testing'
ptd-server 2023-02-20 12:45:03,715 [INFO] Sending to ptd: 'Stop'
ptd-server 2023-02-20 12:45:03,716 [INFO] Reply from ptd: 'Stopping untimed measurement'
ptd-server 2023-02-20 12:45:03,821 [INFO] Sending reply to client 'OK'
ptd-server 2023-02-20 12:45:03,829 [INFO] Got command from the client 'session,2023-02-20_12-23-07,done'
ptd-server 2023-02-20 12:45:03,829 [INFO] Sending to ptd: 'Stop'
ptd-server 2023-02-20 12:45:04,580 [INFO] Reply from ptd: 'Error: no measurement to stop'
ptd-server 2023-02-20 12:45:04,580 [INFO] Sending to ptd: 'SR,V,Auto'
ptd-server 2023-02-20 12:45:05,082 [INFO] Reply from ptd: 'Range V changed'
ptd-server 2023-02-20 12:45:05,083 [INFO] Sending to ptd: 'SR,A,Auto'
ptd-server 2023-02-20 12:45:05,585 [INFO] Reply from ptd: 'Range A changed'
ptd-server 2023-02-20 12:45:05,585 [INFO] Set initial values for Amps Auto and Volts Auto
ptd-server 2023-02-20 12:45:05,585 [INFO] Stopping ptd...
