ptd-server 2023-02-24 07:02:10,369 [INFO] Got command from the client 'time'
ptd-server 2023-02-24 07:02:10,369 [INFO] Sending reply to client '1677222130.3693187'
ptd-server 2023-02-24 07:02:10,370 [INFO] Got command from the client 'new,,3cea5ab9-4e51-4bf8-a88b-15d7b0fe11a4'
ptd-server 2023-02-24 07:02:10,370 [INFO] Sending reply to client 'OK 2023-02-24_07-02-10,0ee9c8b5-b769-43cb-ac29-c31f2ddb39bf'
ptd-server 2023-02-24 07:02:10,396 [INFO] Got command from the client 'time'
ptd-server 2023-02-24 07:02:10,397 [INFO] Sending reply to client '1677222130.3970945'
ptd-server 2023-02-24 07:02:10,398 [INFO] Got command from the client 'session,2023-02-24_07-02-10,start,ranging'
ptd-server 2023-02-24 07:02:10,398 [INFO] Running PTDaemon: ['/home/anton/projects/mlperf/power/inference_v1.0/ptd-linux-x86', '-l', '/tmp/tmp4yl1neqp/ptd_logfile.txt', '-p', '8888', '49', '/dev/usbtmc0']
ptd-server 2023-02-24 07:02:27,473 [INFO] Sending to ptd: 'Hello'
ptd-server 2023-02-24 07:02:27,474 [INFO] Reply from ptd: 'Hello, PTDaemon here!'
ptd-server 2023-02-24 07:02:27,474 [INFO] Sending to ptd: 'Identify'
ptd-server 2023-02-24 07:02:27,474 [INFO] Reply from ptd: 'YokogawaWT310E,1000,1,1,1,1,0,1,1,version=1.10.0-ed9a21d2-20220817,OS=Linux 5.15.0-60-generic #66~20.04.1-Ubuntu SMP Wed Jan 25 09:41:30 UTC 2023 x86_64,mode=power,1,1,1,0,0,no_cal_date,YOKOGAWA;WT310E;C3XA04010E;F1.04'
ptd-server 2023-02-24 07:02:27,474 [INFO] Connected to PTDaemon
ptd-server 2023-02-24 07:02:27,474 [INFO] Sending to ptd: 'RR'
ptd-server 2023-02-24 07:02:27,475 [INFO] Reply from ptd: 'Ranges,1,0.100000,1,300.000000'
ptd-server 2023-02-24 07:02:27,475 [INFO] Initial range for Amps is Auto for Volts is Auto
ptd-server 2023-02-24 07:02:27,475 [INFO] Sending to ptd: 'SR,V,Auto'
ptd-server 2023-02-24 07:02:27,977 [INFO] Reply from ptd: 'Range V changed'
ptd-server 2023-02-24 07:02:27,978 [INFO] Sending to ptd: 'SR,A,Auto'
ptd-server 2023-02-24 07:02:28,480 [INFO] Reply from ptd: 'Range A changed'
ptd-server 2023-02-24 07:02:38,490 [INFO] Starting ranging mode
ptd-server 2023-02-24 07:02:38,491 [INFO] Sending to ptd: 'Go,1000,0,2023-02-24_07-02-10_ranging'
ptd-server 2023-02-24 07:02:38,491 [INFO] Reply from ptd: 'Starting untimed measurement, maximum 500000 samples at 1000ms with 0 rampup samples'
ptd-server 2023-02-24 07:02:38,491 [INFO] Sending reply to client 'OK'
ptd-server 2023-02-24 07:12:54,918 [INFO] Got command from the client 'session,2023-02-24_07-02-10,stop,ranging'
ptd-server 2023-02-24 07:13:04,929 [INFO] Sending to ptd: 'Stop'
ptd-server 2023-02-24 07:13:04,929 [INFO] Reply from ptd: 'Stopping untimed measurement'
ptd-server 2023-02-24 07:13:05,547 [INFO] Sending reply to client 'OK'
ptd-server 2023-02-24 07:13:05,581 [INFO] Got command from the client 'time'
ptd-server 2023-02-24 07:13:05,581 [INFO] Sending reply to client '1677222785.5818295'
ptd-server 2023-02-24 07:13:05,583 [INFO] Got command from the client 'session,2023-02-24_07-02-10,start,testing'
ptd-server 2023-02-24 07:13:05,583 [INFO] Sending to ptd: 'SR,V,252.090000'
ptd-server 2023-02-24 07:13:07,084 [INFO] Reply from ptd: 'Range V changed'
ptd-server 2023-02-24 07:13:07,084 [INFO] Sending to ptd: 'SR,A,0.049060'
ptd-server 2023-02-24 07:13:08,586 [INFO] Reply from ptd: 'Range A changed'
ptd-server 2023-02-24 07:13:18,596 [INFO] Starting testing mode
ptd-server 2023-02-24 07:13:18,596 [INFO] Sending to ptd: 'Go,1000,0,2023-02-24_07-02-10_testing'
ptd-server 2023-02-24 07:13:18,596 [INFO] Reply from ptd: 'Starting untimed measurement, maximum 500000 samples at 1000ms with 0 rampup samples'
ptd-server 2023-02-24 07:13:18,597 [INFO] Sending reply to client 'OK'
ptd-server 2023-02-24 07:23:34,959 [INFO] Got command from the client 'session,2023-02-24_07-02-10,stop,testing'
ptd-server 2023-02-24 07:23:44,970 [INFO] Sending to ptd: 'Stop'
ptd-server 2023-02-24 07:23:44,970 [INFO] Reply from ptd: 'Stopping untimed measurement'
ptd-server 2023-02-24 07:23:45,290 [INFO] Sending reply to client 'OK'
ptd-server 2023-02-24 07:23:45,297 [INFO] Got command from the client 'session,2023-02-24_07-02-10,done'
ptd-server 2023-02-24 07:23:45,298 [INFO] Sending to ptd: 'Stop'
ptd-server 2023-02-24 07:23:45,597 [INFO] Reply from ptd: 'Error: no measurement to stop'
ptd-server 2023-02-24 07:23:45,597 [INFO] Sending to ptd: 'SR,V,Auto'
ptd-server 2023-02-24 07:23:46,100 [INFO] Reply from ptd: 'Range V changed'
ptd-server 2023-02-24 07:23:46,100 [INFO] Sending to ptd: 'SR,A,Auto'
ptd-server 2023-02-24 07:23:46,602 [INFO] Reply from ptd: 'Range A changed'
ptd-server 2023-02-24 07:23:46,602 [INFO] Set initial values for Amps Auto and Volts Auto
ptd-server 2023-02-24 07:23:46,602 [INFO] Stopping ptd...
