ptd-server 2023-02-20 13:29:27,518 [INFO] Got command from the client 'time'
ptd-server 2023-02-20 13:29:27,518 [INFO] Sending reply to client '1676899767.5189178'
ptd-server 2023-02-20 13:29:27,519 [INFO] Got command from the client 'new,,31b4f50b-f8d0-4477-9830-a4bbaddb7edd'
ptd-server 2023-02-20 13:29:27,520 [INFO] Sending reply to client 'OK 2023-02-20_13-29-27,5309c9b0-430f-41d0-82c6-fb6d70f3dc7d'
ptd-server 2023-02-20 13:29:27,544 [INFO] Got command from the client 'time'
ptd-server 2023-02-20 13:29:27,544 [INFO] Sending reply to client '1676899767.5445154'
ptd-server 2023-02-20 13:29:27,545 [INFO] Got command from the client 'session,2023-02-20_13-29-27,start,ranging'
ptd-server 2023-02-20 13:29:27,545 [INFO] Running PTDaemon: ['/home/anton/projects/mlperf/power/inference_v1.0/ptd-linux-x86', '-l', '/tmp/tmp4yl1neqp/ptd_logfile.txt', '-p', '8888', '49', '/dev/usbtmc0']
ptd-server 2023-02-20 13:29:44,618 [INFO] Sending to ptd: 'Hello'
ptd-server 2023-02-20 13:29:44,618 [INFO] Reply from ptd: 'Hello, PTDaemon here!'
ptd-server 2023-02-20 13:29:44,619 [INFO] Sending to ptd: 'Identify'
ptd-server 2023-02-20 13:29:44,619 [INFO] Reply from ptd: 'YokogawaWT310E,1000,1,1,1,1,0,1,1,version=1.10.0-ed9a21d2-20220817,OS=Linux 5.15.0-60-generic #66~20.04.1-Ubuntu SMP Wed Jan 25 09:41:30 UTC 2023 x86_64,mode=power,1,1,1,0,0,no_cal_date,YOKOGAWA;WT310E;C3XA04010E;F1.04'
ptd-server 2023-02-20 13:29:44,619 [INFO] Connected to PTDaemon
ptd-server 2023-02-20 13:29:44,619 [INFO] Sending to ptd: 'RR'
ptd-server 2023-02-20 13:29:44,619 [INFO] Reply from ptd: 'Ranges,1,0.100000,1,300.000000'
ptd-server 2023-02-20 13:29:44,619 [INFO] Initial range for Amps is Auto for Volts is Auto
ptd-server 2023-02-20 13:29:44,620 [INFO] Sending to ptd: 'SR,V,Auto'
ptd-server 2023-02-20 13:29:45,122 [INFO] Reply from ptd: 'Range V changed'
ptd-server 2023-02-20 13:29:45,122 [INFO] Sending to ptd: 'SR,A,Auto'
ptd-server 2023-02-20 13:29:45,625 [INFO] Reply from ptd: 'Range A changed'
ptd-server 2023-02-20 13:29:55,635 [INFO] Starting ranging mode
ptd-server 2023-02-20 13:29:55,635 [INFO] Sending to ptd: 'Go,1000,0,2023-02-20_13-29-27_ranging'
ptd-server 2023-02-20 13:29:55,636 [INFO] Reply from ptd: 'Starting untimed measurement, maximum 500000 samples at 1000ms with 0 rampup samples'
ptd-server 2023-02-20 13:29:55,636 [INFO] Sending reply to client 'OK'
ptd-server 2023-02-20 13:40:23,050 [INFO] Got command from the client 'session,2023-02-20_13-29-27,stop,ranging'
ptd-server 2023-02-20 13:40:33,060 [INFO] Sending to ptd: 'Stop'
ptd-server 2023-02-20 13:40:33,061 [INFO] Reply from ptd: 'Stopping untimed measurement'
ptd-server 2023-02-20 13:40:33,259 [INFO] Sending reply to client 'OK'
ptd-server 2023-02-20 13:40:33,290 [INFO] Got command from the client 'time'
ptd-server 2023-02-20 13:40:33,290 [INFO] Sending reply to client '1676900433.290569'
ptd-server 2023-02-20 13:40:33,291 [INFO] Got command from the client 'session,2023-02-20_13-29-27,start,testing'
ptd-server 2023-02-20 13:40:33,291 [INFO] Sending to ptd: 'SR,V,252.470000'
ptd-server 2023-02-20 13:40:35,138 [INFO] Reply from ptd: 'Range V changed'
ptd-server 2023-02-20 13:40:35,138 [INFO] Sending to ptd: 'SR,A,0.065770'
ptd-server 2023-02-20 13:40:36,639 [INFO] Reply from ptd: 'Range A changed'
ptd-server 2023-02-20 13:40:46,649 [INFO] Starting testing mode
ptd-server 2023-02-20 13:40:46,650 [INFO] Sending to ptd: 'Go,1000,0,2023-02-20_13-29-27_testing'
ptd-server 2023-02-20 13:40:46,650 [INFO] Reply from ptd: 'Starting untimed measurement, maximum 500000 samples at 1000ms with 0 rampup samples'
ptd-server 2023-02-20 13:40:46,650 [INFO] Sending reply to client 'OK'
ptd-server 2023-02-20 13:51:14,020 [INFO] Got command from the client 'session,2023-02-20_13-29-27,stop,testing'
ptd-server 2023-02-20 13:51:24,031 [INFO] Sending to ptd: 'Stop'
ptd-server 2023-02-20 13:51:24,031 [INFO] Reply from ptd: 'Stopping untimed measurement'
ptd-server 2023-02-20 13:51:24,139 [INFO] Sending reply to client 'OK'
ptd-server 2023-02-20 13:51:24,146 [INFO] Got command from the client 'session,2023-02-20_13-29-27,done'
ptd-server 2023-02-20 13:51:24,147 [INFO] Sending to ptd: 'Stop'
ptd-server 2023-02-20 13:51:24,651 [INFO] Reply from ptd: 'Error: no measurement to stop'
ptd-server 2023-02-20 13:51:24,651 [INFO] Sending to ptd: 'SR,V,Auto'
ptd-server 2023-02-20 13:51:25,153 [INFO] Reply from ptd: 'Range V changed'
ptd-server 2023-02-20 13:51:25,154 [INFO] Sending to ptd: 'SR,A,Auto'
ptd-server 2023-02-20 13:51:25,656 [INFO] Reply from ptd: 'Range A changed'
ptd-server 2023-02-20 13:51:25,656 [INFO] Set initial values for Amps Auto and Volts Auto
ptd-server 2023-02-20 13:51:25,656 [INFO] Stopping ptd...
