ptd-server 2023-03-02 09:39:19,069 [INFO] Got command from the client 'time'
ptd-server 2023-03-02 09:39:19,070 [INFO] Sending reply to client '1677749959.0699885'
ptd-server 2023-03-02 09:39:19,072 [INFO] Got command from the client 'new,,fddd5716-e236-4744-b2eb-28da3a952a05'
ptd-server 2023-03-02 09:39:19,072 [INFO] Sending reply to client 'OK 2023-03-02_09-39-19,1f79ca68-88b1-4c5d-a324-d6e273a8145e'
ptd-server 2023-03-02 09:39:19,096 [INFO] Got command from the client 'time'
ptd-server 2023-03-02 09:39:19,096 [INFO] Sending reply to client '1677749959.0962653'
ptd-server 2023-03-02 09:39:19,098 [INFO] Got command from the client 'session,2023-03-02_09-39-19,start,ranging'
ptd-server 2023-03-02 09:39:19,098 [INFO] Running PTDaemon: ['/home/anton/projects/mlperf/power/inference_v1.0/ptd-linux-x86', '-l', '/tmp/tmpjo7pgaee/ptd_logfile.txt', '-p', '8888', '49', '/dev/usbtmc0']
ptd-server 2023-03-02 09:39:36,186 [INFO] Sending to ptd: 'Hello'
ptd-server 2023-03-02 09:39:36,186 [INFO] Reply from ptd: 'Hello, PTDaemon here!'
ptd-server 2023-03-02 09:39:36,186 [INFO] Sending to ptd: 'Identify'
ptd-server 2023-03-02 09:39:36,187 [INFO] Reply from ptd: 'YokogawaWT310E,1000,1,1,1,1,0,1,1,version=1.10.0-ed9a21d2-20220817,OS=Linux 5.15.0-60-generic #66~20.04.1-Ubuntu SMP Wed Jan 25 09:41:30 UTC 2023 x86_64,mode=power,1,1,1,0,0,no_cal_date,YOKOGAWA;WT310E;C3XA04010E;F1.04'
ptd-server 2023-03-02 09:39:36,187 [INFO] Connected to PTDaemon
ptd-server 2023-03-02 09:39:36,187 [INFO] Sending to ptd: 'RR'
ptd-server 2023-03-02 09:39:36,187 [INFO] Reply from ptd: 'Ranges,1,0.100000,1,300.000000'
ptd-server 2023-03-02 09:39:36,187 [INFO] Initial range for Amps is Auto for Volts is Auto
ptd-server 2023-03-02 09:39:36,187 [INFO] Sending to ptd: 'SR,V,Auto'
ptd-server 2023-03-02 09:39:36,690 [INFO] Reply from ptd: 'Range V changed'
ptd-server 2023-03-02 09:39:36,690 [INFO] Sending to ptd: 'SR,A,Auto'
ptd-server 2023-03-02 09:39:37,192 [INFO] Reply from ptd: 'Range A changed'
ptd-server 2023-03-02 09:39:47,203 [INFO] Starting ranging mode
ptd-server 2023-03-02 09:39:47,203 [INFO] Sending to ptd: 'Go,1000,0,2023-03-02_09-39-19_ranging'
ptd-server 2023-03-02 09:39:47,203 [INFO] Reply from ptd: 'Starting untimed measurement, maximum 500000 samples at 1000ms with 0 rampup samples'
ptd-server 2023-03-02 09:39:47,204 [INFO] Sending reply to client 'OK'
ptd-server 2023-03-02 09:50:11,343 [INFO] Got command from the client 'session,2023-03-02_09-39-19,stop,ranging'
ptd-server 2023-03-02 09:50:21,353 [INFO] Sending to ptd: 'Stop'
ptd-server 2023-03-02 09:50:21,354 [INFO] Reply from ptd: 'Stopping untimed measurement'
ptd-server 2023-03-02 09:50:21,432 [INFO] Sending reply to client 'OK'
ptd-server 2023-03-02 09:50:21,540 [INFO] Got command from the client 'time'
ptd-server 2023-03-02 09:50:21,540 [INFO] Sending reply to client '1677750621.5404844'
ptd-server 2023-03-02 09:50:21,541 [INFO] Got command from the client 'session,2023-03-02_09-39-19,start,testing'
ptd-server 2023-03-02 09:50:21,541 [INFO] Sending to ptd: 'SR,V,251.660000'
ptd-server 2023-03-02 09:50:23,705 [INFO] Reply from ptd: 'Range V changed'
ptd-server 2023-03-02 09:50:23,705 [INFO] Sending to ptd: 'SR,A,0.079520'
ptd-server 2023-03-02 09:50:25,206 [INFO] Reply from ptd: 'Range A changed'
ptd-server 2023-03-02 09:50:35,216 [INFO] Starting testing mode
ptd-server 2023-03-02 09:50:35,216 [INFO] Sending to ptd: 'Go,1000,0,2023-03-02_09-39-19_testing'
ptd-server 2023-03-02 09:50:35,216 [INFO] Reply from ptd: 'Starting untimed measurement, maximum 500000 samples at 1000ms with 0 rampup samples'
ptd-server 2023-03-02 09:50:35,217 [INFO] Sending reply to client 'OK'
ptd-server 2023-03-02 10:00:59,307 [INFO] Got command from the client 'session,2023-03-02_09-39-19,stop,testing'
ptd-server 2023-03-02 10:01:09,318 [INFO] Sending to ptd: 'Stop'
ptd-server 2023-03-02 10:01:09,318 [INFO] Reply from ptd: 'Stopping untimed measurement'
ptd-server 2023-03-02 10:01:09,357 [INFO] Sending reply to client 'OK'
ptd-server 2023-03-02 10:01:09,376 [INFO] Got command from the client 'session,2023-03-02_09-39-19,done'
ptd-server 2023-03-02 10:01:09,376 [INFO] Sending to ptd: 'Stop'
ptd-server 2023-03-02 10:01:10,216 [INFO] Reply from ptd: 'Error: no measurement to stop'
ptd-server 2023-03-02 10:01:10,217 [INFO] Sending to ptd: 'SR,V,Auto'
ptd-server 2023-03-02 10:01:10,719 [INFO] Reply from ptd: 'Range V changed'
ptd-server 2023-03-02 10:01:10,719 [INFO] Sending to ptd: 'SR,A,Auto'
ptd-server 2023-03-02 10:01:11,222 [INFO] Reply from ptd: 'Range A changed'
ptd-server 2023-03-02 10:01:11,222 [INFO] Set initial values for Amps Auto and Volts Auto
ptd-server 2023-03-02 10:01:11,222 [INFO] Stopping ptd...
