ptd-server 2023-02-22 08:05:38,171 [INFO] Got command from the client 'time'
ptd-server 2023-02-22 08:05:38,171 [INFO] Sending reply to client '1677053138.1719608'
ptd-server 2023-02-22 08:05:38,172 [INFO] Got command from the client 'new,,34df4df3-64f2-4abc-9cb9-8187bc78fc58'
ptd-server 2023-02-22 08:05:38,173 [INFO] Sending reply to client 'OK 2023-02-22_08-05-38,fabdbb49-0427-4e87-a32f-f9e5fbd1bdde'
ptd-server 2023-02-22 08:05:38,193 [INFO] Got command from the client 'time'
ptd-server 2023-02-22 08:05:38,193 [INFO] Sending reply to client '1677053138.1938589'
ptd-server 2023-02-22 08:05:38,194 [INFO] Got command from the client 'session,2023-02-22_08-05-38,start,ranging'
ptd-server 2023-02-22 08:05:38,195 [INFO] Running PTDaemon: ['/home/anton/projects/mlperf/power/inference_v1.0/ptd-linux-x86', '-l', '/tmp/tmp4yl1neqp/ptd_logfile.txt', '-p', '8888', '49', '/dev/usbtmc0']
ptd-server 2023-02-22 08:05:55,269 [INFO] Sending to ptd: 'Hello'
ptd-server 2023-02-22 08:05:55,270 [INFO] Reply from ptd: 'Hello, PTDaemon here!'
ptd-server 2023-02-22 08:05:55,270 [INFO] Sending to ptd: 'Identify'
ptd-server 2023-02-22 08:05:55,270 [INFO] Reply from ptd: 'YokogawaWT310E,1000,1,1,1,1,0,1,1,version=1.10.0-ed9a21d2-20220817,OS=Linux 5.15.0-60-generic #66~20.04.1-Ubuntu SMP Wed Jan 25 09:41:30 UTC 2023 x86_64,mode=power,1,1,1,0,0,no_cal_date,YOKOGAWA;WT310E;C3XA04010E;F1.04'
ptd-server 2023-02-22 08:05:55,270 [INFO] Connected to PTDaemon
ptd-server 2023-02-22 08:05:55,270 [INFO] Sending to ptd: 'RR'
ptd-server 2023-02-22 08:05:55,271 [INFO] Reply from ptd: 'Ranges,1,0.100000,1,300.000000'
ptd-server 2023-02-22 08:05:55,271 [INFO] Initial range for Amps is Auto for Volts is Auto
ptd-server 2023-02-22 08:05:55,271 [INFO] Sending to ptd: 'SR,V,Auto'
ptd-server 2023-02-22 08:05:55,773 [INFO] Reply from ptd: 'Range V changed'
ptd-server 2023-02-22 08:05:55,774 [INFO] Sending to ptd: 'SR,A,Auto'
ptd-server 2023-02-22 08:05:56,276 [INFO] Reply from ptd: 'Range A changed'
ptd-server 2023-02-22 08:06:06,286 [INFO] Starting ranging mode
ptd-server 2023-02-22 08:06:06,286 [INFO] Sending to ptd: 'Go,1000,0,2023-02-22_08-05-38_ranging'
ptd-server 2023-02-22 08:06:06,287 [INFO] Reply from ptd: 'Starting untimed measurement, maximum 500000 samples at 1000ms with 0 rampup samples'
ptd-server 2023-02-22 08:06:06,287 [INFO] Sending reply to client 'OK'
ptd-server 2023-02-22 08:16:26,096 [INFO] Got command from the client 'session,2023-02-22_08-05-38,stop,ranging'
ptd-server 2023-02-22 08:16:36,106 [INFO] Sending to ptd: 'Stop'
ptd-server 2023-02-22 08:16:36,107 [INFO] Reply from ptd: 'Stopping untimed measurement'
ptd-server 2023-02-22 08:16:36,526 [INFO] Sending reply to client 'OK'
ptd-server 2023-02-22 08:16:36,570 [INFO] Got command from the client 'time'
ptd-server 2023-02-22 08:16:36,571 [INFO] Sending reply to client '1677053796.5710592'
ptd-server 2023-02-22 08:16:36,571 [INFO] Got command from the client 'session,2023-02-22_08-05-38,start,testing'
ptd-server 2023-02-22 08:16:36,572 [INFO] Sending to ptd: 'SR,V,250.760000'
ptd-server 2023-02-22 08:16:38,073 [INFO] Reply from ptd: 'Range V changed'
ptd-server 2023-02-22 08:16:38,073 [INFO] Sending to ptd: 'SR,A,0.053850'
ptd-server 2023-02-22 08:16:39,574 [INFO] Reply from ptd: 'Range A changed'
ptd-server 2023-02-22 08:16:49,585 [INFO] Starting testing mode
ptd-server 2023-02-22 08:16:49,585 [INFO] Sending to ptd: 'Go,1000,0,2023-02-22_08-05-38_testing'
ptd-server 2023-02-22 08:16:49,585 [INFO] Reply from ptd: 'Starting untimed measurement, maximum 500000 samples at 1000ms with 0 rampup samples'
ptd-server 2023-02-22 08:16:49,585 [INFO] Sending reply to client 'OK'
ptd-server 2023-02-22 08:27:09,385 [INFO] Got command from the client 'session,2023-02-22_08-05-38,stop,testing'
ptd-server 2023-02-22 08:27:19,395 [INFO] Sending to ptd: 'Stop'
ptd-server 2023-02-22 08:27:19,396 [INFO] Reply from ptd: 'Stopping untimed measurement'
ptd-server 2023-02-22 08:27:19,611 [INFO] Sending reply to client 'OK'
ptd-server 2023-02-22 08:27:19,619 [INFO] Got command from the client 'session,2023-02-22_08-05-38,done'
ptd-server 2023-02-22 08:27:19,619 [INFO] Sending to ptd: 'Stop'
ptd-server 2023-02-22 08:27:19,619 [INFO] Reply from ptd: 'Error: no measurement to stop'
ptd-server 2023-02-22 08:27:19,619 [INFO] Sending to ptd: 'SR,V,Auto'
ptd-server 2023-02-22 08:27:20,122 [INFO] Reply from ptd: 'Range V changed'
ptd-server 2023-02-22 08:27:20,122 [INFO] Sending to ptd: 'SR,A,Auto'
ptd-server 2023-02-22 08:27:20,624 [INFO] Reply from ptd: 'Range A changed'
ptd-server 2023-02-22 08:27:20,624 [INFO] Set initial values for Amps Auto and Volts Auto
ptd-server 2023-02-22 08:27:20,625 [INFO] Stopping ptd...
