ptd-server 2023-02-23 16:01:40,605 [INFO] Got command from the client 'time'
ptd-server 2023-02-23 16:01:40,605 [INFO] Sending reply to client '1677168100.6059527'
ptd-server 2023-02-23 16:01:40,606 [INFO] Got command from the client 'new,,a3737e26-2725-4669-b155-9a1870a27e29'
ptd-server 2023-02-23 16:01:40,607 [INFO] Sending reply to client 'OK 2023-02-23_16-01-40,602cd24e-11d5-40ea-80ce-ec065b1a5378'
ptd-server 2023-02-23 16:01:40,628 [INFO] Got command from the client 'time'
ptd-server 2023-02-23 16:01:40,628 [INFO] Sending reply to client '1677168100.6288223'
ptd-server 2023-02-23 16:01:40,629 [INFO] Got command from the client 'session,2023-02-23_16-01-40,start,ranging'
ptd-server 2023-02-23 16:01:40,630 [INFO] Running PTDaemon: ['/home/anton/projects/mlperf/power/inference_v1.0/ptd-linux-x86', '-l', '/tmp/tmp4yl1neqp/ptd_logfile.txt', '-p', '8888', '49', '/dev/usbtmc0']
ptd-server 2023-02-23 16:01:57,695 [INFO] Sending to ptd: 'Hello'
ptd-server 2023-02-23 16:01:57,696 [INFO] Reply from ptd: 'Hello, PTDaemon here!'
ptd-server 2023-02-23 16:01:57,696 [INFO] Sending to ptd: 'Identify'
ptd-server 2023-02-23 16:01:57,696 [INFO] Reply from ptd: 'YokogawaWT310E,1000,1,1,1,1,0,1,1,version=1.10.0-ed9a21d2-20220817,OS=Linux 5.15.0-60-generic #66~20.04.1-Ubuntu SMP Wed Jan 25 09:41:30 UTC 2023 x86_64,mode=power,1,1,1,0,0,no_cal_date,YOKOGAWA;WT310E;C3XA04010E;F1.04'
ptd-server 2023-02-23 16:01:57,696 [INFO] Connected to PTDaemon
ptd-server 2023-02-23 16:01:57,696 [INFO] Sending to ptd: 'RR'
ptd-server 2023-02-23 16:01:57,697 [INFO] Reply from ptd: 'Ranges,1,0.100000,1,300.000000'
ptd-server 2023-02-23 16:01:57,697 [INFO] Initial range for Amps is Auto for Volts is Auto
ptd-server 2023-02-23 16:01:57,697 [INFO] Sending to ptd: 'SR,V,Auto'
ptd-server 2023-02-23 16:01:58,199 [INFO] Reply from ptd: 'Range V changed'
ptd-server 2023-02-23 16:01:58,200 [INFO] Sending to ptd: 'SR,A,Auto'
ptd-server 2023-02-23 16:01:58,702 [INFO] Reply from ptd: 'Range A changed'
ptd-server 2023-02-23 16:02:08,712 [INFO] Starting ranging mode
ptd-server 2023-02-23 16:02:08,712 [INFO] Sending to ptd: 'Go,1000,0,2023-02-23_16-01-40_ranging'
ptd-server 2023-02-23 16:02:08,713 [INFO] Reply from ptd: 'Starting untimed measurement, maximum 500000 samples at 1000ms with 0 rampup samples'
ptd-server 2023-02-23 16:02:08,713 [INFO] Sending reply to client 'OK'
ptd-server 2023-02-23 16:12:25,054 [INFO] Got command from the client 'session,2023-02-23_16-01-40,stop,ranging'
ptd-server 2023-02-23 16:12:35,064 [INFO] Sending to ptd: 'Stop'
ptd-server 2023-02-23 16:12:35,064 [INFO] Reply from ptd: 'Stopping untimed measurement'
ptd-server 2023-02-23 16:12:35,614 [INFO] Sending reply to client 'OK'
ptd-server 2023-02-23 16:12:35,643 [INFO] Got command from the client 'time'
ptd-server 2023-02-23 16:12:35,643 [INFO] Sending reply to client '1677168755.6439598'
ptd-server 2023-02-23 16:12:35,644 [INFO] Got command from the client 'session,2023-02-23_16-01-40,start,testing'
ptd-server 2023-02-23 16:12:35,645 [INFO] Sending to ptd: 'SR,V,252.620000'
ptd-server 2023-02-23 16:12:37,214 [INFO] Reply from ptd: 'Range V changed'
ptd-server 2023-02-23 16:12:37,214 [INFO] Sending to ptd: 'SR,A,0.046010'
ptd-server 2023-02-23 16:12:38,716 [INFO] Reply from ptd: 'Range A changed'
ptd-server 2023-02-23 16:12:48,726 [INFO] Starting testing mode
ptd-server 2023-02-23 16:12:48,726 [INFO] Sending to ptd: 'Go,1000,0,2023-02-23_16-01-40_testing'
ptd-server 2023-02-23 16:12:48,727 [INFO] Reply from ptd: 'Starting untimed measurement, maximum 500000 samples at 1000ms with 0 rampup samples'
ptd-server 2023-02-23 16:12:48,727 [INFO] Sending reply to client 'OK'
ptd-server 2023-02-23 16:23:05,066 [INFO] Got command from the client 'session,2023-02-23_16-01-40,stop,testing'
ptd-server 2023-02-23 16:23:15,076 [INFO] Sending to ptd: 'Stop'
ptd-server 2023-02-23 16:23:15,076 [INFO] Reply from ptd: 'Stopping untimed measurement'
ptd-server 2023-02-23 16:23:15,362 [INFO] Sending reply to client 'OK'
ptd-server 2023-02-23 16:23:15,370 [INFO] Got command from the client 'session,2023-02-23_16-01-40,done'
ptd-server 2023-02-23 16:23:15,370 [INFO] Sending to ptd: 'Stop'
ptd-server 2023-02-23 16:23:15,728 [INFO] Reply from ptd: 'Error: no measurement to stop'
ptd-server 2023-02-23 16:23:15,728 [INFO] Sending to ptd: 'SR,V,Auto'
ptd-server 2023-02-23 16:23:16,230 [INFO] Reply from ptd: 'Range V changed'
ptd-server 2023-02-23 16:23:16,230 [INFO] Sending to ptd: 'SR,A,Auto'
ptd-server 2023-02-23 16:23:16,733 [INFO] Reply from ptd: 'Range A changed'
ptd-server 2023-02-23 16:23:16,733 [INFO] Set initial values for Amps Auto and Volts Auto
ptd-server 2023-02-23 16:23:16,733 [INFO] Stopping ptd...
