ptd-server 2023-02-26 07:09:30,285 [INFO] Got command from the client 'time'
ptd-server 2023-02-26 07:09:30,285 [INFO] Sending reply to client '1677395370.2857707'
ptd-server 2023-02-26 07:09:30,287 [INFO] Got command from the client 'new,,f37a8c23-feb2-4fe3-a49d-b2703162e9d1'
ptd-server 2023-02-26 07:09:30,287 [INFO] Sending reply to client 'OK 2023-02-26_07-09-30,a4c3e5be-ea46-4671-acc2-bb06155d2331'
ptd-server 2023-02-26 07:09:30,331 [INFO] Got command from the client 'time'
ptd-server 2023-02-26 07:09:30,331 [INFO] Sending reply to client '1677395370.3316824'
ptd-server 2023-02-26 07:09:30,333 [INFO] Got command from the client 'session,2023-02-26_07-09-30,start,ranging'
ptd-server 2023-02-26 07:09:30,333 [INFO] Running PTDaemon: ['/home/anton/projects/mlperf/power/inference_v1.0/ptd-linux-x86', '-l', '/tmp/tmpu4v721n6/ptd_logfile.txt', '-p', '8888', '49', '/dev/usbtmc0']
ptd-server 2023-02-26 07:09:47,422 [INFO] Sending to ptd: 'Hello'
ptd-server 2023-02-26 07:09:47,422 [INFO] Reply from ptd: 'Hello, PTDaemon here!'
ptd-server 2023-02-26 07:09:47,422 [INFO] Sending to ptd: 'Identify'
ptd-server 2023-02-26 07:09:47,423 [INFO] Reply from ptd: 'YokogawaWT310E,1000,1,1,1,1,0,1,1,version=1.10.0-ed9a21d2-20220817,OS=Linux 5.15.0-60-generic #66~20.04.1-Ubuntu SMP Wed Jan 25 09:41:30 UTC 2023 x86_64,mode=power,1,1,1,0,0,no_cal_date,YOKOGAWA;WT310E;C3XA04010E;F1.04'
ptd-server 2023-02-26 07:09:47,423 [INFO] Connected to PTDaemon
ptd-server 2023-02-26 07:09:47,423 [INFO] Sending to ptd: 'RR'
ptd-server 2023-02-26 07:09:47,423 [INFO] Reply from ptd: 'Ranges,0,0.100000,0,300.000000'
ptd-server 2023-02-26 07:09:47,423 [INFO] Initial range for Amps is 0.100000 for Volts is 300.000000
ptd-server 2023-02-26 07:09:47,423 [INFO] Sending to ptd: 'SR,V,Auto'
ptd-server 2023-02-26 07:09:47,926 [INFO] Reply from ptd: 'Range V changed'
ptd-server 2023-02-26 07:09:47,926 [INFO] Sending to ptd: 'SR,A,Auto'
ptd-server 2023-02-26 07:09:48,429 [INFO] Reply from ptd: 'Range A changed'
ptd-server 2023-02-26 07:09:58,436 [INFO] Starting ranging mode
ptd-server 2023-02-26 07:09:58,436 [INFO] Sending to ptd: 'Go,1000,0,2023-02-26_07-09-30_ranging'
ptd-server 2023-02-26 07:09:58,436 [INFO] Reply from ptd: 'Starting untimed measurement, maximum 500000 samples at 1000ms with 0 rampup samples'
ptd-server 2023-02-26 07:09:58,437 [INFO] Sending reply to client 'OK'
ptd-server 2023-02-26 07:20:13,871 [INFO] Got command from the client 'session,2023-02-26_07-09-30,stop,ranging'
ptd-server 2023-02-26 07:20:23,880 [INFO] Sending to ptd: 'Stop'
ptd-server 2023-02-26 07:20:23,880 [INFO] Reply from ptd: 'Stopping untimed measurement'
ptd-server 2023-02-26 07:20:24,097 [INFO] Sending reply to client 'OK'
ptd-server 2023-02-26 07:20:24,143 [INFO] Got command from the client 'time'
ptd-server 2023-02-26 07:20:24,143 [INFO] Sending reply to client '1677396024.1431792'
ptd-server 2023-02-26 07:20:24,145 [INFO] Got command from the client 'session,2023-02-26_07-09-30,start,testing'
ptd-server 2023-02-26 07:20:24,145 [INFO] Sending to ptd: 'SR,V,249.920000'
ptd-server 2023-02-26 07:20:25,938 [INFO] Reply from ptd: 'Range V changed'
ptd-server 2023-02-26 07:20:25,939 [INFO] Sending to ptd: 'SR,A,0.054630'
ptd-server 2023-02-26 07:20:27,440 [INFO] Reply from ptd: 'Range A changed'
ptd-server 2023-02-26 07:20:37,448 [INFO] Starting testing mode
ptd-server 2023-02-26 07:20:37,448 [INFO] Sending to ptd: 'Go,1000,0,2023-02-26_07-09-30_testing'
ptd-server 2023-02-26 07:20:37,448 [INFO] Reply from ptd: 'Starting untimed measurement, maximum 500000 samples at 1000ms with 0 rampup samples'
ptd-server 2023-02-26 07:20:37,449 [INFO] Sending reply to client 'OK'
ptd-server 2023-02-26 07:30:52,709 [INFO] Got command from the client 'session,2023-02-26_07-09-30,stop,testing'
ptd-server 2023-02-26 07:31:02,720 [INFO] Sending to ptd: 'Stop'
ptd-server 2023-02-26 07:31:02,720 [INFO] Reply from ptd: 'Stopping untimed measurement'
ptd-server 2023-02-26 07:31:02,833 [INFO] Sending reply to client 'OK'
ptd-server 2023-02-26 07:31:02,856 [INFO] Got command from the client 'session,2023-02-26_07-09-30,done'
ptd-server 2023-02-26 07:31:02,857 [INFO] Sending to ptd: 'Stop'
ptd-server 2023-02-26 07:31:03,449 [INFO] Reply from ptd: 'Error: no measurement to stop'
ptd-server 2023-02-26 07:31:03,449 [INFO] Sending to ptd: 'SR,V,300.000000'
ptd-server 2023-02-26 07:31:04,950 [INFO] Reply from ptd: 'Range V changed'
ptd-server 2023-02-26 07:31:04,951 [INFO] Sending to ptd: 'SR,A,0.100000'
ptd-server 2023-02-26 07:31:06,452 [INFO] Reply from ptd: 'Range A changed'
ptd-server 2023-02-26 07:31:06,453 [INFO] Set initial values for Amps 0.100000 and Volts 300.000000
ptd-server 2023-02-26 07:31:06,453 [INFO] Stopping ptd...
