ptd-server 2023-03-02 12:03:30,868 [INFO] Got command from the client 'time'
ptd-server 2023-03-02 12:03:30,869 [INFO] Sending reply to client '1677758610.868994'
ptd-server 2023-03-02 12:03:30,870 [INFO] Got command from the client 'new,,86017f99-a64d-4c50-90f1-0b141a20f10e'
ptd-server 2023-03-02 12:03:30,871 [INFO] Sending reply to client 'OK 2023-03-02_12-03-30,1b69be35-798a-4884-90c2-e06ca3db2725'
ptd-server 2023-03-02 12:03:30,902 [INFO] Got command from the client 'time'
ptd-server 2023-03-02 12:03:30,902 [INFO] Sending reply to client '1677758610.9027288'
ptd-server 2023-03-02 12:03:30,906 [INFO] Got command from the client 'session,2023-03-02_12-03-30,start,ranging'
ptd-server 2023-03-02 12:03:30,907 [INFO] Running PTDaemon: ['/home/anton/projects/mlperf/power/inference_v1.0/ptd-linux-x86', '-l', '/tmp/tmpjo7pgaee/ptd_logfile.txt', '-p', '8888', '49', '/dev/usbtmc0']
ptd-server 2023-03-02 12:03:47,993 [INFO] Sending to ptd: 'Hello'
ptd-server 2023-03-02 12:03:47,993 [INFO] Reply from ptd: 'Hello, PTDaemon here!'
ptd-server 2023-03-02 12:03:47,993 [INFO] Sending to ptd: 'Identify'
ptd-server 2023-03-02 12:03:47,994 [INFO] Reply from ptd: 'YokogawaWT310E,1000,1,1,1,1,0,1,1,version=1.10.0-ed9a21d2-20220817,OS=Linux 5.15.0-60-generic #66~20.04.1-Ubuntu SMP Wed Jan 25 09:41:30 UTC 2023 x86_64,mode=power,1,1,1,0,0,no_cal_date,YOKOGAWA;WT310E;C3XA04010E;F1.04'
ptd-server 2023-03-02 12:03:47,994 [INFO] Connected to PTDaemon
ptd-server 2023-03-02 12:03:47,994 [INFO] Sending to ptd: 'RR'
ptd-server 2023-03-02 12:03:47,994 [INFO] Reply from ptd: 'Ranges,1,0.100000,1,300.000000'
ptd-server 2023-03-02 12:03:47,994 [INFO] Initial range for Amps is Auto for Volts is Auto
ptd-server 2023-03-02 12:03:47,994 [INFO] Sending to ptd: 'SR,V,Auto'
ptd-server 2023-03-02 12:03:48,497 [INFO] Reply from ptd: 'Range V changed'
ptd-server 2023-03-02 12:03:48,497 [INFO] Sending to ptd: 'SR,A,Auto'
ptd-server 2023-03-02 12:03:48,999 [INFO] Reply from ptd: 'Range A changed'
ptd-server 2023-03-02 12:03:59,008 [INFO] Starting ranging mode
ptd-server 2023-03-02 12:03:59,008 [INFO] Sending to ptd: 'Go,1000,0,2023-03-02_12-03-30_ranging'
ptd-server 2023-03-02 12:03:59,008 [INFO] Reply from ptd: 'Starting untimed measurement, maximum 500000 samples at 1000ms with 0 rampup samples'
ptd-server 2023-03-02 12:03:59,009 [INFO] Sending reply to client 'OK'
ptd-server 2023-03-02 12:14:20,816 [INFO] Got command from the client 'session,2023-03-02_12-03-30,stop,ranging'
ptd-server 2023-03-02 12:14:30,826 [INFO] Sending to ptd: 'Stop'
ptd-server 2023-03-02 12:14:30,827 [INFO] Reply from ptd: 'Stopping untimed measurement'
ptd-server 2023-03-02 12:14:30,917 [INFO] Sending reply to client 'OK'
ptd-server 2023-03-02 12:14:30,970 [INFO] Got command from the client 'time'
ptd-server 2023-03-02 12:14:30,971 [INFO] Sending reply to client '1677759270.9710715'
ptd-server 2023-03-02 12:14:30,976 [INFO] Got command from the client 'session,2023-03-02_12-03-30,start,testing'
ptd-server 2023-03-02 12:14:30,976 [INFO] Sending to ptd: 'SR,V,253.750000'
ptd-server 2023-03-02 12:14:32,510 [INFO] Reply from ptd: 'Range V changed'
ptd-server 2023-03-02 12:14:32,510 [INFO] Sending to ptd: 'SR,A,0.049640'
ptd-server 2023-03-02 12:14:34,012 [INFO] Reply from ptd: 'Range A changed'
ptd-server 2023-03-02 12:14:44,022 [INFO] Starting testing mode
ptd-server 2023-03-02 12:14:44,022 [INFO] Sending to ptd: 'Go,1000,0,2023-03-02_12-03-30_testing'
ptd-server 2023-03-02 12:14:44,023 [INFO] Reply from ptd: 'Starting untimed measurement, maximum 500000 samples at 1000ms with 0 rampup samples'
ptd-server 2023-03-02 12:14:44,023 [INFO] Sending reply to client 'OK'
ptd-server 2023-03-02 12:25:06,196 [INFO] Got command from the client 'session,2023-03-02_12-03-30,stop,testing'
ptd-server 2023-03-02 12:25:16,206 [INFO] Sending to ptd: 'Stop'
ptd-server 2023-03-02 12:25:16,207 [INFO] Reply from ptd: 'Stopping untimed measurement'
ptd-server 2023-03-02 12:25:16,252 [INFO] Sending reply to client 'OK'
ptd-server 2023-03-02 12:25:16,276 [INFO] Got command from the client 'session,2023-03-02_12-03-30,done'
ptd-server 2023-03-02 12:25:16,277 [INFO] Sending to ptd: 'Stop'
ptd-server 2023-03-02 12:25:17,024 [INFO] Reply from ptd: 'Error: no measurement to stop'
ptd-server 2023-03-02 12:25:17,024 [INFO] Sending to ptd: 'SR,V,Auto'
ptd-server 2023-03-02 12:25:17,527 [INFO] Reply from ptd: 'Range V changed'
ptd-server 2023-03-02 12:25:17,527 [INFO] Sending to ptd: 'SR,A,Auto'
ptd-server 2023-03-02 12:25:18,029 [INFO] Reply from ptd: 'Range A changed'
ptd-server 2023-03-02 12:25:18,029 [INFO] Set initial values for Amps Auto and Volts Auto
ptd-server 2023-03-02 12:25:18,030 [INFO] Stopping ptd...
