ptd-server 2023-02-12 09:25:45,241 [INFO] Got command from the client 'time'
ptd-server 2023-02-12 09:25:45,241 [INFO] Sending reply to client '1676193945.2416582'
ptd-server 2023-02-12 09:25:45,245 [INFO] Got command from the client 'new,,2c08dc8a-9776-465f-8c24-9cefc3048a9b'
ptd-server 2023-02-12 09:25:45,246 [INFO] Sending reply to client 'OK 2023-02-12_09-25-45,45b07c00-efbb-4d18-bc1e-dec6eb6e0fab'
ptd-server 2023-02-12 09:25:45,271 [INFO] Got command from the client 'time'
ptd-server 2023-02-12 09:25:45,271 [INFO] Sending reply to client '1676193945.271454'
ptd-server 2023-02-12 09:25:45,274 [INFO] Got command from the client 'session,2023-02-12_09-25-45,start,ranging'
ptd-server 2023-02-12 09:25:45,275 [INFO] Running PTDaemon: ['/media/arjun/T7_Touch/hp-envy/CM/repos/local/cache/9b3695ca8255492a/power/inference_v1.0/ptd-linux-x86', '-l', '/tmp/tmp6_9o2crq/ptd_logfile.txt', '-p', '8888', '49', '/dev/usbtmc0']
ptd-server 2023-02-12 09:26:02,369 [INFO] Sending to ptd: 'Hello'
ptd-server 2023-02-12 09:26:02,370 [INFO] Reply from ptd: 'Hello, PTDaemon here!'
ptd-server 2023-02-12 09:26:02,371 [INFO] Sending to ptd: 'Identify'
ptd-server 2023-02-12 09:26:02,371 [INFO] Reply from ptd: 'YokogawaWT310E,1000,1,1,1,1,0,1,1,version=1.10.0-ed9a21d2-20220817,OS=Linux 5.15.0-56-generic #62-Ubuntu SMP Tue Nov 22 19:54:14 UTC 2022 x86_64,mode=power,1,1,1,0,0,no_cal_date,YOKOGAWA;WT310E;C3YD21068E;F1.04'
ptd-server 2023-02-12 09:26:02,372 [INFO] Connected to PTDaemon
ptd-server 2023-02-12 09:26:02,372 [INFO] Sending to ptd: 'RR'
ptd-server 2023-02-12 09:26:02,373 [INFO] Reply from ptd: 'Ranges,0,0.100000,0,600.000000'
ptd-server 2023-02-12 09:26:02,373 [INFO] Initial range for Amps is 0.100000 for Volts is 600.000000
ptd-server 2023-02-12 09:26:02,373 [INFO] Sending to ptd: 'SR,V,Auto'
ptd-server 2023-02-12 09:26:02,877 [INFO] Reply from ptd: 'Range V changed'
ptd-server 2023-02-12 09:26:02,877 [INFO] Sending to ptd: 'SR,A,Auto'
ptd-server 2023-02-12 09:26:03,381 [INFO] Reply from ptd: 'Range A changed'
ptd-server 2023-02-12 09:26:13,392 [INFO] Starting ranging mode
ptd-server 2023-02-12 09:26:13,392 [INFO] Sending to ptd: 'Go,1000,0,2023-02-12_09-25-45_ranging'
ptd-server 2023-02-12 09:26:13,393 [INFO] Reply from ptd: 'Starting untimed measurement, maximum 500000 samples at 1000ms with 0 rampup samples'
ptd-server 2023-02-12 09:26:13,394 [INFO] Sending reply to client 'OK'
ptd-server 2023-02-12 09:36:15,479 [INFO] Got command from the client 'session,2023-02-12_09-25-45,stop,ranging'
ptd-server 2023-02-12 09:36:25,490 [INFO] Sending to ptd: 'Stop'
ptd-server 2023-02-12 09:36:25,491 [INFO] Reply from ptd: 'Stopping untimed measurement'
ptd-server 2023-02-12 09:36:25,530 [INFO] Sending reply to client 'OK'
ptd-server 2023-02-12 09:36:25,588 [INFO] Got command from the client 'time'
ptd-server 2023-02-12 09:36:25,588 [INFO] Sending reply to client '1676194585.5888007'
ptd-server 2023-02-12 09:36:25,592 [INFO] Got command from the client 'session,2023-02-12_09-25-45,start,testing'
ptd-server 2023-02-12 09:36:25,592 [INFO] Sending to ptd: 'SR,V,245.850000'
ptd-server 2023-02-12 09:36:27,898 [INFO] Reply from ptd: 'Range V changed'
ptd-server 2023-02-12 09:36:27,899 [INFO] Sending to ptd: 'SR,A,0.222250'
ptd-server 2023-02-12 09:36:29,402 [INFO] Reply from ptd: 'Range A changed'
ptd-server 2023-02-12 09:36:39,413 [INFO] Starting testing mode
ptd-server 2023-02-12 09:36:39,413 [INFO] Sending to ptd: 'Go,1000,0,2023-02-12_09-25-45_testing'
ptd-server 2023-02-12 09:36:39,414 [INFO] Reply from ptd: 'Starting untimed measurement, maximum 500000 samples at 1000ms with 0 rampup samples'
ptd-server 2023-02-12 09:36:39,415 [INFO] Sending reply to client 'OK'
ptd-server 2023-02-12 09:46:40,300 [INFO] Got command from the client 'session,2023-02-12_09-25-45,stop,testing'
ptd-server 2023-02-12 09:46:50,310 [INFO] Sending to ptd: 'Stop'
ptd-server 2023-02-12 09:46:50,312 [INFO] Reply from ptd: 'Stopping untimed measurement'
ptd-server 2023-02-12 09:46:50,331 [INFO] Sending reply to client 'OK'
ptd-server 2023-02-12 09:46:50,348 [INFO] Got command from the client 'session,2023-02-12_09-25-45,done'
ptd-server 2023-02-12 09:46:50,348 [INFO] Sending to ptd: 'Stop'
ptd-server 2023-02-12 09:46:50,415 [INFO] Reply from ptd: 'Error: no measurement to stop'
ptd-server 2023-02-12 09:46:50,415 [INFO] Sending to ptd: 'SR,V,600.000000'
ptd-server 2023-02-12 09:46:51,917 [INFO] Reply from ptd: 'Range V changed'
ptd-server 2023-02-12 09:46:51,917 [INFO] Sending to ptd: 'SR,A,0.100000'
ptd-server 2023-02-12 09:46:53,420 [INFO] Reply from ptd: 'Range A changed'
ptd-server 2023-02-12 09:46:53,421 [INFO] Set initial values for Amps 0.100000 and Volts 600.000000
ptd-server 2023-02-12 09:46:53,421 [INFO] Stopping ptd...
