ptd-server 2023-02-25 05:29:11,636 [INFO] Got command from the client 'time'
ptd-server 2023-02-25 05:29:11,636 [INFO] Sending reply to client '1677302951.6364193'
ptd-server 2023-02-25 05:29:11,638 [INFO] Got command from the client 'new,,fcb8312a-8e6a-46f5-9b9c-96195cc40620'
ptd-server 2023-02-25 05:29:11,639 [INFO] Sending reply to client 'OK 2023-02-25_05-29-11,9f702c92-7e04-4662-8990-99900f63b5e4'
ptd-server 2023-02-25 05:29:11,666 [INFO] Got command from the client 'time'
ptd-server 2023-02-25 05:29:11,666 [INFO] Sending reply to client '1677302951.666196'
ptd-server 2023-02-25 05:29:11,668 [INFO] Got command from the client 'session,2023-02-25_05-29-11,start,ranging'
ptd-server 2023-02-25 05:29:11,668 [INFO] Running PTDaemon: ['/home/anton/projects/mlperf/power/inference_v1.0/ptd-linux-x86', '-l', '/tmp/tmpu4v721n6/ptd_logfile.txt', '-p', '8888', '49', '/dev/usbtmc0']
ptd-server 2023-02-25 05:29:28,754 [INFO] Sending to ptd: 'Hello'
ptd-server 2023-02-25 05:29:28,754 [INFO] Reply from ptd: 'Hello, PTDaemon here!'
ptd-server 2023-02-25 05:29:28,754 [INFO] Sending to ptd: 'Identify'
ptd-server 2023-02-25 05:29:28,755 [INFO] Reply from ptd: 'YokogawaWT310E,1000,1,1,1,1,0,1,1,version=1.10.0-ed9a21d2-20220817,OS=Linux 5.15.0-60-generic #66~20.04.1-Ubuntu SMP Wed Jan 25 09:41:30 UTC 2023 x86_64,mode=power,1,1,1,0,0,no_cal_date,YOKOGAWA;WT310E;C3XA04010E;F1.04'
ptd-server 2023-02-25 05:29:28,755 [INFO] Connected to PTDaemon
ptd-server 2023-02-25 05:29:28,755 [INFO] Sending to ptd: 'RR'
ptd-server 2023-02-25 05:29:28,755 [INFO] Reply from ptd: 'Ranges,0,0.100000,0,300.000000'
ptd-server 2023-02-25 05:29:28,755 [INFO] Initial range for Amps is 0.100000 for Volts is 300.000000
ptd-server 2023-02-25 05:29:28,755 [INFO] Sending to ptd: 'SR,V,Auto'
ptd-server 2023-02-25 05:29:29,258 [INFO] Reply from ptd: 'Range V changed'
ptd-server 2023-02-25 05:29:29,258 [INFO] Sending to ptd: 'SR,A,Auto'
ptd-server 2023-02-25 05:29:29,760 [INFO] Reply from ptd: 'Range A changed'
ptd-server 2023-02-25 05:29:39,768 [INFO] Starting ranging mode
ptd-server 2023-02-25 05:29:39,768 [INFO] Sending to ptd: 'Go,1000,0,2023-02-25_05-29-11_ranging'
ptd-server 2023-02-25 05:29:39,768 [INFO] Reply from ptd: 'Starting untimed measurement, maximum 500000 samples at 1000ms with 0 rampup samples'
ptd-server 2023-02-25 05:29:39,769 [INFO] Sending reply to client 'OK'
ptd-server 2023-02-25 05:39:55,004 [INFO] Got command from the client 'session,2023-02-25_05-29-11,stop,ranging'
ptd-server 2023-02-25 05:40:05,012 [INFO] Sending to ptd: 'Stop'
ptd-server 2023-02-25 05:40:05,012 [INFO] Reply from ptd: 'Stopping untimed measurement'
ptd-server 2023-02-25 05:40:05,055 [INFO] Sending reply to client 'OK'
ptd-server 2023-02-25 05:40:05,156 [INFO] Got command from the client 'time'
ptd-server 2023-02-25 05:40:05,156 [INFO] Sending reply to client '1677303605.1562257'
ptd-server 2023-02-25 05:40:05,159 [INFO] Got command from the client 'session,2023-02-25_05-29-11,start,testing'
ptd-server 2023-02-25 05:40:05,159 [INFO] Sending to ptd: 'SR,V,251.110000'
ptd-server 2023-02-25 05:40:07,270 [INFO] Reply from ptd: 'Range V changed'
ptd-server 2023-02-25 05:40:07,270 [INFO] Sending to ptd: 'SR,A,0.046460'
ptd-server 2023-02-25 05:40:08,772 [INFO] Reply from ptd: 'Range A changed'
ptd-server 2023-02-25 05:40:18,782 [INFO] Starting testing mode
ptd-server 2023-02-25 05:40:18,782 [INFO] Sending to ptd: 'Go,1000,0,2023-02-25_05-29-11_testing'
ptd-server 2023-02-25 05:40:18,783 [INFO] Reply from ptd: 'Starting untimed measurement, maximum 500000 samples at 1000ms with 0 rampup samples'
ptd-server 2023-02-25 05:40:18,783 [INFO] Sending reply to client 'OK'
ptd-server 2023-02-25 05:50:33,742 [INFO] Got command from the client 'session,2023-02-25_05-29-11,stop,testing'
ptd-server 2023-02-25 05:50:43,752 [INFO] Sending to ptd: 'Stop'
ptd-server 2023-02-25 05:50:43,752 [INFO] Reply from ptd: 'Stopping untimed measurement'
ptd-server 2023-02-25 05:50:43,774 [INFO] Sending reply to client 'OK'
ptd-server 2023-02-25 05:50:43,792 [INFO] Got command from the client 'session,2023-02-25_05-29-11,done'
ptd-server 2023-02-25 05:50:43,792 [INFO] Sending to ptd: 'Stop'
ptd-server 2023-02-25 05:50:43,792 [INFO] Reply from ptd: 'Error: no measurement to stop'
ptd-server 2023-02-25 05:50:43,793 [INFO] Sending to ptd: 'SR,V,300.000000'
ptd-server 2023-02-25 05:50:45,294 [INFO] Reply from ptd: 'Range V changed'
ptd-server 2023-02-25 05:50:45,294 [INFO] Sending to ptd: 'SR,A,0.100000'
ptd-server 2023-02-25 05:50:46,795 [INFO] Reply from ptd: 'Range A changed'
ptd-server 2023-02-25 05:50:46,796 [INFO] Set initial values for Amps 0.100000 and Volts 300.000000
ptd-server 2023-02-25 05:50:46,796 [INFO] Stopping ptd...
