ptd-server 2023-02-22 19:28:13,636 [INFO] Got command from the client 'stop'
ptd-server 2023-02-22 19:28:13,637 [INFO] The server will be stopped after processing this client
ptd-server 2023-02-22 19:28:13,637 [INFO] Sending reply to client 'OK'
ptd-server 2023-02-22 19:28:13,860 [INFO] Got command from the client 'time'
ptd-server 2023-02-22 19:28:13,860 [INFO] Sending reply to client '1677122893.8601785'
ptd-server 2023-02-22 19:28:13,861 [INFO] Got command from the client 'new,,f3fcc9fa-67f7-4b2e-8805-e54a61c835d7'
ptd-server 2023-02-22 19:28:13,862 [INFO] Sending reply to client 'OK 2023-02-22_19-28-13,0e056413-a38b-4570-a161-6969fa6a6c5b'
ptd-server 2023-02-22 19:28:14,090 [INFO] Got command from the client 'time'
ptd-server 2023-02-22 19:28:14,090 [INFO] Sending reply to client '1677122894.0902073'
ptd-server 2023-02-22 19:28:14,091 [INFO] Got command from the client 'session,2023-02-22_19-28-13,start,ranging'
ptd-server 2023-02-22 19:28:14,092 [INFO] Running PTDaemon: ['/usr/bin/ptd-linux-x86', '-l', '/tmp/tmp8c9jslmw/ptd_logfile.txt', '-p', '8888', '-c', '1,3', '-y', '77', '10.117.41.199']
ptd-server 2023-02-22 19:28:33,876 [INFO] Sending to ptd: 'Hello'
ptd-server 2023-02-22 19:28:33,876 [INFO] Reply from ptd: 'Hello, PTDaemon here!'
ptd-server 2023-02-22 19:28:33,876 [INFO] Sending to ptd: 'Identify'
ptd-server 2023-02-22 19:28:33,877 [INFO] Reply from ptd: 'YokogawaWT330_multichannel,1000,1,1,1,1,0,0,1,version=1.10.0-ed9a21d2-20220817,OS=Linux 5.15.0-60-generic #66~20.04.1-Ubuntu SMP Wed Jan 25 09:41:30 UTC 2023 x86_64,mode=power,1,1,3,0,0,no_cal_date,YOKOGAWA;WT333E;C2WL21011V;F1.04'
ptd-server 2023-02-22 19:28:33,877 [INFO] Connected to PTDaemon
ptd-server 2023-02-22 19:28:33,877 [INFO] Sending to ptd: 'RR'
ptd-server 2023-02-22 19:28:33,877 [INFO] Reply from ptd: 'Ranges,1,2.000000,1,300.000000'
ptd-server 2023-02-22 19:28:33,877 [INFO] Initial range for Amps is Auto for Volts is Auto
ptd-server 2023-02-22 19:28:33,877 [INFO] Sending to ptd: 'SR,V,Auto'
ptd-server 2023-02-22 19:28:38,933 [INFO] Reply from ptd: 'Range V changed'
ptd-server 2023-02-22 19:28:38,933 [INFO] Sending to ptd: 'SR,A,Auto'
ptd-server 2023-02-22 19:28:43,988 [INFO] Reply from ptd: 'Range A changed'
ptd-server 2023-02-22 19:28:53,999 [INFO] Starting ranging mode
ptd-server 2023-02-22 19:28:53,999 [INFO] Sending to ptd: 'Go,1000,0,2023-02-22_19-28-13_ranging'
ptd-server 2023-02-22 19:28:54,000 [INFO] Reply from ptd: 'Starting untimed measurement, maximum 500000 samples at 1000ms with 0 rampup samples'
ptd-server 2023-02-22 19:28:54,000 [INFO] Sending reply to client 'OK'
ptd-server 2023-02-22 19:39:55,050 [INFO] Got command from the client 'session,2023-02-22_19-28-13,stop,ranging'
ptd-server 2023-02-22 19:40:05,055 [INFO] Sending to ptd: 'Stop'
ptd-server 2023-02-22 19:40:05,055 [INFO] Reply from ptd: 'Stopping untimed measurement'
ptd-server 2023-02-22 19:40:05,085 [INFO] Sending reply to client 'OK'
ptd-server 2023-02-22 19:40:05,344 [INFO] Got command from the client 'time'
ptd-server 2023-02-22 19:40:05,344 [INFO] Sending reply to client '1677123605.3448372'
ptd-server 2023-02-22 19:40:05,346 [INFO] Got command from the client 'session,2023-02-22_19-28-13,start,testing'
ptd-server 2023-02-22 19:40:05,346 [INFO] Sending to ptd: 'SR,V,206.110000'
ptd-server 2023-02-22 19:40:12,054 [INFO] Reply from ptd: 'Range V changed'
ptd-server 2023-02-22 19:40:12,054 [INFO] Sending to ptd: 'SR,A,3.923800'
ptd-server 2023-02-22 19:40:17,609 [INFO] Reply from ptd: 'Range A changed'
ptd-server 2023-02-22 19:40:27,620 [INFO] Starting testing mode
ptd-server 2023-02-22 19:40:27,620 [INFO] Sending to ptd: 'Go,1000,0,2023-02-22_19-28-13_testing'
ptd-server 2023-02-22 19:40:27,620 [INFO] Reply from ptd: 'Starting untimed measurement, maximum 500000 samples at 1000ms with 0 rampup samples'
ptd-server 2023-02-22 19:40:27,620 [INFO] Sending reply to client 'OK'
ptd-server 2023-02-22 19:51:29,104 [INFO] Got command from the client 'session,2023-02-22_19-28-13,stop,testing'
ptd-server 2023-02-22 19:51:39,115 [INFO] Sending to ptd: 'Stop'
ptd-server 2023-02-22 19:51:39,115 [INFO] Reply from ptd: 'Stopping untimed measurement'
ptd-server 2023-02-22 19:51:39,120 [INFO] Sending reply to client 'OK'
ptd-server 2023-02-22 19:51:39,197 [INFO] Got command from the client 'session,2023-02-22_19-28-13,done'
ptd-server 2023-02-22 19:51:39,197 [INFO] Sending to ptd: 'Stop'
ptd-server 2023-02-22 19:51:39,621 [INFO] Reply from ptd: 'Error: no measurement to stop'
ptd-server 2023-02-22 19:51:39,621 [INFO] Sending to ptd: 'SR,V,Auto'
ptd-server 2023-02-22 19:51:44,676 [INFO] Reply from ptd: 'Range V changed'
ptd-server 2023-02-22 19:51:44,677 [INFO] Sending to ptd: 'SR,A,Auto'
ptd-server 2023-02-22 19:51:49,732 [INFO] Reply from ptd: 'Range A changed'
ptd-server 2023-02-22 19:51:49,732 [INFO] Set initial values for Amps Auto and Volts Auto
ptd-server 2023-02-22 19:51:49,732 [INFO] Stopping ptd...
