ptd-server 2023-03-01 04:41:27,717 [INFO] Got command from the client 'time'
ptd-server 2023-03-01 04:41:27,717 [INFO] Sending reply to client '1677645687.7179072'
ptd-server 2023-03-01 04:41:27,719 [INFO] Got command from the client 'new,,d129e16f-99f5-49b4-8801-e05bcc198431'
ptd-server 2023-03-01 04:41:27,720 [INFO] Sending reply to client 'OK 2023-03-01_04-41-27,5d238ad7-b9de-4524-a8b4-1f8dd769e3d3'
ptd-server 2023-03-01 04:41:27,747 [INFO] Got command from the client 'time'
ptd-server 2023-03-01 04:41:27,747 [INFO] Sending reply to client '1677645687.7476966'
ptd-server 2023-03-01 04:41:27,750 [INFO] Got command from the client 'session,2023-03-01_04-41-27,start,ranging'
ptd-server 2023-03-01 04:41:27,750 [INFO] Running PTDaemon: ['/home/anton/projects/mlperf/power/inference_v1.0/ptd-linux-x86', '-l', '/tmp/tmpu4v721n6/ptd_logfile.txt', '-p', '8888', '49', '/dev/usbtmc0']
ptd-server 2023-03-01 04:41:44,835 [INFO] Sending to ptd: 'Hello'
ptd-server 2023-03-01 04:41:44,836 [INFO] Reply from ptd: 'Hello, PTDaemon here!'
ptd-server 2023-03-01 04:41:44,836 [INFO] Sending to ptd: 'Identify'
ptd-server 2023-03-01 04:41:44,837 [INFO] Reply from ptd: 'YokogawaWT310E,1000,1,1,1,1,0,1,1,version=1.10.0-ed9a21d2-20220817,OS=Linux 5.15.0-60-generic #66~20.04.1-Ubuntu SMP Wed Jan 25 09:41:30 UTC 2023 x86_64,mode=power,1,1,1,0,0,no_cal_date,YOKOGAWA;WT310E;C3XA04010E;F1.04'
ptd-server 2023-03-01 04:41:44,837 [INFO] Connected to PTDaemon
ptd-server 2023-03-01 04:41:44,837 [INFO] Sending to ptd: 'RR'
ptd-server 2023-03-01 04:41:44,837 [INFO] Reply from ptd: 'Ranges,0,0.100000,0,300.000000'
ptd-server 2023-03-01 04:41:44,837 [INFO] Initial range for Amps is 0.100000 for Volts is 300.000000
ptd-server 2023-03-01 04:41:44,838 [INFO] Sending to ptd: 'SR,V,Auto'
ptd-server 2023-03-01 04:41:45,340 [INFO] Reply from ptd: 'Range V changed'
ptd-server 2023-03-01 04:41:45,340 [INFO] Sending to ptd: 'SR,A,Auto'
ptd-server 2023-03-01 04:41:45,843 [INFO] Reply from ptd: 'Range A changed'
ptd-server 2023-03-01 04:41:55,853 [INFO] Starting ranging mode
ptd-server 2023-03-01 04:41:55,853 [INFO] Sending to ptd: 'Go,1000,0,2023-03-01_04-41-27_ranging'
ptd-server 2023-03-01 04:41:55,854 [INFO] Reply from ptd: 'Starting untimed measurement, maximum 500000 samples at 1000ms with 0 rampup samples'
ptd-server 2023-03-01 04:41:55,854 [INFO] Sending reply to client 'OK'
ptd-server 2023-03-01 04:52:19,570 [INFO] Got command from the client 'session,2023-03-01_04-41-27,stop,ranging'
ptd-server 2023-03-01 04:52:29,580 [INFO] Sending to ptd: 'Stop'
ptd-server 2023-03-01 04:52:29,580 [INFO] Reply from ptd: 'Stopping untimed measurement'
ptd-server 2023-03-01 04:52:30,138 [INFO] Sending reply to client 'OK'
ptd-server 2023-03-01 04:52:30,180 [INFO] Got command from the client 'time'
ptd-server 2023-03-01 04:52:30,181 [INFO] Sending reply to client '1677646350.1810806'
ptd-server 2023-03-01 04:52:30,184 [INFO] Got command from the client 'session,2023-03-01_04-41-27,start,testing'
ptd-server 2023-03-01 04:52:30,185 [INFO] Sending to ptd: 'SR,V,250.650000'
ptd-server 2023-03-01 04:52:31,686 [INFO] Reply from ptd: 'Range V changed'
ptd-server 2023-03-01 04:52:31,686 [INFO] Sending to ptd: 'SR,A,0.088840'
ptd-server 2023-03-01 04:52:33,187 [INFO] Reply from ptd: 'Range A changed'
ptd-server 2023-03-01 04:52:43,196 [INFO] Starting testing mode
ptd-server 2023-03-01 04:52:43,196 [INFO] Sending to ptd: 'Go,1000,0,2023-03-01_04-41-27_testing'
ptd-server 2023-03-01 04:52:43,196 [INFO] Reply from ptd: 'Starting untimed measurement, maximum 500000 samples at 1000ms with 0 rampup samples'
ptd-server 2023-03-01 04:52:43,197 [INFO] Sending reply to client 'OK'
ptd-server 2023-03-01 05:03:07,349 [INFO] Got command from the client 'session,2023-03-01_04-41-27,stop,testing'
ptd-server 2023-03-01 05:03:17,360 [INFO] Sending to ptd: 'Stop'
ptd-server 2023-03-01 05:03:17,360 [INFO] Reply from ptd: 'Stopping untimed measurement'
ptd-server 2023-03-01 05:03:17,643 [INFO] Sending reply to client 'OK'
ptd-server 2023-03-01 05:03:17,659 [INFO] Got command from the client 'session,2023-03-01_04-41-27,done'
ptd-server 2023-03-01 05:03:17,659 [INFO] Sending to ptd: 'Stop'
ptd-server 2023-03-01 05:03:18,196 [INFO] Reply from ptd: 'Error: no measurement to stop'
ptd-server 2023-03-01 05:03:18,196 [INFO] Sending to ptd: 'SR,V,300.000000'
ptd-server 2023-03-01 05:03:19,698 [INFO] Reply from ptd: 'Range V changed'
ptd-server 2023-03-01 05:03:19,698 [INFO] Sending to ptd: 'SR,A,0.100000'
ptd-server 2023-03-01 05:03:21,199 [INFO] Reply from ptd: 'Range A changed'
ptd-server 2023-03-01 05:03:21,200 [INFO] Set initial values for Amps 0.100000 and Volts 300.000000
ptd-server 2023-03-01 05:03:21,200 [INFO] Stopping ptd...
