ptd-server 2023-02-26 06:26:01,776 [INFO] Got command from the client 'time'
ptd-server 2023-02-26 06:26:01,777 [INFO] Sending reply to client '1677392761.7771578'
ptd-server 2023-02-26 06:26:01,778 [INFO] Got command from the client 'new,,47bffb7e-3a94-4b87-8d6a-7852c74f30f5'
ptd-server 2023-02-26 06:26:01,779 [INFO] Sending reply to client 'OK 2023-02-26_06-26-01,582c47e3-113f-4380-a225-f36892682c0e'
ptd-server 2023-02-26 06:26:01,802 [INFO] Got command from the client 'time'
ptd-server 2023-02-26 06:26:01,803 [INFO] Sending reply to client '1677392761.8031578'
ptd-server 2023-02-26 06:26:01,805 [INFO] Got command from the client 'session,2023-02-26_06-26-01,start,ranging'
ptd-server 2023-02-26 06:26:01,805 [INFO] Running PTDaemon: ['/home/anton/projects/mlperf/power/inference_v1.0/ptd-linux-x86', '-l', '/tmp/tmpu4v721n6/ptd_logfile.txt', '-p', '8888', '49', '/dev/usbtmc0']
ptd-server 2023-02-26 06:26:18,891 [INFO] Sending to ptd: 'Hello'
ptd-server 2023-02-26 06:26:18,892 [INFO] Reply from ptd: 'Hello, PTDaemon here!'
ptd-server 2023-02-26 06:26:18,892 [INFO] Sending to ptd: 'Identify'
ptd-server 2023-02-26 06:26:18,892 [INFO] Reply from ptd: 'YokogawaWT310E,1000,1,1,1,1,0,1,1,version=1.10.0-ed9a21d2-20220817,OS=Linux 5.15.0-60-generic #66~20.04.1-Ubuntu SMP Wed Jan 25 09:41:30 UTC 2023 x86_64,mode=power,1,1,1,0,0,no_cal_date,YOKOGAWA;WT310E;C3XA04010E;F1.04'
ptd-server 2023-02-26 06:26:18,892 [INFO] Connected to PTDaemon
ptd-server 2023-02-26 06:26:18,893 [INFO] Sending to ptd: 'RR'
ptd-server 2023-02-26 06:26:18,893 [INFO] Reply from ptd: 'Ranges,0,0.100000,0,300.000000'
ptd-server 2023-02-26 06:26:18,893 [INFO] Initial range for Amps is 0.100000 for Volts is 300.000000
ptd-server 2023-02-26 06:26:18,893 [INFO] Sending to ptd: 'SR,V,Auto'
ptd-server 2023-02-26 06:26:19,396 [INFO] Reply from ptd: 'Range V changed'
ptd-server 2023-02-26 06:26:19,396 [INFO] Sending to ptd: 'SR,A,Auto'
ptd-server 2023-02-26 06:26:19,898 [INFO] Reply from ptd: 'Range A changed'
ptd-server 2023-02-26 06:26:29,908 [INFO] Starting ranging mode
ptd-server 2023-02-26 06:26:29,908 [INFO] Sending to ptd: 'Go,1000,0,2023-02-26_06-26-01_ranging'
ptd-server 2023-02-26 06:26:29,908 [INFO] Reply from ptd: 'Starting untimed measurement, maximum 500000 samples at 1000ms with 0 rampup samples'
ptd-server 2023-02-26 06:26:29,909 [INFO] Sending reply to client 'OK'
ptd-server 2023-02-26 06:36:45,282 [INFO] Got command from the client 'session,2023-02-26_06-26-01,stop,ranging'
ptd-server 2023-02-26 06:36:55,292 [INFO] Sending to ptd: 'Stop'
ptd-server 2023-02-26 06:36:55,293 [INFO] Reply from ptd: 'Stopping untimed measurement'
ptd-server 2023-02-26 06:36:55,503 [INFO] Sending reply to client 'OK'
ptd-server 2023-02-26 06:36:55,595 [INFO] Got command from the client 'time'
ptd-server 2023-02-26 06:36:55,595 [INFO] Sending reply to client '1677393415.5952194'
ptd-server 2023-02-26 06:36:55,598 [INFO] Got command from the client 'session,2023-02-26_06-26-01,start,testing'
ptd-server 2023-02-26 06:36:55,598 [INFO] Sending to ptd: 'SR,V,250.240000'
ptd-server 2023-02-26 06:36:57,410 [INFO] Reply from ptd: 'Range V changed'
ptd-server 2023-02-26 06:36:57,410 [INFO] Sending to ptd: 'SR,A,0.060490'
ptd-server 2023-02-26 06:36:58,911 [INFO] Reply from ptd: 'Range A changed'
ptd-server 2023-02-26 06:37:08,921 [INFO] Starting testing mode
ptd-server 2023-02-26 06:37:08,922 [INFO] Sending to ptd: 'Go,1000,0,2023-02-26_06-26-01_testing'
ptd-server 2023-02-26 06:37:08,922 [INFO] Reply from ptd: 'Starting untimed measurement, maximum 500000 samples at 1000ms with 0 rampup samples'
ptd-server 2023-02-26 06:37:08,922 [INFO] Sending reply to client 'OK'
ptd-server 2023-02-26 06:47:24,425 [INFO] Got command from the client 'session,2023-02-26_06-26-01,stop,testing'
ptd-server 2023-02-26 06:47:34,435 [INFO] Sending to ptd: 'Stop'
ptd-server 2023-02-26 06:47:34,436 [INFO] Reply from ptd: 'Stopping untimed measurement'
ptd-server 2023-02-26 06:47:34,544 [INFO] Sending reply to client 'OK'
ptd-server 2023-02-26 06:47:34,561 [INFO] Got command from the client 'session,2023-02-26_06-26-01,done'
ptd-server 2023-02-26 06:47:34,561 [INFO] Sending to ptd: 'Stop'
ptd-server 2023-02-26 06:47:34,923 [INFO] Reply from ptd: 'Error: no measurement to stop'
ptd-server 2023-02-26 06:47:34,923 [INFO] Sending to ptd: 'SR,V,300.000000'
ptd-server 2023-02-26 06:47:36,424 [INFO] Reply from ptd: 'Range V changed'
ptd-server 2023-02-26 06:47:36,425 [INFO] Sending to ptd: 'SR,A,0.100000'
ptd-server 2023-02-26 06:47:37,926 [INFO] Reply from ptd: 'Range A changed'
ptd-server 2023-02-26 06:47:37,926 [INFO] Set initial values for Amps 0.100000 and Volts 300.000000
ptd-server 2023-02-26 06:47:37,926 [INFO] Stopping ptd...
