client 2023-02-18 11:40:06,824 [INFO] Sending command to the server: 'mlcommons/power client v3'
client 2023-02-18 11:40:06,827 [INFO] Got response: 'mlcommons/power server v3'
client 2023-02-18 11:40:06,828 [INFO] Sending command to the server: 'stop'
client 2023-02-18 11:40:06,831 [INFO] Got response: 'OK'
client 2023-02-18 11:40:06,832 [INFO] Synchronizing with the server and with ib-01.dc4-in.nvidia.com...
client 2023-02-18 11:40:07,112 [INFO] NTP:offset = 0.003 s, delay = 0.217 s 
client 2023-02-18 11:40:07,114 [INFO] Sending command to the server: 'time'
client 2023-02-18 11:40:07,116 [INFO] Got response: '1676720407.1193268'
client 2023-02-18 11:40:07,117 [INFO] The time difference between the client and the server is within range -5.397 ms..-1.727 ms
client 2023-02-18 11:40:07,119 [INFO] Sending command to the server: 'new,,4244d0cb-3688-44e5-9067-f20518d99cda'
client 2023-02-18 11:40:07,122 [INFO] Got response: 'OK 2023-02-18_03-40-07,3f84ce90-e26c-44f2-832e-d74775e6c52d'
client 2023-02-18 11:40:07,123 [INFO] Session id is '2023-02-18_03-40-07'
client 2023-02-18 11:40:07,124 [INFO] Sources: {"sources": {"__init__.py": "da39a3ee5e6b4b0d3255bfef95601890afd80709", "client.py": "33ca4f26368777ac06e01f9567b714a4b8063886", "lib/__init__.py": "da39a3ee5e6b4b0d3255bfef95601890afd80709", "lib/client.py": "4c2b78fb4849a7e5b584ef792d82aaed20b17f57", "lib/common.py": "624d0c0acc7c39aaff3674f0b99d6a09da53d1dc", "lib/external/__init__.py": "da39a3ee5e6b4b0d3255bfef95601890afd80709", "lib/external/ntplib.py": "4da8f970656505a40483206ef2b5d3dd5e81711d", "lib/server.py": "cda0cdfaee9bfa1249c64a7dd4f89b7bf1b279f0", "lib/source_hashes.py": "60a2e02193209e8d392803326208d5466342da18", "lib/summary.py": "aa92f0a3f975eecd44d3c0cd0236342ccc9f941d", "lib/time_sync.py": "3210db56eb0ff0df57bf4293dc4d4b03fffd46f1", "server.py": "c3f90f2f7eeb4db30727556d0c815ebc89b3d28b", "tests/unit/__init__.py": "da39a3ee5e6b4b0d3255bfef95601890afd80709", "tests/unit/test_server.py": "99ae15aef722f2000ee6ed1ae1523637bf1ae42b", "tests/unit/test_source_hashes.py": "00468a2907583c593e6574a1f6b404e4651c221a"}, "modules": {"ptd_client_server.lib.client": "lib/client.py", "ptd_client_server.lib.common": "lib/common.py", "ptd_client_server.lib.external.ntplib": "lib/external/ntplib.py", "ptd_client_server.lib.source_hashes": "lib/source_hashes.py", "ptd_client_server.lib.summary": "lib/summary.py", "ptd_client_server.lib.time_sync": "lib/time_sync.py"}}
client 2023-02-18 11:40:07,133 [INFO] Running workload in ranging mode
client 2023-02-18 11:40:07,134 [INFO] Synchronizing with the server and with ib-01.dc4-in.nvidia.com...
client 2023-02-18 11:40:07,372 [INFO] NTP:offset = 0.003 s, delay = 0.216 s 
client 2023-02-18 11:40:07,373 [INFO] Sending command to the server: 'time'
client 2023-02-18 11:40:07,376 [INFO] Got response: '1676720407.378968'
client 2023-02-18 11:40:07,377 [INFO] The time difference between the client and the server is within range -5.532 ms..-1.758 ms
client 2023-02-18 11:40:07,378 [INFO] Sending command to the server: 'session,2023-02-18_03-40-07,start,ranging'
client 2023-02-18 11:40:35,479 [INFO] Got response: 'OK'
client 2023-02-18 11:40:35,480 [INFO] Running the workload 'LOG_DIR=/work/build/power_logs_temp python3 -m code.main --benchmarks=rnnt --scenarios=Offline --test_mode=PerformanceOnly --config_ver=maxq --action="run_harness" \\\n\t\t2>&1 | tee -a /work/build/power_logs/2023.02.18-11.39.00/stdout.txt \\\n\t\t&& if [ ! -d /work/build/power_logs/2023.02.18-11.39.00/ranging_tmp ]; \\\n\t\t\tthen mkdir /work/build/power_logs/2023.02.18-11.39.00/ranging_tmp \\\n\t\t\t\t&& mv /work/build/power_logs_temp/* /work/build/power_logs/2023.02.18-11.39.00/ranging_tmp/ \\\n\t\t\t\t&& cp -v /work/build/power_logs/2023.02.18-11.39.00/ranging_tmp/*/*/*/mlperf_log_detail.txt /work/build/power_logs_temp/ \\\n\t\t\t\t&& cp -v /work/build/power_logs/2023.02.18-11.39.00/ranging_tmp/*/*/*/mlperf_log_summary.txt /work/build/power_logs_temp/; \\\n\t\t\telse mkdir /work/build/power_logs/2023.02.18-11.39.00/testing_tmp \\\n\t\t\t\t&& mv /work/build/power_logs_temp/* /work/build/power_logs/2023.02.18-11.39.00/testing_tmp/ \\\n\t\t\t\t&& cp -v /work/build/power_logs/2023.02.18-11.39.00/testing_tmp/*/*/*/mlperf_log_detail.txt /work/build/power_logs_temp/ \\\n\t\t\t\t&& cp -v /work/build/power_logs/2023.02.18-11.39.00/testing_tmp/*/*/*/mlperf_log_summary.txt /work/build/power_logs_temp/; fi'
client 2023-02-18 11:54:16,072 [INFO] Sending command to the server: 'session,2023-02-18_03-40-07,stop,ranging'
client 2023-02-18 11:54:26,106 [INFO] Got response: 'OK'
client 2023-02-18 11:54:26,189 [INFO] Copying loadgen logs from '/work/build/power_logs_temp' to '/work/build/power_logs/2023.02.18-11.39.00/2023-02-18_03-40-07/ranging'
client 2023-02-18 11:54:26,240 [INFO] Running workload in testing mode
client 2023-02-18 11:54:26,242 [INFO] Synchronizing with the server and with ib-01.dc4-in.nvidia.com...
client 2023-02-18 11:54:26,478 [INFO] NTP:offset = 0.003 s, delay = 0.216 s 
client 2023-02-18 11:54:26,479 [INFO] Sending command to the server: 'time'
client 2023-02-18 11:54:26,482 [INFO] Got response: '1676721266.4841356'
client 2023-02-18 11:54:26,483 [INFO] The time difference between the client and the server is within range -4.812 ms..-1.137 ms
client 2023-02-18 11:54:26,483 [INFO] Sending command to the server: 'session,2023-02-18_03-40-07,start,testing'
client 2023-02-18 11:54:39,507 [INFO] Got response: 'OK'
client 2023-02-18 11:54:39,509 [INFO] Running the workload 'LOG_DIR=/work/build/power_logs_temp python3 -m code.main --benchmarks=rnnt --scenarios=Offline --test_mode=PerformanceOnly --config_ver=maxq --action="run_harness" \\\n\t\t2>&1 | tee -a /work/build/power_logs/2023.02.18-11.39.00/stdout.txt \\\n\t\t&& if [ ! -d /work/build/power_logs/2023.02.18-11.39.00/ranging_tmp ]; \\\n\t\t\tthen mkdir /work/build/power_logs/2023.02.18-11.39.00/ranging_tmp \\\n\t\t\t\t&& mv /work/build/power_logs_temp/* /work/build/power_logs/2023.02.18-11.39.00/ranging_tmp/ \\\n\t\t\t\t&& cp -v /work/build/power_logs/2023.02.18-11.39.00/ranging_tmp/*/*/*/mlperf_log_detail.txt /work/build/power_logs_temp/ \\\n\t\t\t\t&& cp -v /work/build/power_logs/2023.02.18-11.39.00/ranging_tmp/*/*/*/mlperf_log_summary.txt /work/build/power_logs_temp/; \\\n\t\t\telse mkdir /work/build/power_logs/2023.02.18-11.39.00/testing_tmp \\\n\t\t\t\t&& mv /work/build/power_logs_temp/* /work/build/power_logs/2023.02.18-11.39.00/testing_tmp/ \\\n\t\t\t\t&& cp -v /work/build/power_logs/2023.02.18-11.39.00/testing_tmp/*/*/*/mlperf_log_detail.txt /work/build/power_logs_temp/ \\\n\t\t\t\t&& cp -v /work/build/power_logs/2023.02.18-11.39.00/testing_tmp/*/*/*/mlperf_log_summary.txt /work/build/power_logs_temp/; fi'
client 2023-02-18 12:07:48,029 [INFO] Sending command to the server: 'session,2023-02-18_03-40-07,stop,testing'
client 2023-02-18 12:07:58,049 [INFO] Got response: 'OK'
client 2023-02-18 12:07:58,076 [INFO] Copying loadgen logs from '/work/build/power_logs_temp' to '/work/build/power_logs/2023.02.18-11.39.00/2023-02-18_03-40-07/run_1'
client 2023-02-18 12:07:58,107 [INFO] Done runs
