ptd-server 2023-02-18 03:40:06,834 [INFO] Got command from the client 'stop'
ptd-server 2023-02-18 03:40:06,834 [INFO] The server will be stopped after processing this client
ptd-server 2023-02-18 03:40:06,834 [INFO] Sending reply to client 'OK'
ptd-server 2023-02-18 03:40:07,119 [INFO] Got command from the client 'time'
ptd-server 2023-02-18 03:40:07,119 [INFO] Sending reply to client '1676720407.1193268'
ptd-server 2023-02-18 03:40:07,123 [INFO] Got command from the client 'new,,4244d0cb-3688-44e5-9067-f20518d99cda'
ptd-server 2023-02-18 03:40:07,124 [INFO] Sending reply to client 'OK 2023-02-18_03-40-07,3f84ce90-e26c-44f2-832e-d74775e6c52d'
ptd-server 2023-02-18 03:40:07,378 [INFO] Got command from the client 'time'
ptd-server 2023-02-18 03:40:07,378 [INFO] Sending reply to client '1676720407.378968'
ptd-server 2023-02-18 03:40:07,383 [INFO] Got command from the client 'session,2023-02-18_03-40-07,start,ranging'
ptd-server 2023-02-18 03:40:07,383 [INFO] Running PTDaemon: ['/usr/bin/ptd-linux-x86', '-l', '/tmp/tmpwsjmrni7/ptd_logfile.txt', '-p', '8888', '-c', '1', '-y', '52', '10.116.21.204']
ptd-server 2023-02-18 03:40:24,456 [INFO] Sending to ptd: 'Hello'
ptd-server 2023-02-18 03:40:24,457 [INFO] Reply from ptd: 'Hello, PTDaemon here!'
ptd-server 2023-02-18 03:40:24,457 [INFO] Sending to ptd: 'Identify'
ptd-server 2023-02-18 03:40:24,457 [INFO] Reply from ptd: 'YokogawaWT330E,1000,1,1,1,1,0,0,1,version=1.10.0-ed9a21d2-20220817,OS=Linux 5.15.0-60-generic #66~20.04.1-Ubuntu SMP Wed Jan 25 09:41:30 UTC 2023 x86_64,mode=power,1,1,1,0,0,no_cal_date,YOKOGAWA;WT333E;C2VL22012V;F1.04'
ptd-server 2023-02-18 03:40:24,457 [INFO] Connected to PTDaemon
ptd-server 2023-02-18 03:40:24,457 [INFO] Sending to ptd: 'RR'
ptd-server 2023-02-18 03:40:24,458 [INFO] Reply from ptd: 'Ranges,1,0.500000,1,300.000000'
ptd-server 2023-02-18 03:40:24,458 [INFO] Initial range for Amps is Auto for Volts is Auto
ptd-server 2023-02-18 03:40:24,458 [INFO] Sending to ptd: 'SR,V,Auto'
ptd-server 2023-02-18 03:40:24,963 [INFO] Reply from ptd: 'Range V changed'
ptd-server 2023-02-18 03:40:24,963 [INFO] Sending to ptd: 'SR,A,Auto'
ptd-server 2023-02-18 03:40:25,469 [INFO] Reply from ptd: 'Range A changed'
ptd-server 2023-02-18 03:40:35,479 [INFO] Starting ranging mode
ptd-server 2023-02-18 03:40:35,479 [INFO] Sending to ptd: 'Go,1000,0,2023-02-18_03-40-07_ranging'
ptd-server 2023-02-18 03:40:35,480 [INFO] Reply from ptd: 'Starting untimed measurement, maximum 500000 samples at 1000ms with 0 rampup samples'
ptd-server 2023-02-18 03:40:35,480 [INFO] Sending reply to client 'OK'
ptd-server 2023-02-18 03:54:16,078 [INFO] Got command from the client 'session,2023-02-18_03-40-07,stop,ranging'
ptd-server 2023-02-18 03:54:26,089 [INFO] Sending to ptd: 'Stop'
ptd-server 2023-02-18 03:54:26,090 [INFO] Reply from ptd: 'Stopping untimed measurement'
ptd-server 2023-02-18 03:54:26,106 [INFO] Sending reply to client 'OK'
ptd-server 2023-02-18 03:54:26,483 [INFO] Got command from the client 'time'
ptd-server 2023-02-18 03:54:26,484 [INFO] Sending reply to client '1676721266.4841356'
ptd-server 2023-02-18 03:54:26,488 [INFO] Got command from the client 'session,2023-02-18_03-40-07,start,testing'
ptd-server 2023-02-18 03:54:26,488 [INFO] Sending to ptd: 'SR,V,207.100000'
ptd-server 2023-02-18 03:54:27,993 [INFO] Reply from ptd: 'Range V changed'
ptd-server 2023-02-18 03:54:27,993 [INFO] Sending to ptd: 'SR,A,0.427300'
ptd-server 2023-02-18 03:54:29,497 [INFO] Reply from ptd: 'Range A changed'
ptd-server 2023-02-18 03:54:39,508 [INFO] Starting testing mode
ptd-server 2023-02-18 03:54:39,508 [INFO] Sending to ptd: 'Go,1000,0,2023-02-18_03-40-07_testing'
ptd-server 2023-02-18 03:54:39,508 [INFO] Reply from ptd: 'Starting untimed measurement, maximum 500000 samples at 1000ms with 0 rampup samples'
ptd-server 2023-02-18 03:54:39,509 [INFO] Sending reply to client 'OK'
ptd-server 2023-02-18 04:07:48,033 [INFO] Got command from the client 'session,2023-02-18_03-40-07,stop,testing'
ptd-server 2023-02-18 04:07:58,044 [INFO] Sending to ptd: 'Stop'
ptd-server 2023-02-18 04:07:58,044 [INFO] Reply from ptd: 'Stopping untimed measurement'
ptd-server 2023-02-18 04:07:58,048 [INFO] Sending reply to client 'OK'
ptd-server 2023-02-18 04:07:58,181 [INFO] Got command from the client 'session,2023-02-18_03-40-07,done'
ptd-server 2023-02-18 04:07:58,181 [INFO] Sending to ptd: 'Stop'
ptd-server 2023-02-18 04:07:58,509 [INFO] Reply from ptd: 'Error: no measurement to stop'
ptd-server 2023-02-18 04:07:58,509 [INFO] Sending to ptd: 'SR,V,Auto'
ptd-server 2023-02-18 04:07:59,014 [INFO] Reply from ptd: 'Range V changed'
ptd-server 2023-02-18 04:07:59,014 [INFO] Sending to ptd: 'SR,A,Auto'
ptd-server 2023-02-18 04:07:59,520 [INFO] Reply from ptd: 'Range A changed'
ptd-server 2023-02-18 04:07:59,520 [INFO] Set initial values for Amps Auto and Volts Auto
ptd-server 2023-02-18 04:07:59,520 [INFO] Stopping ptd...
