ptd-server 2023-03-01 19:49:10,889 [INFO] Got command from the client 'stop'
ptd-server 2023-03-01 19:49:10,889 [INFO] The server will be stopped after processing this client
ptd-server 2023-03-01 19:49:10,890 [INFO] Sending reply to client 'OK'
ptd-server 2023-03-01 19:49:10,894 [INFO] Got command from the client 'time'
ptd-server 2023-03-01 19:49:10,895 [INFO] Sending reply to client '1677700150.895439'
ptd-server 2023-03-01 19:49:10,895 [INFO] Got command from the client 'new,,13df1668-b7c9-4fe1-8afb-e1e896c79881'
ptd-server 2023-03-01 19:49:10,900 [INFO] Sending reply to client 'OK 2023-03-01_19-49-10,eec04ff7-8575-4595-93b0-957d581a799c'
ptd-server 2023-03-01 19:49:10,904 [INFO] Got command from the client 'time'
ptd-server 2023-03-01 19:49:10,904 [INFO] Sending reply to client '1677700150.9041722'
ptd-server 2023-03-01 19:49:10,906 [INFO] Got command from the client 'session,2023-03-01_19-49-10,start,ranging'
ptd-server 2023-03-01 19:49:11,008 [INFO] Running PTDaemon: ['C:\\power-dev\\ptd_client_server\\ptd-windows-x86.exe', '-l', 'C:\\Users\\root\\AppData\\Local\\Temp\\tmpn8v5qs12\\ptd_logfile.txt', '-p', '8888', '-c', '1', '-g', '8', '1']
ptd-server 2023-03-01 19:49:23,912 [INFO] Sending to ptd: 'Hello'
ptd-server 2023-03-01 19:49:23,914 [INFO] Reply from ptd: 'Hello, PTDaemon here!'
ptd-server 2023-03-01 19:49:23,914 [INFO] Sending to ptd: 'Identify'
ptd-server 2023-03-01 19:49:23,915 [INFO] Reply from ptd: 'YokogawaWT210,1000,1,1,1,1,0,0,1,version=1.10.0-82175bac-20220817,OS=Windows 8 / Server 2012,mode=power,1,1,1,0,0,no_cal_date,YOKOGAWA;760401;0;F1.12'
ptd-server 2023-03-01 19:49:23,916 [INFO] Connected to PTDaemon
ptd-server 2023-03-01 19:49:23,917 [INFO] Sending to ptd: 'RR'
ptd-server 2023-03-01 19:49:23,917 [INFO] Reply from ptd: 'Ranges,1,1.000000,1,300.000000'
ptd-server 2023-03-01 19:49:23,918 [INFO] Initial range for Amps is Auto for Volts is Auto
ptd-server 2023-03-01 19:49:23,919 [INFO] Sending to ptd: 'SR,V,Auto'
ptd-server 2023-03-01 19:49:24,443 [INFO] Reply from ptd: 'Range V changed'
ptd-server 2023-03-01 19:49:24,444 [INFO] Sending to ptd: 'SR,A,Auto'
ptd-server 2023-03-01 19:49:24,972 [INFO] Reply from ptd: 'Range A changed'
ptd-server 2023-03-01 19:49:34,986 [INFO] Starting ranging mode
ptd-server 2023-03-01 19:49:34,986 [INFO] Sending to ptd: 'Go,1000,0,2023-03-01_19-49-10_ranging'
ptd-server 2023-03-01 19:49:34,987 [INFO] Reply from ptd: 'Starting untimed measurement, maximum 500000 samples at 1000ms with 0 rampup samples'
ptd-server 2023-03-01 19:49:34,988 [INFO] Sending reply to client 'OK'
ptd-server 2023-03-01 19:59:45,292 [INFO] Got command from the client 'session,2023-03-01_19-49-10,stop,ranging'
ptd-server 2023-03-01 19:59:55,298 [INFO] Sending to ptd: 'Stop'
ptd-server 2023-03-01 19:59:55,299 [INFO] Reply from ptd: 'Stopping untimed measurement'
ptd-server 2023-03-01 19:59:55,331 [INFO] Sending reply to client 'OK'
ptd-server 2023-03-01 19:59:55,344 [INFO] Got command from the client 'time'
ptd-server 2023-03-01 19:59:55,346 [INFO] Sending reply to client '1677700795.346327'
ptd-server 2023-03-01 19:59:55,346 [INFO] Got command from the client 'session,2023-03-01_19-49-10,start,testing'
ptd-server 2023-03-01 19:59:55,347 [INFO] Sending to ptd: 'SR,V,209.820000'
ptd-server 2023-03-01 19:59:57,536 [INFO] Reply from ptd: 'Range V changed'
ptd-server 2023-03-01 19:59:57,536 [INFO] Sending to ptd: 'SR,A,1.088800'
ptd-server 2023-03-01 19:59:59,057 [INFO] Reply from ptd: 'Range A changed'
ptd-server 2023-03-01 20:00:09,072 [INFO] Starting testing mode
ptd-server 2023-03-01 20:00:09,072 [INFO] Sending to ptd: 'Go,1000,0,2023-03-01_19-49-10_testing'
ptd-server 2023-03-01 20:00:09,074 [INFO] Reply from ptd: 'Starting untimed measurement, maximum 500000 samples at 1000ms with 0 rampup samples'
ptd-server 2023-03-01 20:00:09,075 [INFO] Sending reply to client 'OK'
ptd-server 2023-03-01 20:10:18,719 [INFO] Got command from the client 'session,2023-03-01_19-49-10,stop,testing'
ptd-server 2023-03-01 20:10:28,724 [INFO] Sending to ptd: 'Stop'
ptd-server 2023-03-01 20:10:28,726 [INFO] Reply from ptd: 'Stopping untimed measurement'
ptd-server 2023-03-01 20:10:28,734 [INFO] Sending reply to client 'OK'
ptd-server 2023-03-01 20:10:28,741 [INFO] Got command from the client 'session,2023-03-01_19-49-10,done'
ptd-server 2023-03-01 20:10:28,741 [INFO] Sending to ptd: 'Stop'
ptd-server 2023-03-01 20:10:29,076 [INFO] Reply from ptd: 'Error: no measurement to stop'
ptd-server 2023-03-01 20:10:29,077 [INFO] Sending to ptd: 'SR,V,Auto'
ptd-server 2023-03-01 20:10:29,606 [INFO] Reply from ptd: 'Range V changed'
ptd-server 2023-03-01 20:10:29,607 [INFO] Sending to ptd: 'SR,A,Auto'
ptd-server 2023-03-01 20:10:30,133 [INFO] Reply from ptd: 'Range A changed'
ptd-server 2023-03-01 20:10:30,134 [INFO] Set initial values for Amps Auto and Volts Auto
ptd-server 2023-03-01 20:10:30,135 [INFO] Stopping ptd...
