ptd-server 2023-02-26 07:31:14,513 [INFO] Got command from the client 'time'
ptd-server 2023-02-26 07:31:14,513 [INFO] Sending reply to client '1677396674.5134504'
ptd-server 2023-02-26 07:31:14,515 [INFO] Got command from the client 'new,,83cf533c-718a-472c-85e6-950c63516409'
ptd-server 2023-02-26 07:31:14,516 [INFO] Sending reply to client 'OK 2023-02-26_07-31-14,638770b3-96bd-4907-b115-10ab92f22ac1'
ptd-server 2023-02-26 07:31:14,542 [INFO] Got command from the client 'time'
ptd-server 2023-02-26 07:31:14,542 [INFO] Sending reply to client '1677396674.5424213'
ptd-server 2023-02-26 07:31:14,543 [INFO] Got command from the client 'session,2023-02-26_07-31-14,start,ranging'
ptd-server 2023-02-26 07:31:14,544 [INFO] Running PTDaemon: ['/home/anton/projects/mlperf/power/inference_v1.0/ptd-linux-x86', '-l', '/tmp/tmpu4v721n6/ptd_logfile.txt', '-p', '8888', '49', '/dev/usbtmc0']
ptd-server 2023-02-26 07:31:31,631 [INFO] Sending to ptd: 'Hello'
ptd-server 2023-02-26 07:31:31,631 [INFO] Reply from ptd: 'Hello, PTDaemon here!'
ptd-server 2023-02-26 07:31:31,631 [INFO] Sending to ptd: 'Identify'
ptd-server 2023-02-26 07:31:31,632 [INFO] Reply from ptd: 'YokogawaWT310E,1000,1,1,1,1,0,1,1,version=1.10.0-ed9a21d2-20220817,OS=Linux 5.15.0-60-generic #66~20.04.1-Ubuntu SMP Wed Jan 25 09:41:30 UTC 2023 x86_64,mode=power,1,1,1,0,0,no_cal_date,YOKOGAWA;WT310E;C3XA04010E;F1.04'
ptd-server 2023-02-26 07:31:31,632 [INFO] Connected to PTDaemon
ptd-server 2023-02-26 07:31:31,632 [INFO] Sending to ptd: 'RR'
ptd-server 2023-02-26 07:31:31,632 [INFO] Reply from ptd: 'Ranges,0,0.100000,0,300.000000'
ptd-server 2023-02-26 07:31:31,633 [INFO] Initial range for Amps is 0.100000 for Volts is 300.000000
ptd-server 2023-02-26 07:31:31,633 [INFO] Sending to ptd: 'SR,V,Auto'
ptd-server 2023-02-26 07:31:32,135 [INFO] Reply from ptd: 'Range V changed'
ptd-server 2023-02-26 07:31:32,136 [INFO] Sending to ptd: 'SR,A,Auto'
ptd-server 2023-02-26 07:31:32,638 [INFO] Reply from ptd: 'Range A changed'
ptd-server 2023-02-26 07:31:42,648 [INFO] Starting ranging mode
ptd-server 2023-02-26 07:31:42,649 [INFO] Sending to ptd: 'Go,1000,0,2023-02-26_07-31-14_ranging'
ptd-server 2023-02-26 07:31:42,649 [INFO] Reply from ptd: 'Starting untimed measurement, maximum 500000 samples at 1000ms with 0 rampup samples'
ptd-server 2023-02-26 07:31:42,649 [INFO] Sending reply to client 'OK'
ptd-server 2023-02-26 07:41:57,850 [INFO] Got command from the client 'session,2023-02-26_07-31-14,stop,ranging'
ptd-server 2023-02-26 07:42:07,861 [INFO] Sending to ptd: 'Stop'
ptd-server 2023-02-26 07:42:07,861 [INFO] Reply from ptd: 'Stopping untimed measurement'
ptd-server 2023-02-26 07:42:08,073 [INFO] Sending reply to client 'OK'
ptd-server 2023-02-26 07:42:08,168 [INFO] Got command from the client 'time'
ptd-server 2023-02-26 07:42:08,169 [INFO] Sending reply to client '1677397328.169051'
ptd-server 2023-02-26 07:42:08,174 [INFO] Got command from the client 'session,2023-02-26_07-31-14,start,testing'
ptd-server 2023-02-26 07:42:08,175 [INFO] Sending to ptd: 'SR,V,249.600000'
ptd-server 2023-02-26 07:42:10,151 [INFO] Reply from ptd: 'Range V changed'
ptd-server 2023-02-26 07:42:10,151 [INFO] Sending to ptd: 'SR,A,0.048450'
ptd-server 2023-02-26 07:42:11,652 [INFO] Reply from ptd: 'Range A changed'
ptd-server 2023-02-26 07:42:21,662 [INFO] Starting testing mode
ptd-server 2023-02-26 07:42:21,663 [INFO] Sending to ptd: 'Go,1000,0,2023-02-26_07-31-14_testing'
ptd-server 2023-02-26 07:42:21,663 [INFO] Reply from ptd: 'Starting untimed measurement, maximum 500000 samples at 1000ms with 0 rampup samples'
ptd-server 2023-02-26 07:42:21,663 [INFO] Sending reply to client 'OK'
ptd-server 2023-02-26 07:52:36,846 [INFO] Got command from the client 'session,2023-02-26_07-31-14,stop,testing'
ptd-server 2023-02-26 07:52:46,856 [INFO] Sending to ptd: 'Stop'
ptd-server 2023-02-26 07:52:46,856 [INFO] Reply from ptd: 'Stopping untimed measurement'
ptd-server 2023-02-26 07:52:46,972 [INFO] Sending reply to client 'OK'
ptd-server 2023-02-26 07:52:47,000 [INFO] Got command from the client 'session,2023-02-26_07-31-14,done'
ptd-server 2023-02-26 07:52:47,000 [INFO] Sending to ptd: 'Stop'
ptd-server 2023-02-26 07:52:47,664 [INFO] Reply from ptd: 'Error: no measurement to stop'
ptd-server 2023-02-26 07:52:47,664 [INFO] Sending to ptd: 'SR,V,300.000000'
ptd-server 2023-02-26 07:52:49,165 [INFO] Reply from ptd: 'Range V changed'
ptd-server 2023-02-26 07:52:49,166 [INFO] Sending to ptd: 'SR,A,0.100000'
ptd-server 2023-02-26 07:52:50,667 [INFO] Reply from ptd: 'Range A changed'
ptd-server 2023-02-26 07:52:50,667 [INFO] Set initial values for Amps 0.100000 and Volts 300.000000
ptd-server 2023-02-26 07:52:50,667 [INFO] Stopping ptd...
