client 2023-02-12 08:36:18,629 [INFO] Creating output directory '/home/arjun/CM/repos/octoml@ck/cm-mlops/script/run-mlperf-inference-app/valid_results/arjun_orin-tflite_cpp-cpu-armnn_tflite-v22.11-default_config/mobilenet-v1-precision_float-0.5-160/singlestream/performance/tmp_power'
client 2023-02-12 08:36:18,671 [INFO] Sending command to the server: 'mlcommons/power client v3'
client 2023-02-12 08:36:18,674 [INFO] Got response: 'mlcommons/power server v3'
client 2023-02-12 08:36:18,674 [INFO] Synchronizing with the server and with time.google.com...
client 2023-02-12 08:36:18,716 [INFO] NTP:offset = -0.003 s, delay = 0.016 s 
client 2023-02-12 08:36:18,716 [INFO] Sending command to the server: 'time'
client 2023-02-12 08:36:18,720 [INFO] Got response: '1676190978.717366'
client 2023-02-12 08:36:18,721 [INFO] The time difference between the client and the server is within range -0.671 ms..3.616 ms
client 2023-02-12 08:36:18,721 [INFO] Sending command to the server: 'new,,8b6a2919-d44f-41b3-8508-60cbd87451b5'
client 2023-02-12 08:36:18,726 [INFO] Got response: 'OK 2023-02-12_08-36-18,f6482201-3ba9-4406-abad-b7d848563148'
client 2023-02-12 08:36:18,726 [INFO] Session id is '2023-02-12_08-36-18'
client 2023-02-12 08:36:18,727 [INFO] Sources: {"sources": {"__init__.py": "da39a3ee5e6b4b0d3255bfef95601890afd80709", "client.py": "33ca4f26368777ac06e01f9567b714a4b8063886", "lib/__init__.py": "da39a3ee5e6b4b0d3255bfef95601890afd80709", "lib/client.py": "4c2b78fb4849a7e5b584ef792d82aaed20b17f57", "lib/common.py": "624d0c0acc7c39aaff3674f0b99d6a09da53d1dc", "lib/external/__init__.py": "da39a3ee5e6b4b0d3255bfef95601890afd80709", "lib/external/ntplib.py": "4da8f970656505a40483206ef2b5d3dd5e81711d", "lib/server.py": "cda0cdfaee9bfa1249c64a7dd4f89b7bf1b279f0", "lib/source_hashes.py": "60a2e02193209e8d392803326208d5466342da18", "lib/summary.py": "aa92f0a3f975eecd44d3c0cd0236342ccc9f941d", "lib/time_sync.py": "3210db56eb0ff0df57bf4293dc4d4b03fffd46f1", "server.py": "c3f90f2f7eeb4db30727556d0c815ebc89b3d28b", "tests/unit/__init__.py": "da39a3ee5e6b4b0d3255bfef95601890afd80709", "tests/unit/test_server.py": "99ae15aef722f2000ee6ed1ae1523637bf1ae42b", "tests/unit/test_source_hashes.py": "00468a2907583c593e6574a1f6b404e4651c221a"}, "modules": {"ptd_client_server.lib.client": "lib/client.py", "ptd_client_server.lib.common": "lib/common.py", "ptd_client_server.lib.external.ntplib": "lib/external/ntplib.py", "ptd_client_server.lib.source_hashes": "lib/source_hashes.py", "ptd_client_server.lib.summary": "lib/summary.py", "ptd_client_server.lib.time_sync": "lib/time_sync.py"}}
client 2023-02-12 08:36:18,727 [INFO] Running workload in ranging mode
client 2023-02-12 08:36:18,727 [INFO] Synchronizing with the server and with time.google.com...
client 2023-02-12 08:36:18,743 [INFO] NTP:offset = -0.003 s, delay = 0.014 s 
client 2023-02-12 08:36:18,744 [INFO] Sending command to the server: 'time'
client 2023-02-12 08:36:18,747 [INFO] Got response: '1676190978.7443557'
client 2023-02-12 08:36:18,747 [INFO] The time difference between the client and the server is within range -0.234 ms..3.210 ms
client 2023-02-12 08:36:18,747 [INFO] Sending command to the server: 'session,2023-02-12_08-36-18,start,ranging'
client 2023-02-12 08:36:46,873 [INFO] Got response: 'OK'
client 2023-02-12 08:36:46,874 [INFO] Running the workload '/home/arjun/CM/repos/octoml@ck/cm-mlops/script/run-mlperf-inference-app/run.out'
client 2023-02-12 08:46:49,472 [INFO] Sending command to the server: 'session,2023-02-12_08-36-18,stop,ranging'
client 2023-02-12 08:46:59,764 [INFO] Got response: 'OK'
client 2023-02-12 08:46:59,789 [INFO] Copying loadgen logs from '/home/arjun/CM/repos/octoml@ck/cm-mlops/script/run-mlperf-inference-app/valid_results/arjun_orin-tflite_cpp-cpu-armnn_tflite-v22.11-default_config/mobilenet-v1-precision_float-0.5-160/singlestream/performance/run_1' to '/home/arjun/CM/repos/octoml@ck/cm-mlops/script/run-mlperf-inference-app/valid_results/arjun_orin-tflite_cpp-cpu-armnn_tflite-v22.11-default_config/mobilenet-v1-precision_float-0.5-160/singlestream/performance/tmp_power/ranging'
client 2023-02-12 08:46:59,791 [INFO] Running workload in testing mode
client 2023-02-12 08:46:59,791 [INFO] Synchronizing with the server and with time.google.com...
client 2023-02-12 08:46:59,811 [INFO] NTP:offset = -0.001 s, delay = 0.016 s 
client 2023-02-12 08:46:59,811 [INFO] Sending command to the server: 'time'
client 2023-02-12 08:46:59,814 [INFO] Got response: '1676191619.813842'
client 2023-02-12 08:46:59,815 [INFO] The time difference between the client and the server is within range -2.060 ms..1.173 ms
client 2023-02-12 08:46:59,815 [INFO] Sending command to the server: 'session,2023-02-12_08-36-18,start,testing'
client 2023-02-12 08:47:12,891 [INFO] Got response: 'OK'
client 2023-02-12 08:47:12,891 [INFO] Running the workload '/home/arjun/CM/repos/octoml@ck/cm-mlops/script/run-mlperf-inference-app/run.out'
client 2023-02-12 08:57:13,781 [INFO] Sending command to the server: 'session,2023-02-12_08-36-18,stop,testing'
client 2023-02-12 08:57:23,816 [INFO] Got response: 'OK'
client 2023-02-12 08:57:23,820 [INFO] Copying loadgen logs from '/home/arjun/CM/repos/octoml@ck/cm-mlops/script/run-mlperf-inference-app/valid_results/arjun_orin-tflite_cpp-cpu-armnn_tflite-v22.11-default_config/mobilenet-v1-precision_float-0.5-160/singlestream/performance/run_1' to '/home/arjun/CM/repos/octoml@ck/cm-mlops/script/run-mlperf-inference-app/valid_results/arjun_orin-tflite_cpp-cpu-armnn_tflite-v22.11-default_config/mobilenet-v1-precision_float-0.5-160/singlestream/performance/tmp_power/run_1'
client 2023-02-12 08:57:23,822 [INFO] Done runs
