ptd-server 2023-02-12 08:36:18,716 [INFO] Got command from the client 'time'
ptd-server 2023-02-12 08:36:18,717 [INFO] Sending reply to client '1676190978.717366'
ptd-server 2023-02-12 08:36:18,722 [INFO] Got command from the client 'new,,8b6a2919-d44f-41b3-8508-60cbd87451b5'
ptd-server 2023-02-12 08:36:18,723 [INFO] Sending reply to client 'OK 2023-02-12_08-36-18,f6482201-3ba9-4406-abad-b7d848563148'
ptd-server 2023-02-12 08:36:18,744 [INFO] Got command from the client 'time'
ptd-server 2023-02-12 08:36:18,744 [INFO] Sending reply to client '1676190978.7443557'
ptd-server 2023-02-12 08:36:18,747 [INFO] Got command from the client 'session,2023-02-12_08-36-18,start,ranging'
ptd-server 2023-02-12 08:36:18,748 [INFO] Running PTDaemon: ['/media/arjun/T7_Touch/hp-envy/CM/repos/local/cache/9b3695ca8255492a/power/inference_v1.0/ptd-linux-x86', '-l', '/tmp/tmp6_9o2crq/ptd_logfile.txt', '-p', '8888', '49', '/dev/usbtmc0']
ptd-server 2023-02-12 08:36:35,845 [INFO] Sending to ptd: 'Hello'
ptd-server 2023-02-12 08:36:35,846 [INFO] Reply from ptd: 'Hello, PTDaemon here!'
ptd-server 2023-02-12 08:36:35,846 [INFO] Sending to ptd: 'Identify'
ptd-server 2023-02-12 08:36:35,847 [INFO] Reply from ptd: 'YokogawaWT310E,1000,1,1,1,1,0,1,1,version=1.10.0-ed9a21d2-20220817,OS=Linux 5.15.0-56-generic #62-Ubuntu SMP Tue Nov 22 19:54:14 UTC 2022 x86_64,mode=power,1,1,1,0,0,no_cal_date,YOKOGAWA;WT310E;C3YD21068E;F1.04'
ptd-server 2023-02-12 08:36:35,848 [INFO] Connected to PTDaemon
ptd-server 2023-02-12 08:36:35,848 [INFO] Sending to ptd: 'RR'
ptd-server 2023-02-12 08:36:35,849 [INFO] Reply from ptd: 'Ranges,0,0.100000,0,600.000000'
ptd-server 2023-02-12 08:36:35,849 [INFO] Initial range for Amps is 0.100000 for Volts is 600.000000
ptd-server 2023-02-12 08:36:35,849 [INFO] Sending to ptd: 'SR,V,Auto'
ptd-server 2023-02-12 08:36:36,353 [INFO] Reply from ptd: 'Range V changed'
ptd-server 2023-02-12 08:36:36,353 [INFO] Sending to ptd: 'SR,A,Auto'
ptd-server 2023-02-12 08:36:36,857 [INFO] Reply from ptd: 'Range A changed'
ptd-server 2023-02-12 08:36:46,868 [INFO] Starting ranging mode
ptd-server 2023-02-12 08:36:46,868 [INFO] Sending to ptd: 'Go,1000,0,2023-02-12_08-36-18_ranging'
ptd-server 2023-02-12 08:36:46,869 [INFO] Reply from ptd: 'Starting untimed measurement, maximum 500000 samples at 1000ms with 0 rampup samples'
ptd-server 2023-02-12 08:36:46,869 [INFO] Sending reply to client 'OK'
ptd-server 2023-02-12 08:46:49,709 [INFO] Got command from the client 'session,2023-02-12_08-36-18,stop,ranging'
ptd-server 2023-02-12 08:46:59,720 [INFO] Sending to ptd: 'Stop'
ptd-server 2023-02-12 08:46:59,720 [INFO] Reply from ptd: 'Stopping untimed measurement'
ptd-server 2023-02-12 08:46:59,762 [INFO] Sending reply to client 'OK'
ptd-server 2023-02-12 08:46:59,813 [INFO] Got command from the client 'time'
ptd-server 2023-02-12 08:46:59,813 [INFO] Sending reply to client '1676191619.813842'
ptd-server 2023-02-12 08:46:59,816 [INFO] Got command from the client 'session,2023-02-12_08-36-18,start,testing'
ptd-server 2023-02-12 08:46:59,817 [INFO] Sending to ptd: 'SR,V,248.050000'
ptd-server 2023-02-12 08:47:01,373 [INFO] Reply from ptd: 'Range V changed'
ptd-server 2023-02-12 08:47:01,373 [INFO] Sending to ptd: 'SR,A,0.230590'
ptd-server 2023-02-12 08:47:02,876 [INFO] Reply from ptd: 'Range A changed'
ptd-server 2023-02-12 08:47:12,887 [INFO] Starting testing mode
ptd-server 2023-02-12 08:47:12,887 [INFO] Sending to ptd: 'Go,1000,0,2023-02-12_08-36-18_testing'
ptd-server 2023-02-12 08:47:12,888 [INFO] Reply from ptd: 'Starting untimed measurement, maximum 500000 samples at 1000ms with 0 rampup samples'
ptd-server 2023-02-12 08:47:12,889 [INFO] Sending reply to client 'OK'
ptd-server 2023-02-12 08:57:13,785 [INFO] Got command from the client 'session,2023-02-12_08-36-18,stop,testing'
ptd-server 2023-02-12 08:57:23,796 [INFO] Sending to ptd: 'Stop'
ptd-server 2023-02-12 08:57:23,797 [INFO] Reply from ptd: 'Stopping untimed measurement'
ptd-server 2023-02-12 08:57:23,816 [INFO] Sending reply to client 'OK'
ptd-server 2023-02-12 08:57:23,831 [INFO] Got command from the client 'session,2023-02-12_08-36-18,done'
ptd-server 2023-02-12 08:57:23,831 [INFO] Sending to ptd: 'Stop'
ptd-server 2023-02-12 08:57:23,889 [INFO] Reply from ptd: 'Error: no measurement to stop'
ptd-server 2023-02-12 08:57:23,890 [INFO] Sending to ptd: 'SR,V,600.000000'
ptd-server 2023-02-12 08:57:25,392 [INFO] Reply from ptd: 'Range V changed'
ptd-server 2023-02-12 08:57:25,393 [INFO] Sending to ptd: 'SR,A,0.100000'
ptd-server 2023-02-12 08:57:26,896 [INFO] Reply from ptd: 'Range A changed'
ptd-server 2023-02-12 08:57:26,896 [INFO] Set initial values for Amps 0.100000 and Volts 600.000000
ptd-server 2023-02-12 08:57:26,896 [INFO] Stopping ptd...
