ptd-server 2023-03-01 13:22:03,503 [INFO] Got command from the client 'time'
ptd-server 2023-03-01 13:22:03,503 [INFO] Sending reply to client '1677676923.503733'
ptd-server 2023-03-01 13:22:03,505 [INFO] Got command from the client 'new,,8d1a4b0a-3c9b-4282-8e4e-d2f61ae5f64b'
ptd-server 2023-03-01 13:22:03,506 [INFO] Sending reply to client 'OK 2023-03-01_13-22-03,ce5263e2-7d8e-45ce-8da7-8fb72f319ce2'
ptd-server 2023-03-01 13:22:03,530 [INFO] Got command from the client 'time'
ptd-server 2023-03-01 13:22:03,530 [INFO] Sending reply to client '1677676923.5305424'
ptd-server 2023-03-01 13:22:03,532 [INFO] Got command from the client 'session,2023-03-01_13-22-03,start,ranging'
ptd-server 2023-03-01 13:22:03,532 [INFO] Running PTDaemon: ['/home/anton/projects/mlperf/power/inference_v1.0/ptd-linux-x86', '-l', '/tmp/tmpu4v721n6/ptd_logfile.txt', '-p', '8888', '49', '/dev/usbtmc0']
ptd-server 2023-03-01 13:22:20,619 [INFO] Sending to ptd: 'Hello'
ptd-server 2023-03-01 13:22:20,619 [INFO] Reply from ptd: 'Hello, PTDaemon here!'
ptd-server 2023-03-01 13:22:20,619 [INFO] Sending to ptd: 'Identify'
ptd-server 2023-03-01 13:22:20,620 [INFO] Reply from ptd: 'YokogawaWT310E,1000,1,1,1,1,0,1,1,version=1.10.0-ed9a21d2-20220817,OS=Linux 5.15.0-60-generic #66~20.04.1-Ubuntu SMP Wed Jan 25 09:41:30 UTC 2023 x86_64,mode=power,1,1,1,0,0,no_cal_date,YOKOGAWA;WT310E;C3XA04010E;F1.04'
ptd-server 2023-03-01 13:22:20,620 [INFO] Connected to PTDaemon
ptd-server 2023-03-01 13:22:20,620 [INFO] Sending to ptd: 'RR'
ptd-server 2023-03-01 13:22:20,620 [INFO] Reply from ptd: 'Ranges,0,0.100000,0,300.000000'
ptd-server 2023-03-01 13:22:20,620 [INFO] Initial range for Amps is 0.100000 for Volts is 300.000000
ptd-server 2023-03-01 13:22:20,620 [INFO] Sending to ptd: 'SR,V,Auto'
ptd-server 2023-03-01 13:22:21,123 [INFO] Reply from ptd: 'Range V changed'
ptd-server 2023-03-01 13:22:21,123 [INFO] Sending to ptd: 'SR,A,Auto'
ptd-server 2023-03-01 13:22:21,626 [INFO] Reply from ptd: 'Range A changed'
ptd-server 2023-03-01 13:22:31,636 [INFO] Starting ranging mode
ptd-server 2023-03-01 13:22:31,636 [INFO] Sending to ptd: 'Go,1000,0,2023-03-01_13-22-03_ranging'
ptd-server 2023-03-01 13:22:31,637 [INFO] Reply from ptd: 'Starting untimed measurement, maximum 500000 samples at 1000ms with 0 rampup samples'
ptd-server 2023-03-01 13:22:31,637 [INFO] Sending reply to client 'OK'
ptd-server 2023-03-01 13:32:55,421 [INFO] Got command from the client 'session,2023-03-01_13-22-03,stop,ranging'
ptd-server 2023-03-01 13:33:05,431 [INFO] Sending to ptd: 'Stop'
ptd-server 2023-03-01 13:33:05,432 [INFO] Reply from ptd: 'Stopping untimed measurement'
ptd-server 2023-03-01 13:33:06,050 [INFO] Sending reply to client 'OK'
ptd-server 2023-03-01 13:33:06,139 [INFO] Got command from the client 'time'
ptd-server 2023-03-01 13:33:06,140 [INFO] Sending reply to client '1677677586.140091'
ptd-server 2023-03-01 13:33:06,143 [INFO] Got command from the client 'session,2023-03-01_13-22-03,start,testing'
ptd-server 2023-03-01 13:33:06,144 [INFO] Sending to ptd: 'SR,V,251.400000'
ptd-server 2023-03-01 13:33:07,645 [INFO] Reply from ptd: 'Range V changed'
ptd-server 2023-03-01 13:33:07,645 [INFO] Sending to ptd: 'SR,A,0.072130'
ptd-server 2023-03-01 13:33:09,147 [INFO] Reply from ptd: 'Range A changed'
ptd-server 2023-03-01 13:33:19,156 [INFO] Starting testing mode
ptd-server 2023-03-01 13:33:19,156 [INFO] Sending to ptd: 'Go,1000,0,2023-03-01_13-22-03_testing'
ptd-server 2023-03-01 13:33:19,156 [INFO] Reply from ptd: 'Starting untimed measurement, maximum 500000 samples at 1000ms with 0 rampup samples'
ptd-server 2023-03-01 13:33:19,157 [INFO] Sending reply to client 'OK'
ptd-server 2023-03-01 13:43:43,247 [INFO] Got command from the client 'session,2023-03-01_13-22-03,stop,testing'
ptd-server 2023-03-01 13:43:53,257 [INFO] Sending to ptd: 'Stop'
ptd-server 2023-03-01 13:43:53,257 [INFO] Reply from ptd: 'Stopping untimed measurement'
ptd-server 2023-03-01 13:43:53,572 [INFO] Sending reply to client 'OK'
ptd-server 2023-03-01 13:43:53,592 [INFO] Got command from the client 'session,2023-03-01_13-22-03,done'
ptd-server 2023-03-01 13:43:53,592 [INFO] Sending to ptd: 'Stop'
ptd-server 2023-03-01 13:43:54,156 [INFO] Reply from ptd: 'Error: no measurement to stop'
ptd-server 2023-03-01 13:43:54,156 [INFO] Sending to ptd: 'SR,V,300.000000'
ptd-server 2023-03-01 13:43:55,658 [INFO] Reply from ptd: 'Range V changed'
ptd-server 2023-03-01 13:43:55,658 [INFO] Sending to ptd: 'SR,A,0.100000'
ptd-server 2023-03-01 13:43:57,159 [INFO] Reply from ptd: 'Range A changed'
ptd-server 2023-03-01 13:43:57,159 [INFO] Set initial values for Amps 0.100000 and Volts 300.000000
ptd-server 2023-03-01 13:43:57,159 [INFO] Stopping ptd...
