ptd-server 2023-02-28 03:01:42,810 [INFO] Got command from the client 'time'
ptd-server 2023-02-28 03:01:42,810 [INFO] Sending reply to client '1677553302.8105855'
ptd-server 2023-02-28 03:01:42,812 [INFO] Got command from the client 'new,,9ac3d67c-e201-4ff5-af8b-737a5fb188df'
ptd-server 2023-02-28 03:01:42,813 [INFO] Sending reply to client 'OK 2023-02-28_03-01-42,63a568f6-fe8a-47b4-b1be-7c2db3562aa5'
ptd-server 2023-02-28 03:01:42,838 [INFO] Got command from the client 'time'
ptd-server 2023-02-28 03:01:42,838 [INFO] Sending reply to client '1677553302.8382285'
ptd-server 2023-02-28 03:01:42,842 [INFO] Got command from the client 'session,2023-02-28_03-01-42,start,ranging'
ptd-server 2023-02-28 03:01:42,842 [INFO] Running PTDaemon: ['/home/anton/projects/mlperf/power/inference_v1.0/ptd-linux-x86', '-l', '/tmp/tmpu4v721n6/ptd_logfile.txt', '-p', '8888', '49', '/dev/usbtmc0']
ptd-server 2023-02-28 03:01:59,929 [INFO] Sending to ptd: 'Hello'
ptd-server 2023-02-28 03:01:59,930 [INFO] Reply from ptd: 'Hello, PTDaemon here!'
ptd-server 2023-02-28 03:01:59,930 [INFO] Sending to ptd: 'Identify'
ptd-server 2023-02-28 03:01:59,930 [INFO] Reply from ptd: 'YokogawaWT310E,1000,1,1,1,1,0,1,1,version=1.10.0-ed9a21d2-20220817,OS=Linux 5.15.0-60-generic #66~20.04.1-Ubuntu SMP Wed Jan 25 09:41:30 UTC 2023 x86_64,mode=power,1,1,1,0,0,no_cal_date,YOKOGAWA;WT310E;C3XA04010E;F1.04'
ptd-server 2023-02-28 03:01:59,931 [INFO] Connected to PTDaemon
ptd-server 2023-02-28 03:01:59,931 [INFO] Sending to ptd: 'RR'
ptd-server 2023-02-28 03:01:59,931 [INFO] Reply from ptd: 'Ranges,0,0.100000,0,300.000000'
ptd-server 2023-02-28 03:01:59,931 [INFO] Initial range for Amps is 0.100000 for Volts is 300.000000
ptd-server 2023-02-28 03:01:59,931 [INFO] Sending to ptd: 'SR,V,Auto'
ptd-server 2023-02-28 03:02:00,434 [INFO] Reply from ptd: 'Range V changed'
ptd-server 2023-02-28 03:02:00,434 [INFO] Sending to ptd: 'SR,A,Auto'
ptd-server 2023-02-28 03:02:00,936 [INFO] Reply from ptd: 'Range A changed'
ptd-server 2023-02-28 03:02:10,947 [INFO] Starting ranging mode
ptd-server 2023-02-28 03:02:10,947 [INFO] Sending to ptd: 'Go,1000,0,2023-02-28_03-01-42_ranging'
ptd-server 2023-02-28 03:02:10,947 [INFO] Reply from ptd: 'Starting untimed measurement, maximum 500000 samples at 1000ms with 0 rampup samples'
ptd-server 2023-02-28 03:02:10,947 [INFO] Sending reply to client 'OK'
ptd-server 2023-02-28 03:12:40,052 [INFO] Got command from the client 'session,2023-02-28_03-01-42,stop,ranging'
ptd-server 2023-02-28 03:12:50,063 [INFO] Sending to ptd: 'Stop'
ptd-server 2023-02-28 03:12:50,063 [INFO] Reply from ptd: 'Stopping untimed measurement'
ptd-server 2023-02-28 03:12:50,481 [INFO] Sending reply to client 'OK'
ptd-server 2023-02-28 03:12:50,573 [INFO] Got command from the client 'time'
ptd-server 2023-02-28 03:12:50,573 [INFO] Sending reply to client '1677553970.5739682'
ptd-server 2023-02-28 03:12:50,576 [INFO] Got command from the client 'session,2023-02-28_03-01-42,start,testing'
ptd-server 2023-02-28 03:12:50,576 [INFO] Sending to ptd: 'SR,V,251.460000'
ptd-server 2023-02-28 03:12:52,449 [INFO] Reply from ptd: 'Range V changed'
ptd-server 2023-02-28 03:12:52,449 [INFO] Sending to ptd: 'SR,A,0.051860'
ptd-server 2023-02-28 03:12:53,950 [INFO] Reply from ptd: 'Range A changed'
ptd-server 2023-02-28 03:13:03,960 [INFO] Starting testing mode
ptd-server 2023-02-28 03:13:03,961 [INFO] Sending to ptd: 'Go,1000,0,2023-02-28_03-01-42_testing'
ptd-server 2023-02-28 03:13:03,961 [INFO] Reply from ptd: 'Starting untimed measurement, maximum 500000 samples at 1000ms with 0 rampup samples'
ptd-server 2023-02-28 03:13:03,961 [INFO] Sending reply to client 'OK'
ptd-server 2023-02-28 03:23:33,208 [INFO] Got command from the client 'session,2023-02-28_03-01-42,stop,testing'
ptd-server 2023-02-28 03:23:43,216 [INFO] Sending to ptd: 'Stop'
ptd-server 2023-02-28 03:23:43,216 [INFO] Reply from ptd: 'Stopping untimed measurement'
ptd-server 2023-02-28 03:23:43,431 [INFO] Sending reply to client 'OK'
ptd-server 2023-02-28 03:23:43,451 [INFO] Got command from the client 'session,2023-02-28_03-01-42,done'
ptd-server 2023-02-28 03:23:43,452 [INFO] Sending to ptd: 'Stop'
ptd-server 2023-02-28 03:23:43,961 [INFO] Reply from ptd: 'Error: no measurement to stop'
ptd-server 2023-02-28 03:23:43,962 [INFO] Sending to ptd: 'SR,V,300.000000'
ptd-server 2023-02-28 03:23:45,463 [INFO] Reply from ptd: 'Range V changed'
ptd-server 2023-02-28 03:23:45,463 [INFO] Sending to ptd: 'SR,A,0.100000'
ptd-server 2023-02-28 03:23:46,964 [INFO] Reply from ptd: 'Range A changed'
ptd-server 2023-02-28 03:23:46,964 [INFO] Set initial values for Amps 0.100000 and Volts 300.000000
ptd-server 2023-02-28 03:23:46,965 [INFO] Stopping ptd...
