ptd-server 2023-03-03 07:13:12,290 [INFO] Got command from the client 'time'
ptd-server 2023-03-03 07:13:12,290 [INFO] Sending reply to client '1677827592.2905354'
ptd-server 2023-03-03 07:13:12,293 [INFO] Got command from the client 'new,,29a080ec-5fa6-48d0-996e-4ff3fe5f2420'
ptd-server 2023-03-03 07:13:12,294 [INFO] Sending reply to client 'OK 2023-03-03_07-13-12,f2b8dbf4-8010-4094-a5d0-ea15a9c8d5e0'
ptd-server 2023-03-03 07:13:12,314 [INFO] Got command from the client 'time'
ptd-server 2023-03-03 07:13:12,314 [INFO] Sending reply to client '1677827592.3144827'
ptd-server 2023-03-03 07:13:12,316 [INFO] Got command from the client 'session,2023-03-03_07-13-12,start,ranging'
ptd-server 2023-03-03 07:13:12,316 [INFO] Running PTDaemon: ['/media/arjun/T7_Touch/hp-envy/CM/repos/local/cache/9b3695ca8255492a/power/inference_v1.0/ptd-linux-x86', '-l', '/tmp/tmpti64566v/ptd_logfile.txt', '-p', '8888', '49', '/dev/usbtmc0']
ptd-server 2023-03-03 07:13:29,420 [INFO] Sending to ptd: 'Hello'
ptd-server 2023-03-03 07:13:29,421 [INFO] Reply from ptd: 'Hello, PTDaemon here!'
ptd-server 2023-03-03 07:13:29,422 [INFO] Sending to ptd: 'Identify'
ptd-server 2023-03-03 07:13:29,422 [INFO] Reply from ptd: 'YokogawaWT310E,1000,1,1,1,1,0,1,1,version=1.10.0-ed9a21d2-20220817,OS=Linux 5.15.0-56-generic #62-Ubuntu SMP Tue Nov 22 19:54:14 UTC 2022 x86_64,mode=power,1,1,1,0,0,no_cal_date,YOKOGAWA;WT310E;C3YD21068E;F1.04'
ptd-server 2023-03-03 07:13:29,423 [INFO] Connected to PTDaemon
ptd-server 2023-03-03 07:13:29,423 [INFO] Sending to ptd: 'RR'
ptd-server 2023-03-03 07:13:29,424 [INFO] Reply from ptd: 'Ranges,1,1.000000,0,600.000000'
ptd-server 2023-03-03 07:13:29,424 [INFO] Initial range for Amps is Auto for Volts is 600.000000
ptd-server 2023-03-03 07:13:29,424 [INFO] Sending to ptd: 'SR,V,Auto'
ptd-server 2023-03-03 07:13:29,928 [INFO] Reply from ptd: 'Range V changed'
ptd-server 2023-03-03 07:13:29,929 [INFO] Sending to ptd: 'SR,A,Auto'
ptd-server 2023-03-03 07:13:30,432 [INFO] Reply from ptd: 'Range A changed'
ptd-server 2023-03-03 07:13:40,443 [INFO] Starting ranging mode
ptd-server 2023-03-03 07:13:40,444 [INFO] Sending to ptd: 'Go,1000,0,2023-03-03_07-13-12_ranging'
ptd-server 2023-03-03 07:13:40,445 [INFO] Reply from ptd: 'Starting untimed measurement, maximum 500000 samples at 1000ms with 0 rampup samples'
ptd-server 2023-03-03 07:13:40,445 [INFO] Sending reply to client 'OK'
ptd-server 2023-03-03 07:24:08,752 [INFO] Got command from the client 'session,2023-03-03_07-13-12,stop,ranging'
ptd-server 2023-03-03 07:24:18,763 [INFO] Sending to ptd: 'Stop'
ptd-server 2023-03-03 07:24:18,764 [INFO] Reply from ptd: 'Stopping untimed measurement'
ptd-server 2023-03-03 07:24:19,155 [INFO] Sending reply to client 'OK'
ptd-server 2023-03-03 07:24:19,177 [INFO] Got command from the client 'time'
ptd-server 2023-03-03 07:24:19,177 [INFO] Sending reply to client '1677828259.1773722'
ptd-server 2023-03-03 07:24:19,179 [INFO] Got command from the client 'session,2023-03-03_07-13-12,start,testing'
ptd-server 2023-03-03 07:24:19,179 [INFO] Sending to ptd: 'SR,V,246.370000'
ptd-server 2023-03-03 07:24:20,948 [INFO] Reply from ptd: 'Range V changed'
ptd-server 2023-03-03 07:24:20,948 [INFO] Sending to ptd: 'SR,A,2.527400'
ptd-server 2023-03-03 07:24:22,451 [INFO] Reply from ptd: 'Range A changed'
ptd-server 2023-03-03 07:24:32,463 [INFO] Starting testing mode
ptd-server 2023-03-03 07:24:32,463 [INFO] Sending to ptd: 'Go,1000,0,2023-03-03_07-13-12_testing'
ptd-server 2023-03-03 07:24:32,464 [INFO] Reply from ptd: 'Starting untimed measurement, maximum 500000 samples at 1000ms with 0 rampup samples'
ptd-server 2023-03-03 07:24:32,464 [INFO] Sending reply to client 'OK'
ptd-server 2023-03-03 07:35:01,579 [INFO] Got command from the client 'session,2023-03-03_07-13-12,stop,testing'
ptd-server 2023-03-03 07:35:11,590 [INFO] Sending to ptd: 'Stop'
ptd-server 2023-03-03 07:35:11,590 [INFO] Reply from ptd: 'Stopping untimed measurement'
ptd-server 2023-03-03 07:35:11,793 [INFO] Sending reply to client 'OK'
ptd-server 2023-03-03 07:35:11,797 [INFO] Got command from the client 'session,2023-03-03_07-13-12,done'
ptd-server 2023-03-03 07:35:11,798 [INFO] Sending to ptd: 'Stop'
ptd-server 2023-03-03 07:35:12,466 [INFO] Reply from ptd: 'Error: no measurement to stop'
ptd-server 2023-03-03 07:35:12,466 [INFO] Sending to ptd: 'SR,V,600.000000'
ptd-server 2023-03-03 07:35:13,969 [INFO] Reply from ptd: 'Range V changed'
ptd-server 2023-03-03 07:35:13,970 [INFO] Sending to ptd: 'SR,A,Auto'
ptd-server 2023-03-03 07:35:14,474 [INFO] Reply from ptd: 'Range A changed'
ptd-server 2023-03-03 07:35:14,474 [INFO] Set initial values for Amps Auto and Volts 600.000000
ptd-server 2023-03-03 07:35:14,475 [INFO] Stopping ptd...
