ptd-server 2023-02-23 21:58:48,169 [INFO] Got command from the client 'time'
ptd-server 2023-02-23 21:58:48,169 [INFO] Sending reply to client '1677189528.169252'
ptd-server 2023-02-23 21:58:48,170 [INFO] Got command from the client 'new,,3a4b9bbc-65dc-4c73-b325-3a311bd3e8b0'
ptd-server 2023-02-23 21:58:48,170 [INFO] Sending reply to client 'OK 2023-02-23_21-58-48,e0231add-0855-4430-ad5a-9619e2f8a2f1'
ptd-server 2023-02-23 21:58:48,211 [INFO] Got command from the client 'time'
ptd-server 2023-02-23 21:58:48,212 [INFO] Sending reply to client '1677189528.2119756'
ptd-server 2023-02-23 21:58:48,213 [INFO] Got command from the client 'session,2023-02-23_21-58-48,start,ranging'
ptd-server 2023-02-23 21:58:48,213 [INFO] Running PTDaemon: ['/home/anton/projects/mlperf/power/inference_v1.0/ptd-linux-x86', '-l', '/tmp/tmp4yl1neqp/ptd_logfile.txt', '-p', '8888', '49', '/dev/usbtmc0']
ptd-server 2023-02-23 21:59:05,287 [INFO] Sending to ptd: 'Hello'
ptd-server 2023-02-23 21:59:05,288 [INFO] Reply from ptd: 'Hello, PTDaemon here!'
ptd-server 2023-02-23 21:59:05,288 [INFO] Sending to ptd: 'Identify'
ptd-server 2023-02-23 21:59:05,288 [INFO] Reply from ptd: 'YokogawaWT310E,1000,1,1,1,1,0,1,1,version=1.10.0-ed9a21d2-20220817,OS=Linux 5.15.0-60-generic #66~20.04.1-Ubuntu SMP Wed Jan 25 09:41:30 UTC 2023 x86_64,mode=power,1,1,1,0,0,no_cal_date,YOKOGAWA;WT310E;C3XA04010E;F1.04'
ptd-server 2023-02-23 21:59:05,288 [INFO] Connected to PTDaemon
ptd-server 2023-02-23 21:59:05,288 [INFO] Sending to ptd: 'RR'
ptd-server 2023-02-23 21:59:05,289 [INFO] Reply from ptd: 'Ranges,1,0.100000,1,300.000000'
ptd-server 2023-02-23 21:59:05,289 [INFO] Initial range for Amps is Auto for Volts is Auto
ptd-server 2023-02-23 21:59:05,289 [INFO] Sending to ptd: 'SR,V,Auto'
ptd-server 2023-02-23 21:59:05,791 [INFO] Reply from ptd: 'Range V changed'
ptd-server 2023-02-23 21:59:05,792 [INFO] Sending to ptd: 'SR,A,Auto'
ptd-server 2023-02-23 21:59:06,294 [INFO] Reply from ptd: 'Range A changed'
ptd-server 2023-02-23 21:59:16,304 [INFO] Starting ranging mode
ptd-server 2023-02-23 21:59:16,305 [INFO] Sending to ptd: 'Go,1000,0,2023-02-23_21-58-48_ranging'
ptd-server 2023-02-23 21:59:16,305 [INFO] Reply from ptd: 'Starting untimed measurement, maximum 500000 samples at 1000ms with 0 rampup samples'
ptd-server 2023-02-23 21:59:16,305 [INFO] Sending reply to client 'OK'
ptd-server 2023-02-23 22:09:32,734 [INFO] Got command from the client 'session,2023-02-23_21-58-48,stop,ranging'
ptd-server 2023-02-23 22:09:42,744 [INFO] Sending to ptd: 'Stop'
ptd-server 2023-02-23 22:09:42,745 [INFO] Reply from ptd: 'Stopping untimed measurement'
ptd-server 2023-02-23 22:09:43,317 [INFO] Sending reply to client 'OK'
ptd-server 2023-02-23 22:09:43,463 [INFO] Got command from the client 'time'
ptd-server 2023-02-23 22:09:43,463 [INFO] Sending reply to client '1677190183.4636986'
ptd-server 2023-02-23 22:09:43,464 [INFO] Got command from the client 'session,2023-02-23_21-58-48,start,testing'
ptd-server 2023-02-23 22:09:43,464 [INFO] Sending to ptd: 'SR,V,253.680000'
ptd-server 2023-02-23 22:09:44,966 [INFO] Reply from ptd: 'Range V changed'
ptd-server 2023-02-23 22:09:44,966 [INFO] Sending to ptd: 'SR,A,0.044840'
ptd-server 2023-02-23 22:09:46,467 [INFO] Reply from ptd: 'Range A changed'
ptd-server 2023-02-23 22:09:56,477 [INFO] Starting testing mode
ptd-server 2023-02-23 22:09:56,478 [INFO] Sending to ptd: 'Go,1000,0,2023-02-23_21-58-48_testing'
ptd-server 2023-02-23 22:09:56,478 [INFO] Reply from ptd: 'Starting untimed measurement, maximum 500000 samples at 1000ms with 0 rampup samples'
ptd-server 2023-02-23 22:09:56,478 [INFO] Sending reply to client 'OK'
ptd-server 2023-02-23 22:20:12,950 [INFO] Got command from the client 'session,2023-02-23_21-58-48,stop,testing'
ptd-server 2023-02-23 22:20:22,961 [INFO] Sending to ptd: 'Stop'
ptd-server 2023-02-23 22:20:22,961 [INFO] Reply from ptd: 'Stopping untimed measurement'
ptd-server 2023-02-23 22:20:23,265 [INFO] Sending reply to client 'OK'
ptd-server 2023-02-23 22:20:23,273 [INFO] Got command from the client 'session,2023-02-23_21-58-48,done'
ptd-server 2023-02-23 22:20:23,273 [INFO] Sending to ptd: 'Stop'
ptd-server 2023-02-23 22:20:23,478 [INFO] Reply from ptd: 'Error: no measurement to stop'
ptd-server 2023-02-23 22:20:23,478 [INFO] Sending to ptd: 'SR,V,Auto'
ptd-server 2023-02-23 22:20:23,981 [INFO] Reply from ptd: 'Range V changed'
ptd-server 2023-02-23 22:20:23,981 [INFO] Sending to ptd: 'SR,A,Auto'
ptd-server 2023-02-23 22:20:24,484 [INFO] Reply from ptd: 'Range A changed'
ptd-server 2023-02-23 22:20:24,484 [INFO] Set initial values for Amps Auto and Volts Auto
ptd-server 2023-02-23 22:20:24,484 [INFO] Stopping ptd...
