ptd-server 2023-02-20 19:40:21,908 [INFO] Got command from the client 'time'
ptd-server 2023-02-20 19:40:21,908 [INFO] Sending reply to client '1676922021.908436'
ptd-server 2023-02-20 19:40:21,909 [INFO] Got command from the client 'new,,c4b70c3a-ad1f-4f1b-b8fd-a775f9a57090'
ptd-server 2023-02-20 19:40:21,910 [INFO] Sending reply to client 'OK 2023-02-20_19-40-21,86bd087f-ff21-4235-8555-cc7dda0208d7'
ptd-server 2023-02-20 19:40:21,948 [INFO] Got command from the client 'time'
ptd-server 2023-02-20 19:40:21,949 [INFO] Sending reply to client '1676922021.949103'
ptd-server 2023-02-20 19:40:21,950 [INFO] Got command from the client 'session,2023-02-20_19-40-21,start,ranging'
ptd-server 2023-02-20 19:40:21,950 [INFO] Running PTDaemon: ['/home/anton/projects/mlperf/power/inference_v1.0/ptd-linux-x86', '-l', '/tmp/tmp4yl1neqp/ptd_logfile.txt', '-p', '8888', '49', '/dev/usbtmc0']
ptd-server 2023-02-20 19:40:39,024 [INFO] Sending to ptd: 'Hello'
ptd-server 2023-02-20 19:40:39,025 [INFO] Reply from ptd: 'Hello, PTDaemon here!'
ptd-server 2023-02-20 19:40:39,025 [INFO] Sending to ptd: 'Identify'
ptd-server 2023-02-20 19:40:39,025 [INFO] Reply from ptd: 'YokogawaWT310E,1000,1,1,1,1,0,1,1,version=1.10.0-ed9a21d2-20220817,OS=Linux 5.15.0-60-generic #66~20.04.1-Ubuntu SMP Wed Jan 25 09:41:30 UTC 2023 x86_64,mode=power,1,1,1,0,0,no_cal_date,YOKOGAWA;WT310E;C3XA04010E;F1.04'
ptd-server 2023-02-20 19:40:39,025 [INFO] Connected to PTDaemon
ptd-server 2023-02-20 19:40:39,025 [INFO] Sending to ptd: 'RR'
ptd-server 2023-02-20 19:40:39,026 [INFO] Reply from ptd: 'Ranges,1,0.100000,1,300.000000'
ptd-server 2023-02-20 19:40:39,026 [INFO] Initial range for Amps is Auto for Volts is Auto
ptd-server 2023-02-20 19:40:39,026 [INFO] Sending to ptd: 'SR,V,Auto'
ptd-server 2023-02-20 19:40:39,529 [INFO] Reply from ptd: 'Range V changed'
ptd-server 2023-02-20 19:40:39,529 [INFO] Sending to ptd: 'SR,A,Auto'
ptd-server 2023-02-20 19:40:40,031 [INFO] Reply from ptd: 'Range A changed'
ptd-server 2023-02-20 19:40:50,041 [INFO] Starting ranging mode
ptd-server 2023-02-20 19:40:50,042 [INFO] Sending to ptd: 'Go,1000,0,2023-02-20_19-40-21_ranging'
ptd-server 2023-02-20 19:40:50,042 [INFO] Reply from ptd: 'Starting untimed measurement, maximum 500000 samples at 1000ms with 0 rampup samples'
ptd-server 2023-02-20 19:40:50,043 [INFO] Sending reply to client 'OK'
ptd-server 2023-02-20 19:51:22,532 [INFO] Got command from the client 'session,2023-02-20_19-40-21,stop,ranging'
ptd-server 2023-02-20 19:51:32,542 [INFO] Sending to ptd: 'Stop'
ptd-server 2023-02-20 19:51:32,543 [INFO] Reply from ptd: 'Stopping untimed measurement'
ptd-server 2023-02-20 19:51:32,771 [INFO] Sending reply to client 'OK'
ptd-server 2023-02-20 19:51:32,805 [INFO] Got command from the client 'time'
ptd-server 2023-02-20 19:51:32,805 [INFO] Sending reply to client '1676922692.805362'
ptd-server 2023-02-20 19:51:32,806 [INFO] Got command from the client 'session,2023-02-20_19-40-21,start,testing'
ptd-server 2023-02-20 19:51:32,806 [INFO] Sending to ptd: 'SR,V,251.390000'
ptd-server 2023-02-20 19:51:34,544 [INFO] Reply from ptd: 'Range V changed'
ptd-server 2023-02-20 19:51:34,544 [INFO] Sending to ptd: 'SR,A,0.078570'
ptd-server 2023-02-20 19:51:36,045 [INFO] Reply from ptd: 'Range A changed'
ptd-server 2023-02-20 19:51:46,055 [INFO] Starting testing mode
ptd-server 2023-02-20 19:51:46,056 [INFO] Sending to ptd: 'Go,1000,0,2023-02-20_19-40-21_testing'
ptd-server 2023-02-20 19:51:46,056 [INFO] Reply from ptd: 'Starting untimed measurement, maximum 500000 samples at 1000ms with 0 rampup samples'
ptd-server 2023-02-20 19:51:46,056 [INFO] Sending reply to client 'OK'
ptd-server 2023-02-20 20:02:13,186 [INFO] Got command from the client 'session,2023-02-20_19-40-21,stop,testing'
ptd-server 2023-02-20 20:02:23,196 [INFO] Sending to ptd: 'Stop'
ptd-server 2023-02-20 20:02:23,196 [INFO] Reply from ptd: 'Stopping untimed measurement'
ptd-server 2023-02-20 20:02:23,327 [INFO] Sending reply to client 'OK'
ptd-server 2023-02-20 20:02:23,336 [INFO] Got command from the client 'session,2023-02-20_19-40-21,done'
ptd-server 2023-02-20 20:02:23,336 [INFO] Sending to ptd: 'Stop'
ptd-server 2023-02-20 20:02:24,057 [INFO] Reply from ptd: 'Error: no measurement to stop'
ptd-server 2023-02-20 20:02:24,057 [INFO] Sending to ptd: 'SR,V,Auto'
ptd-server 2023-02-20 20:02:24,559 [INFO] Reply from ptd: 'Range V changed'
ptd-server 2023-02-20 20:02:24,560 [INFO] Sending to ptd: 'SR,A,Auto'
ptd-server 2023-02-20 20:02:25,062 [INFO] Reply from ptd: 'Range A changed'
ptd-server 2023-02-20 20:02:25,063 [INFO] Set initial values for Amps Auto and Volts Auto
ptd-server 2023-02-20 20:02:25,063 [INFO] Stopping ptd...
