ptd-server 2023-02-12 15:01:17,654 [INFO] Got command from the client 'time'
ptd-server 2023-02-12 15:01:17,654 [INFO] Sending reply to client '1676214077.6545146'
ptd-server 2023-02-12 15:01:17,659 [INFO] Got command from the client 'new,,0acd9974-8177-4e14-a64d-f0886a93893b'
ptd-server 2023-02-12 15:01:17,660 [INFO] Sending reply to client 'OK 2023-02-12_15-01-17,184f97d8-1557-43ee-bafc-93d0279c95fa'
ptd-server 2023-02-12 15:01:17,683 [INFO] Got command from the client 'time'
ptd-server 2023-02-12 15:01:17,683 [INFO] Sending reply to client '1676214077.6834662'
ptd-server 2023-02-12 15:01:17,686 [INFO] Got command from the client 'session,2023-02-12_15-01-17,start,ranging'
ptd-server 2023-02-12 15:01:17,687 [INFO] Running PTDaemon: ['/media/arjun/T7_Touch/hp-envy/CM/repos/local/cache/9b3695ca8255492a/power/inference_v1.0/ptd-linux-x86', '-l', '/tmp/tmp6_9o2crq/ptd_logfile.txt', '-p', '8888', '49', '/dev/usbtmc0']
ptd-server 2023-02-12 15:01:34,781 [INFO] Sending to ptd: 'Hello'
ptd-server 2023-02-12 15:01:34,782 [INFO] Reply from ptd: 'Hello, PTDaemon here!'
ptd-server 2023-02-12 15:01:34,783 [INFO] Sending to ptd: 'Identify'
ptd-server 2023-02-12 15:01:34,783 [INFO] Reply from ptd: 'YokogawaWT310E,1000,1,1,1,1,0,1,1,version=1.10.0-ed9a21d2-20220817,OS=Linux 5.15.0-56-generic #62-Ubuntu SMP Tue Nov 22 19:54:14 UTC 2022 x86_64,mode=power,1,1,1,0,0,no_cal_date,YOKOGAWA;WT310E;C3YD21068E;F1.04'
ptd-server 2023-02-12 15:01:34,784 [INFO] Connected to PTDaemon
ptd-server 2023-02-12 15:01:34,784 [INFO] Sending to ptd: 'RR'
ptd-server 2023-02-12 15:01:34,785 [INFO] Reply from ptd: 'Ranges,0,0.100000,0,600.000000'
ptd-server 2023-02-12 15:01:34,785 [INFO] Initial range for Amps is 0.100000 for Volts is 600.000000
ptd-server 2023-02-12 15:01:34,785 [INFO] Sending to ptd: 'SR,V,Auto'
ptd-server 2023-02-12 15:01:35,289 [INFO] Reply from ptd: 'Range V changed'
ptd-server 2023-02-12 15:01:35,289 [INFO] Sending to ptd: 'SR,A,Auto'
ptd-server 2023-02-12 15:01:35,793 [INFO] Reply from ptd: 'Range A changed'
ptd-server 2023-02-12 15:01:45,804 [INFO] Starting ranging mode
ptd-server 2023-02-12 15:01:45,804 [INFO] Sending to ptd: 'Go,1000,0,2023-02-12_15-01-17_ranging'
ptd-server 2023-02-12 15:01:45,804 [INFO] Reply from ptd: 'Starting untimed measurement, maximum 500000 samples at 1000ms with 0 rampup samples'
ptd-server 2023-02-12 15:01:45,804 [INFO] Sending reply to client 'OK'
ptd-server 2023-02-12 15:11:48,311 [INFO] Got command from the client 'session,2023-02-12_15-01-17,stop,ranging'
ptd-server 2023-02-12 15:11:58,322 [INFO] Sending to ptd: 'Stop'
ptd-server 2023-02-12 15:11:58,323 [INFO] Reply from ptd: 'Stopping untimed measurement'
ptd-server 2023-02-12 15:11:58,380 [INFO] Sending reply to client 'OK'
ptd-server 2023-02-12 15:11:58,430 [INFO] Got command from the client 'time'
ptd-server 2023-02-12 15:11:58,430 [INFO] Sending reply to client '1676214718.4304347'
ptd-server 2023-02-12 15:11:58,433 [INFO] Got command from the client 'session,2023-02-12_15-01-17,start,testing'
ptd-server 2023-02-12 15:11:58,434 [INFO] Sending to ptd: 'SR,V,248.220000'
ptd-server 2023-02-12 15:12:00,307 [INFO] Reply from ptd: 'Range V changed'
ptd-server 2023-02-12 15:12:00,307 [INFO] Sending to ptd: 'SR,A,0.222690'
ptd-server 2023-02-12 15:12:01,810 [INFO] Reply from ptd: 'Range A changed'
ptd-server 2023-02-12 15:12:11,821 [INFO] Starting testing mode
ptd-server 2023-02-12 15:12:11,821 [INFO] Sending to ptd: 'Go,1000,0,2023-02-12_15-01-17_testing'
ptd-server 2023-02-12 15:12:11,822 [INFO] Reply from ptd: 'Starting untimed measurement, maximum 500000 samples at 1000ms with 0 rampup samples'
ptd-server 2023-02-12 15:12:11,822 [INFO] Sending reply to client 'OK'
ptd-server 2023-02-12 15:22:12,647 [INFO] Got command from the client 'session,2023-02-12_15-01-17,stop,testing'
ptd-server 2023-02-12 15:22:22,658 [INFO] Sending to ptd: 'Stop'
ptd-server 2023-02-12 15:22:22,660 [INFO] Reply from ptd: 'Stopping untimed measurement'
ptd-server 2023-02-12 15:22:22,694 [INFO] Sending reply to client 'OK'
ptd-server 2023-02-12 15:22:22,710 [INFO] Got command from the client 'session,2023-02-12_15-01-17,done'
ptd-server 2023-02-12 15:22:22,710 [INFO] Sending to ptd: 'Stop'
ptd-server 2023-02-12 15:22:22,823 [INFO] Reply from ptd: 'Error: no measurement to stop'
ptd-server 2023-02-12 15:22:22,823 [INFO] Sending to ptd: 'SR,V,600.000000'
ptd-server 2023-02-12 15:22:24,326 [INFO] Reply from ptd: 'Range V changed'
ptd-server 2023-02-12 15:22:24,326 [INFO] Sending to ptd: 'SR,A,0.100000'
ptd-server 2023-02-12 15:22:25,829 [INFO] Reply from ptd: 'Range A changed'
ptd-server 2023-02-12 15:22:25,829 [INFO] Set initial values for Amps 0.100000 and Volts 600.000000
ptd-server 2023-02-12 15:22:25,830 [INFO] Stopping ptd...
