ptd-server 2023-02-28 09:37:49,556 [INFO] Got command from the client 'time'
ptd-server 2023-02-28 09:37:49,556 [INFO] Sending reply to client '1677577069.5563936'
ptd-server 2023-02-28 09:37:49,557 [INFO] Got command from the client 'new,,8b3d6298-7bc5-4262-be76-7fcf75320d4d'
ptd-server 2023-02-28 09:37:49,557 [INFO] Sending reply to client 'OK 2023-02-28_09-37-49,30a86e34-69a8-4dad-a490-d03177fc6b1e'
ptd-server 2023-02-28 09:37:49,579 [INFO] Got command from the client 'time'
ptd-server 2023-02-28 09:37:49,579 [INFO] Sending reply to client '1677577069.579469'
ptd-server 2023-02-28 09:37:49,581 [INFO] Got command from the client 'session,2023-02-28_09-37-49,start,ranging'
ptd-server 2023-02-28 09:37:49,581 [INFO] Running PTDaemon: ['/home/anton/projects/mlperf/power/inference_v1.0/ptd-linux-x86', '-l', '/tmp/tmpu4v721n6/ptd_logfile.txt', '-p', '8888', '49', '/dev/usbtmc0']
ptd-server 2023-02-28 09:38:06,667 [INFO] Sending to ptd: 'Hello'
ptd-server 2023-02-28 09:38:06,667 [INFO] Reply from ptd: 'Hello, PTDaemon here!'
ptd-server 2023-02-28 09:38:06,667 [INFO] Sending to ptd: 'Identify'
ptd-server 2023-02-28 09:38:06,668 [INFO] Reply from ptd: 'YokogawaWT310E,1000,1,1,1,1,0,1,1,version=1.10.0-ed9a21d2-20220817,OS=Linux 5.15.0-60-generic #66~20.04.1-Ubuntu SMP Wed Jan 25 09:41:30 UTC 2023 x86_64,mode=power,1,1,1,0,0,no_cal_date,YOKOGAWA;WT310E;C3XA04010E;F1.04'
ptd-server 2023-02-28 09:38:06,668 [INFO] Connected to PTDaemon
ptd-server 2023-02-28 09:38:06,668 [INFO] Sending to ptd: 'RR'
ptd-server 2023-02-28 09:38:06,668 [INFO] Reply from ptd: 'Ranges,0,0.100000,0,300.000000'
ptd-server 2023-02-28 09:38:06,668 [INFO] Initial range for Amps is 0.100000 for Volts is 300.000000
ptd-server 2023-02-28 09:38:06,668 [INFO] Sending to ptd: 'SR,V,Auto'
ptd-server 2023-02-28 09:38:07,171 [INFO] Reply from ptd: 'Range V changed'
ptd-server 2023-02-28 09:38:07,171 [INFO] Sending to ptd: 'SR,A,Auto'
ptd-server 2023-02-28 09:38:07,674 [INFO] Reply from ptd: 'Range A changed'
ptd-server 2023-02-28 09:38:17,684 [INFO] Starting ranging mode
ptd-server 2023-02-28 09:38:17,684 [INFO] Sending to ptd: 'Go,1000,0,2023-02-28_09-37-49_ranging'
ptd-server 2023-02-28 09:38:17,684 [INFO] Reply from ptd: 'Starting untimed measurement, maximum 500000 samples at 1000ms with 0 rampup samples'
ptd-server 2023-02-28 09:38:17,685 [INFO] Sending reply to client 'OK'
ptd-server 2023-02-28 09:48:46,235 [INFO] Got command from the client 'session,2023-02-28_09-37-49,stop,ranging'
ptd-server 2023-02-28 09:48:56,244 [INFO] Sending to ptd: 'Stop'
ptd-server 2023-02-28 09:48:56,244 [INFO] Reply from ptd: 'Stopping untimed measurement'
ptd-server 2023-02-28 09:48:56,699 [INFO] Sending reply to client 'OK'
ptd-server 2023-02-28 09:48:56,786 [INFO] Got command from the client 'time'
ptd-server 2023-02-28 09:48:56,787 [INFO] Sending reply to client '1677577736.787007'
ptd-server 2023-02-28 09:48:56,790 [INFO] Got command from the client 'session,2023-02-28_09-37-49,start,testing'
ptd-server 2023-02-28 09:48:56,790 [INFO] Sending to ptd: 'SR,V,253.800000'
ptd-server 2023-02-28 09:48:58,291 [INFO] Reply from ptd: 'Range V changed'
ptd-server 2023-02-28 09:48:58,292 [INFO] Sending to ptd: 'SR,A,0.051290'
ptd-server 2023-02-28 09:48:59,793 [INFO] Reply from ptd: 'Range A changed'
ptd-server 2023-02-28 09:49:09,803 [INFO] Starting testing mode
ptd-server 2023-02-28 09:49:09,803 [INFO] Sending to ptd: 'Go,1000,0,2023-02-28_09-37-49_testing'
ptd-server 2023-02-28 09:49:09,804 [INFO] Reply from ptd: 'Starting untimed measurement, maximum 500000 samples at 1000ms with 0 rampup samples'
ptd-server 2023-02-28 09:49:09,804 [INFO] Sending reply to client 'OK'
ptd-server 2023-02-28 09:59:38,619 [INFO] Got command from the client 'session,2023-02-28_09-37-49,stop,testing'
ptd-server 2023-02-28 09:59:48,628 [INFO] Sending to ptd: 'Stop'
ptd-server 2023-02-28 09:59:48,628 [INFO] Reply from ptd: 'Stopping untimed measurement'
ptd-server 2023-02-28 09:59:48,875 [INFO] Sending reply to client 'OK'
ptd-server 2023-02-28 09:59:48,895 [INFO] Got command from the client 'session,2023-02-28_09-37-49,done'
ptd-server 2023-02-28 09:59:48,895 [INFO] Sending to ptd: 'Stop'
ptd-server 2023-02-28 09:59:48,895 [INFO] Reply from ptd: 'Error: no measurement to stop'
ptd-server 2023-02-28 09:59:48,895 [INFO] Sending to ptd: 'SR,V,300.000000'
ptd-server 2023-02-28 09:59:50,397 [INFO] Reply from ptd: 'Range V changed'
ptd-server 2023-02-28 09:59:50,397 [INFO] Sending to ptd: 'SR,A,0.100000'
ptd-server 2023-02-28 09:59:51,898 [INFO] Reply from ptd: 'Range A changed'
ptd-server 2023-02-28 09:59:51,898 [INFO] Set initial values for Amps 0.100000 and Volts 300.000000
ptd-server 2023-02-28 09:59:51,899 [INFO] Stopping ptd...
