client 2023-02-27 13:32:15,214 [INFO] Creating output directory '/home/arjun/mobilenet_results/valid_results/arjun_orin-tflite_armnn_cpp-cpu-armnn_tflite-v22.11-using_neon/mobilenet-v2-precision_uint8-0.75-128/singlestream/performance/tmp_power'
client 2023-02-27 13:32:15,377 [INFO] Sending command to the server: 'mlcommons/power client v3'
client 2023-02-27 13:32:15,474 [INFO] Got response: 'mlcommons/power server v3'
client 2023-02-27 13:32:15,474 [INFO] Synchronizing with the server and with time.google.com...
client 2023-02-27 13:32:15,499 [INFO] NTP:offset = -0.002 s, delay = 0.016 s 
client 2023-02-27 13:32:15,500 [INFO] Sending command to the server: 'time'
client 2023-02-27 13:32:15,503 [INFO] Got response: '1677504735.501013'
client 2023-02-27 13:32:15,504 [INFO] The time difference between the client and the server is within range -0.896 ms..3.075 ms
client 2023-02-27 13:32:15,504 [INFO] Sending command to the server: 'new,,90a7d9f0-3e5e-4801-ba75-9ebb95801f20'
client 2023-02-27 13:32:15,507 [INFO] Got response: 'OK 2023-02-27_13-32-15,607e9c72-2885-448b-a5a4-882bb4f16cd3'
client 2023-02-27 13:32:15,508 [INFO] Session id is '2023-02-27_13-32-15'
client 2023-02-27 13:32:15,508 [INFO] Sources: {"sources": {"__init__.py": "da39a3ee5e6b4b0d3255bfef95601890afd80709", "client.py": "33ca4f26368777ac06e01f9567b714a4b8063886", "lib/__init__.py": "da39a3ee5e6b4b0d3255bfef95601890afd80709", "lib/client.py": "4c2b78fb4849a7e5b584ef792d82aaed20b17f57", "lib/common.py": "624d0c0acc7c39aaff3674f0b99d6a09da53d1dc", "lib/external/__init__.py": "da39a3ee5e6b4b0d3255bfef95601890afd80709", "lib/external/ntplib.py": "4da8f970656505a40483206ef2b5d3dd5e81711d", "lib/server.py": "cda0cdfaee9bfa1249c64a7dd4f89b7bf1b279f0", "lib/source_hashes.py": "60a2e02193209e8d392803326208d5466342da18", "lib/summary.py": "aa92f0a3f975eecd44d3c0cd0236342ccc9f941d", "lib/time_sync.py": "3210db56eb0ff0df57bf4293dc4d4b03fffd46f1", "server.py": "c3f90f2f7eeb4db30727556d0c815ebc89b3d28b", "tests/unit/__init__.py": "da39a3ee5e6b4b0d3255bfef95601890afd80709", "tests/unit/test_server.py": "99ae15aef722f2000ee6ed1ae1523637bf1ae42b", "tests/unit/test_source_hashes.py": "00468a2907583c593e6574a1f6b404e4651c221a"}, "modules": {"ptd_client_server.lib.client": "lib/client.py", "ptd_client_server.lib.common": "lib/common.py", "ptd_client_server.lib.external.ntplib": "lib/external/ntplib.py", "ptd_client_server.lib.source_hashes": "lib/source_hashes.py", "ptd_client_server.lib.summary": "lib/summary.py", "ptd_client_server.lib.time_sync": "lib/time_sync.py"}}
client 2023-02-27 13:32:15,509 [INFO] Running workload in ranging mode
client 2023-02-27 13:32:15,509 [INFO] Synchronizing with the server and with time.google.com...
client 2023-02-27 13:32:15,528 [INFO] NTP:offset = -0.002 s, delay = 0.016 s 
client 2023-02-27 13:32:15,528 [INFO] Sending command to the server: 'time'
client 2023-02-27 13:32:15,531 [INFO] Got response: '1677504735.5289629'
client 2023-02-27 13:32:15,531 [INFO] The time difference between the client and the server is within range -0.682 ms..2.492 ms
client 2023-02-27 13:32:15,531 [INFO] Sending command to the server: 'session,2023-02-27_13-32-15,start,ranging'
client 2023-02-27 13:32:43,660 [INFO] Got response: 'OK'
client 2023-02-27 13:32:43,661 [INFO] Running the workload '/home/arjun/run.out'
client 2023-02-27 13:45:22,145 [INFO] Sending command to the server: 'session,2023-02-27_13-32-15,stop,ranging'
client 2023-02-27 13:45:32,696 [INFO] Got response: 'OK'
client 2023-02-27 13:45:32,714 [INFO] Copying loadgen logs from '/home/arjun/mobilenet_results/valid_results/arjun_orin-tflite_armnn_cpp-cpu-armnn_tflite-v22.11-using_neon/mobilenet-v2-precision_uint8-0.75-128/singlestream/performance/run_1' to '/home/arjun/mobilenet_results/valid_results/arjun_orin-tflite_armnn_cpp-cpu-armnn_tflite-v22.11-using_neon/mobilenet-v2-precision_uint8-0.75-128/singlestream/performance/tmp_power/ranging'
client 2023-02-27 13:45:32,715 [INFO] Running workload in testing mode
client 2023-02-27 13:45:32,715 [INFO] Synchronizing with the server and with time.google.com...
client 2023-02-27 13:45:32,733 [INFO] NTP:offset = -0.003 s, delay = 0.014 s 
client 2023-02-27 13:45:32,734 [INFO] Sending command to the server: 'time'
client 2023-02-27 13:45:32,738 [INFO] Got response: '1677505532.7341318'
client 2023-02-27 13:45:32,738 [INFO] The time difference between the client and the server is within range -0.077 ms..4.138 ms
client 2023-02-27 13:45:32,738 [INFO] Sending command to the server: 'session,2023-02-27_13-32-15,start,testing'
client 2023-02-27 13:45:45,760 [INFO] Got response: 'OK'
client 2023-02-27 13:45:45,761 [INFO] Running the workload '/home/arjun/run.out'
client 2023-02-27 13:58:17,229 [INFO] Sending command to the server: 'session,2023-02-27_13-32-15,stop,testing'
client 2023-02-27 13:58:27,534 [INFO] Got response: 'OK'
client 2023-02-27 13:58:27,539 [INFO] Copying loadgen logs from '/home/arjun/mobilenet_results/valid_results/arjun_orin-tflite_armnn_cpp-cpu-armnn_tflite-v22.11-using_neon/mobilenet-v2-precision_uint8-0.75-128/singlestream/performance/run_1' to '/home/arjun/mobilenet_results/valid_results/arjun_orin-tflite_armnn_cpp-cpu-armnn_tflite-v22.11-using_neon/mobilenet-v2-precision_uint8-0.75-128/singlestream/performance/tmp_power/run_1'
client 2023-02-27 13:58:27,541 [INFO] Done runs
