ptd-server 2023-02-20 14:13:40,589 [INFO] Got command from the client 'time'
ptd-server 2023-02-20 14:13:40,589 [INFO] Sending reply to client '1676902420.5897872'
ptd-server 2023-02-20 14:13:40,590 [INFO] Got command from the client 'new,,64540cca-b2f0-4cf9-9a2f-d8b02572ff15'
ptd-server 2023-02-20 14:13:40,591 [INFO] Sending reply to client 'OK 2023-02-20_14-13-40,c3c76688-0dd8-44cc-bc79-c06f88c0f436'
ptd-server 2023-02-20 14:13:40,613 [INFO] Got command from the client 'time'
ptd-server 2023-02-20 14:13:40,613 [INFO] Sending reply to client '1676902420.6139514'
ptd-server 2023-02-20 14:13:40,614 [INFO] Got command from the client 'session,2023-02-20_14-13-40,start,ranging'
ptd-server 2023-02-20 14:13:40,615 [INFO] Running PTDaemon: ['/home/anton/projects/mlperf/power/inference_v1.0/ptd-linux-x86', '-l', '/tmp/tmp4yl1neqp/ptd_logfile.txt', '-p', '8888', '49', '/dev/usbtmc0']
ptd-server 2023-02-20 14:13:57,680 [INFO] Sending to ptd: 'Hello'
ptd-server 2023-02-20 14:13:57,680 [INFO] Reply from ptd: 'Hello, PTDaemon here!'
ptd-server 2023-02-20 14:13:57,680 [INFO] Sending to ptd: 'Identify'
ptd-server 2023-02-20 14:13:57,681 [INFO] Reply from ptd: 'YokogawaWT310E,1000,1,1,1,1,0,1,1,version=1.10.0-ed9a21d2-20220817,OS=Linux 5.15.0-60-generic #66~20.04.1-Ubuntu SMP Wed Jan 25 09:41:30 UTC 2023 x86_64,mode=power,1,1,1,0,0,no_cal_date,YOKOGAWA;WT310E;C3XA04010E;F1.04'
ptd-server 2023-02-20 14:13:57,681 [INFO] Connected to PTDaemon
ptd-server 2023-02-20 14:13:57,681 [INFO] Sending to ptd: 'RR'
ptd-server 2023-02-20 14:13:57,681 [INFO] Reply from ptd: 'Ranges,1,0.100000,1,300.000000'
ptd-server 2023-02-20 14:13:57,681 [INFO] Initial range for Amps is Auto for Volts is Auto
ptd-server 2023-02-20 14:13:57,681 [INFO] Sending to ptd: 'SR,V,Auto'
ptd-server 2023-02-20 14:13:58,185 [INFO] Reply from ptd: 'Range V changed'
ptd-server 2023-02-20 14:13:58,185 [INFO] Sending to ptd: 'SR,A,Auto'
ptd-server 2023-02-20 14:13:58,687 [INFO] Reply from ptd: 'Range A changed'
ptd-server 2023-02-20 14:14:08,697 [INFO] Starting ranging mode
ptd-server 2023-02-20 14:14:08,698 [INFO] Sending to ptd: 'Go,1000,0,2023-02-20_14-13-40_ranging'
ptd-server 2023-02-20 14:14:08,698 [INFO] Reply from ptd: 'Starting untimed measurement, maximum 500000 samples at 1000ms with 0 rampup samples'
ptd-server 2023-02-20 14:14:08,698 [INFO] Sending reply to client 'OK'
ptd-server 2023-02-20 14:24:36,237 [INFO] Got command from the client 'session,2023-02-20_14-13-40,stop,ranging'
ptd-server 2023-02-20 14:24:46,247 [INFO] Sending to ptd: 'Stop'
ptd-server 2023-02-20 14:24:46,248 [INFO] Reply from ptd: 'Stopping untimed measurement'
ptd-server 2023-02-20 14:24:46,443 [INFO] Sending reply to client 'OK'
ptd-server 2023-02-20 14:24:46,514 [INFO] Got command from the client 'time'
ptd-server 2023-02-20 14:24:46,514 [INFO] Sending reply to client '1676903086.5145125'
ptd-server 2023-02-20 14:24:46,515 [INFO] Got command from the client 'session,2023-02-20_14-13-40,start,testing'
ptd-server 2023-02-20 14:24:46,515 [INFO] Sending to ptd: 'SR,V,253.070000'
ptd-server 2023-02-20 14:24:48,200 [INFO] Reply from ptd: 'Range V changed'
ptd-server 2023-02-20 14:24:48,200 [INFO] Sending to ptd: 'SR,A,0.067390'
ptd-server 2023-02-20 14:24:49,701 [INFO] Reply from ptd: 'Range A changed'
ptd-server 2023-02-20 14:24:59,702 [INFO] Starting testing mode
ptd-server 2023-02-20 14:24:59,702 [INFO] Sending to ptd: 'Go,1000,0,2023-02-20_14-13-40_testing'
ptd-server 2023-02-20 14:24:59,702 [INFO] Reply from ptd: 'Starting untimed measurement, maximum 500000 samples at 1000ms with 0 rampup samples'
ptd-server 2023-02-20 14:24:59,703 [INFO] Sending reply to client 'OK'
ptd-server 2023-02-20 14:35:27,075 [INFO] Got command from the client 'session,2023-02-20_14-13-40,stop,testing'
ptd-server 2023-02-20 14:35:37,086 [INFO] Sending to ptd: 'Stop'
ptd-server 2023-02-20 14:35:37,086 [INFO] Reply from ptd: 'Stopping untimed measurement'
ptd-server 2023-02-20 14:35:37,200 [INFO] Sending reply to client 'OK'
ptd-server 2023-02-20 14:35:37,208 [INFO] Got command from the client 'session,2023-02-20_14-13-40,done'
ptd-server 2023-02-20 14:35:37,209 [INFO] Sending to ptd: 'Stop'
ptd-server 2023-02-20 14:35:37,703 [INFO] Reply from ptd: 'Error: no measurement to stop'
ptd-server 2023-02-20 14:35:37,703 [INFO] Sending to ptd: 'SR,V,Auto'
ptd-server 2023-02-20 14:35:38,205 [INFO] Reply from ptd: 'Range V changed'
ptd-server 2023-02-20 14:35:38,206 [INFO] Sending to ptd: 'SR,A,Auto'
ptd-server 2023-02-20 14:35:38,708 [INFO] Reply from ptd: 'Range A changed'
ptd-server 2023-02-20 14:35:38,708 [INFO] Set initial values for Amps Auto and Volts Auto
ptd-server 2023-02-20 14:35:38,708 [INFO] Stopping ptd...
