ptd-server 2023-03-01 14:10:20,126 [INFO] Got command from the client 'time'
ptd-server 2023-03-01 14:10:20,126 [INFO] Sending reply to client '1677701420.126587'
ptd-server 2023-03-01 14:10:20,127 [INFO] Got command from the client 'new,,23cc8ebe-cb62-4915-acf4-e554f8ae2499'
ptd-server 2023-03-01 14:10:20,128 [INFO] Sending reply to client 'OK 2023-03-01_14-10-20,0a443c82-3a8c-40ac-9ea2-b11befa2010b'
ptd-server 2023-03-01 14:10:20,210 [INFO] Got command from the client 'time'
ptd-server 2023-03-01 14:10:20,210 [INFO] Sending reply to client '1677701420.2108948'
ptd-server 2023-03-01 14:10:20,212 [INFO] Got command from the client 'session,2023-03-01_14-10-20,start,ranging'
ptd-server 2023-03-01 14:10:20,212 [INFO] Running PTDaemon: ['/local/mnt/workspace/mlcommons/power-main/inference_v1.0/ptd-linux-x86', '-l', '/tmp/tmp1xnxlcf3/ptd_logfile.txt', '-p', '8888', '-c', '2', '52', '/dev/usbtmc0']
ptd-server 2023-03-01 14:10:37,234 [INFO] Sending to ptd: 'Hello'
ptd-server 2023-03-01 14:10:37,235 [INFO] Reply from ptd: 'Hello, PTDaemon here!'
ptd-server 2023-03-01 14:10:37,235 [INFO] Sending to ptd: 'Identify'
ptd-server 2023-03-01 14:10:37,235 [INFO] Reply from ptd: 'YokogawaWT330E,1000,1,1,1,1,0,0,1,version=1.10.0-ed9a21d2-20220817,OS=Linux 5.4.0-120-generic #136~18.04.1-Ubuntu SMP Fri Jun 10 18:00:44 UTC 2022 x86_64,mode=power,1,1,1,0,0,no_cal_date,YOKOGAWA;WT333E;C2XC17005V;F1.04'
ptd-server 2023-03-01 14:10:37,236 [INFO] Connected to PTDaemon
ptd-server 2023-03-01 14:10:37,236 [INFO] Sending to ptd: 'RR'
ptd-server 2023-03-01 14:10:37,237 [INFO] Reply from ptd: 'Ranges,0,10.000000,0,150.000000'
ptd-server 2023-03-01 14:10:37,237 [INFO] Initial range for Amps is 10.000000 for Volts is 150.000000
ptd-server 2023-03-01 14:10:37,237 [INFO] Sending to ptd: 'SR,V,Auto'
ptd-server 2023-03-01 14:10:37,744 [INFO] Reply from ptd: 'Range V changed'
ptd-server 2023-03-01 14:10:37,744 [INFO] Sending to ptd: 'SR,A,Auto'
ptd-server 2023-03-01 14:10:38,247 [INFO] Reply from ptd: 'Range A changed'
ptd-server 2023-03-01 14:10:48,258 [INFO] Starting ranging mode
ptd-server 2023-03-01 14:10:48,258 [INFO] Sending to ptd: 'Go,1000,0,2023-03-01_14-10-20_ranging'
ptd-server 2023-03-01 14:10:48,259 [INFO] Reply from ptd: 'Starting untimed measurement, maximum 500000 samples at 1000ms with 0 rampup samples'
ptd-server 2023-03-01 14:10:48,260 [INFO] Sending reply to client 'OK'
ptd-server 2023-03-01 14:23:08,099 [INFO] Got command from the client 'session,2023-03-01_14-10-20,stop,ranging'
ptd-server 2023-03-01 14:23:18,100 [INFO] Sending to ptd: 'Stop'
ptd-server 2023-03-01 14:23:18,101 [INFO] Reply from ptd: 'Stopping untimed measurement'
ptd-server 2023-03-01 14:23:18,127 [INFO] Sending reply to client 'OK'
ptd-server 2023-03-01 14:23:18,238 [INFO] Got command from the client 'time'
ptd-server 2023-03-01 14:23:18,238 [INFO] Sending reply to client '1677702198.2386756'
ptd-server 2023-03-01 14:23:18,239 [INFO] Got command from the client 'session,2023-03-01_14-10-20,start,testing'
ptd-server 2023-03-01 14:23:18,240 [INFO] Sending to ptd: 'SR,V,120.300000'
ptd-server 2023-03-01 14:23:19,761 [INFO] Reply from ptd: 'Range V changed'
ptd-server 2023-03-01 14:23:19,761 [INFO] Sending to ptd: 'SR,A,0.933300'
ptd-server 2023-03-01 14:23:21,264 [INFO] Reply from ptd: 'Range A changed'
ptd-server 2023-03-01 14:23:31,274 [INFO] Starting testing mode
ptd-server 2023-03-01 14:23:31,275 [INFO] Sending to ptd: 'Go,1000,0,2023-03-01_14-10-20_testing'
ptd-server 2023-03-01 14:23:31,275 [INFO] Reply from ptd: 'Starting untimed measurement, maximum 500000 samples at 1000ms with 0 rampup samples'
ptd-server 2023-03-01 14:23:31,276 [INFO] Sending reply to client 'OK'
ptd-server 2023-03-01 14:35:50,824 [INFO] Got command from the client 'session,2023-03-01_14-10-20,stop,testing'
ptd-server 2023-03-01 14:36:00,832 [INFO] Sending to ptd: 'Stop'
ptd-server 2023-03-01 14:36:00,833 [INFO] Reply from ptd: 'Stopping untimed measurement'
ptd-server 2023-03-01 14:36:00,844 [INFO] Sending reply to client 'OK'
ptd-server 2023-03-01 14:36:00,852 [INFO] Got command from the client 'session,2023-03-01_14-10-20,done'
ptd-server 2023-03-01 14:36:00,852 [INFO] Sending to ptd: 'Stop'
ptd-server 2023-03-01 14:36:01,276 [INFO] Reply from ptd: 'Error: no measurement to stop'
ptd-server 2023-03-01 14:36:01,277 [INFO] Sending to ptd: 'SR,V,150.000000'
ptd-server 2023-03-01 14:36:02,779 [INFO] Reply from ptd: 'Range V changed'
ptd-server 2023-03-01 14:36:02,779 [INFO] Sending to ptd: 'SR,A,10.000000'
ptd-server 2023-03-01 14:36:04,282 [INFO] Reply from ptd: 'Range A changed'
ptd-server 2023-03-01 14:36:04,282 [INFO] Set initial values for Amps 10.000000 and Volts 150.000000
ptd-server 2023-03-01 14:36:04,282 [INFO] Stopping ptd...
