client 2023-03-01 18:16:39,246 [INFO] Creating output directory '/home/arjun/orin_results_closed/valid_results/arjun_orin-nvidia_original-gpu-tensorrt-v8.5.2.2-default_config/resnet50/offline/performance/tmp_power'
client 2023-03-01 18:16:39,373 [INFO] Sending command to the server: 'mlcommons/power client v3'
client 2023-03-01 18:16:39,376 [INFO] Got response: 'mlcommons/power server v3'
client 2023-03-01 18:16:39,376 [INFO] Synchronizing with the server and with time.google.com...
client 2023-03-01 18:16:39,422 [INFO] NTP:offset = -0.001 s, delay = 0.017 s 
client 2023-03-01 18:16:39,422 [INFO] Sending command to the server: 'time'
client 2023-03-01 18:16:39,430 [INFO] Got response: '1677694599.4279199'
client 2023-03-01 18:16:39,430 [INFO] The time difference between the client and the server is within range -5.702 ms..2.257 ms
client 2023-03-01 18:16:39,430 [INFO] Sending command to the server: 'new,,beb52732-5413-401c-beff-4d4d75ac5d59'
client 2023-03-01 18:16:39,434 [INFO] Got response: 'OK 2023-03-01_18-16-39,4a3bb5fc-a866-4781-9cad-e2e95cf1a4d4'
client 2023-03-01 18:16:39,434 [INFO] Session id is '2023-03-01_18-16-39'
client 2023-03-01 18:16:39,434 [INFO] Sources: {"sources": {"__init__.py": "da39a3ee5e6b4b0d3255bfef95601890afd80709", "client.py": "33ca4f26368777ac06e01f9567b714a4b8063886", "lib/__init__.py": "da39a3ee5e6b4b0d3255bfef95601890afd80709", "lib/client.py": "4c2b78fb4849a7e5b584ef792d82aaed20b17f57", "lib/common.py": "624d0c0acc7c39aaff3674f0b99d6a09da53d1dc", "lib/external/__init__.py": "da39a3ee5e6b4b0d3255bfef95601890afd80709", "lib/external/ntplib.py": "4da8f970656505a40483206ef2b5d3dd5e81711d", "lib/server.py": "cda0cdfaee9bfa1249c64a7dd4f89b7bf1b279f0", "lib/source_hashes.py": "60a2e02193209e8d392803326208d5466342da18", "lib/summary.py": "aa92f0a3f975eecd44d3c0cd0236342ccc9f941d", "lib/time_sync.py": "3210db56eb0ff0df57bf4293dc4d4b03fffd46f1", "server.py": "c3f90f2f7eeb4db30727556d0c815ebc89b3d28b", "tests/unit/__init__.py": "da39a3ee5e6b4b0d3255bfef95601890afd80709", "tests/unit/test_server.py": "99ae15aef722f2000ee6ed1ae1523637bf1ae42b", "tests/unit/test_source_hashes.py": "00468a2907583c593e6574a1f6b404e4651c221a"}, "modules": {"ptd_client_server.lib.client": "lib/client.py", "ptd_client_server.lib.common": "lib/common.py", "ptd_client_server.lib.external.ntplib": "lib/external/ntplib.py", "ptd_client_server.lib.source_hashes": "lib/source_hashes.py", "ptd_client_server.lib.summary": "lib/summary.py", "ptd_client_server.lib.time_sync": "lib/time_sync.py"}}
client 2023-03-01 18:16:39,435 [INFO] Running workload in ranging mode
client 2023-03-01 18:16:39,435 [INFO] Synchronizing with the server and with time.google.com...
client 2023-03-01 18:16:39,452 [INFO] NTP:offset = -0.000 s, delay = 0.017 s 
client 2023-03-01 18:16:39,453 [INFO] Sending command to the server: 'time'
client 2023-03-01 18:16:39,457 [INFO] Got response: '1677694599.4586174'
client 2023-03-01 18:16:39,457 [INFO] The time difference between the client and the server is within range -5.627 ms..-1.229 ms
client 2023-03-01 18:16:39,457 [INFO] Sending command to the server: 'session,2023-03-01_18-16-39,start,ranging'
client 2023-03-01 18:17:07,600 [INFO] Got response: 'OK'
client 2023-03-01 18:17:07,600 [INFO] Running the workload 'ln -sf /media/arjun/T7/datasets/imagenet-2012-val /media/arjun/T7/local/cache/250c73837f574531/data/imagenet && make download_model BENCHMARKS="resnet50" && make preprocess_data BENCHMARKS="resnet50" && make run_harness RUN_ARGS=" --benchmarks=resnet50 --scenarios=offline --test_mode=PerformanceOnly --offline_expected_qps=4500 --single_stream_expected_latency_ns=700000 --multi_stream_expected_latency_ns=3000000"'
client 2023-03-01 18:40:13,925 [INFO] Sending command to the server: 'session,2023-03-01_18-16-39,stop,ranging'
client 2023-03-01 18:40:24,285 [INFO] Got response: 'OK'
client 2023-03-01 18:40:24,317 [INFO] Copying loadgen logs from '/home/arjun/orin_results_closed/valid_results/arjun_orin-nvidia_original-gpu-tensorrt-v8.5.2.2-default_config/resnet50/offline/performance/run_1' to '/home/arjun/orin_results_closed/valid_results/arjun_orin-nvidia_original-gpu-tensorrt-v8.5.2.2-default_config/resnet50/offline/performance/tmp_power/ranging'
client 2023-03-01 18:40:24,330 [INFO] Running workload in testing mode
client 2023-03-01 18:40:24,330 [INFO] Synchronizing with the server and with time.google.com...
client 2023-03-01 18:40:24,351 [INFO] NTP:offset = 0.001 s, delay = 0.016 s 
client 2023-03-01 18:40:24,351 [INFO] Sending command to the server: 'time'
client 2023-03-01 18:40:24,361 [INFO] Got response: '1677696024.358046'
client 2023-03-01 18:40:24,361 [INFO] The time difference between the client and the server is within range -6.410 ms..3.498 ms
client 2023-03-01 18:40:24,361 [INFO] Sending command to the server: 'session,2023-03-01_18-16-39,start,testing'
client 2023-03-01 18:40:37,620 [INFO] Got response: 'OK'
client 2023-03-01 18:40:37,621 [INFO] Running the workload 'ln -sf /media/arjun/T7/datasets/imagenet-2012-val /media/arjun/T7/local/cache/250c73837f574531/data/imagenet && make download_model BENCHMARKS="resnet50" && make preprocess_data BENCHMARKS="resnet50" && make run_harness RUN_ARGS=" --benchmarks=resnet50 --scenarios=offline --test_mode=PerformanceOnly --offline_expected_qps=4500 --single_stream_expected_latency_ns=700000 --multi_stream_expected_latency_ns=3000000"'
client 2023-03-01 18:52:06,691 [INFO] Sending command to the server: 'session,2023-03-01_18-16-39,stop,testing'
client 2023-03-01 18:52:16,934 [INFO] Got response: 'OK'
client 2023-03-01 18:52:16,939 [INFO] Copying loadgen logs from '/home/arjun/orin_results_closed/valid_results/arjun_orin-nvidia_original-gpu-tensorrt-v8.5.2.2-default_config/resnet50/offline/performance/run_1' to '/home/arjun/orin_results_closed/valid_results/arjun_orin-nvidia_original-gpu-tensorrt-v8.5.2.2-default_config/resnet50/offline/performance/tmp_power/run_1'
client 2023-03-01 18:52:16,941 [INFO] Done runs
