ptd-server 2023-03-01 18:16:39,427 [INFO] Got command from the client 'time'
ptd-server 2023-03-01 18:16:39,427 [INFO] Sending reply to client '1677694599.4279199'
ptd-server 2023-03-01 18:16:39,435 [INFO] Got command from the client 'new,,beb52732-5413-401c-beff-4d4d75ac5d59'
ptd-server 2023-03-01 18:16:39,436 [INFO] Sending reply to client 'OK 2023-03-01_18-16-39,4a3bb5fc-a866-4781-9cad-e2e95cf1a4d4'
ptd-server 2023-03-01 18:16:39,458 [INFO] Got command from the client 'time'
ptd-server 2023-03-01 18:16:39,458 [INFO] Sending reply to client '1677694599.4586174'
ptd-server 2023-03-01 18:16:39,471 [INFO] Got command from the client 'session,2023-03-01_18-16-39,start,ranging'
ptd-server 2023-03-01 18:16:39,472 [INFO] Running PTDaemon: ['/media/arjun/T7_Touch/hp-envy/CM/repos/local/cache/9b3695ca8255492a/power/inference_v1.0/ptd-linux-x86', '-l', '/tmp/tmpti64566v/ptd_logfile.txt', '-p', '8888', '49', '/dev/usbtmc0']
ptd-server 2023-03-01 18:16:56,576 [INFO] Sending to ptd: 'Hello'
ptd-server 2023-03-01 18:16:56,577 [INFO] Reply from ptd: 'Hello, PTDaemon here!'
ptd-server 2023-03-01 18:16:56,577 [INFO] Sending to ptd: 'Identify'
ptd-server 2023-03-01 18:16:56,578 [INFO] Reply from ptd: 'YokogawaWT310E,1000,1,1,1,1,0,1,1,version=1.10.0-ed9a21d2-20220817,OS=Linux 5.15.0-56-generic #62-Ubuntu SMP Tue Nov 22 19:54:14 UTC 2022 x86_64,mode=power,1,1,1,0,0,no_cal_date,YOKOGAWA;WT310E;C3YD21068E;F1.04'
ptd-server 2023-03-01 18:16:56,578 [INFO] Connected to PTDaemon
ptd-server 2023-03-01 18:16:56,579 [INFO] Sending to ptd: 'RR'
ptd-server 2023-03-01 18:16:56,579 [INFO] Reply from ptd: 'Ranges,0,0.100000,0,600.000000'
ptd-server 2023-03-01 18:16:56,579 [INFO] Initial range for Amps is 0.100000 for Volts is 600.000000
ptd-server 2023-03-01 18:16:56,580 [INFO] Sending to ptd: 'SR,V,Auto'
ptd-server 2023-03-01 18:16:57,084 [INFO] Reply from ptd: 'Range V changed'
ptd-server 2023-03-01 18:16:57,084 [INFO] Sending to ptd: 'SR,A,Auto'
ptd-server 2023-03-01 18:16:57,588 [INFO] Reply from ptd: 'Range A changed'
ptd-server 2023-03-01 18:17:07,599 [INFO] Starting ranging mode
ptd-server 2023-03-01 18:17:07,600 [INFO] Sending to ptd: 'Go,1000,0,2023-03-01_18-16-39_ranging'
ptd-server 2023-03-01 18:17:07,601 [INFO] Reply from ptd: 'Starting untimed measurement, maximum 500000 samples at 1000ms with 0 rampup samples'
ptd-server 2023-03-01 18:17:07,602 [INFO] Sending reply to client 'OK'
ptd-server 2023-03-01 18:40:13,932 [INFO] Got command from the client 'session,2023-03-01_18-16-39,stop,ranging'
ptd-server 2023-03-01 18:40:23,943 [INFO] Sending to ptd: 'Stop'
ptd-server 2023-03-01 18:40:23,944 [INFO] Reply from ptd: 'Stopping untimed measurement'
ptd-server 2023-03-01 18:40:24,285 [INFO] Sending reply to client 'OK'
ptd-server 2023-03-01 18:40:24,357 [INFO] Got command from the client 'time'
ptd-server 2023-03-01 18:40:24,358 [INFO] Sending reply to client '1677696024.358046'
ptd-server 2023-03-01 18:40:24,368 [INFO] Got command from the client 'session,2023-03-01_18-16-39,start,testing'
ptd-server 2023-03-01 18:40:24,368 [INFO] Sending to ptd: 'SR,V,247.530000'
ptd-server 2023-03-01 18:40:26,105 [INFO] Reply from ptd: 'Range V changed'
ptd-server 2023-03-01 18:40:26,106 [INFO] Sending to ptd: 'SR,A,0.324900'
ptd-server 2023-03-01 18:40:27,609 [INFO] Reply from ptd: 'Range A changed'
ptd-server 2023-03-01 18:40:37,620 [INFO] Starting testing mode
ptd-server 2023-03-01 18:40:37,620 [INFO] Sending to ptd: 'Go,1000,0,2023-03-01_18-16-39_testing'
ptd-server 2023-03-01 18:40:37,621 [INFO] Reply from ptd: 'Starting untimed measurement, maximum 500000 samples at 1000ms with 0 rampup samples'
ptd-server 2023-03-01 18:40:37,622 [INFO] Sending reply to client 'OK'
ptd-server 2023-03-01 18:52:06,743 [INFO] Got command from the client 'session,2023-03-01_18-16-39,stop,testing'
ptd-server 2023-03-01 18:52:16,754 [INFO] Sending to ptd: 'Stop'
ptd-server 2023-03-01 18:52:16,755 [INFO] Reply from ptd: 'Stopping untimed measurement'
ptd-server 2023-03-01 18:52:16,934 [INFO] Sending reply to client 'OK'
ptd-server 2023-03-01 18:52:16,956 [INFO] Got command from the client 'session,2023-03-01_18-16-39,done'
ptd-server 2023-03-01 18:52:16,956 [INFO] Sending to ptd: 'Stop'
ptd-server 2023-03-01 18:52:17,621 [INFO] Reply from ptd: 'Error: no measurement to stop'
ptd-server 2023-03-01 18:52:17,621 [INFO] Sending to ptd: 'SR,V,600.000000'
ptd-server 2023-03-01 18:52:19,124 [INFO] Reply from ptd: 'Range V changed'
ptd-server 2023-03-01 18:52:19,125 [INFO] Sending to ptd: 'SR,A,0.100000'
ptd-server 2023-03-01 18:52:20,628 [INFO] Reply from ptd: 'Range A changed'
ptd-server 2023-03-01 18:52:20,628 [INFO] Set initial values for Amps 0.100000 and Volts 600.000000
ptd-server 2023-03-01 18:52:20,629 [INFO] Stopping ptd...
