ptd-server 2023-02-12 19:51:45,717 [INFO] Got command from the client 'time'
ptd-server 2023-02-12 19:51:45,717 [INFO] Sending reply to client '1676231505.7175794'
ptd-server 2023-02-12 19:51:45,718 [INFO] Got command from the client 'new,,b2543ed2-9a5c-44ff-80d4-a0a8494f840c'
ptd-server 2023-02-12 19:51:45,718 [INFO] Sending reply to client 'OK 2023-02-12_19-51-45,2f316453-8409-48d3-adb4-df9a0fca6f1d'
ptd-server 2023-02-12 19:51:45,732 [INFO] Got command from the client 'time'
ptd-server 2023-02-12 19:51:45,732 [INFO] Sending reply to client '1676231505.732369'
ptd-server 2023-02-12 19:51:45,733 [INFO] Got command from the client 'session,2023-02-12_19-51-45,start,ranging'
ptd-server 2023-02-12 19:51:45,733 [INFO] Running PTDaemon: ['/home/anton/projects/mlperf/power/inference_v1.0/ptd-linux-x86', '-l', '/tmp/tmp4yl1neqp/ptd_logfile.txt', '-p', '8888', '49', '/dev/usbtmc0']
ptd-server 2023-02-12 19:52:02,807 [INFO] Sending to ptd: 'Hello'
ptd-server 2023-02-12 19:52:02,807 [INFO] Reply from ptd: 'Hello, PTDaemon here!'
ptd-server 2023-02-12 19:52:02,808 [INFO] Sending to ptd: 'Identify'
ptd-server 2023-02-12 19:52:02,808 [INFO] Reply from ptd: 'YokogawaWT310E,1000,1,1,1,1,0,1,1,version=1.10.0-ed9a21d2-20220817,OS=Linux 5.15.0-60-generic #66~20.04.1-Ubuntu SMP Wed Jan 25 09:41:30 UTC 2023 x86_64,mode=power,1,1,1,0,0,no_cal_date,YOKOGAWA;WT310E;C3XA04010E;F1.04'
ptd-server 2023-02-12 19:52:02,808 [INFO] Connected to PTDaemon
ptd-server 2023-02-12 19:52:02,808 [INFO] Sending to ptd: 'RR'
ptd-server 2023-02-12 19:52:02,809 [INFO] Reply from ptd: 'Ranges,1,0.200000,1,300.000000'
ptd-server 2023-02-12 19:52:02,809 [INFO] Initial range for Amps is Auto for Volts is Auto
ptd-server 2023-02-12 19:52:02,809 [INFO] Sending to ptd: 'SR,V,Auto'
ptd-server 2023-02-12 19:52:03,312 [INFO] Reply from ptd: 'Range V changed'
ptd-server 2023-02-12 19:52:03,312 [INFO] Sending to ptd: 'SR,A,Auto'
ptd-server 2023-02-12 19:52:03,814 [INFO] Reply from ptd: 'Range A changed'
ptd-server 2023-02-12 19:52:13,825 [INFO] Starting ranging mode
ptd-server 2023-02-12 19:52:13,825 [INFO] Sending to ptd: 'Go,1000,0,2023-02-12_19-51-45_ranging'
ptd-server 2023-02-12 19:52:13,825 [INFO] Reply from ptd: 'Starting untimed measurement, maximum 500000 samples at 1000ms with 0 rampup samples'
ptd-server 2023-02-12 19:52:13,825 [INFO] Sending reply to client 'OK'
ptd-server 2023-02-12 20:05:35,521 [INFO] Got command from the client 'session,2023-02-12_19-51-45,stop,ranging'
ptd-server 2023-02-12 20:05:45,532 [INFO] Sending to ptd: 'Stop'
ptd-server 2023-02-12 20:05:45,532 [INFO] Reply from ptd: 'Stopping untimed measurement'
ptd-server 2023-02-12 20:05:45,561 [INFO] Sending reply to client 'OK'
ptd-server 2023-02-12 20:05:45,602 [INFO] Got command from the client 'time'
ptd-server 2023-02-12 20:05:45,602 [INFO] Sending reply to client '1676232345.6023211'
ptd-server 2023-02-12 20:05:45,603 [INFO] Got command from the client 'session,2023-02-12_19-51-45,start,testing'
ptd-server 2023-02-12 20:05:45,603 [INFO] Sending to ptd: 'SR,V,251.560000'
ptd-server 2023-02-12 20:05:47,327 [INFO] Reply from ptd: 'Range V changed'
ptd-server 2023-02-12 20:05:47,327 [INFO] Sending to ptd: 'SR,A,0.204080'
ptd-server 2023-02-12 20:05:48,828 [INFO] Reply from ptd: 'Range A changed'
ptd-server 2023-02-12 20:05:58,838 [INFO] Starting testing mode
ptd-server 2023-02-12 20:05:58,839 [INFO] Sending to ptd: 'Go,1000,0,2023-02-12_19-51-45_testing'
ptd-server 2023-02-12 20:05:58,839 [INFO] Reply from ptd: 'Starting untimed measurement, maximum 500000 samples at 1000ms with 0 rampup samples'
ptd-server 2023-02-12 20:05:58,839 [INFO] Sending reply to client 'OK'
ptd-server 2023-02-12 20:19:18,341 [INFO] Got command from the client 'session,2023-02-12_19-51-45,stop,testing'
ptd-server 2023-02-12 20:19:28,352 [INFO] Sending to ptd: 'Stop'
ptd-server 2023-02-12 20:19:28,352 [INFO] Reply from ptd: 'Stopping untimed measurement'
ptd-server 2023-02-12 20:19:28,365 [INFO] Sending reply to client 'OK'
ptd-server 2023-02-12 20:19:28,372 [INFO] Got command from the client 'session,2023-02-12_19-51-45,done'
ptd-server 2023-02-12 20:19:28,372 [INFO] Sending to ptd: 'Stop'
ptd-server 2023-02-12 20:19:28,839 [INFO] Reply from ptd: 'Error: no measurement to stop'
ptd-server 2023-02-12 20:19:28,839 [INFO] Sending to ptd: 'SR,V,Auto'
ptd-server 2023-02-12 20:19:29,342 [INFO] Reply from ptd: 'Range V changed'
ptd-server 2023-02-12 20:19:29,342 [INFO] Sending to ptd: 'SR,A,Auto'
ptd-server 2023-02-12 20:19:29,845 [INFO] Reply from ptd: 'Range A changed'
ptd-server 2023-02-12 20:19:29,845 [INFO] Set initial values for Amps Auto and Volts Auto
ptd-server 2023-02-12 20:19:29,845 [INFO] Stopping ptd...
