ptd-server 2023-02-28 08:31:59,960 [INFO] Got command from the client 'time'
ptd-server 2023-02-28 08:31:59,960 [INFO] Sending reply to client '1677573119.9606378'
ptd-server 2023-02-28 08:31:59,962 [INFO] Got command from the client 'new,,21c0f744-4c86-4020-a9b9-f9e31739dd11'
ptd-server 2023-02-28 08:31:59,962 [INFO] Sending reply to client 'OK 2023-02-28_08-31-59,7df33972-0cb4-41fa-8458-ef5bb48dc70a'
ptd-server 2023-02-28 08:31:59,985 [INFO] Got command from the client 'time'
ptd-server 2023-02-28 08:31:59,985 [INFO] Sending reply to client '1677573119.9856958'
ptd-server 2023-02-28 08:31:59,987 [INFO] Got command from the client 'session,2023-02-28_08-31-59,start,ranging'
ptd-server 2023-02-28 08:31:59,988 [INFO] Running PTDaemon: ['/home/anton/projects/mlperf/power/inference_v1.0/ptd-linux-x86', '-l', '/tmp/tmpu4v721n6/ptd_logfile.txt', '-p', '8888', '49', '/dev/usbtmc0']
ptd-server 2023-02-28 08:32:17,075 [INFO] Sending to ptd: 'Hello'
ptd-server 2023-02-28 08:32:17,076 [INFO] Reply from ptd: 'Hello, PTDaemon here!'
ptd-server 2023-02-28 08:32:17,076 [INFO] Sending to ptd: 'Identify'
ptd-server 2023-02-28 08:32:17,076 [INFO] Reply from ptd: 'YokogawaWT310E,1000,1,1,1,1,0,1,1,version=1.10.0-ed9a21d2-20220817,OS=Linux 5.15.0-60-generic #66~20.04.1-Ubuntu SMP Wed Jan 25 09:41:30 UTC 2023 x86_64,mode=power,1,1,1,0,0,no_cal_date,YOKOGAWA;WT310E;C3XA04010E;F1.04'
ptd-server 2023-02-28 08:32:17,077 [INFO] Connected to PTDaemon
ptd-server 2023-02-28 08:32:17,077 [INFO] Sending to ptd: 'RR'
ptd-server 2023-02-28 08:32:17,077 [INFO] Reply from ptd: 'Ranges,0,0.100000,0,300.000000'
ptd-server 2023-02-28 08:32:17,077 [INFO] Initial range for Amps is 0.100000 for Volts is 300.000000
ptd-server 2023-02-28 08:32:17,077 [INFO] Sending to ptd: 'SR,V,Auto'
ptd-server 2023-02-28 08:32:17,580 [INFO] Reply from ptd: 'Range V changed'
ptd-server 2023-02-28 08:32:17,580 [INFO] Sending to ptd: 'SR,A,Auto'
ptd-server 2023-02-28 08:32:18,082 [INFO] Reply from ptd: 'Range A changed'
ptd-server 2023-02-28 08:32:28,092 [INFO] Starting ranging mode
ptd-server 2023-02-28 08:32:28,092 [INFO] Sending to ptd: 'Go,1000,0,2023-02-28_08-31-59_ranging'
ptd-server 2023-02-28 08:32:28,093 [INFO] Reply from ptd: 'Starting untimed measurement, maximum 500000 samples at 1000ms with 0 rampup samples'
ptd-server 2023-02-28 08:32:28,093 [INFO] Sending reply to client 'OK'
ptd-server 2023-02-28 08:42:45,699 [INFO] Got command from the client 'session,2023-02-28_08-31-59,stop,ranging'
ptd-server 2023-02-28 08:42:55,709 [INFO] Sending to ptd: 'Stop'
ptd-server 2023-02-28 08:42:55,710 [INFO] Reply from ptd: 'Stopping untimed measurement'
ptd-server 2023-02-28 08:42:56,151 [INFO] Sending reply to client 'OK'
ptd-server 2023-02-28 08:42:56,249 [INFO] Got command from the client 'time'
ptd-server 2023-02-28 08:42:56,249 [INFO] Sending reply to client '1677573776.249477'
ptd-server 2023-02-28 08:42:56,253 [INFO] Got command from the client 'session,2023-02-28_08-31-59,start,testing'
ptd-server 2023-02-28 08:42:56,253 [INFO] Sending to ptd: 'SR,V,249.940000'
ptd-server 2023-02-28 08:42:57,755 [INFO] Reply from ptd: 'Range V changed'
ptd-server 2023-02-28 08:42:57,755 [INFO] Sending to ptd: 'SR,A,0.058140'
ptd-server 2023-02-28 08:42:59,256 [INFO] Reply from ptd: 'Range A changed'
ptd-server 2023-02-28 08:43:09,266 [INFO] Starting testing mode
ptd-server 2023-02-28 08:43:09,267 [INFO] Sending to ptd: 'Go,1000,0,2023-02-28_08-31-59_testing'
ptd-server 2023-02-28 08:43:09,267 [INFO] Reply from ptd: 'Starting untimed measurement, maximum 500000 samples at 1000ms with 0 rampup samples'
ptd-server 2023-02-28 08:43:09,267 [INFO] Sending reply to client 'OK'
ptd-server 2023-02-28 08:53:27,143 [INFO] Got command from the client 'session,2023-02-28_08-31-59,stop,testing'
ptd-server 2023-02-28 08:53:37,152 [INFO] Sending to ptd: 'Stop'
ptd-server 2023-02-28 08:53:37,152 [INFO] Reply from ptd: 'Stopping untimed measurement'
ptd-server 2023-02-28 08:53:37,387 [INFO] Sending reply to client 'OK'
ptd-server 2023-02-28 08:53:37,412 [INFO] Got command from the client 'session,2023-02-28_08-31-59,done'
ptd-server 2023-02-28 08:53:37,412 [INFO] Sending to ptd: 'Stop'
ptd-server 2023-02-28 08:53:37,412 [INFO] Reply from ptd: 'Error: no measurement to stop'
ptd-server 2023-02-28 08:53:37,412 [INFO] Sending to ptd: 'SR,V,300.000000'
ptd-server 2023-02-28 08:53:38,913 [INFO] Reply from ptd: 'Range V changed'
ptd-server 2023-02-28 08:53:38,914 [INFO] Sending to ptd: 'SR,A,0.100000'
ptd-server 2023-02-28 08:53:40,415 [INFO] Reply from ptd: 'Range A changed'
ptd-server 2023-02-28 08:53:40,415 [INFO] Set initial values for Amps 0.100000 and Volts 300.000000
ptd-server 2023-02-28 08:53:40,415 [INFO] Stopping ptd...
