ptd-server 2023-03-02 13:16:04,924 [INFO] Got command from the client 'time'
ptd-server 2023-03-02 13:16:04,924 [INFO] Sending reply to client '1677784564.9245439'
ptd-server 2023-03-02 13:16:04,925 [INFO] Got command from the client 'new,,b9347713-08f7-4661-befe-a133e96f6d65'
ptd-server 2023-03-02 13:16:04,926 [INFO] Sending reply to client 'OK 2023-03-02_13-16-04,8397397b-648b-497e-af0a-8b25350a6bdf'
ptd-server 2023-03-02 13:16:05,005 [INFO] Got command from the client 'time'
ptd-server 2023-03-02 13:16:05,006 [INFO] Sending reply to client '1677784565.0060012'
ptd-server 2023-03-02 13:16:05,007 [INFO] Got command from the client 'session,2023-03-02_13-16-04,start,ranging'
ptd-server 2023-03-02 13:16:05,007 [INFO] Running PTDaemon: ['/local/mnt/workspace/mlcommons/power-main/inference_v1.0/ptd-linux-x86', '-l', '/tmp/tmpqybqiqrs/ptd_logfile.txt', '-p', '8888', '-c', '1,2', '77', '/dev/usbtmc0']
ptd-server 2023-03-02 13:16:23,539 [INFO] Sending to ptd: 'Hello'
ptd-server 2023-03-02 13:16:23,540 [INFO] Reply from ptd: 'Hello, PTDaemon here!'
ptd-server 2023-03-02 13:16:23,540 [INFO] Sending to ptd: 'Identify'
ptd-server 2023-03-02 13:16:23,541 [INFO] Reply from ptd: 'YokogawaWT330_multichannel,1000,1,1,1,1,0,0,1,version=1.10.0-ed9a21d2-20220817,OS=Linux 5.4.0-120-generic #136~18.04.1-Ubuntu SMP Fri Jun 10 18:00:44 UTC 2022 x86_64,mode=power,1,1,2,0,0,no_cal_date,YOKOGAWA;WT333E;C2XC17004V;F1.04'
ptd-server 2023-03-02 13:16:23,541 [INFO] Connected to PTDaemon
ptd-server 2023-03-02 13:16:23,541 [INFO] Sending to ptd: 'RR'
ptd-server 2023-03-02 13:16:23,542 [INFO] Reply from ptd: 'Ranges,1,5.000000,1,300.000000'
ptd-server 2023-03-02 13:16:23,542 [INFO] Initial range for Amps is Auto for Volts is Auto
ptd-server 2023-03-02 13:16:23,542 [INFO] Sending to ptd: 'SR,V,Auto'
ptd-server 2023-03-02 13:16:28,595 [INFO] Reply from ptd: 'Range V changed'
ptd-server 2023-03-02 13:16:28,596 [INFO] Sending to ptd: 'SR,A,Auto'
ptd-server 2023-03-02 13:16:33,649 [INFO] Reply from ptd: 'Range A changed'
ptd-server 2023-03-02 13:16:43,660 [INFO] Starting ranging mode
ptd-server 2023-03-02 13:16:43,660 [INFO] Sending to ptd: 'Go,1000,0,2023-03-02_13-16-04_ranging'
ptd-server 2023-03-02 13:16:43,661 [INFO] Reply from ptd: 'Starting untimed measurement, maximum 500000 samples at 1000ms with 0 rampup samples'
ptd-server 2023-03-02 13:16:43,661 [INFO] Sending reply to client 'OK'
ptd-server 2023-03-02 13:32:59,335 [INFO] Got command from the client 'session,2023-03-02_13-16-04,stop,ranging'
ptd-server 2023-03-02 13:33:09,345 [INFO] Sending to ptd: 'Stop'
ptd-server 2023-03-02 13:33:09,346 [INFO] Reply from ptd: 'Stopping untimed measurement'
ptd-server 2023-03-02 13:33:09,477 [INFO] Sending reply to client 'OK'
ptd-server 2023-03-02 13:33:09,563 [INFO] Got command from the client 'time'
ptd-server 2023-03-02 13:33:09,563 [INFO] Sending reply to client '1677785589.5634117'
ptd-server 2023-03-02 13:33:09,564 [INFO] Got command from the client 'session,2023-03-02_13-16-04,start,testing'
ptd-server 2023-03-02 13:33:09,564 [INFO] Sending to ptd: 'SR,V,206.230000'
ptd-server 2023-03-02 13:33:15,713 [INFO] Reply from ptd: 'Range V changed'
ptd-server 2023-03-02 13:33:15,714 [INFO] Sending to ptd: 'SR,A,5.499700'
ptd-server 2023-03-02 13:33:21,266 [INFO] Reply from ptd: 'Range A changed'
ptd-server 2023-03-02 13:33:31,275 [INFO] Starting testing mode
ptd-server 2023-03-02 13:33:31,275 [INFO] Sending to ptd: 'Go,1000,0,2023-03-02_13-16-04_testing'
ptd-server 2023-03-02 13:33:31,276 [INFO] Reply from ptd: 'Starting untimed measurement, maximum 500000 samples at 1000ms with 0 rampup samples'
ptd-server 2023-03-02 13:33:31,276 [INFO] Sending reply to client 'OK'
ptd-server 2023-03-02 13:49:45,322 [INFO] Got command from the client 'session,2023-03-02_13-16-04,stop,testing'
ptd-server 2023-03-02 13:49:55,333 [INFO] Sending to ptd: 'Stop'
ptd-server 2023-03-02 13:49:55,333 [INFO] Reply from ptd: 'Stopping untimed measurement'
ptd-server 2023-03-02 13:49:55,399 [INFO] Sending reply to client 'OK'
ptd-server 2023-03-02 13:49:55,405 [INFO] Got command from the client 'session,2023-03-02_13-16-04,done'
ptd-server 2023-03-02 13:49:55,405 [INFO] Sending to ptd: 'Stop'
ptd-server 2023-03-02 13:49:56,277 [INFO] Reply from ptd: 'Error: no measurement to stop'
ptd-server 2023-03-02 13:49:56,277 [INFO] Sending to ptd: 'SR,V,Auto'
ptd-server 2023-03-02 13:50:01,330 [INFO] Reply from ptd: 'Range V changed'
ptd-server 2023-03-02 13:50:01,331 [INFO] Sending to ptd: 'SR,A,Auto'
ptd-server 2023-03-02 13:50:06,384 [INFO] Reply from ptd: 'Range A changed'
ptd-server 2023-03-02 13:50:06,384 [INFO] Set initial values for Amps Auto and Volts Auto
ptd-server 2023-03-02 13:50:06,384 [INFO] Stopping ptd...
