ptd-server 2023-02-24 12:06:33,783 [INFO] Got command from the client 'time'
ptd-server 2023-02-24 12:06:33,783 [INFO] Sending reply to client '1677240393.7838752'
ptd-server 2023-02-24 12:06:33,784 [INFO] Got command from the client 'new,,062fd646-079b-4908-b7be-252091fbda0b'
ptd-server 2023-02-24 12:06:33,785 [INFO] Sending reply to client 'OK 2023-02-24_12-06-33,0e143dc7-3861-4f10-b696-4b0586e4692b'
ptd-server 2023-02-24 12:06:33,895 [INFO] Got command from the client 'time'
ptd-server 2023-02-24 12:06:33,895 [INFO] Sending reply to client '1677240393.8953867'
ptd-server 2023-02-24 12:06:33,896 [INFO] Got command from the client 'session,2023-02-24_12-06-33,start,ranging'
ptd-server 2023-02-24 12:06:33,896 [INFO] Running PTDaemon: ['/home/anton/projects/mlperf/power/inference_v1.0/ptd-linux-x86', '-l', '/tmp/tmp4yl1neqp/ptd_logfile.txt', '-p', '8888', '49', '/dev/usbtmc0']
ptd-server 2023-02-24 12:06:50,970 [INFO] Sending to ptd: 'Hello'
ptd-server 2023-02-24 12:06:50,970 [INFO] Reply from ptd: 'Hello, PTDaemon here!'
ptd-server 2023-02-24 12:06:50,970 [INFO] Sending to ptd: 'Identify'
ptd-server 2023-02-24 12:06:50,971 [INFO] Reply from ptd: 'YokogawaWT310E,1000,1,1,1,1,0,1,1,version=1.10.0-ed9a21d2-20220817,OS=Linux 5.15.0-60-generic #66~20.04.1-Ubuntu SMP Wed Jan 25 09:41:30 UTC 2023 x86_64,mode=power,1,1,1,0,0,no_cal_date,YOKOGAWA;WT310E;C3XA04010E;F1.04'
ptd-server 2023-02-24 12:06:50,971 [INFO] Connected to PTDaemon
ptd-server 2023-02-24 12:06:50,971 [INFO] Sending to ptd: 'RR'
ptd-server 2023-02-24 12:06:50,971 [INFO] Reply from ptd: 'Ranges,1,0.100000,1,300.000000'
ptd-server 2023-02-24 12:06:50,971 [INFO] Initial range for Amps is Auto for Volts is Auto
ptd-server 2023-02-24 12:06:50,972 [INFO] Sending to ptd: 'SR,V,Auto'
ptd-server 2023-02-24 12:06:51,474 [INFO] Reply from ptd: 'Range V changed'
ptd-server 2023-02-24 12:06:51,474 [INFO] Sending to ptd: 'SR,A,Auto'
ptd-server 2023-02-24 12:06:51,977 [INFO] Reply from ptd: 'Range A changed'
ptd-server 2023-02-24 12:07:01,987 [INFO] Starting ranging mode
ptd-server 2023-02-24 12:07:01,987 [INFO] Sending to ptd: 'Go,1000,0,2023-02-24_12-06-33_ranging'
ptd-server 2023-02-24 12:07:01,988 [INFO] Reply from ptd: 'Starting untimed measurement, maximum 500000 samples at 1000ms with 0 rampup samples'
ptd-server 2023-02-24 12:07:01,988 [INFO] Sending reply to client 'OK'
ptd-server 2023-02-24 12:17:18,278 [INFO] Got command from the client 'session,2023-02-24_12-06-33,stop,ranging'
ptd-server 2023-02-24 12:17:28,288 [INFO] Sending to ptd: 'Stop'
ptd-server 2023-02-24 12:17:28,289 [INFO] Reply from ptd: 'Stopping untimed measurement'
ptd-server 2023-02-24 12:17:28,952 [INFO] Sending reply to client 'OK'
ptd-server 2023-02-24 12:17:29,024 [INFO] Got command from the client 'time'
ptd-server 2023-02-24 12:17:29,024 [INFO] Sending reply to client '1677241049.0241444'
ptd-server 2023-02-24 12:17:29,025 [INFO] Got command from the client 'session,2023-02-24_12-06-33,start,testing'
ptd-server 2023-02-24 12:17:29,025 [INFO] Sending to ptd: 'SR,V,252.970000'
ptd-server 2023-02-24 12:17:30,526 [INFO] Reply from ptd: 'Range V changed'
ptd-server 2023-02-24 12:17:30,527 [INFO] Sending to ptd: 'SR,A,0.051000'
ptd-server 2023-02-24 12:17:32,028 [INFO] Reply from ptd: 'Range A changed'
ptd-server 2023-02-24 12:17:42,038 [INFO] Starting testing mode
ptd-server 2023-02-24 12:17:42,038 [INFO] Sending to ptd: 'Go,1000,0,2023-02-24_12-06-33_testing'
ptd-server 2023-02-24 12:17:42,039 [INFO] Reply from ptd: 'Starting untimed measurement, maximum 500000 samples at 1000ms with 0 rampup samples'
ptd-server 2023-02-24 12:17:42,039 [INFO] Sending reply to client 'OK'
ptd-server 2023-02-24 12:27:58,272 [INFO] Got command from the client 'session,2023-02-24_12-06-33,stop,testing'
ptd-server 2023-02-24 12:28:08,282 [INFO] Sending to ptd: 'Stop'
ptd-server 2023-02-24 12:28:08,283 [INFO] Reply from ptd: 'Stopping untimed measurement'
ptd-server 2023-02-24 12:28:08,627 [INFO] Sending reply to client 'OK'
ptd-server 2023-02-24 12:28:08,635 [INFO] Got command from the client 'session,2023-02-24_12-06-33,done'
ptd-server 2023-02-24 12:28:08,635 [INFO] Sending to ptd: 'Stop'
ptd-server 2023-02-24 12:28:09,040 [INFO] Reply from ptd: 'Error: no measurement to stop'
ptd-server 2023-02-24 12:28:09,040 [INFO] Sending to ptd: 'SR,V,Auto'
ptd-server 2023-02-24 12:28:09,543 [INFO] Reply from ptd: 'Range V changed'
ptd-server 2023-02-24 12:28:09,543 [INFO] Sending to ptd: 'SR,A,Auto'
ptd-server 2023-02-24 12:28:10,045 [INFO] Reply from ptd: 'Range A changed'
ptd-server 2023-02-24 12:28:10,045 [INFO] Set initial values for Amps Auto and Volts Auto
ptd-server 2023-02-24 12:28:10,046 [INFO] Stopping ptd...
