ptd-server 2023-02-20 04:16:43,766 [INFO] Got command from the client 'time'
ptd-server 2023-02-20 04:16:43,767 [INFO] Sending reply to client '1676866603.7670815'
ptd-server 2023-02-20 04:16:43,768 [INFO] Got command from the client 'new,,34ca3690-57e4-459e-925d-eb89dca52fe6'
ptd-server 2023-02-20 04:16:43,768 [INFO] Sending reply to client 'OK 2023-02-20_04-16-43,5f8e5074-36fd-4671-9285-fa1d9527fb3c'
ptd-server 2023-02-20 04:16:43,789 [INFO] Got command from the client 'time'
ptd-server 2023-02-20 04:16:43,789 [INFO] Sending reply to client '1676866603.7897348'
ptd-server 2023-02-20 04:16:43,790 [INFO] Got command from the client 'session,2023-02-20_04-16-43,start,ranging'
ptd-server 2023-02-20 04:16:43,791 [INFO] Running PTDaemon: ['/home/anton/projects/mlperf/power/inference_v1.0/ptd-linux-x86', '-l', '/tmp/tmp4yl1neqp/ptd_logfile.txt', '-p', '8888', '49', '/dev/usbtmc0']
ptd-server 2023-02-20 04:17:00,865 [INFO] Sending to ptd: 'Hello'
ptd-server 2023-02-20 04:17:00,865 [INFO] Reply from ptd: 'Hello, PTDaemon here!'
ptd-server 2023-02-20 04:17:00,865 [INFO] Sending to ptd: 'Identify'
ptd-server 2023-02-20 04:17:00,866 [INFO] Reply from ptd: 'YokogawaWT310E,1000,1,1,1,1,0,1,1,version=1.10.0-ed9a21d2-20220817,OS=Linux 5.15.0-60-generic #66~20.04.1-Ubuntu SMP Wed Jan 25 09:41:30 UTC 2023 x86_64,mode=power,1,1,1,0,0,no_cal_date,YOKOGAWA;WT310E;C3XA04010E;F1.04'
ptd-server 2023-02-20 04:17:00,866 [INFO] Connected to PTDaemon
ptd-server 2023-02-20 04:17:00,866 [INFO] Sending to ptd: 'RR'
ptd-server 2023-02-20 04:17:00,866 [INFO] Reply from ptd: 'Ranges,0,0.500000,1,300.000000'
ptd-server 2023-02-20 04:17:00,866 [INFO] Initial range for Amps is 0.500000 for Volts is Auto
ptd-server 2023-02-20 04:17:00,867 [INFO] Sending to ptd: 'SR,V,Auto'
ptd-server 2023-02-20 04:17:01,369 [INFO] Reply from ptd: 'Range V changed'
ptd-server 2023-02-20 04:17:01,369 [INFO] Sending to ptd: 'SR,A,Auto'
ptd-server 2023-02-20 04:17:01,872 [INFO] Reply from ptd: 'Range A changed'
ptd-server 2023-02-20 04:17:11,880 [INFO] Starting ranging mode
ptd-server 2023-02-20 04:17:11,880 [INFO] Sending to ptd: 'Go,1000,0,2023-02-20_04-16-43_ranging'
ptd-server 2023-02-20 04:17:11,880 [INFO] Reply from ptd: 'Starting untimed measurement, maximum 500000 samples at 1000ms with 0 rampup samples'
ptd-server 2023-02-20 04:17:11,881 [INFO] Sending reply to client 'OK'
ptd-server 2023-02-20 04:27:39,734 [INFO] Got command from the client 'session,2023-02-20_04-16-43,stop,ranging'
ptd-server 2023-02-20 04:27:49,745 [INFO] Sending to ptd: 'Stop'
ptd-server 2023-02-20 04:27:49,745 [INFO] Reply from ptd: 'Stopping untimed measurement'
ptd-server 2023-02-20 04:27:49,890 [INFO] Sending reply to client 'OK'
ptd-server 2023-02-20 04:27:49,962 [INFO] Got command from the client 'time'
ptd-server 2023-02-20 04:27:49,962 [INFO] Sending reply to client '1676867269.9626899'
ptd-server 2023-02-20 04:27:49,963 [INFO] Got command from the client 'session,2023-02-20_04-16-43,start,testing'
ptd-server 2023-02-20 04:27:49,963 [INFO] Sending to ptd: 'SR,V,249.490000'
ptd-server 2023-02-20 04:27:51,465 [INFO] Reply from ptd: 'Range V changed'
ptd-server 2023-02-20 04:27:51,465 [INFO] Sending to ptd: 'SR,A,0.066630'
ptd-server 2023-02-20 04:27:52,966 [INFO] Reply from ptd: 'Range A changed'
ptd-server 2023-02-20 04:28:02,977 [INFO] Starting testing mode
ptd-server 2023-02-20 04:28:02,977 [INFO] Sending to ptd: 'Go,1000,0,2023-02-20_04-16-43_testing'
ptd-server 2023-02-20 04:28:02,977 [INFO] Reply from ptd: 'Starting untimed measurement, maximum 500000 samples at 1000ms with 0 rampup samples'
ptd-server 2023-02-20 04:28:02,977 [INFO] Sending reply to client 'OK'
ptd-server 2023-02-20 04:38:30,822 [INFO] Got command from the client 'session,2023-02-20_04-16-43,stop,testing'
ptd-server 2023-02-20 04:38:40,832 [INFO] Sending to ptd: 'Stop'
ptd-server 2023-02-20 04:38:40,833 [INFO] Reply from ptd: 'Stopping untimed measurement'
ptd-server 2023-02-20 04:38:40,913 [INFO] Sending reply to client 'OK'
ptd-server 2023-02-20 04:38:40,921 [INFO] Got command from the client 'session,2023-02-20_04-16-43,done'
ptd-server 2023-02-20 04:38:40,921 [INFO] Sending to ptd: 'Stop'
ptd-server 2023-02-20 04:38:40,977 [INFO] Reply from ptd: 'Error: no measurement to stop'
ptd-server 2023-02-20 04:38:40,978 [INFO] Sending to ptd: 'SR,V,Auto'
ptd-server 2023-02-20 04:38:41,480 [INFO] Reply from ptd: 'Range V changed'
ptd-server 2023-02-20 04:38:41,480 [INFO] Sending to ptd: 'SR,A,0.500000'
ptd-server 2023-02-20 04:38:42,982 [INFO] Reply from ptd: 'Range A changed'
ptd-server 2023-02-20 04:38:42,982 [INFO] Set initial values for Amps 0.500000 and Volts Auto
ptd-server 2023-02-20 04:38:42,982 [INFO] Stopping ptd...
