ptd-server 2023-02-27 10:17:01,635 [INFO] Got command from the client 'time'
ptd-server 2023-02-27 10:17:01,635 [INFO] Sending reply to client '1677493021.6355867'
ptd-server 2023-02-27 10:17:01,639 [INFO] Got command from the client 'new,,c1af04c2-7103-4c32-8dae-a1aaef5a10ac'
ptd-server 2023-02-27 10:17:01,640 [INFO] Sending reply to client 'OK 2023-02-27_10-17-01,16c1bd26-659a-4a77-b842-91110e2d3881'
ptd-server 2023-02-27 10:17:01,662 [INFO] Got command from the client 'time'
ptd-server 2023-02-27 10:17:01,662 [INFO] Sending reply to client '1677493021.6628628'
ptd-server 2023-02-27 10:17:01,666 [INFO] Got command from the client 'session,2023-02-27_10-17-01,start,ranging'
ptd-server 2023-02-27 10:17:01,667 [INFO] Running PTDaemon: ['/media/arjun/T7_Touch/hp-envy/CM/repos/local/cache/9b3695ca8255492a/power/inference_v1.0/ptd-linux-x86', '-l', '/tmp/tmpti64566v/ptd_logfile.txt', '-p', '8888', '49', '/dev/usbtmc0']
ptd-server 2023-02-27 10:17:18,775 [INFO] Sending to ptd: 'Hello'
ptd-server 2023-02-27 10:17:18,776 [INFO] Reply from ptd: 'Hello, PTDaemon here!'
ptd-server 2023-02-27 10:17:18,776 [INFO] Sending to ptd: 'Identify'
ptd-server 2023-02-27 10:17:18,777 [INFO] Reply from ptd: 'YokogawaWT310E,1000,1,1,1,1,0,1,1,version=1.10.0-ed9a21d2-20220817,OS=Linux 5.15.0-56-generic #62-Ubuntu SMP Tue Nov 22 19:54:14 UTC 2022 x86_64,mode=power,1,1,1,0,0,no_cal_date,YOKOGAWA;WT310E;C3YD21068E;F1.04'
ptd-server 2023-02-27 10:17:18,777 [INFO] Connected to PTDaemon
ptd-server 2023-02-27 10:17:18,777 [INFO] Sending to ptd: 'RR'
ptd-server 2023-02-27 10:17:18,778 [INFO] Reply from ptd: 'Ranges,0,0.100000,0,600.000000'
ptd-server 2023-02-27 10:17:18,779 [INFO] Initial range for Amps is 0.100000 for Volts is 600.000000
ptd-server 2023-02-27 10:17:18,779 [INFO] Sending to ptd: 'SR,V,Auto'
ptd-server 2023-02-27 10:17:19,283 [INFO] Reply from ptd: 'Range V changed'
ptd-server 2023-02-27 10:17:19,283 [INFO] Sending to ptd: 'SR,A,Auto'
ptd-server 2023-02-27 10:17:19,787 [INFO] Reply from ptd: 'Range A changed'
ptd-server 2023-02-27 10:17:29,798 [INFO] Starting ranging mode
ptd-server 2023-02-27 10:17:29,798 [INFO] Sending to ptd: 'Go,1000,0,2023-02-27_10-17-01_ranging'
ptd-server 2023-02-27 10:17:29,798 [INFO] Reply from ptd: 'Starting untimed measurement, maximum 500000 samples at 1000ms with 0 rampup samples'
ptd-server 2023-02-27 10:17:29,799 [INFO] Sending reply to client 'OK'
ptd-server 2023-02-27 10:29:23,420 [INFO] Got command from the client 'session,2023-02-27_10-17-01,stop,ranging'
ptd-server 2023-02-27 10:29:33,423 [INFO] Sending to ptd: 'Stop'
ptd-server 2023-02-27 10:29:33,424 [INFO] Reply from ptd: 'Stopping untimed measurement'
ptd-server 2023-02-27 10:29:33,668 [INFO] Sending reply to client 'OK'
ptd-server 2023-02-27 10:29:33,714 [INFO] Got command from the client 'time'
ptd-server 2023-02-27 10:29:33,714 [INFO] Sending reply to client '1677493773.7144809'
ptd-server 2023-02-27 10:29:33,717 [INFO] Got command from the client 'session,2023-02-27_10-17-01,start,testing'
ptd-server 2023-02-27 10:29:33,717 [INFO] Sending to ptd: 'SR,V,246.230000'
ptd-server 2023-02-27 10:29:35,301 [INFO] Reply from ptd: 'Range V changed'
ptd-server 2023-02-27 10:29:35,301 [INFO] Sending to ptd: 'SR,A,0.221180'
ptd-server 2023-02-27 10:29:36,804 [INFO] Reply from ptd: 'Range A changed'
ptd-server 2023-02-27 10:29:46,815 [INFO] Starting testing mode
ptd-server 2023-02-27 10:29:46,815 [INFO] Sending to ptd: 'Go,1000,0,2023-02-27_10-17-01_testing'
ptd-server 2023-02-27 10:29:46,816 [INFO] Reply from ptd: 'Starting untimed measurement, maximum 500000 samples at 1000ms with 0 rampup samples'
ptd-server 2023-02-27 10:29:46,816 [INFO] Sending reply to client 'OK'
ptd-server 2023-02-27 10:41:44,307 [INFO] Got command from the client 'session,2023-02-27_10-17-01,stop,testing'
ptd-server 2023-02-27 10:41:54,319 [INFO] Sending to ptd: 'Stop'
ptd-server 2023-02-27 10:41:54,320 [INFO] Reply from ptd: 'Stopping untimed measurement'
ptd-server 2023-02-27 10:41:54,478 [INFO] Sending reply to client 'OK'
ptd-server 2023-02-27 10:41:54,488 [INFO] Got command from the client 'session,2023-02-27_10-17-01,done'
ptd-server 2023-02-27 10:41:54,489 [INFO] Sending to ptd: 'Stop'
ptd-server 2023-02-27 10:41:54,817 [INFO] Reply from ptd: 'Error: no measurement to stop'
ptd-server 2023-02-27 10:41:54,817 [INFO] Sending to ptd: 'SR,V,600.000000'
ptd-server 2023-02-27 10:41:56,320 [INFO] Reply from ptd: 'Range V changed'
ptd-server 2023-02-27 10:41:56,320 [INFO] Sending to ptd: 'SR,A,0.100000'
ptd-server 2023-02-27 10:41:57,823 [INFO] Reply from ptd: 'Range A changed'
ptd-server 2023-02-27 10:41:57,823 [INFO] Set initial values for Amps 0.100000 and Volts 600.000000
ptd-server 2023-02-27 10:41:57,823 [INFO] Stopping ptd...
