ptd-server 2023-02-24 13:33:32,922 [INFO] Got command from the client 'time'
ptd-server 2023-02-24 13:33:32,922 [INFO] Sending reply to client '1677245612.922493'
ptd-server 2023-02-24 13:33:32,923 [INFO] Got command from the client 'new,,10477643-1b59-460a-9929-aa44a02c476c'
ptd-server 2023-02-24 13:33:32,924 [INFO] Sending reply to client 'OK 2023-02-24_13-33-32,2008c511-116e-4ed8-af2c-63862acc8203'
ptd-server 2023-02-24 13:33:33,027 [INFO] Got command from the client 'time'
ptd-server 2023-02-24 13:33:33,027 [INFO] Sending reply to client '1677245613.0275397'
ptd-server 2023-02-24 13:33:33,028 [INFO] Got command from the client 'session,2023-02-24_13-33-32,start,ranging'
ptd-server 2023-02-24 13:33:33,029 [INFO] Running PTDaemon: ['/home/anton/projects/mlperf/power/inference_v1.0/ptd-linux-x86', '-l', '/tmp/tmp4yl1neqp/ptd_logfile.txt', '-p', '8888', '49', '/dev/usbtmc0']
ptd-server 2023-02-24 13:33:50,102 [INFO] Sending to ptd: 'Hello'
ptd-server 2023-02-24 13:33:50,102 [INFO] Reply from ptd: 'Hello, PTDaemon here!'
ptd-server 2023-02-24 13:33:50,102 [INFO] Sending to ptd: 'Identify'
ptd-server 2023-02-24 13:33:50,103 [INFO] Reply from ptd: 'YokogawaWT310E,1000,1,1,1,1,0,1,1,version=1.10.0-ed9a21d2-20220817,OS=Linux 5.15.0-60-generic #66~20.04.1-Ubuntu SMP Wed Jan 25 09:41:30 UTC 2023 x86_64,mode=power,1,1,1,0,0,no_cal_date,YOKOGAWA;WT310E;C3XA04010E;F1.04'
ptd-server 2023-02-24 13:33:50,103 [INFO] Connected to PTDaemon
ptd-server 2023-02-24 13:33:50,103 [INFO] Sending to ptd: 'RR'
ptd-server 2023-02-24 13:33:50,103 [INFO] Reply from ptd: 'Ranges,1,0.100000,1,300.000000'
ptd-server 2023-02-24 13:33:50,103 [INFO] Initial range for Amps is Auto for Volts is Auto
ptd-server 2023-02-24 13:33:50,104 [INFO] Sending to ptd: 'SR,V,Auto'
ptd-server 2023-02-24 13:33:50,606 [INFO] Reply from ptd: 'Range V changed'
ptd-server 2023-02-24 13:33:50,606 [INFO] Sending to ptd: 'SR,A,Auto'
ptd-server 2023-02-24 13:33:51,109 [INFO] Reply from ptd: 'Range A changed'
ptd-server 2023-02-24 13:34:01,119 [INFO] Starting ranging mode
ptd-server 2023-02-24 13:34:01,119 [INFO] Sending to ptd: 'Go,1000,0,2023-02-24_13-33-32_ranging'
ptd-server 2023-02-24 13:34:01,120 [INFO] Reply from ptd: 'Starting untimed measurement, maximum 500000 samples at 1000ms with 0 rampup samples'
ptd-server 2023-02-24 13:34:01,120 [INFO] Sending reply to client 'OK'
ptd-server 2023-02-24 13:44:17,523 [INFO] Got command from the client 'session,2023-02-24_13-33-32,stop,ranging'
ptd-server 2023-02-24 13:44:27,534 [INFO] Sending to ptd: 'Stop'
ptd-server 2023-02-24 13:44:27,534 [INFO] Reply from ptd: 'Stopping untimed measurement'
ptd-server 2023-02-24 13:44:28,196 [INFO] Sending reply to client 'OK'
ptd-server 2023-02-24 13:44:28,524 [INFO] Got command from the client 'time'
ptd-server 2023-02-24 13:44:28,524 [INFO] Sending reply to client '1677246268.5248902'
ptd-server 2023-02-24 13:44:28,525 [INFO] Got command from the client 'session,2023-02-24_13-33-32,start,testing'
ptd-server 2023-02-24 13:44:28,526 [INFO] Sending to ptd: 'SR,V,254.450000'
ptd-server 2023-02-24 13:44:30,027 [INFO] Reply from ptd: 'Range V changed'
ptd-server 2023-02-24 13:44:30,027 [INFO] Sending to ptd: 'SR,A,0.044720'
ptd-server 2023-02-24 13:44:31,528 [INFO] Reply from ptd: 'Range A changed'
ptd-server 2023-02-24 13:44:41,539 [INFO] Starting testing mode
ptd-server 2023-02-24 13:44:41,539 [INFO] Sending to ptd: 'Go,1000,0,2023-02-24_13-33-32_testing'
ptd-server 2023-02-24 13:44:41,540 [INFO] Reply from ptd: 'Starting untimed measurement, maximum 500000 samples at 1000ms with 0 rampup samples'
ptd-server 2023-02-24 13:44:41,540 [INFO] Sending reply to client 'OK'
ptd-server 2023-02-24 13:54:58,020 [INFO] Got command from the client 'session,2023-02-24_13-33-32,stop,testing'
ptd-server 2023-02-24 13:55:08,030 [INFO] Sending to ptd: 'Stop'
ptd-server 2023-02-24 13:55:08,031 [INFO] Reply from ptd: 'Stopping untimed measurement'
ptd-server 2023-02-24 13:55:08,371 [INFO] Sending reply to client 'OK'
ptd-server 2023-02-24 13:55:08,379 [INFO] Got command from the client 'session,2023-02-24_13-33-32,done'
ptd-server 2023-02-24 13:55:08,379 [INFO] Sending to ptd: 'Stop'
ptd-server 2023-02-24 13:55:08,540 [INFO] Reply from ptd: 'Error: no measurement to stop'
ptd-server 2023-02-24 13:55:08,540 [INFO] Sending to ptd: 'SR,V,Auto'
ptd-server 2023-02-24 13:55:09,043 [INFO] Reply from ptd: 'Range V changed'
ptd-server 2023-02-24 13:55:09,043 [INFO] Sending to ptd: 'SR,A,Auto'
ptd-server 2023-02-24 13:55:09,546 [INFO] Reply from ptd: 'Range A changed'
ptd-server 2023-02-24 13:55:09,546 [INFO] Set initial values for Amps Auto and Volts Auto
ptd-server 2023-02-24 13:55:09,547 [INFO] Stopping ptd...
