ptd-server 2023-02-26 08:09:27,940 [INFO] Got command from the client 'time'
ptd-server 2023-02-26 08:09:27,940 [INFO] Sending reply to client '1677420567.9403296'
ptd-server 2023-02-26 08:09:27,941 [INFO] Got command from the client 'new,,e23a05d4-949e-4fb4-8b42-1bdc8e4e87ae'
ptd-server 2023-02-26 08:09:27,942 [INFO] Sending reply to client 'OK 2023-02-26_08-09-27,9c2dae15-547d-4763-a960-fd06c7fe8349'
ptd-server 2023-02-26 08:09:28,041 [INFO] Got command from the client 'time'
ptd-server 2023-02-26 08:09:28,041 [INFO] Sending reply to client '1677420568.041528'
ptd-server 2023-02-26 08:09:28,042 [INFO] Got command from the client 'session,2023-02-26_08-09-27,start,ranging'
ptd-server 2023-02-26 08:09:28,043 [INFO] Running PTDaemon: ['/local/mnt/workspace/mlcommons/power-main/inference_v1.0/ptd-linux-x86', '-l', '/tmp/tmpqybqiqrs/ptd_logfile.txt', '-p', '8888', '-c', '1,2', '77', '/dev/usbtmc0']
ptd-server 2023-02-26 08:09:46,572 [INFO] Sending to ptd: 'Hello'
ptd-server 2023-02-26 08:09:46,573 [INFO] Reply from ptd: 'Hello, PTDaemon here!'
ptd-server 2023-02-26 08:09:46,573 [INFO] Sending to ptd: 'Identify'
ptd-server 2023-02-26 08:09:46,574 [INFO] Reply from ptd: 'YokogawaWT330_multichannel,1000,1,1,1,1,0,0,1,version=1.10.0-ed9a21d2-20220817,OS=Linux 5.4.0-120-generic #136~18.04.1-Ubuntu SMP Fri Jun 10 18:00:44 UTC 2022 x86_64,mode=power,1,1,2,0,0,no_cal_date,YOKOGAWA;WT333E;C2XC17004V;F1.04'
ptd-server 2023-02-26 08:09:46,574 [INFO] Connected to PTDaemon
ptd-server 2023-02-26 08:09:46,574 [INFO] Sending to ptd: 'RR'
ptd-server 2023-02-26 08:09:46,575 [INFO] Reply from ptd: 'Ranges,1,5.000000,1,300.000000'
ptd-server 2023-02-26 08:09:46,575 [INFO] Initial range for Amps is Auto for Volts is Auto
ptd-server 2023-02-26 08:09:46,575 [INFO] Sending to ptd: 'SR,V,Auto'
ptd-server 2023-02-26 08:09:51,629 [INFO] Reply from ptd: 'Range V changed'
ptd-server 2023-02-26 08:09:51,629 [INFO] Sending to ptd: 'SR,A,Auto'
ptd-server 2023-02-26 08:09:56,682 [INFO] Reply from ptd: 'Range A changed'
ptd-server 2023-02-26 08:10:06,693 [INFO] Starting ranging mode
ptd-server 2023-02-26 08:10:06,693 [INFO] Sending to ptd: 'Go,1000,0,2023-02-26_08-09-27_ranging'
ptd-server 2023-02-26 08:10:06,694 [INFO] Reply from ptd: 'Starting untimed measurement, maximum 500000 samples at 1000ms with 0 rampup samples'
ptd-server 2023-02-26 08:10:06,694 [INFO] Sending reply to client 'OK'
ptd-server 2023-02-26 08:27:30,810 [INFO] Got command from the client 'session,2023-02-26_08-09-27,stop,ranging'
ptd-server 2023-02-26 08:27:40,821 [INFO] Sending to ptd: 'Stop'
ptd-server 2023-02-26 08:27:40,821 [INFO] Reply from ptd: 'Stopping untimed measurement'
ptd-server 2023-02-26 08:27:40,911 [INFO] Sending reply to client 'OK'
ptd-server 2023-02-26 08:27:40,998 [INFO] Got command from the client 'time'
ptd-server 2023-02-26 08:27:40,998 [INFO] Sending reply to client '1677421660.9988475'
ptd-server 2023-02-26 08:27:41,000 [INFO] Got command from the client 'session,2023-02-26_08-09-27,start,testing'
ptd-server 2023-02-26 08:27:41,000 [INFO] Sending to ptd: 'SR,V,209.790000'
ptd-server 2023-02-26 08:27:47,746 [INFO] Reply from ptd: 'Range V changed'
ptd-server 2023-02-26 08:27:47,747 [INFO] Sending to ptd: 'SR,A,3.165600'
ptd-server 2023-02-26 08:27:53,299 [INFO] Reply from ptd: 'Range A changed'
ptd-server 2023-02-26 08:28:03,309 [INFO] Starting testing mode
ptd-server 2023-02-26 08:28:03,310 [INFO] Sending to ptd: 'Go,1000,0,2023-02-26_08-09-27_testing'
ptd-server 2023-02-26 08:28:03,310 [INFO] Reply from ptd: 'Starting untimed measurement, maximum 500000 samples at 1000ms with 0 rampup samples'
ptd-server 2023-02-26 08:28:03,311 [INFO] Sending reply to client 'OK'
ptd-server 2023-02-26 08:45:28,732 [INFO] Got command from the client 'session,2023-02-26_08-09-27,stop,testing'
ptd-server 2023-02-26 08:45:38,742 [INFO] Sending to ptd: 'Stop'
ptd-server 2023-02-26 08:45:38,743 [INFO] Reply from ptd: 'Stopping untimed measurement'
ptd-server 2023-02-26 08:45:38,789 [INFO] Sending reply to client 'OK'
ptd-server 2023-02-26 08:45:38,794 [INFO] Got command from the client 'session,2023-02-26_08-09-27,done'
ptd-server 2023-02-26 08:45:38,795 [INFO] Sending to ptd: 'Stop'
ptd-server 2023-02-26 08:45:39,311 [INFO] Reply from ptd: 'Error: no measurement to stop'
ptd-server 2023-02-26 08:45:39,311 [INFO] Sending to ptd: 'SR,V,Auto'
ptd-server 2023-02-26 08:45:44,364 [INFO] Reply from ptd: 'Range V changed'
ptd-server 2023-02-26 08:45:44,365 [INFO] Sending to ptd: 'SR,A,Auto'
ptd-server 2023-02-26 08:45:49,418 [INFO] Reply from ptd: 'Range A changed'
ptd-server 2023-02-26 08:45:49,418 [INFO] Set initial values for Amps Auto and Volts Auto
ptd-server 2023-02-26 08:45:49,419 [INFO] Stopping ptd...
