ptd-server 2023-02-28 22:01:12,225 [INFO] Got command from the client 'time'
ptd-server 2023-02-28 22:01:12,225 [INFO] Sending reply to client '1677621672.2253668'
ptd-server 2023-02-28 22:01:12,228 [INFO] Got command from the client 'new,,3382d5e9-648a-4484-b01f-9ee52363f05f'
ptd-server 2023-02-28 22:01:12,229 [INFO] Sending reply to client 'OK 2023-02-28_22-01-12,3f36c826-3d6e-4156-aefc-8cdd93ab2773'
ptd-server 2023-02-28 22:01:12,249 [INFO] Got command from the client 'time'
ptd-server 2023-02-28 22:01:12,249 [INFO] Sending reply to client '1677621672.2494802'
ptd-server 2023-02-28 22:01:12,252 [INFO] Got command from the client 'session,2023-02-28_22-01-12,start,ranging'
ptd-server 2023-02-28 22:01:12,253 [INFO] Running PTDaemon: ['/media/arjun/T7_Touch/hp-envy/CM/repos/local/cache/9b3695ca8255492a/power/inference_v1.0/ptd-linux-x86', '-l', '/tmp/tmpti64566v/ptd_logfile.txt', '-p', '8888', '49', '/dev/usbtmc0']
ptd-server 2023-02-28 22:01:29,349 [INFO] Sending to ptd: 'Hello'
ptd-server 2023-02-28 22:01:29,350 [INFO] Reply from ptd: 'Hello, PTDaemon here!'
ptd-server 2023-02-28 22:01:29,350 [INFO] Sending to ptd: 'Identify'
ptd-server 2023-02-28 22:01:29,351 [INFO] Reply from ptd: 'YokogawaWT310E,1000,1,1,1,1,0,1,1,version=1.10.0-ed9a21d2-20220817,OS=Linux 5.15.0-56-generic #62-Ubuntu SMP Tue Nov 22 19:54:14 UTC 2022 x86_64,mode=power,1,1,1,0,0,no_cal_date,YOKOGAWA;WT310E;C3YD21068E;F1.04'
ptd-server 2023-02-28 22:01:29,352 [INFO] Connected to PTDaemon
ptd-server 2023-02-28 22:01:29,352 [INFO] Sending to ptd: 'RR'
ptd-server 2023-02-28 22:01:29,353 [INFO] Reply from ptd: 'Ranges,0,0.100000,0,600.000000'
ptd-server 2023-02-28 22:01:29,353 [INFO] Initial range for Amps is 0.100000 for Volts is 600.000000
ptd-server 2023-02-28 22:01:29,353 [INFO] Sending to ptd: 'SR,V,Auto'
ptd-server 2023-02-28 22:01:29,856 [INFO] Reply from ptd: 'Range V changed'
ptd-server 2023-02-28 22:01:29,857 [INFO] Sending to ptd: 'SR,A,Auto'
ptd-server 2023-02-28 22:01:30,360 [INFO] Reply from ptd: 'Range A changed'
ptd-server 2023-02-28 22:01:40,368 [INFO] Starting ranging mode
ptd-server 2023-02-28 22:01:40,369 [INFO] Sending to ptd: 'Go,1000,0,2023-02-28_22-01-12_ranging'
ptd-server 2023-02-28 22:01:40,370 [INFO] Reply from ptd: 'Starting untimed measurement, maximum 500000 samples at 1000ms with 0 rampup samples'
ptd-server 2023-02-28 22:01:40,370 [INFO] Sending reply to client 'OK'
ptd-server 2023-02-28 22:12:51,938 [INFO] Got command from the client 'session,2023-02-28_22-01-12,stop,ranging'
ptd-server 2023-02-28 22:13:01,949 [INFO] Sending to ptd: 'Stop'
ptd-server 2023-02-28 22:13:01,950 [INFO] Reply from ptd: 'Stopping untimed measurement'
ptd-server 2023-02-28 22:13:02,282 [INFO] Sending reply to client 'OK'
ptd-server 2023-02-28 22:13:02,334 [INFO] Got command from the client 'time'
ptd-server 2023-02-28 22:13:02,334 [INFO] Sending reply to client '1677622382.3341832'
ptd-server 2023-02-28 22:13:02,339 [INFO] Got command from the client 'session,2023-02-28_22-01-12,start,testing'
ptd-server 2023-02-28 22:13:02,339 [INFO] Sending to ptd: 'SR,V,247.490000'
ptd-server 2023-02-28 22:13:03,873 [INFO] Reply from ptd: 'Range V changed'
ptd-server 2023-02-28 22:13:03,874 [INFO] Sending to ptd: 'SR,A,0.274130'
ptd-server 2023-02-28 22:13:05,377 [INFO] Reply from ptd: 'Range A changed'
ptd-server 2023-02-28 22:13:15,388 [INFO] Starting testing mode
ptd-server 2023-02-28 22:13:15,389 [INFO] Sending to ptd: 'Go,1000,0,2023-02-28_22-01-12_testing'
ptd-server 2023-02-28 22:13:15,390 [INFO] Reply from ptd: 'Starting untimed measurement, maximum 500000 samples at 1000ms with 0 rampup samples'
ptd-server 2023-02-28 22:13:15,390 [INFO] Sending reply to client 'OK'
ptd-server 2023-02-28 22:24:18,484 [INFO] Got command from the client 'session,2023-02-28_22-01-12,stop,testing'
ptd-server 2023-02-28 22:24:28,495 [INFO] Sending to ptd: 'Stop'
ptd-server 2023-02-28 22:24:28,496 [INFO] Reply from ptd: 'Stopping untimed measurement'
ptd-server 2023-02-28 22:24:28,662 [INFO] Sending reply to client 'OK'
ptd-server 2023-02-28 22:24:28,679 [INFO] Got command from the client 'session,2023-02-28_22-01-12,done'
ptd-server 2023-02-28 22:24:28,679 [INFO] Sending to ptd: 'Stop'
ptd-server 2023-02-28 22:24:29,392 [INFO] Reply from ptd: 'Error: no measurement to stop'
ptd-server 2023-02-28 22:24:29,392 [INFO] Sending to ptd: 'SR,V,600.000000'
ptd-server 2023-02-28 22:24:30,895 [INFO] Reply from ptd: 'Range V changed'
ptd-server 2023-02-28 22:24:30,895 [INFO] Sending to ptd: 'SR,A,0.100000'
ptd-server 2023-02-28 22:24:32,399 [INFO] Reply from ptd: 'Range A changed'
ptd-server 2023-02-28 22:24:32,399 [INFO] Set initial values for Amps 0.100000 and Volts 600.000000
ptd-server 2023-02-28 22:24:32,400 [INFO] Stopping ptd...
