client 2023-02-20 02:03:57,522 [WARNING] Removing loadgen logs directory '/home/khadas/CK/ck-mlperf/program/image-classification-tflite-loadgen/tmp/loadgen_logs'
client 2023-02-20 02:03:57,524 [INFO] Sending command to the server: 'mlcommons/power client v3'
client 2023-02-20 02:03:57,525 [INFO] Got response: 'mlcommons/power server v3'
client 2023-02-20 02:03:57,525 [INFO] Synchronizing with the server and with time.google.com...
client 2023-02-20 02:03:57,552 [INFO] NTP:offset = 0.001 s, delay = 0.015 s 
client 2023-02-20 02:03:57,552 [INFO] Sending command to the server: 'time'
client 2023-02-20 02:03:57,553 [INFO] Got response: '1676858637.5487168'
client 2023-02-20 02:03:57,553 [INFO] The time difference between the client and the server is within range 3.759 ms..4.900 ms
client 2023-02-20 02:03:57,553 [INFO] Sending command to the server: 'new,,31bec2f9-cd1a-4f12-8966-05fabd301ce4'
client 2023-02-20 02:03:57,555 [INFO] Got response: 'OK 2023-02-20_02-03-57,805693a1-1dd1-4b7f-a5b3-4ea1cc515ff3'
client 2023-02-20 02:03:57,555 [INFO] Session id is '2023-02-20_02-03-57'
client 2023-02-20 02:03:57,555 [INFO] Sources: {"sources": {"__init__.py": "da39a3ee5e6b4b0d3255bfef95601890afd80709", "client.py": "33ca4f26368777ac06e01f9567b714a4b8063886", "lib/__init__.py": "da39a3ee5e6b4b0d3255bfef95601890afd80709", "lib/client.py": "4c2b78fb4849a7e5b584ef792d82aaed20b17f57", "lib/common.py": "624d0c0acc7c39aaff3674f0b99d6a09da53d1dc", "lib/external/__init__.py": "da39a3ee5e6b4b0d3255bfef95601890afd80709", "lib/external/ntplib.py": "4da8f970656505a40483206ef2b5d3dd5e81711d", "lib/server.py": "cda0cdfaee9bfa1249c64a7dd4f89b7bf1b279f0", "lib/source_hashes.py": "60a2e02193209e8d392803326208d5466342da18", "lib/summary.py": "aa92f0a3f975eecd44d3c0cd0236342ccc9f941d", "lib/time_sync.py": "3210db56eb0ff0df57bf4293dc4d4b03fffd46f1", "server.py": "c3f90f2f7eeb4db30727556d0c815ebc89b3d28b", "tests/unit/__init__.py": "da39a3ee5e6b4b0d3255bfef95601890afd80709", "tests/unit/test_server.py": "99ae15aef722f2000ee6ed1ae1523637bf1ae42b", "tests/unit/test_source_hashes.py": "00468a2907583c593e6574a1f6b404e4651c221a"}, "modules": {"ptd_client_server.lib.client": "lib/client.py", "ptd_client_server.lib.common": "lib/common.py", "ptd_client_server.lib.external.ntplib": "lib/external/ntplib.py", "ptd_client_server.lib.source_hashes": "lib/source_hashes.py", "ptd_client_server.lib.summary": "lib/summary.py", "ptd_client_server.lib.time_sync": "lib/time_sync.py"}}
client 2023-02-20 02:03:57,555 [INFO] Running workload in ranging mode
client 2023-02-20 02:03:57,555 [INFO] Synchronizing with the server and with time.google.com...
client 2023-02-20 02:03:57,575 [INFO] NTP:offset = 0.000 s, delay = 0.012 s 
client 2023-02-20 02:03:57,575 [INFO] Sending command to the server: 'time'
client 2023-02-20 02:03:57,576 [INFO] Got response: '1676858637.57206'
client 2023-02-20 02:03:57,576 [INFO] The time difference between the client and the server is within range 3.769 ms..4.851 ms
client 2023-02-20 02:03:57,577 [INFO] Sending command to the server: 'session,2023-02-20_02-03-57,start,ranging'
client 2023-02-20 02:04:25,670 [INFO] Got response: 'OK'
client 2023-02-20 02:04:25,671 [INFO] Running the workload 'ck benchmark program:image-classification-tflite-loadgen --env.CK_SILENT_MODE=YES --skip_print_timers --dep_add_tags.compiler=gcc,v11 --dep_add_tags.python=v3 --dep_add_tags.mlperf-inference-src=r3.0 --dep_add_tags.weights=mobilenet,v2-0.75-96,quantized --dep_add_tags.images=crop.875,preprocessed,using-opencv --dep_add_tags.library=tflite,v2.11.0,with.ruy --env.CK_LOADGEN_DATASET_SIZE=1024 --env.CK_LOADGEN_MODE=PerformanceOnly --env.CK_LOADGEN_SCENARIO=SingleStream --env.CK_LOADGEN_TARGET_LATENCY=$CK_LOADGEN_TARGET_LATENCY --skip_stat_analysis --process_multi_keys --repetitions=1 --record --record_repo=local --record_uoa=mlperf_v3.0-open-vim4-tflite-v2.11.0-ruy-mobilenet-v2-0.75-96-quantized-singlestream-performance-target_latency.$CK_LOADGEN_TARGET_LATENCY-power.workload --tags=mlperf,round.v3.0,division.open,task.image-classification,platform.vim4,scenario.singlestream,mode.performance,workload.mobilenet-v2-0.75-96-quantized,preprocessed_using.opencv,inference_engine.tflite,inference_engine_version.v2.11.0,inference_engine_backend.ruy,target_latency.$CK_LOADGEN_TARGET_LATENCY,power.workload "@@@{\'meta\': {\'ck_benchmark_program\': \'ck benchmark program:image-classification-tflite-loadgen --env.CK_SILENT_MODE=YES --skip_print_timers --dep_add_tags.compiler=gcc,v11 --dep_add_tags.python=v3 --dep_add_tags.mlperf-inference-src=r3.0 --dep_add_tags.weights=mobilenet,v2-0.75-96,quantized --dep_add_tags.images=crop.875,preprocessed,using-opencv --dep_add_tags.library=tflite,v2.11.0,with.ruy --env.CK_LOADGEN_DATASET_SIZE=1024 --env.CK_LOADGEN_MODE=PerformanceOnly --env.CK_LOADGEN_SCENARIO=SingleStream --env.CK_LOADGEN_TARGET_LATENCY=$CK_LOADGEN_TARGET_LATENCY --skip_stat_analysis --process_multi_keys --repetitions=1 --record --record_repo=local --record_uoa=mlperf_v3.0-open-vim4-tflite-v2.11.0-ruy-mobilenet-v2-0.75-96-quantized-singlestream-performance-target_latency.$CK_LOADGEN_TARGET_LATENCY-power.workload --tags=mlperf,round.v3.0,division.open,task.image-classification,platform.vim4,scenario.singlestream,mode.performance,workload.mobilenet-v2-0.75-96-quantized,preprocessed_using.opencv,inference_engine.tflite,inference_engine_version.v2.11.0,inference_engine_backend.ruy,target_latency.$CK_LOADGEN_TARGET_LATENCY,power.workload\'}}" && cat `ck find program:image-classification-tflite-loadgen`/tmp/mlperf_log_summary.txt && mkdir -p "$CK_MLPERF_POWER_CLIENT_LOADGEN_LOGS" && cp "$CK_MLPERF_POWER_CLIENT_LOADGEN_LOGS"/../mlperf_log_* "$CK_MLPERF_POWER_CLIENT_LOADGEN_LOGS"/'
client 2023-02-20 02:14:53,950 [INFO] Sending command to the server: 'session,2023-02-20_02-03-57,stop,ranging'
client 2023-02-20 02:15:04,096 [INFO] Got response: 'OK'
client 2023-02-20 02:15:04,105 [INFO] Copying loadgen logs from '/home/khadas/CK/ck-mlperf/program/image-classification-tflite-loadgen/tmp/loadgen_logs' to '/home/khadas/CK/ck-mlperf/program/mlperf-power-client/tmp/2023-02-20_02-03-57/ranging'
client 2023-02-20 02:15:04,106 [INFO] Running workload in testing mode
client 2023-02-20 02:15:04,106 [INFO] Synchronizing with the server and with time.google.com...
client 2023-02-20 02:15:04,125 [INFO] NTP:offset = 0.000 s, delay = 0.011 s 
client 2023-02-20 02:15:04,125 [INFO] Sending command to the server: 'time'
client 2023-02-20 02:15:04,126 [INFO] Got response: '1676859304.1209948'
client 2023-02-20 02:15:04,126 [INFO] The time difference between the client and the server is within range 4.486 ms..5.466 ms
client 2023-02-20 02:15:04,126 [INFO] Sending command to the server: 'session,2023-02-20_02-03-57,start,testing'
client 2023-02-20 02:15:17,684 [INFO] Got response: 'OK'
client 2023-02-20 02:15:17,684 [INFO] Running the workload 'ck benchmark program:image-classification-tflite-loadgen --env.CK_SILENT_MODE=YES --skip_print_timers --dep_add_tags.compiler=gcc,v11 --dep_add_tags.python=v3 --dep_add_tags.mlperf-inference-src=r3.0 --dep_add_tags.weights=mobilenet,v2-0.75-96,quantized --dep_add_tags.images=crop.875,preprocessed,using-opencv --dep_add_tags.library=tflite,v2.11.0,with.ruy --env.CK_LOADGEN_DATASET_SIZE=1024 --env.CK_LOADGEN_MODE=PerformanceOnly --env.CK_LOADGEN_SCENARIO=SingleStream --env.CK_LOADGEN_TARGET_LATENCY=$CK_LOADGEN_TARGET_LATENCY --skip_stat_analysis --process_multi_keys --repetitions=1 --record --record_repo=local --record_uoa=mlperf_v3.0-open-vim4-tflite-v2.11.0-ruy-mobilenet-v2-0.75-96-quantized-singlestream-performance-target_latency.$CK_LOADGEN_TARGET_LATENCY-power.workload --tags=mlperf,round.v3.0,division.open,task.image-classification,platform.vim4,scenario.singlestream,mode.performance,workload.mobilenet-v2-0.75-96-quantized,preprocessed_using.opencv,inference_engine.tflite,inference_engine_version.v2.11.0,inference_engine_backend.ruy,target_latency.$CK_LOADGEN_TARGET_LATENCY,power.workload "@@@{\'meta\': {\'ck_benchmark_program\': \'ck benchmark program:image-classification-tflite-loadgen --env.CK_SILENT_MODE=YES --skip_print_timers --dep_add_tags.compiler=gcc,v11 --dep_add_tags.python=v3 --dep_add_tags.mlperf-inference-src=r3.0 --dep_add_tags.weights=mobilenet,v2-0.75-96,quantized --dep_add_tags.images=crop.875,preprocessed,using-opencv --dep_add_tags.library=tflite,v2.11.0,with.ruy --env.CK_LOADGEN_DATASET_SIZE=1024 --env.CK_LOADGEN_MODE=PerformanceOnly --env.CK_LOADGEN_SCENARIO=SingleStream --env.CK_LOADGEN_TARGET_LATENCY=$CK_LOADGEN_TARGET_LATENCY --skip_stat_analysis --process_multi_keys --repetitions=1 --record --record_repo=local --record_uoa=mlperf_v3.0-open-vim4-tflite-v2.11.0-ruy-mobilenet-v2-0.75-96-quantized-singlestream-performance-target_latency.$CK_LOADGEN_TARGET_LATENCY-power.workload --tags=mlperf,round.v3.0,division.open,task.image-classification,platform.vim4,scenario.singlestream,mode.performance,workload.mobilenet-v2-0.75-96-quantized,preprocessed_using.opencv,inference_engine.tflite,inference_engine_version.v2.11.0,inference_engine_backend.ruy,target_latency.$CK_LOADGEN_TARGET_LATENCY,power.workload\'}}" && cat `ck find program:image-classification-tflite-loadgen`/tmp/mlperf_log_summary.txt && mkdir -p "$CK_MLPERF_POWER_CLIENT_LOADGEN_LOGS" && cp "$CK_MLPERF_POWER_CLIENT_LOADGEN_LOGS"/../mlperf_log_* "$CK_MLPERF_POWER_CLIENT_LOADGEN_LOGS"/'
client 2023-02-20 02:25:45,217 [INFO] Sending command to the server: 'session,2023-02-20_02-03-57,stop,testing'
client 2023-02-20 02:25:55,301 [INFO] Got response: 'OK'
client 2023-02-20 02:25:55,303 [INFO] Copying loadgen logs from '/home/khadas/CK/ck-mlperf/program/image-classification-tflite-loadgen/tmp/loadgen_logs' to '/home/khadas/CK/ck-mlperf/program/mlperf-power-client/tmp/2023-02-20_02-03-57/run_1'
client 2023-02-20 02:25:55,304 [INFO] Done runs
