client 2023-02-12 04:23:44,985 [INFO] Creating output directory '/home/arjun/CM/repos/octoml@ck/cm-mlops/script/run-mlperf-inference-app/valid_results/arjun_orin-tflite_cpp-cpu-armnn_tflite-v22.11-default_config/mobilenet-v1-precision_float-0.75-192/singlestream/performance/tmp_power'
client 2023-02-12 04:23:45,159 [INFO] Sending command to the server: 'mlcommons/power client v3'
client 2023-02-12 04:23:45,162 [INFO] Got response: 'mlcommons/power server v3'
client 2023-02-12 04:23:45,162 [INFO] Synchronizing with the server and with time.google.com...
client 2023-02-12 04:23:45,221 [INFO] NTP:offset = 0.000 s, delay = 0.016 s 
client 2023-02-12 04:23:45,222 [INFO] Sending command to the server: 'time'
client 2023-02-12 04:23:45,225 [INFO] Got response: '1676175825.224751'
client 2023-02-12 04:23:45,225 [INFO] The time difference between the client and the server is within range -2.744 ms..1.081 ms
client 2023-02-12 04:23:45,226 [INFO] Sending command to the server: 'new,,6609d8ca-7aa2-4779-997c-4a9f5789eb3a'
client 2023-02-12 04:23:45,230 [INFO] Got response: 'OK 2023-02-12_04-23-45,5be2bac7-ecad-4efc-9275-dfa9a525e662'
client 2023-02-12 04:23:45,230 [INFO] Session id is '2023-02-12_04-23-45'
client 2023-02-12 04:23:45,231 [INFO] Sources: {"sources": {"__init__.py": "da39a3ee5e6b4b0d3255bfef95601890afd80709", "client.py": "33ca4f26368777ac06e01f9567b714a4b8063886", "lib/__init__.py": "da39a3ee5e6b4b0d3255bfef95601890afd80709", "lib/client.py": "4c2b78fb4849a7e5b584ef792d82aaed20b17f57", "lib/common.py": "624d0c0acc7c39aaff3674f0b99d6a09da53d1dc", "lib/external/__init__.py": "da39a3ee5e6b4b0d3255bfef95601890afd80709", "lib/external/ntplib.py": "4da8f970656505a40483206ef2b5d3dd5e81711d", "lib/server.py": "cda0cdfaee9bfa1249c64a7dd4f89b7bf1b279f0", "lib/source_hashes.py": "60a2e02193209e8d392803326208d5466342da18", "lib/summary.py": "aa92f0a3f975eecd44d3c0cd0236342ccc9f941d", "lib/time_sync.py": "3210db56eb0ff0df57bf4293dc4d4b03fffd46f1", "server.py": "c3f90f2f7eeb4db30727556d0c815ebc89b3d28b", "tests/unit/__init__.py": "da39a3ee5e6b4b0d3255bfef95601890afd80709", "tests/unit/test_server.py": "99ae15aef722f2000ee6ed1ae1523637bf1ae42b", "tests/unit/test_source_hashes.py": "00468a2907583c593e6574a1f6b404e4651c221a"}, "modules": {"ptd_client_server.lib.client": "lib/client.py", "ptd_client_server.lib.common": "lib/common.py", "ptd_client_server.lib.external.ntplib": "lib/external/ntplib.py", "ptd_client_server.lib.source_hashes": "lib/source_hashes.py", "ptd_client_server.lib.summary": "lib/summary.py", "ptd_client_server.lib.time_sync": "lib/time_sync.py"}}
client 2023-02-12 04:23:45,231 [INFO] Running workload in ranging mode
client 2023-02-12 04:23:45,231 [INFO] Synchronizing with the server and with time.google.com...
client 2023-02-12 04:23:45,248 [INFO] NTP:offset = -0.000 s, delay = 0.013 s 
client 2023-02-12 04:23:45,248 [INFO] Sending command to the server: 'time'
client 2023-02-12 04:23:45,251 [INFO] Got response: '1676175825.2504804'
client 2023-02-12 04:23:45,251 [INFO] The time difference between the client and the server is within range -2.283 ms..1.149 ms
client 2023-02-12 04:23:45,251 [INFO] Sending command to the server: 'session,2023-02-12_04-23-45,start,ranging'
client 2023-02-12 04:24:13,381 [INFO] Got response: 'OK'
client 2023-02-12 04:24:13,382 [INFO] Running the workload '/home/arjun/CM/repos/octoml@ck/cm-mlops/script/run-mlperf-inference-app/run.out'
client 2023-02-12 04:34:15,892 [INFO] Sending command to the server: 'session,2023-02-12_04-23-45,stop,ranging'
client 2023-02-12 04:34:26,081 [INFO] Got response: 'OK'
client 2023-02-12 04:34:26,113 [INFO] Copying loadgen logs from '/home/arjun/CM/repos/octoml@ck/cm-mlops/script/run-mlperf-inference-app/valid_results/arjun_orin-tflite_cpp-cpu-armnn_tflite-v22.11-default_config/mobilenet-v1-precision_float-0.75-192/singlestream/performance/run_1' to '/home/arjun/CM/repos/octoml@ck/cm-mlops/script/run-mlperf-inference-app/valid_results/arjun_orin-tflite_cpp-cpu-armnn_tflite-v22.11-default_config/mobilenet-v1-precision_float-0.75-192/singlestream/performance/tmp_power/ranging'
client 2023-02-12 04:34:26,115 [INFO] Running workload in testing mode
client 2023-02-12 04:34:26,115 [INFO] Synchronizing with the server and with time.google.com...
client 2023-02-12 04:34:26,137 [INFO] NTP:offset = -0.000 s, delay = 0.017 s 
client 2023-02-12 04:34:26,137 [INFO] Sending command to the server: 'time'
client 2023-02-12 04:34:26,140 [INFO] Got response: '1676176466.1402519'
client 2023-02-12 04:34:26,141 [INFO] The time difference between the client and the server is within range -2.770 ms..0.769 ms
client 2023-02-12 04:34:26,141 [INFO] Sending command to the server: 'session,2023-02-12_04-23-45,start,testing'
client 2023-02-12 04:34:39,401 [INFO] Got response: 'OK'
client 2023-02-12 04:34:39,402 [INFO] Running the workload '/home/arjun/CM/repos/octoml@ck/cm-mlops/script/run-mlperf-inference-app/run.out'
client 2023-02-12 04:44:40,037 [INFO] Sending command to the server: 'session,2023-02-12_04-23-45,stop,testing'
client 2023-02-12 04:44:50,100 [INFO] Got response: 'OK'
client 2023-02-12 04:44:50,104 [INFO] Copying loadgen logs from '/home/arjun/CM/repos/octoml@ck/cm-mlops/script/run-mlperf-inference-app/valid_results/arjun_orin-tflite_cpp-cpu-armnn_tflite-v22.11-default_config/mobilenet-v1-precision_float-0.75-192/singlestream/performance/run_1' to '/home/arjun/CM/repos/octoml@ck/cm-mlops/script/run-mlperf-inference-app/valid_results/arjun_orin-tflite_cpp-cpu-armnn_tflite-v22.11-default_config/mobilenet-v1-precision_float-0.75-192/singlestream/performance/tmp_power/run_1'
client 2023-02-12 04:44:50,106 [INFO] Done runs
