ptd-server 2023-02-24 17:54:27,758 [INFO] Got command from the client 'time'
ptd-server 2023-02-24 17:54:27,758 [INFO] Sending reply to client '1677261267.7582803'
ptd-server 2023-02-24 17:54:27,759 [INFO] Got command from the client 'new,,7df4d0bc-7aa2-425f-9fe4-306e0b40ae78'
ptd-server 2023-02-24 17:54:27,759 [INFO] Sending reply to client 'OK 2023-02-24_17-54-27,f256dee6-1992-433f-a926-a0e12d7d714a'
ptd-server 2023-02-24 17:54:27,779 [INFO] Got command from the client 'time'
ptd-server 2023-02-24 17:54:27,779 [INFO] Sending reply to client '1677261267.779396'
ptd-server 2023-02-24 17:54:27,780 [INFO] Got command from the client 'session,2023-02-24_17-54-27,start,ranging'
ptd-server 2023-02-24 17:54:27,780 [INFO] Running PTDaemon: ['/home/anton/projects/mlperf/power/inference_v1.0/ptd-linux-x86', '-l', '/tmp/tmp4yl1neqp/ptd_logfile.txt', '-p', '8888', '49', '/dev/usbtmc0']
ptd-server 2023-02-24 17:54:44,847 [INFO] Sending to ptd: 'Hello'
ptd-server 2023-02-24 17:54:44,847 [INFO] Reply from ptd: 'Hello, PTDaemon here!'
ptd-server 2023-02-24 17:54:44,847 [INFO] Sending to ptd: 'Identify'
ptd-server 2023-02-24 17:54:44,848 [INFO] Reply from ptd: 'YokogawaWT310E,1000,1,1,1,1,0,1,1,version=1.10.0-ed9a21d2-20220817,OS=Linux 5.15.0-60-generic #66~20.04.1-Ubuntu SMP Wed Jan 25 09:41:30 UTC 2023 x86_64,mode=power,1,1,1,0,0,no_cal_date,YOKOGAWA;WT310E;C3XA04010E;F1.04'
ptd-server 2023-02-24 17:54:44,848 [INFO] Connected to PTDaemon
ptd-server 2023-02-24 17:54:44,848 [INFO] Sending to ptd: 'RR'
ptd-server 2023-02-24 17:54:44,848 [INFO] Reply from ptd: 'Ranges,1,0.100000,1,300.000000'
ptd-server 2023-02-24 17:54:44,848 [INFO] Initial range for Amps is Auto for Volts is Auto
ptd-server 2023-02-24 17:54:44,848 [INFO] Sending to ptd: 'SR,V,Auto'
ptd-server 2023-02-24 17:54:45,353 [INFO] Reply from ptd: 'Range V changed'
ptd-server 2023-02-24 17:54:45,354 [INFO] Sending to ptd: 'SR,A,Auto'
ptd-server 2023-02-24 17:54:45,856 [INFO] Reply from ptd: 'Range A changed'
ptd-server 2023-02-24 17:54:55,866 [INFO] Starting ranging mode
ptd-server 2023-02-24 17:54:55,866 [INFO] Sending to ptd: 'Go,1000,0,2023-02-24_17-54-27_ranging'
ptd-server 2023-02-24 17:54:55,867 [INFO] Reply from ptd: 'Starting untimed measurement, maximum 500000 samples at 1000ms with 0 rampup samples'
ptd-server 2023-02-24 17:54:55,867 [INFO] Sending reply to client 'OK'
ptd-server 2023-02-24 18:05:12,171 [INFO] Got command from the client 'session,2023-02-24_17-54-27,stop,ranging'
ptd-server 2023-02-24 18:05:22,181 [INFO] Sending to ptd: 'Stop'
ptd-server 2023-02-24 18:05:22,181 [INFO] Reply from ptd: 'Stopping untimed measurement'
ptd-server 2023-02-24 18:05:22,882 [INFO] Sending reply to client 'OK'
ptd-server 2023-02-24 18:05:22,912 [INFO] Got command from the client 'time'
ptd-server 2023-02-24 18:05:22,913 [INFO] Sending reply to client '1677261922.913113'
ptd-server 2023-02-24 18:05:22,914 [INFO] Got command from the client 'session,2023-02-24_17-54-27,start,testing'
ptd-server 2023-02-24 18:05:22,914 [INFO] Sending to ptd: 'SR,V,248.960000'
ptd-server 2023-02-24 18:05:24,415 [INFO] Reply from ptd: 'Range V changed'
ptd-server 2023-02-24 18:05:24,415 [INFO] Sending to ptd: 'SR,A,0.046450'
ptd-server 2023-02-24 18:05:25,917 [INFO] Reply from ptd: 'Range A changed'
ptd-server 2023-02-24 18:05:35,927 [INFO] Starting testing mode
ptd-server 2023-02-24 18:05:35,927 [INFO] Sending to ptd: 'Go,1000,0,2023-02-24_17-54-27_testing'
ptd-server 2023-02-24 18:05:35,928 [INFO] Reply from ptd: 'Starting untimed measurement, maximum 500000 samples at 1000ms with 0 rampup samples'
ptd-server 2023-02-24 18:05:35,928 [INFO] Sending reply to client 'OK'
ptd-server 2023-02-24 18:15:52,110 [INFO] Got command from the client 'session,2023-02-24_17-54-27,stop,testing'
ptd-server 2023-02-24 18:16:02,120 [INFO] Sending to ptd: 'Stop'
ptd-server 2023-02-24 18:16:02,120 [INFO] Reply from ptd: 'Stopping untimed measurement'
ptd-server 2023-02-24 18:16:02,481 [INFO] Sending reply to client 'OK'
ptd-server 2023-02-24 18:16:02,489 [INFO] Got command from the client 'session,2023-02-24_17-54-27,done'
ptd-server 2023-02-24 18:16:02,489 [INFO] Sending to ptd: 'Stop'
ptd-server 2023-02-24 18:16:02,928 [INFO] Reply from ptd: 'Error: no measurement to stop'
ptd-server 2023-02-24 18:16:02,929 [INFO] Sending to ptd: 'SR,V,Auto'
ptd-server 2023-02-24 18:16:03,431 [INFO] Reply from ptd: 'Range V changed'
ptd-server 2023-02-24 18:16:03,431 [INFO] Sending to ptd: 'SR,A,Auto'
ptd-server 2023-02-24 18:16:03,934 [INFO] Reply from ptd: 'Range A changed'
ptd-server 2023-02-24 18:16:03,934 [INFO] Set initial values for Amps Auto and Volts Auto
ptd-server 2023-02-24 18:16:03,934 [INFO] Stopping ptd...
