ptd-server 2023-02-22 02:57:07,102 [INFO] Got command from the client 'time'
ptd-server 2023-02-22 02:57:07,102 [INFO] Sending reply to client '1677034627.1026764'
ptd-server 2023-02-22 02:57:07,103 [INFO] Got command from the client 'new,,7b60a4e3-cb5b-49ac-b4bc-62df037be56d'
ptd-server 2023-02-22 02:57:07,104 [INFO] Sending reply to client 'OK 2023-02-22_02-57-07,57a7108d-c787-4819-8e89-d46cde43c2ab'
ptd-server 2023-02-22 02:57:07,129 [INFO] Got command from the client 'time'
ptd-server 2023-02-22 02:57:07,129 [INFO] Sending reply to client '1677034627.129766'
ptd-server 2023-02-22 02:57:07,130 [INFO] Got command from the client 'session,2023-02-22_02-57-07,start,ranging'
ptd-server 2023-02-22 02:57:07,131 [INFO] Running PTDaemon: ['/home/anton/projects/mlperf/power/inference_v1.0/ptd-linux-x86', '-l', '/tmp/tmp4yl1neqp/ptd_logfile.txt', '-p', '8888', '49', '/dev/usbtmc0']
ptd-server 2023-02-22 02:57:24,205 [INFO] Sending to ptd: 'Hello'
ptd-server 2023-02-22 02:57:24,205 [INFO] Reply from ptd: 'Hello, PTDaemon here!'
ptd-server 2023-02-22 02:57:24,205 [INFO] Sending to ptd: 'Identify'
ptd-server 2023-02-22 02:57:24,206 [INFO] Reply from ptd: 'YokogawaWT310E,1000,1,1,1,1,0,1,1,version=1.10.0-ed9a21d2-20220817,OS=Linux 5.15.0-60-generic #66~20.04.1-Ubuntu SMP Wed Jan 25 09:41:30 UTC 2023 x86_64,mode=power,1,1,1,0,0,no_cal_date,YOKOGAWA;WT310E;C3XA04010E;F1.04'
ptd-server 2023-02-22 02:57:24,206 [INFO] Connected to PTDaemon
ptd-server 2023-02-22 02:57:24,206 [INFO] Sending to ptd: 'RR'
ptd-server 2023-02-22 02:57:24,206 [INFO] Reply from ptd: 'Ranges,1,0.100000,1,300.000000'
ptd-server 2023-02-22 02:57:24,206 [INFO] Initial range for Amps is Auto for Volts is Auto
ptd-server 2023-02-22 02:57:24,207 [INFO] Sending to ptd: 'SR,V,Auto'
ptd-server 2023-02-22 02:57:24,709 [INFO] Reply from ptd: 'Range V changed'
ptd-server 2023-02-22 02:57:24,709 [INFO] Sending to ptd: 'SR,A,Auto'
ptd-server 2023-02-22 02:57:25,212 [INFO] Reply from ptd: 'Range A changed'
ptd-server 2023-02-22 02:57:35,222 [INFO] Starting ranging mode
ptd-server 2023-02-22 02:57:35,222 [INFO] Sending to ptd: 'Go,1000,0,2023-02-22_02-57-07_ranging'
ptd-server 2023-02-22 02:57:35,223 [INFO] Reply from ptd: 'Starting untimed measurement, maximum 500000 samples at 1000ms with 0 rampup samples'
ptd-server 2023-02-22 02:57:35,223 [INFO] Sending reply to client 'OK'
ptd-server 2023-02-22 03:07:55,153 [INFO] Got command from the client 'session,2023-02-22_02-57-07,stop,ranging'
ptd-server 2023-02-22 03:08:05,163 [INFO] Sending to ptd: 'Stop'
ptd-server 2023-02-22 03:08:05,164 [INFO] Reply from ptd: 'Stopping untimed measurement'
ptd-server 2023-02-22 03:08:05,540 [INFO] Sending reply to client 'OK'
ptd-server 2023-02-22 03:08:05,666 [INFO] Got command from the client 'time'
ptd-server 2023-02-22 03:08:05,666 [INFO] Sending reply to client '1677035285.6662185'
ptd-server 2023-02-22 03:08:05,667 [INFO] Got command from the client 'session,2023-02-22_02-57-07,start,testing'
ptd-server 2023-02-22 03:08:05,667 [INFO] Sending to ptd: 'SR,V,252.820000'
ptd-server 2023-02-22 03:08:07,168 [INFO] Reply from ptd: 'Range V changed'
ptd-server 2023-02-22 03:08:07,169 [INFO] Sending to ptd: 'SR,A,0.047230'
ptd-server 2023-02-22 03:08:08,670 [INFO] Reply from ptd: 'Range A changed'
ptd-server 2023-02-22 03:08:18,680 [INFO] Starting testing mode
ptd-server 2023-02-22 03:08:18,680 [INFO] Sending to ptd: 'Go,1000,0,2023-02-22_02-57-07_testing'
ptd-server 2023-02-22 03:08:18,681 [INFO] Reply from ptd: 'Starting untimed measurement, maximum 500000 samples at 1000ms with 0 rampup samples'
ptd-server 2023-02-22 03:08:18,681 [INFO] Sending reply to client 'OK'
ptd-server 2023-02-22 03:18:38,484 [INFO] Got command from the client 'session,2023-02-22_02-57-07,stop,testing'
ptd-server 2023-02-22 03:18:48,494 [INFO] Sending to ptd: 'Stop'
ptd-server 2023-02-22 03:18:48,495 [INFO] Reply from ptd: 'Stopping untimed measurement'
ptd-server 2023-02-22 03:18:48,694 [INFO] Sending reply to client 'OK'
ptd-server 2023-02-22 03:18:48,702 [INFO] Got command from the client 'session,2023-02-22_02-57-07,done'
ptd-server 2023-02-22 03:18:48,702 [INFO] Sending to ptd: 'Stop'
ptd-server 2023-02-22 03:18:48,703 [INFO] Reply from ptd: 'Error: no measurement to stop'
ptd-server 2023-02-22 03:18:48,703 [INFO] Sending to ptd: 'SR,V,Auto'
ptd-server 2023-02-22 03:18:49,205 [INFO] Reply from ptd: 'Range V changed'
ptd-server 2023-02-22 03:18:49,205 [INFO] Sending to ptd: 'SR,A,Auto'
ptd-server 2023-02-22 03:18:49,708 [INFO] Reply from ptd: 'Range A changed'
ptd-server 2023-02-22 03:18:49,708 [INFO] Set initial values for Amps Auto and Volts Auto
ptd-server 2023-02-22 03:18:49,708 [INFO] Stopping ptd...
