ptd-server 2023-02-12 15:58:49,930 [INFO] Got command from the client 'time'
ptd-server 2023-02-12 15:58:49,930 [INFO] Sending reply to client '1676217529.9308598'
ptd-server 2023-02-12 15:58:49,934 [INFO] Got command from the client 'new,,86bfb11a-642e-4d27-8853-b7f362eff647'
ptd-server 2023-02-12 15:58:49,935 [INFO] Sending reply to client 'OK 2023-02-12_15-58-49,c5aebc06-e702-4ded-ac62-c88bc4413297'
ptd-server 2023-02-12 15:58:49,962 [INFO] Got command from the client 'time'
ptd-server 2023-02-12 15:58:49,962 [INFO] Sending reply to client '1676217529.9625475'
ptd-server 2023-02-12 15:58:49,966 [INFO] Got command from the client 'session,2023-02-12_15-58-49,start,ranging'
ptd-server 2023-02-12 15:58:49,966 [INFO] Running PTDaemon: ['/media/arjun/T7_Touch/hp-envy/CM/repos/local/cache/9b3695ca8255492a/power/inference_v1.0/ptd-linux-x86', '-l', '/tmp/tmp6_9o2crq/ptd_logfile.txt', '-p', '8888', '49', '/dev/usbtmc0']
ptd-server 2023-02-12 15:59:07,063 [INFO] Sending to ptd: 'Hello'
ptd-server 2023-02-12 15:59:07,064 [INFO] Reply from ptd: 'Hello, PTDaemon here!'
ptd-server 2023-02-12 15:59:07,064 [INFO] Sending to ptd: 'Identify'
ptd-server 2023-02-12 15:59:07,065 [INFO] Reply from ptd: 'YokogawaWT310E,1000,1,1,1,1,0,1,1,version=1.10.0-ed9a21d2-20220817,OS=Linux 5.15.0-56-generic #62-Ubuntu SMP Tue Nov 22 19:54:14 UTC 2022 x86_64,mode=power,1,1,1,0,0,no_cal_date,YOKOGAWA;WT310E;C3YD21068E;F1.04'
ptd-server 2023-02-12 15:59:07,065 [INFO] Connected to PTDaemon
ptd-server 2023-02-12 15:59:07,065 [INFO] Sending to ptd: 'RR'
ptd-server 2023-02-12 15:59:07,066 [INFO] Reply from ptd: 'Ranges,0,0.100000,0,600.000000'
ptd-server 2023-02-12 15:59:07,066 [INFO] Initial range for Amps is 0.100000 for Volts is 600.000000
ptd-server 2023-02-12 15:59:07,066 [INFO] Sending to ptd: 'SR,V,Auto'
ptd-server 2023-02-12 15:59:07,570 [INFO] Reply from ptd: 'Range V changed'
ptd-server 2023-02-12 15:59:07,570 [INFO] Sending to ptd: 'SR,A,Auto'
ptd-server 2023-02-12 15:59:08,074 [INFO] Reply from ptd: 'Range A changed'
ptd-server 2023-02-12 15:59:18,084 [INFO] Starting ranging mode
ptd-server 2023-02-12 15:59:18,085 [INFO] Sending to ptd: 'Go,1000,0,2023-02-12_15-58-49_ranging'
ptd-server 2023-02-12 15:59:18,086 [INFO] Reply from ptd: 'Starting untimed measurement, maximum 500000 samples at 1000ms with 0 rampup samples'
ptd-server 2023-02-12 15:59:18,086 [INFO] Sending reply to client 'OK'
ptd-server 2023-02-12 16:09:20,158 [INFO] Got command from the client 'session,2023-02-12_15-58-49,stop,ranging'
ptd-server 2023-02-12 16:09:30,169 [INFO] Sending to ptd: 'Stop'
ptd-server 2023-02-12 16:09:30,170 [INFO] Reply from ptd: 'Stopping untimed measurement'
ptd-server 2023-02-12 16:09:30,231 [INFO] Sending reply to client 'OK'
ptd-server 2023-02-12 16:09:30,281 [INFO] Got command from the client 'time'
ptd-server 2023-02-12 16:09:30,281 [INFO] Sending reply to client '1676218170.2818604'
ptd-server 2023-02-12 16:09:30,286 [INFO] Got command from the client 'session,2023-02-12_15-58-49,start,testing'
ptd-server 2023-02-12 16:09:30,286 [INFO] Sending to ptd: 'SR,V,247.050000'
ptd-server 2023-02-12 16:09:32,589 [INFO] Reply from ptd: 'Range V changed'
ptd-server 2023-02-12 16:09:32,590 [INFO] Sending to ptd: 'SR,A,0.233410'
ptd-server 2023-02-12 16:09:34,093 [INFO] Reply from ptd: 'Range A changed'
ptd-server 2023-02-12 16:09:44,104 [INFO] Starting testing mode
ptd-server 2023-02-12 16:09:44,104 [INFO] Sending to ptd: 'Go,1000,0,2023-02-12_15-58-49_testing'
ptd-server 2023-02-12 16:09:44,105 [INFO] Reply from ptd: 'Starting untimed measurement, maximum 500000 samples at 1000ms with 0 rampup samples'
ptd-server 2023-02-12 16:09:44,106 [INFO] Sending reply to client 'OK'
ptd-server 2023-02-12 16:19:44,763 [INFO] Got command from the client 'session,2023-02-12_15-58-49,stop,testing'
ptd-server 2023-02-12 16:19:54,769 [INFO] Sending to ptd: 'Stop'
ptd-server 2023-02-12 16:19:54,770 [INFO] Reply from ptd: 'Stopping untimed measurement'
ptd-server 2023-02-12 16:19:54,802 [INFO] Sending reply to client 'OK'
ptd-server 2023-02-12 16:19:54,817 [INFO] Got command from the client 'session,2023-02-12_15-58-49,done'
ptd-server 2023-02-12 16:19:54,818 [INFO] Sending to ptd: 'Stop'
ptd-server 2023-02-12 16:19:55,106 [INFO] Reply from ptd: 'Error: no measurement to stop'
ptd-server 2023-02-12 16:19:55,107 [INFO] Sending to ptd: 'SR,V,600.000000'
ptd-server 2023-02-12 16:19:56,610 [INFO] Reply from ptd: 'Range V changed'
ptd-server 2023-02-12 16:19:56,610 [INFO] Sending to ptd: 'SR,A,0.100000'
ptd-server 2023-02-12 16:19:58,113 [INFO] Reply from ptd: 'Range A changed'
ptd-server 2023-02-12 16:19:58,114 [INFO] Set initial values for Amps 0.100000 and Volts 600.000000
ptd-server 2023-02-12 16:19:58,114 [INFO] Stopping ptd...
