ptd-server 2023-02-28 01:33:40,270 [INFO] Got command from the client 'time'
ptd-server 2023-02-28 01:33:40,271 [INFO] Sending reply to client '1677548020.2710268'
ptd-server 2023-02-28 01:33:40,272 [INFO] Got command from the client 'new,,6424ced5-87f9-4526-a548-0253cc7693fa'
ptd-server 2023-02-28 01:33:40,273 [INFO] Sending reply to client 'OK 2023-02-28_01-33-40,bdd86e38-7396-4098-9524-22b9fbefa4fd'
ptd-server 2023-02-28 01:33:40,297 [INFO] Got command from the client 'time'
ptd-server 2023-02-28 01:33:40,297 [INFO] Sending reply to client '1677548020.2974405'
ptd-server 2023-02-28 01:33:40,299 [INFO] Got command from the client 'session,2023-02-28_01-33-40,start,ranging'
ptd-server 2023-02-28 01:33:40,300 [INFO] Running PTDaemon: ['/home/anton/projects/mlperf/power/inference_v1.0/ptd-linux-x86', '-l', '/tmp/tmpu4v721n6/ptd_logfile.txt', '-p', '8888', '49', '/dev/usbtmc0']
ptd-server 2023-02-28 01:33:57,386 [INFO] Sending to ptd: 'Hello'
ptd-server 2023-02-28 01:33:57,386 [INFO] Reply from ptd: 'Hello, PTDaemon here!'
ptd-server 2023-02-28 01:33:57,386 [INFO] Sending to ptd: 'Identify'
ptd-server 2023-02-28 01:33:57,387 [INFO] Reply from ptd: 'YokogawaWT310E,1000,1,1,1,1,0,1,1,version=1.10.0-ed9a21d2-20220817,OS=Linux 5.15.0-60-generic #66~20.04.1-Ubuntu SMP Wed Jan 25 09:41:30 UTC 2023 x86_64,mode=power,1,1,1,0,0,no_cal_date,YOKOGAWA;WT310E;C3XA04010E;F1.04'
ptd-server 2023-02-28 01:33:57,387 [INFO] Connected to PTDaemon
ptd-server 2023-02-28 01:33:57,387 [INFO] Sending to ptd: 'RR'
ptd-server 2023-02-28 01:33:57,387 [INFO] Reply from ptd: 'Ranges,0,0.100000,0,300.000000'
ptd-server 2023-02-28 01:33:57,387 [INFO] Initial range for Amps is 0.100000 for Volts is 300.000000
ptd-server 2023-02-28 01:33:57,387 [INFO] Sending to ptd: 'SR,V,Auto'
ptd-server 2023-02-28 01:33:57,890 [INFO] Reply from ptd: 'Range V changed'
ptd-server 2023-02-28 01:33:57,890 [INFO] Sending to ptd: 'SR,A,Auto'
ptd-server 2023-02-28 01:33:58,393 [INFO] Reply from ptd: 'Range A changed'
ptd-server 2023-02-28 01:34:08,400 [INFO] Starting ranging mode
ptd-server 2023-02-28 01:34:08,400 [INFO] Sending to ptd: 'Go,1000,0,2023-02-28_01-33-40_ranging'
ptd-server 2023-02-28 01:34:08,400 [INFO] Reply from ptd: 'Starting untimed measurement, maximum 500000 samples at 1000ms with 0 rampup samples'
ptd-server 2023-02-28 01:34:08,401 [INFO] Sending reply to client 'OK'
ptd-server 2023-02-28 01:44:38,056 [INFO] Got command from the client 'session,2023-02-28_01-33-40,stop,ranging'
ptd-server 2023-02-28 01:44:48,064 [INFO] Sending to ptd: 'Stop'
ptd-server 2023-02-28 01:44:48,064 [INFO] Reply from ptd: 'Stopping untimed measurement'
ptd-server 2023-02-28 01:44:48,470 [INFO] Sending reply to client 'OK'
ptd-server 2023-02-28 01:44:48,553 [INFO] Got command from the client 'time'
ptd-server 2023-02-28 01:44:48,553 [INFO] Sending reply to client '1677548688.5538158'
ptd-server 2023-02-28 01:44:48,556 [INFO] Got command from the client 'session,2023-02-28_01-33-40,start,testing'
ptd-server 2023-02-28 01:44:48,556 [INFO] Sending to ptd: 'SR,V,251.700000'
ptd-server 2023-02-28 01:44:50,058 [INFO] Reply from ptd: 'Range V changed'
ptd-server 2023-02-28 01:44:50,058 [INFO] Sending to ptd: 'SR,A,0.054990'
ptd-server 2023-02-28 01:44:51,559 [INFO] Reply from ptd: 'Range A changed'
ptd-server 2023-02-28 01:45:01,569 [INFO] Starting testing mode
ptd-server 2023-02-28 01:45:01,570 [INFO] Sending to ptd: 'Go,1000,0,2023-02-28_01-33-40_testing'
ptd-server 2023-02-28 01:45:01,570 [INFO] Reply from ptd: 'Starting untimed measurement, maximum 500000 samples at 1000ms with 0 rampup samples'
ptd-server 2023-02-28 01:45:01,570 [INFO] Sending reply to client 'OK'
ptd-server 2023-02-28 01:55:31,098 [INFO] Got command from the client 'session,2023-02-28_01-33-40,stop,testing'
ptd-server 2023-02-28 01:55:41,108 [INFO] Sending to ptd: 'Stop'
ptd-server 2023-02-28 01:55:41,108 [INFO] Reply from ptd: 'Stopping untimed measurement'
ptd-server 2023-02-28 01:55:41,318 [INFO] Sending reply to client 'OK'
ptd-server 2023-02-28 01:55:41,345 [INFO] Got command from the client 'session,2023-02-28_01-33-40,done'
ptd-server 2023-02-28 01:55:41,346 [INFO] Sending to ptd: 'Stop'
ptd-server 2023-02-28 01:55:41,570 [INFO] Reply from ptd: 'Error: no measurement to stop'
ptd-server 2023-02-28 01:55:41,571 [INFO] Sending to ptd: 'SR,V,300.000000'
ptd-server 2023-02-28 01:55:43,072 [INFO] Reply from ptd: 'Range V changed'
ptd-server 2023-02-28 01:55:43,072 [INFO] Sending to ptd: 'SR,A,0.100000'
ptd-server 2023-02-28 01:55:44,574 [INFO] Reply from ptd: 'Range A changed'
ptd-server 2023-02-28 01:55:44,574 [INFO] Set initial values for Amps 0.100000 and Volts 300.000000
ptd-server 2023-02-28 01:55:44,574 [INFO] Stopping ptd...
