ptd-server 2023-02-24 17:42:07,153 [INFO] Got command from the client 'time'
ptd-server 2023-02-24 17:42:07,154 [INFO] Sending reply to client '1677260527.1540763'
ptd-server 2023-02-24 17:42:07,158 [INFO] Got command from the client 'new,,52bdf593-cc5d-4598-b699-cc9577a07172'
ptd-server 2023-02-24 17:42:07,159 [INFO] Sending reply to client 'OK 2023-02-24_17-42-07,a09d7988-e069-4cbc-988f-dfde56a48d7a'
ptd-server 2023-02-24 17:42:07,183 [INFO] Got command from the client 'time'
ptd-server 2023-02-24 17:42:07,183 [INFO] Sending reply to client '1677260527.1834602'
ptd-server 2023-02-24 17:42:07,187 [INFO] Got command from the client 'session,2023-02-24_17-42-07,start,ranging'
ptd-server 2023-02-24 17:42:07,187 [INFO] Running PTDaemon: ['/media/arjun/T7_Touch/hp-envy/CM/repos/local/cache/9b3695ca8255492a/power/inference_v1.0/ptd-linux-x86', '-l', '/tmp/tmpti64566v/ptd_logfile.txt', '-p', '8888', '49', '/dev/usbtmc0']
ptd-server 2023-02-24 17:42:24,286 [INFO] Sending to ptd: 'Hello'
ptd-server 2023-02-24 17:42:24,287 [INFO] Reply from ptd: 'Hello, PTDaemon here!'
ptd-server 2023-02-24 17:42:24,287 [INFO] Sending to ptd: 'Identify'
ptd-server 2023-02-24 17:42:24,288 [INFO] Reply from ptd: 'YokogawaWT310E,1000,1,1,1,1,0,1,1,version=1.10.0-ed9a21d2-20220817,OS=Linux 5.15.0-56-generic #62-Ubuntu SMP Tue Nov 22 19:54:14 UTC 2022 x86_64,mode=power,1,1,1,0,0,no_cal_date,YOKOGAWA;WT310E;C3YD21068E;F1.04'
ptd-server 2023-02-24 17:42:24,289 [INFO] Connected to PTDaemon
ptd-server 2023-02-24 17:42:24,289 [INFO] Sending to ptd: 'RR'
ptd-server 2023-02-24 17:42:24,290 [INFO] Reply from ptd: 'Ranges,0,0.100000,0,600.000000'
ptd-server 2023-02-24 17:42:24,290 [INFO] Initial range for Amps is 0.100000 for Volts is 600.000000
ptd-server 2023-02-24 17:42:24,291 [INFO] Sending to ptd: 'SR,V,Auto'
ptd-server 2023-02-24 17:42:24,795 [INFO] Reply from ptd: 'Range V changed'
ptd-server 2023-02-24 17:42:24,795 [INFO] Sending to ptd: 'SR,A,Auto'
ptd-server 2023-02-24 17:42:25,299 [INFO] Reply from ptd: 'Range A changed'
ptd-server 2023-02-24 17:42:35,310 [INFO] Starting ranging mode
ptd-server 2023-02-24 17:42:35,310 [INFO] Sending to ptd: 'Go,1000,0,2023-02-24_17-42-07_ranging'
ptd-server 2023-02-24 17:42:35,311 [INFO] Reply from ptd: 'Starting untimed measurement, maximum 500000 samples at 1000ms with 0 rampup samples'
ptd-server 2023-02-24 17:42:35,312 [INFO] Sending reply to client 'OK'
ptd-server 2023-02-24 17:53:36,637 [INFO] Got command from the client 'session,2023-02-24_17-42-07,stop,ranging'
ptd-server 2023-02-24 17:53:46,648 [INFO] Sending to ptd: 'Stop'
ptd-server 2023-02-24 17:53:46,649 [INFO] Reply from ptd: 'Stopping untimed measurement'
ptd-server 2023-02-24 17:53:46,764 [INFO] Sending reply to client 'OK'
ptd-server 2023-02-24 17:53:46,817 [INFO] Got command from the client 'time'
ptd-server 2023-02-24 17:53:46,817 [INFO] Sending reply to client '1677261226.8178198'
ptd-server 2023-02-24 17:53:46,821 [INFO] Got command from the client 'session,2023-02-24_17-42-07,start,testing'
ptd-server 2023-02-24 17:53:46,822 [INFO] Sending to ptd: 'SR,V,245.570000'
ptd-server 2023-02-24 17:53:48,815 [INFO] Reply from ptd: 'Range V changed'
ptd-server 2023-02-24 17:53:48,816 [INFO] Sending to ptd: 'SR,A,0.172600'
ptd-server 2023-02-24 17:53:50,319 [INFO] Reply from ptd: 'Range A changed'
ptd-server 2023-02-24 17:54:00,324 [INFO] Starting testing mode
ptd-server 2023-02-24 17:54:00,324 [INFO] Sending to ptd: 'Go,1000,0,2023-02-24_17-42-07_testing'
ptd-server 2023-02-24 17:54:00,325 [INFO] Reply from ptd: 'Starting untimed measurement, maximum 500000 samples at 1000ms with 0 rampup samples'
ptd-server 2023-02-24 17:54:00,325 [INFO] Sending reply to client 'OK'
ptd-server 2023-02-24 18:04:56,073 [INFO] Got command from the client 'session,2023-02-24_17-42-07,stop,testing'
ptd-server 2023-02-24 18:05:06,084 [INFO] Sending to ptd: 'Stop'
ptd-server 2023-02-24 18:05:06,085 [INFO] Reply from ptd: 'Stopping untimed measurement'
ptd-server 2023-02-24 18:05:06,142 [INFO] Sending reply to client 'OK'
ptd-server 2023-02-24 18:05:06,154 [INFO] Got command from the client 'session,2023-02-24_17-42-07,done'
ptd-server 2023-02-24 18:05:06,154 [INFO] Sending to ptd: 'Stop'
ptd-server 2023-02-24 18:05:06,326 [INFO] Reply from ptd: 'Error: no measurement to stop'
ptd-server 2023-02-24 18:05:06,326 [INFO] Sending to ptd: 'SR,V,600.000000'
ptd-server 2023-02-24 18:05:07,829 [INFO] Reply from ptd: 'Range V changed'
ptd-server 2023-02-24 18:05:07,830 [INFO] Sending to ptd: 'SR,A,0.100000'
ptd-server 2023-02-24 18:05:09,333 [INFO] Reply from ptd: 'Range A changed'
ptd-server 2023-02-24 18:05:09,333 [INFO] Set initial values for Amps 0.100000 and Volts 600.000000
ptd-server 2023-02-24 18:05:09,334 [INFO] Stopping ptd...
