ptd-server 2023-02-24 19:40:15,220 [INFO] Got command from the client 'time'
ptd-server 2023-02-24 19:40:15,220 [INFO] Sending reply to client '1677289215.2209284'
ptd-server 2023-02-24 19:40:15,224 [INFO] Got command from the client 'new,,020d3425-6169-45cb-ae9a-c790f0ac14b3'
ptd-server 2023-02-24 19:40:15,225 [INFO] Sending reply to client 'OK 2023-02-24_19-40-15,2fc76aa6-db77-4190-9f6e-b330a3fab0bc'
ptd-server 2023-02-24 19:40:15,336 [INFO] Got command from the client 'time'
ptd-server 2023-02-24 19:40:15,336 [INFO] Sending reply to client '1677289215.3366933'
ptd-server 2023-02-24 19:40:15,339 [INFO] Got command from the client 'session,2023-02-24_19-40-15,start,ranging'
ptd-server 2023-02-24 19:40:15,340 [INFO] Running PTDaemon: ['/local/mnt/workspace/mlcommons/power-main/inference_v1.0/ptd-linux-x86', '-l', '/tmp/tmpgrsgboht/ptd_logfile.txt', '-p', '8888', '-c', '2', '52', '/dev/usbtmc0']
ptd-server 2023-02-24 19:40:32,361 [INFO] Sending to ptd: 'Hello'
ptd-server 2023-02-24 19:40:32,361 [INFO] Reply from ptd: 'Hello, PTDaemon here!'
ptd-server 2023-02-24 19:40:32,362 [INFO] Sending to ptd: 'Identify'
ptd-server 2023-02-24 19:40:32,362 [INFO] Reply from ptd: 'YokogawaWT330,1000,1,1,1,1,0,0,1,version=1.10.0-ed9a21d2-20220817,OS=Linux 5.4.0-120-generic #136~18.04.1-Ubuntu SMP Fri Jun 10 18:00:44 UTC 2022 x86_64,mode=power,1,1,1,0,0,no_cal_date,YOKOGAWA;WT333;C2QH26002V;F1.06'
ptd-server 2023-02-24 19:40:32,362 [INFO] Connected to PTDaemon
ptd-server 2023-02-24 19:40:32,362 [INFO] Sending to ptd: 'RR'
ptd-server 2023-02-24 19:40:32,363 [INFO] Reply from ptd: 'Ranges,1,0.500000,1,150.000000'
ptd-server 2023-02-24 19:40:32,363 [INFO] Initial range for Amps is Auto for Volts is Auto
ptd-server 2023-02-24 19:40:32,363 [INFO] Sending to ptd: 'SR,V,Auto'
ptd-server 2023-02-24 19:40:32,905 [INFO] Reply from ptd: 'Range V changed'
ptd-server 2023-02-24 19:40:32,905 [INFO] Sending to ptd: 'SR,A,Auto'
ptd-server 2023-02-24 19:40:33,408 [INFO] Reply from ptd: 'Range A changed'
ptd-server 2023-02-24 19:40:43,419 [INFO] Starting ranging mode
ptd-server 2023-02-24 19:40:43,419 [INFO] Sending to ptd: 'Go,1000,0,2023-02-24_19-40-15_ranging'
ptd-server 2023-02-24 19:40:43,420 [INFO] Reply from ptd: 'Starting untimed measurement, maximum 500000 samples at 1000ms with 0 rampup samples'
ptd-server 2023-02-24 19:40:43,420 [INFO] Sending reply to client 'OK'
ptd-server 2023-02-24 19:53:22,122 [INFO] Got command from the client 'session,2023-02-24_19-40-15,stop,ranging'
ptd-server 2023-02-24 19:53:32,129 [INFO] Sending to ptd: 'Stop'
ptd-server 2023-02-24 19:53:32,129 [INFO] Reply from ptd: 'Stopping untimed measurement'
ptd-server 2023-02-24 19:53:32,160 [INFO] Sending reply to client 'OK'
ptd-server 2023-02-24 19:53:32,284 [INFO] Got command from the client 'time'
ptd-server 2023-02-24 19:53:32,284 [INFO] Sending reply to client '1677290012.2843847'
ptd-server 2023-02-24 19:53:32,287 [INFO] Got command from the client 'session,2023-02-24_19-40-15,start,testing'
ptd-server 2023-02-24 19:53:32,287 [INFO] Sending to ptd: 'SR,V,120.960000'
ptd-server 2023-02-24 19:53:33,923 [INFO] Reply from ptd: 'Range V changed'
ptd-server 2023-02-24 19:53:33,923 [INFO] Sending to ptd: 'SR,A,0.213160'
ptd-server 2023-02-24 19:53:35,425 [INFO] Reply from ptd: 'Range A changed'
ptd-server 2023-02-24 19:53:45,436 [INFO] Starting testing mode
ptd-server 2023-02-24 19:53:45,436 [INFO] Sending to ptd: 'Go,1000,0,2023-02-24_19-40-15_testing'
ptd-server 2023-02-24 19:53:45,437 [INFO] Reply from ptd: 'Starting untimed measurement, maximum 500000 samples at 1000ms with 0 rampup samples'
ptd-server 2023-02-24 19:53:45,437 [INFO] Sending reply to client 'OK'
ptd-server 2023-02-24 20:06:26,855 [INFO] Got command from the client 'session,2023-02-24_19-40-15,stop,testing'
ptd-server 2023-02-24 20:06:36,865 [INFO] Sending to ptd: 'Stop'
ptd-server 2023-02-24 20:06:36,866 [INFO] Reply from ptd: 'Stopping untimed measurement'
ptd-server 2023-02-24 20:06:36,882 [INFO] Sending reply to client 'OK'
ptd-server 2023-02-24 20:06:36,912 [INFO] Got command from the client 'session,2023-02-24_19-40-15,done'
ptd-server 2023-02-24 20:06:36,912 [INFO] Sending to ptd: 'Stop'
ptd-server 2023-02-24 20:06:37,437 [INFO] Reply from ptd: 'Error: no measurement to stop'
ptd-server 2023-02-24 20:06:37,437 [INFO] Sending to ptd: 'SR,V,Auto'
ptd-server 2023-02-24 20:06:37,939 [INFO] Reply from ptd: 'Range V changed'
ptd-server 2023-02-24 20:06:37,939 [INFO] Sending to ptd: 'SR,A,Auto'
ptd-server 2023-02-24 20:06:38,442 [INFO] Reply from ptd: 'Range A changed'
ptd-server 2023-02-24 20:06:38,442 [INFO] Set initial values for Amps Auto and Volts Auto
ptd-server 2023-02-24 20:06:38,442 [INFO] Stopping ptd...
