client 2023-02-22 12:01:37,798 [INFO] Creating output directory '/home/arjun/orin_results/valid_results/arjun_orin-nvidia_original-gpu-tensorrt-vdefault-default_config/resnet50/offline/performance/tmp_power'
client 2023-02-22 12:01:37,801 [INFO] Sending command to the server: 'mlcommons/power client v3'
client 2023-02-22 12:01:37,805 [INFO] Got response: 'mlcommons/power server v3'
client 2023-02-22 12:01:37,805 [INFO] Synchronizing with the server and with time.google.com...
client 2023-02-22 12:01:37,833 [INFO] NTP:offset = -0.003 s, delay = 0.019 s 
client 2023-02-22 12:01:37,833 [INFO] Sending command to the server: 'time'
client 2023-02-22 12:01:37,837 [INFO] Got response: '1677067297.8366532'
client 2023-02-22 12:01:37,837 [INFO] The time difference between the client and the server is within range -3.323 ms..0.421 ms
client 2023-02-22 12:01:37,837 [INFO] Sending command to the server: 'new,,d403da7c-4334-4312-b4c7-a054bbe0574a'
client 2023-02-22 12:01:37,843 [INFO] Got response: 'OK 2023-02-22_12-01-37,05829595-3790-4e03-b021-90172ee6fe9d'
client 2023-02-22 12:01:37,843 [INFO] Session id is '2023-02-22_12-01-37'
client 2023-02-22 12:01:37,843 [INFO] Sources: {"sources": {"__init__.py": "da39a3ee5e6b4b0d3255bfef95601890afd80709", "client.py": "33ca4f26368777ac06e01f9567b714a4b8063886", "lib/__init__.py": "da39a3ee5e6b4b0d3255bfef95601890afd80709", "lib/client.py": "4c2b78fb4849a7e5b584ef792d82aaed20b17f57", "lib/common.py": "624d0c0acc7c39aaff3674f0b99d6a09da53d1dc", "lib/external/__init__.py": "da39a3ee5e6b4b0d3255bfef95601890afd80709", "lib/external/ntplib.py": "4da8f970656505a40483206ef2b5d3dd5e81711d", "lib/server.py": "cda0cdfaee9bfa1249c64a7dd4f89b7bf1b279f0", "lib/source_hashes.py": "60a2e02193209e8d392803326208d5466342da18", "lib/summary.py": "aa92f0a3f975eecd44d3c0cd0236342ccc9f941d", "lib/time_sync.py": "3210db56eb0ff0df57bf4293dc4d4b03fffd46f1", "server.py": "c3f90f2f7eeb4db30727556d0c815ebc89b3d28b", "tests/unit/__init__.py": "da39a3ee5e6b4b0d3255bfef95601890afd80709", "tests/unit/test_server.py": "99ae15aef722f2000ee6ed1ae1523637bf1ae42b", "tests/unit/test_source_hashes.py": "00468a2907583c593e6574a1f6b404e4651c221a"}, "modules": {"ptd_client_server.lib.client": "lib/client.py", "ptd_client_server.lib.common": "lib/common.py", "ptd_client_server.lib.external.ntplib": "lib/external/ntplib.py", "ptd_client_server.lib.source_hashes": "lib/source_hashes.py", "ptd_client_server.lib.summary": "lib/summary.py", "ptd_client_server.lib.time_sync": "lib/time_sync.py"}}
client 2023-02-22 12:01:37,843 [INFO] Running workload in ranging mode
client 2023-02-22 12:01:37,843 [INFO] Synchronizing with the server and with time.google.com...
client 2023-02-22 12:01:37,860 [INFO] NTP:offset = 0.000 s, delay = 0.016 s 
client 2023-02-22 12:01:37,861 [INFO] Sending command to the server: 'time'
client 2023-02-22 12:01:37,864 [INFO] Got response: '1677067297.8645527'
client 2023-02-22 12:01:37,864 [INFO] The time difference between the client and the server is within range -3.466 ms..-0.322 ms
client 2023-02-22 12:01:37,864 [INFO] Sending command to the server: 'session,2023-02-22_12-01-37,start,ranging'
client 2023-02-22 12:02:05,985 [INFO] Got response: 'OK'
client 2023-02-22 12:02:05,986 [INFO] Running the workload 'make run RUN_ARGS=" --benchmarks=resnet50 --scenarios=offline --test_mode=PerformanceOnly --offline_expected_qps=4500"'
client 2023-02-22 12:19:33,473 [INFO] Sending command to the server: 'session,2023-02-22_12-01-37,stop,ranging'
client 2023-02-22 12:19:43,621 [INFO] Got response: 'OK'
client 2023-02-22 12:19:43,654 [INFO] Copying loadgen logs from '/home/arjun/orin_results/valid_results/arjun_orin-nvidia_original-gpu-tensorrt-vdefault-default_config/resnet50/offline/performance/run_1' to '/home/arjun/orin_results/valid_results/arjun_orin-nvidia_original-gpu-tensorrt-vdefault-default_config/resnet50/offline/performance/tmp_power/ranging'
client 2023-02-22 12:19:43,656 [INFO] Running workload in testing mode
client 2023-02-22 12:19:43,657 [INFO] Synchronizing with the server and with time.google.com...
client 2023-02-22 12:19:43,676 [INFO] NTP:offset = 0.001 s, delay = 0.015 s 
client 2023-02-22 12:19:43,676 [INFO] Sending command to the server: 'time'
client 2023-02-22 12:19:43,678 [INFO] Got response: '1677068383.6809165'
client 2023-02-22 12:19:43,679 [INFO] The time difference between the client and the server is within range -4.272 ms..-1.758 ms
client 2023-02-22 12:19:43,679 [INFO] Sending command to the server: 'session,2023-02-22_12-01-37,start,testing'
client 2023-02-22 12:19:57,001 [INFO] Got response: 'OK'
client 2023-02-22 12:19:57,002 [INFO] Running the workload 'make run RUN_ARGS=" --benchmarks=resnet50 --scenarios=offline --test_mode=PerformanceOnly --offline_expected_qps=4500"'
client 2023-02-22 12:37:07,529 [INFO] Sending command to the server: 'session,2023-02-22_12-01-37,stop,testing'
client 2023-02-22 12:37:17,693 [INFO] Got response: 'OK'
client 2023-02-22 12:37:17,697 [INFO] Copying loadgen logs from '/home/arjun/orin_results/valid_results/arjun_orin-nvidia_original-gpu-tensorrt-vdefault-default_config/resnet50/offline/performance/run_1' to '/home/arjun/orin_results/valid_results/arjun_orin-nvidia_original-gpu-tensorrt-vdefault-default_config/resnet50/offline/performance/tmp_power/run_1'
client 2023-02-22 12:37:17,699 [INFO] Done runs
