ptd-server 2023-02-23 20:31:51,561 [INFO] Got command from the client 'time'
ptd-server 2023-02-23 20:31:51,562 [INFO] Sending reply to client '1677184311.5621269'
ptd-server 2023-02-23 20:31:51,563 [INFO] Got command from the client 'new,,cc120268-6ebe-4418-9676-05babfadcf9a'
ptd-server 2023-02-23 20:31:51,563 [INFO] Sending reply to client 'OK 2023-02-23_20-31-51,5485a106-a7ad-41f6-b927-9ee683462040'
ptd-server 2023-02-23 20:31:51,587 [INFO] Got command from the client 'time'
ptd-server 2023-02-23 20:31:51,587 [INFO] Sending reply to client '1677184311.5872316'
ptd-server 2023-02-23 20:31:51,588 [INFO] Got command from the client 'session,2023-02-23_20-31-51,start,ranging'
ptd-server 2023-02-23 20:31:51,588 [INFO] Running PTDaemon: ['/home/anton/projects/mlperf/power/inference_v1.0/ptd-linux-x86', '-l', '/tmp/tmp4yl1neqp/ptd_logfile.txt', '-p', '8888', '49', '/dev/usbtmc0']
ptd-server 2023-02-23 20:32:08,662 [INFO] Sending to ptd: 'Hello'
ptd-server 2023-02-23 20:32:08,663 [INFO] Reply from ptd: 'Hello, PTDaemon here!'
ptd-server 2023-02-23 20:32:08,663 [INFO] Sending to ptd: 'Identify'
ptd-server 2023-02-23 20:32:08,663 [INFO] Reply from ptd: 'YokogawaWT310E,1000,1,1,1,1,0,1,1,version=1.10.0-ed9a21d2-20220817,OS=Linux 5.15.0-60-generic #66~20.04.1-Ubuntu SMP Wed Jan 25 09:41:30 UTC 2023 x86_64,mode=power,1,1,1,0,0,no_cal_date,YOKOGAWA;WT310E;C3XA04010E;F1.04'
ptd-server 2023-02-23 20:32:08,663 [INFO] Connected to PTDaemon
ptd-server 2023-02-23 20:32:08,664 [INFO] Sending to ptd: 'RR'
ptd-server 2023-02-23 20:32:08,664 [INFO] Reply from ptd: 'Ranges,1,0.100000,1,300.000000'
ptd-server 2023-02-23 20:32:08,664 [INFO] Initial range for Amps is Auto for Volts is Auto
ptd-server 2023-02-23 20:32:08,664 [INFO] Sending to ptd: 'SR,V,Auto'
ptd-server 2023-02-23 20:32:09,167 [INFO] Reply from ptd: 'Range V changed'
ptd-server 2023-02-23 20:32:09,167 [INFO] Sending to ptd: 'SR,A,Auto'
ptd-server 2023-02-23 20:32:09,669 [INFO] Reply from ptd: 'Range A changed'
ptd-server 2023-02-23 20:32:19,680 [INFO] Starting ranging mode
ptd-server 2023-02-23 20:32:19,680 [INFO] Sending to ptd: 'Go,1000,0,2023-02-23_20-31-51_ranging'
ptd-server 2023-02-23 20:32:19,680 [INFO] Reply from ptd: 'Starting untimed measurement, maximum 500000 samples at 1000ms with 0 rampup samples'
ptd-server 2023-02-23 20:32:19,680 [INFO] Sending reply to client 'OK'
ptd-server 2023-02-23 20:42:35,953 [INFO] Got command from the client 'session,2023-02-23_20-31-51,stop,ranging'
ptd-server 2023-02-23 20:42:45,960 [INFO] Sending to ptd: 'Stop'
ptd-server 2023-02-23 20:42:45,960 [INFO] Reply from ptd: 'Stopping untimed measurement'
ptd-server 2023-02-23 20:42:46,531 [INFO] Sending reply to client 'OK'
ptd-server 2023-02-23 20:42:46,564 [INFO] Got command from the client 'time'
ptd-server 2023-02-23 20:42:46,564 [INFO] Sending reply to client '1677184966.5644066'
ptd-server 2023-02-23 20:42:46,565 [INFO] Got command from the client 'session,2023-02-23_20-31-51,start,testing'
ptd-server 2023-02-23 20:42:46,565 [INFO] Sending to ptd: 'SR,V,251.800000'
ptd-server 2023-02-23 20:42:48,182 [INFO] Reply from ptd: 'Range V changed'
ptd-server 2023-02-23 20:42:48,182 [INFO] Sending to ptd: 'SR,A,0.055630'
ptd-server 2023-02-23 20:42:49,683 [INFO] Reply from ptd: 'Range A changed'
ptd-server 2023-02-23 20:42:59,694 [INFO] Starting testing mode
ptd-server 2023-02-23 20:42:59,694 [INFO] Sending to ptd: 'Go,1000,0,2023-02-23_20-31-51_testing'
ptd-server 2023-02-23 20:42:59,694 [INFO] Reply from ptd: 'Starting untimed measurement, maximum 500000 samples at 1000ms with 0 rampup samples'
ptd-server 2023-02-23 20:42:59,695 [INFO] Sending reply to client 'OK'
ptd-server 2023-02-23 20:53:15,936 [INFO] Got command from the client 'session,2023-02-23_20-31-51,stop,testing'
ptd-server 2023-02-23 20:53:25,946 [INFO] Sending to ptd: 'Stop'
ptd-server 2023-02-23 20:53:25,947 [INFO] Reply from ptd: 'Stopping untimed measurement'
ptd-server 2023-02-23 20:53:26,238 [INFO] Sending reply to client 'OK'
ptd-server 2023-02-23 20:53:26,246 [INFO] Got command from the client 'session,2023-02-23_20-31-51,done'
ptd-server 2023-02-23 20:53:26,246 [INFO] Sending to ptd: 'Stop'
ptd-server 2023-02-23 20:53:26,694 [INFO] Reply from ptd: 'Error: no measurement to stop'
ptd-server 2023-02-23 20:53:26,695 [INFO] Sending to ptd: 'SR,V,Auto'
ptd-server 2023-02-23 20:53:27,197 [INFO] Reply from ptd: 'Range V changed'
ptd-server 2023-02-23 20:53:27,197 [INFO] Sending to ptd: 'SR,A,Auto'
ptd-server 2023-02-23 20:53:27,700 [INFO] Reply from ptd: 'Range A changed'
ptd-server 2023-02-23 20:53:27,700 [INFO] Set initial values for Amps Auto and Volts Auto
ptd-server 2023-02-23 20:53:27,700 [INFO] Stopping ptd...
