ptd-server 2023-02-25 16:21:23,301 [INFO] Got command from the client 'time'
ptd-server 2023-02-25 16:21:23,301 [INFO] Sending reply to client '1677342083.301634'
ptd-server 2023-02-25 16:21:23,303 [INFO] Got command from the client 'new,,a408c508-73fe-4e6d-8d2f-524c15cd7a71'
ptd-server 2023-02-25 16:21:23,303 [INFO] Sending reply to client 'OK 2023-02-25_16-21-23,3729f0e8-118a-4c95-baf9-2491aa5d356d'
ptd-server 2023-02-25 16:21:23,352 [INFO] Got command from the client 'time'
ptd-server 2023-02-25 16:21:23,353 [INFO] Sending reply to client '1677342083.3530471'
ptd-server 2023-02-25 16:21:23,354 [INFO] Got command from the client 'session,2023-02-25_16-21-23,start,ranging'
ptd-server 2023-02-25 16:21:23,355 [INFO] Running PTDaemon: ['/home/anton/projects/mlperf/power/inference_v1.0/ptd-linux-x86', '-l', '/tmp/tmpu4v721n6/ptd_logfile.txt', '-p', '8888', '49', '/dev/usbtmc0']
ptd-server 2023-02-25 16:21:40,443 [INFO] Sending to ptd: 'Hello'
ptd-server 2023-02-25 16:21:40,443 [INFO] Reply from ptd: 'Hello, PTDaemon here!'
ptd-server 2023-02-25 16:21:40,444 [INFO] Sending to ptd: 'Identify'
ptd-server 2023-02-25 16:21:40,444 [INFO] Reply from ptd: 'YokogawaWT310E,1000,1,1,1,1,0,1,1,version=1.10.0-ed9a21d2-20220817,OS=Linux 5.15.0-60-generic #66~20.04.1-Ubuntu SMP Wed Jan 25 09:41:30 UTC 2023 x86_64,mode=power,1,1,1,0,0,no_cal_date,YOKOGAWA;WT310E;C3XA04010E;F1.04'
ptd-server 2023-02-25 16:21:40,444 [INFO] Connected to PTDaemon
ptd-server 2023-02-25 16:21:40,444 [INFO] Sending to ptd: 'RR'
ptd-server 2023-02-25 16:21:40,444 [INFO] Reply from ptd: 'Ranges,0,0.100000,0,300.000000'
ptd-server 2023-02-25 16:21:40,445 [INFO] Initial range for Amps is 0.100000 for Volts is 300.000000
ptd-server 2023-02-25 16:21:40,445 [INFO] Sending to ptd: 'SR,V,Auto'
ptd-server 2023-02-25 16:21:40,947 [INFO] Reply from ptd: 'Range V changed'
ptd-server 2023-02-25 16:21:40,947 [INFO] Sending to ptd: 'SR,A,Auto'
ptd-server 2023-02-25 16:21:41,450 [INFO] Reply from ptd: 'Range A changed'
ptd-server 2023-02-25 16:21:51,460 [INFO] Starting ranging mode
ptd-server 2023-02-25 16:21:51,460 [INFO] Sending to ptd: 'Go,1000,0,2023-02-25_16-21-23_ranging'
ptd-server 2023-02-25 16:21:51,461 [INFO] Reply from ptd: 'Starting untimed measurement, maximum 500000 samples at 1000ms with 0 rampup samples'
ptd-server 2023-02-25 16:21:51,461 [INFO] Sending reply to client 'OK'
ptd-server 2023-02-25 16:32:06,749 [INFO] Got command from the client 'session,2023-02-25_16-21-23,stop,ranging'
ptd-server 2023-02-25 16:32:16,760 [INFO] Sending to ptd: 'Stop'
ptd-server 2023-02-25 16:32:16,760 [INFO] Reply from ptd: 'Stopping untimed measurement'
ptd-server 2023-02-25 16:32:16,878 [INFO] Sending reply to client 'OK'
ptd-server 2023-02-25 16:32:16,920 [INFO] Got command from the client 'time'
ptd-server 2023-02-25 16:32:16,920 [INFO] Sending reply to client '1677342736.9209397'
ptd-server 2023-02-25 16:32:16,923 [INFO] Got command from the client 'session,2023-02-25_16-21-23,start,testing'
ptd-server 2023-02-25 16:32:16,924 [INFO] Sending to ptd: 'SR,V,251.970000'
ptd-server 2023-02-25 16:32:18,963 [INFO] Reply from ptd: 'Range V changed'
ptd-server 2023-02-25 16:32:18,963 [INFO] Sending to ptd: 'SR,A,0.055490'
ptd-server 2023-02-25 16:32:20,464 [INFO] Reply from ptd: 'Range A changed'
ptd-server 2023-02-25 16:32:30,475 [INFO] Starting testing mode
ptd-server 2023-02-25 16:32:30,475 [INFO] Sending to ptd: 'Go,1000,0,2023-02-25_16-21-23_testing'
ptd-server 2023-02-25 16:32:30,475 [INFO] Reply from ptd: 'Starting untimed measurement, maximum 500000 samples at 1000ms with 0 rampup samples'
ptd-server 2023-02-25 16:32:30,475 [INFO] Sending reply to client 'OK'
ptd-server 2023-02-25 16:42:45,760 [INFO] Got command from the client 'session,2023-02-25_16-21-23,stop,testing'
ptd-server 2023-02-25 16:42:55,770 [INFO] Sending to ptd: 'Stop'
ptd-server 2023-02-25 16:42:55,771 [INFO] Reply from ptd: 'Stopping untimed measurement'
ptd-server 2023-02-25 16:42:55,831 [INFO] Sending reply to client 'OK'
ptd-server 2023-02-25 16:42:55,851 [INFO] Got command from the client 'session,2023-02-25_16-21-23,done'
ptd-server 2023-02-25 16:42:55,851 [INFO] Sending to ptd: 'Stop'
ptd-server 2023-02-25 16:42:56,475 [INFO] Reply from ptd: 'Error: no measurement to stop'
ptd-server 2023-02-25 16:42:56,475 [INFO] Sending to ptd: 'SR,V,300.000000'
ptd-server 2023-02-25 16:42:57,977 [INFO] Reply from ptd: 'Range V changed'
ptd-server 2023-02-25 16:42:57,977 [INFO] Sending to ptd: 'SR,A,0.100000'
ptd-server 2023-02-25 16:42:59,478 [INFO] Reply from ptd: 'Range A changed'
ptd-server 2023-02-25 16:42:59,478 [INFO] Set initial values for Amps 0.100000 and Volts 300.000000
ptd-server 2023-02-25 16:42:59,478 [INFO] Stopping ptd...
