ptd-server 2023-03-01 11:09:52,459 [INFO] Got command from the client 'time'
ptd-server 2023-03-01 11:09:52,459 [INFO] Sending reply to client '1677668992.4599216'
ptd-server 2023-03-01 11:09:52,461 [INFO] Got command from the client 'new,,280386f4-458d-43bb-acd4-38ef01ba86df'
ptd-server 2023-03-01 11:09:52,461 [INFO] Sending reply to client 'OK 2023-03-01_11-09-52,dc742322-0e5d-4c47-8200-ff0605b36d2f'
ptd-server 2023-03-01 11:09:52,486 [INFO] Got command from the client 'time'
ptd-server 2023-03-01 11:09:52,486 [INFO] Sending reply to client '1677668992.4863303'
ptd-server 2023-03-01 11:09:52,488 [INFO] Got command from the client 'session,2023-03-01_11-09-52,start,ranging'
ptd-server 2023-03-01 11:09:52,488 [INFO] Running PTDaemon: ['/home/anton/projects/mlperf/power/inference_v1.0/ptd-linux-x86', '-l', '/tmp/tmpu4v721n6/ptd_logfile.txt', '-p', '8888', '49', '/dev/usbtmc0']
ptd-server 2023-03-01 11:10:09,576 [INFO] Sending to ptd: 'Hello'
ptd-server 2023-03-01 11:10:09,576 [INFO] Reply from ptd: 'Hello, PTDaemon here!'
ptd-server 2023-03-01 11:10:09,576 [INFO] Sending to ptd: 'Identify'
ptd-server 2023-03-01 11:10:09,577 [INFO] Reply from ptd: 'YokogawaWT310E,1000,1,1,1,1,0,1,1,version=1.10.0-ed9a21d2-20220817,OS=Linux 5.15.0-60-generic #66~20.04.1-Ubuntu SMP Wed Jan 25 09:41:30 UTC 2023 x86_64,mode=power,1,1,1,0,0,no_cal_date,YOKOGAWA;WT310E;C3XA04010E;F1.04'
ptd-server 2023-03-01 11:10:09,577 [INFO] Connected to PTDaemon
ptd-server 2023-03-01 11:10:09,577 [INFO] Sending to ptd: 'RR'
ptd-server 2023-03-01 11:10:09,577 [INFO] Reply from ptd: 'Ranges,0,0.100000,0,300.000000'
ptd-server 2023-03-01 11:10:09,577 [INFO] Initial range for Amps is 0.100000 for Volts is 300.000000
ptd-server 2023-03-01 11:10:09,577 [INFO] Sending to ptd: 'SR,V,Auto'
ptd-server 2023-03-01 11:10:10,080 [INFO] Reply from ptd: 'Range V changed'
ptd-server 2023-03-01 11:10:10,080 [INFO] Sending to ptd: 'SR,A,Auto'
ptd-server 2023-03-01 11:10:10,582 [INFO] Reply from ptd: 'Range A changed'
ptd-server 2023-03-01 11:10:20,593 [INFO] Starting ranging mode
ptd-server 2023-03-01 11:10:20,593 [INFO] Sending to ptd: 'Go,1000,0,2023-03-01_11-09-52_ranging'
ptd-server 2023-03-01 11:10:20,593 [INFO] Reply from ptd: 'Starting untimed measurement, maximum 500000 samples at 1000ms with 0 rampup samples'
ptd-server 2023-03-01 11:10:20,593 [INFO] Sending reply to client 'OK'
ptd-server 2023-03-01 11:20:44,438 [INFO] Got command from the client 'session,2023-03-01_11-09-52,stop,ranging'
ptd-server 2023-03-01 11:20:54,448 [INFO] Sending to ptd: 'Stop'
ptd-server 2023-03-01 11:20:54,448 [INFO] Reply from ptd: 'Stopping untimed measurement'
ptd-server 2023-03-01 11:20:55,060 [INFO] Sending reply to client 'OK'
ptd-server 2023-03-01 11:20:55,110 [INFO] Got command from the client 'time'
ptd-server 2023-03-01 11:20:55,110 [INFO] Sending reply to client '1677669655.1105833'
ptd-server 2023-03-01 11:20:55,113 [INFO] Got command from the client 'session,2023-03-01_11-09-52,start,testing'
ptd-server 2023-03-01 11:20:55,113 [INFO] Sending to ptd: 'SR,V,252.220000'
ptd-server 2023-03-01 11:20:56,614 [INFO] Reply from ptd: 'Range V changed'
ptd-server 2023-03-01 11:20:56,614 [INFO] Sending to ptd: 'SR,A,0.079610'
ptd-server 2023-03-01 11:20:58,116 [INFO] Reply from ptd: 'Range A changed'
ptd-server 2023-03-01 11:21:08,126 [INFO] Starting testing mode
ptd-server 2023-03-01 11:21:08,126 [INFO] Sending to ptd: 'Go,1000,0,2023-03-01_11-09-52_testing'
ptd-server 2023-03-01 11:21:08,127 [INFO] Reply from ptd: 'Starting untimed measurement, maximum 500000 samples at 1000ms with 0 rampup samples'
ptd-server 2023-03-01 11:21:08,127 [INFO] Sending reply to client 'OK'
ptd-server 2023-03-01 11:31:31,722 [INFO] Got command from the client 'session,2023-03-01_11-09-52,stop,testing'
ptd-server 2023-03-01 11:31:41,732 [INFO] Sending to ptd: 'Stop'
ptd-server 2023-03-01 11:31:41,733 [INFO] Reply from ptd: 'Stopping untimed measurement'
ptd-server 2023-03-01 11:31:42,073 [INFO] Sending reply to client 'OK'
ptd-server 2023-03-01 11:31:42,096 [INFO] Got command from the client 'session,2023-03-01_11-09-52,done'
ptd-server 2023-03-01 11:31:42,096 [INFO] Sending to ptd: 'Stop'
ptd-server 2023-03-01 11:31:42,127 [INFO] Reply from ptd: 'Error: no measurement to stop'
ptd-server 2023-03-01 11:31:42,127 [INFO] Sending to ptd: 'SR,V,300.000000'
ptd-server 2023-03-01 11:31:43,629 [INFO] Reply from ptd: 'Range V changed'
ptd-server 2023-03-01 11:31:43,629 [INFO] Sending to ptd: 'SR,A,0.100000'
ptd-server 2023-03-01 11:31:45,130 [INFO] Reply from ptd: 'Range A changed'
ptd-server 2023-03-01 11:31:45,130 [INFO] Set initial values for Amps 0.100000 and Volts 300.000000
ptd-server 2023-03-01 11:31:45,130 [INFO] Stopping ptd...
