ptd-server 2023-02-22 16:50:56,285 [INFO] Got command from the client 'time'
ptd-server 2023-02-22 16:50:56,285 [INFO] Sending reply to client '1677084656.2854311'
ptd-server 2023-02-22 16:50:56,286 [INFO] Got command from the client 'new,,29f0c2ea-f9ee-4f68-91ba-f6cad7d21a12'
ptd-server 2023-02-22 16:50:56,287 [INFO] Sending reply to client 'OK 2023-02-22_16-50-56,aa308ff8-891e-4251-ab9e-b70ada63fb3c'
ptd-server 2023-02-22 16:50:56,309 [INFO] Got command from the client 'time'
ptd-server 2023-02-22 16:50:56,309 [INFO] Sending reply to client '1677084656.3097892'
ptd-server 2023-02-22 16:50:56,310 [INFO] Got command from the client 'session,2023-02-22_16-50-56,start,ranging'
ptd-server 2023-02-22 16:50:56,311 [INFO] Running PTDaemon: ['/home/anton/projects/mlperf/power/inference_v1.0/ptd-linux-x86', '-l', '/tmp/tmp4yl1neqp/ptd_logfile.txt', '-p', '8888', '49', '/dev/usbtmc0']
ptd-server 2023-02-22 16:51:13,384 [INFO] Sending to ptd: 'Hello'
ptd-server 2023-02-22 16:51:13,385 [INFO] Reply from ptd: 'Hello, PTDaemon here!'
ptd-server 2023-02-22 16:51:13,385 [INFO] Sending to ptd: 'Identify'
ptd-server 2023-02-22 16:51:13,386 [INFO] Reply from ptd: 'YokogawaWT310E,1000,1,1,1,1,0,1,1,version=1.10.0-ed9a21d2-20220817,OS=Linux 5.15.0-60-generic #66~20.04.1-Ubuntu SMP Wed Jan 25 09:41:30 UTC 2023 x86_64,mode=power,1,1,1,0,0,no_cal_date,YOKOGAWA;WT310E;C3XA04010E;F1.04'
ptd-server 2023-02-22 16:51:13,386 [INFO] Connected to PTDaemon
ptd-server 2023-02-22 16:51:13,386 [INFO] Sending to ptd: 'RR'
ptd-server 2023-02-22 16:51:13,386 [INFO] Reply from ptd: 'Ranges,1,0.100000,1,300.000000'
ptd-server 2023-02-22 16:51:13,386 [INFO] Initial range for Amps is Auto for Volts is Auto
ptd-server 2023-02-22 16:51:13,386 [INFO] Sending to ptd: 'SR,V,Auto'
ptd-server 2023-02-22 16:51:13,889 [INFO] Reply from ptd: 'Range V changed'
ptd-server 2023-02-22 16:51:13,889 [INFO] Sending to ptd: 'SR,A,Auto'
ptd-server 2023-02-22 16:51:14,392 [INFO] Reply from ptd: 'Range A changed'
ptd-server 2023-02-22 16:51:24,402 [INFO] Starting ranging mode
ptd-server 2023-02-22 16:51:24,402 [INFO] Sending to ptd: 'Go,1000,0,2023-02-22_16-50-56_ranging'
ptd-server 2023-02-22 16:51:24,403 [INFO] Reply from ptd: 'Starting untimed measurement, maximum 500000 samples at 1000ms with 0 rampup samples'
ptd-server 2023-02-22 16:51:24,403 [INFO] Sending reply to client 'OK'
ptd-server 2023-02-22 17:01:40,923 [INFO] Got command from the client 'session,2023-02-22_16-50-56,stop,ranging'
ptd-server 2023-02-22 17:01:50,924 [INFO] Sending to ptd: 'Stop'
ptd-server 2023-02-22 17:01:50,925 [INFO] Reply from ptd: 'Stopping untimed measurement'
ptd-server 2023-02-22 17:01:51,376 [INFO] Sending reply to client 'OK'
ptd-server 2023-02-22 17:01:51,450 [INFO] Got command from the client 'time'
ptd-server 2023-02-22 17:01:51,450 [INFO] Sending reply to client '1677085311.450687'
ptd-server 2023-02-22 17:01:51,451 [INFO] Got command from the client 'session,2023-02-22_16-50-56,start,testing'
ptd-server 2023-02-22 17:01:51,451 [INFO] Sending to ptd: 'SR,V,251.250000'
ptd-server 2023-02-22 17:01:52,953 [INFO] Reply from ptd: 'Range V changed'
ptd-server 2023-02-22 17:01:52,953 [INFO] Sending to ptd: 'SR,A,0.061350'
ptd-server 2023-02-22 17:01:54,454 [INFO] Reply from ptd: 'Range A changed'
ptd-server 2023-02-22 17:02:04,464 [INFO] Starting testing mode
ptd-server 2023-02-22 17:02:04,465 [INFO] Sending to ptd: 'Go,1000,0,2023-02-22_16-50-56_testing'
ptd-server 2023-02-22 17:02:04,465 [INFO] Reply from ptd: 'Starting untimed measurement, maximum 500000 samples at 1000ms with 0 rampup samples'
ptd-server 2023-02-22 17:02:04,465 [INFO] Sending reply to client 'OK'
ptd-server 2023-02-22 17:12:20,945 [INFO] Got command from the client 'session,2023-02-22_16-50-56,stop,testing'
ptd-server 2023-02-22 17:12:30,955 [INFO] Sending to ptd: 'Stop'
ptd-server 2023-02-22 17:12:30,956 [INFO] Reply from ptd: 'Stopping untimed measurement'
ptd-server 2023-02-22 17:12:31,190 [INFO] Sending reply to client 'OK'
ptd-server 2023-02-22 17:12:31,198 [INFO] Got command from the client 'session,2023-02-22_16-50-56,done'
ptd-server 2023-02-22 17:12:31,198 [INFO] Sending to ptd: 'Stop'
ptd-server 2023-02-22 17:12:31,466 [INFO] Reply from ptd: 'Error: no measurement to stop'
ptd-server 2023-02-22 17:12:31,466 [INFO] Sending to ptd: 'SR,V,Auto'
ptd-server 2023-02-22 17:12:31,969 [INFO] Reply from ptd: 'Range V changed'
ptd-server 2023-02-22 17:12:31,969 [INFO] Sending to ptd: 'SR,A,Auto'
ptd-server 2023-02-22 17:12:32,471 [INFO] Reply from ptd: 'Range A changed'
ptd-server 2023-02-22 17:12:32,471 [INFO] Set initial values for Amps Auto and Volts Auto
ptd-server 2023-02-22 17:12:32,472 [INFO] Stopping ptd...
