ptd-server 2023-02-25 02:10:32,105 [INFO] Got command from the client 'time'
ptd-server 2023-02-25 02:10:32,105 [INFO] Sending reply to client '1677291032.105437'
ptd-server 2023-02-25 02:10:32,108 [INFO] Got command from the client 'new,,862b7d25-349b-4f85-8cbf-38a5fe675289'
ptd-server 2023-02-25 02:10:32,108 [INFO] Sending reply to client 'OK 2023-02-25_02-10-32,21d7d040-e072-42c5-b523-eea9520c9748'
ptd-server 2023-02-25 02:10:32,127 [INFO] Got command from the client 'time'
ptd-server 2023-02-25 02:10:32,127 [INFO] Sending reply to client '1677291032.1272137'
ptd-server 2023-02-25 02:10:32,129 [INFO] Got command from the client 'session,2023-02-25_02-10-32,start,ranging'
ptd-server 2023-02-25 02:10:32,130 [INFO] Running PTDaemon: ['/media/arjun/T7_Touch/hp-envy/CM/repos/local/cache/9b3695ca8255492a/power/inference_v1.0/ptd-linux-x86', '-l', '/tmp/tmpti64566v/ptd_logfile.txt', '-p', '8888', '49', '/dev/usbtmc0']
ptd-server 2023-02-25 02:10:49,193 [INFO] Sending to ptd: 'Hello'
ptd-server 2023-02-25 02:10:49,194 [INFO] Reply from ptd: 'Hello, PTDaemon here!'
ptd-server 2023-02-25 02:10:49,194 [INFO] Sending to ptd: 'Identify'
ptd-server 2023-02-25 02:10:49,194 [INFO] Reply from ptd: 'YokogawaWT310E,1000,1,1,1,1,0,1,1,version=1.10.0-ed9a21d2-20220817,OS=Linux 5.15.0-56-generic #62-Ubuntu SMP Tue Nov 22 19:54:14 UTC 2022 x86_64,mode=power,1,1,1,0,0,no_cal_date,YOKOGAWA;WT310E;C3YD21068E;F1.04'
ptd-server 2023-02-25 02:10:49,194 [INFO] Connected to PTDaemon
ptd-server 2023-02-25 02:10:49,194 [INFO] Sending to ptd: 'RR'
ptd-server 2023-02-25 02:10:49,194 [INFO] Reply from ptd: 'Ranges,0,0.100000,0,600.000000'
ptd-server 2023-02-25 02:10:49,195 [INFO] Initial range for Amps is 0.100000 for Volts is 600.000000
ptd-server 2023-02-25 02:10:49,195 [INFO] Sending to ptd: 'SR,V,Auto'
ptd-server 2023-02-25 02:10:49,697 [INFO] Reply from ptd: 'Range V changed'
ptd-server 2023-02-25 02:10:49,697 [INFO] Sending to ptd: 'SR,A,Auto'
ptd-server 2023-02-25 02:10:50,200 [INFO] Reply from ptd: 'Range A changed'
ptd-server 2023-02-25 02:11:00,210 [INFO] Starting ranging mode
ptd-server 2023-02-25 02:11:00,210 [INFO] Sending to ptd: 'Go,1000,0,2023-02-25_02-10-32_ranging'
ptd-server 2023-02-25 02:11:00,210 [INFO] Reply from ptd: 'Starting untimed measurement, maximum 500000 samples at 1000ms with 0 rampup samples'
ptd-server 2023-02-25 02:11:00,211 [INFO] Sending reply to client 'OK'
ptd-server 2023-02-25 02:22:06,038 [INFO] Got command from the client 'session,2023-02-25_02-10-32,stop,ranging'
ptd-server 2023-02-25 02:22:16,048 [INFO] Sending to ptd: 'Stop'
ptd-server 2023-02-25 02:22:16,048 [INFO] Reply from ptd: 'Stopping untimed measurement'
ptd-server 2023-02-25 02:22:16,243 [INFO] Sending reply to client 'OK'
ptd-server 2023-02-25 02:22:16,295 [INFO] Got command from the client 'time'
ptd-server 2023-02-25 02:22:16,295 [INFO] Sending reply to client '1677291736.2959588'
ptd-server 2023-02-25 02:22:16,299 [INFO] Got command from the client 'session,2023-02-25_02-10-32,start,testing'
ptd-server 2023-02-25 02:22:16,299 [INFO] Sending to ptd: 'SR,V,250.080000'
ptd-server 2023-02-25 02:22:17,800 [INFO] Reply from ptd: 'Range V changed'
ptd-server 2023-02-25 02:22:17,800 [INFO] Sending to ptd: 'SR,A,0.174090'
ptd-server 2023-02-25 02:22:19,301 [INFO] Reply from ptd: 'Range A changed'
ptd-server 2023-02-25 02:22:29,312 [INFO] Starting testing mode
ptd-server 2023-02-25 02:22:29,312 [INFO] Sending to ptd: 'Go,1000,0,2023-02-25_02-10-32_testing'
ptd-server 2023-02-25 02:22:29,312 [INFO] Reply from ptd: 'Starting untimed measurement, maximum 500000 samples at 1000ms with 0 rampup samples'
ptd-server 2023-02-25 02:22:29,312 [INFO] Sending reply to client 'OK'
ptd-server 2023-02-25 02:33:29,089 [INFO] Got command from the client 'session,2023-02-25_02-10-32,stop,testing'
ptd-server 2023-02-25 02:33:39,099 [INFO] Sending to ptd: 'Stop'
ptd-server 2023-02-25 02:33:39,099 [INFO] Reply from ptd: 'Stopping untimed measurement'
ptd-server 2023-02-25 02:33:39,187 [INFO] Sending reply to client 'OK'
ptd-server 2023-02-25 02:33:39,203 [INFO] Got command from the client 'session,2023-02-25_02-10-32,done'
ptd-server 2023-02-25 02:33:39,203 [INFO] Sending to ptd: 'Stop'
ptd-server 2023-02-25 02:33:39,312 [INFO] Reply from ptd: 'Error: no measurement to stop'
ptd-server 2023-02-25 02:33:39,312 [INFO] Sending to ptd: 'SR,V,600.000000'
ptd-server 2023-02-25 02:33:40,813 [INFO] Reply from ptd: 'Range V changed'
ptd-server 2023-02-25 02:33:40,814 [INFO] Sending to ptd: 'SR,A,0.100000'
ptd-server 2023-02-25 02:33:42,315 [INFO] Reply from ptd: 'Range A changed'
ptd-server 2023-02-25 02:33:42,315 [INFO] Set initial values for Amps 0.100000 and Volts 600.000000
ptd-server 2023-02-25 02:33:42,315 [INFO] Stopping ptd...
