ptd-server 2023-02-28 04:51:55,991 [INFO] Got command from the client 'time'
ptd-server 2023-02-28 04:51:55,991 [INFO] Sending reply to client '1677559915.9917827'
ptd-server 2023-02-28 04:51:55,993 [INFO] Got command from the client 'new,,765951a0-ed47-4a99-9158-e4dfa9d4a9a9'
ptd-server 2023-02-28 04:51:55,994 [INFO] Sending reply to client 'OK 2023-02-28_04-51-55,e46c49aa-7c82-4371-a756-4548e32d4cf4'
ptd-server 2023-02-28 04:51:56,017 [INFO] Got command from the client 'time'
ptd-server 2023-02-28 04:51:56,018 [INFO] Sending reply to client '1677559916.0181298'
ptd-server 2023-02-28 04:51:56,022 [INFO] Got command from the client 'session,2023-02-28_04-51-55,start,ranging'
ptd-server 2023-02-28 04:51:56,022 [INFO] Running PTDaemon: ['/home/anton/projects/mlperf/power/inference_v1.0/ptd-linux-x86', '-l', '/tmp/tmpu4v721n6/ptd_logfile.txt', '-p', '8888', '49', '/dev/usbtmc0']
ptd-server 2023-02-28 04:52:13,110 [INFO] Sending to ptd: 'Hello'
ptd-server 2023-02-28 04:52:13,110 [INFO] Reply from ptd: 'Hello, PTDaemon here!'
ptd-server 2023-02-28 04:52:13,110 [INFO] Sending to ptd: 'Identify'
ptd-server 2023-02-28 04:52:13,111 [INFO] Reply from ptd: 'YokogawaWT310E,1000,1,1,1,1,0,1,1,version=1.10.0-ed9a21d2-20220817,OS=Linux 5.15.0-60-generic #66~20.04.1-Ubuntu SMP Wed Jan 25 09:41:30 UTC 2023 x86_64,mode=power,1,1,1,0,0,no_cal_date,YOKOGAWA;WT310E;C3XA04010E;F1.04'
ptd-server 2023-02-28 04:52:13,111 [INFO] Connected to PTDaemon
ptd-server 2023-02-28 04:52:13,111 [INFO] Sending to ptd: 'RR'
ptd-server 2023-02-28 04:52:13,111 [INFO] Reply from ptd: 'Ranges,0,0.100000,0,300.000000'
ptd-server 2023-02-28 04:52:13,111 [INFO] Initial range for Amps is 0.100000 for Volts is 300.000000
ptd-server 2023-02-28 04:52:13,111 [INFO] Sending to ptd: 'SR,V,Auto'
ptd-server 2023-02-28 04:52:13,614 [INFO] Reply from ptd: 'Range V changed'
ptd-server 2023-02-28 04:52:13,614 [INFO] Sending to ptd: 'SR,A,Auto'
ptd-server 2023-02-28 04:52:14,117 [INFO] Reply from ptd: 'Range A changed'
ptd-server 2023-02-28 04:52:24,127 [INFO] Starting ranging mode
ptd-server 2023-02-28 04:52:24,127 [INFO] Sending to ptd: 'Go,1000,0,2023-02-28_04-51-55_ranging'
ptd-server 2023-02-28 04:52:24,128 [INFO] Reply from ptd: 'Starting untimed measurement, maximum 500000 samples at 1000ms with 0 rampup samples'
ptd-server 2023-02-28 04:52:24,128 [INFO] Sending reply to client 'OK'
ptd-server 2023-02-28 05:02:41,936 [INFO] Got command from the client 'session,2023-02-28_04-51-55,stop,ranging'
ptd-server 2023-02-28 05:02:51,946 [INFO] Sending to ptd: 'Stop'
ptd-server 2023-02-28 05:02:51,947 [INFO] Reply from ptd: 'Stopping untimed measurement'
ptd-server 2023-02-28 05:02:52,358 [INFO] Sending reply to client 'OK'
ptd-server 2023-02-28 05:02:52,445 [INFO] Got command from the client 'time'
ptd-server 2023-02-28 05:02:52,445 [INFO] Sending reply to client '1677560572.445511'
ptd-server 2023-02-28 05:02:52,447 [INFO] Got command from the client 'session,2023-02-28_04-51-55,start,testing'
ptd-server 2023-02-28 05:02:52,448 [INFO] Sending to ptd: 'SR,V,252.420000'
ptd-server 2023-02-28 05:02:53,949 [INFO] Reply from ptd: 'Range V changed'
ptd-server 2023-02-28 05:02:53,949 [INFO] Sending to ptd: 'SR,A,0.059860'
ptd-server 2023-02-28 05:02:55,451 [INFO] Reply from ptd: 'Range A changed'
ptd-server 2023-02-28 05:03:05,461 [INFO] Starting testing mode
ptd-server 2023-02-28 05:03:05,461 [INFO] Sending to ptd: 'Go,1000,0,2023-02-28_04-51-55_testing'
ptd-server 2023-02-28 05:03:05,462 [INFO] Reply from ptd: 'Starting untimed measurement, maximum 500000 samples at 1000ms with 0 rampup samples'
ptd-server 2023-02-28 05:03:05,462 [INFO] Sending reply to client 'OK'
ptd-server 2023-02-28 05:13:23,210 [INFO] Got command from the client 'session,2023-02-28_04-51-55,stop,testing'
ptd-server 2023-02-28 05:13:33,221 [INFO] Sending to ptd: 'Stop'
ptd-server 2023-02-28 05:13:33,221 [INFO] Reply from ptd: 'Stopping untimed measurement'
ptd-server 2023-02-28 05:13:33,439 [INFO] Sending reply to client 'OK'
ptd-server 2023-02-28 05:13:33,458 [INFO] Got command from the client 'session,2023-02-28_04-51-55,done'
ptd-server 2023-02-28 05:13:33,458 [INFO] Sending to ptd: 'Stop'
ptd-server 2023-02-28 05:13:33,462 [INFO] Reply from ptd: 'Error: no measurement to stop'
ptd-server 2023-02-28 05:13:33,463 [INFO] Sending to ptd: 'SR,V,300.000000'
ptd-server 2023-02-28 05:13:34,964 [INFO] Reply from ptd: 'Range V changed'
ptd-server 2023-02-28 05:13:34,964 [INFO] Sending to ptd: 'SR,A,0.100000'
ptd-server 2023-02-28 05:13:36,465 [INFO] Reply from ptd: 'Range A changed'
ptd-server 2023-02-28 05:13:36,466 [INFO] Set initial values for Amps 0.100000 and Volts 300.000000
ptd-server 2023-02-28 05:13:36,466 [INFO] Stopping ptd...
