ptd-server 2023-02-21 06:16:30,779 [INFO] Got command from the client 'time'
ptd-server 2023-02-21 06:16:30,779 [INFO] Sending reply to client '1676960190.7797527'
ptd-server 2023-02-21 06:16:30,780 [INFO] Got command from the client 'new,,2fb8fca5-32a6-467e-897c-bf17a3a28d9f'
ptd-server 2023-02-21 06:16:30,781 [INFO] Sending reply to client 'OK 2023-02-21_06-16-30,3e167168-e4c3-4e73-8fc9-20d89c75c581'
ptd-server 2023-02-21 06:16:30,804 [INFO] Got command from the client 'time'
ptd-server 2023-02-21 06:16:30,805 [INFO] Sending reply to client '1676960190.8050735'
ptd-server 2023-02-21 06:16:30,806 [INFO] Got command from the client 'session,2023-02-21_06-16-30,start,ranging'
ptd-server 2023-02-21 06:16:30,806 [INFO] Running PTDaemon: ['/home/anton/projects/mlperf/power/inference_v1.0/ptd-linux-x86', '-l', '/tmp/tmp4yl1neqp/ptd_logfile.txt', '-p', '8888', '49', '/dev/usbtmc0']
ptd-server 2023-02-21 06:16:47,880 [INFO] Sending to ptd: 'Hello'
ptd-server 2023-02-21 06:16:47,880 [INFO] Reply from ptd: 'Hello, PTDaemon here!'
ptd-server 2023-02-21 06:16:47,881 [INFO] Sending to ptd: 'Identify'
ptd-server 2023-02-21 06:16:47,881 [INFO] Reply from ptd: 'YokogawaWT310E,1000,1,1,1,1,0,1,1,version=1.10.0-ed9a21d2-20220817,OS=Linux 5.15.0-60-generic #66~20.04.1-Ubuntu SMP Wed Jan 25 09:41:30 UTC 2023 x86_64,mode=power,1,1,1,0,0,no_cal_date,YOKOGAWA;WT310E;C3XA04010E;F1.04'
ptd-server 2023-02-21 06:16:47,881 [INFO] Connected to PTDaemon
ptd-server 2023-02-21 06:16:47,881 [INFO] Sending to ptd: 'RR'
ptd-server 2023-02-21 06:16:47,881 [INFO] Reply from ptd: 'Ranges,1,0.100000,1,300.000000'
ptd-server 2023-02-21 06:16:47,882 [INFO] Initial range for Amps is Auto for Volts is Auto
ptd-server 2023-02-21 06:16:47,882 [INFO] Sending to ptd: 'SR,V,Auto'
ptd-server 2023-02-21 06:16:48,384 [INFO] Reply from ptd: 'Range V changed'
ptd-server 2023-02-21 06:16:48,384 [INFO] Sending to ptd: 'SR,A,Auto'
ptd-server 2023-02-21 06:16:48,887 [INFO] Reply from ptd: 'Range A changed'
ptd-server 2023-02-21 06:16:58,897 [INFO] Starting ranging mode
ptd-server 2023-02-21 06:16:58,897 [INFO] Sending to ptd: 'Go,1000,0,2023-02-21_06-16-30_ranging'
ptd-server 2023-02-21 06:16:58,898 [INFO] Reply from ptd: 'Starting untimed measurement, maximum 500000 samples at 1000ms with 0 rampup samples'
ptd-server 2023-02-21 06:16:58,898 [INFO] Sending reply to client 'OK'
ptd-server 2023-02-21 06:27:26,218 [INFO] Got command from the client 'session,2023-02-21_06-16-30,stop,ranging'
ptd-server 2023-02-21 06:27:36,228 [INFO] Sending to ptd: 'Stop'
ptd-server 2023-02-21 06:27:36,229 [INFO] Reply from ptd: 'Stopping untimed measurement'
ptd-server 2023-02-21 06:27:36,504 [INFO] Sending reply to client 'OK'
ptd-server 2023-02-21 06:27:36,599 [INFO] Got command from the client 'time'
ptd-server 2023-02-21 06:27:36,600 [INFO] Sending reply to client '1676960856.60003'
ptd-server 2023-02-21 06:27:36,600 [INFO] Got command from the client 'session,2023-02-21_06-16-30,start,testing'
ptd-server 2023-02-21 06:27:36,601 [INFO] Sending to ptd: 'SR,V,249.170000'
ptd-server 2023-02-21 06:27:38,400 [INFO] Reply from ptd: 'Range V changed'
ptd-server 2023-02-21 06:27:38,400 [INFO] Sending to ptd: 'SR,A,0.067120'
ptd-server 2023-02-21 06:27:39,901 [INFO] Reply from ptd: 'Range A changed'
ptd-server 2023-02-21 06:27:49,912 [INFO] Starting testing mode
ptd-server 2023-02-21 06:27:49,912 [INFO] Sending to ptd: 'Go,1000,0,2023-02-21_06-16-30_testing'
ptd-server 2023-02-21 06:27:49,912 [INFO] Reply from ptd: 'Starting untimed measurement, maximum 500000 samples at 1000ms with 0 rampup samples'
ptd-server 2023-02-21 06:27:49,912 [INFO] Sending reply to client 'OK'
ptd-server 2023-02-21 06:38:17,108 [INFO] Got command from the client 'session,2023-02-21_06-16-30,stop,testing'
ptd-server 2023-02-21 06:38:27,118 [INFO] Sending to ptd: 'Stop'
ptd-server 2023-02-21 06:38:27,119 [INFO] Reply from ptd: 'Stopping untimed measurement'
ptd-server 2023-02-21 06:38:27,266 [INFO] Sending reply to client 'OK'
ptd-server 2023-02-21 06:38:27,274 [INFO] Got command from the client 'session,2023-02-21_06-16-30,done'
ptd-server 2023-02-21 06:38:27,274 [INFO] Sending to ptd: 'Stop'
ptd-server 2023-02-21 06:38:27,912 [INFO] Reply from ptd: 'Error: no measurement to stop'
ptd-server 2023-02-21 06:38:27,913 [INFO] Sending to ptd: 'SR,V,Auto'
ptd-server 2023-02-21 06:38:28,415 [INFO] Reply from ptd: 'Range V changed'
ptd-server 2023-02-21 06:38:28,415 [INFO] Sending to ptd: 'SR,A,Auto'
ptd-server 2023-02-21 06:38:28,918 [INFO] Reply from ptd: 'Range A changed'
ptd-server 2023-02-21 06:38:28,918 [INFO] Set initial values for Amps Auto and Volts Auto
ptd-server 2023-02-21 06:38:28,918 [INFO] Stopping ptd...
