ptd-server 2023-02-28 18:03:49,977 [INFO] Got command from the client 'time'
ptd-server 2023-02-28 18:03:49,977 [INFO] Sending reply to client '1677607429.9777582'
ptd-server 2023-02-28 18:03:49,979 [INFO] Got command from the client 'new,,59149578-ffda-4996-99ee-9ac20f035474'
ptd-server 2023-02-28 18:03:49,979 [INFO] Sending reply to client 'OK 2023-02-28_18-03-49,97250ba5-1181-43d7-87e7-1db2b64f6f39'
ptd-server 2023-02-28 18:03:50,001 [INFO] Got command from the client 'time'
ptd-server 2023-02-28 18:03:50,001 [INFO] Sending reply to client '1677607430.0017622'
ptd-server 2023-02-28 18:03:50,003 [INFO] Got command from the client 'session,2023-02-28_18-03-49,start,ranging'
ptd-server 2023-02-28 18:03:50,003 [INFO] Running PTDaemon: ['/home/anton/projects/mlperf/power/inference_v1.0/ptd-linux-x86', '-l', '/tmp/tmpu4v721n6/ptd_logfile.txt', '-p', '8888', '49', '/dev/usbtmc0']
ptd-server 2023-02-28 18:04:07,091 [INFO] Sending to ptd: 'Hello'
ptd-server 2023-02-28 18:04:07,091 [INFO] Reply from ptd: 'Hello, PTDaemon here!'
ptd-server 2023-02-28 18:04:07,091 [INFO] Sending to ptd: 'Identify'
ptd-server 2023-02-28 18:04:07,092 [INFO] Reply from ptd: 'YokogawaWT310E,1000,1,1,1,1,0,1,1,version=1.10.0-ed9a21d2-20220817,OS=Linux 5.15.0-60-generic #66~20.04.1-Ubuntu SMP Wed Jan 25 09:41:30 UTC 2023 x86_64,mode=power,1,1,1,0,0,no_cal_date,YOKOGAWA;WT310E;C3XA04010E;F1.04'
ptd-server 2023-02-28 18:04:07,092 [INFO] Connected to PTDaemon
ptd-server 2023-02-28 18:04:07,092 [INFO] Sending to ptd: 'RR'
ptd-server 2023-02-28 18:04:07,092 [INFO] Reply from ptd: 'Ranges,0,0.100000,0,300.000000'
ptd-server 2023-02-28 18:04:07,092 [INFO] Initial range for Amps is 0.100000 for Volts is 300.000000
ptd-server 2023-02-28 18:04:07,092 [INFO] Sending to ptd: 'SR,V,Auto'
ptd-server 2023-02-28 18:04:07,595 [INFO] Reply from ptd: 'Range V changed'
ptd-server 2023-02-28 18:04:07,595 [INFO] Sending to ptd: 'SR,A,Auto'
ptd-server 2023-02-28 18:04:08,097 [INFO] Reply from ptd: 'Range A changed'
ptd-server 2023-02-28 18:04:18,108 [INFO] Starting ranging mode
ptd-server 2023-02-28 18:04:18,108 [INFO] Sending to ptd: 'Go,1000,0,2023-02-28_18-03-49_ranging'
ptd-server 2023-02-28 18:04:18,108 [INFO] Reply from ptd: 'Starting untimed measurement, maximum 500000 samples at 1000ms with 0 rampup samples'
ptd-server 2023-02-28 18:04:18,108 [INFO] Sending reply to client 'OK'
ptd-server 2023-02-28 18:14:41,950 [INFO] Got command from the client 'session,2023-02-28_18-03-49,stop,ranging'
ptd-server 2023-02-28 18:14:51,961 [INFO] Sending to ptd: 'Stop'
ptd-server 2023-02-28 18:14:51,961 [INFO] Reply from ptd: 'Stopping untimed measurement'
ptd-server 2023-02-28 18:14:52,478 [INFO] Sending reply to client 'OK'
ptd-server 2023-02-28 18:14:52,525 [INFO] Got command from the client 'time'
ptd-server 2023-02-28 18:14:52,525 [INFO] Sending reply to client '1677608092.52533'
ptd-server 2023-02-28 18:14:52,528 [INFO] Got command from the client 'session,2023-02-28_18-03-49,start,testing'
ptd-server 2023-02-28 18:14:52,528 [INFO] Sending to ptd: 'SR,V,251.150000'
ptd-server 2023-02-28 18:14:54,029 [INFO] Reply from ptd: 'Range V changed'
ptd-server 2023-02-28 18:14:54,030 [INFO] Sending to ptd: 'SR,A,0.080010'
ptd-server 2023-02-28 18:14:55,531 [INFO] Reply from ptd: 'Range A changed'
ptd-server 2023-02-28 18:15:05,541 [INFO] Starting testing mode
ptd-server 2023-02-28 18:15:05,541 [INFO] Sending to ptd: 'Go,1000,0,2023-02-28_18-03-49_testing'
ptd-server 2023-02-28 18:15:05,542 [INFO] Reply from ptd: 'Starting untimed measurement, maximum 500000 samples at 1000ms with 0 rampup samples'
ptd-server 2023-02-28 18:15:05,542 [INFO] Sending reply to client 'OK'
ptd-server 2023-02-28 18:25:29,598 [INFO] Got command from the client 'session,2023-02-28_18-03-49,stop,testing'
ptd-server 2023-02-28 18:25:39,608 [INFO] Sending to ptd: 'Stop'
ptd-server 2023-02-28 18:25:39,608 [INFO] Reply from ptd: 'Stopping untimed measurement'
ptd-server 2023-02-28 18:25:39,873 [INFO] Sending reply to client 'OK'
ptd-server 2023-02-28 18:25:39,892 [INFO] Got command from the client 'session,2023-02-28_18-03-49,done'
ptd-server 2023-02-28 18:25:39,892 [INFO] Sending to ptd: 'Stop'
ptd-server 2023-02-28 18:25:40,542 [INFO] Reply from ptd: 'Error: no measurement to stop'
ptd-server 2023-02-28 18:25:40,543 [INFO] Sending to ptd: 'SR,V,300.000000'
ptd-server 2023-02-28 18:25:42,044 [INFO] Reply from ptd: 'Range V changed'
ptd-server 2023-02-28 18:25:42,044 [INFO] Sending to ptd: 'SR,A,0.100000'
ptd-server 2023-02-28 18:25:43,545 [INFO] Reply from ptd: 'Range A changed'
ptd-server 2023-02-28 18:25:43,546 [INFO] Set initial values for Amps 0.100000 and Volts 300.000000
ptd-server 2023-02-28 18:25:43,546 [INFO] Stopping ptd...
