ptd-server 2023-02-25 15:16:11,506 [INFO] Got command from the client 'time'
ptd-server 2023-02-25 15:16:11,506 [INFO] Sending reply to client '1677338171.5068355'
ptd-server 2023-02-25 15:16:11,508 [INFO] Got command from the client 'new,,f2e75f87-74ef-43bd-bf8d-ab17636d89cf'
ptd-server 2023-02-25 15:16:11,509 [INFO] Sending reply to client 'OK 2023-02-25_15-16-11,c5ee961e-96e8-4bd9-9deb-dbe019d2a35f'
ptd-server 2023-02-25 15:16:11,547 [INFO] Got command from the client 'time'
ptd-server 2023-02-25 15:16:11,547 [INFO] Sending reply to client '1677338171.5471928'
ptd-server 2023-02-25 15:16:11,549 [INFO] Got command from the client 'session,2023-02-25_15-16-11,start,ranging'
ptd-server 2023-02-25 15:16:11,550 [INFO] Running PTDaemon: ['/home/anton/projects/mlperf/power/inference_v1.0/ptd-linux-x86', '-l', '/tmp/tmpu4v721n6/ptd_logfile.txt', '-p', '8888', '49', '/dev/usbtmc0']
ptd-server 2023-02-25 15:16:28,637 [INFO] Sending to ptd: 'Hello'
ptd-server 2023-02-25 15:16:28,638 [INFO] Reply from ptd: 'Hello, PTDaemon here!'
ptd-server 2023-02-25 15:16:28,638 [INFO] Sending to ptd: 'Identify'
ptd-server 2023-02-25 15:16:28,638 [INFO] Reply from ptd: 'YokogawaWT310E,1000,1,1,1,1,0,1,1,version=1.10.0-ed9a21d2-20220817,OS=Linux 5.15.0-60-generic #66~20.04.1-Ubuntu SMP Wed Jan 25 09:41:30 UTC 2023 x86_64,mode=power,1,1,1,0,0,no_cal_date,YOKOGAWA;WT310E;C3XA04010E;F1.04'
ptd-server 2023-02-25 15:16:28,638 [INFO] Connected to PTDaemon
ptd-server 2023-02-25 15:16:28,639 [INFO] Sending to ptd: 'RR'
ptd-server 2023-02-25 15:16:28,639 [INFO] Reply from ptd: 'Ranges,0,0.100000,0,300.000000'
ptd-server 2023-02-25 15:16:28,639 [INFO] Initial range for Amps is 0.100000 for Volts is 300.000000
ptd-server 2023-02-25 15:16:28,639 [INFO] Sending to ptd: 'SR,V,Auto'
ptd-server 2023-02-25 15:16:29,142 [INFO] Reply from ptd: 'Range V changed'
ptd-server 2023-02-25 15:16:29,142 [INFO] Sending to ptd: 'SR,A,Auto'
ptd-server 2023-02-25 15:16:29,644 [INFO] Reply from ptd: 'Range A changed'
ptd-server 2023-02-25 15:16:39,652 [INFO] Starting ranging mode
ptd-server 2023-02-25 15:16:39,652 [INFO] Sending to ptd: 'Go,1000,0,2023-02-25_15-16-11_ranging'
ptd-server 2023-02-25 15:16:39,652 [INFO] Reply from ptd: 'Starting untimed measurement, maximum 500000 samples at 1000ms with 0 rampup samples'
ptd-server 2023-02-25 15:16:39,653 [INFO] Sending reply to client 'OK'
ptd-server 2023-02-25 15:26:54,986 [INFO] Got command from the client 'session,2023-02-25_15-16-11,stop,ranging'
ptd-server 2023-02-25 15:27:04,996 [INFO] Sending to ptd: 'Stop'
ptd-server 2023-02-25 15:27:04,996 [INFO] Reply from ptd: 'Stopping untimed measurement'
ptd-server 2023-02-25 15:27:05,107 [INFO] Sending reply to client 'OK'
ptd-server 2023-02-25 15:27:05,216 [INFO] Got command from the client 'time'
ptd-server 2023-02-25 15:27:05,216 [INFO] Sending reply to client '1677338825.2168186'
ptd-server 2023-02-25 15:27:05,218 [INFO] Got command from the client 'session,2023-02-25_15-16-11,start,testing'
ptd-server 2023-02-25 15:27:05,218 [INFO] Sending to ptd: 'SR,V,252.880000'
ptd-server 2023-02-25 15:27:07,154 [INFO] Reply from ptd: 'Range V changed'
ptd-server 2023-02-25 15:27:07,154 [INFO] Sending to ptd: 'SR,A,0.043060'
ptd-server 2023-02-25 15:27:08,656 [INFO] Reply from ptd: 'Range A changed'
ptd-server 2023-02-25 15:27:18,666 [INFO] Starting testing mode
ptd-server 2023-02-25 15:27:18,666 [INFO] Sending to ptd: 'Go,1000,0,2023-02-25_15-16-11_testing'
ptd-server 2023-02-25 15:27:18,667 [INFO] Reply from ptd: 'Starting untimed measurement, maximum 500000 samples at 1000ms with 0 rampup samples'
ptd-server 2023-02-25 15:27:18,667 [INFO] Sending reply to client 'OK'
ptd-server 2023-02-25 15:37:33,886 [INFO] Got command from the client 'session,2023-02-25_15-16-11,stop,testing'
ptd-server 2023-02-25 15:37:43,896 [INFO] Sending to ptd: 'Stop'
ptd-server 2023-02-25 15:37:43,896 [INFO] Reply from ptd: 'Stopping untimed measurement'
ptd-server 2023-02-25 15:37:43,952 [INFO] Sending reply to client 'OK'
ptd-server 2023-02-25 15:37:43,970 [INFO] Got command from the client 'session,2023-02-25_15-16-11,done'
ptd-server 2023-02-25 15:37:43,970 [INFO] Sending to ptd: 'Stop'
ptd-server 2023-02-25 15:37:44,668 [INFO] Reply from ptd: 'Error: no measurement to stop'
ptd-server 2023-02-25 15:37:44,668 [INFO] Sending to ptd: 'SR,V,300.000000'
ptd-server 2023-02-25 15:37:46,169 [INFO] Reply from ptd: 'Range V changed'
ptd-server 2023-02-25 15:37:46,170 [INFO] Sending to ptd: 'SR,A,0.100000'
ptd-server 2023-02-25 15:37:47,671 [INFO] Reply from ptd: 'Range A changed'
ptd-server 2023-02-25 15:37:47,671 [INFO] Set initial values for Amps 0.100000 and Volts 300.000000
ptd-server 2023-02-25 15:37:47,671 [INFO] Stopping ptd...
