ptd-server 2023-02-21 02:57:33,382 [INFO] Got command from the client 'time'
ptd-server 2023-02-21 02:57:33,382 [INFO] Sending reply to client '1676948253.3824813'
ptd-server 2023-02-21 02:57:33,383 [INFO] Got command from the client 'new,,e618b872-c174-4965-a944-e36d6bb068e3'
ptd-server 2023-02-21 02:57:33,384 [INFO] Sending reply to client 'OK 2023-02-21_02-57-33,947a461b-3599-42fc-8bcb-73525b49bfc5'
ptd-server 2023-02-21 02:57:33,403 [INFO] Got command from the client 'time'
ptd-server 2023-02-21 02:57:33,403 [INFO] Sending reply to client '1676948253.4034445'
ptd-server 2023-02-21 02:57:33,404 [INFO] Got command from the client 'session,2023-02-21_02-57-33,start,ranging'
ptd-server 2023-02-21 02:57:33,404 [INFO] Running PTDaemon: ['/home/anton/projects/mlperf/power/inference_v1.0/ptd-linux-x86', '-l', '/tmp/tmp4yl1neqp/ptd_logfile.txt', '-p', '8888', '49', '/dev/usbtmc0']
ptd-server 2023-02-21 02:57:50,479 [INFO] Sending to ptd: 'Hello'
ptd-server 2023-02-21 02:57:50,479 [INFO] Reply from ptd: 'Hello, PTDaemon here!'
ptd-server 2023-02-21 02:57:50,479 [INFO] Sending to ptd: 'Identify'
ptd-server 2023-02-21 02:57:50,480 [INFO] Reply from ptd: 'YokogawaWT310E,1000,1,1,1,1,0,1,1,version=1.10.0-ed9a21d2-20220817,OS=Linux 5.15.0-60-generic #66~20.04.1-Ubuntu SMP Wed Jan 25 09:41:30 UTC 2023 x86_64,mode=power,1,1,1,0,0,no_cal_date,YOKOGAWA;WT310E;C3XA04010E;F1.04'
ptd-server 2023-02-21 02:57:50,480 [INFO] Connected to PTDaemon
ptd-server 2023-02-21 02:57:50,480 [INFO] Sending to ptd: 'RR'
ptd-server 2023-02-21 02:57:50,480 [INFO] Reply from ptd: 'Ranges,1,0.100000,1,300.000000'
ptd-server 2023-02-21 02:57:50,480 [INFO] Initial range for Amps is Auto for Volts is Auto
ptd-server 2023-02-21 02:57:50,481 [INFO] Sending to ptd: 'SR,V,Auto'
ptd-server 2023-02-21 02:57:50,983 [INFO] Reply from ptd: 'Range V changed'
ptd-server 2023-02-21 02:57:50,983 [INFO] Sending to ptd: 'SR,A,Auto'
ptd-server 2023-02-21 02:57:51,486 [INFO] Reply from ptd: 'Range A changed'
ptd-server 2023-02-21 02:58:01,496 [INFO] Starting ranging mode
ptd-server 2023-02-21 02:58:01,496 [INFO] Sending to ptd: 'Go,1000,0,2023-02-21_02-57-33_ranging'
ptd-server 2023-02-21 02:58:01,497 [INFO] Reply from ptd: 'Starting untimed measurement, maximum 500000 samples at 1000ms with 0 rampup samples'
ptd-server 2023-02-21 02:58:01,497 [INFO] Sending reply to client 'OK'
ptd-server 2023-02-21 03:08:28,644 [INFO] Got command from the client 'session,2023-02-21_02-57-33,stop,ranging'
ptd-server 2023-02-21 03:08:38,655 [INFO] Sending to ptd: 'Stop'
ptd-server 2023-02-21 03:08:38,655 [INFO] Reply from ptd: 'Stopping untimed measurement'
ptd-server 2023-02-21 03:08:38,907 [INFO] Sending reply to client 'OK'
ptd-server 2023-02-21 03:08:38,982 [INFO] Got command from the client 'time'
ptd-server 2023-02-21 03:08:38,982 [INFO] Sending reply to client '1676948918.9829607'
ptd-server 2023-02-21 03:08:38,983 [INFO] Got command from the client 'session,2023-02-21_02-57-33,start,testing'
ptd-server 2023-02-21 03:08:38,983 [INFO] Sending to ptd: 'SR,V,253.330000'
ptd-server 2023-02-21 03:08:40,999 [INFO] Reply from ptd: 'Range V changed'
ptd-server 2023-02-21 03:08:40,999 [INFO] Sending to ptd: 'SR,A,0.072690'
ptd-server 2023-02-21 03:08:42,500 [INFO] Reply from ptd: 'Range A changed'
ptd-server 2023-02-21 03:08:52,511 [INFO] Starting testing mode
ptd-server 2023-02-21 03:08:52,511 [INFO] Sending to ptd: 'Go,1000,0,2023-02-21_02-57-33_testing'
ptd-server 2023-02-21 03:08:52,511 [INFO] Reply from ptd: 'Starting untimed measurement, maximum 500000 samples at 1000ms with 0 rampup samples'
ptd-server 2023-02-21 03:08:52,511 [INFO] Sending reply to client 'OK'
ptd-server 2023-02-21 03:19:19,559 [INFO] Got command from the client 'session,2023-02-21_02-57-33,stop,testing'
ptd-server 2023-02-21 03:19:29,570 [INFO] Sending to ptd: 'Stop'
ptd-server 2023-02-21 03:19:29,570 [INFO] Reply from ptd: 'Stopping untimed measurement'
ptd-server 2023-02-21 03:19:29,711 [INFO] Sending reply to client 'OK'
ptd-server 2023-02-21 03:19:29,719 [INFO] Got command from the client 'session,2023-02-21_02-57-33,done'
ptd-server 2023-02-21 03:19:29,719 [INFO] Sending to ptd: 'Stop'
ptd-server 2023-02-21 03:19:30,512 [INFO] Reply from ptd: 'Error: no measurement to stop'
ptd-server 2023-02-21 03:19:30,512 [INFO] Sending to ptd: 'SR,V,Auto'
ptd-server 2023-02-21 03:19:31,014 [INFO] Reply from ptd: 'Range V changed'
ptd-server 2023-02-21 03:19:31,015 [INFO] Sending to ptd: 'SR,A,Auto'
ptd-server 2023-02-21 03:19:31,517 [INFO] Reply from ptd: 'Range A changed'
ptd-server 2023-02-21 03:19:31,517 [INFO] Set initial values for Amps Auto and Volts Auto
ptd-server 2023-02-21 03:19:31,517 [INFO] Stopping ptd...
