client 2023-02-26 02:05:43,101 [INFO] Creating output directory '/home/arjun/mobilenet_results/valid_results/arjun_orin-tflite_armnn_cpp-cpu-armnn_tflite-v22.11-using_neon/mobilenet-v3-precision_uint8-large-224/singlestream/performance/tmp_power'
client 2023-02-26 02:05:43,403 [INFO] Sending command to the server: 'mlcommons/power client v3'
client 2023-02-26 02:05:43,406 [INFO] Got response: 'mlcommons/power server v3'
client 2023-02-26 02:05:43,406 [INFO] Synchronizing with the server and with time.google.com...
client 2023-02-26 02:05:43,430 [INFO] NTP:offset = 0.002 s, delay = 0.014 s 
client 2023-02-26 02:05:43,430 [INFO] Sending command to the server: 'time'
client 2023-02-26 02:05:43,433 [INFO] Got response: '1677377143.4346123'
client 2023-02-26 02:05:43,434 [INFO] The time difference between the client and the server is within range -4.186 ms..-0.561 ms
client 2023-02-26 02:05:43,434 [INFO] Sending command to the server: 'new,,66ce4005-1ba2-4f5c-9b3c-707794b7de3f'
client 2023-02-26 02:05:43,438 [INFO] Got response: 'OK 2023-02-26_02-05-43,984bf9e7-af45-4e88-bc4b-94d61bbb03b6'
client 2023-02-26 02:05:43,438 [INFO] Session id is '2023-02-26_02-05-43'
client 2023-02-26 02:05:43,438 [INFO] Sources: {"sources": {"__init__.py": "da39a3ee5e6b4b0d3255bfef95601890afd80709", "client.py": "33ca4f26368777ac06e01f9567b714a4b8063886", "lib/__init__.py": "da39a3ee5e6b4b0d3255bfef95601890afd80709", "lib/client.py": "4c2b78fb4849a7e5b584ef792d82aaed20b17f57", "lib/common.py": "624d0c0acc7c39aaff3674f0b99d6a09da53d1dc", "lib/external/__init__.py": "da39a3ee5e6b4b0d3255bfef95601890afd80709", "lib/external/ntplib.py": "4da8f970656505a40483206ef2b5d3dd5e81711d", "lib/server.py": "cda0cdfaee9bfa1249c64a7dd4f89b7bf1b279f0", "lib/source_hashes.py": "60a2e02193209e8d392803326208d5466342da18", "lib/summary.py": "aa92f0a3f975eecd44d3c0cd0236342ccc9f941d", "lib/time_sync.py": "3210db56eb0ff0df57bf4293dc4d4b03fffd46f1", "server.py": "c3f90f2f7eeb4db30727556d0c815ebc89b3d28b", "tests/unit/__init__.py": "da39a3ee5e6b4b0d3255bfef95601890afd80709", "tests/unit/test_server.py": "99ae15aef722f2000ee6ed1ae1523637bf1ae42b", "tests/unit/test_source_hashes.py": "00468a2907583c593e6574a1f6b404e4651c221a"}, "modules": {"ptd_client_server.lib.client": "lib/client.py", "ptd_client_server.lib.common": "lib/common.py", "ptd_client_server.lib.external.ntplib": "lib/external/ntplib.py", "ptd_client_server.lib.source_hashes": "lib/source_hashes.py", "ptd_client_server.lib.summary": "lib/summary.py", "ptd_client_server.lib.time_sync": "lib/time_sync.py"}}
client 2023-02-26 02:05:43,439 [INFO] Running workload in ranging mode
client 2023-02-26 02:05:43,439 [INFO] Synchronizing with the server and with time.google.com...
client 2023-02-26 02:05:43,457 [INFO] NTP:offset = 0.002 s, delay = 0.016 s 
client 2023-02-26 02:05:43,457 [INFO] Sending command to the server: 'time'
client 2023-02-26 02:05:43,461 [INFO] Got response: '1677377143.4616988'
client 2023-02-26 02:05:43,461 [INFO] The time difference between the client and the server is within range -3.849 ms..-0.430 ms
client 2023-02-26 02:05:43,461 [INFO] Sending command to the server: 'session,2023-02-26_02-05-43,start,ranging'
client 2023-02-26 02:06:11,594 [INFO] Got response: 'OK'
client 2023-02-26 02:06:11,595 [INFO] Running the workload '/home/arjun/run.out'
client 2023-02-26 02:16:48,062 [INFO] Sending command to the server: 'session,2023-02-26_02-05-43,stop,ranging'
client 2023-02-26 02:16:58,252 [INFO] Got response: 'OK'
client 2023-02-26 02:16:58,274 [INFO] Copying loadgen logs from '/home/arjun/mobilenet_results/valid_results/arjun_orin-tflite_armnn_cpp-cpu-armnn_tflite-v22.11-using_neon/mobilenet-v3-precision_uint8-large-224/singlestream/performance/run_1' to '/home/arjun/mobilenet_results/valid_results/arjun_orin-tflite_armnn_cpp-cpu-armnn_tflite-v22.11-using_neon/mobilenet-v3-precision_uint8-large-224/singlestream/performance/tmp_power/ranging'
client 2023-02-26 02:16:58,277 [INFO] Running workload in testing mode
client 2023-02-26 02:16:58,277 [INFO] Synchronizing with the server and with time.google.com...
client 2023-02-26 02:16:58,297 [INFO] NTP:offset = 0.000 s, delay = 0.014 s 
client 2023-02-26 02:16:58,297 [INFO] Sending command to the server: 'time'
client 2023-02-26 02:16:58,300 [INFO] Got response: '1677377818.3008726'
client 2023-02-26 02:16:58,300 [INFO] The time difference between the client and the server is within range -3.566 ms..-0.555 ms
client 2023-02-26 02:16:58,300 [INFO] Sending command to the server: 'session,2023-02-26_02-05-43,start,testing'
client 2023-02-26 02:17:11,612 [INFO] Got response: 'OK'
client 2023-02-26 02:17:11,613 [INFO] Running the workload '/home/arjun/run.out'
client 2023-02-26 02:27:53,102 [INFO] Sending command to the server: 'session,2023-02-26_02-05-43,stop,testing'
client 2023-02-26 02:28:03,208 [INFO] Got response: 'OK'
client 2023-02-26 02:28:03,213 [INFO] Copying loadgen logs from '/home/arjun/mobilenet_results/valid_results/arjun_orin-tflite_armnn_cpp-cpu-armnn_tflite-v22.11-using_neon/mobilenet-v3-precision_uint8-large-224/singlestream/performance/run_1' to '/home/arjun/mobilenet_results/valid_results/arjun_orin-tflite_armnn_cpp-cpu-armnn_tflite-v22.11-using_neon/mobilenet-v3-precision_uint8-large-224/singlestream/performance/tmp_power/run_1'
client 2023-02-26 02:28:03,215 [INFO] Done runs
