ptd-server 2023-02-26 02:05:43,434 [INFO] Got command from the client 'time'
ptd-server 2023-02-26 02:05:43,434 [INFO] Sending reply to client '1677377143.4346123'
ptd-server 2023-02-26 02:05:43,437 [INFO] Got command from the client 'new,,66ce4005-1ba2-4f5c-9b3c-707794b7de3f'
ptd-server 2023-02-26 02:05:43,439 [INFO] Sending reply to client 'OK 2023-02-26_02-05-43,984bf9e7-af45-4e88-bc4b-94d61bbb03b6'
ptd-server 2023-02-26 02:05:43,461 [INFO] Got command from the client 'time'
ptd-server 2023-02-26 02:05:43,461 [INFO] Sending reply to client '1677377143.4616988'
ptd-server 2023-02-26 02:05:43,464 [INFO] Got command from the client 'session,2023-02-26_02-05-43,start,ranging'
ptd-server 2023-02-26 02:05:43,465 [INFO] Running PTDaemon: ['/media/arjun/T7_Touch/hp-envy/CM/repos/local/cache/9b3695ca8255492a/power/inference_v1.0/ptd-linux-x86', '-l', '/tmp/tmpti64566v/ptd_logfile.txt', '-p', '8888', '49', '/dev/usbtmc0']
ptd-server 2023-02-26 02:06:00,571 [INFO] Sending to ptd: 'Hello'
ptd-server 2023-02-26 02:06:00,572 [INFO] Reply from ptd: 'Hello, PTDaemon here!'
ptd-server 2023-02-26 02:06:00,572 [INFO] Sending to ptd: 'Identify'
ptd-server 2023-02-26 02:06:00,573 [INFO] Reply from ptd: 'YokogawaWT310E,1000,1,1,1,1,0,1,1,version=1.10.0-ed9a21d2-20220817,OS=Linux 5.15.0-56-generic #62-Ubuntu SMP Tue Nov 22 19:54:14 UTC 2022 x86_64,mode=power,1,1,1,0,0,no_cal_date,YOKOGAWA;WT310E;C3YD21068E;F1.04'
ptd-server 2023-02-26 02:06:00,573 [INFO] Connected to PTDaemon
ptd-server 2023-02-26 02:06:00,574 [INFO] Sending to ptd: 'RR'
ptd-server 2023-02-26 02:06:00,575 [INFO] Reply from ptd: 'Ranges,0,0.100000,0,600.000000'
ptd-server 2023-02-26 02:06:00,575 [INFO] Initial range for Amps is 0.100000 for Volts is 600.000000
ptd-server 2023-02-26 02:06:00,575 [INFO] Sending to ptd: 'SR,V,Auto'
ptd-server 2023-02-26 02:06:01,079 [INFO] Reply from ptd: 'Range V changed'
ptd-server 2023-02-26 02:06:01,079 [INFO] Sending to ptd: 'SR,A,Auto'
ptd-server 2023-02-26 02:06:01,583 [INFO] Reply from ptd: 'Range A changed'
ptd-server 2023-02-26 02:06:11,591 [INFO] Starting ranging mode
ptd-server 2023-02-26 02:06:11,592 [INFO] Sending to ptd: 'Go,1000,0,2023-02-26_02-05-43_ranging'
ptd-server 2023-02-26 02:06:11,593 [INFO] Reply from ptd: 'Starting untimed measurement, maximum 500000 samples at 1000ms with 0 rampup samples'
ptd-server 2023-02-26 02:06:11,593 [INFO] Sending reply to client 'OK'
ptd-server 2023-02-26 02:16:48,066 [INFO] Got command from the client 'session,2023-02-26_02-05-43,stop,ranging'
ptd-server 2023-02-26 02:16:58,077 [INFO] Sending to ptd: 'Stop'
ptd-server 2023-02-26 02:16:58,078 [INFO] Reply from ptd: 'Stopping untimed measurement'
ptd-server 2023-02-26 02:16:58,252 [INFO] Sending reply to client 'OK'
ptd-server 2023-02-26 02:16:58,300 [INFO] Got command from the client 'time'
ptd-server 2023-02-26 02:16:58,300 [INFO] Sending reply to client '1677377818.3008726'
ptd-server 2023-02-26 02:16:58,304 [INFO] Got command from the client 'session,2023-02-26_02-05-43,start,testing'
ptd-server 2023-02-26 02:16:58,304 [INFO] Sending to ptd: 'SR,V,247.090000'
ptd-server 2023-02-26 02:17:00,096 [INFO] Reply from ptd: 'Range V changed'
ptd-server 2023-02-26 02:17:00,097 [INFO] Sending to ptd: 'SR,A,0.213210'
ptd-server 2023-02-26 02:17:01,599 [INFO] Reply from ptd: 'Range A changed'
ptd-server 2023-02-26 02:17:11,610 [INFO] Starting testing mode
ptd-server 2023-02-26 02:17:11,611 [INFO] Sending to ptd: 'Go,1000,0,2023-02-26_02-05-43_testing'
ptd-server 2023-02-26 02:17:11,612 [INFO] Reply from ptd: 'Starting untimed measurement, maximum 500000 samples at 1000ms with 0 rampup samples'
ptd-server 2023-02-26 02:17:11,612 [INFO] Sending reply to client 'OK'
ptd-server 2023-02-26 02:27:53,106 [INFO] Got command from the client 'session,2023-02-26_02-05-43,stop,testing'
ptd-server 2023-02-26 02:28:03,117 [INFO] Sending to ptd: 'Stop'
ptd-server 2023-02-26 02:28:03,118 [INFO] Reply from ptd: 'Stopping untimed measurement'
ptd-server 2023-02-26 02:28:03,208 [INFO] Sending reply to client 'OK'
ptd-server 2023-02-26 02:28:03,225 [INFO] Got command from the client 'session,2023-02-26_02-05-43,done'
ptd-server 2023-02-26 02:28:03,225 [INFO] Sending to ptd: 'Stop'
ptd-server 2023-02-26 02:28:03,613 [INFO] Reply from ptd: 'Error: no measurement to stop'
ptd-server 2023-02-26 02:28:03,613 [INFO] Sending to ptd: 'SR,V,600.000000'
ptd-server 2023-02-26 02:28:05,117 [INFO] Reply from ptd: 'Range V changed'
ptd-server 2023-02-26 02:28:05,117 [INFO] Sending to ptd: 'SR,A,0.100000'
ptd-server 2023-02-26 02:28:06,621 [INFO] Reply from ptd: 'Range A changed'
ptd-server 2023-02-26 02:28:06,621 [INFO] Set initial values for Amps 0.100000 and Volts 600.000000
ptd-server 2023-02-26 02:28:06,622 [INFO] Stopping ptd...
