ptd-server 2023-02-20 23:38:39,601 [INFO] Got command from the client 'time'
ptd-server 2023-02-20 23:38:39,601 [INFO] Sending reply to client '1676936319.6017902'
ptd-server 2023-02-20 23:38:39,602 [INFO] Got command from the client 'new,,79bc6918-5a5a-4b22-ae88-eaf50cb88b56'
ptd-server 2023-02-20 23:38:39,603 [INFO] Sending reply to client 'OK 2023-02-20_23-38-39,fead5e7b-b808-46b1-bf62-875ce1612883'
ptd-server 2023-02-20 23:38:39,625 [INFO] Got command from the client 'time'
ptd-server 2023-02-20 23:38:39,625 [INFO] Sending reply to client '1676936319.625681'
ptd-server 2023-02-20 23:38:39,626 [INFO] Got command from the client 'session,2023-02-20_23-38-39,start,ranging'
ptd-server 2023-02-20 23:38:39,627 [INFO] Running PTDaemon: ['/home/anton/projects/mlperf/power/inference_v1.0/ptd-linux-x86', '-l', '/tmp/tmp4yl1neqp/ptd_logfile.txt', '-p', '8888', '49', '/dev/usbtmc0']
ptd-server 2023-02-20 23:38:56,700 [INFO] Sending to ptd: 'Hello'
ptd-server 2023-02-20 23:38:56,701 [INFO] Reply from ptd: 'Hello, PTDaemon here!'
ptd-server 2023-02-20 23:38:56,701 [INFO] Sending to ptd: 'Identify'
ptd-server 2023-02-20 23:38:56,702 [INFO] Reply from ptd: 'YokogawaWT310E,1000,1,1,1,1,0,1,1,version=1.10.0-ed9a21d2-20220817,OS=Linux 5.15.0-60-generic #66~20.04.1-Ubuntu SMP Wed Jan 25 09:41:30 UTC 2023 x86_64,mode=power,1,1,1,0,0,no_cal_date,YOKOGAWA;WT310E;C3XA04010E;F1.04'
ptd-server 2023-02-20 23:38:56,702 [INFO] Connected to PTDaemon
ptd-server 2023-02-20 23:38:56,702 [INFO] Sending to ptd: 'RR'
ptd-server 2023-02-20 23:38:56,702 [INFO] Reply from ptd: 'Ranges,1,0.100000,1,300.000000'
ptd-server 2023-02-20 23:38:56,702 [INFO] Initial range for Amps is Auto for Volts is Auto
ptd-server 2023-02-20 23:38:56,702 [INFO] Sending to ptd: 'SR,V,Auto'
ptd-server 2023-02-20 23:38:57,205 [INFO] Reply from ptd: 'Range V changed'
ptd-server 2023-02-20 23:38:57,205 [INFO] Sending to ptd: 'SR,A,Auto'
ptd-server 2023-02-20 23:38:57,707 [INFO] Reply from ptd: 'Range A changed'
ptd-server 2023-02-20 23:39:07,718 [INFO] Starting ranging mode
ptd-server 2023-02-20 23:39:07,718 [INFO] Sending to ptd: 'Go,1000,0,2023-02-20_23-38-39_ranging'
ptd-server 2023-02-20 23:39:07,718 [INFO] Reply from ptd: 'Starting untimed measurement, maximum 500000 samples at 1000ms with 0 rampup samples'
ptd-server 2023-02-20 23:39:07,719 [INFO] Sending reply to client 'OK'
ptd-server 2023-02-20 23:49:34,900 [INFO] Got command from the client 'session,2023-02-20_23-38-39,stop,ranging'
ptd-server 2023-02-20 23:49:44,911 [INFO] Sending to ptd: 'Stop'
ptd-server 2023-02-20 23:49:44,911 [INFO] Reply from ptd: 'Stopping untimed measurement'
ptd-server 2023-02-20 23:49:45,147 [INFO] Sending reply to client 'OK'
ptd-server 2023-02-20 23:49:45,218 [INFO] Got command from the client 'time'
ptd-server 2023-02-20 23:49:45,218 [INFO] Sending reply to client '1676936985.21867'
ptd-server 2023-02-20 23:49:45,219 [INFO] Got command from the client 'session,2023-02-20_23-38-39,start,testing'
ptd-server 2023-02-20 23:49:45,219 [INFO] Sending to ptd: 'SR,V,251.960000'
ptd-server 2023-02-20 23:49:47,220 [INFO] Reply from ptd: 'Range V changed'
ptd-server 2023-02-20 23:49:47,220 [INFO] Sending to ptd: 'SR,A,0.076930'
ptd-server 2023-02-20 23:49:48,721 [INFO] Reply from ptd: 'Range A changed'
ptd-server 2023-02-20 23:49:58,731 [INFO] Starting testing mode
ptd-server 2023-02-20 23:49:58,732 [INFO] Sending to ptd: 'Go,1000,0,2023-02-20_23-38-39_testing'
ptd-server 2023-02-20 23:49:58,732 [INFO] Reply from ptd: 'Starting untimed measurement, maximum 500000 samples at 1000ms with 0 rampup samples'
ptd-server 2023-02-20 23:49:58,732 [INFO] Sending reply to client 'OK'
ptd-server 2023-02-21 00:00:25,738 [INFO] Got command from the client 'session,2023-02-20_23-38-39,stop,testing'
ptd-server 2023-02-21 00:00:35,748 [INFO] Sending to ptd: 'Stop'
ptd-server 2023-02-21 00:00:35,748 [INFO] Reply from ptd: 'Stopping untimed measurement'
ptd-server 2023-02-21 00:00:35,882 [INFO] Sending reply to client 'OK'
ptd-server 2023-02-21 00:00:35,890 [INFO] Got command from the client 'session,2023-02-20_23-38-39,done'
ptd-server 2023-02-21 00:00:35,891 [INFO] Sending to ptd: 'Stop'
ptd-server 2023-02-21 00:00:36,733 [INFO] Reply from ptd: 'Error: no measurement to stop'
ptd-server 2023-02-21 00:00:36,733 [INFO] Sending to ptd: 'SR,V,Auto'
ptd-server 2023-02-21 00:00:37,235 [INFO] Reply from ptd: 'Range V changed'
ptd-server 2023-02-21 00:00:37,236 [INFO] Sending to ptd: 'SR,A,Auto'
ptd-server 2023-02-21 00:00:37,738 [INFO] Reply from ptd: 'Range A changed'
ptd-server 2023-02-21 00:00:37,738 [INFO] Set initial values for Amps Auto and Volts Auto
ptd-server 2023-02-21 00:00:37,738 [INFO] Stopping ptd...
