ptd-server 2023-02-28 18:47:53,087 [INFO] Got command from the client 'time'
ptd-server 2023-02-28 18:47:53,087 [INFO] Sending reply to client '1677610073.0877767'
ptd-server 2023-02-28 18:47:53,089 [INFO] Got command from the client 'new,,d7ced071-47a0-4e9c-b664-55397bc624fa'
ptd-server 2023-02-28 18:47:53,090 [INFO] Sending reply to client 'OK 2023-02-28_18-47-53,5743e8d3-9b0d-4158-b365-04c569d7665c'
ptd-server 2023-02-28 18:47:53,111 [INFO] Got command from the client 'time'
ptd-server 2023-02-28 18:47:53,111 [INFO] Sending reply to client '1677610073.1119406'
ptd-server 2023-02-28 18:47:53,116 [INFO] Got command from the client 'session,2023-02-28_18-47-53,start,ranging'
ptd-server 2023-02-28 18:47:53,116 [INFO] Running PTDaemon: ['/home/anton/projects/mlperf/power/inference_v1.0/ptd-linux-x86', '-l', '/tmp/tmpu4v721n6/ptd_logfile.txt', '-p', '8888', '49', '/dev/usbtmc0']
ptd-server 2023-02-28 18:48:10,204 [INFO] Sending to ptd: 'Hello'
ptd-server 2023-02-28 18:48:10,205 [INFO] Reply from ptd: 'Hello, PTDaemon here!'
ptd-server 2023-02-28 18:48:10,205 [INFO] Sending to ptd: 'Identify'
ptd-server 2023-02-28 18:48:10,205 [INFO] Reply from ptd: 'YokogawaWT310E,1000,1,1,1,1,0,1,1,version=1.10.0-ed9a21d2-20220817,OS=Linux 5.15.0-60-generic #66~20.04.1-Ubuntu SMP Wed Jan 25 09:41:30 UTC 2023 x86_64,mode=power,1,1,1,0,0,no_cal_date,YOKOGAWA;WT310E;C3XA04010E;F1.04'
ptd-server 2023-02-28 18:48:10,205 [INFO] Connected to PTDaemon
ptd-server 2023-02-28 18:48:10,205 [INFO] Sending to ptd: 'RR'
ptd-server 2023-02-28 18:48:10,206 [INFO] Reply from ptd: 'Ranges,0,0.100000,0,300.000000'
ptd-server 2023-02-28 18:48:10,206 [INFO] Initial range for Amps is 0.100000 for Volts is 300.000000
ptd-server 2023-02-28 18:48:10,206 [INFO] Sending to ptd: 'SR,V,Auto'
ptd-server 2023-02-28 18:48:10,708 [INFO] Reply from ptd: 'Range V changed'
ptd-server 2023-02-28 18:48:10,709 [INFO] Sending to ptd: 'SR,A,Auto'
ptd-server 2023-02-28 18:48:11,211 [INFO] Reply from ptd: 'Range A changed'
ptd-server 2023-02-28 18:48:21,221 [INFO] Starting ranging mode
ptd-server 2023-02-28 18:48:21,222 [INFO] Sending to ptd: 'Go,1000,0,2023-02-28_18-47-53_ranging'
ptd-server 2023-02-28 18:48:21,222 [INFO] Reply from ptd: 'Starting untimed measurement, maximum 500000 samples at 1000ms with 0 rampup samples'
ptd-server 2023-02-28 18:48:21,222 [INFO] Sending reply to client 'OK'
ptd-server 2023-02-28 18:58:45,316 [INFO] Got command from the client 'session,2023-02-28_18-47-53,stop,ranging'
ptd-server 2023-02-28 18:58:55,327 [INFO] Sending to ptd: 'Stop'
ptd-server 2023-02-28 18:58:55,327 [INFO] Reply from ptd: 'Stopping untimed measurement'
ptd-server 2023-02-28 18:58:55,851 [INFO] Sending reply to client 'OK'
ptd-server 2023-02-28 18:58:55,892 [INFO] Got command from the client 'time'
ptd-server 2023-02-28 18:58:55,892 [INFO] Sending reply to client '1677610735.892371'
ptd-server 2023-02-28 18:58:55,895 [INFO] Got command from the client 'session,2023-02-28_18-47-53,start,testing'
ptd-server 2023-02-28 18:58:55,896 [INFO] Sending to ptd: 'SR,V,252.450000'
ptd-server 2023-02-28 18:58:57,724 [INFO] Reply from ptd: 'Range V changed'
ptd-server 2023-02-28 18:58:57,724 [INFO] Sending to ptd: 'SR,A,0.081590'
ptd-server 2023-02-28 18:58:59,225 [INFO] Reply from ptd: 'Range A changed'
ptd-server 2023-02-28 18:59:09,236 [INFO] Starting testing mode
ptd-server 2023-02-28 18:59:09,236 [INFO] Sending to ptd: 'Go,1000,0,2023-02-28_18-47-53_testing'
ptd-server 2023-02-28 18:59:09,236 [INFO] Reply from ptd: 'Starting untimed measurement, maximum 500000 samples at 1000ms with 0 rampup samples'
ptd-server 2023-02-28 18:59:09,236 [INFO] Sending reply to client 'OK'
ptd-server 2023-02-28 19:09:33,614 [INFO] Got command from the client 'session,2023-02-28_18-47-53,stop,testing'
ptd-server 2023-02-28 19:09:43,624 [INFO] Sending to ptd: 'Stop'
ptd-server 2023-02-28 19:09:43,624 [INFO] Reply from ptd: 'Stopping untimed measurement'
ptd-server 2023-02-28 19:09:43,894 [INFO] Sending reply to client 'OK'
ptd-server 2023-02-28 19:09:43,914 [INFO] Got command from the client 'session,2023-02-28_18-47-53,done'
ptd-server 2023-02-28 19:09:43,915 [INFO] Sending to ptd: 'Stop'
ptd-server 2023-02-28 19:09:44,236 [INFO] Reply from ptd: 'Error: no measurement to stop'
ptd-server 2023-02-28 19:09:44,236 [INFO] Sending to ptd: 'SR,V,300.000000'
ptd-server 2023-02-28 19:09:45,738 [INFO] Reply from ptd: 'Range V changed'
ptd-server 2023-02-28 19:09:45,738 [INFO] Sending to ptd: 'SR,A,0.100000'
ptd-server 2023-02-28 19:09:47,239 [INFO] Reply from ptd: 'Range A changed'
ptd-server 2023-02-28 19:09:47,240 [INFO] Set initial values for Amps 0.100000 and Volts 300.000000
ptd-server 2023-02-28 19:09:47,240 [INFO] Stopping ptd...
