ptd-server 2023-02-21 16:46:58,935 [INFO] Got command from the client 'time'
ptd-server 2023-02-21 16:46:58,936 [INFO] Sending reply to client '1676998018.9360397'
ptd-server 2023-02-21 16:46:58,937 [INFO] Got command from the client 'new,,bcfe0e19-9885-4901-8c37-c34b0c1d6d90'
ptd-server 2023-02-21 16:46:58,937 [INFO] Sending reply to client 'OK 2023-02-21_16-46-58,ceff594d-3d84-42db-ae5f-4c9a2f624b4d'
ptd-server 2023-02-21 16:46:59,015 [INFO] Got command from the client 'time'
ptd-server 2023-02-21 16:46:59,015 [INFO] Sending reply to client '1676998019.0157351'
ptd-server 2023-02-21 16:46:59,016 [INFO] Got command from the client 'session,2023-02-21_16-46-58,start,ranging'
ptd-server 2023-02-21 16:46:59,017 [INFO] Running PTDaemon: ['/home/anton/projects/mlperf/power/inference_v1.0/ptd-linux-x86', '-l', '/tmp/tmp4yl1neqp/ptd_logfile.txt', '-p', '8888', '49', '/dev/usbtmc0']
ptd-server 2023-02-21 16:47:16,090 [INFO] Sending to ptd: 'Hello'
ptd-server 2023-02-21 16:47:16,091 [INFO] Reply from ptd: 'Hello, PTDaemon here!'
ptd-server 2023-02-21 16:47:16,091 [INFO] Sending to ptd: 'Identify'
ptd-server 2023-02-21 16:47:16,091 [INFO] Reply from ptd: 'YokogawaWT310E,1000,1,1,1,1,0,1,1,version=1.10.0-ed9a21d2-20220817,OS=Linux 5.15.0-60-generic #66~20.04.1-Ubuntu SMP Wed Jan 25 09:41:30 UTC 2023 x86_64,mode=power,1,1,1,0,0,no_cal_date,YOKOGAWA;WT310E;C3XA04010E;F1.04'
ptd-server 2023-02-21 16:47:16,091 [INFO] Connected to PTDaemon
ptd-server 2023-02-21 16:47:16,091 [INFO] Sending to ptd: 'RR'
ptd-server 2023-02-21 16:47:16,092 [INFO] Reply from ptd: 'Ranges,1,0.100000,1,300.000000'
ptd-server 2023-02-21 16:47:16,092 [INFO] Initial range for Amps is Auto for Volts is Auto
ptd-server 2023-02-21 16:47:16,092 [INFO] Sending to ptd: 'SR,V,Auto'
ptd-server 2023-02-21 16:47:16,595 [INFO] Reply from ptd: 'Range V changed'
ptd-server 2023-02-21 16:47:16,595 [INFO] Sending to ptd: 'SR,A,Auto'
ptd-server 2023-02-21 16:47:17,097 [INFO] Reply from ptd: 'Range A changed'
ptd-server 2023-02-21 16:47:27,107 [INFO] Starting ranging mode
ptd-server 2023-02-21 16:47:27,108 [INFO] Sending to ptd: 'Go,1000,0,2023-02-21_16-46-58_ranging'
ptd-server 2023-02-21 16:47:27,108 [INFO] Reply from ptd: 'Starting untimed measurement, maximum 500000 samples at 1000ms with 0 rampup samples'
ptd-server 2023-02-21 16:47:27,108 [INFO] Sending reply to client 'OK'
ptd-server 2023-02-21 16:58:05,888 [INFO] Got command from the client 'session,2023-02-21_16-46-58,stop,ranging'
ptd-server 2023-02-21 16:58:15,899 [INFO] Sending to ptd: 'Stop'
ptd-server 2023-02-21 16:58:15,899 [INFO] Reply from ptd: 'Stopping untimed measurement'
ptd-server 2023-02-21 16:58:16,231 [INFO] Sending reply to client 'OK'
ptd-server 2023-02-21 16:58:16,315 [INFO] Got command from the client 'time'
ptd-server 2023-02-21 16:58:16,315 [INFO] Sending reply to client '1676998696.315898'
ptd-server 2023-02-21 16:58:16,317 [INFO] Got command from the client 'session,2023-02-21_16-46-58,start,testing'
ptd-server 2023-02-21 16:58:16,317 [INFO] Sending to ptd: 'SR,V,250.850000'
ptd-server 2023-02-21 16:58:17,818 [INFO] Reply from ptd: 'Range V changed'
ptd-server 2023-02-21 16:58:17,818 [INFO] Sending to ptd: 'SR,A,0.051740'
ptd-server 2023-02-21 16:58:19,320 [INFO] Reply from ptd: 'Range A changed'
ptd-server 2023-02-21 16:58:29,330 [INFO] Starting testing mode
ptd-server 2023-02-21 16:58:29,330 [INFO] Sending to ptd: 'Go,1000,0,2023-02-21_16-46-58_testing'
ptd-server 2023-02-21 16:58:29,331 [INFO] Reply from ptd: 'Starting untimed measurement, maximum 500000 samples at 1000ms with 0 rampup samples'
ptd-server 2023-02-21 16:58:29,331 [INFO] Sending reply to client 'OK'
ptd-server 2023-02-21 17:09:08,047 [INFO] Got command from the client 'session,2023-02-21_16-46-58,stop,testing'
ptd-server 2023-02-21 17:09:18,056 [INFO] Sending to ptd: 'Stop'
ptd-server 2023-02-21 17:09:18,056 [INFO] Reply from ptd: 'Stopping untimed measurement'
ptd-server 2023-02-21 17:09:18,256 [INFO] Sending reply to client 'OK'
ptd-server 2023-02-21 17:09:18,265 [INFO] Got command from the client 'session,2023-02-21_16-46-58,done'
ptd-server 2023-02-21 17:09:18,265 [INFO] Sending to ptd: 'Stop'
ptd-server 2023-02-21 17:09:18,331 [INFO] Reply from ptd: 'Error: no measurement to stop'
ptd-server 2023-02-21 17:09:18,331 [INFO] Sending to ptd: 'SR,V,Auto'
ptd-server 2023-02-21 17:09:18,834 [INFO] Reply from ptd: 'Range V changed'
ptd-server 2023-02-21 17:09:18,834 [INFO] Sending to ptd: 'SR,A,Auto'
ptd-server 2023-02-21 17:09:19,336 [INFO] Reply from ptd: 'Range A changed'
ptd-server 2023-02-21 17:09:19,336 [INFO] Set initial values for Amps Auto and Volts Auto
ptd-server 2023-02-21 17:09:19,337 [INFO] Stopping ptd...
