ptd-server 2023-02-24 09:54:05,820 [INFO] Got command from the client 'time'
ptd-server 2023-02-24 09:54:05,821 [INFO] Sending reply to client '1677254045.8209984'
ptd-server 2023-02-24 09:54:05,823 [INFO] Got command from the client 'new,,31235c84-f8a5-44bd-abc1-5481420566e8'
ptd-server 2023-02-24 09:54:05,824 [INFO] Sending reply to client 'OK 2023-02-24_09-54-05,6b753a9a-686e-4324-bc34-6f8a11b81a7a'
ptd-server 2023-02-24 09:54:05,936 [INFO] Got command from the client 'time'
ptd-server 2023-02-24 09:54:05,936 [INFO] Sending reply to client '1677254045.9364197'
ptd-server 2023-02-24 09:54:05,939 [INFO] Got command from the client 'session,2023-02-24_09-54-05,start,ranging'
ptd-server 2023-02-24 09:54:05,939 [INFO] Running PTDaemon: ['/local/mnt/workspace/mlcommons/power-main/inference_v1.0/ptd-linux-x86', '-l', '/tmp/tmpgrsgboht/ptd_logfile.txt', '-p', '8888', '-c', '2', '52', '/dev/usbtmc0']
ptd-server 2023-02-24 09:54:22,957 [INFO] Sending to ptd: 'Hello'
ptd-server 2023-02-24 09:54:22,958 [INFO] Reply from ptd: 'Hello, PTDaemon here!'
ptd-server 2023-02-24 09:54:22,958 [INFO] Sending to ptd: 'Identify'
ptd-server 2023-02-24 09:54:22,959 [INFO] Reply from ptd: 'YokogawaWT330,1000,1,1,1,1,0,0,1,version=1.10.0-ed9a21d2-20220817,OS=Linux 5.4.0-120-generic #136~18.04.1-Ubuntu SMP Fri Jun 10 18:00:44 UTC 2022 x86_64,mode=power,1,1,1,0,0,no_cal_date,YOKOGAWA;WT333;C2QH26002V;F1.06'
ptd-server 2023-02-24 09:54:22,959 [INFO] Connected to PTDaemon
ptd-server 2023-02-24 09:54:22,959 [INFO] Sending to ptd: 'RR'
ptd-server 2023-02-24 09:54:22,960 [INFO] Reply from ptd: 'Ranges,1,0.500000,1,150.000000'
ptd-server 2023-02-24 09:54:22,960 [INFO] Initial range for Amps is Auto for Volts is Auto
ptd-server 2023-02-24 09:54:22,960 [INFO] Sending to ptd: 'SR,V,Auto'
ptd-server 2023-02-24 09:54:23,503 [INFO] Reply from ptd: 'Range V changed'
ptd-server 2023-02-24 09:54:23,503 [INFO] Sending to ptd: 'SR,A,Auto'
ptd-server 2023-02-24 09:54:24,006 [INFO] Reply from ptd: 'Range A changed'
ptd-server 2023-02-24 09:54:34,014 [INFO] Starting ranging mode
ptd-server 2023-02-24 09:54:34,014 [INFO] Sending to ptd: 'Go,1000,0,2023-02-24_09-54-05_ranging'
ptd-server 2023-02-24 09:54:34,014 [INFO] Reply from ptd: 'Starting untimed measurement, maximum 500000 samples at 1000ms with 0 rampup samples'
ptd-server 2023-02-24 09:54:34,015 [INFO] Sending reply to client 'OK'
ptd-server 2023-02-24 10:06:52,390 [INFO] Got command from the client 'session,2023-02-24_09-54-05,stop,ranging'
ptd-server 2023-02-24 10:07:02,401 [INFO] Sending to ptd: 'Stop'
ptd-server 2023-02-24 10:07:02,401 [INFO] Reply from ptd: 'Stopping untimed measurement'
ptd-server 2023-02-24 10:07:02,422 [INFO] Sending reply to client 'OK'
ptd-server 2023-02-24 10:07:02,568 [INFO] Got command from the client 'time'
ptd-server 2023-02-24 10:07:02,568 [INFO] Sending reply to client '1677254822.5685265'
ptd-server 2023-02-24 10:07:02,571 [INFO] Got command from the client 'session,2023-02-24_09-54-05,start,testing'
ptd-server 2023-02-24 10:07:02,571 [INFO] Sending to ptd: 'SR,V,119.940000'
ptd-server 2023-02-24 10:07:04,517 [INFO] Reply from ptd: 'Range V changed'
ptd-server 2023-02-24 10:07:04,517 [INFO] Sending to ptd: 'SR,A,0.191500'
ptd-server 2023-02-24 10:07:06,019 [INFO] Reply from ptd: 'Range A changed'
ptd-server 2023-02-24 10:07:16,021 [INFO] Starting testing mode
ptd-server 2023-02-24 10:07:16,021 [INFO] Sending to ptd: 'Go,1000,0,2023-02-24_09-54-05_testing'
ptd-server 2023-02-24 10:07:16,021 [INFO] Reply from ptd: 'Starting untimed measurement, maximum 500000 samples at 1000ms with 0 rampup samples'
ptd-server 2023-02-24 10:07:16,022 [INFO] Sending reply to client 'OK'
ptd-server 2023-02-24 10:19:36,044 [INFO] Got command from the client 'session,2023-02-24_09-54-05,stop,testing'
ptd-server 2023-02-24 10:19:46,055 [INFO] Sending to ptd: 'Stop'
ptd-server 2023-02-24 10:19:46,056 [INFO] Reply from ptd: 'Stopping untimed measurement'
ptd-server 2023-02-24 10:19:46,066 [INFO] Sending reply to client 'OK'
ptd-server 2023-02-24 10:19:46,098 [INFO] Got command from the client 'session,2023-02-24_09-54-05,done'
ptd-server 2023-02-24 10:19:46,098 [INFO] Sending to ptd: 'Stop'
ptd-server 2023-02-24 10:19:47,022 [INFO] Reply from ptd: 'Error: no measurement to stop'
ptd-server 2023-02-24 10:19:47,022 [INFO] Sending to ptd: 'SR,V,Auto'
ptd-server 2023-02-24 10:19:47,525 [INFO] Reply from ptd: 'Range V changed'
ptd-server 2023-02-24 10:19:47,525 [INFO] Sending to ptd: 'SR,A,Auto'
ptd-server 2023-02-24 10:19:48,029 [INFO] Reply from ptd: 'Range A changed'
ptd-server 2023-02-24 10:19:48,029 [INFO] Set initial values for Amps Auto and Volts Auto
ptd-server 2023-02-24 10:19:48,029 [INFO] Stopping ptd...
