ptd-server 2023-02-23 20:34:51,982 [INFO] Got command from the client 'time'
ptd-server 2023-02-23 20:34:51,982 [INFO] Sending reply to client '1677206091.9827929'
ptd-server 2023-02-23 20:34:51,984 [INFO] Got command from the client 'new,,8755f7a5-4506-4d2e-9036-58a25c46c45f'
ptd-server 2023-02-23 20:34:51,985 [INFO] Sending reply to client 'OK 2023-02-23_20-34-51,5589c38c-90d9-46b1-a2c8-664d3c3a83c5'
ptd-server 2023-02-23 20:34:52,067 [INFO] Got command from the client 'time'
ptd-server 2023-02-23 20:34:52,067 [INFO] Sending reply to client '1677206092.0673583'
ptd-server 2023-02-23 20:34:52,068 [INFO] Got command from the client 'session,2023-02-23_20-34-51,start,ranging'
ptd-server 2023-02-23 20:34:52,069 [INFO] Running PTDaemon: ['/local/mnt/workspace/mlcommons/power-main/inference_v1.0/ptd-linux-x86', '-l', '/tmp/tmprs1r_car/ptd_logfile.txt', '-p', '8888', '-c', '1', '52', '/dev/usbtmc0']
ptd-server 2023-02-23 20:35:09,089 [INFO] Sending to ptd: 'Hello'
ptd-server 2023-02-23 20:35:09,090 [INFO] Reply from ptd: 'Hello, PTDaemon here!'
ptd-server 2023-02-23 20:35:09,090 [INFO] Sending to ptd: 'Identify'
ptd-server 2023-02-23 20:35:09,090 [INFO] Reply from ptd: 'YokogawaWT330,1000,1,1,1,1,0,0,1,version=1.10.0-ed9a21d2-20220817,OS=Linux 5.4.0-120-generic #136~18.04.1-Ubuntu SMP Fri Jun 10 18:00:44 UTC 2022 x86_64,mode=power,1,1,1,0,0,no_cal_date,YOKOGAWA;WT333;C2SF14011V;F1.01EM'
ptd-server 2023-02-23 20:35:09,091 [INFO] Connected to PTDaemon
ptd-server 2023-02-23 20:35:09,091 [INFO] Sending to ptd: 'RR'
ptd-server 2023-02-23 20:35:09,091 [INFO] Reply from ptd: 'Ranges,0,5.000000,0,150.000000'
ptd-server 2023-02-23 20:35:09,091 [INFO] Initial range for Amps is 5.000000 for Volts is 150.000000
ptd-server 2023-02-23 20:35:09,092 [INFO] Sending to ptd: 'SR,V,Auto'
ptd-server 2023-02-23 20:35:09,634 [INFO] Reply from ptd: 'Range V changed'
ptd-server 2023-02-23 20:35:09,634 [INFO] Sending to ptd: 'SR,A,20'
ptd-server 2023-02-23 20:35:11,136 [INFO] Reply from ptd: 'Range A changed'
ptd-server 2023-02-23 20:35:21,147 [INFO] Starting ranging mode
ptd-server 2023-02-23 20:35:21,147 [INFO] Sending to ptd: 'Go,1000,0,2023-02-23_20-34-51_ranging'
ptd-server 2023-02-23 20:35:21,148 [INFO] Reply from ptd: 'Starting untimed measurement, maximum 500000 samples at 1000ms with 0 rampup samples'
ptd-server 2023-02-23 20:35:21,148 [INFO] Sending reply to client 'OK'
ptd-server 2023-02-23 20:47:48,754 [INFO] Got command from the client 'session,2023-02-23_20-34-51,stop,ranging'
ptd-server 2023-02-23 20:47:58,755 [INFO] Sending to ptd: 'Stop'
ptd-server 2023-02-23 20:47:58,755 [INFO] Reply from ptd: 'Stopping untimed measurement'
ptd-server 2023-02-23 20:47:58,816 [INFO] Sending reply to client 'OK'
ptd-server 2023-02-23 20:47:58,996 [INFO] Got command from the client 'time'
ptd-server 2023-02-23 20:47:58,997 [INFO] Sending reply to client '1677206878.9972184'
ptd-server 2023-02-23 20:47:58,998 [INFO] Got command from the client 'session,2023-02-23_20-34-51,start,testing'
ptd-server 2023-02-23 20:47:58,999 [INFO] Sending to ptd: 'SR,V,124.340000'
ptd-server 2023-02-23 20:48:00,651 [INFO] Reply from ptd: 'Range V changed'
ptd-server 2023-02-23 20:48:00,651 [INFO] Sending to ptd: 'SR,A,2.016000'
ptd-server 2023-02-23 20:48:02,153 [INFO] Reply from ptd: 'Range A changed'
ptd-server 2023-02-23 20:48:12,155 [INFO] Starting testing mode
ptd-server 2023-02-23 20:48:12,156 [INFO] Sending to ptd: 'Go,1000,0,2023-02-23_20-34-51_testing'
ptd-server 2023-02-23 20:48:12,156 [INFO] Reply from ptd: 'Starting untimed measurement, maximum 500000 samples at 1000ms with 0 rampup samples'
ptd-server 2023-02-23 20:48:12,157 [INFO] Sending reply to client 'OK'
ptd-server 2023-02-23 21:00:38,552 [INFO] Got command from the client 'session,2023-02-23_20-34-51,stop,testing'
ptd-server 2023-02-23 21:00:48,563 [INFO] Sending to ptd: 'Stop'
ptd-server 2023-02-23 21:00:48,563 [INFO] Reply from ptd: 'Stopping untimed measurement'
ptd-server 2023-02-23 21:00:48,597 [INFO] Sending reply to client 'OK'
ptd-server 2023-02-23 21:00:48,605 [INFO] Got command from the client 'session,2023-02-23_20-34-51,done'
ptd-server 2023-02-23 21:00:48,605 [INFO] Sending to ptd: 'Stop'
ptd-server 2023-02-23 21:00:49,157 [INFO] Reply from ptd: 'Error: no measurement to stop'
ptd-server 2023-02-23 21:00:49,157 [INFO] Sending to ptd: 'SR,V,150.000000'
ptd-server 2023-02-23 21:00:50,659 [INFO] Reply from ptd: 'Range V changed'
ptd-server 2023-02-23 21:00:50,659 [INFO] Sending to ptd: 'SR,A,5.000000'
ptd-server 2023-02-23 21:00:52,161 [INFO] Reply from ptd: 'Range A changed'
ptd-server 2023-02-23 21:00:52,162 [INFO] Set initial values for Amps 5.000000 and Volts 150.000000
ptd-server 2023-02-23 21:00:52,162 [INFO] Stopping ptd...
