ptd-server 2023-02-18 09:55:41,521 [INFO] Got command from the client 'stop'
ptd-server 2023-02-18 09:55:41,521 [INFO] The server will be stopped after processing this client
ptd-server 2023-02-18 09:55:41,521 [INFO] Sending reply to client 'OK'
ptd-server 2023-02-18 09:55:41,802 [INFO] Got command from the client 'time'
ptd-server 2023-02-18 09:55:41,802 [INFO] Sending reply to client '1676742941.8027148'
ptd-server 2023-02-18 09:55:41,807 [INFO] Got command from the client 'new,,36f56c8f-dc7e-4460-9cc0-9baa9414338f'
ptd-server 2023-02-18 09:55:41,808 [INFO] Sending reply to client 'OK 2023-02-18_09-55-41,81bf9b57-f93b-4a65-a565-d41d74580b06'
ptd-server 2023-02-18 09:55:42,057 [INFO] Got command from the client 'time'
ptd-server 2023-02-18 09:55:42,057 [INFO] Sending reply to client '1676742942.0572524'
ptd-server 2023-02-18 09:55:42,061 [INFO] Got command from the client 'session,2023-02-18_09-55-41,start,ranging'
ptd-server 2023-02-18 09:55:42,062 [INFO] Running PTDaemon: ['/usr/bin/ptd-linux-x86', '-l', '/tmp/tmp0v5uva_t/ptd_logfile.txt', '-p', '8888', '-c', '1', '-y', '52', '10.116.21.204']
ptd-server 2023-02-18 09:55:59,239 [INFO] Sending to ptd: 'Hello'
ptd-server 2023-02-18 09:55:59,239 [INFO] Reply from ptd: 'Hello, PTDaemon here!'
ptd-server 2023-02-18 09:55:59,240 [INFO] Sending to ptd: 'Identify'
ptd-server 2023-02-18 09:55:59,240 [INFO] Reply from ptd: 'YokogawaWT330E,1000,1,1,1,1,0,0,1,version=1.10.0-ed9a21d2-20220817,OS=Linux 5.15.0-60-generic #66~20.04.1-Ubuntu SMP Wed Jan 25 09:41:30 UTC 2023 x86_64,mode=power,1,1,1,0,0,no_cal_date,YOKOGAWA;WT333E;C2VL22012V;F1.04'
ptd-server 2023-02-18 09:55:59,240 [INFO] Connected to PTDaemon
ptd-server 2023-02-18 09:55:59,240 [INFO] Sending to ptd: 'RR'
ptd-server 2023-02-18 09:55:59,240 [INFO] Reply from ptd: 'Ranges,1,0.500000,1,300.000000'
ptd-server 2023-02-18 09:55:59,240 [INFO] Initial range for Amps is Auto for Volts is Auto
ptd-server 2023-02-18 09:55:59,240 [INFO] Sending to ptd: 'SR,V,Auto'
ptd-server 2023-02-18 09:55:59,747 [INFO] Reply from ptd: 'Range V changed'
ptd-server 2023-02-18 09:55:59,747 [INFO] Sending to ptd: 'SR,A,Auto'
ptd-server 2023-02-18 09:56:00,255 [INFO] Reply from ptd: 'Range A changed'
ptd-server 2023-02-18 09:56:10,265 [INFO] Starting ranging mode
ptd-server 2023-02-18 09:56:10,265 [INFO] Sending to ptd: 'Go,1000,0,2023-02-18_09-55-41_ranging'
ptd-server 2023-02-18 09:56:10,266 [INFO] Reply from ptd: 'Starting untimed measurement, maximum 500000 samples at 1000ms with 0 rampup samples'
ptd-server 2023-02-18 09:56:10,266 [INFO] Sending reply to client 'OK'
ptd-server 2023-02-18 10:08:43,265 [INFO] Got command from the client 'session,2023-02-18_09-55-41,stop,ranging'
ptd-server 2023-02-18 10:08:53,276 [INFO] Sending to ptd: 'Stop'
ptd-server 2023-02-18 10:08:53,276 [INFO] Reply from ptd: 'Stopping untimed measurement'
ptd-server 2023-02-18 10:08:53,291 [INFO] Sending reply to client 'OK'
ptd-server 2023-02-18 10:08:53,669 [INFO] Got command from the client 'time'
ptd-server 2023-02-18 10:08:53,669 [INFO] Sending reply to client '1676743733.6696994'
ptd-server 2023-02-18 10:08:53,674 [INFO] Got command from the client 'session,2023-02-18_09-55-41,start,testing'
ptd-server 2023-02-18 10:08:53,674 [INFO] Sending to ptd: 'SR,V,207.120000'
ptd-server 2023-02-18 10:08:55,773 [INFO] Reply from ptd: 'Range V changed'
ptd-server 2023-02-18 10:08:55,773 [INFO] Sending to ptd: 'SR,A,0.390000'
ptd-server 2023-02-18 10:08:57,279 [INFO] Reply from ptd: 'Range A changed'
ptd-server 2023-02-18 10:09:07,289 [INFO] Starting testing mode
ptd-server 2023-02-18 10:09:07,290 [INFO] Sending to ptd: 'Go,1000,0,2023-02-18_09-55-41_testing'
ptd-server 2023-02-18 10:09:07,290 [INFO] Reply from ptd: 'Starting untimed measurement, maximum 500000 samples at 1000ms with 0 rampup samples'
ptd-server 2023-02-18 10:09:07,290 [INFO] Sending reply to client 'OK'
ptd-server 2023-02-18 10:21:25,295 [INFO] Got command from the client 'session,2023-02-18_09-55-41,stop,testing'
ptd-server 2023-02-18 10:21:35,305 [INFO] Sending to ptd: 'Stop'
ptd-server 2023-02-18 10:21:35,306 [INFO] Reply from ptd: 'Stopping untimed measurement'
ptd-server 2023-02-18 10:21:35,310 [INFO] Sending reply to client 'OK'
ptd-server 2023-02-18 10:21:35,455 [INFO] Got command from the client 'session,2023-02-18_09-55-41,done'
ptd-server 2023-02-18 10:21:35,455 [INFO] Sending to ptd: 'Stop'
ptd-server 2023-02-18 10:21:36,291 [INFO] Reply from ptd: 'Error: no measurement to stop'
ptd-server 2023-02-18 10:21:36,291 [INFO] Sending to ptd: 'SR,V,Auto'
ptd-server 2023-02-18 10:21:36,797 [INFO] Reply from ptd: 'Range V changed'
ptd-server 2023-02-18 10:21:36,798 [INFO] Sending to ptd: 'SR,A,Auto'
ptd-server 2023-02-18 10:21:37,308 [INFO] Reply from ptd: 'Range A changed'
ptd-server 2023-02-18 10:21:37,308 [INFO] Set initial values for Amps Auto and Volts Auto
ptd-server 2023-02-18 10:21:37,308 [INFO] Stopping ptd...
