ptd-server 2023-02-24 03:37:15,778 [INFO] Got command from the client 'time'
ptd-server 2023-02-24 03:37:15,778 [INFO] Sending reply to client '1677209835.7786384'
ptd-server 2023-02-24 03:37:15,782 [INFO] Got command from the client 'new,,14052113-2e64-4acf-b66e-59c7f7c5a49a'
ptd-server 2023-02-24 03:37:15,783 [INFO] Sending reply to client 'OK 2023-02-24_03-37-15,80974fbf-419a-4be3-8f16-3ad7dd6f4dbe'
ptd-server 2023-02-24 03:37:15,805 [INFO] Got command from the client 'time'
ptd-server 2023-02-24 03:37:15,805 [INFO] Sending reply to client '1677209835.8053386'
ptd-server 2023-02-24 03:37:15,810 [INFO] Got command from the client 'session,2023-02-24_03-37-15,start,ranging'
ptd-server 2023-02-24 03:37:15,811 [INFO] Running PTDaemon: ['/media/arjun/T7_Touch/hp-envy/CM/repos/local/cache/9b3695ca8255492a/power/inference_v1.0/ptd-linux-x86', '-l', '/tmp/tmpti64566v/ptd_logfile.txt', '-p', '8888', '49', '/dev/usbtmc0']
ptd-server 2023-02-24 03:37:32,908 [INFO] Sending to ptd: 'Hello'
ptd-server 2023-02-24 03:37:32,909 [INFO] Reply from ptd: 'Hello, PTDaemon here!'
ptd-server 2023-02-24 03:37:32,910 [INFO] Sending to ptd: 'Identify'
ptd-server 2023-02-24 03:37:32,910 [INFO] Reply from ptd: 'YokogawaWT310E,1000,1,1,1,1,0,1,1,version=1.10.0-ed9a21d2-20220817,OS=Linux 5.15.0-56-generic #62-Ubuntu SMP Tue Nov 22 19:54:14 UTC 2022 x86_64,mode=power,1,1,1,0,0,no_cal_date,YOKOGAWA;WT310E;C3YD21068E;F1.04'
ptd-server 2023-02-24 03:37:32,911 [INFO] Connected to PTDaemon
ptd-server 2023-02-24 03:37:32,911 [INFO] Sending to ptd: 'RR'
ptd-server 2023-02-24 03:37:32,912 [INFO] Reply from ptd: 'Ranges,0,0.100000,0,600.000000'
ptd-server 2023-02-24 03:37:32,912 [INFO] Initial range for Amps is 0.100000 for Volts is 600.000000
ptd-server 2023-02-24 03:37:32,913 [INFO] Sending to ptd: 'SR,V,Auto'
ptd-server 2023-02-24 03:37:33,417 [INFO] Reply from ptd: 'Range V changed'
ptd-server 2023-02-24 03:37:33,417 [INFO] Sending to ptd: 'SR,A,Auto'
ptd-server 2023-02-24 03:37:33,921 [INFO] Reply from ptd: 'Range A changed'
ptd-server 2023-02-24 03:37:43,930 [INFO] Starting ranging mode
ptd-server 2023-02-24 03:37:43,930 [INFO] Sending to ptd: 'Go,1000,0,2023-02-24_03-37-15_ranging'
ptd-server 2023-02-24 03:37:43,931 [INFO] Reply from ptd: 'Starting untimed measurement, maximum 500000 samples at 1000ms with 0 rampup samples'
ptd-server 2023-02-24 03:37:43,932 [INFO] Sending reply to client 'OK'
ptd-server 2023-02-24 03:48:37,025 [INFO] Got command from the client 'session,2023-02-24_03-37-15,stop,ranging'
ptd-server 2023-02-24 03:48:47,036 [INFO] Sending to ptd: 'Stop'
ptd-server 2023-02-24 03:48:47,037 [INFO] Reply from ptd: 'Stopping untimed measurement'
ptd-server 2023-02-24 03:48:47,105 [INFO] Sending reply to client 'OK'
ptd-server 2023-02-24 03:48:47,175 [INFO] Got command from the client 'time'
ptd-server 2023-02-24 03:48:47,175 [INFO] Sending reply to client '1677210527.1751406'
ptd-server 2023-02-24 03:48:47,179 [INFO] Got command from the client 'session,2023-02-24_03-37-15,start,testing'
ptd-server 2023-02-24 03:48:47,179 [INFO] Sending to ptd: 'SR,V,244.420000'
ptd-server 2023-02-24 03:48:49,434 [INFO] Reply from ptd: 'Range V changed'
ptd-server 2023-02-24 03:48:49,434 [INFO] Sending to ptd: 'SR,A,0.178140'
ptd-server 2023-02-24 03:48:50,936 [INFO] Reply from ptd: 'Range A changed'
ptd-server 2023-02-24 03:49:00,947 [INFO] Starting testing mode
ptd-server 2023-02-24 03:49:00,947 [INFO] Sending to ptd: 'Go,1000,0,2023-02-24_03-37-15_testing'
ptd-server 2023-02-24 03:49:00,948 [INFO] Reply from ptd: 'Starting untimed measurement, maximum 500000 samples at 1000ms with 0 rampup samples'
ptd-server 2023-02-24 03:49:00,948 [INFO] Sending reply to client 'OK'
ptd-server 2023-02-24 03:59:47,948 [INFO] Got command from the client 'session,2023-02-24_03-37-15,stop,testing'
ptd-server 2023-02-24 03:59:57,959 [INFO] Sending to ptd: 'Stop'
ptd-server 2023-02-24 03:59:57,959 [INFO] Reply from ptd: 'Stopping untimed measurement'
ptd-server 2023-02-24 03:59:57,994 [INFO] Sending reply to client 'OK'
ptd-server 2023-02-24 03:59:58,012 [INFO] Got command from the client 'session,2023-02-24_03-37-15,done'
ptd-server 2023-02-24 03:59:58,012 [INFO] Sending to ptd: 'Stop'
ptd-server 2023-02-24 03:59:58,948 [INFO] Reply from ptd: 'Error: no measurement to stop'
ptd-server 2023-02-24 03:59:58,949 [INFO] Sending to ptd: 'SR,V,600.000000'
ptd-server 2023-02-24 04:00:00,451 [INFO] Reply from ptd: 'Range V changed'
ptd-server 2023-02-24 04:00:00,452 [INFO] Sending to ptd: 'SR,A,0.100000'
ptd-server 2023-02-24 04:00:01,955 [INFO] Reply from ptd: 'Range A changed'
ptd-server 2023-02-24 04:00:01,955 [INFO] Set initial values for Amps 0.100000 and Volts 600.000000
ptd-server 2023-02-24 04:00:01,956 [INFO] Stopping ptd...
