ptd-server 2023-02-25 04:45:43,048 [INFO] Got command from the client 'time'
ptd-server 2023-02-25 04:45:43,048 [INFO] Sending reply to client '1677300343.0482492'
ptd-server 2023-02-25 04:45:43,050 [INFO] Got command from the client 'new,,28404d1c-80ad-42f6-b9f5-4011a1d53525'
ptd-server 2023-02-25 04:45:43,050 [INFO] Sending reply to client 'OK 2023-02-25_04-45-43,37f62cbb-48b8-4b0a-9235-0080410b2faa'
ptd-server 2023-02-25 04:45:43,072 [INFO] Got command from the client 'time'
ptd-server 2023-02-25 04:45:43,072 [INFO] Sending reply to client '1677300343.0729308'
ptd-server 2023-02-25 04:45:43,074 [INFO] Got command from the client 'session,2023-02-25_04-45-43,start,ranging'
ptd-server 2023-02-25 04:45:43,074 [INFO] Running PTDaemon: ['/home/anton/projects/mlperf/power/inference_v1.0/ptd-linux-x86', '-l', '/tmp/tmpu4v721n6/ptd_logfile.txt', '-p', '8888', '49', '/dev/usbtmc0']
ptd-server 2023-02-25 04:46:00,162 [INFO] Sending to ptd: 'Hello'
ptd-server 2023-02-25 04:46:00,162 [INFO] Reply from ptd: 'Hello, PTDaemon here!'
ptd-server 2023-02-25 04:46:00,162 [INFO] Sending to ptd: 'Identify'
ptd-server 2023-02-25 04:46:00,163 [INFO] Reply from ptd: 'YokogawaWT310E,1000,1,1,1,1,0,1,1,version=1.10.0-ed9a21d2-20220817,OS=Linux 5.15.0-60-generic #66~20.04.1-Ubuntu SMP Wed Jan 25 09:41:30 UTC 2023 x86_64,mode=power,1,1,1,0,0,no_cal_date,YOKOGAWA;WT310E;C3XA04010E;F1.04'
ptd-server 2023-02-25 04:46:00,163 [INFO] Connected to PTDaemon
ptd-server 2023-02-25 04:46:00,163 [INFO] Sending to ptd: 'RR'
ptd-server 2023-02-25 04:46:00,163 [INFO] Reply from ptd: 'Ranges,0,0.100000,0,300.000000'
ptd-server 2023-02-25 04:46:00,163 [INFO] Initial range for Amps is 0.100000 for Volts is 300.000000
ptd-server 2023-02-25 04:46:00,164 [INFO] Sending to ptd: 'SR,V,Auto'
ptd-server 2023-02-25 04:46:00,666 [INFO] Reply from ptd: 'Range V changed'
ptd-server 2023-02-25 04:46:00,666 [INFO] Sending to ptd: 'SR,A,Auto'
ptd-server 2023-02-25 04:46:01,169 [INFO] Reply from ptd: 'Range A changed'
ptd-server 2023-02-25 04:46:11,179 [INFO] Starting ranging mode
ptd-server 2023-02-25 04:46:11,179 [INFO] Sending to ptd: 'Go,1000,0,2023-02-25_04-45-43_ranging'
ptd-server 2023-02-25 04:46:11,180 [INFO] Reply from ptd: 'Starting untimed measurement, maximum 500000 samples at 1000ms with 0 rampup samples'
ptd-server 2023-02-25 04:46:11,180 [INFO] Sending reply to client 'OK'
ptd-server 2023-02-25 04:56:26,678 [INFO] Got command from the client 'session,2023-02-25_04-45-43,stop,ranging'
ptd-server 2023-02-25 04:56:36,688 [INFO] Sending to ptd: 'Stop'
ptd-server 2023-02-25 04:56:36,689 [INFO] Reply from ptd: 'Stopping untimed measurement'
ptd-server 2023-02-25 04:56:36,727 [INFO] Sending reply to client 'OK'
ptd-server 2023-02-25 04:56:36,775 [INFO] Got command from the client 'time'
ptd-server 2023-02-25 04:56:36,775 [INFO] Sending reply to client '1677300996.775772'
ptd-server 2023-02-25 04:56:36,779 [INFO] Got command from the client 'session,2023-02-25_04-45-43,start,testing'
ptd-server 2023-02-25 04:56:36,779 [INFO] Sending to ptd: 'SR,V,252.350000'
ptd-server 2023-02-25 04:56:38,681 [INFO] Reply from ptd: 'Range V changed'
ptd-server 2023-02-25 04:56:38,681 [INFO] Sending to ptd: 'SR,A,0.043580'
ptd-server 2023-02-25 04:56:40,183 [INFO] Reply from ptd: 'Range A changed'
ptd-server 2023-02-25 04:56:50,193 [INFO] Starting testing mode
ptd-server 2023-02-25 04:56:50,193 [INFO] Sending to ptd: 'Go,1000,0,2023-02-25_04-45-43_testing'
ptd-server 2023-02-25 04:56:50,194 [INFO] Reply from ptd: 'Starting untimed measurement, maximum 500000 samples at 1000ms with 0 rampup samples'
ptd-server 2023-02-25 04:56:50,194 [INFO] Sending reply to client 'OK'
ptd-server 2023-02-25 05:07:05,595 [INFO] Got command from the client 'session,2023-02-25_04-45-43,stop,testing'
ptd-server 2023-02-25 05:07:15,605 [INFO] Sending to ptd: 'Stop'
ptd-server 2023-02-25 05:07:15,605 [INFO] Reply from ptd: 'Stopping untimed measurement'
ptd-server 2023-02-25 05:07:15,624 [INFO] Sending reply to client 'OK'
ptd-server 2023-02-25 05:07:15,649 [INFO] Got command from the client 'session,2023-02-25_04-45-43,done'
ptd-server 2023-02-25 05:07:15,649 [INFO] Sending to ptd: 'Stop'
ptd-server 2023-02-25 05:07:16,195 [INFO] Reply from ptd: 'Error: no measurement to stop'
ptd-server 2023-02-25 05:07:16,195 [INFO] Sending to ptd: 'SR,V,300.000000'
ptd-server 2023-02-25 05:07:17,696 [INFO] Reply from ptd: 'Range V changed'
ptd-server 2023-02-25 05:07:17,697 [INFO] Sending to ptd: 'SR,A,0.100000'
ptd-server 2023-02-25 05:07:19,198 [INFO] Reply from ptd: 'Range A changed'
ptd-server 2023-02-25 05:07:19,198 [INFO] Set initial values for Amps 0.100000 and Volts 300.000000
ptd-server 2023-02-25 05:07:19,199 [INFO] Stopping ptd...
