ptd-server 2023-03-01 11:34:56,614 [INFO] Got command from the client 'time'
ptd-server 2023-03-01 11:34:56,614 [INFO] Sending reply to client '1677692096.6147122'
ptd-server 2023-03-01 11:34:56,615 [INFO] Got command from the client 'new,,97bc0778-488b-4958-ab2f-2eeed270e0c1'
ptd-server 2023-03-01 11:34:56,616 [INFO] Sending reply to client 'OK 2023-03-01_11-34-56,ff79d29c-fb6c-4cc7-a650-4096e1ec5e74'
ptd-server 2023-03-01 11:34:56,718 [INFO] Got command from the client 'time'
ptd-server 2023-03-01 11:34:56,719 [INFO] Sending reply to client '1677692096.7190776'
ptd-server 2023-03-01 11:34:56,720 [INFO] Got command from the client 'session,2023-03-01_11-34-56,start,ranging'
ptd-server 2023-03-01 11:34:56,720 [INFO] Running PTDaemon: ['/local/mnt/workspace/mlcommons/power-main/inference_v1.0/ptd-linux-x86', '-l', '/tmp/tmpqwe09ni1/ptd_logfile.txt', '-p', '8888', '49', '/dev/usbtmc0']
ptd-server 2023-03-01 11:35:13,742 [INFO] Sending to ptd: 'Hello'
ptd-server 2023-03-01 11:35:13,743 [INFO] Reply from ptd: 'Hello, PTDaemon here!'
ptd-server 2023-03-01 11:35:13,744 [INFO] Sending to ptd: 'Identify'
ptd-server 2023-03-01 11:35:13,744 [INFO] Reply from ptd: 'YokogawaWT310E,1000,1,1,1,1,0,1,1,version=1.10.0-ed9a21d2-20220817,OS=Linux 4.15.0-188-generic #199-Ubuntu SMP Wed Jun 15 20:42:56 UTC 2022 x86_64,mode=power,1,1,1,0,0,no_cal_date,YOKOGAWA;WT310E;C2XF16028V;F1.04'
ptd-server 2023-03-01 11:35:13,745 [INFO] Connected to PTDaemon
ptd-server 2023-03-01 11:35:13,745 [INFO] Sending to ptd: 'RR'
ptd-server 2023-03-01 11:35:13,745 [INFO] Reply from ptd: 'Ranges,1,5.000000,1,150.000000'
ptd-server 2023-03-01 11:35:13,746 [INFO] Initial range for Amps is Auto for Volts is Auto
ptd-server 2023-03-01 11:35:13,746 [INFO] Sending to ptd: 'SR,V,Auto'
ptd-server 2023-03-01 11:35:14,250 [INFO] Reply from ptd: 'Range V changed'
ptd-server 2023-03-01 11:35:14,250 [INFO] Sending to ptd: 'SR,A,Auto'
ptd-server 2023-03-01 11:35:14,753 [INFO] Reply from ptd: 'Range A changed'
ptd-server 2023-03-01 11:35:24,764 [INFO] Starting ranging mode
ptd-server 2023-03-01 11:35:24,764 [INFO] Sending to ptd: 'Go,1000,0,2023-03-01_11-34-56_ranging'
ptd-server 2023-03-01 11:35:24,765 [INFO] Reply from ptd: 'Starting untimed measurement, maximum 500000 samples at 1000ms with 0 rampup samples'
ptd-server 2023-03-01 11:35:24,765 [INFO] Sending reply to client 'OK'
ptd-server 2023-03-01 11:48:18,059 [INFO] Got command from the client 'session,2023-03-01_11-34-56,stop,ranging'
ptd-server 2023-03-01 11:48:28,070 [INFO] Sending to ptd: 'Stop'
ptd-server 2023-03-01 11:48:28,070 [INFO] Reply from ptd: 'Stopping untimed measurement'
ptd-server 2023-03-01 11:48:28,138 [INFO] Sending reply to client 'OK'
ptd-server 2023-03-01 11:48:28,224 [INFO] Got command from the client 'time'
ptd-server 2023-03-01 11:48:28,225 [INFO] Sending reply to client '1677692908.225159'
ptd-server 2023-03-01 11:48:28,226 [INFO] Got command from the client 'session,2023-03-01_11-34-56,start,testing'
ptd-server 2023-03-01 11:48:28,226 [INFO] Sending to ptd: 'SR,V,119.140000'
ptd-server 2023-03-01 11:48:30,268 [INFO] Reply from ptd: 'Range V changed'
ptd-server 2023-03-01 11:48:30,268 [INFO] Sending to ptd: 'SR,A,4.312500'
ptd-server 2023-03-01 11:48:31,770 [INFO] Reply from ptd: 'Range A changed'
ptd-server 2023-03-01 11:48:41,781 [INFO] Starting testing mode
ptd-server 2023-03-01 11:48:41,781 [INFO] Sending to ptd: 'Go,1000,0,2023-03-01_11-34-56_testing'
ptd-server 2023-03-01 11:48:41,781 [INFO] Reply from ptd: 'Starting untimed measurement, maximum 500000 samples at 1000ms with 0 rampup samples'
ptd-server 2023-03-01 11:48:41,782 [INFO] Sending reply to client 'OK'
ptd-server 2023-03-01 12:01:34,104 [INFO] Got command from the client 'session,2023-03-01_11-34-56,stop,testing'
ptd-server 2023-03-01 12:01:44,115 [INFO] Sending to ptd: 'Stop'
ptd-server 2023-03-01 12:01:44,116 [INFO] Reply from ptd: 'Stopping untimed measurement'
ptd-server 2023-03-01 12:01:44,154 [INFO] Sending reply to client 'OK'
ptd-server 2023-03-01 12:01:44,160 [INFO] Got command from the client 'session,2023-03-01_11-34-56,done'
ptd-server 2023-03-01 12:01:44,160 [INFO] Sending to ptd: 'Stop'
ptd-server 2023-03-01 12:01:44,782 [INFO] Reply from ptd: 'Error: no measurement to stop'
ptd-server 2023-03-01 12:01:44,783 [INFO] Sending to ptd: 'SR,V,Auto'
ptd-server 2023-03-01 12:01:45,286 [INFO] Reply from ptd: 'Range V changed'
ptd-server 2023-03-01 12:01:45,286 [INFO] Sending to ptd: 'SR,A,Auto'
ptd-server 2023-03-01 12:01:45,789 [INFO] Reply from ptd: 'Range A changed'
ptd-server 2023-03-01 12:01:45,789 [INFO] Set initial values for Amps Auto and Volts Auto
ptd-server 2023-03-01 12:01:45,790 [INFO] Stopping ptd...
