client 2023-02-28 03:27:21,816 [INFO] Creating output directory '/home/arjun/mobilenet_results/valid_results/arjun_orin-tflite_armnn_cpp-cpu-armnn_tflite-v22.11-using_neon/efficientnet-int8-lite0/singlestream/performance/tmp_power'
client 2023-02-28 03:27:22,125 [INFO] Sending command to the server: 'mlcommons/power client v3'
client 2023-02-28 03:27:22,128 [INFO] Got response: 'mlcommons/power server v3'
client 2023-02-28 03:27:22,128 [INFO] Synchronizing with the server and with time.google.com...
client 2023-02-28 03:27:22,162 [INFO] NTP:offset = -0.000 s, delay = 0.017 s 
client 2023-02-28 03:27:22,163 [INFO] Sending command to the server: 'time'
client 2023-02-28 03:27:22,167 [INFO] Got response: '1677554842.1668706'
client 2023-02-28 03:27:22,167 [INFO] The time difference between the client and the server is within range -3.749 ms..0.571 ms
client 2023-02-28 03:27:22,167 [INFO] Sending command to the server: 'new,,38c6c755-4a58-4249-b8e6-a791af0c424c'
client 2023-02-28 03:27:22,173 [INFO] Got response: 'OK 2023-02-28_03-27-22,2a13bf49-6316-4b9b-8faf-2dc1202aab66'
client 2023-02-28 03:27:22,173 [INFO] Session id is '2023-02-28_03-27-22'
client 2023-02-28 03:27:22,173 [INFO] Sources: {"sources": {"__init__.py": "da39a3ee5e6b4b0d3255bfef95601890afd80709", "client.py": "33ca4f26368777ac06e01f9567b714a4b8063886", "lib/__init__.py": "da39a3ee5e6b4b0d3255bfef95601890afd80709", "lib/client.py": "4c2b78fb4849a7e5b584ef792d82aaed20b17f57", "lib/common.py": "624d0c0acc7c39aaff3674f0b99d6a09da53d1dc", "lib/external/__init__.py": "da39a3ee5e6b4b0d3255bfef95601890afd80709", "lib/external/ntplib.py": "4da8f970656505a40483206ef2b5d3dd5e81711d", "lib/server.py": "cda0cdfaee9bfa1249c64a7dd4f89b7bf1b279f0", "lib/source_hashes.py": "60a2e02193209e8d392803326208d5466342da18", "lib/summary.py": "aa92f0a3f975eecd44d3c0cd0236342ccc9f941d", "lib/time_sync.py": "3210db56eb0ff0df57bf4293dc4d4b03fffd46f1", "server.py": "c3f90f2f7eeb4db30727556d0c815ebc89b3d28b", "tests/unit/__init__.py": "da39a3ee5e6b4b0d3255bfef95601890afd80709", "tests/unit/test_server.py": "99ae15aef722f2000ee6ed1ae1523637bf1ae42b", "tests/unit/test_source_hashes.py": "00468a2907583c593e6574a1f6b404e4651c221a"}, "modules": {"ptd_client_server.lib.client": "lib/client.py", "ptd_client_server.lib.common": "lib/common.py", "ptd_client_server.lib.external.ntplib": "lib/external/ntplib.py", "ptd_client_server.lib.source_hashes": "lib/source_hashes.py", "ptd_client_server.lib.summary": "lib/summary.py", "ptd_client_server.lib.time_sync": "lib/time_sync.py"}}
client 2023-02-28 03:27:22,174 [INFO] Running workload in ranging mode
client 2023-02-28 03:27:22,174 [INFO] Synchronizing with the server and with time.google.com...
client 2023-02-28 03:27:22,194 [INFO] NTP:offset = 0.000 s, delay = 0.017 s 
client 2023-02-28 03:27:22,194 [INFO] Sending command to the server: 'time'
client 2023-02-28 03:27:22,197 [INFO] Got response: '1677554842.1973965'
client 2023-02-28 03:27:22,197 [INFO] The time difference between the client and the server is within range -2.982 ms..0.100 ms
client 2023-02-28 03:27:22,197 [INFO] Sending command to the server: 'session,2023-02-28_03-27-22,start,ranging'
client 2023-02-28 03:27:50,329 [INFO] Got response: 'OK'
client 2023-02-28 03:27:50,329 [INFO] Running the workload '/home/arjun/run.out'
client 2023-02-28 03:40:00,711 [INFO] Sending command to the server: 'session,2023-02-28_03-27-22,stop,ranging'
client 2023-02-28 03:40:11,045 [INFO] Got response: 'OK'
client 2023-02-28 03:40:11,085 [INFO] Copying loadgen logs from '/home/arjun/mobilenet_results/valid_results/arjun_orin-tflite_armnn_cpp-cpu-armnn_tflite-v22.11-using_neon/efficientnet-int8-lite0/singlestream/performance/run_1' to '/home/arjun/mobilenet_results/valid_results/arjun_orin-tflite_armnn_cpp-cpu-armnn_tflite-v22.11-using_neon/efficientnet-int8-lite0/singlestream/performance/tmp_power/ranging'
client 2023-02-28 03:40:11,087 [INFO] Running workload in testing mode
client 2023-02-28 03:40:11,088 [INFO] Synchronizing with the server and with time.google.com...
client 2023-02-28 03:40:11,107 [INFO] NTP:offset = -0.002 s, delay = 0.015 s 
client 2023-02-28 03:40:11,107 [INFO] Sending command to the server: 'time'
client 2023-02-28 03:40:11,110 [INFO] Got response: '1677555611.1100035'
client 2023-02-28 03:40:11,111 [INFO] The time difference between the client and the server is within range -2.360 ms..1.069 ms
client 2023-02-28 03:40:11,111 [INFO] Sending command to the server: 'session,2023-02-28_03-27-22,start,testing'
client 2023-02-28 03:40:24,347 [INFO] Got response: 'OK'
client 2023-02-28 03:40:24,348 [INFO] Running the workload '/home/arjun/run.out'
client 2023-02-28 03:52:38,291 [INFO] Sending command to the server: 'session,2023-02-28_03-27-22,stop,testing'
client 2023-02-28 03:52:48,464 [INFO] Got response: 'OK'
client 2023-02-28 03:52:48,466 [INFO] Copying loadgen logs from '/home/arjun/mobilenet_results/valid_results/arjun_orin-tflite_armnn_cpp-cpu-armnn_tflite-v22.11-using_neon/efficientnet-int8-lite0/singlestream/performance/run_1' to '/home/arjun/mobilenet_results/valid_results/arjun_orin-tflite_armnn_cpp-cpu-armnn_tflite-v22.11-using_neon/efficientnet-int8-lite0/singlestream/performance/tmp_power/run_1'
client 2023-02-28 03:52:48,468 [INFO] Done runs
