ptd-server 2023-02-28 03:27:22,166 [INFO] Got command from the client 'time'
ptd-server 2023-02-28 03:27:22,166 [INFO] Sending reply to client '1677554842.1668706'
ptd-server 2023-02-28 03:27:22,170 [INFO] Got command from the client 'new,,38c6c755-4a58-4249-b8e6-a791af0c424c'
ptd-server 2023-02-28 03:27:22,171 [INFO] Sending reply to client 'OK 2023-02-28_03-27-22,2a13bf49-6316-4b9b-8faf-2dc1202aab66'
ptd-server 2023-02-28 03:27:22,197 [INFO] Got command from the client 'time'
ptd-server 2023-02-28 03:27:22,197 [INFO] Sending reply to client '1677554842.1973965'
ptd-server 2023-02-28 03:27:22,200 [INFO] Got command from the client 'session,2023-02-28_03-27-22,start,ranging'
ptd-server 2023-02-28 03:27:22,200 [INFO] Running PTDaemon: ['/media/arjun/T7_Touch/hp-envy/CM/repos/local/cache/9b3695ca8255492a/power/inference_v1.0/ptd-linux-x86', '-l', '/tmp/tmpti64566v/ptd_logfile.txt', '-p', '8888', '49', '/dev/usbtmc0']
ptd-server 2023-02-28 03:27:39,302 [INFO] Sending to ptd: 'Hello'
ptd-server 2023-02-28 03:27:39,303 [INFO] Reply from ptd: 'Hello, PTDaemon here!'
ptd-server 2023-02-28 03:27:39,304 [INFO] Sending to ptd: 'Identify'
ptd-server 2023-02-28 03:27:39,305 [INFO] Reply from ptd: 'YokogawaWT310E,1000,1,1,1,1,0,1,1,version=1.10.0-ed9a21d2-20220817,OS=Linux 5.15.0-56-generic #62-Ubuntu SMP Tue Nov 22 19:54:14 UTC 2022 x86_64,mode=power,1,1,1,0,0,no_cal_date,YOKOGAWA;WT310E;C3YD21068E;F1.04'
ptd-server 2023-02-28 03:27:39,305 [INFO] Connected to PTDaemon
ptd-server 2023-02-28 03:27:39,305 [INFO] Sending to ptd: 'RR'
ptd-server 2023-02-28 03:27:39,306 [INFO] Reply from ptd: 'Ranges,0,0.100000,0,600.000000'
ptd-server 2023-02-28 03:27:39,306 [INFO] Initial range for Amps is 0.100000 for Volts is 600.000000
ptd-server 2023-02-28 03:27:39,307 [INFO] Sending to ptd: 'SR,V,Auto'
ptd-server 2023-02-28 03:27:39,810 [INFO] Reply from ptd: 'Range V changed'
ptd-server 2023-02-28 03:27:39,810 [INFO] Sending to ptd: 'SR,A,Auto'
ptd-server 2023-02-28 03:27:40,314 [INFO] Reply from ptd: 'Range A changed'
ptd-server 2023-02-28 03:27:50,324 [INFO] Starting ranging mode
ptd-server 2023-02-28 03:27:50,325 [INFO] Sending to ptd: 'Go,1000,0,2023-02-28_03-27-22_ranging'
ptd-server 2023-02-28 03:27:50,326 [INFO] Reply from ptd: 'Starting untimed measurement, maximum 500000 samples at 1000ms with 0 rampup samples'
ptd-server 2023-02-28 03:27:50,326 [INFO] Sending reply to client 'OK'
ptd-server 2023-02-28 03:40:00,714 [INFO] Got command from the client 'session,2023-02-28_03-27-22,stop,ranging'
ptd-server 2023-02-28 03:40:10,724 [INFO] Sending to ptd: 'Stop'
ptd-server 2023-02-28 03:40:10,724 [INFO] Reply from ptd: 'Stopping untimed measurement'
ptd-server 2023-02-28 03:40:11,043 [INFO] Sending reply to client 'OK'
ptd-server 2023-02-28 03:40:11,109 [INFO] Got command from the client 'time'
ptd-server 2023-02-28 03:40:11,110 [INFO] Sending reply to client '1677555611.1100035'
ptd-server 2023-02-28 03:40:11,113 [INFO] Got command from the client 'session,2023-02-28_03-27-22,start,testing'
ptd-server 2023-02-28 03:40:11,113 [INFO] Sending to ptd: 'SR,V,247.270000'
ptd-server 2023-02-28 03:40:12,829 [INFO] Reply from ptd: 'Range V changed'
ptd-server 2023-02-28 03:40:12,830 [INFO] Sending to ptd: 'SR,A,0.229110'
ptd-server 2023-02-28 03:40:14,333 [INFO] Reply from ptd: 'Range A changed'
ptd-server 2023-02-28 03:40:24,344 [INFO] Starting testing mode
ptd-server 2023-02-28 03:40:24,344 [INFO] Sending to ptd: 'Go,1000,0,2023-02-28_03-27-22_testing'
ptd-server 2023-02-28 03:40:24,345 [INFO] Reply from ptd: 'Starting untimed measurement, maximum 500000 samples at 1000ms with 0 rampup samples'
ptd-server 2023-02-28 03:40:24,346 [INFO] Sending reply to client 'OK'
ptd-server 2023-02-28 03:52:38,294 [INFO] Got command from the client 'session,2023-02-28_03-27-22,stop,testing'
ptd-server 2023-02-28 03:52:48,305 [INFO] Sending to ptd: 'Stop'
ptd-server 2023-02-28 03:52:48,306 [INFO] Reply from ptd: 'Stopping untimed measurement'
ptd-server 2023-02-28 03:52:48,463 [INFO] Sending reply to client 'OK'
ptd-server 2023-02-28 03:52:48,474 [INFO] Got command from the client 'session,2023-02-28_03-27-22,done'
ptd-server 2023-02-28 03:52:48,474 [INFO] Sending to ptd: 'Stop'
ptd-server 2023-02-28 03:52:48,475 [INFO] Reply from ptd: 'Error: no measurement to stop'
ptd-server 2023-02-28 03:52:48,475 [INFO] Sending to ptd: 'SR,V,600.000000'
ptd-server 2023-02-28 03:52:49,978 [INFO] Reply from ptd: 'Range V changed'
ptd-server 2023-02-28 03:52:49,978 [INFO] Sending to ptd: 'SR,A,0.100000'
ptd-server 2023-02-28 03:52:51,481 [INFO] Reply from ptd: 'Range A changed'
ptd-server 2023-02-28 03:52:51,481 [INFO] Set initial values for Amps 0.100000 and Volts 600.000000
ptd-server 2023-02-28 03:52:51,481 [INFO] Stopping ptd...
