ptd-server 2023-02-27 09:16:00,780 [INFO] Got command from the client 'time'
ptd-server 2023-02-27 09:16:00,780 [INFO] Sending reply to client '1677489360.780836'
ptd-server 2023-02-27 09:16:00,782 [INFO] Got command from the client 'new,,67baf025-c3b5-4cd1-98bb-111f5812416e'
ptd-server 2023-02-27 09:16:00,783 [INFO] Sending reply to client 'OK 2023-02-27_09-16-00,b69d1a0f-b1fd-46d5-b683-42ff8e747c6b'
ptd-server 2023-02-27 09:16:00,811 [INFO] Got command from the client 'time'
ptd-server 2023-02-27 09:16:00,811 [INFO] Sending reply to client '1677489360.8112411'
ptd-server 2023-02-27 09:16:00,813 [INFO] Got command from the client 'session,2023-02-27_09-16-00,start,ranging'
ptd-server 2023-02-27 09:16:00,813 [INFO] Running PTDaemon: ['/home/anton/projects/mlperf/power/inference_v1.0/ptd-linux-x86', '-l', '/tmp/tmpu4v721n6/ptd_logfile.txt', '-p', '8888', '49', '/dev/usbtmc0']
ptd-server 2023-02-27 09:16:17,899 [INFO] Sending to ptd: 'Hello'
ptd-server 2023-02-27 09:16:17,900 [INFO] Reply from ptd: 'Hello, PTDaemon here!'
ptd-server 2023-02-27 09:16:17,900 [INFO] Sending to ptd: 'Identify'
ptd-server 2023-02-27 09:16:17,900 [INFO] Reply from ptd: 'YokogawaWT310E,1000,1,1,1,1,0,1,1,version=1.10.0-ed9a21d2-20220817,OS=Linux 5.15.0-60-generic #66~20.04.1-Ubuntu SMP Wed Jan 25 09:41:30 UTC 2023 x86_64,mode=power,1,1,1,0,0,no_cal_date,YOKOGAWA;WT310E;C3XA04010E;F1.04'
ptd-server 2023-02-27 09:16:17,900 [INFO] Connected to PTDaemon
ptd-server 2023-02-27 09:16:17,900 [INFO] Sending to ptd: 'RR'
ptd-server 2023-02-27 09:16:17,901 [INFO] Reply from ptd: 'Ranges,0,0.100000,0,300.000000'
ptd-server 2023-02-27 09:16:17,901 [INFO] Initial range for Amps is 0.100000 for Volts is 300.000000
ptd-server 2023-02-27 09:16:17,901 [INFO] Sending to ptd: 'SR,V,Auto'
ptd-server 2023-02-27 09:16:18,403 [INFO] Reply from ptd: 'Range V changed'
ptd-server 2023-02-27 09:16:18,403 [INFO] Sending to ptd: 'SR,A,Auto'
ptd-server 2023-02-27 09:16:18,906 [INFO] Reply from ptd: 'Range A changed'
ptd-server 2023-02-27 09:16:28,916 [INFO] Starting ranging mode
ptd-server 2023-02-27 09:16:28,916 [INFO] Sending to ptd: 'Go,1000,0,2023-02-27_09-16-00_ranging'
ptd-server 2023-02-27 09:16:28,916 [INFO] Reply from ptd: 'Starting untimed measurement, maximum 500000 samples at 1000ms with 0 rampup samples'
ptd-server 2023-02-27 09:16:28,917 [INFO] Sending reply to client 'OK'
ptd-server 2023-02-27 09:26:51,123 [INFO] Got command from the client 'session,2023-02-27_09-16-00,stop,ranging'
ptd-server 2023-02-27 09:27:01,128 [INFO] Sending to ptd: 'Stop'
ptd-server 2023-02-27 09:27:01,128 [INFO] Reply from ptd: 'Stopping untimed measurement'
ptd-server 2023-02-27 09:27:01,504 [INFO] Sending reply to client 'OK'
ptd-server 2023-02-27 09:27:01,552 [INFO] Got command from the client 'time'
ptd-server 2023-02-27 09:27:01,552 [INFO] Sending reply to client '1677490021.5527062'
ptd-server 2023-02-27 09:27:01,554 [INFO] Got command from the client 'session,2023-02-27_09-16-00,start,testing'
ptd-server 2023-02-27 09:27:01,554 [INFO] Sending to ptd: 'SR,V,250.670000'
ptd-server 2023-02-27 09:27:03,419 [INFO] Reply from ptd: 'Range V changed'
ptd-server 2023-02-27 09:27:03,419 [INFO] Sending to ptd: 'SR,A,0.053190'
ptd-server 2023-02-27 09:27:04,920 [INFO] Reply from ptd: 'Range A changed'
ptd-server 2023-02-27 09:27:14,930 [INFO] Starting testing mode
ptd-server 2023-02-27 09:27:14,931 [INFO] Sending to ptd: 'Go,1000,0,2023-02-27_09-16-00_testing'
ptd-server 2023-02-27 09:27:14,931 [INFO] Reply from ptd: 'Starting untimed measurement, maximum 500000 samples at 1000ms with 0 rampup samples'
ptd-server 2023-02-27 09:27:14,931 [INFO] Sending reply to client 'OK'
ptd-server 2023-02-27 09:37:37,039 [INFO] Got command from the client 'session,2023-02-27_09-16-00,stop,testing'
ptd-server 2023-02-27 09:37:47,044 [INFO] Sending to ptd: 'Stop'
ptd-server 2023-02-27 09:37:47,044 [INFO] Reply from ptd: 'Stopping untimed measurement'
ptd-server 2023-02-27 09:37:47,215 [INFO] Sending reply to client 'OK'
ptd-server 2023-02-27 09:37:47,238 [INFO] Got command from the client 'session,2023-02-27_09-16-00,done'
ptd-server 2023-02-27 09:37:47,239 [INFO] Sending to ptd: 'Stop'
ptd-server 2023-02-27 09:37:47,931 [INFO] Reply from ptd: 'Error: no measurement to stop'
ptd-server 2023-02-27 09:37:47,931 [INFO] Sending to ptd: 'SR,V,300.000000'
ptd-server 2023-02-27 09:37:49,432 [INFO] Reply from ptd: 'Range V changed'
ptd-server 2023-02-27 09:37:49,433 [INFO] Sending to ptd: 'SR,A,0.100000'
ptd-server 2023-02-27 09:37:50,934 [INFO] Reply from ptd: 'Range A changed'
ptd-server 2023-02-27 09:37:50,934 [INFO] Set initial values for Amps 0.100000 and Volts 300.000000
ptd-server 2023-02-27 09:37:50,934 [INFO] Stopping ptd...
