ptd-server 2023-02-25 10:33:38,536 [INFO] Got command from the client 'time'
ptd-server 2023-02-25 10:33:38,536 [INFO] Sending reply to client '1677321218.5365474'
ptd-server 2023-02-25 10:33:38,538 [INFO] Got command from the client 'new,,1f79c12f-73ee-4814-b52e-8ccbe2931edc'
ptd-server 2023-02-25 10:33:38,538 [INFO] Sending reply to client 'OK 2023-02-25_10-33-38,cd74d528-b2f3-4751-991a-54908404e187'
ptd-server 2023-02-25 10:33:38,561 [INFO] Got command from the client 'time'
ptd-server 2023-02-25 10:33:38,561 [INFO] Sending reply to client '1677321218.561745'
ptd-server 2023-02-25 10:33:38,563 [INFO] Got command from the client 'session,2023-02-25_10-33-38,start,ranging'
ptd-server 2023-02-25 10:33:38,564 [INFO] Running PTDaemon: ['/home/anton/projects/mlperf/power/inference_v1.0/ptd-linux-x86', '-l', '/tmp/tmpu4v721n6/ptd_logfile.txt', '-p', '8888', '49', '/dev/usbtmc0']
ptd-server 2023-02-25 10:33:55,652 [INFO] Sending to ptd: 'Hello'
ptd-server 2023-02-25 10:33:55,652 [INFO] Reply from ptd: 'Hello, PTDaemon here!'
ptd-server 2023-02-25 10:33:55,653 [INFO] Sending to ptd: 'Identify'
ptd-server 2023-02-25 10:33:55,653 [INFO] Reply from ptd: 'YokogawaWT310E,1000,1,1,1,1,0,1,1,version=1.10.0-ed9a21d2-20220817,OS=Linux 5.15.0-60-generic #66~20.04.1-Ubuntu SMP Wed Jan 25 09:41:30 UTC 2023 x86_64,mode=power,1,1,1,0,0,no_cal_date,YOKOGAWA;WT310E;C3XA04010E;F1.04'
ptd-server 2023-02-25 10:33:55,653 [INFO] Connected to PTDaemon
ptd-server 2023-02-25 10:33:55,653 [INFO] Sending to ptd: 'RR'
ptd-server 2023-02-25 10:33:55,653 [INFO] Reply from ptd: 'Ranges,0,0.100000,0,300.000000'
ptd-server 2023-02-25 10:33:55,653 [INFO] Initial range for Amps is 0.100000 for Volts is 300.000000
ptd-server 2023-02-25 10:33:55,654 [INFO] Sending to ptd: 'SR,V,Auto'
ptd-server 2023-02-25 10:33:56,156 [INFO] Reply from ptd: 'Range V changed'
ptd-server 2023-02-25 10:33:56,156 [INFO] Sending to ptd: 'SR,A,Auto'
ptd-server 2023-02-25 10:33:56,659 [INFO] Reply from ptd: 'Range A changed'
ptd-server 2023-02-25 10:34:06,667 [INFO] Starting ranging mode
ptd-server 2023-02-25 10:34:06,667 [INFO] Sending to ptd: 'Go,1000,0,2023-02-25_10-33-38_ranging'
ptd-server 2023-02-25 10:34:06,667 [INFO] Reply from ptd: 'Starting untimed measurement, maximum 500000 samples at 1000ms with 0 rampup samples'
ptd-server 2023-02-25 10:34:06,667 [INFO] Sending reply to client 'OK'
ptd-server 2023-02-25 10:44:21,749 [INFO] Got command from the client 'session,2023-02-25_10-33-38,stop,ranging'
ptd-server 2023-02-25 10:44:31,756 [INFO] Sending to ptd: 'Stop'
ptd-server 2023-02-25 10:44:31,756 [INFO] Reply from ptd: 'Stopping untimed measurement'
ptd-server 2023-02-25 10:44:31,835 [INFO] Sending reply to client 'OK'
ptd-server 2023-02-25 10:44:31,885 [INFO] Got command from the client 'time'
ptd-server 2023-02-25 10:44:31,885 [INFO] Sending reply to client '1677321871.8854244'
ptd-server 2023-02-25 10:44:31,887 [INFO] Got command from the client 'session,2023-02-25_10-33-38,start,testing'
ptd-server 2023-02-25 10:44:31,887 [INFO] Sending to ptd: 'SR,V,251.980000'
ptd-server 2023-02-25 10:44:34,168 [INFO] Reply from ptd: 'Range V changed'
ptd-server 2023-02-25 10:44:34,168 [INFO] Sending to ptd: 'SR,A,0.045160'
ptd-server 2023-02-25 10:44:35,670 [INFO] Reply from ptd: 'Range A changed'
ptd-server 2023-02-25 10:44:45,680 [INFO] Starting testing mode
ptd-server 2023-02-25 10:44:45,680 [INFO] Sending to ptd: 'Go,1000,0,2023-02-25_10-33-38_testing'
ptd-server 2023-02-25 10:44:45,681 [INFO] Reply from ptd: 'Starting untimed measurement, maximum 500000 samples at 1000ms with 0 rampup samples'
ptd-server 2023-02-25 10:44:45,681 [INFO] Sending reply to client 'OK'
ptd-server 2023-02-25 10:55:00,838 [INFO] Got command from the client 'session,2023-02-25_10-33-38,stop,testing'
ptd-server 2023-02-25 10:55:10,848 [INFO] Sending to ptd: 'Stop'
ptd-server 2023-02-25 10:55:10,848 [INFO] Reply from ptd: 'Stopping untimed measurement'
ptd-server 2023-02-25 10:55:10,887 [INFO] Sending reply to client 'OK'
ptd-server 2023-02-25 10:55:10,903 [INFO] Got command from the client 'session,2023-02-25_10-33-38,done'
ptd-server 2023-02-25 10:55:10,903 [INFO] Sending to ptd: 'Stop'
ptd-server 2023-02-25 10:55:11,681 [INFO] Reply from ptd: 'Error: no measurement to stop'
ptd-server 2023-02-25 10:55:11,681 [INFO] Sending to ptd: 'SR,V,300.000000'
ptd-server 2023-02-25 10:55:13,183 [INFO] Reply from ptd: 'Range V changed'
ptd-server 2023-02-25 10:55:13,183 [INFO] Sending to ptd: 'SR,A,0.100000'
ptd-server 2023-02-25 10:55:14,684 [INFO] Reply from ptd: 'Range A changed'
ptd-server 2023-02-25 10:55:14,684 [INFO] Set initial values for Amps 0.100000 and Volts 300.000000
ptd-server 2023-02-25 10:55:14,684 [INFO] Stopping ptd...
