ptd-server 2023-02-23 21:15:19,598 [INFO] Got command from the client 'time'
ptd-server 2023-02-23 21:15:19,598 [INFO] Sending reply to client '1677186919.5988767'
ptd-server 2023-02-23 21:15:19,599 [INFO] Got command from the client 'new,,fa1f4a55-1a38-430d-b4c8-d2d6075455d6'
ptd-server 2023-02-23 21:15:19,600 [INFO] Sending reply to client 'OK 2023-02-23_21-15-19,0f5237b0-33de-4d29-b272-1ac6feaa7df5'
ptd-server 2023-02-23 21:15:19,621 [INFO] Got command from the client 'time'
ptd-server 2023-02-23 21:15:19,621 [INFO] Sending reply to client '1677186919.6214297'
ptd-server 2023-02-23 21:15:19,622 [INFO] Got command from the client 'session,2023-02-23_21-15-19,start,ranging'
ptd-server 2023-02-23 21:15:19,622 [INFO] Running PTDaemon: ['/home/anton/projects/mlperf/power/inference_v1.0/ptd-linux-x86', '-l', '/tmp/tmp4yl1neqp/ptd_logfile.txt', '-p', '8888', '49', '/dev/usbtmc0']
ptd-server 2023-02-23 21:15:36,696 [INFO] Sending to ptd: 'Hello'
ptd-server 2023-02-23 21:15:36,697 [INFO] Reply from ptd: 'Hello, PTDaemon here!'
ptd-server 2023-02-23 21:15:36,697 [INFO] Sending to ptd: 'Identify'
ptd-server 2023-02-23 21:15:36,697 [INFO] Reply from ptd: 'YokogawaWT310E,1000,1,1,1,1,0,1,1,version=1.10.0-ed9a21d2-20220817,OS=Linux 5.15.0-60-generic #66~20.04.1-Ubuntu SMP Wed Jan 25 09:41:30 UTC 2023 x86_64,mode=power,1,1,1,0,0,no_cal_date,YOKOGAWA;WT310E;C3XA04010E;F1.04'
ptd-server 2023-02-23 21:15:36,697 [INFO] Connected to PTDaemon
ptd-server 2023-02-23 21:15:36,697 [INFO] Sending to ptd: 'RR'
ptd-server 2023-02-23 21:15:36,698 [INFO] Reply from ptd: 'Ranges,1,0.100000,1,300.000000'
ptd-server 2023-02-23 21:15:36,698 [INFO] Initial range for Amps is Auto for Volts is Auto
ptd-server 2023-02-23 21:15:36,698 [INFO] Sending to ptd: 'SR,V,Auto'
ptd-server 2023-02-23 21:15:37,200 [INFO] Reply from ptd: 'Range V changed'
ptd-server 2023-02-23 21:15:37,201 [INFO] Sending to ptd: 'SR,A,Auto'
ptd-server 2023-02-23 21:15:37,703 [INFO] Reply from ptd: 'Range A changed'
ptd-server 2023-02-23 21:15:47,714 [INFO] Starting ranging mode
ptd-server 2023-02-23 21:15:47,714 [INFO] Sending to ptd: 'Go,1000,0,2023-02-23_21-15-19_ranging'
ptd-server 2023-02-23 21:15:47,714 [INFO] Reply from ptd: 'Starting untimed measurement, maximum 500000 samples at 1000ms with 0 rampup samples'
ptd-server 2023-02-23 21:15:47,715 [INFO] Sending reply to client 'OK'
ptd-server 2023-02-23 21:26:04,163 [INFO] Got command from the client 'session,2023-02-23_21-15-19,stop,ranging'
ptd-server 2023-02-23 21:26:14,173 [INFO] Sending to ptd: 'Stop'
ptd-server 2023-02-23 21:26:14,174 [INFO] Reply from ptd: 'Stopping untimed measurement'
ptd-server 2023-02-23 21:26:14,739 [INFO] Sending reply to client 'OK'
ptd-server 2023-02-23 21:26:14,832 [INFO] Got command from the client 'time'
ptd-server 2023-02-23 21:26:14,832 [INFO] Sending reply to client '1677187574.832708'
ptd-server 2023-02-23 21:26:14,833 [INFO] Got command from the client 'session,2023-02-23_21-15-19,start,testing'
ptd-server 2023-02-23 21:26:14,834 [INFO] Sending to ptd: 'SR,V,253.180000'
ptd-server 2023-02-23 21:26:16,335 [INFO] Reply from ptd: 'Range V changed'
ptd-server 2023-02-23 21:26:16,335 [INFO] Sending to ptd: 'SR,A,0.058130'
ptd-server 2023-02-23 21:26:17,836 [INFO] Reply from ptd: 'Range A changed'
ptd-server 2023-02-23 21:26:27,847 [INFO] Starting testing mode
ptd-server 2023-02-23 21:26:27,847 [INFO] Sending to ptd: 'Go,1000,0,2023-02-23_21-15-19_testing'
ptd-server 2023-02-23 21:26:27,847 [INFO] Reply from ptd: 'Starting untimed measurement, maximum 500000 samples at 1000ms with 0 rampup samples'
ptd-server 2023-02-23 21:26:27,847 [INFO] Sending reply to client 'OK'
ptd-server 2023-02-23 21:36:44,186 [INFO] Got command from the client 'session,2023-02-23_21-15-19,stop,testing'
ptd-server 2023-02-23 21:36:54,197 [INFO] Sending to ptd: 'Stop'
ptd-server 2023-02-23 21:36:54,197 [INFO] Reply from ptd: 'Stopping untimed measurement'
ptd-server 2023-02-23 21:36:54,498 [INFO] Sending reply to client 'OK'
ptd-server 2023-02-23 21:36:54,506 [INFO] Got command from the client 'session,2023-02-23_21-15-19,done'
ptd-server 2023-02-23 21:36:54,506 [INFO] Sending to ptd: 'Stop'
ptd-server 2023-02-23 21:36:54,847 [INFO] Reply from ptd: 'Error: no measurement to stop'
ptd-server 2023-02-23 21:36:54,848 [INFO] Sending to ptd: 'SR,V,Auto'
ptd-server 2023-02-23 21:36:55,350 [INFO] Reply from ptd: 'Range V changed'
ptd-server 2023-02-23 21:36:55,350 [INFO] Sending to ptd: 'SR,A,Auto'
ptd-server 2023-02-23 21:36:55,853 [INFO] Reply from ptd: 'Range A changed'
ptd-server 2023-02-23 21:36:55,853 [INFO] Set initial values for Amps Auto and Volts Auto
ptd-server 2023-02-23 21:36:55,853 [INFO] Stopping ptd...
