ptd-server 2023-02-28 22:05:03,069 [INFO] Got command from the client 'time'
ptd-server 2023-02-28 22:05:03,069 [INFO] Sending reply to client '1677621903.0694585'
ptd-server 2023-02-28 22:05:03,071 [INFO] Got command from the client 'new,,0877a10e-6b4a-4bdf-94d4-3d0735b1220a'
ptd-server 2023-02-28 22:05:03,072 [INFO] Sending reply to client 'OK 2023-02-28_22-05-03,d1d1c756-f9e4-4144-8368-0c54d523ae88'
ptd-server 2023-02-28 22:05:03,097 [INFO] Got command from the client 'time'
ptd-server 2023-02-28 22:05:03,098 [INFO] Sending reply to client '1677621903.0980418'
ptd-server 2023-02-28 22:05:03,099 [INFO] Got command from the client 'session,2023-02-28_22-05-03,start,ranging'
ptd-server 2023-02-28 22:05:03,100 [INFO] Running PTDaemon: ['/home/anton/projects/mlperf/power/inference_v1.0/ptd-linux-x86', '-l', '/tmp/tmpu4v721n6/ptd_logfile.txt', '-p', '8888', '49', '/dev/usbtmc0']
ptd-server 2023-02-28 22:05:20,188 [INFO] Sending to ptd: 'Hello'
ptd-server 2023-02-28 22:05:20,188 [INFO] Reply from ptd: 'Hello, PTDaemon here!'
ptd-server 2023-02-28 22:05:20,188 [INFO] Sending to ptd: 'Identify'
ptd-server 2023-02-28 22:05:20,189 [INFO] Reply from ptd: 'YokogawaWT310E,1000,1,1,1,1,0,1,1,version=1.10.0-ed9a21d2-20220817,OS=Linux 5.15.0-60-generic #66~20.04.1-Ubuntu SMP Wed Jan 25 09:41:30 UTC 2023 x86_64,mode=power,1,1,1,0,0,no_cal_date,YOKOGAWA;WT310E;C3XA04010E;F1.04'
ptd-server 2023-02-28 22:05:20,189 [INFO] Connected to PTDaemon
ptd-server 2023-02-28 22:05:20,189 [INFO] Sending to ptd: 'RR'
ptd-server 2023-02-28 22:05:20,189 [INFO] Reply from ptd: 'Ranges,0,0.100000,0,300.000000'
ptd-server 2023-02-28 22:05:20,189 [INFO] Initial range for Amps is 0.100000 for Volts is 300.000000
ptd-server 2023-02-28 22:05:20,189 [INFO] Sending to ptd: 'SR,V,Auto'
ptd-server 2023-02-28 22:05:20,692 [INFO] Reply from ptd: 'Range V changed'
ptd-server 2023-02-28 22:05:20,692 [INFO] Sending to ptd: 'SR,A,Auto'
ptd-server 2023-02-28 22:05:21,195 [INFO] Reply from ptd: 'Range A changed'
ptd-server 2023-02-28 22:05:31,205 [INFO] Starting ranging mode
ptd-server 2023-02-28 22:05:31,205 [INFO] Sending to ptd: 'Go,1000,0,2023-02-28_22-05-03_ranging'
ptd-server 2023-02-28 22:05:31,205 [INFO] Reply from ptd: 'Starting untimed measurement, maximum 500000 samples at 1000ms with 0 rampup samples'
ptd-server 2023-02-28 22:05:31,206 [INFO] Sending reply to client 'OK'
ptd-server 2023-02-28 22:15:55,121 [INFO] Got command from the client 'session,2023-02-28_22-05-03,stop,ranging'
ptd-server 2023-02-28 22:16:05,131 [INFO] Sending to ptd: 'Stop'
ptd-server 2023-02-28 22:16:05,132 [INFO] Reply from ptd: 'Stopping untimed measurement'
ptd-server 2023-02-28 22:16:05,650 [INFO] Sending reply to client 'OK'
ptd-server 2023-02-28 22:16:05,741 [INFO] Got command from the client 'time'
ptd-server 2023-02-28 22:16:05,742 [INFO] Sending reply to client '1677622565.7420828'
ptd-server 2023-02-28 22:16:05,745 [INFO] Got command from the client 'session,2023-02-28_22-05-03,start,testing'
ptd-server 2023-02-28 22:16:05,745 [INFO] Sending to ptd: 'SR,V,253.220000'
ptd-server 2023-02-28 22:16:07,246 [INFO] Reply from ptd: 'Range V changed'
ptd-server 2023-02-28 22:16:07,246 [INFO] Sending to ptd: 'SR,A,0.084960'
ptd-server 2023-02-28 22:16:08,748 [INFO] Reply from ptd: 'Range A changed'
ptd-server 2023-02-28 22:16:18,758 [INFO] Starting testing mode
ptd-server 2023-02-28 22:16:18,758 [INFO] Sending to ptd: 'Go,1000,0,2023-02-28_22-05-03_testing'
ptd-server 2023-02-28 22:16:18,759 [INFO] Reply from ptd: 'Starting untimed measurement, maximum 500000 samples at 1000ms with 0 rampup samples'
ptd-server 2023-02-28 22:16:18,759 [INFO] Sending reply to client 'OK'
ptd-server 2023-02-28 22:26:42,554 [INFO] Got command from the client 'session,2023-02-28_22-05-03,stop,testing'
ptd-server 2023-02-28 22:26:52,564 [INFO] Sending to ptd: 'Stop'
ptd-server 2023-02-28 22:26:52,564 [INFO] Reply from ptd: 'Stopping untimed measurement'
ptd-server 2023-02-28 22:26:52,849 [INFO] Sending reply to client 'OK'
ptd-server 2023-02-28 22:26:52,868 [INFO] Got command from the client 'session,2023-02-28_22-05-03,done'
ptd-server 2023-02-28 22:26:52,868 [INFO] Sending to ptd: 'Stop'
ptd-server 2023-02-28 22:26:52,868 [INFO] Reply from ptd: 'Error: no measurement to stop'
ptd-server 2023-02-28 22:26:52,869 [INFO] Sending to ptd: 'SR,V,300.000000'
ptd-server 2023-02-28 22:26:54,370 [INFO] Reply from ptd: 'Range V changed'
ptd-server 2023-02-28 22:26:54,370 [INFO] Sending to ptd: 'SR,A,0.100000'
ptd-server 2023-02-28 22:26:55,871 [INFO] Reply from ptd: 'Range A changed'
ptd-server 2023-02-28 22:26:55,872 [INFO] Set initial values for Amps 0.100000 and Volts 300.000000
ptd-server 2023-02-28 22:26:55,872 [INFO] Stopping ptd...
