ptd-server 2023-02-22 08:27:28,588 [INFO] Got command from the client 'time'
ptd-server 2023-02-22 08:27:28,588 [INFO] Sending reply to client '1677054448.5882514'
ptd-server 2023-02-22 08:27:28,589 [INFO] Got command from the client 'new,,d816e41c-fbe6-44b1-b2a5-6a207e835349'
ptd-server 2023-02-22 08:27:28,589 [INFO] Sending reply to client 'OK 2023-02-22_08-27-28,4bf39771-cc33-47fd-b6ed-a30834d2b27d'
ptd-server 2023-02-22 08:27:28,643 [INFO] Got command from the client 'time'
ptd-server 2023-02-22 08:27:28,643 [INFO] Sending reply to client '1677054448.6432483'
ptd-server 2023-02-22 08:27:28,644 [INFO] Got command from the client 'session,2023-02-22_08-27-28,start,ranging'
ptd-server 2023-02-22 08:27:28,644 [INFO] Running PTDaemon: ['/home/anton/projects/mlperf/power/inference_v1.0/ptd-linux-x86', '-l', '/tmp/tmp4yl1neqp/ptd_logfile.txt', '-p', '8888', '49', '/dev/usbtmc0']
ptd-server 2023-02-22 08:27:45,719 [INFO] Sending to ptd: 'Hello'
ptd-server 2023-02-22 08:27:45,719 [INFO] Reply from ptd: 'Hello, PTDaemon here!'
ptd-server 2023-02-22 08:27:45,720 [INFO] Sending to ptd: 'Identify'
ptd-server 2023-02-22 08:27:45,720 [INFO] Reply from ptd: 'YokogawaWT310E,1000,1,1,1,1,0,1,1,version=1.10.0-ed9a21d2-20220817,OS=Linux 5.15.0-60-generic #66~20.04.1-Ubuntu SMP Wed Jan 25 09:41:30 UTC 2023 x86_64,mode=power,1,1,1,0,0,no_cal_date,YOKOGAWA;WT310E;C3XA04010E;F1.04'
ptd-server 2023-02-22 08:27:45,720 [INFO] Connected to PTDaemon
ptd-server 2023-02-22 08:27:45,720 [INFO] Sending to ptd: 'RR'
ptd-server 2023-02-22 08:27:45,721 [INFO] Reply from ptd: 'Ranges,1,0.100000,1,300.000000'
ptd-server 2023-02-22 08:27:45,721 [INFO] Initial range for Amps is Auto for Volts is Auto
ptd-server 2023-02-22 08:27:45,721 [INFO] Sending to ptd: 'SR,V,Auto'
ptd-server 2023-02-22 08:27:46,223 [INFO] Reply from ptd: 'Range V changed'
ptd-server 2023-02-22 08:27:46,223 [INFO] Sending to ptd: 'SR,A,Auto'
ptd-server 2023-02-22 08:27:46,726 [INFO] Reply from ptd: 'Range A changed'
ptd-server 2023-02-22 08:27:56,736 [INFO] Starting ranging mode
ptd-server 2023-02-22 08:27:56,736 [INFO] Sending to ptd: 'Go,1000,0,2023-02-22_08-27-28_ranging'
ptd-server 2023-02-22 08:27:56,737 [INFO] Reply from ptd: 'Starting untimed measurement, maximum 500000 samples at 1000ms with 0 rampup samples'
ptd-server 2023-02-22 08:27:56,737 [INFO] Sending reply to client 'OK'
ptd-server 2023-02-22 08:38:28,716 [INFO] Got command from the client 'session,2023-02-22_08-27-28,stop,ranging'
ptd-server 2023-02-22 08:38:38,720 [INFO] Sending to ptd: 'Stop'
ptd-server 2023-02-22 08:38:38,720 [INFO] Reply from ptd: 'Stopping untimed measurement'
ptd-server 2023-02-22 08:38:39,143 [INFO] Sending reply to client 'OK'
ptd-server 2023-02-22 08:38:39,235 [INFO] Got command from the client 'time'
ptd-server 2023-02-22 08:38:39,236 [INFO] Sending reply to client '1677055119.2359977'
ptd-server 2023-02-22 08:38:39,237 [INFO] Got command from the client 'session,2023-02-22_08-27-28,start,testing'
ptd-server 2023-02-22 08:38:39,237 [INFO] Sending to ptd: 'SR,V,250.290000'
ptd-server 2023-02-22 08:38:40,738 [INFO] Reply from ptd: 'Range V changed'
ptd-server 2023-02-22 08:38:40,739 [INFO] Sending to ptd: 'SR,A,0.051600'
ptd-server 2023-02-22 08:38:42,240 [INFO] Reply from ptd: 'Range A changed'
ptd-server 2023-02-22 08:38:52,250 [INFO] Starting testing mode
ptd-server 2023-02-22 08:38:52,250 [INFO] Sending to ptd: 'Go,1000,0,2023-02-22_08-27-28_testing'
ptd-server 2023-02-22 08:38:52,251 [INFO] Reply from ptd: 'Starting untimed measurement, maximum 500000 samples at 1000ms with 0 rampup samples'
ptd-server 2023-02-22 08:38:52,251 [INFO] Sending reply to client 'OK'
ptd-server 2023-02-22 08:49:24,069 [INFO] Got command from the client 'session,2023-02-22_08-27-28,stop,testing'
ptd-server 2023-02-22 08:49:34,079 [INFO] Sending to ptd: 'Stop'
ptd-server 2023-02-22 08:49:34,080 [INFO] Reply from ptd: 'Stopping untimed measurement'
ptd-server 2023-02-22 08:49:34,297 [INFO] Sending reply to client 'OK'
ptd-server 2023-02-22 08:49:34,304 [INFO] Got command from the client 'session,2023-02-22_08-27-28,done'
ptd-server 2023-02-22 08:49:34,305 [INFO] Sending to ptd: 'Stop'
ptd-server 2023-02-22 08:49:34,305 [INFO] Reply from ptd: 'Error: no measurement to stop'
ptd-server 2023-02-22 08:49:34,305 [INFO] Sending to ptd: 'SR,V,Auto'
ptd-server 2023-02-22 08:49:34,807 [INFO] Reply from ptd: 'Range V changed'
ptd-server 2023-02-22 08:49:34,807 [INFO] Sending to ptd: 'SR,A,Auto'
ptd-server 2023-02-22 08:49:35,310 [INFO] Reply from ptd: 'Range A changed'
ptd-server 2023-02-22 08:49:35,310 [INFO] Set initial values for Amps Auto and Volts Auto
ptd-server 2023-02-22 08:49:35,310 [INFO] Stopping ptd...
