ptd-server 2023-03-02 19:30:27,499 [INFO] Got command from the client 'time'
ptd-server 2023-03-02 19:30:27,500 [INFO] Sending reply to client '1677785427.500219'
ptd-server 2023-03-02 19:30:27,502 [INFO] Got command from the client 'new,,546dd92b-5297-449d-9434-e10b52b34ed6'
ptd-server 2023-03-02 19:30:27,503 [INFO] Sending reply to client 'OK 2023-03-02_19-30-27,7668d419-c0b8-43e9-ac71-6f76039625e7'
ptd-server 2023-03-02 19:30:27,521 [INFO] Got command from the client 'time'
ptd-server 2023-03-02 19:30:27,521 [INFO] Sending reply to client '1677785427.5214615'
ptd-server 2023-03-02 19:30:27,523 [INFO] Got command from the client 'session,2023-03-02_19-30-27,start,ranging'
ptd-server 2023-03-02 19:30:27,524 [INFO] Running PTDaemon: ['/media/arjun/T7_Touch/hp-envy/CM/repos/local/cache/9b3695ca8255492a/power/inference_v1.0/ptd-linux-x86', '-l', '/tmp/tmpti64566v/ptd_logfile.txt', '-p', '8888', '49', '/dev/usbtmc0']
ptd-server 2023-03-02 19:30:44,623 [INFO] Sending to ptd: 'Hello'
ptd-server 2023-03-02 19:30:44,624 [INFO] Reply from ptd: 'Hello, PTDaemon here!'
ptd-server 2023-03-02 19:30:44,624 [INFO] Sending to ptd: 'Identify'
ptd-server 2023-03-02 19:30:44,625 [INFO] Reply from ptd: 'YokogawaWT310E,1000,1,1,1,1,0,1,1,version=1.10.0-ed9a21d2-20220817,OS=Linux 5.15.0-56-generic #62-Ubuntu SMP Tue Nov 22 19:54:14 UTC 2022 x86_64,mode=power,1,1,1,0,0,no_cal_date,YOKOGAWA;WT310E;C3YD21068E;F1.04'
ptd-server 2023-03-02 19:30:44,626 [INFO] Connected to PTDaemon
ptd-server 2023-03-02 19:30:44,626 [INFO] Sending to ptd: 'RR'
ptd-server 2023-03-02 19:30:44,627 [INFO] Reply from ptd: 'Ranges,1,1.000000,0,600.000000'
ptd-server 2023-03-02 19:30:44,627 [INFO] Initial range for Amps is Auto for Volts is 600.000000
ptd-server 2023-03-02 19:30:44,627 [INFO] Sending to ptd: 'SR,V,Auto'
ptd-server 2023-03-02 19:30:45,132 [INFO] Reply from ptd: 'Range V changed'
ptd-server 2023-03-02 19:30:45,132 [INFO] Sending to ptd: 'SR,A,Auto'
ptd-server 2023-03-02 19:30:45,636 [INFO] Reply from ptd: 'Range A changed'
ptd-server 2023-03-02 19:30:55,647 [INFO] Starting ranging mode
ptd-server 2023-03-02 19:30:55,648 [INFO] Sending to ptd: 'Go,1000,0,2023-03-02_19-30-27_ranging'
ptd-server 2023-03-02 19:30:55,649 [INFO] Reply from ptd: 'Starting untimed measurement, maximum 500000 samples at 1000ms with 0 rampup samples'
ptd-server 2023-03-02 19:30:55,649 [INFO] Sending reply to client 'OK'
ptd-server 2023-03-02 19:41:24,706 [INFO] Got command from the client 'session,2023-03-02_19-30-27,stop,ranging'
ptd-server 2023-03-02 19:41:34,717 [INFO] Sending to ptd: 'Stop'
ptd-server 2023-03-02 19:41:34,718 [INFO] Reply from ptd: 'Stopping untimed measurement'
ptd-server 2023-03-02 19:41:35,094 [INFO] Sending reply to client 'OK'
ptd-server 2023-03-02 19:41:35,115 [INFO] Got command from the client 'time'
ptd-server 2023-03-02 19:41:35,115 [INFO] Sending reply to client '1677786095.1157904'
ptd-server 2023-03-02 19:41:35,118 [INFO] Got command from the client 'session,2023-03-02_19-30-27,start,testing'
ptd-server 2023-03-02 19:41:35,118 [INFO] Sending to ptd: 'SR,V,248.250000'
ptd-server 2023-03-02 19:41:37,153 [INFO] Reply from ptd: 'Range V changed'
ptd-server 2023-03-02 19:41:37,154 [INFO] Sending to ptd: 'SR,A,2.491400'
ptd-server 2023-03-02 19:41:38,656 [INFO] Reply from ptd: 'Range A changed'
ptd-server 2023-03-02 19:41:48,667 [INFO] Starting testing mode
ptd-server 2023-03-02 19:41:48,668 [INFO] Sending to ptd: 'Go,1000,0,2023-03-02_19-30-27_testing'
ptd-server 2023-03-02 19:41:48,668 [INFO] Reply from ptd: 'Starting untimed measurement, maximum 500000 samples at 1000ms with 0 rampup samples'
ptd-server 2023-03-02 19:41:48,669 [INFO] Sending reply to client 'OK'
ptd-server 2023-03-02 19:52:17,270 [INFO] Got command from the client 'session,2023-03-02_19-30-27,stop,testing'
ptd-server 2023-03-02 19:52:27,281 [INFO] Sending to ptd: 'Stop'
ptd-server 2023-03-02 19:52:27,282 [INFO] Reply from ptd: 'Stopping untimed measurement'
ptd-server 2023-03-02 19:52:27,471 [INFO] Sending reply to client 'OK'
ptd-server 2023-03-02 19:52:27,475 [INFO] Got command from the client 'session,2023-03-02_19-30-27,done'
ptd-server 2023-03-02 19:52:27,475 [INFO] Sending to ptd: 'Stop'
ptd-server 2023-03-02 19:52:27,669 [INFO] Reply from ptd: 'Error: no measurement to stop'
ptd-server 2023-03-02 19:52:27,670 [INFO] Sending to ptd: 'SR,V,600.000000'
ptd-server 2023-03-02 19:52:29,172 [INFO] Reply from ptd: 'Range V changed'
ptd-server 2023-03-02 19:52:29,173 [INFO] Sending to ptd: 'SR,A,Auto'
ptd-server 2023-03-02 19:52:29,677 [INFO] Reply from ptd: 'Range A changed'
ptd-server 2023-03-02 19:52:29,677 [INFO] Set initial values for Amps Auto and Volts 600.000000
ptd-server 2023-03-02 19:52:29,678 [INFO] Stopping ptd...
