client 2023-02-23 23:17:47,802 [INFO] Creating output directory '/home/arjun/mobilenet_results/valid_results/arjun_orin-tflite_cpp-cpu-tflite-vmaster-default_config/mobilenet-v1-precision_float-0.25-128/singlestream/performance/tmp_power'
client 2023-02-23 23:17:47,822 [INFO] Sending command to the server: 'mlcommons/power client v3'
client 2023-02-23 23:17:47,825 [INFO] Got response: 'mlcommons/power server v3'
client 2023-02-23 23:17:47,825 [INFO] Synchronizing with the server and with time.google.com...
client 2023-02-23 23:17:47,850 [INFO] NTP:offset = 0.001 s, delay = 0.017 s 
client 2023-02-23 23:17:47,850 [INFO] Sending command to the server: 'time'
client 2023-02-23 23:17:47,854 [INFO] Got response: '1677194267.8544073'
client 2023-02-23 23:17:47,855 [INFO] The time difference between the client and the server is within range -3.886 ms..0.633 ms
client 2023-02-23 23:17:47,855 [INFO] Sending command to the server: 'new,,721d2b29-f7b9-44b0-bfea-c4f28f79dadb'
client 2023-02-23 23:17:47,862 [INFO] Got response: 'OK 2023-02-23_23-17-47,428d6300-30ff-4ad5-840c-277674913b6f'
client 2023-02-23 23:17:47,862 [INFO] Session id is '2023-02-23_23-17-47'
client 2023-02-23 23:17:47,863 [INFO] Sources: {"sources": {"__init__.py": "da39a3ee5e6b4b0d3255bfef95601890afd80709", "client.py": "33ca4f26368777ac06e01f9567b714a4b8063886", "lib/__init__.py": "da39a3ee5e6b4b0d3255bfef95601890afd80709", "lib/client.py": "4c2b78fb4849a7e5b584ef792d82aaed20b17f57", "lib/common.py": "624d0c0acc7c39aaff3674f0b99d6a09da53d1dc", "lib/external/__init__.py": "da39a3ee5e6b4b0d3255bfef95601890afd80709", "lib/external/ntplib.py": "4da8f970656505a40483206ef2b5d3dd5e81711d", "lib/server.py": "cda0cdfaee9bfa1249c64a7dd4f89b7bf1b279f0", "lib/source_hashes.py": "60a2e02193209e8d392803326208d5466342da18", "lib/summary.py": "aa92f0a3f975eecd44d3c0cd0236342ccc9f941d", "lib/time_sync.py": "3210db56eb0ff0df57bf4293dc4d4b03fffd46f1", "server.py": "c3f90f2f7eeb4db30727556d0c815ebc89b3d28b", "tests/unit/__init__.py": "da39a3ee5e6b4b0d3255bfef95601890afd80709", "tests/unit/test_server.py": "99ae15aef722f2000ee6ed1ae1523637bf1ae42b", "tests/unit/test_source_hashes.py": "00468a2907583c593e6574a1f6b404e4651c221a"}, "modules": {"ptd_client_server.lib.client": "lib/client.py", "ptd_client_server.lib.common": "lib/common.py", "ptd_client_server.lib.external.ntplib": "lib/external/ntplib.py", "ptd_client_server.lib.source_hashes": "lib/source_hashes.py", "ptd_client_server.lib.summary": "lib/summary.py", "ptd_client_server.lib.time_sync": "lib/time_sync.py"}}
client 2023-02-23 23:17:47,863 [INFO] Running workload in ranging mode
client 2023-02-23 23:17:47,863 [INFO] Synchronizing with the server and with time.google.com...
client 2023-02-23 23:17:47,884 [INFO] NTP:offset = 0.001 s, delay = 0.019 s 
client 2023-02-23 23:17:47,884 [INFO] Sending command to the server: 'time'
client 2023-02-23 23:17:47,889 [INFO] Got response: '1677194267.8877974'
client 2023-02-23 23:17:47,889 [INFO] The time difference between the client and the server is within range -3.412 ms..1.542 ms
client 2023-02-23 23:17:47,889 [INFO] Sending command to the server: 'session,2023-02-23_23-17-47,start,ranging'
client 2023-02-23 23:18:16,011 [INFO] Got response: 'OK'
client 2023-02-23 23:18:16,012 [INFO] Running the workload '/home/arjun/run.out'
client 2023-02-23 23:28:46,305 [INFO] Sending command to the server: 'session,2023-02-23_23-17-47,stop,ranging'
client 2023-02-23 23:28:56,384 [INFO] Got response: 'OK'
client 2023-02-23 23:28:56,406 [INFO] Copying loadgen logs from '/home/arjun/mobilenet_results/valid_results/arjun_orin-tflite_cpp-cpu-tflite-vmaster-default_config/mobilenet-v1-precision_float-0.25-128/singlestream/performance/run_1' to '/home/arjun/mobilenet_results/valid_results/arjun_orin-tflite_cpp-cpu-tflite-vmaster-default_config/mobilenet-v1-precision_float-0.25-128/singlestream/performance/tmp_power/ranging'
client 2023-02-23 23:28:56,408 [INFO] Running workload in testing mode
client 2023-02-23 23:28:56,408 [INFO] Synchronizing with the server and with time.google.com...
client 2023-02-23 23:28:56,441 [INFO] NTP:offset = 0.000 s, delay = 0.015 s 
client 2023-02-23 23:28:56,441 [INFO] Sending command to the server: 'time'
client 2023-02-23 23:28:56,445 [INFO] Got response: '1677194936.4451246'
client 2023-02-23 23:28:56,445 [INFO] The time difference between the client and the server is within range -3.492 ms..0.241 ms
client 2023-02-23 23:28:56,445 [INFO] Sending command to the server: 'session,2023-02-23_23-17-47,start,testing'
client 2023-02-23 23:29:10,030 [INFO] Got response: 'OK'
client 2023-02-23 23:29:10,031 [INFO] Running the workload '/home/arjun/run.out'
client 2023-02-23 23:39:45,419 [INFO] Sending command to the server: 'session,2023-02-23_23-17-47,stop,testing'
client 2023-02-23 23:39:55,655 [INFO] Got response: 'OK'
client 2023-02-23 23:39:55,660 [INFO] Copying loadgen logs from '/home/arjun/mobilenet_results/valid_results/arjun_orin-tflite_cpp-cpu-tflite-vmaster-default_config/mobilenet-v1-precision_float-0.25-128/singlestream/performance/run_1' to '/home/arjun/mobilenet_results/valid_results/arjun_orin-tflite_cpp-cpu-tflite-vmaster-default_config/mobilenet-v1-precision_float-0.25-128/singlestream/performance/tmp_power/run_1'
client 2023-02-23 23:39:55,661 [INFO] Done runs
