ptd-server 2023-02-28 07:35:58,721 [INFO] Got command from the client 'stop'
ptd-server 2023-02-28 07:35:58,722 [INFO] The server will be stopped after processing this client
ptd-server 2023-02-28 07:35:58,722 [INFO] Sending reply to client 'OK'
ptd-server 2023-02-28 07:35:58,727 [INFO] Got command from the client 'time'
ptd-server 2023-02-28 07:35:58,727 [INFO] Sending reply to client '1677569758.7270453'
ptd-server 2023-02-28 07:35:58,729 [INFO] Got command from the client 'new,,418b1955-4880-4bb4-8273-32861c43abb9'
ptd-server 2023-02-28 07:35:58,733 [INFO] Sending reply to client 'OK 2023-02-28_07-35-58,cd38de3f-8825-4a24-a0a0-f7b087f90220'
ptd-server 2023-02-28 07:35:58,736 [INFO] Got command from the client 'time'
ptd-server 2023-02-28 07:35:58,737 [INFO] Sending reply to client '1677569758.7374454'
ptd-server 2023-02-28 07:35:58,738 [INFO] Got command from the client 'session,2023-02-28_07-35-58,start,ranging'
ptd-server 2023-02-28 07:35:58,847 [INFO] Running PTDaemon: ['C:\\power-dev\\ptd_client_server\\ptd-windows-x86.exe', '-l', 'C:\\Users\\root\\AppData\\Local\\Temp\\tmpoeh465qw\\ptd_logfile.txt', '-p', '8888', '-c', '1', '-g', '8', '1']
ptd-server 2023-02-28 07:36:11,783 [INFO] Sending to ptd: 'Hello'
ptd-server 2023-02-28 07:36:11,785 [INFO] Reply from ptd: 'Hello, PTDaemon here!'
ptd-server 2023-02-28 07:36:11,786 [INFO] Sending to ptd: 'Identify'
ptd-server 2023-02-28 07:36:11,787 [INFO] Reply from ptd: 'YokogawaWT210,1000,1,1,1,1,0,0,1,version=1.10.0-82175bac-20220817,OS=Windows 8 / Server 2012,mode=power,1,1,1,0,0,no_cal_date,YOKOGAWA;760401;0;F1.12'
ptd-server 2023-02-28 07:36:11,787 [INFO] Connected to PTDaemon
ptd-server 2023-02-28 07:36:11,788 [INFO] Sending to ptd: 'RR'
ptd-server 2023-02-28 07:36:11,788 [INFO] Reply from ptd: 'Ranges,1,1.000000,1,300.000000'
ptd-server 2023-02-28 07:36:11,790 [INFO] Initial range for Amps is Auto for Volts is Auto
ptd-server 2023-02-28 07:36:11,790 [INFO] Sending to ptd: 'SR,V,Auto'
ptd-server 2023-02-28 07:36:12,315 [INFO] Reply from ptd: 'Range V changed'
ptd-server 2023-02-28 07:36:12,317 [INFO] Sending to ptd: 'SR,A,Auto'
ptd-server 2023-02-28 07:36:12,845 [INFO] Reply from ptd: 'Range A changed'
ptd-server 2023-02-28 07:36:22,852 [INFO] Starting ranging mode
ptd-server 2023-02-28 07:36:22,852 [INFO] Sending to ptd: 'Go,1000,0,2023-02-28_07-35-58_ranging'
ptd-server 2023-02-28 07:36:22,853 [INFO] Reply from ptd: 'Starting untimed measurement, maximum 500000 samples at 1000ms with 0 rampup samples'
ptd-server 2023-02-28 07:36:22,854 [INFO] Sending reply to client 'OK'
ptd-server 2023-02-28 07:46:30,119 [INFO] Got command from the client 'session,2023-02-28_07-35-58,stop,ranging'
ptd-server 2023-02-28 07:46:40,131 [INFO] Sending to ptd: 'Stop'
ptd-server 2023-02-28 07:46:40,131 [INFO] Reply from ptd: 'Stopping untimed measurement'
ptd-server 2023-02-28 07:46:40,165 [INFO] Sending reply to client 'OK'
ptd-server 2023-02-28 07:46:40,179 [INFO] Got command from the client 'time'
ptd-server 2023-02-28 07:46:40,179 [INFO] Sending reply to client '1677570400.1796496'
ptd-server 2023-02-28 07:46:40,180 [INFO] Got command from the client 'session,2023-02-28_07-35-58,start,testing'
ptd-server 2023-02-28 07:46:40,181 [INFO] Sending to ptd: 'SR,V,212.490000'
ptd-server 2023-02-28 07:46:42,391 [INFO] Reply from ptd: 'Range V changed'
ptd-server 2023-02-28 07:46:42,393 [INFO] Sending to ptd: 'SR,A,1.128400'
ptd-server 2023-02-28 07:46:43,923 [INFO] Reply from ptd: 'Range A changed'
ptd-server 2023-02-28 07:46:53,935 [INFO] Starting testing mode
ptd-server 2023-02-28 07:46:53,936 [INFO] Sending to ptd: 'Go,1000,0,2023-02-28_07-35-58_testing'
ptd-server 2023-02-28 07:46:53,937 [INFO] Reply from ptd: 'Starting untimed measurement, maximum 500000 samples at 1000ms with 0 rampup samples'
ptd-server 2023-02-28 07:46:53,938 [INFO] Sending reply to client 'OK'
ptd-server 2023-02-28 07:57:01,205 [INFO] Got command from the client 'session,2023-02-28_07-35-58,stop,testing'
ptd-server 2023-02-28 07:57:11,215 [INFO] Sending to ptd: 'Stop'
ptd-server 2023-02-28 07:57:11,216 [INFO] Reply from ptd: 'Stopping untimed measurement'
ptd-server 2023-02-28 07:57:11,226 [INFO] Sending reply to client 'OK'
ptd-server 2023-02-28 07:57:11,235 [INFO] Got command from the client 'session,2023-02-28_07-35-58,done'
ptd-server 2023-02-28 07:57:11,235 [INFO] Sending to ptd: 'Stop'
ptd-server 2023-02-28 07:57:11,951 [INFO] Reply from ptd: 'Error: no measurement to stop'
ptd-server 2023-02-28 07:57:11,952 [INFO] Sending to ptd: 'SR,V,Auto'
ptd-server 2023-02-28 07:57:12,470 [INFO] Reply from ptd: 'Range V changed'
ptd-server 2023-02-28 07:57:12,471 [INFO] Sending to ptd: 'SR,A,Auto'
ptd-server 2023-02-28 07:57:13,000 [INFO] Reply from ptd: 'Range A changed'
ptd-server 2023-02-28 07:57:13,001 [INFO] Set initial values for Amps Auto and Volts Auto
ptd-server 2023-02-28 07:57:13,001 [INFO] Stopping ptd...
