ptd-server 2023-02-22 06:37:29,078 [INFO] Got command from the client 'time'
ptd-server 2023-02-22 06:37:29,078 [INFO] Sending reply to client '1677047849.0785239'
ptd-server 2023-02-22 06:37:29,079 [INFO] Got command from the client 'new,,15580008-b83a-4ea5-86f0-fd1011fe4e6b'
ptd-server 2023-02-22 06:37:29,080 [INFO] Sending reply to client 'OK 2023-02-22_06-37-29,812d4849-c83d-47b2-9905-a6bb6676c11d'
ptd-server 2023-02-22 06:37:29,105 [INFO] Got command from the client 'time'
ptd-server 2023-02-22 06:37:29,105 [INFO] Sending reply to client '1677047849.1051402'
ptd-server 2023-02-22 06:37:29,106 [INFO] Got command from the client 'session,2023-02-22_06-37-29,start,ranging'
ptd-server 2023-02-22 06:37:29,106 [INFO] Running PTDaemon: ['/home/anton/projects/mlperf/power/inference_v1.0/ptd-linux-x86', '-l', '/tmp/tmp4yl1neqp/ptd_logfile.txt', '-p', '8888', '49', '/dev/usbtmc0']
ptd-server 2023-02-22 06:37:46,180 [INFO] Sending to ptd: 'Hello'
ptd-server 2023-02-22 06:37:46,181 [INFO] Reply from ptd: 'Hello, PTDaemon here!'
ptd-server 2023-02-22 06:37:46,181 [INFO] Sending to ptd: 'Identify'
ptd-server 2023-02-22 06:37:46,181 [INFO] Reply from ptd: 'YokogawaWT310E,1000,1,1,1,1,0,1,1,version=1.10.0-ed9a21d2-20220817,OS=Linux 5.15.0-60-generic #66~20.04.1-Ubuntu SMP Wed Jan 25 09:41:30 UTC 2023 x86_64,mode=power,1,1,1,0,0,no_cal_date,YOKOGAWA;WT310E;C3XA04010E;F1.04'
ptd-server 2023-02-22 06:37:46,181 [INFO] Connected to PTDaemon
ptd-server 2023-02-22 06:37:46,182 [INFO] Sending to ptd: 'RR'
ptd-server 2023-02-22 06:37:46,182 [INFO] Reply from ptd: 'Ranges,1,0.100000,1,300.000000'
ptd-server 2023-02-22 06:37:46,182 [INFO] Initial range for Amps is Auto for Volts is Auto
ptd-server 2023-02-22 06:37:46,182 [INFO] Sending to ptd: 'SR,V,Auto'
ptd-server 2023-02-22 06:37:46,685 [INFO] Reply from ptd: 'Range V changed'
ptd-server 2023-02-22 06:37:46,685 [INFO] Sending to ptd: 'SR,A,Auto'
ptd-server 2023-02-22 06:37:47,187 [INFO] Reply from ptd: 'Range A changed'
ptd-server 2023-02-22 06:37:57,198 [INFO] Starting ranging mode
ptd-server 2023-02-22 06:37:57,198 [INFO] Sending to ptd: 'Go,1000,0,2023-02-22_06-37-29_ranging'
ptd-server 2023-02-22 06:37:57,198 [INFO] Reply from ptd: 'Starting untimed measurement, maximum 500000 samples at 1000ms with 0 rampup samples'
ptd-server 2023-02-22 06:37:57,198 [INFO] Sending reply to client 'OK'
ptd-server 2023-02-22 06:48:17,084 [INFO] Got command from the client 'session,2023-02-22_06-37-29,stop,ranging'
ptd-server 2023-02-22 06:48:27,094 [INFO] Sending to ptd: 'Stop'
ptd-server 2023-02-22 06:48:27,095 [INFO] Reply from ptd: 'Stopping untimed measurement'
ptd-server 2023-02-22 06:48:27,523 [INFO] Sending reply to client 'OK'
ptd-server 2023-02-22 06:48:27,556 [INFO] Got command from the client 'time'
ptd-server 2023-02-22 06:48:27,557 [INFO] Sending reply to client '1677048507.5569835'
ptd-server 2023-02-22 06:48:27,557 [INFO] Got command from the client 'session,2023-02-22_06-37-29,start,testing'
ptd-server 2023-02-22 06:48:27,558 [INFO] Sending to ptd: 'SR,V,253.240000'
ptd-server 2023-02-22 06:48:29,059 [INFO] Reply from ptd: 'Range V changed'
ptd-server 2023-02-22 06:48:29,059 [INFO] Sending to ptd: 'SR,A,0.051900'
ptd-server 2023-02-22 06:48:30,561 [INFO] Reply from ptd: 'Range A changed'
ptd-server 2023-02-22 06:48:40,571 [INFO] Starting testing mode
ptd-server 2023-02-22 06:48:40,571 [INFO] Sending to ptd: 'Go,1000,0,2023-02-22_06-37-29_testing'
ptd-server 2023-02-22 06:48:40,571 [INFO] Reply from ptd: 'Starting untimed measurement, maximum 500000 samples at 1000ms with 0 rampup samples'
ptd-server 2023-02-22 06:48:40,572 [INFO] Sending reply to client 'OK'
ptd-server 2023-02-22 06:59:00,405 [INFO] Got command from the client 'session,2023-02-22_06-37-29,stop,testing'
ptd-server 2023-02-22 06:59:10,415 [INFO] Sending to ptd: 'Stop'
ptd-server 2023-02-22 06:59:10,415 [INFO] Reply from ptd: 'Stopping untimed measurement'
ptd-server 2023-02-22 06:59:10,626 [INFO] Sending reply to client 'OK'
ptd-server 2023-02-22 06:59:10,634 [INFO] Got command from the client 'session,2023-02-22_06-37-29,done'
ptd-server 2023-02-22 06:59:10,634 [INFO] Sending to ptd: 'Stop'
ptd-server 2023-02-22 06:59:10,634 [INFO] Reply from ptd: 'Error: no measurement to stop'
ptd-server 2023-02-22 06:59:10,634 [INFO] Sending to ptd: 'SR,V,Auto'
ptd-server 2023-02-22 06:59:11,136 [INFO] Reply from ptd: 'Range V changed'
ptd-server 2023-02-22 06:59:11,137 [INFO] Sending to ptd: 'SR,A,Auto'
ptd-server 2023-02-22 06:59:11,639 [INFO] Reply from ptd: 'Range A changed'
ptd-server 2023-02-22 06:59:11,639 [INFO] Set initial values for Amps Auto and Volts Auto
ptd-server 2023-02-22 06:59:11,639 [INFO] Stopping ptd...
