ptd-server 2023-02-24 06:06:42,050 [INFO] Got command from the client 'time'
ptd-server 2023-02-24 06:06:42,050 [INFO] Sending reply to client '1677240402.050366'
ptd-server 2023-02-24 06:06:42,051 [INFO] Got command from the client 'new,,2d5c1803-0eca-4057-b0ca-9ad639b361a3'
ptd-server 2023-02-24 06:06:42,052 [INFO] Sending reply to client 'OK 2023-02-24_06-06-42,fdcd4194-b22e-44d8-9b94-5237b393d404'
ptd-server 2023-02-24 06:06:42,153 [INFO] Got command from the client 'time'
ptd-server 2023-02-24 06:06:42,153 [INFO] Sending reply to client '1677240402.1539211'
ptd-server 2023-02-24 06:06:42,155 [INFO] Got command from the client 'session,2023-02-24_06-06-42,start,ranging'
ptd-server 2023-02-24 06:06:42,155 [INFO] Running PTDaemon: ['/local/mnt/workspace/mlcommons/power-main/inference_v1.0/ptd-linux-x86', '-l', '/tmp/tmpqybqiqrs/ptd_logfile.txt', '-p', '8888', '-c', '1,2', '77', '/dev/usbtmc0']
ptd-server 2023-02-24 06:07:00,689 [INFO] Sending to ptd: 'Hello'
ptd-server 2023-02-24 06:07:00,690 [INFO] Reply from ptd: 'Hello, PTDaemon here!'
ptd-server 2023-02-24 06:07:00,690 [INFO] Sending to ptd: 'Identify'
ptd-server 2023-02-24 06:07:00,690 [INFO] Reply from ptd: 'YokogawaWT330_multichannel,1000,1,1,1,1,0,0,1,version=1.10.0-ed9a21d2-20220817,OS=Linux 5.4.0-120-generic #136~18.04.1-Ubuntu SMP Fri Jun 10 18:00:44 UTC 2022 x86_64,mode=power,1,1,2,0,0,no_cal_date,YOKOGAWA;WT333E;C2XC17004V;F1.04'
ptd-server 2023-02-24 06:07:00,691 [INFO] Connected to PTDaemon
ptd-server 2023-02-24 06:07:00,691 [INFO] Sending to ptd: 'RR'
ptd-server 2023-02-24 06:07:00,691 [INFO] Reply from ptd: 'Ranges,1,5.000000,1,300.000000'
ptd-server 2023-02-24 06:07:00,691 [INFO] Initial range for Amps is Auto for Volts is Auto
ptd-server 2023-02-24 06:07:00,692 [INFO] Sending to ptd: 'SR,V,Auto'
ptd-server 2023-02-24 06:07:05,745 [INFO] Reply from ptd: 'Range V changed'
ptd-server 2023-02-24 06:07:05,745 [INFO] Sending to ptd: 'SR,A,Auto'
ptd-server 2023-02-24 06:07:10,799 [INFO] Reply from ptd: 'Range A changed'
ptd-server 2023-02-24 06:07:20,810 [INFO] Starting ranging mode
ptd-server 2023-02-24 06:07:20,810 [INFO] Sending to ptd: 'Go,1000,0,2023-02-24_06-06-42_ranging'
ptd-server 2023-02-24 06:07:20,810 [INFO] Reply from ptd: 'Starting untimed measurement, maximum 500000 samples at 1000ms with 0 rampup samples'
ptd-server 2023-02-24 06:07:20,811 [INFO] Sending reply to client 'OK'
ptd-server 2023-02-24 06:25:01,096 [INFO] Got command from the client 'session,2023-02-24_06-06-42,stop,ranging'
ptd-server 2023-02-24 06:25:11,099 [INFO] Sending to ptd: 'Stop'
ptd-server 2023-02-24 06:25:11,099 [INFO] Reply from ptd: 'Stopping untimed measurement'
ptd-server 2023-02-24 06:25:11,153 [INFO] Sending reply to client 'OK'
ptd-server 2023-02-24 06:25:11,279 [INFO] Got command from the client 'time'
ptd-server 2023-02-24 06:25:11,279 [INFO] Sending reply to client '1677241511.279247'
ptd-server 2023-02-24 06:25:11,281 [INFO] Got command from the client 'session,2023-02-24_06-06-42,start,testing'
ptd-server 2023-02-24 06:25:11,281 [INFO] Sending to ptd: 'SR,V,208.480000'
ptd-server 2023-02-24 06:25:17,862 [INFO] Reply from ptd: 'Range V changed'
ptd-server 2023-02-24 06:25:17,863 [INFO] Sending to ptd: 'SR,A,3.370100'
ptd-server 2023-02-24 06:25:23,415 [INFO] Reply from ptd: 'Range A changed'
ptd-server 2023-02-24 06:25:33,416 [INFO] Starting testing mode
ptd-server 2023-02-24 06:25:33,416 [INFO] Sending to ptd: 'Go,1000,0,2023-02-24_06-06-42_testing'
ptd-server 2023-02-24 06:25:33,417 [INFO] Reply from ptd: 'Starting untimed measurement, maximum 500000 samples at 1000ms with 0 rampup samples'
ptd-server 2023-02-24 06:25:33,417 [INFO] Sending reply to client 'OK'
ptd-server 2023-02-24 06:43:18,148 [INFO] Got command from the client 'session,2023-02-24_06-06-42,stop,testing'
ptd-server 2023-02-24 06:43:28,159 [INFO] Sending to ptd: 'Stop'
ptd-server 2023-02-24 06:43:28,159 [INFO] Reply from ptd: 'Stopping untimed measurement'
ptd-server 2023-02-24 06:43:28,183 [INFO] Sending reply to client 'OK'
ptd-server 2023-02-24 06:43:28,200 [INFO] Got command from the client 'session,2023-02-24_06-06-42,done'
ptd-server 2023-02-24 06:43:28,200 [INFO] Sending to ptd: 'Stop'
ptd-server 2023-02-24 06:43:28,418 [INFO] Reply from ptd: 'Error: no measurement to stop'
ptd-server 2023-02-24 06:43:28,418 [INFO] Sending to ptd: 'SR,V,Auto'
ptd-server 2023-02-24 06:43:33,471 [INFO] Reply from ptd: 'Range V changed'
ptd-server 2023-02-24 06:43:33,472 [INFO] Sending to ptd: 'SR,A,Auto'
ptd-server 2023-02-24 06:43:38,525 [INFO] Reply from ptd: 'Range A changed'
ptd-server 2023-02-24 06:43:38,525 [INFO] Set initial values for Amps Auto and Volts Auto
ptd-server 2023-02-24 06:43:38,526 [INFO] Stopping ptd...
