ptd-server 2023-02-28 17:04:08,811 [INFO] Got command from the client 'time'
ptd-server 2023-02-28 17:04:08,811 [INFO] Sending reply to client '1677603848.811681'
ptd-server 2023-02-28 17:04:08,813 [INFO] Got command from the client 'new,,8e9b2ef2-2634-44a8-bc0d-246004bf6b88'
ptd-server 2023-02-28 17:04:08,813 [INFO] Sending reply to client 'OK 2023-02-28_17-04-08,0f4bb9d5-ad5a-480e-80a2-ea476e665ce5'
ptd-server 2023-02-28 17:04:08,835 [INFO] Got command from the client 'time'
ptd-server 2023-02-28 17:04:08,835 [INFO] Sending reply to client '1677603848.835946'
ptd-server 2023-02-28 17:04:08,837 [INFO] Got command from the client 'session,2023-02-28_17-04-08,start,ranging'
ptd-server 2023-02-28 17:04:08,837 [INFO] Running PTDaemon: ['/home/anton/projects/mlperf/power/inference_v1.0/ptd-linux-x86', '-l', '/tmp/tmpu4v721n6/ptd_logfile.txt', '-p', '8888', '49', '/dev/usbtmc0']
ptd-server 2023-02-28 17:04:25,923 [INFO] Sending to ptd: 'Hello'
ptd-server 2023-02-28 17:04:25,924 [INFO] Reply from ptd: 'Hello, PTDaemon here!'
ptd-server 2023-02-28 17:04:25,924 [INFO] Sending to ptd: 'Identify'
ptd-server 2023-02-28 17:04:25,924 [INFO] Reply from ptd: 'YokogawaWT310E,1000,1,1,1,1,0,1,1,version=1.10.0-ed9a21d2-20220817,OS=Linux 5.15.0-60-generic #66~20.04.1-Ubuntu SMP Wed Jan 25 09:41:30 UTC 2023 x86_64,mode=power,1,1,1,0,0,no_cal_date,YOKOGAWA;WT310E;C3XA04010E;F1.04'
ptd-server 2023-02-28 17:04:25,924 [INFO] Connected to PTDaemon
ptd-server 2023-02-28 17:04:25,924 [INFO] Sending to ptd: 'RR'
ptd-server 2023-02-28 17:04:25,924 [INFO] Reply from ptd: 'Ranges,0,0.100000,0,300.000000'
ptd-server 2023-02-28 17:04:25,924 [INFO] Initial range for Amps is 0.100000 for Volts is 300.000000
ptd-server 2023-02-28 17:04:25,925 [INFO] Sending to ptd: 'SR,V,Auto'
ptd-server 2023-02-28 17:04:26,427 [INFO] Reply from ptd: 'Range V changed'
ptd-server 2023-02-28 17:04:26,427 [INFO] Sending to ptd: 'SR,A,Auto'
ptd-server 2023-02-28 17:04:26,930 [INFO] Reply from ptd: 'Range A changed'
ptd-server 2023-02-28 17:04:36,940 [INFO] Starting ranging mode
ptd-server 2023-02-28 17:04:36,940 [INFO] Sending to ptd: 'Go,1000,0,2023-02-28_17-04-08_ranging'
ptd-server 2023-02-28 17:04:36,940 [INFO] Reply from ptd: 'Starting untimed measurement, maximum 500000 samples at 1000ms with 0 rampup samples'
ptd-server 2023-02-28 17:04:36,941 [INFO] Sending reply to client 'OK'
ptd-server 2023-02-28 17:15:00,972 [INFO] Got command from the client 'session,2023-02-28_17-04-08,stop,ranging'
ptd-server 2023-02-28 17:15:10,981 [INFO] Sending to ptd: 'Stop'
ptd-server 2023-02-28 17:15:10,981 [INFO] Reply from ptd: 'Stopping untimed measurement'
ptd-server 2023-02-28 17:15:11,478 [INFO] Sending reply to client 'OK'
ptd-server 2023-02-28 17:15:11,567 [INFO] Got command from the client 'time'
ptd-server 2023-02-28 17:15:11,567 [INFO] Sending reply to client '1677604511.567348'
ptd-server 2023-02-28 17:15:11,569 [INFO] Got command from the client 'session,2023-02-28_17-04-08,start,testing'
ptd-server 2023-02-28 17:15:11,569 [INFO] Sending to ptd: 'SR,V,250.120000'
ptd-server 2023-02-28 17:15:13,442 [INFO] Reply from ptd: 'Range V changed'
ptd-server 2023-02-28 17:15:13,442 [INFO] Sending to ptd: 'SR,A,0.091450'
ptd-server 2023-02-28 17:15:14,944 [INFO] Reply from ptd: 'Range A changed'
ptd-server 2023-02-28 17:15:24,954 [INFO] Starting testing mode
ptd-server 2023-02-28 17:15:24,954 [INFO] Sending to ptd: 'Go,1000,0,2023-02-28_17-04-08_testing'
ptd-server 2023-02-28 17:15:24,955 [INFO] Reply from ptd: 'Starting untimed measurement, maximum 500000 samples at 1000ms with 0 rampup samples'
ptd-server 2023-02-28 17:15:24,955 [INFO] Sending reply to client 'OK'
ptd-server 2023-02-28 17:25:48,999 [INFO] Got command from the client 'session,2023-02-28_17-04-08,stop,testing'
ptd-server 2023-02-28 17:25:59,010 [INFO] Sending to ptd: 'Stop'
ptd-server 2023-02-28 17:25:59,010 [INFO] Reply from ptd: 'Stopping untimed measurement'
ptd-server 2023-02-28 17:25:59,270 [INFO] Sending reply to client 'OK'
ptd-server 2023-02-28 17:25:59,289 [INFO] Got command from the client 'session,2023-02-28_17-04-08,done'
ptd-server 2023-02-28 17:25:59,290 [INFO] Sending to ptd: 'Stop'
ptd-server 2023-02-28 17:25:59,955 [INFO] Reply from ptd: 'Error: no measurement to stop'
ptd-server 2023-02-28 17:25:59,956 [INFO] Sending to ptd: 'SR,V,300.000000'
ptd-server 2023-02-28 17:26:01,457 [INFO] Reply from ptd: 'Range V changed'
ptd-server 2023-02-28 17:26:01,457 [INFO] Sending to ptd: 'SR,A,0.100000'
ptd-server 2023-02-28 17:26:02,958 [INFO] Reply from ptd: 'Range A changed'
ptd-server 2023-02-28 17:26:02,959 [INFO] Set initial values for Amps 0.100000 and Volts 300.000000
ptd-server 2023-02-28 17:26:02,959 [INFO] Stopping ptd...
