ptd-server 2023-02-23 19:25:23,949 [INFO] Got command from the client 'time'
ptd-server 2023-02-23 19:25:23,949 [INFO] Sending reply to client '1677201923.9495664'
ptd-server 2023-02-23 19:25:23,951 [INFO] Got command from the client 'new,,8041819f-76bf-4e7a-a67f-cc6f00781159'
ptd-server 2023-02-23 19:25:23,951 [INFO] Sending reply to client 'OK 2023-02-23_19-25-23,23eda576-b290-40a6-9d76-03bbf5e6358d'
ptd-server 2023-02-23 19:25:24,034 [INFO] Got command from the client 'time'
ptd-server 2023-02-23 19:25:24,034 [INFO] Sending reply to client '1677201924.034535'
ptd-server 2023-02-23 19:25:24,036 [INFO] Got command from the client 'session,2023-02-23_19-25-23,start,ranging'
ptd-server 2023-02-23 19:25:24,036 [INFO] Running PTDaemon: ['/local/mnt/workspace/mlcommons/power-main/inference_v1.0/ptd-linux-x86', '-l', '/tmp/tmprs1r_car/ptd_logfile.txt', '-p', '8888', '-c', '1', '52', '/dev/usbtmc0']
ptd-server 2023-02-23 19:25:41,057 [INFO] Sending to ptd: 'Hello'
ptd-server 2023-02-23 19:25:41,058 [INFO] Reply from ptd: 'Hello, PTDaemon here!'
ptd-server 2023-02-23 19:25:41,058 [INFO] Sending to ptd: 'Identify'
ptd-server 2023-02-23 19:25:41,059 [INFO] Reply from ptd: 'YokogawaWT330,1000,1,1,1,1,0,0,1,version=1.10.0-ed9a21d2-20220817,OS=Linux 5.4.0-120-generic #136~18.04.1-Ubuntu SMP Fri Jun 10 18:00:44 UTC 2022 x86_64,mode=power,1,1,1,0,0,no_cal_date,YOKOGAWA;WT333;C2SF14011V;F1.01EM'
ptd-server 2023-02-23 19:25:41,059 [INFO] Connected to PTDaemon
ptd-server 2023-02-23 19:25:41,059 [INFO] Sending to ptd: 'RR'
ptd-server 2023-02-23 19:25:41,060 [INFO] Reply from ptd: 'Ranges,0,5.000000,0,150.000000'
ptd-server 2023-02-23 19:25:41,060 [INFO] Initial range for Amps is 5.000000 for Volts is 150.000000
ptd-server 2023-02-23 19:25:41,060 [INFO] Sending to ptd: 'SR,V,Auto'
ptd-server 2023-02-23 19:25:41,600 [INFO] Reply from ptd: 'Range V changed'
ptd-server 2023-02-23 19:25:41,600 [INFO] Sending to ptd: 'SR,A,20'
ptd-server 2023-02-23 19:25:43,102 [INFO] Reply from ptd: 'Range A changed'
ptd-server 2023-02-23 19:25:53,113 [INFO] Starting ranging mode
ptd-server 2023-02-23 19:25:53,113 [INFO] Sending to ptd: 'Go,1000,0,2023-02-23_19-25-23_ranging'
ptd-server 2023-02-23 19:25:53,114 [INFO] Reply from ptd: 'Starting untimed measurement, maximum 500000 samples at 1000ms with 0 rampup samples'
ptd-server 2023-02-23 19:25:53,114 [INFO] Sending reply to client 'OK'
ptd-server 2023-02-23 19:38:20,237 [INFO] Got command from the client 'session,2023-02-23_19-25-23,stop,ranging'
ptd-server 2023-02-23 19:38:30,248 [INFO] Sending to ptd: 'Stop'
ptd-server 2023-02-23 19:38:30,249 [INFO] Reply from ptd: 'Stopping untimed measurement'
ptd-server 2023-02-23 19:38:30,307 [INFO] Sending reply to client 'OK'
ptd-server 2023-02-23 19:38:30,399 [INFO] Got command from the client 'time'
ptd-server 2023-02-23 19:38:30,400 [INFO] Sending reply to client '1677202710.4002051'
ptd-server 2023-02-23 19:38:30,401 [INFO] Got command from the client 'session,2023-02-23_19-25-23,start,testing'
ptd-server 2023-02-23 19:38:30,402 [INFO] Sending to ptd: 'SR,V,124.160000'
ptd-server 2023-02-23 19:38:32,616 [INFO] Reply from ptd: 'Range V changed'
ptd-server 2023-02-23 19:38:32,616 [INFO] Sending to ptd: 'SR,A,1.944000'
ptd-server 2023-02-23 19:38:34,118 [INFO] Reply from ptd: 'Range A changed'
ptd-server 2023-02-23 19:38:44,129 [INFO] Starting testing mode
ptd-server 2023-02-23 19:38:44,129 [INFO] Sending to ptd: 'Go,1000,0,2023-02-23_19-25-23_testing'
ptd-server 2023-02-23 19:38:44,130 [INFO] Reply from ptd: 'Starting untimed measurement, maximum 500000 samples at 1000ms with 0 rampup samples'
ptd-server 2023-02-23 19:38:44,130 [INFO] Sending reply to client 'OK'
ptd-server 2023-02-23 19:51:11,130 [INFO] Got command from the client 'session,2023-02-23_19-25-23,stop,testing'
ptd-server 2023-02-23 19:51:21,139 [INFO] Sending to ptd: 'Stop'
ptd-server 2023-02-23 19:51:21,139 [INFO] Reply from ptd: 'Stopping untimed measurement'
ptd-server 2023-02-23 19:51:21,170 [INFO] Sending reply to client 'OK'
ptd-server 2023-02-23 19:51:21,179 [INFO] Got command from the client 'session,2023-02-23_19-25-23,done'
ptd-server 2023-02-23 19:51:21,179 [INFO] Sending to ptd: 'Stop'
ptd-server 2023-02-23 19:51:22,131 [INFO] Reply from ptd: 'Error: no measurement to stop'
ptd-server 2023-02-23 19:51:22,132 [INFO] Sending to ptd: 'SR,V,150.000000'
ptd-server 2023-02-23 19:51:23,634 [INFO] Reply from ptd: 'Range V changed'
ptd-server 2023-02-23 19:51:23,634 [INFO] Sending to ptd: 'SR,A,5.000000'
ptd-server 2023-02-23 19:51:25,136 [INFO] Reply from ptd: 'Range A changed'
ptd-server 2023-02-23 19:51:25,136 [INFO] Set initial values for Amps 5.000000 and Volts 150.000000
ptd-server 2023-02-23 19:51:25,136 [INFO] Stopping ptd...
