ptd-server 2023-02-24 18:05:12,393 [INFO] Got command from the client 'stop'
ptd-server 2023-02-24 18:05:12,393 [INFO] The server will be stopped after processing this client
ptd-server 2023-02-24 18:05:12,393 [INFO] Sending reply to client 'OK'
ptd-server 2023-02-24 18:05:12,395 [INFO] Got command from the client 'time'
ptd-server 2023-02-24 18:05:12,396 [INFO] Sending reply to client '1677261912.3960297'
ptd-server 2023-02-24 18:05:12,396 [INFO] Got command from the client 'new,,f6c0abb7-1cff-49d6-80be-2c44f58c6910'
ptd-server 2023-02-24 18:05:12,396 [INFO] Sending reply to client 'OK 2023-02-24_18-05-12,c02a4a8e-6d1c-4a49-bdc2-7ed37bed3a19'
ptd-server 2023-02-24 18:05:12,398 [INFO] Got command from the client 'time'
ptd-server 2023-02-24 18:05:12,398 [INFO] Sending reply to client '1677261912.3987634'
ptd-server 2023-02-24 18:05:12,399 [INFO] Got command from the client 'session,2023-02-24_18-05-12,start,ranging'
ptd-server 2023-02-24 18:05:12,509 [INFO] Running PTDaemon: ['C:\\PTD\\ptd-windows-x86.exe', '-l', 'C:\\Users\\pa\\AppData\\Local\\Temp\\tmpac8e9_gk\\ptd_logfile.txt', '-p', '8888', '-c', '1,2', '-y', '77', 'C2WL21005V']
ptd-server 2023-02-24 18:05:31,764 [INFO] Sending to ptd: 'Hello'
ptd-server 2023-02-24 18:05:31,765 [INFO] Reply from ptd: 'Hello, PTDaemon here!'
ptd-server 2023-02-24 18:05:31,765 [INFO] Sending to ptd: 'Identify'
ptd-server 2023-02-24 18:05:31,765 [INFO] Reply from ptd: 'YokogawaWT330_multichannel,1000,1,1,1,1,0,0,1,version=1.10.0-82175bac-20220817,OS=Windows 8 / Server 2012,mode=power,1,1,2,0,0,no_cal_date,YOKOGAWA;WT333;C2WL21005V;F1.04EM'
ptd-server 2023-02-24 18:05:31,766 [INFO] Connected to PTDaemon
ptd-server 2023-02-24 18:05:31,766 [INFO] Sending to ptd: 'RR'
ptd-server 2023-02-24 18:05:31,766 [INFO] Reply from ptd: 'Ranges,1,5.000000,1,150.000000'
ptd-server 2023-02-24 18:05:31,767 [INFO] Initial range for Amps is Auto for Volts is Auto
ptd-server 2023-02-24 18:05:31,767 [INFO] Sending to ptd: 'SR,V,Auto'
ptd-server 2023-02-24 18:05:36,839 [INFO] Reply from ptd: 'Range V changed'
ptd-server 2023-02-24 18:05:36,839 [INFO] Sending to ptd: 'SR,A,Auto'
ptd-server 2023-02-24 18:05:41,916 [INFO] Reply from ptd: 'Range A changed'
ptd-server 2023-02-24 18:05:51,929 [INFO] Starting ranging mode
ptd-server 2023-02-24 18:05:51,929 [INFO] Sending to ptd: 'Go,1000,0,2023-02-24_18-05-12_ranging'
ptd-server 2023-02-24 18:05:51,929 [INFO] Reply from ptd: 'Starting untimed measurement, maximum 500000 samples at 1000ms with 0 rampup samples'
ptd-server 2023-02-24 18:05:51,930 [INFO] Sending reply to client 'OK'
ptd-server 2023-02-24 18:15:57,434 [INFO] Got command from the client 'session,2023-02-24_18-05-12,stop,ranging'
ptd-server 2023-02-24 18:16:07,436 [INFO] Sending to ptd: 'Stop'
ptd-server 2023-02-24 18:16:07,437 [INFO] Reply from ptd: 'Stopping untimed measurement'
ptd-server 2023-02-24 18:16:07,461 [INFO] Sending reply to client 'OK'
ptd-server 2023-02-24 18:16:07,495 [INFO] Got command from the client 'time'
ptd-server 2023-02-24 18:16:07,495 [INFO] Sending reply to client '1677262567.4958448'
ptd-server 2023-02-24 18:16:07,496 [INFO] Got command from the client 'session,2023-02-24_18-05-12,start,testing'
ptd-server 2023-02-24 18:16:07,496 [INFO] Sending to ptd: 'SR,V,119.880000'
ptd-server 2023-02-24 18:16:14,010 [INFO] Reply from ptd: 'Range V changed'
ptd-server 2023-02-24 18:16:14,011 [INFO] Sending to ptd: 'SR,A,3.442600'
ptd-server 2023-02-24 18:16:19,591 [INFO] Reply from ptd: 'Range A changed'
ptd-server 2023-02-24 18:16:29,601 [INFO] Starting testing mode
ptd-server 2023-02-24 18:16:29,602 [INFO] Sending to ptd: 'Go,1000,0,2023-02-24_18-05-12_testing'
ptd-server 2023-02-24 18:16:29,602 [INFO] Reply from ptd: 'Starting untimed measurement, maximum 500000 samples at 1000ms with 0 rampup samples'
ptd-server 2023-02-24 18:16:29,602 [INFO] Sending reply to client 'OK'
ptd-server 2023-02-24 18:26:35,121 [INFO] Got command from the client 'session,2023-02-24_18-05-12,stop,testing'
ptd-server 2023-02-24 18:26:45,130 [INFO] Sending to ptd: 'Stop'
ptd-server 2023-02-24 18:26:45,130 [INFO] Reply from ptd: 'Stopping untimed measurement'
ptd-server 2023-02-24 18:26:45,145 [INFO] Sending reply to client 'OK'
ptd-server 2023-02-24 18:26:45,155 [INFO] Got command from the client 'session,2023-02-24_18-05-12,done'
ptd-server 2023-02-24 18:26:45,155 [INFO] Sending to ptd: 'Stop'
ptd-server 2023-02-24 18:26:45,610 [INFO] Reply from ptd: 'Error: no measurement to stop'
ptd-server 2023-02-24 18:26:45,610 [INFO] Sending to ptd: 'SR,V,Auto'
ptd-server 2023-02-24 18:26:50,675 [INFO] Reply from ptd: 'Range V changed'
ptd-server 2023-02-24 18:26:50,676 [INFO] Sending to ptd: 'SR,A,Auto'
ptd-server 2023-02-24 18:26:55,747 [INFO] Reply from ptd: 'Range A changed'
ptd-server 2023-02-24 18:26:55,747 [INFO] Set initial values for Amps Auto and Volts Auto
ptd-server 2023-02-24 18:26:55,747 [INFO] Stopping ptd...
