ptd-server 2023-02-26 04:37:20,410 [INFO] Got command from the client 'time'
ptd-server 2023-02-26 04:37:20,411 [INFO] Sending reply to client '1677386240.4110491'
ptd-server 2023-02-26 04:37:20,412 [INFO] Got command from the client 'new,,807af7f0-9820-4bed-8161-54882bb112de'
ptd-server 2023-02-26 04:37:20,413 [INFO] Sending reply to client 'OK 2023-02-26_04-37-20,cb9f762f-5fe2-40f2-b292-8234d397f6b0'
ptd-server 2023-02-26 04:37:20,438 [INFO] Got command from the client 'time'
ptd-server 2023-02-26 04:37:20,438 [INFO] Sending reply to client '1677386240.438936'
ptd-server 2023-02-26 04:37:20,441 [INFO] Got command from the client 'session,2023-02-26_04-37-20,start,ranging'
ptd-server 2023-02-26 04:37:20,441 [INFO] Running PTDaemon: ['/home/anton/projects/mlperf/power/inference_v1.0/ptd-linux-x86', '-l', '/tmp/tmpu4v721n6/ptd_logfile.txt', '-p', '8888', '49', '/dev/usbtmc0']
ptd-server 2023-02-26 04:37:37,527 [INFO] Sending to ptd: 'Hello'
ptd-server 2023-02-26 04:37:37,528 [INFO] Reply from ptd: 'Hello, PTDaemon here!'
ptd-server 2023-02-26 04:37:37,528 [INFO] Sending to ptd: 'Identify'
ptd-server 2023-02-26 04:37:37,528 [INFO] Reply from ptd: 'YokogawaWT310E,1000,1,1,1,1,0,1,1,version=1.10.0-ed9a21d2-20220817,OS=Linux 5.15.0-60-generic #66~20.04.1-Ubuntu SMP Wed Jan 25 09:41:30 UTC 2023 x86_64,mode=power,1,1,1,0,0,no_cal_date,YOKOGAWA;WT310E;C3XA04010E;F1.04'
ptd-server 2023-02-26 04:37:37,529 [INFO] Connected to PTDaemon
ptd-server 2023-02-26 04:37:37,529 [INFO] Sending to ptd: 'RR'
ptd-server 2023-02-26 04:37:37,529 [INFO] Reply from ptd: 'Ranges,0,0.100000,0,300.000000'
ptd-server 2023-02-26 04:37:37,529 [INFO] Initial range for Amps is 0.100000 for Volts is 300.000000
ptd-server 2023-02-26 04:37:37,529 [INFO] Sending to ptd: 'SR,V,Auto'
ptd-server 2023-02-26 04:37:38,032 [INFO] Reply from ptd: 'Range V changed'
ptd-server 2023-02-26 04:37:38,032 [INFO] Sending to ptd: 'SR,A,Auto'
ptd-server 2023-02-26 04:37:38,534 [INFO] Reply from ptd: 'Range A changed'
ptd-server 2023-02-26 04:37:48,544 [INFO] Starting ranging mode
ptd-server 2023-02-26 04:37:48,544 [INFO] Sending to ptd: 'Go,1000,0,2023-02-26_04-37-20_ranging'
ptd-server 2023-02-26 04:37:48,544 [INFO] Reply from ptd: 'Starting untimed measurement, maximum 500000 samples at 1000ms with 0 rampup samples'
ptd-server 2023-02-26 04:37:48,545 [INFO] Sending reply to client 'OK'
ptd-server 2023-02-26 04:48:03,803 [INFO] Got command from the client 'session,2023-02-26_04-37-20,stop,ranging'
ptd-server 2023-02-26 04:48:13,814 [INFO] Sending to ptd: 'Stop'
ptd-server 2023-02-26 04:48:13,814 [INFO] Reply from ptd: 'Stopping untimed measurement'
ptd-server 2023-02-26 04:48:14,008 [INFO] Sending reply to client 'OK'
ptd-server 2023-02-26 04:48:14,097 [INFO] Got command from the client 'time'
ptd-server 2023-02-26 04:48:14,097 [INFO] Sending reply to client '1677386894.0978775'
ptd-server 2023-02-26 04:48:14,100 [INFO] Got command from the client 'session,2023-02-26_04-37-20,start,testing'
ptd-server 2023-02-26 04:48:14,100 [INFO] Sending to ptd: 'SR,V,252.080000'
ptd-server 2023-02-26 04:48:16,047 [INFO] Reply from ptd: 'Range V changed'
ptd-server 2023-02-26 04:48:16,047 [INFO] Sending to ptd: 'SR,A,0.042260'
ptd-server 2023-02-26 04:48:17,548 [INFO] Reply from ptd: 'Range A changed'
ptd-server 2023-02-26 04:48:27,559 [INFO] Starting testing mode
ptd-server 2023-02-26 04:48:27,559 [INFO] Sending to ptd: 'Go,1000,0,2023-02-26_04-37-20_testing'
ptd-server 2023-02-26 04:48:27,559 [INFO] Reply from ptd: 'Starting untimed measurement, maximum 500000 samples at 1000ms with 0 rampup samples'
ptd-server 2023-02-26 04:48:27,559 [INFO] Sending reply to client 'OK'
ptd-server 2023-02-26 04:58:42,620 [INFO] Got command from the client 'session,2023-02-26_04-37-20,stop,testing'
ptd-server 2023-02-26 04:58:52,628 [INFO] Sending to ptd: 'Stop'
ptd-server 2023-02-26 04:58:52,628 [INFO] Reply from ptd: 'Stopping untimed measurement'
ptd-server 2023-02-26 04:58:52,732 [INFO] Sending reply to client 'OK'
ptd-server 2023-02-26 04:58:52,752 [INFO] Got command from the client 'session,2023-02-26_04-37-20,done'
ptd-server 2023-02-26 04:58:52,753 [INFO] Sending to ptd: 'Stop'
ptd-server 2023-02-26 04:58:53,559 [INFO] Reply from ptd: 'Error: no measurement to stop'
ptd-server 2023-02-26 04:58:53,560 [INFO] Sending to ptd: 'SR,V,300.000000'
ptd-server 2023-02-26 04:58:55,061 [INFO] Reply from ptd: 'Range V changed'
ptd-server 2023-02-26 04:58:55,061 [INFO] Sending to ptd: 'SR,A,0.100000'
ptd-server 2023-02-26 04:58:56,563 [INFO] Reply from ptd: 'Range A changed'
ptd-server 2023-02-26 04:58:56,563 [INFO] Set initial values for Amps 0.100000 and Volts 300.000000
ptd-server 2023-02-26 04:58:56,563 [INFO] Stopping ptd...
