ptd-server 2023-02-21 12:20:57,405 [INFO] Got command from the client 'time'
ptd-server 2023-02-21 12:20:57,405 [INFO] Sending reply to client '1676982057.4053454'
ptd-server 2023-02-21 12:20:57,406 [INFO] Got command from the client 'new,,878ddc59-1aff-493a-ba9e-48774d6cdbea'
ptd-server 2023-02-21 12:20:57,406 [INFO] Sending reply to client 'OK 2023-02-21_12-20-57,6e7919aa-e8cb-4d11-806d-2fb229f0daba'
ptd-server 2023-02-21 12:20:57,448 [INFO] Got command from the client 'time'
ptd-server 2023-02-21 12:20:57,448 [INFO] Sending reply to client '1676982057.4485283'
ptd-server 2023-02-21 12:20:57,449 [INFO] Got command from the client 'session,2023-02-21_12-20-57,start,ranging'
ptd-server 2023-02-21 12:20:57,449 [INFO] Running PTDaemon: ['/home/anton/projects/mlperf/power/inference_v1.0/ptd-linux-x86', '-l', '/tmp/tmp4yl1neqp/ptd_logfile.txt', '-p', '8888', '49', '/dev/usbtmc0']
ptd-server 2023-02-21 12:21:14,521 [INFO] Sending to ptd: 'Hello'
ptd-server 2023-02-21 12:21:14,522 [INFO] Reply from ptd: 'Hello, PTDaemon here!'
ptd-server 2023-02-21 12:21:14,522 [INFO] Sending to ptd: 'Identify'
ptd-server 2023-02-21 12:21:14,522 [INFO] Reply from ptd: 'YokogawaWT310E,1000,1,1,1,1,0,1,1,version=1.10.0-ed9a21d2-20220817,OS=Linux 5.15.0-60-generic #66~20.04.1-Ubuntu SMP Wed Jan 25 09:41:30 UTC 2023 x86_64,mode=power,1,1,1,0,0,no_cal_date,YOKOGAWA;WT310E;C3XA04010E;F1.04'
ptd-server 2023-02-21 12:21:14,523 [INFO] Connected to PTDaemon
ptd-server 2023-02-21 12:21:14,523 [INFO] Sending to ptd: 'RR'
ptd-server 2023-02-21 12:21:14,523 [INFO] Reply from ptd: 'Ranges,1,0.100000,1,300.000000'
ptd-server 2023-02-21 12:21:14,523 [INFO] Initial range for Amps is Auto for Volts is Auto
ptd-server 2023-02-21 12:21:14,523 [INFO] Sending to ptd: 'SR,V,Auto'
ptd-server 2023-02-21 12:21:15,026 [INFO] Reply from ptd: 'Range V changed'
ptd-server 2023-02-21 12:21:15,026 [INFO] Sending to ptd: 'SR,A,Auto'
ptd-server 2023-02-21 12:21:15,528 [INFO] Reply from ptd: 'Range A changed'
ptd-server 2023-02-21 12:21:25,539 [INFO] Starting ranging mode
ptd-server 2023-02-21 12:21:25,539 [INFO] Sending to ptd: 'Go,1000,0,2023-02-21_12-20-57_ranging'
ptd-server 2023-02-21 12:21:25,539 [INFO] Reply from ptd: 'Starting untimed measurement, maximum 500000 samples at 1000ms with 0 rampup samples'
ptd-server 2023-02-21 12:21:25,540 [INFO] Sending reply to client 'OK'
ptd-server 2023-02-21 12:31:52,771 [INFO] Got command from the client 'session,2023-02-21_12-20-57,stop,ranging'
ptd-server 2023-02-21 12:32:02,782 [INFO] Sending to ptd: 'Stop'
ptd-server 2023-02-21 12:32:02,782 [INFO] Reply from ptd: 'Stopping untimed measurement'
ptd-server 2023-02-21 12:32:03,095 [INFO] Sending reply to client 'OK'
ptd-server 2023-02-21 12:32:03,126 [INFO] Got command from the client 'time'
ptd-server 2023-02-21 12:32:03,127 [INFO] Sending reply to client '1676982723.1271005'
ptd-server 2023-02-21 12:32:03,127 [INFO] Got command from the client 'session,2023-02-21_12-20-57,start,testing'
ptd-server 2023-02-21 12:32:03,128 [INFO] Sending to ptd: 'SR,V,252.390000'
ptd-server 2023-02-21 12:32:05,040 [INFO] Reply from ptd: 'Range V changed'
ptd-server 2023-02-21 12:32:05,041 [INFO] Sending to ptd: 'SR,A,0.064350'
ptd-server 2023-02-21 12:32:06,542 [INFO] Reply from ptd: 'Range A changed'
ptd-server 2023-02-21 12:32:16,552 [INFO] Starting testing mode
ptd-server 2023-02-21 12:32:16,553 [INFO] Sending to ptd: 'Go,1000,0,2023-02-21_12-20-57_testing'
ptd-server 2023-02-21 12:32:16,553 [INFO] Reply from ptd: 'Starting untimed measurement, maximum 500000 samples at 1000ms with 0 rampup samples'
ptd-server 2023-02-21 12:32:16,553 [INFO] Sending reply to client 'OK'
ptd-server 2023-02-21 12:42:43,557 [INFO] Got command from the client 'session,2023-02-21_12-20-57,stop,testing'
ptd-server 2023-02-21 12:42:53,567 [INFO] Sending to ptd: 'Stop'
ptd-server 2023-02-21 12:42:53,568 [INFO] Reply from ptd: 'Stopping untimed measurement'
ptd-server 2023-02-21 12:42:53,729 [INFO] Sending reply to client 'OK'
ptd-server 2023-02-21 12:42:53,737 [INFO] Got command from the client 'session,2023-02-21_12-20-57,done'
ptd-server 2023-02-21 12:42:53,737 [INFO] Sending to ptd: 'Stop'
ptd-server 2023-02-21 12:42:54,553 [INFO] Reply from ptd: 'Error: no measurement to stop'
ptd-server 2023-02-21 12:42:54,553 [INFO] Sending to ptd: 'SR,V,Auto'
ptd-server 2023-02-21 12:42:55,056 [INFO] Reply from ptd: 'Range V changed'
ptd-server 2023-02-21 12:42:55,056 [INFO] Sending to ptd: 'SR,A,Auto'
ptd-server 2023-02-21 12:42:55,558 [INFO] Reply from ptd: 'Range A changed'
ptd-server 2023-02-21 12:42:55,558 [INFO] Set initial values for Amps Auto and Volts Auto
ptd-server 2023-02-21 12:42:55,559 [INFO] Stopping ptd...
