ptd-server 2023-02-25 01:07:38,802 [INFO] Got command from the client 'time'
ptd-server 2023-02-25 01:07:38,803 [INFO] Sending reply to client '1677287258.8031034'
ptd-server 2023-02-25 01:07:38,804 [INFO] Got command from the client 'new,,e58962ce-9da2-4b2c-8ef0-1a9e5adbb0b3'
ptd-server 2023-02-25 01:07:38,804 [INFO] Sending reply to client 'OK 2023-02-25_01-07-38,576727de-5dca-4cb0-83aa-738ff1c5569e'
ptd-server 2023-02-25 01:07:38,826 [INFO] Got command from the client 'time'
ptd-server 2023-02-25 01:07:38,826 [INFO] Sending reply to client '1677287258.8264968'
ptd-server 2023-02-25 01:07:38,827 [INFO] Got command from the client 'session,2023-02-25_01-07-38,start,ranging'
ptd-server 2023-02-25 01:07:38,827 [INFO] Running PTDaemon: ['/home/anton/projects/mlperf/power/inference_v1.0/ptd-linux-x86', '-l', '/tmp/tmpu4v721n6/ptd_logfile.txt', '-p', '8888', '49', '/dev/usbtmc0']
ptd-server 2023-02-25 01:07:55,915 [INFO] Sending to ptd: 'Hello'
ptd-server 2023-02-25 01:07:55,915 [INFO] Reply from ptd: 'Hello, PTDaemon here!'
ptd-server 2023-02-25 01:07:55,915 [INFO] Sending to ptd: 'Identify'
ptd-server 2023-02-25 01:07:55,916 [INFO] Reply from ptd: 'YokogawaWT310E,1000,1,1,1,1,0,1,1,version=1.10.0-ed9a21d2-20220817,OS=Linux 5.15.0-60-generic #66~20.04.1-Ubuntu SMP Wed Jan 25 09:41:30 UTC 2023 x86_64,mode=power,1,1,1,0,0,no_cal_date,YOKOGAWA;WT310E;C3XA04010E;F1.04'
ptd-server 2023-02-25 01:07:55,916 [INFO] Connected to PTDaemon
ptd-server 2023-02-25 01:07:55,916 [INFO] Sending to ptd: 'RR'
ptd-server 2023-02-25 01:07:55,916 [INFO] Reply from ptd: 'Ranges,0,0.100000,0,300.000000'
ptd-server 2023-02-25 01:07:55,916 [INFO] Initial range for Amps is 0.100000 for Volts is 300.000000
ptd-server 2023-02-25 01:07:55,917 [INFO] Sending to ptd: 'SR,V,Auto'
ptd-server 2023-02-25 01:07:56,419 [INFO] Reply from ptd: 'Range V changed'
ptd-server 2023-02-25 01:07:56,419 [INFO] Sending to ptd: 'SR,A,Auto'
ptd-server 2023-02-25 01:07:56,922 [INFO] Reply from ptd: 'Range A changed'
ptd-server 2023-02-25 01:08:06,932 [INFO] Starting ranging mode
ptd-server 2023-02-25 01:08:06,932 [INFO] Sending to ptd: 'Go,1000,0,2023-02-25_01-07-38_ranging'
ptd-server 2023-02-25 01:08:06,932 [INFO] Reply from ptd: 'Starting untimed measurement, maximum 500000 samples at 1000ms with 0 rampup samples'
ptd-server 2023-02-25 01:08:06,932 [INFO] Sending reply to client 'OK'
ptd-server 2023-02-25 01:18:23,411 [INFO] Got command from the client 'session,2023-02-25_01-07-38,stop,ranging'
ptd-server 2023-02-25 01:18:33,421 [INFO] Sending to ptd: 'Stop'
ptd-server 2023-02-25 01:18:33,422 [INFO] Reply from ptd: 'Stopping untimed measurement'
ptd-server 2023-02-25 01:18:33,442 [INFO] Sending reply to client 'OK'
ptd-server 2023-02-25 01:18:33,518 [INFO] Got command from the client 'time'
ptd-server 2023-02-25 01:18:33,518 [INFO] Sending reply to client '1677287913.518593'
ptd-server 2023-02-25 01:18:33,519 [INFO] Got command from the client 'session,2023-02-25_01-07-38,start,testing'
ptd-server 2023-02-25 01:18:33,519 [INFO] Sending to ptd: 'SR,V,251.640000'
ptd-server 2023-02-25 01:18:35,434 [INFO] Reply from ptd: 'Range V changed'
ptd-server 2023-02-25 01:18:35,434 [INFO] Sending to ptd: 'SR,A,0.053200'
ptd-server 2023-02-25 01:18:36,935 [INFO] Reply from ptd: 'Range A changed'
ptd-server 2023-02-25 01:18:46,945 [INFO] Starting testing mode
ptd-server 2023-02-25 01:18:46,946 [INFO] Sending to ptd: 'Go,1000,0,2023-02-25_01-07-38_testing'
ptd-server 2023-02-25 01:18:46,946 [INFO] Reply from ptd: 'Starting untimed measurement, maximum 500000 samples at 1000ms with 0 rampup samples'
ptd-server 2023-02-25 01:18:46,946 [INFO] Sending reply to client 'OK'
ptd-server 2023-02-25 01:29:03,375 [INFO] Got command from the client 'session,2023-02-25_01-07-38,stop,testing'
ptd-server 2023-02-25 01:29:13,384 [INFO] Sending to ptd: 'Stop'
ptd-server 2023-02-25 01:29:13,384 [INFO] Reply from ptd: 'Stopping untimed measurement'
ptd-server 2023-02-25 01:29:13,392 [INFO] Sending reply to client 'OK'
ptd-server 2023-02-25 01:29:13,401 [INFO] Got command from the client 'session,2023-02-25_01-07-38,done'
ptd-server 2023-02-25 01:29:13,401 [INFO] Sending to ptd: 'Stop'
ptd-server 2023-02-25 01:29:13,947 [INFO] Reply from ptd: 'Error: no measurement to stop'
ptd-server 2023-02-25 01:29:13,947 [INFO] Sending to ptd: 'SR,V,300.000000'
ptd-server 2023-02-25 01:29:15,448 [INFO] Reply from ptd: 'Range V changed'
ptd-server 2023-02-25 01:29:15,448 [INFO] Sending to ptd: 'SR,A,0.100000'
ptd-server 2023-02-25 01:29:16,950 [INFO] Reply from ptd: 'Range A changed'
ptd-server 2023-02-25 01:29:16,950 [INFO] Set initial values for Amps 0.100000 and Volts 300.000000
ptd-server 2023-02-25 01:29:16,950 [INFO] Stopping ptd...
