ptd-server 2023-03-01 11:31:53,320 [INFO] Got command from the client 'time'
ptd-server 2023-03-01 11:31:53,320 [INFO] Sending reply to client '1677670313.320391'
ptd-server 2023-03-01 11:31:53,322 [INFO] Got command from the client 'new,,3e8f21d6-226b-4ff8-987e-889dcdab4cec'
ptd-server 2023-03-01 11:31:53,323 [INFO] Sending reply to client 'OK 2023-03-01_11-31-53,5c53693f-c5a7-4445-976f-809ce3621c85'
ptd-server 2023-03-01 11:31:53,348 [INFO] Got command from the client 'time'
ptd-server 2023-03-01 11:31:53,348 [INFO] Sending reply to client '1677670313.3487363'
ptd-server 2023-03-01 11:31:53,351 [INFO] Got command from the client 'session,2023-03-01_11-31-53,start,ranging'
ptd-server 2023-03-01 11:31:53,352 [INFO] Running PTDaemon: ['/home/anton/projects/mlperf/power/inference_v1.0/ptd-linux-x86', '-l', '/tmp/tmpu4v721n6/ptd_logfile.txt', '-p', '8888', '49', '/dev/usbtmc0']
ptd-server 2023-03-01 11:32:10,437 [INFO] Sending to ptd: 'Hello'
ptd-server 2023-03-01 11:32:10,438 [INFO] Reply from ptd: 'Hello, PTDaemon here!'
ptd-server 2023-03-01 11:32:10,438 [INFO] Sending to ptd: 'Identify'
ptd-server 2023-03-01 11:32:10,438 [INFO] Reply from ptd: 'YokogawaWT310E,1000,1,1,1,1,0,1,1,version=1.10.0-ed9a21d2-20220817,OS=Linux 5.15.0-60-generic #66~20.04.1-Ubuntu SMP Wed Jan 25 09:41:30 UTC 2023 x86_64,mode=power,1,1,1,0,0,no_cal_date,YOKOGAWA;WT310E;C3XA04010E;F1.04'
ptd-server 2023-03-01 11:32:10,438 [INFO] Connected to PTDaemon
ptd-server 2023-03-01 11:32:10,438 [INFO] Sending to ptd: 'RR'
ptd-server 2023-03-01 11:32:10,439 [INFO] Reply from ptd: 'Ranges,0,0.100000,0,300.000000'
ptd-server 2023-03-01 11:32:10,439 [INFO] Initial range for Amps is 0.100000 for Volts is 300.000000
ptd-server 2023-03-01 11:32:10,439 [INFO] Sending to ptd: 'SR,V,Auto'
ptd-server 2023-03-01 11:32:10,941 [INFO] Reply from ptd: 'Range V changed'
ptd-server 2023-03-01 11:32:10,941 [INFO] Sending to ptd: 'SR,A,Auto'
ptd-server 2023-03-01 11:32:11,444 [INFO] Reply from ptd: 'Range A changed'
ptd-server 2023-03-01 11:32:21,450 [INFO] Starting ranging mode
ptd-server 2023-03-01 11:32:21,451 [INFO] Sending to ptd: 'Go,1000,0,2023-03-01_11-31-53_ranging'
ptd-server 2023-03-01 11:32:21,451 [INFO] Reply from ptd: 'Starting untimed measurement, maximum 500000 samples at 1000ms with 0 rampup samples'
ptd-server 2023-03-01 11:32:21,451 [INFO] Sending reply to client 'OK'
ptd-server 2023-03-01 11:42:45,488 [INFO] Got command from the client 'session,2023-03-01_11-31-53,stop,ranging'
ptd-server 2023-03-01 11:42:55,499 [INFO] Sending to ptd: 'Stop'
ptd-server 2023-03-01 11:42:55,499 [INFO] Reply from ptd: 'Stopping untimed measurement'
ptd-server 2023-03-01 11:42:56,101 [INFO] Sending reply to client 'OK'
ptd-server 2023-03-01 11:42:56,190 [INFO] Got command from the client 'time'
ptd-server 2023-03-01 11:42:56,190 [INFO] Sending reply to client '1677670976.1906788'
ptd-server 2023-03-01 11:42:56,196 [INFO] Got command from the client 'session,2023-03-01_11-31-53,start,testing'
ptd-server 2023-03-01 11:42:56,196 [INFO] Sending to ptd: 'SR,V,249.960000'
ptd-server 2023-03-01 11:42:57,953 [INFO] Reply from ptd: 'Range V changed'
ptd-server 2023-03-01 11:42:57,953 [INFO] Sending to ptd: 'SR,A,0.072480'
ptd-server 2023-03-01 11:42:59,454 [INFO] Reply from ptd: 'Range A changed'
ptd-server 2023-03-01 11:43:09,464 [INFO] Starting testing mode
ptd-server 2023-03-01 11:43:09,464 [INFO] Sending to ptd: 'Go,1000,0,2023-03-01_11-31-53_testing'
ptd-server 2023-03-01 11:43:09,464 [INFO] Reply from ptd: 'Starting untimed measurement, maximum 500000 samples at 1000ms with 0 rampup samples'
ptd-server 2023-03-01 11:43:09,465 [INFO] Sending reply to client 'OK'
ptd-server 2023-03-01 11:53:33,634 [INFO] Got command from the client 'session,2023-03-01_11-31-53,stop,testing'
ptd-server 2023-03-01 11:53:43,644 [INFO] Sending to ptd: 'Stop'
ptd-server 2023-03-01 11:53:43,644 [INFO] Reply from ptd: 'Stopping untimed measurement'
ptd-server 2023-03-01 11:53:43,960 [INFO] Sending reply to client 'OK'
ptd-server 2023-03-01 11:53:43,983 [INFO] Got command from the client 'session,2023-03-01_11-31-53,done'
ptd-server 2023-03-01 11:53:43,983 [INFO] Sending to ptd: 'Stop'
ptd-server 2023-03-01 11:53:44,465 [INFO] Reply from ptd: 'Error: no measurement to stop'
ptd-server 2023-03-01 11:53:44,465 [INFO] Sending to ptd: 'SR,V,300.000000'
ptd-server 2023-03-01 11:53:45,966 [INFO] Reply from ptd: 'Range V changed'
ptd-server 2023-03-01 11:53:45,966 [INFO] Sending to ptd: 'SR,A,0.100000'
ptd-server 2023-03-01 11:53:47,468 [INFO] Reply from ptd: 'Range A changed'
ptd-server 2023-03-01 11:53:47,468 [INFO] Set initial values for Amps 0.100000 and Volts 300.000000
ptd-server 2023-03-01 11:53:47,468 [INFO] Stopping ptd...
