ptd-server 2023-02-25 08:23:12,718 [INFO] Got command from the client 'time'
ptd-server 2023-02-25 08:23:12,718 [INFO] Sending reply to client '1677313392.7186825'
ptd-server 2023-02-25 08:23:12,720 [INFO] Got command from the client 'new,,a4e8d1db-5478-4325-aa64-b3eac90123b5'
ptd-server 2023-02-25 08:23:12,720 [INFO] Sending reply to client 'OK 2023-02-25_08-23-12,ec9aba9c-4e95-4f55-9576-2c0c1973689e'
ptd-server 2023-02-25 08:23:12,745 [INFO] Got command from the client 'time'
ptd-server 2023-02-25 08:23:12,745 [INFO] Sending reply to client '1677313392.7451768'
ptd-server 2023-02-25 08:23:12,746 [INFO] Got command from the client 'session,2023-02-25_08-23-12,start,ranging'
ptd-server 2023-02-25 08:23:12,747 [INFO] Running PTDaemon: ['/home/anton/projects/mlperf/power/inference_v1.0/ptd-linux-x86', '-l', '/tmp/tmpu4v721n6/ptd_logfile.txt', '-p', '8888', '49', '/dev/usbtmc0']
ptd-server 2023-02-25 08:23:29,833 [INFO] Sending to ptd: 'Hello'
ptd-server 2023-02-25 08:23:29,833 [INFO] Reply from ptd: 'Hello, PTDaemon here!'
ptd-server 2023-02-25 08:23:29,833 [INFO] Sending to ptd: 'Identify'
ptd-server 2023-02-25 08:23:29,834 [INFO] Reply from ptd: 'YokogawaWT310E,1000,1,1,1,1,0,1,1,version=1.10.0-ed9a21d2-20220817,OS=Linux 5.15.0-60-generic #66~20.04.1-Ubuntu SMP Wed Jan 25 09:41:30 UTC 2023 x86_64,mode=power,1,1,1,0,0,no_cal_date,YOKOGAWA;WT310E;C3XA04010E;F1.04'
ptd-server 2023-02-25 08:23:29,834 [INFO] Connected to PTDaemon
ptd-server 2023-02-25 08:23:29,834 [INFO] Sending to ptd: 'RR'
ptd-server 2023-02-25 08:23:29,834 [INFO] Reply from ptd: 'Ranges,0,0.100000,0,300.000000'
ptd-server 2023-02-25 08:23:29,834 [INFO] Initial range for Amps is 0.100000 for Volts is 300.000000
ptd-server 2023-02-25 08:23:29,834 [INFO] Sending to ptd: 'SR,V,Auto'
ptd-server 2023-02-25 08:23:30,337 [INFO] Reply from ptd: 'Range V changed'
ptd-server 2023-02-25 08:23:30,337 [INFO] Sending to ptd: 'SR,A,Auto'
ptd-server 2023-02-25 08:23:30,840 [INFO] Reply from ptd: 'Range A changed'
ptd-server 2023-02-25 08:23:40,850 [INFO] Starting ranging mode
ptd-server 2023-02-25 08:23:40,850 [INFO] Sending to ptd: 'Go,1000,0,2023-02-25_08-23-12_ranging'
ptd-server 2023-02-25 08:23:40,851 [INFO] Reply from ptd: 'Starting untimed measurement, maximum 500000 samples at 1000ms with 0 rampup samples'
ptd-server 2023-02-25 08:23:40,851 [INFO] Sending reply to client 'OK'
ptd-server 2023-02-25 08:33:56,267 [INFO] Got command from the client 'session,2023-02-25_08-23-12,stop,ranging'
ptd-server 2023-02-25 08:34:06,278 [INFO] Sending to ptd: 'Stop'
ptd-server 2023-02-25 08:34:06,278 [INFO] Reply from ptd: 'Stopping untimed measurement'
ptd-server 2023-02-25 08:34:06,342 [INFO] Sending reply to client 'OK'
ptd-server 2023-02-25 08:34:06,435 [INFO] Got command from the client 'time'
ptd-server 2023-02-25 08:34:06,435 [INFO] Sending reply to client '1677314046.4358354'
ptd-server 2023-02-25 08:34:06,438 [INFO] Got command from the client 'session,2023-02-25_08-23-12,start,testing'
ptd-server 2023-02-25 08:34:06,438 [INFO] Sending to ptd: 'SR,V,249.340000'
ptd-server 2023-02-25 08:34:08,352 [INFO] Reply from ptd: 'Range V changed'
ptd-server 2023-02-25 08:34:08,352 [INFO] Sending to ptd: 'SR,A,0.060730'
ptd-server 2023-02-25 08:34:09,854 [INFO] Reply from ptd: 'Range A changed'
ptd-server 2023-02-25 08:34:19,864 [INFO] Starting testing mode
ptd-server 2023-02-25 08:34:19,864 [INFO] Sending to ptd: 'Go,1000,0,2023-02-25_08-23-12_testing'
ptd-server 2023-02-25 08:34:19,865 [INFO] Reply from ptd: 'Starting untimed measurement, maximum 500000 samples at 1000ms with 0 rampup samples'
ptd-server 2023-02-25 08:34:19,865 [INFO] Sending reply to client 'OK'
ptd-server 2023-02-25 08:44:35,210 [INFO] Got command from the client 'session,2023-02-25_08-23-12,stop,testing'
ptd-server 2023-02-25 08:44:45,221 [INFO] Sending to ptd: 'Stop'
ptd-server 2023-02-25 08:44:45,221 [INFO] Reply from ptd: 'Stopping untimed measurement'
ptd-server 2023-02-25 08:44:45,252 [INFO] Sending reply to client 'OK'
ptd-server 2023-02-25 08:44:45,272 [INFO] Got command from the client 'session,2023-02-25_08-23-12,done'
ptd-server 2023-02-25 08:44:45,272 [INFO] Sending to ptd: 'Stop'
ptd-server 2023-02-25 08:44:45,865 [INFO] Reply from ptd: 'Error: no measurement to stop'
ptd-server 2023-02-25 08:44:45,866 [INFO] Sending to ptd: 'SR,V,300.000000'
ptd-server 2023-02-25 08:44:47,367 [INFO] Reply from ptd: 'Range V changed'
ptd-server 2023-02-25 08:44:47,367 [INFO] Sending to ptd: 'SR,A,0.100000'
ptd-server 2023-02-25 08:44:48,869 [INFO] Reply from ptd: 'Range A changed'
ptd-server 2023-02-25 08:44:48,869 [INFO] Set initial values for Amps 0.100000 and Volts 300.000000
ptd-server 2023-02-25 08:44:48,869 [INFO] Stopping ptd...
