ptd-server 2023-02-27 05:59:07,175 [INFO] Got command from the client 'time'
ptd-server 2023-02-27 05:59:07,176 [INFO] Sending reply to client '1677477547.1759834'
ptd-server 2023-02-27 05:59:07,177 [INFO] Got command from the client 'new,,275471e2-bcfb-455c-996d-3c6293e19940'
ptd-server 2023-02-27 05:59:07,177 [INFO] Sending reply to client 'OK 2023-02-27_05-59-07,45857e87-fca0-48ce-994a-e1aa8ac07c5c'
ptd-server 2023-02-27 05:59:07,201 [INFO] Got command from the client 'time'
ptd-server 2023-02-27 05:59:07,201 [INFO] Sending reply to client '1677477547.2013586'
ptd-server 2023-02-27 05:59:07,203 [INFO] Got command from the client 'session,2023-02-27_05-59-07,start,ranging'
ptd-server 2023-02-27 05:59:07,203 [INFO] Running PTDaemon: ['/home/anton/projects/mlperf/power/inference_v1.0/ptd-linux-x86', '-l', '/tmp/tmpu4v721n6/ptd_logfile.txt', '-p', '8888', '49', '/dev/usbtmc0']
ptd-server 2023-02-27 05:59:24,291 [INFO] Sending to ptd: 'Hello'
ptd-server 2023-02-27 05:59:24,292 [INFO] Reply from ptd: 'Hello, PTDaemon here!'
ptd-server 2023-02-27 05:59:24,292 [INFO] Sending to ptd: 'Identify'
ptd-server 2023-02-27 05:59:24,292 [INFO] Reply from ptd: 'YokogawaWT310E,1000,1,1,1,1,0,1,1,version=1.10.0-ed9a21d2-20220817,OS=Linux 5.15.0-60-generic #66~20.04.1-Ubuntu SMP Wed Jan 25 09:41:30 UTC 2023 x86_64,mode=power,1,1,1,0,0,no_cal_date,YOKOGAWA;WT310E;C3XA04010E;F1.04'
ptd-server 2023-02-27 05:59:24,292 [INFO] Connected to PTDaemon
ptd-server 2023-02-27 05:59:24,292 [INFO] Sending to ptd: 'RR'
ptd-server 2023-02-27 05:59:24,293 [INFO] Reply from ptd: 'Ranges,0,0.100000,0,300.000000'
ptd-server 2023-02-27 05:59:24,293 [INFO] Initial range for Amps is 0.100000 for Volts is 300.000000
ptd-server 2023-02-27 05:59:24,293 [INFO] Sending to ptd: 'SR,V,Auto'
ptd-server 2023-02-27 05:59:24,795 [INFO] Reply from ptd: 'Range V changed'
ptd-server 2023-02-27 05:59:24,796 [INFO] Sending to ptd: 'SR,A,Auto'
ptd-server 2023-02-27 05:59:25,298 [INFO] Reply from ptd: 'Range A changed'
ptd-server 2023-02-27 05:59:35,308 [INFO] Starting ranging mode
ptd-server 2023-02-27 05:59:35,308 [INFO] Sending to ptd: 'Go,1000,0,2023-02-27_05-59-07_ranging'
ptd-server 2023-02-27 05:59:35,308 [INFO] Reply from ptd: 'Starting untimed measurement, maximum 500000 samples at 1000ms with 0 rampup samples'
ptd-server 2023-02-27 05:59:35,309 [INFO] Sending reply to client 'OK'
ptd-server 2023-02-27 06:09:52,234 [INFO] Got command from the client 'session,2023-02-27_05-59-07,stop,ranging'
ptd-server 2023-02-27 06:10:02,244 [INFO] Sending to ptd: 'Stop'
ptd-server 2023-02-27 06:10:02,244 [INFO] Reply from ptd: 'Stopping untimed measurement'
ptd-server 2023-02-27 06:10:02,552 [INFO] Sending reply to client 'OK'
ptd-server 2023-02-27 06:10:02,645 [INFO] Got command from the client 'time'
ptd-server 2023-02-27 06:10:02,645 [INFO] Sending reply to client '1677478202.6453235'
ptd-server 2023-02-27 06:10:02,647 [INFO] Got command from the client 'session,2023-02-27_05-59-07,start,testing'
ptd-server 2023-02-27 06:10:02,647 [INFO] Sending to ptd: 'SR,V,251.680000'
ptd-server 2023-02-27 06:10:04,148 [INFO] Reply from ptd: 'Range V changed'
ptd-server 2023-02-27 06:10:04,148 [INFO] Sending to ptd: 'SR,A,0.059360'
ptd-server 2023-02-27 06:10:05,650 [INFO] Reply from ptd: 'Range A changed'
ptd-server 2023-02-27 06:10:15,660 [INFO] Starting testing mode
ptd-server 2023-02-27 06:10:15,660 [INFO] Sending to ptd: 'Go,1000,0,2023-02-27_05-59-07_testing'
ptd-server 2023-02-27 06:10:15,660 [INFO] Reply from ptd: 'Starting untimed measurement, maximum 500000 samples at 1000ms with 0 rampup samples'
ptd-server 2023-02-27 06:10:15,661 [INFO] Sending reply to client 'OK'
ptd-server 2023-02-27 06:20:32,750 [INFO] Got command from the client 'session,2023-02-27_05-59-07,stop,testing'
ptd-server 2023-02-27 06:20:42,760 [INFO] Sending to ptd: 'Stop'
ptd-server 2023-02-27 06:20:42,760 [INFO] Reply from ptd: 'Stopping untimed measurement'
ptd-server 2023-02-27 06:20:42,927 [INFO] Sending reply to client 'OK'
ptd-server 2023-02-27 06:20:42,939 [INFO] Got command from the client 'session,2023-02-27_05-59-07,done'
ptd-server 2023-02-27 06:20:42,940 [INFO] Sending to ptd: 'Stop'
ptd-server 2023-02-27 06:20:43,661 [INFO] Reply from ptd: 'Error: no measurement to stop'
ptd-server 2023-02-27 06:20:43,661 [INFO] Sending to ptd: 'SR,V,300.000000'
ptd-server 2023-02-27 06:20:45,162 [INFO] Reply from ptd: 'Range V changed'
ptd-server 2023-02-27 06:20:45,163 [INFO] Sending to ptd: 'SR,A,0.100000'
ptd-server 2023-02-27 06:20:46,664 [INFO] Reply from ptd: 'Range A changed'
ptd-server 2023-02-27 06:20:46,664 [INFO] Set initial values for Amps 0.100000 and Volts 300.000000
ptd-server 2023-02-27 06:20:46,664 [INFO] Stopping ptd...
