ptd-server 2023-02-24 06:40:26,289 [INFO] Got command from the client 'time'
ptd-server 2023-02-24 06:40:26,289 [INFO] Sending reply to client '1677220826.2898078'
ptd-server 2023-02-24 06:40:26,290 [INFO] Got command from the client 'new,,69212bd4-def1-4044-ae4b-5a0f4cc276a5'
ptd-server 2023-02-24 06:40:26,291 [INFO] Sending reply to client 'OK 2023-02-24_06-40-26,adc0c9b1-01ba-4df7-9280-6c244473cd71'
ptd-server 2023-02-24 06:40:26,319 [INFO] Got command from the client 'time'
ptd-server 2023-02-24 06:40:26,319 [INFO] Sending reply to client '1677220826.3196785'
ptd-server 2023-02-24 06:40:26,320 [INFO] Got command from the client 'session,2023-02-24_06-40-26,start,ranging'
ptd-server 2023-02-24 06:40:26,321 [INFO] Running PTDaemon: ['/home/anton/projects/mlperf/power/inference_v1.0/ptd-linux-x86', '-l', '/tmp/tmp4yl1neqp/ptd_logfile.txt', '-p', '8888', '49', '/dev/usbtmc0']
ptd-server 2023-02-24 06:40:43,396 [INFO] Sending to ptd: 'Hello'
ptd-server 2023-02-24 06:40:43,396 [INFO] Reply from ptd: 'Hello, PTDaemon here!'
ptd-server 2023-02-24 06:40:43,397 [INFO] Sending to ptd: 'Identify'
ptd-server 2023-02-24 06:40:43,397 [INFO] Reply from ptd: 'YokogawaWT310E,1000,1,1,1,1,0,1,1,version=1.10.0-ed9a21d2-20220817,OS=Linux 5.15.0-60-generic #66~20.04.1-Ubuntu SMP Wed Jan 25 09:41:30 UTC 2023 x86_64,mode=power,1,1,1,0,0,no_cal_date,YOKOGAWA;WT310E;C3XA04010E;F1.04'
ptd-server 2023-02-24 06:40:43,397 [INFO] Connected to PTDaemon
ptd-server 2023-02-24 06:40:43,397 [INFO] Sending to ptd: 'RR'
ptd-server 2023-02-24 06:40:43,398 [INFO] Reply from ptd: 'Ranges,1,0.100000,1,300.000000'
ptd-server 2023-02-24 06:40:43,398 [INFO] Initial range for Amps is Auto for Volts is Auto
ptd-server 2023-02-24 06:40:43,398 [INFO] Sending to ptd: 'SR,V,Auto'
ptd-server 2023-02-24 06:40:43,900 [INFO] Reply from ptd: 'Range V changed'
ptd-server 2023-02-24 06:40:43,900 [INFO] Sending to ptd: 'SR,A,Auto'
ptd-server 2023-02-24 06:40:44,403 [INFO] Reply from ptd: 'Range A changed'
ptd-server 2023-02-24 06:40:54,410 [INFO] Starting ranging mode
ptd-server 2023-02-24 06:40:54,410 [INFO] Sending to ptd: 'Go,1000,0,2023-02-24_06-40-26_ranging'
ptd-server 2023-02-24 06:40:54,410 [INFO] Reply from ptd: 'Starting untimed measurement, maximum 500000 samples at 1000ms with 0 rampup samples'
ptd-server 2023-02-24 06:40:54,411 [INFO] Sending reply to client 'OK'
ptd-server 2023-02-24 06:51:10,855 [INFO] Got command from the client 'session,2023-02-24_06-40-26,stop,ranging'
ptd-server 2023-02-24 06:51:20,866 [INFO] Sending to ptd: 'Stop'
ptd-server 2023-02-24 06:51:20,866 [INFO] Reply from ptd: 'Stopping untimed measurement'
ptd-server 2023-02-24 06:51:21,481 [INFO] Sending reply to client 'OK'
ptd-server 2023-02-24 06:51:21,512 [INFO] Got command from the client 'time'
ptd-server 2023-02-24 06:51:21,513 [INFO] Sending reply to client '1677221481.5129914'
ptd-server 2023-02-24 06:51:21,514 [INFO] Got command from the client 'session,2023-02-24_06-40-26,start,testing'
ptd-server 2023-02-24 06:51:21,514 [INFO] Sending to ptd: 'SR,V,252.580000'
ptd-server 2023-02-24 06:51:23,015 [INFO] Reply from ptd: 'Range V changed'
ptd-server 2023-02-24 06:51:23,015 [INFO] Sending to ptd: 'SR,A,0.050400'
ptd-server 2023-02-24 06:51:24,517 [INFO] Reply from ptd: 'Range A changed'
ptd-server 2023-02-24 06:51:34,527 [INFO] Starting testing mode
ptd-server 2023-02-24 06:51:34,527 [INFO] Sending to ptd: 'Go,1000,0,2023-02-24_06-40-26_testing'
ptd-server 2023-02-24 06:51:34,528 [INFO] Reply from ptd: 'Starting untimed measurement, maximum 500000 samples at 1000ms with 0 rampup samples'
ptd-server 2023-02-24 06:51:34,528 [INFO] Sending reply to client 'OK'
ptd-server 2023-02-24 07:01:50,931 [INFO] Got command from the client 'session,2023-02-24_06-40-26,stop,testing'
ptd-server 2023-02-24 07:02:00,942 [INFO] Sending to ptd: 'Stop'
ptd-server 2023-02-24 07:02:00,942 [INFO] Reply from ptd: 'Stopping untimed measurement'
ptd-server 2023-02-24 07:02:01,267 [INFO] Sending reply to client 'OK'
ptd-server 2023-02-24 07:02:01,275 [INFO] Got command from the client 'session,2023-02-24_06-40-26,done'
ptd-server 2023-02-24 07:02:01,275 [INFO] Sending to ptd: 'Stop'
ptd-server 2023-02-24 07:02:01,528 [INFO] Reply from ptd: 'Error: no measurement to stop'
ptd-server 2023-02-24 07:02:01,528 [INFO] Sending to ptd: 'SR,V,Auto'
ptd-server 2023-02-24 07:02:02,031 [INFO] Reply from ptd: 'Range V changed'
ptd-server 2023-02-24 07:02:02,031 [INFO] Sending to ptd: 'SR,A,Auto'
ptd-server 2023-02-24 07:02:02,534 [INFO] Reply from ptd: 'Range A changed'
ptd-server 2023-02-24 07:02:02,534 [INFO] Set initial values for Amps Auto and Volts Auto
ptd-server 2023-02-24 07:02:02,534 [INFO] Stopping ptd...
