ptd-server 2023-02-26 21:17:26,792 [INFO] Got command from the client 'stop'
ptd-server 2023-02-26 21:17:26,792 [INFO] The server will be stopped after processing this client
ptd-server 2023-02-26 21:17:26,792 [INFO] Sending reply to client 'OK'
ptd-server 2023-02-26 21:17:26,794 [INFO] Got command from the client 'time'
ptd-server 2023-02-26 21:17:26,794 [INFO] Sending reply to client '1677446246.794961'
ptd-server 2023-02-26 21:17:26,795 [INFO] Got command from the client 'new,,959a72f7-80c3-4f66-ba36-6201d8bb8ec2'
ptd-server 2023-02-26 21:17:26,795 [INFO] Sending reply to client 'OK 2023-02-26_21-17-26,e0f2f907-872e-4563-ac01-4514115ca993'
ptd-server 2023-02-26 21:17:26,797 [INFO] Got command from the client 'time'
ptd-server 2023-02-26 21:17:26,797 [INFO] Sending reply to client '1677446246.797785'
ptd-server 2023-02-26 21:17:26,798 [INFO] Got command from the client 'session,2023-02-26_21-17-26,start,ranging'
ptd-server 2023-02-26 21:17:26,907 [INFO] Running PTDaemon: ['C:\\PTD\\ptd-windows-x86.exe', '-l', 'C:\\Users\\pa\\AppData\\Local\\Temp\\tmp_tseo7vl\\ptd_logfile.txt', '-p', '8888', '-c', '1,2', '-y', '77', 'C2WL21005V']
ptd-server 2023-02-26 21:17:46,029 [INFO] Sending to ptd: 'Hello'
ptd-server 2023-02-26 21:17:46,029 [INFO] Reply from ptd: 'Hello, PTDaemon here!'
ptd-server 2023-02-26 21:17:46,030 [INFO] Sending to ptd: 'Identify'
ptd-server 2023-02-26 21:17:46,030 [INFO] Reply from ptd: 'YokogawaWT330_multichannel,1000,1,1,1,1,0,0,1,version=1.10.0-82175bac-20220817,OS=Windows 8 / Server 2012,mode=power,1,1,2,0,0,no_cal_date,YOKOGAWA;WT333;C2WL21005V;F1.04EM'
ptd-server 2023-02-26 21:17:46,030 [INFO] Connected to PTDaemon
ptd-server 2023-02-26 21:17:46,031 [INFO] Sending to ptd: 'RR'
ptd-server 2023-02-26 21:17:46,031 [INFO] Reply from ptd: 'Ranges,1,5.000000,1,150.000000'
ptd-server 2023-02-26 21:17:46,031 [INFO] Initial range for Amps is Auto for Volts is Auto
ptd-server 2023-02-26 21:17:46,032 [INFO] Sending to ptd: 'SR,V,Auto'
ptd-server 2023-02-26 21:17:51,098 [INFO] Reply from ptd: 'Range V changed'
ptd-server 2023-02-26 21:17:51,099 [INFO] Sending to ptd: 'SR,A,Auto'
ptd-server 2023-02-26 21:17:56,168 [INFO] Reply from ptd: 'Range A changed'
ptd-server 2023-02-26 21:18:06,172 [INFO] Starting ranging mode
ptd-server 2023-02-26 21:18:06,172 [INFO] Sending to ptd: 'Go,1000,0,2023-02-26_21-17-26_ranging'
ptd-server 2023-02-26 21:18:06,173 [INFO] Reply from ptd: 'Starting untimed measurement, maximum 500000 samples at 1000ms with 0 rampup samples'
ptd-server 2023-02-26 21:18:06,173 [INFO] Sending reply to client 'OK'
ptd-server 2023-02-27 03:41:15,493 [INFO] Got command from the client 'session,2023-02-26_21-17-26,stop,ranging'
ptd-server 2023-02-27 03:41:25,493 [INFO] Sending to ptd: 'Stop'
ptd-server 2023-02-27 03:41:25,493 [INFO] Reply from ptd: 'Stopping untimed measurement'
ptd-server 2023-02-27 03:41:26,113 [INFO] Sending reply to client 'OK'
ptd-server 2023-02-27 03:41:26,122 [INFO] Got command from the client 'time'
ptd-server 2023-02-27 03:41:26,122 [INFO] Sending reply to client '1677469286.1224968'
ptd-server 2023-02-27 03:41:26,122 [INFO] Got command from the client 'set_ntp'
ptd-server 2023-02-27 03:41:26,123 [INFO] Synchronizing with 192.168.123.123 time using NTP...
ptd-server 2023-02-27 03:41:27,981 [INFO] Set system time at 2023-02-27 03:41:27.981436
ptd-server 2023-02-27 03:41:27,981 [INFO] Sending reply to client 'OK'
ptd-server 2023-02-27 03:41:35,088 [INFO] Got command from the client 'time'
ptd-server 2023-02-27 03:41:35,088 [INFO] Sending reply to client '1677469295.0885522'
ptd-server 2023-02-27 03:41:35,088 [INFO] Got command from the client 'session,2023-02-26_21-17-26,start,testing'
ptd-server 2023-02-27 03:41:35,089 [INFO] Sending to ptd: 'SR,V,119.860000'
ptd-server 2023-02-27 03:41:41,173 [INFO] Reply from ptd: 'Range V changed'
ptd-server 2023-02-27 03:41:41,173 [INFO] Sending to ptd: 'SR,A,3.426100'
ptd-server 2023-02-27 03:41:46,741 [INFO] Reply from ptd: 'Range A changed'
ptd-server 2023-02-27 03:41:56,751 [INFO] Starting testing mode
ptd-server 2023-02-27 03:41:56,751 [INFO] Sending to ptd: 'Go,1000,0,2023-02-26_21-17-26_testing'
ptd-server 2023-02-27 03:41:56,752 [INFO] Reply from ptd: 'Starting untimed measurement, maximum 500000 samples at 1000ms with 0 rampup samples'
ptd-server 2023-02-27 03:41:56,753 [INFO] Sending reply to client 'OK'
ptd-server 2023-02-27 10:06:54,254 [INFO] Got command from the client 'session,2023-02-26_21-17-26,stop,testing'
ptd-server 2023-02-27 10:07:04,263 [INFO] Sending to ptd: 'Stop'
ptd-server 2023-02-27 10:07:04,263 [INFO] Reply from ptd: 'Stopping untimed measurement'
ptd-server 2023-02-27 10:07:04,403 [INFO] Sending reply to client 'OK'
ptd-server 2023-02-27 10:07:04,413 [INFO] Got command from the client 'session,2023-02-26_21-17-26,done'
ptd-server 2023-02-27 10:07:04,413 [INFO] Sending to ptd: 'Stop'
ptd-server 2023-02-27 10:07:04,757 [INFO] Reply from ptd: 'Error: no measurement to stop'
ptd-server 2023-02-27 10:07:04,758 [INFO] Sending to ptd: 'SR,V,Auto'
ptd-server 2023-02-27 10:07:09,821 [INFO] Reply from ptd: 'Range V changed'
ptd-server 2023-02-27 10:07:09,821 [INFO] Sending to ptd: 'SR,A,Auto'
ptd-server 2023-02-27 10:07:14,888 [INFO] Reply from ptd: 'Range A changed'
ptd-server 2023-02-27 10:07:14,888 [INFO] Set initial values for Amps Auto and Volts Auto
ptd-server 2023-02-27 10:07:14,889 [INFO] Stopping ptd...
