ptd-server 2023-02-12 23:03:31,194 [INFO] Got command from the client 'time'
ptd-server 2023-02-12 23:03:31,194 [INFO] Sending reply to client '1676243011.1949284'
ptd-server 2023-02-12 23:03:31,195 [INFO] Got command from the client 'new,,46a35a12-c202-4874-9063-87fe76d01fa7'
ptd-server 2023-02-12 23:03:31,196 [INFO] Sending reply to client 'OK 2023-02-12_23-03-31,0855a6be-3ffd-4f07-a87b-cb0daaa45cd2'
ptd-server 2023-02-12 23:03:31,209 [INFO] Got command from the client 'time'
ptd-server 2023-02-12 23:03:31,209 [INFO] Sending reply to client '1676243011.2095857'
ptd-server 2023-02-12 23:03:31,210 [INFO] Got command from the client 'session,2023-02-12_23-03-31,start,ranging'
ptd-server 2023-02-12 23:03:31,210 [INFO] Running PTDaemon: ['/home/anton/projects/mlperf/power/inference_v1.0/ptd-linux-x86', '-l', '/tmp/tmp4yl1neqp/ptd_logfile.txt', '-p', '8888', '49', '/dev/usbtmc0']
ptd-server 2023-02-12 23:03:48,284 [INFO] Sending to ptd: 'Hello'
ptd-server 2023-02-12 23:03:48,285 [INFO] Reply from ptd: 'Hello, PTDaemon here!'
ptd-server 2023-02-12 23:03:48,285 [INFO] Sending to ptd: 'Identify'
ptd-server 2023-02-12 23:03:48,286 [INFO] Reply from ptd: 'YokogawaWT310E,1000,1,1,1,1,0,1,1,version=1.10.0-ed9a21d2-20220817,OS=Linux 5.15.0-60-generic #66~20.04.1-Ubuntu SMP Wed Jan 25 09:41:30 UTC 2023 x86_64,mode=power,1,1,1,0,0,no_cal_date,YOKOGAWA;WT310E;C3XA04010E;F1.04'
ptd-server 2023-02-12 23:03:48,286 [INFO] Connected to PTDaemon
ptd-server 2023-02-12 23:03:48,286 [INFO] Sending to ptd: 'RR'
ptd-server 2023-02-12 23:03:48,286 [INFO] Reply from ptd: 'Ranges,1,0.200000,1,300.000000'
ptd-server 2023-02-12 23:03:48,286 [INFO] Initial range for Amps is Auto for Volts is Auto
ptd-server 2023-02-12 23:03:48,286 [INFO] Sending to ptd: 'SR,V,Auto'
ptd-server 2023-02-12 23:03:48,789 [INFO] Reply from ptd: 'Range V changed'
ptd-server 2023-02-12 23:03:48,789 [INFO] Sending to ptd: 'SR,A,Auto'
ptd-server 2023-02-12 23:03:49,291 [INFO] Reply from ptd: 'Range A changed'
ptd-server 2023-02-12 23:03:59,302 [INFO] Starting ranging mode
ptd-server 2023-02-12 23:03:59,302 [INFO] Sending to ptd: 'Go,1000,0,2023-02-12_23-03-31_ranging'
ptd-server 2023-02-12 23:03:59,302 [INFO] Reply from ptd: 'Starting untimed measurement, maximum 500000 samples at 1000ms with 0 rampup samples'
ptd-server 2023-02-12 23:03:59,302 [INFO] Sending reply to client 'OK'
ptd-server 2023-02-12 23:17:17,925 [INFO] Got command from the client 'session,2023-02-12_23-03-31,stop,ranging'
ptd-server 2023-02-12 23:17:27,935 [INFO] Sending to ptd: 'Stop'
ptd-server 2023-02-12 23:17:27,936 [INFO] Reply from ptd: 'Stopping untimed measurement'
ptd-server 2023-02-12 23:17:27,977 [INFO] Sending reply to client 'OK'
ptd-server 2023-02-12 23:17:28,011 [INFO] Got command from the client 'time'
ptd-server 2023-02-12 23:17:28,011 [INFO] Sending reply to client '1676243848.0111735'
ptd-server 2023-02-12 23:17:28,012 [INFO] Got command from the client 'session,2023-02-12_23-03-31,start,testing'
ptd-server 2023-02-12 23:17:28,012 [INFO] Sending to ptd: 'SR,V,249.790000'
ptd-server 2023-02-12 23:17:29,803 [INFO] Reply from ptd: 'Range V changed'
ptd-server 2023-02-12 23:17:29,803 [INFO] Sending to ptd: 'SR,A,0.199340'
ptd-server 2023-02-12 23:17:31,305 [INFO] Reply from ptd: 'Range A changed'
ptd-server 2023-02-12 23:17:41,315 [INFO] Starting testing mode
ptd-server 2023-02-12 23:17:41,315 [INFO] Sending to ptd: 'Go,1000,0,2023-02-12_23-03-31_testing'
ptd-server 2023-02-12 23:17:41,316 [INFO] Reply from ptd: 'Starting untimed measurement, maximum 500000 samples at 1000ms with 0 rampup samples'
ptd-server 2023-02-12 23:17:41,316 [INFO] Sending reply to client 'OK'
ptd-server 2023-02-12 23:31:05,678 [INFO] Got command from the client 'session,2023-02-12_23-03-31,stop,testing'
ptd-server 2023-02-12 23:31:15,689 [INFO] Sending to ptd: 'Stop'
ptd-server 2023-02-12 23:31:15,689 [INFO] Reply from ptd: 'Stopping untimed measurement'
ptd-server 2023-02-12 23:31:15,714 [INFO] Sending reply to client 'OK'
ptd-server 2023-02-12 23:31:15,721 [INFO] Got command from the client 'session,2023-02-12_23-03-31,done'
ptd-server 2023-02-12 23:31:15,721 [INFO] Sending to ptd: 'Stop'
ptd-server 2023-02-12 23:31:16,317 [INFO] Reply from ptd: 'Error: no measurement to stop'
ptd-server 2023-02-12 23:31:16,317 [INFO] Sending to ptd: 'SR,V,Auto'
ptd-server 2023-02-12 23:31:16,819 [INFO] Reply from ptd: 'Range V changed'
ptd-server 2023-02-12 23:31:16,820 [INFO] Sending to ptd: 'SR,A,Auto'
ptd-server 2023-02-12 23:31:17,322 [INFO] Reply from ptd: 'Range A changed'
ptd-server 2023-02-12 23:31:17,322 [INFO] Set initial values for Amps Auto and Volts Auto
ptd-server 2023-02-12 23:31:17,322 [INFO] Stopping ptd...
