ptd-server 2023-02-25 05:09:40,081 [INFO] Got command from the client 'time'
ptd-server 2023-02-25 05:09:40,081 [INFO] Sending reply to client '1677301780.0815828'
ptd-server 2023-02-25 05:09:40,086 [INFO] Got command from the client 'new,,9f7a0e5a-f638-43ad-996b-6b2718490170'
ptd-server 2023-02-25 05:09:40,087 [INFO] Sending reply to client 'OK 2023-02-25_05-09-40,18d5f4e9-1f37-4982-b730-b943f9d21265'
ptd-server 2023-02-25 05:09:40,107 [INFO] Got command from the client 'time'
ptd-server 2023-02-25 05:09:40,108 [INFO] Sending reply to client '1677301780.1082978'
ptd-server 2023-02-25 05:09:40,113 [INFO] Got command from the client 'session,2023-02-25_05-09-40,start,ranging'
ptd-server 2023-02-25 05:09:40,114 [INFO] Running PTDaemon: ['/media/arjun/T7_Touch/hp-envy/CM/repos/local/cache/9b3695ca8255492a/power/inference_v1.0/ptd-linux-x86', '-l', '/tmp/tmpti64566v/ptd_logfile.txt', '-p', '8888', '49', '/dev/usbtmc0']
ptd-server 2023-02-25 05:09:57,211 [INFO] Sending to ptd: 'Hello'
ptd-server 2023-02-25 05:09:57,212 [INFO] Reply from ptd: 'Hello, PTDaemon here!'
ptd-server 2023-02-25 05:09:57,212 [INFO] Sending to ptd: 'Identify'
ptd-server 2023-02-25 05:09:57,213 [INFO] Reply from ptd: 'YokogawaWT310E,1000,1,1,1,1,0,1,1,version=1.10.0-ed9a21d2-20220817,OS=Linux 5.15.0-56-generic #62-Ubuntu SMP Tue Nov 22 19:54:14 UTC 2022 x86_64,mode=power,1,1,1,0,0,no_cal_date,YOKOGAWA;WT310E;C3YD21068E;F1.04'
ptd-server 2023-02-25 05:09:57,214 [INFO] Connected to PTDaemon
ptd-server 2023-02-25 05:09:57,214 [INFO] Sending to ptd: 'RR'
ptd-server 2023-02-25 05:09:57,215 [INFO] Reply from ptd: 'Ranges,0,0.100000,0,600.000000'
ptd-server 2023-02-25 05:09:57,215 [INFO] Initial range for Amps is 0.100000 for Volts is 600.000000
ptd-server 2023-02-25 05:09:57,215 [INFO] Sending to ptd: 'SR,V,Auto'
ptd-server 2023-02-25 05:09:57,719 [INFO] Reply from ptd: 'Range V changed'
ptd-server 2023-02-25 05:09:57,720 [INFO] Sending to ptd: 'SR,A,Auto'
ptd-server 2023-02-25 05:09:58,223 [INFO] Reply from ptd: 'Range A changed'
ptd-server 2023-02-25 05:10:08,234 [INFO] Starting ranging mode
ptd-server 2023-02-25 05:10:08,235 [INFO] Sending to ptd: 'Go,1000,0,2023-02-25_05-09-40_ranging'
ptd-server 2023-02-25 05:10:08,235 [INFO] Reply from ptd: 'Starting untimed measurement, maximum 500000 samples at 1000ms with 0 rampup samples'
ptd-server 2023-02-25 05:10:08,235 [INFO] Sending reply to client 'OK'
ptd-server 2023-02-25 05:21:18,621 [INFO] Got command from the client 'session,2023-02-25_05-09-40,stop,ranging'
ptd-server 2023-02-25 05:21:28,632 [INFO] Sending to ptd: 'Stop'
ptd-server 2023-02-25 05:21:28,634 [INFO] Reply from ptd: 'Stopping untimed measurement'
ptd-server 2023-02-25 05:21:28,769 [INFO] Sending reply to client 'OK'
ptd-server 2023-02-25 05:21:28,819 [INFO] Got command from the client 'time'
ptd-server 2023-02-25 05:21:28,819 [INFO] Sending reply to client '1677302488.8198528'
ptd-server 2023-02-25 05:21:28,823 [INFO] Got command from the client 'session,2023-02-25_05-09-40,start,testing'
ptd-server 2023-02-25 05:21:28,823 [INFO] Sending to ptd: 'SR,V,246.150000'
ptd-server 2023-02-25 05:21:30,738 [INFO] Reply from ptd: 'Range V changed'
ptd-server 2023-02-25 05:21:30,739 [INFO] Sending to ptd: 'SR,A,0.179560'
ptd-server 2023-02-25 05:21:32,241 [INFO] Reply from ptd: 'Range A changed'
ptd-server 2023-02-25 05:21:42,252 [INFO] Starting testing mode
ptd-server 2023-02-25 05:21:42,253 [INFO] Sending to ptd: 'Go,1000,0,2023-02-25_05-09-40_testing'
ptd-server 2023-02-25 05:21:42,254 [INFO] Reply from ptd: 'Starting untimed measurement, maximum 500000 samples at 1000ms with 0 rampup samples'
ptd-server 2023-02-25 05:21:42,254 [INFO] Sending reply to client 'OK'
ptd-server 2023-02-25 05:32:43,655 [INFO] Got command from the client 'session,2023-02-25_05-09-40,stop,testing'
ptd-server 2023-02-25 05:32:53,665 [INFO] Sending to ptd: 'Stop'
ptd-server 2023-02-25 05:32:53,665 [INFO] Reply from ptd: 'Stopping untimed measurement'
ptd-server 2023-02-25 05:32:53,753 [INFO] Sending reply to client 'OK'
ptd-server 2023-02-25 05:32:53,768 [INFO] Got command from the client 'session,2023-02-25_05-09-40,done'
ptd-server 2023-02-25 05:32:53,768 [INFO] Sending to ptd: 'Stop'
ptd-server 2023-02-25 05:32:54,255 [INFO] Reply from ptd: 'Error: no measurement to stop'
ptd-server 2023-02-25 05:32:54,255 [INFO] Sending to ptd: 'SR,V,600.000000'
ptd-server 2023-02-25 05:32:55,756 [INFO] Reply from ptd: 'Range V changed'
ptd-server 2023-02-25 05:32:55,756 [INFO] Sending to ptd: 'SR,A,0.100000'
ptd-server 2023-02-25 05:32:57,258 [INFO] Reply from ptd: 'Range A changed'
ptd-server 2023-02-25 05:32:57,258 [INFO] Set initial values for Amps 0.100000 and Volts 600.000000
ptd-server 2023-02-25 05:32:57,258 [INFO] Stopping ptd...
