ptd-server 2023-02-28 20:36:56,575 [INFO] Got command from the client 'time'
ptd-server 2023-02-28 20:36:56,575 [INFO] Sending reply to client '1677616616.5754263'
ptd-server 2023-02-28 20:36:56,576 [INFO] Got command from the client 'new,,f3914267-e495-473e-a7d3-9525d83b691b'
ptd-server 2023-02-28 20:36:56,577 [INFO] Sending reply to client 'OK 2023-02-28_20-36-56,d034154d-6efd-43e9-9bdc-0637a6429e16'
ptd-server 2023-02-28 20:36:56,602 [INFO] Got command from the client 'time'
ptd-server 2023-02-28 20:36:56,602 [INFO] Sending reply to client '1677616616.6026359'
ptd-server 2023-02-28 20:36:56,604 [INFO] Got command from the client 'session,2023-02-28_20-36-56,start,ranging'
ptd-server 2023-02-28 20:36:56,604 [INFO] Running PTDaemon: ['/home/anton/projects/mlperf/power/inference_v1.0/ptd-linux-x86', '-l', '/tmp/tmpu4v721n6/ptd_logfile.txt', '-p', '8888', '49', '/dev/usbtmc0']
ptd-server 2023-02-28 20:37:13,691 [INFO] Sending to ptd: 'Hello'
ptd-server 2023-02-28 20:37:13,692 [INFO] Reply from ptd: 'Hello, PTDaemon here!'
ptd-server 2023-02-28 20:37:13,692 [INFO] Sending to ptd: 'Identify'
ptd-server 2023-02-28 20:37:13,692 [INFO] Reply from ptd: 'YokogawaWT310E,1000,1,1,1,1,0,1,1,version=1.10.0-ed9a21d2-20220817,OS=Linux 5.15.0-60-generic #66~20.04.1-Ubuntu SMP Wed Jan 25 09:41:30 UTC 2023 x86_64,mode=power,1,1,1,0,0,no_cal_date,YOKOGAWA;WT310E;C3XA04010E;F1.04'
ptd-server 2023-02-28 20:37:13,692 [INFO] Connected to PTDaemon
ptd-server 2023-02-28 20:37:13,692 [INFO] Sending to ptd: 'RR'
ptd-server 2023-02-28 20:37:13,692 [INFO] Reply from ptd: 'Ranges,0,0.100000,0,300.000000'
ptd-server 2023-02-28 20:37:13,693 [INFO] Initial range for Amps is 0.100000 for Volts is 300.000000
ptd-server 2023-02-28 20:37:13,693 [INFO] Sending to ptd: 'SR,V,Auto'
ptd-server 2023-02-28 20:37:14,195 [INFO] Reply from ptd: 'Range V changed'
ptd-server 2023-02-28 20:37:14,195 [INFO] Sending to ptd: 'SR,A,Auto'
ptd-server 2023-02-28 20:37:14,698 [INFO] Reply from ptd: 'Range A changed'
ptd-server 2023-02-28 20:37:24,708 [INFO] Starting ranging mode
ptd-server 2023-02-28 20:37:24,708 [INFO] Sending to ptd: 'Go,1000,0,2023-02-28_20-36-56_ranging'
ptd-server 2023-02-28 20:37:24,708 [INFO] Reply from ptd: 'Starting untimed measurement, maximum 500000 samples at 1000ms with 0 rampup samples'
ptd-server 2023-02-28 20:37:24,709 [INFO] Sending reply to client 'OK'
ptd-server 2023-02-28 20:47:48,785 [INFO] Got command from the client 'session,2023-02-28_20-36-56,stop,ranging'
ptd-server 2023-02-28 20:47:58,792 [INFO] Sending to ptd: 'Stop'
ptd-server 2023-02-28 20:47:58,792 [INFO] Reply from ptd: 'Stopping untimed measurement'
ptd-server 2023-02-28 20:47:59,303 [INFO] Sending reply to client 'OK'
ptd-server 2023-02-28 20:47:59,422 [INFO] Got command from the client 'time'
ptd-server 2023-02-28 20:47:59,422 [INFO] Sending reply to client '1677617279.422194'
ptd-server 2023-02-28 20:47:59,424 [INFO] Got command from the client 'session,2023-02-28_20-36-56,start,testing'
ptd-server 2023-02-28 20:47:59,424 [INFO] Sending to ptd: 'SR,V,252.700000'
ptd-server 2023-02-28 20:48:01,211 [INFO] Reply from ptd: 'Range V changed'
ptd-server 2023-02-28 20:48:01,211 [INFO] Sending to ptd: 'SR,A,0.079400'
ptd-server 2023-02-28 20:48:02,712 [INFO] Reply from ptd: 'Range A changed'
ptd-server 2023-02-28 20:48:12,723 [INFO] Starting testing mode
ptd-server 2023-02-28 20:48:12,723 [INFO] Sending to ptd: 'Go,1000,0,2023-02-28_20-36-56_testing'
ptd-server 2023-02-28 20:48:12,723 [INFO] Reply from ptd: 'Starting untimed measurement, maximum 500000 samples at 1000ms with 0 rampup samples'
ptd-server 2023-02-28 20:48:12,723 [INFO] Sending reply to client 'OK'
ptd-server 2023-02-28 20:58:36,629 [INFO] Got command from the client 'session,2023-02-28_20-36-56,stop,testing'
ptd-server 2023-02-28 20:58:46,639 [INFO] Sending to ptd: 'Stop'
ptd-server 2023-02-28 20:58:46,639 [INFO] Reply from ptd: 'Stopping untimed measurement'
ptd-server 2023-02-28 20:58:46,911 [INFO] Sending reply to client 'OK'
ptd-server 2023-02-28 20:58:46,930 [INFO] Got command from the client 'session,2023-02-28_20-36-56,done'
ptd-server 2023-02-28 20:58:46,930 [INFO] Sending to ptd: 'Stop'
ptd-server 2023-02-28 20:58:46,930 [INFO] Reply from ptd: 'Error: no measurement to stop'
ptd-server 2023-02-28 20:58:46,930 [INFO] Sending to ptd: 'SR,V,300.000000'
ptd-server 2023-02-28 20:58:48,432 [INFO] Reply from ptd: 'Range V changed'
ptd-server 2023-02-28 20:58:48,432 [INFO] Sending to ptd: 'SR,A,0.100000'
ptd-server 2023-02-28 20:58:49,933 [INFO] Reply from ptd: 'Range A changed'
ptd-server 2023-02-28 20:58:49,933 [INFO] Set initial values for Amps 0.100000 and Volts 300.000000
ptd-server 2023-02-28 20:58:49,934 [INFO] Stopping ptd...
