ptd-server 2023-02-28 20:49:50,451 [INFO] Got command from the client 'time'
ptd-server 2023-02-28 20:49:50,451 [INFO] Sending reply to client '1677617390.4518218'
ptd-server 2023-02-28 20:49:50,456 [INFO] Got command from the client 'new,,d078c09e-c77a-4d2e-9fc2-d1203557bc7e'
ptd-server 2023-02-28 20:49:50,457 [INFO] Sending reply to client 'OK 2023-02-28_20-49-50,82b06a24-14c2-4b6a-911f-a930ec508b35'
ptd-server 2023-02-28 20:49:50,480 [INFO] Got command from the client 'time'
ptd-server 2023-02-28 20:49:50,481 [INFO] Sending reply to client '1677617390.481149'
ptd-server 2023-02-28 20:49:50,485 [INFO] Got command from the client 'session,2023-02-28_20-49-50,start,ranging'
ptd-server 2023-02-28 20:49:50,485 [INFO] Running PTDaemon: ['/media/arjun/T7_Touch/hp-envy/CM/repos/local/cache/9b3695ca8255492a/power/inference_v1.0/ptd-linux-x86', '-l', '/tmp/tmpti64566v/ptd_logfile.txt', '-p', '8888', '49', '/dev/usbtmc0']
ptd-server 2023-02-28 20:50:07,590 [INFO] Sending to ptd: 'Hello'
ptd-server 2023-02-28 20:50:07,592 [INFO] Reply from ptd: 'Hello, PTDaemon here!'
ptd-server 2023-02-28 20:50:07,592 [INFO] Sending to ptd: 'Identify'
ptd-server 2023-02-28 20:50:07,593 [INFO] Reply from ptd: 'YokogawaWT310E,1000,1,1,1,1,0,1,1,version=1.10.0-ed9a21d2-20220817,OS=Linux 5.15.0-56-generic #62-Ubuntu SMP Tue Nov 22 19:54:14 UTC 2022 x86_64,mode=power,1,1,1,0,0,no_cal_date,YOKOGAWA;WT310E;C3YD21068E;F1.04'
ptd-server 2023-02-28 20:50:07,593 [INFO] Connected to PTDaemon
ptd-server 2023-02-28 20:50:07,593 [INFO] Sending to ptd: 'RR'
ptd-server 2023-02-28 20:50:07,594 [INFO] Reply from ptd: 'Ranges,0,0.100000,0,600.000000'
ptd-server 2023-02-28 20:50:07,595 [INFO] Initial range for Amps is 0.100000 for Volts is 600.000000
ptd-server 2023-02-28 20:50:07,595 [INFO] Sending to ptd: 'SR,V,Auto'
ptd-server 2023-02-28 20:50:08,099 [INFO] Reply from ptd: 'Range V changed'
ptd-server 2023-02-28 20:50:08,099 [INFO] Sending to ptd: 'SR,A,Auto'
ptd-server 2023-02-28 20:50:08,603 [INFO] Reply from ptd: 'Range A changed'
ptd-server 2023-02-28 20:50:18,614 [INFO] Starting ranging mode
ptd-server 2023-02-28 20:50:18,615 [INFO] Sending to ptd: 'Go,1000,0,2023-02-28_20-49-50_ranging'
ptd-server 2023-02-28 20:50:18,616 [INFO] Reply from ptd: 'Starting untimed measurement, maximum 500000 samples at 1000ms with 0 rampup samples'
ptd-server 2023-02-28 20:50:18,616 [INFO] Sending reply to client 'OK'
ptd-server 2023-02-28 21:01:22,339 [INFO] Got command from the client 'session,2023-02-28_20-49-50,stop,ranging'
ptd-server 2023-02-28 21:01:32,350 [INFO] Sending to ptd: 'Stop'
ptd-server 2023-02-28 21:01:32,351 [INFO] Reply from ptd: 'Stopping untimed measurement'
ptd-server 2023-02-28 21:01:32,675 [INFO] Sending reply to client 'OK'
ptd-server 2023-02-28 21:01:32,726 [INFO] Got command from the client 'time'
ptd-server 2023-02-28 21:01:32,726 [INFO] Sending reply to client '1677618092.7262373'
ptd-server 2023-02-28 21:01:32,730 [INFO] Got command from the client 'session,2023-02-28_20-49-50,start,testing'
ptd-server 2023-02-28 21:01:32,730 [INFO] Sending to ptd: 'SR,V,245.410000'
ptd-server 2023-02-28 21:01:34,233 [INFO] Reply from ptd: 'Range V changed'
ptd-server 2023-02-28 21:01:34,233 [INFO] Sending to ptd: 'SR,A,0.260380'
ptd-server 2023-02-28 21:01:35,736 [INFO] Reply from ptd: 'Range A changed'
ptd-server 2023-02-28 21:01:45,744 [INFO] Starting testing mode
ptd-server 2023-02-28 21:01:45,745 [INFO] Sending to ptd: 'Go,1000,0,2023-02-28_20-49-50_testing'
ptd-server 2023-02-28 21:01:45,745 [INFO] Reply from ptd: 'Starting untimed measurement, maximum 500000 samples at 1000ms with 0 rampup samples'
ptd-server 2023-02-28 21:01:45,745 [INFO] Sending reply to client 'OK'
ptd-server 2023-02-28 21:12:56,823 [INFO] Got command from the client 'session,2023-02-28_20-49-50,stop,testing'
ptd-server 2023-02-28 21:13:06,834 [INFO] Sending to ptd: 'Stop'
ptd-server 2023-02-28 21:13:06,835 [INFO] Reply from ptd: 'Stopping untimed measurement'
ptd-server 2023-02-28 21:13:07,004 [INFO] Sending reply to client 'OK'
ptd-server 2023-02-28 21:13:07,012 [INFO] Got command from the client 'session,2023-02-28_20-49-50,done'
ptd-server 2023-02-28 21:13:07,013 [INFO] Sending to ptd: 'Stop'
ptd-server 2023-02-28 21:13:07,747 [INFO] Reply from ptd: 'Error: no measurement to stop'
ptd-server 2023-02-28 21:13:07,747 [INFO] Sending to ptd: 'SR,V,600.000000'
ptd-server 2023-02-28 21:13:09,250 [INFO] Reply from ptd: 'Range V changed'
ptd-server 2023-02-28 21:13:09,250 [INFO] Sending to ptd: 'SR,A,0.100000'
ptd-server 2023-02-28 21:13:10,753 [INFO] Reply from ptd: 'Range A changed'
ptd-server 2023-02-28 21:13:10,753 [INFO] Set initial values for Amps 0.100000 and Volts 600.000000
ptd-server 2023-02-28 21:13:10,754 [INFO] Stopping ptd...
