ptd-server 2023-02-23 21:37:03,897 [INFO] Got command from the client 'time'
ptd-server 2023-02-23 21:37:03,897 [INFO] Sending reply to client '1677188223.8972347'
ptd-server 2023-02-23 21:37:03,898 [INFO] Got command from the client 'new,,aedc4de2-b8ac-4b8c-a52c-f8a6496df685'
ptd-server 2023-02-23 21:37:03,898 [INFO] Sending reply to client 'OK 2023-02-23_21-37-03,47ad7e3b-3ef3-4f78-b908-8a148c707af4'
ptd-server 2023-02-23 21:37:03,989 [INFO] Got command from the client 'time'
ptd-server 2023-02-23 21:37:03,989 [INFO] Sending reply to client '1677188223.98927'
ptd-server 2023-02-23 21:37:03,990 [INFO] Got command from the client 'session,2023-02-23_21-37-03,start,ranging'
ptd-server 2023-02-23 21:37:03,990 [INFO] Running PTDaemon: ['/home/anton/projects/mlperf/power/inference_v1.0/ptd-linux-x86', '-l', '/tmp/tmp4yl1neqp/ptd_logfile.txt', '-p', '8888', '49', '/dev/usbtmc0']
ptd-server 2023-02-23 21:37:21,064 [INFO] Sending to ptd: 'Hello'
ptd-server 2023-02-23 21:37:21,065 [INFO] Reply from ptd: 'Hello, PTDaemon here!'
ptd-server 2023-02-23 21:37:21,065 [INFO] Sending to ptd: 'Identify'
ptd-server 2023-02-23 21:37:21,065 [INFO] Reply from ptd: 'YokogawaWT310E,1000,1,1,1,1,0,1,1,version=1.10.0-ed9a21d2-20220817,OS=Linux 5.15.0-60-generic #66~20.04.1-Ubuntu SMP Wed Jan 25 09:41:30 UTC 2023 x86_64,mode=power,1,1,1,0,0,no_cal_date,YOKOGAWA;WT310E;C3XA04010E;F1.04'
ptd-server 2023-02-23 21:37:21,065 [INFO] Connected to PTDaemon
ptd-server 2023-02-23 21:37:21,065 [INFO] Sending to ptd: 'RR'
ptd-server 2023-02-23 21:37:21,066 [INFO] Reply from ptd: 'Ranges,1,0.100000,1,300.000000'
ptd-server 2023-02-23 21:37:21,066 [INFO] Initial range for Amps is Auto for Volts is Auto
ptd-server 2023-02-23 21:37:21,066 [INFO] Sending to ptd: 'SR,V,Auto'
ptd-server 2023-02-23 21:37:21,569 [INFO] Reply from ptd: 'Range V changed'
ptd-server 2023-02-23 21:37:21,569 [INFO] Sending to ptd: 'SR,A,Auto'
ptd-server 2023-02-23 21:37:22,071 [INFO] Reply from ptd: 'Range A changed'
ptd-server 2023-02-23 21:37:32,081 [INFO] Starting ranging mode
ptd-server 2023-02-23 21:37:32,082 [INFO] Sending to ptd: 'Go,1000,0,2023-02-23_21-37-03_ranging'
ptd-server 2023-02-23 21:37:32,082 [INFO] Reply from ptd: 'Starting untimed measurement, maximum 500000 samples at 1000ms with 0 rampup samples'
ptd-server 2023-02-23 21:37:32,082 [INFO] Sending reply to client 'OK'
ptd-server 2023-02-23 21:47:48,605 [INFO] Got command from the client 'session,2023-02-23_21-37-03,stop,ranging'
ptd-server 2023-02-23 21:47:58,615 [INFO] Sending to ptd: 'Stop'
ptd-server 2023-02-23 21:47:58,616 [INFO] Reply from ptd: 'Stopping untimed measurement'
ptd-server 2023-02-23 21:47:59,182 [INFO] Sending reply to client 'OK'
ptd-server 2023-02-23 21:47:59,285 [INFO] Got command from the client 'time'
ptd-server 2023-02-23 21:47:59,285 [INFO] Sending reply to client '1677188879.2855785'
ptd-server 2023-02-23 21:47:59,286 [INFO] Got command from the client 'session,2023-02-23_21-37-03,start,testing'
ptd-server 2023-02-23 21:47:59,286 [INFO] Sending to ptd: 'SR,V,252.710000'
ptd-server 2023-02-23 21:48:00,788 [INFO] Reply from ptd: 'Range V changed'
ptd-server 2023-02-23 21:48:00,788 [INFO] Sending to ptd: 'SR,A,0.047640'
ptd-server 2023-02-23 21:48:02,289 [INFO] Reply from ptd: 'Range A changed'
ptd-server 2023-02-23 21:48:12,299 [INFO] Starting testing mode
ptd-server 2023-02-23 21:48:12,300 [INFO] Sending to ptd: 'Go,1000,0,2023-02-23_21-37-03_testing'
ptd-server 2023-02-23 21:48:12,300 [INFO] Reply from ptd: 'Starting untimed measurement, maximum 500000 samples at 1000ms with 0 rampup samples'
ptd-server 2023-02-23 21:48:12,300 [INFO] Sending reply to client 'OK'
ptd-server 2023-02-23 21:58:28,782 [INFO] Got command from the client 'session,2023-02-23_21-37-03,stop,testing'
ptd-server 2023-02-23 21:58:38,792 [INFO] Sending to ptd: 'Stop'
ptd-server 2023-02-23 21:58:38,793 [INFO] Reply from ptd: 'Stopping untimed measurement'
ptd-server 2023-02-23 21:58:39,093 [INFO] Sending reply to client 'OK'
ptd-server 2023-02-23 21:58:39,101 [INFO] Got command from the client 'session,2023-02-23_21-37-03,done'
ptd-server 2023-02-23 21:58:39,102 [INFO] Sending to ptd: 'Stop'
ptd-server 2023-02-23 21:58:39,300 [INFO] Reply from ptd: 'Error: no measurement to stop'
ptd-server 2023-02-23 21:58:39,300 [INFO] Sending to ptd: 'SR,V,Auto'
ptd-server 2023-02-23 21:58:39,803 [INFO] Reply from ptd: 'Range V changed'
ptd-server 2023-02-23 21:58:39,803 [INFO] Sending to ptd: 'SR,A,Auto'
ptd-server 2023-02-23 21:58:40,306 [INFO] Reply from ptd: 'Range A changed'
ptd-server 2023-02-23 21:58:40,306 [INFO] Set initial values for Amps Auto and Volts Auto
ptd-server 2023-02-23 21:58:40,306 [INFO] Stopping ptd...
