ptd-server 2023-02-28 23:55:10,011 [INFO] Got command from the client 'time'
ptd-server 2023-02-28 23:55:10,012 [INFO] Sending reply to client '1677628510.012018'
ptd-server 2023-02-28 23:55:10,013 [INFO] Got command from the client 'new,,a031bcee-c468-4a95-b74f-bee5c12e55c7'
ptd-server 2023-02-28 23:55:10,014 [INFO] Sending reply to client 'OK 2023-02-28_23-55-10,c4a668f2-e21b-4888-9caa-900c4b8429a9'
ptd-server 2023-02-28 23:55:10,064 [INFO] Got command from the client 'time'
ptd-server 2023-02-28 23:55:10,064 [INFO] Sending reply to client '1677628510.0645592'
ptd-server 2023-02-28 23:55:10,066 [INFO] Got command from the client 'session,2023-02-28_23-55-10,start,ranging'
ptd-server 2023-02-28 23:55:10,066 [INFO] Running PTDaemon: ['/home/anton/projects/mlperf/power/inference_v1.0/ptd-linux-x86', '-l', '/tmp/tmpu4v721n6/ptd_logfile.txt', '-p', '8888', '49', '/dev/usbtmc0']
ptd-server 2023-02-28 23:55:27,152 [INFO] Sending to ptd: 'Hello'
ptd-server 2023-02-28 23:55:27,153 [INFO] Reply from ptd: 'Hello, PTDaemon here!'
ptd-server 2023-02-28 23:55:27,153 [INFO] Sending to ptd: 'Identify'
ptd-server 2023-02-28 23:55:27,153 [INFO] Reply from ptd: 'YokogawaWT310E,1000,1,1,1,1,0,1,1,version=1.10.0-ed9a21d2-20220817,OS=Linux 5.15.0-60-generic #66~20.04.1-Ubuntu SMP Wed Jan 25 09:41:30 UTC 2023 x86_64,mode=power,1,1,1,0,0,no_cal_date,YOKOGAWA;WT310E;C3XA04010E;F1.04'
ptd-server 2023-02-28 23:55:27,153 [INFO] Connected to PTDaemon
ptd-server 2023-02-28 23:55:27,153 [INFO] Sending to ptd: 'RR'
ptd-server 2023-02-28 23:55:27,154 [INFO] Reply from ptd: 'Ranges,0,0.100000,0,300.000000'
ptd-server 2023-02-28 23:55:27,154 [INFO] Initial range for Amps is 0.100000 for Volts is 300.000000
ptd-server 2023-02-28 23:55:27,154 [INFO] Sending to ptd: 'SR,V,Auto'
ptd-server 2023-02-28 23:55:27,656 [INFO] Reply from ptd: 'Range V changed'
ptd-server 2023-02-28 23:55:27,656 [INFO] Sending to ptd: 'SR,A,Auto'
ptd-server 2023-02-28 23:55:28,159 [INFO] Reply from ptd: 'Range A changed'
ptd-server 2023-02-28 23:55:38,168 [INFO] Starting ranging mode
ptd-server 2023-02-28 23:55:38,168 [INFO] Sending to ptd: 'Go,1000,0,2023-02-28_23-55-10_ranging'
ptd-server 2023-02-28 23:55:38,168 [INFO] Reply from ptd: 'Starting untimed measurement, maximum 500000 samples at 1000ms with 0 rampup samples'
ptd-server 2023-02-28 23:55:38,169 [INFO] Sending reply to client 'OK'
ptd-server 2023-03-01 00:06:01,795 [INFO] Got command from the client 'session,2023-02-28_23-55-10,stop,ranging'
ptd-server 2023-03-01 00:06:11,800 [INFO] Sending to ptd: 'Stop'
ptd-server 2023-03-01 00:06:11,800 [INFO] Reply from ptd: 'Stopping untimed measurement'
ptd-server 2023-03-01 00:06:12,333 [INFO] Sending reply to client 'OK'
ptd-server 2023-03-01 00:06:12,386 [INFO] Got command from the client 'time'
ptd-server 2023-03-01 00:06:12,386 [INFO] Sending reply to client '1677629172.386195'
ptd-server 2023-03-01 00:06:12,389 [INFO] Got command from the client 'session,2023-02-28_23-55-10,start,testing'
ptd-server 2023-03-01 00:06:12,389 [INFO] Sending to ptd: 'SR,V,252.690000'
ptd-server 2023-03-01 00:06:13,890 [INFO] Reply from ptd: 'Range V changed'
ptd-server 2023-03-01 00:06:13,890 [INFO] Sending to ptd: 'SR,A,0.077320'
ptd-server 2023-03-01 00:06:15,392 [INFO] Reply from ptd: 'Range A changed'
ptd-server 2023-03-01 00:06:25,400 [INFO] Starting testing mode
ptd-server 2023-03-01 00:06:25,400 [INFO] Sending to ptd: 'Go,1000,0,2023-02-28_23-55-10_testing'
ptd-server 2023-03-01 00:06:25,400 [INFO] Reply from ptd: 'Starting untimed measurement, maximum 500000 samples at 1000ms with 0 rampup samples'
ptd-server 2023-03-01 00:06:25,401 [INFO] Sending reply to client 'OK'
ptd-server 2023-03-01 00:16:49,258 [INFO] Got command from the client 'session,2023-02-28_23-55-10,stop,testing'
ptd-server 2023-03-01 00:16:59,269 [INFO] Sending to ptd: 'Stop'
ptd-server 2023-03-01 00:16:59,269 [INFO] Reply from ptd: 'Stopping untimed measurement'
ptd-server 2023-03-01 00:16:59,544 [INFO] Sending reply to client 'OK'
ptd-server 2023-03-01 00:16:59,562 [INFO] Got command from the client 'session,2023-02-28_23-55-10,done'
ptd-server 2023-03-01 00:16:59,563 [INFO] Sending to ptd: 'Stop'
ptd-server 2023-03-01 00:16:59,563 [INFO] Reply from ptd: 'Error: no measurement to stop'
ptd-server 2023-03-01 00:16:59,563 [INFO] Sending to ptd: 'SR,V,300.000000'
ptd-server 2023-03-01 00:17:01,064 [INFO] Reply from ptd: 'Range V changed'
ptd-server 2023-03-01 00:17:01,065 [INFO] Sending to ptd: 'SR,A,0.100000'
ptd-server 2023-03-01 00:17:02,566 [INFO] Reply from ptd: 'Range A changed'
ptd-server 2023-03-01 00:17:02,566 [INFO] Set initial values for Amps 0.100000 and Volts 300.000000
ptd-server 2023-03-01 00:17:02,566 [INFO] Stopping ptd...
