ptd-server 2023-02-27 03:25:53,101 [INFO] Got command from the client 'time'
ptd-server 2023-02-27 03:25:53,102 [INFO] Sending reply to client '1677468353.1020613'
ptd-server 2023-02-27 03:25:53,103 [INFO] Got command from the client 'new,,57dc1742-b95e-4b2d-827b-d36410af4ebb'
ptd-server 2023-02-27 03:25:53,104 [INFO] Sending reply to client 'OK 2023-02-27_03-25-53,b8cdfe28-2b71-43a5-9adb-0e930e123cda'
ptd-server 2023-02-27 03:25:53,131 [INFO] Got command from the client 'time'
ptd-server 2023-02-27 03:25:53,131 [INFO] Sending reply to client '1677468353.1319513'
ptd-server 2023-02-27 03:25:53,133 [INFO] Got command from the client 'session,2023-02-27_03-25-53,start,ranging'
ptd-server 2023-02-27 03:25:53,134 [INFO] Running PTDaemon: ['/home/anton/projects/mlperf/power/inference_v1.0/ptd-linux-x86', '-l', '/tmp/tmpu4v721n6/ptd_logfile.txt', '-p', '8888', '49', '/dev/usbtmc0']
ptd-server 2023-02-27 03:26:10,222 [INFO] Sending to ptd: 'Hello'
ptd-server 2023-02-27 03:26:10,223 [INFO] Reply from ptd: 'Hello, PTDaemon here!'
ptd-server 2023-02-27 03:26:10,223 [INFO] Sending to ptd: 'Identify'
ptd-server 2023-02-27 03:26:10,223 [INFO] Reply from ptd: 'YokogawaWT310E,1000,1,1,1,1,0,1,1,version=1.10.0-ed9a21d2-20220817,OS=Linux 5.15.0-60-generic #66~20.04.1-Ubuntu SMP Wed Jan 25 09:41:30 UTC 2023 x86_64,mode=power,1,1,1,0,0,no_cal_date,YOKOGAWA;WT310E;C3XA04010E;F1.04'
ptd-server 2023-02-27 03:26:10,223 [INFO] Connected to PTDaemon
ptd-server 2023-02-27 03:26:10,224 [INFO] Sending to ptd: 'RR'
ptd-server 2023-02-27 03:26:10,224 [INFO] Reply from ptd: 'Ranges,0,0.100000,0,300.000000'
ptd-server 2023-02-27 03:26:10,224 [INFO] Initial range for Amps is 0.100000 for Volts is 300.000000
ptd-server 2023-02-27 03:26:10,224 [INFO] Sending to ptd: 'SR,V,Auto'
ptd-server 2023-02-27 03:26:10,726 [INFO] Reply from ptd: 'Range V changed'
ptd-server 2023-02-27 03:26:10,727 [INFO] Sending to ptd: 'SR,A,Auto'
ptd-server 2023-02-27 03:26:11,229 [INFO] Reply from ptd: 'Range A changed'
ptd-server 2023-02-27 03:26:21,239 [INFO] Starting ranging mode
ptd-server 2023-02-27 03:26:21,240 [INFO] Sending to ptd: 'Go,1000,0,2023-02-27_03-25-53_ranging'
ptd-server 2023-02-27 03:26:21,240 [INFO] Reply from ptd: 'Starting untimed measurement, maximum 500000 samples at 1000ms with 0 rampup samples'
ptd-server 2023-02-27 03:26:21,240 [INFO] Sending reply to client 'OK'
ptd-server 2023-02-27 03:36:43,225 [INFO] Got command from the client 'session,2023-02-27_03-25-53,stop,ranging'
ptd-server 2023-02-27 03:36:53,232 [INFO] Sending to ptd: 'Stop'
ptd-server 2023-02-27 03:36:53,232 [INFO] Reply from ptd: 'Stopping untimed measurement'
ptd-server 2023-02-27 03:36:53,538 [INFO] Sending reply to client 'OK'
ptd-server 2023-02-27 03:36:53,727 [INFO] Got command from the client 'time'
ptd-server 2023-02-27 03:36:53,728 [INFO] Sending reply to client '1677469013.7279835'
ptd-server 2023-02-27 03:36:53,730 [INFO] Got command from the client 'session,2023-02-27_03-25-53,start,testing'
ptd-server 2023-02-27 03:36:53,730 [INFO] Sending to ptd: 'SR,V,251.760000'
ptd-server 2023-02-27 03:36:55,231 [INFO] Reply from ptd: 'Range V changed'
ptd-server 2023-02-27 03:36:55,231 [INFO] Sending to ptd: 'SR,A,0.055020'
ptd-server 2023-02-27 03:36:56,733 [INFO] Reply from ptd: 'Range A changed'
ptd-server 2023-02-27 03:37:06,743 [INFO] Starting testing mode
ptd-server 2023-02-27 03:37:06,743 [INFO] Sending to ptd: 'Go,1000,0,2023-02-27_03-25-53_testing'
ptd-server 2023-02-27 03:37:06,744 [INFO] Reply from ptd: 'Starting untimed measurement, maximum 500000 samples at 1000ms with 0 rampup samples'
ptd-server 2023-02-27 03:37:06,744 [INFO] Sending reply to client 'OK'
ptd-server 2023-02-27 03:47:28,767 [INFO] Got command from the client 'session,2023-02-27_03-25-53,stop,testing'
ptd-server 2023-02-27 03:47:38,776 [INFO] Sending to ptd: 'Stop'
ptd-server 2023-02-27 03:47:38,776 [INFO] Reply from ptd: 'Stopping untimed measurement'
ptd-server 2023-02-27 03:47:38,933 [INFO] Sending reply to client 'OK'
ptd-server 2023-02-27 03:47:38,951 [INFO] Got command from the client 'session,2023-02-27_03-25-53,done'
ptd-server 2023-02-27 03:47:38,952 [INFO] Sending to ptd: 'Stop'
ptd-server 2023-02-27 03:47:39,745 [INFO] Reply from ptd: 'Error: no measurement to stop'
ptd-server 2023-02-27 03:47:39,745 [INFO] Sending to ptd: 'SR,V,300.000000'
ptd-server 2023-02-27 03:47:41,246 [INFO] Reply from ptd: 'Range V changed'
ptd-server 2023-02-27 03:47:41,246 [INFO] Sending to ptd: 'SR,A,0.100000'
ptd-server 2023-02-27 03:47:42,747 [INFO] Reply from ptd: 'Range A changed'
ptd-server 2023-02-27 03:47:42,748 [INFO] Set initial values for Amps 0.100000 and Volts 300.000000
ptd-server 2023-02-27 03:47:42,748 [INFO] Stopping ptd...
