ptd-server 2023-02-23 02:06:27,642 [INFO] Got command from the client 'time'
ptd-server 2023-02-23 02:06:27,642 [INFO] Sending reply to client '1677117987.6425214'
ptd-server 2023-02-23 02:06:27,643 [INFO] Got command from the client 'new,,c2056353-b13d-4cd2-a65d-17342465848d'
ptd-server 2023-02-23 02:06:27,644 [INFO] Sending reply to client 'OK 2023-02-23_02-06-27,4446cfe7-a585-4fae-8912-3af238314909'
ptd-server 2023-02-23 02:06:27,663 [INFO] Got command from the client 'time'
ptd-server 2023-02-23 02:06:27,663 [INFO] Sending reply to client '1677117987.663791'
ptd-server 2023-02-23 02:06:27,664 [INFO] Got command from the client 'session,2023-02-23_02-06-27,start,ranging'
ptd-server 2023-02-23 02:06:27,665 [INFO] Running PTDaemon: ['/home/anton/projects/mlperf/power/inference_v1.0/ptd-linux-x86', '-l', '/tmp/tmp4yl1neqp/ptd_logfile.txt', '-p', '8888', '49', '/dev/usbtmc0']
ptd-server 2023-02-23 02:06:44,738 [INFO] Sending to ptd: 'Hello'
ptd-server 2023-02-23 02:06:44,739 [INFO] Reply from ptd: 'Hello, PTDaemon here!'
ptd-server 2023-02-23 02:06:44,739 [INFO] Sending to ptd: 'Identify'
ptd-server 2023-02-23 02:06:44,740 [INFO] Reply from ptd: 'YokogawaWT310E,1000,1,1,1,1,0,1,1,version=1.10.0-ed9a21d2-20220817,OS=Linux 5.15.0-60-generic #66~20.04.1-Ubuntu SMP Wed Jan 25 09:41:30 UTC 2023 x86_64,mode=power,1,1,1,0,0,no_cal_date,YOKOGAWA;WT310E;C3XA04010E;F1.04'
ptd-server 2023-02-23 02:06:44,740 [INFO] Connected to PTDaemon
ptd-server 2023-02-23 02:06:44,740 [INFO] Sending to ptd: 'RR'
ptd-server 2023-02-23 02:06:44,740 [INFO] Reply from ptd: 'Ranges,1,0.100000,1,300.000000'
ptd-server 2023-02-23 02:06:44,740 [INFO] Initial range for Amps is Auto for Volts is Auto
ptd-server 2023-02-23 02:06:44,741 [INFO] Sending to ptd: 'SR,V,Auto'
ptd-server 2023-02-23 02:06:45,243 [INFO] Reply from ptd: 'Range V changed'
ptd-server 2023-02-23 02:06:45,243 [INFO] Sending to ptd: 'SR,A,Auto'
ptd-server 2023-02-23 02:06:45,746 [INFO] Reply from ptd: 'Range A changed'
ptd-server 2023-02-23 02:06:55,756 [INFO] Starting ranging mode
ptd-server 2023-02-23 02:06:55,756 [INFO] Sending to ptd: 'Go,1000,0,2023-02-23_02-06-27_ranging'
ptd-server 2023-02-23 02:06:55,757 [INFO] Reply from ptd: 'Starting untimed measurement, maximum 500000 samples at 1000ms with 0 rampup samples'
ptd-server 2023-02-23 02:06:55,757 [INFO] Sending reply to client 'OK'
ptd-server 2023-02-23 02:17:14,328 [INFO] Got command from the client 'session,2023-02-23_02-06-27,stop,ranging'
ptd-server 2023-02-23 02:17:24,338 [INFO] Sending to ptd: 'Stop'
ptd-server 2023-02-23 02:17:24,339 [INFO] Reply from ptd: 'Stopping untimed measurement'
ptd-server 2023-02-23 02:17:24,813 [INFO] Sending reply to client 'OK'
ptd-server 2023-02-23 02:17:24,843 [INFO] Got command from the client 'time'
ptd-server 2023-02-23 02:17:24,843 [INFO] Sending reply to client '1677118644.8435404'
ptd-server 2023-02-23 02:17:24,844 [INFO] Got command from the client 'session,2023-02-23_02-06-27,start,testing'
ptd-server 2023-02-23 02:17:24,844 [INFO] Sending to ptd: 'SR,V,252.380000'
ptd-server 2023-02-23 02:17:26,345 [INFO] Reply from ptd: 'Range V changed'
ptd-server 2023-02-23 02:17:26,346 [INFO] Sending to ptd: 'SR,A,0.045230'
ptd-server 2023-02-23 02:17:27,847 [INFO] Reply from ptd: 'Range A changed'
ptd-server 2023-02-23 02:17:37,857 [INFO] Starting testing mode
ptd-server 2023-02-23 02:17:37,858 [INFO] Sending to ptd: 'Go,1000,0,2023-02-23_02-06-27_testing'
ptd-server 2023-02-23 02:17:37,858 [INFO] Reply from ptd: 'Starting untimed measurement, maximum 500000 samples at 1000ms with 0 rampup samples'
ptd-server 2023-02-23 02:17:37,858 [INFO] Sending reply to client 'OK'
ptd-server 2023-02-23 02:27:56,436 [INFO] Got command from the client 'session,2023-02-23_02-06-27,stop,testing'
ptd-server 2023-02-23 02:28:06,447 [INFO] Sending to ptd: 'Stop'
ptd-server 2023-02-23 02:28:06,447 [INFO] Reply from ptd: 'Stopping untimed measurement'
ptd-server 2023-02-23 02:28:06,699 [INFO] Sending reply to client 'OK'
ptd-server 2023-02-23 02:28:06,706 [INFO] Got command from the client 'session,2023-02-23_02-06-27,done'
ptd-server 2023-02-23 02:28:06,707 [INFO] Sending to ptd: 'Stop'
ptd-server 2023-02-23 02:28:06,858 [INFO] Reply from ptd: 'Error: no measurement to stop'
ptd-server 2023-02-23 02:28:06,858 [INFO] Sending to ptd: 'SR,V,Auto'
ptd-server 2023-02-23 02:28:07,361 [INFO] Reply from ptd: 'Range V changed'
ptd-server 2023-02-23 02:28:07,361 [INFO] Sending to ptd: 'SR,A,Auto'
ptd-server 2023-02-23 02:28:07,864 [INFO] Reply from ptd: 'Range A changed'
ptd-server 2023-02-23 02:28:07,864 [INFO] Set initial values for Amps Auto and Volts Auto
ptd-server 2023-02-23 02:28:07,864 [INFO] Stopping ptd...
