client 2023-02-12 15:01:17,389 [INFO] Creating output directory '/home/arjun/CM/repos/octoml@ck/cm-mlops/script/run-mlperf-inference-app/valid_results/arjun_orin-tflite_cpp-cpu-armnn_tflite-v22.11-default_config/mobilenet-v2-precision_float-1.0-128/singlestream/performance/tmp_power'
client 2023-02-12 15:01:17,620 [INFO] Sending command to the server: 'mlcommons/power client v3'
client 2023-02-12 15:01:17,623 [INFO] Got response: 'mlcommons/power server v3'
client 2023-02-12 15:01:17,623 [INFO] Synchronizing with the server and with time.google.com...
client 2023-02-12 15:01:17,647 [INFO] NTP:offset = 0.004 s, delay = 0.014 s 
client 2023-02-12 15:01:17,648 [INFO] Sending command to the server: 'time'
client 2023-02-12 15:01:17,652 [INFO] Got response: '1676214077.6545146'
client 2023-02-12 15:01:17,652 [INFO] The time difference between the client and the server is within range -6.288 ms..-2.058 ms
client 2023-02-12 15:01:17,652 [INFO] Sending command to the server: 'new,,0acd9974-8177-4e14-a64d-f0886a93893b'
client 2023-02-12 15:01:17,658 [INFO] Got response: 'OK 2023-02-12_15-01-17,184f97d8-1557-43ee-bafc-93d0279c95fa'
client 2023-02-12 15:01:17,658 [INFO] Session id is '2023-02-12_15-01-17'
client 2023-02-12 15:01:17,658 [INFO] Sources: {"sources": {"__init__.py": "da39a3ee5e6b4b0d3255bfef95601890afd80709", "client.py": "33ca4f26368777ac06e01f9567b714a4b8063886", "lib/__init__.py": "da39a3ee5e6b4b0d3255bfef95601890afd80709", "lib/client.py": "4c2b78fb4849a7e5b584ef792d82aaed20b17f57", "lib/common.py": "624d0c0acc7c39aaff3674f0b99d6a09da53d1dc", "lib/external/__init__.py": "da39a3ee5e6b4b0d3255bfef95601890afd80709", "lib/external/ntplib.py": "4da8f970656505a40483206ef2b5d3dd5e81711d", "lib/server.py": "cda0cdfaee9bfa1249c64a7dd4f89b7bf1b279f0", "lib/source_hashes.py": "60a2e02193209e8d392803326208d5466342da18", "lib/summary.py": "aa92f0a3f975eecd44d3c0cd0236342ccc9f941d", "lib/time_sync.py": "3210db56eb0ff0df57bf4293dc4d4b03fffd46f1", "server.py": "c3f90f2f7eeb4db30727556d0c815ebc89b3d28b", "tests/unit/__init__.py": "da39a3ee5e6b4b0d3255bfef95601890afd80709", "tests/unit/test_server.py": "99ae15aef722f2000ee6ed1ae1523637bf1ae42b", "tests/unit/test_source_hashes.py": "00468a2907583c593e6574a1f6b404e4651c221a"}, "modules": {"ptd_client_server.lib.client": "lib/client.py", "ptd_client_server.lib.common": "lib/common.py", "ptd_client_server.lib.external.ntplib": "lib/external/ntplib.py", "ptd_client_server.lib.source_hashes": "lib/source_hashes.py", "ptd_client_server.lib.summary": "lib/summary.py", "ptd_client_server.lib.time_sync": "lib/time_sync.py"}}
client 2023-02-12 15:01:17,659 [INFO] Running workload in ranging mode
client 2023-02-12 15:01:17,659 [INFO] Synchronizing with the server and with time.google.com...
client 2023-02-12 15:01:17,674 [INFO] NTP:offset = 0.003 s, delay = 0.013 s 
client 2023-02-12 15:01:17,674 [INFO] Sending command to the server: 'time'
client 2023-02-12 15:01:17,680 [INFO] Got response: '1676214077.6834662'
client 2023-02-12 15:01:17,680 [INFO] The time difference between the client and the server is within range -8.946 ms..-2.830 ms
client 2023-02-12 15:01:17,680 [INFO] Sending command to the server: 'session,2023-02-12_15-01-17,start,ranging'
client 2023-02-12 15:01:45,803 [INFO] Got response: 'OK'
client 2023-02-12 15:01:45,803 [INFO] Running the workload '/home/arjun/CM/repos/octoml@ck/cm-mlops/script/run-mlperf-inference-app/run.out'
client 2023-02-12 15:11:48,307 [INFO] Sending command to the server: 'session,2023-02-12_15-01-17,stop,ranging'
client 2023-02-12 15:11:58,381 [INFO] Got response: 'OK'
client 2023-02-12 15:11:58,406 [INFO] Copying loadgen logs from '/home/arjun/CM/repos/octoml@ck/cm-mlops/script/run-mlperf-inference-app/valid_results/arjun_orin-tflite_cpp-cpu-armnn_tflite-v22.11-default_config/mobilenet-v2-precision_float-1.0-128/singlestream/performance/run_1' to '/home/arjun/CM/repos/octoml@ck/cm-mlops/script/run-mlperf-inference-app/valid_results/arjun_orin-tflite_cpp-cpu-armnn_tflite-v22.11-default_config/mobilenet-v2-precision_float-1.0-128/singlestream/performance/tmp_power/ranging'
client 2023-02-12 15:11:58,408 [INFO] Running workload in testing mode
client 2023-02-12 15:11:58,409 [INFO] Synchronizing with the server and with time.google.com...
client 2023-02-12 15:11:58,426 [INFO] NTP:offset = 0.000 s, delay = 0.013 s 
client 2023-02-12 15:11:58,427 [INFO] Sending command to the server: 'time'
client 2023-02-12 15:11:58,430 [INFO] Got response: '1676214718.4304347'
client 2023-02-12 15:11:58,431 [INFO] The time difference between the client and the server is within range -3.377 ms..0.621 ms
client 2023-02-12 15:11:58,431 [INFO] Sending command to the server: 'session,2023-02-12_15-01-17,start,testing'
client 2023-02-12 15:12:11,823 [INFO] Got response: 'OK'
client 2023-02-12 15:12:11,824 [INFO] Running the workload '/home/arjun/CM/repos/octoml@ck/cm-mlops/script/run-mlperf-inference-app/run.out'
client 2023-02-12 15:22:12,520 [INFO] Sending command to the server: 'session,2023-02-12_15-01-17,stop,testing'
client 2023-02-12 15:22:22,695 [INFO] Got response: 'OK'
client 2023-02-12 15:22:22,700 [INFO] Copying loadgen logs from '/home/arjun/CM/repos/octoml@ck/cm-mlops/script/run-mlperf-inference-app/valid_results/arjun_orin-tflite_cpp-cpu-armnn_tflite-v22.11-default_config/mobilenet-v2-precision_float-1.0-128/singlestream/performance/run_1' to '/home/arjun/CM/repos/octoml@ck/cm-mlops/script/run-mlperf-inference-app/valid_results/arjun_orin-tflite_cpp-cpu-armnn_tflite-v22.11-default_config/mobilenet-v2-precision_float-1.0-128/singlestream/performance/tmp_power/run_1'
client 2023-02-12 15:22:22,702 [INFO] Done runs
