client 2023-03-01 11:31:53,238 [WARNING] Removing loadgen logs directory '/home/firefly/CK/ck-mlperf/program/image-classification-tflite-loadgen/tmp/loadgen_logs'
client 2023-03-01 11:31:53,239 [INFO] Sending command to the server: 'mlcommons/power client v3'
client 2023-03-01 11:31:53,240 [INFO] Got response: 'mlcommons/power server v3'
client 2023-03-01 11:31:53,240 [INFO] Synchronizing with the server and with time.google.com...
client 2023-03-01 11:31:53,309 [INFO] NTP:offset = 0.008 s, delay = 0.015 s 
client 2023-03-01 11:31:53,310 [INFO] Sending command to the server: 'time'
client 2023-03-01 11:31:53,312 [INFO] Got response: '1677670313.320391'
client 2023-03-01 11:31:53,312 [INFO] The time difference between the client and the server is within range -9.979 ms..-7.787 ms
client 2023-03-01 11:31:53,313 [INFO] Sending command to the server: 'new,,3e8f21d6-226b-4ff8-987e-889dcdab4cec'
client 2023-03-01 11:31:53,314 [INFO] Got response: 'OK 2023-03-01_11-31-53,5c53693f-c5a7-4445-976f-809ce3621c85'
client 2023-03-01 11:31:53,315 [INFO] Session id is '2023-03-01_11-31-53'
client 2023-03-01 11:31:53,315 [INFO] Sources: {"sources": {"__init__.py": "da39a3ee5e6b4b0d3255bfef95601890afd80709", "client.py": "33ca4f26368777ac06e01f9567b714a4b8063886", "lib/__init__.py": "da39a3ee5e6b4b0d3255bfef95601890afd80709", "lib/client.py": "4c2b78fb4849a7e5b584ef792d82aaed20b17f57", "lib/common.py": "624d0c0acc7c39aaff3674f0b99d6a09da53d1dc", "lib/external/__init__.py": "da39a3ee5e6b4b0d3255bfef95601890afd80709", "lib/external/ntplib.py": "4da8f970656505a40483206ef2b5d3dd5e81711d", "lib/server.py": "cda0cdfaee9bfa1249c64a7dd4f89b7bf1b279f0", "lib/source_hashes.py": "60a2e02193209e8d392803326208d5466342da18", "lib/summary.py": "aa92f0a3f975eecd44d3c0cd0236342ccc9f941d", "lib/time_sync.py": "3210db56eb0ff0df57bf4293dc4d4b03fffd46f1", "server.py": "c3f90f2f7eeb4db30727556d0c815ebc89b3d28b", "tests/unit/__init__.py": "da39a3ee5e6b4b0d3255bfef95601890afd80709", "tests/unit/test_server.py": "99ae15aef722f2000ee6ed1ae1523637bf1ae42b", "tests/unit/test_source_hashes.py": "00468a2907583c593e6574a1f6b404e4651c221a"}, "modules": {"ptd_client_server.lib.client": "lib/client.py", "ptd_client_server.lib.common": "lib/common.py", "ptd_client_server.lib.external.ntplib": "lib/external/ntplib.py", "ptd_client_server.lib.source_hashes": "lib/source_hashes.py", "ptd_client_server.lib.summary": "lib/summary.py", "ptd_client_server.lib.time_sync": "lib/time_sync.py"}}
client 2023-03-01 11:31:53,316 [INFO] Running workload in ranging mode
client 2023-03-01 11:31:53,317 [INFO] Synchronizing with the server and with time.google.com...
client 2023-03-01 11:31:53,338 [INFO] NTP:offset = 0.008 s, delay = 0.012 s 
client 2023-03-01 11:31:53,338 [INFO] Sending command to the server: 'time'
client 2023-03-01 11:31:53,340 [INFO] Got response: '1677670313.3487363'
client 2023-03-01 11:31:53,341 [INFO] The time difference between the client and the server is within range -9.793 ms..-7.767 ms
client 2023-03-01 11:31:53,341 [INFO] Sending command to the server: 'session,2023-03-01_11-31-53,start,ranging'
client 2023-03-01 11:32:21,443 [INFO] Got response: 'OK'
client 2023-03-01 11:32:21,445 [INFO] Running the workload 'ck benchmark program:image-classification-tflite-loadgen --env.CK_SILENT_MODE=YES --skip_print_timers --dep_add_tags.compiler=gcc,v9 --dep_add_tags.python=v3 --dep_add_tags.mlperf-inference-src=r3.0 --dep_add_tags.weights=mobilenet,v3-small-minimalistic_224_1.0_float --dep_add_tags.images=crop.875,preprocessed,using-opencv --dep_add_tags.library=tflite,v2.11.0,with.ruy --env.CK_LOADGEN_DATASET_SIZE=1024 --env.CK_LOADGEN_MODE=PerformanceOnly --env.CK_LOADGEN_SCENARIO=SingleStream --env.CK_LOADGEN_TARGET_LATENCY=$CK_LOADGEN_TARGET_LATENCY --skip_stat_analysis --process_multi_keys --repetitions=1 --record --record_repo=local --record_uoa=mlperf_v3.0-open-firefly-tflite-v2.11.0-ruy-mobilenet-v3-small-minimalistic_224_1.0_float-singlestream-performance-target_latency.$CK_LOADGEN_TARGET_LATENCY-power.workload --tags=mlperf,round.v3.0,division.open,task.image-classification,platform.firefly,scenario.singlestream,mode.performance,workload.mobilenet-v3-small-minimalistic_224_1.0_float,preprocessed_using.opencv,inference_engine.tflite,inference_engine_version.v2.11.0,inference_engine_backend.ruy,target_latency.$CK_LOADGEN_TARGET_LATENCY,power.workload "@@@{\'meta\': {\'ck_benchmark_program\': \'ck benchmark program:image-classification-tflite-loadgen --env.CK_SILENT_MODE=YES --skip_print_timers --dep_add_tags.compiler=gcc,v9 --dep_add_tags.python=v3 --dep_add_tags.mlperf-inference-src=r3.0 --dep_add_tags.weights=mobilenet,v3-small-minimalistic_224_1.0_float --dep_add_tags.images=crop.875,preprocessed,using-opencv --dep_add_tags.library=tflite,v2.11.0,with.ruy --env.CK_LOADGEN_DATASET_SIZE=1024 --env.CK_LOADGEN_MODE=PerformanceOnly --env.CK_LOADGEN_SCENARIO=SingleStream --env.CK_LOADGEN_TARGET_LATENCY=$CK_LOADGEN_TARGET_LATENCY --skip_stat_analysis --process_multi_keys --repetitions=1 --record --record_repo=local --record_uoa=mlperf_v3.0-open-firefly-tflite-v2.11.0-ruy-mobilenet-v3-small-minimalistic_224_1.0_float-singlestream-performance-target_latency.$CK_LOADGEN_TARGET_LATENCY-power.workload --tags=mlperf,round.v3.0,division.open,task.image-classification,platform.firefly,scenario.singlestream,mode.performance,workload.mobilenet-v3-small-minimalistic_224_1.0_float,preprocessed_using.opencv,inference_engine.tflite,inference_engine_version.v2.11.0,inference_engine_backend.ruy,target_latency.$CK_LOADGEN_TARGET_LATENCY,power.workload\'}}" && cat `ck find program:image-classification-tflite-loadgen`/tmp/mlperf_log_summary.txt && mkdir -p "$CK_MLPERF_POWER_CLIENT_LOADGEN_LOGS" && cp "$CK_MLPERF_POWER_CLIENT_LOADGEN_LOGS"/../mlperf_log_* "$CK_MLPERF_POWER_CLIENT_LOADGEN_LOGS"/'
client 2023-03-01 11:42:45,476 [INFO] Sending command to the server: 'session,2023-03-01_11-31-53,stop,ranging'
client 2023-03-01 11:42:56,091 [INFO] Got response: 'OK'
client 2023-03-01 11:42:56,108 [INFO] Copying loadgen logs from '/home/firefly/CK/ck-mlperf/program/image-classification-tflite-loadgen/tmp/loadgen_logs' to '/home/firefly/CK/ck-mlperf/program/mlperf-power-client/tmp/2023-03-01_11-31-53/ranging'
client 2023-03-01 11:42:56,110 [INFO] Running workload in testing mode
client 2023-03-01 11:42:56,110 [INFO] Synchronizing with the server and with time.google.com...
client 2023-03-01 11:42:56,177 [INFO] NTP:offset = 0.010 s, delay = 0.012 s 
client 2023-03-01 11:42:56,178 [INFO] Sending command to the server: 'time'
client 2023-03-01 11:42:56,180 [INFO] Got response: '1677670976.1906788'
client 2023-03-01 11:42:56,181 [INFO] The time difference between the client and the server is within range -12.232 ms..-9.137 ms
client 2023-03-01 11:42:56,184 [INFO] Sending command to the server: 'session,2023-03-01_11-31-53,start,testing'
client 2023-03-01 11:43:09,455 [INFO] Got response: 'OK'
client 2023-03-01 11:43:09,457 [INFO] Running the workload 'ck benchmark program:image-classification-tflite-loadgen --env.CK_SILENT_MODE=YES --skip_print_timers --dep_add_tags.compiler=gcc,v9 --dep_add_tags.python=v3 --dep_add_tags.mlperf-inference-src=r3.0 --dep_add_tags.weights=mobilenet,v3-small-minimalistic_224_1.0_float --dep_add_tags.images=crop.875,preprocessed,using-opencv --dep_add_tags.library=tflite,v2.11.0,with.ruy --env.CK_LOADGEN_DATASET_SIZE=1024 --env.CK_LOADGEN_MODE=PerformanceOnly --env.CK_LOADGEN_SCENARIO=SingleStream --env.CK_LOADGEN_TARGET_LATENCY=$CK_LOADGEN_TARGET_LATENCY --skip_stat_analysis --process_multi_keys --repetitions=1 --record --record_repo=local --record_uoa=mlperf_v3.0-open-firefly-tflite-v2.11.0-ruy-mobilenet-v3-small-minimalistic_224_1.0_float-singlestream-performance-target_latency.$CK_LOADGEN_TARGET_LATENCY-power.workload --tags=mlperf,round.v3.0,division.open,task.image-classification,platform.firefly,scenario.singlestream,mode.performance,workload.mobilenet-v3-small-minimalistic_224_1.0_float,preprocessed_using.opencv,inference_engine.tflite,inference_engine_version.v2.11.0,inference_engine_backend.ruy,target_latency.$CK_LOADGEN_TARGET_LATENCY,power.workload "@@@{\'meta\': {\'ck_benchmark_program\': \'ck benchmark program:image-classification-tflite-loadgen --env.CK_SILENT_MODE=YES --skip_print_timers --dep_add_tags.compiler=gcc,v9 --dep_add_tags.python=v3 --dep_add_tags.mlperf-inference-src=r3.0 --dep_add_tags.weights=mobilenet,v3-small-minimalistic_224_1.0_float --dep_add_tags.images=crop.875,preprocessed,using-opencv --dep_add_tags.library=tflite,v2.11.0,with.ruy --env.CK_LOADGEN_DATASET_SIZE=1024 --env.CK_LOADGEN_MODE=PerformanceOnly --env.CK_LOADGEN_SCENARIO=SingleStream --env.CK_LOADGEN_TARGET_LATENCY=$CK_LOADGEN_TARGET_LATENCY --skip_stat_analysis --process_multi_keys --repetitions=1 --record --record_repo=local --record_uoa=mlperf_v3.0-open-firefly-tflite-v2.11.0-ruy-mobilenet-v3-small-minimalistic_224_1.0_float-singlestream-performance-target_latency.$CK_LOADGEN_TARGET_LATENCY-power.workload --tags=mlperf,round.v3.0,division.open,task.image-classification,platform.firefly,scenario.singlestream,mode.performance,workload.mobilenet-v3-small-minimalistic_224_1.0_float,preprocessed_using.opencv,inference_engine.tflite,inference_engine_version.v2.11.0,inference_engine_backend.ruy,target_latency.$CK_LOADGEN_TARGET_LATENCY,power.workload\'}}" && cat `ck find program:image-classification-tflite-loadgen`/tmp/mlperf_log_summary.txt && mkdir -p "$CK_MLPERF_POWER_CLIENT_LOADGEN_LOGS" && cp "$CK_MLPERF_POWER_CLIENT_LOADGEN_LOGS"/../mlperf_log_* "$CK_MLPERF_POWER_CLIENT_LOADGEN_LOGS"/'
client 2023-03-01 11:53:33,627 [INFO] Sending command to the server: 'session,2023-03-01_11-31-53,stop,testing'
client 2023-03-01 11:53:43,955 [INFO] Got response: 'OK'
client 2023-03-01 11:53:43,964 [INFO] Copying loadgen logs from '/home/firefly/CK/ck-mlperf/program/image-classification-tflite-loadgen/tmp/loadgen_logs' to '/home/firefly/CK/ck-mlperf/program/mlperf-power-client/tmp/2023-03-01_11-31-53/run_1'
client 2023-03-01 11:53:43,970 [INFO] Done runs
