ptd-server 2023-02-24 22:03:22,808 [INFO] Got command from the client 'time'
ptd-server 2023-02-24 22:03:22,809 [INFO] Sending reply to client '1677276202.8090625'
ptd-server 2023-02-24 22:03:22,815 [INFO] Got command from the client 'new,,c26816af-657f-47de-8743-8b467eac0f21'
ptd-server 2023-02-24 22:03:22,816 [INFO] Sending reply to client 'OK 2023-02-24_22-03-22,fbae0c44-e931-485b-8564-8378bd1e7851'
ptd-server 2023-02-24 22:03:22,848 [INFO] Got command from the client 'time'
ptd-server 2023-02-24 22:03:22,849 [INFO] Sending reply to client '1677276202.848999'
ptd-server 2023-02-24 22:03:22,863 [INFO] Got command from the client 'session,2023-02-24_22-03-22,start,ranging'
ptd-server 2023-02-24 22:03:22,864 [INFO] Running PTDaemon: ['/media/arjun/T7_Touch/hp-envy/CM/repos/local/cache/9b3695ca8255492a/power/inference_v1.0/ptd-linux-x86', '-l', '/tmp/tmpti64566v/ptd_logfile.txt', '-p', '8888', '49', '/dev/usbtmc0']
ptd-server 2023-02-24 22:03:39,960 [INFO] Sending to ptd: 'Hello'
ptd-server 2023-02-24 22:03:39,961 [INFO] Reply from ptd: 'Hello, PTDaemon here!'
ptd-server 2023-02-24 22:03:39,961 [INFO] Sending to ptd: 'Identify'
ptd-server 2023-02-24 22:03:39,962 [INFO] Reply from ptd: 'YokogawaWT310E,1000,1,1,1,1,0,1,1,version=1.10.0-ed9a21d2-20220817,OS=Linux 5.15.0-56-generic #62-Ubuntu SMP Tue Nov 22 19:54:14 UTC 2022 x86_64,mode=power,1,1,1,0,0,no_cal_date,YOKOGAWA;WT310E;C3YD21068E;F1.04'
ptd-server 2023-02-24 22:03:39,963 [INFO] Connected to PTDaemon
ptd-server 2023-02-24 22:03:39,963 [INFO] Sending to ptd: 'RR'
ptd-server 2023-02-24 22:03:39,963 [INFO] Reply from ptd: 'Ranges,0,0.100000,0,600.000000'
ptd-server 2023-02-24 22:03:39,964 [INFO] Initial range for Amps is 0.100000 for Volts is 600.000000
ptd-server 2023-02-24 22:03:39,964 [INFO] Sending to ptd: 'SR,V,Auto'
ptd-server 2023-02-24 22:03:40,467 [INFO] Reply from ptd: 'Range V changed'
ptd-server 2023-02-24 22:03:40,467 [INFO] Sending to ptd: 'SR,A,Auto'
ptd-server 2023-02-24 22:03:40,971 [INFO] Reply from ptd: 'Range A changed'
ptd-server 2023-02-24 22:03:50,982 [INFO] Starting ranging mode
ptd-server 2023-02-24 22:03:50,983 [INFO] Sending to ptd: 'Go,1000,0,2023-02-24_22-03-22_ranging'
ptd-server 2023-02-24 22:03:50,983 [INFO] Reply from ptd: 'Starting untimed measurement, maximum 500000 samples at 1000ms with 0 rampup samples'
ptd-server 2023-02-24 22:03:50,984 [INFO] Sending reply to client 'OK'
ptd-server 2023-02-24 22:14:55,917 [INFO] Got command from the client 'session,2023-02-24_22-03-22,stop,ranging'
ptd-server 2023-02-24 22:15:05,923 [INFO] Sending to ptd: 'Stop'
ptd-server 2023-02-24 22:15:05,924 [INFO] Reply from ptd: 'Stopping untimed measurement'
ptd-server 2023-02-24 22:15:06,049 [INFO] Sending reply to client 'OK'
ptd-server 2023-02-24 22:15:06,110 [INFO] Got command from the client 'time'
ptd-server 2023-02-24 22:15:06,110 [INFO] Sending reply to client '1677276906.110889'
ptd-server 2023-02-24 22:15:06,113 [INFO] Got command from the client 'session,2023-02-24_22-03-22,start,testing'
ptd-server 2023-02-24 22:15:06,114 [INFO] Sending to ptd: 'SR,V,247.150000'
ptd-server 2023-02-24 22:15:07,616 [INFO] Reply from ptd: 'Range V changed'
ptd-server 2023-02-24 22:15:07,617 [INFO] Sending to ptd: 'SR,A,0.171690'
ptd-server 2023-02-24 22:15:09,120 [INFO] Reply from ptd: 'Range A changed'
ptd-server 2023-02-24 22:15:19,130 [INFO] Starting testing mode
ptd-server 2023-02-24 22:15:19,130 [INFO] Sending to ptd: 'Go,1000,0,2023-02-24_22-03-22_testing'
ptd-server 2023-02-24 22:15:19,131 [INFO] Reply from ptd: 'Starting untimed measurement, maximum 500000 samples at 1000ms with 0 rampup samples'
ptd-server 2023-02-24 22:15:19,131 [INFO] Sending reply to client 'OK'
ptd-server 2023-02-24 22:26:19,942 [INFO] Got command from the client 'session,2023-02-24_22-03-22,stop,testing'
ptd-server 2023-02-24 22:26:29,953 [INFO] Sending to ptd: 'Stop'
ptd-server 2023-02-24 22:26:29,954 [INFO] Reply from ptd: 'Stopping untimed measurement'
ptd-server 2023-02-24 22:26:30,017 [INFO] Sending reply to client 'OK'
ptd-server 2023-02-24 22:26:30,035 [INFO] Got command from the client 'session,2023-02-24_22-03-22,done'
ptd-server 2023-02-24 22:26:30,035 [INFO] Sending to ptd: 'Stop'
ptd-server 2023-02-24 22:26:30,132 [INFO] Reply from ptd: 'Error: no measurement to stop'
ptd-server 2023-02-24 22:26:30,132 [INFO] Sending to ptd: 'SR,V,600.000000'
ptd-server 2023-02-24 22:26:31,635 [INFO] Reply from ptd: 'Range V changed'
ptd-server 2023-02-24 22:26:31,635 [INFO] Sending to ptd: 'SR,A,0.100000'
ptd-server 2023-02-24 22:26:33,138 [INFO] Reply from ptd: 'Range A changed'
ptd-server 2023-02-24 22:26:33,139 [INFO] Set initial values for Amps 0.100000 and Volts 600.000000
ptd-server 2023-02-24 22:26:33,139 [INFO] Stopping ptd...
