client 2023-02-12 06:28:00,990 [INFO] Creating output directory '/home/arjun/CM/repos/octoml@ck/cm-mlops/script/run-mlperf-inference-app/valid_results/arjun_orin-tflite_cpp-cpu-armnn_tflite-v22.11-default_config/mobilenet-v1-precision_uint8-0.75-128/singlestream/performance/tmp_power'
client 2023-02-12 06:28:01,030 [INFO] Sending command to the server: 'mlcommons/power client v3'
client 2023-02-12 06:28:01,033 [INFO] Got response: 'mlcommons/power server v3'
client 2023-02-12 06:28:01,034 [INFO] Synchronizing with the server and with time.google.com...
client 2023-02-12 06:28:01,057 [INFO] NTP:offset = 0.000 s, delay = 0.016 s 
client 2023-02-12 06:28:01,058 [INFO] Sending command to the server: 'time'
client 2023-02-12 06:28:01,061 [INFO] Got response: '1676183281.0608075'
client 2023-02-12 06:28:01,061 [INFO] The time difference between the client and the server is within range -2.701 ms..1.140 ms
client 2023-02-12 06:28:01,062 [INFO] Sending command to the server: 'new,,f2d3e210-927a-4739-9ea3-fa5beb2bc7f5'
client 2023-02-12 06:28:01,067 [INFO] Got response: 'OK 2023-02-12_06-28-01,815d0df9-57e4-4583-8e14-93054a177bfb'
client 2023-02-12 06:28:01,067 [INFO] Session id is '2023-02-12_06-28-01'
client 2023-02-12 06:28:01,068 [INFO] Sources: {"sources": {"__init__.py": "da39a3ee5e6b4b0d3255bfef95601890afd80709", "client.py": "33ca4f26368777ac06e01f9567b714a4b8063886", "lib/__init__.py": "da39a3ee5e6b4b0d3255bfef95601890afd80709", "lib/client.py": "4c2b78fb4849a7e5b584ef792d82aaed20b17f57", "lib/common.py": "624d0c0acc7c39aaff3674f0b99d6a09da53d1dc", "lib/external/__init__.py": "da39a3ee5e6b4b0d3255bfef95601890afd80709", "lib/external/ntplib.py": "4da8f970656505a40483206ef2b5d3dd5e81711d", "lib/server.py": "cda0cdfaee9bfa1249c64a7dd4f89b7bf1b279f0", "lib/source_hashes.py": "60a2e02193209e8d392803326208d5466342da18", "lib/summary.py": "aa92f0a3f975eecd44d3c0cd0236342ccc9f941d", "lib/time_sync.py": "3210db56eb0ff0df57bf4293dc4d4b03fffd46f1", "server.py": "c3f90f2f7eeb4db30727556d0c815ebc89b3d28b", "tests/unit/__init__.py": "da39a3ee5e6b4b0d3255bfef95601890afd80709", "tests/unit/test_server.py": "99ae15aef722f2000ee6ed1ae1523637bf1ae42b", "tests/unit/test_source_hashes.py": "00468a2907583c593e6574a1f6b404e4651c221a"}, "modules": {"ptd_client_server.lib.client": "lib/client.py", "ptd_client_server.lib.common": "lib/common.py", "ptd_client_server.lib.external.ntplib": "lib/external/ntplib.py", "ptd_client_server.lib.source_hashes": "lib/source_hashes.py", "ptd_client_server.lib.summary": "lib/summary.py", "ptd_client_server.lib.time_sync": "lib/time_sync.py"}}
client 2023-02-12 06:28:01,068 [INFO] Running workload in ranging mode
client 2023-02-12 06:28:01,068 [INFO] Synchronizing with the server and with time.google.com...
client 2023-02-12 06:28:01,084 [INFO] NTP:offset = -0.000 s, delay = 0.013 s 
client 2023-02-12 06:28:01,084 [INFO] Sending command to the server: 'time'
client 2023-02-12 06:28:01,087 [INFO] Got response: '1676183281.087488'
client 2023-02-12 06:28:01,087 [INFO] The time difference between the client and the server is within range -2.970 ms..0.387 ms
client 2023-02-12 06:28:01,088 [INFO] Sending command to the server: 'session,2023-02-12_06-28-01,start,ranging'
client 2023-02-12 06:28:29,211 [INFO] Got response: 'OK'
client 2023-02-12 06:28:29,212 [INFO] Running the workload '/home/arjun/CM/repos/octoml@ck/cm-mlops/script/run-mlperf-inference-app/run.out'
client 2023-02-12 06:38:30,194 [INFO] Sending command to the server: 'session,2023-02-12_06-28-01,stop,ranging'
client 2023-02-12 06:38:40,236 [INFO] Got response: 'OK'
client 2023-02-12 06:38:40,257 [INFO] Copying loadgen logs from '/home/arjun/CM/repos/octoml@ck/cm-mlops/script/run-mlperf-inference-app/valid_results/arjun_orin-tflite_cpp-cpu-armnn_tflite-v22.11-default_config/mobilenet-v1-precision_uint8-0.75-128/singlestream/performance/run_1' to '/home/arjun/CM/repos/octoml@ck/cm-mlops/script/run-mlperf-inference-app/valid_results/arjun_orin-tflite_cpp-cpu-armnn_tflite-v22.11-default_config/mobilenet-v1-precision_uint8-0.75-128/singlestream/performance/tmp_power/ranging'
client 2023-02-12 06:38:40,259 [INFO] Running workload in testing mode
client 2023-02-12 06:38:40,259 [INFO] Synchronizing with the server and with time.google.com...
client 2023-02-12 06:38:40,277 [INFO] NTP:offset = -0.000 s, delay = 0.014 s 
client 2023-02-12 06:38:40,277 [INFO] Sending command to the server: 'time'
client 2023-02-12 06:38:40,281 [INFO] Got response: '1676183920.2807086'
client 2023-02-12 06:38:40,281 [INFO] The time difference between the client and the server is within range -2.944 ms..0.835 ms
client 2023-02-12 06:38:40,281 [INFO] Sending command to the server: 'session,2023-02-12_06-28-01,start,testing'
client 2023-02-12 06:38:53,299 [INFO] Got response: 'OK'
client 2023-02-12 06:38:53,300 [INFO] Running the workload '/home/arjun/CM/repos/octoml@ck/cm-mlops/script/run-mlperf-inference-app/run.out'
client 2023-02-12 06:48:54,288 [INFO] Sending command to the server: 'session,2023-02-12_06-28-01,stop,testing'
client 2023-02-12 06:49:04,337 [INFO] Got response: 'OK'
client 2023-02-12 06:49:04,341 [INFO] Copying loadgen logs from '/home/arjun/CM/repos/octoml@ck/cm-mlops/script/run-mlperf-inference-app/valid_results/arjun_orin-tflite_cpp-cpu-armnn_tflite-v22.11-default_config/mobilenet-v1-precision_uint8-0.75-128/singlestream/performance/run_1' to '/home/arjun/CM/repos/octoml@ck/cm-mlops/script/run-mlperf-inference-app/valid_results/arjun_orin-tflite_cpp-cpu-armnn_tflite-v22.11-default_config/mobilenet-v1-precision_uint8-0.75-128/singlestream/performance/tmp_power/run_1'
client 2023-02-12 06:49:04,343 [INFO] Done runs
