ptd-server 2023-02-12 06:28:01,060 [INFO] Got command from the client 'time'
ptd-server 2023-02-12 06:28:01,060 [INFO] Sending reply to client '1676183281.0608075'
ptd-server 2023-02-12 06:28:01,066 [INFO] Got command from the client 'new,,f2d3e210-927a-4739-9ea3-fa5beb2bc7f5'
ptd-server 2023-02-12 06:28:01,067 [INFO] Sending reply to client 'OK 2023-02-12_06-28-01,815d0df9-57e4-4583-8e14-93054a177bfb'
ptd-server 2023-02-12 06:28:01,087 [INFO] Got command from the client 'time'
ptd-server 2023-02-12 06:28:01,087 [INFO] Sending reply to client '1676183281.087488'
ptd-server 2023-02-12 06:28:01,090 [INFO] Got command from the client 'session,2023-02-12_06-28-01,start,ranging'
ptd-server 2023-02-12 06:28:01,091 [INFO] Running PTDaemon: ['/media/arjun/T7_Touch/hp-envy/CM/repos/local/cache/9b3695ca8255492a/power/inference_v1.0/ptd-linux-x86', '-l', '/tmp/tmp6_9o2crq/ptd_logfile.txt', '-p', '8888', '49', '/dev/usbtmc0']
ptd-server 2023-02-12 06:28:18,185 [INFO] Sending to ptd: 'Hello'
ptd-server 2023-02-12 06:28:18,186 [INFO] Reply from ptd: 'Hello, PTDaemon here!'
ptd-server 2023-02-12 06:28:18,187 [INFO] Sending to ptd: 'Identify'
ptd-server 2023-02-12 06:28:18,187 [INFO] Reply from ptd: 'YokogawaWT310E,1000,1,1,1,1,0,1,1,version=1.10.0-ed9a21d2-20220817,OS=Linux 5.15.0-56-generic #62-Ubuntu SMP Tue Nov 22 19:54:14 UTC 2022 x86_64,mode=power,1,1,1,0,0,no_cal_date,YOKOGAWA;WT310E;C3YD21068E;F1.04'
ptd-server 2023-02-12 06:28:18,188 [INFO] Connected to PTDaemon
ptd-server 2023-02-12 06:28:18,188 [INFO] Sending to ptd: 'RR'
ptd-server 2023-02-12 06:28:18,189 [INFO] Reply from ptd: 'Ranges,0,0.100000,0,600.000000'
ptd-server 2023-02-12 06:28:18,189 [INFO] Initial range for Amps is 0.100000 for Volts is 600.000000
ptd-server 2023-02-12 06:28:18,189 [INFO] Sending to ptd: 'SR,V,Auto'
ptd-server 2023-02-12 06:28:18,693 [INFO] Reply from ptd: 'Range V changed'
ptd-server 2023-02-12 06:28:18,693 [INFO] Sending to ptd: 'SR,A,Auto'
ptd-server 2023-02-12 06:28:19,197 [INFO] Reply from ptd: 'Range A changed'
ptd-server 2023-02-12 06:28:29,208 [INFO] Starting ranging mode
ptd-server 2023-02-12 06:28:29,208 [INFO] Sending to ptd: 'Go,1000,0,2023-02-12_06-28-01_ranging'
ptd-server 2023-02-12 06:28:29,209 [INFO] Reply from ptd: 'Starting untimed measurement, maximum 500000 samples at 1000ms with 0 rampup samples'
ptd-server 2023-02-12 06:28:29,210 [INFO] Sending reply to client 'OK'
ptd-server 2023-02-12 06:38:30,197 [INFO] Got command from the client 'session,2023-02-12_06-28-01,stop,ranging'
ptd-server 2023-02-12 06:38:40,205 [INFO] Sending to ptd: 'Stop'
ptd-server 2023-02-12 06:38:40,205 [INFO] Reply from ptd: 'Stopping untimed measurement'
ptd-server 2023-02-12 06:38:40,235 [INFO] Sending reply to client 'OK'
ptd-server 2023-02-12 06:38:40,280 [INFO] Got command from the client 'time'
ptd-server 2023-02-12 06:38:40,280 [INFO] Sending reply to client '1676183920.2807086'
ptd-server 2023-02-12 06:38:40,284 [INFO] Got command from the client 'session,2023-02-12_06-28-01,start,testing'
ptd-server 2023-02-12 06:38:40,284 [INFO] Sending to ptd: 'SR,V,247.160000'
ptd-server 2023-02-12 06:38:41,787 [INFO] Reply from ptd: 'Range V changed'
ptd-server 2023-02-12 06:38:41,788 [INFO] Sending to ptd: 'SR,A,0.220460'
ptd-server 2023-02-12 06:38:43,290 [INFO] Reply from ptd: 'Range A changed'
ptd-server 2023-02-12 06:38:53,297 [INFO] Starting testing mode
ptd-server 2023-02-12 06:38:53,297 [INFO] Sending to ptd: 'Go,1000,0,2023-02-12_06-28-01_testing'
ptd-server 2023-02-12 06:38:53,298 [INFO] Reply from ptd: 'Starting untimed measurement, maximum 500000 samples at 1000ms with 0 rampup samples'
ptd-server 2023-02-12 06:38:53,298 [INFO] Sending reply to client 'OK'
ptd-server 2023-02-12 06:48:54,308 [INFO] Got command from the client 'session,2023-02-12_06-28-01,stop,testing'
ptd-server 2023-02-12 06:49:04,319 [INFO] Sending to ptd: 'Stop'
ptd-server 2023-02-12 06:49:04,320 [INFO] Reply from ptd: 'Stopping untimed measurement'
ptd-server 2023-02-12 06:49:04,335 [INFO] Sending reply to client 'OK'
ptd-server 2023-02-12 06:49:04,351 [INFO] Got command from the client 'session,2023-02-12_06-28-01,done'
ptd-server 2023-02-12 06:49:04,351 [INFO] Sending to ptd: 'Stop'
ptd-server 2023-02-12 06:49:05,299 [INFO] Reply from ptd: 'Error: no measurement to stop'
ptd-server 2023-02-12 06:49:05,299 [INFO] Sending to ptd: 'SR,V,600.000000'
ptd-server 2023-02-12 06:49:06,802 [INFO] Reply from ptd: 'Range V changed'
ptd-server 2023-02-12 06:49:06,802 [INFO] Sending to ptd: 'SR,A,0.100000'
ptd-server 2023-02-12 06:49:08,306 [INFO] Reply from ptd: 'Range A changed'
ptd-server 2023-02-12 06:49:08,306 [INFO] Set initial values for Amps 0.100000 and Volts 600.000000
ptd-server 2023-02-12 06:49:08,306 [INFO] Stopping ptd...
