ptd-server 2023-02-23 00:38:54,742 [INFO] Got command from the client 'time'
ptd-server 2023-02-23 00:38:54,743 [INFO] Sending reply to client '1677112734.7430942'
ptd-server 2023-02-23 00:38:54,744 [INFO] Got command from the client 'new,,7dac3f67-34f6-4e74-88a8-cc6fd35e16d1'
ptd-server 2023-02-23 00:38:54,744 [INFO] Sending reply to client 'OK 2023-02-23_00-38-54,99b64e86-7c59-4ccd-a212-323bdf6f9eb4'
ptd-server 2023-02-23 00:38:54,794 [INFO] Got command from the client 'time'
ptd-server 2023-02-23 00:38:54,794 [INFO] Sending reply to client '1677112734.7948031'
ptd-server 2023-02-23 00:38:54,795 [INFO] Got command from the client 'session,2023-02-23_00-38-54,start,ranging'
ptd-server 2023-02-23 00:38:54,795 [INFO] Running PTDaemon: ['/home/anton/projects/mlperf/power/inference_v1.0/ptd-linux-x86', '-l', '/tmp/tmp4yl1neqp/ptd_logfile.txt', '-p', '8888', '49', '/dev/usbtmc0']
ptd-server 2023-02-23 00:39:11,862 [INFO] Sending to ptd: 'Hello'
ptd-server 2023-02-23 00:39:11,863 [INFO] Reply from ptd: 'Hello, PTDaemon here!'
ptd-server 2023-02-23 00:39:11,863 [INFO] Sending to ptd: 'Identify'
ptd-server 2023-02-23 00:39:11,863 [INFO] Reply from ptd: 'YokogawaWT310E,1000,1,1,1,1,0,1,1,version=1.10.0-ed9a21d2-20220817,OS=Linux 5.15.0-60-generic #66~20.04.1-Ubuntu SMP Wed Jan 25 09:41:30 UTC 2023 x86_64,mode=power,1,1,1,0,0,no_cal_date,YOKOGAWA;WT310E;C3XA04010E;F1.04'
ptd-server 2023-02-23 00:39:11,863 [INFO] Connected to PTDaemon
ptd-server 2023-02-23 00:39:11,863 [INFO] Sending to ptd: 'RR'
ptd-server 2023-02-23 00:39:11,864 [INFO] Reply from ptd: 'Ranges,1,0.100000,1,300.000000'
ptd-server 2023-02-23 00:39:11,864 [INFO] Initial range for Amps is Auto for Volts is Auto
ptd-server 2023-02-23 00:39:11,864 [INFO] Sending to ptd: 'SR,V,Auto'
ptd-server 2023-02-23 00:39:12,366 [INFO] Reply from ptd: 'Range V changed'
ptd-server 2023-02-23 00:39:12,367 [INFO] Sending to ptd: 'SR,A,Auto'
ptd-server 2023-02-23 00:39:12,869 [INFO] Reply from ptd: 'Range A changed'
ptd-server 2023-02-23 00:39:22,879 [INFO] Starting ranging mode
ptd-server 2023-02-23 00:39:22,880 [INFO] Sending to ptd: 'Go,1000,0,2023-02-23_00-38-54_ranging'
ptd-server 2023-02-23 00:39:22,880 [INFO] Reply from ptd: 'Starting untimed measurement, maximum 500000 samples at 1000ms with 0 rampup samples'
ptd-server 2023-02-23 00:39:22,880 [INFO] Sending reply to client 'OK'
ptd-server 2023-02-23 00:49:41,736 [INFO] Got command from the client 'session,2023-02-23_00-38-54,stop,ranging'
ptd-server 2023-02-23 00:49:51,746 [INFO] Sending to ptd: 'Stop'
ptd-server 2023-02-23 00:49:51,746 [INFO] Reply from ptd: 'Stopping untimed measurement'
ptd-server 2023-02-23 00:49:52,244 [INFO] Sending reply to client 'OK'
ptd-server 2023-02-23 00:49:52,277 [INFO] Got command from the client 'time'
ptd-server 2023-02-23 00:49:52,277 [INFO] Sending reply to client '1677113392.2774587'
ptd-server 2023-02-23 00:49:52,278 [INFO] Got command from the client 'session,2023-02-23_00-38-54,start,testing'
ptd-server 2023-02-23 00:49:52,278 [INFO] Sending to ptd: 'SR,V,249.830000'
ptd-server 2023-02-23 00:49:53,779 [INFO] Reply from ptd: 'Range V changed'
ptd-server 2023-02-23 00:49:53,779 [INFO] Sending to ptd: 'SR,A,0.048760'
ptd-server 2023-02-23 00:49:55,281 [INFO] Reply from ptd: 'Range A changed'
ptd-server 2023-02-23 00:50:05,291 [INFO] Starting testing mode
ptd-server 2023-02-23 00:50:05,291 [INFO] Sending to ptd: 'Go,1000,0,2023-02-23_00-38-54_testing'
ptd-server 2023-02-23 00:50:05,292 [INFO] Reply from ptd: 'Starting untimed measurement, maximum 500000 samples at 1000ms with 0 rampup samples'
ptd-server 2023-02-23 00:50:05,292 [INFO] Sending reply to client 'OK'
ptd-server 2023-02-23 01:00:23,900 [INFO] Got command from the client 'session,2023-02-23_00-38-54,stop,testing'
ptd-server 2023-02-23 01:00:33,911 [INFO] Sending to ptd: 'Stop'
ptd-server 2023-02-23 01:00:33,911 [INFO] Reply from ptd: 'Stopping untimed measurement'
ptd-server 2023-02-23 01:00:34,157 [INFO] Sending reply to client 'OK'
ptd-server 2023-02-23 01:00:34,165 [INFO] Got command from the client 'session,2023-02-23_00-38-54,done'
ptd-server 2023-02-23 01:00:34,165 [INFO] Sending to ptd: 'Stop'
ptd-server 2023-02-23 01:00:34,292 [INFO] Reply from ptd: 'Error: no measurement to stop'
ptd-server 2023-02-23 01:00:34,293 [INFO] Sending to ptd: 'SR,V,Auto'
ptd-server 2023-02-23 01:00:34,795 [INFO] Reply from ptd: 'Range V changed'
ptd-server 2023-02-23 01:00:34,795 [INFO] Sending to ptd: 'SR,A,Auto'
ptd-server 2023-02-23 01:00:35,298 [INFO] Reply from ptd: 'Range A changed'
ptd-server 2023-02-23 01:00:35,298 [INFO] Set initial values for Amps Auto and Volts Auto
ptd-server 2023-02-23 01:00:35,298 [INFO] Stopping ptd...
