client 2023-02-21 16:02:38,647 [WARNING] Removing loadgen logs directory '/home/khadas/CK/ck-mlperf/program/image-classification-armnn-tflite-loadgen/tmp/loadgen_logs'
client 2023-02-21 16:02:38,648 [INFO] Sending command to the server: 'mlcommons/power client v3'
client 2023-02-21 16:02:38,649 [INFO] Got response: 'mlcommons/power server v3'
client 2023-02-21 16:02:38,649 [INFO] Synchronizing with the server and with time.google.com...
client 2023-02-21 16:02:38,674 [INFO] NTP:offset = -0.001 s, delay = 0.013 s 
client 2023-02-21 16:02:38,675 [INFO] Sending command to the server: 'time'
client 2023-02-21 16:02:38,675 [INFO] Got response: '1676995358.6752534'
client 2023-02-21 16:02:38,676 [INFO] The time difference between the client and the server is within range -0.245 ms..0.743 ms
client 2023-02-21 16:02:38,676 [INFO] Sending command to the server: 'new,,aace5d3b-98fc-4a9b-afb5-3bc1c91e9a00'
client 2023-02-21 16:02:38,677 [INFO] Got response: 'OK 2023-02-21_16-02-38,82f401af-471a-49a1-9755-3bf914f0dc91'
client 2023-02-21 16:02:38,677 [INFO] Session id is '2023-02-21_16-02-38'
client 2023-02-21 16:02:38,677 [INFO] Sources: {"sources": {"__init__.py": "da39a3ee5e6b4b0d3255bfef95601890afd80709", "client.py": "33ca4f26368777ac06e01f9567b714a4b8063886", "lib/__init__.py": "da39a3ee5e6b4b0d3255bfef95601890afd80709", "lib/client.py": "4c2b78fb4849a7e5b584ef792d82aaed20b17f57", "lib/common.py": "624d0c0acc7c39aaff3674f0b99d6a09da53d1dc", "lib/external/__init__.py": "da39a3ee5e6b4b0d3255bfef95601890afd80709", "lib/external/ntplib.py": "4da8f970656505a40483206ef2b5d3dd5e81711d", "lib/server.py": "cda0cdfaee9bfa1249c64a7dd4f89b7bf1b279f0", "lib/source_hashes.py": "60a2e02193209e8d392803326208d5466342da18", "lib/summary.py": "aa92f0a3f975eecd44d3c0cd0236342ccc9f941d", "lib/time_sync.py": "3210db56eb0ff0df57bf4293dc4d4b03fffd46f1", "server.py": "c3f90f2f7eeb4db30727556d0c815ebc89b3d28b", "tests/unit/__init__.py": "da39a3ee5e6b4b0d3255bfef95601890afd80709", "tests/unit/test_server.py": "99ae15aef722f2000ee6ed1ae1523637bf1ae42b", "tests/unit/test_source_hashes.py": "00468a2907583c593e6574a1f6b404e4651c221a"}, "modules": {"ptd_client_server.lib.client": "lib/client.py", "ptd_client_server.lib.common": "lib/common.py", "ptd_client_server.lib.external.ntplib": "lib/external/ntplib.py", "ptd_client_server.lib.source_hashes": "lib/source_hashes.py", "ptd_client_server.lib.summary": "lib/summary.py", "ptd_client_server.lib.time_sync": "lib/time_sync.py"}}
client 2023-02-21 16:02:38,678 [INFO] Running workload in ranging mode
client 2023-02-21 16:02:38,678 [INFO] Synchronizing with the server and with time.google.com...
client 2023-02-21 16:02:38,699 [INFO] NTP:offset = -0.000 s, delay = 0.015 s 
client 2023-02-21 16:02:38,700 [INFO] Sending command to the server: 'time'
client 2023-02-21 16:02:38,700 [INFO] Got response: '1676995358.7003732'
client 2023-02-21 16:02:38,701 [INFO] The time difference between the client and the server is within range -0.217 ms..0.732 ms
client 2023-02-21 16:02:38,701 [INFO] Sending command to the server: 'session,2023-02-21_16-02-38,start,ranging'
client 2023-02-21 16:03:06,794 [INFO] Got response: 'OK'
client 2023-02-21 16:03:06,794 [INFO] Running the workload 'ck benchmark program:image-classification-armnn-tflite-loadgen --env.CK_SILENT_MODE=YES --skip_print_timers --dep_add_tags.compiler=gcc,v11 --dep_add_tags.python=v3 --dep_add_tags.mlperf-inference-src=r3.0 --dep_add_tags.weights=mobilenet,v3-small_224_1.0_uint8 --dep_add_tags.images=crop.875,preprocessed,using-opencv --dep_add_tags.library=armnn,rel.22.11,opencl --env.CK_LOADGEN_DATASET_SIZE=1024 --env.CK_LOADGEN_MODE=PerformanceOnly --env.CK_LOADGEN_SCENARIO=SingleStream --env.USE_NEON=0 --env.USE_OPENCL=1 --env.CK_LOADGEN_TARGET_LATENCY=$CK_LOADGEN_TARGET_LATENCY --skip_stat_analysis --process_multi_keys --repetitions=1 --record --record_repo=local --record_uoa=mlperf_v3.0-open-vim4-armnn-v22.11-opencl-mobilenet-v3-small_224_1.0_uint8-singlestream-performance-target_latency.$CK_LOADGEN_TARGET_LATENCY-power.workload --tags=mlperf,round.v3.0,division.open,task.image-classification,platform.vim4,scenario.singlestream,mode.performance,workload.mobilenet-v3-small_224_1.0_uint8,preprocessed_using.opencv,inference_engine.armnn,inference_engine_version.v22.11,inference_engine_backend.opencl,target_latency.$CK_LOADGEN_TARGET_LATENCY,power.workload "@@@{\'meta\': {\'ck_benchmark_program\': \'ck benchmark program:image-classification-armnn-tflite-loadgen --env.CK_SILENT_MODE=YES --skip_print_timers --dep_add_tags.compiler=gcc,v11 --dep_add_tags.python=v3 --dep_add_tags.mlperf-inference-src=r3.0 --dep_add_tags.weights=mobilenet,v3-small_224_1.0_uint8 --dep_add_tags.images=crop.875,preprocessed,using-opencv --dep_add_tags.library=armnn,rel.22.11,opencl --env.CK_LOADGEN_DATASET_SIZE=1024 --env.CK_LOADGEN_MODE=PerformanceOnly --env.CK_LOADGEN_SCENARIO=SingleStream --env.USE_NEON=0 --env.USE_OPENCL=1 --env.CK_LOADGEN_TARGET_LATENCY=$CK_LOADGEN_TARGET_LATENCY --skip_stat_analysis --process_multi_keys --repetitions=1 --record --record_repo=local --record_uoa=mlperf_v3.0-open-vim4-armnn-v22.11-opencl-mobilenet-v3-small_224_1.0_uint8-singlestream-performance-target_latency.$CK_LOADGEN_TARGET_LATENCY-power.workload --tags=mlperf,round.v3.0,division.open,task.image-classification,platform.vim4,scenario.singlestream,mode.performance,workload.mobilenet-v3-small_224_1.0_uint8,preprocessed_using.opencv,inference_engine.armnn,inference_engine_version.v22.11,inference_engine_backend.opencl,target_latency.$CK_LOADGEN_TARGET_LATENCY,power.workload\'}}" && cat `ck find program:image-classification-armnn-tflite-loadgen`/tmp/mlperf_log_summary.txt && mkdir -p "$CK_MLPERF_POWER_CLIENT_LOADGEN_LOGS" && cp "$CK_MLPERF_POWER_CLIENT_LOADGEN_LOGS"/../mlperf_log_* "$CK_MLPERF_POWER_CLIENT_LOADGEN_LOGS"/'
client 2023-02-21 16:13:43,888 [INFO] Sending command to the server: 'session,2023-02-21_16-02-38,stop,ranging'
client 2023-02-21 16:13:54,228 [INFO] Got response: 'OK'
client 2023-02-21 16:13:54,237 [INFO] Copying loadgen logs from '/home/khadas/CK/ck-mlperf/program/image-classification-armnn-tflite-loadgen/tmp/loadgen_logs' to '/home/khadas/CK/ck-mlperf/program/mlperf-power-client/tmp/2023-02-21_16-02-38/ranging'
client 2023-02-21 16:13:54,238 [INFO] Running workload in testing mode
client 2023-02-21 16:13:54,239 [INFO] Synchronizing with the server and with time.google.com...
client 2023-02-21 16:13:54,258 [INFO] NTP:offset = -0.002 s, delay = 0.013 s 
client 2023-02-21 16:13:54,258 [INFO] Sending command to the server: 'time'
client 2023-02-21 16:13:54,259 [INFO] Got response: '1676996034.2588172'
client 2023-02-21 16:13:54,259 [INFO] The time difference between the client and the server is within range 0.056 ms..0.898 ms
client 2023-02-21 16:13:54,259 [INFO] Sending command to the server: 'session,2023-02-21_16-02-38,start,testing'
client 2023-02-21 16:14:07,808 [INFO] Got response: 'OK'
client 2023-02-21 16:14:07,808 [INFO] Running the workload 'ck benchmark program:image-classification-armnn-tflite-loadgen --env.CK_SILENT_MODE=YES --skip_print_timers --dep_add_tags.compiler=gcc,v11 --dep_add_tags.python=v3 --dep_add_tags.mlperf-inference-src=r3.0 --dep_add_tags.weights=mobilenet,v3-small_224_1.0_uint8 --dep_add_tags.images=crop.875,preprocessed,using-opencv --dep_add_tags.library=armnn,rel.22.11,opencl --env.CK_LOADGEN_DATASET_SIZE=1024 --env.CK_LOADGEN_MODE=PerformanceOnly --env.CK_LOADGEN_SCENARIO=SingleStream --env.USE_NEON=0 --env.USE_OPENCL=1 --env.CK_LOADGEN_TARGET_LATENCY=$CK_LOADGEN_TARGET_LATENCY --skip_stat_analysis --process_multi_keys --repetitions=1 --record --record_repo=local --record_uoa=mlperf_v3.0-open-vim4-armnn-v22.11-opencl-mobilenet-v3-small_224_1.0_uint8-singlestream-performance-target_latency.$CK_LOADGEN_TARGET_LATENCY-power.workload --tags=mlperf,round.v3.0,division.open,task.image-classification,platform.vim4,scenario.singlestream,mode.performance,workload.mobilenet-v3-small_224_1.0_uint8,preprocessed_using.opencv,inference_engine.armnn,inference_engine_version.v22.11,inference_engine_backend.opencl,target_latency.$CK_LOADGEN_TARGET_LATENCY,power.workload "@@@{\'meta\': {\'ck_benchmark_program\': \'ck benchmark program:image-classification-armnn-tflite-loadgen --env.CK_SILENT_MODE=YES --skip_print_timers --dep_add_tags.compiler=gcc,v11 --dep_add_tags.python=v3 --dep_add_tags.mlperf-inference-src=r3.0 --dep_add_tags.weights=mobilenet,v3-small_224_1.0_uint8 --dep_add_tags.images=crop.875,preprocessed,using-opencv --dep_add_tags.library=armnn,rel.22.11,opencl --env.CK_LOADGEN_DATASET_SIZE=1024 --env.CK_LOADGEN_MODE=PerformanceOnly --env.CK_LOADGEN_SCENARIO=SingleStream --env.USE_NEON=0 --env.USE_OPENCL=1 --env.CK_LOADGEN_TARGET_LATENCY=$CK_LOADGEN_TARGET_LATENCY --skip_stat_analysis --process_multi_keys --repetitions=1 --record --record_repo=local --record_uoa=mlperf_v3.0-open-vim4-armnn-v22.11-opencl-mobilenet-v3-small_224_1.0_uint8-singlestream-performance-target_latency.$CK_LOADGEN_TARGET_LATENCY-power.workload --tags=mlperf,round.v3.0,division.open,task.image-classification,platform.vim4,scenario.singlestream,mode.performance,workload.mobilenet-v3-small_224_1.0_uint8,preprocessed_using.opencv,inference_engine.armnn,inference_engine_version.v22.11,inference_engine_backend.opencl,target_latency.$CK_LOADGEN_TARGET_LATENCY,power.workload\'}}" && cat `ck find program:image-classification-armnn-tflite-loadgen`/tmp/mlperf_log_summary.txt && mkdir -p "$CK_MLPERF_POWER_CLIENT_LOADGEN_LOGS" && cp "$CK_MLPERF_POWER_CLIENT_LOADGEN_LOGS"/../mlperf_log_* "$CK_MLPERF_POWER_CLIENT_LOADGEN_LOGS"/'
client 2023-02-21 16:24:44,971 [INFO] Sending command to the server: 'session,2023-02-21_16-02-38,stop,testing'
client 2023-02-21 16:24:55,157 [INFO] Got response: 'OK'
client 2023-02-21 16:24:55,159 [INFO] Copying loadgen logs from '/home/khadas/CK/ck-mlperf/program/image-classification-armnn-tflite-loadgen/tmp/loadgen_logs' to '/home/khadas/CK/ck-mlperf/program/mlperf-power-client/tmp/2023-02-21_16-02-38/run_1'
client 2023-02-21 16:24:55,160 [INFO] Done runs
